_________________________________________________________________
Layer (type)                 Output Shape              Param #   
=================================================================
embedding_1 (Embedding)      (None, None, 128)         2688      
_________________________________________________________________
lstm_1 (LSTM)                (None, None, 64)          49408     
_________________________________________________________________
lstm_2 (LSTM)                (None, None, 64)          33024     
_________________________________________________________________
lstm_3 (LSTM)                (None, 64)                33024     
_________________________________________________________________
dense_1 (Dense)              (None, 16)                1040      
_________________________________________________________________
dense_2 (Dense)              (None, 1)                 17        
=================================================================
Total params: 119,201
Trainable params: 119,201
Non-trainable params: 0
_________________________________________________________________
Train on 1424 samples, validate on 708 samples
Epoch 1/1

  32/1424 [..............................] - ETA: 2:16 - loss: 0.6934 - acc: 0.5000
  64/1424 [>.............................] - ETA: 1:08 - loss: 0.6933 - acc: 0.4219
  96/1424 [=>............................] - ETA: 45s - loss: 0.6933 - acc: 0.4896 
 128/1424 [=>............................] - ETA: 33s - loss: 0.6933 - acc: 0.4844
 192/1424 [===>..........................] - ETA: 21s - loss: 0.6929 - acc: 0.5260
 256/1424 [====>.........................] - ETA: 15s - loss: 0.6927 - acc: 0.5312
 320/1424 [=====>........................] - ETA: 12s - loss: 0.6932 - acc: 0.5094
 384/1424 [=======>......................] - ETA: 9s - loss: 0.6933 - acc: 0.5000 
 448/1424 [========>.....................] - ETA: 7s - loss: 0.6933 - acc: 0.5000
 512/1424 [=========>....................] - ETA: 6s - loss: 0.6933 - acc: 0.5020
 576/1424 [===========>..................] - ETA: 5s - loss: 0.6933 - acc: 0.4983
 640/1424 [============>.................] - ETA: 4s - loss: 0.6932 - acc: 0.5031
 704/1424 [=============>................] - ETA: 4s - loss: 0.6932 - acc: 0.5014
 768/1424 [===============>..............] - ETA: 3s - loss: 0.6933 - acc: 0.5000
 832/1424 [================>.............] - ETA: 2s - loss: 0.6932 - acc: 0.4988
 896/1424 [=================>............] - ETA: 2s - loss: 0.6932 - acc: 0.5000
 960/1424 [===================>..........] - ETA: 2s - loss: 0.6932 - acc: 0.4969
1024/1424 [====================>.........] - ETA: 1s - loss: 0.6932 - acc: 0.4951
1088/1424 [=====================>........] - ETA: 1s - loss: 0.6932 - acc: 0.4908
1152/1424 [=======================>......] - ETA: 1s - loss: 0.6931 - acc: 0.4939
1216/1424 [========================>.....] - ETA: 0s - loss: 0.6930 - acc: 0.4942
1280/1424 [=========================>....] - ETA: 0s - loss: 0.6929 - acc: 0.4922
1344/1424 [===========================>..] - ETA: 0s - loss: 0.6929 - acc: 0.4874
1408/1424 [============================>.] - ETA: 0s - loss: 0.6926 - acc: 0.4936
1424/1424 [==============================] - 7s 5ms/step - loss: 0.6925 - acc: 0.4937 - val_loss: 0.6778 - val_acc: 0.5000
Train on 1424 samples, validate on 708 samples
Epoch 1/1

  32/1424 [..............................] - ETA: 2s - loss: 0.6921 - acc: 0.4688
  96/1424 [=>............................] - ETA: 1s - loss: 0.6804 - acc: 0.5521
 160/1424 [==>...........................] - ETA: 1s - loss: 0.6783 - acc: 0.5563
 224/1424 [===>..........................] - ETA: 1s - loss: 0.6769 - acc: 0.5402
 288/1424 [=====>........................] - ETA: 1s - loss: 0.6693 - acc: 0.5417
 352/1424 [======>.......................] - ETA: 1s - loss: 0.6675 - acc: 0.5369
 416/1424 [=======>......................] - ETA: 1s - loss: 0.6659 - acc: 0.5240
 480/1424 [=========>....................] - ETA: 0s - loss: 0.6653 - acc: 0.5333
 544/1424 [==========>...................] - ETA: 0s - loss: 0.6594 - acc: 0.5515
 608/1424 [===========>..................] - ETA: 0s - loss: 0.6595 - acc: 0.5609
 672/1424 [=============>................] - ETA: 0s - loss: 0.6578 - acc: 0.5699
 736/1424 [==============>...............] - ETA: 0s - loss: 0.6577 - acc: 0.5829
 800/1424 [===============>..............] - ETA: 0s - loss: 0.6555 - acc: 0.5988
 864/1424 [=================>............] - ETA: 0s - loss: 0.6499 - acc: 0.6134
 928/1424 [==================>...........] - ETA: 0s - loss: 0.6507 - acc: 0.6185
 992/1424 [===================>..........] - ETA: 0s - loss: 0.6440 - acc: 0.6260
1056/1424 [=====================>........] - ETA: 0s - loss: 0.6445 - acc: 0.6316
1120/1424 [======================>.......] - ETA: 0s - loss: 0.6614 - acc: 0.6393
1184/1424 [=======================>......] - ETA: 0s - loss: 0.6586 - acc: 0.6461
1248/1424 [=========================>....] - ETA: 0s - loss: 0.6555 - acc: 0.6522
1312/1424 [==========================>...] - ETA: 0s - loss: 0.6523 - acc: 0.6517
1376/1424 [===========================>..] - ETA: 0s - loss: 0.6510 - acc: 0.6562
1424/1424 [==============================] - 4s 3ms/step - loss: 0.6516 - acc: 0.6587 - val_loss: 8.0590 - val_acc: 0.5000
Train on 1424 samples, validate on 708 samples
Epoch 1/1

  32/1424 [..............................] - ETA: 1s - loss: 0.6633 - acc: 0.7500
  96/1424 [=>............................] - ETA: 1s - loss: 0.6094 - acc: 0.8229
 160/1424 [==>...........................] - ETA: 1s - loss: 0.6565 - acc: 0.7500
 224/1424 [===>..........................] - ETA: 1s - loss: 0.6598 - acc: 0.7500
 288/1424 [=====>........................] - ETA: 1s - loss: 0.6519 - acc: 0.7465
 352/1424 [======>.......................] - ETA: 1s - loss: 0.6393 - acc: 0.7614
 416/1424 [=======>......................] - ETA: 0s - loss: 0.6390 - acc: 0.7476
 480/1424 [=========>....................] - ETA: 0s - loss: 0.6337 - acc: 0.7375
 544/1424 [==========>...................] - ETA: 0s - loss: 0.6444 - acc: 0.7316
 608/1424 [===========>..................] - ETA: 0s - loss: 0.6398 - acc: 0.7319
 672/1424 [=============>................] - ETA: 0s - loss: 0.6390 - acc: 0.7262
 736/1424 [==============>...............] - ETA: 0s - loss: 0.6370 - acc: 0.7188
 800/1424 [===============>..............] - ETA: 0s - loss: 0.6332 - acc: 0.7188
 864/1424 [=================>............] - ETA: 0s - loss: 0.6311 - acc: 0.7211
 928/1424 [==================>...........] - ETA: 0s - loss: 0.6340 - acc: 0.7101
 992/1424 [===================>..........] - ETA: 0s - loss: 0.6335 - acc: 0.7087
1056/1424 [=====================>........] - ETA: 0s - loss: 0.6332 - acc: 0.7083
1120/1424 [======================>.......] - ETA: 0s - loss: 0.6326 - acc: 0.7089
1184/1424 [=======================>......] - ETA: 0s - loss: 0.6319 - acc: 0.7128
1248/1424 [=========================>....] - ETA: 0s - loss: 0.6373 - acc: 0.7115
1312/1424 [==========================>...] - ETA: 0s - loss: 0.6370 - acc: 0.7142
1376/1424 [===========================>..] - ETA: 0s - loss: 0.6362 - acc: 0.7144
1424/1424 [==============================] - 4s 3ms/step - loss: 0.6353 - acc: 0.7135 - val_loss: 0.7395 - val_acc: 0.7782
Train on 1424 samples, validate on 708 samples
Epoch 1/1

  32/1424 [..............................] - ETA: 1s - loss: 0.6402 - acc: 0.7812
  96/1424 [=>............................] - ETA: 1s - loss: 0.5822 - acc: 0.8125
 160/1424 [==>...........................] - ETA: 1s - loss: 0.5868 - acc: 0.7937
 224/1424 [===>..........................] - ETA: 1s - loss: 0.5899 - acc: 0.7946
 288/1424 [=====>........................] - ETA: 1s - loss: 0.6242 - acc: 0.7604
 352/1424 [======>.......................] - ETA: 1s - loss: 0.6381 - acc: 0.7443
 416/1424 [=======>......................] - ETA: 0s - loss: 0.6318 - acc: 0.7404
 480/1424 [=========>....................] - ETA: 0s - loss: 0.6240 - acc: 0.7458
 544/1424 [==========>...................] - ETA: 0s - loss: 0.6204 - acc: 0.7518
 608/1424 [===========>..................] - ETA: 0s - loss: 0.6151 - acc: 0.7516
 672/1424 [=============>................] - ETA: 0s - loss: 0.6115 - acc: 0.7515
 736/1424 [==============>...............] - ETA: 0s - loss: 0.6136 - acc: 0.7459
 800/1424 [===============>..............] - ETA: 0s - loss: 0.6131 - acc: 0.7412
 864/1424 [=================>............] - ETA: 0s - loss: 0.6179 - acc: 0.7361
 928/1424 [==================>...........] - ETA: 0s - loss: 0.6232 - acc: 0.7360
 992/1424 [===================>..........] - ETA: 0s - loss: 0.6213 - acc: 0.7369
1056/1424 [=====================>........] - ETA: 0s - loss: 0.6302 - acc: 0.7301
1120/1424 [======================>.......] - ETA: 0s - loss: 0.6323 - acc: 0.7268
1184/1424 [=======================>......] - ETA: 0s - loss: 0.6330 - acc: 0.7264
1248/1424 [=========================>....] - ETA: 0s - loss: 0.6329 - acc: 0.7244
1312/1424 [==========================>...] - ETA: 0s - loss: 0.6326 - acc: 0.7233
1376/1424 [===========================>..] - ETA: 0s - loss: 0.6337 - acc: 0.7246
1424/1424 [==============================] - 4s 3ms/step - loss: 0.6336 - acc: 0.7240 - val_loss: 1.0622 - val_acc: 0.8121
Train on 1424 samples, validate on 708 samples
Epoch 1/1

  32/1424 [..............................] - ETA: 1s - loss: 0.5710 - acc: 0.7500
  96/1424 [=>............................] - ETA: 1s - loss: 0.5953 - acc: 0.7604
 160/1424 [==>...........................] - ETA: 1s - loss: 0.5963 - acc: 0.7812
 224/1424 [===>..........................] - ETA: 1s - loss: 0.6498 - acc: 0.7679
 288/1424 [=====>........................] - ETA: 1s - loss: 0.6482 - acc: 0.7396
 352/1424 [======>.......................] - ETA: 1s - loss: 0.6489 - acc: 0.7188
 416/1424 [=======>......................] - ETA: 0s - loss: 0.6350 - acc: 0.7163
 480/1424 [=========>....................] - ETA: 0s - loss: 0.6231 - acc: 0.7208
 544/1424 [==========>...................] - ETA: 0s - loss: 0.6226 - acc: 0.7206
 608/1424 [===========>..................] - ETA: 0s - loss: 0.6156 - acc: 0.7188
 672/1424 [=============>................] - ETA: 0s - loss: 0.6269 - acc: 0.7232
 736/1424 [==============>...............] - ETA: 0s - loss: 0.6205 - acc: 0.7242
 800/1424 [===============>..............] - ETA: 0s - loss: 0.6158 - acc: 0.7250
 864/1424 [=================>............] - ETA: 0s - loss: 0.6109 - acc: 0.7257
 928/1424 [==================>...........] - ETA: 0s - loss: 0.6071 - acc: 0.7252
 992/1424 [===================>..........] - ETA: 0s - loss: 0.6080 - acc: 0.7218
1056/1424 [=====================>........] - ETA: 0s - loss: 0.6030 - acc: 0.7254
1120/1424 [======================>.......] - ETA: 0s - loss: 0.6019 - acc: 0.7277
1184/1424 [=======================>......] - ETA: 0s - loss: 0.5988 - acc: 0.7323
1248/1424 [=========================>....] - ETA: 0s - loss: 0.5966 - acc: 0.7316
1312/1424 [==========================>...] - ETA: 0s - loss: 0.5906 - acc: 0.7386
1376/1424 [===========================>..] - ETA: 0s - loss: 0.5865 - acc: 0.7398
1424/1424 [==============================] - 4s 3ms/step - loss: 0.5855 - acc: 0.7402 - val_loss: 4.4021 - val_acc: 0.6342
Train on 1424 samples, validate on 708 samples
Epoch 1/1

  32/1424 [..............................] - ETA: 1s - loss: 0.5852 - acc: 0.7500
  96/1424 [=>............................] - ETA: 1s - loss: 0.6150 - acc: 0.7396
 160/1424 [==>...........................] - ETA: 1s - loss: 0.5836 - acc: 0.7500
 224/1424 [===>..........................] - ETA: 1s - loss: 0.6422 - acc: 0.7500
 288/1424 [=====>........................] - ETA: 1s - loss: 0.6613 - acc: 0.7465
 352/1424 [======>.......................] - ETA: 1s - loss: 0.6849 - acc: 0.7500
 416/1424 [=======>......................] - ETA: 0s - loss: 0.6712 - acc: 0.7476
 480/1424 [=========>....................] - ETA: 0s - loss: 0.6660 - acc: 0.7417
 544/1424 [==========>...................] - ETA: 0s - loss: 0.6577 - acc: 0.7426
 608/1424 [===========>..................] - ETA: 0s - loss: 0.6425 - acc: 0.7516
 672/1424 [=============>................] - ETA: 0s - loss: 0.6339 - acc: 0.7530
 736/1424 [==============>...............] - ETA: 0s - loss: 0.6294 - acc: 0.7486
 800/1424 [===============>..............] - ETA: 0s - loss: 0.6272 - acc: 0.7425
 864/1424 [=================>............] - ETA: 0s - loss: 0.6255 - acc: 0.7442
 928/1424 [==================>...........] - ETA: 0s - loss: 0.6198 - acc: 0.7435
 992/1424 [===================>..........] - ETA: 0s - loss: 0.6185 - acc: 0.7409
1056/1424 [=====================>........] - ETA: 0s - loss: 0.6141 - acc: 0.7405
1120/1424 [======================>.......] - ETA: 0s - loss: 0.6100 - acc: 0.7402
1184/1424 [=======================>......] - ETA: 0s - loss: 0.6089 - acc: 0.7407
1248/1424 [=========================>....] - ETA: 0s - loss: 0.6038 - acc: 0.7444
1312/1424 [==========================>...] - ETA: 0s - loss: 0.6039 - acc: 0.7447
1376/1424 [===========================>..] - ETA: 0s - loss: 0.6097 - acc: 0.7406
1424/1424 [==============================] - 4s 3ms/step - loss: 0.6078 - acc: 0.7416 - val_loss: 5.7464 - val_acc: 0.5537
Train on 1424 samples, validate on 708 samples
Epoch 1/1

  32/1424 [..............................] - ETA: 1s - loss: 0.4829 - acc: 0.8438
  96/1424 [=>............................] - ETA: 1s - loss: 0.5463 - acc: 0.8438
 160/1424 [==>...........................] - ETA: 1s - loss: 0.5668 - acc: 0.7812
 224/1424 [===>..........................] - ETA: 1s - loss: 0.5570 - acc: 0.7679
 288/1424 [=====>........................] - ETA: 1s - loss: 0.5512 - acc: 0.7708
 352/1424 [======>.......................] - ETA: 1s - loss: 0.5354 - acc: 0.7841
 416/1424 [=======>......................] - ETA: 0s - loss: 0.5350 - acc: 0.7716
 480/1424 [=========>....................] - ETA: 0s - loss: 0.5400 - acc: 0.7625
 544/1424 [==========>...................] - ETA: 0s - loss: 0.5434 - acc: 0.7592
 608/1424 [===========>..................] - ETA: 0s - loss: 0.5417 - acc: 0.7582
 672/1424 [=============>................] - ETA: 0s - loss: 0.5458 - acc: 0.7574
 736/1424 [==============>...............] - ETA: 0s - loss: 0.5396 - acc: 0.7609
 800/1424 [===============>..............] - ETA: 0s - loss: 0.5353 - acc: 0.7612
 864/1424 [=================>............] - ETA: 0s - loss: 0.5355 - acc: 0.7558
 928/1424 [==================>...........] - ETA: 0s - loss: 0.5360 - acc: 0.7532
 992/1424 [===================>..........] - ETA: 0s - loss: 0.5373 - acc: 0.7510
1056/1424 [=====================>........] - ETA: 0s - loss: 0.5375 - acc: 0.7500
1120/1424 [======================>.......] - ETA: 0s - loss: 0.5384 - acc: 0.7491
1184/1424 [=======================>......] - ETA: 0s - loss: 0.5398 - acc: 0.7500
1248/1424 [=========================>....] - ETA: 0s - loss: 0.5443 - acc: 0.7508
1312/1424 [==========================>...] - ETA: 0s - loss: 0.5426 - acc: 0.7515
1376/1424 [===========================>..] - ETA: 0s - loss: 0.5379 - acc: 0.7544
1424/1424 [==============================] - 4s 3ms/step - loss: 0.5369 - acc: 0.7570 - val_loss: 3.1420 - val_acc: 0.7288
Train on 1424 samples, validate on 708 samples
Epoch 1/1

  32/1424 [..............................] - ETA: 1s - loss: 0.6404 - acc: 0.6562
  96/1424 [=>............................] - ETA: 1s - loss: 0.5422 - acc: 0.7396
 160/1424 [==>...........................] - ETA: 1s - loss: 0.5540 - acc: 0.7250
 224/1424 [===>..........................] - ETA: 1s - loss: 0.5439 - acc: 0.7321
 288/1424 [=====>........................] - ETA: 1s - loss: 0.5259 - acc: 0.7465
 352/1424 [======>.......................] - ETA: 1s - loss: 0.5254 - acc: 0.7443
 416/1424 [=======>......................] - ETA: 0s - loss: 0.5297 - acc: 0.7524
 480/1424 [=========>....................] - ETA: 0s - loss: 0.5421 - acc: 0.7438
 544/1424 [==========>...................] - ETA: 0s - loss: 0.5315 - acc: 0.7537
 608/1424 [===========>..................] - ETA: 0s - loss: 0.5365 - acc: 0.7500
 672/1424 [=============>................] - ETA: 0s - loss: 0.5401 - acc: 0.7485
 736/1424 [==============>...............] - ETA: 0s - loss: 0.5410 - acc: 0.7527
 800/1424 [===============>..............] - ETA: 0s - loss: 0.5400 - acc: 0.7550
 864/1424 [=================>............] - ETA: 0s - loss: 0.5387 - acc: 0.7593
 928/1424 [==================>...........] - ETA: 0s - loss: 0.5382 - acc: 0.7586
 992/1424 [===================>..........] - ETA: 0s - loss: 0.5381 - acc: 0.7601
1056/1424 [=====================>........] - ETA: 0s - loss: 0.5366 - acc: 0.7585
1120/1424 [======================>.......] - ETA: 0s - loss: 0.5328 - acc: 0.7607
1184/1424 [=======================>......] - ETA: 0s - loss: 0.5358 - acc: 0.7610
1248/1424 [=========================>....] - ETA: 0s - loss: 0.5382 - acc: 0.7580
1312/1424 [==========================>...] - ETA: 0s - loss: 0.5403 - acc: 0.7523
1376/1424 [===========================>..] - ETA: 0s - loss: 0.5376 - acc: 0.7558
1424/1424 [==============================] - 4s 3ms/step - loss: 0.5383 - acc: 0.7570 - val_loss: 5.9266 - val_acc: 0.5297
Train on 1424 samples, validate on 708 samples
Epoch 1/1

  32/1424 [..............................] - ETA: 1s - loss: 0.5017 - acc: 0.7812
  96/1424 [=>............................] - ETA: 1s - loss: 0.4926 - acc: 0.7917
 160/1424 [==>...........................] - ETA: 1s - loss: 0.5458 - acc: 0.7500
 224/1424 [===>..........................] - ETA: 1s - loss: 0.5554 - acc: 0.7455
 288/1424 [=====>........................] - ETA: 1s - loss: 0.5614 - acc: 0.7431
 352/1424 [======>.......................] - ETA: 1s - loss: 0.5636 - acc: 0.7472
 416/1424 [=======>......................] - ETA: 0s - loss: 0.5609 - acc: 0.7380
 480/1424 [=========>....................] - ETA: 0s - loss: 0.5705 - acc: 0.7271
 544/1424 [==========>...................] - ETA: 0s - loss: 0.5669 - acc: 0.7298
 608/1424 [===========>..................] - ETA: 0s - loss: 0.5685 - acc: 0.7270
 672/1424 [=============>................] - ETA: 0s - loss: 0.5653 - acc: 0.7366
 736/1424 [==============>...............] - ETA: 0s - loss: 0.5703 - acc: 0.7323
 800/1424 [===============>..............] - ETA: 0s - loss: 0.5657 - acc: 0.7388
 864/1424 [=================>............] - ETA: 0s - loss: 0.5616 - acc: 0.7442
 928/1424 [==================>...........] - ETA: 0s - loss: 0.5623 - acc: 0.7392
 992/1424 [===================>..........] - ETA: 0s - loss: 0.5563 - acc: 0.7450
1056/1424 [=====================>........] - ETA: 0s - loss: 0.5502 - acc: 0.7481
1120/1424 [======================>.......] - ETA: 0s - loss: 0.5491 - acc: 0.7491
1184/1424 [=======================>......] - ETA: 0s - loss: 0.5470 - acc: 0.7492
1248/1424 [=========================>....] - ETA: 0s - loss: 0.5428 - acc: 0.7500
1312/1424 [==========================>...] - ETA: 0s - loss: 0.5401 - acc: 0.7523
1376/1424 [===========================>..] - ETA: 0s - loss: 0.5395 - acc: 0.7529
1424/1424 [==============================] - 4s 3ms/step - loss: 0.5391 - acc: 0.7528 - val_loss: 7.9712 - val_acc: 0.5000
Train on 1424 samples, validate on 708 samples
Epoch 1/1

  32/1424 [..............................] - ETA: 1s - loss: 0.5907 - acc: 0.6562
  96/1424 [=>............................] - ETA: 1s - loss: 0.6239 - acc: 0.6875
 160/1424 [==>...........................] - ETA: 1s - loss: 0.6060 - acc: 0.7188
 224/1424 [===>..........................] - ETA: 1s - loss: 0.5725 - acc: 0.7366
 288/1424 [=====>........................] - ETA: 1s - loss: 0.5702 - acc: 0.7361
 352/1424 [======>.......................] - ETA: 1s - loss: 0.5843 - acc: 0.7301
 416/1424 [=======>......................] - ETA: 0s - loss: 0.5698 - acc: 0.7308
 480/1424 [=========>....................] - ETA: 0s - loss: 0.5753 - acc: 0.7271
 544/1424 [==========>...................] - ETA: 0s - loss: 0.5699 - acc: 0.7335
 608/1424 [===========>..................] - ETA: 0s - loss: 0.5586 - acc: 0.7418
 672/1424 [=============>................] - ETA: 0s - loss: 0.5652 - acc: 0.7366
 736/1424 [==============>...............] - ETA: 0s - loss: 0.5554 - acc: 0.7446
 800/1424 [===============>..............] - ETA: 0s - loss: 0.5522 - acc: 0.7475
 864/1424 [=================>............] - ETA: 0s - loss: 0.5450 - acc: 0.7500
 928/1424 [==================>...........] - ETA: 0s - loss: 0.5462 - acc: 0.7489
 992/1424 [===================>..........] - ETA: 0s - loss: 0.5515 - acc: 0.7419
1056/1424 [=====================>........] - ETA: 0s - loss: 0.5527 - acc: 0.7443
1120/1424 [======================>.......] - ETA: 0s - loss: 0.5463 - acc: 0.7509
1184/1424 [=======================>......] - ETA: 0s - loss: 0.5411 - acc: 0.7568
1248/1424 [=========================>....] - ETA: 0s - loss: 0.5396 - acc: 0.7604
1312/1424 [==========================>...] - ETA: 0s - loss: 0.5401 - acc: 0.7599
1376/1424 [===========================>..] - ETA: 0s - loss: 0.5356 - acc: 0.7624
1424/1424 [==============================] - 4s 3ms/step - loss: 0.5361 - acc: 0.7605 - val_loss: 2.4405 - val_acc: 0.7571
Train on 1424 samples, validate on 708 samples
Epoch 1/1

  32/1424 [..............................] - ETA: 1s - loss: 0.6785 - acc: 0.5938
  96/1424 [=>............................] - ETA: 1s - loss: 0.5707 - acc: 0.7083
 160/1424 [==>...........................] - ETA: 1s - loss: 0.5958 - acc: 0.7125
 224/1424 [===>..........................] - ETA: 1s - loss: 0.5618 - acc: 0.7545
 288/1424 [=====>........................] - ETA: 1s - loss: 0.5525 - acc: 0.7569
 352/1424 [======>.......................] - ETA: 1s - loss: 0.5571 - acc: 0.7415
 416/1424 [=======>......................] - ETA: 0s - loss: 0.5496 - acc: 0.7428
 480/1424 [=========>....................] - ETA: 0s - loss: 0.5415 - acc: 0.7500
 544/1424 [==========>...................] - ETA: 0s - loss: 0.5345 - acc: 0.7537
 608/1424 [===========>..................] - ETA: 0s - loss: 0.5289 - acc: 0.7632
 672/1424 [=============>................] - ETA: 0s - loss: 0.5297 - acc: 0.7619
 736/1424 [==============>...............] - ETA: 0s - loss: 0.5266 - acc: 0.7609
 800/1424 [===============>..............] - ETA: 0s - loss: 0.5271 - acc: 0.7600
 864/1424 [=================>............] - ETA: 0s - loss: 0.5409 - acc: 0.7523
 928/1424 [==================>...........] - ETA: 0s - loss: 0.5369 - acc: 0.7532
 992/1424 [===================>..........] - ETA: 0s - loss: 0.5368 - acc: 0.7520
1056/1424 [=====================>........] - ETA: 0s - loss: 0.5361 - acc: 0.7519
1120/1424 [======================>.......] - ETA: 0s - loss: 0.5357 - acc: 0.7509
1184/1424 [=======================>......] - ETA: 0s - loss: 0.5360 - acc: 0.7517
1248/1424 [=========================>....] - ETA: 0s - loss: 0.5308 - acc: 0.7572
1312/1424 [==========================>...] - ETA: 0s - loss: 0.5344 - acc: 0.7538
1376/1424 [===========================>..] - ETA: 0s - loss: 0.5361 - acc: 0.7515
1424/1424 [==============================] - 4s 3ms/step - loss: 0.5342 - acc: 0.7514 - val_loss: 1.5193 - val_acc: 0.8277

  32/1424 [..............................] - ETA: 26s
  64/1424 [>.............................] - ETA: 15s
  96/1424 [=>............................] - ETA: 11s
 128/1424 [=>............................] - ETA: 9s 
 160/1424 [==>...........................] - ETA: 8s
 192/1424 [===>..........................] - ETA: 7s
 224/1424 [===>..........................] - ETA: 6s
 256/1424 [====>.........................] - ETA: 6s
 288/1424 [=====>........................] - ETA: 5s
 320/1424 [=====>........................] - ETA: 5s
 352/1424 [======>.......................] - ETA: 5s
 384/1424 [=======>......................] - ETA: 5s
 416/1424 [=======>......................] - ETA: 4s
 448/1424 [========>.....................] - ETA: 4s
 480/1424 [=========>....................] - ETA: 4s
 512/1424 [=========>....................] - ETA: 4s
 544/1424 [==========>...................] - ETA: 3s
 576/1424 [===========>..................] - ETA: 3s
 608/1424 [===========>..................] - ETA: 3s
 640/1424 [============>.................] - ETA: 3s
 672/1424 [=============>................] - ETA: 3s
 704/1424 [=============>................] - ETA: 3s
 736/1424 [==============>...............] - ETA: 2s
 768/1424 [===============>..............] - ETA: 2s
 800/1424 [===============>..............] - ETA: 2s
 832/1424 [================>.............] - ETA: 2s
 864/1424 [=================>............] - ETA: 2s
 896/1424 [=================>............] - ETA: 2s
 928/1424 [==================>...........] - ETA: 2s
 960/1424 [===================>..........] - ETA: 1s
 992/1424 [===================>..........] - ETA: 1s
1024/1424 [====================>.........] - ETA: 1s
1056/1424 [=====================>........] - ETA: 1s
1088/1424 [=====================>........] - ETA: 1s
1120/1424 [======================>.......] - ETA: 1s
1152/1424 [=======================>......] - ETA: 1s
1184/1424 [=======================>......] - ETA: 0s
1216/1424 [========================>.....] - ETA: 0s
1248/1424 [=========================>....] - ETA: 0s
1280/1424 [=========================>....] - ETA: 0s
1312/1424 [==========================>...] - ETA: 0s
1344/1424 [===========================>..] - ETA: 0s
1376/1424 [===========================>..] - ETA: 0s
1408/1424 [============================>.] - ETA: 0s
1424/1424 [==============================] - 6s 4ms/step
Test acc: 0.5

  32/1424 [..............................] - ETA: 4s
  64/1424 [>.............................] - ETA: 4s
  96/1424 [=>............................] - ETA: 4s
 128/1424 [=>............................] - ETA: 4s
 160/1424 [==>...........................] - ETA: 4s
 192/1424 [===>..........................] - ETA: 4s
 224/1424 [===>..........................] - ETA: 4s
 256/1424 [====>.........................] - ETA: 4s
 288/1424 [=====>........................] - ETA: 4s
 320/1424 [=====>........................] - ETA: 3s
 352/1424 [======>.......................] - ETA: 3s
 384/1424 [=======>......................] - ETA: 3s
 416/1424 [=======>......................] - ETA: 3s
 448/1424 [========>.....................] - ETA: 3s
 480/1424 [=========>....................] - ETA: 3s
 512/1424 [=========>....................] - ETA: 3s
 544/1424 [==========>...................] - ETA: 3s
 576/1424 [===========>..................] - ETA: 3s
 608/1424 [===========>..................] - ETA: 2s
 640/1424 [============>.................] - ETA: 2s
 672/1424 [=============>................] - ETA: 2s
 704/1424 [=============>................] - ETA: 2s
 736/1424 [==============>...............] - ETA: 2s
 768/1424 [===============>..............] - ETA: 2s
 800/1424 [===============>..............] - ETA: 2s
 832/1424 [================>.............] - ETA: 2s
 864/1424 [=================>............] - ETA: 1s
 896/1424 [=================>............] - ETA: 1s
 928/1424 [==================>...........] - ETA: 1s
 960/1424 [===================>..........] - ETA: 1s
 992/1424 [===================>..........] - ETA: 1s
1024/1424 [====================>.........] - ETA: 1s
1056/1424 [=====================>........] - ETA: 1s
1088/1424 [=====================>........] - ETA: 1s
1120/1424 [======================>.......] - ETA: 1s
1152/1424 [=======================>......] - ETA: 0s
1184/1424 [=======================>......] - ETA: 0s
1216/1424 [========================>.....] - ETA: 0s
1248/1424 [=========================>....] - ETA: 0s
1280/1424 [=========================>....] - ETA: 0s
1312/1424 [==========================>...] - ETA: 0s
1344/1424 [===========================>..] - ETA: 0s
1376/1424 [===========================>..] - ETA: 0s
1408/1424 [============================>.] - ETA: 0s
1424/1424 [==============================] - 5s 4ms/step
Test acc: [0.6776976156770513, 0.5]
Test auc: 0.8886484503219291
Test mcc: 0.0
Execute epoch: 10
Execute time: 50.09062457084656
(W) Execute time: 49.18824505805969
