_________________________________________________________________
Layer (type)                 Output Shape              Param #   
=================================================================
embedding_1 (Embedding)      (None, None, 128)         2688      
_________________________________________________________________
lstm_1 (LSTM)                (None, None, 64)          49408     
_________________________________________________________________
lstm_2 (LSTM)                (None, None, 64)          33024     
_________________________________________________________________
lstm_3 (LSTM)                (None, 64)                33024     
_________________________________________________________________
dense_1 (Dense)              (None, 16)                1040      
_________________________________________________________________
dense_2 (Dense)              (None, 1)                 17        
=================================================================
Total params: 119,201
Trainable params: 119,201
Non-trainable params: 0
_________________________________________________________________
Train on 1424 samples, validate on 708 samples
Epoch 1/1

  32/1424 [..............................] - ETA: 2:18 - loss: 0.6934 - acc: 0.5000
  96/1424 [=>............................] - ETA: 45s - loss: 0.6933 - acc: 0.4896 
 160/1424 [==>...........................] - ETA: 26s - loss: 0.6930 - acc: 0.5188
 224/1424 [===>..........................] - ETA: 18s - loss: 0.6928 - acc: 0.5312
 288/1424 [=====>........................] - ETA: 13s - loss: 0.6931 - acc: 0.5139
 352/1424 [======>.......................] - ETA: 10s - loss: 0.6935 - acc: 0.4943
 416/1424 [=======>......................] - ETA: 8s - loss: 0.6932 - acc: 0.5048 
 480/1424 [=========>....................] - ETA: 7s - loss: 0.6932 - acc: 0.5062
 544/1424 [==========>...................] - ETA: 6s - loss: 0.6932 - acc: 0.5018
 608/1424 [===========>..................] - ETA: 5s - loss: 0.6932 - acc: 0.5000
 672/1424 [=============>................] - ETA: 4s - loss: 0.6932 - acc: 0.5015
 736/1424 [==============>...............] - ETA: 3s - loss: 0.6933 - acc: 0.5000
 800/1424 [===============>..............] - ETA: 3s - loss: 0.6932 - acc: 0.5000
 864/1424 [=================>............] - ETA: 2s - loss: 0.6932 - acc: 0.5012
 928/1424 [==================>...........] - ETA: 2s - loss: 0.6932 - acc: 0.4989
 992/1424 [===================>..........] - ETA: 1s - loss: 0.6932 - acc: 0.4940
1056/1424 [=====================>........] - ETA: 1s - loss: 0.6932 - acc: 0.4896
1120/1424 [======================>.......] - ETA: 1s - loss: 0.6931 - acc: 0.4920
1184/1424 [=======================>......] - ETA: 0s - loss: 0.6930 - acc: 0.4949
1248/1424 [=========================>....] - ETA: 0s - loss: 0.6930 - acc: 0.4936
1312/1424 [==========================>...] - ETA: 0s - loss: 0.6930 - acc: 0.4878
1376/1424 [===========================>..] - ETA: 0s - loss: 0.6928 - acc: 0.4898
1424/1424 [==============================] - 7s 5ms/step - loss: 0.6925 - acc: 0.4937 - val_loss: 0.6778 - val_acc: 0.5000
Train on 1424 samples, validate on 708 samples
Epoch 1/1

  32/1424 [..............................] - ETA: 1s - loss: 0.6921 - acc: 0.4688
  96/1424 [=>............................] - ETA: 1s - loss: 0.6804 - acc: 0.5521
 160/1424 [==>...........................] - ETA: 1s - loss: 0.6783 - acc: 0.5563
 224/1424 [===>..........................] - ETA: 1s - loss: 0.6769 - acc: 0.5402
 288/1424 [=====>........................] - ETA: 1s - loss: 0.6693 - acc: 0.5417
 352/1424 [======>.......................] - ETA: 1s - loss: 0.6675 - acc: 0.5369
 416/1424 [=======>......................] - ETA: 0s - loss: 0.6659 - acc: 0.5240
 480/1424 [=========>....................] - ETA: 0s - loss: 0.6653 - acc: 0.5333
 544/1424 [==========>...................] - ETA: 0s - loss: 0.6594 - acc: 0.5515
 608/1424 [===========>..................] - ETA: 0s - loss: 0.6595 - acc: 0.5609
 672/1424 [=============>................] - ETA: 0s - loss: 0.6578 - acc: 0.5699
 736/1424 [==============>...............] - ETA: 0s - loss: 0.6577 - acc: 0.5829
 800/1424 [===============>..............] - ETA: 0s - loss: 0.6555 - acc: 0.5988
 864/1424 [=================>............] - ETA: 0s - loss: 0.6499 - acc: 0.6134
 928/1424 [==================>...........] - ETA: 0s - loss: 0.6507 - acc: 0.6185
 992/1424 [===================>..........] - ETA: 0s - loss: 0.6440 - acc: 0.6260
1056/1424 [=====================>........] - ETA: 0s - loss: 0.6445 - acc: 0.6316
1120/1424 [======================>.......] - ETA: 0s - loss: 0.6614 - acc: 0.6393
1184/1424 [=======================>......] - ETA: 0s - loss: 0.6586 - acc: 0.6461
1248/1424 [=========================>....] - ETA: 0s - loss: 0.6555 - acc: 0.6522
1312/1424 [==========================>...] - ETA: 0s - loss: 0.6523 - acc: 0.6517
1376/1424 [===========================>..] - ETA: 0s - loss: 0.6510 - acc: 0.6562
1424/1424 [==============================] - 4s 3ms/step - loss: 0.6516 - acc: 0.6587 - val_loss: 8.0590 - val_acc: 0.5000
Train on 1424 samples, validate on 708 samples
Epoch 1/1

  32/1424 [..............................] - ETA: 1s - loss: 0.6633 - acc: 0.7500
  96/1424 [=>............................] - ETA: 1s - loss: 0.6094 - acc: 0.8229
 160/1424 [==>...........................] - ETA: 1s - loss: 0.6565 - acc: 0.7500
 224/1424 [===>..........................] - ETA: 1s - loss: 0.6598 - acc: 0.7500
 288/1424 [=====>........................] - ETA: 1s - loss: 0.6519 - acc: 0.7465
 352/1424 [======>.......................] - ETA: 1s - loss: 0.6393 - acc: 0.7614
 416/1424 [=======>......................] - ETA: 0s - loss: 0.6390 - acc: 0.7476
 480/1424 [=========>....................] - ETA: 0s - loss: 0.6337 - acc: 0.7375
 544/1424 [==========>...................] - ETA: 0s - loss: 0.6444 - acc: 0.7316
 608/1424 [===========>..................] - ETA: 0s - loss: 0.6398 - acc: 0.7319
 672/1424 [=============>................] - ETA: 0s - loss: 0.6390 - acc: 0.7262
 736/1424 [==============>...............] - ETA: 0s - loss: 0.6370 - acc: 0.7188
 800/1424 [===============>..............] - ETA: 0s - loss: 0.6332 - acc: 0.7188
 864/1424 [=================>............] - ETA: 0s - loss: 0.6311 - acc: 0.7211
 928/1424 [==================>...........] - ETA: 0s - loss: 0.6340 - acc: 0.7101
 992/1424 [===================>..........] - ETA: 0s - loss: 0.6335 - acc: 0.7087
1056/1424 [=====================>........] - ETA: 0s - loss: 0.6332 - acc: 0.7083
1120/1424 [======================>.......] - ETA: 0s - loss: 0.6326 - acc: 0.7089
1184/1424 [=======================>......] - ETA: 0s - loss: 0.6319 - acc: 0.7128
1248/1424 [=========================>....] - ETA: 0s - loss: 0.6373 - acc: 0.7115
1312/1424 [==========================>...] - ETA: 0s - loss: 0.6370 - acc: 0.7142
1376/1424 [===========================>..] - ETA: 0s - loss: 0.6362 - acc: 0.7144
1424/1424 [==============================] - 4s 3ms/step - loss: 0.6353 - acc: 0.7135 - val_loss: 0.7395 - val_acc: 0.7782
Train on 1424 samples, validate on 708 samples
Epoch 1/1

  32/1424 [..............................] - ETA: 1s - loss: 0.6402 - acc: 0.7812
  96/1424 [=>............................] - ETA: 1s - loss: 0.5822 - acc: 0.8125
 160/1424 [==>...........................] - ETA: 1s - loss: 0.5868 - acc: 0.7937
 224/1424 [===>..........................] - ETA: 1s - loss: 0.5899 - acc: 0.7946
 288/1424 [=====>........................] - ETA: 1s - loss: 0.6242 - acc: 0.7604
 352/1424 [======>.......................] - ETA: 1s - loss: 0.6381 - acc: 0.7443
 416/1424 [=======>......................] - ETA: 0s - loss: 0.6318 - acc: 0.7404
 480/1424 [=========>....................] - ETA: 0s - loss: 0.6240 - acc: 0.7458
 544/1424 [==========>...................] - ETA: 0s - loss: 0.6204 - acc: 0.7518
 608/1424 [===========>..................] - ETA: 0s - loss: 0.6151 - acc: 0.7516
 672/1424 [=============>................] - ETA: 0s - loss: 0.6115 - acc: 0.7515
 736/1424 [==============>...............] - ETA: 0s - loss: 0.6136 - acc: 0.7459
 800/1424 [===============>..............] - ETA: 0s - loss: 0.6131 - acc: 0.7412
 864/1424 [=================>............] - ETA: 0s - loss: 0.6179 - acc: 0.7361
 928/1424 [==================>...........] - ETA: 0s - loss: 0.6232 - acc: 0.7360
 992/1424 [===================>..........] - ETA: 0s - loss: 0.6213 - acc: 0.7369
1056/1424 [=====================>........] - ETA: 0s - loss: 0.6302 - acc: 0.7301
1120/1424 [======================>.......] - ETA: 0s - loss: 0.6323 - acc: 0.7268
1184/1424 [=======================>......] - ETA: 0s - loss: 0.6330 - acc: 0.7264
1248/1424 [=========================>....] - ETA: 0s - loss: 0.6329 - acc: 0.7244
1312/1424 [==========================>...] - ETA: 0s - loss: 0.6326 - acc: 0.7233
1376/1424 [===========================>..] - ETA: 0s - loss: 0.6337 - acc: 0.7246
1424/1424 [==============================] - 4s 3ms/step - loss: 0.6337 - acc: 0.7240 - val_loss: 1.0370 - val_acc: 0.8121
Train on 1424 samples, validate on 708 samples
Epoch 1/1

  32/1424 [..............................] - ETA: 1s - loss: 0.5710 - acc: 0.7500
  96/1424 [=>............................] - ETA: 1s - loss: 0.5953 - acc: 0.7500
 160/1424 [==>...........................] - ETA: 1s - loss: 0.5963 - acc: 0.7750
 224/1424 [===>..........................] - ETA: 1s - loss: 0.6488 - acc: 0.7634
 288/1424 [=====>........................] - ETA: 1s - loss: 0.6476 - acc: 0.7326
 352/1424 [======>.......................] - ETA: 1s - loss: 0.6484 - acc: 0.7131
 416/1424 [=======>......................] - ETA: 0s - loss: 0.6346 - acc: 0.7115
 480/1424 [=========>....................] - ETA: 0s - loss: 0.6228 - acc: 0.7167
 544/1424 [==========>...................] - ETA: 0s - loss: 0.6224 - acc: 0.7169
 608/1424 [===========>..................] - ETA: 0s - loss: 0.6154 - acc: 0.7122
 672/1424 [=============>................] - ETA: 0s - loss: 0.6284 - acc: 0.7173
 736/1424 [==============>...............] - ETA: 0s - loss: 0.6218 - acc: 0.7188
 800/1424 [===============>..............] - ETA: 0s - loss: 0.6169 - acc: 0.7212
 864/1424 [=================>............] - ETA: 0s - loss: 0.6119 - acc: 0.7222
 928/1424 [==================>...........] - ETA: 0s - loss: 0.6081 - acc: 0.7231
 992/1424 [===================>..........] - ETA: 0s - loss: 0.6090 - acc: 0.7198
1056/1424 [=====================>........] - ETA: 0s - loss: 0.6039 - acc: 0.7235
1120/1424 [======================>.......] - ETA: 0s - loss: 0.6025 - acc: 0.7259
1184/1424 [=======================>......] - ETA: 0s - loss: 0.5993 - acc: 0.7289
1248/1424 [=========================>....] - ETA: 0s - loss: 0.5969 - acc: 0.7284
1312/1424 [==========================>...] - ETA: 0s - loss: 0.5907 - acc: 0.7355
1376/1424 [===========================>..] - ETA: 0s - loss: 0.5865 - acc: 0.7369
1424/1424 [==============================] - 4s 3ms/step - loss: 0.5856 - acc: 0.7381 - val_loss: 4.5423 - val_acc: 0.6257
Train on 1424 samples, validate on 708 samples
Epoch 1/1

  32/1424 [..............................] - ETA: 1s - loss: 0.6006 - acc: 0.7188
  96/1424 [=>............................] - ETA: 1s - loss: 0.6228 - acc: 0.7396
 160/1424 [==>...........................] - ETA: 1s - loss: 0.5872 - acc: 0.7562
 224/1424 [===>..........................] - ETA: 1s - loss: 0.6399 - acc: 0.7455
 288/1424 [=====>........................] - ETA: 1s - loss: 0.6602 - acc: 0.7431
 352/1424 [======>.......................] - ETA: 1s - loss: 0.6844 - acc: 0.7472
 416/1424 [=======>......................] - ETA: 0s - loss: 0.6706 - acc: 0.7452
 480/1424 [=========>....................] - ETA: 0s - loss: 0.6635 - acc: 0.7396
 544/1424 [==========>...................] - ETA: 0s - loss: 0.6553 - acc: 0.7408
 608/1424 [===========>..................] - ETA: 0s - loss: 0.6402 - acc: 0.7500
 672/1424 [=============>................] - ETA: 0s - loss: 0.6315 - acc: 0.7515
 736/1424 [==============>...............] - ETA: 0s - loss: 0.6270 - acc: 0.7446
 800/1424 [===============>..............] - ETA: 0s - loss: 0.6245 - acc: 0.7388
 864/1424 [=================>............] - ETA: 0s - loss: 0.6228 - acc: 0.7407
 928/1424 [==================>...........] - ETA: 0s - loss: 0.6174 - acc: 0.7403
 992/1424 [===================>..........] - ETA: 0s - loss: 0.6158 - acc: 0.7379
1056/1424 [=====================>........] - ETA: 0s - loss: 0.6114 - acc: 0.7386
1120/1424 [======================>.......] - ETA: 0s - loss: 0.6070 - acc: 0.7375
1184/1424 [=======================>......] - ETA: 0s - loss: 0.6059 - acc: 0.7382
1248/1424 [=========================>....] - ETA: 0s - loss: 0.6011 - acc: 0.7412
1312/1424 [==========================>...] - ETA: 0s - loss: 0.6013 - acc: 0.7424
1376/1424 [===========================>..] - ETA: 0s - loss: 0.6079 - acc: 0.7376
1424/1424 [==============================] - 4s 3ms/step - loss: 0.6061 - acc: 0.7388 - val_loss: 4.8621 - val_acc: 0.6003
Train on 1424 samples, validate on 708 samples
Epoch 1/1

  32/1424 [..............................] - ETA: 1s - loss: 0.4883 - acc: 0.8438
  96/1424 [=>............................] - ETA: 1s - loss: 0.5448 - acc: 0.8333
 160/1424 [==>...........................] - ETA: 1s - loss: 0.5645 - acc: 0.7812
 224/1424 [===>..........................] - ETA: 1s - loss: 0.5597 - acc: 0.7723
 288/1424 [=====>........................] - ETA: 1s - loss: 0.5560 - acc: 0.7743
 352/1424 [======>.......................] - ETA: 1s - loss: 0.5412 - acc: 0.7841
 416/1424 [=======>......................] - ETA: 0s - loss: 0.5395 - acc: 0.7716
 480/1424 [=========>....................] - ETA: 0s - loss: 0.5439 - acc: 0.7625
 544/1424 [==========>...................] - ETA: 0s - loss: 0.5428 - acc: 0.7610
 608/1424 [===========>..................] - ETA: 0s - loss: 0.5411 - acc: 0.7566
 672/1424 [=============>................] - ETA: 0s - loss: 0.5454 - acc: 0.7574
 736/1424 [==============>...............] - ETA: 0s - loss: 0.5384 - acc: 0.7622
 800/1424 [===============>..............] - ETA: 0s - loss: 0.5340 - acc: 0.7625
 864/1424 [=================>............] - ETA: 0s - loss: 0.5349 - acc: 0.7569
 928/1424 [==================>...........] - ETA: 0s - loss: 0.5374 - acc: 0.7543
 992/1424 [===================>..........] - ETA: 0s - loss: 0.5382 - acc: 0.7530
1056/1424 [=====================>........] - ETA: 0s - loss: 0.5392 - acc: 0.7528
1120/1424 [======================>.......] - ETA: 0s - loss: 0.5404 - acc: 0.7554
1184/1424 [=======================>......] - ETA: 0s - loss: 0.5411 - acc: 0.7568
1248/1424 [=========================>....] - ETA: 0s - loss: 0.5456 - acc: 0.7548
1312/1424 [==========================>...] - ETA: 0s - loss: 0.5440 - acc: 0.7553
1376/1424 [===========================>..] - ETA: 0s - loss: 0.5395 - acc: 0.7580
1424/1424 [==============================] - 4s 3ms/step - loss: 0.5390 - acc: 0.7577 - val_loss: 3.2096 - val_acc: 0.7218
Train on 1424 samples, validate on 708 samples
Epoch 1/1

  32/1424 [..............................] - ETA: 1s - loss: 0.6299 - acc: 0.6875
  96/1424 [=>............................] - ETA: 1s - loss: 0.5425 - acc: 0.7604
 160/1424 [==>...........................] - ETA: 1s - loss: 0.5602 - acc: 0.7375
 224/1424 [===>..........................] - ETA: 1s - loss: 0.5454 - acc: 0.7277
 288/1424 [=====>........................] - ETA: 1s - loss: 0.5262 - acc: 0.7465
 352/1424 [======>.......................] - ETA: 1s - loss: 0.5250 - acc: 0.7443
 416/1424 [=======>......................] - ETA: 0s - loss: 0.5264 - acc: 0.7476
 480/1424 [=========>....................] - ETA: 0s - loss: 0.5379 - acc: 0.7396
 544/1424 [==========>...................] - ETA: 0s - loss: 0.5276 - acc: 0.7482
 608/1424 [===========>..................] - ETA: 0s - loss: 0.5333 - acc: 0.7434
 672/1424 [=============>................] - ETA: 0s - loss: 0.5360 - acc: 0.7426
 736/1424 [==============>...............] - ETA: 0s - loss: 0.5393 - acc: 0.7432
 800/1424 [===============>..............] - ETA: 0s - loss: 0.5392 - acc: 0.7462
 864/1424 [=================>............] - ETA: 0s - loss: 0.5373 - acc: 0.7500
 928/1424 [==================>...........] - ETA: 0s - loss: 0.5385 - acc: 0.7489
 992/1424 [===================>..........] - ETA: 0s - loss: 0.5385 - acc: 0.7520
1056/1424 [=====================>........] - ETA: 0s - loss: 0.5374 - acc: 0.7509
1120/1424 [======================>.......] - ETA: 0s - loss: 0.5341 - acc: 0.7509
1184/1424 [=======================>......] - ETA: 0s - loss: 0.5375 - acc: 0.7508
1248/1424 [=========================>....] - ETA: 0s - loss: 0.5396 - acc: 0.7484
1312/1424 [==========================>...] - ETA: 0s - loss: 0.5418 - acc: 0.7447
1376/1424 [===========================>..] - ETA: 0s - loss: 0.5391 - acc: 0.7471
1424/1424 [==============================] - 4s 3ms/step - loss: 0.5395 - acc: 0.7486 - val_loss: 1.8771 - val_acc: 0.8037
Train on 1424 samples, validate on 708 samples
Epoch 1/1

  32/1424 [..............................] - ETA: 1s - loss: 0.4881 - acc: 0.7812
  96/1424 [=>............................] - ETA: 1s - loss: 0.4729 - acc: 0.7917
 160/1424 [==>...........................] - ETA: 1s - loss: 0.5349 - acc: 0.7562
 224/1424 [===>..........................] - ETA: 1s - loss: 0.5476 - acc: 0.7411
 288/1424 [=====>........................] - ETA: 1s - loss: 0.5528 - acc: 0.7396
 352/1424 [======>.......................] - ETA: 1s - loss: 0.5578 - acc: 0.7415
 416/1424 [=======>......................] - ETA: 0s - loss: 0.5558 - acc: 0.7332
 480/1424 [=========>....................] - ETA: 0s - loss: 0.5667 - acc: 0.7208
 544/1424 [==========>...................] - ETA: 0s - loss: 0.5625 - acc: 0.7279
 608/1424 [===========>..................] - ETA: 0s - loss: 0.5645 - acc: 0.7253
 672/1424 [=============>................] - ETA: 0s - loss: 0.5607 - acc: 0.7351
 736/1424 [==============>...............] - ETA: 0s - loss: 0.5670 - acc: 0.7310
 800/1424 [===============>..............] - ETA: 0s - loss: 0.5621 - acc: 0.7375
 864/1424 [=================>............] - ETA: 0s - loss: 0.5581 - acc: 0.7419
 928/1424 [==================>...........] - ETA: 0s - loss: 0.5592 - acc: 0.7381
 992/1424 [===================>..........] - ETA: 0s - loss: 0.5539 - acc: 0.7429
1056/1424 [=====================>........] - ETA: 0s - loss: 0.5487 - acc: 0.7472
1120/1424 [======================>.......] - ETA: 0s - loss: 0.5480 - acc: 0.7464
1184/1424 [=======================>......] - ETA: 0s - loss: 0.5452 - acc: 0.7475
1248/1424 [=========================>....] - ETA: 0s - loss: 0.5411 - acc: 0.7484
1312/1424 [==========================>...] - ETA: 0s - loss: 0.5385 - acc: 0.7508
1376/1424 [===========================>..] - ETA: 0s - loss: 0.5385 - acc: 0.7507
1424/1424 [==============================] - 4s 3ms/step - loss: 0.5388 - acc: 0.7507 - val_loss: 3.2083 - val_acc: 0.7302
Train on 1424 samples, validate on 708 samples
Epoch 1/1

  32/1424 [..............................] - ETA: 1s - loss: 0.5626 - acc: 0.6562
  96/1424 [=>............................] - ETA: 1s - loss: 0.5819 - acc: 0.6979
 160/1424 [==>...........................] - ETA: 1s - loss: 0.5802 - acc: 0.7250
 224/1424 [===>..........................] - ETA: 1s - loss: 0.5426 - acc: 0.7366
 288/1424 [=====>........................] - ETA: 1s - loss: 0.5444 - acc: 0.7396
 352/1424 [======>.......................] - ETA: 1s - loss: 0.5644 - acc: 0.7273
 416/1424 [=======>......................] - ETA: 0s - loss: 0.5508 - acc: 0.7332
 480/1424 [=========>....................] - ETA: 0s - loss: 0.5615 - acc: 0.7312
 544/1424 [==========>...................] - ETA: 0s - loss: 0.5576 - acc: 0.7371
 608/1424 [===========>..................] - ETA: 0s - loss: 0.5474 - acc: 0.7434
 672/1424 [=============>................] - ETA: 0s - loss: 0.5562 - acc: 0.7366
 736/1424 [==============>...............] - ETA: 0s - loss: 0.5465 - acc: 0.7446
 800/1424 [===============>..............] - ETA: 0s - loss: 0.5444 - acc: 0.7475
 864/1424 [=================>............] - ETA: 0s - loss: 0.5375 - acc: 0.7500
 928/1424 [==================>...........] - ETA: 0s - loss: 0.5403 - acc: 0.7489
 992/1424 [===================>..........] - ETA: 0s - loss: 0.5452 - acc: 0.7429
1056/1424 [=====================>........] - ETA: 0s - loss: 0.5453 - acc: 0.7472
1120/1424 [======================>.......] - ETA: 0s - loss: 0.5392 - acc: 0.7518
1184/1424 [=======================>......] - ETA: 0s - loss: 0.5352 - acc: 0.7568
1248/1424 [=========================>....] - ETA: 0s - loss: 0.5339 - acc: 0.7580
1312/1424 [==========================>...] - ETA: 0s - loss: 0.5349 - acc: 0.7569
1376/1424 [===========================>..] - ETA: 0s - loss: 0.5310 - acc: 0.7580
1424/1424 [==============================] - 4s 3ms/step - loss: 0.5308 - acc: 0.7563 - val_loss: 2.3157 - val_acc: 0.7740
Train on 1424 samples, validate on 708 samples
Epoch 1/1

  32/1424 [..............................] - ETA: 1s - loss: 0.6671 - acc: 0.5938
  96/1424 [=>............................] - ETA: 1s - loss: 0.5622 - acc: 0.7188
 160/1424 [==>...........................] - ETA: 1s - loss: 0.5957 - acc: 0.7312
 224/1424 [===>..........................] - ETA: 1s - loss: 0.5643 - acc: 0.7634
 288/1424 [=====>........................] - ETA: 1s - loss: 0.5578 - acc: 0.7674
 352/1424 [======>.......................] - ETA: 1s - loss: 0.5613 - acc: 0.7500
 416/1424 [=======>......................] - ETA: 0s - loss: 0.5531 - acc: 0.7476
 480/1424 [=========>....................] - ETA: 0s - loss: 0.5444 - acc: 0.7542
 544/1424 [==========>...................] - ETA: 0s - loss: 0.5371 - acc: 0.7574
 608/1424 [===========>..................] - ETA: 0s - loss: 0.5295 - acc: 0.7648
 672/1424 [=============>................] - ETA: 0s - loss: 0.5305 - acc: 0.7634
 736/1424 [==============>...............] - ETA: 0s - loss: 0.5282 - acc: 0.7622
 800/1424 [===============>..............] - ETA: 0s - loss: 0.5271 - acc: 0.7638
 864/1424 [=================>............] - ETA: 0s - loss: 0.5406 - acc: 0.7569
 928/1424 [==================>...........] - ETA: 0s - loss: 0.5369 - acc: 0.7575
 992/1424 [===================>..........] - ETA: 0s - loss: 0.5373 - acc: 0.7560
1056/1424 [=====================>........] - ETA: 0s - loss: 0.5364 - acc: 0.7547
1120/1424 [======================>.......] - ETA: 0s - loss: 0.5345 - acc: 0.7536
1184/1424 [=======================>......] - ETA: 0s - loss: 0.5344 - acc: 0.7534
1248/1424 [=========================>....] - ETA: 0s - loss: 0.5297 - acc: 0.7588
1312/1424 [==========================>...] - ETA: 0s - loss: 0.5336 - acc: 0.7553
1376/1424 [===========================>..] - ETA: 0s - loss: 0.5350 - acc: 0.7522
1424/1424 [==============================] - 4s 3ms/step - loss: 0.5332 - acc: 0.7507 - val_loss: 1.3357 - val_acc: 0.8446

  32/1424 [..............................] - ETA: 26s
  64/1424 [>.............................] - ETA: 15s
  96/1424 [=>............................] - ETA: 11s
 128/1424 [=>............................] - ETA: 9s 
 160/1424 [==>...........................] - ETA: 8s
 192/1424 [===>..........................] - ETA: 7s
 224/1424 [===>..........................] - ETA: 6s
 256/1424 [====>.........................] - ETA: 6s
 288/1424 [=====>........................] - ETA: 5s
 320/1424 [=====>........................] - ETA: 5s
 352/1424 [======>.......................] - ETA: 5s
 384/1424 [=======>......................] - ETA: 5s
 416/1424 [=======>......................] - ETA: 4s
 448/1424 [========>.....................] - ETA: 4s
 480/1424 [=========>....................] - ETA: 4s
 512/1424 [=========>....................] - ETA: 4s
 544/1424 [==========>...................] - ETA: 3s
 576/1424 [===========>..................] - ETA: 3s
 608/1424 [===========>..................] - ETA: 3s
 640/1424 [============>.................] - ETA: 3s
 672/1424 [=============>................] - ETA: 3s
 704/1424 [=============>................] - ETA: 3s
 736/1424 [==============>...............] - ETA: 2s
 768/1424 [===============>..............] - ETA: 2s
 800/1424 [===============>..............] - ETA: 2s
 832/1424 [================>.............] - ETA: 2s
 864/1424 [=================>............] - ETA: 2s
 896/1424 [=================>............] - ETA: 2s
 928/1424 [==================>...........] - ETA: 2s
 960/1424 [===================>..........] - ETA: 1s
 992/1424 [===================>..........] - ETA: 1s
1024/1424 [====================>.........] - ETA: 1s
1056/1424 [=====================>........] - ETA: 1s
1088/1424 [=====================>........] - ETA: 1s
1120/1424 [======================>.......] - ETA: 1s
1152/1424 [=======================>......] - ETA: 1s
1184/1424 [=======================>......] - ETA: 0s
1216/1424 [========================>.....] - ETA: 0s
1248/1424 [=========================>....] - ETA: 0s
1280/1424 [=========================>....] - ETA: 0s
1312/1424 [==========================>...] - ETA: 0s
1344/1424 [===========================>..] - ETA: 0s
1376/1424 [===========================>..] - ETA: 0s
1408/1424 [============================>.] - ETA: 0s
1424/1424 [==============================] - 6s 4ms/step
Test acc: 0.5

  32/1424 [..............................] - ETA: 5s
  64/1424 [>.............................] - ETA: 4s
  96/1424 [=>............................] - ETA: 4s
 128/1424 [=>............................] - ETA: 4s
 160/1424 [==>...........................] - ETA: 4s
 192/1424 [===>..........................] - ETA: 4s
 224/1424 [===>..........................] - ETA: 4s
 256/1424 [====>.........................] - ETA: 4s
 288/1424 [=====>........................] - ETA: 4s
 320/1424 [=====>........................] - ETA: 4s
 352/1424 [======>.......................] - ETA: 3s
 384/1424 [=======>......................] - ETA: 3s
 416/1424 [=======>......................] - ETA: 3s
 448/1424 [========>.....................] - ETA: 3s
 480/1424 [=========>....................] - ETA: 3s
 512/1424 [=========>....................] - ETA: 3s
 544/1424 [==========>...................] - ETA: 3s
 576/1424 [===========>..................] - ETA: 3s
 608/1424 [===========>..................] - ETA: 2s
 640/1424 [============>.................] - ETA: 2s
 672/1424 [=============>................] - ETA: 2s
 704/1424 [=============>................] - ETA: 2s
 736/1424 [==============>...............] - ETA: 2s
 768/1424 [===============>..............] - ETA: 2s
 800/1424 [===============>..............] - ETA: 2s
 832/1424 [================>.............] - ETA: 2s
 864/1424 [=================>............] - ETA: 2s
 896/1424 [=================>............] - ETA: 1s
 928/1424 [==================>...........] - ETA: 1s
 960/1424 [===================>..........] - ETA: 1s
 992/1424 [===================>..........] - ETA: 1s
1024/1424 [====================>.........] - ETA: 1s
1056/1424 [=====================>........] - ETA: 1s
1088/1424 [=====================>........] - ETA: 1s
1120/1424 [======================>.......] - ETA: 1s
1152/1424 [=======================>......] - ETA: 0s
1184/1424 [=======================>......] - ETA: 0s
1216/1424 [========================>.....] - ETA: 0s
1248/1424 [=========================>....] - ETA: 0s
1280/1424 [=========================>....] - ETA: 0s
1312/1424 [==========================>...] - ETA: 0s
1344/1424 [===========================>..] - ETA: 0s
1376/1424 [===========================>..] - ETA: 0s
1408/1424 [============================>.] - ETA: 0s
1424/1424 [==============================] - 5s 4ms/step
Test acc: [0.6776976170164816, 0.5]
Test auc: 0.8886484503219291
Test mcc: 0.0
Execute epoch: 10
Execute time: 50.64104223251343
(W) Execute time: 49.72260046005249
