_________________________________________________________________
Layer (type)                 Output Shape              Param #   
=================================================================
embedding_1 (Embedding)      (None, None, 128)         2688      
_________________________________________________________________
lstm_1 (LSTM)                (None, None, 64)          49408     
_________________________________________________________________
lstm_2 (LSTM)                (None, None, 64)          33024     
_________________________________________________________________
lstm_3 (LSTM)                (None, 64)                33024     
_________________________________________________________________
dense_1 (Dense)              (None, 16)                1040      
_________________________________________________________________
dense_2 (Dense)              (None, 1)                 17        
=================================================================
Total params: 119,201
Trainable params: 119,201
Non-trainable params: 0
_________________________________________________________________
Train on 1424 samples, validate on 708 samples
Epoch 1/1

  32/1424 [..............................] - ETA: 2:17 - loss: 0.6934 - acc: 0.5000
  96/1424 [=>............................] - ETA: 44s - loss: 0.6933 - acc: 0.4896 
 160/1424 [==>...........................] - ETA: 25s - loss: 0.6930 - acc: 0.5188
 224/1424 [===>..........................] - ETA: 17s - loss: 0.6928 - acc: 0.5312
 288/1424 [=====>........................] - ETA: 13s - loss: 0.6931 - acc: 0.5139
 352/1424 [======>.......................] - ETA: 10s - loss: 0.6935 - acc: 0.4943
 416/1424 [=======>......................] - ETA: 8s - loss: 0.6932 - acc: 0.5048 
 480/1424 [=========>....................] - ETA: 7s - loss: 0.6932 - acc: 0.5062
 544/1424 [==========>...................] - ETA: 5s - loss: 0.6932 - acc: 0.5018
 608/1424 [===========>..................] - ETA: 4s - loss: 0.6932 - acc: 0.5000
 672/1424 [=============>................] - ETA: 4s - loss: 0.6932 - acc: 0.5015
 736/1424 [==============>...............] - ETA: 3s - loss: 0.6933 - acc: 0.5000
 800/1424 [===============>..............] - ETA: 3s - loss: 0.6932 - acc: 0.5000
 864/1424 [=================>............] - ETA: 2s - loss: 0.6932 - acc: 0.5012
 928/1424 [==================>...........] - ETA: 2s - loss: 0.6932 - acc: 0.4989
 992/1424 [===================>..........] - ETA: 1s - loss: 0.6932 - acc: 0.4940
1056/1424 [=====================>........] - ETA: 1s - loss: 0.6932 - acc: 0.4896
1120/1424 [======================>.......] - ETA: 1s - loss: 0.6931 - acc: 0.4920
1184/1424 [=======================>......] - ETA: 0s - loss: 0.6930 - acc: 0.4949
1248/1424 [=========================>....] - ETA: 0s - loss: 0.6930 - acc: 0.4936
1312/1424 [==========================>...] - ETA: 0s - loss: 0.6930 - acc: 0.4878
1376/1424 [===========================>..] - ETA: 0s - loss: 0.6928 - acc: 0.4898
1424/1424 [==============================] - 7s 5ms/step - loss: 0.6925 - acc: 0.4937 - val_loss: 0.6778 - val_acc: 0.5000
Train on 1424 samples, validate on 708 samples
Epoch 1/1

  32/1424 [..............................] - ETA: 1s - loss: 0.6921 - acc: 0.4688
  96/1424 [=>............................] - ETA: 1s - loss: 0.6804 - acc: 0.5521
 160/1424 [==>...........................] - ETA: 1s - loss: 0.6783 - acc: 0.5563
 224/1424 [===>..........................] - ETA: 1s - loss: 0.6769 - acc: 0.5402
 288/1424 [=====>........................] - ETA: 1s - loss: 0.6693 - acc: 0.5417
 352/1424 [======>.......................] - ETA: 1s - loss: 0.6675 - acc: 0.5369
 416/1424 [=======>......................] - ETA: 0s - loss: 0.6659 - acc: 0.5240
 480/1424 [=========>....................] - ETA: 0s - loss: 0.6653 - acc: 0.5333
 544/1424 [==========>...................] - ETA: 0s - loss: 0.6594 - acc: 0.5515
 608/1424 [===========>..................] - ETA: 0s - loss: 0.6595 - acc: 0.5609
 672/1424 [=============>................] - ETA: 0s - loss: 0.6578 - acc: 0.5699
 736/1424 [==============>...............] - ETA: 0s - loss: 0.6577 - acc: 0.5829
 800/1424 [===============>..............] - ETA: 0s - loss: 0.6555 - acc: 0.5988
 864/1424 [=================>............] - ETA: 0s - loss: 0.6499 - acc: 0.6134
 928/1424 [==================>...........] - ETA: 0s - loss: 0.6507 - acc: 0.6185
 992/1424 [===================>..........] - ETA: 0s - loss: 0.6440 - acc: 0.6260
1056/1424 [=====================>........] - ETA: 0s - loss: 0.6445 - acc: 0.6316
1120/1424 [======================>.......] - ETA: 0s - loss: 0.6614 - acc: 0.6393
1184/1424 [=======================>......] - ETA: 0s - loss: 0.6586 - acc: 0.6461
1248/1424 [=========================>....] - ETA: 0s - loss: 0.6555 - acc: 0.6522
1312/1424 [==========================>...] - ETA: 0s - loss: 0.6523 - acc: 0.6517
1376/1424 [===========================>..] - ETA: 0s - loss: 0.6510 - acc: 0.6562
1424/1424 [==============================] - 4s 3ms/step - loss: 0.6516 - acc: 0.6587 - val_loss: 8.0590 - val_acc: 0.5000
Train on 1424 samples, validate on 708 samples
Epoch 1/1

  32/1424 [..............................] - ETA: 1s - loss: 0.6633 - acc: 0.7500
  96/1424 [=>............................] - ETA: 1s - loss: 0.6094 - acc: 0.8229
 160/1424 [==>...........................] - ETA: 1s - loss: 0.6565 - acc: 0.7500
 224/1424 [===>..........................] - ETA: 1s - loss: 0.6598 - acc: 0.7500
 288/1424 [=====>........................] - ETA: 1s - loss: 0.6519 - acc: 0.7465
 352/1424 [======>.......................] - ETA: 1s - loss: 0.6393 - acc: 0.7614
 416/1424 [=======>......................] - ETA: 0s - loss: 0.6390 - acc: 0.7476
 480/1424 [=========>....................] - ETA: 0s - loss: 0.6337 - acc: 0.7375
 544/1424 [==========>...................] - ETA: 0s - loss: 0.6444 - acc: 0.7316
 608/1424 [===========>..................] - ETA: 0s - loss: 0.6398 - acc: 0.7319
 672/1424 [=============>................] - ETA: 0s - loss: 0.6390 - acc: 0.7262
 736/1424 [==============>...............] - ETA: 0s - loss: 0.6370 - acc: 0.7188
 800/1424 [===============>..............] - ETA: 0s - loss: 0.6332 - acc: 0.7188
 864/1424 [=================>............] - ETA: 0s - loss: 0.6311 - acc: 0.7211
 928/1424 [==================>...........] - ETA: 0s - loss: 0.6340 - acc: 0.7101
 992/1424 [===================>..........] - ETA: 0s - loss: 0.6335 - acc: 0.7087
1056/1424 [=====================>........] - ETA: 0s - loss: 0.6332 - acc: 0.7083
1120/1424 [======================>.......] - ETA: 0s - loss: 0.6326 - acc: 0.7089
1184/1424 [=======================>......] - ETA: 0s - loss: 0.6319 - acc: 0.7128
1248/1424 [=========================>....] - ETA: 0s - loss: 0.6373 - acc: 0.7115
1312/1424 [==========================>...] - ETA: 0s - loss: 0.6370 - acc: 0.7142
1376/1424 [===========================>..] - ETA: 0s - loss: 0.6362 - acc: 0.7144
1424/1424 [==============================] - 4s 3ms/step - loss: 0.6353 - acc: 0.7135 - val_loss: 0.7395 - val_acc: 0.7782
Train on 1424 samples, validate on 708 samples
Epoch 1/1

  32/1424 [..............................] - ETA: 1s - loss: 0.6402 - acc: 0.7812
  96/1424 [=>............................] - ETA: 1s - loss: 0.5822 - acc: 0.8125
 160/1424 [==>...........................] - ETA: 1s - loss: 0.5868 - acc: 0.7937
 224/1424 [===>..........................] - ETA: 1s - loss: 0.5899 - acc: 0.7946
 288/1424 [=====>........................] - ETA: 1s - loss: 0.6242 - acc: 0.7604
 352/1424 [======>.......................] - ETA: 1s - loss: 0.6381 - acc: 0.7443
 416/1424 [=======>......................] - ETA: 0s - loss: 0.6318 - acc: 0.7404
 480/1424 [=========>....................] - ETA: 0s - loss: 0.6240 - acc: 0.7458
 544/1424 [==========>...................] - ETA: 0s - loss: 0.6204 - acc: 0.7518
 608/1424 [===========>..................] - ETA: 0s - loss: 0.6151 - acc: 0.7516
 672/1424 [=============>................] - ETA: 0s - loss: 0.6115 - acc: 0.7515
 736/1424 [==============>...............] - ETA: 0s - loss: 0.6136 - acc: 0.7459
 800/1424 [===============>..............] - ETA: 0s - loss: 0.6131 - acc: 0.7412
 864/1424 [=================>............] - ETA: 0s - loss: 0.6179 - acc: 0.7361
 928/1424 [==================>...........] - ETA: 0s - loss: 0.6232 - acc: 0.7360
 992/1424 [===================>..........] - ETA: 0s - loss: 0.6213 - acc: 0.7369
1056/1424 [=====================>........] - ETA: 0s - loss: 0.6302 - acc: 0.7301
1120/1424 [======================>.......] - ETA: 0s - loss: 0.6323 - acc: 0.7268
1184/1424 [=======================>......] - ETA: 0s - loss: 0.6330 - acc: 0.7264
1248/1424 [=========================>....] - ETA: 0s - loss: 0.6329 - acc: 0.7244
1312/1424 [==========================>...] - ETA: 0s - loss: 0.6326 - acc: 0.7233
1376/1424 [===========================>..] - ETA: 0s - loss: 0.6337 - acc: 0.7246
1424/1424 [==============================] - 4s 3ms/step - loss: 0.6336 - acc: 0.7240 - val_loss: 1.0622 - val_acc: 0.8121
Train on 1424 samples, validate on 708 samples
Epoch 1/1

  32/1424 [..............................] - ETA: 1s - loss: 0.5710 - acc: 0.7500
  96/1424 [=>............................] - ETA: 1s - loss: 0.5953 - acc: 0.7604
 160/1424 [==>...........................] - ETA: 1s - loss: 0.5963 - acc: 0.7812
 224/1424 [===>..........................] - ETA: 1s - loss: 0.6498 - acc: 0.7679
 288/1424 [=====>........................] - ETA: 1s - loss: 0.6482 - acc: 0.7396
 352/1424 [======>.......................] - ETA: 1s - loss: 0.6489 - acc: 0.7188
 416/1424 [=======>......................] - ETA: 0s - loss: 0.6350 - acc: 0.7163
 480/1424 [=========>....................] - ETA: 0s - loss: 0.6231 - acc: 0.7208
 544/1424 [==========>...................] - ETA: 0s - loss: 0.6226 - acc: 0.7206
 608/1424 [===========>..................] - ETA: 0s - loss: 0.6156 - acc: 0.7188
 672/1424 [=============>................] - ETA: 0s - loss: 0.6269 - acc: 0.7232
 736/1424 [==============>...............] - ETA: 0s - loss: 0.6205 - acc: 0.7242
 800/1424 [===============>..............] - ETA: 0s - loss: 0.6158 - acc: 0.7250
 864/1424 [=================>............] - ETA: 0s - loss: 0.6109 - acc: 0.7257
 928/1424 [==================>...........] - ETA: 0s - loss: 0.6071 - acc: 0.7252
 992/1424 [===================>..........] - ETA: 0s - loss: 0.6080 - acc: 0.7218
1056/1424 [=====================>........] - ETA: 0s - loss: 0.6030 - acc: 0.7254
1120/1424 [======================>.......] - ETA: 0s - loss: 0.6019 - acc: 0.7277
1184/1424 [=======================>......] - ETA: 0s - loss: 0.5988 - acc: 0.7323
1248/1424 [=========================>....] - ETA: 0s - loss: 0.5966 - acc: 0.7316
1312/1424 [==========================>...] - ETA: 0s - loss: 0.5906 - acc: 0.7386
1376/1424 [===========================>..] - ETA: 0s - loss: 0.5865 - acc: 0.7398
1424/1424 [==============================] - 4s 3ms/step - loss: 0.5855 - acc: 0.7402 - val_loss: 4.4015 - val_acc: 0.6342
Train on 1424 samples, validate on 708 samples
Epoch 1/1

  32/1424 [..............................] - ETA: 1s - loss: 0.5852 - acc: 0.7500
  96/1424 [=>............................] - ETA: 1s - loss: 0.6150 - acc: 0.7396
 160/1424 [==>...........................] - ETA: 1s - loss: 0.5836 - acc: 0.7500
 224/1424 [===>..........................] - ETA: 1s - loss: 0.6422 - acc: 0.7500
 288/1424 [=====>........................] - ETA: 1s - loss: 0.6613 - acc: 0.7465
 352/1424 [======>.......................] - ETA: 1s - loss: 0.6849 - acc: 0.7500
 416/1424 [=======>......................] - ETA: 0s - loss: 0.6712 - acc: 0.7476
 480/1424 [=========>....................] - ETA: 0s - loss: 0.6660 - acc: 0.7417
 544/1424 [==========>...................] - ETA: 0s - loss: 0.6577 - acc: 0.7426
 608/1424 [===========>..................] - ETA: 0s - loss: 0.6425 - acc: 0.7516
 672/1424 [=============>................] - ETA: 0s - loss: 0.6339 - acc: 0.7530
 736/1424 [==============>...............] - ETA: 0s - loss: 0.6294 - acc: 0.7486
 800/1424 [===============>..............] - ETA: 0s - loss: 0.6272 - acc: 0.7425
 864/1424 [=================>............] - ETA: 0s - loss: 0.6255 - acc: 0.7442
 928/1424 [==================>...........] - ETA: 0s - loss: 0.6198 - acc: 0.7435
 992/1424 [===================>..........] - ETA: 0s - loss: 0.6185 - acc: 0.7409
1056/1424 [=====================>........] - ETA: 0s - loss: 0.6141 - acc: 0.7405
1120/1424 [======================>.......] - ETA: 0s - loss: 0.6100 - acc: 0.7402
1184/1424 [=======================>......] - ETA: 0s - loss: 0.6089 - acc: 0.7407
1248/1424 [=========================>....] - ETA: 0s - loss: 0.6038 - acc: 0.7444
1312/1424 [==========================>...] - ETA: 0s - loss: 0.6039 - acc: 0.7447
1376/1424 [===========================>..] - ETA: 0s - loss: 0.6097 - acc: 0.7406
1424/1424 [==============================] - 4s 3ms/step - loss: 0.6078 - acc: 0.7416 - val_loss: 5.7462 - val_acc: 0.5537
Train on 1424 samples, validate on 708 samples
Epoch 1/1

  32/1424 [..............................] - ETA: 1s - loss: 0.4829 - acc: 0.8438
  96/1424 [=>............................] - ETA: 1s - loss: 0.5463 - acc: 0.8438
 160/1424 [==>...........................] - ETA: 1s - loss: 0.5668 - acc: 0.7812
 224/1424 [===>..........................] - ETA: 1s - loss: 0.5570 - acc: 0.7679
 288/1424 [=====>........................] - ETA: 1s - loss: 0.5512 - acc: 0.7708
 352/1424 [======>.......................] - ETA: 1s - loss: 0.5354 - acc: 0.7841
 416/1424 [=======>......................] - ETA: 0s - loss: 0.5350 - acc: 0.7716
 480/1424 [=========>....................] - ETA: 0s - loss: 0.5400 - acc: 0.7625
 544/1424 [==========>...................] - ETA: 0s - loss: 0.5434 - acc: 0.7592
 608/1424 [===========>..................] - ETA: 0s - loss: 0.5417 - acc: 0.7582
 672/1424 [=============>................] - ETA: 0s - loss: 0.5458 - acc: 0.7574
 736/1424 [==============>...............] - ETA: 0s - loss: 0.5396 - acc: 0.7609
 800/1424 [===============>..............] - ETA: 0s - loss: 0.5353 - acc: 0.7612
 864/1424 [=================>............] - ETA: 0s - loss: 0.5355 - acc: 0.7558
 928/1424 [==================>...........] - ETA: 0s - loss: 0.5360 - acc: 0.7532
 992/1424 [===================>..........] - ETA: 0s - loss: 0.5373 - acc: 0.7510
1056/1424 [=====================>........] - ETA: 0s - loss: 0.5375 - acc: 0.7500
1120/1424 [======================>.......] - ETA: 0s - loss: 0.5384 - acc: 0.7491
1184/1424 [=======================>......] - ETA: 0s - loss: 0.5398 - acc: 0.7500
1248/1424 [=========================>....] - ETA: 0s - loss: 0.5443 - acc: 0.7500
1312/1424 [==========================>...] - ETA: 0s - loss: 0.5427 - acc: 0.7508
1376/1424 [===========================>..] - ETA: 0s - loss: 0.5380 - acc: 0.7536
1424/1424 [==============================] - 4s 3ms/step - loss: 0.5370 - acc: 0.7577 - val_loss: 2.9158 - val_acc: 0.7401
Train on 1424 samples, validate on 708 samples
Epoch 1/1

  32/1424 [..............................] - ETA: 1s - loss: 0.6398 - acc: 0.6562
  96/1424 [=>............................] - ETA: 1s - loss: 0.5411 - acc: 0.7396
 160/1424 [==>...........................] - ETA: 1s - loss: 0.5536 - acc: 0.7250
 224/1424 [===>..........................] - ETA: 1s - loss: 0.5435 - acc: 0.7321
 288/1424 [=====>........................] - ETA: 1s - loss: 0.5255 - acc: 0.7465
 352/1424 [======>.......................] - ETA: 1s - loss: 0.5250 - acc: 0.7443
 416/1424 [=======>......................] - ETA: 0s - loss: 0.5294 - acc: 0.7524
 480/1424 [=========>....................] - ETA: 0s - loss: 0.5420 - acc: 0.7438
 544/1424 [==========>...................] - ETA: 0s - loss: 0.5314 - acc: 0.7537
 608/1424 [===========>..................] - ETA: 0s - loss: 0.5363 - acc: 0.7484
 672/1424 [=============>................] - ETA: 0s - loss: 0.5399 - acc: 0.7470
 736/1424 [==============>...............] - ETA: 0s - loss: 0.5411 - acc: 0.7500
 800/1424 [===============>..............] - ETA: 0s - loss: 0.5400 - acc: 0.7525
 864/1424 [=================>............] - ETA: 0s - loss: 0.5388 - acc: 0.7569
 928/1424 [==================>...........] - ETA: 0s - loss: 0.5382 - acc: 0.7565
 992/1424 [===================>..........] - ETA: 0s - loss: 0.5381 - acc: 0.7581
1056/1424 [=====================>........] - ETA: 0s - loss: 0.5367 - acc: 0.7566
1120/1424 [======================>.......] - ETA: 0s - loss: 0.5328 - acc: 0.7589
1184/1424 [=======================>......] - ETA: 0s - loss: 0.5358 - acc: 0.7593
1248/1424 [=========================>....] - ETA: 0s - loss: 0.5382 - acc: 0.7564
1312/1424 [==========================>...] - ETA: 0s - loss: 0.5403 - acc: 0.7508
1376/1424 [===========================>..] - ETA: 0s - loss: 0.5376 - acc: 0.7536
1424/1424 [==============================] - 4s 3ms/step - loss: 0.5383 - acc: 0.7549 - val_loss: 5.7977 - val_acc: 0.5311
Train on 1424 samples, validate on 708 samples
Epoch 1/1

  32/1424 [..............................] - ETA: 1s - loss: 0.5034 - acc: 0.7812
  96/1424 [=>............................] - ETA: 1s - loss: 0.4935 - acc: 0.7917
 160/1424 [==>...........................] - ETA: 1s - loss: 0.5467 - acc: 0.7500
 224/1424 [===>..........................] - ETA: 1s - loss: 0.5558 - acc: 0.7455
 288/1424 [=====>........................] - ETA: 1s - loss: 0.5617 - acc: 0.7431
 352/1424 [======>.......................] - ETA: 1s - loss: 0.5637 - acc: 0.7472
 416/1424 [=======>......................] - ETA: 0s - loss: 0.5612 - acc: 0.7380
 480/1424 [=========>....................] - ETA: 0s - loss: 0.5710 - acc: 0.7250
 544/1424 [==========>...................] - ETA: 0s - loss: 0.5671 - acc: 0.7279
 608/1424 [===========>..................] - ETA: 0s - loss: 0.5688 - acc: 0.7253
 672/1424 [=============>................] - ETA: 0s - loss: 0.5655 - acc: 0.7351
 736/1424 [==============>...............] - ETA: 0s - loss: 0.5705 - acc: 0.7310
 800/1424 [===============>..............] - ETA: 0s - loss: 0.5657 - acc: 0.7375
 864/1424 [=================>............] - ETA: 0s - loss: 0.5616 - acc: 0.7431
 928/1424 [==================>...........] - ETA: 0s - loss: 0.5622 - acc: 0.7381
 992/1424 [===================>..........] - ETA: 0s - loss: 0.5562 - acc: 0.7440
1056/1424 [=====================>........] - ETA: 0s - loss: 0.5500 - acc: 0.7472
1120/1424 [======================>.......] - ETA: 0s - loss: 0.5490 - acc: 0.7482
1184/1424 [=======================>......] - ETA: 0s - loss: 0.5469 - acc: 0.7483
1248/1424 [=========================>....] - ETA: 0s - loss: 0.5427 - acc: 0.7492
1312/1424 [==========================>...] - ETA: 0s - loss: 0.5400 - acc: 0.7530
1376/1424 [===========================>..] - ETA: 0s - loss: 0.5391 - acc: 0.7544
1424/1424 [==============================] - 4s 3ms/step - loss: 0.5387 - acc: 0.7542 - val_loss: 7.5398 - val_acc: 0.5212
Train on 1424 samples, validate on 708 samples
Epoch 1/1

  32/1424 [..............................] - ETA: 1s - loss: 0.6056 - acc: 0.6562
  96/1424 [=>............................] - ETA: 1s - loss: 0.6306 - acc: 0.6875
 160/1424 [==>...........................] - ETA: 1s - loss: 0.6105 - acc: 0.7188
 224/1424 [===>..........................] - ETA: 1s - loss: 0.5794 - acc: 0.7277
 288/1424 [=====>........................] - ETA: 1s - loss: 0.5752 - acc: 0.7292
 352/1424 [======>.......................] - ETA: 1s - loss: 0.5883 - acc: 0.7244
 416/1424 [=======>......................] - ETA: 0s - loss: 0.5737 - acc: 0.7260
 480/1424 [=========>....................] - ETA: 0s - loss: 0.5785 - acc: 0.7229
 544/1424 [==========>...................] - ETA: 0s - loss: 0.5732 - acc: 0.7298
 608/1424 [===========>..................] - ETA: 0s - loss: 0.5616 - acc: 0.7368
 672/1424 [=============>................] - ETA: 0s - loss: 0.5679 - acc: 0.7336
 736/1424 [==============>...............] - ETA: 0s - loss: 0.5577 - acc: 0.7432
 800/1424 [===============>..............] - ETA: 0s - loss: 0.5543 - acc: 0.7462
 864/1424 [=================>............] - ETA: 0s - loss: 0.5472 - acc: 0.7477
 928/1424 [==================>...........] - ETA: 0s - loss: 0.5477 - acc: 0.7468
 992/1424 [===================>..........] - ETA: 0s - loss: 0.5525 - acc: 0.7409
1056/1424 [=====================>........] - ETA: 0s - loss: 0.5536 - acc: 0.7443
1120/1424 [======================>.......] - ETA: 0s - loss: 0.5469 - acc: 0.7509
1184/1424 [=======================>......] - ETA: 0s - loss: 0.5415 - acc: 0.7568
1248/1424 [=========================>....] - ETA: 0s - loss: 0.5400 - acc: 0.7604
1312/1424 [==========================>...] - ETA: 0s - loss: 0.5408 - acc: 0.7599
1376/1424 [===========================>..] - ETA: 0s - loss: 0.5359 - acc: 0.7624
1424/1424 [==============================] - 4s 3ms/step - loss: 0.5363 - acc: 0.7605 - val_loss: 2.2198 - val_acc: 0.7768
Train on 1424 samples, validate on 708 samples
Epoch 1/1

  32/1424 [..............................] - ETA: 1s - loss: 0.6791 - acc: 0.5938
  96/1424 [=>............................] - ETA: 1s - loss: 0.5728 - acc: 0.6979
 160/1424 [==>...........................] - ETA: 1s - loss: 0.5915 - acc: 0.7063
 224/1424 [===>..........................] - ETA: 1s - loss: 0.5591 - acc: 0.7500
 288/1424 [=====>........................] - ETA: 1s - loss: 0.5520 - acc: 0.7569
 352/1424 [======>.......................] - ETA: 1s - loss: 0.5568 - acc: 0.7415
 416/1424 [=======>......................] - ETA: 0s - loss: 0.5501 - acc: 0.7404
 480/1424 [=========>....................] - ETA: 0s - loss: 0.5421 - acc: 0.7479
 544/1424 [==========>...................] - ETA: 0s - loss: 0.5351 - acc: 0.7518
 608/1424 [===========>..................] - ETA: 0s - loss: 0.5300 - acc: 0.7615
 672/1424 [=============>................] - ETA: 0s - loss: 0.5309 - acc: 0.7604
 736/1424 [==============>...............] - ETA: 0s - loss: 0.5275 - acc: 0.7595
 800/1424 [===============>..............] - ETA: 0s - loss: 0.5277 - acc: 0.7588
 864/1424 [=================>............] - ETA: 0s - loss: 0.5407 - acc: 0.7512
 928/1424 [==================>...........] - ETA: 0s - loss: 0.5369 - acc: 0.7522
 992/1424 [===================>..........] - ETA: 0s - loss: 0.5366 - acc: 0.7510
1056/1424 [=====================>........] - ETA: 0s - loss: 0.5360 - acc: 0.7509
1120/1424 [======================>.......] - ETA: 0s - loss: 0.5353 - acc: 0.7518
1184/1424 [=======================>......] - ETA: 0s - loss: 0.5359 - acc: 0.7517
1248/1424 [=========================>....] - ETA: 0s - loss: 0.5309 - acc: 0.7564
1312/1424 [==========================>...] - ETA: 0s - loss: 0.5344 - acc: 0.7530
1376/1424 [===========================>..] - ETA: 0s - loss: 0.5363 - acc: 0.7500
1424/1424 [==============================] - 4s 3ms/step - loss: 0.5345 - acc: 0.7500 - val_loss: 1.3762 - val_acc: 0.8362

  32/1424 [..............................] - ETA: 25s
  64/1424 [>.............................] - ETA: 15s
  96/1424 [=>............................] - ETA: 11s
 128/1424 [=>............................] - ETA: 9s 
 160/1424 [==>...........................] - ETA: 8s
 192/1424 [===>..........................] - ETA: 7s
 224/1424 [===>..........................] - ETA: 6s
 256/1424 [====>.........................] - ETA: 6s
 288/1424 [=====>........................] - ETA: 5s
 320/1424 [=====>........................] - ETA: 5s
 352/1424 [======>.......................] - ETA: 5s
 384/1424 [=======>......................] - ETA: 5s
 416/1424 [=======>......................] - ETA: 4s
 448/1424 [========>.....................] - ETA: 4s
 480/1424 [=========>....................] - ETA: 4s
 512/1424 [=========>....................] - ETA: 4s
 544/1424 [==========>...................] - ETA: 3s
 576/1424 [===========>..................] - ETA: 3s
 608/1424 [===========>..................] - ETA: 3s
 640/1424 [============>.................] - ETA: 3s
 672/1424 [=============>................] - ETA: 3s
 704/1424 [=============>................] - ETA: 3s
 736/1424 [==============>...............] - ETA: 2s
 768/1424 [===============>..............] - ETA: 2s
 800/1424 [===============>..............] - ETA: 2s
 832/1424 [================>.............] - ETA: 2s
 864/1424 [=================>............] - ETA: 2s
 896/1424 [=================>............] - ETA: 2s
 928/1424 [==================>...........] - ETA: 2s
 960/1424 [===================>..........] - ETA: 1s
 992/1424 [===================>..........] - ETA: 1s
1024/1424 [====================>.........] - ETA: 1s
1056/1424 [=====================>........] - ETA: 1s
1088/1424 [=====================>........] - ETA: 1s
1120/1424 [======================>.......] - ETA: 1s
1152/1424 [=======================>......] - ETA: 1s
1184/1424 [=======================>......] - ETA: 0s
1216/1424 [========================>.....] - ETA: 0s
1248/1424 [=========================>....] - ETA: 0s
1280/1424 [=========================>....] - ETA: 0s
1312/1424 [==========================>...] - ETA: 0s
1344/1424 [===========================>..] - ETA: 0s
1376/1424 [===========================>..] - ETA: 0s
1408/1424 [============================>.] - ETA: 0s
1424/1424 [==============================] - 6s 4ms/step
Test acc: 0.5

  32/1424 [..............................] - ETA: 5s
  64/1424 [>.............................] - ETA: 4s
  96/1424 [=>............................] - ETA: 4s
 128/1424 [=>............................] - ETA: 4s
 160/1424 [==>...........................] - ETA: 4s
 192/1424 [===>..........................] - ETA: 4s
 224/1424 [===>..........................] - ETA: 4s
 256/1424 [====>.........................] - ETA: 4s
 288/1424 [=====>........................] - ETA: 4s
 320/1424 [=====>........................] - ETA: 3s
 352/1424 [======>.......................] - ETA: 3s
 384/1424 [=======>......................] - ETA: 3s
 416/1424 [=======>......................] - ETA: 3s
 448/1424 [========>.....................] - ETA: 3s
 480/1424 [=========>....................] - ETA: 3s
 512/1424 [=========>....................] - ETA: 3s
 544/1424 [==========>...................] - ETA: 3s
 576/1424 [===========>..................] - ETA: 3s
 608/1424 [===========>..................] - ETA: 2s
 640/1424 [============>.................] - ETA: 2s
 672/1424 [=============>................] - ETA: 2s
 704/1424 [=============>................] - ETA: 2s
 736/1424 [==============>...............] - ETA: 2s
 768/1424 [===============>..............] - ETA: 2s
 800/1424 [===============>..............] - ETA: 2s
 832/1424 [================>.............] - ETA: 2s
 864/1424 [=================>............] - ETA: 2s
 896/1424 [=================>............] - ETA: 1s
 928/1424 [==================>...........] - ETA: 1s
 960/1424 [===================>..........] - ETA: 1s
 992/1424 [===================>..........] - ETA: 1s
1024/1424 [====================>.........] - ETA: 1s
1056/1424 [=====================>........] - ETA: 1s
1088/1424 [=====================>........] - ETA: 1s
1120/1424 [======================>.......] - ETA: 1s
1152/1424 [=======================>......] - ETA: 0s
1184/1424 [=======================>......] - ETA: 0s
1216/1424 [========================>.....] - ETA: 0s
1248/1424 [=========================>....] - ETA: 0s
1280/1424 [=========================>....] - ETA: 0s
1312/1424 [==========================>...] - ETA: 0s
1344/1424 [===========================>..] - ETA: 0s
1376/1424 [===========================>..] - ETA: 0s
1408/1424 [============================>.] - ETA: 0s
1424/1424 [==============================] - 5s 4ms/step
Test acc: [0.6776976170164816, 0.5]
Test auc: 0.8886484503219291
Test mcc: 0.0
Execute epoch: 10
Execute time: 50.49224901199341
(W) Execute time: 49.56602501869202
