_________________________________________________________________
Layer (type)                 Output Shape              Param #   
=================================================================
embedding_1 (Embedding)      (None, None, 128)         2688      
_________________________________________________________________
lstm_1 (LSTM)                (None, None, 64)          49408     
_________________________________________________________________
lstm_2 (LSTM)                (None, None, 64)          33024     
_________________________________________________________________
lstm_3 (LSTM)                (None, 64)                33024     
_________________________________________________________________
dense_1 (Dense)              (None, 16)                1040      
_________________________________________________________________
dense_2 (Dense)              (None, 1)                 17        
=================================================================
Total params: 119,201
Trainable params: 119,201
Non-trainable params: 0
_________________________________________________________________
Train on 1424 samples, validate on 708 samples
Epoch 1/1

  32/1424 [..............................] - ETA: 2:31 - loss: 0.6935 - acc: 0.5000
  64/1424 [>.............................] - ETA: 1:20 - loss: 0.6934 - acc: 0.4375
  96/1424 [=>............................] - ETA: 56s - loss: 0.6934 - acc: 0.4688 
 128/1424 [=>............................] - ETA: 44s - loss: 0.6933 - acc: 0.4688
 160/1424 [==>...........................] - ETA: 36s - loss: 0.6927 - acc: 0.5062
 192/1424 [===>..........................] - ETA: 31s - loss: 0.6926 - acc: 0.5156
 224/1424 [===>..........................] - ETA: 27s - loss: 0.6924 - acc: 0.5223
 256/1424 [====>.........................] - ETA: 25s - loss: 0.6923 - acc: 0.5234
 288/1424 [=====>........................] - ETA: 22s - loss: 0.6930 - acc: 0.5069
 320/1424 [=====>........................] - ETA: 20s - loss: 0.6932 - acc: 0.5031
 352/1424 [======>.......................] - ETA: 19s - loss: 0.6937 - acc: 0.4886
 384/1424 [=======>......................] - ETA: 17s - loss: 0.6934 - acc: 0.4948
 416/1424 [=======>......................] - ETA: 16s - loss: 0.6931 - acc: 0.5000
 448/1424 [========>.....................] - ETA: 15s - loss: 0.6934 - acc: 0.4955
 480/1424 [=========>....................] - ETA: 14s - loss: 0.6930 - acc: 0.5021
 512/1424 [=========>....................] - ETA: 13s - loss: 0.6932 - acc: 0.4980
 544/1424 [==========>...................] - ETA: 13s - loss: 0.6932 - acc: 0.4982
 576/1424 [===========>..................] - ETA: 12s - loss: 0.6932 - acc: 0.4948
 608/1424 [===========>..................] - ETA: 11s - loss: 0.6931 - acc: 0.4967
 640/1424 [============>.................] - ETA: 10s - loss: 0.6930 - acc: 0.5000
 672/1424 [=============>................] - ETA: 10s - loss: 0.6930 - acc: 0.4985
 704/1424 [=============>................] - ETA: 9s - loss: 0.6930 - acc: 0.4986 
 736/1424 [==============>...............] - ETA: 9s - loss: 0.6930 - acc: 0.4973
 768/1424 [===============>..............] - ETA: 8s - loss: 0.6930 - acc: 0.4974
 800/1424 [===============>..............] - ETA: 8s - loss: 0.6929 - acc: 0.4975
 832/1424 [================>.............] - ETA: 7s - loss: 0.6930 - acc: 0.4964
 864/1424 [=================>............] - ETA: 7s - loss: 0.6928 - acc: 0.4988
 896/1424 [=================>............] - ETA: 6s - loss: 0.6928 - acc: 0.4978
 928/1424 [==================>...........] - ETA: 6s - loss: 0.6929 - acc: 0.4968
 960/1424 [===================>..........] - ETA: 5s - loss: 0.6928 - acc: 0.4948
 992/1424 [===================>..........] - ETA: 5s - loss: 0.6928 - acc: 0.4919
1024/1424 [====================>.........] - ETA: 4s - loss: 0.6927 - acc: 0.4932
1056/1424 [=====================>........] - ETA: 4s - loss: 0.6927 - acc: 0.4877
1088/1424 [=====================>........] - ETA: 4s - loss: 0.6925 - acc: 0.4890
1120/1424 [======================>.......] - ETA: 3s - loss: 0.6923 - acc: 0.4902
1152/1424 [=======================>......] - ETA: 3s - loss: 0.6920 - acc: 0.4922
1184/1424 [=======================>......] - ETA: 2s - loss: 0.6917 - acc: 0.4932
1216/1424 [========================>.....] - ETA: 2s - loss: 0.6915 - acc: 0.4926
1248/1424 [=========================>....] - ETA: 2s - loss: 0.6914 - acc: 0.4920
1280/1424 [=========================>....] - ETA: 1s - loss: 0.6914 - acc: 0.4906
1312/1424 [==========================>...] - ETA: 1s - loss: 0.6913 - acc: 0.4863
1344/1424 [===========================>..] - ETA: 0s - loss: 0.6910 - acc: 0.4859
1376/1424 [===========================>..] - ETA: 0s - loss: 0.6900 - acc: 0.4884
1408/1424 [============================>.] - ETA: 0s - loss: 0.6890 - acc: 0.4922
1424/1424 [==============================] - 19s 13ms/step - loss: 0.6882 - acc: 0.4923 - val_loss: 0.6366 - val_acc: 0.5254
Train on 1424 samples, validate on 708 samples
Epoch 1/1

  32/1424 [..............................] - ETA: 13s - loss: 0.6969 - acc: 0.4688
  64/1424 [>.............................] - ETA: 12s - loss: 0.6564 - acc: 0.4688
  96/1424 [=>............................] - ETA: 12s - loss: 0.5860 - acc: 0.5625
 128/1424 [=>............................] - ETA: 11s - loss: 0.6246 - acc: 0.5859
 160/1424 [==>...........................] - ETA: 11s - loss: 0.7229 - acc: 0.5625
 192/1424 [===>..........................] - ETA: 11s - loss: 0.7727 - acc: 0.5781
 224/1424 [===>..........................] - ETA: 10s - loss: 0.8180 - acc: 0.5759
 256/1424 [====>.........................] - ETA: 10s - loss: 0.7859 - acc: 0.6055
 288/1424 [=====>........................] - ETA: 10s - loss: 0.7612 - acc: 0.6389
 320/1424 [=====>........................] - ETA: 9s - loss: 0.7445 - acc: 0.6562 
 352/1424 [======>.......................] - ETA: 9s - loss: 0.7305 - acc: 0.6619
 384/1424 [=======>......................] - ETA: 9s - loss: 0.7334 - acc: 0.6667
 416/1424 [=======>......................] - ETA: 9s - loss: 0.7287 - acc: 0.6755
 448/1424 [========>.....................] - ETA: 8s - loss: 0.7216 - acc: 0.6830
 480/1424 [=========>....................] - ETA: 8s - loss: 0.7172 - acc: 0.6833
 512/1424 [=========>....................] - ETA: 8s - loss: 0.7106 - acc: 0.6934
 544/1424 [==========>...................] - ETA: 7s - loss: 0.7090 - acc: 0.6912
 576/1424 [===========>..................] - ETA: 7s - loss: 0.7060 - acc: 0.6910
 608/1424 [===========>..................] - ETA: 7s - loss: 0.7020 - acc: 0.6974
 640/1424 [============>.................] - ETA: 7s - loss: 0.7001 - acc: 0.6984
 672/1424 [=============>................] - ETA: 6s - loss: 0.6974 - acc: 0.7068
 704/1424 [=============>................] - ETA: 6s - loss: 0.6952 - acc: 0.7116
 736/1424 [==============>...............] - ETA: 6s - loss: 0.6925 - acc: 0.7160
 768/1424 [===============>..............] - ETA: 5s - loss: 0.6883 - acc: 0.7214
 800/1424 [===============>..............] - ETA: 5s - loss: 0.6863 - acc: 0.7225
 832/1424 [================>.............] - ETA: 5s - loss: 0.6851 - acc: 0.7224
 864/1424 [=================>............] - ETA: 5s - loss: 0.6797 - acc: 0.7257
 896/1424 [=================>............] - ETA: 4s - loss: 0.6739 - acc: 0.7277
 928/1424 [==================>...........] - ETA: 4s - loss: 0.6875 - acc: 0.7284
 960/1424 [===================>..........] - ETA: 4s - loss: 0.6812 - acc: 0.7292
 992/1424 [===================>..........] - ETA: 3s - loss: 0.6807 - acc: 0.7248
1024/1424 [====================>.........] - ETA: 3s - loss: 0.6749 - acc: 0.7207
1056/1424 [=====================>........] - ETA: 3s - loss: 0.6745 - acc: 0.7140
1088/1424 [=====================>........] - ETA: 3s - loss: 0.6852 - acc: 0.7142
1120/1424 [======================>.......] - ETA: 2s - loss: 0.7246 - acc: 0.7134
1152/1424 [=======================>......] - ETA: 2s - loss: 0.7231 - acc: 0.7135
1184/1424 [=======================>......] - ETA: 2s - loss: 0.7183 - acc: 0.7171
1216/1424 [========================>.....] - ETA: 1s - loss: 0.7144 - acc: 0.7204
1248/1424 [=========================>....] - ETA: 1s - loss: 0.7193 - acc: 0.7212
1280/1424 [=========================>....] - ETA: 1s - loss: 0.7164 - acc: 0.7211
1312/1424 [==========================>...] - ETA: 1s - loss: 0.7248 - acc: 0.7233
1344/1424 [===========================>..] - ETA: 0s - loss: 0.7215 - acc: 0.7262
1376/1424 [===========================>..] - ETA: 0s - loss: 0.7197 - acc: 0.7260
1408/1424 [============================>.] - ETA: 0s - loss: 0.7175 - acc: 0.7259
1424/1424 [==============================] - 15s 11ms/step - loss: 0.7168 - acc: 0.7254 - val_loss: 0.6506 - val_acc: 0.6201
Train on 1424 samples, validate on 708 samples
Epoch 1/1

  32/1424 [..............................] - ETA: 12s - loss: 0.6385 - acc: 0.6562
  64/1424 [>.............................] - ETA: 12s - loss: 0.6567 - acc: 0.6094
  96/1424 [=>............................] - ETA: 11s - loss: 0.6373 - acc: 0.6562
 128/1424 [=>............................] - ETA: 11s - loss: 0.7430 - acc: 0.6641
 160/1424 [==>...........................] - ETA: 11s - loss: 0.7213 - acc: 0.6438
 192/1424 [===>..........................] - ETA: 11s - loss: 0.7036 - acc: 0.6250
 224/1424 [===>..........................] - ETA: 10s - loss: 0.6892 - acc: 0.6250
 256/1424 [====>.........................] - ETA: 10s - loss: 0.6710 - acc: 0.6289
 288/1424 [=====>........................] - ETA: 10s - loss: 0.6627 - acc: 0.6250
 320/1424 [=====>........................] - ETA: 9s - loss: 0.6543 - acc: 0.6156 
 352/1424 [======>.......................] - ETA: 9s - loss: 0.7263 - acc: 0.5966
 384/1424 [=======>......................] - ETA: 9s - loss: 0.8302 - acc: 0.5938
 416/1424 [=======>......................] - ETA: 8s - loss: 0.9684 - acc: 0.5817
 448/1424 [========>.....................] - ETA: 8s - loss: 1.1218 - acc: 0.5759
 480/1424 [=========>....................] - ETA: 8s - loss: 1.1475 - acc: 0.5729
 512/1424 [=========>....................] - ETA: 8s - loss: 1.1714 - acc: 0.5684
 544/1424 [==========>...................] - ETA: 7s - loss: 1.1721 - acc: 0.5662
 576/1424 [===========>..................] - ETA: 7s - loss: 1.1956 - acc: 0.5660
 608/1424 [===========>..................] - ETA: 7s - loss: 1.3603 - acc: 0.5641
 640/1424 [============>.................] - ETA: 6s - loss: 1.3869 - acc: 0.5625
 672/1424 [=============>................] - ETA: 6s - loss: 1.3503 - acc: 0.5670
 704/1424 [=============>................] - ETA: 6s - loss: 1.3312 - acc: 0.5767
 736/1424 [==============>...............] - ETA: 6s - loss: 1.3412 - acc: 0.5802
 768/1424 [===============>..............] - ETA: 5s - loss: 1.3059 - acc: 0.5859
 800/1424 [===============>..............] - ETA: 5s - loss: 1.2982 - acc: 0.5837
 832/1424 [================>.............] - ETA: 5s - loss: 1.2894 - acc: 0.5853
 864/1424 [=================>............] - ETA: 5s - loss: 1.2651 - acc: 0.5880
 896/1424 [=================>............] - ETA: 4s - loss: 1.2749 - acc: 0.5904
 928/1424 [==================>...........] - ETA: 4s - loss: 1.2510 - acc: 0.5948
 960/1424 [===================>..........] - ETA: 4s - loss: 1.2288 - acc: 0.5958
 992/1424 [===================>..........] - ETA: 3s - loss: 1.2085 - acc: 0.5958
1024/1424 [====================>.........] - ETA: 3s - loss: 1.2038 - acc: 0.6006
1056/1424 [=====================>........] - ETA: 3s - loss: 1.1989 - acc: 0.6032
1088/1424 [=====================>........] - ETA: 2s - loss: 1.1973 - acc: 0.6020
1120/1424 [======================>.......] - ETA: 2s - loss: 1.1992 - acc: 0.6045
1152/1424 [=======================>......] - ETA: 2s - loss: 1.1929 - acc: 0.6085
1184/1424 [=======================>......] - ETA: 2s - loss: 1.1762 - acc: 0.6115
1216/1424 [========================>.....] - ETA: 1s - loss: 1.1596 - acc: 0.6176
1248/1424 [=========================>....] - ETA: 1s - loss: 1.1442 - acc: 0.6194
1280/1424 [=========================>....] - ETA: 1s - loss: 1.1304 - acc: 0.6250
1312/1424 [==========================>...] - ETA: 0s - loss: 1.1169 - acc: 0.6258
1344/1424 [===========================>..] - ETA: 0s - loss: 1.1047 - acc: 0.6257
1376/1424 [===========================>..] - ETA: 0s - loss: 1.0916 - acc: 0.6294
1408/1424 [============================>.] - ETA: 0s - loss: 1.0811 - acc: 0.6293
1424/1424 [==============================] - 15s 11ms/step - loss: 1.0760 - acc: 0.6285 - val_loss: 0.5866 - val_acc: 0.7613
Train on 1424 samples, validate on 708 samples
Epoch 1/1

  32/1424 [..............................] - ETA: 12s - loss: 0.6602 - acc: 0.5312
  64/1424 [>.............................] - ETA: 12s - loss: 0.6501 - acc: 0.6562
  96/1424 [=>............................] - ETA: 11s - loss: 0.6060 - acc: 0.6875
 128/1424 [=>............................] - ETA: 11s - loss: 0.5836 - acc: 0.6953
 160/1424 [==>...........................] - ETA: 11s - loss: 0.6541 - acc: 0.6937
 192/1424 [===>..........................] - ETA: 11s - loss: 0.6590 - acc: 0.6615
 224/1424 [===>..........................] - ETA: 10s - loss: 0.6384 - acc: 0.6741
 256/1424 [====>.........................] - ETA: 10s - loss: 0.6366 - acc: 0.6719
 288/1424 [=====>........................] - ETA: 10s - loss: 0.6256 - acc: 0.6701
 320/1424 [=====>........................] - ETA: 9s - loss: 0.6198 - acc: 0.6656 
 352/1424 [======>.......................] - ETA: 9s - loss: 0.6256 - acc: 0.6534
 384/1424 [=======>......................] - ETA: 9s - loss: 0.6206 - acc: 0.6536
 416/1424 [=======>......................] - ETA: 9s - loss: 0.6141 - acc: 0.6587
 448/1424 [========>.....................] - ETA: 8s - loss: 0.6061 - acc: 0.6629
 480/1424 [=========>....................] - ETA: 8s - loss: 0.6025 - acc: 0.6625
 512/1424 [=========>....................] - ETA: 8s - loss: 0.5949 - acc: 0.6719
 544/1424 [==========>...................] - ETA: 7s - loss: 0.5891 - acc: 0.6801
 576/1424 [===========>..................] - ETA: 7s - loss: 0.6410 - acc: 0.6806
 608/1424 [===========>..................] - ETA: 7s - loss: 0.6355 - acc: 0.6826
 640/1424 [============>.................] - ETA: 7s - loss: 0.6339 - acc: 0.6859
 672/1424 [=============>................] - ETA: 6s - loss: 0.6257 - acc: 0.6935
 704/1424 [=============>................] - ETA: 6s - loss: 0.6248 - acc: 0.6960
 736/1424 [==============>...............] - ETA: 6s - loss: 0.6241 - acc: 0.6943
 768/1424 [===============>..............] - ETA: 5s - loss: 0.6251 - acc: 0.6966
 800/1424 [===============>..............] - ETA: 5s - loss: 0.6226 - acc: 0.6987
 832/1424 [================>.............] - ETA: 5s - loss: 0.6209 - acc: 0.7031
 864/1424 [=================>............] - ETA: 5s - loss: 0.6200 - acc: 0.7049
 896/1424 [=================>............] - ETA: 4s - loss: 0.6353 - acc: 0.7098
 928/1424 [==================>...........] - ETA: 4s - loss: 0.6339 - acc: 0.7144
 960/1424 [===================>..........] - ETA: 4s - loss: 0.6383 - acc: 0.7198
 992/1424 [===================>..........] - ETA: 3s - loss: 0.6357 - acc: 0.7218
1024/1424 [====================>.........] - ETA: 3s - loss: 0.6337 - acc: 0.7236
1056/1424 [=====================>........] - ETA: 3s - loss: 0.6369 - acc: 0.7206
1088/1424 [=====================>........] - ETA: 3s - loss: 0.6353 - acc: 0.7233
1120/1424 [======================>.......] - ETA: 2s - loss: 0.6479 - acc: 0.7268
1152/1424 [=======================>......] - ETA: 2s - loss: 0.6461 - acc: 0.7309
1184/1424 [=======================>......] - ETA: 2s - loss: 0.6465 - acc: 0.7280
1216/1424 [========================>.....] - ETA: 1s - loss: 0.6458 - acc: 0.7303
1248/1424 [=========================>....] - ETA: 1s - loss: 0.6440 - acc: 0.7324
1280/1424 [=========================>....] - ETA: 1s - loss: 0.6426 - acc: 0.7312
1312/1424 [==========================>...] - ETA: 1s - loss: 0.6414 - acc: 0.7332
1344/1424 [===========================>..] - ETA: 0s - loss: 0.6409 - acc: 0.7351
1376/1424 [===========================>..] - ETA: 0s - loss: 0.6513 - acc: 0.7355
1408/1424 [============================>.] - ETA: 0s - loss: 0.6493 - acc: 0.7372
1424/1424 [==============================] - 16s 11ms/step - loss: 0.6495 - acc: 0.7353 - val_loss: 0.5937 - val_acc: 0.8305
Train on 1424 samples, validate on 708 samples
Epoch 1/1

  32/1424 [..............................] - ETA: 12s - loss: 0.5662 - acc: 0.8125
  64/1424 [>.............................] - ETA: 12s - loss: 0.5489 - acc: 0.7812
  96/1424 [=>............................] - ETA: 11s - loss: 0.5683 - acc: 0.7604
 128/1424 [=>............................] - ETA: 11s - loss: 0.5842 - acc: 0.7500
 160/1424 [==>...........................] - ETA: 11s - loss: 0.5822 - acc: 0.7625
 192/1424 [===>..........................] - ETA: 10s - loss: 0.5744 - acc: 0.7760
 224/1424 [===>..........................] - ETA: 10s - loss: 0.5677 - acc: 0.7723
 256/1424 [====>.........................] - ETA: 10s - loss: 0.6304 - acc: 0.7578
 288/1424 [=====>........................] - ETA: 10s - loss: 0.6199 - acc: 0.7569
 320/1424 [=====>........................] - ETA: 9s - loss: 0.6607 - acc: 0.7594 
 352/1424 [======>.......................] - ETA: 9s - loss: 0.6534 - acc: 0.7500
 384/1424 [=======>......................] - ETA: 9s - loss: 0.6445 - acc: 0.7448
 416/1424 [=======>......................] - ETA: 8s - loss: 0.6322 - acc: 0.7524
 448/1424 [========>.....................] - ETA: 8s - loss: 0.6276 - acc: 0.7567
 480/1424 [=========>....................] - ETA: 8s - loss: 0.6246 - acc: 0.7604
 512/1424 [=========>....................] - ETA: 8s - loss: 0.6198 - acc: 0.7578
 544/1424 [==========>...................] - ETA: 7s - loss: 0.6173 - acc: 0.7592
 576/1424 [===========>..................] - ETA: 7s - loss: 0.6162 - acc: 0.7604
 608/1424 [===========>..................] - ETA: 7s - loss: 0.6105 - acc: 0.7664
 640/1424 [============>.................] - ETA: 6s - loss: 0.6074 - acc: 0.7672
 672/1424 [=============>................] - ETA: 6s - loss: 0.6275 - acc: 0.7693
 704/1424 [=============>................] - ETA: 6s - loss: 0.6438 - acc: 0.7670
 736/1424 [==============>...............] - ETA: 6s - loss: 0.6716 - acc: 0.7609
 768/1424 [===============>..............] - ETA: 5s - loss: 0.6708 - acc: 0.7565
 800/1424 [===============>..............] - ETA: 5s - loss: 0.7043 - acc: 0.7550
 832/1424 [================>.............] - ETA: 5s - loss: 0.6993 - acc: 0.7596
 864/1424 [=================>............] - ETA: 4s - loss: 0.6933 - acc: 0.7581
 896/1424 [=================>............] - ETA: 4s - loss: 0.6888 - acc: 0.7600
 928/1424 [==================>...........] - ETA: 4s - loss: 0.6863 - acc: 0.7619
 960/1424 [===================>..........] - ETA: 4s - loss: 0.6827 - acc: 0.7635
 992/1424 [===================>..........] - ETA: 3s - loss: 0.6774 - acc: 0.7661
1024/1424 [====================>.........] - ETA: 3s - loss: 0.6732 - acc: 0.7676
1056/1424 [=====================>........] - ETA: 3s - loss: 0.6769 - acc: 0.7680
1088/1424 [=====================>........] - ETA: 2s - loss: 0.6740 - acc: 0.7656
1120/1424 [======================>.......] - ETA: 2s - loss: 0.6734 - acc: 0.7625
1152/1424 [=======================>......] - ETA: 2s - loss: 0.6689 - acc: 0.7665
1184/1424 [=======================>......] - ETA: 2s - loss: 0.6669 - acc: 0.7660
1216/1424 [========================>.....] - ETA: 1s - loss: 0.6636 - acc: 0.7673
1248/1424 [=========================>....] - ETA: 1s - loss: 0.6592 - acc: 0.7692
1280/1424 [=========================>....] - ETA: 1s - loss: 0.6567 - acc: 0.7711
1312/1424 [==========================>...] - ETA: 0s - loss: 0.6544 - acc: 0.7713
1344/1424 [===========================>..] - ETA: 0s - loss: 0.6508 - acc: 0.7723
1376/1424 [===========================>..] - ETA: 0s - loss: 0.6477 - acc: 0.7733
1408/1424 [============================>.] - ETA: 0s - loss: 0.6452 - acc: 0.7749
1424/1424 [==============================] - 15s 11ms/step - loss: 0.6448 - acc: 0.7732 - val_loss: 0.5631 - val_acc: 0.8475
Train on 1424 samples, validate on 708 samples
Epoch 1/1

  32/1424 [..............................] - ETA: 13s - loss: 1.0639 - acc: 0.7500
  64/1424 [>.............................] - ETA: 12s - loss: 0.8090 - acc: 0.7188
  96/1424 [=>............................] - ETA: 12s - loss: 0.7404 - acc: 0.7083
 128/1424 [=>............................] - ETA: 11s - loss: 0.6787 - acc: 0.7266
 160/1424 [==>...........................] - ETA: 11s - loss: 0.6334 - acc: 0.7562
 192/1424 [===>..........................] - ETA: 11s - loss: 0.6164 - acc: 0.7552
 224/1424 [===>..........................] - ETA: 10s - loss: 0.6012 - acc: 0.7768
 256/1424 [====>.........................] - ETA: 10s - loss: 0.5935 - acc: 0.7695
 288/1424 [=====>........................] - ETA: 10s - loss: 0.6317 - acc: 0.7743
 320/1424 [=====>........................] - ETA: 9s - loss: 0.6285 - acc: 0.7719 
 352/1424 [======>.......................] - ETA: 9s - loss: 0.6144 - acc: 0.7756
 384/1424 [=======>......................] - ETA: 9s - loss: 0.6443 - acc: 0.7734
 416/1424 [=======>......................] - ETA: 9s - loss: 0.6378 - acc: 0.7668
 448/1424 [========>.....................] - ETA: 8s - loss: 0.7418 - acc: 0.7545
 480/1424 [=========>....................] - ETA: 8s - loss: 0.7340 - acc: 0.7521
 512/1424 [=========>....................] - ETA: 8s - loss: 0.7234 - acc: 0.7461
 544/1424 [==========>...................] - ETA: 7s - loss: 0.7141 - acc: 0.7482
 576/1424 [===========>..................] - ETA: 7s - loss: 0.7049 - acc: 0.7483
 608/1424 [===========>..................] - ETA: 7s - loss: 0.7184 - acc: 0.7500
 640/1424 [============>.................] - ETA: 7s - loss: 0.7070 - acc: 0.7531
 672/1424 [=============>................] - ETA: 6s - loss: 0.6985 - acc: 0.7560
 704/1424 [=============>................] - ETA: 6s - loss: 0.7137 - acc: 0.7528
 736/1424 [==============>...............] - ETA: 6s - loss: 0.7273 - acc: 0.7514
 768/1424 [===============>..............] - ETA: 5s - loss: 0.7190 - acc: 0.7539
 800/1424 [===============>..............] - ETA: 5s - loss: 0.7338 - acc: 0.7525
 832/1424 [================>.............] - ETA: 5s - loss: 0.7317 - acc: 0.7500
 864/1424 [=================>............] - ETA: 5s - loss: 0.7245 - acc: 0.7523
 896/1424 [=================>............] - ETA: 4s - loss: 0.7137 - acc: 0.7578
 928/1424 [==================>...........] - ETA: 4s - loss: 0.7062 - acc: 0.7597
 960/1424 [===================>..........] - ETA: 4s - loss: 0.7012 - acc: 0.7573
 992/1424 [===================>..........] - ETA: 3s - loss: 0.7104 - acc: 0.7581
1024/1424 [====================>.........] - ETA: 3s - loss: 0.7073 - acc: 0.7578
1056/1424 [=====================>........] - ETA: 3s - loss: 0.7001 - acc: 0.7614
1088/1424 [=====================>........] - ETA: 3s - loss: 0.6954 - acc: 0.7638
1120/1424 [======================>.......] - ETA: 2s - loss: 0.6909 - acc: 0.7661
1152/1424 [=======================>......] - ETA: 2s - loss: 0.6854 - acc: 0.7674
1184/1424 [=======================>......] - ETA: 2s - loss: 0.6815 - acc: 0.7669
1216/1424 [========================>.....] - ETA: 1s - loss: 0.6770 - acc: 0.7673
1248/1424 [=========================>....] - ETA: 1s - loss: 0.6690 - acc: 0.7708
1280/1424 [=========================>....] - ETA: 1s - loss: 0.6741 - acc: 0.7711
1312/1424 [==========================>...] - ETA: 1s - loss: 0.6723 - acc: 0.7698
1344/1424 [===========================>..] - ETA: 0s - loss: 0.6786 - acc: 0.7716
1376/1424 [===========================>..] - ETA: 0s - loss: 0.6894 - acc: 0.7667
1408/1424 [============================>.] - ETA: 0s - loss: 0.6846 - acc: 0.7663
1424/1424 [==============================] - 15s 11ms/step - loss: 0.6813 - acc: 0.7676 - val_loss: 0.4911 - val_acc: 0.8446
Train on 1424 samples, validate on 708 samples
Epoch 1/1

  32/1424 [..............................] - ETA: 13s - loss: 0.8794 - acc: 0.8750
  64/1424 [>.............................] - ETA: 12s - loss: 1.1581 - acc: 0.8281
  96/1424 [=>............................] - ETA: 12s - loss: 1.0810 - acc: 0.8333
 128/1424 [=>............................] - ETA: 11s - loss: 1.0586 - acc: 0.8125
 160/1424 [==>...........................] - ETA: 11s - loss: 0.9443 - acc: 0.7937
 192/1424 [===>..........................] - ETA: 11s - loss: 0.9300 - acc: 0.7969
 224/1424 [===>..........................] - ETA: 10s - loss: 0.8660 - acc: 0.7902
 256/1424 [====>.........................] - ETA: 10s - loss: 0.9390 - acc: 0.7852
 288/1424 [=====>........................] - ETA: 10s - loss: 0.9327 - acc: 0.7882
 320/1424 [=====>........................] - ETA: 9s - loss: 0.9367 - acc: 0.7781 
 352/1424 [======>.......................] - ETA: 9s - loss: 0.8946 - acc: 0.7784
 384/1424 [=======>......................] - ETA: 9s - loss: 0.9332 - acc: 0.7865
 416/1424 [=======>......................] - ETA: 9s - loss: 0.9024 - acc: 0.7861
 448/1424 [========>.....................] - ETA: 8s - loss: 0.8704 - acc: 0.7924
 480/1424 [=========>....................] - ETA: 8s - loss: 0.8774 - acc: 0.7917
 512/1424 [=========>....................] - ETA: 8s - loss: 0.9130 - acc: 0.7891
 544/1424 [==========>...................] - ETA: 7s - loss: 0.8855 - acc: 0.7941
 576/1424 [===========>..................] - ETA: 7s - loss: 0.8640 - acc: 0.7899
 608/1424 [===========>..................] - ETA: 7s - loss: 0.8413 - acc: 0.7911
 640/1424 [============>.................] - ETA: 7s - loss: 0.8197 - acc: 0.7969
 672/1424 [=============>................] - ETA: 6s - loss: 0.8071 - acc: 0.7976
 704/1424 [=============>................] - ETA: 6s - loss: 0.7904 - acc: 0.7997
 736/1424 [==============>...............] - ETA: 6s - loss: 0.7756 - acc: 0.8003
 768/1424 [===============>..............] - ETA: 5s - loss: 0.7604 - acc: 0.8047
 800/1424 [===============>..............] - ETA: 5s - loss: 0.7733 - acc: 0.8000
 832/1424 [================>.............] - ETA: 5s - loss: 0.7596 - acc: 0.8005
 864/1424 [=================>............] - ETA: 5s - loss: 0.7520 - acc: 0.7951
 896/1424 [=================>............] - ETA: 4s - loss: 0.7397 - acc: 0.7969
 928/1424 [==================>...........] - ETA: 4s - loss: 0.7554 - acc: 0.7909
 960/1424 [===================>..........] - ETA: 4s - loss: 0.7627 - acc: 0.7906
 992/1424 [===================>..........] - ETA: 3s - loss: 0.7550 - acc: 0.7883
1024/1424 [====================>.........] - ETA: 3s - loss: 0.7588 - acc: 0.7900
1056/1424 [=====================>........] - ETA: 3s - loss: 0.7635 - acc: 0.7879
1088/1424 [=====================>........] - ETA: 3s - loss: 0.7691 - acc: 0.7886
1120/1424 [======================>.......] - ETA: 2s - loss: 0.7633 - acc: 0.7893
1152/1424 [=======================>......] - ETA: 2s - loss: 0.7554 - acc: 0.7899
1184/1424 [=======================>......] - ETA: 2s - loss: 0.7593 - acc: 0.7905
1216/1424 [========================>.....] - ETA: 1s - loss: 0.7502 - acc: 0.7928
1248/1424 [=========================>....] - ETA: 1s - loss: 0.7446 - acc: 0.7933
1280/1424 [=========================>....] - ETA: 1s - loss: 0.7470 - acc: 0.7945
1312/1424 [==========================>...] - ETA: 1s - loss: 0.7619 - acc: 0.7957
1344/1424 [===========================>..] - ETA: 0s - loss: 0.7541 - acc: 0.7969
1376/1424 [===========================>..] - ETA: 0s - loss: 0.7440 - acc: 0.7994
1408/1424 [============================>.] - ETA: 0s - loss: 0.7471 - acc: 0.7990
1424/1424 [==============================] - 16s 11ms/step - loss: 0.7427 - acc: 0.7999 - val_loss: 0.4567 - val_acc: 0.8404
Train on 1424 samples, validate on 708 samples
Epoch 1/1

  32/1424 [..............................] - ETA: 13s - loss: 1.1799 - acc: 0.7500
  64/1424 [>.............................] - ETA: 12s - loss: 1.1162 - acc: 0.7031
  96/1424 [=>............................] - ETA: 12s - loss: 0.9053 - acc: 0.7292
 128/1424 [=>............................] - ETA: 11s - loss: 0.9091 - acc: 0.7422
 160/1424 [==>...........................] - ETA: 11s - loss: 0.8028 - acc: 0.7812
 192/1424 [===>..........................] - ETA: 11s - loss: 0.7986 - acc: 0.8021
 224/1424 [===>..........................] - ETA: 10s - loss: 0.7552 - acc: 0.8036
 256/1424 [====>.........................] - ETA: 10s - loss: 0.7179 - acc: 0.8008
 288/1424 [=====>........................] - ETA: 10s - loss: 0.6712 - acc: 0.8160
 320/1424 [=====>........................] - ETA: 9s - loss: 0.7543 - acc: 0.8000 
 352/1424 [======>.......................] - ETA: 9s - loss: 0.7647 - acc: 0.8040
 384/1424 [=======>......................] - ETA: 9s - loss: 0.7383 - acc: 0.7969
 416/1424 [=======>......................] - ETA: 9s - loss: 0.7501 - acc: 0.7981
 448/1424 [========>.....................] - ETA: 8s - loss: 0.7226 - acc: 0.8036
 480/1424 [=========>....................] - ETA: 8s - loss: 0.7046 - acc: 0.8021
 512/1424 [=========>....................] - ETA: 8s - loss: 0.6856 - acc: 0.8047
 544/1424 [==========>...................] - ETA: 7s - loss: 0.6998 - acc: 0.7996
 576/1424 [===========>..................] - ETA: 7s - loss: 0.7182 - acc: 0.7951
 608/1424 [===========>..................] - ETA: 7s - loss: 0.7535 - acc: 0.7911
 640/1424 [============>.................] - ETA: 7s - loss: 0.7968 - acc: 0.7875
 672/1424 [=============>................] - ETA: 6s - loss: 0.8258 - acc: 0.7857
 704/1424 [=============>................] - ETA: 6s - loss: 0.8027 - acc: 0.7912
 736/1424 [==============>...............] - ETA: 6s - loss: 0.7789 - acc: 0.7948
 768/1424 [===============>..............] - ETA: 5s - loss: 0.7649 - acc: 0.7943
 800/1424 [===============>..............] - ETA: 5s - loss: 0.7510 - acc: 0.7925
 832/1424 [================>.............] - ETA: 5s - loss: 0.7428 - acc: 0.7969
 864/1424 [=================>............] - ETA: 5s - loss: 0.7488 - acc: 0.7986
 896/1424 [=================>............] - ETA: 4s - loss: 0.7742 - acc: 0.7980
 928/1424 [==================>...........] - ETA: 4s - loss: 0.7781 - acc: 0.7985
 960/1424 [===================>..........] - ETA: 4s - loss: 0.7622 - acc: 0.8021
 992/1424 [===================>..........] - ETA: 3s - loss: 0.7681 - acc: 0.7994
1024/1424 [====================>.........] - ETA: 3s - loss: 0.7643 - acc: 0.7949
1056/1424 [=====================>........] - ETA: 3s - loss: 0.7719 - acc: 0.7907
1088/1424 [=====================>........] - ETA: 3s - loss: 0.7764 - acc: 0.7904
1120/1424 [======================>.......] - ETA: 2s - loss: 0.7914 - acc: 0.7857
1152/1424 [=======================>......] - ETA: 2s - loss: 0.8102 - acc: 0.7830
1184/1424 [=======================>......] - ETA: 2s - loss: 0.8256 - acc: 0.7829
1216/1424 [========================>.....] - ETA: 1s - loss: 0.8462 - acc: 0.7796
1248/1424 [=========================>....] - ETA: 1s - loss: 0.9062 - acc: 0.7740
1280/1424 [=========================>....] - ETA: 1s - loss: 0.9078 - acc: 0.7727
1312/1424 [==========================>...] - ETA: 1s - loss: 0.9235 - acc: 0.7683
1344/1424 [===========================>..] - ETA: 0s - loss: 0.9251 - acc: 0.7656
1376/1424 [===========================>..] - ETA: 0s - loss: 0.9176 - acc: 0.7624
1408/1424 [============================>.] - ETA: 0s - loss: 0.9225 - acc: 0.7607
1424/1424 [==============================] - 16s 11ms/step - loss: 0.9177 - acc: 0.7605 - val_loss: 0.9321 - val_acc: 0.6610
Train on 1424 samples, validate on 708 samples
Epoch 1/1

  32/1424 [..............................] - ETA: 12s - loss: 0.6553 - acc: 0.5625
  64/1424 [>.............................] - ETA: 12s - loss: 1.2254 - acc: 0.5938
  96/1424 [=>............................] - ETA: 11s - loss: 0.9692 - acc: 0.6562
 128/1424 [=>............................] - ETA: 11s - loss: 1.3588 - acc: 0.6484
 160/1424 [==>...........................] - ETA: 11s - loss: 1.6393 - acc: 0.6250
 192/1424 [===>..........................] - ETA: 11s - loss: 1.6485 - acc: 0.6146
 224/1424 [===>..........................] - ETA: 10s - loss: 1.6870 - acc: 0.6205
 256/1424 [====>.........................] - ETA: 10s - loss: 1.7999 - acc: 0.6172
 288/1424 [=====>........................] - ETA: 10s - loss: 1.7663 - acc: 0.6285
 320/1424 [=====>........................] - ETA: 9s - loss: 1.6922 - acc: 0.6375 
 352/1424 [======>.......................] - ETA: 9s - loss: 1.6640 - acc: 0.6534
 384/1424 [=======>......................] - ETA: 9s - loss: 1.6063 - acc: 0.6562
 416/1424 [=======>......................] - ETA: 9s - loss: 1.5687 - acc: 0.6587
 448/1424 [========>.....................] - ETA: 8s - loss: 1.5136 - acc: 0.6629
 480/1424 [=========>....................] - ETA: 8s - loss: 1.4580 - acc: 0.6625
 512/1424 [=========>....................] - ETA: 8s - loss: 1.4475 - acc: 0.6699
 544/1424 [==========>...................] - ETA: 7s - loss: 1.4180 - acc: 0.6746
 576/1424 [===========>..................] - ETA: 7s - loss: 1.4295 - acc: 0.6736
 608/1424 [===========>..................] - ETA: 7s - loss: 1.3867 - acc: 0.6793
 640/1424 [============>.................] - ETA: 7s - loss: 1.3429 - acc: 0.6859
 672/1424 [=============>................] - ETA: 6s - loss: 1.3421 - acc: 0.6875
 704/1424 [=============>................] - ETA: 6s - loss: 1.3255 - acc: 0.6903
 736/1424 [==============>...............] - ETA: 6s - loss: 1.2892 - acc: 0.6943
 768/1424 [===============>..............] - ETA: 5s - loss: 1.2809 - acc: 0.6953
 800/1424 [===============>..............] - ETA: 5s - loss: 1.2511 - acc: 0.6950
 832/1424 [================>.............] - ETA: 5s - loss: 1.2386 - acc: 0.6983
 864/1424 [=================>............] - ETA: 4s - loss: 1.2314 - acc: 0.6979
 896/1424 [=================>............] - ETA: 4s - loss: 1.2054 - acc: 0.7020
 928/1424 [==================>...........] - ETA: 4s - loss: 1.1805 - acc: 0.7047
 960/1424 [===================>..........] - ETA: 4s - loss: 1.1750 - acc: 0.7042
 992/1424 [===================>..........] - ETA: 3s - loss: 1.1531 - acc: 0.7067
1024/1424 [====================>.........] - ETA: 3s - loss: 1.1337 - acc: 0.7100
1056/1424 [=====================>........] - ETA: 3s - loss: 1.1190 - acc: 0.7102
1088/1424 [=====================>........] - ETA: 2s - loss: 1.1064 - acc: 0.7077
1120/1424 [======================>.......] - ETA: 2s - loss: 1.0949 - acc: 0.7036
1152/1424 [=======================>......] - ETA: 2s - loss: 1.0796 - acc: 0.7040
1184/1424 [=======================>......] - ETA: 2s - loss: 1.0663 - acc: 0.7027
1216/1424 [========================>.....] - ETA: 1s - loss: 1.0537 - acc: 0.7039
1248/1424 [=========================>....] - ETA: 1s - loss: 1.0407 - acc: 0.7043
1280/1424 [=========================>....] - ETA: 1s - loss: 1.0297 - acc: 0.7039
1312/1424 [==========================>...] - ETA: 0s - loss: 1.0307 - acc: 0.7050
1344/1424 [===========================>..] - ETA: 0s - loss: 1.0201 - acc: 0.7068
1376/1424 [===========================>..] - ETA: 0s - loss: 1.0132 - acc: 0.7042
1408/1424 [============================>.] - ETA: 0s - loss: 1.0016 - acc: 0.7074
1424/1424 [==============================] - 15s 11ms/step - loss: 0.9962 - acc: 0.7072 - val_loss: 0.5513 - val_acc: 0.8531
Train on 1424 samples, validate on 708 samples
Epoch 1/1

  32/1424 [..............................] - ETA: 12s - loss: 0.5779 - acc: 0.6875
  64/1424 [>.............................] - ETA: 12s - loss: 0.6036 - acc: 0.6875
  96/1424 [=>............................] - ETA: 11s - loss: 0.7194 - acc: 0.7188
 128/1424 [=>............................] - ETA: 11s - loss: 0.6774 - acc: 0.7266
 160/1424 [==>...........................] - ETA: 11s - loss: 0.8670 - acc: 0.7000
 192/1424 [===>..........................] - ETA: 10s - loss: 0.7908 - acc: 0.7292
 224/1424 [===>..........................] - ETA: 10s - loss: 0.7627 - acc: 0.7366
 256/1424 [====>.........................] - ETA: 10s - loss: 0.7481 - acc: 0.7344
 288/1424 [=====>........................] - ETA: 10s - loss: 0.7203 - acc: 0.7465
 320/1424 [=====>........................] - ETA: 9s - loss: 0.7161 - acc: 0.7500 
 352/1424 [======>.......................] - ETA: 9s - loss: 0.7002 - acc: 0.7500
 384/1424 [=======>......................] - ETA: 9s - loss: 0.6887 - acc: 0.7500
 416/1424 [=======>......................] - ETA: 8s - loss: 0.7160 - acc: 0.7500
 448/1424 [========>.....................] - ETA: 8s - loss: 0.7090 - acc: 0.7455
 480/1424 [=========>....................] - ETA: 8s - loss: 0.7011 - acc: 0.7479
 512/1424 [=========>....................] - ETA: 8s - loss: 0.6950 - acc: 0.7500
 544/1424 [==========>...................] - ETA: 7s - loss: 0.6889 - acc: 0.7482
 576/1424 [===========>..................] - ETA: 7s - loss: 0.6891 - acc: 0.7465
 608/1424 [===========>..................] - ETA: 7s - loss: 0.6792 - acc: 0.7467
 640/1424 [============>.................] - ETA: 6s - loss: 0.6738 - acc: 0.7453
 672/1424 [=============>................] - ETA: 6s - loss: 0.6697 - acc: 0.7485
 704/1424 [=============>................] - ETA: 6s - loss: 0.6642 - acc: 0.7500
 736/1424 [==============>...............] - ETA: 6s - loss: 0.6564 - acc: 0.7527
 768/1424 [===============>..............] - ETA: 5s - loss: 0.6512 - acc: 0.7513
 800/1424 [===============>..............] - ETA: 5s - loss: 0.6464 - acc: 0.7512
 832/1424 [================>.............] - ETA: 5s - loss: 0.6443 - acc: 0.7524
 864/1424 [=================>............] - ETA: 4s - loss: 0.6399 - acc: 0.7558
 896/1424 [=================>............] - ETA: 4s - loss: 0.6393 - acc: 0.7545
 928/1424 [==================>...........] - ETA: 4s - loss: 0.6339 - acc: 0.7565
 960/1424 [===================>..........] - ETA: 4s - loss: 0.6302 - acc: 0.7562
 992/1424 [===================>..........] - ETA: 3s - loss: 0.6309 - acc: 0.7540
1024/1424 [====================>.........] - ETA: 3s - loss: 0.6282 - acc: 0.7549
1056/1424 [=====================>........] - ETA: 3s - loss: 0.6264 - acc: 0.7538
1088/1424 [=====================>........] - ETA: 2s - loss: 0.6251 - acc: 0.7537
1120/1424 [======================>.......] - ETA: 2s - loss: 0.6236 - acc: 0.7536
1152/1424 [=======================>......] - ETA: 2s - loss: 0.6234 - acc: 0.7526
1184/1424 [=======================>......] - ETA: 2s - loss: 0.6209 - acc: 0.7534
1216/1424 [========================>.....] - ETA: 1s - loss: 0.6188 - acc: 0.7541
1248/1424 [=========================>....] - ETA: 1s - loss: 0.6176 - acc: 0.7540
1280/1424 [=========================>....] - ETA: 1s - loss: 0.6329 - acc: 0.7484
1312/1424 [==========================>...] - ETA: 0s - loss: 0.6349 - acc: 0.7439
1344/1424 [===========================>..] - ETA: 0s - loss: 0.6325 - acc: 0.7440
1376/1424 [===========================>..] - ETA: 0s - loss: 0.6296 - acc: 0.7456
1408/1424 [============================>.] - ETA: 0s - loss: 0.6294 - acc: 0.7443
1424/1424 [==============================] - 15s 11ms/step - loss: 0.6282 - acc: 0.7444 - val_loss: 0.5312 - val_acc: 0.8489
Train on 1424 samples, validate on 708 samples
Epoch 1/1

  32/1424 [..............................] - ETA: 12s - loss: 0.5457 - acc: 0.6562
  64/1424 [>.............................] - ETA: 12s - loss: 0.5913 - acc: 0.6719
  96/1424 [=>............................] - ETA: 11s - loss: 0.5818 - acc: 0.6979
 128/1424 [=>............................] - ETA: 11s - loss: 0.6118 - acc: 0.6641
 160/1424 [==>...........................] - ETA: 11s - loss: 0.5825 - acc: 0.7000
 192/1424 [===>..........................] - ETA: 11s - loss: 0.5696 - acc: 0.7135
 224/1424 [===>..........................] - ETA: 10s - loss: 0.5770 - acc: 0.7143
 256/1424 [====>.........................] - ETA: 10s - loss: 0.5705 - acc: 0.7188
 288/1424 [=====>........................] - ETA: 10s - loss: 0.5653 - acc: 0.7257
 320/1424 [=====>........................] - ETA: 9s - loss: 0.5676 - acc: 0.7281 
 352/1424 [======>.......................] - ETA: 9s - loss: 0.5714 - acc: 0.7301
 384/1424 [=======>......................] - ETA: 9s - loss: 0.5711 - acc: 0.7292
 416/1424 [=======>......................] - ETA: 9s - loss: 0.5706 - acc: 0.7332
 448/1424 [========>.....................] - ETA: 8s - loss: 0.5677 - acc: 0.7344
 480/1424 [=========>....................] - ETA: 8s - loss: 0.5695 - acc: 0.7312
 512/1424 [=========>....................] - ETA: 8s - loss: 0.5669 - acc: 0.7363
 544/1424 [==========>...................] - ETA: 7s - loss: 0.5668 - acc: 0.7371
 576/1424 [===========>..................] - ETA: 7s - loss: 0.5608 - acc: 0.7483
 608/1424 [===========>..................] - ETA: 7s - loss: 0.5594 - acc: 0.7467
 640/1424 [============>.................] - ETA: 7s - loss: 0.5585 - acc: 0.7469
 672/1424 [=============>................] - ETA: 6s - loss: 0.5612 - acc: 0.7426
 704/1424 [=============>................] - ETA: 6s - loss: 0.5613 - acc: 0.7415
 736/1424 [==============>...............] - ETA: 6s - loss: 0.5595 - acc: 0.7459
 768/1424 [===============>..............] - ETA: 5s - loss: 0.5622 - acc: 0.7422
 800/1424 [===============>..............] - ETA: 5s - loss: 0.5629 - acc: 0.7425
 832/1424 [================>.............] - ETA: 5s - loss: 0.5619 - acc: 0.7404
 864/1424 [=================>............] - ETA: 5s - loss: 0.5604 - acc: 0.7419
 896/1424 [=================>............] - ETA: 4s - loss: 0.5597 - acc: 0.7377
 928/1424 [==================>...........] - ETA: 4s - loss: 0.5554 - acc: 0.7414
 960/1424 [===================>..........] - ETA: 4s - loss: 0.5551 - acc: 0.7396
 992/1424 [===================>..........] - ETA: 3s - loss: 0.5545 - acc: 0.7399
1024/1424 [====================>.........] - ETA: 3s - loss: 0.5526 - acc: 0.7412
1056/1424 [=====================>........] - ETA: 3s - loss: 0.5509 - acc: 0.7434
1088/1424 [=====================>........] - ETA: 3s - loss: 0.5489 - acc: 0.7445
1120/1424 [======================>.......] - ETA: 2s - loss: 0.5505 - acc: 0.7455
1152/1424 [=======================>......] - ETA: 2s - loss: 0.5465 - acc: 0.7483
1184/1424 [=======================>......] - ETA: 2s - loss: 0.5454 - acc: 0.7500
1216/1424 [========================>.....] - ETA: 1s - loss: 0.5434 - acc: 0.7525
1248/1424 [=========================>....] - ETA: 1s - loss: 0.5588 - acc: 0.7484
1280/1424 [=========================>....] - ETA: 1s - loss: 0.5589 - acc: 0.7492
1312/1424 [==========================>...] - ETA: 1s - loss: 0.5591 - acc: 0.7485
1344/1424 [===========================>..] - ETA: 0s - loss: 0.5633 - acc: 0.7493
1376/1424 [===========================>..] - ETA: 0s - loss: 0.5609 - acc: 0.7529
1408/1424 [============================>.] - ETA: 0s - loss: 0.5605 - acc: 0.7528
1424/1424 [==============================] - 15s 11ms/step - loss: 0.5594 - acc: 0.7528 - val_loss: 0.5219 - val_acc: 0.8249
Train on 1424 samples, validate on 708 samples
Epoch 1/1

  32/1424 [..............................] - ETA: 12s - loss: 0.5600 - acc: 0.7188
  64/1424 [>.............................] - ETA: 12s - loss: 0.5195 - acc: 0.7344
  96/1424 [=>............................] - ETA: 11s - loss: 0.5519 - acc: 0.7083
 128/1424 [=>............................] - ETA: 11s - loss: 0.5383 - acc: 0.7266
 160/1424 [==>...........................] - ETA: 11s - loss: 0.5343 - acc: 0.7375
 192/1424 [===>..........................] - ETA: 11s - loss: 0.5221 - acc: 0.7500
 224/1424 [===>..........................] - ETA: 10s - loss: 0.5838 - acc: 0.7545
 256/1424 [====>.........................] - ETA: 10s - loss: 0.5838 - acc: 0.7539
 288/1424 [=====>........................] - ETA: 10s - loss: 0.6386 - acc: 0.7396
 320/1424 [=====>........................] - ETA: 9s - loss: 0.6281 - acc: 0.7375 
 352/1424 [======>.......................] - ETA: 9s - loss: 0.6568 - acc: 0.7443
 384/1424 [=======>......................] - ETA: 9s - loss: 0.6444 - acc: 0.7500
 416/1424 [=======>......................] - ETA: 9s - loss: 0.6347 - acc: 0.7548
 448/1424 [========>.....................] - ETA: 8s - loss: 0.6178 - acc: 0.7589
 480/1424 [=========>....................] - ETA: 8s - loss: 0.6123 - acc: 0.7667
 512/1424 [=========>....................] - ETA: 8s - loss: 0.6033 - acc: 0.7695
 544/1424 [==========>...................] - ETA: 7s - loss: 0.5999 - acc: 0.7647
 576/1424 [===========>..................] - ETA: 7s - loss: 0.6805 - acc: 0.7622
 608/1424 [===========>..................] - ETA: 7s - loss: 0.7045 - acc: 0.7533
 640/1424 [============>.................] - ETA: 7s - loss: 0.7441 - acc: 0.7531
 672/1424 [=============>................] - ETA: 6s - loss: 0.7334 - acc: 0.7574
 704/1424 [=============>................] - ETA: 6s - loss: 0.7297 - acc: 0.7528
 736/1424 [==============>...............] - ETA: 6s - loss: 0.7376 - acc: 0.7527
 768/1424 [===============>..............] - ETA: 5s - loss: 0.7949 - acc: 0.7461
 800/1424 [===============>..............] - ETA: 5s - loss: 0.7867 - acc: 0.7475
 832/1424 [================>.............] - ETA: 5s - loss: 0.7959 - acc: 0.7488
 864/1424 [=================>............] - ETA: 5s - loss: 0.8019 - acc: 0.7488
 896/1424 [=================>............] - ETA: 4s - loss: 0.7925 - acc: 0.7511
 928/1424 [==================>...........] - ETA: 4s - loss: 0.7956 - acc: 0.7554
 960/1424 [===================>..........] - ETA: 4s - loss: 0.8101 - acc: 0.7510
 992/1424 [===================>..........] - ETA: 3s - loss: 0.8158 - acc: 0.7510
1024/1424 [====================>.........] - ETA: 3s - loss: 0.8524 - acc: 0.7510
1056/1424 [=====================>........] - ETA: 3s - loss: 0.8415 - acc: 0.7519
1088/1424 [=====================>........] - ETA: 3s - loss: 0.8328 - acc: 0.7528
1120/1424 [======================>.......] - ETA: 2s - loss: 0.8402 - acc: 0.7536
1152/1424 [=======================>......] - ETA: 2s - loss: 0.8309 - acc: 0.7535
1184/1424 [=======================>......] - ETA: 2s - loss: 0.8341 - acc: 0.7534
1216/1424 [========================>.....] - ETA: 1s - loss: 0.8378 - acc: 0.7516
1248/1424 [=========================>....] - ETA: 1s - loss: 0.8432 - acc: 0.7516
1280/1424 [=========================>....] - ETA: 1s - loss: 0.8630 - acc: 0.7508
1312/1424 [==========================>...] - ETA: 1s - loss: 0.8540 - acc: 0.7523
1344/1424 [===========================>..] - ETA: 0s - loss: 0.8569 - acc: 0.7530
1376/1424 [===========================>..] - ETA: 0s - loss: 0.8570 - acc: 0.7551
1408/1424 [============================>.] - ETA: 0s - loss: 0.8470 - acc: 0.7571
1424/1424 [==============================] - 15s 11ms/step - loss: 0.8539 - acc: 0.7556 - val_loss: 0.4936 - val_acc: 0.8418
Train on 1424 samples, validate on 708 samples
Epoch 1/1

  32/1424 [..............................] - ETA: 12s - loss: 0.5530 - acc: 0.8438
  64/1424 [>.............................] - ETA: 12s - loss: 0.5362 - acc: 0.8125
  96/1424 [=>............................] - ETA: 11s - loss: 0.4983 - acc: 0.8438
 128/1424 [=>............................] - ETA: 11s - loss: 0.5753 - acc: 0.8047
 160/1424 [==>...........................] - ETA: 11s - loss: 0.5563 - acc: 0.8125
 192/1424 [===>..........................] - ETA: 11s - loss: 0.5582 - acc: 0.8177
 224/1424 [===>..........................] - ETA: 10s - loss: 0.5562 - acc: 0.8080
 256/1424 [====>.........................] - ETA: 10s - loss: 0.5535 - acc: 0.7969
 288/1424 [=====>........................] - ETA: 10s - loss: 0.5455 - acc: 0.8021
 320/1424 [=====>........................] - ETA: 9s - loss: 0.5454 - acc: 0.7781 
 352/1424 [======>.......................] - ETA: 9s - loss: 0.5418 - acc: 0.7812
 384/1424 [=======>......................] - ETA: 9s - loss: 0.5528 - acc: 0.7630
 416/1424 [=======>......................] - ETA: 9s - loss: 0.5492 - acc: 0.7620
 448/1424 [========>.....................] - ETA: 8s - loss: 0.5542 - acc: 0.7522
 480/1424 [=========>....................] - ETA: 8s - loss: 0.5485 - acc: 0.7542
 512/1424 [=========>....................] - ETA: 8s - loss: 0.5471 - acc: 0.7539
 544/1424 [==========>...................] - ETA: 7s - loss: 0.5746 - acc: 0.7482
 576/1424 [===========>..................] - ETA: 7s - loss: 0.5927 - acc: 0.7569
 608/1424 [===========>..................] - ETA: 7s - loss: 0.6199 - acc: 0.7533
 640/1424 [============>.................] - ETA: 7s - loss: 0.6163 - acc: 0.7500
 672/1424 [=============>................] - ETA: 6s - loss: 0.6162 - acc: 0.7500
 704/1424 [=============>................] - ETA: 6s - loss: 0.6180 - acc: 0.7429
 736/1424 [==============>...............] - ETA: 6s - loss: 0.6143 - acc: 0.7418
 768/1424 [===============>..............] - ETA: 5s - loss: 0.6113 - acc: 0.7396
 800/1424 [===============>..............] - ETA: 5s - loss: 0.6125 - acc: 0.7350
 832/1424 [================>.............] - ETA: 5s - loss: 0.6087 - acc: 0.7344
 864/1424 [=================>............] - ETA: 5s - loss: 0.6081 - acc: 0.7326
 896/1424 [=================>............] - ETA: 4s - loss: 0.6038 - acc: 0.7344
 928/1424 [==================>...........] - ETA: 4s - loss: 0.6014 - acc: 0.7338
 960/1424 [===================>..........] - ETA: 4s - loss: 0.5969 - acc: 0.7354
 992/1424 [===================>..........] - ETA: 3s - loss: 0.5955 - acc: 0.7339
1024/1424 [====================>.........] - ETA: 3s - loss: 0.5929 - acc: 0.7363
1056/1424 [=====================>........] - ETA: 3s - loss: 0.6037 - acc: 0.7377
1088/1424 [=====================>........] - ETA: 3s - loss: 0.6156 - acc: 0.7371
1120/1424 [======================>.......] - ETA: 2s - loss: 0.6112 - acc: 0.7375
1152/1424 [=======================>......] - ETA: 2s - loss: 0.6075 - acc: 0.7387
1184/1424 [=======================>......] - ETA: 2s - loss: 0.6145 - acc: 0.7407
1216/1424 [========================>.....] - ETA: 1s - loss: 0.6098 - acc: 0.7434
1248/1424 [=========================>....] - ETA: 1s - loss: 0.6061 - acc: 0.7436
1280/1424 [=========================>....] - ETA: 1s - loss: 0.6049 - acc: 0.7430
1312/1424 [==========================>...] - ETA: 1s - loss: 0.6251 - acc: 0.7370
1344/1424 [===========================>..] - ETA: 0s - loss: 0.6245 - acc: 0.7359
1376/1424 [===========================>..] - ETA: 0s - loss: 0.6542 - acc: 0.7326
1408/1424 [============================>.] - ETA: 0s - loss: 0.6885 - acc: 0.7315
1424/1424 [==============================] - 16s 11ms/step - loss: 0.7153 - acc: 0.7296 - val_loss: 1.0076 - val_acc: 0.6031
Train on 1424 samples, validate on 708 samples
Epoch 1/1

  32/1424 [..............................] - ETA: 12s - loss: 0.8134 - acc: 0.7188
  64/1424 [>.............................] - ETA: 12s - loss: 1.5438 - acc: 0.6406
  96/1424 [=>............................] - ETA: 11s - loss: 1.6886 - acc: 0.6354
 128/1424 [=>............................] - ETA: 11s - loss: 1.4017 - acc: 0.6406
 160/1424 [==>...........................] - ETA: 11s - loss: 1.3191 - acc: 0.6500
 192/1424 [===>..........................] - ETA: 10s - loss: 1.4531 - acc: 0.6250
 224/1424 [===>..........................] - ETA: 10s - loss: 1.5238 - acc: 0.6161
 256/1424 [====>.........................] - ETA: 10s - loss: 1.4943 - acc: 0.6133
 288/1424 [=====>........................] - ETA: 10s - loss: 1.5616 - acc: 0.6076
 320/1424 [=====>........................] - ETA: 9s - loss: 1.5138 - acc: 0.6219 
 352/1424 [======>.......................] - ETA: 9s - loss: 1.7148 - acc: 0.6165
 384/1424 [=======>......................] - ETA: 9s - loss: 1.6940 - acc: 0.6198
 416/1424 [=======>......................] - ETA: 9s - loss: 1.7094 - acc: 0.6226
 448/1424 [========>.....................] - ETA: 8s - loss: 1.7567 - acc: 0.6250
 480/1424 [=========>....................] - ETA: 8s - loss: 1.7690 - acc: 0.6333
 512/1424 [=========>....................] - ETA: 8s - loss: 1.7380 - acc: 0.6328
 544/1424 [==========>...................] - ETA: 7s - loss: 1.6953 - acc: 0.6360
 576/1424 [===========>..................] - ETA: 7s - loss: 1.6489 - acc: 0.6319
 608/1424 [===========>..................] - ETA: 7s - loss: 1.6466 - acc: 0.6299
 640/1424 [============>.................] - ETA: 6s - loss: 1.6921 - acc: 0.6312
 672/1424 [=============>................] - ETA: 6s - loss: 1.7269 - acc: 0.6324
 704/1424 [=============>................] - ETA: 6s - loss: 1.7304 - acc: 0.6349
 736/1424 [==============>...............] - ETA: 6s - loss: 1.7908 - acc: 0.6291
 768/1424 [===============>..............] - ETA: 5s - loss: 1.7955 - acc: 0.6328
 800/1424 [===============>..............] - ETA: 5s - loss: 1.8871 - acc: 0.6200
 832/1424 [================>.............] - ETA: 5s - loss: 1.8919 - acc: 0.6142
 864/1424 [=================>............] - ETA: 5s - loss: 1.9020 - acc: 0.6088
 896/1424 [=================>............] - ETA: 4s - loss: 1.8768 - acc: 0.6094
 928/1424 [==================>...........] - ETA: 4s - loss: 1.8643 - acc: 0.6121
 960/1424 [===================>..........] - ETA: 4s - loss: 1.8835 - acc: 0.6125
 992/1424 [===================>..........] - ETA: 3s - loss: 1.8821 - acc: 0.6139
1024/1424 [====================>.........] - ETA: 3s - loss: 1.8679 - acc: 0.6152
1056/1424 [=====================>........] - ETA: 3s - loss: 1.8869 - acc: 0.6155
1088/1424 [=====================>........] - ETA: 2s - loss: 1.8451 - acc: 0.6176
1120/1424 [======================>.......] - ETA: 2s - loss: 1.8318 - acc: 0.6205
1152/1424 [=======================>......] - ETA: 2s - loss: 1.8309 - acc: 0.6189
1184/1424 [=======================>......] - ETA: 2s - loss: 1.8506 - acc: 0.6182
1216/1424 [========================>.....] - ETA: 1s - loss: 1.8395 - acc: 0.6209
1248/1424 [=========================>....] - ETA: 1s - loss: 1.8438 - acc: 0.6202
1280/1424 [=========================>....] - ETA: 1s - loss: 1.8577 - acc: 0.6227
1312/1424 [==========================>...] - ETA: 0s - loss: 1.8966 - acc: 0.6220
1344/1424 [===========================>..] - ETA: 0s - loss: 1.8757 - acc: 0.6243
1376/1424 [===========================>..] - ETA: 0s - loss: 1.8885 - acc: 0.6243
1408/1424 [============================>.] - ETA: 0s - loss: 1.9035 - acc: 0.6264
1424/1424 [==============================] - 15s 11ms/step - loss: 1.9137 - acc: 0.6278 - val_loss: 0.9847 - val_acc: 0.6921
Train on 1424 samples, validate on 708 samples
Epoch 1/1

  32/1424 [..............................] - ETA: 12s - loss: 1.1089 - acc: 0.6250
  64/1424 [>.............................] - ETA: 12s - loss: 1.0568 - acc: 0.6250
  96/1424 [=>............................] - ETA: 11s - loss: 1.3422 - acc: 0.6250
 128/1424 [=>............................] - ETA: 11s - loss: 1.1050 - acc: 0.6641
 160/1424 [==>...........................] - ETA: 11s - loss: 1.4867 - acc: 0.6500
 192/1424 [===>..........................] - ETA: 11s - loss: 1.4854 - acc: 0.6667
 224/1424 [===>..........................] - ETA: 10s - loss: 1.3864 - acc: 0.6830
 256/1424 [====>.........................] - ETA: 10s - loss: 1.3898 - acc: 0.6797
 288/1424 [=====>........................] - ETA: 10s - loss: 1.3897 - acc: 0.6875
 320/1424 [=====>........................] - ETA: 9s - loss: 1.4293 - acc: 0.6781 
 352/1424 [======>.......................] - ETA: 9s - loss: 1.4161 - acc: 0.6818
 384/1424 [=======>......................] - ETA: 9s - loss: 1.3790 - acc: 0.6875
 416/1424 [=======>......................] - ETA: 9s - loss: 1.4235 - acc: 0.6875
 448/1424 [========>.....................] - ETA: 8s - loss: 1.3856 - acc: 0.6830
 480/1424 [=========>....................] - ETA: 8s - loss: 1.4887 - acc: 0.6813
 512/1424 [=========>....................] - ETA: 8s - loss: 1.4592 - acc: 0.6816
 544/1424 [==========>...................] - ETA: 7s - loss: 1.4049 - acc: 0.6893
 576/1424 [===========>..................] - ETA: 7s - loss: 1.4583 - acc: 0.6927
 608/1424 [===========>..................] - ETA: 7s - loss: 1.4919 - acc: 0.6908
 640/1424 [============>.................] - ETA: 7s - loss: 1.4611 - acc: 0.6953
 672/1424 [=============>................] - ETA: 6s - loss: 1.4565 - acc: 0.7009
 704/1424 [=============>................] - ETA: 6s - loss: 1.4323 - acc: 0.7031
 736/1424 [==============>...............] - ETA: 6s - loss: 1.3885 - acc: 0.7079
 768/1424 [===============>..............] - ETA: 5s - loss: 1.3501 - acc: 0.7135
 800/1424 [===============>..............] - ETA: 5s - loss: 1.3357 - acc: 0.7137
 832/1424 [================>.............] - ETA: 5s - loss: 1.3473 - acc: 0.7091
 864/1424 [=================>............] - ETA: 5s - loss: 1.3663 - acc: 0.7072
 896/1424 [=================>............] - ETA: 4s - loss: 1.3519 - acc: 0.7076
 928/1424 [==================>...........] - ETA: 4s - loss: 1.3393 - acc: 0.7047
 960/1424 [===================>..........] - ETA: 4s - loss: 1.3137 - acc: 0.7083
 992/1424 [===================>..........] - ETA: 3s - loss: 1.3140 - acc: 0.7026
1024/1424 [====================>.........] - ETA: 3s - loss: 1.2902 - acc: 0.7061
1056/1424 [=====================>........] - ETA: 3s - loss: 1.2732 - acc: 0.7093
1088/1424 [=====================>........] - ETA: 3s - loss: 1.2685 - acc: 0.7068
1120/1424 [======================>.......] - ETA: 2s - loss: 1.2584 - acc: 0.7071
1152/1424 [=======================>......] - ETA: 2s - loss: 1.2363 - acc: 0.7075
1184/1424 [=======================>......] - ETA: 2s - loss: 1.2563 - acc: 0.7035
1216/1424 [========================>.....] - ETA: 1s - loss: 1.2360 - acc: 0.7031
1248/1424 [=========================>....] - ETA: 1s - loss: 1.2134 - acc: 0.7075
1280/1424 [=========================>....] - ETA: 1s - loss: 1.1979 - acc: 0.7094
1312/1424 [==========================>...] - ETA: 1s - loss: 1.1823 - acc: 0.7088
1344/1424 [===========================>..] - ETA: 0s - loss: 1.1886 - acc: 0.7113
1376/1424 [===========================>..] - ETA: 0s - loss: 1.1895 - acc: 0.7108
1408/1424 [============================>.] - ETA: 0s - loss: 1.1838 - acc: 0.7116
1424/1424 [==============================] - 15s 11ms/step - loss: 1.1787 - acc: 0.7114 - val_loss: 0.5182 - val_acc: 0.8220
Train on 1424 samples, validate on 708 samples
Epoch 1/1

  32/1424 [..............................] - ETA: 12s - loss: 1.7157 - acc: 0.6875
  64/1424 [>.............................] - ETA: 12s - loss: 1.3692 - acc: 0.7031
  96/1424 [=>............................] - ETA: 11s - loss: 1.0848 - acc: 0.7083
 128/1424 [=>............................] - ETA: 11s - loss: 1.0658 - acc: 0.7031
 160/1424 [==>...........................] - ETA: 11s - loss: 1.0388 - acc: 0.7125
 192/1424 [===>..........................] - ETA: 10s - loss: 0.9532 - acc: 0.7135
 224/1424 [===>..........................] - ETA: 10s - loss: 0.8875 - acc: 0.7232
 256/1424 [====>.........................] - ETA: 10s - loss: 0.8465 - acc: 0.7070
 288/1424 [=====>........................] - ETA: 10s - loss: 0.8113 - acc: 0.7083
 320/1424 [=====>........................] - ETA: 9s - loss: 0.7853 - acc: 0.7156 
 352/1424 [======>.......................] - ETA: 9s - loss: 0.7633 - acc: 0.7131
 384/1424 [=======>......................] - ETA: 9s - loss: 0.7429 - acc: 0.7188
 416/1424 [=======>......................] - ETA: 8s - loss: 0.7329 - acc: 0.7139
 448/1424 [========>.....................] - ETA: 8s - loss: 0.7781 - acc: 0.7277
 480/1424 [=========>....................] - ETA: 8s - loss: 0.7929 - acc: 0.7250
 512/1424 [=========>....................] - ETA: 8s - loss: 0.8140 - acc: 0.7227
 544/1424 [==========>...................] - ETA: 7s - loss: 0.8287 - acc: 0.7243
 576/1424 [===========>..................] - ETA: 7s - loss: 0.8114 - acc: 0.7257
 608/1424 [===========>..................] - ETA: 7s - loss: 0.8281 - acc: 0.7237
 640/1424 [============>.................] - ETA: 7s - loss: 0.8092 - acc: 0.7250
 672/1424 [=============>................] - ETA: 6s - loss: 0.7984 - acc: 0.7232
 704/1424 [=============>................] - ETA: 6s - loss: 0.7824 - acc: 0.7287
 736/1424 [==============>...............] - ETA: 6s - loss: 0.8158 - acc: 0.7310
 768/1424 [===============>..............] - ETA: 5s - loss: 0.8362 - acc: 0.7240
 800/1424 [===============>..............] - ETA: 5s - loss: 0.8201 - acc: 0.7275
 832/1424 [================>.............] - ETA: 5s - loss: 0.8272 - acc: 0.7272
 864/1424 [=================>............] - ETA: 5s - loss: 0.8235 - acc: 0.7292
 896/1424 [=================>............] - ETA: 4s - loss: 0.8134 - acc: 0.7288
 928/1424 [==================>...........] - ETA: 4s - loss: 0.8258 - acc: 0.7274
 960/1424 [===================>..........] - ETA: 4s - loss: 0.8164 - acc: 0.7250
 992/1424 [===================>..........] - ETA: 3s - loss: 0.8231 - acc: 0.7258
1024/1424 [====================>.........] - ETA: 3s - loss: 0.8278 - acc: 0.7275
1056/1424 [=====================>........] - ETA: 3s - loss: 0.8443 - acc: 0.7311
1088/1424 [=====================>........] - ETA: 3s - loss: 0.8621 - acc: 0.7307
1120/1424 [======================>.......] - ETA: 2s - loss: 0.8525 - acc: 0.7304
1152/1424 [=======================>......] - ETA: 2s - loss: 0.8448 - acc: 0.7283
1184/1424 [=======================>......] - ETA: 2s - loss: 0.8338 - acc: 0.7323
1216/1424 [========================>.....] - ETA: 1s - loss: 0.8240 - acc: 0.7327
1248/1424 [=========================>....] - ETA: 1s - loss: 0.8138 - acc: 0.7364
1280/1424 [=========================>....] - ETA: 1s - loss: 0.8079 - acc: 0.7352
1312/1424 [==========================>...] - ETA: 1s - loss: 0.8002 - acc: 0.7355
1344/1424 [===========================>..] - ETA: 0s - loss: 0.7921 - acc: 0.7388
1376/1424 [===========================>..] - ETA: 0s - loss: 0.7862 - acc: 0.7384
1408/1424 [============================>.] - ETA: 0s - loss: 0.7814 - acc: 0.7372
1424/1424 [==============================] - 15s 11ms/step - loss: 0.7791 - acc: 0.7374 - val_loss: 0.5105 - val_acc: 0.8291
Train on 1424 samples, validate on 708 samples
Epoch 1/1

  32/1424 [..............................] - ETA: 12s - loss: 1.0063 - acc: 0.6875
  64/1424 [>.............................] - ETA: 12s - loss: 0.7557 - acc: 0.7656
  96/1424 [=>............................] - ETA: 11s - loss: 0.8205 - acc: 0.7917
 128/1424 [=>............................] - ETA: 11s - loss: 0.7294 - acc: 0.8047
 160/1424 [==>...........................] - ETA: 11s - loss: 0.6894 - acc: 0.8000
 192/1424 [===>..........................] - ETA: 11s - loss: 0.6640 - acc: 0.7812
 224/1424 [===>..........................] - ETA: 10s - loss: 0.7419 - acc: 0.7589
 256/1424 [====>.........................] - ETA: 10s - loss: 0.8295 - acc: 0.7617
 288/1424 [=====>........................] - ETA: 10s - loss: 0.7980 - acc: 0.7604
 320/1424 [=====>........................] - ETA: 9s - loss: 0.7642 - acc: 0.7594 
 352/1424 [======>.......................] - ETA: 9s - loss: 0.7843 - acc: 0.7670
 384/1424 [=======>......................] - ETA: 9s - loss: 0.7624 - acc: 0.7630
 416/1424 [=======>......................] - ETA: 9s - loss: 0.7779 - acc: 0.7644
 448/1424 [========>.....................] - ETA: 8s - loss: 0.7513 - acc: 0.7679
 480/1424 [=========>....................] - ETA: 8s - loss: 0.7774 - acc: 0.7688
 512/1424 [=========>....................] - ETA: 8s - loss: 0.7625 - acc: 0.7676
 544/1424 [==========>...................] - ETA: 7s - loss: 0.7491 - acc: 0.7647
 576/1424 [===========>..................] - ETA: 7s - loss: 0.7338 - acc: 0.7656
 608/1424 [===========>..................] - ETA: 7s - loss: 0.7316 - acc: 0.7533
 640/1424 [============>.................] - ETA: 7s - loss: 0.7405 - acc: 0.7562
 672/1424 [=============>................] - ETA: 6s - loss: 0.7310 - acc: 0.7515
 704/1424 [=============>................] - ETA: 6s - loss: 0.7209 - acc: 0.7500
 736/1424 [==============>...............] - ETA: 6s - loss: 0.7318 - acc: 0.7514
 768/1424 [===============>..............] - ETA: 5s - loss: 0.7624 - acc: 0.7513
 800/1424 [===============>..............] - ETA: 5s - loss: 0.7514 - acc: 0.7500
 832/1424 [================>.............] - ETA: 5s - loss: 0.7421 - acc: 0.7500
 864/1424 [=================>............] - ETA: 5s - loss: 0.7686 - acc: 0.7488
 896/1424 [=================>............] - ETA: 4s - loss: 0.7589 - acc: 0.7522
 928/1424 [==================>...........] - ETA: 4s - loss: 0.7485 - acc: 0.7532
 960/1424 [===================>..........] - ETA: 4s - loss: 0.7407 - acc: 0.7552
 992/1424 [===================>..........] - ETA: 3s - loss: 0.7332 - acc: 0.7550
1024/1424 [====================>.........] - ETA: 3s - loss: 0.7574 - acc: 0.7520
1056/1424 [=====================>........] - ETA: 3s - loss: 0.7501 - acc: 0.7528
1088/1424 [=====================>........] - ETA: 3s - loss: 0.7412 - acc: 0.7537
1120/1424 [======================>.......] - ETA: 2s - loss: 0.7340 - acc: 0.7545
1152/1424 [=======================>......] - ETA: 2s - loss: 0.7287 - acc: 0.7543
1184/1424 [=======================>......] - ETA: 2s - loss: 0.7276 - acc: 0.7483
1216/1424 [========================>.....] - ETA: 1s - loss: 0.7358 - acc: 0.7484
1248/1424 [=========================>....] - ETA: 1s - loss: 0.7431 - acc: 0.7476
1280/1424 [=========================>....] - ETA: 1s - loss: 0.7397 - acc: 0.7469
1312/1424 [==========================>...] - ETA: 1s - loss: 0.7334 - acc: 0.7477
1344/1424 [===========================>..] - ETA: 0s - loss: 0.7330 - acc: 0.7448
1376/1424 [===========================>..] - ETA: 0s - loss: 0.7282 - acc: 0.7442
1408/1424 [============================>.] - ETA: 0s - loss: 0.7320 - acc: 0.7450
1424/1424 [==============================] - 15s 11ms/step - loss: 0.7478 - acc: 0.7423 - val_loss: 0.5097 - val_acc: 0.8291

  32/1424 [..............................] - ETA: 26s
  64/1424 [>.............................] - ETA: 15s
  96/1424 [=>............................] - ETA: 11s
 128/1424 [=>............................] - ETA: 9s 
 160/1424 [==>...........................] - ETA: 8s
 192/1424 [===>..........................] - ETA: 7s
 224/1424 [===>..........................] - ETA: 6s
 256/1424 [====>.........................] - ETA: 6s
 288/1424 [=====>........................] - ETA: 5s
 320/1424 [=====>........................] - ETA: 5s
 352/1424 [======>.......................] - ETA: 5s
 384/1424 [=======>......................] - ETA: 5s
 416/1424 [=======>......................] - ETA: 4s
 448/1424 [========>.....................] - ETA: 4s
 480/1424 [=========>....................] - ETA: 4s
 512/1424 [=========>....................] - ETA: 4s
 544/1424 [==========>...................] - ETA: 3s
 576/1424 [===========>..................] - ETA: 3s
 608/1424 [===========>..................] - ETA: 3s
 640/1424 [============>.................] - ETA: 3s
 672/1424 [=============>................] - ETA: 3s
 704/1424 [=============>................] - ETA: 3s
 736/1424 [==============>...............] - ETA: 2s
 768/1424 [===============>..............] - ETA: 2s
 800/1424 [===============>..............] - ETA: 2s
 832/1424 [================>.............] - ETA: 2s
 864/1424 [=================>............] - ETA: 2s
 896/1424 [=================>............] - ETA: 2s
 928/1424 [==================>...........] - ETA: 2s
 960/1424 [===================>..........] - ETA: 1s
 992/1424 [===================>..........] - ETA: 1s
1024/1424 [====================>.........] - ETA: 1s
1056/1424 [=====================>........] - ETA: 1s
1088/1424 [=====================>........] - ETA: 1s
1120/1424 [======================>.......] - ETA: 1s
1152/1424 [=======================>......] - ETA: 1s
1184/1424 [=======================>......] - ETA: 0s
1216/1424 [========================>.....] - ETA: 0s
1248/1424 [=========================>....] - ETA: 0s
1280/1424 [=========================>....] - ETA: 0s
1312/1424 [==========================>...] - ETA: 0s
1344/1424 [===========================>..] - ETA: 0s
1376/1424 [===========================>..] - ETA: 0s
1408/1424 [============================>.] - ETA: 0s
1424/1424 [==============================] - 6s 4ms/step
Test acc: 0.8300561797752809

  32/1424 [..............................] - ETA: 5s
  64/1424 [>.............................] - ETA: 4s
  96/1424 [=>............................] - ETA: 4s
 128/1424 [=>............................] - ETA: 4s
 160/1424 [==>...........................] - ETA: 4s
 192/1424 [===>..........................] - ETA: 4s
 224/1424 [===>..........................] - ETA: 4s
 256/1424 [====>.........................] - ETA: 4s
 288/1424 [=====>........................] - ETA: 4s
 320/1424 [=====>........................] - ETA: 3s
 352/1424 [======>.......................] - ETA: 3s
 384/1424 [=======>......................] - ETA: 3s
 416/1424 [=======>......................] - ETA: 3s
 448/1424 [========>.....................] - ETA: 3s
 480/1424 [=========>....................] - ETA: 3s
 512/1424 [=========>....................] - ETA: 3s
 544/1424 [==========>...................] - ETA: 3s
 576/1424 [===========>..................] - ETA: 3s
 608/1424 [===========>..................] - ETA: 2s
 640/1424 [============>.................] - ETA: 2s
 672/1424 [=============>................] - ETA: 2s
 704/1424 [=============>................] - ETA: 2s
 736/1424 [==============>...............] - ETA: 2s
 768/1424 [===============>..............] - ETA: 2s
 800/1424 [===============>..............] - ETA: 2s
 832/1424 [================>.............] - ETA: 2s
 864/1424 [=================>............] - ETA: 1s
 896/1424 [=================>............] - ETA: 1s
 928/1424 [==================>...........] - ETA: 1s
 960/1424 [===================>..........] - ETA: 1s
 992/1424 [===================>..........] - ETA: 1s
1024/1424 [====================>.........] - ETA: 1s
1056/1424 [=====================>........] - ETA: 1s
1088/1424 [=====================>........] - ETA: 1s
1120/1424 [======================>.......] - ETA: 1s
1152/1424 [=======================>......] - ETA: 0s
1184/1424 [=======================>......] - ETA: 0s
1216/1424 [========================>.....] - ETA: 0s
1248/1424 [=========================>....] - ETA: 0s
1280/1424 [=========================>....] - ETA: 0s
1312/1424 [==========================>...] - ETA: 0s
1344/1424 [===========================>..] - ETA: 0s
1376/1424 [===========================>..] - ETA: 0s
1408/1424 [============================>.] - ETA: 0s
1424/1424 [==============================] - 5s 4ms/step
Test acc: [0.46423590719030144, 0.8370786516853933]
Test auc: 0.911580963577831
Test mcc: 0.6639053851551565
Execute epoch: 16
Execute time: 270.5306227207184
(W) Execute time: 268.7110028266907
