_________________________________________________________________
Layer (type)                 Output Shape              Param #   
=================================================================
embedding_1 (Embedding)      (None, None, 128)         2688      
_________________________________________________________________
lstm_1 (LSTM)                (None, None, 64)          49408     
_________________________________________________________________
lstm_2 (LSTM)                (None, None, 64)          33024     
_________________________________________________________________
lstm_3 (LSTM)                (None, 64)                33024     
_________________________________________________________________
dense_1 (Dense)              (None, 16)                1040      
_________________________________________________________________
dense_2 (Dense)              (None, 1)                 17        
=================================================================
Total params: 119,201
Trainable params: 119,201
Non-trainable params: 0
_________________________________________________________________
Train on 1424 samples, validate on 708 samples
Epoch 1/1

  32/1424 [..............................] - ETA: 2:27 - loss: 0.6935 - acc: 0.5000
  64/1424 [>.............................] - ETA: 1:18 - loss: 0.6934 - acc: 0.4375
  96/1424 [=>............................] - ETA: 55s - loss: 0.6934 - acc: 0.4688 
 128/1424 [=>............................] - ETA: 44s - loss: 0.6933 - acc: 0.4688
 160/1424 [==>...........................] - ETA: 36s - loss: 0.6927 - acc: 0.5062
 192/1424 [===>..........................] - ETA: 32s - loss: 0.6926 - acc: 0.5156
 224/1424 [===>..........................] - ETA: 28s - loss: 0.6924 - acc: 0.5223
 256/1424 [====>.........................] - ETA: 25s - loss: 0.6923 - acc: 0.5234
 288/1424 [=====>........................] - ETA: 23s - loss: 0.6931 - acc: 0.5069
 320/1424 [=====>........................] - ETA: 21s - loss: 0.6932 - acc: 0.5031
 352/1424 [======>.......................] - ETA: 20s - loss: 0.6937 - acc: 0.4886
 384/1424 [=======>......................] - ETA: 18s - loss: 0.6934 - acc: 0.4948
 416/1424 [=======>......................] - ETA: 17s - loss: 0.6931 - acc: 0.5000
 448/1424 [========>.....................] - ETA: 16s - loss: 0.6934 - acc: 0.4955
 480/1424 [=========>....................] - ETA: 15s - loss: 0.6930 - acc: 0.5021
 512/1424 [=========>....................] - ETA: 14s - loss: 0.6932 - acc: 0.4980
 544/1424 [==========>...................] - ETA: 13s - loss: 0.6932 - acc: 0.4982
 576/1424 [===========>..................] - ETA: 12s - loss: 0.6932 - acc: 0.4948
 608/1424 [===========>..................] - ETA: 12s - loss: 0.6931 - acc: 0.4967
 640/1424 [============>.................] - ETA: 11s - loss: 0.6930 - acc: 0.5000
 672/1424 [=============>................] - ETA: 10s - loss: 0.6930 - acc: 0.4985
 704/1424 [=============>................] - ETA: 10s - loss: 0.6930 - acc: 0.4986
 736/1424 [==============>...............] - ETA: 9s - loss: 0.6931 - acc: 0.4973 
 768/1424 [===============>..............] - ETA: 9s - loss: 0.6931 - acc: 0.4974
 800/1424 [===============>..............] - ETA: 8s - loss: 0.6930 - acc: 0.4975
 832/1424 [================>.............] - ETA: 8s - loss: 0.6930 - acc: 0.4964
 864/1424 [=================>............] - ETA: 7s - loss: 0.6929 - acc: 0.4988
 896/1424 [=================>............] - ETA: 7s - loss: 0.6928 - acc: 0.4978
 928/1424 [==================>...........] - ETA: 6s - loss: 0.6929 - acc: 0.4968
 960/1424 [===================>..........] - ETA: 6s - loss: 0.6929 - acc: 0.4948
 992/1424 [===================>..........] - ETA: 5s - loss: 0.6929 - acc: 0.4919
1024/1424 [====================>.........] - ETA: 5s - loss: 0.6927 - acc: 0.4932
1056/1424 [=====================>........] - ETA: 4s - loss: 0.6928 - acc: 0.4877
1088/1424 [=====================>........] - ETA: 4s - loss: 0.6926 - acc: 0.4890
1120/1424 [======================>.......] - ETA: 3s - loss: 0.6924 - acc: 0.4902
1152/1424 [=======================>......] - ETA: 3s - loss: 0.6921 - acc: 0.4922
1184/1424 [=======================>......] - ETA: 3s - loss: 0.6918 - acc: 0.4932
1216/1424 [========================>.....] - ETA: 2s - loss: 0.6916 - acc: 0.4926
1248/1424 [=========================>....] - ETA: 2s - loss: 0.6915 - acc: 0.4920
1280/1424 [=========================>....] - ETA: 1s - loss: 0.6915 - acc: 0.4906
1312/1424 [==========================>...] - ETA: 1s - loss: 0.6913 - acc: 0.4863
1344/1424 [===========================>..] - ETA: 0s - loss: 0.6911 - acc: 0.4859
1376/1424 [===========================>..] - ETA: 0s - loss: 0.6901 - acc: 0.4891
1408/1424 [============================>.] - ETA: 0s - loss: 0.6891 - acc: 0.4929
1424/1424 [==============================] - 20s 14ms/step - loss: 0.6884 - acc: 0.4930 - val_loss: 0.6371 - val_acc: 0.5240
Train on 1424 samples, validate on 708 samples
Epoch 1/1

  32/1424 [..............................] - ETA: 14s - loss: 0.6990 - acc: 0.4688
  64/1424 [>.............................] - ETA: 13s - loss: 0.6585 - acc: 0.4688
  96/1424 [=>............................] - ETA: 13s - loss: 0.5907 - acc: 0.5625
 128/1424 [=>............................] - ETA: 12s - loss: 0.6073 - acc: 0.5859
 160/1424 [==>...........................] - ETA: 12s - loss: 0.8019 - acc: 0.5563
 192/1424 [===>..........................] - ETA: 12s - loss: 0.8382 - acc: 0.5729
 224/1424 [===>..........................] - ETA: 11s - loss: 0.8742 - acc: 0.5670
 256/1424 [====>.........................] - ETA: 11s - loss: 0.8335 - acc: 0.5898
 288/1424 [=====>........................] - ETA: 11s - loss: 0.8010 - acc: 0.6181
 320/1424 [=====>........................] - ETA: 10s - loss: 0.7806 - acc: 0.6312
 352/1424 [======>.......................] - ETA: 10s - loss: 0.7668 - acc: 0.6449
 384/1424 [=======>......................] - ETA: 10s - loss: 0.7698 - acc: 0.6562
 416/1424 [=======>......................] - ETA: 10s - loss: 0.7626 - acc: 0.6635
 448/1424 [========>.....................] - ETA: 9s - loss: 0.7529 - acc: 0.6741 
 480/1424 [=========>....................] - ETA: 9s - loss: 0.7467 - acc: 0.6771
 512/1424 [=========>....................] - ETA: 9s - loss: 0.7392 - acc: 0.6895
 544/1424 [==========>...................] - ETA: 8s - loss: 0.7362 - acc: 0.6875
 576/1424 [===========>..................] - ETA: 8s - loss: 0.7325 - acc: 0.6875
 608/1424 [===========>..................] - ETA: 8s - loss: 0.7283 - acc: 0.6908
 640/1424 [============>.................] - ETA: 7s - loss: 0.7257 - acc: 0.6984
 672/1424 [=============>................] - ETA: 7s - loss: 0.7229 - acc: 0.7024
 704/1424 [=============>................] - ETA: 7s - loss: 0.7204 - acc: 0.7102
 736/1424 [==============>...............] - ETA: 6s - loss: 0.7179 - acc: 0.7092
 768/1424 [===============>..............] - ETA: 6s - loss: 0.7150 - acc: 0.7135
 800/1424 [===============>..............] - ETA: 6s - loss: 0.7130 - acc: 0.7200
 832/1424 [================>.............] - ETA: 5s - loss: 0.7113 - acc: 0.7175
 864/1424 [=================>............] - ETA: 5s - loss: 0.7077 - acc: 0.7222
 896/1424 [=================>............] - ETA: 5s - loss: 0.7030 - acc: 0.7266
 928/1424 [==================>...........] - ETA: 4s - loss: 0.7022 - acc: 0.7252
 960/1424 [===================>..........] - ETA: 4s - loss: 0.6986 - acc: 0.7250
 992/1424 [===================>..........] - ETA: 4s - loss: 0.6966 - acc: 0.7228
1024/1424 [====================>.........] - ETA: 3s - loss: 0.6935 - acc: 0.7188
1056/1424 [=====================>........] - ETA: 3s - loss: 0.6931 - acc: 0.7102
1088/1424 [=====================>........] - ETA: 3s - loss: 0.6900 - acc: 0.7077
1120/1424 [======================>.......] - ETA: 3s - loss: 0.6914 - acc: 0.7036
1152/1424 [=======================>......] - ETA: 2s - loss: 0.6900 - acc: 0.6988
1184/1424 [=======================>......] - ETA: 2s - loss: 0.6871 - acc: 0.6951
1216/1424 [========================>.....] - ETA: 2s - loss: 0.6833 - acc: 0.6949
1248/1424 [=========================>....] - ETA: 1s - loss: 0.6829 - acc: 0.6939
1280/1424 [=========================>....] - ETA: 1s - loss: 0.6809 - acc: 0.6953
1312/1424 [==========================>...] - ETA: 1s - loss: 0.6893 - acc: 0.6966
1344/1424 [===========================>..] - ETA: 0s - loss: 0.6851 - acc: 0.6979
1376/1424 [===========================>..] - ETA: 0s - loss: 0.6853 - acc: 0.6969
1408/1424 [============================>.] - ETA: 0s - loss: 0.6840 - acc: 0.6974
1424/1424 [==============================] - 17s 12ms/step - loss: 0.6834 - acc: 0.6994 - val_loss: 0.5962 - val_acc: 0.8220
Train on 1424 samples, validate on 708 samples
Epoch 1/1

  32/1424 [..............................] - ETA: 13s - loss: 0.5777 - acc: 0.7812
  64/1424 [>.............................] - ETA: 13s - loss: 0.5418 - acc: 0.8438
  96/1424 [=>............................] - ETA: 13s - loss: 0.5478 - acc: 0.8438
 128/1424 [=>............................] - ETA: 12s - loss: 0.5556 - acc: 0.8125
 160/1424 [==>...........................] - ETA: 12s - loss: 0.6222 - acc: 0.8063
 192/1424 [===>..........................] - ETA: 12s - loss: 0.6548 - acc: 0.8125
 224/1424 [===>..........................] - ETA: 11s - loss: 0.7167 - acc: 0.8080
 256/1424 [====>.........................] - ETA: 11s - loss: 0.6975 - acc: 0.8086
 288/1424 [=====>........................] - ETA: 11s - loss: 0.6809 - acc: 0.8160
 320/1424 [=====>........................] - ETA: 10s - loss: 0.6699 - acc: 0.8250
 352/1424 [======>.......................] - ETA: 10s - loss: 0.6657 - acc: 0.8182
 384/1424 [=======>......................] - ETA: 10s - loss: 0.6643 - acc: 0.8047
 416/1424 [=======>......................] - ETA: 10s - loss: 0.6605 - acc: 0.7933
 448/1424 [========>.....................] - ETA: 9s - loss: 0.6549 - acc: 0.7946 
 480/1424 [=========>....................] - ETA: 9s - loss: 0.6516 - acc: 0.7917
 512/1424 [=========>....................] - ETA: 9s - loss: 0.6453 - acc: 0.7910
 544/1424 [==========>...................] - ETA: 8s - loss: 0.6452 - acc: 0.7849
 576/1424 [===========>..................] - ETA: 8s - loss: 0.6372 - acc: 0.7830
 608/1424 [===========>..................] - ETA: 8s - loss: 0.6835 - acc: 0.7829
 640/1424 [============>.................] - ETA: 7s - loss: 0.6736 - acc: 0.7844
 672/1424 [=============>................] - ETA: 7s - loss: 0.6909 - acc: 0.7753
 704/1424 [=============>................] - ETA: 7s - loss: 0.6783 - acc: 0.7798
 736/1424 [==============>...............] - ETA: 6s - loss: 0.7048 - acc: 0.7826
 768/1424 [===============>..............] - ETA: 6s - loss: 0.7107 - acc: 0.7891
 800/1424 [===============>..............] - ETA: 6s - loss: 0.7001 - acc: 0.7887
 832/1424 [================>.............] - ETA: 5s - loss: 0.7306 - acc: 0.7885
 864/1424 [=================>............] - ETA: 5s - loss: 0.7553 - acc: 0.7882
 896/1424 [=================>............] - ETA: 5s - loss: 0.8634 - acc: 0.7835
 928/1424 [==================>...........] - ETA: 4s - loss: 0.8883 - acc: 0.7856
 960/1424 [===================>..........] - ETA: 4s - loss: 0.9726 - acc: 0.7760
 992/1424 [===================>..........] - ETA: 4s - loss: 1.0113 - acc: 0.7692
1024/1424 [====================>.........] - ETA: 3s - loss: 1.0847 - acc: 0.7637
1056/1424 [=====================>........] - ETA: 3s - loss: 1.1566 - acc: 0.7566
1088/1424 [=====================>........] - ETA: 3s - loss: 1.1600 - acc: 0.7537
1120/1424 [======================>.......] - ETA: 3s - loss: 1.1679 - acc: 0.7527
1152/1424 [=======================>......] - ETA: 2s - loss: 1.1770 - acc: 0.7535
1184/1424 [=======================>......] - ETA: 2s - loss: 1.1956 - acc: 0.7542
1216/1424 [========================>.....] - ETA: 2s - loss: 1.2016 - acc: 0.7541
1248/1424 [=========================>....] - ETA: 1s - loss: 1.2204 - acc: 0.7532
1280/1424 [=========================>....] - ETA: 1s - loss: 1.2001 - acc: 0.7570
1312/1424 [==========================>...] - ETA: 1s - loss: 1.1985 - acc: 0.7553
1344/1424 [===========================>..] - ETA: 0s - loss: 1.1816 - acc: 0.7530
1376/1424 [===========================>..] - ETA: 0s - loss: 1.1623 - acc: 0.7551
1408/1424 [============================>.] - ETA: 0s - loss: 1.1827 - acc: 0.7507
1424/1424 [==============================] - 17s 12ms/step - loss: 1.1962 - acc: 0.7493 - val_loss: 0.5522 - val_acc: 0.8333
Train on 1424 samples, validate on 708 samples
Epoch 1/1

  32/1424 [..............................] - ETA: 13s - loss: 2.7945 - acc: 0.5938
  64/1424 [>.............................] - ETA: 13s - loss: 2.1232 - acc: 0.7031
  96/1424 [=>............................] - ETA: 13s - loss: 2.1861 - acc: 0.7188
 128/1424 [=>............................] - ETA: 12s - loss: 2.4841 - acc: 0.6953
 160/1424 [==>...........................] - ETA: 12s - loss: 2.5640 - acc: 0.6875
 192/1424 [===>..........................] - ETA: 12s - loss: 2.8069 - acc: 0.6562
 224/1424 [===>..........................] - ETA: 11s - loss: 3.4719 - acc: 0.6339
 256/1424 [====>.........................] - ETA: 11s - loss: 3.9336 - acc: 0.6133
 288/1424 [=====>........................] - ETA: 11s - loss: 4.1499 - acc: 0.6007
 320/1424 [=====>........................] - ETA: 10s - loss: 4.5408 - acc: 0.5906
 352/1424 [======>.......................] - ETA: 10s - loss: 4.8270 - acc: 0.5767
 384/1424 [=======>......................] - ETA: 10s - loss: 5.0239 - acc: 0.5677
 416/1424 [=======>......................] - ETA: 9s - loss: 5.1760 - acc: 0.5673 
 448/1424 [========>.....................] - ETA: 9s - loss: 5.2765 - acc: 0.5670
 480/1424 [=========>....................] - ETA: 9s - loss: 5.4613 - acc: 0.5625
 512/1424 [=========>....................] - ETA: 9s - loss: 5.4852 - acc: 0.5645
 544/1424 [==========>...................] - ETA: 8s - loss: 5.4374 - acc: 0.5662
 576/1424 [===========>..................] - ETA: 8s - loss: 5.4213 - acc: 0.5660
 608/1424 [===========>..................] - ETA: 8s - loss: 5.4075 - acc: 0.5658
 640/1424 [============>.................] - ETA: 7s - loss: 5.3562 - acc: 0.5656
 672/1424 [=============>................] - ETA: 7s - loss: 5.2515 - acc: 0.5744
 704/1424 [=============>................] - ETA: 7s - loss: 5.2083 - acc: 0.5668
 736/1424 [==============>...............] - ETA: 6s - loss: 5.1262 - acc: 0.5679
 768/1424 [===============>..............] - ETA: 6s - loss: 4.9856 - acc: 0.5690
 800/1424 [===============>..............] - ETA: 6s - loss: 4.8783 - acc: 0.5750
 832/1424 [================>.............] - ETA: 5s - loss: 4.7359 - acc: 0.5745
 864/1424 [=================>............] - ETA: 5s - loss: 4.6519 - acc: 0.5741
 896/1424 [=================>............] - ETA: 5s - loss: 4.5366 - acc: 0.5770
 928/1424 [==================>...........] - ETA: 4s - loss: 4.4573 - acc: 0.5776
 960/1424 [===================>..........] - ETA: 4s - loss: 4.3619 - acc: 0.5802
 992/1424 [===================>..........] - ETA: 4s - loss: 4.3055 - acc: 0.5827
1024/1424 [====================>.........] - ETA: 3s - loss: 4.3660 - acc: 0.5781
1056/1424 [=====================>........] - ETA: 3s - loss: 4.3799 - acc: 0.5767
1088/1424 [=====================>........] - ETA: 3s - loss: 4.3623 - acc: 0.5708
1120/1424 [======================>.......] - ETA: 3s - loss: 4.3183 - acc: 0.5705
1152/1424 [=======================>......] - ETA: 2s - loss: 4.3965 - acc: 0.5668
1184/1424 [=======================>......] - ETA: 2s - loss: 4.3918 - acc: 0.5693
1216/1424 [========================>.....] - ETA: 2s - loss: 4.4280 - acc: 0.5674
1248/1424 [=========================>....] - ETA: 1s - loss: 4.4254 - acc: 0.5697
1280/1424 [=========================>....] - ETA: 1s - loss: 4.4963 - acc: 0.5648
1312/1424 [==========================>...] - ETA: 1s - loss: 4.5231 - acc: 0.5633
1344/1424 [===========================>..] - ETA: 0s - loss: 4.5424 - acc: 0.5618
1376/1424 [===========================>..] - ETA: 0s - loss: 4.6257 - acc: 0.5567
1408/1424 [============================>.] - ETA: 0s - loss: 4.6716 - acc: 0.5554
1424/1424 [==============================] - 17s 12ms/step - loss: 4.6876 - acc: 0.5555 - val_loss: 8.0363 - val_acc: 0.5014
Train on 1424 samples, validate on 708 samples
Epoch 1/1

  32/1424 [..............................] - ETA: 13s - loss: 7.1575 - acc: 0.5000
  64/1424 [>.............................] - ETA: 13s - loss: 6.8754 - acc: 0.4531
  96/1424 [=>............................] - ETA: 13s - loss: 7.2336 - acc: 0.4271
 128/1424 [=>............................] - ETA: 12s - loss: 7.4289 - acc: 0.4062
 160/1424 [==>...........................] - ETA: 12s - loss: 7.2546 - acc: 0.4437
 192/1424 [===>..........................] - ETA: 12s - loss: 7.4696 - acc: 0.4375
 224/1424 [===>..........................] - ETA: 11s - loss: 7.1187 - acc: 0.4688
 256/1424 [====>.........................] - ETA: 11s - loss: 7.4265 - acc: 0.4609
 288/1424 [=====>........................] - ETA: 11s - loss: 7.1938 - acc: 0.4722
 320/1424 [=====>........................] - ETA: 10s - loss: 7.0343 - acc: 0.4875
 352/1424 [======>.......................] - ETA: 10s - loss: 7.0011 - acc: 0.4886
 384/1424 [=======>......................] - ETA: 10s - loss: 6.7831 - acc: 0.5000
 416/1424 [=======>......................] - ETA: 9s - loss: 6.7016 - acc: 0.5000 
 448/1424 [========>.....................] - ETA: 9s - loss: 6.6414 - acc: 0.5022
 480/1424 [=========>....................] - ETA: 9s - loss: 6.5250 - acc: 0.5021
 512/1424 [=========>....................] - ETA: 9s - loss: 6.5164 - acc: 0.5020
 544/1424 [==========>...................] - ETA: 8s - loss: 6.4984 - acc: 0.5037
 576/1424 [===========>..................] - ETA: 8s - loss: 6.4722 - acc: 0.5000
 608/1424 [===========>..................] - ETA: 8s - loss: 6.5130 - acc: 0.5000
 640/1424 [============>.................] - ETA: 7s - loss: 6.3509 - acc: 0.5078
 672/1424 [=============>................] - ETA: 7s - loss: 6.2027 - acc: 0.5149
 704/1424 [=============>................] - ETA: 7s - loss: 6.1098 - acc: 0.5227
 736/1424 [==============>...............] - ETA: 6s - loss: 6.0100 - acc: 0.5231
 768/1424 [===============>..............] - ETA: 6s - loss: 6.0341 - acc: 0.5208
 800/1424 [===============>..............] - ETA: 6s - loss: 5.8582 - acc: 0.5262
 832/1424 [================>.............] - ETA: 5s - loss: 5.8312 - acc: 0.5288
 864/1424 [=================>............] - ETA: 5s - loss: 5.8287 - acc: 0.5301
 896/1424 [=================>............] - ETA: 5s - loss: 5.7741 - acc: 0.5335
 928/1424 [==================>...........] - ETA: 4s - loss: 5.7186 - acc: 0.5377
 960/1424 [===================>..........] - ETA: 4s - loss: 5.7019 - acc: 0.5385
 992/1424 [===================>..........] - ETA: 4s - loss: 5.6403 - acc: 0.5433
1024/1424 [====================>.........] - ETA: 3s - loss: 5.6132 - acc: 0.5420
1056/1424 [=====================>........] - ETA: 3s - loss: 5.5993 - acc: 0.5398
1088/1424 [=====================>........] - ETA: 3s - loss: 5.5630 - acc: 0.5414
1120/1424 [======================>.......] - ETA: 3s - loss: 5.5552 - acc: 0.5393
1152/1424 [=======================>......] - ETA: 2s - loss: 5.5061 - acc: 0.5408
1184/1424 [=======================>......] - ETA: 2s - loss: 5.4859 - acc: 0.5431
1216/1424 [========================>.....] - ETA: 2s - loss: 5.4595 - acc: 0.5428
1248/1424 [=========================>....] - ETA: 1s - loss: 5.4200 - acc: 0.5449
1280/1424 [=========================>....] - ETA: 1s - loss: 5.3439 - acc: 0.5484
1312/1424 [==========================>...] - ETA: 1s - loss: 5.3629 - acc: 0.5473
1344/1424 [===========================>..] - ETA: 0s - loss: 5.3008 - acc: 0.5499
1376/1424 [===========================>..] - ETA: 0s - loss: 5.3195 - acc: 0.5494
1408/1424 [============================>.] - ETA: 0s - loss: 5.3154 - acc: 0.5497
1424/1424 [==============================] - 17s 12ms/step - loss: 5.3253 - acc: 0.5492 - val_loss: 7.9712 - val_acc: 0.5000
Train on 1424 samples, validate on 708 samples
Epoch 1/1

  32/1424 [..............................] - ETA: 14s - loss: 4.8297 - acc: 0.6875
  64/1424 [>.............................] - ETA: 13s - loss: 5.2698 - acc: 0.5938
  96/1424 [=>............................] - ETA: 13s - loss: 5.5481 - acc: 0.5729
 128/1424 [=>............................] - ETA: 12s - loss: 6.2152 - acc: 0.5469
 160/1424 [==>...........................] - ETA: 12s - loss: 6.4965 - acc: 0.5375
 192/1424 [===>..........................] - ETA: 12s - loss: 6.5986 - acc: 0.5365
 224/1424 [===>..........................] - ETA: 11s - loss: 6.5147 - acc: 0.5491
 256/1424 [====>.........................] - ETA: 11s - loss: 6.8220 - acc: 0.5352
 288/1424 [=====>........................] - ETA: 11s - loss: 7.2276 - acc: 0.5139
 320/1424 [=====>........................] - ETA: 10s - loss: 7.2046 - acc: 0.5188
 352/1424 [======>.......................] - ETA: 10s - loss: 7.2328 - acc: 0.5199
 384/1424 [=======>......................] - ETA: 10s - loss: 7.4198 - acc: 0.5104
 416/1424 [=======>......................] - ETA: 10s - loss: 7.2875 - acc: 0.5192
 448/1424 [========>.....................] - ETA: 9s - loss: 7.1940 - acc: 0.5268 
 480/1424 [=========>....................] - ETA: 9s - loss: 7.3471 - acc: 0.5188
 512/1424 [=========>....................] - ETA: 9s - loss: 7.3553 - acc: 0.5195
 544/1424 [==========>...................] - ETA: 8s - loss: 7.3329 - acc: 0.5221
 576/1424 [===========>..................] - ETA: 8s - loss: 7.3427 - acc: 0.5208
 608/1424 [===========>..................] - ETA: 8s - loss: 7.3240 - acc: 0.5230
 640/1424 [============>.................] - ETA: 7s - loss: 7.3330 - acc: 0.5219
 672/1424 [=============>................] - ETA: 7s - loss: 7.2447 - acc: 0.5283
 704/1424 [=============>................] - ETA: 7s - loss: 7.4368 - acc: 0.5170
 736/1424 [==============>...............] - ETA: 6s - loss: 7.4600 - acc: 0.5163
 768/1424 [===============>..............] - ETA: 6s - loss: 7.4211 - acc: 0.5182
 800/1424 [===============>..............] - ETA: 6s - loss: 7.3833 - acc: 0.5212
 832/1424 [================>.............] - ETA: 5s - loss: 7.3293 - acc: 0.5252
 864/1424 [=================>............] - ETA: 5s - loss: 7.4084 - acc: 0.5208
 896/1424 [=================>............] - ETA: 5s - loss: 7.4997 - acc: 0.5156
 928/1424 [==================>...........] - ETA: 4s - loss: 7.5505 - acc: 0.5129
 960/1424 [===================>..........] - ETA: 4s - loss: 7.5147 - acc: 0.5156
 992/1424 [===================>..........] - ETA: 4s - loss: 7.4660 - acc: 0.5181
1024/1424 [====================>.........] - ETA: 3s - loss: 7.4974 - acc: 0.5166
1056/1424 [=====================>........] - ETA: 3s - loss: 7.5117 - acc: 0.5161
1088/1424 [=====================>........] - ETA: 3s - loss: 7.4813 - acc: 0.5184
1120/1424 [======================>.......] - ETA: 3s - loss: 7.5522 - acc: 0.5143
1152/1424 [=======================>......] - ETA: 2s - loss: 7.5777 - acc: 0.5130
1184/1424 [=======================>......] - ETA: 2s - loss: 7.5210 - acc: 0.5169
1216/1424 [========================>.....] - ETA: 2s - loss: 7.5332 - acc: 0.5164
1248/1424 [=========================>....] - ETA: 1s - loss: 7.5188 - acc: 0.5176
1280/1424 [=========================>....] - ETA: 1s - loss: 7.5430 - acc: 0.5164
1312/1424 [==========================>...] - ETA: 1s - loss: 7.5413 - acc: 0.5168
1344/1424 [===========================>..] - ETA: 0s - loss: 7.5634 - acc: 0.5156
1376/1424 [===========================>..] - ETA: 0s - loss: 7.6192 - acc: 0.5124
1408/1424 [============================>.] - ETA: 0s - loss: 7.6159 - acc: 0.5128
1424/1424 [==============================] - 17s 12ms/step - loss: 7.6312 - acc: 0.5119 - val_loss: 0.6955 - val_acc: 0.5000
Train on 1424 samples, validate on 708 samples
Epoch 1/1

  32/1424 [..............................] - ETA: 13s - loss: 6.4766 - acc: 0.5938
  64/1424 [>.............................] - ETA: 13s - loss: 7.7221 - acc: 0.5156
  96/1424 [=>............................] - ETA: 13s - loss: 7.1409 - acc: 0.5521
 128/1424 [=>............................] - ETA: 12s - loss: 7.8466 - acc: 0.5078
 160/1424 [==>...........................] - ETA: 12s - loss: 8.3752 - acc: 0.4688
 192/1424 [===>..........................] - ETA: 12s - loss: 8.3079 - acc: 0.4740
 224/1424 [===>..........................] - ETA: 11s - loss: 8.4021 - acc: 0.4688
 256/1424 [====>.........................] - ETA: 11s - loss: 8.2860 - acc: 0.4766
 288/1424 [=====>........................] - ETA: 11s - loss: 8.3064 - acc: 0.4757
 320/1424 [=====>........................] - ETA: 10s - loss: 8.4223 - acc: 0.4688
 352/1424 [======>.......................] - ETA: 10s - loss: 8.3360 - acc: 0.4744
 384/1424 [=======>......................] - ETA: 10s - loss: 8.2226 - acc: 0.4818
 416/1424 [=======>......................] - ETA: 9s - loss: 8.2032 - acc: 0.4832 
 448/1424 [========>.....................] - ETA: 9s - loss: 8.1867 - acc: 0.4844
 480/1424 [=========>....................] - ETA: 9s - loss: 8.2055 - acc: 0.4833
 512/1424 [=========>....................] - ETA: 9s - loss: 8.1909 - acc: 0.4844
 544/1424 [==========>...................] - ETA: 8s - loss: 8.1490 - acc: 0.4871
 576/1424 [===========>..................] - ETA: 8s - loss: 8.0837 - acc: 0.4913
 608/1424 [===========>..................] - ETA: 8s - loss: 8.0778 - acc: 0.4918
 640/1424 [============>.................] - ETA: 7s - loss: 8.1226 - acc: 0.4891
 672/1424 [=============>................] - ETA: 7s - loss: 8.0205 - acc: 0.4955
 704/1424 [=============>................] - ETA: 7s - loss: 8.1088 - acc: 0.4901
 736/1424 [==============>...............] - ETA: 6s - loss: 8.1895 - acc: 0.4851
 768/1424 [===============>..............] - ETA: 6s - loss: 8.2011 - acc: 0.4844
 800/1424 [===============>..............] - ETA: 6s - loss: 8.2119 - acc: 0.4838
 832/1424 [================>.............] - ETA: 5s - loss: 8.1643 - acc: 0.4868
 864/1424 [=================>............] - ETA: 5s - loss: 8.1571 - acc: 0.4873
 896/1424 [=================>............] - ETA: 5s - loss: 8.0793 - acc: 0.4922
 928/1424 [==================>...........] - ETA: 4s - loss: 8.1273 - acc: 0.4892
 960/1424 [===================>..........] - ETA: 4s - loss: 8.1553 - acc: 0.4875
 992/1424 [===================>..........] - ETA: 4s - loss: 8.0856 - acc: 0.4919
1024/1424 [====================>.........] - ETA: 3s - loss: 8.0665 - acc: 0.4932
1056/1424 [=====================>........] - ETA: 3s - loss: 8.0940 - acc: 0.4915
1088/1424 [=====================>........] - ETA: 3s - loss: 8.0319 - acc: 0.4954
1120/1424 [======================>.......] - ETA: 3s - loss: 8.0729 - acc: 0.4929
1152/1424 [=======================>......] - ETA: 2s - loss: 8.1392 - acc: 0.4887
1184/1424 [=======================>......] - ETA: 2s - loss: 8.1752 - acc: 0.4865
1216/1424 [========================>.....] - ETA: 2s - loss: 8.1568 - acc: 0.4877
1248/1424 [=========================>....] - ETA: 1s - loss: 8.1010 - acc: 0.4912
1280/1424 [=========================>....] - ETA: 1s - loss: 8.0604 - acc: 0.4938
1312/1424 [==========================>...] - ETA: 1s - loss: 7.9975 - acc: 0.4977
1344/1424 [===========================>..] - ETA: 0s - loss: 7.9613 - acc: 0.5000
1376/1424 [===========================>..] - ETA: 0s - loss: 7.9616 - acc: 0.5000
1408/1424 [============================>.] - ETA: 0s - loss: 7.9732 - acc: 0.4993
1424/1424 [==============================] - 17s 12ms/step - loss: 7.9508 - acc: 0.5007 - val_loss: 0.6955 - val_acc: 0.5000
Train on 1424 samples, validate on 708 samples
Epoch 1/1

  32/1424 [..............................] - ETA: 13s - loss: 5.9784 - acc: 0.6250
  64/1424 [>.............................] - ETA: 13s - loss: 6.4766 - acc: 0.5938
  96/1424 [=>............................] - ETA: 13s - loss: 7.3069 - acc: 0.5417
 128/1424 [=>............................] - ETA: 12s - loss: 7.2239 - acc: 0.5469
 160/1424 [==>...........................] - ETA: 12s - loss: 7.6734 - acc: 0.5188
 192/1424 [===>..........................] - ETA: 12s - loss: 7.7230 - acc: 0.5156
 224/1424 [===>..........................] - ETA: 11s - loss: 7.8296 - acc: 0.5089
 256/1424 [====>.........................] - ETA: 11s - loss: 7.6612 - acc: 0.5195
 288/1424 [=====>........................] - ETA: 11s - loss: 7.6403 - acc: 0.5208
 320/1424 [=====>........................] - ETA: 10s - loss: 7.5239 - acc: 0.5281
 352/1424 [======>.......................] - ETA: 10s - loss: 7.4745 - acc: 0.5312
 384/1424 [=======>......................] - ETA: 10s - loss: 7.4744 - acc: 0.5312
 416/1424 [=======>......................] - ETA: 9s - loss: 7.6659 - acc: 0.5192 
 448/1424 [========>.....................] - ETA: 9s - loss: 7.6165 - acc: 0.5223
 480/1424 [=========>....................] - ETA: 9s - loss: 7.7398 - acc: 0.5146
 512/1424 [=========>....................] - ETA: 9s - loss: 7.7543 - acc: 0.5137
 544/1424 [==========>...................] - ETA: 8s - loss: 7.7084 - acc: 0.5165
 576/1424 [===========>..................] - ETA: 8s - loss: 7.7784 - acc: 0.5122
 608/1424 [===========>..................] - ETA: 8s - loss: 7.8150 - acc: 0.5099
 640/1424 [============>.................] - ETA: 7s - loss: 7.8477 - acc: 0.5078
 672/1424 [=============>................] - ETA: 7s - loss: 7.9011 - acc: 0.5045
 704/1424 [=============>................] - ETA: 7s - loss: 7.8816 - acc: 0.5057
 736/1424 [==============>...............] - ETA: 6s - loss: 7.8855 - acc: 0.5054
 768/1424 [===============>..............] - ETA: 6s - loss: 7.7853 - acc: 0.5117
 800/1424 [===============>..............] - ETA: 6s - loss: 7.7329 - acc: 0.5150
 832/1424 [================>.............] - ETA: 5s - loss: 7.7996 - acc: 0.5108
 864/1424 [=================>............] - ETA: 5s - loss: 7.8244 - acc: 0.5093
 896/1424 [=================>............] - ETA: 5s - loss: 7.7763 - acc: 0.5123
 928/1424 [==================>...........] - ETA: 4s - loss: 7.8002 - acc: 0.5108
 960/1424 [===================>..........] - ETA: 4s - loss: 7.8557 - acc: 0.5073
 992/1424 [===================>..........] - ETA: 4s - loss: 7.8433 - acc: 0.5081
1024/1424 [====================>.........] - ETA: 3s - loss: 7.9252 - acc: 0.5029
1056/1424 [=====================>........] - ETA: 3s - loss: 7.9417 - acc: 0.5019
1088/1424 [=====================>........] - ETA: 3s - loss: 7.9280 - acc: 0.5028
1120/1424 [======================>.......] - ETA: 3s - loss: 8.0147 - acc: 0.4973
1152/1424 [=======================>......] - ETA: 2s - loss: 7.9858 - acc: 0.4991
1184/1424 [=======================>......] - ETA: 2s - loss: 7.9585 - acc: 0.5008
1216/1424 [========================>.....] - ETA: 2s - loss: 7.9850 - acc: 0.4992
1248/1424 [=========================>....] - ETA: 1s - loss: 7.9974 - acc: 0.4984
1280/1424 [=========================>....] - ETA: 1s - loss: 7.9470 - acc: 0.5016
1312/1424 [==========================>...] - ETA: 1s - loss: 7.9233 - acc: 0.5030
1344/1424 [===========================>..] - ETA: 0s - loss: 7.9125 - acc: 0.5037
1376/1424 [===========================>..] - ETA: 0s - loss: 7.9371 - acc: 0.5022
1408/1424 [============================>.] - ETA: 0s - loss: 7.9152 - acc: 0.5036
1424/1424 [==============================] - 17s 12ms/step - loss: 7.9270 - acc: 0.5028 - val_loss: 0.6955 - val_acc: 0.5000
Train on 1424 samples, validate on 708 samples
Epoch 1/1

  32/1424 [..............................] - ETA: 13s - loss: 8.9676 - acc: 0.4375
  64/1424 [>.............................] - ETA: 13s - loss: 9.2167 - acc: 0.4219
  96/1424 [=>............................] - ETA: 13s - loss: 8.4694 - acc: 0.4688
 128/1424 [=>............................] - ETA: 12s - loss: 8.0957 - acc: 0.4922
 160/1424 [==>...........................] - ETA: 12s - loss: 8.3698 - acc: 0.4750
 192/1424 [===>..........................] - ETA: 12s - loss: 8.0542 - acc: 0.4948
 224/1424 [===>..........................] - ETA: 11s - loss: 8.2559 - acc: 0.4821
 256/1424 [====>.........................] - ETA: 11s - loss: 8.5324 - acc: 0.4648
 288/1424 [=====>........................] - ETA: 11s - loss: 8.0825 - acc: 0.4931
 320/1424 [=====>........................] - ETA: 10s - loss: 8.1710 - acc: 0.4875
 352/1424 [======>.......................] - ETA: 10s - loss: 8.1986 - acc: 0.4858
 384/1424 [=======>......................] - ETA: 10s - loss: 8.3458 - acc: 0.4766
 416/1424 [=======>......................] - ETA: 9s - loss: 8.2020 - acc: 0.4856 
 448/1424 [========>.....................] - ETA: 9s - loss: 8.1502 - acc: 0.4888
 480/1424 [=========>....................] - ETA: 9s - loss: 8.1051 - acc: 0.4917
 512/1424 [=========>....................] - ETA: 9s - loss: 8.0967 - acc: 0.4922
 544/1424 [==========>...................] - ETA: 8s - loss: 8.1186 - acc: 0.4908
 576/1424 [===========>..................] - ETA: 8s - loss: 8.1671 - acc: 0.4861
 608/1424 [===========>..................] - ETA: 8s - loss: 8.0257 - acc: 0.4951
 640/1424 [============>.................] - ETA: 7s - loss: 7.8984 - acc: 0.5031
 672/1424 [=============>................] - ETA: 7s - loss: 7.9256 - acc: 0.5015
 704/1424 [=============>................] - ETA: 7s - loss: 7.8376 - acc: 0.5071
 736/1424 [==============>...............] - ETA: 6s - loss: 7.8867 - acc: 0.5041
 768/1424 [===============>..............] - ETA: 6s - loss: 7.9525 - acc: 0.5000
 800/1424 [===============>..............] - ETA: 6s - loss: 7.9136 - acc: 0.5025
 832/1424 [================>.............] - ETA: 5s - loss: 7.8775 - acc: 0.5048
 864/1424 [=================>............] - ETA: 5s - loss: 7.8812 - acc: 0.5046
 896/1424 [=================>............] - ETA: 5s - loss: 7.8844 - acc: 0.5045
 928/1424 [==================>...........] - ETA: 4s - loss: 7.9561 - acc: 0.5000
 960/1424 [===================>..........] - ETA: 4s - loss: 8.0064 - acc: 0.4969
 992/1424 [===================>..........] - ETA: 4s - loss: 7.9733 - acc: 0.4990
1024/1424 [====================>.........] - ETA: 3s - loss: 7.9888 - acc: 0.4980
1056/1424 [=====================>........] - ETA: 3s - loss: 7.9732 - acc: 0.4991
1088/1424 [=====================>........] - ETA: 3s - loss: 7.9733 - acc: 0.4991
1120/1424 [======================>.......] - ETA: 3s - loss: 7.9305 - acc: 0.5018
1152/1424 [=======================>......] - ETA: 2s - loss: 7.9317 - acc: 0.5017
1184/1424 [=======================>......] - ETA: 2s - loss: 7.9329 - acc: 0.5017
1216/1424 [========================>.....] - ETA: 2s - loss: 7.9470 - acc: 0.5008
1248/1424 [=========================>....] - ETA: 1s - loss: 7.9476 - acc: 0.5008
1280/1424 [=========================>....] - ETA: 1s - loss: 7.8984 - acc: 0.5039
1312/1424 [==========================>...] - ETA: 1s - loss: 7.9002 - acc: 0.5038
1344/1424 [===========================>..] - ETA: 0s - loss: 7.8544 - acc: 0.5067
1376/1424 [===========================>..] - ETA: 0s - loss: 7.7992 - acc: 0.5102
1408/1424 [============================>.] - ETA: 0s - loss: 7.8598 - acc: 0.5064
1424/1424 [==============================] - 17s 12ms/step - loss: 7.8835 - acc: 0.5049 - val_loss: 0.6955 - val_acc: 0.5000
Train on 1424 samples, validate on 708 samples
Epoch 1/1

  32/1424 [..............................] - ETA: 13s - loss: 9.4658 - acc: 0.4062
  64/1424 [>.............................] - ETA: 13s - loss: 8.4694 - acc: 0.4688
  96/1424 [=>............................] - ETA: 13s - loss: 8.6355 - acc: 0.4583
 128/1424 [=>............................] - ETA: 12s - loss: 8.3448 - acc: 0.4766
 160/1424 [==>...........................] - ETA: 12s - loss: 7.9744 - acc: 0.5000
 192/1424 [===>..........................] - ETA: 12s - loss: 8.0569 - acc: 0.4948
 224/1424 [===>..........................] - ETA: 11s - loss: 7.9023 - acc: 0.5045
 256/1424 [====>.........................] - ETA: 11s - loss: 7.7864 - acc: 0.5117
 288/1424 [=====>........................] - ETA: 11s - loss: 7.8069 - acc: 0.5104
 320/1424 [=====>........................] - ETA: 10s - loss: 7.7237 - acc: 0.5156
 352/1424 [======>.......................] - ETA: 10s - loss: 7.8821 - acc: 0.5057
 384/1424 [=======>......................] - ETA: 10s - loss: 8.0141 - acc: 0.4974
 416/1424 [=======>......................] - ETA: 10s - loss: 8.0108 - acc: 0.4976
 448/1424 [========>.....................] - ETA: 9s - loss: 8.0079 - acc: 0.4978 
 480/1424 [=========>....................] - ETA: 9s - loss: 8.0719 - acc: 0.4938
 512/1424 [=========>....................] - ETA: 9s - loss: 7.9725 - acc: 0.5000
 544/1424 [==========>...................] - ETA: 8s - loss: 7.8845 - acc: 0.5055
 576/1424 [===========>..................] - ETA: 8s - loss: 8.0001 - acc: 0.4983
 608/1424 [===========>..................] - ETA: 8s - loss: 8.0775 - acc: 0.4934
 640/1424 [============>.................] - ETA: 7s - loss: 8.1501 - acc: 0.4875
 672/1424 [=============>................] - ETA: 7s - loss: 8.0942 - acc: 0.4911
 704/1424 [=============>................] - ETA: 7s - loss: 8.1624 - acc: 0.4858
 736/1424 [==============>...............] - ETA: 6s - loss: 8.1348 - acc: 0.4864
 768/1424 [===============>..............] - ETA: 6s - loss: 8.1191 - acc: 0.4870
 800/1424 [===============>..............] - ETA: 6s - loss: 8.2356 - acc: 0.4788
 832/1424 [================>.............] - ETA: 5s - loss: 8.1891 - acc: 0.4820
 864/1424 [=================>............] - ETA: 5s - loss: 8.1143 - acc: 0.4826
 896/1424 [=================>............] - ETA: 5s - loss: 8.0998 - acc: 0.4788
 928/1424 [==================>...........] - ETA: 4s - loss: 7.9477 - acc: 0.4871
 960/1424 [===================>..........] - ETA: 4s - loss: 7.9066 - acc: 0.4885
 992/1424 [===================>..........] - ETA: 4s - loss: 7.8285 - acc: 0.4929
1024/1424 [====================>.........] - ETA: 3s - loss: 7.7275 - acc: 0.4980
1056/1424 [=====================>........] - ETA: 3s - loss: 7.6127 - acc: 0.5019
1088/1424 [=====================>........] - ETA: 3s - loss: 7.5986 - acc: 0.5018
1120/1424 [======================>.......] - ETA: 3s - loss: 7.6115 - acc: 0.4991
1152/1424 [=======================>......] - ETA: 2s - loss: 7.5856 - acc: 0.5009
1184/1424 [=======================>......] - ETA: 2s - loss: 7.5759 - acc: 0.5008
1216/1424 [========================>.....] - ETA: 2s - loss: 7.6165 - acc: 0.4984
1248/1424 [=========================>....] - ETA: 1s - loss: 7.5816 - acc: 0.4976
1280/1424 [=========================>....] - ETA: 1s - loss: 7.6124 - acc: 0.4945
1312/1424 [==========================>...] - ETA: 1s - loss: 7.5753 - acc: 0.4970
1344/1424 [===========================>..] - ETA: 0s - loss: 7.5961 - acc: 0.4948
1376/1424 [===========================>..] - ETA: 0s - loss: 7.5483 - acc: 0.4985
1408/1424 [============================>.] - ETA: 0s - loss: 7.5320 - acc: 0.4986
1424/1424 [==============================] - 17s 12ms/step - loss: 7.5265 - acc: 0.4993 - val_loss: 8.0590 - val_acc: 0.5000
Train on 1424 samples, validate on 708 samples
Epoch 1/1

  32/1424 [..............................] - ETA: 13s - loss: 6.5601 - acc: 0.5938
  64/1424 [>.............................] - ETA: 13s - loss: 6.1723 - acc: 0.5781
  96/1424 [=>............................] - ETA: 13s - loss: 7.0214 - acc: 0.5208
 128/1424 [=>............................] - ETA: 12s - loss: 6.8515 - acc: 0.5312
 160/1424 [==>...........................] - ETA: 12s - loss: 6.4936 - acc: 0.5625
 192/1424 [===>..........................] - ETA: 12s - loss: 6.6002 - acc: 0.5573
 224/1424 [===>..........................] - ETA: 11s - loss: 6.6114 - acc: 0.5491
 256/1424 [====>.........................] - ETA: 11s - loss: 6.6667 - acc: 0.5508
 288/1424 [=====>........................] - ETA: 11s - loss: 6.5406 - acc: 0.5625
 320/1424 [=====>........................] - ETA: 10s - loss: 6.6607 - acc: 0.5500
 352/1424 [======>.......................] - ETA: 10s - loss: 6.8299 - acc: 0.5312
 384/1424 [=======>......................] - ETA: 10s - loss: 6.8115 - acc: 0.5286
 416/1424 [=======>......................] - ETA: 10s - loss: 6.6904 - acc: 0.5361
 448/1424 [========>.....................] - ETA: 9s - loss: 6.7226 - acc: 0.5357 
 480/1424 [=========>....................] - ETA: 9s - loss: 6.7974 - acc: 0.5312
 512/1424 [=========>....................] - ETA: 9s - loss: 6.9555 - acc: 0.5215
 544/1424 [==========>...................] - ETA: 8s - loss: 6.9017 - acc: 0.5276
 576/1424 [===========>..................] - ETA: 8s - loss: 6.8666 - acc: 0.5295
 608/1424 [===========>..................] - ETA: 8s - loss: 6.9557 - acc: 0.5263
 640/1424 [============>.................] - ETA: 7s - loss: 7.0648 - acc: 0.5188
 672/1424 [=============>................] - ETA: 7s - loss: 6.9521 - acc: 0.5253
 704/1424 [=============>................] - ETA: 7s - loss: 7.0712 - acc: 0.5199
 736/1424 [==============>...............] - ETA: 6s - loss: 7.0493 - acc: 0.5231
 768/1424 [===============>..............] - ETA: 6s - loss: 7.0378 - acc: 0.5247
 800/1424 [===============>..............] - ETA: 6s - loss: 6.8825 - acc: 0.5325
 832/1424 [================>.............] - ETA: 5s - loss: 6.9115 - acc: 0.5312
 864/1424 [=================>............] - ETA: 5s - loss: 6.8981 - acc: 0.5336
 896/1424 [=================>............] - ETA: 5s - loss: 6.9422 - acc: 0.5312
 928/1424 [==================>...........] - ETA: 4s - loss: 6.9063 - acc: 0.5312
 960/1424 [===================>..........] - ETA: 4s - loss: 6.8718 - acc: 0.5323
 992/1424 [===================>..........] - ETA: 4s - loss: 6.9074 - acc: 0.5272
1024/1424 [====================>.........] - ETA: 3s - loss: 6.8961 - acc: 0.5273
1056/1424 [=====================>........] - ETA: 3s - loss: 6.8511 - acc: 0.5303
1088/1424 [=====================>........] - ETA: 3s - loss: 6.8436 - acc: 0.5312
1120/1424 [======================>.......] - ETA: 3s - loss: 6.8508 - acc: 0.5312
1152/1424 [=======================>......] - ETA: 2s - loss: 6.8332 - acc: 0.5304
1184/1424 [=======================>......] - ETA: 2s - loss: 6.8360 - acc: 0.5262
1216/1424 [========================>.....] - ETA: 2s - loss: 6.7761 - acc: 0.5296
1248/1424 [=========================>....] - ETA: 1s - loss: 6.7371 - acc: 0.5296
1280/1424 [=========================>....] - ETA: 1s - loss: 6.6889 - acc: 0.5320
1312/1424 [==========================>...] - ETA: 1s - loss: 6.6755 - acc: 0.5320
1344/1424 [===========================>..] - ETA: 0s - loss: 6.7107 - acc: 0.5290
1376/1424 [===========================>..] - ETA: 0s - loss: 6.6798 - acc: 0.5305
1408/1424 [============================>.] - ETA: 0s - loss: 6.6878 - acc: 0.5305
1424/1424 [==============================] - 17s 12ms/step - loss: 6.7358 - acc: 0.5281 - val_loss: 0.6965 - val_acc: 0.5000
Train on 1424 samples, validate on 708 samples
Epoch 1/1

  32/1424 [..............................] - ETA: 13s - loss: 8.9826 - acc: 0.4375
  64/1424 [>.............................] - ETA: 13s - loss: 8.7260 - acc: 0.4531
  96/1424 [=>............................] - ETA: 13s - loss: 8.4744 - acc: 0.4688
 128/1424 [=>............................] - ETA: 12s - loss: 8.3774 - acc: 0.4688
 160/1424 [==>...........................] - ETA: 12s - loss: 8.8940 - acc: 0.4375
 192/1424 [===>..........................] - ETA: 12s - loss: 9.0723 - acc: 0.4271
 224/1424 [===>..........................] - ETA: 11s - loss: 8.9875 - acc: 0.4330
 256/1424 [====>.........................] - ETA: 11s - loss: 8.7981 - acc: 0.4453
 288/1424 [=====>........................] - ETA: 11s - loss: 9.0937 - acc: 0.4271
 320/1424 [=====>........................] - ETA: 10s - loss: 9.0811 - acc: 0.4281
 352/1424 [======>.......................] - ETA: 10s - loss: 8.6632 - acc: 0.4545
 384/1424 [=======>......................] - ETA: 10s - loss: 8.7301 - acc: 0.4505
 416/1424 [=======>......................] - ETA: 10s - loss: 8.4801 - acc: 0.4663
 448/1424 [========>.....................] - ETA: 9s - loss: 8.4437 - acc: 0.4688 
 480/1424 [=========>....................] - ETA: 9s - loss: 8.3126 - acc: 0.4771
 512/1424 [=========>....................] - ETA: 9s - loss: 8.3535 - acc: 0.4746
 544/1424 [==========>...................] - ETA: 8s - loss: 8.2138 - acc: 0.4835
 576/1424 [===========>..................] - ETA: 8s - loss: 8.1727 - acc: 0.4861
 608/1424 [===========>..................] - ETA: 8s - loss: 8.0310 - acc: 0.4951
 640/1424 [============>.................] - ETA: 7s - loss: 7.9781 - acc: 0.4984
 672/1424 [=============>................] - ETA: 7s - loss: 8.0490 - acc: 0.4940
 704/1424 [=============>................] - ETA: 7s - loss: 7.9775 - acc: 0.4986
 736/1424 [==============>...............] - ETA: 6s - loss: 8.1072 - acc: 0.4905
 768/1424 [===============>..............] - ETA: 6s - loss: 8.1015 - acc: 0.4909
 800/1424 [===============>..............] - ETA: 6s - loss: 8.1362 - acc: 0.4888
 832/1424 [================>.............] - ETA: 5s - loss: 8.0723 - acc: 0.4928
 864/1424 [=================>............] - ETA: 5s - loss: 8.0317 - acc: 0.4954
 896/1424 [=================>............] - ETA: 5s - loss: 7.9940 - acc: 0.4978
 928/1424 [==================>...........] - ETA: 4s - loss: 7.9760 - acc: 0.4989
 960/1424 [===================>..........] - ETA: 4s - loss: 7.9592 - acc: 0.5000
 992/1424 [===================>..........] - ETA: 4s - loss: 8.0078 - acc: 0.4970
1024/1424 [====================>.........] - ETA: 3s - loss: 7.9600 - acc: 0.5000
1056/1424 [=====================>........] - ETA: 3s - loss: 7.9301 - acc: 0.5019
1088/1424 [=====================>........] - ETA: 3s - loss: 7.9167 - acc: 0.5028
1120/1424 [======================>.......] - ETA: 3s - loss: 7.9609 - acc: 0.5000
1152/1424 [=======================>......] - ETA: 2s - loss: 7.9474 - acc: 0.5009
1184/1424 [=======================>......] - ETA: 2s - loss: 7.9615 - acc: 0.5000
1216/1424 [========================>.....] - ETA: 2s - loss: 7.9617 - acc: 0.5000
1248/1424 [=========================>....] - ETA: 1s - loss: 7.9364 - acc: 0.5016
1280/1424 [=========================>....] - ETA: 1s - loss: 7.8875 - acc: 0.5047
1312/1424 [==========================>...] - ETA: 1s - loss: 7.8652 - acc: 0.5061
1344/1424 [===========================>..] - ETA: 0s - loss: 7.9271 - acc: 0.5022
1376/1424 [===========================>..] - ETA: 0s - loss: 7.9860 - acc: 0.4985
1408/1424 [============================>.] - ETA: 0s - loss: 7.9744 - acc: 0.4993
1424/1424 [==============================] - 17s 12ms/step - loss: 7.9631 - acc: 0.5000 - val_loss: 7.9712 - val_acc: 0.5000
Train on 1424 samples, validate on 708 samples
Epoch 1/1

  32/1424 [..............................] - ETA: 13s - loss: 8.4694 - acc: 0.4688
  64/1424 [>.............................] - ETA: 13s - loss: 8.7185 - acc: 0.4531
  96/1424 [=>............................] - ETA: 13s - loss: 8.4694 - acc: 0.4688
 128/1424 [=>............................] - ETA: 12s - loss: 7.8466 - acc: 0.5078
 160/1424 [==>...........................] - ETA: 12s - loss: 7.9712 - acc: 0.5000
 192/1424 [===>..........................] - ETA: 12s - loss: 7.6391 - acc: 0.5208
 224/1424 [===>..........................] - ETA: 11s - loss: 7.4018 - acc: 0.5357
 256/1424 [====>.........................] - ETA: 11s - loss: 7.5975 - acc: 0.5234
 288/1424 [=====>........................] - ETA: 11s - loss: 7.6391 - acc: 0.5208
 320/1424 [=====>........................] - ETA: 10s - loss: 7.6723 - acc: 0.5188
 352/1424 [======>.......................] - ETA: 10s - loss: 7.7447 - acc: 0.5142
 384/1424 [=======>......................] - ETA: 10s - loss: 7.8466 - acc: 0.5078
 416/1424 [=======>......................] - ETA: 10s - loss: 7.7413 - acc: 0.5144
 448/1424 [========>.....................] - ETA: 9s - loss: 7.7221 - acc: 0.5156 
 480/1424 [=========>....................] - ETA: 9s - loss: 7.8716 - acc: 0.5062
 512/1424 [=========>....................] - ETA: 9s - loss: 7.9401 - acc: 0.5020
 544/1424 [==========>...................] - ETA: 8s - loss: 7.9712 - acc: 0.5000
 576/1424 [===========>..................] - ETA: 8s - loss: 7.8051 - acc: 0.5104
 608/1424 [===========>..................] - ETA: 8s - loss: 7.7614 - acc: 0.5132
 640/1424 [============>.................] - ETA: 7s - loss: 7.7719 - acc: 0.5125
 672/1424 [=============>................] - ETA: 7s - loss: 7.6391 - acc: 0.5208
 704/1424 [=============>................] - ETA: 7s - loss: 7.6542 - acc: 0.5199
 736/1424 [==============>...............] - ETA: 6s - loss: 7.6679 - acc: 0.5190
 768/1424 [===============>..............] - ETA: 6s - loss: 7.7221 - acc: 0.5156
 800/1424 [===============>..............] - ETA: 6s - loss: 7.8915 - acc: 0.5050
 832/1424 [================>.............] - ETA: 5s - loss: 7.8371 - acc: 0.5084
 864/1424 [=================>............] - ETA: 5s - loss: 7.9527 - acc: 0.5012
 896/1424 [=================>............] - ETA: 5s - loss: 7.9534 - acc: 0.5011
 928/1424 [==================>...........] - ETA: 4s - loss: 8.0227 - acc: 0.4968
 960/1424 [===================>..........] - ETA: 4s - loss: 8.0376 - acc: 0.4958
 992/1424 [===================>..........] - ETA: 4s - loss: 8.0194 - acc: 0.4970
1024/1424 [====================>.........] - ETA: 3s - loss: 7.9556 - acc: 0.5010
1056/1424 [=====================>........] - ETA: 3s - loss: 7.9863 - acc: 0.4991
1088/1424 [=====================>........] - ETA: 3s - loss: 8.0298 - acc: 0.4963
1120/1424 [======================>.......] - ETA: 3s - loss: 7.9997 - acc: 0.4982
1152/1424 [=======================>......] - ETA: 2s - loss: 7.9574 - acc: 0.5009
1184/1424 [=======================>......] - ETA: 2s - loss: 7.9308 - acc: 0.5025
1216/1424 [========================>.....] - ETA: 2s - loss: 7.9188 - acc: 0.5033
1248/1424 [=========================>....] - ETA: 1s - loss: 7.8818 - acc: 0.5056
1280/1424 [=========================>....] - ETA: 1s - loss: 7.8965 - acc: 0.5047
1312/1424 [==========================>...] - ETA: 1s - loss: 7.9226 - acc: 0.5030
1344/1424 [===========================>..] - ETA: 0s - loss: 7.9237 - acc: 0.5030
1376/1424 [===========================>..] - ETA: 0s - loss: 7.9248 - acc: 0.5029
1408/1424 [============================>.] - ETA: 0s - loss: 7.9372 - acc: 0.5021
1424/1424 [==============================] - 17s 12ms/step - loss: 7.9712 - acc: 0.5000 - val_loss: 7.9712 - val_acc: 0.5000

  32/1424 [..............................] - ETA: 26s
  64/1424 [>.............................] - ETA: 15s
  96/1424 [=>............................] - ETA: 11s
 128/1424 [=>............................] - ETA: 9s 
 160/1424 [==>...........................] - ETA: 8s
 192/1424 [===>..........................] - ETA: 7s
 224/1424 [===>..........................] - ETA: 6s
 256/1424 [====>.........................] - ETA: 6s
 288/1424 [=====>........................] - ETA: 5s
 320/1424 [=====>........................] - ETA: 5s
 352/1424 [======>.......................] - ETA: 5s
 384/1424 [=======>......................] - ETA: 5s
 416/1424 [=======>......................] - ETA: 4s
 448/1424 [========>.....................] - ETA: 4s
 480/1424 [=========>....................] - ETA: 4s
 512/1424 [=========>....................] - ETA: 4s
 544/1424 [==========>...................] - ETA: 3s
 576/1424 [===========>..................] - ETA: 3s
 608/1424 [===========>..................] - ETA: 3s
 640/1424 [============>.................] - ETA: 3s
 672/1424 [=============>................] - ETA: 3s
 704/1424 [=============>................] - ETA: 3s
 736/1424 [==============>...............] - ETA: 2s
 768/1424 [===============>..............] - ETA: 2s
 800/1424 [===============>..............] - ETA: 2s
 832/1424 [================>.............] - ETA: 2s
 864/1424 [=================>............] - ETA: 2s
 896/1424 [=================>............] - ETA: 2s
 928/1424 [==================>...........] - ETA: 2s
 960/1424 [===================>..........] - ETA: 1s
 992/1424 [===================>..........] - ETA: 1s
1024/1424 [====================>.........] - ETA: 1s
1056/1424 [=====================>........] - ETA: 1s
1088/1424 [=====================>........] - ETA: 1s
1120/1424 [======================>.......] - ETA: 1s
1152/1424 [=======================>......] - ETA: 1s
1184/1424 [=======================>......] - ETA: 0s
1216/1424 [========================>.....] - ETA: 0s
1248/1424 [=========================>....] - ETA: 0s
1280/1424 [=========================>....] - ETA: 0s
1312/1424 [==========================>...] - ETA: 0s
1344/1424 [===========================>..] - ETA: 0s
1376/1424 [===========================>..] - ETA: 0s
1408/1424 [============================>.] - ETA: 0s
1424/1424 [==============================] - 6s 4ms/step
Test acc: 0.8075842696629213

  32/1424 [..............................] - ETA: 4s
  64/1424 [>.............................] - ETA: 4s
  96/1424 [=>............................] - ETA: 4s
 128/1424 [=>............................] - ETA: 4s
 160/1424 [==>...........................] - ETA: 4s
 192/1424 [===>..........................] - ETA: 4s
 224/1424 [===>..........................] - ETA: 4s
 256/1424 [====>.........................] - ETA: 4s
 288/1424 [=====>........................] - ETA: 4s
 320/1424 [=====>........................] - ETA: 3s
 352/1424 [======>.......................] - ETA: 3s
 384/1424 [=======>......................] - ETA: 3s
 416/1424 [=======>......................] - ETA: 3s
 448/1424 [========>.....................] - ETA: 3s
 480/1424 [=========>....................] - ETA: 3s
 512/1424 [=========>....................] - ETA: 3s
 544/1424 [==========>...................] - ETA: 3s
 576/1424 [===========>..................] - ETA: 3s
 608/1424 [===========>..................] - ETA: 2s
 640/1424 [============>.................] - ETA: 2s
 672/1424 [=============>................] - ETA: 2s
 704/1424 [=============>................] - ETA: 2s
 736/1424 [==============>...............] - ETA: 2s
 768/1424 [===============>..............] - ETA: 2s
 800/1424 [===============>..............] - ETA: 2s
 832/1424 [================>.............] - ETA: 2s
 864/1424 [=================>............] - ETA: 2s
 896/1424 [=================>............] - ETA: 1s
 928/1424 [==================>...........] - ETA: 1s
 960/1424 [===================>..........] - ETA: 1s
 992/1424 [===================>..........] - ETA: 1s
1024/1424 [====================>.........] - ETA: 1s
1056/1424 [=====================>........] - ETA: 1s
1088/1424 [=====================>........] - ETA: 1s
1120/1424 [======================>.......] - ETA: 1s
1152/1424 [=======================>......] - ETA: 0s
1184/1424 [=======================>......] - ETA: 0s
1216/1424 [========================>.....] - ETA: 0s
1248/1424 [=========================>....] - ETA: 0s
1280/1424 [=========================>....] - ETA: 0s
1312/1424 [==========================>...] - ETA: 0s
1344/1424 [===========================>..] - ETA: 0s
1376/1424 [===========================>..] - ETA: 0s
1408/1424 [============================>.] - ETA: 0s
1424/1424 [==============================] - 5s 4ms/step
Test acc: [0.5437208146191714, 0.8146067415730337]
Test auc: 0.890802534402222
Test mcc: 0.6317380702399312
Execute epoch: 12
Execute time: 227.5139389038086
(W) Execute time: 225.34376907348633
