_________________________________________________________________
Layer (type)                 Output Shape              Param #   
=================================================================
embedding_1 (Embedding)      (None, None, 128)         2688      
_________________________________________________________________
lstm_1 (LSTM)                (None, None, 64)          49408     
_________________________________________________________________
lstm_2 (LSTM)                (None, None, 64)          33024     
_________________________________________________________________
lstm_3 (LSTM)                (None, 64)                33024     
_________________________________________________________________
dense_1 (Dense)              (None, 16)                1040      
_________________________________________________________________
dense_2 (Dense)              (None, 1)                 17        
=================================================================
Total params: 119,201
Trainable params: 119,201
Non-trainable params: 0
_________________________________________________________________
Train on 1424 samples, validate on 708 samples
Epoch 1/1

  32/1424 [..............................] - ETA: 2:28 - loss: 0.6935 - acc: 0.5000
  64/1424 [>.............................] - ETA: 1:19 - loss: 0.6934 - acc: 0.4375
  96/1424 [=>............................] - ETA: 56s - loss: 0.6934 - acc: 0.4688 
 128/1424 [=>............................] - ETA: 45s - loss: 0.6933 - acc: 0.4688
 160/1424 [==>...........................] - ETA: 37s - loss: 0.6927 - acc: 0.5062
 192/1424 [===>..........................] - ETA: 32s - loss: 0.6926 - acc: 0.5156
 224/1424 [===>..........................] - ETA: 29s - loss: 0.6923 - acc: 0.5223
 256/1424 [====>.........................] - ETA: 26s - loss: 0.6923 - acc: 0.5234
 288/1424 [=====>........................] - ETA: 24s - loss: 0.6931 - acc: 0.5069
 320/1424 [=====>........................] - ETA: 22s - loss: 0.6932 - acc: 0.5031
 352/1424 [======>.......................] - ETA: 20s - loss: 0.6937 - acc: 0.4886
 384/1424 [=======>......................] - ETA: 19s - loss: 0.6934 - acc: 0.4948
 416/1424 [=======>......................] - ETA: 18s - loss: 0.6931 - acc: 0.5000
 448/1424 [========>.....................] - ETA: 17s - loss: 0.6934 - acc: 0.4955
 480/1424 [=========>....................] - ETA: 16s - loss: 0.6930 - acc: 0.5021
 512/1424 [=========>....................] - ETA: 15s - loss: 0.6932 - acc: 0.4980
 544/1424 [==========>...................] - ETA: 14s - loss: 0.6932 - acc: 0.4982
 576/1424 [===========>..................] - ETA: 13s - loss: 0.6932 - acc: 0.4948
 608/1424 [===========>..................] - ETA: 12s - loss: 0.6931 - acc: 0.4967
 640/1424 [============>.................] - ETA: 12s - loss: 0.6930 - acc: 0.5000
 672/1424 [=============>................] - ETA: 11s - loss: 0.6930 - acc: 0.4985
 704/1424 [=============>................] - ETA: 10s - loss: 0.6930 - acc: 0.4986
 736/1424 [==============>...............] - ETA: 10s - loss: 0.6930 - acc: 0.4973
 768/1424 [===============>..............] - ETA: 9s - loss: 0.6930 - acc: 0.4974 
 800/1424 [===============>..............] - ETA: 9s - loss: 0.6930 - acc: 0.4975
 832/1424 [================>.............] - ETA: 8s - loss: 0.6930 - acc: 0.4964
 864/1424 [=================>............] - ETA: 7s - loss: 0.6928 - acc: 0.4988
 896/1424 [=================>............] - ETA: 7s - loss: 0.6928 - acc: 0.4978
 928/1424 [==================>...........] - ETA: 6s - loss: 0.6929 - acc: 0.4968
 960/1424 [===================>..........] - ETA: 6s - loss: 0.6928 - acc: 0.4948
 992/1424 [===================>..........] - ETA: 5s - loss: 0.6929 - acc: 0.4919
1024/1424 [====================>.........] - ETA: 5s - loss: 0.6927 - acc: 0.4932
1056/1424 [=====================>........] - ETA: 5s - loss: 0.6928 - acc: 0.4877
1088/1424 [=====================>........] - ETA: 4s - loss: 0.6926 - acc: 0.4890
1120/1424 [======================>.......] - ETA: 4s - loss: 0.6923 - acc: 0.4911
1152/1424 [=======================>......] - ETA: 3s - loss: 0.6921 - acc: 0.4931
1184/1424 [=======================>......] - ETA: 3s - loss: 0.6917 - acc: 0.4941
1216/1424 [========================>.....] - ETA: 2s - loss: 0.6916 - acc: 0.4942
1248/1424 [=========================>....] - ETA: 2s - loss: 0.6915 - acc: 0.4944
1280/1424 [=========================>....] - ETA: 1s - loss: 0.6914 - acc: 0.4930
1312/1424 [==========================>...] - ETA: 1s - loss: 0.6913 - acc: 0.4886
1344/1424 [===========================>..] - ETA: 1s - loss: 0.6910 - acc: 0.4881
1376/1424 [===========================>..] - ETA: 0s - loss: 0.6901 - acc: 0.4927
1408/1424 [============================>.] - ETA: 0s - loss: 0.6891 - acc: 0.4957
1424/1424 [==============================] - 21s 15ms/step - loss: 0.6885 - acc: 0.4958 - val_loss: 0.6369 - val_acc: 0.5381
Train on 1424 samples, validate on 708 samples
Epoch 1/1

  32/1424 [..............................] - ETA: 14s - loss: 0.6961 - acc: 0.4688
  64/1424 [>.............................] - ETA: 14s - loss: 0.6575 - acc: 0.4844
  96/1424 [=>............................] - ETA: 14s - loss: 0.5924 - acc: 0.5729
 128/1424 [=>............................] - ETA: 13s - loss: 0.5953 - acc: 0.5938
 160/1424 [==>...........................] - ETA: 13s - loss: 0.7922 - acc: 0.5687
 192/1424 [===>..........................] - ETA: 13s - loss: 0.8284 - acc: 0.5938
 224/1424 [===>..........................] - ETA: 12s - loss: 0.8703 - acc: 0.5938
 256/1424 [====>.........................] - ETA: 12s - loss: 0.8297 - acc: 0.6211
 288/1424 [=====>........................] - ETA: 12s - loss: 0.7990 - acc: 0.6562
 320/1424 [=====>........................] - ETA: 11s - loss: 0.7773 - acc: 0.6687
 352/1424 [======>.......................] - ETA: 11s - loss: 0.7617 - acc: 0.6761
 384/1424 [=======>......................] - ETA: 11s - loss: 0.7613 - acc: 0.6823
 416/1424 [=======>......................] - ETA: 10s - loss: 0.7553 - acc: 0.6899
 448/1424 [========>.....................] - ETA: 10s - loss: 0.7449 - acc: 0.6987
 480/1424 [=========>....................] - ETA: 10s - loss: 0.7387 - acc: 0.7000
 512/1424 [=========>....................] - ETA: 9s - loss: 0.7307 - acc: 0.7090 
 544/1424 [==========>...................] - ETA: 9s - loss: 0.7278 - acc: 0.7077
 576/1424 [===========>..................] - ETA: 9s - loss: 0.7238 - acc: 0.7066
 608/1424 [===========>..................] - ETA: 8s - loss: 0.7180 - acc: 0.7105
 640/1424 [============>.................] - ETA: 8s - loss: 0.7154 - acc: 0.7141
 672/1424 [=============>................] - ETA: 8s - loss: 0.7122 - acc: 0.7173
 704/1424 [=============>................] - ETA: 7s - loss: 0.7091 - acc: 0.7216
 736/1424 [==============>...............] - ETA: 7s - loss: 0.7055 - acc: 0.7255
 768/1424 [===============>..............] - ETA: 7s - loss: 0.7007 - acc: 0.7292
 800/1424 [===============>..............] - ETA: 6s - loss: 0.6978 - acc: 0.7338
 832/1424 [================>.............] - ETA: 6s - loss: 0.6965 - acc: 0.7368
 864/1424 [=================>............] - ETA: 5s - loss: 0.6897 - acc: 0.7419
 896/1424 [=================>............] - ETA: 5s - loss: 0.6829 - acc: 0.7444
 928/1424 [==================>...........] - ETA: 5s - loss: 0.6949 - acc: 0.7457
 960/1424 [===================>..........] - ETA: 4s - loss: 0.6890 - acc: 0.7479
 992/1424 [===================>..........] - ETA: 4s - loss: 0.6867 - acc: 0.7490
1024/1424 [====================>.........] - ETA: 4s - loss: 0.6835 - acc: 0.7500
1056/1424 [=====================>........] - ETA: 3s - loss: 0.6818 - acc: 0.7519
1088/1424 [=====================>........] - ETA: 3s - loss: 0.6790 - acc: 0.7518
1120/1424 [======================>.......] - ETA: 3s - loss: 0.6794 - acc: 0.7464
1152/1424 [=======================>......] - ETA: 2s - loss: 0.6783 - acc: 0.7448
1184/1424 [=======================>......] - ETA: 2s - loss: 0.6760 - acc: 0.7458
1216/1424 [========================>.....] - ETA: 2s - loss: 0.6737 - acc: 0.7467
1248/1424 [=========================>....] - ETA: 1s - loss: 0.6846 - acc: 0.7460
1280/1424 [=========================>....] - ETA: 1s - loss: 0.6965 - acc: 0.7445
1312/1424 [==========================>...] - ETA: 1s - loss: 0.7036 - acc: 0.7454
1344/1424 [===========================>..] - ETA: 0s - loss: 0.6997 - acc: 0.7470
1376/1424 [===========================>..] - ETA: 0s - loss: 0.6970 - acc: 0.7478
1408/1424 [============================>.] - ETA: 0s - loss: 0.6945 - acc: 0.7479
1424/1424 [==============================] - 18s 13ms/step - loss: 0.6932 - acc: 0.7479 - val_loss: 0.7062 - val_acc: 0.6921
Train on 1424 samples, validate on 708 samples
Epoch 1/1

  32/1424 [..............................] - ETA: 14s - loss: 0.5650 - acc: 0.7500
  64/1424 [>.............................] - ETA: 14s - loss: 1.0412 - acc: 0.7344
  96/1424 [=>............................] - ETA: 14s - loss: 1.0147 - acc: 0.7917
 128/1424 [=>............................] - ETA: 13s - loss: 1.3671 - acc: 0.7734
 160/1424 [==>...........................] - ETA: 13s - loss: 1.2421 - acc: 0.7375
 192/1424 [===>..........................] - ETA: 13s - loss: 1.3685 - acc: 0.7135
 224/1424 [===>..........................] - ETA: 12s - loss: 1.2560 - acc: 0.7143
 256/1424 [====>.........................] - ETA: 12s - loss: 1.2233 - acc: 0.7266
 288/1424 [=====>........................] - ETA: 12s - loss: 1.1463 - acc: 0.7326
 320/1424 [=====>........................] - ETA: 11s - loss: 1.0827 - acc: 0.7469
 352/1424 [======>.......................] - ETA: 11s - loss: 1.0779 - acc: 0.7528
 384/1424 [=======>......................] - ETA: 11s - loss: 1.0337 - acc: 0.7474
 416/1424 [=======>......................] - ETA: 10s - loss: 1.0677 - acc: 0.7428
 448/1424 [========>.....................] - ETA: 10s - loss: 1.0265 - acc: 0.7478
 480/1424 [=========>....................] - ETA: 10s - loss: 1.0342 - acc: 0.7417
 512/1424 [=========>....................] - ETA: 9s - loss: 1.0955 - acc: 0.7363 
 544/1424 [==========>...................] - ETA: 9s - loss: 1.0633 - acc: 0.7316
 576/1424 [===========>..................] - ETA: 9s - loss: 1.0681 - acc: 0.7274
 608/1424 [===========>..................] - ETA: 8s - loss: 1.1102 - acc: 0.7336
 640/1424 [============>.................] - ETA: 8s - loss: 1.1187 - acc: 0.7312
 672/1424 [=============>................] - ETA: 8s - loss: 1.1160 - acc: 0.7292
 704/1424 [=============>................] - ETA: 7s - loss: 1.0856 - acc: 0.7330
 736/1424 [==============>...............] - ETA: 7s - loss: 1.0817 - acc: 0.7364
 768/1424 [===============>..............] - ETA: 7s - loss: 1.0550 - acc: 0.7409
 800/1424 [===============>..............] - ETA: 6s - loss: 1.0542 - acc: 0.7388
 832/1424 [================>.............] - ETA: 6s - loss: 1.0315 - acc: 0.7404
 864/1424 [=================>............] - ETA: 5s - loss: 1.0337 - acc: 0.7361
 896/1424 [=================>............] - ETA: 5s - loss: 1.0316 - acc: 0.7344
 928/1424 [==================>...........] - ETA: 5s - loss: 1.0174 - acc: 0.7295
 960/1424 [===================>..........] - ETA: 4s - loss: 1.0011 - acc: 0.7281
 992/1424 [===================>..........] - ETA: 4s - loss: 1.0146 - acc: 0.7288
1024/1424 [====================>.........] - ETA: 4s - loss: 1.0140 - acc: 0.7256
1056/1424 [=====================>........] - ETA: 3s - loss: 0.9986 - acc: 0.7254
1088/1424 [=====================>........] - ETA: 3s - loss: 1.0013 - acc: 0.7206
1120/1424 [======================>.......] - ETA: 3s - loss: 0.9869 - acc: 0.7188
1152/1424 [=======================>......] - ETA: 2s - loss: 0.9877 - acc: 0.7196
1184/1424 [=======================>......] - ETA: 2s - loss: 0.9871 - acc: 0.7188
1216/1424 [========================>.....] - ETA: 2s - loss: 0.9740 - acc: 0.7196
1248/1424 [=========================>....] - ETA: 1s - loss: 0.9623 - acc: 0.7204
1280/1424 [=========================>....] - ETA: 1s - loss: 0.9550 - acc: 0.7211
1312/1424 [==========================>...] - ETA: 1s - loss: 0.9464 - acc: 0.7203
1344/1424 [===========================>..] - ETA: 0s - loss: 0.9482 - acc: 0.7173
1376/1424 [===========================>..] - ETA: 0s - loss: 0.9358 - acc: 0.7188
1408/1424 [============================>.] - ETA: 0s - loss: 0.9273 - acc: 0.7159
1424/1424 [==============================] - 18s 13ms/step - loss: 0.9235 - acc: 0.7142 - val_loss: 0.5375 - val_acc: 0.8037
Train on 1424 samples, validate on 708 samples
Epoch 1/1

  32/1424 [..............................] - ETA: 15s - loss: 0.6289 - acc: 0.6562
  64/1424 [>.............................] - ETA: 14s - loss: 0.5901 - acc: 0.7188
  96/1424 [=>............................] - ETA: 14s - loss: 0.5455 - acc: 0.7500
 128/1424 [=>............................] - ETA: 13s - loss: 0.6450 - acc: 0.7656
 160/1424 [==>...........................] - ETA: 13s - loss: 0.7086 - acc: 0.7500
 192/1424 [===>..........................] - ETA: 13s - loss: 0.6860 - acc: 0.7396
 224/1424 [===>..........................] - ETA: 12s - loss: 0.6682 - acc: 0.7455
 256/1424 [====>.........................] - ETA: 12s - loss: 0.6600 - acc: 0.7344
 288/1424 [=====>........................] - ETA: 12s - loss: 0.6461 - acc: 0.7396
 320/1424 [=====>........................] - ETA: 11s - loss: 0.6368 - acc: 0.7438
 352/1424 [======>.......................] - ETA: 11s - loss: 0.6775 - acc: 0.7443
 384/1424 [=======>......................] - ETA: 11s - loss: 0.6666 - acc: 0.7448
 416/1424 [=======>......................] - ETA: 10s - loss: 0.6540 - acc: 0.7500
 448/1424 [========>.....................] - ETA: 10s - loss: 0.6772 - acc: 0.7567
 480/1424 [=========>....................] - ETA: 10s - loss: 0.6659 - acc: 0.7604
 512/1424 [=========>....................] - ETA: 9s - loss: 0.7154 - acc: 0.7656 
 544/1424 [==========>...................] - ETA: 9s - loss: 0.7034 - acc: 0.7684
 576/1424 [===========>..................] - ETA: 9s - loss: 0.7031 - acc: 0.7674
 608/1424 [===========>..................] - ETA: 8s - loss: 0.6935 - acc: 0.7648
 640/1424 [============>.................] - ETA: 8s - loss: 0.6909 - acc: 0.7641
 672/1424 [=============>................] - ETA: 8s - loss: 0.6805 - acc: 0.7679
 704/1424 [=============>................] - ETA: 7s - loss: 0.6763 - acc: 0.7614
 736/1424 [==============>...............] - ETA: 7s - loss: 0.6719 - acc: 0.7582
 768/1424 [===============>..............] - ETA: 7s - loss: 0.7095 - acc: 0.7526
 800/1424 [===============>..............] - ETA: 6s - loss: 0.7211 - acc: 0.7525
 832/1424 [================>.............] - ETA: 6s - loss: 0.7176 - acc: 0.7464
 864/1424 [=================>............] - ETA: 5s - loss: 0.7273 - acc: 0.7465
 896/1424 [=================>............] - ETA: 5s - loss: 0.7205 - acc: 0.7478
 928/1424 [==================>...........] - ETA: 5s - loss: 0.7173 - acc: 0.7446
 960/1424 [===================>..........] - ETA: 4s - loss: 0.7129 - acc: 0.7396
 992/1424 [===================>..........] - ETA: 4s - loss: 0.7065 - acc: 0.7399
1024/1424 [====================>.........] - ETA: 4s - loss: 0.7038 - acc: 0.7373
1056/1424 [=====================>........] - ETA: 3s - loss: 0.7070 - acc: 0.7330
1088/1424 [=====================>........] - ETA: 3s - loss: 0.7035 - acc: 0.7335
1120/1424 [======================>.......] - ETA: 3s - loss: 0.6988 - acc: 0.7375
1152/1424 [=======================>......] - ETA: 2s - loss: 0.6971 - acc: 0.7370
1184/1424 [=======================>......] - ETA: 2s - loss: 0.6950 - acc: 0.7373
1216/1424 [========================>.....] - ETA: 2s - loss: 0.6920 - acc: 0.7410
1248/1424 [=========================>....] - ETA: 1s - loss: 0.6894 - acc: 0.7444
1280/1424 [=========================>....] - ETA: 1s - loss: 0.6870 - acc: 0.7469
1312/1424 [==========================>...] - ETA: 1s - loss: 0.6852 - acc: 0.7485
1344/1424 [===========================>..] - ETA: 0s - loss: 0.6829 - acc: 0.7478
1376/1424 [===========================>..] - ETA: 0s - loss: 0.6815 - acc: 0.7515
1408/1424 [============================>.] - ETA: 0s - loss: 0.6796 - acc: 0.7528
1424/1424 [==============================] - 18s 13ms/step - loss: 0.6788 - acc: 0.7535 - val_loss: 0.6050 - val_acc: 0.8150
Train on 1424 samples, validate on 708 samples
Epoch 1/1

  32/1424 [..............................] - ETA: 15s - loss: 0.5865 - acc: 0.7812
  64/1424 [>.............................] - ETA: 14s - loss: 0.5712 - acc: 0.8281
  96/1424 [=>............................] - ETA: 14s - loss: 0.5910 - acc: 0.8021
 128/1424 [=>............................] - ETA: 13s - loss: 0.5997 - acc: 0.7812
 160/1424 [==>...........................] - ETA: 13s - loss: 0.5884 - acc: 0.8000
 192/1424 [===>..........................] - ETA: 13s - loss: 0.5906 - acc: 0.8021
 224/1424 [===>..........................] - ETA: 12s - loss: 0.5851 - acc: 0.8080
 256/1424 [====>.........................] - ETA: 12s - loss: 0.5949 - acc: 0.7891
 288/1424 [=====>........................] - ETA: 12s - loss: 0.5929 - acc: 0.7951
 320/1424 [=====>........................] - ETA: 11s - loss: 0.5904 - acc: 0.7875
 352/1424 [======>.......................] - ETA: 11s - loss: 0.5917 - acc: 0.7727
 384/1424 [=======>......................] - ETA: 11s - loss: 0.5905 - acc: 0.7682
 416/1424 [=======>......................] - ETA: 10s - loss: 0.5924 - acc: 0.7692
 448/1424 [========>.....................] - ETA: 10s - loss: 0.5920 - acc: 0.7656
 480/1424 [=========>....................] - ETA: 10s - loss: 0.5903 - acc: 0.7708
 512/1424 [=========>....................] - ETA: 9s - loss: 0.5961 - acc: 0.7656 
 544/1424 [==========>...................] - ETA: 9s - loss: 0.5953 - acc: 0.7665
 576/1424 [===========>..................] - ETA: 9s - loss: 0.5940 - acc: 0.7674
 608/1424 [===========>..................] - ETA: 8s - loss: 0.5908 - acc: 0.7730
 640/1424 [============>.................] - ETA: 8s - loss: 0.5906 - acc: 0.7719
 672/1424 [=============>................] - ETA: 8s - loss: 0.6122 - acc: 0.7723
 704/1424 [=============>................] - ETA: 7s - loss: 0.6102 - acc: 0.7741
 736/1424 [==============>...............] - ETA: 7s - loss: 0.6129 - acc: 0.7731
 768/1424 [===============>..............] - ETA: 7s - loss: 0.6132 - acc: 0.7669
 800/1424 [===============>..............] - ETA: 6s - loss: 0.6099 - acc: 0.7662
 832/1424 [================>.............] - ETA: 6s - loss: 0.6071 - acc: 0.7680
 864/1424 [=================>............] - ETA: 5s - loss: 0.6049 - acc: 0.7662
 896/1424 [=================>............] - ETA: 5s - loss: 0.6047 - acc: 0.7667
 928/1424 [==================>...........] - ETA: 5s - loss: 0.6025 - acc: 0.7694
 960/1424 [===================>..........] - ETA: 4s - loss: 0.6014 - acc: 0.7708
 992/1424 [===================>..........] - ETA: 4s - loss: 0.5993 - acc: 0.7722
1024/1424 [====================>.........] - ETA: 4s - loss: 0.6130 - acc: 0.7705
1056/1424 [=====================>........] - ETA: 3s - loss: 0.6098 - acc: 0.7727
1088/1424 [=====================>........] - ETA: 3s - loss: 0.6087 - acc: 0.7730
1120/1424 [======================>.......] - ETA: 3s - loss: 0.6064 - acc: 0.7714
1152/1424 [=======================>......] - ETA: 2s - loss: 0.6012 - acc: 0.7760
1184/1424 [=======================>......] - ETA: 2s - loss: 0.5997 - acc: 0.7753
1216/1424 [========================>.....] - ETA: 2s - loss: 0.5954 - acc: 0.7780
1248/1424 [=========================>....] - ETA: 1s - loss: 0.5920 - acc: 0.7780
1280/1424 [=========================>....] - ETA: 1s - loss: 0.5900 - acc: 0.7805
1312/1424 [==========================>...] - ETA: 1s - loss: 0.5879 - acc: 0.7812
1344/1424 [===========================>..] - ETA: 0s - loss: 0.5837 - acc: 0.7820
1376/1424 [===========================>..] - ETA: 0s - loss: 0.5798 - acc: 0.7842
1408/1424 [============================>.] - ETA: 0s - loss: 0.5777 - acc: 0.7848
1424/1424 [==============================] - 18s 13ms/step - loss: 0.5768 - acc: 0.7851 - val_loss: 0.5117 - val_acc: 0.8093
Train on 1424 samples, validate on 708 samples
Epoch 1/1

  32/1424 [..............................] - ETA: 14s - loss: 0.9918 - acc: 0.7812
  64/1424 [>.............................] - ETA: 14s - loss: 0.7843 - acc: 0.7188
  96/1424 [=>............................] - ETA: 14s - loss: 0.7787 - acc: 0.7396
 128/1424 [=>............................] - ETA: 13s - loss: 0.6970 - acc: 0.7578
 160/1424 [==>...........................] - ETA: 13s - loss: 0.7501 - acc: 0.7500
 192/1424 [===>..........................] - ETA: 13s - loss: 0.7024 - acc: 0.7500
 224/1424 [===>..........................] - ETA: 12s - loss: 0.6565 - acc: 0.7679
 256/1424 [====>.........................] - ETA: 12s - loss: 0.6311 - acc: 0.7773
 288/1424 [=====>........................] - ETA: 12s - loss: 0.6041 - acc: 0.7778
 320/1424 [=====>........................] - ETA: 11s - loss: 0.5913 - acc: 0.7844
 352/1424 [======>.......................] - ETA: 11s - loss: 0.5799 - acc: 0.7869
 384/1424 [=======>......................] - ETA: 11s - loss: 0.6484 - acc: 0.7865
 416/1424 [=======>......................] - ETA: 10s - loss: 0.6324 - acc: 0.7861
 448/1424 [========>.....................] - ETA: 10s - loss: 0.6871 - acc: 0.7857
 480/1424 [=========>....................] - ETA: 10s - loss: 0.6697 - acc: 0.7854
 512/1424 [=========>....................] - ETA: 9s - loss: 0.6927 - acc: 0.7832 
 544/1424 [==========>...................] - ETA: 9s - loss: 0.6793 - acc: 0.7849
 576/1424 [===========>..................] - ETA: 9s - loss: 0.6793 - acc: 0.7795
 608/1424 [===========>..................] - ETA: 8s - loss: 0.7121 - acc: 0.7829
 640/1424 [============>.................] - ETA: 8s - loss: 0.7530 - acc: 0.7859
 672/1424 [=============>................] - ETA: 8s - loss: 0.7397 - acc: 0.7872
 704/1424 [=============>................] - ETA: 7s - loss: 0.7335 - acc: 0.7841
 736/1424 [==============>...............] - ETA: 7s - loss: 0.7261 - acc: 0.7785
 768/1424 [===============>..............] - ETA: 7s - loss: 0.7174 - acc: 0.7799
 800/1424 [===============>..............] - ETA: 6s - loss: 0.7128 - acc: 0.7762
 832/1424 [================>.............] - ETA: 6s - loss: 0.7116 - acc: 0.7716
 864/1424 [=================>............] - ETA: 5s - loss: 0.7087 - acc: 0.7708
 896/1424 [=================>............] - ETA: 5s - loss: 0.7019 - acc: 0.7734
 928/1424 [==================>...........] - ETA: 5s - loss: 0.6967 - acc: 0.7748
 960/1424 [===================>..........] - ETA: 4s - loss: 0.6908 - acc: 0.7760
 992/1424 [===================>..........] - ETA: 4s - loss: 0.6887 - acc: 0.7752
1024/1424 [====================>.........] - ETA: 4s - loss: 0.6874 - acc: 0.7754
1056/1424 [=====================>........] - ETA: 3s - loss: 0.6813 - acc: 0.7765
1088/1424 [=====================>........] - ETA: 3s - loss: 0.6779 - acc: 0.7739
1120/1424 [======================>.......] - ETA: 3s - loss: 0.6754 - acc: 0.7714
1152/1424 [=======================>......] - ETA: 2s - loss: 0.6713 - acc: 0.7717
1184/1424 [=======================>......] - ETA: 2s - loss: 0.6717 - acc: 0.7694
1216/1424 [========================>.....] - ETA: 2s - loss: 0.6684 - acc: 0.7697
1248/1424 [=========================>....] - ETA: 1s - loss: 0.6633 - acc: 0.7716
1280/1424 [=========================>....] - ETA: 1s - loss: 0.6584 - acc: 0.7727
1312/1424 [==========================>...] - ETA: 1s - loss: 0.6583 - acc: 0.7706
1344/1424 [===========================>..] - ETA: 0s - loss: 0.6539 - acc: 0.7738
1376/1424 [===========================>..] - ETA: 0s - loss: 0.6538 - acc: 0.7703
1408/1424 [============================>.] - ETA: 0s - loss: 0.6521 - acc: 0.7678
1424/1424 [==============================] - 18s 13ms/step - loss: 0.6502 - acc: 0.7683 - val_loss: 0.5528 - val_acc: 0.8206
Train on 1424 samples, validate on 708 samples
Epoch 1/1

  32/1424 [..............................] - ETA: 14s - loss: 0.5473 - acc: 0.8438
  64/1424 [>.............................] - ETA: 14s - loss: 0.7090 - acc: 0.8125
  96/1424 [=>............................] - ETA: 14s - loss: 0.6647 - acc: 0.8229
 128/1424 [=>............................] - ETA: 13s - loss: 0.6257 - acc: 0.8438
 160/1424 [==>...........................] - ETA: 13s - loss: 0.6166 - acc: 0.8313
 192/1424 [===>..........................] - ETA: 13s - loss: 0.6041 - acc: 0.8177
 224/1424 [===>..........................] - ETA: 12s - loss: 0.5959 - acc: 0.8125
 256/1424 [====>.........................] - ETA: 12s - loss: 0.5918 - acc: 0.8047
 288/1424 [=====>........................] - ETA: 12s - loss: 0.5851 - acc: 0.8021
 320/1424 [=====>........................] - ETA: 11s - loss: 0.5792 - acc: 0.8000
 352/1424 [======>.......................] - ETA: 11s - loss: 0.5767 - acc: 0.8011
 384/1424 [=======>......................] - ETA: 11s - loss: 0.5762 - acc: 0.8021
 416/1424 [=======>......................] - ETA: 10s - loss: 0.5758 - acc: 0.8077
 448/1424 [========>.....................] - ETA: 10s - loss: 0.5730 - acc: 0.8036
 480/1424 [=========>....................] - ETA: 10s - loss: 0.5743 - acc: 0.8021
 512/1424 [=========>....................] - ETA: 9s - loss: 0.5724 - acc: 0.8027 
 544/1424 [==========>...................] - ETA: 9s - loss: 0.5707 - acc: 0.8107
 576/1424 [===========>..................] - ETA: 9s - loss: 0.5719 - acc: 0.8073
 608/1424 [===========>..................] - ETA: 8s - loss: 0.5721 - acc: 0.7961
 640/1424 [============>.................] - ETA: 8s - loss: 0.5688 - acc: 0.8016
 672/1424 [=============>................] - ETA: 8s - loss: 0.5716 - acc: 0.7991
 704/1424 [=============>................] - ETA: 7s - loss: 0.5685 - acc: 0.8026
 736/1424 [==============>...............] - ETA: 7s - loss: 0.5653 - acc: 0.8043
 768/1424 [===============>..............] - ETA: 7s - loss: 0.5623 - acc: 0.8034
 800/1424 [===============>..............] - ETA: 6s - loss: 0.5652 - acc: 0.7963
 832/1424 [================>.............] - ETA: 6s - loss: 0.5626 - acc: 0.7945
 864/1424 [=================>............] - ETA: 5s - loss: 0.5665 - acc: 0.7882
 896/1424 [=================>............] - ETA: 5s - loss: 0.5663 - acc: 0.7924
 928/1424 [==================>...........] - ETA: 5s - loss: 0.5672 - acc: 0.7899
 960/1424 [===================>..........] - ETA: 4s - loss: 0.5647 - acc: 0.7917
 992/1424 [===================>..........] - ETA: 4s - loss: 0.5650 - acc: 0.7893
1024/1424 [====================>.........] - ETA: 4s - loss: 0.5643 - acc: 0.7881
1056/1424 [=====================>........] - ETA: 3s - loss: 0.5619 - acc: 0.7888
1088/1424 [=====================>........] - ETA: 3s - loss: 0.5644 - acc: 0.7868
1120/1424 [======================>.......] - ETA: 3s - loss: 0.5639 - acc: 0.7839
1152/1424 [=======================>......] - ETA: 2s - loss: 0.5623 - acc: 0.7865
1184/1424 [=======================>......] - ETA: 2s - loss: 0.5616 - acc: 0.7855
1216/1424 [========================>.....] - ETA: 2s - loss: 0.5614 - acc: 0.7870
1248/1424 [=========================>....] - ETA: 1s - loss: 0.5633 - acc: 0.7869
1280/1424 [=========================>....] - ETA: 1s - loss: 0.5595 - acc: 0.7898
1312/1424 [==========================>...] - ETA: 1s - loss: 0.5584 - acc: 0.7896
1344/1424 [===========================>..] - ETA: 0s - loss: 0.5578 - acc: 0.7902
1376/1424 [===========================>..] - ETA: 0s - loss: 0.5555 - acc: 0.7907
1408/1424 [============================>.] - ETA: 0s - loss: 0.5540 - acc: 0.7919
1424/1424 [==============================] - 18s 13ms/step - loss: 0.5535 - acc: 0.7921 - val_loss: 0.4878 - val_acc: 0.8164
Train on 1424 samples, validate on 708 samples
Epoch 1/1

  32/1424 [..............................] - ETA: 14s - loss: 0.4673 - acc: 0.8438
  64/1424 [>.............................] - ETA: 14s - loss: 0.5094 - acc: 0.7812
  96/1424 [=>............................] - ETA: 14s - loss: 1.1553 - acc: 0.7396
 128/1424 [=>............................] - ETA: 13s - loss: 0.9837 - acc: 0.7500
 160/1424 [==>...........................] - ETA: 13s - loss: 0.9748 - acc: 0.7500
 192/1424 [===>..........................] - ETA: 13s - loss: 1.2211 - acc: 0.7396
 224/1424 [===>..........................] - ETA: 12s - loss: 1.3163 - acc: 0.7366
 256/1424 [====>.........................] - ETA: 12s - loss: 1.3249 - acc: 0.7461
 288/1424 [=====>........................] - ETA: 12s - loss: 1.2811 - acc: 0.7569
 320/1424 [=====>........................] - ETA: 11s - loss: 1.2187 - acc: 0.7469
 352/1424 [======>.......................] - ETA: 11s - loss: 1.1503 - acc: 0.7528
 384/1424 [=======>......................] - ETA: 11s - loss: 1.1344 - acc: 0.7526
 416/1424 [=======>......................] - ETA: 10s - loss: 1.1212 - acc: 0.7548
 448/1424 [========>.....................] - ETA: 10s - loss: 1.1084 - acc: 0.7612
 480/1424 [=========>....................] - ETA: 10s - loss: 1.0652 - acc: 0.7625
 512/1424 [=========>....................] - ETA: 9s - loss: 1.0592 - acc: 0.7656 
 544/1424 [==========>...................] - ETA: 9s - loss: 1.0324 - acc: 0.7592
 576/1424 [===========>..................] - ETA: 9s - loss: 1.0091 - acc: 0.7483
 608/1424 [===========>..................] - ETA: 8s - loss: 1.0396 - acc: 0.7467
 640/1424 [============>.................] - ETA: 8s - loss: 1.0134 - acc: 0.7484
 672/1424 [=============>................] - ETA: 8s - loss: 0.9887 - acc: 0.7500
 704/1424 [=============>................] - ETA: 7s - loss: 0.9851 - acc: 0.7543
 736/1424 [==============>...............] - ETA: 7s - loss: 0.9828 - acc: 0.7554
 768/1424 [===============>..............] - ETA: 7s - loss: 0.9639 - acc: 0.7578
 800/1424 [===============>..............] - ETA: 6s - loss: 0.9477 - acc: 0.7612
 832/1424 [================>.............] - ETA: 6s - loss: 0.9297 - acc: 0.7656
 864/1424 [=================>............] - ETA: 5s - loss: 0.9128 - acc: 0.7685
 896/1424 [=================>............] - ETA: 5s - loss: 0.9037 - acc: 0.7634
 928/1424 [==================>...........] - ETA: 5s - loss: 0.8866 - acc: 0.7672
 960/1424 [===================>..........] - ETA: 4s - loss: 0.8696 - acc: 0.7708
 992/1424 [===================>..........] - ETA: 4s - loss: 0.8602 - acc: 0.7692
1024/1424 [====================>.........] - ETA: 4s - loss: 0.8472 - acc: 0.7715
1056/1424 [=====================>........] - ETA: 3s - loss: 0.8373 - acc: 0.7718
1088/1424 [=====================>........] - ETA: 3s - loss: 0.8270 - acc: 0.7739
1120/1424 [======================>.......] - ETA: 3s - loss: 0.8131 - acc: 0.7777
1152/1424 [=======================>......] - ETA: 2s - loss: 0.8067 - acc: 0.7743
1184/1424 [=======================>......] - ETA: 2s - loss: 0.7995 - acc: 0.7711
1216/1424 [========================>.....] - ETA: 2s - loss: 0.7910 - acc: 0.7714
1248/1424 [=========================>....] - ETA: 1s - loss: 0.7897 - acc: 0.7676
1280/1424 [=========================>....] - ETA: 1s - loss: 0.7832 - acc: 0.7688
1312/1424 [==========================>...] - ETA: 1s - loss: 0.7786 - acc: 0.7652
1344/1424 [===========================>..] - ETA: 0s - loss: 0.7722 - acc: 0.7656
1376/1424 [===========================>..] - ETA: 0s - loss: 0.7660 - acc: 0.7645
1408/1424 [============================>.] - ETA: 0s - loss: 0.7609 - acc: 0.7642
1424/1424 [==============================] - 18s 13ms/step - loss: 0.7585 - acc: 0.7633 - val_loss: 0.5204 - val_acc: 0.8023
Train on 1424 samples, validate on 708 samples
Epoch 1/1

  32/1424 [..............................] - ETA: 14s - loss: 0.4898 - acc: 0.8125
  64/1424 [>.............................] - ETA: 14s - loss: 0.4465 - acc: 0.8281
  96/1424 [=>............................] - ETA: 14s - loss: 0.4758 - acc: 0.8229
 128/1424 [=>............................] - ETA: 13s - loss: 0.5073 - acc: 0.7891
 160/1424 [==>...........................] - ETA: 13s - loss: 0.5105 - acc: 0.7750
 192/1424 [===>..........................] - ETA: 13s - loss: 0.5307 - acc: 0.7552
 224/1424 [===>..........................] - ETA: 12s - loss: 0.5307 - acc: 0.7634
 256/1424 [====>.........................] - ETA: 12s - loss: 0.5257 - acc: 0.7656
 288/1424 [=====>........................] - ETA: 12s - loss: 0.5438 - acc: 0.7674
 320/1424 [=====>........................] - ETA: 11s - loss: 0.5377 - acc: 0.7781
 352/1424 [======>.......................] - ETA: 11s - loss: 0.5355 - acc: 0.7784
 384/1424 [=======>......................] - ETA: 11s - loss: 0.5314 - acc: 0.7812
 416/1424 [=======>......................] - ETA: 10s - loss: 0.5335 - acc: 0.7812
 448/1424 [========>.....................] - ETA: 10s - loss: 0.5353 - acc: 0.7790
 480/1424 [=========>....................] - ETA: 10s - loss: 0.5337 - acc: 0.7812
 512/1424 [=========>....................] - ETA: 9s - loss: 0.5289 - acc: 0.7871 
 544/1424 [==========>...................] - ETA: 9s - loss: 0.5216 - acc: 0.7960
 576/1424 [===========>..................] - ETA: 9s - loss: 0.5262 - acc: 0.7847
 608/1424 [===========>..................] - ETA: 8s - loss: 0.5246 - acc: 0.7845
 640/1424 [============>.................] - ETA: 8s - loss: 0.5385 - acc: 0.7812
 672/1424 [=============>................] - ETA: 8s - loss: 0.5377 - acc: 0.7857
 704/1424 [=============>................] - ETA: 7s - loss: 0.5378 - acc: 0.7855
 736/1424 [==============>...............] - ETA: 7s - loss: 0.5351 - acc: 0.7853
 768/1424 [===============>..............] - ETA: 7s - loss: 0.5333 - acc: 0.7891
 800/1424 [===============>..............] - ETA: 6s - loss: 0.5324 - acc: 0.7887
 832/1424 [================>.............] - ETA: 6s - loss: 0.5309 - acc: 0.7897
 864/1424 [=================>............] - ETA: 5s - loss: 0.5479 - acc: 0.7870
 896/1424 [=================>............] - ETA: 5s - loss: 0.5478 - acc: 0.7879
 928/1424 [==================>...........] - ETA: 5s - loss: 0.5449 - acc: 0.7888
 960/1424 [===================>..........] - ETA: 4s - loss: 0.5426 - acc: 0.7865
 992/1424 [===================>..........] - ETA: 4s - loss: 0.5425 - acc: 0.7873
1024/1424 [====================>.........] - ETA: 4s - loss: 0.5406 - acc: 0.7891
1056/1424 [=====================>........] - ETA: 3s - loss: 0.5395 - acc: 0.7888
1088/1424 [=====================>........] - ETA: 3s - loss: 0.5400 - acc: 0.7895
1120/1424 [======================>.......] - ETA: 3s - loss: 0.5542 - acc: 0.7884
1152/1424 [=======================>......] - ETA: 2s - loss: 0.5522 - acc: 0.7865
1184/1424 [=======================>......] - ETA: 2s - loss: 0.5508 - acc: 0.7863
1216/1424 [========================>.....] - ETA: 2s - loss: 0.5507 - acc: 0.7862
1248/1424 [=========================>....] - ETA: 1s - loss: 0.5489 - acc: 0.7869
1280/1424 [=========================>....] - ETA: 1s - loss: 0.5469 - acc: 0.7883
1312/1424 [==========================>...] - ETA: 1s - loss: 0.5447 - acc: 0.7866
1344/1424 [===========================>..] - ETA: 0s - loss: 0.5417 - acc: 0.7887
1376/1424 [===========================>..] - ETA: 0s - loss: 0.5442 - acc: 0.7892
1408/1424 [============================>.] - ETA: 0s - loss: 0.5428 - acc: 0.7898
1424/1424 [==============================] - 18s 13ms/step - loss: 0.5413 - acc: 0.7907 - val_loss: 0.4693 - val_acc: 0.8333
Train on 1424 samples, validate on 708 samples
Epoch 1/1

  32/1424 [..............................] - ETA: 15s - loss: 0.5319 - acc: 0.7500
  64/1424 [>.............................] - ETA: 15s - loss: 0.5807 - acc: 0.7656
  96/1424 [=>............................] - ETA: 14s - loss: 0.5942 - acc: 0.7708
 128/1424 [=>............................] - ETA: 14s - loss: 0.5541 - acc: 0.7891
 160/1424 [==>...........................] - ETA: 13s - loss: 0.5596 - acc: 0.7625
 192/1424 [===>..........................] - ETA: 13s - loss: 0.5272 - acc: 0.7656
 224/1424 [===>..........................] - ETA: 12s - loss: 0.5166 - acc: 0.7812
 256/1424 [====>.........................] - ETA: 12s - loss: 0.5125 - acc: 0.7852
 288/1424 [=====>........................] - ETA: 12s - loss: 0.5033 - acc: 0.7986
 320/1424 [=====>........................] - ETA: 11s - loss: 0.5024 - acc: 0.7969
 352/1424 [======>.......................] - ETA: 11s - loss: 0.5474 - acc: 0.7898
 384/1424 [=======>......................] - ETA: 11s - loss: 0.5436 - acc: 0.7865
 416/1424 [=======>......................] - ETA: 10s - loss: 0.5400 - acc: 0.7909
 448/1424 [========>.....................] - ETA: 10s - loss: 0.5422 - acc: 0.7902
 480/1424 [=========>....................] - ETA: 10s - loss: 0.5370 - acc: 0.7896
 512/1424 [=========>....................] - ETA: 9s - loss: 0.5347 - acc: 0.7852 
 544/1424 [==========>...................] - ETA: 9s - loss: 0.5282 - acc: 0.7868
 576/1424 [===========>..................] - ETA: 9s - loss: 0.5267 - acc: 0.7882
 608/1424 [===========>..................] - ETA: 8s - loss: 0.5197 - acc: 0.7944
 640/1424 [============>.................] - ETA: 8s - loss: 0.5225 - acc: 0.7906
 672/1424 [=============>................] - ETA: 8s - loss: 0.5254 - acc: 0.7887
 704/1424 [=============>................] - ETA: 7s - loss: 0.5208 - acc: 0.7912
 736/1424 [==============>...............] - ETA: 7s - loss: 0.5157 - acc: 0.7935
 768/1424 [===============>..............] - ETA: 7s - loss: 0.5109 - acc: 0.7943
 800/1424 [===============>..............] - ETA: 6s - loss: 0.5083 - acc: 0.7950
 832/1424 [================>.............] - ETA: 6s - loss: 0.5081 - acc: 0.7933
 864/1424 [=================>............] - ETA: 6s - loss: 0.5114 - acc: 0.7917
 896/1424 [=================>............] - ETA: 5s - loss: 0.5109 - acc: 0.7935
 928/1424 [==================>...........] - ETA: 5s - loss: 0.5065 - acc: 0.7953
 960/1424 [===================>..........] - ETA: 4s - loss: 0.5021 - acc: 0.7979
 992/1424 [===================>..........] - ETA: 4s - loss: 0.5036 - acc: 0.7954
1024/1424 [====================>.........] - ETA: 4s - loss: 0.5010 - acc: 0.7959
1056/1424 [=====================>........] - ETA: 3s - loss: 0.5006 - acc: 0.7983
1088/1424 [=====================>........] - ETA: 3s - loss: 0.4990 - acc: 0.7987
1120/1424 [======================>.......] - ETA: 3s - loss: 0.4983 - acc: 0.7973
1152/1424 [=======================>......] - ETA: 2s - loss: 0.4968 - acc: 0.7969
1184/1424 [=======================>......] - ETA: 2s - loss: 0.4970 - acc: 0.7973
1216/1424 [========================>.....] - ETA: 2s - loss: 0.4946 - acc: 0.7969
1248/1424 [=========================>....] - ETA: 1s - loss: 0.4938 - acc: 0.7973
1280/1424 [=========================>....] - ETA: 1s - loss: 0.5123 - acc: 0.7930
1312/1424 [==========================>...] - ETA: 1s - loss: 0.5136 - acc: 0.7927
1344/1424 [===========================>..] - ETA: 0s - loss: 0.5105 - acc: 0.7954
1376/1424 [===========================>..] - ETA: 0s - loss: 0.5069 - acc: 0.7987
1408/1424 [============================>.] - ETA: 0s - loss: 0.5061 - acc: 0.7990
1424/1424 [==============================] - 18s 13ms/step - loss: 0.5060 - acc: 0.7992 - val_loss: 0.4271 - val_acc: 0.8277
Train on 1424 samples, validate on 708 samples
Epoch 1/1

  32/1424 [..............................] - ETA: 15s - loss: 0.5770 - acc: 0.6875
  64/1424 [>.............................] - ETA: 14s - loss: 0.5576 - acc: 0.7031
  96/1424 [=>............................] - ETA: 14s - loss: 0.5089 - acc: 0.7396
 128/1424 [=>............................] - ETA: 14s - loss: 0.5242 - acc: 0.7344
 160/1424 [==>...........................] - ETA: 13s - loss: 0.4942 - acc: 0.7562
 192/1424 [===>..........................] - ETA: 13s - loss: 0.4675 - acc: 0.7760
 224/1424 [===>..........................] - ETA: 12s - loss: 0.4638 - acc: 0.7857
 256/1424 [====>.........................] - ETA: 12s - loss: 0.4811 - acc: 0.7773
 288/1424 [=====>........................] - ETA: 12s - loss: 0.4817 - acc: 0.7743
 320/1424 [=====>........................] - ETA: 11s - loss: 0.4800 - acc: 0.7750
 352/1424 [======>.......................] - ETA: 11s - loss: 0.4770 - acc: 0.7812
 384/1424 [=======>......................] - ETA: 11s - loss: 0.4758 - acc: 0.7865
 416/1424 [=======>......................] - ETA: 10s - loss: 0.4727 - acc: 0.7909
 448/1424 [========>.....................] - ETA: 10s - loss: 0.4648 - acc: 0.7969
 480/1424 [=========>....................] - ETA: 10s - loss: 0.4696 - acc: 0.7937
 512/1424 [=========>....................] - ETA: 9s - loss: 0.4697 - acc: 0.7930 
 544/1424 [==========>...................] - ETA: 9s - loss: 0.4767 - acc: 0.7923
 576/1424 [===========>..................] - ETA: 9s - loss: 0.4641 - acc: 0.8038
 608/1424 [===========>..................] - ETA: 8s - loss: 0.4626 - acc: 0.8043
 640/1424 [============>.................] - ETA: 8s - loss: 0.4621 - acc: 0.8063
 672/1424 [=============>................] - ETA: 8s - loss: 0.4653 - acc: 0.8021
 704/1424 [=============>................] - ETA: 7s - loss: 0.4635 - acc: 0.8040
 736/1424 [==============>...............] - ETA: 7s - loss: 0.4622 - acc: 0.8043
 768/1424 [===============>..............] - ETA: 7s - loss: 0.4663 - acc: 0.8034
 800/1424 [===============>..............] - ETA: 6s - loss: 0.4695 - acc: 0.8000
 832/1424 [================>.............] - ETA: 6s - loss: 0.4699 - acc: 0.7993
 864/1424 [=================>............] - ETA: 6s - loss: 0.4890 - acc: 0.7963
 896/1424 [=================>............] - ETA: 5s - loss: 0.4868 - acc: 0.7969
 928/1424 [==================>...........] - ETA: 5s - loss: 0.4784 - acc: 0.8017
 960/1424 [===================>..........] - ETA: 4s - loss: 0.4770 - acc: 0.8021
 992/1424 [===================>..........] - ETA: 4s - loss: 0.5034 - acc: 0.7994
1024/1424 [====================>.........] - ETA: 4s - loss: 0.5014 - acc: 0.7979
1056/1424 [=====================>........] - ETA: 3s - loss: 0.5152 - acc: 0.7955
1088/1424 [=====================>........] - ETA: 3s - loss: 0.5183 - acc: 0.7923
1120/1424 [======================>.......] - ETA: 3s - loss: 0.5295 - acc: 0.7920
1152/1424 [=======================>......] - ETA: 2s - loss: 0.5390 - acc: 0.7934
1184/1424 [=======================>......] - ETA: 2s - loss: 0.5454 - acc: 0.7905
1216/1424 [========================>.....] - ETA: 2s - loss: 0.5559 - acc: 0.7887
1248/1424 [=========================>....] - ETA: 1s - loss: 0.5612 - acc: 0.7837
1280/1424 [=========================>....] - ETA: 1s - loss: 0.5622 - acc: 0.7812
1312/1424 [==========================>...] - ETA: 1s - loss: 0.5784 - acc: 0.7774
1344/1424 [===========================>..] - ETA: 0s - loss: 0.5877 - acc: 0.7738
1376/1424 [===========================>..] - ETA: 0s - loss: 0.5854 - acc: 0.7733
1408/1424 [============================>.] - ETA: 0s - loss: 0.5966 - acc: 0.7706
1424/1424 [==============================] - 18s 13ms/step - loss: 0.5967 - acc: 0.7704 - val_loss: 0.5369 - val_acc: 0.7952
Train on 1424 samples, validate on 708 samples
Epoch 1/1

  32/1424 [..............................] - ETA: 14s - loss: 0.4879 - acc: 0.8438
  64/1424 [>.............................] - ETA: 14s - loss: 0.6834 - acc: 0.8125
  96/1424 [=>............................] - ETA: 14s - loss: 0.6200 - acc: 0.8125
 128/1424 [=>............................] - ETA: 13s - loss: 0.5681 - acc: 0.8359
 160/1424 [==>...........................] - ETA: 13s - loss: 0.5324 - acc: 0.8187
 192/1424 [===>..........................] - ETA: 13s - loss: 0.4988 - acc: 0.8333
 224/1424 [===>..........................] - ETA: 12s - loss: 0.4959 - acc: 0.8259
 256/1424 [====>.........................] - ETA: 12s - loss: 0.5097 - acc: 0.8203
 288/1424 [=====>........................] - ETA: 12s - loss: 0.5438 - acc: 0.8264
 320/1424 [=====>........................] - ETA: 11s - loss: 0.5221 - acc: 0.8313
 352/1424 [======>.......................] - ETA: 11s - loss: 0.5458 - acc: 0.8040
 384/1424 [=======>......................] - ETA: 11s - loss: 0.5379 - acc: 0.8047
 416/1424 [=======>......................] - ETA: 10s - loss: 0.5520 - acc: 0.7909
 448/1424 [========>.....................] - ETA: 10s - loss: 0.5494 - acc: 0.7879
 480/1424 [=========>....................] - ETA: 10s - loss: 0.5519 - acc: 0.7833
 512/1424 [=========>....................] - ETA: 9s - loss: 0.5460 - acc: 0.7852 
 544/1424 [==========>...................] - ETA: 9s - loss: 0.5491 - acc: 0.7812
 576/1424 [===========>..................] - ETA: 9s - loss: 0.5485 - acc: 0.7812
 608/1424 [===========>..................] - ETA: 8s - loss: 0.5482 - acc: 0.7780
 640/1424 [============>.................] - ETA: 8s - loss: 0.5546 - acc: 0.7797
 672/1424 [=============>................] - ETA: 8s - loss: 0.5493 - acc: 0.7827
 704/1424 [=============>................] - ETA: 7s - loss: 0.5499 - acc: 0.7784
 736/1424 [==============>...............] - ETA: 7s - loss: 0.5472 - acc: 0.7799
 768/1424 [===============>..............] - ETA: 7s - loss: 0.5454 - acc: 0.7773
 800/1424 [===============>..............] - ETA: 6s - loss: 0.5419 - acc: 0.7800
 832/1424 [================>.............] - ETA: 6s - loss: 0.5379 - acc: 0.7837
 864/1424 [=================>............] - ETA: 5s - loss: 0.5388 - acc: 0.7824
 896/1424 [=================>............] - ETA: 5s - loss: 0.5368 - acc: 0.7824
 928/1424 [==================>...........] - ETA: 5s - loss: 0.5481 - acc: 0.7845
 960/1424 [===================>..........] - ETA: 4s - loss: 0.5493 - acc: 0.7812
 992/1424 [===================>..........] - ETA: 4s - loss: 0.5481 - acc: 0.7823
1024/1424 [====================>.........] - ETA: 4s - loss: 0.5466 - acc: 0.7842
1056/1424 [=====================>........] - ETA: 3s - loss: 0.5436 - acc: 0.7869
1088/1424 [=====================>........] - ETA: 3s - loss: 0.5397 - acc: 0.7923
1120/1424 [======================>.......] - ETA: 3s - loss: 0.5387 - acc: 0.7920
1152/1424 [=======================>......] - ETA: 2s - loss: 0.5368 - acc: 0.7925
1184/1424 [=======================>......] - ETA: 2s - loss: 0.5363 - acc: 0.7889
1216/1424 [========================>.....] - ETA: 2s - loss: 0.5367 - acc: 0.7862
1248/1424 [=========================>....] - ETA: 1s - loss: 0.5351 - acc: 0.7861
1280/1424 [=========================>....] - ETA: 1s - loss: 0.5368 - acc: 0.7859
1312/1424 [==========================>...] - ETA: 1s - loss: 0.5345 - acc: 0.7889
1344/1424 [===========================>..] - ETA: 0s - loss: 0.5338 - acc: 0.7894
1376/1424 [===========================>..] - ETA: 0s - loss: 0.5315 - acc: 0.7892
1408/1424 [============================>.] - ETA: 0s - loss: 0.5305 - acc: 0.7898
1424/1424 [==============================] - 18s 13ms/step - loss: 0.5297 - acc: 0.7886 - val_loss: 0.4805 - val_acc: 0.8220
Train on 1424 samples, validate on 708 samples
Epoch 1/1

  32/1424 [..............................] - ETA: 14s - loss: 0.5243 - acc: 0.8125
  64/1424 [>.............................] - ETA: 14s - loss: 0.5478 - acc: 0.7812
  96/1424 [=>............................] - ETA: 14s - loss: 0.5177 - acc: 0.7917
 128/1424 [=>............................] - ETA: 13s - loss: 0.5654 - acc: 0.7734
 160/1424 [==>...........................] - ETA: 13s - loss: 0.5441 - acc: 0.7875
 192/1424 [===>..........................] - ETA: 13s - loss: 0.5288 - acc: 0.7917
 224/1424 [===>..........................] - ETA: 12s - loss: 0.5174 - acc: 0.8036
 256/1424 [====>.........................] - ETA: 12s - loss: 0.5158 - acc: 0.7969
 288/1424 [=====>........................] - ETA: 12s - loss: 0.5054 - acc: 0.7986
 320/1424 [=====>........................] - ETA: 11s - loss: 0.5000 - acc: 0.7969
 352/1424 [======>.......................] - ETA: 11s - loss: 0.4928 - acc: 0.8011
 384/1424 [=======>......................] - ETA: 11s - loss: 0.5068 - acc: 0.7891
 416/1424 [=======>......................] - ETA: 10s - loss: 0.5007 - acc: 0.7909
 448/1424 [========>.....................] - ETA: 10s - loss: 0.5047 - acc: 0.7857
 480/1424 [=========>....................] - ETA: 10s - loss: 0.4962 - acc: 0.7917
 512/1424 [=========>....................] - ETA: 9s - loss: 0.4904 - acc: 0.7949 
 544/1424 [==========>...................] - ETA: 9s - loss: 0.4888 - acc: 0.7923
 576/1424 [===========>..................] - ETA: 9s - loss: 0.4876 - acc: 0.7934
 608/1424 [===========>..................] - ETA: 8s - loss: 0.4895 - acc: 0.7944
 640/1424 [============>.................] - ETA: 8s - loss: 0.4857 - acc: 0.7984
 672/1424 [=============>................] - ETA: 8s - loss: 0.4890 - acc: 0.7976
 704/1424 [=============>................] - ETA: 7s - loss: 0.4926 - acc: 0.7969
 736/1424 [==============>...............] - ETA: 7s - loss: 0.4914 - acc: 0.7962
 768/1424 [===============>..............] - ETA: 7s - loss: 0.4930 - acc: 0.7930
 800/1424 [===============>..............] - ETA: 6s - loss: 0.4920 - acc: 0.7963
 832/1424 [================>.............] - ETA: 6s - loss: 0.4967 - acc: 0.7897
 864/1424 [=================>............] - ETA: 5s - loss: 0.4927 - acc: 0.7951
 896/1424 [=================>............] - ETA: 5s - loss: 0.4889 - acc: 0.7980
 928/1424 [==================>...........] - ETA: 5s - loss: 0.4892 - acc: 0.7974
 960/1424 [===================>..........] - ETA: 4s - loss: 0.4881 - acc: 0.7979
 992/1424 [===================>..........] - ETA: 4s - loss: 0.4893 - acc: 0.7964
1024/1424 [====================>.........] - ETA: 4s - loss: 0.4928 - acc: 0.7949
1056/1424 [=====================>........] - ETA: 3s - loss: 0.4915 - acc: 0.7955
1088/1424 [=====================>........] - ETA: 3s - loss: 0.4890 - acc: 0.7969
1120/1424 [======================>.......] - ETA: 3s - loss: 0.4879 - acc: 0.7991
1152/1424 [=======================>......] - ETA: 2s - loss: 0.4846 - acc: 0.8012
1184/1424 [=======================>......] - ETA: 2s - loss: 0.4801 - acc: 0.8057
1216/1424 [========================>.....] - ETA: 2s - loss: 0.4770 - acc: 0.8076
1248/1424 [=========================>....] - ETA: 1s - loss: 0.4789 - acc: 0.8045
1280/1424 [=========================>....] - ETA: 1s - loss: 0.4809 - acc: 0.8023
1312/1424 [==========================>...] - ETA: 1s - loss: 0.4807 - acc: 0.8041
1344/1424 [===========================>..] - ETA: 0s - loss: 0.4875 - acc: 0.8043
1376/1424 [===========================>..] - ETA: 0s - loss: 0.4890 - acc: 0.8023
1408/1424 [============================>.] - ETA: 0s - loss: 0.4855 - acc: 0.8047
1424/1424 [==============================] - 18s 13ms/step - loss: 0.4854 - acc: 0.8048 - val_loss: 0.4373 - val_acc: 0.8263
Train on 1424 samples, validate on 708 samples
Epoch 1/1

  32/1424 [..............................] - ETA: 15s - loss: 0.7613 - acc: 0.8438
  64/1424 [>.............................] - ETA: 14s - loss: 0.6721 - acc: 0.7812
  96/1424 [=>............................] - ETA: 14s - loss: 0.7236 - acc: 0.7917
 128/1424 [=>............................] - ETA: 13s - loss: 0.8360 - acc: 0.7578
 160/1424 [==>...........................] - ETA: 13s - loss: 1.1013 - acc: 0.7188
 192/1424 [===>..........................] - ETA: 13s - loss: 1.2514 - acc: 0.7135
 224/1424 [===>..........................] - ETA: 12s - loss: 1.4571 - acc: 0.6920
 256/1424 [====>.........................] - ETA: 12s - loss: 1.8347 - acc: 0.6719
 288/1424 [=====>........................] - ETA: 12s - loss: 2.2572 - acc: 0.6528
 320/1424 [=====>........................] - ETA: 11s - loss: 2.4852 - acc: 0.6344
 352/1424 [======>.......................] - ETA: 11s - loss: 2.6601 - acc: 0.6165
 384/1424 [=======>......................] - ETA: 11s - loss: 2.5668 - acc: 0.6120
 416/1424 [=======>......................] - ETA: 10s - loss: 2.6235 - acc: 0.6058
 448/1424 [========>.....................] - ETA: 10s - loss: 2.7624 - acc: 0.5960
 480/1424 [=========>....................] - ETA: 10s - loss: 2.8000 - acc: 0.5813
 512/1424 [=========>....................] - ETA: 9s - loss: 2.9094 - acc: 0.5762 
 544/1424 [==========>...................] - ETA: 9s - loss: 3.1360 - acc: 0.5680
 576/1424 [===========>..................] - ETA: 9s - loss: 3.2134 - acc: 0.5660
 608/1424 [===========>..................] - ETA: 8s - loss: 3.2163 - acc: 0.5658
 640/1424 [============>.................] - ETA: 8s - loss: 3.2360 - acc: 0.5656
 672/1424 [=============>................] - ETA: 8s - loss: 3.3666 - acc: 0.5595
 704/1424 [=============>................] - ETA: 7s - loss: 3.3779 - acc: 0.5639
 736/1424 [==============>...............] - ETA: 7s - loss: 3.4633 - acc: 0.5639
 768/1424 [===============>..............] - ETA: 6s - loss: 3.6112 - acc: 0.5599
 800/1424 [===============>..............] - ETA: 6s - loss: 3.5974 - acc: 0.5663
 832/1424 [================>.............] - ETA: 6s - loss: 3.5436 - acc: 0.5745
 864/1424 [=================>............] - ETA: 5s - loss: 3.5499 - acc: 0.5799
 896/1424 [=================>............] - ETA: 5s - loss: 3.6139 - acc: 0.5792
 928/1424 [==================>...........] - ETA: 5s - loss: 3.7024 - acc: 0.5776
 960/1424 [===================>..........] - ETA: 4s - loss: 3.6661 - acc: 0.5813
 992/1424 [===================>..........] - ETA: 4s - loss: 3.6950 - acc: 0.5827
1024/1424 [====================>.........] - ETA: 4s - loss: 3.7762 - acc: 0.5820
1056/1424 [=====================>........] - ETA: 3s - loss: 3.8628 - acc: 0.5786
1088/1424 [=====================>........] - ETA: 3s - loss: 3.8993 - acc: 0.5772
1120/1424 [======================>.......] - ETA: 3s - loss: 3.9697 - acc: 0.5741
1152/1424 [=======================>......] - ETA: 2s - loss: 4.0348 - acc: 0.5747
1184/1424 [=======================>......] - ETA: 2s - loss: 4.0681 - acc: 0.5760
1216/1424 [========================>.....] - ETA: 2s - loss: 4.0887 - acc: 0.5773
1248/1424 [=========================>....] - ETA: 1s - loss: 4.1029 - acc: 0.5769
1280/1424 [=========================>....] - ETA: 1s - loss: 4.1477 - acc: 0.5758
1312/1424 [==========================>...] - ETA: 1s - loss: 4.1681 - acc: 0.5762
1344/1424 [===========================>..] - ETA: 0s - loss: 4.2083 - acc: 0.5759
1376/1424 [===========================>..] - ETA: 0s - loss: 4.1768 - acc: 0.5792
1408/1424 [============================>.] - ETA: 0s - loss: 4.1970 - acc: 0.5810
1424/1424 [==============================] - 18s 13ms/step - loss: 4.1744 - acc: 0.5829 - val_loss: 3.4589 - val_acc: 0.7048
Train on 1424 samples, validate on 708 samples
Epoch 1/1

  32/1424 [..............................] - ETA: 14s - loss: 7.4634 - acc: 0.4688
  64/1424 [>.............................] - ETA: 14s - loss: 7.5952 - acc: 0.4531
  96/1424 [=>............................] - ETA: 14s - loss: 7.0776 - acc: 0.4688
 128/1424 [=>............................] - ETA: 13s - loss: 6.5377 - acc: 0.4844
 160/1424 [==>...........................] - ETA: 13s - loss: 6.6288 - acc: 0.4750
 192/1424 [===>..........................] - ETA: 13s - loss: 6.7066 - acc: 0.4844
 224/1424 [===>..........................] - ETA: 12s - loss: 6.2335 - acc: 0.5268
 256/1424 [====>.........................] - ETA: 12s - loss: 6.1083 - acc: 0.5312
 288/1424 [=====>........................] - ETA: 12s - loss: 6.0140 - acc: 0.5278
 320/1424 [=====>........................] - ETA: 11s - loss: 5.5854 - acc: 0.5500
 352/1424 [======>.......................] - ETA: 11s - loss: 5.6661 - acc: 0.5398
 384/1424 [=======>......................] - ETA: 11s - loss: 5.3942 - acc: 0.5547
 416/1424 [=======>......................] - ETA: 10s - loss: 5.1349 - acc: 0.5673
 448/1424 [========>.....................] - ETA: 10s - loss: 4.9884 - acc: 0.5781
 480/1424 [=========>....................] - ETA: 10s - loss: 4.9919 - acc: 0.5750
 512/1424 [=========>....................] - ETA: 9s - loss: 4.9464 - acc: 0.5742 
 544/1424 [==========>...................] - ETA: 9s - loss: 4.8355 - acc: 0.5809
 576/1424 [===========>..................] - ETA: 9s - loss: 4.7198 - acc: 0.5885
 608/1424 [===========>..................] - ETA: 8s - loss: 4.6503 - acc: 0.5921
 640/1424 [============>.................] - ETA: 8s - loss: 4.5201 - acc: 0.5953
 672/1424 [=============>................] - ETA: 8s - loss: 4.4211 - acc: 0.5967
 704/1424 [=============>................] - ETA: 7s - loss: 4.3266 - acc: 0.6009
 736/1424 [==============>...............] - ETA: 7s - loss: 4.1773 - acc: 0.6087
 768/1424 [===============>..............] - ETA: 7s - loss: 4.0910 - acc: 0.6133
 800/1424 [===============>..............] - ETA: 6s - loss: 4.0338 - acc: 0.6212
 832/1424 [================>.............] - ETA: 6s - loss: 3.9888 - acc: 0.6226
 864/1424 [=================>............] - ETA: 5s - loss: 3.9170 - acc: 0.6273
 896/1424 [=================>............] - ETA: 5s - loss: 3.8346 - acc: 0.6283
 928/1424 [==================>...........] - ETA: 5s - loss: 3.8095 - acc: 0.6293
 960/1424 [===================>..........] - ETA: 4s - loss: 3.7279 - acc: 0.6302
 992/1424 [===================>..........] - ETA: 4s - loss: 3.7078 - acc: 0.6270
1024/1424 [====================>.........] - ETA: 4s - loss: 3.6657 - acc: 0.6289
1056/1424 [=====================>........] - ETA: 3s - loss: 3.6177 - acc: 0.6316
1088/1424 [=====================>........] - ETA: 3s - loss: 3.6097 - acc: 0.6305
1120/1424 [======================>.......] - ETA: 3s - loss: 3.5365 - acc: 0.6321
1152/1424 [=======================>......] - ETA: 2s - loss: 3.4975 - acc: 0.6354
1184/1424 [=======================>......] - ETA: 2s - loss: 3.4514 - acc: 0.6385
1216/1424 [========================>.....] - ETA: 2s - loss: 3.4016 - acc: 0.6382
1248/1424 [=========================>....] - ETA: 1s - loss: 3.3388 - acc: 0.6402
1280/1424 [=========================>....] - ETA: 1s - loss: 3.2957 - acc: 0.6414
1312/1424 [==========================>...] - ETA: 1s - loss: 3.2908 - acc: 0.6425
1344/1424 [===========================>..] - ETA: 0s - loss: 3.2485 - acc: 0.6406
1376/1424 [===========================>..] - ETA: 0s - loss: 3.2397 - acc: 0.6395
1408/1424 [============================>.] - ETA: 0s - loss: 3.1795 - acc: 0.6420
1424/1424 [==============================] - 18s 13ms/step - loss: 3.1495 - acc: 0.6433 - val_loss: 0.8916 - val_acc: 0.6045
Train on 1424 samples, validate on 708 samples
Epoch 1/1

  32/1424 [..............................] - ETA: 14s - loss: 2.8393 - acc: 0.5625
  64/1424 [>.............................] - ETA: 14s - loss: 2.1790 - acc: 0.5938
  96/1424 [=>............................] - ETA: 14s - loss: 1.6350 - acc: 0.6042
 128/1424 [=>............................] - ETA: 13s - loss: 1.6928 - acc: 0.6094
 160/1424 [==>...........................] - ETA: 13s - loss: 1.6023 - acc: 0.6438
 192/1424 [===>..........................] - ETA: 13s - loss: 1.5662 - acc: 0.6615
 224/1424 [===>..........................] - ETA: 12s - loss: 1.5599 - acc: 0.6786
 256/1424 [====>.........................] - ETA: 12s - loss: 1.6654 - acc: 0.6836
 288/1424 [=====>........................] - ETA: 12s - loss: 1.7576 - acc: 0.6806
 320/1424 [=====>........................] - ETA: 11s - loss: 1.8412 - acc: 0.6813
 352/1424 [======>.......................] - ETA: 11s - loss: 1.9417 - acc: 0.6733
 384/1424 [=======>......................] - ETA: 11s - loss: 1.9818 - acc: 0.6771
 416/1424 [=======>......................] - ETA: 10s - loss: 2.1563 - acc: 0.6707
 448/1424 [========>.....................] - ETA: 10s - loss: 2.2216 - acc: 0.6696
 480/1424 [=========>....................] - ETA: 10s - loss: 2.1494 - acc: 0.6813
 512/1424 [=========>....................] - ETA: 9s - loss: 2.2458 - acc: 0.6797 
 544/1424 [==========>...................] - ETA: 9s - loss: 2.4479 - acc: 0.6654
 576/1424 [===========>..................] - ETA: 9s - loss: 2.5026 - acc: 0.6649
 608/1424 [===========>..................] - ETA: 8s - loss: 2.4997 - acc: 0.6694
 640/1424 [============>.................] - ETA: 8s - loss: 2.4714 - acc: 0.6703
 672/1424 [=============>................] - ETA: 8s - loss: 2.4952 - acc: 0.6696
 704/1424 [=============>................] - ETA: 7s - loss: 2.4245 - acc: 0.6761
 736/1424 [==============>...............] - ETA: 7s - loss: 2.5635 - acc: 0.6753
 768/1424 [===============>..............] - ETA: 7s - loss: 2.5534 - acc: 0.6745
 800/1424 [===============>..............] - ETA: 6s - loss: 2.6084 - acc: 0.6737
 832/1424 [================>.............] - ETA: 6s - loss: 2.6846 - acc: 0.6719
 864/1424 [=================>............] - ETA: 5s - loss: 2.7824 - acc: 0.6690
 896/1424 [=================>............] - ETA: 5s - loss: 2.8502 - acc: 0.6652
 928/1424 [==================>...........] - ETA: 5s - loss: 2.8456 - acc: 0.6692
 960/1424 [===================>..........] - ETA: 4s - loss: 2.8805 - acc: 0.6667
 992/1424 [===================>..........] - ETA: 4s - loss: 2.9474 - acc: 0.6623
1024/1424 [====================>.........] - ETA: 4s - loss: 2.9373 - acc: 0.6611
1056/1424 [=====================>........] - ETA: 3s - loss: 2.9872 - acc: 0.6610
1088/1424 [=====================>........] - ETA: 3s - loss: 3.0720 - acc: 0.6590
1120/1424 [======================>.......] - ETA: 3s - loss: 3.1157 - acc: 0.6571
1152/1424 [=======================>......] - ETA: 2s - loss: 3.0760 - acc: 0.6589
1184/1424 [=======================>......] - ETA: 2s - loss: 3.1280 - acc: 0.6546
1216/1424 [========================>.....] - ETA: 2s - loss: 3.1388 - acc: 0.6530
1248/1424 [=========================>....] - ETA: 1s - loss: 3.1667 - acc: 0.6530
1280/1424 [=========================>....] - ETA: 1s - loss: 3.2011 - acc: 0.6531
1312/1424 [==========================>...] - ETA: 1s - loss: 3.2164 - acc: 0.6524
1344/1424 [===========================>..] - ETA: 0s - loss: 3.2208 - acc: 0.6548
1376/1424 [===========================>..] - ETA: 0s - loss: 3.1989 - acc: 0.6570
1408/1424 [============================>.] - ETA: 0s - loss: 3.2128 - acc: 0.6577
1424/1424 [==============================] - 18s 13ms/step - loss: 3.2154 - acc: 0.6573 - val_loss: 2.8227 - val_acc: 0.7331
Train on 1424 samples, validate on 708 samples
Epoch 1/1

  32/1424 [..............................] - ETA: 14s - loss: 6.0377 - acc: 0.5312
  64/1424 [>.............................] - ETA: 14s - loss: 4.6966 - acc: 0.6250
  96/1424 [=>............................] - ETA: 14s - loss: 4.6868 - acc: 0.5938
 128/1424 [=>............................] - ETA: 13s - loss: 5.1927 - acc: 0.5781
 160/1424 [==>...........................] - ETA: 13s - loss: 5.2016 - acc: 0.5875
 192/1424 [===>..........................] - ETA: 13s - loss: 5.1353 - acc: 0.5833
 224/1424 [===>..........................] - ETA: 12s - loss: 4.9904 - acc: 0.5893
 256/1424 [====>.........................] - ETA: 12s - loss: 5.2225 - acc: 0.5820
 288/1424 [=====>........................] - ETA: 12s - loss: 5.0765 - acc: 0.5938
 320/1424 [=====>........................] - ETA: 11s - loss: 5.0416 - acc: 0.5875
 352/1424 [======>.......................] - ETA: 11s - loss: 5.0382 - acc: 0.5881
 384/1424 [=======>......................] - ETA: 11s - loss: 4.9022 - acc: 0.6016
 416/1424 [=======>......................] - ETA: 10s - loss: 4.9452 - acc: 0.5986
 448/1424 [========>.....................] - ETA: 10s - loss: 5.0727 - acc: 0.5915
 480/1424 [=========>....................] - ETA: 10s - loss: 5.0922 - acc: 0.5938
 512/1424 [=========>....................] - ETA: 9s - loss: 5.2197 - acc: 0.5840 
 544/1424 [==========>...................] - ETA: 9s - loss: 5.1728 - acc: 0.5864
 576/1424 [===========>..................] - ETA: 9s - loss: 5.1586 - acc: 0.5868
 608/1424 [===========>..................] - ETA: 8s - loss: 5.1561 - acc: 0.5872
 640/1424 [============>.................] - ETA: 8s - loss: 5.1736 - acc: 0.5875
 672/1424 [=============>................] - ETA: 8s - loss: 5.1916 - acc: 0.5893
 704/1424 [=============>................] - ETA: 7s - loss: 5.2500 - acc: 0.5852
 736/1424 [==============>...............] - ETA: 7s - loss: 5.2939 - acc: 0.5842
 768/1424 [===============>..............] - ETA: 7s - loss: 5.2917 - acc: 0.5859
 800/1424 [===============>..............] - ETA: 6s - loss: 5.3326 - acc: 0.5863
 832/1424 [================>.............] - ETA: 6s - loss: 5.3471 - acc: 0.5865
 864/1424 [=================>............] - ETA: 5s - loss: 5.4567 - acc: 0.5810
 896/1424 [=================>............] - ETA: 5s - loss: 5.4812 - acc: 0.5815
 928/1424 [==================>...........] - ETA: 5s - loss: 5.4681 - acc: 0.5830
 960/1424 [===================>..........] - ETA: 4s - loss: 5.4392 - acc: 0.5865
 992/1424 [===================>..........] - ETA: 4s - loss: 5.4693 - acc: 0.5837
1024/1424 [====================>.........] - ETA: 4s - loss: 5.5117 - acc: 0.5801
1056/1424 [=====================>........] - ETA: 3s - loss: 5.5586 - acc: 0.5777
1088/1424 [=====================>........] - ETA: 3s - loss: 5.5880 - acc: 0.5754
1120/1424 [======================>.......] - ETA: 3s - loss: 5.6032 - acc: 0.5768
1152/1424 [=======================>......] - ETA: 2s - loss: 5.6304 - acc: 0.5747
1184/1424 [=======================>......] - ETA: 2s - loss: 5.5903 - acc: 0.5769
1216/1424 [========================>.....] - ETA: 2s - loss: 5.6058 - acc: 0.5765
1248/1424 [=========================>....] - ETA: 1s - loss: 5.5963 - acc: 0.5777
1280/1424 [=========================>....] - ETA: 1s - loss: 5.5964 - acc: 0.5789
1312/1424 [==========================>...] - ETA: 1s - loss: 5.5865 - acc: 0.5800
1344/1424 [===========================>..] - ETA: 0s - loss: 5.6279 - acc: 0.5789
1376/1424 [===========================>..] - ETA: 0s - loss: 5.7193 - acc: 0.5741
1408/1424 [============================>.] - ETA: 0s - loss: 5.7720 - acc: 0.5717
1424/1424 [==============================] - 18s 13ms/step - loss: 5.7559 - acc: 0.5730 - val_loss: 7.1527 - val_acc: 0.5099
Train on 1424 samples, validate on 708 samples
Epoch 1/1

  32/1424 [..............................] - ETA: 14s - loss: 6.5918 - acc: 0.5625
  64/1424 [>.............................] - ETA: 14s - loss: 6.9105 - acc: 0.5312
  96/1424 [=>............................] - ETA: 14s - loss: 7.0366 - acc: 0.5104
 128/1424 [=>............................] - ETA: 13s - loss: 6.7723 - acc: 0.5156
 160/1424 [==>...........................] - ETA: 13s - loss: 6.7179 - acc: 0.5250
 192/1424 [===>..........................] - ETA: 13s - loss: 6.7487 - acc: 0.5208
 224/1424 [===>..........................] - ETA: 12s - loss: 6.7223 - acc: 0.5268
 256/1424 [====>.........................] - ETA: 12s - loss: 6.5899 - acc: 0.5352
 288/1424 [=====>........................] - ETA: 12s - loss: 6.5613 - acc: 0.5417
 320/1424 [=====>........................] - ETA: 11s - loss: 6.6621 - acc: 0.5375
 352/1424 [======>.......................] - ETA: 11s - loss: 6.6470 - acc: 0.5369
 384/1424 [=======>......................] - ETA: 11s - loss: 6.5703 - acc: 0.5417
 416/1424 [=======>......................] - ETA: 10s - loss: 6.5590 - acc: 0.5433
 448/1424 [========>.....................] - ETA: 10s - loss: 6.5817 - acc: 0.5379
 480/1424 [=========>....................] - ETA: 10s - loss: 6.6813 - acc: 0.5354
 512/1424 [=========>....................] - ETA: 9s - loss: 6.7120 - acc: 0.5332 
 544/1424 [==========>...................] - ETA: 9s - loss: 6.6418 - acc: 0.5368
 576/1424 [===========>..................] - ETA: 9s - loss: 6.7234 - acc: 0.5330
 608/1424 [===========>..................] - ETA: 8s - loss: 6.7925 - acc: 0.5280
 640/1424 [============>.................] - ETA: 8s - loss: 6.7129 - acc: 0.5297
 672/1424 [=============>................] - ETA: 8s - loss: 6.7921 - acc: 0.5238
 704/1424 [=============>................] - ETA: 7s - loss: 6.7927 - acc: 0.5241
 736/1424 [==============>...............] - ETA: 7s - loss: 6.7209 - acc: 0.5272
 768/1424 [===============>..............] - ETA: 7s - loss: 6.7150 - acc: 0.5273
 800/1424 [===============>..............] - ETA: 6s - loss: 6.6992 - acc: 0.5262
 832/1424 [================>.............] - ETA: 6s - loss: 6.6560 - acc: 0.5228
 864/1424 [=================>............] - ETA: 5s - loss: 6.5749 - acc: 0.5278
 896/1424 [=================>............] - ETA: 5s - loss: 6.5463 - acc: 0.5301
 928/1424 [==================>...........] - ETA: 5s - loss: 6.5566 - acc: 0.5280
 960/1424 [===================>..........] - ETA: 4s - loss: 6.6076 - acc: 0.5250
 992/1424 [===================>..........] - ETA: 4s - loss: 6.5950 - acc: 0.5252
1024/1424 [====================>.........] - ETA: 4s - loss: 6.5539 - acc: 0.5273
1056/1424 [=====================>........] - ETA: 3s - loss: 6.5769 - acc: 0.5265
1088/1424 [=====================>........] - ETA: 3s - loss: 6.5616 - acc: 0.5294
1120/1424 [======================>.......] - ETA: 3s - loss: 6.5962 - acc: 0.5268
1152/1424 [=======================>......] - ETA: 2s - loss: 6.6003 - acc: 0.5260
1184/1424 [=======================>......] - ETA: 2s - loss: 6.5466 - acc: 0.5304
1216/1424 [========================>.....] - ETA: 2s - loss: 6.5603 - acc: 0.5304
1248/1424 [=========================>....] - ETA: 1s - loss: 6.5605 - acc: 0.5321
1280/1424 [=========================>....] - ETA: 1s - loss: 6.5452 - acc: 0.5320
1312/1424 [==========================>...] - ETA: 1s - loss: 6.5651 - acc: 0.5305
1344/1424 [===========================>..] - ETA: 0s - loss: 6.5762 - acc: 0.5305
1376/1424 [===========================>..] - ETA: 0s - loss: 6.5521 - acc: 0.5334
1408/1424 [============================>.] - ETA: 0s - loss: 6.5067 - acc: 0.5355
1424/1424 [==============================] - 18s 13ms/step - loss: 6.4977 - acc: 0.5351 - val_loss: 6.7587 - val_acc: 0.5169
Train on 1424 samples, validate on 708 samples
Epoch 1/1

  32/1424 [..............................] - ETA: 14s - loss: 4.3433 - acc: 0.6562
  64/1424 [>.............................] - ETA: 14s - loss: 6.7218 - acc: 0.5156
  96/1424 [=>............................] - ETA: 14s - loss: 6.5241 - acc: 0.5312
 128/1424 [=>............................] - ETA: 13s - loss: 6.5895 - acc: 0.5312
 160/1424 [==>...........................] - ETA: 13s - loss: 6.6587 - acc: 0.5062
 192/1424 [===>..........................] - ETA: 13s - loss: 6.4533 - acc: 0.5260
 224/1424 [===>..........................] - ETA: 12s - loss: 6.2820 - acc: 0.5446
 256/1424 [====>.........................] - ETA: 12s - loss: 6.1904 - acc: 0.5586
 288/1424 [=====>........................] - ETA: 12s - loss: 6.2119 - acc: 0.5521
 320/1424 [=====>........................] - ETA: 11s - loss: 6.2605 - acc: 0.5500
 352/1424 [======>.......................] - ETA: 11s - loss: 6.4433 - acc: 0.5426
 384/1424 [=======>......................] - ETA: 11s - loss: 6.4776 - acc: 0.5365
 416/1424 [=======>......................] - ETA: 10s - loss: 6.4880 - acc: 0.5361
 448/1424 [========>.....................] - ETA: 10s - loss: 6.6754 - acc: 0.5246
 480/1424 [=========>....................] - ETA: 10s - loss: 6.5890 - acc: 0.5312
 512/1424 [=========>....................] - ETA: 9s - loss: 6.6620 - acc: 0.5273 
 544/1424 [==========>...................] - ETA: 9s - loss: 6.6537 - acc: 0.5312
 576/1424 [===========>..................] - ETA: 9s - loss: 6.7212 - acc: 0.5295
 608/1424 [===========>..................] - ETA: 8s - loss: 6.8152 - acc: 0.5263
 640/1424 [============>.................] - ETA: 8s - loss: 6.8283 - acc: 0.5250
 672/1424 [=============>................] - ETA: 8s - loss: 6.8375 - acc: 0.5268
 704/1424 [=============>................] - ETA: 7s - loss: 6.8046 - acc: 0.5284
 736/1424 [==============>...............] - ETA: 7s - loss: 6.8446 - acc: 0.5272
 768/1424 [===============>..............] - ETA: 7s - loss: 6.8516 - acc: 0.5286
 800/1424 [===============>..............] - ETA: 6s - loss: 6.7717 - acc: 0.5337
 832/1424 [================>.............] - ETA: 6s - loss: 6.7912 - acc: 0.5337
 864/1424 [=================>............] - ETA: 5s - loss: 6.7810 - acc: 0.5359
 896/1424 [=================>............] - ETA: 5s - loss: 6.7719 - acc: 0.5368
 928/1424 [==================>...........] - ETA: 5s - loss: 6.8252 - acc: 0.5334
 960/1424 [===================>..........] - ETA: 4s - loss: 6.8909 - acc: 0.5281
 992/1424 [===================>..........] - ETA: 4s - loss: 6.9797 - acc: 0.5232
1024/1424 [====================>.........] - ETA: 4s - loss: 6.9974 - acc: 0.5215
1056/1424 [=====================>........] - ETA: 3s - loss: 6.9805 - acc: 0.5227
1088/1424 [=====================>........] - ETA: 3s - loss: 7.0158 - acc: 0.5211
1120/1424 [======================>.......] - ETA: 3s - loss: 7.0386 - acc: 0.5196
1152/1424 [=======================>......] - ETA: 2s - loss: 7.1185 - acc: 0.5156
1184/1424 [=======================>......] - ETA: 2s - loss: 7.0891 - acc: 0.5186
1216/1424 [========================>.....] - ETA: 2s - loss: 7.1203 - acc: 0.5164
1248/1424 [=========================>....] - ETA: 1s - loss: 7.1565 - acc: 0.5152
1280/1424 [=========================>....] - ETA: 1s - loss: 7.1655 - acc: 0.5156
1312/1424 [==========================>...] - ETA: 1s - loss: 7.1960 - acc: 0.5130
1344/1424 [===========================>..] - ETA: 0s - loss: 7.1675 - acc: 0.5141
1376/1424 [===========================>..] - ETA: 0s - loss: 7.1690 - acc: 0.5138
1408/1424 [============================>.] - ETA: 0s - loss: 7.1671 - acc: 0.5142
1424/1424 [==============================] - 18s 13ms/step - loss: 7.1768 - acc: 0.5140 - val_loss: 7.8309 - val_acc: 0.4873
Train on 1424 samples, validate on 708 samples
Epoch 1/1

  32/1424 [..............................] - ETA: 14s - loss: 7.9217 - acc: 0.5000
  64/1424 [>.............................] - ETA: 14s - loss: 7.9787 - acc: 0.5000
  96/1424 [=>............................] - ETA: 14s - loss: 7.9279 - acc: 0.5000
 128/1424 [=>............................] - ETA: 13s - loss: 7.6990 - acc: 0.5156
 160/1424 [==>...........................] - ETA: 13s - loss: 7.9302 - acc: 0.4938
 192/1424 [===>..........................] - ETA: 13s - loss: 8.0318 - acc: 0.4896
 224/1424 [===>..........................] - ETA: 12s - loss: 8.2188 - acc: 0.4688
 256/1424 [====>.........................] - ETA: 12s - loss: 7.9074 - acc: 0.4844
 288/1424 [=====>........................] - ETA: 12s - loss: 8.0316 - acc: 0.4792
 320/1424 [=====>........................] - ETA: 11s - loss: 7.8042 - acc: 0.4906
 352/1424 [======>.......................] - ETA: 11s - loss: 7.8869 - acc: 0.4858
 384/1424 [=======>......................] - ETA: 11s - loss: 7.8979 - acc: 0.4870
 416/1424 [=======>......................] - ETA: 10s - loss: 7.7919 - acc: 0.4952
 448/1424 [========>.....................] - ETA: 10s - loss: 7.6968 - acc: 0.4955
 480/1424 [=========>....................] - ETA: 10s - loss: 7.6669 - acc: 0.4979
 512/1424 [=========>....................] - ETA: 9s - loss: 7.8026 - acc: 0.4902 
 544/1424 [==========>...................] - ETA: 9s - loss: 7.7260 - acc: 0.4926
 576/1424 [===========>..................] - ETA: 9s - loss: 7.7371 - acc: 0.4931
 608/1424 [===========>..................] - ETA: 8s - loss: 7.8120 - acc: 0.4885
 640/1424 [============>.................] - ETA: 8s - loss: 7.7378 - acc: 0.4938
 672/1424 [=============>................] - ETA: 8s - loss: 7.5781 - acc: 0.5045
 704/1424 [=============>................] - ETA: 7s - loss: 7.5983 - acc: 0.5043
 736/1424 [==============>...............] - ETA: 7s - loss: 7.5521 - acc: 0.5068
 768/1424 [===============>..............] - ETA: 7s - loss: 7.5181 - acc: 0.5078
 800/1424 [===============>..............] - ETA: 6s - loss: 7.5165 - acc: 0.5088
 832/1424 [================>.............] - ETA: 6s - loss: 7.4984 - acc: 0.5096
 864/1424 [=================>............] - ETA: 5s - loss: 7.5038 - acc: 0.5093
 896/1424 [=================>............] - ETA: 5s - loss: 7.4549 - acc: 0.5112
 928/1424 [==================>...........] - ETA: 5s - loss: 7.4244 - acc: 0.5119
 960/1424 [===================>..........] - ETA: 4s - loss: 7.3696 - acc: 0.5156
 992/1424 [===================>..........] - ETA: 4s - loss: 7.4732 - acc: 0.5091
1024/1424 [====================>.........] - ETA: 4s - loss: 7.4672 - acc: 0.5098
1056/1424 [=====================>........] - ETA: 3s - loss: 7.4874 - acc: 0.5085
1088/1424 [=====================>........] - ETA: 3s - loss: 7.4734 - acc: 0.5101
1120/1424 [======================>.......] - ETA: 3s - loss: 7.4317 - acc: 0.5134
1152/1424 [=======================>......] - ETA: 2s - loss: 7.4498 - acc: 0.5113
1184/1424 [=======================>......] - ETA: 2s - loss: 7.4978 - acc: 0.5084
1216/1424 [========================>.....] - ETA: 2s - loss: 7.5627 - acc: 0.5041
1248/1424 [=========================>....] - ETA: 1s - loss: 7.5618 - acc: 0.5048
1280/1424 [=========================>....] - ETA: 1s - loss: 7.5872 - acc: 0.5031
1312/1424 [==========================>...] - ETA: 1s - loss: 7.6235 - acc: 0.5008
1344/1424 [===========================>..] - ETA: 0s - loss: 7.5887 - acc: 0.5022
1376/1424 [===========================>..] - ETA: 0s - loss: 7.6013 - acc: 0.5015
1408/1424 [============================>.] - ETA: 0s - loss: 7.5669 - acc: 0.5028
1424/1424 [==============================] - 18s 13ms/step - loss: 7.5922 - acc: 0.5014 - val_loss: 7.7375 - val_acc: 0.5000

  32/1424 [..............................] - ETA: 26s
  64/1424 [>.............................] - ETA: 15s
  96/1424 [=>............................] - ETA: 11s
 128/1424 [=>............................] - ETA: 9s 
 160/1424 [==>...........................] - ETA: 8s
 192/1424 [===>..........................] - ETA: 7s
 224/1424 [===>..........................] - ETA: 6s
 256/1424 [====>.........................] - ETA: 6s
 288/1424 [=====>........................] - ETA: 5s
 320/1424 [=====>........................] - ETA: 5s
 352/1424 [======>.......................] - ETA: 5s
 384/1424 [=======>......................] - ETA: 5s
 416/1424 [=======>......................] - ETA: 4s
 448/1424 [========>.....................] - ETA: 4s
 480/1424 [=========>....................] - ETA: 4s
 512/1424 [=========>....................] - ETA: 4s
 544/1424 [==========>...................] - ETA: 3s
 576/1424 [===========>..................] - ETA: 3s
 608/1424 [===========>..................] - ETA: 3s
 640/1424 [============>.................] - ETA: 3s
 672/1424 [=============>................] - ETA: 3s
 704/1424 [=============>................] - ETA: 3s
 736/1424 [==============>...............] - ETA: 2s
 768/1424 [===============>..............] - ETA: 2s
 800/1424 [===============>..............] - ETA: 2s
 832/1424 [================>.............] - ETA: 2s
 864/1424 [=================>............] - ETA: 2s
 896/1424 [=================>............] - ETA: 2s
 928/1424 [==================>...........] - ETA: 2s
 960/1424 [===================>..........] - ETA: 1s
 992/1424 [===================>..........] - ETA: 1s
1024/1424 [====================>.........] - ETA: 1s
1056/1424 [=====================>........] - ETA: 1s
1088/1424 [=====================>........] - ETA: 1s
1120/1424 [======================>.......] - ETA: 1s
1152/1424 [=======================>......] - ETA: 1s
1184/1424 [=======================>......] - ETA: 0s
1216/1424 [========================>.....] - ETA: 0s
1248/1424 [=========================>....] - ETA: 0s
1280/1424 [=========================>....] - ETA: 0s
1312/1424 [==========================>...] - ETA: 0s
1344/1424 [===========================>..] - ETA: 0s
1376/1424 [===========================>..] - ETA: 0s
1408/1424 [============================>.] - ETA: 0s
1424/1424 [==============================] - 6s 4ms/step
Test acc: 0.8216292134831461

  32/1424 [..............................] - ETA: 4s
  64/1424 [>.............................] - ETA: 4s
  96/1424 [=>............................] - ETA: 4s
 128/1424 [=>............................] - ETA: 4s
 160/1424 [==>...........................] - ETA: 4s
 192/1424 [===>..........................] - ETA: 4s
 224/1424 [===>..........................] - ETA: 4s
 256/1424 [====>.........................] - ETA: 4s
 288/1424 [=====>........................] - ETA: 4s
 320/1424 [=====>........................] - ETA: 3s
 352/1424 [======>.......................] - ETA: 3s
 384/1424 [=======>......................] - ETA: 3s
 416/1424 [=======>......................] - ETA: 3s
 448/1424 [========>.....................] - ETA: 3s
 480/1424 [=========>....................] - ETA: 3s
 512/1424 [=========>....................] - ETA: 3s
 544/1424 [==========>...................] - ETA: 3s
 576/1424 [===========>..................] - ETA: 3s
 608/1424 [===========>..................] - ETA: 2s
 640/1424 [============>.................] - ETA: 2s
 672/1424 [=============>................] - ETA: 2s
 704/1424 [=============>................] - ETA: 2s
 736/1424 [==============>...............] - ETA: 2s
 768/1424 [===============>..............] - ETA: 2s
 800/1424 [===============>..............] - ETA: 2s
 832/1424 [================>.............] - ETA: 2s
 864/1424 [=================>............] - ETA: 1s
 896/1424 [=================>............] - ETA: 1s
 928/1424 [==================>...........] - ETA: 1s
 960/1424 [===================>..........] - ETA: 1s
 992/1424 [===================>..........] - ETA: 1s
1024/1424 [====================>.........] - ETA: 1s
1056/1424 [=====================>........] - ETA: 1s
1088/1424 [=====================>........] - ETA: 1s
1120/1424 [======================>.......] - ETA: 1s
1152/1424 [=======================>......] - ETA: 0s
1184/1424 [=======================>......] - ETA: 0s
1216/1424 [========================>.....] - ETA: 0s
1248/1424 [=========================>....] - ETA: 0s
1280/1424 [=========================>....] - ETA: 0s
1312/1424 [==========================>...] - ETA: 0s
1344/1424 [===========================>..] - ETA: 0s
1376/1424 [===========================>..] - ETA: 0s
1408/1424 [============================>.] - ETA: 0s
1424/1424 [==============================] - 5s 4ms/step
Test acc: [0.4426796061269353, 0.8286516853932584]
Test auc: 0.9069739458401717
Test mcc: 0.6486965808853312
Execute epoch: 19
Execute time: 367.97238183021545
(W) Execute time: 365.97813534736633
