_________________________________________________________________
Layer (type)                 Output Shape              Param #   
=================================================================
embedding_1 (Embedding)      (None, None, 128)         2688      
_________________________________________________________________
lstm_1 (LSTM)                (None, None, 64)          49408     
_________________________________________________________________
lstm_2 (LSTM)                (None, None, 64)          33024     
_________________________________________________________________
lstm_3 (LSTM)                (None, 64)                33024     
_________________________________________________________________
dense_1 (Dense)              (None, 16)                1040      
_________________________________________________________________
dense_2 (Dense)              (None, 1)                 17        
=================================================================
Total params: 119,201
Trainable params: 119,201
Non-trainable params: 0
_________________________________________________________________
Train on 1424 samples, validate on 708 samples
Epoch 1/1

  32/1424 [..............................] - ETA: 2:28 - loss: 0.6935 - acc: 0.5000
  64/1424 [>.............................] - ETA: 1:19 - loss: 0.6934 - acc: 0.4375
  96/1424 [=>............................] - ETA: 56s - loss: 0.6934 - acc: 0.4688 
 128/1424 [=>............................] - ETA: 44s - loss: 0.6933 - acc: 0.4688
 160/1424 [==>...........................] - ETA: 37s - loss: 0.6927 - acc: 0.5062
 192/1424 [===>..........................] - ETA: 32s - loss: 0.6926 - acc: 0.5156
 224/1424 [===>..........................] - ETA: 29s - loss: 0.6923 - acc: 0.5223
 256/1424 [====>.........................] - ETA: 26s - loss: 0.6923 - acc: 0.5234
 288/1424 [=====>........................] - ETA: 24s - loss: 0.6931 - acc: 0.5069
 320/1424 [=====>........................] - ETA: 22s - loss: 0.6932 - acc: 0.5031
 352/1424 [======>.......................] - ETA: 20s - loss: 0.6937 - acc: 0.4886
 384/1424 [=======>......................] - ETA: 19s - loss: 0.6934 - acc: 0.4948
 416/1424 [=======>......................] - ETA: 18s - loss: 0.6931 - acc: 0.5000
 448/1424 [========>.....................] - ETA: 17s - loss: 0.6934 - acc: 0.4955
 480/1424 [=========>....................] - ETA: 16s - loss: 0.6930 - acc: 0.5021
 512/1424 [=========>....................] - ETA: 15s - loss: 0.6932 - acc: 0.4980
 544/1424 [==========>...................] - ETA: 14s - loss: 0.6932 - acc: 0.4982
 576/1424 [===========>..................] - ETA: 13s - loss: 0.6932 - acc: 0.4948
 608/1424 [===========>..................] - ETA: 12s - loss: 0.6931 - acc: 0.4967
 640/1424 [============>.................] - ETA: 12s - loss: 0.6930 - acc: 0.5000
 672/1424 [=============>................] - ETA: 11s - loss: 0.6930 - acc: 0.4985
 704/1424 [=============>................] - ETA: 10s - loss: 0.6930 - acc: 0.4986
 736/1424 [==============>...............] - ETA: 10s - loss: 0.6930 - acc: 0.4973
 768/1424 [===============>..............] - ETA: 9s - loss: 0.6930 - acc: 0.4974 
 800/1424 [===============>..............] - ETA: 9s - loss: 0.6930 - acc: 0.4975
 832/1424 [================>.............] - ETA: 8s - loss: 0.6930 - acc: 0.4964
 864/1424 [=================>............] - ETA: 8s - loss: 0.6928 - acc: 0.4988
 896/1424 [=================>............] - ETA: 7s - loss: 0.6928 - acc: 0.4978
 928/1424 [==================>...........] - ETA: 6s - loss: 0.6929 - acc: 0.4968
 960/1424 [===================>..........] - ETA: 6s - loss: 0.6928 - acc: 0.4948
 992/1424 [===================>..........] - ETA: 5s - loss: 0.6929 - acc: 0.4919
1024/1424 [====================>.........] - ETA: 5s - loss: 0.6927 - acc: 0.4932
1056/1424 [=====================>........] - ETA: 5s - loss: 0.6928 - acc: 0.4877
1088/1424 [=====================>........] - ETA: 4s - loss: 0.6926 - acc: 0.4890
1120/1424 [======================>.......] - ETA: 4s - loss: 0.6923 - acc: 0.4911
1152/1424 [=======================>......] - ETA: 3s - loss: 0.6921 - acc: 0.4931
1184/1424 [=======================>......] - ETA: 3s - loss: 0.6917 - acc: 0.4941
1216/1424 [========================>.....] - ETA: 2s - loss: 0.6916 - acc: 0.4942
1248/1424 [=========================>....] - ETA: 2s - loss: 0.6915 - acc: 0.4944
1280/1424 [=========================>....] - ETA: 1s - loss: 0.6914 - acc: 0.4930
1312/1424 [==========================>...] - ETA: 1s - loss: 0.6913 - acc: 0.4886
1344/1424 [===========================>..] - ETA: 1s - loss: 0.6910 - acc: 0.4881
1376/1424 [===========================>..] - ETA: 0s - loss: 0.6901 - acc: 0.4927
1408/1424 [============================>.] - ETA: 0s - loss: 0.6891 - acc: 0.4957
1424/1424 [==============================] - 21s 15ms/step - loss: 0.6885 - acc: 0.4958 - val_loss: 0.6369 - val_acc: 0.5381
Train on 1424 samples, validate on 708 samples
Epoch 1/1

  32/1424 [..............................] - ETA: 14s - loss: 0.6961 - acc: 0.4688
  64/1424 [>.............................] - ETA: 14s - loss: 0.6575 - acc: 0.4844
  96/1424 [=>............................] - ETA: 14s - loss: 0.5924 - acc: 0.5729
 128/1424 [=>............................] - ETA: 13s - loss: 0.5953 - acc: 0.5938
 160/1424 [==>...........................] - ETA: 13s - loss: 0.7922 - acc: 0.5687
 192/1424 [===>..........................] - ETA: 13s - loss: 0.8284 - acc: 0.5938
 224/1424 [===>..........................] - ETA: 12s - loss: 0.8703 - acc: 0.5938
 256/1424 [====>.........................] - ETA: 12s - loss: 0.8297 - acc: 0.6211
 288/1424 [=====>........................] - ETA: 12s - loss: 0.7990 - acc: 0.6562
 320/1424 [=====>........................] - ETA: 11s - loss: 0.7773 - acc: 0.6687
 352/1424 [======>.......................] - ETA: 11s - loss: 0.7617 - acc: 0.6761
 384/1424 [=======>......................] - ETA: 11s - loss: 0.7613 - acc: 0.6823
 416/1424 [=======>......................] - ETA: 10s - loss: 0.7553 - acc: 0.6899
 448/1424 [========>.....................] - ETA: 10s - loss: 0.7449 - acc: 0.6987
 480/1424 [=========>....................] - ETA: 10s - loss: 0.7387 - acc: 0.7000
 512/1424 [=========>....................] - ETA: 9s - loss: 0.7307 - acc: 0.7090 
 544/1424 [==========>...................] - ETA: 9s - loss: 0.7278 - acc: 0.7077
 576/1424 [===========>..................] - ETA: 9s - loss: 0.7238 - acc: 0.7066
 608/1424 [===========>..................] - ETA: 8s - loss: 0.7180 - acc: 0.7105
 640/1424 [============>.................] - ETA: 8s - loss: 0.7154 - acc: 0.7141
 672/1424 [=============>................] - ETA: 8s - loss: 0.7122 - acc: 0.7173
 704/1424 [=============>................] - ETA: 7s - loss: 0.7091 - acc: 0.7216
 736/1424 [==============>...............] - ETA: 7s - loss: 0.7055 - acc: 0.7255
 768/1424 [===============>..............] - ETA: 7s - loss: 0.7007 - acc: 0.7292
 800/1424 [===============>..............] - ETA: 6s - loss: 0.6978 - acc: 0.7338
 832/1424 [================>.............] - ETA: 6s - loss: 0.6965 - acc: 0.7368
 864/1424 [=================>............] - ETA: 6s - loss: 0.6897 - acc: 0.7419
 896/1424 [=================>............] - ETA: 5s - loss: 0.6829 - acc: 0.7444
 928/1424 [==================>...........] - ETA: 5s - loss: 0.6944 - acc: 0.7457
 960/1424 [===================>..........] - ETA: 4s - loss: 0.6885 - acc: 0.7479
 992/1424 [===================>..........] - ETA: 4s - loss: 0.6862 - acc: 0.7490
1024/1424 [====================>.........] - ETA: 4s - loss: 0.6831 - acc: 0.7500
1056/1424 [=====================>........] - ETA: 3s - loss: 0.6814 - acc: 0.7519
1088/1424 [=====================>........] - ETA: 3s - loss: 0.6786 - acc: 0.7518
1120/1424 [======================>.......] - ETA: 3s - loss: 0.6790 - acc: 0.7464
1152/1424 [=======================>......] - ETA: 2s - loss: 0.6778 - acc: 0.7448
1184/1424 [=======================>......] - ETA: 2s - loss: 0.6756 - acc: 0.7458
1216/1424 [========================>.....] - ETA: 2s - loss: 0.6733 - acc: 0.7467
1248/1424 [=========================>....] - ETA: 1s - loss: 0.6843 - acc: 0.7460
1280/1424 [=========================>....] - ETA: 1s - loss: 0.6961 - acc: 0.7445
1312/1424 [==========================>...] - ETA: 1s - loss: 0.7036 - acc: 0.7454
1344/1424 [===========================>..] - ETA: 0s - loss: 0.6997 - acc: 0.7470
1376/1424 [===========================>..] - ETA: 0s - loss: 0.6970 - acc: 0.7478
1408/1424 [============================>.] - ETA: 0s - loss: 0.6945 - acc: 0.7479
1424/1424 [==============================] - 18s 13ms/step - loss: 0.6932 - acc: 0.7479 - val_loss: 0.7205 - val_acc: 0.6893
Train on 1424 samples, validate on 708 samples
Epoch 1/1

  32/1424 [..............................] - ETA: 14s - loss: 0.5651 - acc: 0.7500
  64/1424 [>.............................] - ETA: 14s - loss: 1.0403 - acc: 0.7344
  96/1424 [=>............................] - ETA: 14s - loss: 1.0136 - acc: 0.7917
 128/1424 [=>............................] - ETA: 13s - loss: 1.3661 - acc: 0.7656
 160/1424 [==>...........................] - ETA: 13s - loss: 1.2533 - acc: 0.7312
 192/1424 [===>..........................] - ETA: 13s - loss: 1.4601 - acc: 0.6979
 224/1424 [===>..........................] - ETA: 12s - loss: 1.3390 - acc: 0.6920
 256/1424 [====>.........................] - ETA: 12s - loss: 1.2965 - acc: 0.7031
 288/1424 [=====>........................] - ETA: 12s - loss: 1.2122 - acc: 0.7118
 320/1424 [=====>........................] - ETA: 11s - loss: 1.1438 - acc: 0.7250
 352/1424 [======>.......................] - ETA: 11s - loss: 1.1389 - acc: 0.7301
 384/1424 [=======>......................] - ETA: 11s - loss: 1.0933 - acc: 0.7292
 416/1424 [=======>......................] - ETA: 10s - loss: 1.0559 - acc: 0.7308
 448/1424 [========>.....................] - ETA: 10s - loss: 1.0223 - acc: 0.7299
 480/1424 [=========>....................] - ETA: 10s - loss: 0.9963 - acc: 0.7292
 512/1424 [=========>....................] - ETA: 9s - loss: 0.9705 - acc: 0.7383 
 544/1424 [==========>...................] - ETA: 9s - loss: 0.9509 - acc: 0.7371
 576/1424 [===========>..................] - ETA: 9s - loss: 0.9324 - acc: 0.7326
 608/1424 [===========>..................] - ETA: 8s - loss: 0.9158 - acc: 0.7303
 640/1424 [============>.................] - ETA: 8s - loss: 0.9020 - acc: 0.7219
 672/1424 [=============>................] - ETA: 8s - loss: 0.8881 - acc: 0.7158
 704/1424 [=============>................] - ETA: 7s - loss: 0.8734 - acc: 0.7060
 736/1424 [==============>...............] - ETA: 7s - loss: 0.8626 - acc: 0.7011
 768/1424 [===============>..............] - ETA: 7s - loss: 0.8512 - acc: 0.6953
 800/1424 [===============>..............] - ETA: 6s - loss: 0.8413 - acc: 0.6925
 832/1424 [================>.............] - ETA: 6s - loss: 0.8330 - acc: 0.6875
 864/1424 [=================>............] - ETA: 6s - loss: 0.8264 - acc: 0.6817
 896/1424 [=================>............] - ETA: 5s - loss: 0.8208 - acc: 0.6719
 928/1424 [==================>...........] - ETA: 5s - loss: 0.8170 - acc: 0.6681
 960/1424 [===================>..........] - ETA: 4s - loss: 0.8107 - acc: 0.6656
 992/1424 [===================>..........] - ETA: 4s - loss: 0.8155 - acc: 0.6704
1024/1424 [====================>.........] - ETA: 4s - loss: 0.8098 - acc: 0.6680
1056/1424 [=====================>........] - ETA: 3s - loss: 0.8045 - acc: 0.6676
1088/1424 [=====================>........] - ETA: 3s - loss: 0.7988 - acc: 0.6682
1120/1424 [======================>.......] - ETA: 3s - loss: 0.7924 - acc: 0.6670
1152/1424 [=======================>......] - ETA: 2s - loss: 0.7871 - acc: 0.6675
1184/1424 [=======================>......] - ETA: 2s - loss: 0.7831 - acc: 0.6698
1216/1424 [========================>.....] - ETA: 2s - loss: 0.7774 - acc: 0.6686
1248/1424 [=========================>....] - ETA: 1s - loss: 0.7730 - acc: 0.6699
1280/1424 [=========================>....] - ETA: 1s - loss: 0.7671 - acc: 0.6727
1312/1424 [==========================>...] - ETA: 1s - loss: 0.7630 - acc: 0.6730
1344/1424 [===========================>..] - ETA: 0s - loss: 0.7590 - acc: 0.6734
1376/1424 [===========================>..] - ETA: 0s - loss: 0.7542 - acc: 0.6751
1408/1424 [============================>.] - ETA: 0s - loss: 0.7507 - acc: 0.6733
1424/1424 [==============================] - 18s 13ms/step - loss: 0.7493 - acc: 0.6735 - val_loss: 0.5867 - val_acc: 0.8362
Train on 1424 samples, validate on 708 samples
Epoch 1/1

  32/1424 [..............................] - ETA: 15s - loss: 0.6228 - acc: 0.7500
  64/1424 [>.............................] - ETA: 14s - loss: 0.6276 - acc: 0.7812
  96/1424 [=>............................] - ETA: 14s - loss: 0.5943 - acc: 0.7812
 128/1424 [=>............................] - ETA: 13s - loss: 0.5699 - acc: 0.8047
 160/1424 [==>...........................] - ETA: 13s - loss: 0.5668 - acc: 0.7937
 192/1424 [===>..........................] - ETA: 13s - loss: 0.5671 - acc: 0.8073
 224/1424 [===>..........................] - ETA: 12s - loss: 0.5667 - acc: 0.8080
 256/1424 [====>.........................] - ETA: 12s - loss: 0.5759 - acc: 0.7969
 288/1424 [=====>........................] - ETA: 12s - loss: 0.5704 - acc: 0.8090
 320/1424 [=====>........................] - ETA: 11s - loss: 0.5724 - acc: 0.8000
 352/1424 [======>.......................] - ETA: 11s - loss: 0.5765 - acc: 0.8011
 384/1424 [=======>......................] - ETA: 11s - loss: 0.5766 - acc: 0.8073
 416/1424 [=======>......................] - ETA: 10s - loss: 0.5744 - acc: 0.8077
 448/1424 [========>.....................] - ETA: 10s - loss: 0.5706 - acc: 0.8125
 480/1424 [=========>....................] - ETA: 10s - loss: 0.5653 - acc: 0.8146
 512/1424 [=========>....................] - ETA: 9s - loss: 0.5625 - acc: 0.8145 
 544/1424 [==========>...................] - ETA: 9s - loss: 0.5623 - acc: 0.8143
 576/1424 [===========>..................] - ETA: 9s - loss: 0.5790 - acc: 0.8125
 608/1424 [===========>..................] - ETA: 8s - loss: 0.5737 - acc: 0.8191
 640/1424 [============>.................] - ETA: 8s - loss: 0.5759 - acc: 0.8141
 672/1424 [=============>................] - ETA: 8s - loss: 0.5728 - acc: 0.8170
 704/1424 [=============>................] - ETA: 7s - loss: 0.5720 - acc: 0.8224
 736/1424 [==============>...............] - ETA: 7s - loss: 0.5718 - acc: 0.8234
 768/1424 [===============>..............] - ETA: 7s - loss: 0.5721 - acc: 0.8216
 800/1424 [===============>..............] - ETA: 6s - loss: 0.5728 - acc: 0.8163
 832/1424 [================>.............] - ETA: 6s - loss: 0.5724 - acc: 0.8173
 864/1424 [=================>............] - ETA: 6s - loss: 0.5721 - acc: 0.8171
 896/1424 [=================>............] - ETA: 5s - loss: 0.5711 - acc: 0.8170
 928/1424 [==================>...........] - ETA: 5s - loss: 0.5720 - acc: 0.8157
 960/1424 [===================>..........] - ETA: 4s - loss: 0.5701 - acc: 0.8156
 992/1424 [===================>..........] - ETA: 4s - loss: 0.5676 - acc: 0.8135
1024/1424 [====================>.........] - ETA: 4s - loss: 0.5671 - acc: 0.8135
1056/1424 [=====================>........] - ETA: 3s - loss: 0.5843 - acc: 0.8087
1088/1424 [=====================>........] - ETA: 3s - loss: 0.5829 - acc: 0.8107
1120/1424 [======================>.......] - ETA: 3s - loss: 0.5936 - acc: 0.8116
1152/1424 [=======================>......] - ETA: 2s - loss: 0.5938 - acc: 0.8108
1184/1424 [=======================>......] - ETA: 2s - loss: 0.5932 - acc: 0.8074
1216/1424 [========================>.....] - ETA: 2s - loss: 0.5922 - acc: 0.8084
1248/1424 [=========================>....] - ETA: 1s - loss: 0.6012 - acc: 0.8101
1280/1424 [=========================>....] - ETA: 1s - loss: 0.5996 - acc: 0.8078
1312/1424 [==========================>...] - ETA: 1s - loss: 0.5975 - acc: 0.8087
1344/1424 [===========================>..] - ETA: 0s - loss: 0.5945 - acc: 0.8080
1376/1424 [===========================>..] - ETA: 0s - loss: 0.6158 - acc: 0.8081
1408/1424 [============================>.] - ETA: 0s - loss: 0.6131 - acc: 0.8089
1424/1424 [==============================] - 18s 13ms/step - loss: 0.6113 - acc: 0.8083 - val_loss: 0.5038 - val_acc: 0.8446
Train on 1424 samples, validate on 708 samples
Epoch 1/1

  32/1424 [..............................] - ETA: 14s - loss: 0.5272 - acc: 0.7500
  64/1424 [>.............................] - ETA: 14s - loss: 0.5226 - acc: 0.8125
  96/1424 [=>............................] - ETA: 14s - loss: 0.5974 - acc: 0.7917
 128/1424 [=>............................] - ETA: 13s - loss: 0.5965 - acc: 0.7734
 160/1424 [==>...........................] - ETA: 13s - loss: 0.5679 - acc: 0.8000
 192/1424 [===>..........................] - ETA: 13s - loss: 0.5565 - acc: 0.8177
 224/1424 [===>..........................] - ETA: 12s - loss: 0.6093 - acc: 0.8125
 256/1424 [====>.........................] - ETA: 12s - loss: 0.6256 - acc: 0.8008
 288/1424 [=====>........................] - ETA: 12s - loss: 0.6095 - acc: 0.8021
 320/1424 [=====>........................] - ETA: 11s - loss: 0.6017 - acc: 0.7875
 352/1424 [======>.......................] - ETA: 11s - loss: 0.6009 - acc: 0.7841
 384/1424 [=======>......................] - ETA: 11s - loss: 0.5973 - acc: 0.7708
 416/1424 [=======>......................] - ETA: 10s - loss: 0.5936 - acc: 0.7644
 448/1424 [========>.....................] - ETA: 10s - loss: 0.5883 - acc: 0.7567
 480/1424 [=========>....................] - ETA: 10s - loss: 0.5808 - acc: 0.7646
 512/1424 [=========>....................] - ETA: 9s - loss: 0.5835 - acc: 0.7598 
 544/1424 [==========>...................] - ETA: 9s - loss: 0.5842 - acc: 0.7500
 576/1424 [===========>..................] - ETA: 9s - loss: 0.5830 - acc: 0.7431
 608/1424 [===========>..................] - ETA: 8s - loss: 0.5750 - acc: 0.7484
 640/1424 [============>.................] - ETA: 8s - loss: 0.5740 - acc: 0.7438
 672/1424 [=============>................] - ETA: 8s - loss: 0.5939 - acc: 0.7440
 704/1424 [=============>................] - ETA: 7s - loss: 0.5912 - acc: 0.7443
 736/1424 [==============>...............] - ETA: 7s - loss: 0.5951 - acc: 0.7418
 768/1424 [===============>..............] - ETA: 7s - loss: 0.5934 - acc: 0.7396
 800/1424 [===============>..............] - ETA: 6s - loss: 0.6076 - acc: 0.7400
 832/1424 [================>.............] - ETA: 6s - loss: 0.6033 - acc: 0.7428
 864/1424 [=================>............] - ETA: 6s - loss: 0.5997 - acc: 0.7442
 896/1424 [=================>............] - ETA: 5s - loss: 0.5972 - acc: 0.7455
 928/1424 [==================>...........] - ETA: 5s - loss: 0.5926 - acc: 0.7500
 960/1424 [===================>..........] - ETA: 4s - loss: 0.5881 - acc: 0.7531
 992/1424 [===================>..........] - ETA: 4s - loss: 0.5822 - acc: 0.7560
1024/1424 [====================>.........] - ETA: 4s - loss: 0.5818 - acc: 0.7539
1056/1424 [=====================>........] - ETA: 3s - loss: 0.5787 - acc: 0.7566
1088/1424 [=====================>........] - ETA: 3s - loss: 0.5739 - acc: 0.7583
1120/1424 [======================>.......] - ETA: 3s - loss: 0.5859 - acc: 0.7562
1152/1424 [=======================>......] - ETA: 2s - loss: 0.5813 - acc: 0.7595
1184/1424 [=======================>......] - ETA: 2s - loss: 0.5784 - acc: 0.7601
1216/1424 [========================>.....] - ETA: 2s - loss: 0.5730 - acc: 0.7648
1248/1424 [=========================>....] - ETA: 1s - loss: 0.5678 - acc: 0.7668
1280/1424 [=========================>....] - ETA: 1s - loss: 0.5651 - acc: 0.7688
1312/1424 [==========================>...] - ETA: 1s - loss: 0.5618 - acc: 0.7698
1344/1424 [===========================>..] - ETA: 0s - loss: 0.5688 - acc: 0.7708
1376/1424 [===========================>..] - ETA: 0s - loss: 0.5634 - acc: 0.7733
1408/1424 [============================>.] - ETA: 0s - loss: 0.5597 - acc: 0.7741
1424/1424 [==============================] - 18s 13ms/step - loss: 0.5574 - acc: 0.7753 - val_loss: 0.4669 - val_acc: 0.8715
Train on 1424 samples, validate on 708 samples
Epoch 1/1

  32/1424 [..............................] - ETA: 15s - loss: 0.8357 - acc: 0.8438
  64/1424 [>.............................] - ETA: 14s - loss: 0.6416 - acc: 0.7812
  96/1424 [=>............................] - ETA: 14s - loss: 0.6950 - acc: 0.7604
 128/1424 [=>............................] - ETA: 13s - loss: 0.6180 - acc: 0.7812
 160/1424 [==>...........................] - ETA: 13s - loss: 0.5787 - acc: 0.7688
 192/1424 [===>..........................] - ETA: 13s - loss: 0.5377 - acc: 0.7917
 224/1424 [===>..........................] - ETA: 12s - loss: 0.5141 - acc: 0.8036
 256/1424 [====>.........................] - ETA: 12s - loss: 0.5676 - acc: 0.8164
 288/1424 [=====>........................] - ETA: 12s - loss: 0.5430 - acc: 0.8194
 320/1424 [=====>........................] - ETA: 11s - loss: 0.5384 - acc: 0.8219
 352/1424 [======>.......................] - ETA: 11s - loss: 0.5275 - acc: 0.8239
 384/1424 [=======>......................] - ETA: 11s - loss: 0.5596 - acc: 0.8125
 416/1424 [=======>......................] - ETA: 10s - loss: 0.5712 - acc: 0.8029
 448/1424 [========>.....................] - ETA: 10s - loss: 0.6555 - acc: 0.7991
 480/1424 [=========>....................] - ETA: 10s - loss: 0.7087 - acc: 0.7875
 512/1424 [=========>....................] - ETA: 9s - loss: 0.7290 - acc: 0.7812 
 544/1424 [==========>...................] - ETA: 9s - loss: 0.7411 - acc: 0.7812
 576/1424 [===========>..................] - ETA: 9s - loss: 0.8065 - acc: 0.7795
 608/1424 [===========>..................] - ETA: 8s - loss: 0.8354 - acc: 0.7780
 640/1424 [============>.................] - ETA: 8s - loss: 0.8595 - acc: 0.7828
 672/1424 [=============>................] - ETA: 8s - loss: 0.8356 - acc: 0.7887
 704/1424 [=============>................] - ETA: 7s - loss: 0.9040 - acc: 0.7855
 736/1424 [==============>...............] - ETA: 7s - loss: 0.9044 - acc: 0.7880
 768/1424 [===============>..............] - ETA: 7s - loss: 0.8841 - acc: 0.7904
 800/1424 [===============>..............] - ETA: 6s - loss: 0.8671 - acc: 0.7913
 832/1424 [================>.............] - ETA: 6s - loss: 0.8747 - acc: 0.7873
 864/1424 [=================>............] - ETA: 6s - loss: 0.8533 - acc: 0.7905
 896/1424 [=================>............] - ETA: 5s - loss: 0.8340 - acc: 0.7935
 928/1424 [==================>...........] - ETA: 5s - loss: 0.8224 - acc: 0.7942
 960/1424 [===================>..........] - ETA: 4s - loss: 0.8107 - acc: 0.7906
 992/1424 [===================>..........] - ETA: 4s - loss: 0.8052 - acc: 0.7853
1024/1424 [====================>.........] - ETA: 4s - loss: 0.7934 - acc: 0.7861
1056/1424 [=====================>........] - ETA: 3s - loss: 0.7823 - acc: 0.7850
1088/1424 [=====================>........] - ETA: 3s - loss: 0.7898 - acc: 0.7812
1120/1424 [======================>.......] - ETA: 3s - loss: 0.7828 - acc: 0.7759
1152/1424 [=======================>......] - ETA: 2s - loss: 0.7745 - acc: 0.7734
1184/1424 [=======================>......] - ETA: 2s - loss: 0.7784 - acc: 0.7669
1216/1424 [========================>.....] - ETA: 2s - loss: 0.7701 - acc: 0.7664
1248/1424 [=========================>....] - ETA: 1s - loss: 0.7612 - acc: 0.7676
1280/1424 [=========================>....] - ETA: 1s - loss: 0.7529 - acc: 0.7680
1312/1424 [==========================>...] - ETA: 1s - loss: 0.7503 - acc: 0.7652
1344/1424 [===========================>..] - ETA: 0s - loss: 0.7427 - acc: 0.7656
1376/1424 [===========================>..] - ETA: 0s - loss: 0.7393 - acc: 0.7653
1408/1424 [============================>.] - ETA: 0s - loss: 0.7349 - acc: 0.7642
1424/1424 [==============================] - 18s 13ms/step - loss: 0.7320 - acc: 0.7640 - val_loss: 0.5034 - val_acc: 0.8220
Train on 1424 samples, validate on 708 samples
Epoch 1/1

  32/1424 [..............................] - ETA: 15s - loss: 0.4869 - acc: 0.8125
  64/1424 [>.............................] - ETA: 14s - loss: 0.7359 - acc: 0.7969
  96/1424 [=>............................] - ETA: 14s - loss: 0.6723 - acc: 0.8125
 128/1424 [=>............................] - ETA: 13s - loss: 0.6264 - acc: 0.8125
 160/1424 [==>...........................] - ETA: 13s - loss: 0.6145 - acc: 0.8063
 192/1424 [===>..........................] - ETA: 13s - loss: 0.5933 - acc: 0.8177
 224/1424 [===>..........................] - ETA: 12s - loss: 0.5773 - acc: 0.8170
 256/1424 [====>.........................] - ETA: 12s - loss: 0.5688 - acc: 0.8164
 288/1424 [=====>........................] - ETA: 12s - loss: 0.5641 - acc: 0.8160
 320/1424 [=====>........................] - ETA: 11s - loss: 0.5631 - acc: 0.8031
 352/1424 [======>.......................] - ETA: 11s - loss: 0.5575 - acc: 0.8011
 384/1424 [=======>......................] - ETA: 11s - loss: 0.5543 - acc: 0.8047
 416/1424 [=======>......................] - ETA: 10s - loss: 0.5525 - acc: 0.8029
 448/1424 [========>.....................] - ETA: 10s - loss: 0.5452 - acc: 0.8013
 480/1424 [=========>....................] - ETA: 10s - loss: 0.5395 - acc: 0.7979
 512/1424 [=========>....................] - ETA: 9s - loss: 0.5358 - acc: 0.7988 
 544/1424 [==========>...................] - ETA: 9s - loss: 0.5315 - acc: 0.8033
 576/1424 [===========>..................] - ETA: 9s - loss: 0.5326 - acc: 0.8003
 608/1424 [===========>..................] - ETA: 8s - loss: 0.5316 - acc: 0.7977
 640/1424 [============>.................] - ETA: 8s - loss: 0.5286 - acc: 0.8016
 672/1424 [=============>................] - ETA: 8s - loss: 0.5315 - acc: 0.7991
 704/1424 [=============>................] - ETA: 7s - loss: 0.5267 - acc: 0.8011
 736/1424 [==============>...............] - ETA: 7s - loss: 0.5238 - acc: 0.8043
 768/1424 [===============>..............] - ETA: 7s - loss: 0.5214 - acc: 0.8060
 800/1424 [===============>..............] - ETA: 6s - loss: 0.5410 - acc: 0.8000
 832/1424 [================>.............] - ETA: 6s - loss: 0.5373 - acc: 0.8017
 864/1424 [=================>............] - ETA: 6s - loss: 0.5560 - acc: 0.7951
 896/1424 [=================>............] - ETA: 5s - loss: 0.5542 - acc: 0.7980
 928/1424 [==================>...........] - ETA: 5s - loss: 0.5537 - acc: 0.7974
 960/1424 [===================>..........] - ETA: 4s - loss: 0.5499 - acc: 0.8010
 992/1424 [===================>..........] - ETA: 4s - loss: 0.5490 - acc: 0.8004
1024/1424 [====================>.........] - ETA: 4s - loss: 0.5473 - acc: 0.8008
1056/1424 [=====================>........] - ETA: 3s - loss: 0.5434 - acc: 0.8002
1088/1424 [=====================>........] - ETA: 3s - loss: 0.5440 - acc: 0.8006
1120/1424 [======================>.......] - ETA: 3s - loss: 0.5429 - acc: 0.7991
1152/1424 [=======================>......] - ETA: 2s - loss: 0.5398 - acc: 0.8012
1184/1424 [=======================>......] - ETA: 2s - loss: 0.5382 - acc: 0.8015
1216/1424 [========================>.....] - ETA: 2s - loss: 0.5363 - acc: 0.8035
1248/1424 [=========================>....] - ETA: 1s - loss: 0.5373 - acc: 0.8037
1280/1424 [=========================>....] - ETA: 1s - loss: 0.5324 - acc: 0.8047
1312/1424 [==========================>...] - ETA: 1s - loss: 0.5301 - acc: 0.8072
1344/1424 [===========================>..] - ETA: 0s - loss: 0.5286 - acc: 0.8080
1376/1424 [===========================>..] - ETA: 0s - loss: 0.5254 - acc: 0.8096
1408/1424 [============================>.] - ETA: 0s - loss: 0.5226 - acc: 0.8111
1424/1424 [==============================] - 18s 13ms/step - loss: 0.5225 - acc: 0.8118 - val_loss: 0.4526 - val_acc: 0.8291
Train on 1424 samples, validate on 708 samples
Epoch 1/1

  32/1424 [..............................] - ETA: 15s - loss: 0.4389 - acc: 0.8750
  64/1424 [>.............................] - ETA: 14s - loss: 0.4268 - acc: 0.7969
  96/1424 [=>............................] - ETA: 14s - loss: 0.4361 - acc: 0.8125
 128/1424 [=>............................] - ETA: 13s - loss: 0.5640 - acc: 0.7891
 160/1424 [==>...........................] - ETA: 13s - loss: 0.5385 - acc: 0.7937
 192/1424 [===>..........................] - ETA: 13s - loss: 0.5313 - acc: 0.8021
 224/1424 [===>..........................] - ETA: 12s - loss: 0.5169 - acc: 0.8080
 256/1424 [====>.........................] - ETA: 12s - loss: 0.5078 - acc: 0.8125
 288/1424 [=====>........................] - ETA: 12s - loss: 0.5454 - acc: 0.8194
 320/1424 [=====>........................] - ETA: 11s - loss: 0.6183 - acc: 0.8063
 352/1424 [======>.......................] - ETA: 11s - loss: 0.6008 - acc: 0.8153
 384/1424 [=======>......................] - ETA: 11s - loss: 0.5879 - acc: 0.8125
 416/1424 [=======>......................] - ETA: 10s - loss: 0.6103 - acc: 0.8125
 448/1424 [========>.....................] - ETA: 10s - loss: 0.5958 - acc: 0.8147
 480/1424 [=========>....................] - ETA: 10s - loss: 0.5859 - acc: 0.8125
 512/1424 [=========>....................] - ETA: 9s - loss: 0.5769 - acc: 0.8145 
 544/1424 [==========>...................] - ETA: 9s - loss: 0.5737 - acc: 0.8088
 576/1424 [===========>..................] - ETA: 9s - loss: 0.5713 - acc: 0.8021
 608/1424 [===========>..................] - ETA: 8s - loss: 0.5987 - acc: 0.8010
 640/1424 [============>.................] - ETA: 8s - loss: 0.5938 - acc: 0.7969
 672/1424 [=============>................] - ETA: 8s - loss: 0.5922 - acc: 0.7976
 704/1424 [=============>................] - ETA: 7s - loss: 0.5824 - acc: 0.7997
 736/1424 [==============>...............] - ETA: 7s - loss: 0.5778 - acc: 0.8030
 768/1424 [===============>..............] - ETA: 7s - loss: 0.5723 - acc: 0.8073
 800/1424 [===============>..............] - ETA: 6s - loss: 0.5848 - acc: 0.8100
 832/1424 [================>.............] - ETA: 6s - loss: 0.5983 - acc: 0.8089
 864/1424 [=================>............] - ETA: 6s - loss: 0.5911 - acc: 0.8102
 896/1424 [=================>............] - ETA: 5s - loss: 0.5919 - acc: 0.8069
 928/1424 [==================>...........] - ETA: 5s - loss: 0.5881 - acc: 0.8093
 960/1424 [===================>..........] - ETA: 4s - loss: 0.5775 - acc: 0.8125
 992/1424 [===================>..........] - ETA: 4s - loss: 0.5784 - acc: 0.8095
1024/1424 [====================>.........] - ETA: 4s - loss: 0.5726 - acc: 0.8105
1056/1424 [=====================>........] - ETA: 3s - loss: 0.5726 - acc: 0.8106
1088/1424 [=====================>........] - ETA: 3s - loss: 0.5679 - acc: 0.8107
1120/1424 [======================>.......] - ETA: 3s - loss: 0.5603 - acc: 0.8116
1152/1424 [=======================>......] - ETA: 2s - loss: 0.5567 - acc: 0.8125
1184/1424 [=======================>......] - ETA: 2s - loss: 0.5560 - acc: 0.8091
1216/1424 [========================>.....] - ETA: 2s - loss: 0.5506 - acc: 0.8125
1248/1424 [=========================>....] - ETA: 1s - loss: 0.5568 - acc: 0.8093
1280/1424 [=========================>....] - ETA: 1s - loss: 0.5548 - acc: 0.8094
1312/1424 [==========================>...] - ETA: 1s - loss: 0.5536 - acc: 0.8079
1344/1424 [===========================>..] - ETA: 0s - loss: 0.5512 - acc: 0.8080
1376/1424 [===========================>..] - ETA: 0s - loss: 0.5632 - acc: 0.8067
1408/1424 [============================>.] - ETA: 0s - loss: 0.5629 - acc: 0.8068
1424/1424 [==============================] - 18s 13ms/step - loss: 0.5616 - acc: 0.8055 - val_loss: 0.4621 - val_acc: 0.8376
Train on 1424 samples, validate on 708 samples
Epoch 1/1

  32/1424 [..............................] - ETA: 14s - loss: 0.4712 - acc: 0.7500
  64/1424 [>.............................] - ETA: 14s - loss: 0.4084 - acc: 0.7969
  96/1424 [=>............................] - ETA: 14s - loss: 0.4377 - acc: 0.8125
 128/1424 [=>............................] - ETA: 13s - loss: 0.4791 - acc: 0.7891
 160/1424 [==>...........................] - ETA: 13s - loss: 0.4914 - acc: 0.7750
 192/1424 [===>..........................] - ETA: 13s - loss: 0.5068 - acc: 0.7656
 224/1424 [===>..........................] - ETA: 12s - loss: 0.4963 - acc: 0.7768
 256/1424 [====>.........................] - ETA: 12s - loss: 0.4916 - acc: 0.7891
 288/1424 [=====>........................] - ETA: 12s - loss: 0.5021 - acc: 0.7917
 320/1424 [=====>........................] - ETA: 11s - loss: 0.4962 - acc: 0.8000
 352/1424 [======>.......................] - ETA: 11s - loss: 0.4935 - acc: 0.8068
 384/1424 [=======>......................] - ETA: 11s - loss: 0.4930 - acc: 0.8099
 416/1424 [=======>......................] - ETA: 10s - loss: 0.4894 - acc: 0.8101
 448/1424 [========>.....................] - ETA: 10s - loss: 0.4919 - acc: 0.8013
 480/1424 [=========>....................] - ETA: 10s - loss: 0.4893 - acc: 0.8042
 512/1424 [=========>....................] - ETA: 9s - loss: 0.4843 - acc: 0.8125 
 544/1424 [==========>...................] - ETA: 9s - loss: 0.4752 - acc: 0.8199
 576/1424 [===========>..................] - ETA: 9s - loss: 0.4809 - acc: 0.8090
 608/1424 [===========>..................] - ETA: 8s - loss: 0.4812 - acc: 0.8092
 640/1424 [============>.................] - ETA: 8s - loss: 0.4854 - acc: 0.8078
 672/1424 [=============>................] - ETA: 8s - loss: 0.4844 - acc: 0.8095
 704/1424 [=============>................] - ETA: 7s - loss: 0.4863 - acc: 0.8068
 736/1424 [==============>...............] - ETA: 7s - loss: 0.4850 - acc: 0.8084
 768/1424 [===============>..............] - ETA: 7s - loss: 0.4816 - acc: 0.8112
 800/1424 [===============>..............] - ETA: 6s - loss: 0.4813 - acc: 0.8113
 832/1424 [================>.............] - ETA: 6s - loss: 0.4788 - acc: 0.8125
 864/1424 [=================>............] - ETA: 6s - loss: 0.4936 - acc: 0.8113
 896/1424 [=================>............] - ETA: 5s - loss: 0.4947 - acc: 0.8114
 928/1424 [==================>...........] - ETA: 5s - loss: 0.4939 - acc: 0.8082
 960/1424 [===================>..........] - ETA: 4s - loss: 0.5097 - acc: 0.8052
 992/1424 [===================>..........] - ETA: 4s - loss: 0.5094 - acc: 0.8054
1024/1424 [====================>.........] - ETA: 4s - loss: 0.5083 - acc: 0.8047
1056/1424 [=====================>........] - ETA: 3s - loss: 0.5062 - acc: 0.8049
1088/1424 [=====================>........] - ETA: 3s - loss: 0.5061 - acc: 0.8061
1120/1424 [======================>.......] - ETA: 3s - loss: 0.5090 - acc: 0.8054
1152/1424 [=======================>......] - ETA: 2s - loss: 0.5075 - acc: 0.8056
1184/1424 [=======================>......] - ETA: 2s - loss: 0.5071 - acc: 0.8041
1216/1424 [========================>.....] - ETA: 2s - loss: 0.5079 - acc: 0.8035
1248/1424 [=========================>....] - ETA: 1s - loss: 0.5066 - acc: 0.8029
1280/1424 [=========================>....] - ETA: 1s - loss: 0.5048 - acc: 0.8055
1312/1424 [==========================>...] - ETA: 1s - loss: 0.5032 - acc: 0.8064
1344/1424 [===========================>..] - ETA: 0s - loss: 0.5006 - acc: 0.8073
1376/1424 [===========================>..] - ETA: 0s - loss: 0.5006 - acc: 0.8067
1408/1424 [============================>.] - ETA: 0s - loss: 0.4994 - acc: 0.8075
1424/1424 [==============================] - 18s 13ms/step - loss: 0.4978 - acc: 0.8083 - val_loss: 0.4391 - val_acc: 0.8291
Train on 1424 samples, validate on 708 samples
Epoch 1/1

  32/1424 [..............................] - ETA: 15s - loss: 0.4964 - acc: 0.7500
  64/1424 [>.............................] - ETA: 15s - loss: 0.5291 - acc: 0.7344
  96/1424 [=>............................] - ETA: 14s - loss: 0.5232 - acc: 0.7500
 128/1424 [=>............................] - ETA: 14s - loss: 0.4976 - acc: 0.7812
 160/1424 [==>...........................] - ETA: 13s - loss: 0.5130 - acc: 0.7438
 192/1424 [===>..........................] - ETA: 13s - loss: 0.4755 - acc: 0.7708
 224/1424 [===>..........................] - ETA: 12s - loss: 0.4634 - acc: 0.7857
 256/1424 [====>.........................] - ETA: 12s - loss: 0.4594 - acc: 0.7891
 288/1424 [=====>........................] - ETA: 12s - loss: 0.4530 - acc: 0.7951
 320/1424 [=====>........................] - ETA: 11s - loss: 0.4527 - acc: 0.7906
 352/1424 [======>.......................] - ETA: 11s - loss: 0.4934 - acc: 0.7926
 384/1424 [=======>......................] - ETA: 11s - loss: 0.4871 - acc: 0.7969
 416/1424 [=======>......................] - ETA: 10s - loss: 0.5265 - acc: 0.7933
 448/1424 [========>.....................] - ETA: 10s - loss: 0.5619 - acc: 0.7879
 480/1424 [=========>....................] - ETA: 10s - loss: 0.5630 - acc: 0.7812
 512/1424 [=========>....................] - ETA: 9s - loss: 0.5557 - acc: 0.7852 
 544/1424 [==========>...................] - ETA: 9s - loss: 0.5474 - acc: 0.7886
 576/1424 [===========>..................] - ETA: 9s - loss: 0.5443 - acc: 0.7882
 608/1424 [===========>..................] - ETA: 8s - loss: 0.5345 - acc: 0.7928
 640/1424 [============>.................] - ETA: 8s - loss: 0.5353 - acc: 0.7875
 672/1424 [=============>................] - ETA: 8s - loss: 0.5379 - acc: 0.7842
 704/1424 [=============>................] - ETA: 7s - loss: 0.5312 - acc: 0.7869
 736/1424 [==============>...............] - ETA: 7s - loss: 0.5275 - acc: 0.7853
 768/1424 [===============>..............] - ETA: 7s - loss: 0.5206 - acc: 0.7865
 800/1424 [===============>..............] - ETA: 6s - loss: 0.5168 - acc: 0.7900
 832/1424 [================>.............] - ETA: 6s - loss: 0.5172 - acc: 0.7861
 864/1424 [=================>............] - ETA: 6s - loss: 0.5162 - acc: 0.7870
 896/1424 [=================>............] - ETA: 5s - loss: 0.5320 - acc: 0.7857
 928/1424 [==================>...........] - ETA: 5s - loss: 0.5247 - acc: 0.7888
 960/1424 [===================>..........] - ETA: 4s - loss: 0.5206 - acc: 0.7875
 992/1424 [===================>..........] - ETA: 4s - loss: 0.5192 - acc: 0.7873
1024/1424 [====================>.........] - ETA: 4s - loss: 0.5147 - acc: 0.7891
1056/1424 [=====================>........] - ETA: 3s - loss: 0.5270 - acc: 0.7898
1088/1424 [=====================>........] - ETA: 3s - loss: 0.5225 - acc: 0.7914
1120/1424 [======================>.......] - ETA: 3s - loss: 0.5203 - acc: 0.7929
1152/1424 [=======================>......] - ETA: 2s - loss: 0.5210 - acc: 0.7934
1184/1424 [=======================>......] - ETA: 2s - loss: 0.5185 - acc: 0.7931
1216/1424 [========================>.....] - ETA: 2s - loss: 0.5174 - acc: 0.7928
1248/1424 [=========================>....] - ETA: 1s - loss: 0.5148 - acc: 0.7941
1280/1424 [=========================>....] - ETA: 1s - loss: 0.5217 - acc: 0.7922
1312/1424 [==========================>...] - ETA: 1s - loss: 0.5208 - acc: 0.7919
1344/1424 [===========================>..] - ETA: 0s - loss: 0.5171 - acc: 0.7946
1376/1424 [===========================>..] - ETA: 0s - loss: 0.5120 - acc: 0.7980
1408/1424 [============================>.] - ETA: 0s - loss: 0.5113 - acc: 0.7955
1424/1424 [==============================] - 18s 13ms/step - loss: 0.5105 - acc: 0.7949 - val_loss: 0.4378 - val_acc: 0.8460
Train on 1424 samples, validate on 708 samples
Epoch 1/1

  32/1424 [..............................] - ETA: 15s - loss: 0.4954 - acc: 0.7188
  64/1424 [>.............................] - ETA: 14s - loss: 0.5151 - acc: 0.7500
  96/1424 [=>............................] - ETA: 14s - loss: 0.4811 - acc: 0.7917
 128/1424 [=>............................] - ETA: 13s - loss: 0.5004 - acc: 0.7891
 160/1424 [==>...........................] - ETA: 13s - loss: 0.4759 - acc: 0.8000
 192/1424 [===>..........................] - ETA: 13s - loss: 0.4640 - acc: 0.8281
 224/1424 [===>..........................] - ETA: 12s - loss: 0.4650 - acc: 0.8259
 256/1424 [====>.........................] - ETA: 12s - loss: 0.4610 - acc: 0.8281
 288/1424 [=====>........................] - ETA: 12s - loss: 0.4600 - acc: 0.8264
 320/1424 [=====>........................] - ETA: 11s - loss: 0.4551 - acc: 0.8281
 352/1424 [======>.......................] - ETA: 11s - loss: 0.4470 - acc: 0.8324
 384/1424 [=======>......................] - ETA: 11s - loss: 0.4472 - acc: 0.8281
 416/1424 [=======>......................] - ETA: 10s - loss: 0.4810 - acc: 0.8269
 448/1424 [========>.....................] - ETA: 10s - loss: 0.4733 - acc: 0.8326
 480/1424 [=========>....................] - ETA: 10s - loss: 0.4802 - acc: 0.8250
 512/1424 [=========>....................] - ETA: 9s - loss: 0.4758 - acc: 0.8242 
 544/1424 [==========>...................] - ETA: 9s - loss: 0.4884 - acc: 0.8199
 576/1424 [===========>..................] - ETA: 9s - loss: 0.4750 - acc: 0.8299
 608/1424 [===========>..................] - ETA: 8s - loss: 0.4749 - acc: 0.8257
 640/1424 [============>.................] - ETA: 8s - loss: 0.4705 - acc: 0.8281
 672/1424 [=============>................] - ETA: 8s - loss: 0.4734 - acc: 0.8244
 704/1424 [=============>................] - ETA: 7s - loss: 0.4724 - acc: 0.8253
 736/1424 [==============>...............] - ETA: 7s - loss: 0.4676 - acc: 0.8261
 768/1424 [===============>..............] - ETA: 7s - loss: 0.4631 - acc: 0.8242
 800/1424 [===============>..............] - ETA: 6s - loss: 0.4652 - acc: 0.8225
 832/1424 [================>.............] - ETA: 6s - loss: 0.4676 - acc: 0.8197
 864/1424 [=================>............] - ETA: 6s - loss: 0.4859 - acc: 0.8171
 896/1424 [=================>............] - ETA: 5s - loss: 0.4847 - acc: 0.8158
 928/1424 [==================>...........] - ETA: 5s - loss: 0.4767 - acc: 0.8200
 960/1424 [===================>..........] - ETA: 4s - loss: 0.4755 - acc: 0.8187
 992/1424 [===================>..........] - ETA: 4s - loss: 0.4783 - acc: 0.8155
1024/1424 [====================>.........] - ETA: 4s - loss: 0.4824 - acc: 0.8145
1056/1424 [=====================>........] - ETA: 3s - loss: 0.4805 - acc: 0.8125
1088/1424 [=====================>........] - ETA: 3s - loss: 0.4777 - acc: 0.8125
1120/1424 [======================>.......] - ETA: 3s - loss: 0.4797 - acc: 0.8107
1152/1424 [=======================>......] - ETA: 2s - loss: 0.4755 - acc: 0.8134
1184/1424 [=======================>......] - ETA: 2s - loss: 0.4756 - acc: 0.8142
1216/1424 [========================>.....] - ETA: 2s - loss: 0.4727 - acc: 0.8150
1248/1424 [=========================>....] - ETA: 1s - loss: 0.4774 - acc: 0.8133
1280/1424 [=========================>....] - ETA: 1s - loss: 0.4809 - acc: 0.8117
1312/1424 [==========================>...] - ETA: 1s - loss: 0.4830 - acc: 0.8117
1344/1424 [===========================>..] - ETA: 0s - loss: 0.4823 - acc: 0.8125
1376/1424 [===========================>..] - ETA: 0s - loss: 0.4825 - acc: 0.8125
1408/1424 [============================>.] - ETA: 0s - loss: 0.4815 - acc: 0.8132
1424/1424 [==============================] - 18s 13ms/step - loss: 0.4799 - acc: 0.8146 - val_loss: 0.4434 - val_acc: 0.8319
Train on 1424 samples, validate on 708 samples
Epoch 1/1

  32/1424 [..............................] - ETA: 15s - loss: 0.4624 - acc: 0.7500
  64/1424 [>.............................] - ETA: 14s - loss: 0.4575 - acc: 0.7656
  96/1424 [=>............................] - ETA: 14s - loss: 0.4718 - acc: 0.7812
 128/1424 [=>............................] - ETA: 13s - loss: 0.4752 - acc: 0.7891
 160/1424 [==>...........................] - ETA: 13s - loss: 0.4564 - acc: 0.8000
 192/1424 [===>..........................] - ETA: 13s - loss: 0.4474 - acc: 0.8073
 224/1424 [===>..........................] - ETA: 12s - loss: 0.4445 - acc: 0.8170
 256/1424 [====>.........................] - ETA: 12s - loss: 0.4599 - acc: 0.8008
 288/1424 [=====>........................] - ETA: 12s - loss: 0.4675 - acc: 0.8021
 320/1424 [=====>........................] - ETA: 11s - loss: 0.4634 - acc: 0.8125
 352/1424 [======>.......................] - ETA: 11s - loss: 0.4711 - acc: 0.8040
 384/1424 [=======>......................] - ETA: 11s - loss: 0.4678 - acc: 0.8047
 416/1424 [=======>......................] - ETA: 10s - loss: 0.4679 - acc: 0.8029
 448/1424 [========>.....................] - ETA: 10s - loss: 0.4625 - acc: 0.8036
 480/1424 [=========>....................] - ETA: 10s - loss: 0.4621 - acc: 0.8063
 512/1424 [=========>....................] - ETA: 9s - loss: 0.4602 - acc: 0.8066 
 544/1424 [==========>...................] - ETA: 9s - loss: 0.4614 - acc: 0.8033
 576/1424 [===========>..................] - ETA: 9s - loss: 0.4661 - acc: 0.8038
 608/1424 [===========>..................] - ETA: 8s - loss: 0.4708 - acc: 0.7993
 640/1424 [============>.................] - ETA: 8s - loss: 0.4868 - acc: 0.7953
 672/1424 [=============>................] - ETA: 8s - loss: 0.4837 - acc: 0.7976
 704/1424 [=============>................] - ETA: 7s - loss: 0.4826 - acc: 0.8011
 736/1424 [==============>...............] - ETA: 7s - loss: 0.4839 - acc: 0.8003
 768/1424 [===============>..............] - ETA: 7s - loss: 0.4827 - acc: 0.7995
 800/1424 [===============>..............] - ETA: 6s - loss: 0.4815 - acc: 0.7975
 832/1424 [================>.............] - ETA: 6s - loss: 0.4795 - acc: 0.7993
 864/1424 [=================>............] - ETA: 6s - loss: 0.4802 - acc: 0.7986
 896/1424 [=================>............] - ETA: 5s - loss: 0.4781 - acc: 0.7991
 928/1424 [==================>...........] - ETA: 5s - loss: 0.4760 - acc: 0.7985
 960/1424 [===================>..........] - ETA: 4s - loss: 0.4808 - acc: 0.7948
 992/1424 [===================>..........] - ETA: 4s - loss: 0.4794 - acc: 0.7954
1024/1424 [====================>.........] - ETA: 4s - loss: 0.4781 - acc: 0.7979
1056/1424 [=====================>........] - ETA: 3s - loss: 0.4748 - acc: 0.7992
1088/1424 [=====================>........] - ETA: 3s - loss: 0.4700 - acc: 0.8042
1120/1424 [======================>.......] - ETA: 3s - loss: 0.4720 - acc: 0.8027
1152/1424 [=======================>......] - ETA: 2s - loss: 0.4707 - acc: 0.8030
1184/1424 [=======================>......] - ETA: 2s - loss: 0.4715 - acc: 0.8015
1216/1424 [========================>.....] - ETA: 2s - loss: 0.4733 - acc: 0.8002
1248/1424 [=========================>....] - ETA: 1s - loss: 0.4726 - acc: 0.7997
1280/1424 [=========================>....] - ETA: 1s - loss: 0.4745 - acc: 0.7992
1312/1424 [==========================>...] - ETA: 1s - loss: 0.4728 - acc: 0.8003
1344/1424 [===========================>..] - ETA: 0s - loss: 0.4717 - acc: 0.8006
1376/1424 [===========================>..] - ETA: 0s - loss: 0.4689 - acc: 0.8016
1408/1424 [============================>.] - ETA: 0s - loss: 0.4683 - acc: 0.8026
1424/1424 [==============================] - 18s 13ms/step - loss: 0.4669 - acc: 0.8034 - val_loss: 0.4108 - val_acc: 0.8489
Train on 1424 samples, validate on 708 samples
Epoch 1/1

  32/1424 [..............................] - ETA: 14s - loss: 0.4301 - acc: 0.8438
  64/1424 [>.............................] - ETA: 14s - loss: 0.4411 - acc: 0.8281
  96/1424 [=>............................] - ETA: 14s - loss: 0.4194 - acc: 0.8333
 128/1424 [=>............................] - ETA: 13s - loss: 0.4805 - acc: 0.7969
 160/1424 [==>...........................] - ETA: 13s - loss: 0.4582 - acc: 0.8000
 192/1424 [===>..........................] - ETA: 13s - loss: 0.4423 - acc: 0.8125
 224/1424 [===>..........................] - ETA: 12s - loss: 0.4342 - acc: 0.8170
 256/1424 [====>.........................] - ETA: 12s - loss: 0.4927 - acc: 0.8125
 288/1424 [=====>........................] - ETA: 12s - loss: 0.4830 - acc: 0.8125
 320/1424 [=====>........................] - ETA: 11s - loss: 0.4656 - acc: 0.8219
 352/1424 [======>.......................] - ETA: 11s - loss: 0.4481 - acc: 0.8352
 384/1424 [=======>......................] - ETA: 11s - loss: 0.4992 - acc: 0.8203
 416/1424 [=======>......................] - ETA: 10s - loss: 0.4916 - acc: 0.8173
 448/1424 [========>.....................] - ETA: 10s - loss: 0.5131 - acc: 0.8103
 480/1424 [=========>....................] - ETA: 10s - loss: 0.4994 - acc: 0.8125
 512/1424 [=========>....................] - ETA: 9s - loss: 0.4924 - acc: 0.8145 
 544/1424 [==========>...................] - ETA: 9s - loss: 0.4846 - acc: 0.8162
 576/1424 [===========>..................] - ETA: 9s - loss: 0.4796 - acc: 0.8177
 608/1424 [===========>..................] - ETA: 8s - loss: 0.4833 - acc: 0.8125
 640/1424 [============>.................] - ETA: 8s - loss: 0.4757 - acc: 0.8156
 672/1424 [=============>................] - ETA: 8s - loss: 0.4806 - acc: 0.8125
 704/1424 [=============>................] - ETA: 7s - loss: 0.4840 - acc: 0.8111
 736/1424 [==============>...............] - ETA: 7s - loss: 0.4801 - acc: 0.8098
 768/1424 [===============>..............] - ETA: 7s - loss: 0.4797 - acc: 0.8060
 800/1424 [===============>..............] - ETA: 6s - loss: 0.4755 - acc: 0.8075
 832/1424 [================>.............] - ETA: 6s - loss: 0.4797 - acc: 0.8029
 864/1424 [=================>............] - ETA: 6s - loss: 0.4751 - acc: 0.8044
 896/1424 [=================>............] - ETA: 5s - loss: 0.4682 - acc: 0.8092
 928/1424 [==================>...........] - ETA: 5s - loss: 0.4691 - acc: 0.8093
 960/1424 [===================>..........] - ETA: 4s - loss: 0.4669 - acc: 0.8094
 992/1424 [===================>..........] - ETA: 4s - loss: 0.4665 - acc: 0.8095
1024/1424 [====================>.........] - ETA: 4s - loss: 0.4718 - acc: 0.8057
1056/1424 [=====================>........] - ETA: 3s - loss: 0.4702 - acc: 0.8059
1088/1424 [=====================>........] - ETA: 3s - loss: 0.4672 - acc: 0.8070
1120/1424 [======================>.......] - ETA: 3s - loss: 0.4648 - acc: 0.8098
1152/1424 [=======================>......] - ETA: 2s - loss: 0.4590 - acc: 0.8125
1184/1424 [=======================>......] - ETA: 2s - loss: 0.4538 - acc: 0.8159
1216/1424 [========================>.....] - ETA: 2s - loss: 0.4505 - acc: 0.8174
1248/1424 [=========================>....] - ETA: 1s - loss: 0.4521 - acc: 0.8149
1280/1424 [=========================>....] - ETA: 1s - loss: 0.4543 - acc: 0.8148
1312/1424 [==========================>...] - ETA: 1s - loss: 0.4530 - acc: 0.8140
1344/1424 [===========================>..] - ETA: 0s - loss: 0.4545 - acc: 0.8140
1376/1424 [===========================>..] - ETA: 0s - loss: 0.4592 - acc: 0.8140
1408/1424 [============================>.] - ETA: 0s - loss: 0.4552 - acc: 0.8153
1424/1424 [==============================] - 18s 13ms/step - loss: 0.4551 - acc: 0.8153 - val_loss: 0.3948 - val_acc: 0.8531
Train on 1424 samples, validate on 708 samples
Epoch 1/1

  32/1424 [..............................] - ETA: 15s - loss: 0.2972 - acc: 0.9062
  64/1424 [>.............................] - ETA: 14s - loss: 0.4245 - acc: 0.8125
  96/1424 [=>............................] - ETA: 14s - loss: 0.3947 - acc: 0.8333
 128/1424 [=>............................] - ETA: 14s - loss: 0.4274 - acc: 0.8125
 160/1424 [==>...........................] - ETA: 13s - loss: 0.4586 - acc: 0.8000
 192/1424 [===>..........................] - ETA: 13s - loss: 0.4260 - acc: 0.8177
 224/1424 [===>..........................] - ETA: 12s - loss: 0.4510 - acc: 0.8170
 256/1424 [====>.........................] - ETA: 12s - loss: 0.4563 - acc: 0.8164
 288/1424 [=====>........................] - ETA: 12s - loss: 0.4650 - acc: 0.8090
 320/1424 [=====>........................] - ETA: 11s - loss: 0.4748 - acc: 0.8000
 352/1424 [======>.......................] - ETA: 11s - loss: 0.4731 - acc: 0.8040
 384/1424 [=======>......................] - ETA: 11s - loss: 0.4655 - acc: 0.8073
 416/1424 [=======>......................] - ETA: 10s - loss: 0.4657 - acc: 0.8077
 448/1424 [========>.....................] - ETA: 10s - loss: 0.4645 - acc: 0.8103
 480/1424 [=========>....................] - ETA: 10s - loss: 0.4604 - acc: 0.8104
 512/1424 [=========>....................] - ETA: 9s - loss: 0.4561 - acc: 0.8105 
 544/1424 [==========>...................] - ETA: 9s - loss: 0.4641 - acc: 0.8070
 576/1424 [===========>..................] - ETA: 9s - loss: 0.4578 - acc: 0.8125
 608/1424 [===========>..................] - ETA: 8s - loss: 0.4577 - acc: 0.8141
 640/1424 [============>.................] - ETA: 8s - loss: 0.4593 - acc: 0.8141
 672/1424 [=============>................] - ETA: 8s - loss: 0.4685 - acc: 0.8110
 704/1424 [=============>................] - ETA: 7s - loss: 0.4675 - acc: 0.8082
 736/1424 [==============>...............] - ETA: 7s - loss: 0.4675 - acc: 0.8057
 768/1424 [===============>..............] - ETA: 7s - loss: 0.4663 - acc: 0.8073
 800/1424 [===============>..............] - ETA: 6s - loss: 0.4686 - acc: 0.8063
 832/1424 [================>.............] - ETA: 6s - loss: 0.4669 - acc: 0.8065
 864/1424 [=================>............] - ETA: 6s - loss: 0.4645 - acc: 0.8090
 896/1424 [=================>............] - ETA: 5s - loss: 0.4582 - acc: 0.8125
 928/1424 [==================>...........] - ETA: 5s - loss: 0.4585 - acc: 0.8114
 960/1424 [===================>..........] - ETA: 4s - loss: 0.4546 - acc: 0.8146
 992/1424 [===================>..........] - ETA: 4s - loss: 0.4520 - acc: 0.8155
1024/1424 [====================>.........] - ETA: 4s - loss: 0.4648 - acc: 0.8184
1056/1424 [=====================>........] - ETA: 3s - loss: 0.4651 - acc: 0.8153
1088/1424 [=====================>........] - ETA: 3s - loss: 0.4629 - acc: 0.8153
1120/1424 [======================>.......] - ETA: 3s - loss: 0.4637 - acc: 0.8134
1152/1424 [=======================>......] - ETA: 2s - loss: 0.4639 - acc: 0.8142
1184/1424 [=======================>......] - ETA: 2s - loss: 0.4635 - acc: 0.8142
1216/1424 [========================>.....] - ETA: 2s - loss: 0.4649 - acc: 0.8133
1248/1424 [=========================>....] - ETA: 1s - loss: 0.4645 - acc: 0.8133
1280/1424 [=========================>....] - ETA: 1s - loss: 0.4616 - acc: 0.8148
1312/1424 [==========================>...] - ETA: 1s - loss: 0.4628 - acc: 0.8133
1344/1424 [===========================>..] - ETA: 0s - loss: 0.4586 - acc: 0.8147
1376/1424 [===========================>..] - ETA: 0s - loss: 0.4552 - acc: 0.8169
1408/1424 [============================>.] - ETA: 0s - loss: 0.4559 - acc: 0.8161
1424/1424 [==============================] - 18s 13ms/step - loss: 0.4540 - acc: 0.8167 - val_loss: 0.3801 - val_acc: 0.8588
Train on 1424 samples, validate on 708 samples
Epoch 1/1

  32/1424 [..............................] - ETA: 14s - loss: 0.4750 - acc: 0.7500
  64/1424 [>.............................] - ETA: 14s - loss: 0.4954 - acc: 0.7344
  96/1424 [=>............................] - ETA: 14s - loss: 0.4436 - acc: 0.7708
 128/1424 [=>............................] - ETA: 13s - loss: 0.4023 - acc: 0.8047
 160/1424 [==>...........................] - ETA: 13s - loss: 0.5186 - acc: 0.7812
 192/1424 [===>..........................] - ETA: 13s - loss: 0.4868 - acc: 0.8021
 224/1424 [===>..........................] - ETA: 12s - loss: 0.4964 - acc: 0.7991
 256/1424 [====>.........................] - ETA: 12s - loss: 0.4928 - acc: 0.7930
 288/1424 [=====>........................] - ETA: 12s - loss: 0.4771 - acc: 0.7986
 320/1424 [=====>........................] - ETA: 11s - loss: 0.4597 - acc: 0.8063
 352/1424 [======>.......................] - ETA: 11s - loss: 0.4526 - acc: 0.8097
 384/1424 [=======>......................] - ETA: 11s - loss: 0.4524 - acc: 0.8073
 416/1424 [=======>......................] - ETA: 10s - loss: 0.4637 - acc: 0.8053
 448/1424 [========>.....................] - ETA: 10s - loss: 0.4553 - acc: 0.8103
 480/1424 [=========>....................] - ETA: 10s - loss: 0.4898 - acc: 0.8000
 512/1424 [=========>....................] - ETA: 9s - loss: 0.4859 - acc: 0.8008 
 544/1424 [==========>...................] - ETA: 9s - loss: 0.4749 - acc: 0.8070
 576/1424 [===========>..................] - ETA: 9s - loss: 0.4632 - acc: 0.8160
 608/1424 [===========>..................] - ETA: 8s - loss: 0.4658 - acc: 0.8191
 640/1424 [============>.................] - ETA: 8s - loss: 0.4661 - acc: 0.8172
 672/1424 [=============>................] - ETA: 8s - loss: 0.4574 - acc: 0.8214
 704/1424 [=============>................] - ETA: 7s - loss: 0.4469 - acc: 0.8281
 736/1424 [==============>...............] - ETA: 7s - loss: 0.4434 - acc: 0.8274
 768/1424 [===============>..............] - ETA: 7s - loss: 0.4485 - acc: 0.8229
 800/1424 [===============>..............] - ETA: 6s - loss: 0.4506 - acc: 0.8200
 832/1424 [================>.............] - ETA: 6s - loss: 0.4499 - acc: 0.8197
 864/1424 [=================>............] - ETA: 6s - loss: 0.4447 - acc: 0.8229
 896/1424 [=================>............] - ETA: 5s - loss: 0.4414 - acc: 0.8214
 928/1424 [==================>...........] - ETA: 5s - loss: 0.4393 - acc: 0.8211
 960/1424 [===================>..........] - ETA: 4s - loss: 0.4361 - acc: 0.8219
 992/1424 [===================>..........] - ETA: 4s - loss: 0.4422 - acc: 0.8185
1024/1424 [====================>.........] - ETA: 4s - loss: 0.4436 - acc: 0.8164
1056/1424 [=====================>........] - ETA: 3s - loss: 0.4391 - acc: 0.8182
1088/1424 [=====================>........] - ETA: 3s - loss: 0.4359 - acc: 0.8189
1120/1424 [======================>.......] - ETA: 3s - loss: 0.4368 - acc: 0.8187
1152/1424 [=======================>......] - ETA: 2s - loss: 0.4359 - acc: 0.8194
1184/1424 [=======================>......] - ETA: 2s - loss: 0.4346 - acc: 0.8201
1216/1424 [========================>.....] - ETA: 2s - loss: 0.4342 - acc: 0.8191
1248/1424 [=========================>....] - ETA: 1s - loss: 0.4305 - acc: 0.8213
1280/1424 [=========================>....] - ETA: 1s - loss: 0.4371 - acc: 0.8195
1312/1424 [==========================>...] - ETA: 1s - loss: 0.4378 - acc: 0.8194
1344/1424 [===========================>..] - ETA: 0s - loss: 0.4355 - acc: 0.8207
1376/1424 [===========================>..] - ETA: 0s - loss: 0.4366 - acc: 0.8198
1408/1424 [============================>.] - ETA: 0s - loss: 0.4337 - acc: 0.8217
1424/1424 [==============================] - 18s 13ms/step - loss: 0.4342 - acc: 0.8216 - val_loss: 0.3893 - val_acc: 0.8658
Train on 1424 samples, validate on 708 samples
Epoch 1/1

  32/1424 [..............................] - ETA: 14s - loss: 0.4847 - acc: 0.8750
  64/1424 [>.............................] - ETA: 14s - loss: 0.4292 - acc: 0.8594
  96/1424 [=>............................] - ETA: 14s - loss: 0.3951 - acc: 0.8750
 128/1424 [=>............................] - ETA: 13s - loss: 0.4475 - acc: 0.8438
 160/1424 [==>...........................] - ETA: 13s - loss: 0.4366 - acc: 0.8438
 192/1424 [===>..........................] - ETA: 13s - loss: 0.4265 - acc: 0.8490
 224/1424 [===>..........................] - ETA: 12s - loss: 0.4115 - acc: 0.8571
 256/1424 [====>.........................] - ETA: 12s - loss: 0.4091 - acc: 0.8555
 288/1424 [=====>........................] - ETA: 12s - loss: 0.4078 - acc: 0.8542
 320/1424 [=====>........................] - ETA: 11s - loss: 0.4014 - acc: 0.8562
 352/1424 [======>.......................] - ETA: 11s - loss: 0.3990 - acc: 0.8494
 384/1424 [=======>......................] - ETA: 11s - loss: 0.3893 - acc: 0.8568
 416/1424 [=======>......................] - ETA: 10s - loss: 0.3992 - acc: 0.8486
 448/1424 [========>.....................] - ETA: 10s - loss: 0.3902 - acc: 0.8504
 480/1424 [=========>....................] - ETA: 10s - loss: 0.3903 - acc: 0.8500
 512/1424 [=========>....................] - ETA: 9s - loss: 0.3973 - acc: 0.8457 
 544/1424 [==========>...................] - ETA: 9s - loss: 0.4011 - acc: 0.8401
 576/1424 [===========>..................] - ETA: 9s - loss: 0.3991 - acc: 0.8420
 608/1424 [===========>..................] - ETA: 8s - loss: 0.4010 - acc: 0.8421
 640/1424 [============>.................] - ETA: 8s - loss: 0.4008 - acc: 0.8375
 672/1424 [=============>................] - ETA: 8s - loss: 0.4105 - acc: 0.8289
 704/1424 [=============>................] - ETA: 7s - loss: 0.4019 - acc: 0.8338
 736/1424 [==============>...............] - ETA: 7s - loss: 0.4017 - acc: 0.8356
 768/1424 [===============>..............] - ETA: 7s - loss: 0.4086 - acc: 0.8346
 800/1424 [===============>..............] - ETA: 6s - loss: 0.4114 - acc: 0.8350
 832/1424 [================>.............] - ETA: 6s - loss: 0.4135 - acc: 0.8329
 864/1424 [=================>............] - ETA: 6s - loss: 0.4184 - acc: 0.8275
 896/1424 [=================>............] - ETA: 5s - loss: 0.4175 - acc: 0.8270
 928/1424 [==================>...........] - ETA: 5s - loss: 0.4174 - acc: 0.8287
 960/1424 [===================>..........] - ETA: 4s - loss: 0.4316 - acc: 0.8292
 992/1424 [===================>..........] - ETA: 4s - loss: 0.4284 - acc: 0.8306
1024/1424 [====================>.........] - ETA: 4s - loss: 0.4278 - acc: 0.8311
1056/1424 [=====================>........] - ETA: 3s - loss: 0.4246 - acc: 0.8314
1088/1424 [=====================>........] - ETA: 3s - loss: 0.4261 - acc: 0.8272
1120/1424 [======================>.......] - ETA: 3s - loss: 0.4252 - acc: 0.8268
1152/1424 [=======================>......] - ETA: 2s - loss: 0.4236 - acc: 0.8264
1184/1424 [=======================>......] - ETA: 2s - loss: 0.4196 - acc: 0.8285
1216/1424 [========================>.....] - ETA: 2s - loss: 0.4148 - acc: 0.8306
1248/1424 [=========================>....] - ETA: 1s - loss: 0.4082 - acc: 0.8341
1280/1424 [=========================>....] - ETA: 1s - loss: 0.4068 - acc: 0.8336
1312/1424 [==========================>...] - ETA: 1s - loss: 0.4074 - acc: 0.8323
1344/1424 [===========================>..] - ETA: 0s - loss: 0.4194 - acc: 0.8311
1376/1424 [===========================>..] - ETA: 0s - loss: 0.4163 - acc: 0.8336
1408/1424 [============================>.] - ETA: 0s - loss: 0.4150 - acc: 0.8352
1424/1424 [==============================] - 18s 13ms/step - loss: 0.4154 - acc: 0.8343 - val_loss: 0.4162 - val_acc: 0.8701
Train on 1424 samples, validate on 708 samples
Epoch 1/1

  32/1424 [..............................] - ETA: 14s - loss: 0.3464 - acc: 0.8438
  64/1424 [>.............................] - ETA: 14s - loss: 0.2721 - acc: 0.8906
  96/1424 [=>............................] - ETA: 14s - loss: 0.4188 - acc: 0.8958
 128/1424 [=>............................] - ETA: 13s - loss: 0.4142 - acc: 0.8828
 160/1424 [==>...........................] - ETA: 13s - loss: 0.4101 - acc: 0.8875
 192/1424 [===>..........................] - ETA: 13s - loss: 0.4094 - acc: 0.8802
 224/1424 [===>..........................] - ETA: 12s - loss: 0.4426 - acc: 0.8527
 256/1424 [====>.........................] - ETA: 12s - loss: 0.4258 - acc: 0.8555
 288/1424 [=====>........................] - ETA: 12s - loss: 0.4340 - acc: 0.8438
 320/1424 [=====>........................] - ETA: 11s - loss: 0.4272 - acc: 0.8469
 352/1424 [======>.......................] - ETA: 11s - loss: 0.4226 - acc: 0.8494
 384/1424 [=======>......................] - ETA: 11s - loss: 0.4164 - acc: 0.8490
 416/1424 [=======>......................] - ETA: 10s - loss: 0.4221 - acc: 0.8438
 448/1424 [========>.....................] - ETA: 10s - loss: 0.4119 - acc: 0.8482
 480/1424 [=========>....................] - ETA: 10s - loss: 0.4049 - acc: 0.8521
 512/1424 [=========>....................] - ETA: 9s - loss: 0.4293 - acc: 0.8535 
 544/1424 [==========>...................] - ETA: 9s - loss: 0.4271 - acc: 0.8474
 576/1424 [===========>..................] - ETA: 9s - loss: 0.4429 - acc: 0.8507
 608/1424 [===========>..................] - ETA: 8s - loss: 0.4472 - acc: 0.8421
 640/1424 [============>.................] - ETA: 8s - loss: 0.4443 - acc: 0.8406
 672/1424 [=============>................] - ETA: 8s - loss: 0.4525 - acc: 0.8333
 704/1424 [=============>................] - ETA: 7s - loss: 0.4559 - acc: 0.8295
 736/1424 [==============>...............] - ETA: 7s - loss: 0.4523 - acc: 0.8302
 768/1424 [===============>..............] - ETA: 7s - loss: 0.4653 - acc: 0.8268
 800/1424 [===============>..............] - ETA: 6s - loss: 0.4603 - acc: 0.8287
 832/1424 [================>.............] - ETA: 6s - loss: 0.4555 - acc: 0.8317
 864/1424 [=================>............] - ETA: 6s - loss: 0.4512 - acc: 0.8299
 896/1424 [=================>............] - ETA: 5s - loss: 0.4499 - acc: 0.8292
 928/1424 [==================>...........] - ETA: 5s - loss: 0.4453 - acc: 0.8308
 960/1424 [===================>..........] - ETA: 4s - loss: 0.4444 - acc: 0.8302
 992/1424 [===================>..........] - ETA: 4s - loss: 0.4430 - acc: 0.8296
1024/1424 [====================>.........] - ETA: 4s - loss: 0.4441 - acc: 0.8291
1056/1424 [=====================>........] - ETA: 3s - loss: 0.4391 - acc: 0.8305
1088/1424 [=====================>........] - ETA: 3s - loss: 0.4347 - acc: 0.8318
1120/1424 [======================>.......] - ETA: 3s - loss: 0.4308 - acc: 0.8339
1152/1424 [=======================>......] - ETA: 2s - loss: 0.4318 - acc: 0.8333
1184/1424 [=======================>......] - ETA: 2s - loss: 0.4317 - acc: 0.8345
1216/1424 [========================>.....] - ETA: 2s - loss: 0.4315 - acc: 0.8355
1248/1424 [=========================>....] - ETA: 1s - loss: 0.4303 - acc: 0.8357
1280/1424 [=========================>....] - ETA: 1s - loss: 0.4298 - acc: 0.8359
1312/1424 [==========================>...] - ETA: 1s - loss: 0.4283 - acc: 0.8369
1344/1424 [===========================>..] - ETA: 0s - loss: 0.4302 - acc: 0.8341
1376/1424 [===========================>..] - ETA: 0s - loss: 0.4301 - acc: 0.8343
1408/1424 [============================>.] - ETA: 0s - loss: 0.4346 - acc: 0.8338
1424/1424 [==============================] - 18s 13ms/step - loss: 0.4389 - acc: 0.8336 - val_loss: 0.3940 - val_acc: 0.8333
Train on 1424 samples, validate on 708 samples
Epoch 1/1

  32/1424 [..............................] - ETA: 15s - loss: 0.4985 - acc: 0.7500
  64/1424 [>.............................] - ETA: 14s - loss: 0.4721 - acc: 0.7812
  96/1424 [=>............................] - ETA: 14s - loss: 0.4452 - acc: 0.8021
 128/1424 [=>............................] - ETA: 13s - loss: 0.4789 - acc: 0.8047
 160/1424 [==>...........................] - ETA: 13s - loss: 0.5290 - acc: 0.7875
 192/1424 [===>..........................] - ETA: 13s - loss: 0.5709 - acc: 0.7552
 224/1424 [===>..........................] - ETA: 12s - loss: 0.5748 - acc: 0.7500
 256/1424 [====>.........................] - ETA: 12s - loss: 0.6120 - acc: 0.7148
 288/1424 [=====>........................] - ETA: 12s - loss: 0.6170 - acc: 0.6944
 320/1424 [=====>........................] - ETA: 11s - loss: 0.6169 - acc: 0.6937
 352/1424 [======>.......................] - ETA: 11s - loss: 0.6068 - acc: 0.6932
 384/1424 [=======>......................] - ETA: 11s - loss: 0.5954 - acc: 0.6979
 416/1424 [=======>......................] - ETA: 10s - loss: 0.5836 - acc: 0.7019
 448/1424 [========>.....................] - ETA: 10s - loss: 0.5801 - acc: 0.7031
 480/1424 [=========>....................] - ETA: 10s - loss: 0.5724 - acc: 0.7125
 512/1424 [=========>....................] - ETA: 9s - loss: 0.5678 - acc: 0.7148 
 544/1424 [==========>...................] - ETA: 9s - loss: 0.5659 - acc: 0.7169
 576/1424 [===========>..................] - ETA: 9s - loss: 0.5677 - acc: 0.7188
 608/1424 [===========>..................] - ETA: 8s - loss: 0.5675 - acc: 0.7188
 640/1424 [============>.................] - ETA: 8s - loss: 0.5644 - acc: 0.7203
 672/1424 [=============>................] - ETA: 8s - loss: 0.5651 - acc: 0.7188
 704/1424 [=============>................] - ETA: 7s - loss: 0.5655 - acc: 0.7159
 736/1424 [==============>...............] - ETA: 7s - loss: 0.5616 - acc: 0.7215
 768/1424 [===============>..............] - ETA: 7s - loss: 0.5609 - acc: 0.7227
 800/1424 [===============>..............] - ETA: 6s - loss: 0.5553 - acc: 0.7300
 832/1424 [================>.............] - ETA: 6s - loss: 0.5555 - acc: 0.7332
 864/1424 [=================>............] - ETA: 6s - loss: 0.5520 - acc: 0.7396
 896/1424 [=================>............] - ETA: 5s - loss: 0.5519 - acc: 0.7388
 928/1424 [==================>...........] - ETA: 5s - loss: 0.5459 - acc: 0.7468
 960/1424 [===================>..........] - ETA: 4s - loss: 0.5429 - acc: 0.7500
 992/1424 [===================>..........] - ETA: 4s - loss: 0.5426 - acc: 0.7540
1024/1424 [====================>.........] - ETA: 4s - loss: 0.5417 - acc: 0.7568
1056/1424 [=====================>........] - ETA: 3s - loss: 0.5413 - acc: 0.7585
1088/1424 [=====================>........] - ETA: 3s - loss: 0.5406 - acc: 0.7583
1120/1424 [======================>.......] - ETA: 3s - loss: 0.5397 - acc: 0.7598
1152/1424 [=======================>......] - ETA: 2s - loss: 0.5376 - acc: 0.7622
1184/1424 [=======================>......] - ETA: 2s - loss: 0.5343 - acc: 0.7652
1216/1424 [========================>.....] - ETA: 2s - loss: 0.5341 - acc: 0.7623
1248/1424 [=========================>....] - ETA: 1s - loss: 0.5343 - acc: 0.7636
1280/1424 [=========================>....] - ETA: 1s - loss: 0.5324 - acc: 0.7656
1312/1424 [==========================>...] - ETA: 1s - loss: 0.5286 - acc: 0.7691
1344/1424 [===========================>..] - ETA: 0s - loss: 0.5268 - acc: 0.7708
1376/1424 [===========================>..] - ETA: 0s - loss: 0.5252 - acc: 0.7725
1408/1424 [============================>.] - ETA: 0s - loss: 0.5239 - acc: 0.7734
1424/1424 [==============================] - 18s 13ms/step - loss: 0.5240 - acc: 0.7725 - val_loss: 0.4552 - val_acc: 0.8418
Train on 1424 samples, validate on 708 samples
Epoch 1/1

  32/1424 [..............................] - ETA: 14s - loss: 0.4765 - acc: 0.8438
  64/1424 [>.............................] - ETA: 14s - loss: 0.5281 - acc: 0.7812
  96/1424 [=>............................] - ETA: 14s - loss: 0.5149 - acc: 0.7812
 128/1424 [=>............................] - ETA: 13s - loss: 0.4852 - acc: 0.7969
 160/1424 [==>...........................] - ETA: 13s - loss: 0.4778 - acc: 0.7937
 192/1424 [===>..........................] - ETA: 13s - loss: 0.4717 - acc: 0.8073
 224/1424 [===>..........................] - ETA: 12s - loss: 0.4787 - acc: 0.7991
 256/1424 [====>.........................] - ETA: 12s - loss: 0.4707 - acc: 0.8086
 288/1424 [=====>........................] - ETA: 12s - loss: 0.4600 - acc: 0.8125
 320/1424 [=====>........................] - ETA: 11s - loss: 0.4463 - acc: 0.8219
 352/1424 [======>.......................] - ETA: 11s - loss: 0.4444 - acc: 0.8295
 384/1424 [=======>......................] - ETA: 11s - loss: 0.4364 - acc: 0.8411
 416/1424 [=======>......................] - ETA: 10s - loss: 0.4378 - acc: 0.8389
 448/1424 [========>.....................] - ETA: 10s - loss: 0.4323 - acc: 0.8415
 480/1424 [=========>....................] - ETA: 10s - loss: 0.4379 - acc: 0.8333
 512/1424 [=========>....................] - ETA: 9s - loss: 0.4432 - acc: 0.8262 
 544/1424 [==========>...................] - ETA: 9s - loss: 0.4400 - acc: 0.8272
 576/1424 [===========>..................] - ETA: 9s - loss: 0.4431 - acc: 0.8299
 608/1424 [===========>..................] - ETA: 8s - loss: 0.4432 - acc: 0.8306
 640/1424 [============>.................] - ETA: 8s - loss: 0.4405 - acc: 0.8313
 672/1424 [=============>................] - ETA: 8s - loss: 0.4483 - acc: 0.8244
 704/1424 [=============>................] - ETA: 7s - loss: 0.4503 - acc: 0.8224
 736/1424 [==============>...............] - ETA: 7s - loss: 0.4609 - acc: 0.8166
 768/1424 [===============>..............] - ETA: 7s - loss: 0.4631 - acc: 0.8138
 800/1424 [===============>..............] - ETA: 6s - loss: 0.4583 - acc: 0.8163
 832/1424 [================>.............] - ETA: 6s - loss: 0.4583 - acc: 0.8185
 864/1424 [=================>............] - ETA: 6s - loss: 0.4620 - acc: 0.8183
 896/1424 [=================>............] - ETA: 5s - loss: 0.4636 - acc: 0.8147
 928/1424 [==================>...........] - ETA: 5s - loss: 0.4687 - acc: 0.8093
 960/1424 [===================>..........] - ETA: 4s - loss: 0.4665 - acc: 0.8104
 992/1424 [===================>..........] - ETA: 4s - loss: 0.4637 - acc: 0.8115
1024/1424 [====================>.........] - ETA: 4s - loss: 0.4686 - acc: 0.8115
1056/1424 [=====================>........] - ETA: 3s - loss: 0.4682 - acc: 0.8097
1088/1424 [=====================>........] - ETA: 3s - loss: 0.4699 - acc: 0.8107
1120/1424 [======================>.......] - ETA: 3s - loss: 0.4698 - acc: 0.8089
1152/1424 [=======================>......] - ETA: 2s - loss: 0.4712 - acc: 0.8073
1184/1424 [=======================>......] - ETA: 2s - loss: 0.4719 - acc: 0.8066
1216/1424 [========================>.....] - ETA: 2s - loss: 0.4729 - acc: 0.8043
1248/1424 [=========================>....] - ETA: 1s - loss: 0.4726 - acc: 0.8029
1280/1424 [=========================>....] - ETA: 1s - loss: 0.4805 - acc: 0.7984
1312/1424 [==========================>...] - ETA: 1s - loss: 0.4862 - acc: 0.7950
1344/1424 [===========================>..] - ETA: 0s - loss: 0.4900 - acc: 0.7917
1376/1424 [===========================>..] - ETA: 0s - loss: 0.4872 - acc: 0.7929
1408/1424 [============================>.] - ETA: 0s - loss: 0.4873 - acc: 0.7933
1424/1424 [==============================] - 18s 13ms/step - loss: 0.4869 - acc: 0.7928 - val_loss: 0.5110 - val_acc: 0.7910
Train on 1424 samples, validate on 708 samples
Epoch 1/1

  32/1424 [..............................] - ETA: 14s - loss: 0.5524 - acc: 0.6250
  64/1424 [>.............................] - ETA: 14s - loss: 0.5383 - acc: 0.6875
  96/1424 [=>............................] - ETA: 14s - loss: 0.5293 - acc: 0.7396
 128/1424 [=>............................] - ETA: 13s - loss: 0.5099 - acc: 0.7656
 160/1424 [==>...........................] - ETA: 13s - loss: 0.5267 - acc: 0.7812
 192/1424 [===>..........................] - ETA: 13s - loss: 0.5256 - acc: 0.7812
 224/1424 [===>..........................] - ETA: 12s - loss: 0.5274 - acc: 0.7723
 256/1424 [====>.........................] - ETA: 12s - loss: 0.5195 - acc: 0.7656
 288/1424 [=====>........................] - ETA: 12s - loss: 0.5322 - acc: 0.7743
 320/1424 [=====>........................] - ETA: 11s - loss: 0.5357 - acc: 0.7688
 352/1424 [======>.......................] - ETA: 11s - loss: 0.5440 - acc: 0.7557
 384/1424 [=======>......................] - ETA: 11s - loss: 0.5376 - acc: 0.7682
 416/1424 [=======>......................] - ETA: 10s - loss: 0.5478 - acc: 0.7500
 448/1424 [========>.....................] - ETA: 10s - loss: 0.5497 - acc: 0.7455
 480/1424 [=========>....................] - ETA: 10s - loss: 0.5577 - acc: 0.7396
 512/1424 [=========>....................] - ETA: 9s - loss: 0.5582 - acc: 0.7344 
 544/1424 [==========>...................] - ETA: 9s - loss: 0.5613 - acc: 0.7353
 576/1424 [===========>..................] - ETA: 9s - loss: 0.5618 - acc: 0.7396
 608/1424 [===========>..................] - ETA: 8s - loss: 0.5655 - acc: 0.7319
 640/1424 [============>.................] - ETA: 8s - loss: 0.5653 - acc: 0.7312
 672/1424 [=============>................] - ETA: 8s - loss: 0.5651 - acc: 0.7292
 704/1424 [=============>................] - ETA: 7s - loss: 0.5695 - acc: 0.7216
 736/1424 [==============>...............] - ETA: 7s - loss: 0.5753 - acc: 0.7120
 768/1424 [===============>..............] - ETA: 7s - loss: 0.5770 - acc: 0.7044
 800/1424 [===============>..............] - ETA: 6s - loss: 0.5774 - acc: 0.7013
 832/1424 [================>.............] - ETA: 6s - loss: 0.5753 - acc: 0.7031
 864/1424 [=================>............] - ETA: 6s - loss: 0.5760 - acc: 0.7025
 896/1424 [=================>............] - ETA: 5s - loss: 0.5741 - acc: 0.7054
 928/1424 [==================>...........] - ETA: 5s - loss: 0.5752 - acc: 0.7037
 960/1424 [===================>..........] - ETA: 4s - loss: 0.5772 - acc: 0.7021
 992/1424 [===================>..........] - ETA: 4s - loss: 0.5733 - acc: 0.7056
1024/1424 [====================>.........] - ETA: 4s - loss: 0.5720 - acc: 0.7061
1056/1424 [=====================>........] - ETA: 3s - loss: 0.5709 - acc: 0.7064
1088/1424 [=====================>........] - ETA: 3s - loss: 0.5695 - acc: 0.7114
1120/1424 [======================>.......] - ETA: 3s - loss: 0.5706 - acc: 0.7098
1152/1424 [=======================>......] - ETA: 2s - loss: 0.5667 - acc: 0.7144
1184/1424 [=======================>......] - ETA: 2s - loss: 0.5653 - acc: 0.7179
1216/1424 [========================>.....] - ETA: 2s - loss: 0.5661 - acc: 0.7171
1248/1424 [=========================>....] - ETA: 1s - loss: 0.5653 - acc: 0.7188
1280/1424 [=========================>....] - ETA: 1s - loss: 0.5644 - acc: 0.7203
1312/1424 [==========================>...] - ETA: 1s - loss: 0.5653 - acc: 0.7203
1344/1424 [===========================>..] - ETA: 0s - loss: 0.5637 - acc: 0.7210
1376/1424 [===========================>..] - ETA: 0s - loss: 0.5642 - acc: 0.7224
1408/1424 [============================>.] - ETA: 0s - loss: 0.5640 - acc: 0.7244
1424/1424 [==============================] - 18s 13ms/step - loss: 0.5660 - acc: 0.7233 - val_loss: 0.5026 - val_acc: 0.8107
Train on 1424 samples, validate on 708 samples
Epoch 1/1

  32/1424 [..............................] - ETA: 14s - loss: 0.4664 - acc: 0.7812
  64/1424 [>.............................] - ETA: 14s - loss: 0.4839 - acc: 0.7812
  96/1424 [=>............................] - ETA: 14s - loss: 0.4969 - acc: 0.7917
 128/1424 [=>............................] - ETA: 13s - loss: 0.4993 - acc: 0.7812
 160/1424 [==>...........................] - ETA: 13s - loss: 0.5042 - acc: 0.7937
 192/1424 [===>..........................] - ETA: 13s - loss: 0.4934 - acc: 0.8125
 224/1424 [===>..........................] - ETA: 12s - loss: 0.4862 - acc: 0.8259
 256/1424 [====>.........................] - ETA: 12s - loss: 0.5048 - acc: 0.8047
 288/1424 [=====>........................] - ETA: 12s - loss: 0.4973 - acc: 0.8160
 320/1424 [=====>........................] - ETA: 11s - loss: 0.5045 - acc: 0.8125
 352/1424 [======>.......................] - ETA: 11s - loss: 0.5096 - acc: 0.8011
 384/1424 [=======>......................] - ETA: 11s - loss: 0.5118 - acc: 0.7995
 416/1424 [=======>......................] - ETA: 10s - loss: 0.5192 - acc: 0.7933
 448/1424 [========>.....................] - ETA: 10s - loss: 0.5212 - acc: 0.7924
 480/1424 [=========>....................] - ETA: 10s - loss: 0.5167 - acc: 0.7937
 512/1424 [=========>....................] - ETA: 9s - loss: 0.5196 - acc: 0.7910 
 544/1424 [==========>...................] - ETA: 9s - loss: 0.5150 - acc: 0.7904
 576/1424 [===========>..................] - ETA: 9s - loss: 0.5143 - acc: 0.7899
 608/1424 [===========>..................] - ETA: 8s - loss: 0.5168 - acc: 0.7895
 640/1424 [============>.................] - ETA: 8s - loss: 0.5144 - acc: 0.7906
 672/1424 [=============>................] - ETA: 8s - loss: 0.5130 - acc: 0.7902
 704/1424 [=============>................] - ETA: 7s - loss: 0.5101 - acc: 0.7898
 736/1424 [==============>...............] - ETA: 7s - loss: 0.5126 - acc: 0.7853
 768/1424 [===============>..............] - ETA: 7s - loss: 0.5103 - acc: 0.7878
 800/1424 [===============>..............] - ETA: 6s - loss: 0.5104 - acc: 0.7887
 832/1424 [================>.............] - ETA: 6s - loss: 0.5122 - acc: 0.7873
 864/1424 [=================>............] - ETA: 6s - loss: 0.5129 - acc: 0.7859
 896/1424 [=================>............] - ETA: 5s - loss: 0.5111 - acc: 0.7857
 928/1424 [==================>...........] - ETA: 5s - loss: 0.5097 - acc: 0.7866
 960/1424 [===================>..........] - ETA: 4s - loss: 0.5123 - acc: 0.7823
 992/1424 [===================>..........] - ETA: 4s - loss: 0.5133 - acc: 0.7823
1024/1424 [====================>.........] - ETA: 4s - loss: 0.5162 - acc: 0.7812
1056/1424 [=====================>........] - ETA: 3s - loss: 0.5129 - acc: 0.7841
1088/1424 [=====================>........] - ETA: 3s - loss: 0.5114 - acc: 0.7849
1120/1424 [======================>.......] - ETA: 3s - loss: 0.5120 - acc: 0.7821
1152/1424 [=======================>......] - ETA: 2s - loss: 0.5144 - acc: 0.7786
1184/1424 [=======================>......] - ETA: 2s - loss: 0.5128 - acc: 0.7812
1216/1424 [========================>.....] - ETA: 2s - loss: 0.5128 - acc: 0.7812
1248/1424 [=========================>....] - ETA: 1s - loss: 0.5131 - acc: 0.7804
1280/1424 [=========================>....] - ETA: 1s - loss: 0.5118 - acc: 0.7805
1312/1424 [==========================>...] - ETA: 1s - loss: 0.5148 - acc: 0.7797
1344/1424 [===========================>..] - ETA: 0s - loss: 0.5143 - acc: 0.7812
1376/1424 [===========================>..] - ETA: 0s - loss: 0.5136 - acc: 0.7805
1408/1424 [============================>.] - ETA: 0s - loss: 0.5129 - acc: 0.7812
1424/1424 [==============================] - 18s 13ms/step - loss: 0.5113 - acc: 0.7816 - val_loss: 0.4656 - val_acc: 0.8192
Train on 1424 samples, validate on 708 samples
Epoch 1/1

  32/1424 [..............................] - ETA: 14s - loss: 0.4716 - acc: 0.7500
  64/1424 [>.............................] - ETA: 14s - loss: 0.5240 - acc: 0.7500
  96/1424 [=>............................] - ETA: 14s - loss: 0.5386 - acc: 0.7292
 128/1424 [=>............................] - ETA: 13s - loss: 0.5264 - acc: 0.7422
 160/1424 [==>...........................] - ETA: 13s - loss: 0.5076 - acc: 0.7562
 192/1424 [===>..........................] - ETA: 13s - loss: 0.5317 - acc: 0.7604
 224/1424 [===>..........................] - ETA: 12s - loss: 0.5286 - acc: 0.7679
 256/1424 [====>.........................] - ETA: 12s - loss: 0.5282 - acc: 0.7734
 288/1424 [=====>........................] - ETA: 12s - loss: 0.5247 - acc: 0.7674
 320/1424 [=====>........................] - ETA: 11s - loss: 0.5302 - acc: 0.7625
 352/1424 [======>.......................] - ETA: 11s - loss: 0.5269 - acc: 0.7699
 384/1424 [=======>......................] - ETA: 11s - loss: 0.5303 - acc: 0.7630
 416/1424 [=======>......................] - ETA: 10s - loss: 0.5195 - acc: 0.7716
 448/1424 [========>.....................] - ETA: 10s - loss: 0.5198 - acc: 0.7723
 480/1424 [=========>....................] - ETA: 10s - loss: 0.5137 - acc: 0.7792
 512/1424 [=========>....................] - ETA: 9s - loss: 0.5154 - acc: 0.7773 
 544/1424 [==========>...................] - ETA: 9s - loss: 0.5120 - acc: 0.7776
 576/1424 [===========>..................] - ETA: 9s - loss: 0.5181 - acc: 0.7691
 608/1424 [===========>..................] - ETA: 8s - loss: 0.5142 - acc: 0.7747
 640/1424 [============>.................] - ETA: 8s - loss: 0.5112 - acc: 0.7781
 672/1424 [=============>................] - ETA: 8s - loss: 0.5147 - acc: 0.7738
 704/1424 [=============>................] - ETA: 7s - loss: 0.5102 - acc: 0.7770
 736/1424 [==============>...............] - ETA: 7s - loss: 0.5083 - acc: 0.7772
 768/1424 [===============>..............] - ETA: 7s - loss: 0.5043 - acc: 0.7773
 800/1424 [===============>..............] - ETA: 6s - loss: 0.5034 - acc: 0.7762
 832/1424 [================>.............] - ETA: 6s - loss: 0.4970 - acc: 0.7825
 864/1424 [=================>............] - ETA: 6s - loss: 0.4952 - acc: 0.7824
 896/1424 [=================>............] - ETA: 5s - loss: 0.4926 - acc: 0.7835
 928/1424 [==================>...........] - ETA: 5s - loss: 0.4918 - acc: 0.7877
 960/1424 [===================>..........] - ETA: 4s - loss: 0.4888 - acc: 0.7896
 992/1424 [===================>..........] - ETA: 4s - loss: 0.4877 - acc: 0.7903
1024/1424 [====================>.........] - ETA: 4s - loss: 0.4867 - acc: 0.7910
1056/1424 [=====================>........] - ETA: 3s - loss: 0.4905 - acc: 0.7869
1088/1424 [=====================>........] - ETA: 3s - loss: 0.4859 - acc: 0.7904
1120/1424 [======================>.......] - ETA: 3s - loss: 0.4808 - acc: 0.7946
1152/1424 [=======================>......] - ETA: 2s - loss: 0.4820 - acc: 0.7951
1184/1424 [=======================>......] - ETA: 2s - loss: 0.4812 - acc: 0.7956
1216/1424 [========================>.....] - ETA: 2s - loss: 0.4848 - acc: 0.7928
1248/1424 [=========================>....] - ETA: 1s - loss: 0.4852 - acc: 0.7933
1280/1424 [=========================>....] - ETA: 1s - loss: 0.4823 - acc: 0.7945
1312/1424 [==========================>...] - ETA: 1s - loss: 0.4851 - acc: 0.7927
1344/1424 [===========================>..] - ETA: 0s - loss: 0.4855 - acc: 0.7932
1376/1424 [===========================>..] - ETA: 0s - loss: 0.4899 - acc: 0.7907
1408/1424 [============================>.] - ETA: 0s - loss: 0.4903 - acc: 0.7898
1424/1424 [==============================] - 18s 13ms/step - loss: 0.4880 - acc: 0.7914 - val_loss: 0.4433 - val_acc: 0.8178
Train on 1424 samples, validate on 708 samples
Epoch 1/1

  32/1424 [..............................] - ETA: 15s - loss: 0.5089 - acc: 0.7500
  64/1424 [>.............................] - ETA: 14s - loss: 0.4788 - acc: 0.7969
  96/1424 [=>............................] - ETA: 14s - loss: 0.4307 - acc: 0.8333
 128/1424 [=>............................] - ETA: 13s - loss: 0.4140 - acc: 0.8359
 160/1424 [==>...........................] - ETA: 13s - loss: 0.4446 - acc: 0.8187
 192/1424 [===>..........................] - ETA: 13s - loss: 0.4557 - acc: 0.8073
 224/1424 [===>..........................] - ETA: 12s - loss: 0.4694 - acc: 0.8080
 256/1424 [====>.........................] - ETA: 12s - loss: 0.4624 - acc: 0.8125
 288/1424 [=====>........................] - ETA: 12s - loss: 0.4733 - acc: 0.8021
 320/1424 [=====>........................] - ETA: 11s - loss: 0.4708 - acc: 0.8063
 352/1424 [======>.......................] - ETA: 11s - loss: 0.4692 - acc: 0.8097
 384/1424 [=======>......................] - ETA: 11s - loss: 0.4638 - acc: 0.8125
 416/1424 [=======>......................] - ETA: 10s - loss: 0.4724 - acc: 0.8053
 448/1424 [========>.....................] - ETA: 10s - loss: 0.4703 - acc: 0.8058
 480/1424 [=========>....................] - ETA: 10s - loss: 0.4673 - acc: 0.8063
 512/1424 [=========>....................] - ETA: 9s - loss: 0.4755 - acc: 0.7988 
 544/1424 [==========>...................] - ETA: 9s - loss: 0.4697 - acc: 0.7996
 576/1424 [===========>..................] - ETA: 9s - loss: 0.4670 - acc: 0.8021
 608/1424 [===========>..................] - ETA: 8s - loss: 0.4627 - acc: 0.8043
 640/1424 [============>.................] - ETA: 8s - loss: 0.4580 - acc: 0.8063
 672/1424 [=============>................] - ETA: 8s - loss: 0.4575 - acc: 0.8051
 704/1424 [=============>................] - ETA: 7s - loss: 0.4567 - acc: 0.8040
 736/1424 [==============>...............] - ETA: 7s - loss: 0.4658 - acc: 0.7976
 768/1424 [===============>..............] - ETA: 7s - loss: 0.4690 - acc: 0.7943
 800/1424 [===============>..............] - ETA: 6s - loss: 0.4732 - acc: 0.7925
 832/1424 [================>.............] - ETA: 6s - loss: 0.4764 - acc: 0.7897
 864/1424 [=================>............] - ETA: 6s - loss: 0.4797 - acc: 0.7870
 896/1424 [=================>............] - ETA: 5s - loss: 0.4756 - acc: 0.7891
 928/1424 [==================>...........] - ETA: 5s - loss: 0.4726 - acc: 0.7920
 960/1424 [===================>..........] - ETA: 4s - loss: 0.4733 - acc: 0.7906
 992/1424 [===================>..........] - ETA: 4s - loss: 0.4738 - acc: 0.7913
1024/1424 [====================>.........] - ETA: 4s - loss: 0.4739 - acc: 0.7930
1056/1424 [=====================>........] - ETA: 3s - loss: 0.4756 - acc: 0.7907
1088/1424 [=====================>........] - ETA: 3s - loss: 0.4786 - acc: 0.7886
1120/1424 [======================>.......] - ETA: 3s - loss: 0.4750 - acc: 0.7911
1152/1424 [=======================>......] - ETA: 2s - loss: 0.4715 - acc: 0.7934
1184/1424 [=======================>......] - ETA: 2s - loss: 0.4703 - acc: 0.7956
1216/1424 [========================>.....] - ETA: 2s - loss: 0.4712 - acc: 0.7936
1248/1424 [=========================>....] - ETA: 1s - loss: 0.4703 - acc: 0.7933
1280/1424 [=========================>....] - ETA: 1s - loss: 0.4718 - acc: 0.7914
1312/1424 [==========================>...] - ETA: 1s - loss: 0.4677 - acc: 0.7950
1344/1424 [===========================>..] - ETA: 0s - loss: 0.4659 - acc: 0.7976
1376/1424 [===========================>..] - ETA: 0s - loss: 0.4710 - acc: 0.7929
1408/1424 [============================>.] - ETA: 0s - loss: 0.4747 - acc: 0.7919
1424/1424 [==============================] - 18s 13ms/step - loss: 0.4720 - acc: 0.7935 - val_loss: 0.4490 - val_acc: 0.8093
Train on 1424 samples, validate on 708 samples
Epoch 1/1

  32/1424 [..............................] - ETA: 14s - loss: 0.4692 - acc: 0.8125
  64/1424 [>.............................] - ETA: 14s - loss: 0.5067 - acc: 0.7812
  96/1424 [=>............................] - ETA: 14s - loss: 0.4556 - acc: 0.8125
 128/1424 [=>............................] - ETA: 13s - loss: 0.4932 - acc: 0.7891
 160/1424 [==>...........................] - ETA: 13s - loss: 0.4974 - acc: 0.7875
 192/1424 [===>..........................] - ETA: 13s - loss: 0.5071 - acc: 0.7708
 224/1424 [===>..........................] - ETA: 12s - loss: 0.4952 - acc: 0.7812
 256/1424 [====>.........................] - ETA: 12s - loss: 0.4792 - acc: 0.7930
 288/1424 [=====>........................] - ETA: 12s - loss: 0.4961 - acc: 0.7743
 320/1424 [=====>........................] - ETA: 11s - loss: 0.4963 - acc: 0.7750
 352/1424 [======>.......................] - ETA: 11s - loss: 0.4948 - acc: 0.7756
 384/1424 [=======>......................] - ETA: 11s - loss: 0.4936 - acc: 0.7760
 416/1424 [=======>......................] - ETA: 10s - loss: 0.4902 - acc: 0.7788
 448/1424 [========>.....................] - ETA: 10s - loss: 0.4946 - acc: 0.7790
 480/1424 [=========>....................] - ETA: 10s - loss: 0.4925 - acc: 0.7812
 512/1424 [=========>....................] - ETA: 9s - loss: 0.4924 - acc: 0.7812 
 544/1424 [==========>...................] - ETA: 9s - loss: 0.4931 - acc: 0.7812
 576/1424 [===========>..................] - ETA: 9s - loss: 0.4957 - acc: 0.7812
 608/1424 [===========>..................] - ETA: 8s - loss: 0.4875 - acc: 0.7862
 640/1424 [============>.................] - ETA: 8s - loss: 0.4839 - acc: 0.7844
 672/1424 [=============>................] - ETA: 8s - loss: 0.4886 - acc: 0.7827
 704/1424 [=============>................] - ETA: 7s - loss: 0.4840 - acc: 0.7855
 736/1424 [==============>...............] - ETA: 7s - loss: 0.4785 - acc: 0.7880
 768/1424 [===============>..............] - ETA: 7s - loss: 0.4802 - acc: 0.7891
 800/1424 [===============>..............] - ETA: 6s - loss: 0.4828 - acc: 0.7887
 832/1424 [================>.............] - ETA: 6s - loss: 0.4769 - acc: 0.7945
 864/1424 [=================>............] - ETA: 6s - loss: 0.4754 - acc: 0.7951
 896/1424 [=================>............] - ETA: 5s - loss: 0.4732 - acc: 0.7958
 928/1424 [==================>...........] - ETA: 5s - loss: 0.4739 - acc: 0.7942
 960/1424 [===================>..........] - ETA: 4s - loss: 0.4748 - acc: 0.7958
 992/1424 [===================>..........] - ETA: 4s - loss: 0.4755 - acc: 0.7954
1024/1424 [====================>.........] - ETA: 4s - loss: 0.4735 - acc: 0.7949
1056/1424 [=====================>........] - ETA: 3s - loss: 0.4756 - acc: 0.7936
1088/1424 [=====================>........] - ETA: 3s - loss: 0.4773 - acc: 0.7914
1120/1424 [======================>.......] - ETA: 3s - loss: 0.4745 - acc: 0.7911
1152/1424 [=======================>......] - ETA: 2s - loss: 0.4707 - acc: 0.7934
1184/1424 [=======================>......] - ETA: 2s - loss: 0.4680 - acc: 0.7948
1216/1424 [========================>.....] - ETA: 2s - loss: 0.4646 - acc: 0.7977
1248/1424 [=========================>....] - ETA: 1s - loss: 0.4666 - acc: 0.7973
1280/1424 [=========================>....] - ETA: 1s - loss: 0.4642 - acc: 0.7984
1312/1424 [==========================>...] - ETA: 1s - loss: 0.4639 - acc: 0.7995
1344/1424 [===========================>..] - ETA: 0s - loss: 0.4600 - acc: 0.8028
1376/1424 [===========================>..] - ETA: 0s - loss: 0.4582 - acc: 0.8038
1408/1424 [============================>.] - ETA: 0s - loss: 0.4627 - acc: 0.8026
1424/1424 [==============================] - 18s 13ms/step - loss: 0.4632 - acc: 0.8020 - val_loss: 0.4291 - val_acc: 0.8220

  32/1424 [..............................] - ETA: 26s
  64/1424 [>.............................] - ETA: 15s
  96/1424 [=>............................] - ETA: 11s
 128/1424 [=>............................] - ETA: 9s 
 160/1424 [==>...........................] - ETA: 8s
 192/1424 [===>..........................] - ETA: 7s
 224/1424 [===>..........................] - ETA: 6s
 256/1424 [====>.........................] - ETA: 6s
 288/1424 [=====>........................] - ETA: 5s
 320/1424 [=====>........................] - ETA: 5s
 352/1424 [======>.......................] - ETA: 5s
 384/1424 [=======>......................] - ETA: 5s
 416/1424 [=======>......................] - ETA: 4s
 448/1424 [========>.....................] - ETA: 4s
 480/1424 [=========>....................] - ETA: 4s
 512/1424 [=========>....................] - ETA: 4s
 544/1424 [==========>...................] - ETA: 3s
 576/1424 [===========>..................] - ETA: 3s
 608/1424 [===========>..................] - ETA: 3s
 640/1424 [============>.................] - ETA: 3s
 672/1424 [=============>................] - ETA: 3s
 704/1424 [=============>................] - ETA: 3s
 736/1424 [==============>...............] - ETA: 2s
 768/1424 [===============>..............] - ETA: 2s
 800/1424 [===============>..............] - ETA: 2s
 832/1424 [================>.............] - ETA: 2s
 864/1424 [=================>............] - ETA: 2s
 896/1424 [=================>............] - ETA: 2s
 928/1424 [==================>...........] - ETA: 2s
 960/1424 [===================>..........] - ETA: 1s
 992/1424 [===================>..........] - ETA: 1s
1024/1424 [====================>.........] - ETA: 1s
1056/1424 [=====================>........] - ETA: 1s
1088/1424 [=====================>........] - ETA: 1s
1120/1424 [======================>.......] - ETA: 1s
1152/1424 [=======================>......] - ETA: 1s
1184/1424 [=======================>......] - ETA: 0s
1216/1424 [========================>.....] - ETA: 0s
1248/1424 [=========================>....] - ETA: 0s
1280/1424 [=========================>....] - ETA: 0s
1312/1424 [==========================>...] - ETA: 0s
1344/1424 [===========================>..] - ETA: 0s
1376/1424 [===========================>..] - ETA: 0s
1408/1424 [============================>.] - ETA: 0s
1424/1424 [==============================] - 6s 4ms/step
Test acc: 0.8469101123595506

  32/1424 [..............................] - ETA: 5s
  64/1424 [>.............................] - ETA: 4s
  96/1424 [=>............................] - ETA: 4s
 128/1424 [=>............................] - ETA: 4s
 160/1424 [==>...........................] - ETA: 4s
 192/1424 [===>..........................] - ETA: 4s
 224/1424 [===>..........................] - ETA: 4s
 256/1424 [====>.........................] - ETA: 4s
 288/1424 [=====>........................] - ETA: 4s
 320/1424 [=====>........................] - ETA: 3s
 352/1424 [======>.......................] - ETA: 3s
 384/1424 [=======>......................] - ETA: 3s
 416/1424 [=======>......................] - ETA: 3s
 448/1424 [========>.....................] - ETA: 3s
 480/1424 [=========>....................] - ETA: 3s
 512/1424 [=========>....................] - ETA: 3s
 544/1424 [==========>...................] - ETA: 3s
 576/1424 [===========>..................] - ETA: 3s
 608/1424 [===========>..................] - ETA: 2s
 640/1424 [============>.................] - ETA: 2s
 672/1424 [=============>................] - ETA: 2s
 704/1424 [=============>................] - ETA: 2s
 736/1424 [==============>...............] - ETA: 2s
 768/1424 [===============>..............] - ETA: 2s
 800/1424 [===============>..............] - ETA: 2s
 832/1424 [================>.............] - ETA: 2s
 864/1424 [=================>............] - ETA: 2s
 896/1424 [=================>............] - ETA: 1s
 928/1424 [==================>...........] - ETA: 1s
 960/1424 [===================>..........] - ETA: 1s
 992/1424 [===================>..........] - ETA: 1s
1024/1424 [====================>.........] - ETA: 1s
1056/1424 [=====================>........] - ETA: 1s
1088/1424 [=====================>........] - ETA: 1s
1120/1424 [======================>.......] - ETA: 1s
1152/1424 [=======================>......] - ETA: 0s
1184/1424 [=======================>......] - ETA: 0s
1216/1424 [========================>.....] - ETA: 0s
1248/1424 [=========================>....] - ETA: 0s
1280/1424 [=========================>....] - ETA: 0s
1312/1424 [==========================>...] - ETA: 0s
1344/1424 [===========================>..] - ETA: 0s
1376/1424 [===========================>..] - ETA: 0s
1408/1424 [============================>.] - ETA: 0s
1424/1424 [==============================] - 5s 4ms/step
Test acc: [0.4014537756362658, 0.8426966292134831]
Test auc: 0.9169632148718597
Test mcc: 0.6961337859240854
Execute epoch: 23
Execute time: 442.66456389427185
(W) Execute time: 439.7944312095642
