_________________________________________________________________
Layer (type)                 Output Shape              Param #   
=================================================================
embedding_1 (Embedding)      (None, None, 128)         2688      
_________________________________________________________________
lstm_1 (LSTM)                (None, None, 64)          49408     
_________________________________________________________________
lstm_2 (LSTM)                (None, None, 64)          33024     
_________________________________________________________________
lstm_3 (LSTM)                (None, 64)                33024     
_________________________________________________________________
dense_1 (Dense)              (None, 16)                1040      
_________________________________________________________________
dense_2 (Dense)              (None, 1)                 17        
=================================================================
Total params: 119,201
Trainable params: 119,201
Non-trainable params: 0
_________________________________________________________________
Train on 1424 samples, validate on 708 samples
Epoch 1/1

  32/1424 [..............................] - ETA: 2:28 - loss: 0.6935 - acc: 0.5000
  64/1424 [>.............................] - ETA: 1:20 - loss: 0.6934 - acc: 0.4375
  96/1424 [=>............................] - ETA: 57s - loss: 0.6934 - acc: 0.4688 
 128/1424 [=>............................] - ETA: 45s - loss: 0.6933 - acc: 0.4688
 160/1424 [==>...........................] - ETA: 38s - loss: 0.6927 - acc: 0.5062
 192/1424 [===>..........................] - ETA: 33s - loss: 0.6926 - acc: 0.5156
 224/1424 [===>..........................] - ETA: 30s - loss: 0.6923 - acc: 0.5223
 256/1424 [====>.........................] - ETA: 27s - loss: 0.6923 - acc: 0.5234
 288/1424 [=====>........................] - ETA: 25s - loss: 0.6931 - acc: 0.5069
 320/1424 [=====>........................] - ETA: 23s - loss: 0.6932 - acc: 0.5031
 352/1424 [======>.......................] - ETA: 21s - loss: 0.6937 - acc: 0.4886
 384/1424 [=======>......................] - ETA: 20s - loss: 0.6934 - acc: 0.4948
 416/1424 [=======>......................] - ETA: 19s - loss: 0.6931 - acc: 0.5000
 448/1424 [========>.....................] - ETA: 17s - loss: 0.6934 - acc: 0.4955
 480/1424 [=========>....................] - ETA: 16s - loss: 0.6930 - acc: 0.5021
 512/1424 [=========>....................] - ETA: 15s - loss: 0.6932 - acc: 0.4980
 544/1424 [==========>...................] - ETA: 15s - loss: 0.6932 - acc: 0.4982
 576/1424 [===========>..................] - ETA: 14s - loss: 0.6932 - acc: 0.4948
 608/1424 [===========>..................] - ETA: 13s - loss: 0.6931 - acc: 0.4967
 640/1424 [============>.................] - ETA: 12s - loss: 0.6930 - acc: 0.5000
 672/1424 [=============>................] - ETA: 12s - loss: 0.6930 - acc: 0.4985
 704/1424 [=============>................] - ETA: 11s - loss: 0.6930 - acc: 0.4986
 736/1424 [==============>...............] - ETA: 10s - loss: 0.6930 - acc: 0.4973
 768/1424 [===============>..............] - ETA: 10s - loss: 0.6930 - acc: 0.4974
 800/1424 [===============>..............] - ETA: 9s - loss: 0.6930 - acc: 0.4975 
 832/1424 [================>.............] - ETA: 9s - loss: 0.6930 - acc: 0.4964
 864/1424 [=================>............] - ETA: 8s - loss: 0.6928 - acc: 0.4988
 896/1424 [=================>............] - ETA: 7s - loss: 0.6928 - acc: 0.4978
 928/1424 [==================>...........] - ETA: 7s - loss: 0.6929 - acc: 0.4968
 960/1424 [===================>..........] - ETA: 6s - loss: 0.6928 - acc: 0.4948
 992/1424 [===================>..........] - ETA: 6s - loss: 0.6929 - acc: 0.4919
1024/1424 [====================>.........] - ETA: 5s - loss: 0.6927 - acc: 0.4932
1056/1424 [=====================>........] - ETA: 5s - loss: 0.6928 - acc: 0.4877
1088/1424 [=====================>........] - ETA: 4s - loss: 0.6925 - acc: 0.4890
1120/1424 [======================>.......] - ETA: 4s - loss: 0.6923 - acc: 0.4911
1152/1424 [=======================>......] - ETA: 3s - loss: 0.6920 - acc: 0.4931
1184/1424 [=======================>......] - ETA: 3s - loss: 0.6917 - acc: 0.4941
1216/1424 [========================>.....] - ETA: 2s - loss: 0.6916 - acc: 0.4942
1248/1424 [=========================>....] - ETA: 2s - loss: 0.6914 - acc: 0.4944
1280/1424 [=========================>....] - ETA: 2s - loss: 0.6914 - acc: 0.4930
1312/1424 [==========================>...] - ETA: 1s - loss: 0.6912 - acc: 0.4886
1344/1424 [===========================>..] - ETA: 1s - loss: 0.6910 - acc: 0.4881
1376/1424 [===========================>..] - ETA: 0s - loss: 0.6900 - acc: 0.4927
1408/1424 [============================>.] - ETA: 0s - loss: 0.6891 - acc: 0.4957
1424/1424 [==============================] - 23s 16ms/step - loss: 0.6884 - acc: 0.4958 - val_loss: 0.6356 - val_acc: 0.5381
Train on 1424 samples, validate on 708 samples
Epoch 1/1

  32/1424 [..............................] - ETA: 16s - loss: 0.6955 - acc: 0.4688
  64/1424 [>.............................] - ETA: 15s - loss: 0.6561 - acc: 0.4844
  96/1424 [=>............................] - ETA: 15s - loss: 0.5869 - acc: 0.5729
 128/1424 [=>............................] - ETA: 14s - loss: 0.6064 - acc: 0.5938
 160/1424 [==>...........................] - ETA: 14s - loss: 0.8001 - acc: 0.5687
 192/1424 [===>..........................] - ETA: 14s - loss: 0.8366 - acc: 0.5990
 224/1424 [===>..........................] - ETA: 13s - loss: 0.8729 - acc: 0.6027
 256/1424 [====>.........................] - ETA: 13s - loss: 0.8328 - acc: 0.6328
 288/1424 [=====>........................] - ETA: 13s - loss: 0.8016 - acc: 0.6667
 320/1424 [=====>........................] - ETA: 12s - loss: 0.7801 - acc: 0.6781
 352/1424 [======>.......................] - ETA: 12s - loss: 0.7649 - acc: 0.6847
 384/1424 [=======>......................] - ETA: 12s - loss: 0.7643 - acc: 0.6927
 416/1424 [=======>......................] - ETA: 11s - loss: 0.7573 - acc: 0.6995
 448/1424 [========>.....................] - ETA: 11s - loss: 0.7470 - acc: 0.7054
 480/1424 [=========>....................] - ETA: 10s - loss: 0.7407 - acc: 0.7063
 512/1424 [=========>....................] - ETA: 10s - loss: 0.7326 - acc: 0.7168
 544/1424 [==========>...................] - ETA: 10s - loss: 0.7297 - acc: 0.7151
 576/1424 [===========>..................] - ETA: 9s - loss: 0.7256 - acc: 0.7153 
 608/1424 [===========>..................] - ETA: 9s - loss: 0.7201 - acc: 0.7188
 640/1424 [============>.................] - ETA: 9s - loss: 0.7172 - acc: 0.7234
 672/1424 [=============>................] - ETA: 8s - loss: 0.7138 - acc: 0.7277
 704/1424 [=============>................] - ETA: 8s - loss: 0.7106 - acc: 0.7315
 736/1424 [==============>...............] - ETA: 7s - loss: 0.7074 - acc: 0.7323
 768/1424 [===============>..............] - ETA: 7s - loss: 0.7026 - acc: 0.7370
 800/1424 [===============>..............] - ETA: 7s - loss: 0.6998 - acc: 0.7400
 832/1424 [================>.............] - ETA: 6s - loss: 0.6983 - acc: 0.7404
 864/1424 [=================>............] - ETA: 6s - loss: 0.6918 - acc: 0.7431
 896/1424 [=================>............] - ETA: 6s - loss: 0.6850 - acc: 0.7444
 928/1424 [==================>...........] - ETA: 5s - loss: 0.6979 - acc: 0.7446
 960/1424 [===================>..........] - ETA: 5s - loss: 0.6910 - acc: 0.7438
 992/1424 [===================>..........] - ETA: 5s - loss: 0.6917 - acc: 0.7399
1024/1424 [====================>.........] - ETA: 4s - loss: 0.6874 - acc: 0.7373
1056/1424 [=====================>........] - ETA: 4s - loss: 0.6859 - acc: 0.7320
1088/1424 [=====================>........] - ETA: 3s - loss: 0.6829 - acc: 0.7335
1120/1424 [======================>.......] - ETA: 3s - loss: 0.6850 - acc: 0.7304
1152/1424 [=======================>......] - ETA: 3s - loss: 0.6833 - acc: 0.7292
1184/1424 [=======================>......] - ETA: 2s - loss: 0.6809 - acc: 0.7297
1216/1424 [========================>.....] - ETA: 2s - loss: 0.6789 - acc: 0.7319
1248/1424 [=========================>....] - ETA: 2s - loss: 0.6777 - acc: 0.7324
1280/1424 [=========================>....] - ETA: 1s - loss: 0.6905 - acc: 0.7289
1312/1424 [==========================>...] - ETA: 1s - loss: 0.6892 - acc: 0.7294
1344/1424 [===========================>..] - ETA: 0s - loss: 0.6871 - acc: 0.7292
1376/1424 [===========================>..] - ETA: 0s - loss: 0.6852 - acc: 0.7282
1408/1424 [============================>.] - ETA: 0s - loss: 0.6830 - acc: 0.7273
1424/1424 [==============================] - 19s 14ms/step - loss: 0.6822 - acc: 0.7268 - val_loss: 0.7520 - val_acc: 0.6172
Train on 1424 samples, validate on 708 samples
Epoch 1/1

  32/1424 [..............................] - ETA: 16s - loss: 0.6001 - acc: 0.6250
  64/1424 [>.............................] - ETA: 15s - loss: 0.8353 - acc: 0.5938
  96/1424 [=>............................] - ETA: 15s - loss: 0.7362 - acc: 0.6458
 128/1424 [=>............................] - ETA: 15s - loss: 0.9429 - acc: 0.6328
 160/1424 [==>...........................] - ETA: 14s - loss: 1.1432 - acc: 0.6188
 192/1424 [===>..........................] - ETA: 14s - loss: 1.1216 - acc: 0.6094
 224/1424 [===>..........................] - ETA: 13s - loss: 1.2406 - acc: 0.6161
 256/1424 [====>.........................] - ETA: 13s - loss: 1.2800 - acc: 0.6289
 288/1424 [=====>........................] - ETA: 13s - loss: 1.1968 - acc: 0.6458
 320/1424 [=====>........................] - ETA: 12s - loss: 1.1291 - acc: 0.6656
 352/1424 [======>.......................] - ETA: 12s - loss: 1.1205 - acc: 0.6705
 384/1424 [=======>......................] - ETA: 12s - loss: 1.0723 - acc: 0.6771
 416/1424 [=======>......................] - ETA: 11s - loss: 1.0309 - acc: 0.6779
 448/1424 [========>.....................] - ETA: 11s - loss: 1.0151 - acc: 0.6875
 480/1424 [=========>....................] - ETA: 10s - loss: 0.9919 - acc: 0.6833
 512/1424 [=========>....................] - ETA: 10s - loss: 1.0260 - acc: 0.6934
 544/1424 [==========>...................] - ETA: 10s - loss: 1.0036 - acc: 0.6949
 576/1424 [===========>..................] - ETA: 9s - loss: 0.9811 - acc: 0.6910 
 608/1424 [===========>..................] - ETA: 9s - loss: 1.0114 - acc: 0.6859
 640/1424 [============>.................] - ETA: 9s - loss: 0.9910 - acc: 0.6797
 672/1424 [=============>................] - ETA: 8s - loss: 0.9731 - acc: 0.6741
 704/1424 [=============>................] - ETA: 8s - loss: 0.9547 - acc: 0.6662
 736/1424 [==============>...............] - ETA: 7s - loss: 0.9407 - acc: 0.6617
 768/1424 [===============>..............] - ETA: 7s - loss: 0.9254 - acc: 0.6576
 800/1424 [===============>..............] - ETA: 7s - loss: 0.9126 - acc: 0.6538
 832/1424 [================>.............] - ETA: 6s - loss: 0.9192 - acc: 0.6502
 864/1424 [=================>............] - ETA: 6s - loss: 0.9109 - acc: 0.6447
 896/1424 [=================>............] - ETA: 6s - loss: 0.9033 - acc: 0.6339
 928/1424 [==================>...........] - ETA: 5s - loss: 0.8972 - acc: 0.6282
 960/1424 [===================>..........] - ETA: 5s - loss: 0.8895 - acc: 0.6260
 992/1424 [===================>..........] - ETA: 5s - loss: 0.8931 - acc: 0.6321
1024/1424 [====================>.........] - ETA: 4s - loss: 0.8849 - acc: 0.6299
1056/1424 [=====================>........] - ETA: 4s - loss: 0.8775 - acc: 0.6297
1088/1424 [=====================>........] - ETA: 3s - loss: 0.8699 - acc: 0.6296
1120/1424 [======================>.......] - ETA: 3s - loss: 0.8623 - acc: 0.6286
1152/1424 [=======================>......] - ETA: 3s - loss: 0.8547 - acc: 0.6302
1184/1424 [=======================>......] - ETA: 2s - loss: 0.8488 - acc: 0.6318
1216/1424 [========================>.....] - ETA: 2s - loss: 0.8421 - acc: 0.6308
1248/1424 [=========================>....] - ETA: 2s - loss: 0.8360 - acc: 0.6298
1280/1424 [=========================>....] - ETA: 1s - loss: 0.8293 - acc: 0.6320
1312/1424 [==========================>...] - ETA: 1s - loss: 0.8236 - acc: 0.6319
1344/1424 [===========================>..] - ETA: 0s - loss: 0.8184 - acc: 0.6324
1376/1424 [===========================>..] - ETA: 0s - loss: 0.8125 - acc: 0.6352
1408/1424 [============================>.] - ETA: 0s - loss: 0.8078 - acc: 0.6342
1424/1424 [==============================] - 19s 14ms/step - loss: 0.8056 - acc: 0.6348 - val_loss: 0.5998 - val_acc: 0.8291
Train on 1424 samples, validate on 708 samples
Epoch 1/1

  32/1424 [..............................] - ETA: 17s - loss: 0.6065 - acc: 0.6875
  64/1424 [>.............................] - ETA: 16s - loss: 0.6301 - acc: 0.7344
  96/1424 [=>............................] - ETA: 15s - loss: 0.6044 - acc: 0.7500
 128/1424 [=>............................] - ETA: 15s - loss: 0.5824 - acc: 0.7656
 160/1424 [==>...........................] - ETA: 14s - loss: 0.5762 - acc: 0.7688
 192/1424 [===>..........................] - ETA: 14s - loss: 0.5805 - acc: 0.7656
 224/1424 [===>..........................] - ETA: 14s - loss: 0.5734 - acc: 0.7679
 256/1424 [====>.........................] - ETA: 13s - loss: 0.5842 - acc: 0.7617
 288/1424 [=====>........................] - ETA: 13s - loss: 0.5764 - acc: 0.7743
 320/1424 [=====>........................] - ETA: 12s - loss: 0.5782 - acc: 0.7781
 352/1424 [======>.......................] - ETA: 12s - loss: 0.5818 - acc: 0.7812
 384/1424 [=======>......................] - ETA: 12s - loss: 0.5800 - acc: 0.7812
 416/1424 [=======>......................] - ETA: 11s - loss: 0.5746 - acc: 0.7885
 448/1424 [========>.....................] - ETA: 11s - loss: 0.5694 - acc: 0.7946
 480/1424 [=========>....................] - ETA: 10s - loss: 0.5669 - acc: 0.7937
 512/1424 [=========>....................] - ETA: 10s - loss: 0.5614 - acc: 0.8008
 544/1424 [==========>...................] - ETA: 10s - loss: 0.5591 - acc: 0.7996
 576/1424 [===========>..................] - ETA: 9s - loss: 0.5685 - acc: 0.7986 
 608/1424 [===========>..................] - ETA: 9s - loss: 0.5623 - acc: 0.8010
 640/1424 [============>.................] - ETA: 9s - loss: 0.5877 - acc: 0.8031
 672/1424 [=============>................] - ETA: 8s - loss: 0.5817 - acc: 0.8065
 704/1424 [=============>................] - ETA: 8s - loss: 0.5809 - acc: 0.8026
 736/1424 [==============>...............] - ETA: 7s - loss: 0.5803 - acc: 0.8016
 768/1424 [===============>..............] - ETA: 7s - loss: 0.6027 - acc: 0.7995
 800/1424 [===============>..............] - ETA: 7s - loss: 0.6187 - acc: 0.7975
 832/1424 [================>.............] - ETA: 6s - loss: 0.6175 - acc: 0.7969
 864/1424 [=================>............] - ETA: 6s - loss: 0.6193 - acc: 0.7963
 896/1424 [=================>............] - ETA: 6s - loss: 0.6158 - acc: 0.7991
 928/1424 [==================>...........] - ETA: 5s - loss: 0.6157 - acc: 0.7985
 960/1424 [===================>..........] - ETA: 5s - loss: 0.6123 - acc: 0.8000
 992/1424 [===================>..........] - ETA: 5s - loss: 0.6097 - acc: 0.7994
1024/1424 [====================>.........] - ETA: 4s - loss: 0.6081 - acc: 0.8008
1056/1424 [=====================>........] - ETA: 4s - loss: 0.6171 - acc: 0.7917
1088/1424 [=====================>........] - ETA: 3s - loss: 0.6161 - acc: 0.7932
1120/1424 [======================>.......] - ETA: 3s - loss: 0.6137 - acc: 0.7946
1152/1424 [=======================>......] - ETA: 3s - loss: 0.6133 - acc: 0.7977
1184/1424 [=======================>......] - ETA: 2s - loss: 0.6135 - acc: 0.7931
1216/1424 [========================>.....] - ETA: 2s - loss: 0.6123 - acc: 0.7944
1248/1424 [=========================>....] - ETA: 2s - loss: 0.6115 - acc: 0.7957
1280/1424 [=========================>....] - ETA: 1s - loss: 0.6109 - acc: 0.7922
1312/1424 [==========================>...] - ETA: 1s - loss: 0.6103 - acc: 0.7919
1344/1424 [===========================>..] - ETA: 0s - loss: 0.6092 - acc: 0.7909
1376/1424 [===========================>..] - ETA: 0s - loss: 0.6193 - acc: 0.7922
1408/1424 [============================>.] - ETA: 0s - loss: 0.6177 - acc: 0.7940
1424/1424 [==============================] - 19s 14ms/step - loss: 0.6172 - acc: 0.7942 - val_loss: 0.5703 - val_acc: 0.8319
Train on 1424 samples, validate on 708 samples
Epoch 1/1

  32/1424 [..............................] - ETA: 16s - loss: 0.5546 - acc: 0.8125
  64/1424 [>.............................] - ETA: 15s - loss: 0.5690 - acc: 0.8438
  96/1424 [=>............................] - ETA: 15s - loss: 0.5752 - acc: 0.8333
 128/1424 [=>............................] - ETA: 15s - loss: 0.5941 - acc: 0.7891
 160/1424 [==>...........................] - ETA: 14s - loss: 0.5752 - acc: 0.8000
 192/1424 [===>..........................] - ETA: 14s - loss: 0.5695 - acc: 0.8021
 224/1424 [===>..........................] - ETA: 13s - loss: 0.5510 - acc: 0.8080
 256/1424 [====>.........................] - ETA: 13s - loss: 0.5642 - acc: 0.7891
 288/1424 [=====>........................] - ETA: 13s - loss: 0.5598 - acc: 0.7917
 320/1424 [=====>........................] - ETA: 12s - loss: 0.5576 - acc: 0.7844
 352/1424 [======>.......................] - ETA: 12s - loss: 0.5710 - acc: 0.7699
 384/1424 [=======>......................] - ETA: 12s - loss: 0.5646 - acc: 0.7708
 416/1424 [=======>......................] - ETA: 11s - loss: 0.5627 - acc: 0.7764
 448/1424 [========>.....................] - ETA: 11s - loss: 0.5596 - acc: 0.7857
 480/1424 [=========>....................] - ETA: 10s - loss: 0.5594 - acc: 0.7917
 512/1424 [=========>....................] - ETA: 10s - loss: 0.5612 - acc: 0.7910
 544/1424 [==========>...................] - ETA: 10s - loss: 0.5601 - acc: 0.7923
 576/1424 [===========>..................] - ETA: 9s - loss: 0.5606 - acc: 0.7917 
 608/1424 [===========>..................] - ETA: 9s - loss: 0.5557 - acc: 0.7961
 640/1424 [============>.................] - ETA: 9s - loss: 0.5526 - acc: 0.8000
 672/1424 [=============>................] - ETA: 8s - loss: 0.5718 - acc: 0.8021
 704/1424 [=============>................] - ETA: 8s - loss: 0.5896 - acc: 0.8040
 736/1424 [==============>...............] - ETA: 7s - loss: 0.6292 - acc: 0.8016
 768/1424 [===============>..............] - ETA: 7s - loss: 0.6500 - acc: 0.7969
 800/1424 [===============>..............] - ETA: 7s - loss: 0.6440 - acc: 0.7950
 832/1424 [================>.............] - ETA: 6s - loss: 0.6424 - acc: 0.7969
 864/1424 [=================>............] - ETA: 6s - loss: 0.6372 - acc: 0.7975
 896/1424 [=================>............] - ETA: 6s - loss: 0.6344 - acc: 0.7980
 928/1424 [==================>...........] - ETA: 5s - loss: 0.6310 - acc: 0.7985
 960/1424 [===================>..........] - ETA: 5s - loss: 0.6268 - acc: 0.8021
 992/1424 [===================>..........] - ETA: 5s - loss: 0.6224 - acc: 0.8044
1024/1424 [====================>.........] - ETA: 4s - loss: 0.6200 - acc: 0.8018
1056/1424 [=====================>........] - ETA: 4s - loss: 0.6184 - acc: 0.8021
1088/1424 [=====================>........] - ETA: 3s - loss: 0.6160 - acc: 0.8006
1120/1424 [======================>.......] - ETA: 3s - loss: 0.6147 - acc: 0.7982
1152/1424 [=======================>......] - ETA: 3s - loss: 0.6107 - acc: 0.8003
1184/1424 [=======================>......] - ETA: 2s - loss: 0.6086 - acc: 0.8015
1216/1424 [========================>.....] - ETA: 2s - loss: 0.6052 - acc: 0.8010
1248/1424 [=========================>....] - ETA: 2s - loss: 0.6015 - acc: 0.7997
1280/1424 [=========================>....] - ETA: 1s - loss: 0.5978 - acc: 0.7992
1312/1424 [==========================>...] - ETA: 1s - loss: 0.5953 - acc: 0.7988
1344/1424 [===========================>..] - ETA: 0s - loss: 0.5908 - acc: 0.7984
1376/1424 [===========================>..] - ETA: 0s - loss: 0.5871 - acc: 0.7980
1408/1424 [============================>.] - ETA: 0s - loss: 0.5852 - acc: 0.7990
1424/1424 [==============================] - 19s 14ms/step - loss: 0.5846 - acc: 0.7985 - val_loss: 0.4862 - val_acc: 0.8446
Train on 1424 samples, validate on 708 samples
Epoch 1/1

  32/1424 [..............................] - ETA: 16s - loss: 0.9492 - acc: 0.7812
  64/1424 [>.............................] - ETA: 15s - loss: 0.9636 - acc: 0.7656
  96/1424 [=>............................] - ETA: 15s - loss: 1.0048 - acc: 0.7604
 128/1424 [=>............................] - ETA: 15s - loss: 0.8443 - acc: 0.7812
 160/1424 [==>...........................] - ETA: 14s - loss: 0.8630 - acc: 0.7875
 192/1424 [===>..........................] - ETA: 14s - loss: 0.7813 - acc: 0.7917
 224/1424 [===>..........................] - ETA: 13s - loss: 0.7932 - acc: 0.8036
 256/1424 [====>.........................] - ETA: 13s - loss: 0.8775 - acc: 0.8008
 288/1424 [=====>........................] - ETA: 13s - loss: 1.0429 - acc: 0.7812
 320/1424 [=====>........................] - ETA: 12s - loss: 1.0319 - acc: 0.7906
 352/1424 [======>.......................] - ETA: 12s - loss: 0.9772 - acc: 0.7898
 384/1424 [=======>......................] - ETA: 12s - loss: 0.9692 - acc: 0.7865
 416/1424 [=======>......................] - ETA: 11s - loss: 0.9337 - acc: 0.7812
 448/1424 [========>.....................] - ETA: 11s - loss: 0.9306 - acc: 0.7790
 480/1424 [=========>....................] - ETA: 10s - loss: 0.9084 - acc: 0.7771
 512/1424 [=========>....................] - ETA: 10s - loss: 0.8831 - acc: 0.7754
 544/1424 [==========>...................] - ETA: 10s - loss: 0.8637 - acc: 0.7757
 576/1424 [===========>..................] - ETA: 9s - loss: 0.8476 - acc: 0.7795 
 608/1424 [===========>..................] - ETA: 9s - loss: 0.8262 - acc: 0.7845
 640/1424 [============>.................] - ETA: 9s - loss: 0.8067 - acc: 0.7891
 672/1424 [=============>................] - ETA: 8s - loss: 0.7913 - acc: 0.7917
 704/1424 [=============>................] - ETA: 8s - loss: 0.7760 - acc: 0.7898
 736/1424 [==============>...............] - ETA: 7s - loss: 0.7653 - acc: 0.7867
 768/1424 [===============>..............] - ETA: 7s - loss: 0.7520 - acc: 0.7891
 800/1424 [===============>..............] - ETA: 7s - loss: 0.7434 - acc: 0.7887
 832/1424 [================>.............] - ETA: 6s - loss: 0.7390 - acc: 0.7861
 864/1424 [=================>............] - ETA: 6s - loss: 0.7444 - acc: 0.7847
 896/1424 [=================>............] - ETA: 6s - loss: 0.7321 - acc: 0.7868
 928/1424 [==================>...........] - ETA: 5s - loss: 0.7419 - acc: 0.7845
 960/1424 [===================>..........] - ETA: 5s - loss: 0.7341 - acc: 0.7833
 992/1424 [===================>..........] - ETA: 5s - loss: 0.7259 - acc: 0.7843
1024/1424 [====================>.........] - ETA: 4s - loss: 0.7202 - acc: 0.7842
1056/1424 [=====================>........] - ETA: 4s - loss: 0.7102 - acc: 0.7869
1088/1424 [=====================>........] - ETA: 3s - loss: 0.7023 - acc: 0.7877
1120/1424 [======================>.......] - ETA: 3s - loss: 0.6962 - acc: 0.7875
1152/1424 [=======================>......] - ETA: 3s - loss: 0.6875 - acc: 0.7891
1184/1424 [=======================>......] - ETA: 2s - loss: 0.6855 - acc: 0.7872
1216/1424 [========================>.....] - ETA: 2s - loss: 0.6782 - acc: 0.7870
1248/1424 [=========================>....] - ETA: 2s - loss: 0.6941 - acc: 0.7893
1280/1424 [=========================>....] - ETA: 1s - loss: 0.6977 - acc: 0.7898
1312/1424 [==========================>...] - ETA: 1s - loss: 0.7059 - acc: 0.7866
1344/1424 [===========================>..] - ETA: 0s - loss: 0.6991 - acc: 0.7865
1376/1424 [===========================>..] - ETA: 0s - loss: 0.7254 - acc: 0.7805
1408/1424 [============================>.] - ETA: 0s - loss: 0.7414 - acc: 0.7798
1424/1424 [==============================] - 19s 14ms/step - loss: 0.7481 - acc: 0.7816 - val_loss: 0.4642 - val_acc: 0.8460
Train on 1424 samples, validate on 708 samples
Epoch 1/1

  32/1424 [..............................] - ETA: 16s - loss: 0.3261 - acc: 0.8750
  64/1424 [>.............................] - ETA: 15s - loss: 0.6109 - acc: 0.8906
  96/1424 [=>............................] - ETA: 15s - loss: 0.7122 - acc: 0.8646
 128/1424 [=>............................] - ETA: 14s - loss: 0.6532 - acc: 0.8438
 160/1424 [==>...........................] - ETA: 14s - loss: 0.6214 - acc: 0.8250
 192/1424 [===>..........................] - ETA: 14s - loss: 0.5876 - acc: 0.8281
 224/1424 [===>..........................] - ETA: 13s - loss: 0.5723 - acc: 0.8170
 256/1424 [====>.........................] - ETA: 13s - loss: 0.5417 - acc: 0.8281
 288/1424 [=====>........................] - ETA: 13s - loss: 0.5326 - acc: 0.8229
 320/1424 [=====>........................] - ETA: 12s - loss: 0.5860 - acc: 0.8156
 352/1424 [======>.......................] - ETA: 12s - loss: 0.5761 - acc: 0.8097
 384/1424 [=======>......................] - ETA: 12s - loss: 0.5657 - acc: 0.8125
 416/1424 [=======>......................] - ETA: 11s - loss: 0.6242 - acc: 0.8149
 448/1424 [========>.....................] - ETA: 11s - loss: 0.6057 - acc: 0.8170
 480/1424 [=========>....................] - ETA: 10s - loss: 0.6638 - acc: 0.8104
 512/1424 [=========>....................] - ETA: 10s - loss: 0.7053 - acc: 0.8086
 544/1424 [==========>...................] - ETA: 10s - loss: 0.6782 - acc: 0.8143
 576/1424 [===========>..................] - ETA: 9s - loss: 0.6779 - acc: 0.8073 
 608/1424 [===========>..................] - ETA: 9s - loss: 0.6938 - acc: 0.8059
 640/1424 [============>.................] - ETA: 9s - loss: 0.7068 - acc: 0.8078
 672/1424 [=============>................] - ETA: 8s - loss: 0.7242 - acc: 0.8095
 704/1424 [=============>................] - ETA: 8s - loss: 0.7270 - acc: 0.8125
 736/1424 [==============>...............] - ETA: 7s - loss: 0.7121 - acc: 0.8139
 768/1424 [===============>..............] - ETA: 7s - loss: 0.7020 - acc: 0.8164
 800/1424 [===============>..............] - ETA: 7s - loss: 0.7245 - acc: 0.8125
 832/1424 [================>.............] - ETA: 6s - loss: 0.7146 - acc: 0.8101
 864/1424 [=================>............] - ETA: 6s - loss: 0.7281 - acc: 0.8044
 896/1424 [=================>............] - ETA: 6s - loss: 0.7520 - acc: 0.7935
 928/1424 [==================>...........] - ETA: 5s - loss: 0.8122 - acc: 0.7866
 960/1424 [===================>..........] - ETA: 5s - loss: 0.8229 - acc: 0.7812
 992/1424 [===================>..........] - ETA: 4s - loss: 0.8379 - acc: 0.7722
1024/1424 [====================>.........] - ETA: 4s - loss: 0.8386 - acc: 0.7656
1056/1424 [=====================>........] - ETA: 4s - loss: 0.8344 - acc: 0.7595
1088/1424 [=====================>........] - ETA: 3s - loss: 0.8515 - acc: 0.7500
1120/1424 [======================>.......] - ETA: 3s - loss: 0.8431 - acc: 0.7491
1152/1424 [=======================>......] - ETA: 3s - loss: 0.8344 - acc: 0.7500
1184/1424 [=======================>......] - ETA: 2s - loss: 0.8296 - acc: 0.7475
1216/1424 [========================>.....] - ETA: 2s - loss: 0.8249 - acc: 0.7442
1248/1424 [=========================>....] - ETA: 2s - loss: 0.8238 - acc: 0.7388
1280/1424 [=========================>....] - ETA: 1s - loss: 0.8166 - acc: 0.7367
1312/1424 [==========================>...] - ETA: 1s - loss: 0.8151 - acc: 0.7355
1344/1424 [===========================>..] - ETA: 0s - loss: 0.8102 - acc: 0.7344
1376/1424 [===========================>..] - ETA: 0s - loss: 0.8035 - acc: 0.7362
1408/1424 [============================>.] - ETA: 0s - loss: 0.7982 - acc: 0.7379
1424/1424 [==============================] - 19s 14ms/step - loss: 0.7953 - acc: 0.7402 - val_loss: 0.5506 - val_acc: 0.8475
Train on 1424 samples, validate on 708 samples
Epoch 1/1

  32/1424 [..............................] - ETA: 16s - loss: 0.5648 - acc: 0.7500
  64/1424 [>.............................] - ETA: 15s - loss: 0.5489 - acc: 0.7031
  96/1424 [=>............................] - ETA: 15s - loss: 0.5568 - acc: 0.7188
 128/1424 [=>............................] - ETA: 15s - loss: 0.5591 - acc: 0.7188
 160/1424 [==>...........................] - ETA: 14s - loss: 0.5618 - acc: 0.7312
 192/1424 [===>..........................] - ETA: 14s - loss: 0.5606 - acc: 0.7448
 224/1424 [===>..........................] - ETA: 13s - loss: 0.5564 - acc: 0.7500
 256/1424 [====>.........................] - ETA: 13s - loss: 0.5628 - acc: 0.7383
 288/1424 [=====>........................] - ETA: 13s - loss: 0.5548 - acc: 0.7500
 320/1424 [=====>........................] - ETA: 12s - loss: 0.5675 - acc: 0.7312
 352/1424 [======>.......................] - ETA: 12s - loss: 0.5635 - acc: 0.7301
 384/1424 [=======>......................] - ETA: 12s - loss: 0.5626 - acc: 0.7318
 416/1424 [=======>......................] - ETA: 11s - loss: 0.5637 - acc: 0.7284
 448/1424 [========>.....................] - ETA: 11s - loss: 0.5732 - acc: 0.7299
 480/1424 [=========>....................] - ETA: 10s - loss: 0.5718 - acc: 0.7292
 512/1424 [=========>....................] - ETA: 10s - loss: 0.5982 - acc: 0.7363
 544/1424 [==========>...................] - ETA: 10s - loss: 0.5978 - acc: 0.7316
 576/1424 [===========>..................] - ETA: 9s - loss: 0.6477 - acc: 0.7257 
 608/1424 [===========>..................] - ETA: 9s - loss: 0.7475 - acc: 0.7188
 640/1424 [============>.................] - ETA: 9s - loss: 0.8483 - acc: 0.7203
 672/1424 [=============>................] - ETA: 8s - loss: 0.9911 - acc: 0.7158
 704/1424 [=============>................] - ETA: 8s - loss: 1.0945 - acc: 0.7202
 736/1424 [==============>...............] - ETA: 7s - loss: 1.2296 - acc: 0.7160
 768/1424 [===============>..............] - ETA: 7s - loss: 1.3965 - acc: 0.7122
 800/1424 [===============>..............] - ETA: 7s - loss: 1.4904 - acc: 0.7113
 832/1424 [================>.............] - ETA: 6s - loss: 1.5381 - acc: 0.7127
 864/1424 [=================>............] - ETA: 6s - loss: 1.6723 - acc: 0.7106
 896/1424 [=================>............] - ETA: 6s - loss: 1.8536 - acc: 0.7031
 928/1424 [==================>...........] - ETA: 5s - loss: 1.9174 - acc: 0.7037
 960/1424 [===================>..........] - ETA: 5s - loss: 2.0486 - acc: 0.7010
 992/1424 [===================>..........] - ETA: 5s - loss: 2.1803 - acc: 0.6976
1024/1424 [====================>.........] - ETA: 4s - loss: 2.3174 - acc: 0.6943
1056/1424 [=====================>........] - ETA: 4s - loss: 2.4506 - acc: 0.6894
1088/1424 [=====================>........] - ETA: 3s - loss: 2.6044 - acc: 0.6829
1120/1424 [======================>.......] - ETA: 3s - loss: 2.7039 - acc: 0.6804
1152/1424 [=======================>......] - ETA: 3s - loss: 2.8136 - acc: 0.6762
1184/1424 [=======================>......] - ETA: 2s - loss: 2.8802 - acc: 0.6740
1216/1424 [========================>.....] - ETA: 2s - loss: 2.9535 - acc: 0.6719
1248/1424 [=========================>....] - ETA: 2s - loss: 3.0276 - acc: 0.6699
1280/1424 [=========================>....] - ETA: 1s - loss: 3.1071 - acc: 0.6664
1312/1424 [==========================>...] - ETA: 1s - loss: 3.2012 - acc: 0.6601
1344/1424 [===========================>..] - ETA: 0s - loss: 3.2848 - acc: 0.6562
1376/1424 [===========================>..] - ETA: 0s - loss: 3.3387 - acc: 0.6555
1408/1424 [============================>.] - ETA: 0s - loss: 3.4059 - acc: 0.6506
1424/1424 [==============================] - 19s 14ms/step - loss: 3.4699 - acc: 0.6482 - val_loss: 8.1041 - val_acc: 0.4972
Train on 1424 samples, validate on 708 samples
Epoch 1/1

  32/1424 [..............................] - ETA: 16s - loss: 6.5773 - acc: 0.5625
  64/1424 [>.............................] - ETA: 15s - loss: 6.6234 - acc: 0.5312
  96/1424 [=>............................] - ETA: 15s - loss: 7.1125 - acc: 0.5104
 128/1424 [=>............................] - ETA: 15s - loss: 6.7742 - acc: 0.5234
 160/1424 [==>...........................] - ETA: 14s - loss: 6.2674 - acc: 0.5375
 192/1424 [===>..........................] - ETA: 14s - loss: 6.4166 - acc: 0.5365
 224/1424 [===>..........................] - ETA: 13s - loss: 6.3833 - acc: 0.5446
 256/1424 [====>.........................] - ETA: 13s - loss: 6.5387 - acc: 0.5352
 288/1424 [=====>........................] - ETA: 13s - loss: 6.2818 - acc: 0.5521
 320/1424 [=====>........................] - ETA: 12s - loss: 6.2203 - acc: 0.5594
 352/1424 [======>.......................] - ETA: 12s - loss: 6.3992 - acc: 0.5455
 384/1424 [=======>......................] - ETA: 12s - loss: 6.2581 - acc: 0.5495
 416/1424 [=======>......................] - ETA: 11s - loss: 6.1313 - acc: 0.5625
 448/1424 [========>.....................] - ETA: 11s - loss: 5.9956 - acc: 0.5670
 480/1424 [=========>....................] - ETA: 10s - loss: 5.9098 - acc: 0.5729
 512/1424 [=========>....................] - ETA: 10s - loss: 5.8941 - acc: 0.5781
 544/1424 [==========>...................] - ETA: 10s - loss: 5.7916 - acc: 0.5846
 576/1424 [===========>..................] - ETA: 9s - loss: 5.8135 - acc: 0.5781 
 608/1424 [===========>..................] - ETA: 9s - loss: 5.9341 - acc: 0.5740
 640/1424 [============>.................] - ETA: 9s - loss: 5.9429 - acc: 0.5750
 672/1424 [=============>................] - ETA: 8s - loss: 5.9747 - acc: 0.5729
 704/1424 [=============>................] - ETA: 8s - loss: 5.9806 - acc: 0.5753
 736/1424 [==============>...............] - ETA: 7s - loss: 6.0282 - acc: 0.5720
 768/1424 [===============>..............] - ETA: 7s - loss: 6.1121 - acc: 0.5690
 800/1424 [===============>..............] - ETA: 7s - loss: 6.1688 - acc: 0.5675
 832/1424 [================>.............] - ETA: 6s - loss: 6.1260 - acc: 0.5721
 864/1424 [=================>............] - ETA: 6s - loss: 6.1229 - acc: 0.5741
 896/1424 [=================>............] - ETA: 6s - loss: 6.1917 - acc: 0.5703
 928/1424 [==================>...........] - ETA: 5s - loss: 6.2378 - acc: 0.5690
 960/1424 [===================>..........] - ETA: 5s - loss: 6.3631 - acc: 0.5625
 992/1424 [===================>..........] - ETA: 5s - loss: 6.3515 - acc: 0.5645
1024/1424 [====================>.........] - ETA: 4s - loss: 6.3880 - acc: 0.5635
1056/1424 [=====================>........] - ETA: 4s - loss: 6.4682 - acc: 0.5597
1088/1424 [=====================>........] - ETA: 3s - loss: 6.4700 - acc: 0.5607
1120/1424 [======================>.......] - ETA: 3s - loss: 6.5014 - acc: 0.5589
1152/1424 [=======================>......] - ETA: 3s - loss: 6.5443 - acc: 0.5573
1184/1424 [=======================>......] - ETA: 2s - loss: 6.5758 - acc: 0.5557
1216/1424 [========================>.....] - ETA: 2s - loss: 6.5873 - acc: 0.5559
1248/1424 [=========================>....] - ETA: 2s - loss: 6.6109 - acc: 0.5553
1280/1424 [=========================>....] - ETA: 1s - loss: 6.5836 - acc: 0.5578
1312/1424 [==========================>...] - ETA: 1s - loss: 6.6429 - acc: 0.5549
1344/1424 [===========================>..] - ETA: 0s - loss: 6.7115 - acc: 0.5513
1376/1424 [===========================>..] - ETA: 0s - loss: 6.7191 - acc: 0.5516
1408/1424 [============================>.] - ETA: 0s - loss: 6.7486 - acc: 0.5497
1424/1424 [==============================] - 19s 14ms/step - loss: 6.7851 - acc: 0.5478 - val_loss: 8.0816 - val_acc: 0.4986
Train on 1424 samples, validate on 708 samples
Epoch 1/1

  32/1424 [..............................] - ETA: 16s - loss: 9.0240 - acc: 0.4375
  64/1424 [>.............................] - ETA: 15s - loss: 7.5149 - acc: 0.5312
  96/1424 [=>............................] - ETA: 15s - loss: 7.6846 - acc: 0.5208
 128/1424 [=>............................] - ETA: 15s - loss: 6.9176 - acc: 0.5547
 160/1424 [==>...........................] - ETA: 14s - loss: 7.3397 - acc: 0.5312
 192/1424 [===>..........................] - ETA: 14s - loss: 6.9558 - acc: 0.5521
 224/1424 [===>..........................] - ETA: 13s - loss: 6.9652 - acc: 0.5536
 256/1424 [====>.........................] - ETA: 13s - loss: 7.2455 - acc: 0.5352
 288/1424 [=====>........................] - ETA: 13s - loss: 7.3298 - acc: 0.5312
 320/1424 [=====>........................] - ETA: 12s - loss: 7.2516 - acc: 0.5344
 352/1424 [======>.......................] - ETA: 12s - loss: 7.3665 - acc: 0.5284
 384/1424 [=======>......................] - ETA: 12s - loss: 7.3781 - acc: 0.5286
 416/1424 [=======>......................] - ETA: 11s - loss: 7.3143 - acc: 0.5312
 448/1424 [========>.....................] - ETA: 11s - loss: 7.3655 - acc: 0.5290
 480/1424 [=========>....................] - ETA: 10s - loss: 7.2421 - acc: 0.5375
 512/1424 [=========>....................] - ETA: 10s - loss: 7.2552 - acc: 0.5352
 544/1424 [==========>...................] - ETA: 10s - loss: 7.2128 - acc: 0.5386
 576/1424 [===========>..................] - ETA: 9s - loss: 7.2020 - acc: 0.5399 
 608/1424 [===========>..................] - ETA: 9s - loss: 7.2189 - acc: 0.5395
 640/1424 [============>.................] - ETA: 9s - loss: 7.2842 - acc: 0.5359
 672/1424 [=============>................] - ETA: 8s - loss: 7.3222 - acc: 0.5327
 704/1424 [=============>................] - ETA: 8s - loss: 7.3766 - acc: 0.5298
 736/1424 [==============>...............] - ETA: 7s - loss: 7.3834 - acc: 0.5299
 768/1424 [===============>..............] - ETA: 7s - loss: 7.3062 - acc: 0.5352
 800/1424 [===============>..............] - ETA: 7s - loss: 7.2940 - acc: 0.5363
 832/1424 [================>.............] - ETA: 6s - loss: 7.2835 - acc: 0.5373
 864/1424 [=================>............] - ETA: 6s - loss: 7.2737 - acc: 0.5382
 896/1424 [=================>............] - ETA: 6s - loss: 7.3907 - acc: 0.5312
 928/1424 [==================>...........] - ETA: 5s - loss: 7.3969 - acc: 0.5302
 960/1424 [===================>..........] - ETA: 5s - loss: 7.4513 - acc: 0.5271
 992/1424 [===================>..........] - ETA: 5s - loss: 7.4220 - acc: 0.5292
1024/1424 [====================>.........] - ETA: 4s - loss: 7.5049 - acc: 0.5234
1056/1424 [=====================>........] - ETA: 4s - loss: 7.5675 - acc: 0.5189
1088/1424 [=====================>........] - ETA: 3s - loss: 7.3647 - acc: 0.5230
1120/1424 [======================>.......] - ETA: 3s - loss: 7.1738 - acc: 0.5250
1152/1424 [=======================>......] - ETA: 3s - loss: 6.9934 - acc: 0.5269
1184/1424 [=======================>......] - ETA: 2s - loss: 6.8235 - acc: 0.5245
1216/1424 [========================>.....] - ETA: 2s - loss: 6.6620 - acc: 0.5255
1248/1424 [=========================>....] - ETA: 2s - loss: 6.5092 - acc: 0.5240
1280/1424 [=========================>....] - ETA: 1s - loss: 6.3631 - acc: 0.5281
1312/1424 [==========================>...] - ETA: 1s - loss: 6.2246 - acc: 0.5290
1344/1424 [===========================>..] - ETA: 0s - loss: 6.0929 - acc: 0.5290
1376/1424 [===========================>..] - ETA: 0s - loss: 5.9674 - acc: 0.5283
1408/1424 [============================>.] - ETA: 0s - loss: 5.8474 - acc: 0.5291
1424/1424 [==============================] - 19s 14ms/step - loss: 5.7896 - acc: 0.5281 - val_loss: 0.6963 - val_acc: 0.5000
Train on 1424 samples, validate on 708 samples
Epoch 1/1

  32/1424 [..............................] - ETA: 16s - loss: 0.7113 - acc: 0.4062
  64/1424 [>.............................] - ETA: 15s - loss: 0.6988 - acc: 0.4844
  96/1424 [=>............................] - ETA: 15s - loss: 0.6897 - acc: 0.5417
 128/1424 [=>............................] - ETA: 15s - loss: 0.6889 - acc: 0.5469
 160/1424 [==>...........................] - ETA: 14s - loss: 0.6923 - acc: 0.5250
 192/1424 [===>..........................] - ETA: 14s - loss: 0.6955 - acc: 0.5052
 224/1424 [===>..........................] - ETA: 13s - loss: 0.6956 - acc: 0.5045
 256/1424 [====>.........................] - ETA: 13s - loss: 0.6944 - acc: 0.5117
 288/1424 [=====>........................] - ETA: 13s - loss: 0.6963 - acc: 0.5000
 320/1424 [=====>........................] - ETA: 12s - loss: 0.6963 - acc: 0.5000
 352/1424 [======>.......................] - ETA: 12s - loss: 0.6945 - acc: 0.5114
 384/1424 [=======>......................] - ETA: 12s - loss: 0.6942 - acc: 0.5130
 416/1424 [=======>......................] - ETA: 11s - loss: 0.6952 - acc: 0.5072
 448/1424 [========>.....................] - ETA: 11s - loss: 0.6959 - acc: 0.5022
 480/1424 [=========>....................] - ETA: 10s - loss: 0.6960 - acc: 0.5021
 512/1424 [=========>....................] - ETA: 10s - loss: 0.6950 - acc: 0.5078
 544/1424 [==========>...................] - ETA: 10s - loss: 0.6966 - acc: 0.4982
 576/1424 [===========>..................] - ETA: 9s - loss: 0.6976 - acc: 0.4913 
 608/1424 [===========>..................] - ETA: 9s - loss: 0.6975 - acc: 0.4918
 640/1424 [============>.................] - ETA: 9s - loss: 0.6972 - acc: 0.4938
 672/1424 [=============>................] - ETA: 8s - loss: 0.6969 - acc: 0.4955
 704/1424 [=============>................] - ETA: 8s - loss: 0.6956 - acc: 0.5043
 736/1424 [==============>...............] - ETA: 7s - loss: 0.6965 - acc: 0.4986
 768/1424 [===============>..............] - ETA: 7s - loss: 0.6958 - acc: 0.5026
 800/1424 [===============>..............] - ETA: 7s - loss: 0.6957 - acc: 0.5038
 832/1424 [================>.............] - ETA: 6s - loss: 0.6955 - acc: 0.5048
 864/1424 [=================>............] - ETA: 6s - loss: 0.6953 - acc: 0.5058
 896/1424 [=================>............] - ETA: 6s - loss: 0.6954 - acc: 0.5056
 928/1424 [==================>...........] - ETA: 5s - loss: 0.6960 - acc: 0.5011
 960/1424 [===================>..........] - ETA: 5s - loss: 0.6962 - acc: 0.5000
 992/1424 [===================>..........] - ETA: 5s - loss: 0.6966 - acc: 0.4970
1024/1424 [====================>.........] - ETA: 4s - loss: 0.6960 - acc: 0.5010
1056/1424 [=====================>........] - ETA: 4s - loss: 0.6962 - acc: 0.5000
1088/1424 [=====================>........] - ETA: 3s - loss: 0.6971 - acc: 0.4936
1120/1424 [======================>.......] - ETA: 3s - loss: 0.6966 - acc: 0.4973
1152/1424 [=======================>......] - ETA: 3s - loss: 0.6966 - acc: 0.4974
1184/1424 [=======================>......] - ETA: 2s - loss: 0.6965 - acc: 0.4975
1216/1424 [========================>.....] - ETA: 2s - loss: 0.6965 - acc: 0.4975
1248/1424 [=========================>....] - ETA: 2s - loss: 0.6967 - acc: 0.4960
1280/1424 [=========================>....] - ETA: 1s - loss: 0.6959 - acc: 0.5016
1312/1424 [==========================>...] - ETA: 1s - loss: 0.6957 - acc: 0.5030
1344/1424 [===========================>..] - ETA: 0s - loss: 0.6958 - acc: 0.5022
1376/1424 [===========================>..] - ETA: 0s - loss: 0.6958 - acc: 0.5022
1408/1424 [============================>.] - ETA: 0s - loss: 0.6957 - acc: 0.5028
1424/1424 [==============================] - 19s 14ms/step - loss: 0.6961 - acc: 0.5000 - val_loss: 0.6958 - val_acc: 0.5000
Train on 1424 samples, validate on 708 samples
Epoch 1/1

  32/1424 [..............................] - ETA: 16s - loss: 0.7049 - acc: 0.4375
  64/1424 [>.............................] - ETA: 15s - loss: 0.7026 - acc: 0.4531
  96/1424 [=>............................] - ETA: 15s - loss: 0.7003 - acc: 0.4688
 128/1424 [=>............................] - ETA: 15s - loss: 0.7003 - acc: 0.4688
 160/1424 [==>...........................] - ETA: 14s - loss: 0.7047 - acc: 0.4375
 192/1424 [===>..........................] - ETA: 14s - loss: 0.7062 - acc: 0.4271
 224/1424 [===>..........................] - ETA: 13s - loss: 0.7053 - acc: 0.4330
 256/1424 [====>.........................] - ETA: 13s - loss: 0.7036 - acc: 0.4453
 288/1424 [=====>........................] - ETA: 13s - loss: 0.7061 - acc: 0.4271
 320/1424 [=====>........................] - ETA: 12s - loss: 0.7059 - acc: 0.4281
 352/1424 [======>.......................] - ETA: 12s - loss: 0.7022 - acc: 0.4545
 384/1424 [=======>......................] - ETA: 12s - loss: 0.7027 - acc: 0.4505
 416/1424 [=======>......................] - ETA: 11s - loss: 0.7005 - acc: 0.4663
 448/1424 [========>.....................] - ETA: 11s - loss: 0.7002 - acc: 0.4688
 480/1424 [=========>....................] - ETA: 10s - loss: 0.6990 - acc: 0.4771
 512/1424 [=========>....................] - ETA: 10s - loss: 0.6993 - acc: 0.4746
 544/1424 [==========>...................] - ETA: 10s - loss: 0.6981 - acc: 0.4835
 576/1424 [===========>..................] - ETA: 9s - loss: 0.6977 - acc: 0.4861 
 608/1424 [===========>..................] - ETA: 9s - loss: 0.6965 - acc: 0.4951
 640/1424 [============>.................] - ETA: 9s - loss: 0.6960 - acc: 0.4984
 672/1424 [=============>................] - ETA: 8s - loss: 0.6966 - acc: 0.4940
 704/1424 [=============>................] - ETA: 8s - loss: 0.6959 - acc: 0.4986
 736/1424 [==============>...............] - ETA: 7s - loss: 0.6970 - acc: 0.4905
 768/1424 [===============>..............] - ETA: 7s - loss: 0.6970 - acc: 0.4909
 800/1424 [===============>..............] - ETA: 7s - loss: 0.6972 - acc: 0.4888
 832/1424 [================>.............] - ETA: 6s - loss: 0.6967 - acc: 0.4928
 864/1424 [=================>............] - ETA: 6s - loss: 0.6963 - acc: 0.4954
 896/1424 [=================>............] - ETA: 6s - loss: 0.6960 - acc: 0.4978
 928/1424 [==================>...........] - ETA: 5s - loss: 0.6958 - acc: 0.4989
 960/1424 [===================>..........] - ETA: 5s - loss: 0.6957 - acc: 0.5000
 992/1424 [===================>..........] - ETA: 5s - loss: 0.6961 - acc: 0.4970
1024/1424 [====================>.........] - ETA: 4s - loss: 0.6956 - acc: 0.5000
1056/1424 [=====================>........] - ETA: 4s - loss: 0.6954 - acc: 0.5019
1088/1424 [=====================>........] - ETA: 3s - loss: 0.6953 - acc: 0.5028
1120/1424 [======================>.......] - ETA: 3s - loss: 0.6956 - acc: 0.5000
1152/1424 [=======================>......] - ETA: 3s - loss: 0.6955 - acc: 0.5009
1184/1424 [=======================>......] - ETA: 2s - loss: 0.6956 - acc: 0.5000
1216/1424 [========================>.....] - ETA: 2s - loss: 0.6956 - acc: 0.5000
1248/1424 [=========================>....] - ETA: 2s - loss: 0.6954 - acc: 0.5016
1280/1424 [=========================>....] - ETA: 1s - loss: 0.6950 - acc: 0.5047
1312/1424 [==========================>...] - ETA: 1s - loss: 0.6948 - acc: 0.5061
1344/1424 [===========================>..] - ETA: 0s - loss: 0.6953 - acc: 0.5022
1376/1424 [===========================>..] - ETA: 0s - loss: 0.6957 - acc: 0.4985
1408/1424 [============================>.] - ETA: 0s - loss: 0.6956 - acc: 0.4993
1424/1424 [==============================] - 19s 14ms/step - loss: 0.6955 - acc: 0.5000 - val_loss: 0.6952 - val_acc: 0.5000
Train on 1424 samples, validate on 708 samples
Epoch 1/1

  32/1424 [..............................] - ETA: 16s - loss: 0.6993 - acc: 0.4688
  64/1424 [>.............................] - ETA: 15s - loss: 0.7013 - acc: 0.4531
  96/1424 [=>............................] - ETA: 15s - loss: 0.6992 - acc: 0.4688
 128/1424 [=>............................] - ETA: 14s - loss: 0.6942 - acc: 0.5078
 160/1424 [==>...........................] - ETA: 14s - loss: 0.6952 - acc: 0.5000
 192/1424 [===>..........................] - ETA: 14s - loss: 0.6926 - acc: 0.5208
 224/1424 [===>..........................] - ETA: 13s - loss: 0.6907 - acc: 0.5357
 256/1424 [====>.........................] - ETA: 13s - loss: 0.6922 - acc: 0.5234
 288/1424 [=====>........................] - ETA: 13s - loss: 0.6925 - acc: 0.5208
 320/1424 [=====>........................] - ETA: 12s - loss: 0.6928 - acc: 0.5188
 352/1424 [======>.......................] - ETA: 12s - loss: 0.6934 - acc: 0.5142
 384/1424 [=======>......................] - ETA: 12s - loss: 0.6942 - acc: 0.5078
 416/1424 [=======>......................] - ETA: 11s - loss: 0.6933 - acc: 0.5144
 448/1424 [========>.....................] - ETA: 11s - loss: 0.6932 - acc: 0.5156
 480/1424 [=========>....................] - ETA: 10s - loss: 0.6944 - acc: 0.5062
 512/1424 [=========>....................] - ETA: 10s - loss: 0.6949 - acc: 0.5020
 544/1424 [==========>...................] - ETA: 10s - loss: 0.6952 - acc: 0.5000
 576/1424 [===========>..................] - ETA: 9s - loss: 0.6938 - acc: 0.5104 
 608/1424 [===========>..................] - ETA: 9s - loss: 0.6935 - acc: 0.5132
 640/1424 [============>.................] - ETA: 9s - loss: 0.6936 - acc: 0.5125
 672/1424 [=============>................] - ETA: 8s - loss: 0.6925 - acc: 0.5208
 704/1424 [=============>................] - ETA: 8s - loss: 0.6927 - acc: 0.5199
 736/1424 [==============>...............] - ETA: 7s - loss: 0.6928 - acc: 0.5190
 768/1424 [===============>..............] - ETA: 7s - loss: 0.6932 - acc: 0.5156
 800/1424 [===============>..............] - ETA: 7s - loss: 0.6945 - acc: 0.5050
 832/1424 [================>.............] - ETA: 6s - loss: 0.6941 - acc: 0.5084
 864/1424 [=================>............] - ETA: 6s - loss: 0.6950 - acc: 0.5012
 896/1424 [=================>............] - ETA: 6s - loss: 0.6950 - acc: 0.5011
 928/1424 [==================>...........] - ETA: 5s - loss: 0.6955 - acc: 0.4968
 960/1424 [===================>..........] - ETA: 5s - loss: 0.6956 - acc: 0.4958
 992/1424 [===================>..........] - ETA: 5s - loss: 0.6955 - acc: 0.4970
1024/1424 [====================>.........] - ETA: 4s - loss: 0.6950 - acc: 0.5010
1056/1424 [=====================>........] - ETA: 4s - loss: 0.6952 - acc: 0.4991
1088/1424 [=====================>........] - ETA: 3s - loss: 0.6955 - acc: 0.4963
1120/1424 [======================>.......] - ETA: 3s - loss: 0.6953 - acc: 0.4982
1152/1424 [=======================>......] - ETA: 3s - loss: 0.6950 - acc: 0.5009
1184/1424 [=======================>......] - ETA: 2s - loss: 0.6948 - acc: 0.5025
1216/1424 [========================>.....] - ETA: 2s - loss: 0.6947 - acc: 0.5033
1248/1424 [=========================>....] - ETA: 2s - loss: 0.6944 - acc: 0.5056
1280/1424 [=========================>....] - ETA: 1s - loss: 0.6945 - acc: 0.5047
1312/1424 [==========================>...] - ETA: 1s - loss: 0.6947 - acc: 0.5030
1344/1424 [===========================>..] - ETA: 0s - loss: 0.6947 - acc: 0.5030
1376/1424 [===========================>..] - ETA: 0s - loss: 0.6947 - acc: 0.5029
1408/1424 [============================>.] - ETA: 0s - loss: 0.6948 - acc: 0.5021
1424/1424 [==============================] - 19s 14ms/step - loss: 0.6950 - acc: 0.5000 - val_loss: 0.6948 - val_acc: 0.5000
Train on 1424 samples, validate on 708 samples
Epoch 1/1

  32/1424 [..............................] - ETA: 16s - loss: 0.6912 - acc: 0.5312
  64/1424 [>.............................] - ETA: 15s - loss: 0.6948 - acc: 0.5000
  96/1424 [=>............................] - ETA: 15s - loss: 0.6984 - acc: 0.4688
 128/1424 [=>............................] - ETA: 15s - loss: 0.6966 - acc: 0.4844
 160/1424 [==>...........................] - ETA: 14s - loss: 0.6934 - acc: 0.5125
 192/1424 [===>..........................] - ETA: 14s - loss: 0.6960 - acc: 0.4896
 224/1424 [===>..........................] - ETA: 13s - loss: 0.6958 - acc: 0.4911
 256/1424 [====>.........................] - ETA: 13s - loss: 0.6957 - acc: 0.4922
 288/1424 [=====>........................] - ETA: 13s - loss: 0.6956 - acc: 0.4931
 320/1424 [=====>........................] - ETA: 12s - loss: 0.6944 - acc: 0.5031
 352/1424 [======>.......................] - ETA: 12s - loss: 0.6938 - acc: 0.5085
 384/1424 [=======>......................] - ETA: 12s - loss: 0.6939 - acc: 0.5078
 416/1424 [=======>......................] - ETA: 11s - loss: 0.6937 - acc: 0.5096
 448/1424 [========>.....................] - ETA: 11s - loss: 0.6938 - acc: 0.5089
 480/1424 [=========>....................] - ETA: 10s - loss: 0.6929 - acc: 0.5167
 512/1424 [=========>....................] - ETA: 10s - loss: 0.6932 - acc: 0.5137
 544/1424 [==========>...................] - ETA: 10s - loss: 0.6931 - acc: 0.5147
 576/1424 [===========>..................] - ETA: 9s - loss: 0.6938 - acc: 0.5087 
 608/1424 [===========>..................] - ETA: 9s - loss: 0.6936 - acc: 0.5099
 640/1424 [============>.................] - ETA: 9s - loss: 0.6935 - acc: 0.5109
 672/1424 [=============>................] - ETA: 8s - loss: 0.6931 - acc: 0.5149
 704/1424 [=============>................] - ETA: 8s - loss: 0.6936 - acc: 0.5099
 736/1424 [==============>...............] - ETA: 7s - loss: 0.6940 - acc: 0.5068
 768/1424 [===============>..............] - ETA: 7s - loss: 0.6939 - acc: 0.5078
 800/1424 [===============>..............] - ETA: 7s - loss: 0.6950 - acc: 0.4975
 832/1424 [================>.............] - ETA: 6s - loss: 0.6957 - acc: 0.4904
 864/1424 [=================>............] - ETA: 6s - loss: 0.6965 - acc: 0.4838
 896/1424 [=================>............] - ETA: 6s - loss: 0.6965 - acc: 0.4833
 928/1424 [==================>...........] - ETA: 5s - loss: 0.6961 - acc: 0.4871
 960/1424 [===================>..........] - ETA: 5s - loss: 0.6965 - acc: 0.4833
 992/1424 [===================>..........] - ETA: 5s - loss: 0.6965 - acc: 0.4829
1024/1424 [====================>.........] - ETA: 4s - loss: 0.6963 - acc: 0.4854
1056/1424 [=====================>........] - ETA: 4s - loss: 0.6960 - acc: 0.4877
1088/1424 [=====================>........] - ETA: 3s - loss: 0.6962 - acc: 0.4862
1120/1424 [======================>.......] - ETA: 3s - loss: 0.6957 - acc: 0.4902
1152/1424 [=======================>......] - ETA: 3s - loss: 0.6959 - acc: 0.4887
1184/1424 [=======================>......] - ETA: 2s - loss: 0.6956 - acc: 0.4916
1216/1424 [========================>.....] - ETA: 2s - loss: 0.6953 - acc: 0.4942
1248/1424 [=========================>....] - ETA: 2s - loss: 0.6953 - acc: 0.4944
1280/1424 [=========================>....] - ETA: 1s - loss: 0.6951 - acc: 0.4961
1312/1424 [==========================>...] - ETA: 1s - loss: 0.6951 - acc: 0.4962
1344/1424 [===========================>..] - ETA: 0s - loss: 0.6951 - acc: 0.4963
1376/1424 [===========================>..] - ETA: 0s - loss: 0.6951 - acc: 0.4964
1408/1424 [============================>.] - ETA: 0s - loss: 0.6949 - acc: 0.4979
1424/1424 [==============================] - 19s 14ms/step - loss: 0.6947 - acc: 0.5000 - val_loss: 0.6944 - val_acc: 0.5000
Train on 1424 samples, validate on 708 samples
Epoch 1/1

  32/1424 [..............................] - ETA: 16s - loss: 0.7038 - acc: 0.4062
  64/1424 [>.............................] - ETA: 15s - loss: 0.7023 - acc: 0.4219
  96/1424 [=>............................] - ETA: 15s - loss: 0.7017 - acc: 0.4271
 128/1424 [=>............................] - ETA: 15s - loss: 0.7015 - acc: 0.4297
 160/1424 [==>...........................] - ETA: 14s - loss: 0.7038 - acc: 0.4062
 192/1424 [===>..........................] - ETA: 14s - loss: 0.7017 - acc: 0.4271
 224/1424 [===>..........................] - ETA: 13s - loss: 0.6984 - acc: 0.4598
 256/1424 [====>.........................] - ETA: 13s - loss: 0.6979 - acc: 0.4648
 288/1424 [=====>........................] - ETA: 13s - loss: 0.6972 - acc: 0.4722
 320/1424 [=====>........................] - ETA: 12s - loss: 0.6957 - acc: 0.4875
 352/1424 [======>.......................] - ETA: 12s - loss: 0.6947 - acc: 0.4972
 384/1424 [=======>......................] - ETA: 12s - loss: 0.6942 - acc: 0.5026
 416/1424 [=======>......................] - ETA: 11s - loss: 0.6937 - acc: 0.5072
 448/1424 [========>.....................] - ETA: 11s - loss: 0.6938 - acc: 0.5067
 480/1424 [=========>....................] - ETA: 10s - loss: 0.6934 - acc: 0.5104
 512/1424 [=========>....................] - ETA: 10s - loss: 0.6935 - acc: 0.5098
 544/1424 [==========>...................] - ETA: 10s - loss: 0.6937 - acc: 0.5074
 576/1424 [===========>..................] - ETA: 9s - loss: 0.6937 - acc: 0.5069 
 608/1424 [===========>..................] - ETA: 9s - loss: 0.6939 - acc: 0.5049
 640/1424 [============>.................] - ETA: 9s - loss: 0.6936 - acc: 0.5078
 672/1424 [=============>................] - ETA: 8s - loss: 0.6940 - acc: 0.5045
 704/1424 [=============>................] - ETA: 8s - loss: 0.6943 - acc: 0.5014
 736/1424 [==============>...............] - ETA: 7s - loss: 0.6941 - acc: 0.5027
 768/1424 [===============>..............] - ETA: 7s - loss: 0.6935 - acc: 0.5091
 800/1424 [===============>..............] - ETA: 7s - loss: 0.6934 - acc: 0.5100
 832/1424 [================>.............] - ETA: 6s - loss: 0.6936 - acc: 0.5084
 864/1424 [=================>............] - ETA: 6s - loss: 0.6937 - acc: 0.5069
 896/1424 [=================>............] - ETA: 6s - loss: 0.6943 - acc: 0.5011
 928/1424 [==================>...........] - ETA: 5s - loss: 0.6942 - acc: 0.5022
 960/1424 [===================>..........] - ETA: 5s - loss: 0.6944 - acc: 0.5000
 992/1424 [===================>..........] - ETA: 5s - loss: 0.6945 - acc: 0.4990
1024/1424 [====================>.........] - ETA: 4s - loss: 0.6944 - acc: 0.5000
1056/1424 [=====================>........] - ETA: 4s - loss: 0.6945 - acc: 0.4991
1088/1424 [=====================>........] - ETA: 3s - loss: 0.6947 - acc: 0.4963
1120/1424 [======================>.......] - ETA: 3s - loss: 0.6947 - acc: 0.4964
1152/1424 [=======================>......] - ETA: 3s - loss: 0.6948 - acc: 0.4957
1184/1424 [=======================>......] - ETA: 2s - loss: 0.6946 - acc: 0.4975
1216/1424 [========================>.....] - ETA: 2s - loss: 0.6950 - acc: 0.4934
1248/1424 [=========================>....] - ETA: 2s - loss: 0.6950 - acc: 0.4928
1280/1424 [=========================>....] - ETA: 1s - loss: 0.6949 - acc: 0.4938
1312/1424 [==========================>...] - ETA: 1s - loss: 0.6949 - acc: 0.4947
1344/1424 [===========================>..] - ETA: 0s - loss: 0.6948 - acc: 0.4948
1376/1424 [===========================>..] - ETA: 0s - loss: 0.6946 - acc: 0.4971
1408/1424 [============================>.] - ETA: 0s - loss: 0.6944 - acc: 0.5000
1424/1424 [==============================] - 19s 14ms/step - loss: 0.6944 - acc: 0.5000 - val_loss: 0.6942 - val_acc: 0.5000
Train on 1424 samples, validate on 708 samples
Epoch 1/1

  32/1424 [..............................] - ETA: 16s - loss: 0.7056 - acc: 0.3750
  64/1424 [>.............................] - ETA: 15s - loss: 0.6999 - acc: 0.4375
  96/1424 [=>............................] - ETA: 15s - loss: 0.7008 - acc: 0.4271
 128/1424 [=>............................] - ETA: 14s - loss: 0.6984 - acc: 0.4531
 160/1424 [==>...........................] - ETA: 14s - loss: 0.6987 - acc: 0.4500
 192/1424 [===>..........................] - ETA: 14s - loss: 0.6970 - acc: 0.4688
 224/1424 [===>..........................] - ETA: 13s - loss: 0.6966 - acc: 0.4732
 256/1424 [====>.........................] - ETA: 13s - loss: 0.6953 - acc: 0.4883
 288/1424 [=====>........................] - ETA: 13s - loss: 0.6951 - acc: 0.4896
 320/1424 [=====>........................] - ETA: 12s - loss: 0.6950 - acc: 0.4906
 352/1424 [======>.......................] - ETA: 12s - loss: 0.6947 - acc: 0.4943
 384/1424 [=======>......................] - ETA: 12s - loss: 0.6949 - acc: 0.4922
 416/1424 [=======>......................] - ETA: 11s - loss: 0.6946 - acc: 0.4952
 448/1424 [========>.....................] - ETA: 11s - loss: 0.6942 - acc: 0.5000
 480/1424 [=========>....................] - ETA: 10s - loss: 0.6951 - acc: 0.4896
 512/1424 [=========>....................] - ETA: 10s - loss: 0.6954 - acc: 0.4863
 544/1424 [==========>...................] - ETA: 10s - loss: 0.6948 - acc: 0.4926
 576/1424 [===========>..................] - ETA: 9s - loss: 0.6948 - acc: 0.4931 
 608/1424 [===========>..................] - ETA: 9s - loss: 0.6949 - acc: 0.4918
 640/1424 [============>.................] - ETA: 9s - loss: 0.6952 - acc: 0.4875
 672/1424 [=============>................] - ETA: 8s - loss: 0.6954 - acc: 0.4851
 704/1424 [=============>................] - ETA: 8s - loss: 0.6957 - acc: 0.4815
 736/1424 [==============>...............] - ETA: 7s - loss: 0.6956 - acc: 0.4837
 768/1424 [===============>..............] - ETA: 7s - loss: 0.6955 - acc: 0.4844
 800/1424 [===============>..............] - ETA: 7s - loss: 0.6960 - acc: 0.4788
 832/1424 [================>.............] - ETA: 6s - loss: 0.6953 - acc: 0.4868
 864/1424 [=================>............] - ETA: 6s - loss: 0.6952 - acc: 0.4873
 896/1424 [=================>............] - ETA: 6s - loss: 0.6951 - acc: 0.4888
 928/1424 [==================>...........] - ETA: 5s - loss: 0.6949 - acc: 0.4914
 960/1424 [===================>..........] - ETA: 5s - loss: 0.6947 - acc: 0.4938
 992/1424 [===================>..........] - ETA: 4s - loss: 0.6947 - acc: 0.4940
1024/1424 [====================>.........] - ETA: 4s - loss: 0.6946 - acc: 0.4941
1056/1424 [=====================>........] - ETA: 4s - loss: 0.6948 - acc: 0.4924
1088/1424 [=====================>........] - ETA: 3s - loss: 0.6946 - acc: 0.4945
1120/1424 [======================>.......] - ETA: 3s - loss: 0.6944 - acc: 0.4973
1152/1424 [=======================>......] - ETA: 3s - loss: 0.6945 - acc: 0.4957
1184/1424 [=======================>......] - ETA: 2s - loss: 0.6947 - acc: 0.4932
1216/1424 [========================>.....] - ETA: 2s - loss: 0.6946 - acc: 0.4942
1248/1424 [=========================>....] - ETA: 2s - loss: 0.6946 - acc: 0.4944
1280/1424 [=========================>....] - ETA: 1s - loss: 0.6946 - acc: 0.4945
1312/1424 [==========================>...] - ETA: 1s - loss: 0.6946 - acc: 0.4939
1344/1424 [===========================>..] - ETA: 0s - loss: 0.6947 - acc: 0.4933
1376/1424 [===========================>..] - ETA: 0s - loss: 0.6945 - acc: 0.4956
1408/1424 [============================>.] - ETA: 0s - loss: 0.6944 - acc: 0.4964
1424/1424 [==============================] - 19s 14ms/step - loss: 0.6941 - acc: 0.5000 - val_loss: 0.6940 - val_acc: 0.5000

  32/1424 [..............................] - ETA: 26s
  64/1424 [>.............................] - ETA: 15s
  96/1424 [=>............................] - ETA: 11s
 128/1424 [=>............................] - ETA: 9s 
 160/1424 [==>...........................] - ETA: 8s
 192/1424 [===>..........................] - ETA: 7s
 224/1424 [===>..........................] - ETA: 6s
 256/1424 [====>.........................] - ETA: 6s
 288/1424 [=====>........................] - ETA: 5s
 320/1424 [=====>........................] - ETA: 5s
 352/1424 [======>.......................] - ETA: 5s
 384/1424 [=======>......................] - ETA: 4s
 416/1424 [=======>......................] - ETA: 4s
 448/1424 [========>.....................] - ETA: 4s
 480/1424 [=========>....................] - ETA: 4s
 512/1424 [=========>....................] - ETA: 4s
 544/1424 [==========>...................] - ETA: 3s
 576/1424 [===========>..................] - ETA: 3s
 608/1424 [===========>..................] - ETA: 3s
 640/1424 [============>.................] - ETA: 3s
 672/1424 [=============>................] - ETA: 3s
 704/1424 [=============>................] - ETA: 3s
 736/1424 [==============>...............] - ETA: 2s
 768/1424 [===============>..............] - ETA: 2s
 800/1424 [===============>..............] - ETA: 2s
 832/1424 [================>.............] - ETA: 2s
 864/1424 [=================>............] - ETA: 2s
 896/1424 [=================>............] - ETA: 2s
 928/1424 [==================>...........] - ETA: 2s
 960/1424 [===================>..........] - ETA: 1s
 992/1424 [===================>..........] - ETA: 1s
1024/1424 [====================>.........] - ETA: 1s
1056/1424 [=====================>........] - ETA: 1s
1088/1424 [=====================>........] - ETA: 1s
1120/1424 [======================>.......] - ETA: 1s
1152/1424 [=======================>......] - ETA: 1s
1184/1424 [=======================>......] - ETA: 0s
1216/1424 [========================>.....] - ETA: 0s
1248/1424 [=========================>....] - ETA: 0s
1280/1424 [=========================>....] - ETA: 0s
1312/1424 [==========================>...] - ETA: 0s
1344/1424 [===========================>..] - ETA: 0s
1376/1424 [===========================>..] - ETA: 0s
1408/1424 [============================>.] - ETA: 0s
1424/1424 [==============================] - 6s 4ms/step
Test acc: 0.8342696629213483

  32/1424 [..............................] - ETA: 5s
  64/1424 [>.............................] - ETA: 4s
  96/1424 [=>............................] - ETA: 4s
 128/1424 [=>............................] - ETA: 4s
 160/1424 [==>...........................] - ETA: 4s
 192/1424 [===>..........................] - ETA: 4s
 224/1424 [===>..........................] - ETA: 4s
 256/1424 [====>.........................] - ETA: 4s
 288/1424 [=====>........................] - ETA: 4s
 320/1424 [=====>........................] - ETA: 3s
 352/1424 [======>.......................] - ETA: 3s
 384/1424 [=======>......................] - ETA: 3s
 416/1424 [=======>......................] - ETA: 3s
 448/1424 [========>.....................] - ETA: 3s
 480/1424 [=========>....................] - ETA: 3s
 512/1424 [=========>....................] - ETA: 3s
 544/1424 [==========>...................] - ETA: 3s
 576/1424 [===========>..................] - ETA: 3s
 608/1424 [===========>..................] - ETA: 2s
 640/1424 [============>.................] - ETA: 2s
 672/1424 [=============>................] - ETA: 2s
 704/1424 [=============>................] - ETA: 2s
 736/1424 [==============>...............] - ETA: 2s
 768/1424 [===============>..............] - ETA: 2s
 800/1424 [===============>..............] - ETA: 2s
 832/1424 [================>.............] - ETA: 2s
 864/1424 [=================>............] - ETA: 1s
 896/1424 [=================>............] - ETA: 1s
 928/1424 [==================>...........] - ETA: 1s
 960/1424 [===================>..........] - ETA: 1s
 992/1424 [===================>..........] - ETA: 1s
1024/1424 [====================>.........] - ETA: 1s
1056/1424 [=====================>........] - ETA: 1s
1088/1424 [=====================>........] - ETA: 1s
1120/1424 [======================>.......] - ETA: 1s
1152/1424 [=======================>......] - ETA: 0s
1184/1424 [=======================>......] - ETA: 0s
1216/1424 [========================>.....] - ETA: 0s
1248/1424 [=========================>....] - ETA: 0s
1280/1424 [=========================>....] - ETA: 0s
1312/1424 [==========================>...] - ETA: 0s
1344/1424 [===========================>..] - ETA: 0s
1376/1424 [===========================>..] - ETA: 0s
1408/1424 [============================>.] - ETA: 0s
1424/1424 [==============================] - 5s 4ms/step
Test acc: [0.44447906432526835, 0.8307584269662921]
Test auc: 0.9104319214745613
Test mcc: 0.6704704181650027
Execute epoch: 15
Execute time: 316.1091949939728
(W) Execute time: 314.3540360927582
