_________________________________________________________________
Layer (type)                 Output Shape              Param #   
=================================================================
embedding_1 (Embedding)      (None, None, 128)         2688      
_________________________________________________________________
lstm_1 (LSTM)                (None, None, 64)          49408     
_________________________________________________________________
lstm_2 (LSTM)                (None, None, 64)          33024     
_________________________________________________________________
lstm_3 (LSTM)                (None, 64)                33024     
_________________________________________________________________
dense_1 (Dense)              (None, 16)                1040      
_________________________________________________________________
dense_2 (Dense)              (None, 1)                 17        
=================================================================
Total params: 119,201
Trainable params: 119,201
Non-trainable params: 0
_________________________________________________________________
Train on 1424 samples, validate on 708 samples
Epoch 1/1

  32/1424 [..............................] - ETA: 2:34 - loss: 0.6935 - acc: 0.5000
  64/1424 [>.............................] - ETA: 1:23 - loss: 0.6934 - acc: 0.4375
  96/1424 [=>............................] - ETA: 59s - loss: 0.6934 - acc: 0.4688 
 128/1424 [=>............................] - ETA: 47s - loss: 0.6933 - acc: 0.4688
 160/1424 [==>...........................] - ETA: 39s - loss: 0.6927 - acc: 0.5062
 192/1424 [===>..........................] - ETA: 34s - loss: 0.6926 - acc: 0.5156
 224/1424 [===>..........................] - ETA: 30s - loss: 0.6923 - acc: 0.5223
 256/1424 [====>.........................] - ETA: 28s - loss: 0.6923 - acc: 0.5234
 288/1424 [=====>........................] - ETA: 25s - loss: 0.6931 - acc: 0.5069
 320/1424 [=====>........................] - ETA: 23s - loss: 0.6932 - acc: 0.5031
 352/1424 [======>.......................] - ETA: 22s - loss: 0.6937 - acc: 0.4886
 384/1424 [=======>......................] - ETA: 20s - loss: 0.6934 - acc: 0.4948
 416/1424 [=======>......................] - ETA: 19s - loss: 0.6931 - acc: 0.5000
 448/1424 [========>.....................] - ETA: 18s - loss: 0.6934 - acc: 0.4955
 480/1424 [=========>....................] - ETA: 17s - loss: 0.6930 - acc: 0.5021
 512/1424 [=========>....................] - ETA: 16s - loss: 0.6932 - acc: 0.4980
 544/1424 [==========>...................] - ETA: 15s - loss: 0.6932 - acc: 0.4982
 576/1424 [===========>..................] - ETA: 14s - loss: 0.6932 - acc: 0.4948
 608/1424 [===========>..................] - ETA: 13s - loss: 0.6931 - acc: 0.4967
 640/1424 [============>.................] - ETA: 13s - loss: 0.6930 - acc: 0.5000
 672/1424 [=============>................] - ETA: 12s - loss: 0.6930 - acc: 0.4985
 704/1424 [=============>................] - ETA: 11s - loss: 0.6930 - acc: 0.4986
 736/1424 [==============>...............] - ETA: 10s - loss: 0.6930 - acc: 0.4973
 768/1424 [===============>..............] - ETA: 10s - loss: 0.6930 - acc: 0.4974
 800/1424 [===============>..............] - ETA: 9s - loss: 0.6930 - acc: 0.4975 
 832/1424 [================>.............] - ETA: 9s - loss: 0.6930 - acc: 0.4964
 864/1424 [=================>............] - ETA: 8s - loss: 0.6928 - acc: 0.4988
 896/1424 [=================>............] - ETA: 8s - loss: 0.6928 - acc: 0.4978
 928/1424 [==================>...........] - ETA: 7s - loss: 0.6929 - acc: 0.4968
 960/1424 [===================>..........] - ETA: 6s - loss: 0.6928 - acc: 0.4948
 992/1424 [===================>..........] - ETA: 6s - loss: 0.6929 - acc: 0.4919
1024/1424 [====================>.........] - ETA: 5s - loss: 0.6927 - acc: 0.4932
1056/1424 [=====================>........] - ETA: 5s - loss: 0.6928 - acc: 0.4877
1088/1424 [=====================>........] - ETA: 4s - loss: 0.6925 - acc: 0.4890
1120/1424 [======================>.......] - ETA: 4s - loss: 0.6923 - acc: 0.4911
1152/1424 [=======================>......] - ETA: 3s - loss: 0.6920 - acc: 0.4931
1184/1424 [=======================>......] - ETA: 3s - loss: 0.6917 - acc: 0.4941
1216/1424 [========================>.....] - ETA: 2s - loss: 0.6916 - acc: 0.4942
1248/1424 [=========================>....] - ETA: 2s - loss: 0.6914 - acc: 0.4944
1280/1424 [=========================>....] - ETA: 2s - loss: 0.6914 - acc: 0.4930
1312/1424 [==========================>...] - ETA: 1s - loss: 0.6912 - acc: 0.4886
1344/1424 [===========================>..] - ETA: 1s - loss: 0.6910 - acc: 0.4881
1376/1424 [===========================>..] - ETA: 0s - loss: 0.6900 - acc: 0.4927
1408/1424 [============================>.] - ETA: 0s - loss: 0.6891 - acc: 0.4957
1424/1424 [==============================] - 23s 16ms/step - loss: 0.6884 - acc: 0.4958 - val_loss: 0.6356 - val_acc: 0.5381
Train on 1424 samples, validate on 708 samples
Epoch 1/1

  32/1424 [..............................] - ETA: 16s - loss: 0.6955 - acc: 0.4688
  64/1424 [>.............................] - ETA: 15s - loss: 0.6561 - acc: 0.4844
  96/1424 [=>............................] - ETA: 15s - loss: 0.5869 - acc: 0.5729
 128/1424 [=>............................] - ETA: 15s - loss: 0.6064 - acc: 0.5938
 160/1424 [==>...........................] - ETA: 14s - loss: 0.8001 - acc: 0.5687
 192/1424 [===>..........................] - ETA: 14s - loss: 0.8366 - acc: 0.5990
 224/1424 [===>..........................] - ETA: 13s - loss: 0.8729 - acc: 0.6027
 256/1424 [====>.........................] - ETA: 13s - loss: 0.8328 - acc: 0.6328
 288/1424 [=====>........................] - ETA: 13s - loss: 0.8016 - acc: 0.6667
 320/1424 [=====>........................] - ETA: 12s - loss: 0.7801 - acc: 0.6781
 352/1424 [======>.......................] - ETA: 12s - loss: 0.7649 - acc: 0.6847
 384/1424 [=======>......................] - ETA: 12s - loss: 0.7643 - acc: 0.6927
 416/1424 [=======>......................] - ETA: 11s - loss: 0.7573 - acc: 0.6995
 448/1424 [========>.....................] - ETA: 11s - loss: 0.7470 - acc: 0.7054
 480/1424 [=========>....................] - ETA: 10s - loss: 0.7407 - acc: 0.7063
 512/1424 [=========>....................] - ETA: 10s - loss: 0.7326 - acc: 0.7168
 544/1424 [==========>...................] - ETA: 10s - loss: 0.7297 - acc: 0.7151
 576/1424 [===========>..................] - ETA: 9s - loss: 0.7256 - acc: 0.7153 
 608/1424 [===========>..................] - ETA: 9s - loss: 0.7201 - acc: 0.7188
 640/1424 [============>.................] - ETA: 9s - loss: 0.7172 - acc: 0.7234
 672/1424 [=============>................] - ETA: 8s - loss: 0.7138 - acc: 0.7277
 704/1424 [=============>................] - ETA: 8s - loss: 0.7106 - acc: 0.7315
 736/1424 [==============>...............] - ETA: 7s - loss: 0.7074 - acc: 0.7323
 768/1424 [===============>..............] - ETA: 7s - loss: 0.7026 - acc: 0.7370
 800/1424 [===============>..............] - ETA: 7s - loss: 0.6998 - acc: 0.7400
 832/1424 [================>.............] - ETA: 6s - loss: 0.6983 - acc: 0.7404
 864/1424 [=================>............] - ETA: 6s - loss: 0.6918 - acc: 0.7431
 896/1424 [=================>............] - ETA: 6s - loss: 0.6850 - acc: 0.7444
 928/1424 [==================>...........] - ETA: 5s - loss: 0.6979 - acc: 0.7446
 960/1424 [===================>..........] - ETA: 5s - loss: 0.6910 - acc: 0.7438
 992/1424 [===================>..........] - ETA: 5s - loss: 0.6917 - acc: 0.7399
1024/1424 [====================>.........] - ETA: 4s - loss: 0.6874 - acc: 0.7373
1056/1424 [=====================>........] - ETA: 4s - loss: 0.6859 - acc: 0.7320
1088/1424 [=====================>........] - ETA: 3s - loss: 0.6829 - acc: 0.7335
1120/1424 [======================>.......] - ETA: 3s - loss: 0.6850 - acc: 0.7304
1152/1424 [=======================>......] - ETA: 3s - loss: 0.6833 - acc: 0.7292
1184/1424 [=======================>......] - ETA: 2s - loss: 0.6809 - acc: 0.7297
1216/1424 [========================>.....] - ETA: 2s - loss: 0.6789 - acc: 0.7319
1248/1424 [=========================>....] - ETA: 2s - loss: 0.6777 - acc: 0.7324
1280/1424 [=========================>....] - ETA: 1s - loss: 0.6905 - acc: 0.7289
1312/1424 [==========================>...] - ETA: 1s - loss: 0.6892 - acc: 0.7294
1344/1424 [===========================>..] - ETA: 0s - loss: 0.6871 - acc: 0.7292
1376/1424 [===========================>..] - ETA: 0s - loss: 0.6852 - acc: 0.7282
1408/1424 [============================>.] - ETA: 0s - loss: 0.6830 - acc: 0.7273
1424/1424 [==============================] - 19s 14ms/step - loss: 0.6822 - acc: 0.7268 - val_loss: 0.7520 - val_acc: 0.6172
Train on 1424 samples, validate on 708 samples
Epoch 1/1

  32/1424 [..............................] - ETA: 16s - loss: 0.6001 - acc: 0.6250
  64/1424 [>.............................] - ETA: 15s - loss: 0.8353 - acc: 0.5938
  96/1424 [=>............................] - ETA: 15s - loss: 0.7362 - acc: 0.6458
 128/1424 [=>............................] - ETA: 15s - loss: 0.8170 - acc: 0.6406
 160/1424 [==>...........................] - ETA: 14s - loss: 1.0424 - acc: 0.6250
 192/1424 [===>..........................] - ETA: 14s - loss: 1.0377 - acc: 0.6146
 224/1424 [===>..........................] - ETA: 13s - loss: 1.1686 - acc: 0.6205
 256/1424 [====>.........................] - ETA: 13s - loss: 1.1541 - acc: 0.6367
 288/1424 [=====>........................] - ETA: 13s - loss: 1.1408 - acc: 0.6493
 320/1424 [=====>........................] - ETA: 12s - loss: 1.0787 - acc: 0.6687
 352/1424 [======>.......................] - ETA: 12s - loss: 1.0748 - acc: 0.6733
 384/1424 [=======>......................] - ETA: 12s - loss: 1.0303 - acc: 0.6797
 416/1424 [=======>......................] - ETA: 11s - loss: 0.9922 - acc: 0.6803
 448/1424 [========>.....................] - ETA: 11s - loss: 0.9791 - acc: 0.6897
 480/1424 [=========>....................] - ETA: 10s - loss: 0.9583 - acc: 0.6854
 512/1424 [=========>....................] - ETA: 10s - loss: 0.9945 - acc: 0.6953
 544/1424 [==========>...................] - ETA: 10s - loss: 0.9740 - acc: 0.6967
 576/1424 [===========>..................] - ETA: 9s - loss: 0.9531 - acc: 0.6927 
 608/1424 [===========>..................] - ETA: 9s - loss: 0.9849 - acc: 0.6875
 640/1424 [============>.................] - ETA: 9s - loss: 0.9658 - acc: 0.6813
 672/1424 [=============>................] - ETA: 8s - loss: 0.9491 - acc: 0.6756
 704/1424 [=============>................] - ETA: 8s - loss: 0.9318 - acc: 0.6676
 736/1424 [==============>...............] - ETA: 7s - loss: 0.9189 - acc: 0.6630
 768/1424 [===============>..............] - ETA: 7s - loss: 0.9044 - acc: 0.6589
 800/1424 [===============>..............] - ETA: 7s - loss: 0.8925 - acc: 0.6550
 832/1424 [================>.............] - ETA: 6s - loss: 0.8998 - acc: 0.6514
 864/1424 [=================>............] - ETA: 6s - loss: 0.8923 - acc: 0.6458
 896/1424 [=================>............] - ETA: 6s - loss: 0.8853 - acc: 0.6350
 928/1424 [==================>...........] - ETA: 5s - loss: 0.8798 - acc: 0.6293
 960/1424 [===================>..........] - ETA: 5s - loss: 0.8727 - acc: 0.6271
 992/1424 [===================>..........] - ETA: 5s - loss: 0.8769 - acc: 0.6331
1024/1424 [====================>.........] - ETA: 4s - loss: 0.8692 - acc: 0.6309
1056/1424 [=====================>........] - ETA: 4s - loss: 0.8623 - acc: 0.6307
1088/1424 [=====================>........] - ETA: 3s - loss: 0.8551 - acc: 0.6305
1120/1424 [======================>.......] - ETA: 3s - loss: 0.8479 - acc: 0.6295
1152/1424 [=======================>......] - ETA: 3s - loss: 0.8407 - acc: 0.6311
1184/1424 [=======================>......] - ETA: 2s - loss: 0.8352 - acc: 0.6326
1216/1424 [========================>.....] - ETA: 2s - loss: 0.8289 - acc: 0.6316
1248/1424 [=========================>....] - ETA: 2s - loss: 0.8231 - acc: 0.6306
1280/1424 [=========================>....] - ETA: 1s - loss: 0.8167 - acc: 0.6328
1312/1424 [==========================>...] - ETA: 1s - loss: 0.8113 - acc: 0.6326
1344/1424 [===========================>..] - ETA: 0s - loss: 0.8064 - acc: 0.6332
1376/1424 [===========================>..] - ETA: 0s - loss: 0.8007 - acc: 0.6359
1408/1424 [============================>.] - ETA: 0s - loss: 0.7964 - acc: 0.6349
1424/1424 [==============================] - 19s 14ms/step - loss: 0.7942 - acc: 0.6355 - val_loss: 0.5998 - val_acc: 0.8291
Train on 1424 samples, validate on 708 samples
Epoch 1/1

  32/1424 [..............................] - ETA: 16s - loss: 0.6065 - acc: 0.6875
  64/1424 [>.............................] - ETA: 15s - loss: 0.6301 - acc: 0.7344
  96/1424 [=>............................] - ETA: 15s - loss: 0.6044 - acc: 0.7500
 128/1424 [=>............................] - ETA: 15s - loss: 0.5824 - acc: 0.7656
 160/1424 [==>...........................] - ETA: 14s - loss: 0.5762 - acc: 0.7688
 192/1424 [===>..........................] - ETA: 14s - loss: 0.5805 - acc: 0.7656
 224/1424 [===>..........................] - ETA: 13s - loss: 0.5734 - acc: 0.7679
 256/1424 [====>.........................] - ETA: 13s - loss: 0.5842 - acc: 0.7617
 288/1424 [=====>........................] - ETA: 13s - loss: 0.5764 - acc: 0.7743
 320/1424 [=====>........................] - ETA: 12s - loss: 0.5782 - acc: 0.7781
 352/1424 [======>.......................] - ETA: 12s - loss: 0.5818 - acc: 0.7812
 384/1424 [=======>......................] - ETA: 12s - loss: 0.5800 - acc: 0.7812
 416/1424 [=======>......................] - ETA: 11s - loss: 0.6129 - acc: 0.7861
 448/1424 [========>.....................] - ETA: 11s - loss: 0.6050 - acc: 0.7924
 480/1424 [=========>....................] - ETA: 10s - loss: 0.6001 - acc: 0.7917
 512/1424 [=========>....................] - ETA: 10s - loss: 0.5925 - acc: 0.7988
 544/1424 [==========>...................] - ETA: 10s - loss: 0.5884 - acc: 0.7978
 576/1424 [===========>..................] - ETA: 9s - loss: 0.5962 - acc: 0.7969 
 608/1424 [===========>..................] - ETA: 9s - loss: 0.5885 - acc: 0.7993
 640/1424 [============>.................] - ETA: 9s - loss: 0.6126 - acc: 0.8016
 672/1424 [=============>................] - ETA: 8s - loss: 0.6054 - acc: 0.8051
 704/1424 [=============>................] - ETA: 8s - loss: 0.6036 - acc: 0.8011
 736/1424 [==============>...............] - ETA: 7s - loss: 0.6019 - acc: 0.8003
 768/1424 [===============>..............] - ETA: 7s - loss: 0.6234 - acc: 0.7982
 800/1424 [===============>..............] - ETA: 7s - loss: 0.6386 - acc: 0.7963
 832/1424 [================>.............] - ETA: 6s - loss: 0.6367 - acc: 0.7957
 864/1424 [=================>............] - ETA: 6s - loss: 0.6378 - acc: 0.7951
 896/1424 [=================>............] - ETA: 6s - loss: 0.6336 - acc: 0.7980
 928/1424 [==================>...........] - ETA: 5s - loss: 0.6328 - acc: 0.7974
 960/1424 [===================>..........] - ETA: 5s - loss: 0.6288 - acc: 0.7990
 992/1424 [===================>..........] - ETA: 5s - loss: 0.6257 - acc: 0.7984
1024/1424 [====================>.........] - ETA: 4s - loss: 0.6237 - acc: 0.7998
1056/1424 [=====================>........] - ETA: 4s - loss: 0.6322 - acc: 0.7907
1088/1424 [=====================>........] - ETA: 3s - loss: 0.6308 - acc: 0.7923
1120/1424 [======================>.......] - ETA: 3s - loss: 0.6280 - acc: 0.7937
1152/1424 [=======================>......] - ETA: 3s - loss: 0.6272 - acc: 0.7969
1184/1424 [=======================>......] - ETA: 2s - loss: 0.6270 - acc: 0.7922
1216/1424 [========================>.....] - ETA: 2s - loss: 0.6255 - acc: 0.7936
1248/1424 [=========================>....] - ETA: 2s - loss: 0.6243 - acc: 0.7949
1280/1424 [=========================>....] - ETA: 1s - loss: 0.6234 - acc: 0.7914
1312/1424 [==========================>...] - ETA: 1s - loss: 0.6225 - acc: 0.7912
1344/1424 [===========================>..] - ETA: 0s - loss: 0.6211 - acc: 0.7902
1376/1424 [===========================>..] - ETA: 0s - loss: 0.6309 - acc: 0.7914
1408/1424 [============================>.] - ETA: 0s - loss: 0.6291 - acc: 0.7933
1424/1424 [==============================] - 19s 14ms/step - loss: 0.6284 - acc: 0.7935 - val_loss: 0.5705 - val_acc: 0.8305
Train on 1424 samples, validate on 708 samples
Epoch 1/1

  32/1424 [..............................] - ETA: 16s - loss: 0.5547 - acc: 0.8125
  64/1424 [>.............................] - ETA: 16s - loss: 0.5692 - acc: 0.8438
  96/1424 [=>............................] - ETA: 15s - loss: 0.5753 - acc: 0.8438
 128/1424 [=>............................] - ETA: 15s - loss: 0.5941 - acc: 0.7969
 160/1424 [==>...........................] - ETA: 14s - loss: 0.5752 - acc: 0.8063
 192/1424 [===>..........................] - ETA: 14s - loss: 0.5695 - acc: 0.8073
 224/1424 [===>..........................] - ETA: 13s - loss: 0.5511 - acc: 0.8125
 256/1424 [====>.........................] - ETA: 13s - loss: 0.5642 - acc: 0.7930
 288/1424 [=====>........................] - ETA: 13s - loss: 0.5597 - acc: 0.7951
 320/1424 [=====>........................] - ETA: 12s - loss: 0.5576 - acc: 0.7875
 352/1424 [======>.......................] - ETA: 12s - loss: 0.5709 - acc: 0.7727
 384/1424 [=======>......................] - ETA: 12s - loss: 0.5646 - acc: 0.7734
 416/1424 [=======>......................] - ETA: 11s - loss: 0.5628 - acc: 0.7788
 448/1424 [========>.....................] - ETA: 11s - loss: 0.5596 - acc: 0.7879
 480/1424 [=========>....................] - ETA: 10s - loss: 0.5594 - acc: 0.7937
 512/1424 [=========>....................] - ETA: 10s - loss: 0.5611 - acc: 0.7930
 544/1424 [==========>...................] - ETA: 10s - loss: 0.5601 - acc: 0.7941
 576/1424 [===========>..................] - ETA: 9s - loss: 0.5605 - acc: 0.7934 
 608/1424 [===========>..................] - ETA: 9s - loss: 0.5556 - acc: 0.7977
 640/1424 [============>.................] - ETA: 9s - loss: 0.5525 - acc: 0.8016
 672/1424 [=============>................] - ETA: 8s - loss: 0.5717 - acc: 0.8036
 704/1424 [=============>................] - ETA: 8s - loss: 0.5894 - acc: 0.8054
 736/1424 [==============>...............] - ETA: 8s - loss: 0.6293 - acc: 0.8030
 768/1424 [===============>..............] - ETA: 7s - loss: 0.6501 - acc: 0.7982
 800/1424 [===============>..............] - ETA: 7s - loss: 0.6441 - acc: 0.7963
 832/1424 [================>.............] - ETA: 6s - loss: 0.6425 - acc: 0.7981
 864/1424 [=================>............] - ETA: 6s - loss: 0.6372 - acc: 0.7986
 896/1424 [=================>............] - ETA: 6s - loss: 0.6344 - acc: 0.7991
 928/1424 [==================>...........] - ETA: 5s - loss: 0.6310 - acc: 0.7996
 960/1424 [===================>..........] - ETA: 5s - loss: 0.6268 - acc: 0.8031
 992/1424 [===================>..........] - ETA: 5s - loss: 0.6224 - acc: 0.8054
1024/1424 [====================>.........] - ETA: 4s - loss: 0.6200 - acc: 0.8027
1056/1424 [=====================>........] - ETA: 4s - loss: 0.6183 - acc: 0.8030
1088/1424 [=====================>........] - ETA: 3s - loss: 0.6160 - acc: 0.8015
1120/1424 [======================>.......] - ETA: 3s - loss: 0.6147 - acc: 0.7991
1152/1424 [=======================>......] - ETA: 3s - loss: 0.6107 - acc: 0.8012
1184/1424 [=======================>......] - ETA: 2s - loss: 0.6085 - acc: 0.8024
1216/1424 [========================>.....] - ETA: 2s - loss: 0.6052 - acc: 0.8018
1248/1424 [=========================>....] - ETA: 2s - loss: 0.6015 - acc: 0.8005
1280/1424 [=========================>....] - ETA: 1s - loss: 0.5978 - acc: 0.8000
1312/1424 [==========================>...] - ETA: 1s - loss: 0.5953 - acc: 0.7995
1344/1424 [===========================>..] - ETA: 0s - loss: 0.5907 - acc: 0.7991
1376/1424 [===========================>..] - ETA: 0s - loss: 0.5871 - acc: 0.7987
1408/1424 [============================>.] - ETA: 0s - loss: 0.5851 - acc: 0.7997
1424/1424 [==============================] - 19s 14ms/step - loss: 0.5846 - acc: 0.7992 - val_loss: 0.5291 - val_acc: 0.8432
Train on 1424 samples, validate on 708 samples
Epoch 1/1

  32/1424 [..............................] - ETA: 17s - loss: 0.4404 - acc: 0.8125
  64/1424 [>.............................] - ETA: 16s - loss: 0.4564 - acc: 0.7969
  96/1424 [=>............................] - ETA: 15s - loss: 0.7168 - acc: 0.7812
 128/1424 [=>............................] - ETA: 15s - loss: 0.6270 - acc: 0.7969
 160/1424 [==>...........................] - ETA: 14s - loss: 0.6893 - acc: 0.8063
 192/1424 [===>..........................] - ETA: 14s - loss: 0.6421 - acc: 0.8021
 224/1424 [===>..........................] - ETA: 14s - loss: 0.6740 - acc: 0.8080
 256/1424 [====>.........................] - ETA: 13s - loss: 0.7746 - acc: 0.8008
 288/1424 [=====>........................] - ETA: 13s - loss: 0.9068 - acc: 0.7882
 320/1424 [=====>........................] - ETA: 12s - loss: 0.9106 - acc: 0.7844
 352/1424 [======>.......................] - ETA: 12s - loss: 0.9438 - acc: 0.7784
 384/1424 [=======>......................] - ETA: 12s - loss: 0.9524 - acc: 0.7682
 416/1424 [=======>......................] - ETA: 11s - loss: 0.9235 - acc: 0.7596
 448/1424 [========>.....................] - ETA: 11s - loss: 0.9690 - acc: 0.7522
 480/1424 [=========>....................] - ETA: 10s - loss: 0.9468 - acc: 0.7417
 512/1424 [=========>....................] - ETA: 10s - loss: 0.9265 - acc: 0.7383
 544/1424 [==========>...................] - ETA: 10s - loss: 0.9065 - acc: 0.7298
 576/1424 [===========>..................] - ETA: 9s - loss: 0.8916 - acc: 0.7205 
 608/1424 [===========>..................] - ETA: 9s - loss: 0.8742 - acc: 0.7220
 640/1424 [============>.................] - ETA: 9s - loss: 0.8610 - acc: 0.7172
 672/1424 [=============>................] - ETA: 8s - loss: 0.8469 - acc: 0.7202
 704/1424 [=============>................] - ETA: 8s - loss: 0.8376 - acc: 0.7188
 736/1424 [==============>...............] - ETA: 8s - loss: 0.8272 - acc: 0.7160
 768/1424 [===============>..............] - ETA: 7s - loss: 0.8174 - acc: 0.7174
 800/1424 [===============>..............] - ETA: 7s - loss: 0.8097 - acc: 0.7175
 832/1424 [================>.............] - ETA: 6s - loss: 0.8029 - acc: 0.7127
 864/1424 [=================>............] - ETA: 6s - loss: 0.7969 - acc: 0.7083
 896/1424 [=================>............] - ETA: 6s - loss: 0.7895 - acc: 0.7076
 928/1424 [==================>...........] - ETA: 5s - loss: 0.7848 - acc: 0.7015
 960/1424 [===================>..........] - ETA: 5s - loss: 0.7790 - acc: 0.7000
 992/1424 [===================>..........] - ETA: 5s - loss: 0.7730 - acc: 0.7006
1024/1424 [====================>.........] - ETA: 4s - loss: 0.7679 - acc: 0.6992
1056/1424 [=====================>........] - ETA: 4s - loss: 0.7626 - acc: 0.6979
1088/1424 [=====================>........] - ETA: 3s - loss: 0.7578 - acc: 0.6967
1120/1424 [======================>.......] - ETA: 3s - loss: 0.7539 - acc: 0.6991
1152/1424 [=======================>......] - ETA: 3s - loss: 0.7493 - acc: 0.7014
1184/1424 [=======================>......] - ETA: 2s - loss: 0.7465 - acc: 0.7010
1216/1424 [========================>.....] - ETA: 2s - loss: 0.7419 - acc: 0.7039
1248/1424 [=========================>....] - ETA: 2s - loss: 0.7362 - acc: 0.7091
1280/1424 [=========================>....] - ETA: 1s - loss: 0.7302 - acc: 0.7141
1312/1424 [==========================>...] - ETA: 1s - loss: 0.7271 - acc: 0.7157
1344/1424 [===========================>..] - ETA: 0s - loss: 0.7226 - acc: 0.7165
1376/1424 [===========================>..] - ETA: 0s - loss: 0.7307 - acc: 0.7137
1408/1424 [============================>.] - ETA: 0s - loss: 0.7272 - acc: 0.7131
1424/1424 [==============================] - 19s 14ms/step - loss: 0.7349 - acc: 0.7149 - val_loss: 0.5810 - val_acc: 0.8291
Train on 1424 samples, validate on 708 samples
Epoch 1/1

  32/1424 [..............................] - ETA: 16s - loss: 0.5172 - acc: 0.8750
  64/1424 [>.............................] - ETA: 15s - loss: 0.6525 - acc: 0.8281
  96/1424 [=>............................] - ETA: 15s - loss: 0.6288 - acc: 0.8021
 128/1424 [=>............................] - ETA: 15s - loss: 0.6100 - acc: 0.7969
 160/1424 [==>...........................] - ETA: 14s - loss: 0.6164 - acc: 0.7500
 192/1424 [===>..........................] - ETA: 14s - loss: 0.6101 - acc: 0.7396
 224/1424 [===>..........................] - ETA: 13s - loss: 0.6078 - acc: 0.7366
 256/1424 [====>.........................] - ETA: 13s - loss: 0.6002 - acc: 0.7461
 288/1424 [=====>........................] - ETA: 13s - loss: 0.5949 - acc: 0.7465
 320/1424 [=====>........................] - ETA: 12s - loss: 0.5952 - acc: 0.7406
 352/1424 [======>.......................] - ETA: 12s - loss: 0.5944 - acc: 0.7415
 384/1424 [=======>......................] - ETA: 12s - loss: 0.5948 - acc: 0.7396
 416/1424 [=======>......................] - ETA: 11s - loss: 0.5964 - acc: 0.7284
 448/1424 [========>.....................] - ETA: 11s - loss: 0.5935 - acc: 0.7366
 480/1424 [=========>....................] - ETA: 10s - loss: 0.5938 - acc: 0.7271
 512/1424 [=========>....................] - ETA: 10s - loss: 0.5922 - acc: 0.7266
 544/1424 [==========>...................] - ETA: 10s - loss: 0.5892 - acc: 0.7316
 576/1424 [===========>..................] - ETA: 9s - loss: 0.5895 - acc: 0.7309 
 608/1424 [===========>..................] - ETA: 9s - loss: 0.5893 - acc: 0.7270
 640/1424 [============>.................] - ETA: 9s - loss: 0.5873 - acc: 0.7297
 672/1424 [=============>................] - ETA: 8s - loss: 0.5886 - acc: 0.7292
 704/1424 [=============>................] - ETA: 8s - loss: 0.5867 - acc: 0.7330
 736/1424 [==============>...............] - ETA: 7s - loss: 0.5864 - acc: 0.7337
 768/1424 [===============>..............] - ETA: 7s - loss: 0.5844 - acc: 0.7370
 800/1424 [===============>..............] - ETA: 7s - loss: 0.6043 - acc: 0.7362
 832/1424 [================>.............] - ETA: 6s - loss: 0.6020 - acc: 0.7368
 864/1424 [=================>............] - ETA: 6s - loss: 0.6194 - acc: 0.7350
 896/1424 [=================>............] - ETA: 6s - loss: 0.6166 - acc: 0.7400
 928/1424 [==================>...........] - ETA: 5s - loss: 0.6162 - acc: 0.7371
 960/1424 [===================>..........] - ETA: 5s - loss: 0.6143 - acc: 0.7365
 992/1424 [===================>..........] - ETA: 5s - loss: 0.6118 - acc: 0.7389
1024/1424 [====================>.........] - ETA: 4s - loss: 0.6072 - acc: 0.7432
1056/1424 [=====================>........] - ETA: 4s - loss: 0.6052 - acc: 0.7443
1088/1424 [=====================>........] - ETA: 3s - loss: 0.6033 - acc: 0.7454
1120/1424 [======================>.......] - ETA: 3s - loss: 0.6001 - acc: 0.7455
1152/1424 [=======================>......] - ETA: 3s - loss: 0.5969 - acc: 0.7474
1184/1424 [=======================>......] - ETA: 2s - loss: 0.5950 - acc: 0.7500
1216/1424 [========================>.....] - ETA: 2s - loss: 0.6162 - acc: 0.7500
1248/1424 [=========================>....] - ETA: 2s - loss: 0.6657 - acc: 0.7476
1280/1424 [=========================>....] - ETA: 1s - loss: 0.6890 - acc: 0.7469
1312/1424 [==========================>...] - ETA: 1s - loss: 0.7421 - acc: 0.7409
1344/1424 [===========================>..] - ETA: 0s - loss: 0.7559 - acc: 0.7381
1376/1424 [===========================>..] - ETA: 0s - loss: 0.7934 - acc: 0.7355
1408/1424 [============================>.] - ETA: 0s - loss: 0.8059 - acc: 0.7344
1424/1424 [==============================] - 19s 14ms/step - loss: 0.8502 - acc: 0.7310 - val_loss: 1.5918 - val_acc: 0.6596
Train on 1424 samples, validate on 708 samples
Epoch 1/1

  32/1424 [..............................] - ETA: 16s - loss: 3.0774 - acc: 0.5000
  64/1424 [>.............................] - ETA: 15s - loss: 3.4205 - acc: 0.5938
  96/1424 [=>............................] - ETA: 15s - loss: 3.9161 - acc: 0.5833
 128/1424 [=>............................] - ETA: 15s - loss: 3.2728 - acc: 0.6016
 160/1424 [==>...........................] - ETA: 14s - loss: 2.9913 - acc: 0.6250
 192/1424 [===>..........................] - ETA: 14s - loss: 2.7894 - acc: 0.6615
 224/1424 [===>..........................] - ETA: 13s - loss: 3.1595 - acc: 0.6429
 256/1424 [====>.........................] - ETA: 13s - loss: 3.0845 - acc: 0.6367
 288/1424 [=====>........................] - ETA: 13s - loss: 3.0617 - acc: 0.6424
 320/1424 [=====>........................] - ETA: 12s - loss: 3.3404 - acc: 0.6219
 352/1424 [======>.......................] - ETA: 12s - loss: 3.4080 - acc: 0.6193
 384/1424 [=======>......................] - ETA: 12s - loss: 3.2627 - acc: 0.6250
 416/1424 [=======>......................] - ETA: 11s - loss: 3.2976 - acc: 0.6250
 448/1424 [========>.....................] - ETA: 11s - loss: 3.2357 - acc: 0.6317
 480/1424 [=========>....................] - ETA: 10s - loss: 3.2121 - acc: 0.6396
 512/1424 [=========>....................] - ETA: 10s - loss: 3.1844 - acc: 0.6465
 544/1424 [==========>...................] - ETA: 10s - loss: 3.0798 - acc: 0.6507
 576/1424 [===========>..................] - ETA: 9s - loss: 2.9835 - acc: 0.6580 
 608/1424 [===========>..................] - ETA: 9s - loss: 3.0222 - acc: 0.6595
 640/1424 [============>.................] - ETA: 9s - loss: 2.9668 - acc: 0.6687
 672/1424 [=============>................] - ETA: 8s - loss: 2.9627 - acc: 0.6667
 704/1424 [=============>................] - ETA: 8s - loss: 2.8864 - acc: 0.6733
 736/1424 [==============>...............] - ETA: 7s - loss: 2.8187 - acc: 0.6780
 768/1424 [===============>..............] - ETA: 7s - loss: 2.7530 - acc: 0.6836
 800/1424 [===============>..............] - ETA: 7s - loss: 2.7340 - acc: 0.6850
 832/1424 [================>.............] - ETA: 6s - loss: 2.7208 - acc: 0.6899
 864/1424 [=================>............] - ETA: 6s - loss: 2.6499 - acc: 0.6956
 896/1424 [=================>............] - ETA: 6s - loss: 2.6358 - acc: 0.6987
 928/1424 [==================>...........] - ETA: 5s - loss: 2.6229 - acc: 0.7004
 960/1424 [===================>..........] - ETA: 5s - loss: 2.5586 - acc: 0.7083
 992/1424 [===================>..........] - ETA: 5s - loss: 2.5050 - acc: 0.7097
1024/1424 [====================>.........] - ETA: 4s - loss: 2.4710 - acc: 0.7109
1056/1424 [=====================>........] - ETA: 4s - loss: 2.4652 - acc: 0.7140
1088/1424 [=====================>........] - ETA: 3s - loss: 2.4347 - acc: 0.7142
1120/1424 [======================>.......] - ETA: 3s - loss: 2.3734 - acc: 0.7196
1152/1424 [=======================>......] - ETA: 3s - loss: 2.3286 - acc: 0.7240
1184/1424 [=======================>......] - ETA: 2s - loss: 2.2906 - acc: 0.7255
1216/1424 [========================>.....] - ETA: 2s - loss: 2.2783 - acc: 0.7262
1248/1424 [=========================>....] - ETA: 2s - loss: 2.2946 - acc: 0.7228
1280/1424 [=========================>....] - ETA: 1s - loss: 2.2479 - acc: 0.7266
1312/1424 [==========================>...] - ETA: 1s - loss: 2.2316 - acc: 0.7264
1344/1424 [===========================>..] - ETA: 0s - loss: 2.1870 - acc: 0.7314
1376/1424 [===========================>..] - ETA: 0s - loss: 2.1670 - acc: 0.7340
1408/1424 [============================>.] - ETA: 0s - loss: 2.1751 - acc: 0.7330
1424/1424 [==============================] - 19s 14ms/step - loss: 2.1768 - acc: 0.7331 - val_loss: 1.2214 - val_acc: 0.8150
Train on 1424 samples, validate on 708 samples
Epoch 1/1

  32/1424 [..............................] - ETA: 16s - loss: 1.5593 - acc: 0.8125
  64/1424 [>.............................] - ETA: 16s - loss: 1.1726 - acc: 0.8125
  96/1424 [=>............................] - ETA: 15s - loss: 1.0764 - acc: 0.8125
 128/1424 [=>............................] - ETA: 15s - loss: 1.3735 - acc: 0.7969
 160/1424 [==>...........................] - ETA: 14s - loss: 1.5724 - acc: 0.7812
 192/1424 [===>..........................] - ETA: 14s - loss: 1.4704 - acc: 0.7812
 224/1424 [===>..........................] - ETA: 14s - loss: 1.4500 - acc: 0.7902
 256/1424 [====>.........................] - ETA: 13s - loss: 1.6742 - acc: 0.7695
 288/1424 [=====>........................] - ETA: 13s - loss: 1.7812 - acc: 0.7674
 320/1424 [=====>........................] - ETA: 12s - loss: 1.9148 - acc: 0.7625
 352/1424 [======>.......................] - ETA: 12s - loss: 1.9786 - acc: 0.7472
 384/1424 [=======>......................] - ETA: 12s - loss: 2.0547 - acc: 0.7474
 416/1424 [=======>......................] - ETA: 11s - loss: 2.1629 - acc: 0.7404
 448/1424 [========>.....................] - ETA: 11s - loss: 2.3116 - acc: 0.7344
 480/1424 [=========>....................] - ETA: 10s - loss: 2.3444 - acc: 0.7375
 512/1424 [=========>....................] - ETA: 10s - loss: 2.4026 - acc: 0.7383
 544/1424 [==========>...................] - ETA: 10s - loss: 2.3086 - acc: 0.7445
 576/1424 [===========>..................] - ETA: 9s - loss: 2.3436 - acc: 0.7396 
 608/1424 [===========>..................] - ETA: 9s - loss: 2.4248 - acc: 0.7303
 640/1424 [============>.................] - ETA: 9s - loss: 2.4579 - acc: 0.7281
 672/1424 [=============>................] - ETA: 8s - loss: 2.5675 - acc: 0.7202
 704/1424 [=============>................] - ETA: 8s - loss: 2.5845 - acc: 0.7173
 736/1424 [==============>...............] - ETA: 7s - loss: 2.6972 - acc: 0.7133
 768/1424 [===============>..............] - ETA: 7s - loss: 2.7395 - acc: 0.7122
 800/1424 [===============>..............] - ETA: 7s - loss: 2.7429 - acc: 0.7100
 832/1424 [================>.............] - ETA: 6s - loss: 2.7863 - acc: 0.7079
 864/1424 [=================>............] - ETA: 6s - loss: 2.7845 - acc: 0.7106
 896/1424 [=================>............] - ETA: 6s - loss: 2.8015 - acc: 0.7087
 928/1424 [==================>...........] - ETA: 5s - loss: 2.8157 - acc: 0.7091
 960/1424 [===================>..........] - ETA: 5s - loss: 2.8308 - acc: 0.7073
 992/1424 [===================>..........] - ETA: 5s - loss: 2.8574 - acc: 0.7097
1024/1424 [====================>.........] - ETA: 4s - loss: 2.9311 - acc: 0.7070
1056/1424 [=====================>........] - ETA: 4s - loss: 2.9856 - acc: 0.7045
1088/1424 [=====================>........] - ETA: 3s - loss: 3.0223 - acc: 0.7013
1120/1424 [======================>.......] - ETA: 3s - loss: 3.0115 - acc: 0.7036
1152/1424 [=======================>......] - ETA: 3s - loss: 3.0359 - acc: 0.6988
1184/1424 [=======================>......] - ETA: 2s - loss: 2.9998 - acc: 0.7019
1216/1424 [========================>.....] - ETA: 2s - loss: 3.0453 - acc: 0.6998
1248/1424 [=========================>....] - ETA: 2s - loss: 3.1147 - acc: 0.6955
1280/1424 [=========================>....] - ETA: 1s - loss: 3.1541 - acc: 0.6937
1312/1424 [==========================>...] - ETA: 1s - loss: 3.2173 - acc: 0.6905
1344/1424 [===========================>..] - ETA: 0s - loss: 3.2282 - acc: 0.6905
1376/1424 [===========================>..] - ETA: 0s - loss: 3.2733 - acc: 0.6897
1408/1424 [============================>.] - ETA: 0s - loss: 3.3451 - acc: 0.6839
1424/1424 [==============================] - 19s 14ms/step - loss: 3.3356 - acc: 0.6833 - val_loss: 1.4950 - val_acc: 0.7740
Train on 1424 samples, validate on 708 samples
Epoch 1/1

  32/1424 [..............................] - ETA: 16s - loss: 4.7235 - acc: 0.6562
  64/1424 [>.............................] - ETA: 15s - loss: 4.2639 - acc: 0.6406
  96/1424 [=>............................] - ETA: 15s - loss: 3.9775 - acc: 0.6250
 128/1424 [=>............................] - ETA: 15s - loss: 4.0483 - acc: 0.6406
 160/1424 [==>...........................] - ETA: 14s - loss: 3.8885 - acc: 0.6562
 192/1424 [===>..........................] - ETA: 14s - loss: 3.7777 - acc: 0.6562
 224/1424 [===>..........................] - ETA: 13s - loss: 3.9048 - acc: 0.6562
 256/1424 [====>.........................] - ETA: 13s - loss: 3.7675 - acc: 0.6680
 288/1424 [=====>........................] - ETA: 13s - loss: 3.8100 - acc: 0.6667
 320/1424 [=====>........................] - ETA: 12s - loss: 3.7943 - acc: 0.6719
 352/1424 [======>.......................] - ETA: 12s - loss: 3.7099 - acc: 0.6676
 384/1424 [=======>......................] - ETA: 12s - loss: 3.8260 - acc: 0.6615
 416/1424 [=======>......................] - ETA: 11s - loss: 3.8187 - acc: 0.6635
 448/1424 [========>.....................] - ETA: 11s - loss: 3.8158 - acc: 0.6629
 480/1424 [=========>....................] - ETA: 10s - loss: 3.8412 - acc: 0.6667
 512/1424 [=========>....................] - ETA: 10s - loss: 3.8676 - acc: 0.6660
 544/1424 [==========>...................] - ETA: 10s - loss: 3.8597 - acc: 0.6691
 576/1424 [===========>..................] - ETA: 9s - loss: 3.9047 - acc: 0.6701 
 608/1424 [===========>..................] - ETA: 9s - loss: 3.9207 - acc: 0.6678
 640/1424 [============>.................] - ETA: 9s - loss: 3.8691 - acc: 0.6641
 672/1424 [=============>................] - ETA: 8s - loss: 3.8239 - acc: 0.6592
 704/1424 [=============>................] - ETA: 8s - loss: 3.8951 - acc: 0.6491
 736/1424 [==============>...............] - ETA: 7s - loss: 3.8459 - acc: 0.6508
 768/1424 [===============>..............] - ETA: 7s - loss: 3.8282 - acc: 0.6471
 800/1424 [===============>..............] - ETA: 7s - loss: 3.9093 - acc: 0.6362
 832/1424 [================>.............] - ETA: 6s - loss: 3.9477 - acc: 0.6274
 864/1424 [=================>............] - ETA: 6s - loss: 3.9290 - acc: 0.6215
 896/1424 [=================>............] - ETA: 6s - loss: 3.8891 - acc: 0.6239
 928/1424 [==================>...........] - ETA: 5s - loss: 3.9662 - acc: 0.6207
 960/1424 [===================>..........] - ETA: 5s - loss: 4.0241 - acc: 0.6188
 992/1424 [===================>..........] - ETA: 5s - loss: 4.0738 - acc: 0.6179
1024/1424 [====================>.........] - ETA: 4s - loss: 4.1992 - acc: 0.6123
1056/1424 [=====================>........] - ETA: 4s - loss: 4.2687 - acc: 0.6117
1088/1424 [=====================>........] - ETA: 3s - loss: 4.3053 - acc: 0.6121
1120/1424 [======================>.......] - ETA: 3s - loss: 4.3673 - acc: 0.6116
1152/1424 [=======================>......] - ETA: 3s - loss: 4.4400 - acc: 0.6102
1184/1424 [=======================>......] - ETA: 2s - loss: 4.5355 - acc: 0.6073
1216/1424 [========================>.....] - ETA: 2s - loss: 4.5998 - acc: 0.6061
1248/1424 [=========================>....] - ETA: 2s - loss: 4.6990 - acc: 0.6026
1280/1424 [=========================>....] - ETA: 1s - loss: 4.6936 - acc: 0.6055
1312/1424 [==========================>...] - ETA: 1s - loss: 4.7493 - acc: 0.6044
1344/1424 [===========================>..] - ETA: 0s - loss: 4.8023 - acc: 0.6034
1376/1424 [===========================>..] - ETA: 0s - loss: 4.8644 - acc: 0.6017
1408/1424 [============================>.] - ETA: 0s - loss: 4.9125 - acc: 0.6009
1424/1424 [==============================] - 19s 14ms/step - loss: 4.9476 - acc: 0.5990 - val_loss: 7.9712 - val_acc: 0.5000
Train on 1424 samples, validate on 708 samples
Epoch 1/1

  32/1424 [..............................] - ETA: 16s - loss: 9.4865 - acc: 0.4062
  64/1424 [>.............................] - ETA: 15s - loss: 8.2334 - acc: 0.4844
  96/1424 [=>............................] - ETA: 15s - loss: 7.4836 - acc: 0.5312
 128/1424 [=>............................] - ETA: 15s - loss: 7.3564 - acc: 0.5391
 160/1424 [==>...........................] - ETA: 14s - loss: 7.7794 - acc: 0.5125
 192/1424 [===>..........................] - ETA: 14s - loss: 8.1444 - acc: 0.4896
 224/1424 [===>..........................] - ETA: 13s - loss: 8.1196 - acc: 0.4911
 256/1424 [====>.........................] - ETA: 13s - loss: 7.9173 - acc: 0.5000
 288/1424 [=====>........................] - ETA: 13s - loss: 7.1167 - acc: 0.4896
 320/1424 [=====>........................] - ETA: 12s - loss: 6.4747 - acc: 0.4906
 352/1424 [======>.......................] - ETA: 12s - loss: 5.9475 - acc: 0.5028
 384/1424 [=======>......................] - ETA: 12s - loss: 5.5095 - acc: 0.5052
 416/1424 [=======>......................] - ETA: 11s - loss: 5.1401 - acc: 0.5000
 448/1424 [========>.....................] - ETA: 11s - loss: 4.8234 - acc: 0.4955
 480/1424 [=========>....................] - ETA: 10s - loss: 4.5483 - acc: 0.4958
 512/1424 [=========>....................] - ETA: 10s - loss: 4.3066 - acc: 0.5020
 544/1424 [==========>...................] - ETA: 10s - loss: 4.0957 - acc: 0.4926
 576/1424 [===========>..................] - ETA: 9s - loss: 3.9080 - acc: 0.4861 
 608/1424 [===========>..................] - ETA: 9s - loss: 3.7390 - acc: 0.4868
 640/1424 [============>.................] - ETA: 9s - loss: 3.5866 - acc: 0.4891
 672/1424 [=============>................] - ETA: 8s - loss: 3.4487 - acc: 0.4911
 704/1424 [=============>................] - ETA: 8s - loss: 3.3223 - acc: 0.5000
 736/1424 [==============>...............] - ETA: 8s - loss: 3.2090 - acc: 0.4946
 768/1424 [===============>..............] - ETA: 7s - loss: 3.1036 - acc: 0.4987
 800/1424 [===============>..............] - ETA: 7s - loss: 3.0072 - acc: 0.5000
 832/1424 [================>.............] - ETA: 6s - loss: 2.9181 - acc: 0.5012
 864/1424 [=================>............] - ETA: 6s - loss: 2.8356 - acc: 0.5023
 896/1424 [=================>............] - ETA: 6s - loss: 2.7592 - acc: 0.5022
 928/1424 [==================>...........] - ETA: 5s - loss: 2.6888 - acc: 0.4978
 960/1424 [===================>..........] - ETA: 5s - loss: 2.6225 - acc: 0.4969
 992/1424 [===================>..........] - ETA: 5s - loss: 2.5609 - acc: 0.4940
1024/1424 [====================>.........] - ETA: 4s - loss: 2.5020 - acc: 0.4980
1056/1424 [=====================>........] - ETA: 4s - loss: 2.4474 - acc: 0.4972
1088/1424 [=====================>........] - ETA: 3s - loss: 2.3969 - acc: 0.4908
1120/1424 [======================>.......] - ETA: 3s - loss: 2.3478 - acc: 0.4946
1152/1424 [=======================>......] - ETA: 3s - loss: 2.3019 - acc: 0.4948
1184/1424 [=======================>......] - ETA: 2s - loss: 2.2585 - acc: 0.4949
1216/1424 [========================>.....] - ETA: 2s - loss: 2.2174 - acc: 0.4951
1248/1424 [=========================>....] - ETA: 2s - loss: 2.1786 - acc: 0.4936
1280/1424 [=========================>....] - ETA: 1s - loss: 2.1407 - acc: 0.4992
1312/1424 [==========================>...] - ETA: 1s - loss: 2.1052 - acc: 0.5008
1344/1424 [===========================>..] - ETA: 0s - loss: 2.0718 - acc: 0.5000
1376/1424 [===========================>..] - ETA: 0s - loss: 2.0398 - acc: 0.5000
1408/1424 [============================>.] - ETA: 0s - loss: 2.0092 - acc: 0.5007
1424/1424 [==============================] - 19s 14ms/step - loss: 1.9948 - acc: 0.4979 - val_loss: 0.6961 - val_acc: 0.5000
Train on 1424 samples, validate on 708 samples
Epoch 1/1

  32/1424 [..............................] - ETA: 16s - loss: 0.7056 - acc: 0.4375
  64/1424 [>.............................] - ETA: 15s - loss: 0.7032 - acc: 0.4531
  96/1424 [=>............................] - ETA: 15s - loss: 0.7008 - acc: 0.4688
 128/1424 [=>............................] - ETA: 15s - loss: 0.7008 - acc: 0.4688
 160/1424 [==>...........................] - ETA: 14s - loss: 0.7055 - acc: 0.4375
 192/1424 [===>..........................] - ETA: 14s - loss: 0.7070 - acc: 0.4271
 224/1424 [===>..........................] - ETA: 13s - loss: 0.7061 - acc: 0.4330
 256/1424 [====>.........................] - ETA: 13s - loss: 0.7042 - acc: 0.4453
 288/1424 [=====>........................] - ETA: 13s - loss: 0.7069 - acc: 0.4271
 320/1424 [=====>........................] - ETA: 12s - loss: 0.7067 - acc: 0.4281
 352/1424 [======>.......................] - ETA: 12s - loss: 0.7028 - acc: 0.4545
 384/1424 [=======>......................] - ETA: 12s - loss: 0.7033 - acc: 0.4505
 416/1424 [=======>......................] - ETA: 11s - loss: 0.7010 - acc: 0.4663
 448/1424 [========>.....................] - ETA: 11s - loss: 0.7006 - acc: 0.4688
 480/1424 [=========>....................] - ETA: 10s - loss: 0.6994 - acc: 0.4771
 512/1424 [=========>....................] - ETA: 10s - loss: 0.6997 - acc: 0.4746
 544/1424 [==========>...................] - ETA: 10s - loss: 0.6985 - acc: 0.4835
 576/1424 [===========>..................] - ETA: 9s - loss: 0.6981 - acc: 0.4861 
 608/1424 [===========>..................] - ETA: 9s - loss: 0.6968 - acc: 0.4951
 640/1424 [============>.................] - ETA: 9s - loss: 0.6963 - acc: 0.4984
 672/1424 [=============>................] - ETA: 8s - loss: 0.6969 - acc: 0.4940
 704/1424 [=============>................] - ETA: 8s - loss: 0.6962 - acc: 0.4986
 736/1424 [==============>...............] - ETA: 7s - loss: 0.6973 - acc: 0.4905
 768/1424 [===============>..............] - ETA: 7s - loss: 0.6973 - acc: 0.4909
 800/1424 [===============>..............] - ETA: 7s - loss: 0.6976 - acc: 0.4888
 832/1424 [================>.............] - ETA: 6s - loss: 0.6970 - acc: 0.4928
 864/1424 [=================>............] - ETA: 6s - loss: 0.6966 - acc: 0.4954
 896/1424 [=================>............] - ETA: 6s - loss: 0.6963 - acc: 0.4978
 928/1424 [==================>...........] - ETA: 5s - loss: 0.6961 - acc: 0.4989
 960/1424 [===================>..........] - ETA: 5s - loss: 0.6959 - acc: 0.5000
 992/1424 [===================>..........] - ETA: 5s - loss: 0.6963 - acc: 0.4970
1024/1424 [====================>.........] - ETA: 4s - loss: 0.6959 - acc: 0.5000
1056/1424 [=====================>........] - ETA: 4s - loss: 0.6956 - acc: 0.5019
1088/1424 [=====================>........] - ETA: 3s - loss: 0.6955 - acc: 0.5028
1120/1424 [======================>.......] - ETA: 3s - loss: 0.6959 - acc: 0.5000
1152/1424 [=======================>......] - ETA: 3s - loss: 0.6957 - acc: 0.5009
1184/1424 [=======================>......] - ETA: 2s - loss: 0.6958 - acc: 0.5000
1216/1424 [========================>.....] - ETA: 2s - loss: 0.6958 - acc: 0.5000
1248/1424 [=========================>....] - ETA: 2s - loss: 0.6956 - acc: 0.5016
1280/1424 [=========================>....] - ETA: 1s - loss: 0.6952 - acc: 0.5047
1312/1424 [==========================>...] - ETA: 1s - loss: 0.6950 - acc: 0.5061
1344/1424 [===========================>..] - ETA: 0s - loss: 0.6955 - acc: 0.5022
1376/1424 [===========================>..] - ETA: 0s - loss: 0.6960 - acc: 0.4985
1408/1424 [============================>.] - ETA: 0s - loss: 0.6959 - acc: 0.4993
1424/1424 [==============================] - 19s 14ms/step - loss: 0.6958 - acc: 0.5000 - val_loss: 0.6955 - val_acc: 0.5000
Train on 1424 samples, validate on 708 samples
Epoch 1/1

  32/1424 [..............................] - ETA: 16s - loss: 0.6997 - acc: 0.4688
  64/1424 [>.............................] - ETA: 15s - loss: 0.7018 - acc: 0.4531
  96/1424 [=>............................] - ETA: 15s - loss: 0.6997 - acc: 0.4688
 128/1424 [=>............................] - ETA: 15s - loss: 0.6944 - acc: 0.5078
 160/1424 [==>...........................] - ETA: 14s - loss: 0.6954 - acc: 0.5000
 192/1424 [===>..........................] - ETA: 14s - loss: 0.6926 - acc: 0.5208
 224/1424 [===>..........................] - ETA: 14s - loss: 0.6906 - acc: 0.5357
 256/1424 [====>.........................] - ETA: 13s - loss: 0.6923 - acc: 0.5234
 288/1424 [=====>........................] - ETA: 13s - loss: 0.6926 - acc: 0.5208
 320/1424 [=====>........................] - ETA: 12s - loss: 0.6929 - acc: 0.5188
 352/1424 [======>.......................] - ETA: 12s - loss: 0.6935 - acc: 0.5142
 384/1424 [=======>......................] - ETA: 12s - loss: 0.6944 - acc: 0.5078
 416/1424 [=======>......................] - ETA: 11s - loss: 0.6935 - acc: 0.5144
 448/1424 [========>.....................] - ETA: 11s - loss: 0.6933 - acc: 0.5156
 480/1424 [=========>....................] - ETA: 10s - loss: 0.6945 - acc: 0.5062
 512/1424 [=========>....................] - ETA: 10s - loss: 0.6951 - acc: 0.5020
 544/1424 [==========>...................] - ETA: 10s - loss: 0.6954 - acc: 0.5000
 576/1424 [===========>..................] - ETA: 9s - loss: 0.6940 - acc: 0.5104 
 608/1424 [===========>..................] - ETA: 9s - loss: 0.6936 - acc: 0.5132
 640/1424 [============>.................] - ETA: 9s - loss: 0.6937 - acc: 0.5125
 672/1424 [=============>................] - ETA: 8s - loss: 0.6926 - acc: 0.5208
 704/1424 [=============>................] - ETA: 8s - loss: 0.6927 - acc: 0.5199
 736/1424 [==============>...............] - ETA: 8s - loss: 0.6929 - acc: 0.5190
 768/1424 [===============>..............] - ETA: 7s - loss: 0.6933 - acc: 0.5156
 800/1424 [===============>..............] - ETA: 7s - loss: 0.6947 - acc: 0.5050
 832/1424 [================>.............] - ETA: 6s - loss: 0.6942 - acc: 0.5084
 864/1424 [=================>............] - ETA: 6s - loss: 0.6952 - acc: 0.5012
 896/1424 [=================>............] - ETA: 6s - loss: 0.6952 - acc: 0.5011
 928/1424 [==================>...........] - ETA: 5s - loss: 0.6957 - acc: 0.4968
 960/1424 [===================>..........] - ETA: 5s - loss: 0.6958 - acc: 0.4958
 992/1424 [===================>..........] - ETA: 5s - loss: 0.6957 - acc: 0.4970
1024/1424 [====================>.........] - ETA: 4s - loss: 0.6952 - acc: 0.5010
1056/1424 [=====================>........] - ETA: 4s - loss: 0.6954 - acc: 0.4991
1088/1424 [=====================>........] - ETA: 3s - loss: 0.6958 - acc: 0.4963
1120/1424 [======================>.......] - ETA: 3s - loss: 0.6955 - acc: 0.4982
1152/1424 [=======================>......] - ETA: 3s - loss: 0.6952 - acc: 0.5009
1184/1424 [=======================>......] - ETA: 2s - loss: 0.6950 - acc: 0.5025
1216/1424 [========================>.....] - ETA: 2s - loss: 0.6949 - acc: 0.5033
1248/1424 [=========================>....] - ETA: 2s - loss: 0.6946 - acc: 0.5056
1280/1424 [=========================>....] - ETA: 1s - loss: 0.6947 - acc: 0.5047
1312/1424 [==========================>...] - ETA: 1s - loss: 0.6949 - acc: 0.5030
1344/1424 [===========================>..] - ETA: 0s - loss: 0.6949 - acc: 0.5030
1376/1424 [===========================>..] - ETA: 0s - loss: 0.6949 - acc: 0.5029
1408/1424 [============================>.] - ETA: 0s - loss: 0.6950 - acc: 0.5021
1424/1424 [==============================] - 19s 14ms/step - loss: 0.6952 - acc: 0.5000 - val_loss: 0.6950 - val_acc: 0.5000
Train on 1424 samples, validate on 708 samples
Epoch 1/1

  32/1424 [..............................] - ETA: 16s - loss: 0.6912 - acc: 0.5312
  64/1424 [>.............................] - ETA: 15s - loss: 0.6950 - acc: 0.5000
  96/1424 [=>............................] - ETA: 15s - loss: 0.6988 - acc: 0.4688
 128/1424 [=>............................] - ETA: 15s - loss: 0.6969 - acc: 0.4844
 160/1424 [==>...........................] - ETA: 14s - loss: 0.6935 - acc: 0.5125
 192/1424 [===>..........................] - ETA: 14s - loss: 0.6962 - acc: 0.4896
 224/1424 [===>..........................] - ETA: 13s - loss: 0.6961 - acc: 0.4911
 256/1424 [====>.........................] - ETA: 13s - loss: 0.6959 - acc: 0.4922
 288/1424 [=====>........................] - ETA: 13s - loss: 0.6958 - acc: 0.4931
 320/1424 [=====>........................] - ETA: 12s - loss: 0.6946 - acc: 0.5031
 352/1424 [======>.......................] - ETA: 12s - loss: 0.6940 - acc: 0.5085
 384/1424 [=======>......................] - ETA: 12s - loss: 0.6940 - acc: 0.5078
 416/1424 [=======>......................] - ETA: 11s - loss: 0.6938 - acc: 0.5096
 448/1424 [========>.....................] - ETA: 11s - loss: 0.6939 - acc: 0.5089
 480/1424 [=========>....................] - ETA: 10s - loss: 0.6930 - acc: 0.5167
 512/1424 [=========>....................] - ETA: 10s - loss: 0.6933 - acc: 0.5137
 544/1424 [==========>...................] - ETA: 10s - loss: 0.6932 - acc: 0.5147
 576/1424 [===========>..................] - ETA: 9s - loss: 0.6939 - acc: 0.5087 
 608/1424 [===========>..................] - ETA: 9s - loss: 0.6938 - acc: 0.5099
 640/1424 [============>.................] - ETA: 9s - loss: 0.6936 - acc: 0.5109
 672/1424 [=============>................] - ETA: 8s - loss: 0.6932 - acc: 0.5149
 704/1424 [=============>................] - ETA: 8s - loss: 0.6937 - acc: 0.5099
 736/1424 [==============>...............] - ETA: 8s - loss: 0.6941 - acc: 0.5068
 768/1424 [===============>..............] - ETA: 7s - loss: 0.6940 - acc: 0.5078
 800/1424 [===============>..............] - ETA: 7s - loss: 0.6952 - acc: 0.4975
 832/1424 [================>.............] - ETA: 6s - loss: 0.6960 - acc: 0.4904
 864/1424 [=================>............] - ETA: 6s - loss: 0.6967 - acc: 0.4838
 896/1424 [=================>............] - ETA: 6s - loss: 0.6968 - acc: 0.4833
 928/1424 [==================>...........] - ETA: 5s - loss: 0.6964 - acc: 0.4871
 960/1424 [===================>..........] - ETA: 5s - loss: 0.6968 - acc: 0.4833
 992/1424 [===================>..........] - ETA: 5s - loss: 0.6968 - acc: 0.4829
1024/1424 [====================>.........] - ETA: 4s - loss: 0.6965 - acc: 0.4854
1056/1424 [=====================>........] - ETA: 4s - loss: 0.6963 - acc: 0.4877
1088/1424 [=====================>........] - ETA: 3s - loss: 0.6964 - acc: 0.4862
1120/1424 [======================>.......] - ETA: 3s - loss: 0.6960 - acc: 0.4902
1152/1424 [=======================>......] - ETA: 3s - loss: 0.6961 - acc: 0.4887
1184/1424 [=======================>......] - ETA: 2s - loss: 0.6958 - acc: 0.4916
1216/1424 [========================>.....] - ETA: 2s - loss: 0.6955 - acc: 0.4942
1248/1424 [=========================>....] - ETA: 2s - loss: 0.6955 - acc: 0.4944
1280/1424 [=========================>....] - ETA: 1s - loss: 0.6953 - acc: 0.4961
1312/1424 [==========================>...] - ETA: 1s - loss: 0.6953 - acc: 0.4962
1344/1424 [===========================>..] - ETA: 0s - loss: 0.6953 - acc: 0.4963
1376/1424 [===========================>..] - ETA: 0s - loss: 0.6953 - acc: 0.4964
1408/1424 [============================>.] - ETA: 0s - loss: 0.6951 - acc: 0.4979
1424/1424 [==============================] - 19s 14ms/step - loss: 0.6949 - acc: 0.5000 - val_loss: 0.6946 - val_acc: 0.5000
Train on 1424 samples, validate on 708 samples
Epoch 1/1

  32/1424 [..............................] - ETA: 16s - loss: 0.7045 - acc: 0.4062
  64/1424 [>.............................] - ETA: 15s - loss: 0.7029 - acc: 0.4219
  96/1424 [=>............................] - ETA: 15s - loss: 0.7023 - acc: 0.4271
 128/1424 [=>............................] - ETA: 15s - loss: 0.7020 - acc: 0.4297
 160/1424 [==>...........................] - ETA: 14s - loss: 0.7045 - acc: 0.4062
 192/1424 [===>..........................] - ETA: 14s - loss: 0.7023 - acc: 0.4271
 224/1424 [===>..........................] - ETA: 13s - loss: 0.6988 - acc: 0.4598
 256/1424 [====>.........................] - ETA: 13s - loss: 0.6983 - acc: 0.4648
 288/1424 [=====>........................] - ETA: 13s - loss: 0.6975 - acc: 0.4722
 320/1424 [=====>........................] - ETA: 12s - loss: 0.6959 - acc: 0.4875
 352/1424 [======>.......................] - ETA: 12s - loss: 0.6949 - acc: 0.4972
 384/1424 [=======>......................] - ETA: 12s - loss: 0.6943 - acc: 0.5026
 416/1424 [=======>......................] - ETA: 11s - loss: 0.6938 - acc: 0.5072
 448/1424 [========>.....................] - ETA: 11s - loss: 0.6939 - acc: 0.5067
 480/1424 [=========>....................] - ETA: 10s - loss: 0.6935 - acc: 0.5104
 512/1424 [=========>....................] - ETA: 10s - loss: 0.6936 - acc: 0.5098
 544/1424 [==========>...................] - ETA: 10s - loss: 0.6938 - acc: 0.5074
 576/1424 [===========>..................] - ETA: 9s - loss: 0.6938 - acc: 0.5069 
 608/1424 [===========>..................] - ETA: 9s - loss: 0.6940 - acc: 0.5049
 640/1424 [============>.................] - ETA: 9s - loss: 0.6937 - acc: 0.5078
 672/1424 [=============>................] - ETA: 8s - loss: 0.6941 - acc: 0.5045
 704/1424 [=============>................] - ETA: 8s - loss: 0.6944 - acc: 0.5014
 736/1424 [==============>...............] - ETA: 7s - loss: 0.6943 - acc: 0.5027
 768/1424 [===============>..............] - ETA: 7s - loss: 0.6936 - acc: 0.5091
 800/1424 [===============>..............] - ETA: 7s - loss: 0.6935 - acc: 0.5100
 832/1424 [================>.............] - ETA: 6s - loss: 0.6937 - acc: 0.5084
 864/1424 [=================>............] - ETA: 6s - loss: 0.6938 - acc: 0.5069
 896/1424 [=================>............] - ETA: 6s - loss: 0.6944 - acc: 0.5011
 928/1424 [==================>...........] - ETA: 5s - loss: 0.6943 - acc: 0.5022
 960/1424 [===================>..........] - ETA: 5s - loss: 0.6945 - acc: 0.5000
 992/1424 [===================>..........] - ETA: 5s - loss: 0.6946 - acc: 0.4990
1024/1424 [====================>.........] - ETA: 4s - loss: 0.6945 - acc: 0.5000
1056/1424 [=====================>........] - ETA: 4s - loss: 0.6946 - acc: 0.4991
1088/1424 [=====================>........] - ETA: 3s - loss: 0.6949 - acc: 0.4963
1120/1424 [======================>.......] - ETA: 3s - loss: 0.6949 - acc: 0.4964
1152/1424 [=======================>......] - ETA: 3s - loss: 0.6949 - acc: 0.4957
1184/1424 [=======================>......] - ETA: 2s - loss: 0.6948 - acc: 0.4975
1216/1424 [========================>.....] - ETA: 2s - loss: 0.6952 - acc: 0.4934
1248/1424 [=========================>....] - ETA: 2s - loss: 0.6952 - acc: 0.4928
1280/1424 [=========================>....] - ETA: 1s - loss: 0.6951 - acc: 0.4938
1312/1424 [==========================>...] - ETA: 1s - loss: 0.6950 - acc: 0.4947
1344/1424 [===========================>..] - ETA: 0s - loss: 0.6950 - acc: 0.4948
1376/1424 [===========================>..] - ETA: 0s - loss: 0.6948 - acc: 0.4971
1408/1424 [============================>.] - ETA: 0s - loss: 0.6945 - acc: 0.5000
1424/1424 [==============================] - 19s 14ms/step - loss: 0.6945 - acc: 0.5000 - val_loss: 0.6943 - val_acc: 0.5000

  32/1424 [..............................] - ETA: 25s
  64/1424 [>.............................] - ETA: 14s
  96/1424 [=>............................] - ETA: 11s
 128/1424 [=>............................] - ETA: 9s 
 160/1424 [==>...........................] - ETA: 8s
 192/1424 [===>..........................] - ETA: 7s
 224/1424 [===>..........................] - ETA: 6s
 256/1424 [====>.........................] - ETA: 6s
 288/1424 [=====>........................] - ETA: 5s
 320/1424 [=====>........................] - ETA: 5s
 352/1424 [======>.......................] - ETA: 5s
 384/1424 [=======>......................] - ETA: 4s
 416/1424 [=======>......................] - ETA: 4s
 448/1424 [========>.....................] - ETA: 4s
 480/1424 [=========>....................] - ETA: 4s
 512/1424 [=========>....................] - ETA: 4s
 544/1424 [==========>...................] - ETA: 3s
 576/1424 [===========>..................] - ETA: 3s
 608/1424 [===========>..................] - ETA: 3s
 640/1424 [============>.................] - ETA: 3s
 672/1424 [=============>................] - ETA: 3s
 704/1424 [=============>................] - ETA: 3s
 736/1424 [==============>...............] - ETA: 2s
 768/1424 [===============>..............] - ETA: 2s
 800/1424 [===============>..............] - ETA: 2s
 832/1424 [================>.............] - ETA: 2s
 864/1424 [=================>............] - ETA: 2s
 896/1424 [=================>............] - ETA: 2s
 928/1424 [==================>...........] - ETA: 2s
 960/1424 [===================>..........] - ETA: 1s
 992/1424 [===================>..........] - ETA: 1s
1024/1424 [====================>.........] - ETA: 1s
1056/1424 [=====================>........] - ETA: 1s
1088/1424 [=====================>........] - ETA: 1s
1120/1424 [======================>.......] - ETA: 1s
1152/1424 [=======================>......] - ETA: 1s
1184/1424 [=======================>......] - ETA: 0s
1216/1424 [========================>.....] - ETA: 0s
1248/1424 [=========================>....] - ETA: 0s
1280/1424 [=========================>....] - ETA: 0s
1312/1424 [==========================>...] - ETA: 0s
1344/1424 [===========================>..] - ETA: 0s
1376/1424 [===========================>..] - ETA: 0s
1408/1424 [============================>.] - ETA: 0s
1424/1424 [==============================] - 6s 4ms/step
Test acc: 0.8476123595505618

  32/1424 [..............................] - ETA: 4s
  64/1424 [>.............................] - ETA: 4s
  96/1424 [=>............................] - ETA: 4s
 128/1424 [=>............................] - ETA: 4s
 160/1424 [==>...........................] - ETA: 4s
 192/1424 [===>..........................] - ETA: 4s
 224/1424 [===>..........................] - ETA: 4s
 256/1424 [====>.........................] - ETA: 4s
 288/1424 [=====>........................] - ETA: 3s
 320/1424 [=====>........................] - ETA: 3s
 352/1424 [======>.......................] - ETA: 3s
 384/1424 [=======>......................] - ETA: 3s
 416/1424 [=======>......................] - ETA: 3s
 448/1424 [========>.....................] - ETA: 3s
 480/1424 [=========>....................] - ETA: 3s
 512/1424 [=========>....................] - ETA: 3s
 544/1424 [==========>...................] - ETA: 3s
 576/1424 [===========>..................] - ETA: 2s
 608/1424 [===========>..................] - ETA: 2s
 640/1424 [============>.................] - ETA: 2s
 672/1424 [=============>................] - ETA: 2s
 704/1424 [=============>................] - ETA: 2s
 736/1424 [==============>...............] - ETA: 2s
 768/1424 [===============>..............] - ETA: 2s
 800/1424 [===============>..............] - ETA: 2s
 832/1424 [================>.............] - ETA: 2s
 864/1424 [=================>............] - ETA: 1s
 896/1424 [=================>............] - ETA: 1s
 928/1424 [==================>...........] - ETA: 1s
 960/1424 [===================>..........] - ETA: 1s
 992/1424 [===================>..........] - ETA: 1s
1024/1424 [====================>.........] - ETA: 1s
1056/1424 [=====================>........] - ETA: 1s
1088/1424 [=====================>........] - ETA: 1s
1120/1424 [======================>.......] - ETA: 1s
1152/1424 [=======================>......] - ETA: 0s
1184/1424 [=======================>......] - ETA: 0s
1216/1424 [========================>.....] - ETA: 0s
1248/1424 [=========================>....] - ETA: 0s
1280/1424 [=========================>....] - ETA: 0s
1312/1424 [==========================>...] - ETA: 0s
1344/1424 [===========================>..] - ETA: 0s
1376/1424 [===========================>..] - ETA: 0s
1408/1424 [============================>.] - ETA: 0s
1424/1424 [==============================] - 5s 4ms/step
Test acc: [0.5081594790635484, 0.8321629213483146]
Test auc: 0.9089120297310946
Test mcc: 0.6958021127300125
Execute epoch: 14
Execute time: 296.9738869667053
(W) Execute time: 295.4067084789276
