_________________________________________________________________
Layer (type)                 Output Shape              Param #   
=================================================================
embedding_1 (Embedding)      (None, None, 128)         2688      
_________________________________________________________________
lstm_1 (LSTM)                (None, None, 64)          49408     
_________________________________________________________________
lstm_2 (LSTM)                (None, None, 64)          33024     
_________________________________________________________________
lstm_3 (LSTM)                (None, 64)                33024     
_________________________________________________________________
dense_1 (Dense)              (None, 16)                1040      
_________________________________________________________________
dense_2 (Dense)              (None, 1)                 17        
=================================================================
Total params: 119,201
Trainable params: 119,201
Non-trainable params: 0
_________________________________________________________________
Train on 1424 samples, validate on 708 samples
Epoch 1/1

  32/1424 [..............................] - ETA: 2:30 - loss: 0.6935 - acc: 0.5000
  64/1424 [>.............................] - ETA: 1:21 - loss: 0.6934 - acc: 0.4375
  96/1424 [=>............................] - ETA: 58s - loss: 0.6934 - acc: 0.4688 
 128/1424 [=>............................] - ETA: 46s - loss: 0.6933 - acc: 0.4688
 160/1424 [==>...........................] - ETA: 39s - loss: 0.6927 - acc: 0.5062
 192/1424 [===>..........................] - ETA: 34s - loss: 0.6926 - acc: 0.5156
 224/1424 [===>..........................] - ETA: 30s - loss: 0.6923 - acc: 0.5223
 256/1424 [====>.........................] - ETA: 27s - loss: 0.6923 - acc: 0.5234
 288/1424 [=====>........................] - ETA: 25s - loss: 0.6931 - acc: 0.5069
 320/1424 [=====>........................] - ETA: 23s - loss: 0.6932 - acc: 0.5031
 352/1424 [======>.......................] - ETA: 22s - loss: 0.6937 - acc: 0.4886
 384/1424 [=======>......................] - ETA: 20s - loss: 0.6934 - acc: 0.4948
 416/1424 [=======>......................] - ETA: 19s - loss: 0.6931 - acc: 0.5000
 448/1424 [========>.....................] - ETA: 18s - loss: 0.6934 - acc: 0.4955
 480/1424 [=========>....................] - ETA: 17s - loss: 0.6930 - acc: 0.5021
 512/1424 [=========>....................] - ETA: 16s - loss: 0.6932 - acc: 0.4980
 544/1424 [==========>...................] - ETA: 15s - loss: 0.6932 - acc: 0.4982
 576/1424 [===========>..................] - ETA: 14s - loss: 0.6932 - acc: 0.4948
 608/1424 [===========>..................] - ETA: 13s - loss: 0.6931 - acc: 0.4967
 640/1424 [============>.................] - ETA: 13s - loss: 0.6930 - acc: 0.5000
 672/1424 [=============>................] - ETA: 12s - loss: 0.6930 - acc: 0.4985
 704/1424 [=============>................] - ETA: 11s - loss: 0.6930 - acc: 0.4986
 736/1424 [==============>...............] - ETA: 10s - loss: 0.6930 - acc: 0.4973
 768/1424 [===============>..............] - ETA: 10s - loss: 0.6930 - acc: 0.4974
 800/1424 [===============>..............] - ETA: 9s - loss: 0.6930 - acc: 0.4975 
 832/1424 [================>.............] - ETA: 9s - loss: 0.6930 - acc: 0.4964
 864/1424 [=================>............] - ETA: 8s - loss: 0.6928 - acc: 0.4988
 896/1424 [=================>............] - ETA: 8s - loss: 0.6928 - acc: 0.4978
 928/1424 [==================>...........] - ETA: 7s - loss: 0.6929 - acc: 0.4968
 960/1424 [===================>..........] - ETA: 6s - loss: 0.6928 - acc: 0.4948
 992/1424 [===================>..........] - ETA: 6s - loss: 0.6929 - acc: 0.4919
1024/1424 [====================>.........] - ETA: 5s - loss: 0.6927 - acc: 0.4932
1056/1424 [=====================>........] - ETA: 5s - loss: 0.6928 - acc: 0.4877
1088/1424 [=====================>........] - ETA: 4s - loss: 0.6925 - acc: 0.4890
1120/1424 [======================>.......] - ETA: 4s - loss: 0.6923 - acc: 0.4911
1152/1424 [=======================>......] - ETA: 3s - loss: 0.6920 - acc: 0.4931
1184/1424 [=======================>......] - ETA: 3s - loss: 0.6917 - acc: 0.4941
1216/1424 [========================>.....] - ETA: 2s - loss: 0.6916 - acc: 0.4942
1248/1424 [=========================>....] - ETA: 2s - loss: 0.6914 - acc: 0.4944
1280/1424 [=========================>....] - ETA: 2s - loss: 0.6914 - acc: 0.4930
1312/1424 [==========================>...] - ETA: 1s - loss: 0.6912 - acc: 0.4886
1344/1424 [===========================>..] - ETA: 1s - loss: 0.6910 - acc: 0.4881
1376/1424 [===========================>..] - ETA: 0s - loss: 0.6900 - acc: 0.4927
1408/1424 [============================>.] - ETA: 0s - loss: 0.6891 - acc: 0.4957
1424/1424 [==============================] - 23s 16ms/step - loss: 0.6884 - acc: 0.4958 - val_loss: 0.6356 - val_acc: 0.5381
Train on 1424 samples, validate on 708 samples
Epoch 1/1

  32/1424 [..............................] - ETA: 16s - loss: 0.6955 - acc: 0.4688
  64/1424 [>.............................] - ETA: 16s - loss: 0.6561 - acc: 0.4844
  96/1424 [=>............................] - ETA: 15s - loss: 0.5869 - acc: 0.5729
 128/1424 [=>............................] - ETA: 15s - loss: 0.6064 - acc: 0.5938
 160/1424 [==>...........................] - ETA: 14s - loss: 0.8001 - acc: 0.5687
 192/1424 [===>..........................] - ETA: 14s - loss: 0.8366 - acc: 0.5990
 224/1424 [===>..........................] - ETA: 14s - loss: 0.8729 - acc: 0.6027
 256/1424 [====>.........................] - ETA: 13s - loss: 0.8328 - acc: 0.6328
 288/1424 [=====>........................] - ETA: 13s - loss: 0.8016 - acc: 0.6667
 320/1424 [=====>........................] - ETA: 13s - loss: 0.7801 - acc: 0.6781
 352/1424 [======>.......................] - ETA: 12s - loss: 0.7649 - acc: 0.6847
 384/1424 [=======>......................] - ETA: 12s - loss: 0.7643 - acc: 0.6927
 416/1424 [=======>......................] - ETA: 11s - loss: 0.7573 - acc: 0.6995
 448/1424 [========>.....................] - ETA: 11s - loss: 0.7470 - acc: 0.7054
 480/1424 [=========>....................] - ETA: 11s - loss: 0.7407 - acc: 0.7063
 512/1424 [=========>....................] - ETA: 10s - loss: 0.7326 - acc: 0.7168
 544/1424 [==========>...................] - ETA: 10s - loss: 0.7297 - acc: 0.7151
 576/1424 [===========>..................] - ETA: 9s - loss: 0.7256 - acc: 0.7153 
 608/1424 [===========>..................] - ETA: 9s - loss: 0.7201 - acc: 0.7188
 640/1424 [============>.................] - ETA: 9s - loss: 0.7172 - acc: 0.7234
 672/1424 [=============>................] - ETA: 8s - loss: 0.7138 - acc: 0.7277
 704/1424 [=============>................] - ETA: 8s - loss: 0.7106 - acc: 0.7315
 736/1424 [==============>...............] - ETA: 8s - loss: 0.7074 - acc: 0.7323
 768/1424 [===============>..............] - ETA: 7s - loss: 0.7026 - acc: 0.7370
 800/1424 [===============>..............] - ETA: 7s - loss: 0.6998 - acc: 0.7400
 832/1424 [================>.............] - ETA: 6s - loss: 0.6983 - acc: 0.7404
 864/1424 [=================>............] - ETA: 6s - loss: 0.6918 - acc: 0.7431
 896/1424 [=================>............] - ETA: 6s - loss: 0.6850 - acc: 0.7444
 928/1424 [==================>...........] - ETA: 5s - loss: 0.6979 - acc: 0.7446
 960/1424 [===================>..........] - ETA: 5s - loss: 0.6910 - acc: 0.7438
 992/1424 [===================>..........] - ETA: 5s - loss: 0.6917 - acc: 0.7399
1024/1424 [====================>.........] - ETA: 4s - loss: 0.6874 - acc: 0.7373
1056/1424 [=====================>........] - ETA: 4s - loss: 0.6859 - acc: 0.7320
1088/1424 [=====================>........] - ETA: 3s - loss: 0.6829 - acc: 0.7335
1120/1424 [======================>.......] - ETA: 3s - loss: 0.6850 - acc: 0.7304
1152/1424 [=======================>......] - ETA: 3s - loss: 0.6833 - acc: 0.7292
1184/1424 [=======================>......] - ETA: 2s - loss: 0.6809 - acc: 0.7297
1216/1424 [========================>.....] - ETA: 2s - loss: 0.6789 - acc: 0.7319
1248/1424 [=========================>....] - ETA: 2s - loss: 0.6777 - acc: 0.7324
1280/1424 [=========================>....] - ETA: 1s - loss: 0.6905 - acc: 0.7289
1312/1424 [==========================>...] - ETA: 1s - loss: 0.6892 - acc: 0.7294
1344/1424 [===========================>..] - ETA: 0s - loss: 0.6871 - acc: 0.7292
1376/1424 [===========================>..] - ETA: 0s - loss: 0.6852 - acc: 0.7282
1408/1424 [============================>.] - ETA: 0s - loss: 0.6830 - acc: 0.7273
1424/1424 [==============================] - 20s 14ms/step - loss: 0.6822 - acc: 0.7268 - val_loss: 0.7520 - val_acc: 0.6172
Train on 1424 samples, validate on 708 samples
Epoch 1/1

  32/1424 [..............................] - ETA: 16s - loss: 0.6001 - acc: 0.6250
  64/1424 [>.............................] - ETA: 15s - loss: 0.8353 - acc: 0.5938
  96/1424 [=>............................] - ETA: 15s - loss: 0.7362 - acc: 0.6458
 128/1424 [=>............................] - ETA: 15s - loss: 0.9428 - acc: 0.6328
 160/1424 [==>...........................] - ETA: 14s - loss: 1.1431 - acc: 0.6188
 192/1424 [===>..........................] - ETA: 14s - loss: 1.1216 - acc: 0.6094
 224/1424 [===>..........................] - ETA: 14s - loss: 1.1686 - acc: 0.6205
 256/1424 [====>.........................] - ETA: 13s - loss: 1.1540 - acc: 0.6367
 288/1424 [=====>........................] - ETA: 13s - loss: 1.0848 - acc: 0.6528
 320/1424 [=====>........................] - ETA: 12s - loss: 1.0283 - acc: 0.6719
 352/1424 [======>.......................] - ETA: 12s - loss: 1.0289 - acc: 0.6761
 384/1424 [=======>......................] - ETA: 12s - loss: 0.9883 - acc: 0.6823
 416/1424 [=======>......................] - ETA: 11s - loss: 0.9534 - acc: 0.6827
 448/1424 [========>.....................] - ETA: 11s - loss: 0.9428 - acc: 0.6920
 480/1424 [=========>....................] - ETA: 11s - loss: 0.9286 - acc: 0.6875
 512/1424 [=========>....................] - ETA: 10s - loss: 0.9666 - acc: 0.6973
 544/1424 [==========>...................] - ETA: 10s - loss: 0.9476 - acc: 0.6985
 576/1424 [===========>..................] - ETA: 9s - loss: 0.9280 - acc: 0.6944 
 608/1424 [===========>..................] - ETA: 9s - loss: 0.9610 - acc: 0.6908
 640/1424 [============>.................] - ETA: 9s - loss: 0.9430 - acc: 0.6844
 672/1424 [=============>................] - ETA: 8s - loss: 0.9273 - acc: 0.6786
 704/1424 [=============>................] - ETA: 8s - loss: 0.9109 - acc: 0.6705
 736/1424 [==============>...............] - ETA: 8s - loss: 0.8987 - acc: 0.6658
 768/1424 [===============>..............] - ETA: 7s - loss: 0.8851 - acc: 0.6615
 800/1424 [===============>..............] - ETA: 7s - loss: 0.8738 - acc: 0.6575
 832/1424 [================>.............] - ETA: 6s - loss: 0.8799 - acc: 0.6538
 864/1424 [=================>............] - ETA: 6s - loss: 0.8723 - acc: 0.6493
 896/1424 [=================>............] - ETA: 6s - loss: 0.8653 - acc: 0.6384
 928/1424 [==================>...........] - ETA: 5s - loss: 0.8594 - acc: 0.6336
 960/1424 [===================>..........] - ETA: 5s - loss: 0.8525 - acc: 0.6323
 992/1424 [===================>..........] - ETA: 5s - loss: 0.8438 - acc: 0.6371
1024/1424 [====================>.........] - ETA: 4s - loss: 0.8369 - acc: 0.6348
1056/1424 [=====================>........] - ETA: 4s - loss: 0.8313 - acc: 0.6373
1088/1424 [=====================>........] - ETA: 3s - loss: 0.8257 - acc: 0.6388
1120/1424 [======================>.......] - ETA: 3s - loss: 0.8200 - acc: 0.6420
1152/1424 [=======================>......] - ETA: 3s - loss: 0.8145 - acc: 0.6458
1184/1424 [=======================>......] - ETA: 2s - loss: 0.8098 - acc: 0.6503
1216/1424 [========================>.....] - ETA: 2s - loss: 0.8048 - acc: 0.6538
1248/1424 [=========================>....] - ETA: 2s - loss: 0.8000 - acc: 0.6571
1280/1424 [=========================>....] - ETA: 1s - loss: 0.7955 - acc: 0.6625
1312/1424 [==========================>...] - ETA: 1s - loss: 0.7918 - acc: 0.6639
1344/1424 [===========================>..] - ETA: 0s - loss: 0.7883 - acc: 0.6652
1376/1424 [===========================>..] - ETA: 0s - loss: 0.7844 - acc: 0.6679
1408/1424 [============================>.] - ETA: 0s - loss: 0.7812 - acc: 0.6676
1424/1424 [==============================] - 20s 14ms/step - loss: 0.7796 - acc: 0.6678 - val_loss: 0.6371 - val_acc: 0.8206
Train on 1424 samples, validate on 708 samples
Epoch 1/1

  32/1424 [..............................] - ETA: 16s - loss: 0.6277 - acc: 0.7812
  64/1424 [>.............................] - ETA: 16s - loss: 0.6334 - acc: 0.7969
  96/1424 [=>............................] - ETA: 15s - loss: 0.6228 - acc: 0.7812
 128/1424 [=>............................] - ETA: 15s - loss: 0.6169 - acc: 0.8125
 160/1424 [==>...........................] - ETA: 14s - loss: 0.6169 - acc: 0.8187
 192/1424 [===>..........................] - ETA: 14s - loss: 0.6190 - acc: 0.8177
 224/1424 [===>..........................] - ETA: 14s - loss: 0.6161 - acc: 0.8080
 256/1424 [====>.........................] - ETA: 13s - loss: 0.6192 - acc: 0.7969
 288/1424 [=====>........................] - ETA: 13s - loss: 0.6164 - acc: 0.8056
 320/1424 [=====>........................] - ETA: 12s - loss: 0.6186 - acc: 0.8000
 352/1424 [======>.......................] - ETA: 12s - loss: 0.6201 - acc: 0.8011
 384/1424 [=======>......................] - ETA: 12s - loss: 0.6201 - acc: 0.7943
 416/1424 [=======>......................] - ETA: 11s - loss: 0.6168 - acc: 0.7981
 448/1424 [========>.....................] - ETA: 11s - loss: 0.6131 - acc: 0.7969
 480/1424 [=========>....................] - ETA: 11s - loss: 0.6109 - acc: 0.7958
 512/1424 [=========>....................] - ETA: 10s - loss: 0.6078 - acc: 0.7988
 544/1424 [==========>...................] - ETA: 10s - loss: 0.6059 - acc: 0.7996
 576/1424 [===========>..................] - ETA: 9s - loss: 0.6063 - acc: 0.7969 
 608/1424 [===========>..................] - ETA: 9s - loss: 0.6015 - acc: 0.7961
 640/1424 [============>.................] - ETA: 9s - loss: 0.6025 - acc: 0.7969
 672/1424 [=============>................] - ETA: 8s - loss: 0.5963 - acc: 0.7976
 704/1424 [=============>................] - ETA: 8s - loss: 0.5978 - acc: 0.7869
 736/1424 [==============>...............] - ETA: 8s - loss: 0.5975 - acc: 0.7812
 768/1424 [===============>..............] - ETA: 7s - loss: 0.5988 - acc: 0.7760
 800/1424 [===============>..............] - ETA: 7s - loss: 0.6139 - acc: 0.7762
 832/1424 [================>.............] - ETA: 6s - loss: 0.6147 - acc: 0.7740
 864/1424 [=================>............] - ETA: 6s - loss: 0.6140 - acc: 0.7708
 896/1424 [=================>............] - ETA: 6s - loss: 0.6115 - acc: 0.7723
 928/1424 [==================>...........] - ETA: 5s - loss: 0.6134 - acc: 0.7672
 960/1424 [===================>..........] - ETA: 5s - loss: 0.6109 - acc: 0.7646
 992/1424 [===================>..........] - ETA: 5s - loss: 0.6081 - acc: 0.7641
1024/1424 [====================>.........] - ETA: 4s - loss: 0.6079 - acc: 0.7607
1056/1424 [=====================>........] - ETA: 4s - loss: 0.6225 - acc: 0.7538
1088/1424 [=====================>........] - ETA: 3s - loss: 0.6219 - acc: 0.7546
1120/1424 [======================>.......] - ETA: 3s - loss: 0.6188 - acc: 0.7571
1152/1424 [=======================>......] - ETA: 3s - loss: 0.6180 - acc: 0.7587
1184/1424 [=======================>......] - ETA: 2s - loss: 0.6179 - acc: 0.7576
1216/1424 [========================>.....] - ETA: 2s - loss: 0.6165 - acc: 0.7607
1248/1424 [=========================>....] - ETA: 2s - loss: 0.6149 - acc: 0.7628
1280/1424 [=========================>....] - ETA: 1s - loss: 0.6143 - acc: 0.7609
1312/1424 [==========================>...] - ETA: 1s - loss: 0.6141 - acc: 0.7607
1344/1424 [===========================>..] - ETA: 0s - loss: 0.6136 - acc: 0.7612
1376/1424 [===========================>..] - ETA: 0s - loss: 0.6166 - acc: 0.7631
1408/1424 [============================>.] - ETA: 0s - loss: 0.6158 - acc: 0.7628
1424/1424 [==============================] - 20s 14ms/step - loss: 0.6160 - acc: 0.7619 - val_loss: 0.6202 - val_acc: 0.7373
Train on 1424 samples, validate on 708 samples
Epoch 1/1

  32/1424 [..............................] - ETA: 17s - loss: 0.6021 - acc: 0.7500
  64/1424 [>.............................] - ETA: 16s - loss: 0.5856 - acc: 0.8281
  96/1424 [=>............................] - ETA: 15s - loss: 0.5986 - acc: 0.7708
 128/1424 [=>............................] - ETA: 15s - loss: 0.6026 - acc: 0.7500
 160/1424 [==>...........................] - ETA: 15s - loss: 0.6002 - acc: 0.7500
 192/1424 [===>..........................] - ETA: 14s - loss: 0.6022 - acc: 0.7500
 224/1424 [===>..........................] - ETA: 14s - loss: 0.6044 - acc: 0.7545
 256/1424 [====>.........................] - ETA: 13s - loss: 0.7036 - acc: 0.7422
 288/1424 [=====>........................] - ETA: 13s - loss: 0.6912 - acc: 0.7396
 320/1424 [=====>........................] - ETA: 13s - loss: 0.6847 - acc: 0.7281
 352/1424 [======>.......................] - ETA: 12s - loss: 0.6795 - acc: 0.7301
 384/1424 [=======>......................] - ETA: 12s - loss: 0.6746 - acc: 0.7240
 416/1424 [=======>......................] - ETA: 11s - loss: 0.6710 - acc: 0.7260
 448/1424 [========>.....................] - ETA: 11s - loss: 0.6651 - acc: 0.7344
 480/1424 [=========>....................] - ETA: 11s - loss: 0.6612 - acc: 0.7417
 512/1424 [=========>....................] - ETA: 10s - loss: 0.6590 - acc: 0.7441
 544/1424 [==========>...................] - ETA: 10s - loss: 0.6560 - acc: 0.7482
 576/1424 [===========>..................] - ETA: 10s - loss: 0.6530 - acc: 0.7517
 608/1424 [===========>..................] - ETA: 9s - loss: 0.6490 - acc: 0.7599 
 640/1424 [============>.................] - ETA: 9s - loss: 0.6448 - acc: 0.7641
 672/1424 [=============>................] - ETA: 8s - loss: 0.6419 - acc: 0.7664
 704/1424 [=============>................] - ETA: 8s - loss: 0.6379 - acc: 0.7656
 736/1424 [==============>...............] - ETA: 8s - loss: 0.6404 - acc: 0.7568
 768/1424 [===============>..............] - ETA: 7s - loss: 0.6399 - acc: 0.7539
 800/1424 [===============>..............] - ETA: 7s - loss: 0.6373 - acc: 0.7500
 832/1424 [================>.............] - ETA: 6s - loss: 0.6370 - acc: 0.7476
 864/1424 [=================>............] - ETA: 6s - loss: 0.6347 - acc: 0.7477
 896/1424 [=================>............] - ETA: 6s - loss: 0.6344 - acc: 0.7444
 928/1424 [==================>...........] - ETA: 5s - loss: 0.6327 - acc: 0.7425
 960/1424 [===================>..........] - ETA: 5s - loss: 0.6308 - acc: 0.7385
 992/1424 [===================>..........] - ETA: 5s - loss: 0.6284 - acc: 0.7399
1024/1424 [====================>.........] - ETA: 4s - loss: 0.6286 - acc: 0.7363
1056/1424 [=====================>........] - ETA: 4s - loss: 0.6279 - acc: 0.7367
1088/1424 [=====================>........] - ETA: 3s - loss: 0.6256 - acc: 0.7371
1120/1424 [======================>.......] - ETA: 3s - loss: 0.6253 - acc: 0.7339
1152/1424 [=======================>......] - ETA: 3s - loss: 0.6228 - acc: 0.7387
1184/1424 [=======================>......] - ETA: 2s - loss: 0.6221 - acc: 0.7399
1216/1424 [========================>.....] - ETA: 2s - loss: 0.6197 - acc: 0.7426
1248/1424 [=========================>....] - ETA: 2s - loss: 0.6174 - acc: 0.7444
1280/1424 [=========================>....] - ETA: 1s - loss: 0.6158 - acc: 0.7438
1312/1424 [==========================>...] - ETA: 1s - loss: 0.6139 - acc: 0.7447
1344/1424 [===========================>..] - ETA: 0s - loss: 0.6113 - acc: 0.7470
1376/1424 [===========================>..] - ETA: 0s - loss: 0.6086 - acc: 0.7493
1408/1424 [============================>.] - ETA: 0s - loss: 0.6073 - acc: 0.7507
1424/1424 [==============================] - 20s 14ms/step - loss: 0.6071 - acc: 0.7514 - val_loss: 0.5272 - val_acc: 0.8249
Train on 1424 samples, validate on 708 samples
Epoch 1/1

  32/1424 [..............................] - ETA: 16s - loss: 0.5937 - acc: 0.7500
  64/1424 [>.............................] - ETA: 16s - loss: 0.5764 - acc: 0.7500
  96/1424 [=>............................] - ETA: 15s - loss: 0.5928 - acc: 0.7396
 128/1424 [=>............................] - ETA: 15s - loss: 0.5579 - acc: 0.7734
 160/1424 [==>...........................] - ETA: 14s - loss: 0.5582 - acc: 0.7625
 192/1424 [===>..........................] - ETA: 14s - loss: 0.5539 - acc: 0.7708
 224/1424 [===>..........................] - ETA: 14s - loss: 0.5394 - acc: 0.7946
 256/1424 [====>.........................] - ETA: 13s - loss: 0.5405 - acc: 0.7969
 288/1424 [=====>........................] - ETA: 13s - loss: 0.5373 - acc: 0.7951
 320/1424 [=====>........................] - ETA: 12s - loss: 0.5392 - acc: 0.8031
 352/1424 [======>.......................] - ETA: 12s - loss: 0.5369 - acc: 0.7983
 384/1424 [=======>......................] - ETA: 12s - loss: 0.5367 - acc: 0.7969
 416/1424 [=======>......................] - ETA: 11s - loss: 0.5391 - acc: 0.7933
 448/1424 [========>.....................] - ETA: 11s - loss: 0.5487 - acc: 0.7902
 480/1424 [=========>....................] - ETA: 11s - loss: 0.5483 - acc: 0.7896
 512/1424 [=========>....................] - ETA: 10s - loss: 0.5481 - acc: 0.7910
 544/1424 [==========>...................] - ETA: 10s - loss: 0.5468 - acc: 0.7923
 576/1424 [===========>..................] - ETA: 9s - loss: 0.5476 - acc: 0.7934 
 608/1424 [===========>..................] - ETA: 9s - loss: 0.5436 - acc: 0.8010
 640/1424 [============>.................] - ETA: 9s - loss: 0.5389 - acc: 0.8063
 672/1424 [=============>................] - ETA: 8s - loss: 0.5366 - acc: 0.8110
 704/1424 [=============>................] - ETA: 8s - loss: 0.5333 - acc: 0.8097
 736/1424 [==============>...............] - ETA: 8s - loss: 0.5346 - acc: 0.8043
 768/1424 [===============>..............] - ETA: 7s - loss: 0.5337 - acc: 0.8060
 800/1424 [===============>..............] - ETA: 7s - loss: 0.5357 - acc: 0.8013
 832/1424 [================>.............] - ETA: 6s - loss: 0.5413 - acc: 0.7957
 864/1424 [=================>............] - ETA: 6s - loss: 0.5549 - acc: 0.7951
 896/1424 [=================>............] - ETA: 6s - loss: 0.5506 - acc: 0.7980
 928/1424 [==================>...........] - ETA: 5s - loss: 0.5687 - acc: 0.7963
 960/1424 [===================>..........] - ETA: 5s - loss: 0.5679 - acc: 0.7948
 992/1424 [===================>..........] - ETA: 5s - loss: 0.5663 - acc: 0.7954
1024/1424 [====================>.........] - ETA: 4s - loss: 0.5681 - acc: 0.7910
1056/1424 [=====================>........] - ETA: 4s - loss: 0.5674 - acc: 0.7888
1088/1424 [=====================>........] - ETA: 3s - loss: 0.5679 - acc: 0.7886
1120/1424 [======================>.......] - ETA: 3s - loss: 0.5708 - acc: 0.7839
1152/1424 [=======================>......] - ETA: 3s - loss: 0.5700 - acc: 0.7821
1184/1424 [=======================>......] - ETA: 2s - loss: 0.5715 - acc: 0.7821
1216/1424 [========================>.....] - ETA: 2s - loss: 0.5714 - acc: 0.7804
1248/1424 [=========================>....] - ETA: 2s - loss: 0.5696 - acc: 0.7804
1280/1424 [=========================>....] - ETA: 1s - loss: 0.5673 - acc: 0.7820
1312/1424 [==========================>...] - ETA: 1s - loss: 0.5675 - acc: 0.7812
1344/1424 [===========================>..] - ETA: 0s - loss: 0.5663 - acc: 0.7820
1376/1424 [===========================>..] - ETA: 0s - loss: 0.5701 - acc: 0.7740
1408/1424 [============================>.] - ETA: 0s - loss: 0.5702 - acc: 0.7713
1424/1424 [==============================] - 20s 14ms/step - loss: 0.5686 - acc: 0.7739 - val_loss: 0.5301 - val_acc: 0.8093
Train on 1424 samples, validate on 708 samples
Epoch 1/1

  32/1424 [..............................] - ETA: 16s - loss: 0.4771 - acc: 0.8750
  64/1424 [>.............................] - ETA: 15s - loss: 0.7269 - acc: 0.8438
  96/1424 [=>............................] - ETA: 15s - loss: 0.6515 - acc: 0.8646
 128/1424 [=>............................] - ETA: 15s - loss: 0.6021 - acc: 0.8594
 160/1424 [==>...........................] - ETA: 14s - loss: 0.5850 - acc: 0.8438
 192/1424 [===>..........................] - ETA: 14s - loss: 0.5667 - acc: 0.8438
 224/1424 [===>..........................] - ETA: 14s - loss: 0.5478 - acc: 0.8482
 256/1424 [====>.........................] - ETA: 13s - loss: 0.5595 - acc: 0.8398
 288/1424 [=====>........................] - ETA: 13s - loss: 0.5540 - acc: 0.8472
 320/1424 [=====>........................] - ETA: 13s - loss: 0.5514 - acc: 0.8313
 352/1424 [======>.......................] - ETA: 12s - loss: 0.5467 - acc: 0.8295
 384/1424 [=======>......................] - ETA: 12s - loss: 0.5468 - acc: 0.8333
 416/1424 [=======>......................] - ETA: 11s - loss: 0.5392 - acc: 0.8341
 448/1424 [========>.....................] - ETA: 11s - loss: 0.5350 - acc: 0.8304
 480/1424 [=========>....................] - ETA: 11s - loss: 0.5394 - acc: 0.8208
 512/1424 [=========>....................] - ETA: 10s - loss: 0.5339 - acc: 0.8203
 544/1424 [==========>...................] - ETA: 10s - loss: 0.5301 - acc: 0.8235
 576/1424 [===========>..................] - ETA: 9s - loss: 0.5319 - acc: 0.8177 
 608/1424 [===========>..................] - ETA: 9s - loss: 0.5307 - acc: 0.8141
 640/1424 [============>.................] - ETA: 9s - loss: 0.5262 - acc: 0.8172
 672/1424 [=============>................] - ETA: 8s - loss: 0.5301 - acc: 0.8170
 704/1424 [=============>................] - ETA: 8s - loss: 0.5267 - acc: 0.8196
 736/1424 [==============>...............] - ETA: 8s - loss: 0.5246 - acc: 0.8179
 768/1424 [===============>..............] - ETA: 7s - loss: 0.5202 - acc: 0.8216
 800/1424 [===============>..............] - ETA: 7s - loss: 0.5218 - acc: 0.8175
 832/1424 [================>.............] - ETA: 6s - loss: 0.5188 - acc: 0.8173
 864/1424 [=================>............] - ETA: 6s - loss: 0.5197 - acc: 0.8113
 896/1424 [=================>............] - ETA: 6s - loss: 0.5175 - acc: 0.8147
 928/1424 [==================>...........] - ETA: 5s - loss: 0.5227 - acc: 0.8114
 960/1424 [===================>..........] - ETA: 5s - loss: 0.5217 - acc: 0.8104
 992/1424 [===================>..........] - ETA: 5s - loss: 0.5210 - acc: 0.8095
1024/1424 [====================>.........] - ETA: 4s - loss: 0.5198 - acc: 0.8105
1056/1424 [=====================>........] - ETA: 4s - loss: 0.5227 - acc: 0.8059
1088/1424 [=====================>........] - ETA: 3s - loss: 0.5223 - acc: 0.8033
1120/1424 [======================>.......] - ETA: 3s - loss: 0.5275 - acc: 0.7955
1152/1424 [=======================>......] - ETA: 3s - loss: 0.5474 - acc: 0.7847
1184/1424 [=======================>......] - ETA: 2s - loss: 0.5512 - acc: 0.7762
1216/1424 [========================>.....] - ETA: 2s - loss: 0.5513 - acc: 0.7722
1248/1424 [=========================>....] - ETA: 2s - loss: 0.5509 - acc: 0.7692
1280/1424 [=========================>....] - ETA: 1s - loss: 0.5505 - acc: 0.7664
1312/1424 [==========================>...] - ETA: 1s - loss: 0.5507 - acc: 0.7645
1344/1424 [===========================>..] - ETA: 0s - loss: 0.5506 - acc: 0.7612
1376/1424 [===========================>..] - ETA: 0s - loss: 0.5501 - acc: 0.7587
1408/1424 [============================>.] - ETA: 0s - loss: 0.5546 - acc: 0.7521
1424/1424 [==============================] - 20s 14ms/step - loss: 0.5545 - acc: 0.7521 - val_loss: 0.6786 - val_acc: 0.5297
Train on 1424 samples, validate on 708 samples
Epoch 1/1

  32/1424 [..............................] - ETA: 16s - loss: 0.5283 - acc: 0.6562
  64/1424 [>.............................] - ETA: 15s - loss: 0.5522 - acc: 0.6250
  96/1424 [=>............................] - ETA: 15s - loss: 0.6124 - acc: 0.5938
 128/1424 [=>............................] - ETA: 15s - loss: 0.6092 - acc: 0.5938
 160/1424 [==>...........................] - ETA: 14s - loss: 0.6137 - acc: 0.5938
 192/1424 [===>..........................] - ETA: 14s - loss: 0.6164 - acc: 0.5833
 224/1424 [===>..........................] - ETA: 14s - loss: 0.6150 - acc: 0.5938
 256/1424 [====>.........................] - ETA: 13s - loss: 0.6123 - acc: 0.6133
 288/1424 [=====>........................] - ETA: 13s - loss: 0.6056 - acc: 0.6146
 320/1424 [=====>........................] - ETA: 12s - loss: 0.6179 - acc: 0.6094
 352/1424 [======>.......................] - ETA: 12s - loss: 0.6117 - acc: 0.6193
 384/1424 [=======>......................] - ETA: 12s - loss: 0.6086 - acc: 0.6276
 416/1424 [=======>......................] - ETA: 11s - loss: 0.6083 - acc: 0.6202
 448/1424 [========>.....................] - ETA: 11s - loss: 0.6018 - acc: 0.6250
 480/1424 [=========>....................] - ETA: 11s - loss: 0.6062 - acc: 0.6229
 512/1424 [=========>....................] - ETA: 10s - loss: 0.6055 - acc: 0.6289
 544/1424 [==========>...................] - ETA: 10s - loss: 0.6040 - acc: 0.6342
 576/1424 [===========>..................] - ETA: 9s - loss: 0.6055 - acc: 0.6302 
 608/1424 [===========>..................] - ETA: 9s - loss: 0.6068 - acc: 0.6316
 640/1424 [============>.................] - ETA: 9s - loss: 0.6029 - acc: 0.6422
 672/1424 [=============>................] - ETA: 8s - loss: 0.6038 - acc: 0.6369
 704/1424 [=============>................] - ETA: 8s - loss: 0.6005 - acc: 0.6463
 736/1424 [==============>...............] - ETA: 8s - loss: 0.6193 - acc: 0.6535
 768/1424 [===============>..............] - ETA: 7s - loss: 0.6169 - acc: 0.6589
 800/1424 [===============>..............] - ETA: 7s - loss: 0.6350 - acc: 0.6600
 832/1424 [================>.............] - ETA: 6s - loss: 0.6350 - acc: 0.6575
 864/1424 [=================>............] - ETA: 6s - loss: 0.6316 - acc: 0.6620
 896/1424 [=================>............] - ETA: 6s - loss: 0.6295 - acc: 0.6629
 928/1424 [==================>...........] - ETA: 5s - loss: 0.6233 - acc: 0.6703
 960/1424 [===================>..........] - ETA: 5s - loss: 0.6192 - acc: 0.6771
 992/1424 [===================>..........] - ETA: 5s - loss: 0.6207 - acc: 0.6724
1024/1424 [====================>.........] - ETA: 4s - loss: 0.6185 - acc: 0.6768
1056/1424 [=====================>........] - ETA: 4s - loss: 0.6188 - acc: 0.6809
1088/1424 [=====================>........] - ETA: 3s - loss: 0.6149 - acc: 0.6857
1120/1424 [======================>.......] - ETA: 3s - loss: 0.6136 - acc: 0.6893
1152/1424 [=======================>......] - ETA: 3s - loss: 0.6106 - acc: 0.6936
1184/1424 [=======================>......] - ETA: 2s - loss: 0.6075 - acc: 0.6985
1216/1424 [========================>.....] - ETA: 2s - loss: 0.6045 - acc: 0.7015
1248/1424 [=========================>....] - ETA: 2s - loss: 0.6090 - acc: 0.6995
1280/1424 [=========================>....] - ETA: 1s - loss: 0.6054 - acc: 0.7031
1312/1424 [==========================>...] - ETA: 1s - loss: 0.6043 - acc: 0.7050
1344/1424 [===========================>..] - ETA: 0s - loss: 0.6021 - acc: 0.7076
1376/1424 [===========================>..] - ETA: 0s - loss: 0.5988 - acc: 0.7100
1408/1424 [============================>.] - ETA: 0s - loss: 0.5997 - acc: 0.7095
1424/1424 [==============================] - 20s 14ms/step - loss: 0.6016 - acc: 0.7100 - val_loss: 0.4878 - val_acc: 0.8319
Train on 1424 samples, validate on 708 samples
Epoch 1/1

  32/1424 [..............................] - ETA: 16s - loss: 0.5333 - acc: 0.7812
  64/1424 [>.............................] - ETA: 16s - loss: 0.4935 - acc: 0.8125
  96/1424 [=>............................] - ETA: 15s - loss: 0.4882 - acc: 0.8229
 128/1424 [=>............................] - ETA: 15s - loss: 0.5039 - acc: 0.7891
 160/1424 [==>...........................] - ETA: 14s - loss: 0.5250 - acc: 0.7688
 192/1424 [===>..........................] - ETA: 14s - loss: 0.5393 - acc: 0.7396
 224/1424 [===>..........................] - ETA: 14s - loss: 0.5289 - acc: 0.7589
 256/1424 [====>.........................] - ETA: 13s - loss: 0.5504 - acc: 0.7383
 288/1424 [=====>........................] - ETA: 13s - loss: 0.5498 - acc: 0.7535
 320/1424 [=====>........................] - ETA: 12s - loss: 0.5520 - acc: 0.7531
 352/1424 [======>.......................] - ETA: 12s - loss: 0.5478 - acc: 0.7557
 384/1424 [=======>......................] - ETA: 12s - loss: 0.5493 - acc: 0.7526
 416/1424 [=======>......................] - ETA: 11s - loss: 0.5461 - acc: 0.7524
 448/1424 [========>.....................] - ETA: 11s - loss: 0.5602 - acc: 0.7455
 480/1424 [=========>....................] - ETA: 11s - loss: 0.5581 - acc: 0.7458
 512/1424 [=========>....................] - ETA: 10s - loss: 0.5550 - acc: 0.7539
 544/1424 [==========>...................] - ETA: 10s - loss: 0.5473 - acc: 0.7647
 576/1424 [===========>..................] - ETA: 9s - loss: 0.5499 - acc: 0.7639 
 608/1424 [===========>..................] - ETA: 9s - loss: 0.5516 - acc: 0.7599
 640/1424 [============>.................] - ETA: 9s - loss: 0.5545 - acc: 0.7562
 672/1424 [=============>................] - ETA: 8s - loss: 0.5559 - acc: 0.7530
 704/1424 [=============>................] - ETA: 8s - loss: 0.5563 - acc: 0.7514
 736/1424 [==============>...............] - ETA: 8s - loss: 0.5530 - acc: 0.7541
 768/1424 [===============>..............] - ETA: 7s - loss: 0.5505 - acc: 0.7604
 800/1424 [===============>..............] - ETA: 7s - loss: 0.5519 - acc: 0.7600
 832/1424 [================>.............] - ETA: 6s - loss: 0.5507 - acc: 0.7596
 864/1424 [=================>............] - ETA: 6s - loss: 0.5508 - acc: 0.7593
 896/1424 [=================>............] - ETA: 6s - loss: 0.5523 - acc: 0.7589
 928/1424 [==================>...........] - ETA: 5s - loss: 0.5513 - acc: 0.7586
 960/1424 [===================>..........] - ETA: 5s - loss: 0.5502 - acc: 0.7594
 992/1424 [===================>..........] - ETA: 5s - loss: 0.5512 - acc: 0.7560
1024/1424 [====================>.........] - ETA: 4s - loss: 0.5507 - acc: 0.7578
1056/1424 [=====================>........] - ETA: 4s - loss: 0.5483 - acc: 0.7614
1088/1424 [=====================>........] - ETA: 3s - loss: 0.5500 - acc: 0.7610
1120/1424 [======================>.......] - ETA: 3s - loss: 0.5527 - acc: 0.7598
1152/1424 [=======================>......] - ETA: 3s - loss: 0.5522 - acc: 0.7622
1184/1424 [=======================>......] - ETA: 2s - loss: 0.5524 - acc: 0.7618
1216/1424 [========================>.....] - ETA: 2s - loss: 0.5528 - acc: 0.7623
1248/1424 [=========================>....] - ETA: 2s - loss: 0.5523 - acc: 0.7628
1280/1424 [=========================>....] - ETA: 1s - loss: 0.5512 - acc: 0.7625
1312/1424 [==========================>...] - ETA: 1s - loss: 0.5499 - acc: 0.7630
1344/1424 [===========================>..] - ETA: 0s - loss: 0.5484 - acc: 0.7634
1376/1424 [===========================>..] - ETA: 0s - loss: 0.5490 - acc: 0.7624
1408/1424 [============================>.] - ETA: 0s - loss: 0.5484 - acc: 0.7607
1424/1424 [==============================] - 20s 14ms/step - loss: 0.5479 - acc: 0.7612 - val_loss: 0.5051 - val_acc: 0.8065
Train on 1424 samples, validate on 708 samples
Epoch 1/1

  32/1424 [..............................] - ETA: 16s - loss: 0.5864 - acc: 0.6562
  64/1424 [>.............................] - ETA: 15s - loss: 0.5666 - acc: 0.6875
  96/1424 [=>............................] - ETA: 15s - loss: 0.5602 - acc: 0.6875
 128/1424 [=>............................] - ETA: 15s - loss: 0.5459 - acc: 0.7188
 160/1424 [==>...........................] - ETA: 14s - loss: 0.5409 - acc: 0.7312
 192/1424 [===>..........................] - ETA: 14s - loss: 0.5243 - acc: 0.7448
 224/1424 [===>..........................] - ETA: 14s - loss: 0.5264 - acc: 0.7500
 256/1424 [====>.........................] - ETA: 13s - loss: 0.5214 - acc: 0.7656
 288/1424 [=====>........................] - ETA: 13s - loss: 0.5168 - acc: 0.7639
 320/1424 [=====>........................] - ETA: 12s - loss: 0.5172 - acc: 0.7625
 352/1424 [======>.......................] - ETA: 12s - loss: 0.5200 - acc: 0.7614
 384/1424 [=======>......................] - ETA: 12s - loss: 0.5210 - acc: 0.7578
 416/1424 [=======>......................] - ETA: 11s - loss: 0.5166 - acc: 0.7668
 448/1424 [========>.....................] - ETA: 11s - loss: 0.5184 - acc: 0.7679
 480/1424 [=========>....................] - ETA: 11s - loss: 0.5267 - acc: 0.7688
 512/1424 [=========>....................] - ETA: 10s - loss: 0.5280 - acc: 0.7695
 544/1424 [==========>...................] - ETA: 10s - loss: 0.5202 - acc: 0.7794
 576/1424 [===========>..................] - ETA: 9s - loss: 0.5188 - acc: 0.7830 
 608/1424 [===========>..................] - ETA: 9s - loss: 0.5168 - acc: 0.7829
 640/1424 [============>.................] - ETA: 9s - loss: 0.5209 - acc: 0.7781
 672/1424 [=============>................] - ETA: 8s - loss: 0.5204 - acc: 0.7723
 704/1424 [=============>................] - ETA: 8s - loss: 0.5153 - acc: 0.7770
 736/1424 [==============>...............] - ETA: 8s - loss: 0.5127 - acc: 0.7745
 768/1424 [===============>..............] - ETA: 7s - loss: 0.5088 - acc: 0.7747
 800/1424 [===============>..............] - ETA: 7s - loss: 0.5095 - acc: 0.7738
 832/1424 [================>.............] - ETA: 6s - loss: 0.5178 - acc: 0.7716
 864/1424 [=================>............] - ETA: 6s - loss: 0.5161 - acc: 0.7743
 896/1424 [=================>............] - ETA: 6s - loss: 0.5159 - acc: 0.7723
 928/1424 [==================>...........] - ETA: 5s - loss: 0.5129 - acc: 0.7737
 960/1424 [===================>..........] - ETA: 5s - loss: 0.5133 - acc: 0.7719
 992/1424 [===================>..........] - ETA: 5s - loss: 0.5195 - acc: 0.7671
1024/1424 [====================>.........] - ETA: 4s - loss: 0.5174 - acc: 0.7695
1056/1424 [=====================>........] - ETA: 4s - loss: 0.5157 - acc: 0.7708
1088/1424 [=====================>........] - ETA: 3s - loss: 0.5144 - acc: 0.7721
1120/1424 [======================>.......] - ETA: 3s - loss: 0.5126 - acc: 0.7723
1152/1424 [=======================>......] - ETA: 3s - loss: 0.5106 - acc: 0.7734
1184/1424 [=======================>......] - ETA: 2s - loss: 0.5100 - acc: 0.7728
1216/1424 [========================>.....] - ETA: 2s - loss: 0.5099 - acc: 0.7730
1248/1424 [=========================>....] - ETA: 2s - loss: 0.5088 - acc: 0.7748
1280/1424 [=========================>....] - ETA: 1s - loss: 0.5148 - acc: 0.7703
1312/1424 [==========================>...] - ETA: 1s - loss: 0.5130 - acc: 0.7721
1344/1424 [===========================>..] - ETA: 0s - loss: 0.5105 - acc: 0.7746
1376/1424 [===========================>..] - ETA: 0s - loss: 0.5082 - acc: 0.7769
1408/1424 [============================>.] - ETA: 0s - loss: 0.5070 - acc: 0.7784
1424/1424 [==============================] - 20s 14ms/step - loss: 0.5069 - acc: 0.7774 - val_loss: 0.4301 - val_acc: 0.8291
Train on 1424 samples, validate on 708 samples
Epoch 1/1

  32/1424 [..............................] - ETA: 16s - loss: 0.5383 - acc: 0.7188
  64/1424 [>.............................] - ETA: 16s - loss: 0.5804 - acc: 0.7188
  96/1424 [=>............................] - ETA: 15s - loss: 0.5152 - acc: 0.7500
 128/1424 [=>............................] - ETA: 15s - loss: 0.5473 - acc: 0.7266
 160/1424 [==>...........................] - ETA: 14s - loss: 0.5243 - acc: 0.7500
 192/1424 [===>..........................] - ETA: 14s - loss: 0.5034 - acc: 0.7760
 224/1424 [===>..........................] - ETA: 14s - loss: 0.5030 - acc: 0.7812
 256/1424 [====>.........................] - ETA: 13s - loss: 0.4867 - acc: 0.7852
 288/1424 [=====>........................] - ETA: 13s - loss: 0.4849 - acc: 0.7882
 320/1424 [=====>........................] - ETA: 13s - loss: 0.4849 - acc: 0.7844
 352/1424 [======>.......................] - ETA: 12s - loss: 0.4784 - acc: 0.7926
 384/1424 [=======>......................] - ETA: 12s - loss: 0.4761 - acc: 0.7943
 416/1424 [=======>......................] - ETA: 11s - loss: 0.4725 - acc: 0.7981
 448/1424 [========>.....................] - ETA: 11s - loss: 0.4633 - acc: 0.8058
 480/1424 [=========>....................] - ETA: 11s - loss: 0.4667 - acc: 0.8021
 512/1424 [=========>....................] - ETA: 10s - loss: 0.4662 - acc: 0.8027
 544/1424 [==========>...................] - ETA: 10s - loss: 0.4984 - acc: 0.7996
 576/1424 [===========>..................] - ETA: 9s - loss: 0.4892 - acc: 0.8073 
 608/1424 [===========>..................] - ETA: 9s - loss: 0.4962 - acc: 0.7961
 640/1424 [============>.................] - ETA: 9s - loss: 0.4934 - acc: 0.7953
 672/1424 [=============>................] - ETA: 8s - loss: 0.4952 - acc: 0.7932
 704/1424 [=============>................] - ETA: 8s - loss: 0.4912 - acc: 0.7955
 736/1424 [==============>...............] - ETA: 8s - loss: 0.4943 - acc: 0.7921
 768/1424 [===============>..............] - ETA: 7s - loss: 0.4932 - acc: 0.7891
 800/1424 [===============>..............] - ETA: 7s - loss: 0.4931 - acc: 0.7887
 832/1424 [================>.............] - ETA: 6s - loss: 0.4949 - acc: 0.7837
 864/1424 [=================>............] - ETA: 6s - loss: 0.5117 - acc: 0.7824
 896/1424 [=================>............] - ETA: 6s - loss: 0.5083 - acc: 0.7824
 928/1424 [==================>...........] - ETA: 5s - loss: 0.5022 - acc: 0.7866
 960/1424 [===================>..........] - ETA: 5s - loss: 0.4976 - acc: 0.7896
 992/1424 [===================>..........] - ETA: 5s - loss: 0.5087 - acc: 0.7913
1024/1424 [====================>.........] - ETA: 4s - loss: 0.5061 - acc: 0.7920
1056/1424 [=====================>........] - ETA: 4s - loss: 0.5021 - acc: 0.7917
1088/1424 [=====================>........] - ETA: 3s - loss: 0.4995 - acc: 0.7923
1120/1424 [======================>.......] - ETA: 3s - loss: 0.5055 - acc: 0.7902
1152/1424 [=======================>......] - ETA: 3s - loss: 0.5007 - acc: 0.7925
1184/1424 [=======================>......] - ETA: 2s - loss: 0.5144 - acc: 0.7914
1216/1424 [========================>.....] - ETA: 2s - loss: 0.5112 - acc: 0.7936
1248/1424 [=========================>....] - ETA: 2s - loss: 0.5143 - acc: 0.7917
1280/1424 [=========================>....] - ETA: 1s - loss: 0.5149 - acc: 0.7883
1312/1424 [==========================>...] - ETA: 1s - loss: 0.5147 - acc: 0.7866
1344/1424 [===========================>..] - ETA: 0s - loss: 0.5148 - acc: 0.7865
1376/1424 [===========================>..] - ETA: 0s - loss: 0.5133 - acc: 0.7863
1408/1424 [============================>.] - ETA: 0s - loss: 0.5112 - acc: 0.7862
1424/1424 [==============================] - 20s 14ms/step - loss: 0.5105 - acc: 0.7865 - val_loss: 0.4141 - val_acc: 0.8390
Train on 1424 samples, validate on 708 samples
Epoch 1/1

  32/1424 [..............................] - ETA: 16s - loss: 0.5246 - acc: 0.7188
  64/1424 [>.............................] - ETA: 16s - loss: 0.4474 - acc: 0.7656
  96/1424 [=>............................] - ETA: 15s - loss: 0.4578 - acc: 0.7708
 128/1424 [=>............................] - ETA: 15s - loss: 0.5714 - acc: 0.7812
 160/1424 [==>...........................] - ETA: 14s - loss: 0.5470 - acc: 0.7750
 192/1424 [===>..........................] - ETA: 14s - loss: 0.5178 - acc: 0.7917
 224/1424 [===>..........................] - ETA: 14s - loss: 0.4972 - acc: 0.7991
 256/1424 [====>.........................] - ETA: 13s - loss: 0.5039 - acc: 0.8008
 288/1424 [=====>........................] - ETA: 13s - loss: 0.4940 - acc: 0.8021
 320/1424 [=====>........................] - ETA: 13s - loss: 0.4852 - acc: 0.8063
 352/1424 [======>.......................] - ETA: 12s - loss: 0.4902 - acc: 0.8011
 384/1424 [=======>......................] - ETA: 12s - loss: 0.4929 - acc: 0.7995
 416/1424 [=======>......................] - ETA: 11s - loss: 0.4875 - acc: 0.8005
 448/1424 [========>.....................] - ETA: 11s - loss: 0.4876 - acc: 0.8013
 480/1424 [=========>....................] - ETA: 11s - loss: 0.4840 - acc: 0.8042
 512/1424 [=========>....................] - ETA: 10s - loss: 0.4802 - acc: 0.8066
 544/1424 [==========>...................] - ETA: 10s - loss: 0.4831 - acc: 0.8070
 576/1424 [===========>..................] - ETA: 9s - loss: 0.4861 - acc: 0.8108 
 608/1424 [===========>..................] - ETA: 9s - loss: 0.4870 - acc: 0.8076
 640/1424 [============>.................] - ETA: 9s - loss: 0.4975 - acc: 0.8078
 672/1424 [=============>................] - ETA: 8s - loss: 0.4903 - acc: 0.8110
 704/1424 [=============>................] - ETA: 8s - loss: 0.4948 - acc: 0.8097
 736/1424 [==============>...............] - ETA: 8s - loss: 0.4984 - acc: 0.8071
 768/1424 [===============>..............] - ETA: 7s - loss: 0.5040 - acc: 0.8047
 800/1424 [===============>..............] - ETA: 7s - loss: 0.5015 - acc: 0.8037
 832/1424 [================>.............] - ETA: 6s - loss: 0.4974 - acc: 0.8065
 864/1424 [=================>............] - ETA: 6s - loss: 0.4974 - acc: 0.8067
 896/1424 [=================>............] - ETA: 6s - loss: 0.4930 - acc: 0.8080
 928/1424 [==================>...........] - ETA: 5s - loss: 0.4931 - acc: 0.8082
 960/1424 [===================>..........] - ETA: 5s - loss: 0.4971 - acc: 0.8052
 992/1424 [===================>..........] - ETA: 5s - loss: 0.5218 - acc: 0.8065
1024/1424 [====================>.........] - ETA: 4s - loss: 0.5197 - acc: 0.8066
1056/1424 [=====================>........] - ETA: 4s - loss: 0.5136 - acc: 0.8078
1088/1424 [=====================>........] - ETA: 3s - loss: 0.5058 - acc: 0.8116
1120/1424 [======================>.......] - ETA: 3s - loss: 0.5109 - acc: 0.8089
1152/1424 [=======================>......] - ETA: 3s - loss: 0.5087 - acc: 0.8099
1184/1424 [=======================>......] - ETA: 2s - loss: 0.5339 - acc: 0.8066
1216/1424 [========================>.....] - ETA: 2s - loss: 0.5447 - acc: 0.8059
1248/1424 [=========================>....] - ETA: 2s - loss: 0.5538 - acc: 0.8045
1280/1424 [=========================>....] - ETA: 1s - loss: 0.5642 - acc: 0.8055
1312/1424 [==========================>...] - ETA: 1s - loss: 0.5623 - acc: 0.8056
1344/1424 [===========================>..] - ETA: 0s - loss: 0.5691 - acc: 0.8051
1376/1424 [===========================>..] - ETA: 0s - loss: 0.5662 - acc: 0.8060
1408/1424 [============================>.] - ETA: 0s - loss: 0.5642 - acc: 0.8054
1424/1424 [==============================] - 20s 14ms/step - loss: 0.5619 - acc: 0.8055 - val_loss: 0.4010 - val_acc: 0.8362
Train on 1424 samples, validate on 708 samples
Epoch 1/1

  32/1424 [..............................] - ETA: 16s - loss: 0.5068 - acc: 0.8438
  64/1424 [>.............................] - ETA: 16s - loss: 0.4659 - acc: 0.8281
  96/1424 [=>............................] - ETA: 15s - loss: 0.4427 - acc: 0.8333
 128/1424 [=>............................] - ETA: 15s - loss: 0.4902 - acc: 0.7969
 160/1424 [==>...........................] - ETA: 14s - loss: 0.4674 - acc: 0.8125
 192/1424 [===>..........................] - ETA: 14s - loss: 0.4451 - acc: 0.8177
 224/1424 [===>..........................] - ETA: 14s - loss: 0.4402 - acc: 0.8125
 256/1424 [====>.........................] - ETA: 13s - loss: 0.4488 - acc: 0.8086
 288/1424 [=====>........................] - ETA: 13s - loss: 0.4814 - acc: 0.8125
 320/1424 [=====>........................] - ETA: 12s - loss: 0.4730 - acc: 0.8156
 352/1424 [======>.......................] - ETA: 12s - loss: 0.4694 - acc: 0.8153
 384/1424 [=======>......................] - ETA: 12s - loss: 0.4829 - acc: 0.7969
 416/1424 [=======>......................] - ETA: 11s - loss: 0.4753 - acc: 0.7957
 448/1424 [========>.....................] - ETA: 11s - loss: 0.4788 - acc: 0.7946
 480/1424 [=========>....................] - ETA: 11s - loss: 0.4704 - acc: 0.8000
 512/1424 [=========>....................] - ETA: 10s - loss: 0.4678 - acc: 0.8008
 544/1424 [==========>...................] - ETA: 10s - loss: 0.4675 - acc: 0.8051
 576/1424 [===========>..................] - ETA: 9s - loss: 0.4681 - acc: 0.8073 
 608/1424 [===========>..................] - ETA: 9s - loss: 0.4684 - acc: 0.8043
 640/1424 [============>.................] - ETA: 9s - loss: 0.4635 - acc: 0.8047
 672/1424 [=============>................] - ETA: 8s - loss: 0.4636 - acc: 0.8065
 704/1424 [=============>................] - ETA: 8s - loss: 0.4685 - acc: 0.8040
 736/1424 [==============>...............] - ETA: 8s - loss: 0.4663 - acc: 0.8057
 768/1424 [===============>..............] - ETA: 7s - loss: 0.4685 - acc: 0.8060
 800/1424 [===============>..............] - ETA: 7s - loss: 0.4712 - acc: 0.8025
 832/1424 [================>.............] - ETA: 6s - loss: 0.4739 - acc: 0.8017
 864/1424 [=================>............] - ETA: 6s - loss: 0.4724 - acc: 0.8056
 896/1424 [=================>............] - ETA: 6s - loss: 0.4685 - acc: 0.8092
 928/1424 [==================>...........] - ETA: 5s - loss: 0.4686 - acc: 0.8071
 960/1424 [===================>..........] - ETA: 5s - loss: 0.4678 - acc: 0.8042
 992/1424 [===================>..........] - ETA: 5s - loss: 0.4678 - acc: 0.8054
1024/1424 [====================>.........] - ETA: 4s - loss: 0.4698 - acc: 0.8018
1056/1424 [=====================>........] - ETA: 4s - loss: 0.4668 - acc: 0.8049
1088/1424 [=====================>........] - ETA: 3s - loss: 0.4650 - acc: 0.8051
1120/1424 [======================>.......] - ETA: 3s - loss: 0.4635 - acc: 0.8045
1152/1424 [=======================>......] - ETA: 3s - loss: 0.4599 - acc: 0.8056
1184/1424 [=======================>......] - ETA: 2s - loss: 0.4537 - acc: 0.8091
1216/1424 [========================>.....] - ETA: 2s - loss: 0.4524 - acc: 0.8100
1248/1424 [=========================>....] - ETA: 2s - loss: 0.4526 - acc: 0.8101
1280/1424 [=========================>....] - ETA: 1s - loss: 0.4534 - acc: 0.8102
1312/1424 [==========================>...] - ETA: 1s - loss: 0.4529 - acc: 0.8110
1344/1424 [===========================>..] - ETA: 0s - loss: 0.4544 - acc: 0.8103
1376/1424 [===========================>..] - ETA: 0s - loss: 0.4559 - acc: 0.8096
1408/1424 [============================>.] - ETA: 0s - loss: 0.4519 - acc: 0.8125
1424/1424 [==============================] - 20s 14ms/step - loss: 0.4648 - acc: 0.8125 - val_loss: 0.4085 - val_acc: 0.8333
Train on 1424 samples, validate on 708 samples
Epoch 1/1

  32/1424 [..............................] - ETA: 16s - loss: 0.3107 - acc: 0.8750
  64/1424 [>.............................] - ETA: 16s - loss: 0.4724 - acc: 0.7812
  96/1424 [=>............................] - ETA: 15s - loss: 0.4309 - acc: 0.8125
 128/1424 [=>............................] - ETA: 15s - loss: 0.4332 - acc: 0.8047
 160/1424 [==>...........................] - ETA: 14s - loss: 0.4400 - acc: 0.8125
 192/1424 [===>..........................] - ETA: 14s - loss: 0.4213 - acc: 0.8281
 224/1424 [===>..........................] - ETA: 14s - loss: 0.4549 - acc: 0.8170
 256/1424 [====>.........................] - ETA: 13s - loss: 0.4544 - acc: 0.8203
 288/1424 [=====>........................] - ETA: 13s - loss: 0.4727 - acc: 0.8021
 320/1424 [=====>........................] - ETA: 13s - loss: 0.4691 - acc: 0.8000
 352/1424 [======>.......................] - ETA: 12s - loss: 0.4695 - acc: 0.7983
 384/1424 [=======>......................] - ETA: 12s - loss: 0.4601 - acc: 0.7969
 416/1424 [=======>......................] - ETA: 11s - loss: 0.4555 - acc: 0.8005
 448/1424 [========>.....................] - ETA: 11s - loss: 0.4450 - acc: 0.8058
 480/1424 [=========>....................] - ETA: 11s - loss: 0.4416 - acc: 0.8104
 512/1424 [=========>....................] - ETA: 10s - loss: 0.4400 - acc: 0.8105
 544/1424 [==========>...................] - ETA: 10s - loss: 0.4767 - acc: 0.8051
 576/1424 [===========>..................] - ETA: 9s - loss: 0.4702 - acc: 0.8090 
 608/1424 [===========>..................] - ETA: 9s - loss: 0.4691 - acc: 0.8076
 640/1424 [============>.................] - ETA: 9s - loss: 0.4712 - acc: 0.8078
 672/1424 [=============>................] - ETA: 8s - loss: 0.4763 - acc: 0.8065
 704/1424 [=============>................] - ETA: 8s - loss: 0.4726 - acc: 0.8068
 736/1424 [==============>...............] - ETA: 8s - loss: 0.4708 - acc: 0.8071
 768/1424 [===============>..............] - ETA: 7s - loss: 0.4687 - acc: 0.8086
 800/1424 [===============>..............] - ETA: 7s - loss: 0.4724 - acc: 0.8075
 832/1424 [================>.............] - ETA: 6s - loss: 0.4730 - acc: 0.8065
 864/1424 [=================>............] - ETA: 6s - loss: 0.4717 - acc: 0.8090
 896/1424 [=================>............] - ETA: 6s - loss: 0.4648 - acc: 0.8125
 928/1424 [==================>...........] - ETA: 5s - loss: 0.4648 - acc: 0.8093
 960/1424 [===================>..........] - ETA: 5s - loss: 0.4606 - acc: 0.8094
 992/1424 [===================>..........] - ETA: 5s - loss: 0.4588 - acc: 0.8105
1024/1424 [====================>.........] - ETA: 4s - loss: 0.4572 - acc: 0.8105
1056/1424 [=====================>........] - ETA: 4s - loss: 0.4569 - acc: 0.8097
1088/1424 [=====================>........] - ETA: 3s - loss: 0.4534 - acc: 0.8107
1120/1424 [======================>.......] - ETA: 3s - loss: 0.4562 - acc: 0.8089
1152/1424 [=======================>......] - ETA: 3s - loss: 0.4582 - acc: 0.8073
1184/1424 [=======================>......] - ETA: 2s - loss: 0.4638 - acc: 0.8041
1216/1424 [========================>.....] - ETA: 2s - loss: 0.4935 - acc: 0.7993
1248/1424 [=========================>....] - ETA: 2s - loss: 0.5140 - acc: 0.7949
1280/1424 [=========================>....] - ETA: 1s - loss: 0.5738 - acc: 0.7867
1312/1424 [==========================>...] - ETA: 1s - loss: 0.6148 - acc: 0.7797
1344/1424 [===========================>..] - ETA: 0s - loss: 0.6367 - acc: 0.7738
1376/1424 [===========================>..] - ETA: 0s - loss: 0.7424 - acc: 0.7682
1408/1424 [============================>.] - ETA: 0s - loss: 0.8156 - acc: 0.7607
1424/1424 [==============================] - 20s 14ms/step - loss: 0.8392 - acc: 0.7563 - val_loss: 2.3406 - val_acc: 0.5297
Train on 1424 samples, validate on 708 samples
Epoch 1/1

  32/1424 [..............................] - ETA: 16s - loss: 3.6771 - acc: 0.5938
  64/1424 [>.............................] - ETA: 16s - loss: 3.5385 - acc: 0.5938
  96/1424 [=>............................] - ETA: 15s - loss: 3.4419 - acc: 0.5938
 128/1424 [=>............................] - ETA: 15s - loss: 3.1570 - acc: 0.6016
 160/1424 [==>...........................] - ETA: 14s - loss: 3.3099 - acc: 0.6062
 192/1424 [===>..........................] - ETA: 14s - loss: 3.4712 - acc: 0.5885
 224/1424 [===>..........................] - ETA: 14s - loss: 3.3555 - acc: 0.5670
 256/1424 [====>.........................] - ETA: 13s - loss: 3.3925 - acc: 0.5469
 288/1424 [=====>........................] - ETA: 13s - loss: 3.3310 - acc: 0.5382
 320/1424 [=====>........................] - ETA: 12s - loss: 3.4782 - acc: 0.5219
 352/1424 [======>.......................] - ETA: 12s - loss: 3.6523 - acc: 0.5114
 384/1424 [=======>......................] - ETA: 12s - loss: 3.7667 - acc: 0.5156
 416/1424 [=======>......................] - ETA: 11s - loss: 3.7365 - acc: 0.5096
 448/1424 [========>.....................] - ETA: 11s - loss: 3.8218 - acc: 0.5089
 480/1424 [=========>....................] - ETA: 11s - loss: 3.9932 - acc: 0.5083
 512/1424 [=========>....................] - ETA: 10s - loss: 4.0220 - acc: 0.5078
 544/1424 [==========>...................] - ETA: 10s - loss: 4.0711 - acc: 0.5055
 576/1424 [===========>..................] - ETA: 9s - loss: 4.0311 - acc: 0.5069 
 608/1424 [===========>..................] - ETA: 9s - loss: 4.2647 - acc: 0.5049
 640/1424 [============>.................] - ETA: 9s - loss: 4.4002 - acc: 0.5078
 672/1424 [=============>................] - ETA: 8s - loss: 4.6177 - acc: 0.5045
 704/1424 [=============>................] - ETA: 8s - loss: 4.8154 - acc: 0.5014
 736/1424 [==============>...............] - ETA: 8s - loss: 4.9310 - acc: 0.5027
 768/1424 [===============>..............] - ETA: 7s - loss: 4.9539 - acc: 0.5091
 800/1424 [===============>..............] - ETA: 7s - loss: 5.0546 - acc: 0.5100
 832/1424 [================>.............] - ETA: 6s - loss: 5.1860 - acc: 0.5084
 864/1424 [=================>............] - ETA: 6s - loss: 5.3076 - acc: 0.5069
 896/1424 [=================>............] - ETA: 6s - loss: 5.4917 - acc: 0.5011
 928/1424 [==================>...........] - ETA: 5s - loss: 5.5600 - acc: 0.5022
 960/1424 [===================>..........] - ETA: 5s - loss: 5.6736 - acc: 0.5000
 992/1424 [===================>..........] - ETA: 5s - loss: 5.7638 - acc: 0.4990
1024/1424 [====================>.........] - ETA: 4s - loss: 5.8172 - acc: 0.5000
1056/1424 [=====================>........] - ETA: 4s - loss: 5.8975 - acc: 0.4991
1088/1424 [=====================>........] - ETA: 3s - loss: 6.0025 - acc: 0.4963
1120/1424 [======================>.......] - ETA: 3s - loss: 6.0587 - acc: 0.4964
1152/1424 [=======================>......] - ETA: 3s - loss: 6.1257 - acc: 0.4957
1184/1424 [=======================>......] - ETA: 2s - loss: 6.1486 - acc: 0.4975
1216/1424 [========================>.....] - ETA: 2s - loss: 6.2622 - acc: 0.4934
1248/1424 [=========================>....] - ETA: 2s - loss: 6.3188 - acc: 0.4928
1280/1424 [=========================>....] - ETA: 1s - loss: 6.3476 - acc: 0.4938
1312/1424 [==========================>...] - ETA: 1s - loss: 6.3751 - acc: 0.4947
1344/1424 [===========================>..] - ETA: 0s - loss: 6.4131 - acc: 0.4948
1376/1424 [===========================>..] - ETA: 0s - loss: 6.4145 - acc: 0.4971
1408/1424 [============================>.] - ETA: 0s - loss: 6.4046 - acc: 0.5000
1424/1424 [==============================] - 20s 14ms/step - loss: 6.4222 - acc: 0.5000 - val_loss: 7.9712 - val_acc: 0.5000
Train on 1424 samples, validate on 708 samples
Epoch 1/1

  32/1424 [..............................] - ETA: 16s - loss: 9.9640 - acc: 0.3750
  64/1424 [>.............................] - ETA: 15s - loss: 8.9676 - acc: 0.4375
  96/1424 [=>............................] - ETA: 15s - loss: 9.1337 - acc: 0.4271
 128/1424 [=>............................] - ETA: 15s - loss: 8.7185 - acc: 0.4531
 160/1424 [==>...........................] - ETA: 14s - loss: 8.7683 - acc: 0.4500
 192/1424 [===>..........................] - ETA: 14s - loss: 8.4694 - acc: 0.4688
 224/1424 [===>..........................] - ETA: 14s - loss: 8.3982 - acc: 0.4732
 256/1424 [====>.........................] - ETA: 13s - loss: 8.1580 - acc: 0.4883
 288/1424 [=====>........................] - ETA: 13s - loss: 8.1373 - acc: 0.4896
 320/1424 [=====>........................] - ETA: 12s - loss: 8.1207 - acc: 0.4906
 352/1424 [======>.......................] - ETA: 12s - loss: 8.0618 - acc: 0.4943
 384/1424 [=======>......................] - ETA: 12s - loss: 8.0957 - acc: 0.4922
 416/1424 [=======>......................] - ETA: 11s - loss: 8.0478 - acc: 0.4952
 448/1424 [========>.....................] - ETA: 11s - loss: 7.9712 - acc: 0.5000
 480/1424 [=========>....................] - ETA: 11s - loss: 8.1373 - acc: 0.4896
 512/1424 [=========>....................] - ETA: 10s - loss: 8.1892 - acc: 0.4863
 544/1424 [==========>...................] - ETA: 10s - loss: 8.0884 - acc: 0.4926
 576/1424 [===========>..................] - ETA: 9s - loss: 8.0819 - acc: 0.4931 
 608/1424 [===========>..................] - ETA: 9s - loss: 8.1023 - acc: 0.4918
 640/1424 [============>.................] - ETA: 9s - loss: 8.1705 - acc: 0.4875
 672/1424 [=============>................] - ETA: 8s - loss: 8.2084 - acc: 0.4851
 704/1424 [=============>................] - ETA: 8s - loss: 8.2656 - acc: 0.4815
 736/1424 [==============>...............] - ETA: 8s - loss: 8.2311 - acc: 0.4837
 768/1424 [===============>..............] - ETA: 7s - loss: 8.2203 - acc: 0.4844
 800/1424 [===============>..............] - ETA: 7s - loss: 8.3100 - acc: 0.4788
 832/1424 [================>.............] - ETA: 6s - loss: 8.1820 - acc: 0.4868
 864/1424 [=================>............] - ETA: 6s - loss: 8.1742 - acc: 0.4873
 896/1424 [=================>............] - ETA: 6s - loss: 8.1491 - acc: 0.4888
 928/1424 [==================>...........] - ETA: 5s - loss: 8.1086 - acc: 0.4914
 960/1424 [===================>..........] - ETA: 5s - loss: 8.0708 - acc: 0.4938
 992/1424 [===================>..........] - ETA: 5s - loss: 8.0676 - acc: 0.4940
1024/1424 [====================>.........] - ETA: 4s - loss: 8.0646 - acc: 0.4941
1056/1424 [=====================>........] - ETA: 4s - loss: 8.0920 - acc: 0.4924
1088/1424 [=====================>........] - ETA: 3s - loss: 8.0591 - acc: 0.4945
1120/1424 [======================>.......] - ETA: 3s - loss: 8.0139 - acc: 0.4973
1152/1424 [=======================>......] - ETA: 3s - loss: 8.0404 - acc: 0.4957
1184/1424 [=======================>......] - ETA: 2s - loss: 8.0789 - acc: 0.4932
1216/1424 [========================>.....] - ETA: 2s - loss: 8.0630 - acc: 0.4942
1248/1424 [=========================>....] - ETA: 2s - loss: 8.0606 - acc: 0.4944
1280/1424 [=========================>....] - ETA: 1s - loss: 8.0584 - acc: 0.4945
1312/1424 [==========================>...] - ETA: 1s - loss: 8.0684 - acc: 0.4939
1344/1424 [===========================>..] - ETA: 0s - loss: 8.0779 - acc: 0.4933
1376/1424 [===========================>..] - ETA: 0s - loss: 8.0407 - acc: 0.4956
1408/1424 [============================>.] - ETA: 0s - loss: 8.0278 - acc: 0.4964
1424/1424 [==============================] - 20s 14ms/step - loss: 7.9712 - acc: 0.5000 - val_loss: 7.9712 - val_acc: 0.5000
Train on 1424 samples, validate on 708 samples
Epoch 1/1

  32/1424 [..............................] - ETA: 16s - loss: 8.4694 - acc: 0.4688
  64/1424 [>.............................] - ETA: 16s - loss: 7.7221 - acc: 0.5156
  96/1424 [=>............................] - ETA: 15s - loss: 7.9712 - acc: 0.5000
 128/1424 [=>............................] - ETA: 15s - loss: 7.5975 - acc: 0.5234
 160/1424 [==>...........................] - ETA: 14s - loss: 7.2737 - acc: 0.5437
 192/1424 [===>..........................] - ETA: 14s - loss: 7.2239 - acc: 0.5469
 224/1424 [===>..........................] - ETA: 14s - loss: 7.1883 - acc: 0.5491
 256/1424 [====>.........................] - ETA: 13s - loss: 7.2239 - acc: 0.5469
 288/1424 [=====>........................] - ETA: 13s - loss: 7.1409 - acc: 0.5521
 320/1424 [=====>........................] - ETA: 12s - loss: 7.2737 - acc: 0.5437
 352/1424 [======>.......................] - ETA: 12s - loss: 7.1107 - acc: 0.5540
 384/1424 [=======>......................] - ETA: 12s - loss: 7.1824 - acc: 0.5495
 416/1424 [=======>......................] - ETA: 11s - loss: 7.2047 - acc: 0.5481
 448/1424 [========>.....................] - ETA: 11s - loss: 7.3662 - acc: 0.5379
 480/1424 [=========>....................] - ETA: 11s - loss: 7.4066 - acc: 0.5354
 512/1424 [=========>....................] - ETA: 10s - loss: 7.5041 - acc: 0.5293
 544/1424 [==========>...................] - ETA: 10s - loss: 7.4437 - acc: 0.5331
 576/1424 [===========>..................] - ETA: 9s - loss: 7.5837 - acc: 0.5243 
 608/1424 [===========>..................] - ETA: 9s - loss: 7.6041 - acc: 0.5230
 640/1424 [============>.................] - ETA: 9s - loss: 7.7221 - acc: 0.5156
 672/1424 [=============>................] - ETA: 8s - loss: 7.7814 - acc: 0.5119
 704/1424 [=============>................] - ETA: 8s - loss: 7.7674 - acc: 0.5128
 736/1424 [==============>...............] - ETA: 8s - loss: 7.8845 - acc: 0.5054
 768/1424 [===============>..............] - ETA: 7s - loss: 7.9504 - acc: 0.5013
 800/1424 [===============>..............] - ETA: 7s - loss: 8.0110 - acc: 0.4975
 832/1424 [================>.............] - ETA: 6s - loss: 7.9904 - acc: 0.4988
 864/1424 [=================>............] - ETA: 6s - loss: 7.9343 - acc: 0.5023
 896/1424 [=================>............] - ETA: 6s - loss: 7.9356 - acc: 0.5022
 928/1424 [==================>...........] - ETA: 5s - loss: 8.0056 - acc: 0.4978
 960/1424 [===================>..........] - ETA: 5s - loss: 8.0874 - acc: 0.4927
 992/1424 [===================>..........] - ETA: 5s - loss: 8.0998 - acc: 0.4919
1024/1424 [====================>.........] - ETA: 4s - loss: 8.0490 - acc: 0.4951
1056/1424 [=====================>........] - ETA: 4s - loss: 8.0618 - acc: 0.4943
1088/1424 [=====================>........] - ETA: 3s - loss: 8.0591 - acc: 0.4945
1120/1424 [======================>.......] - ETA: 3s - loss: 7.9285 - acc: 0.5027
1152/1424 [=======================>......] - ETA: 3s - loss: 7.9158 - acc: 0.5035
1184/1424 [=======================>......] - ETA: 2s - loss: 7.8769 - acc: 0.5059
1216/1424 [========================>.....] - ETA: 2s - loss: 7.8532 - acc: 0.5074
1248/1424 [=========================>....] - ETA: 2s - loss: 7.8945 - acc: 0.5048
1280/1424 [=========================>....] - ETA: 1s - loss: 7.8965 - acc: 0.5047
1312/1424 [==========================>...] - ETA: 1s - loss: 7.9226 - acc: 0.5030
1344/1424 [===========================>..] - ETA: 0s - loss: 7.9000 - acc: 0.5045
1376/1424 [===========================>..] - ETA: 0s - loss: 7.9596 - acc: 0.5007
1408/1424 [============================>.] - ETA: 0s - loss: 8.0052 - acc: 0.4979
1424/1424 [==============================] - 20s 14ms/step - loss: 7.9712 - acc: 0.5000 - val_loss: 7.9712 - val_acc: 0.5000
Train on 1424 samples, validate on 708 samples
Epoch 1/1

  32/1424 [..............................] - ETA: 16s - loss: 8.4694 - acc: 0.4688
  64/1424 [>.............................] - ETA: 15s - loss: 7.7221 - acc: 0.5156
  96/1424 [=>............................] - ETA: 15s - loss: 7.4730 - acc: 0.5312
 128/1424 [=>............................] - ETA: 15s - loss: 6.9748 - acc: 0.5625
 160/1424 [==>...........................] - ETA: 14s - loss: 6.9748 - acc: 0.5625
 192/1424 [===>..........................] - ETA: 14s - loss: 6.4766 - acc: 0.5938
 224/1424 [===>..........................] - ETA: 14s - loss: 6.7613 - acc: 0.5759
 256/1424 [====>.........................] - ETA: 13s - loss: 6.7257 - acc: 0.5781
 288/1424 [=====>........................] - ETA: 13s - loss: 6.7534 - acc: 0.5764
 320/1424 [=====>........................] - ETA: 12s - loss: 7.0246 - acc: 0.5594
 352/1424 [======>.......................] - ETA: 12s - loss: 7.2918 - acc: 0.5426
 384/1424 [=======>......................] - ETA: 12s - loss: 7.4315 - acc: 0.5339
 416/1424 [=======>......................] - ETA: 11s - loss: 7.7029 - acc: 0.5168
 448/1424 [========>.....................] - ETA: 11s - loss: 7.7577 - acc: 0.5134
 480/1424 [=========>....................] - ETA: 11s - loss: 7.6391 - acc: 0.5208
 512/1424 [=========>....................] - ETA: 10s - loss: 7.7221 - acc: 0.5156
 544/1424 [==========>...................] - ETA: 10s - loss: 7.7074 - acc: 0.5165
 576/1424 [===========>..................] - ETA: 9s - loss: 7.5560 - acc: 0.5260 
 608/1424 [===========>..................] - ETA: 9s - loss: 7.4992 - acc: 0.5296
 640/1424 [============>.................] - ETA: 9s - loss: 7.5726 - acc: 0.5250
 672/1424 [=============>................] - ETA: 8s - loss: 7.6153 - acc: 0.5223
 704/1424 [=============>................] - ETA: 8s - loss: 7.5636 - acc: 0.5256
 736/1424 [==============>...............] - ETA: 8s - loss: 7.6030 - acc: 0.5231
 768/1424 [===============>..............] - ETA: 7s - loss: 7.6598 - acc: 0.5195
 800/1424 [===============>..............] - ETA: 7s - loss: 7.6922 - acc: 0.5175
 832/1424 [================>.............] - ETA: 6s - loss: 7.6838 - acc: 0.5180
 864/1424 [=================>............] - ETA: 6s - loss: 7.7129 - acc: 0.5162
 896/1424 [=================>............] - ETA: 6s - loss: 7.7399 - acc: 0.5145
 928/1424 [==================>...........] - ETA: 5s - loss: 7.7994 - acc: 0.5108
 960/1424 [===================>..........] - ETA: 5s - loss: 7.7885 - acc: 0.5115
 992/1424 [===================>..........] - ETA: 5s - loss: 7.7462 - acc: 0.5141
1024/1424 [====================>.........] - ETA: 4s - loss: 7.8466 - acc: 0.5078
1056/1424 [=====================>........] - ETA: 4s - loss: 7.8202 - acc: 0.5095
1088/1424 [=====================>........] - ETA: 3s - loss: 7.7807 - acc: 0.5119
1120/1424 [======================>.......] - ETA: 3s - loss: 7.8289 - acc: 0.5089
1152/1424 [=======================>......] - ETA: 3s - loss: 7.8328 - acc: 0.5087
1184/1424 [=======================>......] - ETA: 2s - loss: 7.8904 - acc: 0.5051
1216/1424 [========================>.....] - ETA: 2s - loss: 7.9319 - acc: 0.5025
1248/1424 [=========================>....] - ETA: 2s - loss: 7.8945 - acc: 0.5048
1280/1424 [=========================>....] - ETA: 1s - loss: 7.9712 - acc: 0.5000
1312/1424 [==========================>...] - ETA: 1s - loss: 7.9590 - acc: 0.5008
1344/1424 [===========================>..] - ETA: 0s - loss: 7.9475 - acc: 0.5015
1376/1424 [===========================>..] - ETA: 0s - loss: 7.9712 - acc: 0.5000
1408/1424 [============================>.] - ETA: 0s - loss: 7.9599 - acc: 0.5007
1424/1424 [==============================] - 20s 14ms/step - loss: 7.9712 - acc: 0.5000 - val_loss: 7.9712 - val_acc: 0.5000
Train on 1424 samples, validate on 708 samples
Epoch 1/1

  32/1424 [..............................] - ETA: 16s - loss: 8.4694 - acc: 0.4688
  64/1424 [>.............................] - ETA: 16s - loss: 7.9712 - acc: 0.5000
  96/1424 [=>............................] - ETA: 15s - loss: 8.4694 - acc: 0.4688
 128/1424 [=>............................] - ETA: 15s - loss: 8.3448 - acc: 0.4766
 160/1424 [==>...........................] - ETA: 14s - loss: 7.5726 - acc: 0.5250
 192/1424 [===>..........................] - ETA: 14s - loss: 7.3900 - acc: 0.5365
 224/1424 [===>..........................] - ETA: 14s - loss: 7.7577 - acc: 0.5134
 256/1424 [====>.........................] - ETA: 13s - loss: 7.9712 - acc: 0.5000
 288/1424 [=====>........................] - ETA: 13s - loss: 7.8051 - acc: 0.5104
 320/1424 [=====>........................] - ETA: 12s - loss: 7.8716 - acc: 0.5062
 352/1424 [======>.......................] - ETA: 12s - loss: 7.8806 - acc: 0.5057
 384/1424 [=======>......................] - ETA: 12s - loss: 8.0957 - acc: 0.4922
 416/1424 [=======>......................] - ETA: 11s - loss: 8.1245 - acc: 0.4904
 448/1424 [========>.....................] - ETA: 11s - loss: 8.3982 - acc: 0.4732
 480/1424 [=========>....................] - ETA: 11s - loss: 8.2701 - acc: 0.4813
 512/1424 [=========>....................] - ETA: 10s - loss: 8.1580 - acc: 0.4883
 544/1424 [==========>...................] - ETA: 10s - loss: 8.2056 - acc: 0.4853
 576/1424 [===========>..................] - ETA: 9s - loss: 8.1096 - acc: 0.4913 
 608/1424 [===========>..................] - ETA: 9s - loss: 8.1023 - acc: 0.4918
 640/1424 [============>.................] - ETA: 9s - loss: 8.0708 - acc: 0.4938
 672/1424 [=============>................] - ETA: 8s - loss: 8.0898 - acc: 0.4926
 704/1424 [=============>................] - ETA: 8s - loss: 8.0844 - acc: 0.4929
 736/1424 [==============>...............] - ETA: 8s - loss: 8.0362 - acc: 0.4959
 768/1424 [===============>..............] - ETA: 7s - loss: 8.0957 - acc: 0.4922
 800/1424 [===============>..............] - ETA: 7s - loss: 8.1505 - acc: 0.4888
 832/1424 [================>.............] - ETA: 6s - loss: 8.0862 - acc: 0.4928
 864/1424 [=================>............] - ETA: 6s - loss: 8.1373 - acc: 0.4896
 896/1424 [=================>............] - ETA: 6s - loss: 8.0246 - acc: 0.4967
 928/1424 [==================>...........] - ETA: 5s - loss: 8.0743 - acc: 0.4935
 960/1424 [===================>..........] - ETA: 5s - loss: 8.0542 - acc: 0.4948
 992/1424 [===================>..........] - ETA: 5s - loss: 8.0194 - acc: 0.4970
1024/1424 [====================>.........] - ETA: 4s - loss: 7.9868 - acc: 0.4990
1056/1424 [=====================>........] - ETA: 4s - loss: 8.0165 - acc: 0.4972
1088/1424 [=====================>........] - ETA: 3s - loss: 7.9858 - acc: 0.4991
1120/1424 [======================>.......] - ETA: 3s - loss: 7.9570 - acc: 0.5009
1152/1424 [=======================>......] - ETA: 3s - loss: 7.9712 - acc: 0.5000
1184/1424 [=======================>......] - ETA: 2s - loss: 7.9443 - acc: 0.5017
1216/1424 [========================>.....] - ETA: 2s - loss: 7.9319 - acc: 0.5025
1248/1424 [=========================>....] - ETA: 2s - loss: 7.9456 - acc: 0.5016
1280/1424 [=========================>....] - ETA: 1s - loss: 7.9587 - acc: 0.5008
1312/1424 [==========================>...] - ETA: 1s - loss: 7.9590 - acc: 0.5008
1344/1424 [===========================>..] - ETA: 0s - loss: 7.9119 - acc: 0.5037
1376/1424 [===========================>..] - ETA: 0s - loss: 7.9596 - acc: 0.5007
1408/1424 [============================>.] - ETA: 0s - loss: 7.9599 - acc: 0.5007
1424/1424 [==============================] - 20s 14ms/step - loss: 7.9712 - acc: 0.5000 - val_loss: 7.9712 - val_acc: 0.5000
Train on 1424 samples, validate on 708 samples
Epoch 1/1

  32/1424 [..............................] - ETA: 16s - loss: 6.4766 - acc: 0.5938
  64/1424 [>.............................] - ETA: 15s - loss: 6.9748 - acc: 0.5625
  96/1424 [=>............................] - ETA: 15s - loss: 6.9748 - acc: 0.5625
 128/1424 [=>............................] - ETA: 15s - loss: 7.7221 - acc: 0.5156
 160/1424 [==>...........................] - ETA: 14s - loss: 7.0744 - acc: 0.5563
 192/1424 [===>..........................] - ETA: 14s - loss: 7.1409 - acc: 0.5521
 224/1424 [===>..........................] - ETA: 14s - loss: 7.0460 - acc: 0.5580
 256/1424 [====>.........................] - ETA: 13s - loss: 7.4107 - acc: 0.5352
 288/1424 [=====>........................] - ETA: 13s - loss: 7.5837 - acc: 0.5243
 320/1424 [=====>........................] - ETA: 13s - loss: 7.3734 - acc: 0.5375
 352/1424 [======>.......................] - ETA: 12s - loss: 7.5636 - acc: 0.5256
 384/1424 [=======>......................] - ETA: 12s - loss: 7.5975 - acc: 0.5234
 416/1424 [=======>......................] - ETA: 11s - loss: 7.7413 - acc: 0.5144
 448/1424 [========>.....................] - ETA: 11s - loss: 7.7577 - acc: 0.5134
 480/1424 [=========>....................] - ETA: 11s - loss: 7.6723 - acc: 0.5188
 512/1424 [=========>....................] - ETA: 10s - loss: 7.7221 - acc: 0.5156
 544/1424 [==========>...................] - ETA: 10s - loss: 7.7074 - acc: 0.5165
 576/1424 [===========>..................] - ETA: 10s - loss: 7.6944 - acc: 0.5174
 608/1424 [===========>..................] - ETA: 9s - loss: 7.8139 - acc: 0.5099 
 640/1424 [============>.................] - ETA: 9s - loss: 7.7968 - acc: 0.5109
 672/1424 [=============>................] - ETA: 8s - loss: 7.7102 - acc: 0.5164
 704/1424 [=============>................] - ETA: 8s - loss: 7.7900 - acc: 0.5114
 736/1424 [==============>...............] - ETA: 8s - loss: 7.8845 - acc: 0.5054
 768/1424 [===============>..............] - ETA: 7s - loss: 7.9712 - acc: 0.5000
 800/1424 [===============>..............] - ETA: 7s - loss: 7.9114 - acc: 0.5038
 832/1424 [================>.............] - ETA: 6s - loss: 7.8754 - acc: 0.5060
 864/1424 [=================>............] - ETA: 6s - loss: 7.8420 - acc: 0.5081
 896/1424 [=================>............] - ETA: 6s - loss: 7.8466 - acc: 0.5078
 928/1424 [==================>...........] - ETA: 5s - loss: 7.8853 - acc: 0.5054
 960/1424 [===================>..........] - ETA: 5s - loss: 7.9214 - acc: 0.5031
 992/1424 [===================>..........] - ETA: 5s - loss: 7.8587 - acc: 0.5071
1024/1424 [====================>.........] - ETA: 4s - loss: 7.8778 - acc: 0.5059
1056/1424 [=====================>........] - ETA: 4s - loss: 7.8655 - acc: 0.5066
1088/1424 [=====================>........] - ETA: 3s - loss: 7.9126 - acc: 0.5037
1120/1424 [======================>.......] - ETA: 3s - loss: 7.9997 - acc: 0.4982
1152/1424 [=======================>......] - ETA: 3s - loss: 8.0404 - acc: 0.4957
1184/1424 [=======================>......] - ETA: 2s - loss: 8.0251 - acc: 0.4966
1216/1424 [========================>.....] - ETA: 2s - loss: 7.9712 - acc: 0.5000
1248/1424 [=========================>....] - ETA: 2s - loss: 7.9967 - acc: 0.4984
1280/1424 [=========================>....] - ETA: 1s - loss: 7.9836 - acc: 0.4992
1312/1424 [==========================>...] - ETA: 1s - loss: 8.0319 - acc: 0.4962
1344/1424 [===========================>..] - ETA: 0s - loss: 7.9949 - acc: 0.4985
1376/1424 [===========================>..] - ETA: 0s - loss: 7.9828 - acc: 0.4993
1408/1424 [============================>.] - ETA: 0s - loss: 7.9938 - acc: 0.4986
1424/1424 [==============================] - 20s 14ms/step - loss: 7.9712 - acc: 0.5000 - val_loss: 7.9712 - val_acc: 0.5000
Train on 1424 samples, validate on 708 samples
Epoch 1/1

  32/1424 [..............................] - ETA: 16s - loss: 7.4730 - acc: 0.5312
  64/1424 [>.............................] - ETA: 16s - loss: 6.9748 - acc: 0.5625
  96/1424 [=>............................] - ETA: 15s - loss: 7.9712 - acc: 0.5000
 128/1424 [=>............................] - ETA: 15s - loss: 7.5975 - acc: 0.5234
 160/1424 [==>...........................] - ETA: 14s - loss: 7.3734 - acc: 0.5375
 192/1424 [===>..........................] - ETA: 14s - loss: 7.6391 - acc: 0.5208
 224/1424 [===>..........................] - ETA: 14s - loss: 7.5442 - acc: 0.5268
 256/1424 [====>.........................] - ETA: 13s - loss: 7.5353 - acc: 0.5273
 288/1424 [=====>........................] - ETA: 13s - loss: 7.5283 - acc: 0.5278
 320/1424 [=====>........................] - ETA: 13s - loss: 7.1243 - acc: 0.5531
 352/1424 [======>.......................] - ETA: 12s - loss: 7.2918 - acc: 0.5426
 384/1424 [=======>......................] - ETA: 12s - loss: 7.3069 - acc: 0.5417
 416/1424 [=======>......................] - ETA: 11s - loss: 7.4730 - acc: 0.5312
 448/1424 [========>.....................] - ETA: 11s - loss: 7.6509 - acc: 0.5201
 480/1424 [=========>....................] - ETA: 11s - loss: 7.8716 - acc: 0.5062
 512/1424 [=========>....................] - ETA: 10s - loss: 7.8466 - acc: 0.5078
 544/1424 [==========>...................] - ETA: 10s - loss: 7.9419 - acc: 0.5018
 576/1424 [===========>..................] - ETA: 9s - loss: 8.1373 - acc: 0.4896 
 608/1424 [===========>..................] - ETA: 9s - loss: 8.1023 - acc: 0.4918
 640/1424 [============>.................] - ETA: 9s - loss: 8.1705 - acc: 0.4875
 672/1424 [=============>................] - ETA: 8s - loss: 8.0898 - acc: 0.4926
 704/1424 [=============>................] - ETA: 8s - loss: 8.0844 - acc: 0.4929
 736/1424 [==============>...............] - ETA: 8s - loss: 8.0362 - acc: 0.4959
 768/1424 [===============>..............] - ETA: 7s - loss: 8.0750 - acc: 0.4935
 800/1424 [===============>..............] - ETA: 7s - loss: 8.0509 - acc: 0.4950
 832/1424 [================>.............] - ETA: 6s - loss: 8.1053 - acc: 0.4916
 864/1424 [=================>............] - ETA: 6s - loss: 8.2111 - acc: 0.4850
 896/1424 [=================>............] - ETA: 6s - loss: 8.1669 - acc: 0.4877
 928/1424 [==================>...........] - ETA: 5s - loss: 8.1773 - acc: 0.4871
 960/1424 [===================>..........] - ETA: 5s - loss: 8.1539 - acc: 0.4885
 992/1424 [===================>..........] - ETA: 5s - loss: 8.1801 - acc: 0.4869
1024/1424 [====================>.........] - ETA: 4s - loss: 8.0957 - acc: 0.4922
1056/1424 [=====================>........] - ETA: 4s - loss: 8.1524 - acc: 0.4886
1088/1424 [=====================>........] - ETA: 3s - loss: 8.1177 - acc: 0.4908
1120/1424 [======================>.......] - ETA: 3s - loss: 8.0566 - acc: 0.4946
1152/1424 [=======================>......] - ETA: 3s - loss: 8.0404 - acc: 0.4957
1184/1424 [=======================>......] - ETA: 2s - loss: 8.0251 - acc: 0.4966
1216/1424 [========================>.....] - ETA: 2s - loss: 8.0236 - acc: 0.4967
1248/1424 [=========================>....] - ETA: 2s - loss: 8.0095 - acc: 0.4976
1280/1424 [=========================>....] - ETA: 1s - loss: 8.0086 - acc: 0.4977
1312/1424 [==========================>...] - ETA: 1s - loss: 8.0198 - acc: 0.4970
1344/1424 [===========================>..] - ETA: 0s - loss: 8.0305 - acc: 0.4963
1376/1424 [===========================>..] - ETA: 0s - loss: 8.0407 - acc: 0.4956
1408/1424 [============================>.] - ETA: 0s - loss: 8.0052 - acc: 0.4979
1424/1424 [==============================] - 20s 14ms/step - loss: 7.9712 - acc: 0.5000 - val_loss: 7.9712 - val_acc: 0.5000
Train on 1424 samples, validate on 708 samples
Epoch 1/1

  32/1424 [..............................] - ETA: 16s - loss: 8.4694 - acc: 0.4688
  64/1424 [>.............................] - ETA: 15s - loss: 8.4694 - acc: 0.4688
  96/1424 [=>............................] - ETA: 15s - loss: 8.9676 - acc: 0.4375
 128/1424 [=>............................] - ETA: 15s - loss: 8.8430 - acc: 0.4453
 160/1424 [==>...........................] - ETA: 14s - loss: 8.1705 - acc: 0.4875
 192/1424 [===>..........................] - ETA: 14s - loss: 7.9712 - acc: 0.5000
 224/1424 [===>..........................] - ETA: 14s - loss: 8.0424 - acc: 0.4955
 256/1424 [====>.........................] - ETA: 13s - loss: 8.0335 - acc: 0.4961
 288/1424 [=====>........................] - ETA: 13s - loss: 8.1926 - acc: 0.4861
 320/1424 [=====>........................] - ETA: 12s - loss: 8.1207 - acc: 0.4906
 352/1424 [======>.......................] - ETA: 12s - loss: 8.1524 - acc: 0.4886
 384/1424 [=======>......................] - ETA: 12s - loss: 8.1788 - acc: 0.4870
 416/1424 [=======>......................] - ETA: 11s - loss: 8.0095 - acc: 0.4976
 448/1424 [========>.....................] - ETA: 11s - loss: 7.9712 - acc: 0.5000
 480/1424 [=========>....................] - ETA: 11s - loss: 7.9380 - acc: 0.5021
 512/1424 [=========>....................] - ETA: 10s - loss: 7.8778 - acc: 0.5059
 544/1424 [==========>...................] - ETA: 10s - loss: 7.7954 - acc: 0.5110
 576/1424 [===========>..................] - ETA: 9s - loss: 7.8328 - acc: 0.5087 
 608/1424 [===========>..................] - ETA: 9s - loss: 7.8925 - acc: 0.5049
 640/1424 [============>.................] - ETA: 9s - loss: 7.8716 - acc: 0.5062
 672/1424 [=============>................] - ETA: 8s - loss: 7.8526 - acc: 0.5074
 704/1424 [=============>................] - ETA: 8s - loss: 7.7674 - acc: 0.5128
 736/1424 [==============>...............] - ETA: 8s - loss: 7.8196 - acc: 0.5095
 768/1424 [===============>..............] - ETA: 7s - loss: 7.9297 - acc: 0.5026
 800/1424 [===============>..............] - ETA: 7s - loss: 7.9313 - acc: 0.5025
 832/1424 [================>.............] - ETA: 6s - loss: 7.8945 - acc: 0.5048
 864/1424 [=================>............] - ETA: 6s - loss: 7.9896 - acc: 0.4988
 896/1424 [=================>............] - ETA: 6s - loss: 7.9178 - acc: 0.5033
 928/1424 [==================>...........] - ETA: 5s - loss: 7.9025 - acc: 0.5043
 960/1424 [===================>..........] - ETA: 5s - loss: 7.8882 - acc: 0.5052
 992/1424 [===================>..........] - ETA: 5s - loss: 7.8908 - acc: 0.5050
1024/1424 [====================>.........] - ETA: 4s - loss: 7.9401 - acc: 0.5020
1056/1424 [=====================>........] - ETA: 4s - loss: 7.8806 - acc: 0.5057
1088/1424 [=====================>........] - ETA: 3s - loss: 7.9565 - acc: 0.5009
1120/1424 [======================>.......] - ETA: 3s - loss: 7.9143 - acc: 0.5036
1152/1424 [=======================>......] - ETA: 3s - loss: 7.9574 - acc: 0.5009
1184/1424 [=======================>......] - ETA: 2s - loss: 7.9577 - acc: 0.5008
1216/1424 [========================>.....] - ETA: 2s - loss: 7.9319 - acc: 0.5025
1248/1424 [=========================>....] - ETA: 2s - loss: 7.9073 - acc: 0.5040
1280/1424 [=========================>....] - ETA: 1s - loss: 7.8965 - acc: 0.5047
1312/1424 [==========================>...] - ETA: 1s - loss: 7.9104 - acc: 0.5038
1344/1424 [===========================>..] - ETA: 0s - loss: 7.9237 - acc: 0.5030
1376/1424 [===========================>..] - ETA: 0s - loss: 7.9364 - acc: 0.5022
1408/1424 [============================>.] - ETA: 0s - loss: 7.9712 - acc: 0.5000
1424/1424 [==============================] - 20s 14ms/step - loss: 7.9712 - acc: 0.5000 - val_loss: 7.9712 - val_acc: 0.5000

  32/1424 [..............................] - ETA: 26s
  64/1424 [>.............................] - ETA: 15s
  96/1424 [=>............................] - ETA: 11s
 128/1424 [=>............................] - ETA: 9s 
 160/1424 [==>...........................] - ETA: 8s
 192/1424 [===>..........................] - ETA: 7s
 224/1424 [===>..........................] - ETA: 7s
 256/1424 [====>.........................] - ETA: 6s
 288/1424 [=====>........................] - ETA: 6s
 320/1424 [=====>........................] - ETA: 5s
 352/1424 [======>.......................] - ETA: 5s
 384/1424 [=======>......................] - ETA: 5s
 416/1424 [=======>......................] - ETA: 4s
 448/1424 [========>.....................] - ETA: 4s
 480/1424 [=========>....................] - ETA: 4s
 512/1424 [=========>....................] - ETA: 4s
 544/1424 [==========>...................] - ETA: 4s
 576/1424 [===========>..................] - ETA: 3s
 608/1424 [===========>..................] - ETA: 3s
 640/1424 [============>.................] - ETA: 3s
 672/1424 [=============>................] - ETA: 3s
 704/1424 [=============>................] - ETA: 3s
 736/1424 [==============>...............] - ETA: 2s
 768/1424 [===============>..............] - ETA: 2s
 800/1424 [===============>..............] - ETA: 2s
 832/1424 [================>.............] - ETA: 2s
 864/1424 [=================>............] - ETA: 2s
 896/1424 [=================>............] - ETA: 2s
 928/1424 [==================>...........] - ETA: 2s
 960/1424 [===================>..........] - ETA: 1s
 992/1424 [===================>..........] - ETA: 1s
1024/1424 [====================>.........] - ETA: 1s
1056/1424 [=====================>........] - ETA: 1s
1088/1424 [=====================>........] - ETA: 1s
1120/1424 [======================>.......] - ETA: 1s
1152/1424 [=======================>......] - ETA: 1s
1184/1424 [=======================>......] - ETA: 0s
1216/1424 [========================>.....] - ETA: 0s
1248/1424 [=========================>....] - ETA: 0s
1280/1424 [=========================>....] - ETA: 0s
1312/1424 [==========================>...] - ETA: 0s
1344/1424 [===========================>..] - ETA: 0s
1376/1424 [===========================>..] - ETA: 0s
1408/1424 [============================>.] - ETA: 0s
1424/1424 [==============================] - 6s 4ms/step
Test acc: 0.8258426966292135

  32/1424 [..............................] - ETA: 5s
  64/1424 [>.............................] - ETA: 5s
  96/1424 [=>............................] - ETA: 4s
 128/1424 [=>............................] - ETA: 4s
 160/1424 [==>...........................] - ETA: 4s
 192/1424 [===>..........................] - ETA: 4s
 224/1424 [===>..........................] - ETA: 4s
 256/1424 [====>.........................] - ETA: 4s
 288/1424 [=====>........................] - ETA: 4s
 320/1424 [=====>........................] - ETA: 4s
 352/1424 [======>.......................] - ETA: 3s
 384/1424 [=======>......................] - ETA: 3s
 416/1424 [=======>......................] - ETA: 3s
 448/1424 [========>.....................] - ETA: 3s
 480/1424 [=========>....................] - ETA: 3s
 512/1424 [=========>....................] - ETA: 3s
 544/1424 [==========>...................] - ETA: 3s
 576/1424 [===========>..................] - ETA: 3s
 608/1424 [===========>..................] - ETA: 2s
 640/1424 [============>.................] - ETA: 2s
 672/1424 [=============>................] - ETA: 2s
 704/1424 [=============>................] - ETA: 2s
 736/1424 [==============>...............] - ETA: 2s
 768/1424 [===============>..............] - ETA: 2s
 800/1424 [===============>..............] - ETA: 2s
 832/1424 [================>.............] - ETA: 2s
 864/1424 [=================>............] - ETA: 2s
 896/1424 [=================>............] - ETA: 1s
 928/1424 [==================>...........] - ETA: 1s
 960/1424 [===================>..........] - ETA: 1s
 992/1424 [===================>..........] - ETA: 1s
1024/1424 [====================>.........] - ETA: 1s
1056/1424 [=====================>........] - ETA: 1s
1088/1424 [=====================>........] - ETA: 1s
1120/1424 [======================>.......] - ETA: 1s
1152/1424 [=======================>......] - ETA: 0s
1184/1424 [=======================>......] - ETA: 0s
1216/1424 [========================>.....] - ETA: 0s
1248/1424 [=========================>....] - ETA: 0s
1280/1424 [=========================>....] - ETA: 0s
1312/1424 [==========================>...] - ETA: 0s
1344/1424 [===========================>..] - ETA: 0s
1376/1424 [===========================>..] - ETA: 0s
1408/1424 [============================>.] - ETA: 0s
1424/1424 [==============================] - 5s 4ms/step
Test acc: [0.431862195890941, 0.836376404494382]
Test auc: 0.9056601912637294
Test mcc: 0.6554299972595589
Execute epoch: 21
Execute time: 439.76985263824463
(W) Execute time: 437.51594495773315
