_________________________________________________________________
Layer (type)                 Output Shape              Param #   
=================================================================
embedding_1 (Embedding)      (None, None, 128)         2688      
_________________________________________________________________
lstm_1 (LSTM)                (None, None, 64)          49408     
_________________________________________________________________
lstm_2 (LSTM)                (None, None, 64)          33024     
_________________________________________________________________
lstm_3 (LSTM)                (None, 64)                33024     
_________________________________________________________________
dense_1 (Dense)              (None, 16)                1040      
_________________________________________________________________
dense_2 (Dense)              (None, 1)                 17        
=================================================================
Total params: 119,201
Trainable params: 119,201
Non-trainable params: 0
_________________________________________________________________
Train on 1424 samples, validate on 708 samples
Epoch 1/1

  32/1424 [..............................] - ETA: 2:31 - loss: 0.6935 - acc: 0.5000
  64/1424 [>.............................] - ETA: 1:22 - loss: 0.6934 - acc: 0.4375
  96/1424 [=>............................] - ETA: 59s - loss: 0.6934 - acc: 0.4688 
 128/1424 [=>............................] - ETA: 47s - loss: 0.6933 - acc: 0.4688
 160/1424 [==>...........................] - ETA: 40s - loss: 0.6927 - acc: 0.5062
 192/1424 [===>..........................] - ETA: 35s - loss: 0.6926 - acc: 0.5156
 224/1424 [===>..........................] - ETA: 31s - loss: 0.6923 - acc: 0.5223
 256/1424 [====>.........................] - ETA: 28s - loss: 0.6923 - acc: 0.5234
 288/1424 [=====>........................] - ETA: 26s - loss: 0.6931 - acc: 0.5069
 320/1424 [=====>........................] - ETA: 24s - loss: 0.6932 - acc: 0.5031
 352/1424 [======>.......................] - ETA: 22s - loss: 0.6937 - acc: 0.4886
 384/1424 [=======>......................] - ETA: 21s - loss: 0.6934 - acc: 0.4948
 416/1424 [=======>......................] - ETA: 20s - loss: 0.6931 - acc: 0.5000
 448/1424 [========>.....................] - ETA: 19s - loss: 0.6934 - acc: 0.4955
 480/1424 [=========>....................] - ETA: 17s - loss: 0.6930 - acc: 0.5021
 512/1424 [=========>....................] - ETA: 16s - loss: 0.6932 - acc: 0.4980
 544/1424 [==========>...................] - ETA: 16s - loss: 0.6932 - acc: 0.4982
 576/1424 [===========>..................] - ETA: 15s - loss: 0.6932 - acc: 0.4948
 608/1424 [===========>..................] - ETA: 14s - loss: 0.6931 - acc: 0.4967
 640/1424 [============>.................] - ETA: 13s - loss: 0.6930 - acc: 0.5000
 672/1424 [=============>................] - ETA: 12s - loss: 0.6930 - acc: 0.4985
 704/1424 [=============>................] - ETA: 12s - loss: 0.6930 - acc: 0.4986
 736/1424 [==============>...............] - ETA: 11s - loss: 0.6930 - acc: 0.4973
 768/1424 [===============>..............] - ETA: 10s - loss: 0.6930 - acc: 0.4974
 800/1424 [===============>..............] - ETA: 10s - loss: 0.6930 - acc: 0.4975
 832/1424 [================>.............] - ETA: 9s - loss: 0.6930 - acc: 0.4964 
 864/1424 [=================>............] - ETA: 9s - loss: 0.6928 - acc: 0.4988
 896/1424 [=================>............] - ETA: 8s - loss: 0.6928 - acc: 0.4978
 928/1424 [==================>...........] - ETA: 7s - loss: 0.6929 - acc: 0.4968
 960/1424 [===================>..........] - ETA: 7s - loss: 0.6928 - acc: 0.4948
 992/1424 [===================>..........] - ETA: 6s - loss: 0.6929 - acc: 0.4919
1024/1424 [====================>.........] - ETA: 6s - loss: 0.6927 - acc: 0.4932
1056/1424 [=====================>........] - ETA: 5s - loss: 0.6928 - acc: 0.4877
1088/1424 [=====================>........] - ETA: 5s - loss: 0.6925 - acc: 0.4890
1120/1424 [======================>.......] - ETA: 4s - loss: 0.6923 - acc: 0.4911
1152/1424 [=======================>......] - ETA: 4s - loss: 0.6920 - acc: 0.4931
1184/1424 [=======================>......] - ETA: 3s - loss: 0.6917 - acc: 0.4941
1216/1424 [========================>.....] - ETA: 3s - loss: 0.6916 - acc: 0.4942
1248/1424 [=========================>....] - ETA: 2s - loss: 0.6914 - acc: 0.4936
1280/1424 [=========================>....] - ETA: 2s - loss: 0.6914 - acc: 0.4922
1312/1424 [==========================>...] - ETA: 1s - loss: 0.6913 - acc: 0.4878
1344/1424 [===========================>..] - ETA: 1s - loss: 0.6910 - acc: 0.4874
1376/1424 [===========================>..] - ETA: 0s - loss: 0.6900 - acc: 0.4920
1408/1424 [============================>.] - ETA: 0s - loss: 0.6891 - acc: 0.4950
1424/1424 [==============================] - 24s 17ms/step - loss: 0.6884 - acc: 0.4951 - val_loss: 0.6359 - val_acc: 0.5395
Train on 1424 samples, validate on 708 samples
Epoch 1/1

  32/1424 [..............................] - ETA: 17s - loss: 0.6981 - acc: 0.4688
  64/1424 [>.............................] - ETA: 17s - loss: 0.6583 - acc: 0.4844
  96/1424 [=>............................] - ETA: 16s - loss: 0.5921 - acc: 0.5729
 128/1424 [=>............................] - ETA: 16s - loss: 0.5944 - acc: 0.5938
 160/1424 [==>...........................] - ETA: 15s - loss: 0.7920 - acc: 0.5687
 192/1424 [===>..........................] - ETA: 15s - loss: 0.8284 - acc: 0.5938
 224/1424 [===>..........................] - ETA: 15s - loss: 0.9345 - acc: 0.5982
 256/1424 [====>.........................] - ETA: 14s - loss: 0.8845 - acc: 0.6250
 288/1424 [=====>........................] - ETA: 14s - loss: 0.8440 - acc: 0.6562
 320/1424 [=====>........................] - ETA: 13s - loss: 0.9070 - acc: 0.6719
 352/1424 [======>.......................] - ETA: 13s - loss: 0.9169 - acc: 0.6818
 384/1424 [=======>......................] - ETA: 13s - loss: 0.9317 - acc: 0.6823
 416/1424 [=======>......................] - ETA: 12s - loss: 0.9406 - acc: 0.6851
 448/1424 [========>.....................] - ETA: 12s - loss: 1.0163 - acc: 0.6897
 480/1424 [=========>....................] - ETA: 11s - loss: 1.0232 - acc: 0.6937
 512/1424 [=========>....................] - ETA: 11s - loss: 0.9922 - acc: 0.7070
 544/1424 [==========>...................] - ETA: 11s - loss: 0.9726 - acc: 0.7059
 576/1424 [===========>..................] - ETA: 10s - loss: 0.9796 - acc: 0.7014
 608/1424 [===========>..................] - ETA: 10s - loss: 0.9818 - acc: 0.7039
 640/1424 [============>.................] - ETA: 9s - loss: 0.9870 - acc: 0.7063 
 672/1424 [=============>................] - ETA: 9s - loss: 0.9683 - acc: 0.7128
 704/1424 [=============>................] - ETA: 9s - loss: 0.9514 - acc: 0.7173
 736/1424 [==============>...............] - ETA: 8s - loss: 0.9353 - acc: 0.7201
 768/1424 [===============>..............] - ETA: 8s - loss: 0.9173 - acc: 0.7266
 800/1424 [===============>..............] - ETA: 7s - loss: 0.9030 - acc: 0.7325
 832/1424 [================>.............] - ETA: 7s - loss: 0.9101 - acc: 0.7344
 864/1424 [=================>............] - ETA: 7s - loss: 0.9093 - acc: 0.7384
 896/1424 [=================>............] - ETA: 6s - loss: 0.8910 - acc: 0.7433
 928/1424 [==================>...........] - ETA: 6s - loss: 0.8932 - acc: 0.7468
 960/1424 [===================>..........] - ETA: 5s - loss: 0.8761 - acc: 0.7500
 992/1424 [===================>..........] - ETA: 5s - loss: 0.8827 - acc: 0.7490
1024/1424 [====================>.........] - ETA: 5s - loss: 0.8829 - acc: 0.7490
1056/1424 [=====================>........] - ETA: 4s - loss: 0.8807 - acc: 0.7491
1088/1424 [=====================>........] - ETA: 4s - loss: 0.8980 - acc: 0.7518
1120/1424 [======================>.......] - ETA: 3s - loss: 0.9429 - acc: 0.7491
1152/1424 [=======================>......] - ETA: 3s - loss: 0.9325 - acc: 0.7491
1184/1424 [=======================>......] - ETA: 3s - loss: 0.9217 - acc: 0.7475
1216/1424 [========================>.....] - ETA: 2s - loss: 0.9454 - acc: 0.7401
1248/1424 [=========================>....] - ETA: 2s - loss: 0.9604 - acc: 0.7388
1280/1424 [=========================>....] - ETA: 1s - loss: 0.9767 - acc: 0.7336
1312/1424 [==========================>...] - ETA: 1s - loss: 0.9674 - acc: 0.7287
1344/1424 [===========================>..] - ETA: 1s - loss: 0.9600 - acc: 0.7240
1376/1424 [===========================>..] - ETA: 0s - loss: 0.9622 - acc: 0.7217
1408/1424 [============================>.] - ETA: 0s - loss: 0.9530 - acc: 0.7209
1424/1424 [==============================] - 21s 15ms/step - loss: 0.9604 - acc: 0.7184 - val_loss: 0.7075 - val_acc: 0.5339
Train on 1424 samples, validate on 708 samples
Epoch 1/1

  32/1424 [..............................] - ETA: 17s - loss: 1.1286 - acc: 0.5312
  64/1424 [>.............................] - ETA: 17s - loss: 0.9012 - acc: 0.5312
  96/1424 [=>............................] - ETA: 16s - loss: 0.8017 - acc: 0.5938
 128/1424 [=>............................] - ETA: 16s - loss: 1.1193 - acc: 0.5938
 160/1424 [==>...........................] - ETA: 15s - loss: 1.0234 - acc: 0.5875
 192/1424 [===>..........................] - ETA: 15s - loss: 0.9651 - acc: 0.5729
 224/1424 [===>..........................] - ETA: 15s - loss: 0.9184 - acc: 0.5714
 256/1424 [====>.........................] - ETA: 14s - loss: 0.9402 - acc: 0.5781
 288/1424 [=====>........................] - ETA: 14s - loss: 0.9068 - acc: 0.5868
 320/1424 [=====>........................] - ETA: 13s - loss: 0.8821 - acc: 0.5781
 352/1424 [======>.......................] - ETA: 13s - loss: 0.8657 - acc: 0.5682
 384/1424 [=======>......................] - ETA: 13s - loss: 0.8477 - acc: 0.5755
 416/1424 [=======>......................] - ETA: 12s - loss: 0.8336 - acc: 0.5721
 448/1424 [========>.....................] - ETA: 12s - loss: 0.8197 - acc: 0.5759
 480/1424 [=========>....................] - ETA: 11s - loss: 0.8092 - acc: 0.5792
 512/1424 [=========>....................] - ETA: 11s - loss: 0.7992 - acc: 0.5762
 544/1424 [==========>...................] - ETA: 11s - loss: 0.7904 - acc: 0.5772
 576/1424 [===========>..................] - ETA: 10s - loss: 0.7800 - acc: 0.5764
 608/1424 [===========>..................] - ETA: 10s - loss: 0.7722 - acc: 0.5839
 640/1424 [============>.................] - ETA: 9s - loss: 0.7654 - acc: 0.5906 
 672/1424 [=============>................] - ETA: 9s - loss: 0.7604 - acc: 0.5923
 704/1424 [=============>................] - ETA: 9s - loss: 0.7519 - acc: 0.6051
 736/1424 [==============>...............] - ETA: 8s - loss: 0.7458 - acc: 0.6101
 768/1424 [===============>..............] - ETA: 8s - loss: 0.7392 - acc: 0.6211
 800/1424 [===============>..............] - ETA: 7s - loss: 0.7365 - acc: 0.6200
 832/1424 [================>.............] - ETA: 7s - loss: 0.7320 - acc: 0.6214
 864/1424 [=================>............] - ETA: 7s - loss: 0.7282 - acc: 0.6250
 896/1424 [=================>............] - ETA: 6s - loss: 0.7235 - acc: 0.6339
 928/1424 [==================>...........] - ETA: 6s - loss: 0.7201 - acc: 0.6369
 960/1424 [===================>..........] - ETA: 5s - loss: 0.7163 - acc: 0.6438
 992/1424 [===================>..........] - ETA: 5s - loss: 0.7112 - acc: 0.6462
1024/1424 [====================>.........] - ETA: 5s - loss: 0.7066 - acc: 0.6494
1056/1424 [=====================>........] - ETA: 4s - loss: 0.7020 - acc: 0.6525
1088/1424 [=====================>........] - ETA: 4s - loss: 0.7005 - acc: 0.6553
1120/1424 [======================>.......] - ETA: 3s - loss: 0.6963 - acc: 0.6607
1152/1424 [=======================>......] - ETA: 3s - loss: 0.6934 - acc: 0.6649
1184/1424 [=======================>......] - ETA: 3s - loss: 0.6887 - acc: 0.6698
1216/1424 [========================>.....] - ETA: 2s - loss: 0.6842 - acc: 0.6735
1248/1424 [=========================>....] - ETA: 2s - loss: 0.6817 - acc: 0.6755
1280/1424 [=========================>....] - ETA: 1s - loss: 0.6758 - acc: 0.6813
1312/1424 [==========================>...] - ETA: 1s - loss: 0.6735 - acc: 0.6837
1344/1424 [===========================>..] - ETA: 1s - loss: 0.6703 - acc: 0.6853
1376/1424 [===========================>..] - ETA: 0s - loss: 0.6643 - acc: 0.6911
1408/1424 [============================>.] - ETA: 0s - loss: 0.6624 - acc: 0.6911
1424/1424 [==============================] - 21s 15ms/step - loss: 0.6603 - acc: 0.6924 - val_loss: 0.5340 - val_acc: 0.7980
Train on 1424 samples, validate on 708 samples
Epoch 1/1

  32/1424 [..............................] - ETA: 18s - loss: 0.5576 - acc: 0.7812
  64/1424 [>.............................] - ETA: 17s - loss: 0.4762 - acc: 0.8125
  96/1424 [=>............................] - ETA: 16s - loss: 0.4565 - acc: 0.8229
 128/1424 [=>............................] - ETA: 16s - loss: 0.5666 - acc: 0.8281
 160/1424 [==>...........................] - ETA: 16s - loss: 0.6544 - acc: 0.8063
 192/1424 [===>..........................] - ETA: 15s - loss: 0.6160 - acc: 0.8125
 224/1424 [===>..........................] - ETA: 15s - loss: 0.5890 - acc: 0.8036
 256/1424 [====>.........................] - ETA: 14s - loss: 0.6414 - acc: 0.7930
 288/1424 [=====>........................] - ETA: 14s - loss: 0.6420 - acc: 0.7986
 320/1424 [=====>........................] - ETA: 13s - loss: 0.6684 - acc: 0.8000
 352/1424 [======>.......................] - ETA: 13s - loss: 0.7021 - acc: 0.7898
 384/1424 [=======>......................] - ETA: 13s - loss: 0.6827 - acc: 0.7943
 416/1424 [=======>......................] - ETA: 12s - loss: 0.7707 - acc: 0.7909
 448/1424 [========>.....................] - ETA: 12s - loss: 0.7749 - acc: 0.7902
 480/1424 [=========>....................] - ETA: 11s - loss: 0.7786 - acc: 0.7937
 512/1424 [=========>....................] - ETA: 11s - loss: 0.8086 - acc: 0.7969
 544/1424 [==========>...................] - ETA: 11s - loss: 0.7840 - acc: 0.7996
 576/1424 [===========>..................] - ETA: 10s - loss: 0.8474 - acc: 0.7986
 608/1424 [===========>..................] - ETA: 10s - loss: 0.8202 - acc: 0.8026
 640/1424 [============>.................] - ETA: 9s - loss: 0.8897 - acc: 0.8031 
 672/1424 [=============>................] - ETA: 9s - loss: 0.8609 - acc: 0.8080
 704/1424 [=============>................] - ETA: 9s - loss: 0.8397 - acc: 0.8082
 736/1424 [==============>...............] - ETA: 8s - loss: 0.8606 - acc: 0.8071
 768/1424 [===============>..............] - ETA: 8s - loss: 0.9319 - acc: 0.8021
 800/1424 [===============>..............] - ETA: 7s - loss: 0.9370 - acc: 0.7987
 832/1424 [================>.............] - ETA: 7s - loss: 0.9379 - acc: 0.7993
 864/1424 [=================>............] - ETA: 7s - loss: 0.9624 - acc: 0.7986
 896/1424 [=================>............] - ETA: 6s - loss: 0.9408 - acc: 0.7991
 928/1424 [==================>...........] - ETA: 6s - loss: 0.9259 - acc: 0.7974
 960/1424 [===================>..........] - ETA: 5s - loss: 0.9080 - acc: 0.7990
 992/1424 [===================>..........] - ETA: 5s - loss: 0.8982 - acc: 0.7984
1024/1424 [====================>.........] - ETA: 5s - loss: 0.9175 - acc: 0.7988
1056/1424 [=====================>........] - ETA: 4s - loss: 0.9229 - acc: 0.7964
1088/1424 [=====================>........] - ETA: 4s - loss: 0.9084 - acc: 0.7987
1120/1424 [======================>.......] - ETA: 3s - loss: 0.9234 - acc: 0.7982
1152/1424 [=======================>......] - ETA: 3s - loss: 0.9119 - acc: 0.7969
1184/1424 [=======================>......] - ETA: 3s - loss: 0.9073 - acc: 0.7872
1216/1424 [========================>.....] - ETA: 2s - loss: 0.8977 - acc: 0.7862
1248/1424 [=========================>....] - ETA: 2s - loss: 0.8914 - acc: 0.7780
1280/1424 [=========================>....] - ETA: 1s - loss: 0.8841 - acc: 0.7742
1312/1424 [==========================>...] - ETA: 1s - loss: 0.8772 - acc: 0.7683
1344/1424 [===========================>..] - ETA: 1s - loss: 0.8718 - acc: 0.7612
1376/1424 [===========================>..] - ETA: 0s - loss: 0.8613 - acc: 0.7624
1408/1424 [============================>.] - ETA: 0s - loss: 0.8643 - acc: 0.7564
1424/1424 [==============================] - 21s 15ms/step - loss: 0.8633 - acc: 0.7528 - val_loss: 0.6318 - val_acc: 0.5466
Train on 1424 samples, validate on 708 samples
Epoch 1/1

  32/1424 [..............................] - ETA: 17s - loss: 0.5507 - acc: 0.6250
  64/1424 [>.............................] - ETA: 17s - loss: 0.6676 - acc: 0.6250
  96/1424 [=>............................] - ETA: 16s - loss: 0.8243 - acc: 0.5833
 128/1424 [=>............................] - ETA: 16s - loss: 0.7396 - acc: 0.6172
 160/1424 [==>...........................] - ETA: 15s - loss: 0.7142 - acc: 0.6062
 192/1424 [===>..........................] - ETA: 15s - loss: 0.6808 - acc: 0.6146
 224/1424 [===>..........................] - ETA: 15s - loss: 0.6813 - acc: 0.5848
 256/1424 [====>.........................] - ETA: 14s - loss: 0.6669 - acc: 0.5898
 288/1424 [=====>........................] - ETA: 14s - loss: 0.6611 - acc: 0.5903
 320/1424 [=====>........................] - ETA: 13s - loss: 0.6586 - acc: 0.5813
 352/1424 [======>.......................] - ETA: 13s - loss: 0.6594 - acc: 0.5881
 384/1424 [=======>......................] - ETA: 13s - loss: 0.6610 - acc: 0.5833
 416/1424 [=======>......................] - ETA: 12s - loss: 0.6558 - acc: 0.5841
 448/1424 [========>.....................] - ETA: 12s - loss: 0.6503 - acc: 0.5848
 480/1424 [=========>....................] - ETA: 11s - loss: 0.6464 - acc: 0.5979
 512/1424 [=========>....................] - ETA: 11s - loss: 0.6487 - acc: 0.5918
 544/1424 [==========>...................] - ETA: 11s - loss: 0.6510 - acc: 0.5846
 576/1424 [===========>..................] - ETA: 10s - loss: 0.6500 - acc: 0.5851
 608/1424 [===========>..................] - ETA: 10s - loss: 0.6457 - acc: 0.5938
 640/1424 [============>.................] - ETA: 9s - loss: 0.6454 - acc: 0.5969 
 672/1424 [=============>................] - ETA: 9s - loss: 0.6448 - acc: 0.5967
 704/1424 [=============>................] - ETA: 9s - loss: 0.6446 - acc: 0.5980
 736/1424 [==============>...............] - ETA: 8s - loss: 0.6451 - acc: 0.5978
 768/1424 [===============>..............] - ETA: 8s - loss: 0.6458 - acc: 0.5964
 800/1424 [===============>..............] - ETA: 7s - loss: 0.6452 - acc: 0.6012
 832/1424 [================>.............] - ETA: 7s - loss: 0.6442 - acc: 0.6058
 864/1424 [=================>............] - ETA: 7s - loss: 0.6413 - acc: 0.6134
 896/1424 [=================>............] - ETA: 6s - loss: 0.6403 - acc: 0.6172
 928/1424 [==================>...........] - ETA: 6s - loss: 0.6395 - acc: 0.6207
 960/1424 [===================>..........] - ETA: 5s - loss: 0.6385 - acc: 0.6260
 992/1424 [===================>..........] - ETA: 5s - loss: 0.6368 - acc: 0.6331
1024/1424 [====================>.........] - ETA: 5s - loss: 0.6357 - acc: 0.6367
1056/1424 [=====================>........] - ETA: 4s - loss: 0.6354 - acc: 0.6439
1088/1424 [=====================>........] - ETA: 4s - loss: 0.6351 - acc: 0.6443
1120/1424 [======================>.......] - ETA: 3s - loss: 0.6354 - acc: 0.6446
1152/1424 [=======================>......] - ETA: 3s - loss: 0.6346 - acc: 0.6484
1184/1424 [=======================>......] - ETA: 3s - loss: 0.6339 - acc: 0.6537
1216/1424 [========================>.....] - ETA: 2s - loss: 0.6330 - acc: 0.6562
1248/1424 [=========================>....] - ETA: 2s - loss: 0.6316 - acc: 0.6611
1280/1424 [=========================>....] - ETA: 1s - loss: 0.6306 - acc: 0.6617
1312/1424 [==========================>...] - ETA: 1s - loss: 0.6301 - acc: 0.6646
1344/1424 [===========================>..] - ETA: 1s - loss: 0.6287 - acc: 0.6659
1376/1424 [===========================>..] - ETA: 0s - loss: 0.6277 - acc: 0.6686
1408/1424 [============================>.] - ETA: 0s - loss: 0.6257 - acc: 0.6705
1424/1424 [==============================] - 21s 15ms/step - loss: 0.6252 - acc: 0.6721 - val_loss: 0.5906 - val_acc: 0.8107
Train on 1424 samples, validate on 708 samples
Epoch 1/1

  32/1424 [..............................] - ETA: 17s - loss: 0.5934 - acc: 0.7188
  64/1424 [>.............................] - ETA: 17s - loss: 0.5877 - acc: 0.7188
  96/1424 [=>............................] - ETA: 16s - loss: 0.5925 - acc: 0.7292
 128/1424 [=>............................] - ETA: 16s - loss: 0.5839 - acc: 0.7578
 160/1424 [==>...........................] - ETA: 15s - loss: 0.5893 - acc: 0.7625
 192/1424 [===>..........................] - ETA: 15s - loss: 0.5729 - acc: 0.7969
 224/1424 [===>..........................] - ETA: 15s - loss: 0.5774 - acc: 0.7857
 256/1424 [====>.........................] - ETA: 14s - loss: 0.5857 - acc: 0.7773
 288/1424 [=====>........................] - ETA: 14s - loss: 0.5799 - acc: 0.7812
 320/1424 [=====>........................] - ETA: 13s - loss: 0.5759 - acc: 0.7875
 352/1424 [======>.......................] - ETA: 13s - loss: 0.5728 - acc: 0.7841
 384/1424 [=======>......................] - ETA: 13s - loss: 0.6098 - acc: 0.7734
 416/1424 [=======>......................] - ETA: 12s - loss: 0.6068 - acc: 0.7692
 448/1424 [========>.....................] - ETA: 12s - loss: 0.6257 - acc: 0.7679
 480/1424 [=========>....................] - ETA: 11s - loss: 0.6234 - acc: 0.7625
 512/1424 [=========>....................] - ETA: 11s - loss: 0.6238 - acc: 0.7539
 544/1424 [==========>...................] - ETA: 11s - loss: 0.6206 - acc: 0.7537
 576/1424 [===========>..................] - ETA: 10s - loss: 0.6186 - acc: 0.7500
 608/1424 [===========>..................] - ETA: 10s - loss: 0.6146 - acc: 0.7549
 640/1424 [============>.................] - ETA: 9s - loss: 0.6113 - acc: 0.7594 
 672/1424 [=============>................] - ETA: 9s - loss: 0.6070 - acc: 0.7619
 704/1424 [=============>................] - ETA: 9s - loss: 0.6055 - acc: 0.7614
 736/1424 [==============>...............] - ETA: 8s - loss: 0.6037 - acc: 0.7609
 768/1424 [===============>..............] - ETA: 8s - loss: 0.6003 - acc: 0.7617
 800/1424 [===============>..............] - ETA: 7s - loss: 0.5991 - acc: 0.7625
 832/1424 [================>.............] - ETA: 7s - loss: 0.5996 - acc: 0.7560
 864/1424 [=================>............] - ETA: 7s - loss: 0.5973 - acc: 0.7593
 896/1424 [=================>............] - ETA: 6s - loss: 0.5944 - acc: 0.7634
 928/1424 [==================>...........] - ETA: 6s - loss: 0.5955 - acc: 0.7597
 960/1424 [===================>..........] - ETA: 5s - loss: 0.5941 - acc: 0.7594
 992/1424 [===================>..........] - ETA: 5s - loss: 0.5920 - acc: 0.7621
1024/1424 [====================>.........] - ETA: 5s - loss: 0.5898 - acc: 0.7627
1056/1424 [=====================>........] - ETA: 4s - loss: 0.5872 - acc: 0.7633
1088/1424 [=====================>........] - ETA: 4s - loss: 0.5848 - acc: 0.7619
1120/1424 [======================>.......] - ETA: 3s - loss: 0.5856 - acc: 0.7616
1152/1424 [=======================>......] - ETA: 3s - loss: 0.5831 - acc: 0.7622
1184/1424 [=======================>......] - ETA: 3s - loss: 0.5830 - acc: 0.7593
1216/1424 [========================>.....] - ETA: 2s - loss: 0.5813 - acc: 0.7607
1248/1424 [=========================>....] - ETA: 2s - loss: 0.5907 - acc: 0.7612
1280/1424 [=========================>....] - ETA: 1s - loss: 0.5886 - acc: 0.7625
1312/1424 [==========================>...] - ETA: 1s - loss: 0.5881 - acc: 0.7607
1344/1424 [===========================>..] - ETA: 1s - loss: 0.5843 - acc: 0.7626
1376/1424 [===========================>..] - ETA: 0s - loss: 0.5854 - acc: 0.7602
1408/1424 [============================>.] - ETA: 0s - loss: 0.5835 - acc: 0.7585
1424/1424 [==============================] - 21s 15ms/step - loss: 0.5823 - acc: 0.7591 - val_loss: 0.4838 - val_acc: 0.8333
Train on 1424 samples, validate on 708 samples
Epoch 1/1

  32/1424 [..............................] - ETA: 17s - loss: 0.4191 - acc: 0.8438
  64/1424 [>.............................] - ETA: 17s - loss: 0.6988 - acc: 0.8125
  96/1424 [=>............................] - ETA: 16s - loss: 0.7994 - acc: 0.7812
 128/1424 [=>............................] - ETA: 16s - loss: 0.7669 - acc: 0.7656
 160/1424 [==>...........................] - ETA: 15s - loss: 0.7420 - acc: 0.7562
 192/1424 [===>..........................] - ETA: 15s - loss: 0.6967 - acc: 0.7656
 224/1424 [===>..........................] - ETA: 15s - loss: 0.6595 - acc: 0.7723
 256/1424 [====>.........................] - ETA: 14s - loss: 0.6312 - acc: 0.7695
 288/1424 [=====>........................] - ETA: 14s - loss: 0.6113 - acc: 0.7708
 320/1424 [=====>........................] - ETA: 13s - loss: 0.6121 - acc: 0.7594
 352/1424 [======>.......................] - ETA: 13s - loss: 0.5980 - acc: 0.7585
 384/1424 [=======>......................] - ETA: 13s - loss: 0.5986 - acc: 0.7474
 416/1424 [=======>......................] - ETA: 12s - loss: 0.6032 - acc: 0.7452
 448/1424 [========>.....................] - ETA: 12s - loss: 0.5919 - acc: 0.7478
 480/1424 [=========>....................] - ETA: 11s - loss: 0.5838 - acc: 0.7458
 512/1424 [=========>....................] - ETA: 11s - loss: 0.6026 - acc: 0.7520
 544/1424 [==========>...................] - ETA: 11s - loss: 0.5942 - acc: 0.7592
 576/1424 [===========>..................] - ETA: 10s - loss: 0.5887 - acc: 0.7552
 608/1424 [===========>..................] - ETA: 10s - loss: 0.5796 - acc: 0.7566
 640/1424 [============>.................] - ETA: 9s - loss: 0.5727 - acc: 0.7594 
 672/1424 [=============>................] - ETA: 9s - loss: 0.5933 - acc: 0.7589
 704/1424 [=============>................] - ETA: 9s - loss: 0.5838 - acc: 0.7628
 736/1424 [==============>...............] - ETA: 8s - loss: 0.5789 - acc: 0.7649
 768/1424 [===============>..............] - ETA: 8s - loss: 0.5751 - acc: 0.7682
 800/1424 [===============>..............] - ETA: 7s - loss: 0.6254 - acc: 0.7650
 832/1424 [================>.............] - ETA: 7s - loss: 0.6161 - acc: 0.7704
 864/1424 [=================>............] - ETA: 7s - loss: 0.6308 - acc: 0.7650
 896/1424 [=================>............] - ETA: 6s - loss: 0.6279 - acc: 0.7656
 928/1424 [==================>...........] - ETA: 6s - loss: 0.6414 - acc: 0.7651
 960/1424 [===================>..........] - ETA: 5s - loss: 0.6383 - acc: 0.7656
 992/1424 [===================>..........] - ETA: 5s - loss: 0.6350 - acc: 0.7651
1024/1424 [====================>.........] - ETA: 5s - loss: 0.6318 - acc: 0.7637
1056/1424 [=====================>........] - ETA: 4s - loss: 0.6293 - acc: 0.7614
1088/1424 [=====================>........] - ETA: 4s - loss: 0.6407 - acc: 0.7619
1120/1424 [======================>.......] - ETA: 3s - loss: 0.6358 - acc: 0.7643
1152/1424 [=======================>......] - ETA: 3s - loss: 0.6309 - acc: 0.7665
1184/1424 [=======================>......] - ETA: 3s - loss: 0.6286 - acc: 0.7644
1216/1424 [========================>.....] - ETA: 2s - loss: 0.6257 - acc: 0.7664
1248/1424 [=========================>....] - ETA: 2s - loss: 0.6252 - acc: 0.7652
1280/1424 [=========================>....] - ETA: 1s - loss: 0.6213 - acc: 0.7656
1312/1424 [==========================>...] - ETA: 1s - loss: 0.6181 - acc: 0.7668
1344/1424 [===========================>..] - ETA: 1s - loss: 0.6153 - acc: 0.7686
1376/1424 [===========================>..] - ETA: 0s - loss: 0.6100 - acc: 0.7733
1408/1424 [============================>.] - ETA: 0s - loss: 0.6073 - acc: 0.7734
1424/1424 [==============================] - 21s 15ms/step - loss: 0.6055 - acc: 0.7739 - val_loss: 0.4889 - val_acc: 0.8291
Train on 1424 samples, validate on 708 samples
Epoch 1/1

  32/1424 [..............................] - ETA: 17s - loss: 0.4753 - acc: 0.8125
  64/1424 [>.............................] - ETA: 17s - loss: 0.5226 - acc: 0.7812
  96/1424 [=>............................] - ETA: 16s - loss: 0.6928 - acc: 0.7604
 128/1424 [=>............................] - ETA: 16s - loss: 0.6328 - acc: 0.7656
 160/1424 [==>...........................] - ETA: 15s - loss: 0.5962 - acc: 0.7875
 192/1424 [===>..........................] - ETA: 15s - loss: 0.5628 - acc: 0.8125
 224/1424 [===>..........................] - ETA: 15s - loss: 0.5518 - acc: 0.8170
 256/1424 [====>.........................] - ETA: 14s - loss: 0.5459 - acc: 0.8086
 288/1424 [=====>........................] - ETA: 14s - loss: 0.5294 - acc: 0.8194
 320/1424 [=====>........................] - ETA: 13s - loss: 0.6027 - acc: 0.8031
 352/1424 [======>.......................] - ETA: 13s - loss: 0.6257 - acc: 0.8125
 384/1424 [=======>......................] - ETA: 13s - loss: 0.6525 - acc: 0.8125
 416/1424 [=======>......................] - ETA: 12s - loss: 0.7118 - acc: 0.8053
 448/1424 [========>.....................] - ETA: 12s - loss: 0.6878 - acc: 0.8103
 480/1424 [=========>....................] - ETA: 11s - loss: 0.6773 - acc: 0.8083
 512/1424 [=========>....................] - ETA: 11s - loss: 0.6629 - acc: 0.8047
 544/1424 [==========>...................] - ETA: 11s - loss: 0.6564 - acc: 0.7996
 576/1424 [===========>..................] - ETA: 10s - loss: 0.6606 - acc: 0.7951
 608/1424 [===========>..................] - ETA: 10s - loss: 0.6827 - acc: 0.7928
 640/1424 [============>.................] - ETA: 9s - loss: 0.6971 - acc: 0.7937 
 672/1424 [=============>................] - ETA: 9s - loss: 0.7137 - acc: 0.7902
 704/1424 [=============>................] - ETA: 9s - loss: 0.7027 - acc: 0.7912
 736/1424 [==============>...............] - ETA: 8s - loss: 0.6910 - acc: 0.7948
 768/1424 [===============>..............] - ETA: 8s - loss: 0.6807 - acc: 0.7956
 800/1424 [===============>..............] - ETA: 7s - loss: 0.6923 - acc: 0.7975
 832/1424 [================>.............] - ETA: 7s - loss: 0.6836 - acc: 0.8005
 864/1424 [=================>............] - ETA: 7s - loss: 0.6766 - acc: 0.7998
 896/1424 [=================>............] - ETA: 6s - loss: 0.6747 - acc: 0.7958
 928/1424 [==================>...........] - ETA: 6s - loss: 0.6656 - acc: 0.7985
 960/1424 [===================>..........] - ETA: 5s - loss: 0.6581 - acc: 0.7990
 992/1424 [===================>..........] - ETA: 5s - loss: 0.6563 - acc: 0.7944
1024/1424 [====================>.........] - ETA: 5s - loss: 0.6503 - acc: 0.7959
1056/1424 [=====================>........] - ETA: 4s - loss: 0.6458 - acc: 0.7973
1088/1424 [=====================>........] - ETA: 4s - loss: 0.6393 - acc: 0.7987
1120/1424 [======================>.......] - ETA: 3s - loss: 0.6332 - acc: 0.8000
1152/1424 [=======================>......] - ETA: 3s - loss: 0.6291 - acc: 0.8012
1184/1424 [=======================>......] - ETA: 3s - loss: 0.6256 - acc: 0.8015
1216/1424 [========================>.....] - ETA: 2s - loss: 0.6204 - acc: 0.8035
1248/1424 [=========================>....] - ETA: 2s - loss: 0.6268 - acc: 0.7949
1280/1424 [=========================>....] - ETA: 1s - loss: 0.6228 - acc: 0.7961
1312/1424 [==========================>...] - ETA: 1s - loss: 0.6196 - acc: 0.7965
1344/1424 [===========================>..] - ETA: 1s - loss: 0.6164 - acc: 0.7961
1376/1424 [===========================>..] - ETA: 0s - loss: 0.6125 - acc: 0.7958
1408/1424 [============================>.] - ETA: 0s - loss: 0.6109 - acc: 0.7955
1424/1424 [==============================] - 21s 15ms/step - loss: 0.6087 - acc: 0.7942 - val_loss: 0.4589 - val_acc: 0.8305
Train on 1424 samples, validate on 708 samples
Epoch 1/1

  32/1424 [..............................] - ETA: 18s - loss: 0.5024 - acc: 0.7812
  64/1424 [>.............................] - ETA: 17s - loss: 0.4462 - acc: 0.8281
  96/1424 [=>............................] - ETA: 17s - loss: 0.4310 - acc: 0.8438
 128/1424 [=>............................] - ETA: 16s - loss: 0.4559 - acc: 0.8125
 160/1424 [==>...........................] - ETA: 16s - loss: 0.4731 - acc: 0.7937
 192/1424 [===>..........................] - ETA: 15s - loss: 0.4933 - acc: 0.7760
 224/1424 [===>..........................] - ETA: 15s - loss: 0.4755 - acc: 0.7902
 256/1424 [====>.........................] - ETA: 14s - loss: 0.4718 - acc: 0.7891
 288/1424 [=====>........................] - ETA: 14s - loss: 0.5205 - acc: 0.7917
 320/1424 [=====>........................] - ETA: 13s - loss: 0.5105 - acc: 0.7969
 352/1424 [======>.......................] - ETA: 13s - loss: 0.4987 - acc: 0.8011
 384/1424 [=======>......................] - ETA: 13s - loss: 0.4938 - acc: 0.8047
 416/1424 [=======>......................] - ETA: 12s - loss: 0.4889 - acc: 0.8077
 448/1424 [========>.....................] - ETA: 12s - loss: 0.5007 - acc: 0.7991
 480/1424 [=========>....................] - ETA: 11s - loss: 0.4988 - acc: 0.7958
 512/1424 [=========>....................] - ETA: 11s - loss: 0.4917 - acc: 0.8027
 544/1424 [==========>...................] - ETA: 11s - loss: 0.4802 - acc: 0.8107
 576/1424 [===========>..................] - ETA: 10s - loss: 0.5079 - acc: 0.8038
 608/1424 [===========>..................] - ETA: 10s - loss: 0.5050 - acc: 0.8026
 640/1424 [============>.................] - ETA: 9s - loss: 0.5063 - acc: 0.8000 
 672/1424 [=============>................] - ETA: 9s - loss: 0.5055 - acc: 0.7991
 704/1424 [=============>................] - ETA: 9s - loss: 0.5024 - acc: 0.7997
 736/1424 [==============>...............] - ETA: 8s - loss: 0.4981 - acc: 0.7976
 768/1424 [===============>..............] - ETA: 8s - loss: 0.4923 - acc: 0.8008
 800/1424 [===============>..............] - ETA: 7s - loss: 0.4943 - acc: 0.8013
 832/1424 [================>.............] - ETA: 7s - loss: 0.4934 - acc: 0.7981
 864/1424 [=================>............] - ETA: 7s - loss: 0.5095 - acc: 0.7963
 896/1424 [=================>............] - ETA: 6s - loss: 0.5078 - acc: 0.7991
 928/1424 [==================>...........] - ETA: 6s - loss: 0.5060 - acc: 0.7963
 960/1424 [===================>..........] - ETA: 5s - loss: 0.5031 - acc: 0.7979
 992/1424 [===================>..........] - ETA: 5s - loss: 0.5027 - acc: 0.8004
1024/1424 [====================>.........] - ETA: 5s - loss: 0.5035 - acc: 0.7969
1056/1424 [=====================>........] - ETA: 4s - loss: 0.5034 - acc: 0.7964
1088/1424 [=====================>........] - ETA: 4s - loss: 0.5032 - acc: 0.7969
1120/1424 [======================>.......] - ETA: 3s - loss: 0.5056 - acc: 0.7955
1152/1424 [=======================>......] - ETA: 3s - loss: 0.5039 - acc: 0.7960
1184/1424 [=======================>......] - ETA: 3s - loss: 0.5034 - acc: 0.7965
1216/1424 [========================>.....] - ETA: 2s - loss: 0.5051 - acc: 0.7952
1248/1424 [=========================>....] - ETA: 2s - loss: 0.5041 - acc: 0.7949
1280/1424 [=========================>....] - ETA: 1s - loss: 0.5018 - acc: 0.7953
1312/1424 [==========================>...] - ETA: 1s - loss: 0.4990 - acc: 0.7965
1344/1424 [===========================>..] - ETA: 1s - loss: 0.4976 - acc: 0.7961
1376/1424 [===========================>..] - ETA: 0s - loss: 0.5005 - acc: 0.7965
1408/1424 [============================>.] - ETA: 0s - loss: 0.4993 - acc: 0.7962
1424/1424 [==============================] - 21s 15ms/step - loss: 0.4989 - acc: 0.7963 - val_loss: 0.4491 - val_acc: 0.8220
Train on 1424 samples, validate on 708 samples
Epoch 1/1

  32/1424 [..............................] - ETA: 17s - loss: 0.5160 - acc: 0.6875
  64/1424 [>.............................] - ETA: 16s - loss: 0.5374 - acc: 0.7031
  96/1424 [=>............................] - ETA: 16s - loss: 0.5052 - acc: 0.7500
 128/1424 [=>............................] - ETA: 16s - loss: 0.5943 - acc: 0.7656
 160/1424 [==>...........................] - ETA: 15s - loss: 0.5777 - acc: 0.7562
 192/1424 [===>..........................] - ETA: 15s - loss: 0.5389 - acc: 0.7760
 224/1424 [===>..........................] - ETA: 15s - loss: 0.5190 - acc: 0.7902
 256/1424 [====>.........................] - ETA: 14s - loss: 0.5082 - acc: 0.7969
 288/1424 [=====>........................] - ETA: 14s - loss: 0.4983 - acc: 0.8021
 320/1424 [=====>........................] - ETA: 13s - loss: 0.4966 - acc: 0.8031
 352/1424 [======>.......................] - ETA: 13s - loss: 0.5424 - acc: 0.7955
 384/1424 [=======>......................] - ETA: 13s - loss: 0.5344 - acc: 0.7969
 416/1424 [=======>......................] - ETA: 12s - loss: 0.5273 - acc: 0.7981
 448/1424 [========>.....................] - ETA: 12s - loss: 0.5254 - acc: 0.7969
 480/1424 [=========>....................] - ETA: 11s - loss: 0.5267 - acc: 0.7937
 512/1424 [=========>....................] - ETA: 11s - loss: 0.5280 - acc: 0.7930
 544/1424 [==========>...................] - ETA: 11s - loss: 0.5203 - acc: 0.7960
 576/1424 [===========>..................] - ETA: 10s - loss: 0.5169 - acc: 0.7951
 608/1424 [===========>..................] - ETA: 10s - loss: 0.5099 - acc: 0.7993
 640/1424 [============>.................] - ETA: 9s - loss: 0.5086 - acc: 0.7984 
 672/1424 [=============>................] - ETA: 9s - loss: 0.5060 - acc: 0.7961
 704/1424 [=============>................] - ETA: 9s - loss: 0.5011 - acc: 0.7983
 736/1424 [==============>...............] - ETA: 8s - loss: 0.4978 - acc: 0.8003
 768/1424 [===============>..............] - ETA: 8s - loss: 0.4916 - acc: 0.8021
 800/1424 [===============>..............] - ETA: 7s - loss: 0.4976 - acc: 0.8075
 832/1424 [================>.............] - ETA: 7s - loss: 0.4996 - acc: 0.8065
 864/1424 [=================>............] - ETA: 7s - loss: 0.4995 - acc: 0.8067
 896/1424 [=================>............] - ETA: 6s - loss: 0.4988 - acc: 0.8080
 928/1424 [==================>...........] - ETA: 6s - loss: 0.4929 - acc: 0.8114
 960/1424 [===================>..........] - ETA: 5s - loss: 0.4901 - acc: 0.8104
 992/1424 [===================>..........] - ETA: 5s - loss: 0.4908 - acc: 0.8085
1024/1424 [====================>.........] - ETA: 5s - loss: 0.4873 - acc: 0.8105
1056/1424 [=====================>........] - ETA: 4s - loss: 0.4889 - acc: 0.8106
1088/1424 [=====================>........] - ETA: 4s - loss: 0.4852 - acc: 0.8116
1120/1424 [======================>.......] - ETA: 3s - loss: 0.4844 - acc: 0.8107
1152/1424 [=======================>......] - ETA: 3s - loss: 0.4825 - acc: 0.8108
1184/1424 [=======================>......] - ETA: 3s - loss: 0.4815 - acc: 0.8108
1216/1424 [========================>.....] - ETA: 2s - loss: 0.4803 - acc: 0.8109
1248/1424 [=========================>....] - ETA: 2s - loss: 0.4787 - acc: 0.8117
1280/1424 [=========================>....] - ETA: 1s - loss: 0.4850 - acc: 0.8078
1312/1424 [==========================>...] - ETA: 1s - loss: 0.4854 - acc: 0.8072
1344/1424 [===========================>..] - ETA: 1s - loss: 0.4821 - acc: 0.8095
1376/1424 [===========================>..] - ETA: 0s - loss: 0.4779 - acc: 0.8125
1408/1424 [============================>.] - ETA: 0s - loss: 0.4769 - acc: 0.8125
1424/1424 [==============================] - 21s 15ms/step - loss: 0.4768 - acc: 0.8118 - val_loss: 0.4217 - val_acc: 0.8333
Train on 1424 samples, validate on 708 samples
Epoch 1/1

  32/1424 [..............................] - ETA: 17s - loss: 0.5680 - acc: 0.7500
  64/1424 [>.............................] - ETA: 17s - loss: 0.6028 - acc: 0.6875
  96/1424 [=>............................] - ETA: 16s - loss: 0.5335 - acc: 0.7292
 128/1424 [=>............................] - ETA: 16s - loss: 0.5366 - acc: 0.7422
 160/1424 [==>...........................] - ETA: 15s - loss: 0.5978 - acc: 0.7562
 192/1424 [===>..........................] - ETA: 15s - loss: 0.5516 - acc: 0.7812
 224/1424 [===>..........................] - ETA: 15s - loss: 0.5331 - acc: 0.7946
 256/1424 [====>.........................] - ETA: 14s - loss: 0.5025 - acc: 0.8047
 288/1424 [=====>........................] - ETA: 14s - loss: 0.5005 - acc: 0.8021
 320/1424 [=====>........................] - ETA: 13s - loss: 0.4923 - acc: 0.8000
 352/1424 [======>.......................] - ETA: 13s - loss: 0.4919 - acc: 0.7983
 384/1424 [=======>......................] - ETA: 13s - loss: 0.4879 - acc: 0.7995
 416/1424 [=======>......................] - ETA: 12s - loss: 0.4748 - acc: 0.8077
 448/1424 [========>.....................] - ETA: 12s - loss: 0.4638 - acc: 0.8103
 480/1424 [=========>....................] - ETA: 11s - loss: 0.4673 - acc: 0.8063
 512/1424 [=========>....................] - ETA: 11s - loss: 0.4620 - acc: 0.8066
 544/1424 [==========>...................] - ETA: 11s - loss: 0.4667 - acc: 0.8088
 576/1424 [===========>..................] - ETA: 10s - loss: 0.4545 - acc: 0.8160
 608/1424 [===========>..................] - ETA: 10s - loss: 0.4549 - acc: 0.8125
 640/1424 [============>.................] - ETA: 9s - loss: 0.4508 - acc: 0.8156 
 672/1424 [=============>................] - ETA: 9s - loss: 0.4515 - acc: 0.8140
 704/1424 [=============>................] - ETA: 9s - loss: 0.4519 - acc: 0.8125
 736/1424 [==============>...............] - ETA: 8s - loss: 0.4505 - acc: 0.8125
 768/1424 [===============>..............] - ETA: 8s - loss: 0.4518 - acc: 0.8099
 800/1424 [===============>..............] - ETA: 7s - loss: 0.4506 - acc: 0.8100
 832/1424 [================>.............] - ETA: 7s - loss: 0.4527 - acc: 0.8077
 864/1424 [=================>............] - ETA: 7s - loss: 0.4565 - acc: 0.8056
 896/1424 [=================>............] - ETA: 6s - loss: 0.4544 - acc: 0.8069
 928/1424 [==================>...........] - ETA: 6s - loss: 0.4483 - acc: 0.8114
 960/1424 [===================>..........] - ETA: 5s - loss: 0.4476 - acc: 0.8115
 992/1424 [===================>..........] - ETA: 5s - loss: 0.4516 - acc: 0.8095
1024/1424 [====================>.........] - ETA: 5s - loss: 0.4508 - acc: 0.8096
1056/1424 [=====================>........] - ETA: 4s - loss: 0.4515 - acc: 0.8097
1088/1424 [=====================>........] - ETA: 4s - loss: 0.4506 - acc: 0.8116
1120/1424 [======================>.......] - ETA: 3s - loss: 0.4537 - acc: 0.8098
1152/1424 [=======================>......] - ETA: 3s - loss: 0.4491 - acc: 0.8125
1184/1424 [=======================>......] - ETA: 3s - loss: 0.4506 - acc: 0.8108
1216/1424 [========================>.....] - ETA: 2s - loss: 0.4483 - acc: 0.8117
1248/1424 [=========================>....] - ETA: 2s - loss: 0.4518 - acc: 0.8093
1280/1424 [=========================>....] - ETA: 1s - loss: 0.4562 - acc: 0.8063
1312/1424 [==========================>...] - ETA: 1s - loss: 0.4588 - acc: 0.8056
1344/1424 [===========================>..] - ETA: 1s - loss: 0.4679 - acc: 0.8058
1376/1424 [===========================>..] - ETA: 0s - loss: 0.4652 - acc: 0.8081
1408/1424 [============================>.] - ETA: 0s - loss: 0.4637 - acc: 0.8089
1424/1424 [==============================] - 21s 15ms/step - loss: 0.4632 - acc: 0.8097 - val_loss: 0.4099 - val_acc: 0.8347
Train on 1424 samples, validate on 708 samples
Epoch 1/1

  32/1424 [..............................] - ETA: 18s - loss: 0.3901 - acc: 0.9062
  64/1424 [>.............................] - ETA: 17s - loss: 0.3726 - acc: 0.8750
  96/1424 [=>............................] - ETA: 16s - loss: 0.3897 - acc: 0.8646
 128/1424 [=>............................] - ETA: 16s - loss: 0.5178 - acc: 0.8672
 160/1424 [==>...........................] - ETA: 15s - loss: 0.4939 - acc: 0.8562
 192/1424 [===>..........................] - ETA: 15s - loss: 0.4734 - acc: 0.8490
 224/1424 [===>..........................] - ETA: 15s - loss: 0.4612 - acc: 0.8482
 256/1424 [====>.........................] - ETA: 14s - loss: 0.4613 - acc: 0.8359
 288/1424 [=====>........................] - ETA: 14s - loss: 0.4680 - acc: 0.8299
 320/1424 [=====>........................] - ETA: 13s - loss: 0.4666 - acc: 0.8219
 352/1424 [======>.......................] - ETA: 13s - loss: 0.4629 - acc: 0.8239
 384/1424 [=======>......................] - ETA: 13s - loss: 0.4625 - acc: 0.8177
 416/1424 [=======>......................] - ETA: 12s - loss: 0.4587 - acc: 0.8173
 448/1424 [========>.....................] - ETA: 12s - loss: 0.4476 - acc: 0.8192
 480/1424 [=========>....................] - ETA: 11s - loss: 0.4426 - acc: 0.8229
 512/1424 [=========>....................] - ETA: 11s - loss: 0.4434 - acc: 0.8242
 544/1424 [==========>...................] - ETA: 11s - loss: 0.4446 - acc: 0.8235
 576/1424 [===========>..................] - ETA: 10s - loss: 0.4468 - acc: 0.8229
 608/1424 [===========>..................] - ETA: 10s - loss: 0.4492 - acc: 0.8191
 640/1424 [============>.................] - ETA: 9s - loss: 0.4584 - acc: 0.8156 
 672/1424 [=============>................] - ETA: 9s - loss: 0.4545 - acc: 0.8170
 704/1424 [=============>................] - ETA: 9s - loss: 0.4536 - acc: 0.8182
 736/1424 [==============>...............] - ETA: 8s - loss: 0.4588 - acc: 0.8125
 768/1424 [===============>..............] - ETA: 8s - loss: 0.4592 - acc: 0.8112
 800/1424 [===============>..............] - ETA: 7s - loss: 0.4559 - acc: 0.8113
 832/1424 [================>.............] - ETA: 7s - loss: 0.4533 - acc: 0.8125
 864/1424 [=================>............] - ETA: 7s - loss: 0.4529 - acc: 0.8148
 896/1424 [=================>............] - ETA: 6s - loss: 0.4504 - acc: 0.8158
 928/1424 [==================>...........] - ETA: 6s - loss: 0.4470 - acc: 0.8168
 960/1424 [===================>..........] - ETA: 5s - loss: 0.4512 - acc: 0.8135
 992/1424 [===================>..........] - ETA: 5s - loss: 0.4479 - acc: 0.8165
1024/1424 [====================>.........] - ETA: 5s - loss: 0.4458 - acc: 0.8184
1056/1424 [=====================>........] - ETA: 4s - loss: 0.4423 - acc: 0.8210
1088/1424 [=====================>........] - ETA: 4s - loss: 0.4371 - acc: 0.8244
1120/1424 [======================>.......] - ETA: 3s - loss: 0.4389 - acc: 0.8223
1152/1424 [=======================>......] - ETA: 3s - loss: 0.4354 - acc: 0.8220
1184/1424 [=======================>......] - ETA: 3s - loss: 0.4383 - acc: 0.8201
1216/1424 [========================>.....] - ETA: 2s - loss: 0.4403 - acc: 0.8166
1248/1424 [=========================>....] - ETA: 2s - loss: 0.4398 - acc: 0.8165
1280/1424 [=========================>....] - ETA: 1s - loss: 0.4431 - acc: 0.8164
1312/1424 [==========================>...] - ETA: 1s - loss: 0.4411 - acc: 0.8171
1344/1424 [===========================>..] - ETA: 1s - loss: 0.4388 - acc: 0.8177
1376/1424 [===========================>..] - ETA: 0s - loss: 0.4381 - acc: 0.8176
1408/1424 [============================>.] - ETA: 0s - loss: 0.4363 - acc: 0.8196
1424/1424 [==============================] - 21s 15ms/step - loss: 0.4442 - acc: 0.8188 - val_loss: 0.5233 - val_acc: 0.7867
Train on 1424 samples, validate on 708 samples
Epoch 1/1

  32/1424 [..............................] - ETA: 17s - loss: 0.4478 - acc: 0.8438
  64/1424 [>.............................] - ETA: 16s - loss: 0.6061 - acc: 0.7656
  96/1424 [=>............................] - ETA: 16s - loss: 0.8167 - acc: 0.7396
 128/1424 [=>............................] - ETA: 16s - loss: 0.9359 - acc: 0.7188
 160/1424 [==>...........................] - ETA: 15s - loss: 1.2691 - acc: 0.6750
 192/1424 [===>..........................] - ETA: 15s - loss: 1.5993 - acc: 0.6719
 224/1424 [===>..........................] - ETA: 15s - loss: 1.8307 - acc: 0.6652
 256/1424 [====>.........................] - ETA: 14s - loss: 2.2474 - acc: 0.6367
 288/1424 [=====>........................] - ETA: 14s - loss: 2.5209 - acc: 0.6250
 320/1424 [=====>........................] - ETA: 13s - loss: 2.5743 - acc: 0.6188
 352/1424 [======>.......................] - ETA: 13s - loss: 2.8256 - acc: 0.6051
 384/1424 [=======>......................] - ETA: 13s - loss: 3.1318 - acc: 0.5938
 416/1424 [=======>......................] - ETA: 12s - loss: 3.0984 - acc: 0.5986
 448/1424 [========>.....................] - ETA: 12s - loss: 3.1288 - acc: 0.5938
 480/1424 [=========>....................] - ETA: 11s - loss: 3.2456 - acc: 0.5813
 512/1424 [=========>....................] - ETA: 11s - loss: 3.2337 - acc: 0.5820
 544/1424 [==========>...................] - ETA: 11s - loss: 3.1462 - acc: 0.5772
 576/1424 [===========>..................] - ETA: 10s - loss: 3.0439 - acc: 0.5851
 608/1424 [===========>..................] - ETA: 10s - loss: 2.9690 - acc: 0.5872
 640/1424 [============>.................] - ETA: 9s - loss: 2.8455 - acc: 0.5938 
 672/1424 [=============>................] - ETA: 9s - loss: 2.7550 - acc: 0.5997
 704/1424 [=============>................] - ETA: 9s - loss: 2.6553 - acc: 0.6037
 736/1424 [==============>...............] - ETA: 8s - loss: 2.5591 - acc: 0.6141
 768/1424 [===============>..............] - ETA: 8s - loss: 2.4980 - acc: 0.6172
 800/1424 [===============>..............] - ETA: 7s - loss: 2.4163 - acc: 0.6250
 832/1424 [================>.............] - ETA: 7s - loss: 2.3502 - acc: 0.6250
 864/1424 [=================>............] - ETA: 7s - loss: 2.2787 - acc: 0.6308
 896/1424 [=================>............] - ETA: 6s - loss: 2.2166 - acc: 0.6328
 928/1424 [==================>...........] - ETA: 6s - loss: 2.1599 - acc: 0.6336
 960/1424 [===================>..........] - ETA: 5s - loss: 2.1069 - acc: 0.6365
 992/1424 [===================>..........] - ETA: 5s - loss: 2.0942 - acc: 0.6331
1024/1424 [====================>.........] - ETA: 5s - loss: 2.0967 - acc: 0.6279
1056/1424 [=====================>........] - ETA: 4s - loss: 2.0665 - acc: 0.6288
1088/1424 [=====================>........] - ETA: 4s - loss: 2.0247 - acc: 0.6305
1120/1424 [======================>.......] - ETA: 3s - loss: 1.9891 - acc: 0.6268
1152/1424 [=======================>......] - ETA: 3s - loss: 1.9530 - acc: 0.6224
1184/1424 [=======================>......] - ETA: 3s - loss: 1.9172 - acc: 0.6208
1216/1424 [========================>.....] - ETA: 2s - loss: 1.8850 - acc: 0.6176
1248/1424 [=========================>....] - ETA: 2s - loss: 1.8559 - acc: 0.6154
1280/1424 [=========================>....] - ETA: 1s - loss: 1.8259 - acc: 0.6148
1312/1424 [==========================>...] - ETA: 1s - loss: 1.7976 - acc: 0.6143
1344/1424 [===========================>..] - ETA: 1s - loss: 1.7711 - acc: 0.6146
1376/1424 [===========================>..] - ETA: 0s - loss: 1.7460 - acc: 0.6141
1408/1424 [============================>.] - ETA: 0s - loss: 1.7208 - acc: 0.6122
1424/1424 [==============================] - 21s 15ms/step - loss: 1.7075 - acc: 0.6138 - val_loss: 0.6490 - val_acc: 0.5847
Train on 1424 samples, validate on 708 samples
Epoch 1/1

  32/1424 [..............................] - ETA: 17s - loss: 0.6589 - acc: 0.5625
  64/1424 [>.............................] - ETA: 17s - loss: 0.6719 - acc: 0.5781
  96/1424 [=>............................] - ETA: 16s - loss: 0.6237 - acc: 0.6354
 128/1424 [=>............................] - ETA: 16s - loss: 0.6394 - acc: 0.6250
 160/1424 [==>...........................] - ETA: 15s - loss: 0.6618 - acc: 0.5938
 192/1424 [===>..........................] - ETA: 15s - loss: 0.6467 - acc: 0.6094
 224/1424 [===>..........................] - ETA: 15s - loss: 0.6484 - acc: 0.6116
 256/1424 [====>.........................] - ETA: 14s - loss: 0.6507 - acc: 0.6094
 288/1424 [=====>........................] - ETA: 14s - loss: 0.6564 - acc: 0.6007
 320/1424 [=====>........................] - ETA: 13s - loss: 0.6601 - acc: 0.5875
 352/1424 [======>.......................] - ETA: 13s - loss: 0.6584 - acc: 0.5909
 384/1424 [=======>......................] - ETA: 13s - loss: 0.6539 - acc: 0.5911
 416/1424 [=======>......................] - ETA: 12s - loss: 0.6536 - acc: 0.5889
 448/1424 [========>.....................] - ETA: 12s - loss: 0.6574 - acc: 0.5848
 480/1424 [=========>....................] - ETA: 11s - loss: 0.6600 - acc: 0.5813
 512/1424 [=========>....................] - ETA: 11s - loss: 0.6577 - acc: 0.5820
 544/1424 [==========>...................] - ETA: 11s - loss: 0.6582 - acc: 0.5809
 576/1424 [===========>..................] - ETA: 10s - loss: 0.6522 - acc: 0.5868
 608/1424 [===========>..................] - ETA: 10s - loss: 0.6513 - acc: 0.5855
 640/1424 [============>.................] - ETA: 9s - loss: 0.6529 - acc: 0.5813 
 672/1424 [=============>................] - ETA: 9s - loss: 0.6526 - acc: 0.5818
 704/1424 [=============>................] - ETA: 9s - loss: 0.6496 - acc: 0.5852
 736/1424 [==============>...............] - ETA: 8s - loss: 0.6473 - acc: 0.5897
 768/1424 [===============>..............] - ETA: 8s - loss: 0.6471 - acc: 0.5872
 800/1424 [===============>..............] - ETA: 7s - loss: 0.6437 - acc: 0.5913
 832/1424 [================>.............] - ETA: 7s - loss: 0.6406 - acc: 0.5962
 864/1424 [=================>............] - ETA: 7s - loss: 0.6367 - acc: 0.6042
 896/1424 [=================>............] - ETA: 6s - loss: 0.6347 - acc: 0.6071
 928/1424 [==================>...........] - ETA: 6s - loss: 0.6360 - acc: 0.6056
 960/1424 [===================>..........] - ETA: 5s - loss: 0.6325 - acc: 0.6104
 992/1424 [===================>..........] - ETA: 5s - loss: 0.6306 - acc: 0.6119
1024/1424 [====================>.........] - ETA: 5s - loss: 0.6297 - acc: 0.6133
1056/1424 [=====================>........] - ETA: 4s - loss: 0.6300 - acc: 0.6117
1088/1424 [=====================>........] - ETA: 4s - loss: 0.6289 - acc: 0.6149
1120/1424 [======================>.......] - ETA: 3s - loss: 0.6294 - acc: 0.6134
1152/1424 [=======================>......] - ETA: 3s - loss: 0.6286 - acc: 0.6146
1184/1424 [=======================>......] - ETA: 3s - loss: 0.6283 - acc: 0.6140
1216/1424 [========================>.....] - ETA: 2s - loss: 0.6280 - acc: 0.6151
1248/1424 [=========================>....] - ETA: 2s - loss: 0.6282 - acc: 0.6138
1280/1424 [=========================>....] - ETA: 1s - loss: 0.6275 - acc: 0.6141
1312/1424 [==========================>...] - ETA: 1s - loss: 0.6271 - acc: 0.6143
1344/1424 [===========================>..] - ETA: 1s - loss: 0.6261 - acc: 0.6183
1376/1424 [===========================>..] - ETA: 0s - loss: 0.6255 - acc: 0.6192
1408/1424 [============================>.] - ETA: 0s - loss: 0.6258 - acc: 0.6200
1424/1424 [==============================] - 21s 15ms/step - loss: 0.6259 - acc: 0.6208 - val_loss: 0.5829 - val_acc: 0.7401
Train on 1424 samples, validate on 708 samples
Epoch 1/1

  32/1424 [..............................] - ETA: 17s - loss: 0.5836 - acc: 0.7812
  64/1424 [>.............................] - ETA: 16s - loss: 0.5932 - acc: 0.7344
  96/1424 [=>............................] - ETA: 16s - loss: 0.5834 - acc: 0.7500
 128/1424 [=>............................] - ETA: 16s - loss: 0.5721 - acc: 0.7656
 160/1424 [==>...........................] - ETA: 15s - loss: 0.5770 - acc: 0.7438
 192/1424 [===>..........................] - ETA: 15s - loss: 0.5878 - acc: 0.7292
 224/1424 [===>..........................] - ETA: 14s - loss: 0.5986 - acc: 0.7188
 256/1424 [====>.........................] - ETA: 14s - loss: 0.6068 - acc: 0.7031
 288/1424 [=====>........................] - ETA: 14s - loss: 0.6078 - acc: 0.7049
 320/1424 [=====>........................] - ETA: 13s - loss: 0.6030 - acc: 0.7094
 352/1424 [======>.......................] - ETA: 13s - loss: 0.5999 - acc: 0.7159
 384/1424 [=======>......................] - ETA: 13s - loss: 0.5981 - acc: 0.7214
 416/1424 [=======>......................] - ETA: 12s - loss: 0.5952 - acc: 0.7236
 448/1424 [========>.....................] - ETA: 12s - loss: 0.5937 - acc: 0.7277
 480/1424 [=========>....................] - ETA: 11s - loss: 0.5958 - acc: 0.7208
 512/1424 [=========>....................] - ETA: 11s - loss: 0.5966 - acc: 0.7168
 544/1424 [==========>...................] - ETA: 11s - loss: 0.5926 - acc: 0.7261
 576/1424 [===========>..................] - ETA: 10s - loss: 0.5891 - acc: 0.7309
 608/1424 [===========>..................] - ETA: 10s - loss: 0.5881 - acc: 0.7336
 640/1424 [============>.................] - ETA: 9s - loss: 0.5904 - acc: 0.7312 
 672/1424 [=============>................] - ETA: 9s - loss: 0.5863 - acc: 0.7396
 704/1424 [=============>................] - ETA: 9s - loss: 0.5840 - acc: 0.7429
 736/1424 [==============>...............] - ETA: 8s - loss: 0.5850 - acc: 0.7418
 768/1424 [===============>..............] - ETA: 8s - loss: 0.5847 - acc: 0.7422
 800/1424 [===============>..............] - ETA: 7s - loss: 0.5853 - acc: 0.7412
 832/1424 [================>.............] - ETA: 7s - loss: 0.5850 - acc: 0.7404
 864/1424 [=================>............] - ETA: 7s - loss: 0.6010 - acc: 0.7373
 896/1424 [=================>............] - ETA: 6s - loss: 0.5984 - acc: 0.7411
 928/1424 [==================>...........] - ETA: 6s - loss: 0.5979 - acc: 0.7403
 960/1424 [===================>..........] - ETA: 5s - loss: 0.5938 - acc: 0.7448
 992/1424 [===================>..........] - ETA: 5s - loss: 0.5927 - acc: 0.7440
1024/1424 [====================>.........] - ETA: 5s - loss: 0.5923 - acc: 0.7422
1056/1424 [=====================>........] - ETA: 4s - loss: 0.5880 - acc: 0.7443
1088/1424 [=====================>........] - ETA: 4s - loss: 0.5858 - acc: 0.7472
1120/1424 [======================>.......] - ETA: 3s - loss: 0.5861 - acc: 0.7473
1152/1424 [=======================>......] - ETA: 3s - loss: 0.5849 - acc: 0.7457
1184/1424 [=======================>......] - ETA: 3s - loss: 0.5837 - acc: 0.7475
1216/1424 [========================>.....] - ETA: 2s - loss: 0.5831 - acc: 0.7459
1248/1424 [=========================>....] - ETA: 2s - loss: 0.5797 - acc: 0.7500
1280/1424 [=========================>....] - ETA: 1s - loss: 0.5919 - acc: 0.7484
1312/1424 [==========================>...] - ETA: 1s - loss: 0.5913 - acc: 0.7485
1344/1424 [===========================>..] - ETA: 1s - loss: 0.5887 - acc: 0.7522
1376/1424 [===========================>..] - ETA: 0s - loss: 0.5878 - acc: 0.7536
1408/1424 [============================>.] - ETA: 0s - loss: 0.5884 - acc: 0.7514
1424/1424 [==============================] - 21s 15ms/step - loss: 0.5885 - acc: 0.7514 - val_loss: 0.5227 - val_acc: 0.8065
Train on 1424 samples, validate on 708 samples
Epoch 1/1

  32/1424 [..............................] - ETA: 17s - loss: 0.9662 - acc: 0.8125
  64/1424 [>.............................] - ETA: 16s - loss: 0.7661 - acc: 0.7656
  96/1424 [=>............................] - ETA: 16s - loss: 0.6901 - acc: 0.7917
 128/1424 [=>............................] - ETA: 16s - loss: 0.6527 - acc: 0.7969
 160/1424 [==>...........................] - ETA: 15s - loss: 0.6185 - acc: 0.8063
 192/1424 [===>..........................] - ETA: 15s - loss: 0.5984 - acc: 0.8073
 224/1424 [===>..........................] - ETA: 15s - loss: 0.5857 - acc: 0.8080
 256/1424 [====>.........................] - ETA: 14s - loss: 0.5845 - acc: 0.7930
 288/1424 [=====>........................] - ETA: 14s - loss: 0.5780 - acc: 0.7847
 320/1424 [=====>........................] - ETA: 13s - loss: 0.5728 - acc: 0.7812
 352/1424 [======>.......................] - ETA: 13s - loss: 0.5790 - acc: 0.7614
 384/1424 [=======>......................] - ETA: 13s - loss: 0.5741 - acc: 0.7578
 416/1424 [=======>......................] - ETA: 12s - loss: 0.5751 - acc: 0.7548
 448/1424 [========>.....................] - ETA: 12s - loss: 0.5733 - acc: 0.7500
 480/1424 [=========>....................] - ETA: 11s - loss: 0.5688 - acc: 0.7542
 512/1424 [=========>....................] - ETA: 11s - loss: 0.5675 - acc: 0.7520
 544/1424 [==========>...................] - ETA: 11s - loss: 0.5680 - acc: 0.7537
 576/1424 [===========>..................] - ETA: 10s - loss: 0.5652 - acc: 0.7552
 608/1424 [===========>..................] - ETA: 10s - loss: 0.5636 - acc: 0.7533
 640/1424 [============>.................] - ETA: 9s - loss: 0.5602 - acc: 0.7594 
 672/1424 [=============>................] - ETA: 9s - loss: 0.5576 - acc: 0.7604
 704/1424 [=============>................] - ETA: 9s - loss: 0.5539 - acc: 0.7614
 736/1424 [==============>...............] - ETA: 8s - loss: 0.5563 - acc: 0.7609
 768/1424 [===============>..............] - ETA: 8s - loss: 0.5580 - acc: 0.7591
 800/1424 [===============>..............] - ETA: 7s - loss: 0.5568 - acc: 0.7588
 832/1424 [================>.............] - ETA: 7s - loss: 0.5532 - acc: 0.7596
 864/1424 [=================>............] - ETA: 7s - loss: 0.5521 - acc: 0.7593
 896/1424 [=================>............] - ETA: 6s - loss: 0.5503 - acc: 0.7567
 928/1424 [==================>...........] - ETA: 6s - loss: 0.5499 - acc: 0.7586
 960/1424 [===================>..........] - ETA: 5s - loss: 0.5469 - acc: 0.7615
 992/1424 [===================>..........] - ETA: 5s - loss: 0.5458 - acc: 0.7641
1024/1424 [====================>.........] - ETA: 5s - loss: 0.5421 - acc: 0.7656
1056/1424 [=====================>........] - ETA: 4s - loss: 0.5399 - acc: 0.7652
1088/1424 [=====================>........] - ETA: 4s - loss: 0.5402 - acc: 0.7629
1120/1424 [======================>.......] - ETA: 3s - loss: 0.5394 - acc: 0.7634
1152/1424 [=======================>......] - ETA: 3s - loss: 0.5375 - acc: 0.7656
1184/1424 [=======================>......] - ETA: 3s - loss: 0.5342 - acc: 0.7694
1216/1424 [========================>.....] - ETA: 2s - loss: 0.5325 - acc: 0.7689
1248/1424 [=========================>....] - ETA: 2s - loss: 0.5282 - acc: 0.7724
1280/1424 [=========================>....] - ETA: 1s - loss: 0.5282 - acc: 0.7719
1312/1424 [==========================>...] - ETA: 1s - loss: 0.5285 - acc: 0.7713
1344/1424 [===========================>..] - ETA: 1s - loss: 0.5289 - acc: 0.7708
1376/1424 [===========================>..] - ETA: 0s - loss: 0.5292 - acc: 0.7696
1408/1424 [============================>.] - ETA: 0s - loss: 0.5275 - acc: 0.7699
1424/1424 [==============================] - 21s 15ms/step - loss: 0.5358 - acc: 0.7697 - val_loss: 0.4534 - val_acc: 0.8333
Train on 1424 samples, validate on 708 samples
Epoch 1/1

  32/1424 [..............................] - ETA: 17s - loss: 0.5554 - acc: 0.7188
  64/1424 [>.............................] - ETA: 17s - loss: 0.5454 - acc: 0.7500
  96/1424 [=>............................] - ETA: 16s - loss: 0.5051 - acc: 0.7917
 128/1424 [=>............................] - ETA: 16s - loss: 0.4972 - acc: 0.7969
 160/1424 [==>...........................] - ETA: 15s - loss: 0.5926 - acc: 0.8000
 192/1424 [===>..........................] - ETA: 15s - loss: 0.6584 - acc: 0.7917
 224/1424 [===>..........................] - ETA: 15s - loss: 0.6576 - acc: 0.7723
 256/1424 [====>.........................] - ETA: 14s - loss: 0.6441 - acc: 0.7656
 288/1424 [=====>........................] - ETA: 14s - loss: 0.6356 - acc: 0.7569
 320/1424 [=====>........................] - ETA: 13s - loss: 0.6171 - acc: 0.7656
 352/1424 [======>.......................] - ETA: 13s - loss: 0.6116 - acc: 0.7557
 384/1424 [=======>......................] - ETA: 13s - loss: 0.6017 - acc: 0.7552
 416/1424 [=======>......................] - ETA: 12s - loss: 0.6047 - acc: 0.7500
 448/1424 [========>.....................] - ETA: 12s - loss: 0.5922 - acc: 0.7589
 480/1424 [=========>....................] - ETA: 11s - loss: 0.5890 - acc: 0.7604
 512/1424 [=========>....................] - ETA: 11s - loss: 0.5850 - acc: 0.7598
 544/1424 [==========>...................] - ETA: 10s - loss: 0.5813 - acc: 0.7629
 576/1424 [===========>..................] - ETA: 10s - loss: 0.5751 - acc: 0.7674
 608/1424 [===========>..................] - ETA: 10s - loss: 0.5767 - acc: 0.7599
 640/1424 [============>.................] - ETA: 9s - loss: 0.5694 - acc: 0.7656 
 672/1424 [=============>................] - ETA: 9s - loss: 0.5719 - acc: 0.7589
 704/1424 [=============>................] - ETA: 8s - loss: 0.5749 - acc: 0.7500
 736/1424 [==============>...............] - ETA: 8s - loss: 0.5715 - acc: 0.7514
 768/1424 [===============>..............] - ETA: 8s - loss: 0.5728 - acc: 0.7539
 800/1424 [===============>..............] - ETA: 7s - loss: 0.5682 - acc: 0.7562
 832/1424 [================>.............] - ETA: 7s - loss: 0.5650 - acc: 0.7596
 864/1424 [=================>............] - ETA: 7s - loss: 0.5647 - acc: 0.7546
 896/1424 [=================>............] - ETA: 6s - loss: 0.5635 - acc: 0.7567
 928/1424 [==================>...........] - ETA: 6s - loss: 0.5596 - acc: 0.7608
 960/1424 [===================>..........] - ETA: 5s - loss: 0.5574 - acc: 0.7625
 992/1424 [===================>..........] - ETA: 5s - loss: 0.5563 - acc: 0.7631
1024/1424 [====================>.........] - ETA: 5s - loss: 0.5572 - acc: 0.7588
1056/1424 [=====================>........] - ETA: 4s - loss: 0.5541 - acc: 0.7614
1088/1424 [=====================>........] - ETA: 4s - loss: 0.5513 - acc: 0.7647
1120/1424 [======================>.......] - ETA: 3s - loss: 0.5514 - acc: 0.7607
1152/1424 [=======================>......] - ETA: 3s - loss: 0.5509 - acc: 0.7595
1184/1424 [=======================>......] - ETA: 3s - loss: 0.5506 - acc: 0.7601
1216/1424 [========================>.....] - ETA: 2s - loss: 0.5513 - acc: 0.7615
1248/1424 [=========================>....] - ETA: 2s - loss: 0.5503 - acc: 0.7612
1280/1424 [=========================>....] - ETA: 1s - loss: 0.5510 - acc: 0.7609
1312/1424 [==========================>...] - ETA: 1s - loss: 0.5487 - acc: 0.7637
1344/1424 [===========================>..] - ETA: 1s - loss: 0.5509 - acc: 0.7619
1376/1424 [===========================>..] - ETA: 0s - loss: 0.5509 - acc: 0.7616
1408/1424 [============================>.] - ETA: 0s - loss: 0.5488 - acc: 0.7635
1424/1424 [==============================] - 21s 15ms/step - loss: 0.5500 - acc: 0.7633 - val_loss: 0.4853 - val_acc: 0.8093
Train on 1424 samples, validate on 708 samples
Epoch 1/1

  32/1424 [..............................] - ETA: 17s - loss: 0.5277 - acc: 0.7500
  64/1424 [>.............................] - ETA: 17s - loss: 0.5078 - acc: 0.7812
  96/1424 [=>............................] - ETA: 16s - loss: 0.4899 - acc: 0.7917
 128/1424 [=>............................] - ETA: 16s - loss: 0.5090 - acc: 0.7812
 160/1424 [==>...........................] - ETA: 15s - loss: 0.5262 - acc: 0.7562
 192/1424 [===>..........................] - ETA: 15s - loss: 0.5544 - acc: 0.7500
 224/1424 [===>..........................] - ETA: 15s - loss: 0.5459 - acc: 0.7500
 256/1424 [====>.........................] - ETA: 14s - loss: 0.5469 - acc: 0.7461
 288/1424 [=====>........................] - ETA: 14s - loss: 0.5452 - acc: 0.7535
 320/1424 [=====>........................] - ETA: 13s - loss: 0.5484 - acc: 0.7438
 352/1424 [======>.......................] - ETA: 13s - loss: 0.5443 - acc: 0.7528
 384/1424 [=======>......................] - ETA: 13s - loss: 0.5364 - acc: 0.7656
 416/1424 [=======>......................] - ETA: 12s - loss: 0.5315 - acc: 0.7692
 448/1424 [========>.....................] - ETA: 12s - loss: 0.5303 - acc: 0.7723
 480/1424 [=========>....................] - ETA: 11s - loss: 0.5250 - acc: 0.7792
 512/1424 [=========>....................] - ETA: 11s - loss: 0.5262 - acc: 0.7812
 544/1424 [==========>...................] - ETA: 11s - loss: 0.5279 - acc: 0.7831
 576/1424 [===========>..................] - ETA: 10s - loss: 0.5295 - acc: 0.7743
 608/1424 [===========>..................] - ETA: 10s - loss: 0.5320 - acc: 0.7730
 640/1424 [============>.................] - ETA: 9s - loss: 0.5296 - acc: 0.7719 
 672/1424 [=============>................] - ETA: 9s - loss: 0.5300 - acc: 0.7693
 704/1424 [=============>................] - ETA: 9s - loss: 0.5283 - acc: 0.7727
 736/1424 [==============>...............] - ETA: 8s - loss: 0.5272 - acc: 0.7731
 768/1424 [===============>..............] - ETA: 8s - loss: 0.5288 - acc: 0.7734
 800/1424 [===============>..............] - ETA: 7s - loss: 0.5234 - acc: 0.7800
 832/1424 [================>.............] - ETA: 7s - loss: 0.5259 - acc: 0.7788
 864/1424 [=================>............] - ETA: 7s - loss: 0.5234 - acc: 0.7801
 896/1424 [=================>............] - ETA: 6s - loss: 0.5261 - acc: 0.7779
 928/1424 [==================>...........] - ETA: 6s - loss: 0.5218 - acc: 0.7812
 960/1424 [===================>..........] - ETA: 5s - loss: 0.5183 - acc: 0.7812
 992/1424 [===================>..........] - ETA: 5s - loss: 0.5192 - acc: 0.7802
1024/1424 [====================>.........] - ETA: 5s - loss: 0.5184 - acc: 0.7793
1056/1424 [=====================>........] - ETA: 4s - loss: 0.5175 - acc: 0.7784
1088/1424 [=====================>........] - ETA: 4s - loss: 0.5161 - acc: 0.7812
1120/1424 [======================>.......] - ETA: 3s - loss: 0.5157 - acc: 0.7821
1152/1424 [=======================>......] - ETA: 3s - loss: 0.5145 - acc: 0.7830
1184/1424 [=======================>......] - ETA: 3s - loss: 0.5123 - acc: 0.7838
1216/1424 [========================>.....] - ETA: 2s - loss: 0.5192 - acc: 0.7845
1248/1424 [=========================>....] - ETA: 2s - loss: 0.5223 - acc: 0.7821
1280/1424 [=========================>....] - ETA: 1s - loss: 0.5224 - acc: 0.7797
1312/1424 [==========================>...] - ETA: 1s - loss: 0.5302 - acc: 0.7812
1344/1424 [===========================>..] - ETA: 1s - loss: 0.5287 - acc: 0.7812
1376/1424 [===========================>..] - ETA: 0s - loss: 0.5280 - acc: 0.7842
1408/1424 [============================>.] - ETA: 0s - loss: 0.5259 - acc: 0.7855
1424/1424 [==============================] - 21s 15ms/step - loss: 0.5258 - acc: 0.7865 - val_loss: 0.4662 - val_acc: 0.8376
Train on 1424 samples, validate on 708 samples
Epoch 1/1

  32/1424 [..............................] - ETA: 17s - loss: 0.5044 - acc: 0.7812
  64/1424 [>.............................] - ETA: 17s - loss: 0.5366 - acc: 0.7656
  96/1424 [=>............................] - ETA: 16s - loss: 0.5290 - acc: 0.7604
 128/1424 [=>............................] - ETA: 16s - loss: 0.5121 - acc: 0.7891
 160/1424 [==>...........................] - ETA: 15s - loss: 0.4916 - acc: 0.8000
 192/1424 [===>..........................] - ETA: 15s - loss: 0.4968 - acc: 0.7917
 224/1424 [===>..........................] - ETA: 15s - loss: 0.5143 - acc: 0.7723
 256/1424 [====>.........................] - ETA: 14s - loss: 0.5582 - acc: 0.7773
 288/1424 [=====>........................] - ETA: 14s - loss: 0.5374 - acc: 0.7951
 320/1424 [=====>........................] - ETA: 13s - loss: 0.5323 - acc: 0.8000
 352/1424 [======>.......................] - ETA: 13s - loss: 0.5278 - acc: 0.8040
 384/1424 [=======>......................] - ETA: 13s - loss: 0.5146 - acc: 0.8151
 416/1424 [=======>......................] - ETA: 12s - loss: 0.5088 - acc: 0.8149
 448/1424 [========>.....................] - ETA: 12s - loss: 0.5037 - acc: 0.8170
 480/1424 [=========>....................] - ETA: 11s - loss: 0.5047 - acc: 0.8167
 512/1424 [=========>....................] - ETA: 11s - loss: 0.5043 - acc: 0.8125
 544/1424 [==========>...................] - ETA: 11s - loss: 0.5085 - acc: 0.8051
 576/1424 [===========>..................] - ETA: 10s - loss: 0.5075 - acc: 0.8003
 608/1424 [===========>..................] - ETA: 10s - loss: 0.5029 - acc: 0.8026
 640/1424 [============>.................] - ETA: 9s - loss: 0.5017 - acc: 0.8016 
 672/1424 [=============>................] - ETA: 9s - loss: 0.5078 - acc: 0.7946
 704/1424 [=============>................] - ETA: 9s - loss: 0.5077 - acc: 0.7912
 736/1424 [==============>...............] - ETA: 8s - loss: 0.5154 - acc: 0.7826
 768/1424 [===============>..............] - ETA: 8s - loss: 0.5133 - acc: 0.7839
 800/1424 [===============>..............] - ETA: 7s - loss: 0.5170 - acc: 0.7875
 832/1424 [================>.............] - ETA: 7s - loss: 0.5147 - acc: 0.7897
 864/1424 [=================>............] - ETA: 7s - loss: 0.5197 - acc: 0.7882
 896/1424 [=================>............] - ETA: 6s - loss: 0.5286 - acc: 0.7868
 928/1424 [==================>...........] - ETA: 6s - loss: 0.5312 - acc: 0.7823
 960/1424 [===================>..........] - ETA: 5s - loss: 0.5288 - acc: 0.7844
 992/1424 [===================>..........] - ETA: 5s - loss: 0.5316 - acc: 0.7823
1024/1424 [====================>.........] - ETA: 5s - loss: 0.5352 - acc: 0.7822
1056/1424 [=====================>........] - ETA: 4s - loss: 0.5342 - acc: 0.7812
1088/1424 [=====================>........] - ETA: 4s - loss: 0.5332 - acc: 0.7794
1120/1424 [======================>.......] - ETA: 3s - loss: 0.5431 - acc: 0.7812
1152/1424 [=======================>......] - ETA: 3s - loss: 0.5418 - acc: 0.7786
1184/1424 [=======================>......] - ETA: 3s - loss: 0.5508 - acc: 0.7736
1216/1424 [========================>.....] - ETA: 2s - loss: 0.5466 - acc: 0.7747
1248/1424 [=========================>....] - ETA: 2s - loss: 0.5857 - acc: 0.7724
1280/1424 [=========================>....] - ETA: 1s - loss: 0.6094 - acc: 0.7672
1312/1424 [==========================>...] - ETA: 1s - loss: 0.6223 - acc: 0.7675
1344/1424 [===========================>..] - ETA: 1s - loss: 0.6211 - acc: 0.7671
1376/1424 [===========================>..] - ETA: 0s - loss: 0.6167 - acc: 0.7660
1408/1424 [============================>.] - ETA: 0s - loss: 0.6260 - acc: 0.7656
1424/1424 [==============================] - 21s 15ms/step - loss: 0.6345 - acc: 0.7662 - val_loss: 0.9922 - val_acc: 0.7288
Train on 1424 samples, validate on 708 samples
Epoch 1/1

  32/1424 [..............................] - ETA: 17s - loss: 0.9399 - acc: 0.7500
  64/1424 [>.............................] - ETA: 17s - loss: 0.6422 - acc: 0.8281
  96/1424 [=>............................] - ETA: 16s - loss: 0.5765 - acc: 0.8333
 128/1424 [=>............................] - ETA: 16s - loss: 0.8706 - acc: 0.7891
 160/1424 [==>...........................] - ETA: 15s - loss: 0.8830 - acc: 0.7812
 192/1424 [===>..........................] - ETA: 15s - loss: 0.8116 - acc: 0.7812
 224/1424 [===>..........................] - ETA: 15s - loss: 0.7855 - acc: 0.7857
 256/1424 [====>.........................] - ETA: 14s - loss: 0.7386 - acc: 0.7969
 288/1424 [=====>........................] - ETA: 14s - loss: 0.7191 - acc: 0.8090
 320/1424 [=====>........................] - ETA: 13s - loss: 0.7392 - acc: 0.8094
 352/1424 [======>.......................] - ETA: 13s - loss: 0.7159 - acc: 0.8040
 384/1424 [=======>......................] - ETA: 13s - loss: 0.7698 - acc: 0.8047
 416/1424 [=======>......................] - ETA: 12s - loss: 0.7471 - acc: 0.8053
 448/1424 [========>.....................] - ETA: 12s - loss: 0.7309 - acc: 0.7924
 480/1424 [=========>....................] - ETA: 11s - loss: 0.7859 - acc: 0.7833
 512/1424 [=========>....................] - ETA: 11s - loss: 0.7735 - acc: 0.7793
 544/1424 [==========>...................] - ETA: 11s - loss: 0.7539 - acc: 0.7831
 576/1424 [===========>..................] - ETA: 10s - loss: 0.7671 - acc: 0.7812
 608/1424 [===========>..................] - ETA: 10s - loss: 0.7519 - acc: 0.7812
 640/1424 [============>.................] - ETA: 9s - loss: 0.7833 - acc: 0.7797 
 672/1424 [=============>................] - ETA: 9s - loss: 0.8183 - acc: 0.7723
 704/1424 [=============>................] - ETA: 9s - loss: 0.8263 - acc: 0.7699
 736/1424 [==============>...............] - ETA: 8s - loss: 0.8478 - acc: 0.7649
 768/1424 [===============>..............] - ETA: 8s - loss: 0.8276 - acc: 0.7734
 800/1424 [===============>..............] - ETA: 7s - loss: 0.8186 - acc: 0.7750
 832/1424 [================>.............] - ETA: 7s - loss: 0.8030 - acc: 0.7752
 864/1424 [=================>............] - ETA: 7s - loss: 0.7893 - acc: 0.7755
 896/1424 [=================>............] - ETA: 6s - loss: 0.7897 - acc: 0.7790
 928/1424 [==================>...........] - ETA: 6s - loss: 0.7805 - acc: 0.7769
 960/1424 [===================>..........] - ETA: 5s - loss: 0.7772 - acc: 0.7719
 992/1424 [===================>..........] - ETA: 5s - loss: 0.7936 - acc: 0.7702
1024/1424 [====================>.........] - ETA: 5s - loss: 0.7839 - acc: 0.7705
1056/1424 [=====================>........] - ETA: 4s - loss: 0.7806 - acc: 0.7642
1088/1424 [=====================>........] - ETA: 4s - loss: 0.7695 - acc: 0.7656
1120/1424 [======================>.......] - ETA: 3s - loss: 0.7752 - acc: 0.7652
1152/1424 [=======================>......] - ETA: 3s - loss: 0.7659 - acc: 0.7656
1184/1424 [=======================>......] - ETA: 3s - loss: 0.7706 - acc: 0.7660
1216/1424 [========================>.....] - ETA: 2s - loss: 0.7650 - acc: 0.7615
1248/1424 [=========================>....] - ETA: 2s - loss: 0.7598 - acc: 0.7580
1280/1424 [=========================>....] - ETA: 1s - loss: 0.7549 - acc: 0.7562
1312/1424 [==========================>...] - ETA: 1s - loss: 0.7497 - acc: 0.7546
1344/1424 [===========================>..] - ETA: 1s - loss: 0.7458 - acc: 0.7530
1376/1424 [===========================>..] - ETA: 0s - loss: 0.7454 - acc: 0.7493
1408/1424 [============================>.] - ETA: 0s - loss: 0.7423 - acc: 0.7472
1424/1424 [==============================] - 21s 15ms/step - loss: 0.7544 - acc: 0.7430 - val_loss: 0.5096 - val_acc: 0.7500
Train on 1424 samples, validate on 708 samples
Epoch 1/1

  32/1424 [..............................] - ETA: 17s - loss: 1.0421 - acc: 0.7188
  64/1424 [>.............................] - ETA: 17s - loss: 0.7721 - acc: 0.7188
  96/1424 [=>............................] - ETA: 16s - loss: 0.8261 - acc: 0.7500
 128/1424 [=>............................] - ETA: 16s - loss: 0.7563 - acc: 0.7266
 160/1424 [==>...........................] - ETA: 15s - loss: 0.7528 - acc: 0.6813
 192/1424 [===>..........................] - ETA: 15s - loss: 0.8430 - acc: 0.6875
 224/1424 [===>..........................] - ETA: 15s - loss: 0.7881 - acc: 0.7009
 256/1424 [====>.........................] - ETA: 14s - loss: 0.7676 - acc: 0.6914
 288/1424 [=====>........................] - ETA: 14s - loss: 0.7378 - acc: 0.7049
 320/1424 [=====>........................] - ETA: 13s - loss: 0.7213 - acc: 0.7031
 352/1424 [======>.......................] - ETA: 13s - loss: 0.7112 - acc: 0.7017
 384/1424 [=======>......................] - ETA: 13s - loss: 0.6959 - acc: 0.7005
 416/1424 [=======>......................] - ETA: 12s - loss: 0.7004 - acc: 0.7043
 448/1424 [========>.....................] - ETA: 12s - loss: 0.6831 - acc: 0.7098
 480/1424 [=========>....................] - ETA: 11s - loss: 0.6672 - acc: 0.7188
 512/1424 [=========>....................] - ETA: 11s - loss: 0.6621 - acc: 0.7188
 544/1424 [==========>...................] - ETA: 11s - loss: 0.6482 - acc: 0.7206
 576/1424 [===========>..................] - ETA: 10s - loss: 0.6374 - acc: 0.7292
 608/1424 [===========>..................] - ETA: 10s - loss: 0.6354 - acc: 0.7253
 640/1424 [============>.................] - ETA: 9s - loss: 0.6299 - acc: 0.7250 
 672/1424 [=============>................] - ETA: 9s - loss: 0.6258 - acc: 0.7247
 704/1424 [=============>................] - ETA: 9s - loss: 0.6163 - acc: 0.7315
 736/1424 [==============>...............] - ETA: 8s - loss: 0.6128 - acc: 0.7337
 768/1424 [===============>..............] - ETA: 8s - loss: 0.6100 - acc: 0.7357
 800/1424 [===============>..............] - ETA: 7s - loss: 0.6047 - acc: 0.7388
 832/1424 [================>.............] - ETA: 7s - loss: 0.6017 - acc: 0.7392
 864/1424 [=================>............] - ETA: 7s - loss: 0.5977 - acc: 0.7419
 896/1424 [=================>............] - ETA: 6s - loss: 0.5949 - acc: 0.7400
 928/1424 [==================>...........] - ETA: 6s - loss: 0.5910 - acc: 0.7425
 960/1424 [===================>..........] - ETA: 5s - loss: 0.5888 - acc: 0.7427
 992/1424 [===================>..........] - ETA: 5s - loss: 0.5860 - acc: 0.7440
1024/1424 [====================>.........] - ETA: 5s - loss: 0.5876 - acc: 0.7373
1056/1424 [=====================>........] - ETA: 4s - loss: 0.5833 - acc: 0.7396
1088/1424 [=====================>........] - ETA: 4s - loss: 0.5781 - acc: 0.7436
1120/1424 [======================>.......] - ETA: 3s - loss: 0.5749 - acc: 0.7446
1152/1424 [=======================>......] - ETA: 3s - loss: 0.5881 - acc: 0.7439
1184/1424 [=======================>......] - ETA: 3s - loss: 0.5886 - acc: 0.7416
1216/1424 [========================>.....] - ETA: 2s - loss: 0.5872 - acc: 0.7426
1248/1424 [=========================>....] - ETA: 2s - loss: 0.5870 - acc: 0.7412
1280/1424 [=========================>....] - ETA: 1s - loss: 0.5843 - acc: 0.7422
1312/1424 [==========================>...] - ETA: 1s - loss: 0.5855 - acc: 0.7378
1344/1424 [===========================>..] - ETA: 1s - loss: 0.5872 - acc: 0.7381
1376/1424 [===========================>..] - ETA: 0s - loss: 0.5862 - acc: 0.7376
1408/1424 [============================>.] - ETA: 0s - loss: 0.5950 - acc: 0.7386
1424/1424 [==============================] - 21s 15ms/step - loss: 0.5926 - acc: 0.7388 - val_loss: 0.4677 - val_acc: 0.8121

  32/1424 [..............................] - ETA: 26s
  64/1424 [>.............................] - ETA: 15s
  96/1424 [=>............................] - ETA: 11s
 128/1424 [=>............................] - ETA: 9s 
 160/1424 [==>...........................] - ETA: 8s
 192/1424 [===>..........................] - ETA: 7s
 224/1424 [===>..........................] - ETA: 6s
 256/1424 [====>.........................] - ETA: 6s
 288/1424 [=====>........................] - ETA: 5s
 320/1424 [=====>........................] - ETA: 5s
 352/1424 [======>.......................] - ETA: 5s
 384/1424 [=======>......................] - ETA: 4s
 416/1424 [=======>......................] - ETA: 4s
 448/1424 [========>.....................] - ETA: 4s
 480/1424 [=========>....................] - ETA: 4s
 512/1424 [=========>....................] - ETA: 4s
 544/1424 [==========>...................] - ETA: 3s
 576/1424 [===========>..................] - ETA: 3s
 608/1424 [===========>..................] - ETA: 3s
 640/1424 [============>.................] - ETA: 3s
 672/1424 [=============>................] - ETA: 3s
 704/1424 [=============>................] - ETA: 3s
 736/1424 [==============>...............] - ETA: 2s
 768/1424 [===============>..............] - ETA: 2s
 800/1424 [===============>..............] - ETA: 2s
 832/1424 [================>.............] - ETA: 2s
 864/1424 [=================>............] - ETA: 2s
 896/1424 [=================>............] - ETA: 2s
 928/1424 [==================>...........] - ETA: 2s
 960/1424 [===================>..........] - ETA: 1s
 992/1424 [===================>..........] - ETA: 1s
1024/1424 [====================>.........] - ETA: 1s
1056/1424 [=====================>........] - ETA: 1s
1088/1424 [=====================>........] - ETA: 1s
1120/1424 [======================>.......] - ETA: 1s
1152/1424 [=======================>......] - ETA: 1s
1184/1424 [=======================>......] - ETA: 0s
1216/1424 [========================>.....] - ETA: 0s
1248/1424 [=========================>....] - ETA: 0s
1280/1424 [=========================>....] - ETA: 0s
1312/1424 [==========================>...] - ETA: 0s
1344/1424 [===========================>..] - ETA: 0s
1376/1424 [===========================>..] - ETA: 0s
1408/1424 [============================>.] - ETA: 0s
1424/1424 [==============================] - 6s 4ms/step
Test acc: 0.8286516853932584

  32/1424 [..............................] - ETA: 5s
  64/1424 [>.............................] - ETA: 4s
  96/1424 [=>............................] - ETA: 4s
 128/1424 [=>............................] - ETA: 4s
 160/1424 [==>...........................] - ETA: 4s
 192/1424 [===>..........................] - ETA: 4s
 224/1424 [===>..........................] - ETA: 4s
 256/1424 [====>.........................] - ETA: 4s
 288/1424 [=====>........................] - ETA: 4s
 320/1424 [=====>........................] - ETA: 3s
 352/1424 [======>.......................] - ETA: 3s
 384/1424 [=======>......................] - ETA: 3s
 416/1424 [=======>......................] - ETA: 3s
 448/1424 [========>.....................] - ETA: 3s
 480/1424 [=========>....................] - ETA: 3s
 512/1424 [=========>....................] - ETA: 3s
 544/1424 [==========>...................] - ETA: 3s
 576/1424 [===========>..................] - ETA: 3s
 608/1424 [===========>..................] - ETA: 2s
 640/1424 [============>.................] - ETA: 2s
 672/1424 [=============>................] - ETA: 2s
 704/1424 [=============>................] - ETA: 2s
 736/1424 [==============>...............] - ETA: 2s
 768/1424 [===============>..............] - ETA: 2s
 800/1424 [===============>..............] - ETA: 2s
 832/1424 [================>.............] - ETA: 2s
 864/1424 [=================>............] - ETA: 2s
 896/1424 [=================>............] - ETA: 1s
 928/1424 [==================>...........] - ETA: 1s
 960/1424 [===================>..........] - ETA: 1s
 992/1424 [===================>..........] - ETA: 1s
1024/1424 [====================>.........] - ETA: 1s
1056/1424 [=====================>........] - ETA: 1s
1088/1424 [=====================>........] - ETA: 1s
1120/1424 [======================>.......] - ETA: 1s
1152/1424 [=======================>......] - ETA: 0s
1184/1424 [=======================>......] - ETA: 0s
1216/1424 [========================>.....] - ETA: 0s
1248/1424 [=========================>....] - ETA: 0s
1280/1424 [=========================>....] - ETA: 0s
1312/1424 [==========================>...] - ETA: 0s
1344/1424 [===========================>..] - ETA: 0s
1376/1424 [===========================>..] - ETA: 0s
1408/1424 [============================>.] - ETA: 0s
1424/1424 [==============================] - 5s 4ms/step
Test acc: [0.41749999496374235, 0.8314606741573034]
Test auc: 0.9043622175230401
Test mcc: 0.6589301395450191
Execute epoch: 20
Execute time: 442.2765882015228
(W) Execute time: 440.0077202320099
