_________________________________________________________________
Layer (type)                 Output Shape              Param #   
=================================================================
embedding_1 (Embedding)      (None, None, 128)         2688      
_________________________________________________________________
lstm_1 (LSTM)                (None, None, 64)          49408     
_________________________________________________________________
lstm_2 (LSTM)                (None, None, 64)          33024     
_________________________________________________________________
lstm_3 (LSTM)                (None, 64)                33024     
_________________________________________________________________
dense_1 (Dense)              (None, 16)                1040      
_________________________________________________________________
dense_2 (Dense)              (None, 1)                 17        
=================================================================
Total params: 119,201
Trainable params: 119,201
Non-trainable params: 0
_________________________________________________________________
Train on 1424 samples, validate on 708 samples
Epoch 1/1

  32/1424 [..............................] - ETA: 2:32 - loss: 0.6935 - acc: 0.5000
  64/1424 [>.............................] - ETA: 1:23 - loss: 0.6934 - acc: 0.4375
  96/1424 [=>............................] - ETA: 59s - loss: 0.6934 - acc: 0.4688 
 128/1424 [=>............................] - ETA: 47s - loss: 0.6933 - acc: 0.4688
 160/1424 [==>...........................] - ETA: 40s - loss: 0.6927 - acc: 0.5062
 192/1424 [===>..........................] - ETA: 35s - loss: 0.6926 - acc: 0.5156
 224/1424 [===>..........................] - ETA: 31s - loss: 0.6923 - acc: 0.5223
 256/1424 [====>.........................] - ETA: 28s - loss: 0.6923 - acc: 0.5234
 288/1424 [=====>........................] - ETA: 26s - loss: 0.6931 - acc: 0.5069
 320/1424 [=====>........................] - ETA: 24s - loss: 0.6932 - acc: 0.5031
 352/1424 [======>.......................] - ETA: 23s - loss: 0.6937 - acc: 0.4886
 384/1424 [=======>......................] - ETA: 21s - loss: 0.6934 - acc: 0.4948
 416/1424 [=======>......................] - ETA: 20s - loss: 0.6931 - acc: 0.5000
 448/1424 [========>.....................] - ETA: 19s - loss: 0.6934 - acc: 0.4955
 480/1424 [=========>....................] - ETA: 18s - loss: 0.6930 - acc: 0.5021
 512/1424 [=========>....................] - ETA: 17s - loss: 0.6932 - acc: 0.4980
 544/1424 [==========>...................] - ETA: 16s - loss: 0.6932 - acc: 0.4982
 576/1424 [===========>..................] - ETA: 15s - loss: 0.6932 - acc: 0.4948
 608/1424 [===========>..................] - ETA: 14s - loss: 0.6931 - acc: 0.4967
 640/1424 [============>.................] - ETA: 13s - loss: 0.6930 - acc: 0.5000
 672/1424 [=============>................] - ETA: 13s - loss: 0.6930 - acc: 0.4985
 704/1424 [=============>................] - ETA: 12s - loss: 0.6930 - acc: 0.4986
 736/1424 [==============>...............] - ETA: 11s - loss: 0.6930 - acc: 0.4973
 768/1424 [===============>..............] - ETA: 10s - loss: 0.6930 - acc: 0.4974
 800/1424 [===============>..............] - ETA: 10s - loss: 0.6930 - acc: 0.4975
 832/1424 [================>.............] - ETA: 9s - loss: 0.6930 - acc: 0.4964 
 864/1424 [=================>............] - ETA: 9s - loss: 0.6928 - acc: 0.4988
 896/1424 [=================>............] - ETA: 8s - loss: 0.6928 - acc: 0.4978
 928/1424 [==================>...........] - ETA: 7s - loss: 0.6929 - acc: 0.4968
 960/1424 [===================>..........] - ETA: 7s - loss: 0.6928 - acc: 0.4948
 992/1424 [===================>..........] - ETA: 6s - loss: 0.6929 - acc: 0.4919
1024/1424 [====================>.........] - ETA: 6s - loss: 0.6927 - acc: 0.4932
1056/1424 [=====================>........] - ETA: 5s - loss: 0.6928 - acc: 0.4877
1088/1424 [=====================>........] - ETA: 5s - loss: 0.6925 - acc: 0.4890
1120/1424 [======================>.......] - ETA: 4s - loss: 0.6923 - acc: 0.4911
1152/1424 [=======================>......] - ETA: 4s - loss: 0.6920 - acc: 0.4931
1184/1424 [=======================>......] - ETA: 3s - loss: 0.6917 - acc: 0.4941
1216/1424 [========================>.....] - ETA: 3s - loss: 0.6916 - acc: 0.4942
1248/1424 [=========================>....] - ETA: 2s - loss: 0.6914 - acc: 0.4936
1280/1424 [=========================>....] - ETA: 2s - loss: 0.6914 - acc: 0.4922
1312/1424 [==========================>...] - ETA: 1s - loss: 0.6913 - acc: 0.4878
1344/1424 [===========================>..] - ETA: 1s - loss: 0.6910 - acc: 0.4874
1376/1424 [===========================>..] - ETA: 0s - loss: 0.6900 - acc: 0.4920
1408/1424 [============================>.] - ETA: 0s - loss: 0.6891 - acc: 0.4950
1424/1424 [==============================] - 24s 17ms/step - loss: 0.6884 - acc: 0.4951 - val_loss: 0.6359 - val_acc: 0.5395
Train on 1424 samples, validate on 708 samples
Epoch 1/1

  32/1424 [..............................] - ETA: 18s - loss: 0.6981 - acc: 0.4688
  64/1424 [>.............................] - ETA: 17s - loss: 0.6583 - acc: 0.4844
  96/1424 [=>............................] - ETA: 17s - loss: 0.5921 - acc: 0.5729
 128/1424 [=>............................] - ETA: 16s - loss: 0.5944 - acc: 0.5938
 160/1424 [==>...........................] - ETA: 16s - loss: 0.7920 - acc: 0.5687
 192/1424 [===>..........................] - ETA: 15s - loss: 0.8284 - acc: 0.5938
 224/1424 [===>..........................] - ETA: 15s - loss: 0.9345 - acc: 0.5982
 256/1424 [====>.........................] - ETA: 14s - loss: 0.8845 - acc: 0.6250
 288/1424 [=====>........................] - ETA: 14s - loss: 0.8440 - acc: 0.6562
 320/1424 [=====>........................] - ETA: 14s - loss: 0.9070 - acc: 0.6719
 352/1424 [======>.......................] - ETA: 13s - loss: 0.9169 - acc: 0.6818
 384/1424 [=======>......................] - ETA: 13s - loss: 0.9317 - acc: 0.6823
 416/1424 [=======>......................] - ETA: 12s - loss: 0.9406 - acc: 0.6851
 448/1424 [========>.....................] - ETA: 12s - loss: 1.0163 - acc: 0.6897
 480/1424 [=========>....................] - ETA: 11s - loss: 1.0232 - acc: 0.6937
 512/1424 [=========>....................] - ETA: 11s - loss: 0.9922 - acc: 0.7070
 544/1424 [==========>...................] - ETA: 11s - loss: 0.9726 - acc: 0.7059
 576/1424 [===========>..................] - ETA: 10s - loss: 0.9796 - acc: 0.7014
 608/1424 [===========>..................] - ETA: 10s - loss: 0.9818 - acc: 0.7039
 640/1424 [============>.................] - ETA: 9s - loss: 0.9870 - acc: 0.7063 
 672/1424 [=============>................] - ETA: 9s - loss: 0.9683 - acc: 0.7128
 704/1424 [=============>................] - ETA: 9s - loss: 0.9514 - acc: 0.7173
 736/1424 [==============>...............] - ETA: 8s - loss: 0.9353 - acc: 0.7201
 768/1424 [===============>..............] - ETA: 8s - loss: 0.9173 - acc: 0.7266
 800/1424 [===============>..............] - ETA: 7s - loss: 0.9030 - acc: 0.7325
 832/1424 [================>.............] - ETA: 7s - loss: 0.9101 - acc: 0.7344
 864/1424 [=================>............] - ETA: 7s - loss: 0.9093 - acc: 0.7384
 896/1424 [=================>............] - ETA: 6s - loss: 0.8910 - acc: 0.7433
 928/1424 [==================>...........] - ETA: 6s - loss: 0.8932 - acc: 0.7468
 960/1424 [===================>..........] - ETA: 5s - loss: 0.8761 - acc: 0.7500
 992/1424 [===================>..........] - ETA: 5s - loss: 0.8827 - acc: 0.7490
1024/1424 [====================>.........] - ETA: 5s - loss: 0.8829 - acc: 0.7490
1056/1424 [=====================>........] - ETA: 4s - loss: 0.8807 - acc: 0.7491
1088/1424 [=====================>........] - ETA: 4s - loss: 0.8980 - acc: 0.7518
1120/1424 [======================>.......] - ETA: 3s - loss: 0.9429 - acc: 0.7491
1152/1424 [=======================>......] - ETA: 3s - loss: 0.9325 - acc: 0.7491
1184/1424 [=======================>......] - ETA: 3s - loss: 0.9217 - acc: 0.7475
1216/1424 [========================>.....] - ETA: 2s - loss: 0.9322 - acc: 0.7410
1248/1424 [=========================>....] - ETA: 2s - loss: 0.9475 - acc: 0.7396
1280/1424 [=========================>....] - ETA: 1s - loss: 0.9516 - acc: 0.7352
1312/1424 [==========================>...] - ETA: 1s - loss: 0.9429 - acc: 0.7302
1344/1424 [===========================>..] - ETA: 1s - loss: 0.9361 - acc: 0.7254
1376/1424 [===========================>..] - ETA: 0s - loss: 0.9388 - acc: 0.7231
1408/1424 [============================>.] - ETA: 0s - loss: 0.9302 - acc: 0.7223
1424/1424 [==============================] - 21s 15ms/step - loss: 0.9379 - acc: 0.7198 - val_loss: 0.7104 - val_acc: 0.5339
Train on 1424 samples, validate on 708 samples
Epoch 1/1

  32/1424 [..............................] - ETA: 17s - loss: 1.1284 - acc: 0.5312
  64/1424 [>.............................] - ETA: 17s - loss: 0.9019 - acc: 0.5312
  96/1424 [=>............................] - ETA: 16s - loss: 0.9646 - acc: 0.5833
 128/1424 [=>............................] - ETA: 16s - loss: 1.2414 - acc: 0.5859
 160/1424 [==>...........................] - ETA: 16s - loss: 1.1210 - acc: 0.5813
 192/1424 [===>..........................] - ETA: 15s - loss: 1.1070 - acc: 0.5625
 224/1424 [===>..........................] - ETA: 15s - loss: 1.0381 - acc: 0.5625
 256/1424 [====>.........................] - ETA: 14s - loss: 0.9804 - acc: 0.5742
 288/1424 [=====>........................] - ETA: 14s - loss: 0.9408 - acc: 0.5764
 320/1424 [=====>........................] - ETA: 14s - loss: 0.9088 - acc: 0.5656
 352/1424 [======>.......................] - ETA: 13s - loss: 0.9045 - acc: 0.5511
 384/1424 [=======>......................] - ETA: 13s - loss: 0.8789 - acc: 0.5547
 416/1424 [=======>......................] - ETA: 12s - loss: 0.8600 - acc: 0.5505
 448/1424 [========>.....................] - ETA: 12s - loss: 0.8436 - acc: 0.5513
 480/1424 [=========>....................] - ETA: 11s - loss: 0.8314 - acc: 0.5521
 512/1424 [=========>....................] - ETA: 11s - loss: 0.8169 - acc: 0.5527
 544/1424 [==========>...................] - ETA: 11s - loss: 0.8056 - acc: 0.5533
 576/1424 [===========>..................] - ETA: 10s - loss: 0.7933 - acc: 0.5573
 608/1424 [===========>..................] - ETA: 10s - loss: 0.7849 - acc: 0.5576
 640/1424 [============>.................] - ETA: 9s - loss: 0.7769 - acc: 0.5578 
 672/1424 [=============>................] - ETA: 9s - loss: 0.7713 - acc: 0.5551
 704/1424 [=============>................] - ETA: 9s - loss: 0.7614 - acc: 0.5639
 736/1424 [==============>...............] - ETA: 8s - loss: 0.8003 - acc: 0.5611
 768/1424 [===============>..............] - ETA: 8s - loss: 0.7899 - acc: 0.5664
 800/1424 [===============>..............] - ETA: 7s - loss: 0.7843 - acc: 0.5650
 832/1424 [================>.............] - ETA: 7s - loss: 0.7765 - acc: 0.5673
 864/1424 [=================>............] - ETA: 7s - loss: 0.7716 - acc: 0.5718
 896/1424 [=================>............] - ETA: 6s - loss: 0.7632 - acc: 0.5792
 928/1424 [==================>...........] - ETA: 6s - loss: 0.7571 - acc: 0.5884
 960/1424 [===================>..........] - ETA: 5s - loss: 0.7512 - acc: 0.5938
 992/1424 [===================>..........] - ETA: 5s - loss: 0.7622 - acc: 0.5958
1024/1424 [====================>.........] - ETA: 5s - loss: 0.7551 - acc: 0.6016
1056/1424 [=====================>........] - ETA: 4s - loss: 0.7479 - acc: 0.6051
1088/1424 [=====================>........] - ETA: 4s - loss: 0.7466 - acc: 0.6048
1120/1424 [======================>.......] - ETA: 3s - loss: 0.7412 - acc: 0.6107
1152/1424 [=======================>......] - ETA: 3s - loss: 0.7374 - acc: 0.6163
1184/1424 [=======================>......] - ETA: 3s - loss: 0.7319 - acc: 0.6216
1216/1424 [========================>.....] - ETA: 2s - loss: 0.7265 - acc: 0.6258
1248/1424 [=========================>....] - ETA: 2s - loss: 0.7227 - acc: 0.6282
1280/1424 [=========================>....] - ETA: 1s - loss: 0.7171 - acc: 0.6359
1312/1424 [==========================>...] - ETA: 1s - loss: 0.7133 - acc: 0.6387
1344/1424 [===========================>..] - ETA: 1s - loss: 0.7217 - acc: 0.6406
1376/1424 [===========================>..] - ETA: 0s - loss: 0.7155 - acc: 0.6446
1408/1424 [============================>.] - ETA: 0s - loss: 0.7129 - acc: 0.6449
1424/1424 [==============================] - 21s 15ms/step - loss: 0.7106 - acc: 0.6454 - val_loss: 0.5714 - val_acc: 0.8305
Train on 1424 samples, validate on 708 samples
Epoch 1/1

  32/1424 [..............................] - ETA: 17s - loss: 0.6219 - acc: 0.6562
  64/1424 [>.............................] - ETA: 17s - loss: 0.6750 - acc: 0.7500
  96/1424 [=>............................] - ETA: 16s - loss: 0.5998 - acc: 0.7708
 128/1424 [=>............................] - ETA: 16s - loss: 0.6860 - acc: 0.7812
 160/1424 [==>...........................] - ETA: 16s - loss: 0.7689 - acc: 0.7875
 192/1424 [===>..........................] - ETA: 15s - loss: 0.7332 - acc: 0.7865
 224/1424 [===>..........................] - ETA: 15s - loss: 0.6991 - acc: 0.7857
 256/1424 [====>.........................] - ETA: 14s - loss: 0.6837 - acc: 0.7734
 288/1424 [=====>........................] - ETA: 14s - loss: 0.6713 - acc: 0.7743
 320/1424 [=====>........................] - ETA: 13s - loss: 0.6613 - acc: 0.7688
 352/1424 [======>.......................] - ETA: 13s - loss: 0.6829 - acc: 0.7614
 384/1424 [=======>......................] - ETA: 13s - loss: 0.7139 - acc: 0.7500
 416/1424 [=======>......................] - ETA: 12s - loss: 0.7406 - acc: 0.7356
 448/1424 [========>.....................] - ETA: 12s - loss: 0.7307 - acc: 0.7344
 480/1424 [=========>....................] - ETA: 11s - loss: 0.7201 - acc: 0.7396
 512/1424 [=========>....................] - ETA: 11s - loss: 0.7119 - acc: 0.7363
 544/1424 [==========>...................] - ETA: 11s - loss: 0.7052 - acc: 0.7335
 576/1424 [===========>..................] - ETA: 10s - loss: 0.7014 - acc: 0.7326
 608/1424 [===========>..................] - ETA: 10s - loss: 0.6985 - acc: 0.7237
 640/1424 [============>.................] - ETA: 9s - loss: 0.6937 - acc: 0.7172 
 672/1424 [=============>................] - ETA: 9s - loss: 0.6860 - acc: 0.7202
 704/1424 [=============>................] - ETA: 9s - loss: 0.6808 - acc: 0.7216
 736/1424 [==============>...............] - ETA: 8s - loss: 0.6768 - acc: 0.7228
 768/1424 [===============>..............] - ETA: 8s - loss: 0.6899 - acc: 0.7253
 800/1424 [===============>..............] - ETA: 7s - loss: 0.6885 - acc: 0.7225
 832/1424 [================>.............] - ETA: 7s - loss: 0.6839 - acc: 0.7272
 864/1424 [=================>............] - ETA: 7s - loss: 0.6808 - acc: 0.7292
 896/1424 [=================>............] - ETA: 6s - loss: 0.6759 - acc: 0.7321
 928/1424 [==================>...........] - ETA: 6s - loss: 0.6727 - acc: 0.7295
 960/1424 [===================>..........] - ETA: 5s - loss: 0.6684 - acc: 0.7323
 992/1424 [===================>..........] - ETA: 5s - loss: 0.6689 - acc: 0.7349
1024/1424 [====================>.........] - ETA: 5s - loss: 0.6667 - acc: 0.7363
1056/1424 [=====================>........] - ETA: 4s - loss: 0.6714 - acc: 0.7330
1088/1424 [=====================>........] - ETA: 4s - loss: 0.6690 - acc: 0.7344
1120/1424 [======================>.......] - ETA: 3s - loss: 0.6668 - acc: 0.7384
1152/1424 [=======================>......] - ETA: 3s - loss: 0.6653 - acc: 0.7387
1184/1424 [=======================>......] - ETA: 3s - loss: 0.6655 - acc: 0.7348
1216/1424 [========================>.....] - ETA: 2s - loss: 0.6635 - acc: 0.7368
1248/1424 [=========================>....] - ETA: 2s - loss: 0.6616 - acc: 0.7388
1280/1424 [=========================>....] - ETA: 1s - loss: 0.6608 - acc: 0.7367
1312/1424 [==========================>...] - ETA: 1s - loss: 0.6598 - acc: 0.7386
1344/1424 [===========================>..] - ETA: 1s - loss: 0.6593 - acc: 0.7388
1376/1424 [===========================>..] - ETA: 0s - loss: 0.6584 - acc: 0.7398
1408/1424 [============================>.] - ETA: 0s - loss: 0.6569 - acc: 0.7415
1424/1424 [==============================] - 21s 15ms/step - loss: 0.6568 - acc: 0.7409 - val_loss: 0.6085 - val_acc: 0.8249
Train on 1424 samples, validate on 708 samples
Epoch 1/1

  32/1424 [..............................] - ETA: 17s - loss: 0.6258 - acc: 0.8125
  64/1424 [>.............................] - ETA: 17s - loss: 0.5996 - acc: 0.7969
  96/1424 [=>............................] - ETA: 16s - loss: 0.6055 - acc: 0.8021
 128/1424 [=>............................] - ETA: 16s - loss: 0.6105 - acc: 0.7812
 160/1424 [==>...........................] - ETA: 16s - loss: 0.6053 - acc: 0.7688
 192/1424 [===>..........................] - ETA: 15s - loss: 0.6044 - acc: 0.7708
 224/1424 [===>..........................] - ETA: 15s - loss: 0.6033 - acc: 0.7857
 256/1424 [====>.........................] - ETA: 14s - loss: 0.6066 - acc: 0.7695
 288/1424 [=====>........................] - ETA: 14s - loss: 0.6042 - acc: 0.7674
 320/1424 [=====>........................] - ETA: 14s - loss: 0.6041 - acc: 0.7562
 352/1424 [======>.......................] - ETA: 13s - loss: 0.6053 - acc: 0.7585
 384/1424 [=======>......................] - ETA: 13s - loss: 0.6061 - acc: 0.7552
 416/1424 [=======>......................] - ETA: 12s - loss: 0.6053 - acc: 0.7572
 448/1424 [========>.....................] - ETA: 12s - loss: 0.6025 - acc: 0.7612
 480/1424 [=========>....................] - ETA: 11s - loss: 0.6023 - acc: 0.7625
 512/1424 [=========>....................] - ETA: 11s - loss: 0.6060 - acc: 0.7656
 544/1424 [==========>...................] - ETA: 11s - loss: 0.6067 - acc: 0.7684
 576/1424 [===========>..................] - ETA: 10s - loss: 0.6047 - acc: 0.7708
 608/1424 [===========>..................] - ETA: 10s - loss: 0.6006 - acc: 0.7763
 640/1424 [============>.................] - ETA: 9s - loss: 0.5995 - acc: 0.7766 
 672/1424 [=============>................] - ETA: 9s - loss: 0.5981 - acc: 0.7798
 704/1424 [=============>................] - ETA: 9s - loss: 0.5971 - acc: 0.7741
 736/1424 [==============>...............] - ETA: 8s - loss: 0.6014 - acc: 0.7677
 768/1424 [===============>..............] - ETA: 8s - loss: 0.6020 - acc: 0.7669
 800/1424 [===============>..............] - ETA: 7s - loss: 0.6007 - acc: 0.7662
 832/1424 [================>.............] - ETA: 7s - loss: 0.5964 - acc: 0.7680
 864/1424 [=================>............] - ETA: 7s - loss: 0.5940 - acc: 0.7685
 896/1424 [=================>............] - ETA: 6s - loss: 0.5937 - acc: 0.7623
 928/1424 [==================>...........] - ETA: 6s - loss: 0.5923 - acc: 0.7629
 960/1424 [===================>..........] - ETA: 5s - loss: 0.5905 - acc: 0.7646
 992/1424 [===================>..........] - ETA: 5s - loss: 0.5853 - acc: 0.7681
1024/1424 [====================>.........] - ETA: 5s - loss: 0.5988 - acc: 0.7646
1056/1424 [=====================>........] - ETA: 4s - loss: 0.5977 - acc: 0.7661
1088/1424 [=====================>........] - ETA: 4s - loss: 0.5956 - acc: 0.7665
1120/1424 [======================>.......] - ETA: 3s - loss: 0.5939 - acc: 0.7679
1152/1424 [=======================>......] - ETA: 3s - loss: 0.5914 - acc: 0.7708
1184/1424 [=======================>......] - ETA: 3s - loss: 0.5922 - acc: 0.7711
1216/1424 [========================>.....] - ETA: 2s - loss: 0.5879 - acc: 0.7722
1248/1424 [=========================>....] - ETA: 2s - loss: 0.5845 - acc: 0.7748
1280/1424 [=========================>....] - ETA: 1s - loss: 0.5931 - acc: 0.7766
1312/1424 [==========================>...] - ETA: 1s - loss: 0.5913 - acc: 0.7774
1344/1424 [===========================>..] - ETA: 1s - loss: 0.5864 - acc: 0.7790
1376/1424 [===========================>..] - ETA: 0s - loss: 0.5815 - acc: 0.7812
1408/1424 [============================>.] - ETA: 0s - loss: 0.5860 - acc: 0.7820
1424/1424 [==============================] - 21s 15ms/step - loss: 0.5850 - acc: 0.7816 - val_loss: 0.4840 - val_acc: 0.8347
Train on 1424 samples, validate on 708 samples
Epoch 1/1

  32/1424 [..............................] - ETA: 17s - loss: 0.4432 - acc: 0.8125
  64/1424 [>.............................] - ETA: 17s - loss: 0.4417 - acc: 0.7969
  96/1424 [=>............................] - ETA: 16s - loss: 0.7713 - acc: 0.7917
 128/1424 [=>............................] - ETA: 16s - loss: 0.8155 - acc: 0.7891
 160/1424 [==>...........................] - ETA: 16s - loss: 0.7678 - acc: 0.7875
 192/1424 [===>..........................] - ETA: 15s - loss: 0.7213 - acc: 0.7760
 224/1424 [===>..........................] - ETA: 15s - loss: 0.6896 - acc: 0.7723
 256/1424 [====>.........................] - ETA: 14s - loss: 0.7151 - acc: 0.7656
 288/1424 [=====>........................] - ETA: 14s - loss: 0.6891 - acc: 0.7674
 320/1424 [=====>........................] - ETA: 14s - loss: 0.6882 - acc: 0.7594
 352/1424 [======>.......................] - ETA: 13s - loss: 0.6691 - acc: 0.7642
 384/1424 [=======>......................] - ETA: 13s - loss: 0.6898 - acc: 0.7604
 416/1424 [=======>......................] - ETA: 12s - loss: 0.6796 - acc: 0.7524
 448/1424 [========>.....................] - ETA: 12s - loss: 0.7262 - acc: 0.7411
 480/1424 [=========>....................] - ETA: 11s - loss: 0.7144 - acc: 0.7333
 512/1424 [=========>....................] - ETA: 11s - loss: 0.7079 - acc: 0.7227
 544/1424 [==========>...................] - ETA: 11s - loss: 0.6979 - acc: 0.7298
 576/1424 [===========>..................] - ETA: 10s - loss: 0.6892 - acc: 0.7309
 608/1424 [===========>..................] - ETA: 10s - loss: 0.7041 - acc: 0.7352
 640/1424 [============>.................] - ETA: 9s - loss: 0.6966 - acc: 0.7344 
 672/1424 [=============>................] - ETA: 9s - loss: 0.6901 - acc: 0.7336
 704/1424 [=============>................] - ETA: 9s - loss: 0.6823 - acc: 0.7330
 736/1424 [==============>...............] - ETA: 8s - loss: 0.6771 - acc: 0.7323
 768/1424 [===============>..............] - ETA: 8s - loss: 0.6715 - acc: 0.7318
 800/1424 [===============>..............] - ETA: 7s - loss: 0.6689 - acc: 0.7288
 832/1424 [================>.............] - ETA: 7s - loss: 0.6684 - acc: 0.7236
 864/1424 [=================>............] - ETA: 7s - loss: 0.6650 - acc: 0.7257
 896/1424 [=================>............] - ETA: 6s - loss: 0.6603 - acc: 0.7288
 928/1424 [==================>...........] - ETA: 6s - loss: 0.6568 - acc: 0.7295
 960/1424 [===================>..........] - ETA: 5s - loss: 0.6546 - acc: 0.7281
 992/1424 [===================>..........] - ETA: 5s - loss: 0.6512 - acc: 0.7298
1024/1424 [====================>.........] - ETA: 5s - loss: 0.6493 - acc: 0.7305
1056/1424 [=====================>........] - ETA: 4s - loss: 0.6447 - acc: 0.7330
1088/1424 [=====================>........] - ETA: 4s - loss: 0.6417 - acc: 0.7353
1120/1424 [======================>.......] - ETA: 3s - loss: 0.6401 - acc: 0.7357
1152/1424 [=======================>......] - ETA: 3s - loss: 0.6377 - acc: 0.7387
1184/1424 [=======================>......] - ETA: 3s - loss: 0.6371 - acc: 0.7382
1216/1424 [========================>.....] - ETA: 2s - loss: 0.6343 - acc: 0.7410
1248/1424 [=========================>....] - ETA: 2s - loss: 0.6431 - acc: 0.7428
1280/1424 [=========================>....] - ETA: 1s - loss: 0.6397 - acc: 0.7438
1312/1424 [==========================>...] - ETA: 1s - loss: 0.6383 - acc: 0.7439
1344/1424 [===========================>..] - ETA: 1s - loss: 0.6346 - acc: 0.7463
1376/1424 [===========================>..] - ETA: 0s - loss: 0.6450 - acc: 0.7449
1408/1424 [============================>.] - ETA: 0s - loss: 0.6429 - acc: 0.7450
1424/1424 [==============================] - 21s 15ms/step - loss: 0.6411 - acc: 0.7465 - val_loss: 0.5311 - val_acc: 0.8446
Train on 1424 samples, validate on 708 samples
Epoch 1/1

  32/1424 [..............................] - ETA: 17s - loss: 1.0082 - acc: 0.7500
  64/1424 [>.............................] - ETA: 17s - loss: 1.0031 - acc: 0.7812
  96/1424 [=>............................] - ETA: 16s - loss: 0.8360 - acc: 0.7917
 128/1424 [=>............................] - ETA: 16s - loss: 0.7605 - acc: 0.7734
 160/1424 [==>...........................] - ETA: 16s - loss: 0.7201 - acc: 0.7625
 192/1424 [===>..........................] - ETA: 15s - loss: 0.6812 - acc: 0.7760
 224/1424 [===>..........................] - ETA: 15s - loss: 0.6527 - acc: 0.7812
 256/1424 [====>.........................] - ETA: 14s - loss: 0.6354 - acc: 0.7773
 288/1424 [=====>........................] - ETA: 14s - loss: 0.6231 - acc: 0.7847
 320/1424 [=====>........................] - ETA: 14s - loss: 0.6125 - acc: 0.7812
 352/1424 [======>.......................] - ETA: 13s - loss: 0.6011 - acc: 0.7841
 384/1424 [=======>......................] - ETA: 13s - loss: 0.5964 - acc: 0.7812
 416/1424 [=======>......................] - ETA: 12s - loss: 0.5977 - acc: 0.7716
 448/1424 [========>.....................] - ETA: 12s - loss: 0.6185 - acc: 0.7768
 480/1424 [=========>....................] - ETA: 11s - loss: 0.6144 - acc: 0.7729
 512/1424 [=========>....................] - ETA: 11s - loss: 0.6052 - acc: 0.7773
 544/1424 [==========>...................] - ETA: 11s - loss: 0.5975 - acc: 0.7812
 576/1424 [===========>..................] - ETA: 10s - loss: 0.5938 - acc: 0.7760
 608/1424 [===========>..................] - ETA: 10s - loss: 0.5898 - acc: 0.7747
 640/1424 [============>.................] - ETA: 9s - loss: 0.5822 - acc: 0.7766 
 672/1424 [=============>................] - ETA: 9s - loss: 0.5802 - acc: 0.7753
 704/1424 [=============>................] - ETA: 9s - loss: 0.5745 - acc: 0.7784
 736/1424 [==============>...............] - ETA: 8s - loss: 0.5690 - acc: 0.7826
 768/1424 [===============>..............] - ETA: 8s - loss: 0.5624 - acc: 0.7865
 800/1424 [===============>..............] - ETA: 7s - loss: 0.5793 - acc: 0.7850
 832/1424 [================>.............] - ETA: 7s - loss: 0.5725 - acc: 0.7861
 864/1424 [=================>............] - ETA: 7s - loss: 0.5697 - acc: 0.7812
 896/1424 [=================>............] - ETA: 6s - loss: 0.5640 - acc: 0.7846
 928/1424 [==================>...........] - ETA: 6s - loss: 0.6010 - acc: 0.7780
 960/1424 [===================>..........] - ETA: 5s - loss: 0.6151 - acc: 0.7781
 992/1424 [===================>..........] - ETA: 5s - loss: 0.6098 - acc: 0.7802
1024/1424 [====================>.........] - ETA: 5s - loss: 0.6439 - acc: 0.7764
1056/1424 [=====================>........] - ETA: 4s - loss: 0.6410 - acc: 0.7756
1088/1424 [=====================>........] - ETA: 4s - loss: 0.6500 - acc: 0.7748
1120/1424 [======================>.......] - ETA: 3s - loss: 0.6504 - acc: 0.7723
1152/1424 [=======================>......] - ETA: 3s - loss: 0.6759 - acc: 0.7648
1184/1424 [=======================>......] - ETA: 3s - loss: 0.6988 - acc: 0.7593
1216/1424 [========================>.....] - ETA: 2s - loss: 0.7804 - acc: 0.7541
1248/1424 [=========================>....] - ETA: 2s - loss: 0.7894 - acc: 0.7524
1280/1424 [=========================>....] - ETA: 1s - loss: 0.8235 - acc: 0.7492
1312/1424 [==========================>...] - ETA: 1s - loss: 0.8717 - acc: 0.7462
1344/1424 [===========================>..] - ETA: 1s - loss: 0.9151 - acc: 0.7433
1376/1424 [===========================>..] - ETA: 0s - loss: 0.9626 - acc: 0.7384
1408/1424 [============================>.] - ETA: 0s - loss: 0.9929 - acc: 0.7315
1424/1424 [==============================] - 21s 15ms/step - loss: 0.9985 - acc: 0.7303 - val_loss: 1.8456 - val_acc: 0.5085
Train on 1424 samples, validate on 708 samples
Epoch 1/1

  32/1424 [..............................] - ETA: 17s - loss: 2.2598 - acc: 0.6250
  64/1424 [>.............................] - ETA: 17s - loss: 2.6014 - acc: 0.5938
  96/1424 [=>............................] - ETA: 16s - loss: 3.0606 - acc: 0.5417
 128/1424 [=>............................] - ETA: 16s - loss: 2.7822 - acc: 0.5469
 160/1424 [==>...........................] - ETA: 16s - loss: 2.4254 - acc: 0.5312
 192/1424 [===>..........................] - ETA: 15s - loss: 2.3867 - acc: 0.5208
 224/1424 [===>..........................] - ETA: 15s - loss: 2.4496 - acc: 0.5134
 256/1424 [====>.........................] - ETA: 14s - loss: 2.3501 - acc: 0.5312
 288/1424 [=====>........................] - ETA: 14s - loss: 2.2169 - acc: 0.5278
 320/1424 [=====>........................] - ETA: 14s - loss: 2.0552 - acc: 0.5344
 352/1424 [======>.......................] - ETA: 13s - loss: 1.9662 - acc: 0.5426
 384/1424 [=======>......................] - ETA: 13s - loss: 1.8892 - acc: 0.5469
 416/1424 [=======>......................] - ETA: 12s - loss: 1.8543 - acc: 0.5361
 448/1424 [========>.....................] - ETA: 12s - loss: 1.7913 - acc: 0.5379
 480/1424 [=========>....................] - ETA: 11s - loss: 1.7727 - acc: 0.5354
 512/1424 [=========>....................] - ETA: 11s - loss: 1.7302 - acc: 0.5410
 544/1424 [==========>...................] - ETA: 11s - loss: 1.6724 - acc: 0.5441
 576/1424 [===========>..................] - ETA: 10s - loss: 1.6183 - acc: 0.5399
 608/1424 [===========>..................] - ETA: 10s - loss: 1.5687 - acc: 0.5411
 640/1424 [============>.................] - ETA: 9s - loss: 1.5671 - acc: 0.5406 
 672/1424 [=============>................] - ETA: 9s - loss: 1.5519 - acc: 0.5342
 704/1424 [=============>................] - ETA: 9s - loss: 1.5107 - acc: 0.5398
 736/1424 [==============>...............] - ETA: 8s - loss: 1.4896 - acc: 0.5408
 768/1424 [===============>..............] - ETA: 8s - loss: 1.4516 - acc: 0.5482
 800/1424 [===============>..............] - ETA: 7s - loss: 1.4370 - acc: 0.5475
 832/1424 [================>.............] - ETA: 7s - loss: 1.4254 - acc: 0.5469
 864/1424 [=================>............] - ETA: 7s - loss: 1.3952 - acc: 0.5475
 896/1424 [=================>............] - ETA: 6s - loss: 1.3683 - acc: 0.5480
 928/1424 [==================>...........] - ETA: 6s - loss: 1.3417 - acc: 0.5528
 960/1424 [===================>..........] - ETA: 5s - loss: 1.3177 - acc: 0.5563
 992/1424 [===================>..........] - ETA: 5s - loss: 1.3124 - acc: 0.5554
1024/1424 [====================>.........] - ETA: 5s - loss: 1.2942 - acc: 0.5566
1056/1424 [=====================>........] - ETA: 4s - loss: 1.2739 - acc: 0.5606
1088/1424 [=====================>........] - ETA: 4s - loss: 1.2559 - acc: 0.5625
1120/1424 [======================>.......] - ETA: 3s - loss: 1.2541 - acc: 0.5661
1152/1424 [=======================>......] - ETA: 3s - loss: 1.2363 - acc: 0.5720
1184/1424 [=======================>......] - ETA: 3s - loss: 1.2183 - acc: 0.5777
1216/1424 [========================>.....] - ETA: 2s - loss: 1.2034 - acc: 0.5789
1248/1424 [=========================>....] - ETA: 2s - loss: 1.2037 - acc: 0.5761
1280/1424 [=========================>....] - ETA: 1s - loss: 1.2014 - acc: 0.5773
1312/1424 [==========================>...] - ETA: 1s - loss: 1.1883 - acc: 0.5762
1344/1424 [===========================>..] - ETA: 1s - loss: 1.1750 - acc: 0.5796
1376/1424 [===========================>..] - ETA: 0s - loss: 1.1628 - acc: 0.5814
1408/1424 [============================>.] - ETA: 0s - loss: 1.1514 - acc: 0.5824
1424/1424 [==============================] - 21s 15ms/step - loss: 1.1448 - acc: 0.5843 - val_loss: 0.6597 - val_acc: 0.7740
Train on 1424 samples, validate on 708 samples
Epoch 1/1

  32/1424 [..............................] - ETA: 17s - loss: 0.6525 - acc: 0.5625
  64/1424 [>.............................] - ETA: 17s - loss: 0.6356 - acc: 0.6562
  96/1424 [=>............................] - ETA: 16s - loss: 0.6565 - acc: 0.6458
 128/1424 [=>............................] - ETA: 16s - loss: 0.7264 - acc: 0.6797
 160/1424 [==>...........................] - ETA: 15s - loss: 0.7091 - acc: 0.6875
 192/1424 [===>..........................] - ETA: 15s - loss: 0.7762 - acc: 0.6615
 224/1424 [===>..........................] - ETA: 15s - loss: 0.7617 - acc: 0.6741
 256/1424 [====>.........................] - ETA: 14s - loss: 0.7524 - acc: 0.6484
 288/1424 [=====>........................] - ETA: 14s - loss: 0.7929 - acc: 0.6424
 320/1424 [=====>........................] - ETA: 13s - loss: 0.7790 - acc: 0.6500
 352/1424 [======>.......................] - ETA: 13s - loss: 0.8073 - acc: 0.6676
 384/1424 [=======>......................] - ETA: 13s - loss: 0.7927 - acc: 0.6719
 416/1424 [=======>......................] - ETA: 12s - loss: 0.7813 - acc: 0.6731
 448/1424 [========>.....................] - ETA: 12s - loss: 0.7762 - acc: 0.6719
 480/1424 [=========>....................] - ETA: 11s - loss: 0.7646 - acc: 0.6729
 512/1424 [=========>....................] - ETA: 11s - loss: 0.7559 - acc: 0.6777
 544/1424 [==========>...................] - ETA: 11s - loss: 0.7472 - acc: 0.6857
 576/1424 [===========>..................] - ETA: 10s - loss: 0.7440 - acc: 0.6840
 608/1424 [===========>..................] - ETA: 10s - loss: 0.7379 - acc: 0.6875
 640/1424 [============>.................] - ETA: 9s - loss: 0.7326 - acc: 0.6844 
 672/1424 [=============>................] - ETA: 9s - loss: 0.7283 - acc: 0.6845
 704/1424 [=============>................] - ETA: 9s - loss: 0.7235 - acc: 0.6861
 736/1424 [==============>...............] - ETA: 8s - loss: 0.7161 - acc: 0.6929
 768/1424 [===============>..............] - ETA: 8s - loss: 0.7326 - acc: 0.6901
 800/1424 [===============>..............] - ETA: 7s - loss: 0.7290 - acc: 0.6863
 832/1424 [================>.............] - ETA: 7s - loss: 0.7242 - acc: 0.6839
 864/1424 [=================>............] - ETA: 7s - loss: 0.7198 - acc: 0.6887
 896/1424 [=================>............] - ETA: 6s - loss: 0.7165 - acc: 0.6897
 928/1424 [==================>...........] - ETA: 6s - loss: 0.7135 - acc: 0.6918
 960/1424 [===================>..........] - ETA: 5s - loss: 0.7112 - acc: 0.6927
 992/1424 [===================>..........] - ETA: 5s - loss: 0.7091 - acc: 0.6885
1024/1424 [====================>.........] - ETA: 5s - loss: 0.7057 - acc: 0.6885
1056/1424 [=====================>........] - ETA: 4s - loss: 0.7020 - acc: 0.6922
1088/1424 [=====================>........] - ETA: 4s - loss: 0.6996 - acc: 0.6921
1120/1424 [======================>.......] - ETA: 3s - loss: 0.6980 - acc: 0.6893
1152/1424 [=======================>......] - ETA: 3s - loss: 0.6963 - acc: 0.6892
1184/1424 [=======================>......] - ETA: 3s - loss: 0.7074 - acc: 0.6900
1216/1424 [========================>.....] - ETA: 2s - loss: 0.7053 - acc: 0.6908
1248/1424 [=========================>....] - ETA: 2s - loss: 0.7021 - acc: 0.6923
1280/1424 [=========================>....] - ETA: 1s - loss: 0.6999 - acc: 0.6906
1312/1424 [==========================>...] - ETA: 1s - loss: 0.7070 - acc: 0.6898
1344/1424 [===========================>..] - ETA: 1s - loss: 0.7045 - acc: 0.6897
1376/1424 [===========================>..] - ETA: 0s - loss: 0.7038 - acc: 0.6868
1408/1424 [============================>.] - ETA: 0s - loss: 0.7017 - acc: 0.6875
1424/1424 [==============================] - 21s 15ms/step - loss: 0.7010 - acc: 0.6875 - val_loss: 0.6463 - val_acc: 0.5494
Train on 1424 samples, validate on 708 samples
Epoch 1/1

  32/1424 [..............................] - ETA: 17s - loss: 0.6264 - acc: 0.5938
  64/1424 [>.............................] - ETA: 17s - loss: 0.6513 - acc: 0.5312
  96/1424 [=>............................] - ETA: 16s - loss: 0.6530 - acc: 0.5417
 128/1424 [=>............................] - ETA: 16s - loss: 0.6551 - acc: 0.5391
 160/1424 [==>...........................] - ETA: 16s - loss: 0.6682 - acc: 0.5125
 192/1424 [===>..........................] - ETA: 15s - loss: 0.6576 - acc: 0.5208
 224/1424 [===>..........................] - ETA: 15s - loss: 0.6606 - acc: 0.5134
 256/1424 [====>.........................] - ETA: 14s - loss: 0.6614 - acc: 0.5078
 288/1424 [=====>........................] - ETA: 14s - loss: 0.6539 - acc: 0.5139
 320/1424 [=====>........................] - ETA: 13s - loss: 0.6556 - acc: 0.5125
 352/1424 [======>.......................] - ETA: 13s - loss: 0.6542 - acc: 0.5227
 384/1424 [=======>......................] - ETA: 13s - loss: 0.6519 - acc: 0.5312
 416/1424 [=======>......................] - ETA: 12s - loss: 0.6517 - acc: 0.5337
 448/1424 [========>.....................] - ETA: 12s - loss: 0.6538 - acc: 0.5312
 480/1424 [=========>....................] - ETA: 11s - loss: 0.6553 - acc: 0.5333
 512/1424 [=========>....................] - ETA: 11s - loss: 0.6595 - acc: 0.5273
 544/1424 [==========>...................] - ETA: 11s - loss: 0.6599 - acc: 0.5239
 576/1424 [===========>..................] - ETA: 10s - loss: 0.6560 - acc: 0.5312
 608/1424 [===========>..................] - ETA: 10s - loss: 0.6532 - acc: 0.5345
 640/1424 [============>.................] - ETA: 9s - loss: 0.6515 - acc: 0.5375 
 672/1424 [=============>................] - ETA: 9s - loss: 0.6515 - acc: 0.5372
 704/1424 [=============>................] - ETA: 9s - loss: 0.6486 - acc: 0.5440
 736/1424 [==============>...............] - ETA: 8s - loss: 0.6477 - acc: 0.5476
 768/1424 [===============>..............] - ETA: 8s - loss: 0.6458 - acc: 0.5482
 800/1424 [===============>..............] - ETA: 7s - loss: 0.6419 - acc: 0.5563
 832/1424 [================>.............] - ETA: 7s - loss: 0.6421 - acc: 0.5589
 864/1424 [=================>............] - ETA: 7s - loss: 0.6405 - acc: 0.5637
 896/1424 [=================>............] - ETA: 6s - loss: 0.6430 - acc: 0.5569
 928/1424 [==================>...........] - ETA: 6s - loss: 0.6431 - acc: 0.5539
 960/1424 [===================>..........] - ETA: 5s - loss: 0.6430 - acc: 0.5531
 992/1424 [===================>..........] - ETA: 5s - loss: 0.6451 - acc: 0.5514
1024/1424 [====================>.........] - ETA: 5s - loss: 0.6437 - acc: 0.5518
1056/1424 [=====================>........] - ETA: 4s - loss: 0.6457 - acc: 0.5483
1088/1424 [=====================>........] - ETA: 4s - loss: 0.6462 - acc: 0.5478
1120/1424 [======================>.......] - ETA: 3s - loss: 0.6464 - acc: 0.5482
1152/1424 [=======================>......] - ETA: 3s - loss: 0.6474 - acc: 0.5460
1184/1424 [=======================>......] - ETA: 3s - loss: 0.6468 - acc: 0.5481
1216/1424 [========================>.....] - ETA: 2s - loss: 0.6468 - acc: 0.5477
1248/1424 [=========================>....] - ETA: 2s - loss: 0.6460 - acc: 0.5505
1280/1424 [=========================>....] - ETA: 1s - loss: 0.6490 - acc: 0.5484
1312/1424 [==========================>...] - ETA: 1s - loss: 0.6502 - acc: 0.5465
1344/1424 [===========================>..] - ETA: 1s - loss: 0.6500 - acc: 0.5513
1376/1424 [===========================>..] - ETA: 0s - loss: 0.6492 - acc: 0.5545
1408/1424 [============================>.] - ETA: 0s - loss: 0.6489 - acc: 0.5561
1424/1424 [==============================] - 21s 15ms/step - loss: 0.6485 - acc: 0.5590 - val_loss: 0.6183 - val_acc: 0.7486
Train on 1424 samples, validate on 708 samples
Epoch 1/1

  32/1424 [..............................] - ETA: 17s - loss: 0.6309 - acc: 0.6562
  64/1424 [>.............................] - ETA: 17s - loss: 0.6438 - acc: 0.6719
  96/1424 [=>............................] - ETA: 16s - loss: 0.6364 - acc: 0.6771
 128/1424 [=>............................] - ETA: 16s - loss: 0.6471 - acc: 0.6797
 160/1424 [==>...........................] - ETA: 16s - loss: 0.6354 - acc: 0.6687
 192/1424 [===>..........................] - ETA: 15s - loss: 0.6224 - acc: 0.7031
 224/1424 [===>..........................] - ETA: 15s - loss: 0.6218 - acc: 0.7143
 256/1424 [====>.........................] - ETA: 14s - loss: 0.6205 - acc: 0.7031
 288/1424 [=====>........................] - ETA: 14s - loss: 0.6165 - acc: 0.7083
 320/1424 [=====>........................] - ETA: 14s - loss: 0.6173 - acc: 0.7063
 352/1424 [======>.......................] - ETA: 13s - loss: 0.6163 - acc: 0.7074
 384/1424 [=======>......................] - ETA: 13s - loss: 0.6212 - acc: 0.6953
 416/1424 [=======>......................] - ETA: 12s - loss: 0.6186 - acc: 0.6995
 448/1424 [========>.....................] - ETA: 12s - loss: 0.6158 - acc: 0.7121
 480/1424 [=========>....................] - ETA: 11s - loss: 0.6155 - acc: 0.7104
 512/1424 [=========>....................] - ETA: 11s - loss: 0.6179 - acc: 0.7070
 544/1424 [==========>...................] - ETA: 11s - loss: 0.6181 - acc: 0.7132
 576/1424 [===========>..................] - ETA: 10s - loss: 0.6144 - acc: 0.7222
 608/1424 [===========>..................] - ETA: 10s - loss: 0.6126 - acc: 0.7220
 640/1424 [============>.................] - ETA: 9s - loss: 0.6130 - acc: 0.7141 
 672/1424 [=============>................] - ETA: 9s - loss: 0.6100 - acc: 0.7173
 704/1424 [=============>................] - ETA: 9s - loss: 0.6090 - acc: 0.7202
 736/1424 [==============>...............] - ETA: 8s - loss: 0.6073 - acc: 0.7242
 768/1424 [===============>..............] - ETA: 8s - loss: 0.6097 - acc: 0.7174
 800/1424 [===============>..............] - ETA: 7s - loss: 0.6275 - acc: 0.7188
 832/1424 [================>.............] - ETA: 7s - loss: 0.6632 - acc: 0.7163
 864/1424 [=================>............] - ETA: 7s - loss: 0.6640 - acc: 0.7153
 896/1424 [=================>............] - ETA: 6s - loss: 0.6617 - acc: 0.7199
 928/1424 [==================>...........] - ETA: 6s - loss: 0.6568 - acc: 0.7252
 960/1424 [===================>..........] - ETA: 5s - loss: 0.6545 - acc: 0.7260
 992/1424 [===================>..........] - ETA: 5s - loss: 0.6511 - acc: 0.7278
1024/1424 [====================>.........] - ETA: 5s - loss: 0.6486 - acc: 0.7285
1056/1424 [=====================>........] - ETA: 4s - loss: 0.6461 - acc: 0.7292
1088/1424 [=====================>........] - ETA: 4s - loss: 0.6427 - acc: 0.7307
1120/1424 [======================>.......] - ETA: 3s - loss: 0.6410 - acc: 0.7304
1152/1424 [=======================>......] - ETA: 3s - loss: 0.6387 - acc: 0.7318
1184/1424 [=======================>......] - ETA: 3s - loss: 0.6375 - acc: 0.7323
1216/1424 [========================>.....] - ETA: 2s - loss: 0.6353 - acc: 0.7352
1248/1424 [=========================>....] - ETA: 2s - loss: 0.6351 - acc: 0.7332
1280/1424 [=========================>....] - ETA: 1s - loss: 0.6346 - acc: 0.7328
1312/1424 [==========================>...] - ETA: 1s - loss: 0.6575 - acc: 0.7317
1344/1424 [===========================>..] - ETA: 1s - loss: 0.6559 - acc: 0.7307
1376/1424 [===========================>..] - ETA: 0s - loss: 0.6546 - acc: 0.7318
1408/1424 [============================>.] - ETA: 0s - loss: 0.6530 - acc: 0.7337
1424/1424 [==============================] - 21s 15ms/step - loss: 0.6515 - acc: 0.7360 - val_loss: 0.5786 - val_acc: 0.7811
Train on 1424 samples, validate on 708 samples
Epoch 1/1

  32/1424 [..............................] - ETA: 17s - loss: 0.5818 - acc: 0.7500
  64/1424 [>.............................] - ETA: 17s - loss: 0.8246 - acc: 0.6719
  96/1424 [=>............................] - ETA: 16s - loss: 0.9052 - acc: 0.6771
 128/1424 [=>............................] - ETA: 16s - loss: 0.8273 - acc: 0.6875
 160/1424 [==>...........................] - ETA: 16s - loss: 0.9636 - acc: 0.6813
 192/1424 [===>..........................] - ETA: 15s - loss: 0.8986 - acc: 0.7031
 224/1424 [===>..........................] - ETA: 15s - loss: 0.9158 - acc: 0.7188
 256/1424 [====>.........................] - ETA: 14s - loss: 0.8716 - acc: 0.7148
 288/1424 [=====>........................] - ETA: 14s - loss: 0.8409 - acc: 0.7153
 320/1424 [=====>........................] - ETA: 14s - loss: 0.8158 - acc: 0.7125
 352/1424 [======>.......................] - ETA: 13s - loss: 0.7949 - acc: 0.7045
 384/1424 [=======>......................] - ETA: 13s - loss: 0.7753 - acc: 0.7083
 416/1424 [=======>......................] - ETA: 12s - loss: 0.7638 - acc: 0.7067
 448/1424 [========>.....................] - ETA: 12s - loss: 0.7459 - acc: 0.7165
 480/1424 [=========>....................] - ETA: 11s - loss: 0.7355 - acc: 0.7188
 512/1424 [=========>....................] - ETA: 11s - loss: 0.7254 - acc: 0.7227
 544/1424 [==========>...................] - ETA: 11s - loss: 0.7156 - acc: 0.7261
 576/1424 [===========>..................] - ETA: 10s - loss: 0.7100 - acc: 0.7222
 608/1424 [===========>..................] - ETA: 10s - loss: 0.7038 - acc: 0.7204
 640/1424 [============>.................] - ETA: 9s - loss: 0.7286 - acc: 0.7172 
 672/1424 [=============>................] - ETA: 9s - loss: 0.7424 - acc: 0.7158
 704/1424 [=============>................] - ETA: 9s - loss: 0.7337 - acc: 0.7173
 736/1424 [==============>...............] - ETA: 8s - loss: 0.7263 - acc: 0.7201
 768/1424 [===============>..............] - ETA: 8s - loss: 0.7196 - acc: 0.7214
 800/1424 [===============>..............] - ETA: 7s - loss: 0.7125 - acc: 0.7275
 832/1424 [================>.............] - ETA: 7s - loss: 0.7449 - acc: 0.7272
 864/1424 [=================>............] - ETA: 7s - loss: 0.8102 - acc: 0.7234
 896/1424 [=================>............] - ETA: 6s - loss: 0.8508 - acc: 0.7232
 928/1424 [==================>...........] - ETA: 6s - loss: 0.8712 - acc: 0.7263
 960/1424 [===================>..........] - ETA: 5s - loss: 0.9326 - acc: 0.7219
 992/1424 [===================>..........] - ETA: 5s - loss: 0.9328 - acc: 0.7248
1024/1424 [====================>.........] - ETA: 5s - loss: 0.9206 - acc: 0.7275
1056/1424 [=====================>........] - ETA: 4s - loss: 0.9243 - acc: 0.7273
1088/1424 [=====================>........] - ETA: 4s - loss: 0.9122 - acc: 0.7279
1120/1424 [======================>.......] - ETA: 3s - loss: 0.9045 - acc: 0.7250
1152/1424 [=======================>......] - ETA: 3s - loss: 0.8948 - acc: 0.7240
1184/1424 [=======================>......] - ETA: 3s - loss: 0.8993 - acc: 0.7238
1216/1424 [========================>.....] - ETA: 2s - loss: 0.8950 - acc: 0.7220
1248/1424 [=========================>....] - ETA: 2s - loss: 0.8996 - acc: 0.7188
1280/1424 [=========================>....] - ETA: 1s - loss: 0.9092 - acc: 0.7109
1312/1424 [==========================>...] - ETA: 1s - loss: 0.9046 - acc: 0.7081
1344/1424 [===========================>..] - ETA: 1s - loss: 0.8939 - acc: 0.7076
1376/1424 [===========================>..] - ETA: 0s - loss: 0.8995 - acc: 0.7078
1408/1424 [============================>.] - ETA: 0s - loss: 0.8952 - acc: 0.7045
1424/1424 [==============================] - 21s 15ms/step - loss: 0.8936 - acc: 0.7015 - val_loss: 0.7383 - val_acc: 0.5438
Train on 1424 samples, validate on 708 samples
Epoch 1/1

  32/1424 [..............................] - ETA: 17s - loss: 0.6982 - acc: 0.5625
  64/1424 [>.............................] - ETA: 17s - loss: 0.8019 - acc: 0.5781
  96/1424 [=>............................] - ETA: 17s - loss: 0.7849 - acc: 0.5833
 128/1424 [=>............................] - ETA: 16s - loss: 0.9067 - acc: 0.5547
 160/1424 [==>...........................] - ETA: 16s - loss: 0.8610 - acc: 0.5625
 192/1424 [===>..........................] - ETA: 15s - loss: 0.8545 - acc: 0.5312
 224/1424 [===>..........................] - ETA: 15s - loss: 0.8589 - acc: 0.5134
 256/1424 [====>.........................] - ETA: 14s - loss: 0.8517 - acc: 0.5273
 288/1424 [=====>........................] - ETA: 14s - loss: 0.8265 - acc: 0.5382
 320/1424 [=====>........................] - ETA: 14s - loss: 0.8117 - acc: 0.5437
 352/1424 [======>.......................] - ETA: 13s - loss: 0.7952 - acc: 0.5483
 384/1424 [=======>......................] - ETA: 13s - loss: 0.8392 - acc: 0.5443
 416/1424 [=======>......................] - ETA: 12s - loss: 0.8329 - acc: 0.5409
 448/1424 [========>.....................] - ETA: 12s - loss: 0.8376 - acc: 0.5424
 480/1424 [=========>....................] - ETA: 12s - loss: 0.8146 - acc: 0.5521
 512/1424 [=========>....................] - ETA: 11s - loss: 0.8249 - acc: 0.5586
 544/1424 [==========>...................] - ETA: 11s - loss: 0.8150 - acc: 0.5625
 576/1424 [===========>..................] - ETA: 10s - loss: 0.8069 - acc: 0.5625
 608/1424 [===========>..................] - ETA: 10s - loss: 0.8037 - acc: 0.5592
 640/1424 [============>.................] - ETA: 9s - loss: 0.7928 - acc: 0.5609 
 672/1424 [=============>................] - ETA: 9s - loss: 0.7987 - acc: 0.5580
 704/1424 [=============>................] - ETA: 9s - loss: 0.7901 - acc: 0.5611
 736/1424 [==============>...............] - ETA: 8s - loss: 0.7798 - acc: 0.5639
 768/1424 [===============>..............] - ETA: 8s - loss: 0.8098 - acc: 0.5677
 800/1424 [===============>..............] - ETA: 7s - loss: 0.7958 - acc: 0.5787
 832/1424 [================>.............] - ETA: 7s - loss: 0.8115 - acc: 0.5757
 864/1424 [=================>............] - ETA: 7s - loss: 0.7964 - acc: 0.5845
 896/1424 [=================>............] - ETA: 6s - loss: 0.7907 - acc: 0.5871
 928/1424 [==================>...........] - ETA: 6s - loss: 0.7863 - acc: 0.5916
 960/1424 [===================>..........] - ETA: 5s - loss: 0.7795 - acc: 0.5938
 992/1424 [===================>..........] - ETA: 5s - loss: 0.7740 - acc: 0.5948
1024/1424 [====================>.........] - ETA: 5s - loss: 0.7751 - acc: 0.5947
1056/1424 [=====================>........] - ETA: 4s - loss: 0.7701 - acc: 0.6004
1088/1424 [=====================>........] - ETA: 4s - loss: 0.7644 - acc: 0.6039
1120/1424 [======================>.......] - ETA: 3s - loss: 0.7614 - acc: 0.6071
1152/1424 [=======================>......] - ETA: 3s - loss: 0.7555 - acc: 0.6094
1184/1424 [=======================>......] - ETA: 3s - loss: 0.7488 - acc: 0.6140
1216/1424 [========================>.....] - ETA: 2s - loss: 0.7443 - acc: 0.6151
1248/1424 [=========================>....] - ETA: 2s - loss: 0.7458 - acc: 0.6154
1280/1424 [=========================>....] - ETA: 1s - loss: 0.7433 - acc: 0.6164
1312/1424 [==========================>...] - ETA: 1s - loss: 0.7521 - acc: 0.6181
1344/1424 [===========================>..] - ETA: 1s - loss: 0.7497 - acc: 0.6213
1376/1424 [===========================>..] - ETA: 0s - loss: 0.7456 - acc: 0.6250
1408/1424 [============================>.] - ETA: 0s - loss: 0.7407 - acc: 0.6278
1424/1424 [==============================] - 21s 15ms/step - loss: 0.7381 - acc: 0.6292 - val_loss: 0.6422 - val_acc: 0.7571
Train on 1424 samples, validate on 708 samples
Epoch 1/1

  32/1424 [..............................] - ETA: 17s - loss: 1.0631 - acc: 0.6875
  64/1424 [>.............................] - ETA: 17s - loss: 1.0500 - acc: 0.6719
  96/1424 [=>............................] - ETA: 16s - loss: 1.0312 - acc: 0.7396
 128/1424 [=>............................] - ETA: 16s - loss: 0.9435 - acc: 0.7031
 160/1424 [==>...........................] - ETA: 15s - loss: 0.8800 - acc: 0.7063
 192/1424 [===>..........................] - ETA: 15s - loss: 0.8125 - acc: 0.7240
 224/1424 [===>..........................] - ETA: 15s - loss: 0.8415 - acc: 0.7321
 256/1424 [====>.........................] - ETA: 14s - loss: 0.7977 - acc: 0.7383
 288/1424 [=====>........................] - ETA: 14s - loss: 0.7772 - acc: 0.7292
 320/1424 [=====>........................] - ETA: 13s - loss: 0.7627 - acc: 0.7188
 352/1424 [======>.......................] - ETA: 13s - loss: 0.7427 - acc: 0.7216
 384/1424 [=======>......................] - ETA: 13s - loss: 0.7282 - acc: 0.7214
 416/1424 [=======>......................] - ETA: 12s - loss: 0.7224 - acc: 0.7139
 448/1424 [========>.....................] - ETA: 12s - loss: 0.7809 - acc: 0.7031
 480/1424 [=========>....................] - ETA: 11s - loss: 0.7650 - acc: 0.7083
 512/1424 [=========>....................] - ETA: 11s - loss: 0.7870 - acc: 0.7031
 544/1424 [==========>...................] - ETA: 11s - loss: 0.8021 - acc: 0.7022
 576/1424 [===========>..................] - ETA: 10s - loss: 0.7882 - acc: 0.7066
 608/1424 [===========>..................] - ETA: 10s - loss: 0.7790 - acc: 0.7089
 640/1424 [============>.................] - ETA: 9s - loss: 0.7734 - acc: 0.7016 
 672/1424 [=============>................] - ETA: 9s - loss: 0.8130 - acc: 0.6994
 704/1424 [=============>................] - ETA: 9s - loss: 0.8273 - acc: 0.6960
 736/1424 [==============>...............] - ETA: 8s - loss: 0.8152 - acc: 0.6984
 768/1424 [===============>..............] - ETA: 8s - loss: 0.8257 - acc: 0.6979
 800/1424 [===============>..............] - ETA: 7s - loss: 0.8175 - acc: 0.6925
 832/1424 [================>.............] - ETA: 7s - loss: 0.8442 - acc: 0.6899
 864/1424 [=================>............] - ETA: 7s - loss: 0.8380 - acc: 0.6875
 896/1424 [=================>............] - ETA: 6s - loss: 0.8257 - acc: 0.6953
 928/1424 [==================>...........] - ETA: 6s - loss: 0.8524 - acc: 0.6907
 960/1424 [===================>..........] - ETA: 5s - loss: 0.8574 - acc: 0.6917
 992/1424 [===================>..........] - ETA: 5s - loss: 0.8468 - acc: 0.6935
1024/1424 [====================>.........] - ETA: 5s - loss: 0.8388 - acc: 0.6924
1056/1424 [=====================>........] - ETA: 4s - loss: 0.8319 - acc: 0.6903
1088/1424 [=====================>........] - ETA: 4s - loss: 0.8239 - acc: 0.6912
1120/1424 [======================>.......] - ETA: 3s - loss: 0.8162 - acc: 0.6920
1152/1424 [=======================>......] - ETA: 3s - loss: 0.8092 - acc: 0.6936
1184/1424 [=======================>......] - ETA: 3s - loss: 0.8161 - acc: 0.6917
1216/1424 [========================>.....] - ETA: 2s - loss: 0.8219 - acc: 0.6949
1248/1424 [=========================>....] - ETA: 2s - loss: 0.8159 - acc: 0.6971
1280/1424 [=========================>....] - ETA: 1s - loss: 0.8092 - acc: 0.6984
1312/1424 [==========================>...] - ETA: 1s - loss: 0.8035 - acc: 0.6966
1344/1424 [===========================>..] - ETA: 1s - loss: 0.7981 - acc: 0.6972
1376/1424 [===========================>..] - ETA: 0s - loss: 0.7933 - acc: 0.6969
1408/1424 [============================>.] - ETA: 0s - loss: 0.7968 - acc: 0.6996
1424/1424 [==============================] - 21s 15ms/step - loss: 0.7949 - acc: 0.6994 - val_loss: 0.5932 - val_acc: 0.7401
Train on 1424 samples, validate on 708 samples
Epoch 1/1

  32/1424 [..............................] - ETA: 17s - loss: 1.5718 - acc: 0.5625
  64/1424 [>.............................] - ETA: 17s - loss: 1.0710 - acc: 0.6406
  96/1424 [=>............................] - ETA: 16s - loss: 0.9366 - acc: 0.6979
 128/1424 [=>............................] - ETA: 16s - loss: 0.8301 - acc: 0.7500
 160/1424 [==>...........................] - ETA: 16s - loss: 0.7798 - acc: 0.7250
 192/1424 [===>..........................] - ETA: 15s - loss: 0.7404 - acc: 0.7344
 224/1424 [===>..........................] - ETA: 15s - loss: 0.7197 - acc: 0.7366
 256/1424 [====>.........................] - ETA: 14s - loss: 0.7295 - acc: 0.7188
 288/1424 [=====>........................] - ETA: 14s - loss: 0.7665 - acc: 0.7118
 320/1424 [=====>........................] - ETA: 13s - loss: 0.7487 - acc: 0.7188
 352/1424 [======>.......................] - ETA: 13s - loss: 0.7796 - acc: 0.7131
 384/1424 [=======>......................] - ETA: 13s - loss: 0.7617 - acc: 0.7188
 416/1424 [=======>......................] - ETA: 12s - loss: 0.7450 - acc: 0.7188
 448/1424 [========>.....................] - ETA: 12s - loss: 0.7327 - acc: 0.7165
 480/1424 [=========>....................] - ETA: 11s - loss: 0.7287 - acc: 0.7021
 512/1424 [=========>....................] - ETA: 11s - loss: 0.7167 - acc: 0.7070
 544/1424 [==========>...................] - ETA: 11s - loss: 0.7048 - acc: 0.7151
 576/1424 [===========>..................] - ETA: 10s - loss: 0.6966 - acc: 0.7205
 608/1424 [===========>..................] - ETA: 10s - loss: 0.6940 - acc: 0.7220
 640/1424 [============>.................] - ETA: 9s - loss: 0.7037 - acc: 0.7234 
 672/1424 [=============>................] - ETA: 9s - loss: 0.6933 - acc: 0.7262
 704/1424 [=============>................] - ETA: 9s - loss: 0.6856 - acc: 0.7287
 736/1424 [==============>...............] - ETA: 8s - loss: 0.6799 - acc: 0.7296
 768/1424 [===============>..............] - ETA: 8s - loss: 0.6794 - acc: 0.7240
 800/1424 [===============>..............] - ETA: 7s - loss: 0.6773 - acc: 0.7212
 832/1424 [================>.............] - ETA: 7s - loss: 0.6759 - acc: 0.7212
 864/1424 [=================>............] - ETA: 7s - loss: 0.6710 - acc: 0.7211
 896/1424 [=================>............] - ETA: 6s - loss: 0.6649 - acc: 0.7243
 928/1424 [==================>...........] - ETA: 6s - loss: 0.6617 - acc: 0.7263
 960/1424 [===================>..........] - ETA: 5s - loss: 0.6587 - acc: 0.7250
 992/1424 [===================>..........] - ETA: 5s - loss: 0.6601 - acc: 0.7228
1024/1424 [====================>.........] - ETA: 5s - loss: 0.6571 - acc: 0.7207
1056/1424 [=====================>........] - ETA: 4s - loss: 0.6504 - acc: 0.7235
1088/1424 [=====================>........] - ETA: 4s - loss: 0.6460 - acc: 0.7261
1120/1424 [======================>.......] - ETA: 3s - loss: 0.6450 - acc: 0.7268
1152/1424 [=======================>......] - ETA: 3s - loss: 0.6425 - acc: 0.7257
1184/1424 [=======================>......] - ETA: 3s - loss: 0.6414 - acc: 0.7264
1216/1424 [========================>.....] - ETA: 2s - loss: 0.6396 - acc: 0.7270
1248/1424 [=========================>....] - ETA: 2s - loss: 0.6374 - acc: 0.7268
1280/1424 [=========================>....] - ETA: 1s - loss: 0.6466 - acc: 0.7273
1312/1424 [==========================>...] - ETA: 1s - loss: 0.6566 - acc: 0.7256
1344/1424 [===========================>..] - ETA: 1s - loss: 0.6567 - acc: 0.7254
1376/1424 [===========================>..] - ETA: 0s - loss: 0.6657 - acc: 0.7253
1408/1424 [============================>.] - ETA: 0s - loss: 0.6643 - acc: 0.7237
1424/1424 [==============================] - 21s 15ms/step - loss: 0.6625 - acc: 0.7240 - val_loss: 0.5676 - val_acc: 0.7387

  32/1424 [..............................] - ETA: 26s
  64/1424 [>.............................] - ETA: 15s
  96/1424 [=>............................] - ETA: 11s
 128/1424 [=>............................] - ETA: 9s 
 160/1424 [==>...........................] - ETA: 8s
 192/1424 [===>..........................] - ETA: 7s
 224/1424 [===>..........................] - ETA: 7s
 256/1424 [====>.........................] - ETA: 6s
 288/1424 [=====>........................] - ETA: 6s
 320/1424 [=====>........................] - ETA: 5s
 352/1424 [======>.......................] - ETA: 5s
 384/1424 [=======>......................] - ETA: 5s
 416/1424 [=======>......................] - ETA: 4s
 448/1424 [========>.....................] - ETA: 4s
 480/1424 [=========>....................] - ETA: 4s
 512/1424 [=========>....................] - ETA: 4s
 544/1424 [==========>...................] - ETA: 4s
 576/1424 [===========>..................] - ETA: 3s
 608/1424 [===========>..................] - ETA: 3s
 640/1424 [============>.................] - ETA: 3s
 672/1424 [=============>................] - ETA: 3s
 704/1424 [=============>................] - ETA: 3s
 736/1424 [==============>...............] - ETA: 2s
 768/1424 [===============>..............] - ETA: 2s
 800/1424 [===============>..............] - ETA: 2s
 832/1424 [================>.............] - ETA: 2s
 864/1424 [=================>............] - ETA: 2s
 896/1424 [=================>............] - ETA: 2s
 928/1424 [==================>...........] - ETA: 2s
 960/1424 [===================>..........] - ETA: 1s
 992/1424 [===================>..........] - ETA: 1s
1024/1424 [====================>.........] - ETA: 1s
1056/1424 [=====================>........] - ETA: 1s
1088/1424 [=====================>........] - ETA: 1s
1120/1424 [======================>.......] - ETA: 1s
1152/1424 [=======================>......] - ETA: 1s
1184/1424 [=======================>......] - ETA: 0s
1216/1424 [========================>.....] - ETA: 0s
1248/1424 [=========================>....] - ETA: 0s
1280/1424 [=========================>....] - ETA: 0s
1312/1424 [==========================>...] - ETA: 0s
1344/1424 [===========================>..] - ETA: 0s
1376/1424 [===========================>..] - ETA: 0s
1408/1424 [============================>.] - ETA: 0s
1424/1424 [==============================] - 6s 4ms/step
Test acc: 0.8279494382022472

  32/1424 [..............................] - ETA: 4s
  64/1424 [>.............................] - ETA: 4s
  96/1424 [=>............................] - ETA: 4s
 128/1424 [=>............................] - ETA: 4s
 160/1424 [==>...........................] - ETA: 4s
 192/1424 [===>..........................] - ETA: 4s
 224/1424 [===>..........................] - ETA: 4s
 256/1424 [====>.........................] - ETA: 4s
 288/1424 [=====>........................] - ETA: 4s
 320/1424 [=====>........................] - ETA: 3s
 352/1424 [======>.......................] - ETA: 3s
 384/1424 [=======>......................] - ETA: 3s
 416/1424 [=======>......................] - ETA: 3s
 448/1424 [========>.....................] - ETA: 3s
 480/1424 [=========>....................] - ETA: 3s
 512/1424 [=========>....................] - ETA: 3s
 544/1424 [==========>...................] - ETA: 3s
 576/1424 [===========>..................] - ETA: 3s
 608/1424 [===========>..................] - ETA: 2s
 640/1424 [============>.................] - ETA: 2s
 672/1424 [=============>................] - ETA: 2s
 704/1424 [=============>................] - ETA: 2s
 736/1424 [==============>...............] - ETA: 2s
 768/1424 [===============>..............] - ETA: 2s
 800/1424 [===============>..............] - ETA: 2s
 832/1424 [================>.............] - ETA: 2s
 864/1424 [=================>............] - ETA: 2s
 896/1424 [=================>............] - ETA: 1s
 928/1424 [==================>...........] - ETA: 1s
 960/1424 [===================>..........] - ETA: 1s
 992/1424 [===================>..........] - ETA: 1s
1024/1424 [====================>.........] - ETA: 1s
1056/1424 [=====================>........] - ETA: 1s
1088/1424 [=====================>........] - ETA: 1s
1120/1424 [======================>.......] - ETA: 1s
1152/1424 [=======================>......] - ETA: 0s
1184/1424 [=======================>......] - ETA: 0s
1216/1424 [========================>.....] - ETA: 0s
1248/1424 [=========================>....] - ETA: 0s
1280/1424 [=========================>....] - ETA: 0s
1312/1424 [==========================>...] - ETA: 0s
1344/1424 [===========================>..] - ETA: 0s
1376/1424 [===========================>..] - ETA: 0s
1408/1424 [============================>.] - ETA: 0s
1424/1424 [==============================] - 5s 4ms/step
Test acc: [0.5198615277081393, 0.8307584269662921]
Test auc: 0.8998745423557633
Test mcc: 0.6606233948912733
Execute epoch: 14
Execute time: 320.6672806739807
(W) Execute time: 319.33291840553284
