_________________________________________________________________
Layer (type)                 Output Shape              Param #   
=================================================================
embedding_1 (Embedding)      (None, None, 128)         2688      
_________________________________________________________________
lstm_1 (LSTM)                (None, None, 64)          49408     
_________________________________________________________________
lstm_2 (LSTM)                (None, None, 64)          33024     
_________________________________________________________________
lstm_3 (LSTM)                (None, 64)                33024     
_________________________________________________________________
dense_1 (Dense)              (None, 16)                1040      
_________________________________________________________________
dense_2 (Dense)              (None, 1)                 17        
=================================================================
Total params: 119,201
Trainable params: 119,201
Non-trainable params: 0
_________________________________________________________________
Train on 1424 samples, validate on 708 samples
Epoch 1/1

  32/1424 [..............................] - ETA: 2:31 - loss: 0.6935 - acc: 0.5000
  64/1424 [>.............................] - ETA: 1:23 - loss: 0.6934 - acc: 0.4375
  96/1424 [=>............................] - ETA: 1:00 - loss: 0.6934 - acc: 0.4688
 128/1424 [=>............................] - ETA: 48s - loss: 0.6933 - acc: 0.4688 
 160/1424 [==>...........................] - ETA: 41s - loss: 0.6927 - acc: 0.5062
 192/1424 [===>..........................] - ETA: 36s - loss: 0.6926 - acc: 0.5156
 224/1424 [===>..........................] - ETA: 32s - loss: 0.6923 - acc: 0.5223
 256/1424 [====>.........................] - ETA: 29s - loss: 0.6923 - acc: 0.5234
 288/1424 [=====>........................] - ETA: 27s - loss: 0.6931 - acc: 0.5069
 320/1424 [=====>........................] - ETA: 25s - loss: 0.6932 - acc: 0.5031
 352/1424 [======>.......................] - ETA: 23s - loss: 0.6937 - acc: 0.4886
 384/1424 [=======>......................] - ETA: 22s - loss: 0.6934 - acc: 0.4948
 416/1424 [=======>......................] - ETA: 20s - loss: 0.6931 - acc: 0.5000
 448/1424 [========>.....................] - ETA: 19s - loss: 0.6934 - acc: 0.4955
 480/1424 [=========>....................] - ETA: 18s - loss: 0.6930 - acc: 0.5021
 512/1424 [=========>....................] - ETA: 17s - loss: 0.6932 - acc: 0.4980
 544/1424 [==========>...................] - ETA: 16s - loss: 0.6932 - acc: 0.4982
 576/1424 [===========>..................] - ETA: 15s - loss: 0.6932 - acc: 0.4948
 608/1424 [===========>..................] - ETA: 14s - loss: 0.6931 - acc: 0.4967
 640/1424 [============>.................] - ETA: 14s - loss: 0.6930 - acc: 0.5000
 672/1424 [=============>................] - ETA: 13s - loss: 0.6930 - acc: 0.4985
 704/1424 [=============>................] - ETA: 12s - loss: 0.6930 - acc: 0.4986
 736/1424 [==============>...............] - ETA: 12s - loss: 0.6930 - acc: 0.4973
 768/1424 [===============>..............] - ETA: 11s - loss: 0.6930 - acc: 0.4974
 800/1424 [===============>..............] - ETA: 10s - loss: 0.6930 - acc: 0.4975
 832/1424 [================>.............] - ETA: 10s - loss: 0.6930 - acc: 0.4964
 864/1424 [=================>............] - ETA: 9s - loss: 0.6928 - acc: 0.4988 
 896/1424 [=================>............] - ETA: 8s - loss: 0.6928 - acc: 0.4978
 928/1424 [==================>...........] - ETA: 8s - loss: 0.6929 - acc: 0.4968
 960/1424 [===================>..........] - ETA: 7s - loss: 0.6928 - acc: 0.4948
 992/1424 [===================>..........] - ETA: 7s - loss: 0.6929 - acc: 0.4919
1024/1424 [====================>.........] - ETA: 6s - loss: 0.6927 - acc: 0.4932
1056/1424 [=====================>........] - ETA: 5s - loss: 0.6928 - acc: 0.4877
1088/1424 [=====================>........] - ETA: 5s - loss: 0.6925 - acc: 0.4890
1120/1424 [======================>.......] - ETA: 4s - loss: 0.6923 - acc: 0.4911
1152/1424 [=======================>......] - ETA: 4s - loss: 0.6920 - acc: 0.4931
1184/1424 [=======================>......] - ETA: 3s - loss: 0.6917 - acc: 0.4941
1216/1424 [========================>.....] - ETA: 3s - loss: 0.6916 - acc: 0.4942
1248/1424 [=========================>....] - ETA: 2s - loss: 0.6914 - acc: 0.4944
1280/1424 [=========================>....] - ETA: 2s - loss: 0.6914 - acc: 0.4930
1312/1424 [==========================>...] - ETA: 1s - loss: 0.6913 - acc: 0.4886
1344/1424 [===========================>..] - ETA: 1s - loss: 0.6910 - acc: 0.4881
1376/1424 [===========================>..] - ETA: 0s - loss: 0.6900 - acc: 0.4927
1408/1424 [============================>.] - ETA: 0s - loss: 0.6891 - acc: 0.4957
1424/1424 [==============================] - 25s 18ms/step - loss: 0.6884 - acc: 0.4958 - val_loss: 0.6360 - val_acc: 0.5410
Train on 1424 samples, validate on 708 samples
Epoch 1/1

  32/1424 [..............................] - ETA: 18s - loss: 0.6971 - acc: 0.4688
  64/1424 [>.............................] - ETA: 18s - loss: 0.6570 - acc: 0.4844
  96/1424 [=>............................] - ETA: 17s - loss: 0.5908 - acc: 0.5729
 128/1424 [=>............................] - ETA: 17s - loss: 0.5981 - acc: 0.5938
 160/1424 [==>...........................] - ETA: 16s - loss: 0.7941 - acc: 0.5687
 192/1424 [===>..........................] - ETA: 16s - loss: 0.8305 - acc: 0.5938
 224/1424 [===>..........................] - ETA: 16s - loss: 0.9361 - acc: 0.5982
 256/1424 [====>.........................] - ETA: 15s - loss: 0.8861 - acc: 0.6250
 288/1424 [=====>........................] - ETA: 15s - loss: 0.8458 - acc: 0.6562
 320/1424 [=====>........................] - ETA: 14s - loss: 0.9090 - acc: 0.6719
 352/1424 [======>.......................] - ETA: 14s - loss: 0.9191 - acc: 0.6818
 384/1424 [=======>......................] - ETA: 13s - loss: 0.9336 - acc: 0.6823
 416/1424 [=======>......................] - ETA: 13s - loss: 0.9424 - acc: 0.6851
 448/1424 [========>.....................] - ETA: 13s - loss: 1.0165 - acc: 0.6897
 480/1424 [=========>....................] - ETA: 12s - loss: 1.0233 - acc: 0.6937
 512/1424 [=========>....................] - ETA: 12s - loss: 0.9917 - acc: 0.7051
 544/1424 [==========>...................] - ETA: 11s - loss: 0.9717 - acc: 0.7077
 576/1424 [===========>..................] - ETA: 11s - loss: 0.9811 - acc: 0.6997
 608/1424 [===========>..................] - ETA: 10s - loss: 0.9828 - acc: 0.7039
 640/1424 [============>.................] - ETA: 10s - loss: 0.9877 - acc: 0.7063
 672/1424 [=============>................] - ETA: 10s - loss: 0.9688 - acc: 0.7113
 704/1424 [=============>................] - ETA: 9s - loss: 0.9519 - acc: 0.7159 
 736/1424 [==============>...............] - ETA: 9s - loss: 0.9360 - acc: 0.7174
 768/1424 [===============>..............] - ETA: 8s - loss: 0.9184 - acc: 0.7240
 800/1424 [===============>..............] - ETA: 8s - loss: 0.9048 - acc: 0.7300
 832/1424 [================>.............] - ETA: 7s - loss: 0.8997 - acc: 0.7320
 864/1424 [=================>............] - ETA: 7s - loss: 0.9029 - acc: 0.7338
 896/1424 [=================>............] - ETA: 7s - loss: 0.8867 - acc: 0.7388
 928/1424 [==================>...........] - ETA: 6s - loss: 0.8922 - acc: 0.7435
 960/1424 [===================>..........] - ETA: 6s - loss: 0.8791 - acc: 0.7458
 992/1424 [===================>..........] - ETA: 5s - loss: 0.8707 - acc: 0.7460
1024/1424 [====================>.........] - ETA: 5s - loss: 0.8592 - acc: 0.7490
1056/1424 [=====================>........] - ETA: 4s - loss: 0.8505 - acc: 0.7519
1088/1424 [=====================>........] - ETA: 4s - loss: 0.8543 - acc: 0.7546
1120/1424 [======================>.......] - ETA: 4s - loss: 0.8773 - acc: 0.7518
1152/1424 [=======================>......] - ETA: 3s - loss: 0.8693 - acc: 0.7526
1184/1424 [=======================>......] - ETA: 3s - loss: 0.8732 - acc: 0.7508
1216/1424 [========================>.....] - ETA: 2s - loss: 0.8786 - acc: 0.7525
1248/1424 [=========================>....] - ETA: 2s - loss: 0.8878 - acc: 0.7500
1280/1424 [=========================>....] - ETA: 1s - loss: 0.8919 - acc: 0.7492
1312/1424 [==========================>...] - ETA: 1s - loss: 0.8937 - acc: 0.7508
1344/1424 [===========================>..] - ETA: 1s - loss: 0.8840 - acc: 0.7522
1376/1424 [===========================>..] - ETA: 0s - loss: 0.8772 - acc: 0.7529
1408/1424 [============================>.] - ETA: 0s - loss: 0.8810 - acc: 0.7507
1424/1424 [==============================] - 22s 15ms/step - loss: 0.8783 - acc: 0.7514 - val_loss: 0.5912 - val_acc: 0.8263
Train on 1424 samples, validate on 708 samples
Epoch 1/1

  32/1424 [..............................] - ETA: 18s - loss: 0.5565 - acc: 0.7812
  64/1424 [>.............................] - ETA: 18s - loss: 0.5049 - acc: 0.8125
  96/1424 [=>............................] - ETA: 17s - loss: 0.5179 - acc: 0.8125
 128/1424 [=>............................] - ETA: 17s - loss: 0.5283 - acc: 0.7969
 160/1424 [==>...........................] - ETA: 16s - loss: 0.6327 - acc: 0.7562
 192/1424 [===>..........................] - ETA: 16s - loss: 0.6941 - acc: 0.7656
 224/1424 [===>..........................] - ETA: 16s - loss: 0.7431 - acc: 0.7589
 256/1424 [====>.........................] - ETA: 15s - loss: 0.7293 - acc: 0.7695
 288/1424 [=====>........................] - ETA: 15s - loss: 0.7050 - acc: 0.7604
 320/1424 [=====>........................] - ETA: 14s - loss: 0.6822 - acc: 0.7688
 352/1424 [======>.......................] - ETA: 14s - loss: 0.6673 - acc: 0.7727
 384/1424 [=======>......................] - ETA: 13s - loss: 0.6634 - acc: 0.7630
 416/1424 [=======>......................] - ETA: 13s - loss: 0.6923 - acc: 0.7596
 448/1424 [========>.....................] - ETA: 12s - loss: 0.6806 - acc: 0.7612
 480/1424 [=========>....................] - ETA: 12s - loss: 0.6712 - acc: 0.7562
 512/1424 [=========>....................] - ETA: 12s - loss: 0.6635 - acc: 0.7656
 544/1424 [==========>...................] - ETA: 11s - loss: 0.6889 - acc: 0.7665
 576/1424 [===========>..................] - ETA: 11s - loss: 0.6855 - acc: 0.7622
 608/1424 [===========>..................] - ETA: 10s - loss: 0.7505 - acc: 0.7632
 640/1424 [============>.................] - ETA: 10s - loss: 0.7405 - acc: 0.7641
 672/1424 [=============>................] - ETA: 10s - loss: 0.7320 - acc: 0.7649
 704/1424 [=============>................] - ETA: 9s - loss: 0.7177 - acc: 0.7727 
 736/1424 [==============>...............] - ETA: 9s - loss: 0.7095 - acc: 0.7731
 768/1424 [===============>..............] - ETA: 8s - loss: 0.7189 - acc: 0.7760
 800/1424 [===============>..............] - ETA: 8s - loss: 0.7087 - acc: 0.7812
 832/1424 [================>.............] - ETA: 7s - loss: 0.7186 - acc: 0.7837
 864/1424 [=================>............] - ETA: 7s - loss: 0.7483 - acc: 0.7859
 896/1424 [=================>............] - ETA: 7s - loss: 0.7951 - acc: 0.7812
 928/1424 [==================>...........] - ETA: 6s - loss: 0.8065 - acc: 0.7748
 960/1424 [===================>..........] - ETA: 6s - loss: 0.8142 - acc: 0.7760
 992/1424 [===================>..........] - ETA: 5s - loss: 0.8169 - acc: 0.7752
1024/1424 [====================>.........] - ETA: 5s - loss: 0.8085 - acc: 0.7725
1056/1424 [=====================>........] - ETA: 4s - loss: 0.8003 - acc: 0.7708
1088/1424 [=====================>........] - ETA: 4s - loss: 0.8081 - acc: 0.7693
1120/1424 [======================>.......] - ETA: 4s - loss: 0.8001 - acc: 0.7723
1152/1424 [=======================>......] - ETA: 3s - loss: 0.7919 - acc: 0.7760
1184/1424 [=======================>......] - ETA: 3s - loss: 0.7861 - acc: 0.7770
1216/1424 [========================>.....] - ETA: 2s - loss: 0.7778 - acc: 0.7804
1248/1424 [=========================>....] - ETA: 2s - loss: 0.7713 - acc: 0.7796
1280/1424 [=========================>....] - ETA: 1s - loss: 0.7641 - acc: 0.7805
1312/1424 [==========================>...] - ETA: 1s - loss: 0.7584 - acc: 0.7805
1344/1424 [===========================>..] - ETA: 1s - loss: 0.7528 - acc: 0.7820
1376/1424 [===========================>..] - ETA: 0s - loss: 0.7458 - acc: 0.7820
1408/1424 [============================>.] - ETA: 0s - loss: 0.7416 - acc: 0.7791
1424/1424 [==============================] - 22s 15ms/step - loss: 0.7385 - acc: 0.7795 - val_loss: 0.5238 - val_acc: 0.8065
Train on 1424 samples, validate on 708 samples
Epoch 1/1

  32/1424 [..............................] - ETA: 18s - loss: 0.6025 - acc: 0.8125
  64/1424 [>.............................] - ETA: 18s - loss: 0.6911 - acc: 0.8125
  96/1424 [=>............................] - ETA: 17s - loss: 0.6029 - acc: 0.8333
 128/1424 [=>............................] - ETA: 17s - loss: 0.6828 - acc: 0.8203
 160/1424 [==>...........................] - ETA: 16s - loss: 0.6468 - acc: 0.8000
 192/1424 [===>..........................] - ETA: 16s - loss: 0.6142 - acc: 0.8073
 224/1424 [===>..........................] - ETA: 15s - loss: 0.6641 - acc: 0.7902
 256/1424 [====>.........................] - ETA: 15s - loss: 0.6467 - acc: 0.7773
 288/1424 [=====>........................] - ETA: 15s - loss: 0.6271 - acc: 0.7778
 320/1424 [=====>........................] - ETA: 14s - loss: 0.6154 - acc: 0.7781
 352/1424 [======>.......................] - ETA: 14s - loss: 0.6063 - acc: 0.7756
 384/1424 [=======>......................] - ETA: 13s - loss: 0.5984 - acc: 0.7760
 416/1424 [=======>......................] - ETA: 13s - loss: 0.5923 - acc: 0.7861
 448/1424 [========>.....................] - ETA: 13s - loss: 0.5765 - acc: 0.7946
 480/1424 [=========>....................] - ETA: 12s - loss: 0.5613 - acc: 0.8021
 512/1424 [=========>....................] - ETA: 12s - loss: 0.5480 - acc: 0.8066
 544/1424 [==========>...................] - ETA: 11s - loss: 0.5396 - acc: 0.8088
 576/1424 [===========>..................] - ETA: 11s - loss: 0.5458 - acc: 0.8056
 608/1424 [===========>..................] - ETA: 10s - loss: 0.5356 - acc: 0.8092
 640/1424 [============>.................] - ETA: 10s - loss: 0.5504 - acc: 0.8047
 672/1424 [=============>................] - ETA: 10s - loss: 0.5457 - acc: 0.8080
 704/1424 [=============>................] - ETA: 9s - loss: 0.5448 - acc: 0.8026 
 736/1424 [==============>...............] - ETA: 9s - loss: 0.5636 - acc: 0.7989
 768/1424 [===============>..............] - ETA: 8s - loss: 0.5819 - acc: 0.7930
 800/1424 [===============>..............] - ETA: 8s - loss: 0.6283 - acc: 0.7887
 832/1424 [================>.............] - ETA: 7s - loss: 0.6438 - acc: 0.7849
 864/1424 [=================>............] - ETA: 7s - loss: 0.6434 - acc: 0.7847
 896/1424 [=================>............] - ETA: 7s - loss: 0.6363 - acc: 0.7835
 928/1424 [==================>...........] - ETA: 6s - loss: 0.6345 - acc: 0.7834
 960/1424 [===================>..........] - ETA: 6s - loss: 0.6315 - acc: 0.7802
 992/1424 [===================>..........] - ETA: 5s - loss: 0.6263 - acc: 0.7812
1024/1424 [====================>.........] - ETA: 5s - loss: 0.6260 - acc: 0.7793
1056/1424 [=====================>........] - ETA: 4s - loss: 0.6416 - acc: 0.7737
1088/1424 [=====================>........] - ETA: 4s - loss: 0.6389 - acc: 0.7748
1120/1424 [======================>.......] - ETA: 4s - loss: 0.6339 - acc: 0.7777
1152/1424 [=======================>......] - ETA: 3s - loss: 0.6334 - acc: 0.7786
1184/1424 [=======================>......] - ETA: 3s - loss: 0.6332 - acc: 0.7745
1216/1424 [========================>.....] - ETA: 2s - loss: 0.6302 - acc: 0.7771
1248/1424 [=========================>....] - ETA: 2s - loss: 0.6276 - acc: 0.7796
1280/1424 [=========================>....] - ETA: 1s - loss: 0.6264 - acc: 0.7781
1312/1424 [==========================>...] - ETA: 1s - loss: 0.6246 - acc: 0.7797
1344/1424 [===========================>..] - ETA: 1s - loss: 0.6237 - acc: 0.7768
1376/1424 [===========================>..] - ETA: 0s - loss: 0.6328 - acc: 0.7783
1408/1424 [============================>.] - ETA: 0s - loss: 0.6314 - acc: 0.7770
1424/1424 [==============================] - 22s 15ms/step - loss: 0.6313 - acc: 0.7760 - val_loss: 0.5648 - val_acc: 0.8136
Train on 1424 samples, validate on 708 samples
Epoch 1/1

  32/1424 [..............................] - ETA: 18s - loss: 0.5600 - acc: 0.8125
  64/1424 [>.............................] - ETA: 18s - loss: 0.5353 - acc: 0.8594
  96/1424 [=>............................] - ETA: 17s - loss: 0.5545 - acc: 0.8125
 128/1424 [=>............................] - ETA: 17s - loss: 0.5535 - acc: 0.8125
 160/1424 [==>...........................] - ETA: 16s - loss: 0.5432 - acc: 0.8063
 192/1424 [===>..........................] - ETA: 16s - loss: 0.5388 - acc: 0.8125
 224/1424 [===>..........................] - ETA: 15s - loss: 0.5349 - acc: 0.8214
 256/1424 [====>.........................] - ETA: 15s - loss: 0.5459 - acc: 0.8086
 288/1424 [=====>........................] - ETA: 15s - loss: 0.5444 - acc: 0.8056
 320/1424 [=====>........................] - ETA: 14s - loss: 0.5464 - acc: 0.8031
 352/1424 [======>.......................] - ETA: 14s - loss: 0.5517 - acc: 0.7841
 384/1424 [=======>......................] - ETA: 13s - loss: 0.5507 - acc: 0.7812
 416/1424 [=======>......................] - ETA: 13s - loss: 0.5481 - acc: 0.7837
 448/1424 [========>.....................] - ETA: 13s - loss: 0.5436 - acc: 0.7902
 480/1424 [=========>....................] - ETA: 12s - loss: 0.5394 - acc: 0.7937
 512/1424 [=========>....................] - ETA: 12s - loss: 0.5435 - acc: 0.7930
 544/1424 [==========>...................] - ETA: 11s - loss: 0.5437 - acc: 0.7886
 576/1424 [===========>..................] - ETA: 11s - loss: 0.5444 - acc: 0.7882
 608/1424 [===========>..................] - ETA: 10s - loss: 0.5366 - acc: 0.7928
 640/1424 [============>.................] - ETA: 10s - loss: 0.5345 - acc: 0.7922
 672/1424 [=============>................] - ETA: 10s - loss: 0.5514 - acc: 0.7961
 704/1424 [=============>................] - ETA: 9s - loss: 0.5499 - acc: 0.7969 
 736/1424 [==============>...............] - ETA: 9s - loss: 0.5921 - acc: 0.7921
 768/1424 [===============>..............] - ETA: 8s - loss: 0.6126 - acc: 0.7891
 800/1424 [===============>..............] - ETA: 8s - loss: 0.6058 - acc: 0.7913
 832/1424 [================>.............] - ETA: 7s - loss: 0.6194 - acc: 0.7873
 864/1424 [=================>............] - ETA: 7s - loss: 0.6138 - acc: 0.7870
 896/1424 [=================>............] - ETA: 7s - loss: 0.6129 - acc: 0.7857
 928/1424 [==================>...........] - ETA: 6s - loss: 0.6384 - acc: 0.7866
 960/1424 [===================>..........] - ETA: 6s - loss: 0.6310 - acc: 0.7885
 992/1424 [===================>..........] - ETA: 5s - loss: 0.6229 - acc: 0.7933
1024/1424 [====================>.........] - ETA: 5s - loss: 0.6328 - acc: 0.7939
1056/1424 [=====================>........] - ETA: 4s - loss: 0.6351 - acc: 0.7945
1088/1424 [=====================>........] - ETA: 4s - loss: 0.6296 - acc: 0.7941
1120/1424 [======================>.......] - ETA: 4s - loss: 0.6280 - acc: 0.7920
1152/1424 [=======================>......] - ETA: 3s - loss: 0.6213 - acc: 0.7934
1184/1424 [=======================>......] - ETA: 3s - loss: 0.6196 - acc: 0.7931
1216/1424 [========================>.....] - ETA: 2s - loss: 0.6120 - acc: 0.7952
1248/1424 [=========================>....] - ETA: 2s - loss: 0.6050 - acc: 0.7957
1280/1424 [=========================>....] - ETA: 1s - loss: 0.6007 - acc: 0.7961
1312/1424 [==========================>...] - ETA: 1s - loss: 0.5975 - acc: 0.7973
1344/1424 [===========================>..] - ETA: 1s - loss: 0.5945 - acc: 0.7976
1376/1424 [===========================>..] - ETA: 0s - loss: 0.5899 - acc: 0.8001
1408/1424 [============================>.] - ETA: 0s - loss: 0.5869 - acc: 0.7997
1424/1424 [==============================] - 22s 15ms/step - loss: 0.5851 - acc: 0.7999 - val_loss: 0.4136 - val_acc: 0.8446
Train on 1424 samples, validate on 708 samples
Epoch 1/1

  32/1424 [..............................] - ETA: 18s - loss: 0.4563 - acc: 0.8125
  64/1424 [>.............................] - ETA: 18s - loss: 0.4489 - acc: 0.8125
  96/1424 [=>............................] - ETA: 17s - loss: 0.5120 - acc: 0.8021
 128/1424 [=>............................] - ETA: 17s - loss: 0.5937 - acc: 0.8125
 160/1424 [==>...........................] - ETA: 16s - loss: 0.6508 - acc: 0.8187
 192/1424 [===>..........................] - ETA: 16s - loss: 0.6005 - acc: 0.8229
 224/1424 [===>..........................] - ETA: 16s - loss: 0.5599 - acc: 0.8348
 256/1424 [====>.........................] - ETA: 15s - loss: 0.5544 - acc: 0.8242
 288/1424 [=====>........................] - ETA: 15s - loss: 0.5408 - acc: 0.8194
 320/1424 [=====>........................] - ETA: 14s - loss: 0.5363 - acc: 0.8250
 352/1424 [======>.......................] - ETA: 14s - loss: 0.5261 - acc: 0.8210
 384/1424 [=======>......................] - ETA: 13s - loss: 0.5195 - acc: 0.8125
 416/1424 [=======>......................] - ETA: 13s - loss: 0.5186 - acc: 0.8029
 448/1424 [========>.....................] - ETA: 13s - loss: 0.5824 - acc: 0.8036
 480/1424 [=========>....................] - ETA: 12s - loss: 0.5814 - acc: 0.8000
 512/1424 [=========>....................] - ETA: 12s - loss: 0.5724 - acc: 0.8008
 544/1424 [==========>...................] - ETA: 11s - loss: 0.5889 - acc: 0.8015
 576/1424 [===========>..................] - ETA: 11s - loss: 0.5814 - acc: 0.8021
 608/1424 [===========>..................] - ETA: 10s - loss: 0.6230 - acc: 0.8043
 640/1424 [============>.................] - ETA: 10s - loss: 0.6125 - acc: 0.8047
 672/1424 [=============>................] - ETA: 10s - loss: 0.5972 - acc: 0.8110
 704/1424 [=============>................] - ETA: 9s - loss: 0.6097 - acc: 0.8097 
 736/1424 [==============>...............] - ETA: 9s - loss: 0.6041 - acc: 0.8071
 768/1424 [===============>..............] - ETA: 8s - loss: 0.5920 - acc: 0.8112
 800/1424 [===============>..............] - ETA: 8s - loss: 0.5885 - acc: 0.8113
 832/1424 [================>.............] - ETA: 7s - loss: 0.5894 - acc: 0.8065
 864/1424 [=================>............] - ETA: 7s - loss: 0.5969 - acc: 0.8090
 896/1424 [=================>............] - ETA: 7s - loss: 0.6201 - acc: 0.8092
 928/1424 [==================>...........] - ETA: 6s - loss: 0.6150 - acc: 0.8093
 960/1424 [===================>..........] - ETA: 6s - loss: 0.6096 - acc: 0.8083
 992/1424 [===================>..........] - ETA: 5s - loss: 0.6091 - acc: 0.8054
1024/1424 [====================>.........] - ETA: 5s - loss: 0.6213 - acc: 0.8037
1056/1424 [=====================>........] - ETA: 4s - loss: 0.6153 - acc: 0.8021
1088/1424 [=====================>........] - ETA: 4s - loss: 0.6127 - acc: 0.8006
1120/1424 [======================>.......] - ETA: 4s - loss: 0.6130 - acc: 0.7955
1152/1424 [=======================>......] - ETA: 3s - loss: 0.6092 - acc: 0.7951
1184/1424 [=======================>......] - ETA: 3s - loss: 0.6127 - acc: 0.7905
1216/1424 [========================>.....] - ETA: 2s - loss: 0.6092 - acc: 0.7911
1248/1424 [=========================>....] - ETA: 2s - loss: 0.6039 - acc: 0.7925
1280/1424 [=========================>....] - ETA: 1s - loss: 0.5990 - acc: 0.7922
1312/1424 [==========================>...] - ETA: 1s - loss: 0.5998 - acc: 0.7881
1344/1424 [===========================>..] - ETA: 1s - loss: 0.5955 - acc: 0.7894
1376/1424 [===========================>..] - ETA: 0s - loss: 0.5978 - acc: 0.7871
1408/1424 [============================>.] - ETA: 0s - loss: 0.5967 - acc: 0.7855
1424/1424 [==============================] - 22s 15ms/step - loss: 0.5949 - acc: 0.7865 - val_loss: 0.5135 - val_acc: 0.8446
Train on 1424 samples, validate on 708 samples
Epoch 1/1

  32/1424 [..............................] - ETA: 18s - loss: 0.4935 - acc: 0.8125
  64/1424 [>.............................] - ETA: 18s - loss: 0.5908 - acc: 0.8594
  96/1424 [=>............................] - ETA: 17s - loss: 0.5666 - acc: 0.8438
 128/1424 [=>............................] - ETA: 17s - loss: 0.5549 - acc: 0.8359
 160/1424 [==>...........................] - ETA: 16s - loss: 0.5540 - acc: 0.8375
 192/1424 [===>..........................] - ETA: 16s - loss: 0.5511 - acc: 0.8177
 224/1424 [===>..........................] - ETA: 16s - loss: 0.5497 - acc: 0.8036
 256/1424 [====>.........................] - ETA: 15s - loss: 0.5470 - acc: 0.8086
 288/1424 [=====>........................] - ETA: 15s - loss: 0.5464 - acc: 0.8056
 320/1424 [=====>........................] - ETA: 14s - loss: 0.5499 - acc: 0.8063
 352/1424 [======>.......................] - ETA: 14s - loss: 0.5470 - acc: 0.8040
 384/1424 [=======>......................] - ETA: 13s - loss: 0.5467 - acc: 0.8047
 416/1424 [=======>......................] - ETA: 13s - loss: 0.5492 - acc: 0.7981
 448/1424 [========>.....................] - ETA: 13s - loss: 0.5461 - acc: 0.7969
 480/1424 [=========>....................] - ETA: 12s - loss: 0.5483 - acc: 0.7917
 512/1424 [=========>....................] - ETA: 12s - loss: 0.5471 - acc: 0.7891
 544/1424 [==========>...................] - ETA: 11s - loss: 0.5452 - acc: 0.7923
 576/1424 [===========>..................] - ETA: 11s - loss: 0.5454 - acc: 0.7882
 608/1424 [===========>..................] - ETA: 10s - loss: 0.5468 - acc: 0.7812
 640/1424 [============>.................] - ETA: 10s - loss: 0.5446 - acc: 0.7859
 672/1424 [=============>................] - ETA: 10s - loss: 0.5446 - acc: 0.7872
 704/1424 [=============>................] - ETA: 9s - loss: 0.5442 - acc: 0.7912 
 736/1424 [==============>...............] - ETA: 9s - loss: 0.5425 - acc: 0.7921
 768/1424 [===============>..............] - ETA: 8s - loss: 0.5378 - acc: 0.7969
 800/1424 [===============>..............] - ETA: 8s - loss: 0.5376 - acc: 0.7937
 832/1424 [================>.............] - ETA: 7s - loss: 0.5342 - acc: 0.7957
 864/1424 [=================>............] - ETA: 7s - loss: 0.5395 - acc: 0.7905
 896/1424 [=================>............] - ETA: 7s - loss: 0.5397 - acc: 0.7913
 928/1424 [==================>...........] - ETA: 6s - loss: 0.5407 - acc: 0.7909
 960/1424 [===================>..........] - ETA: 6s - loss: 0.5371 - acc: 0.7937
 992/1424 [===================>..........] - ETA: 5s - loss: 0.5370 - acc: 0.7944
1024/1424 [====================>.........] - ETA: 5s - loss: 0.5368 - acc: 0.7949
1056/1424 [=====================>........] - ETA: 4s - loss: 0.5341 - acc: 0.7964
1088/1424 [=====================>........] - ETA: 4s - loss: 0.5335 - acc: 0.7950
1120/1424 [======================>.......] - ETA: 4s - loss: 0.5308 - acc: 0.7982
1152/1424 [=======================>......] - ETA: 3s - loss: 0.5288 - acc: 0.7986
1184/1424 [=======================>......] - ETA: 3s - loss: 0.5280 - acc: 0.7973
1216/1424 [========================>.....] - ETA: 2s - loss: 0.5262 - acc: 0.7961
1248/1424 [=========================>....] - ETA: 2s - loss: 0.5255 - acc: 0.7965
1280/1424 [=========================>....] - ETA: 1s - loss: 0.5219 - acc: 0.7969
1312/1424 [==========================>...] - ETA: 1s - loss: 0.5196 - acc: 0.7980
1344/1424 [===========================>..] - ETA: 1s - loss: 0.5174 - acc: 0.7984
1376/1424 [===========================>..] - ETA: 0s - loss: 0.5141 - acc: 0.8001
1408/1424 [============================>.] - ETA: 0s - loss: 0.5137 - acc: 0.8004
1424/1424 [==============================] - 22s 15ms/step - loss: 0.5125 - acc: 0.8020 - val_loss: 0.4177 - val_acc: 0.8390
Train on 1424 samples, validate on 708 samples
Epoch 1/1

  32/1424 [..............................] - ETA: 18s - loss: 0.4458 - acc: 0.7188
  64/1424 [>.............................] - ETA: 18s - loss: 0.4740 - acc: 0.7188
  96/1424 [=>............................] - ETA: 17s - loss: 0.8043 - acc: 0.7188
 128/1424 [=>............................] - ETA: 17s - loss: 0.7237 - acc: 0.7422
 160/1424 [==>...........................] - ETA: 16s - loss: 0.7461 - acc: 0.7625
 192/1424 [===>..........................] - ETA: 16s - loss: 0.6853 - acc: 0.7812
 224/1424 [===>..........................] - ETA: 16s - loss: 0.6484 - acc: 0.7812
 256/1424 [====>.........................] - ETA: 15s - loss: 0.6280 - acc: 0.7695
 288/1424 [=====>........................] - ETA: 15s - loss: 0.5901 - acc: 0.7882
 320/1424 [=====>........................] - ETA: 14s - loss: 0.6076 - acc: 0.7781
 352/1424 [======>.......................] - ETA: 14s - loss: 0.5890 - acc: 0.7841
 384/1424 [=======>......................] - ETA: 13s - loss: 0.6177 - acc: 0.7760
 416/1424 [=======>......................] - ETA: 13s - loss: 0.6429 - acc: 0.7764
 448/1424 [========>.....................] - ETA: 13s - loss: 0.6188 - acc: 0.7835
 480/1424 [=========>....................] - ETA: 12s - loss: 0.6061 - acc: 0.7854
 512/1424 [=========>....................] - ETA: 12s - loss: 0.5965 - acc: 0.7852
 544/1424 [==========>...................] - ETA: 11s - loss: 0.5931 - acc: 0.7794
 576/1424 [===========>..................] - ETA: 11s - loss: 0.5904 - acc: 0.7708
 608/1424 [===========>..................] - ETA: 10s - loss: 0.5847 - acc: 0.7714
 640/1424 [============>.................] - ETA: 10s - loss: 0.6043 - acc: 0.7688
 672/1424 [=============>................] - ETA: 10s - loss: 0.5947 - acc: 0.7723
 704/1424 [=============>................] - ETA: 9s - loss: 0.5863 - acc: 0.7798 
 736/1424 [==============>...............] - ETA: 9s - loss: 0.5966 - acc: 0.7826
 768/1424 [===============>..............] - ETA: 8s - loss: 0.5854 - acc: 0.7878
 800/1424 [===============>..............] - ETA: 8s - loss: 0.5846 - acc: 0.7887
 832/1424 [================>.............] - ETA: 7s - loss: 0.5762 - acc: 0.7921
 864/1424 [=================>............] - ETA: 7s - loss: 0.5692 - acc: 0.7928
 896/1424 [=================>............] - ETA: 7s - loss: 0.5704 - acc: 0.7879
 928/1424 [==================>...........] - ETA: 6s - loss: 0.5609 - acc: 0.7920
 960/1424 [===================>..........] - ETA: 6s - loss: 0.5500 - acc: 0.7979
 992/1424 [===================>..........] - ETA: 5s - loss: 0.5510 - acc: 0.7933
1024/1424 [====================>.........] - ETA: 5s - loss: 0.5462 - acc: 0.7949
1056/1424 [=====================>........] - ETA: 4s - loss: 0.5450 - acc: 0.7936
1088/1424 [=====================>........] - ETA: 4s - loss: 0.5394 - acc: 0.7941
1120/1424 [======================>.......] - ETA: 4s - loss: 0.5339 - acc: 0.7964
1152/1424 [=======================>......] - ETA: 3s - loss: 0.5304 - acc: 0.7977
1184/1424 [=======================>......] - ETA: 3s - loss: 0.5263 - acc: 0.7990
1216/1424 [========================>.....] - ETA: 2s - loss: 0.5204 - acc: 0.8026
1248/1424 [=========================>....] - ETA: 2s - loss: 0.5291 - acc: 0.8005
1280/1424 [=========================>....] - ETA: 1s - loss: 0.5279 - acc: 0.8016
1312/1424 [==========================>...] - ETA: 1s - loss: 0.5250 - acc: 0.8011
1344/1424 [===========================>..] - ETA: 1s - loss: 0.5208 - acc: 0.8028
1376/1424 [===========================>..] - ETA: 0s - loss: 0.5196 - acc: 0.8038
1408/1424 [============================>.] - ETA: 0s - loss: 0.5185 - acc: 0.8040
1424/1424 [==============================] - 22s 15ms/step - loss: 0.5160 - acc: 0.8048 - val_loss: 0.3894 - val_acc: 0.8517
Train on 1424 samples, validate on 708 samples
Epoch 1/1

  32/1424 [..............................] - ETA: 18s - loss: 0.4084 - acc: 0.7812
  64/1424 [>.............................] - ETA: 18s - loss: 0.3796 - acc: 0.7969
  96/1424 [=>............................] - ETA: 17s - loss: 0.3578 - acc: 0.8229
 128/1424 [=>............................] - ETA: 17s - loss: 0.3924 - acc: 0.8125
 160/1424 [==>...........................] - ETA: 16s - loss: 0.4379 - acc: 0.8000
 192/1424 [===>..........................] - ETA: 16s - loss: 0.4583 - acc: 0.7865
 224/1424 [===>..........................] - ETA: 16s - loss: 0.4514 - acc: 0.7946
 256/1424 [====>.........................] - ETA: 15s - loss: 0.5099 - acc: 0.7969
 288/1424 [=====>........................] - ETA: 15s - loss: 0.5750 - acc: 0.8021
 320/1424 [=====>........................] - ETA: 14s - loss: 0.5529 - acc: 0.8094
 352/1424 [======>.......................] - ETA: 14s - loss: 0.5753 - acc: 0.8125
 384/1424 [=======>......................] - ETA: 13s - loss: 0.5571 - acc: 0.8151
 416/1424 [=======>......................] - ETA: 13s - loss: 0.5546 - acc: 0.8125
 448/1424 [========>.....................] - ETA: 13s - loss: 0.5503 - acc: 0.8080
 480/1424 [=========>....................] - ETA: 12s - loss: 0.5366 - acc: 0.8125
 512/1424 [=========>....................] - ETA: 12s - loss: 0.5212 - acc: 0.8223
 544/1424 [==========>...................] - ETA: 11s - loss: 0.5037 - acc: 0.8290
 576/1424 [===========>..................] - ETA: 11s - loss: 0.5029 - acc: 0.8264
 608/1424 [===========>..................] - ETA: 10s - loss: 0.4983 - acc: 0.8257
 640/1424 [============>.................] - ETA: 10s - loss: 0.4992 - acc: 0.8250
 672/1424 [=============>................] - ETA: 10s - loss: 0.5018 - acc: 0.8259
 704/1424 [=============>................] - ETA: 9s - loss: 0.5023 - acc: 0.8210 
 736/1424 [==============>...............] - ETA: 9s - loss: 0.4957 - acc: 0.8234
 768/1424 [===============>..............] - ETA: 8s - loss: 0.4932 - acc: 0.8268
 800/1424 [===============>..............] - ETA: 8s - loss: 0.4908 - acc: 0.8263
 832/1424 [================>.............] - ETA: 7s - loss: 0.4878 - acc: 0.8257
 864/1424 [=================>............] - ETA: 7s - loss: 0.4987 - acc: 0.8275
 896/1424 [=================>............] - ETA: 7s - loss: 0.5005 - acc: 0.8259
 928/1424 [==================>...........] - ETA: 6s - loss: 0.4971 - acc: 0.8254
 960/1424 [===================>..........] - ETA: 6s - loss: 0.4950 - acc: 0.8260
 992/1424 [===================>..........] - ETA: 5s - loss: 0.4951 - acc: 0.8256
1024/1424 [====================>.........] - ETA: 5s - loss: 0.4931 - acc: 0.8242
1056/1424 [=====================>........] - ETA: 4s - loss: 0.4925 - acc: 0.8258
1088/1424 [=====================>........] - ETA: 4s - loss: 0.4912 - acc: 0.8254
1120/1424 [======================>.......] - ETA: 4s - loss: 0.5056 - acc: 0.8250
1152/1424 [=======================>......] - ETA: 3s - loss: 0.5003 - acc: 0.8264
1184/1424 [=======================>......] - ETA: 3s - loss: 0.4988 - acc: 0.8252
1216/1424 [========================>.....] - ETA: 2s - loss: 0.4972 - acc: 0.8257
1248/1424 [=========================>....] - ETA: 2s - loss: 0.4963 - acc: 0.8245
1280/1424 [=========================>....] - ETA: 1s - loss: 0.4914 - acc: 0.8266
1312/1424 [==========================>...] - ETA: 1s - loss: 0.4864 - acc: 0.8277
1344/1424 [===========================>..] - ETA: 1s - loss: 0.4845 - acc: 0.8289
1376/1424 [===========================>..] - ETA: 0s - loss: 0.4851 - acc: 0.8278
1408/1424 [============================>.] - ETA: 0s - loss: 0.4831 - acc: 0.8288
1424/1424 [==============================] - 22s 15ms/step - loss: 0.4819 - acc: 0.8287 - val_loss: 0.3892 - val_acc: 0.8489
Train on 1424 samples, validate on 708 samples
Epoch 1/1

  32/1424 [..............................] - ETA: 18s - loss: 0.5309 - acc: 0.7188
  64/1424 [>.............................] - ETA: 18s - loss: 0.4957 - acc: 0.7812
  96/1424 [=>............................] - ETA: 17s - loss: 0.4623 - acc: 0.8021
 128/1424 [=>............................] - ETA: 17s - loss: 0.4348 - acc: 0.8281
 160/1424 [==>...........................] - ETA: 16s - loss: 0.4489 - acc: 0.8063
 192/1424 [===>..........................] - ETA: 16s - loss: 0.5815 - acc: 0.8125
 224/1424 [===>..........................] - ETA: 15s - loss: 0.5420 - acc: 0.8259
 256/1424 [====>.........................] - ETA: 15s - loss: 0.5234 - acc: 0.8281
 288/1424 [=====>........................] - ETA: 15s - loss: 0.5179 - acc: 0.8333
 320/1424 [=====>........................] - ETA: 14s - loss: 0.5040 - acc: 0.8344
 352/1424 [======>.......................] - ETA: 14s - loss: 0.5401 - acc: 0.8295
 384/1424 [=======>......................] - ETA: 13s - loss: 0.5262 - acc: 0.8307
 416/1424 [=======>......................] - ETA: 13s - loss: 0.5172 - acc: 0.8293
 448/1424 [========>.....................] - ETA: 13s - loss: 0.5199 - acc: 0.8237
 480/1424 [=========>....................] - ETA: 12s - loss: 0.5183 - acc: 0.8187
 512/1424 [=========>....................] - ETA: 12s - loss: 0.5115 - acc: 0.8203
 544/1424 [==========>...................] - ETA: 11s - loss: 0.5003 - acc: 0.8217
 576/1424 [===========>..................] - ETA: 11s - loss: 0.5023 - acc: 0.8160
 608/1424 [===========>..................] - ETA: 10s - loss: 0.5087 - acc: 0.8174
 640/1424 [============>.................] - ETA: 10s - loss: 0.5063 - acc: 0.8172
 672/1424 [=============>................] - ETA: 10s - loss: 0.5054 - acc: 0.8155
 704/1424 [=============>................] - ETA: 9s - loss: 0.4988 - acc: 0.8182 
 736/1424 [==============>...............] - ETA: 9s - loss: 0.4927 - acc: 0.8179
 768/1424 [===============>..............] - ETA: 8s - loss: 0.4831 - acc: 0.8216
 800/1424 [===============>..............] - ETA: 8s - loss: 0.4754 - acc: 0.8250
 832/1424 [================>.............] - ETA: 7s - loss: 0.4731 - acc: 0.8245
 864/1424 [=================>............] - ETA: 7s - loss: 0.4731 - acc: 0.8252
 896/1424 [=================>............] - ETA: 7s - loss: 0.4724 - acc: 0.8248
 928/1424 [==================>...........] - ETA: 6s - loss: 0.4660 - acc: 0.8276
 960/1424 [===================>..........] - ETA: 6s - loss: 0.4644 - acc: 0.8240
 992/1424 [===================>..........] - ETA: 5s - loss: 0.4659 - acc: 0.8236
1024/1424 [====================>.........] - ETA: 5s - loss: 0.4621 - acc: 0.8262
1056/1424 [=====================>........] - ETA: 4s - loss: 0.4705 - acc: 0.8267
1088/1424 [=====================>........] - ETA: 4s - loss: 0.4658 - acc: 0.8263
1120/1424 [======================>.......] - ETA: 4s - loss: 0.4660 - acc: 0.8241
1152/1424 [=======================>......] - ETA: 3s - loss: 0.4641 - acc: 0.8238
1184/1424 [=======================>......] - ETA: 3s - loss: 0.4615 - acc: 0.8243
1216/1424 [========================>.....] - ETA: 2s - loss: 0.4595 - acc: 0.8257
1248/1424 [=========================>....] - ETA: 2s - loss: 0.4587 - acc: 0.8253
1280/1424 [=========================>....] - ETA: 1s - loss: 0.4664 - acc: 0.8195
1312/1424 [==========================>...] - ETA: 1s - loss: 0.4687 - acc: 0.8178
1344/1424 [===========================>..] - ETA: 1s - loss: 0.4669 - acc: 0.8192
1376/1424 [===========================>..] - ETA: 0s - loss: 0.4635 - acc: 0.8212
1408/1424 [============================>.] - ETA: 0s - loss: 0.4622 - acc: 0.8203
1424/1424 [==============================] - 22s 15ms/step - loss: 0.4616 - acc: 0.8202 - val_loss: 0.4047 - val_acc: 0.8418
Train on 1424 samples, validate on 708 samples
Epoch 1/1

  32/1424 [..............................] - ETA: 18s - loss: 0.5071 - acc: 0.6875
  64/1424 [>.............................] - ETA: 18s - loss: 0.5076 - acc: 0.6875
  96/1424 [=>............................] - ETA: 17s - loss: 0.4558 - acc: 0.7396
 128/1424 [=>............................] - ETA: 17s - loss: 0.4807 - acc: 0.7500
 160/1424 [==>...........................] - ETA: 16s - loss: 0.4689 - acc: 0.7625
 192/1424 [===>..........................] - ETA: 16s - loss: 0.4372 - acc: 0.7969
 224/1424 [===>..........................] - ETA: 16s - loss: 0.4466 - acc: 0.7946
 256/1424 [====>.........................] - ETA: 15s - loss: 0.4413 - acc: 0.8047
 288/1424 [=====>........................] - ETA: 15s - loss: 0.4366 - acc: 0.8090
 320/1424 [=====>........................] - ETA: 14s - loss: 0.4343 - acc: 0.8094
 352/1424 [======>.......................] - ETA: 14s - loss: 0.4313 - acc: 0.8125
 384/1424 [=======>......................] - ETA: 13s - loss: 0.4286 - acc: 0.8177
 416/1424 [=======>......................] - ETA: 13s - loss: 0.4243 - acc: 0.8221
 448/1424 [========>.....................] - ETA: 13s - loss: 0.4190 - acc: 0.8237
 480/1424 [=========>....................] - ETA: 12s - loss: 0.4256 - acc: 0.8187
 512/1424 [=========>....................] - ETA: 12s - loss: 0.4238 - acc: 0.8164
 544/1424 [==========>...................] - ETA: 11s - loss: 0.4251 - acc: 0.8180
 576/1424 [===========>..................] - ETA: 11s - loss: 0.4130 - acc: 0.8281
 608/1424 [===========>..................] - ETA: 10s - loss: 0.4136 - acc: 0.8273
 640/1424 [============>.................] - ETA: 10s - loss: 0.4111 - acc: 0.8297
 672/1424 [=============>................] - ETA: 10s - loss: 0.4159 - acc: 0.8274
 704/1424 [=============>................] - ETA: 9s - loss: 0.4189 - acc: 0.8281 
 736/1424 [==============>...............] - ETA: 9s - loss: 0.4125 - acc: 0.8329
 768/1424 [===============>..............] - ETA: 8s - loss: 0.4152 - acc: 0.8333
 800/1424 [===============>..............] - ETA: 8s - loss: 0.4159 - acc: 0.8325
 832/1424 [================>.............] - ETA: 7s - loss: 0.4213 - acc: 0.8269
 864/1424 [=================>............] - ETA: 7s - loss: 0.4281 - acc: 0.8252
 896/1424 [=================>............] - ETA: 7s - loss: 0.4289 - acc: 0.8237
 928/1424 [==================>...........] - ETA: 6s - loss: 0.4239 - acc: 0.8265
 960/1424 [===================>..........] - ETA: 6s - loss: 0.4243 - acc: 0.8260
 992/1424 [===================>..........] - ETA: 5s - loss: 0.4329 - acc: 0.8246
1024/1424 [====================>.........] - ETA: 5s - loss: 0.4297 - acc: 0.8271
1056/1424 [=====================>........] - ETA: 4s - loss: 0.4362 - acc: 0.8239
1088/1424 [=====================>........] - ETA: 4s - loss: 0.4367 - acc: 0.8254
1120/1424 [======================>.......] - ETA: 4s - loss: 0.4373 - acc: 0.8241
1152/1424 [=======================>......] - ETA: 3s - loss: 0.4337 - acc: 0.8264
1184/1424 [=======================>......] - ETA: 3s - loss: 0.4346 - acc: 0.8243
1216/1424 [========================>.....] - ETA: 2s - loss: 0.4394 - acc: 0.8248
1248/1424 [=========================>....] - ETA: 2s - loss: 0.4417 - acc: 0.8221
1280/1424 [=========================>....] - ETA: 1s - loss: 0.4455 - acc: 0.8187
1312/1424 [==========================>...] - ETA: 1s - loss: 0.4468 - acc: 0.8178
1344/1424 [===========================>..] - ETA: 1s - loss: 0.4471 - acc: 0.8177
1376/1424 [===========================>..] - ETA: 0s - loss: 0.4472 - acc: 0.8176
1408/1424 [============================>.] - ETA: 0s - loss: 0.4497 - acc: 0.8146
1424/1424 [==============================] - 22s 15ms/step - loss: 0.4479 - acc: 0.8153 - val_loss: 0.5913 - val_acc: 0.6709
Train on 1424 samples, validate on 708 samples
Epoch 1/1

  32/1424 [..............................] - ETA: 18s - loss: 0.6008 - acc: 0.5938
  64/1424 [>.............................] - ETA: 18s - loss: 0.5849 - acc: 0.6406
  96/1424 [=>............................] - ETA: 17s - loss: 0.6639 - acc: 0.6042
 128/1424 [=>............................] - ETA: 17s - loss: 0.6648 - acc: 0.6016
 160/1424 [==>...........................] - ETA: 16s - loss: 0.6324 - acc: 0.6188
 192/1424 [===>..........................] - ETA: 16s - loss: 0.6196 - acc: 0.6302
 224/1424 [===>..........................] - ETA: 15s - loss: 0.6250 - acc: 0.6339
 256/1424 [====>.........................] - ETA: 15s - loss: 0.6320 - acc: 0.6328
 288/1424 [=====>........................] - ETA: 15s - loss: 0.6158 - acc: 0.6562
 320/1424 [=====>........................] - ETA: 14s - loss: 0.6071 - acc: 0.6625
 352/1424 [======>.......................] - ETA: 14s - loss: 0.6261 - acc: 0.6477
 384/1424 [=======>......................] - ETA: 13s - loss: 0.6188 - acc: 0.6510
 416/1424 [=======>......................] - ETA: 13s - loss: 0.6223 - acc: 0.6370
 448/1424 [========>.....................] - ETA: 13s - loss: 0.6157 - acc: 0.6406
 480/1424 [=========>....................] - ETA: 12s - loss: 0.6159 - acc: 0.6375
 512/1424 [=========>....................] - ETA: 12s - loss: 0.6129 - acc: 0.6406
 544/1424 [==========>...................] - ETA: 11s - loss: 0.6101 - acc: 0.6452
 576/1424 [===========>..................] - ETA: 11s - loss: 0.6074 - acc: 0.6493
 608/1424 [===========>..................] - ETA: 10s - loss: 0.6077 - acc: 0.6513
 640/1424 [============>.................] - ETA: 10s - loss: 0.6073 - acc: 0.6562
 672/1424 [=============>................] - ETA: 10s - loss: 0.6025 - acc: 0.6652
 704/1424 [=============>................] - ETA: 9s - loss: 0.6023 - acc: 0.6705 
 736/1424 [==============>...............] - ETA: 9s - loss: 0.6034 - acc: 0.6671
 768/1424 [===============>..............] - ETA: 8s - loss: 0.6023 - acc: 0.6732
 800/1424 [===============>..............] - ETA: 8s - loss: 0.5998 - acc: 0.6813
 832/1424 [================>.............] - ETA: 7s - loss: 0.5967 - acc: 0.6863
 864/1424 [=================>............] - ETA: 7s - loss: 0.5969 - acc: 0.6875
 896/1424 [=================>............] - ETA: 7s - loss: 0.5940 - acc: 0.6931
 928/1424 [==================>...........] - ETA: 6s - loss: 0.5904 - acc: 0.6972
 960/1424 [===================>..........] - ETA: 6s - loss: 0.5920 - acc: 0.6937
 992/1424 [===================>..........] - ETA: 5s - loss: 0.5912 - acc: 0.6966
1024/1424 [====================>.........] - ETA: 5s - loss: 0.5901 - acc: 0.6973
1056/1424 [=====================>........] - ETA: 4s - loss: 0.5881 - acc: 0.7027
1088/1424 [=====================>........] - ETA: 4s - loss: 0.5861 - acc: 0.7068
1120/1424 [======================>.......] - ETA: 4s - loss: 0.5854 - acc: 0.7063
1152/1424 [=======================>......] - ETA: 3s - loss: 0.5840 - acc: 0.7092
1184/1424 [=======================>......] - ETA: 3s - loss: 0.5846 - acc: 0.7078
1216/1424 [========================>.....] - ETA: 2s - loss: 0.5832 - acc: 0.7072
1248/1424 [=========================>....] - ETA: 2s - loss: 0.5821 - acc: 0.7075
1280/1424 [=========================>....] - ETA: 1s - loss: 0.5805 - acc: 0.7102
1312/1424 [==========================>...] - ETA: 1s - loss: 0.5791 - acc: 0.7104
1344/1424 [===========================>..] - ETA: 1s - loss: 0.5779 - acc: 0.7121
1376/1424 [===========================>..] - ETA: 0s - loss: 0.5759 - acc: 0.7137
1408/1424 [============================>.] - ETA: 0s - loss: 0.5755 - acc: 0.7159
1424/1424 [==============================] - 22s 15ms/step - loss: 0.5758 - acc: 0.7163 - val_loss: 0.5067 - val_acc: 0.8220
Train on 1424 samples, validate on 708 samples
Epoch 1/1

  32/1424 [..............................] - ETA: 18s - loss: 0.4959 - acc: 0.7500
  64/1424 [>.............................] - ETA: 18s - loss: 0.5241 - acc: 0.7500
  96/1424 [=>............................] - ETA: 17s - loss: 0.5184 - acc: 0.7917
 128/1424 [=>............................] - ETA: 17s - loss: 0.5812 - acc: 0.7578
 160/1424 [==>...........................] - ETA: 16s - loss: 0.5564 - acc: 0.7750
 192/1424 [===>..........................] - ETA: 16s - loss: 0.5488 - acc: 0.7760
 224/1424 [===>..........................] - ETA: 15s - loss: 0.5447 - acc: 0.7857
 256/1424 [====>.........................] - ETA: 15s - loss: 0.5446 - acc: 0.7852
 288/1424 [=====>........................] - ETA: 15s - loss: 0.5386 - acc: 0.7917
 320/1424 [=====>........................] - ETA: 14s - loss: 0.5345 - acc: 0.7937
 352/1424 [======>.......................] - ETA: 14s - loss: 0.5295 - acc: 0.7898
 384/1424 [=======>......................] - ETA: 13s - loss: 0.5383 - acc: 0.7760
 416/1424 [=======>......................] - ETA: 13s - loss: 0.5315 - acc: 0.7764
 448/1424 [========>.....................] - ETA: 13s - loss: 0.5355 - acc: 0.7723
 480/1424 [=========>....................] - ETA: 12s - loss: 0.5288 - acc: 0.7750
 512/1424 [=========>....................] - ETA: 12s - loss: 0.5242 - acc: 0.7773
 544/1424 [==========>...................] - ETA: 11s - loss: 0.5245 - acc: 0.7721
 576/1424 [===========>..................] - ETA: 11s - loss: 0.5213 - acc: 0.7743
 608/1424 [===========>..................] - ETA: 10s - loss: 0.5224 - acc: 0.7730
 640/1424 [============>.................] - ETA: 10s - loss: 0.5184 - acc: 0.7766
 672/1424 [=============>................] - ETA: 10s - loss: 0.5203 - acc: 0.7753
 704/1424 [=============>................] - ETA: 9s - loss: 0.5213 - acc: 0.7741 
 736/1424 [==============>...............] - ETA: 9s - loss: 0.5201 - acc: 0.7731
 768/1424 [===============>..............] - ETA: 8s - loss: 0.5188 - acc: 0.7734
 800/1424 [===============>..............] - ETA: 8s - loss: 0.5207 - acc: 0.7725
 832/1424 [================>.............] - ETA: 7s - loss: 0.5225 - acc: 0.7692
 864/1424 [=================>............] - ETA: 7s - loss: 0.5209 - acc: 0.7720
 896/1424 [=================>............] - ETA: 7s - loss: 0.5169 - acc: 0.7768
 928/1424 [==================>...........] - ETA: 6s - loss: 0.5163 - acc: 0.7780
 960/1424 [===================>..........] - ETA: 6s - loss: 0.5148 - acc: 0.7781
 992/1424 [===================>..........] - ETA: 5s - loss: 0.5147 - acc: 0.7782
1024/1424 [====================>.........] - ETA: 5s - loss: 0.5193 - acc: 0.7734
1056/1424 [=====================>........] - ETA: 4s - loss: 0.5168 - acc: 0.7746
1088/1424 [=====================>........] - ETA: 4s - loss: 0.5132 - acc: 0.7767
1120/1424 [======================>.......] - ETA: 4s - loss: 0.5109 - acc: 0.7786
1152/1424 [=======================>......] - ETA: 3s - loss: 0.5066 - acc: 0.7821
1184/1424 [=======================>......] - ETA: 3s - loss: 0.5026 - acc: 0.7855
1216/1424 [========================>.....] - ETA: 2s - loss: 0.5000 - acc: 0.7862
1248/1424 [=========================>....] - ETA: 2s - loss: 0.5017 - acc: 0.7861
1280/1424 [=========================>....] - ETA: 1s - loss: 0.5018 - acc: 0.7844
1312/1424 [==========================>...] - ETA: 1s - loss: 0.5022 - acc: 0.7828
1344/1424 [===========================>..] - ETA: 1s - loss: 0.5030 - acc: 0.7812
1376/1424 [===========================>..] - ETA: 0s - loss: 0.5047 - acc: 0.7783
1408/1424 [============================>.] - ETA: 0s - loss: 0.5010 - acc: 0.7798
1424/1424 [==============================] - 22s 15ms/step - loss: 0.5010 - acc: 0.7802 - val_loss: 0.4473 - val_acc: 0.8319
Train on 1424 samples, validate on 708 samples
Epoch 1/1

  32/1424 [..............................] - ETA: 18s - loss: 0.4941 - acc: 0.8125
  64/1424 [>.............................] - ETA: 18s - loss: 0.5155 - acc: 0.7500
  96/1424 [=>............................] - ETA: 17s - loss: 0.4708 - acc: 0.7708
 128/1424 [=>............................] - ETA: 17s - loss: 0.4838 - acc: 0.7656
 160/1424 [==>...........................] - ETA: 16s - loss: 0.4988 - acc: 0.7688
 192/1424 [===>..........................] - ETA: 16s - loss: 0.4727 - acc: 0.7917
 224/1424 [===>..........................] - ETA: 16s - loss: 0.4948 - acc: 0.7902
 256/1424 [====>.........................] - ETA: 15s - loss: 0.4875 - acc: 0.7930
 288/1424 [=====>........................] - ETA: 15s - loss: 0.4991 - acc: 0.7812
 320/1424 [=====>........................] - ETA: 14s - loss: 0.4972 - acc: 0.7750
 352/1424 [======>.......................] - ETA: 14s - loss: 0.4952 - acc: 0.7727
 384/1424 [=======>......................] - ETA: 13s - loss: 0.4893 - acc: 0.7734
 416/1424 [=======>......................] - ETA: 13s - loss: 0.4886 - acc: 0.7716
 448/1424 [========>.....................] - ETA: 13s - loss: 0.4892 - acc: 0.7768
 480/1424 [=========>....................] - ETA: 12s - loss: 0.4817 - acc: 0.7833
 512/1424 [=========>....................] - ETA: 12s - loss: 0.4881 - acc: 0.7812
 544/1424 [==========>...................] - ETA: 11s - loss: 0.4914 - acc: 0.7757
 576/1424 [===========>..................] - ETA: 11s - loss: 0.4870 - acc: 0.7778
 608/1424 [===========>..................] - ETA: 10s - loss: 0.4827 - acc: 0.7812
 640/1424 [============>.................] - ETA: 10s - loss: 0.4849 - acc: 0.7781
 672/1424 [=============>................] - ETA: 10s - loss: 0.4911 - acc: 0.7738
 704/1424 [=============>................] - ETA: 9s - loss: 0.4899 - acc: 0.7741 
 736/1424 [==============>...............] - ETA: 9s - loss: 0.4925 - acc: 0.7717
 768/1424 [===============>..............] - ETA: 8s - loss: 0.5047 - acc: 0.7669
 800/1424 [===============>..............] - ETA: 8s - loss: 0.5071 - acc: 0.7650
 832/1424 [================>.............] - ETA: 7s - loss: 0.5048 - acc: 0.7668
 864/1424 [=================>............] - ETA: 7s - loss: 0.5029 - acc: 0.7708
 896/1424 [=================>............] - ETA: 7s - loss: 0.4969 - acc: 0.7757
 928/1424 [==================>...........] - ETA: 6s - loss: 0.4967 - acc: 0.7748
 960/1424 [===================>..........] - ETA: 6s - loss: 0.4951 - acc: 0.7771
 992/1424 [===================>..........] - ETA: 5s - loss: 0.4919 - acc: 0.7802
1024/1424 [====================>.........] - ETA: 5s - loss: 0.4908 - acc: 0.7803
1056/1424 [=====================>........] - ETA: 4s - loss: 0.4910 - acc: 0.7803
1088/1424 [=====================>........] - ETA: 4s - loss: 0.4899 - acc: 0.7812
1120/1424 [======================>.......] - ETA: 4s - loss: 0.4901 - acc: 0.7795
1152/1424 [=======================>......] - ETA: 3s - loss: 0.4921 - acc: 0.7786
1184/1424 [=======================>......] - ETA: 3s - loss: 0.4921 - acc: 0.7804
1216/1424 [========================>.....] - ETA: 2s - loss: 0.4925 - acc: 0.7804
1248/1424 [=========================>....] - ETA: 2s - loss: 0.4920 - acc: 0.7804
1280/1424 [=========================>....] - ETA: 1s - loss: 0.4891 - acc: 0.7836
1312/1424 [==========================>...] - ETA: 1s - loss: 0.4880 - acc: 0.7835
1344/1424 [===========================>..] - ETA: 1s - loss: 0.4853 - acc: 0.7857
1376/1424 [===========================>..] - ETA: 0s - loss: 0.4850 - acc: 0.7849
1408/1424 [============================>.] - ETA: 0s - loss: 0.4857 - acc: 0.7834
1424/1424 [==============================] - 22s 15ms/step - loss: 0.4854 - acc: 0.7830 - val_loss: 0.4278 - val_acc: 0.8446
Train on 1424 samples, validate on 708 samples
Epoch 1/1

  32/1424 [..............................] - ETA: 18s - loss: 0.5199 - acc: 0.7188
  64/1424 [>.............................] - ETA: 18s - loss: 0.4715 - acc: 0.7656
  96/1424 [=>............................] - ETA: 17s - loss: 0.4527 - acc: 0.7917
 128/1424 [=>............................] - ETA: 17s - loss: 0.4385 - acc: 0.8047
 160/1424 [==>...........................] - ETA: 16s - loss: 0.4587 - acc: 0.7875
 192/1424 [===>..........................] - ETA: 16s - loss: 0.4668 - acc: 0.7812
 224/1424 [===>..........................] - ETA: 16s - loss: 0.4618 - acc: 0.7857
 256/1424 [====>.........................] - ETA: 15s - loss: 0.5256 - acc: 0.7773
 288/1424 [=====>........................] - ETA: 15s - loss: 0.5131 - acc: 0.7882
 320/1424 [=====>........................] - ETA: 14s - loss: 0.4956 - acc: 0.7969
 352/1424 [======>.......................] - ETA: 14s - loss: 0.5341 - acc: 0.8011
 384/1424 [=======>......................] - ETA: 13s - loss: 0.5667 - acc: 0.7995
 416/1424 [=======>......................] - ETA: 13s - loss: 0.5979 - acc: 0.7981
 448/1424 [========>.....................] - ETA: 13s - loss: 0.5796 - acc: 0.8013
 480/1424 [=========>....................] - ETA: 12s - loss: 0.6432 - acc: 0.7917
 512/1424 [=========>....................] - ETA: 12s - loss: 0.6278 - acc: 0.7891
 544/1424 [==========>...................] - ETA: 11s - loss: 0.6371 - acc: 0.7941
 576/1424 [===========>..................] - ETA: 11s - loss: 0.6434 - acc: 0.7986
 608/1424 [===========>..................] - ETA: 10s - loss: 0.6650 - acc: 0.7928
 640/1424 [============>.................] - ETA: 10s - loss: 0.6862 - acc: 0.7922
 672/1424 [=============>................] - ETA: 10s - loss: 0.6925 - acc: 0.7961
 704/1424 [=============>................] - ETA: 9s - loss: 0.6766 - acc: 0.7983 
 736/1424 [==============>...............] - ETA: 9s - loss: 0.6652 - acc: 0.7989
 768/1424 [===============>..............] - ETA: 8s - loss: 0.6650 - acc: 0.7995
 800/1424 [===============>..............] - ETA: 8s - loss: 0.6551 - acc: 0.8000
 832/1424 [================>.............] - ETA: 7s - loss: 0.6761 - acc: 0.7945
 864/1424 [=================>............] - ETA: 7s - loss: 0.6844 - acc: 0.7951
 896/1424 [=================>............] - ETA: 7s - loss: 0.6810 - acc: 0.7913
 928/1424 [==================>...........] - ETA: 6s - loss: 0.6740 - acc: 0.7920
 960/1424 [===================>..........] - ETA: 6s - loss: 0.6676 - acc: 0.7917
 992/1424 [===================>..........] - ETA: 5s - loss: 0.6713 - acc: 0.7873
1024/1424 [====================>.........] - ETA: 5s - loss: 0.6648 - acc: 0.7861
1056/1424 [=====================>........] - ETA: 4s - loss: 0.6550 - acc: 0.7898
1088/1424 [=====================>........] - ETA: 4s - loss: 0.6534 - acc: 0.7868
1120/1424 [======================>.......] - ETA: 4s - loss: 0.6474 - acc: 0.7875
1152/1424 [=======================>......] - ETA: 3s - loss: 0.6435 - acc: 0.7873
1184/1424 [=======================>......] - ETA: 3s - loss: 0.6396 - acc: 0.7872
1216/1424 [========================>.....] - ETA: 2s - loss: 0.6383 - acc: 0.7854
1248/1424 [=========================>....] - ETA: 2s - loss: 0.6315 - acc: 0.7869
1280/1424 [=========================>....] - ETA: 1s - loss: 0.6297 - acc: 0.7852
1312/1424 [==========================>...] - ETA: 1s - loss: 0.6247 - acc: 0.7866
1344/1424 [===========================>..] - ETA: 1s - loss: 0.6184 - acc: 0.7894
1376/1424 [===========================>..] - ETA: 0s - loss: 0.6149 - acc: 0.7900
1408/1424 [============================>.] - ETA: 0s - loss: 0.6114 - acc: 0.7891
1424/1424 [==============================] - 22s 15ms/step - loss: 0.6101 - acc: 0.7886 - val_loss: 0.4193 - val_acc: 0.8418
Train on 1424 samples, validate on 708 samples
Epoch 1/1

  32/1424 [..............................] - ETA: 18s - loss: 0.5863 - acc: 0.8438
  64/1424 [>.............................] - ETA: 18s - loss: 0.5222 - acc: 0.8438
  96/1424 [=>............................] - ETA: 17s - loss: 0.4973 - acc: 0.8438
 128/1424 [=>............................] - ETA: 17s - loss: 0.4815 - acc: 0.8516
 160/1424 [==>...........................] - ETA: 16s - loss: 0.4700 - acc: 0.8500
 192/1424 [===>..........................] - ETA: 16s - loss: 0.4672 - acc: 0.8438
 224/1424 [===>..........................] - ETA: 15s - loss: 0.4551 - acc: 0.8348
 256/1424 [====>.........................] - ETA: 15s - loss: 0.4548 - acc: 0.8320
 288/1424 [=====>........................] - ETA: 15s - loss: 0.4542 - acc: 0.8368
 320/1424 [=====>........................] - ETA: 14s - loss: 0.4570 - acc: 0.8375
 352/1424 [======>.......................] - ETA: 14s - loss: 0.4561 - acc: 0.8267
 384/1424 [=======>......................] - ETA: 13s - loss: 0.4446 - acc: 0.8359
 416/1424 [=======>......................] - ETA: 13s - loss: 0.4556 - acc: 0.8269
 448/1424 [========>.....................] - ETA: 13s - loss: 0.4547 - acc: 0.8237
 480/1424 [=========>....................] - ETA: 12s - loss: 0.4534 - acc: 0.8229
 512/1424 [=========>....................] - ETA: 12s - loss: 0.4607 - acc: 0.8125
 544/1424 [==========>...................] - ETA: 11s - loss: 0.4664 - acc: 0.8107
 576/1424 [===========>..................] - ETA: 11s - loss: 0.4644 - acc: 0.8125
 608/1424 [===========>..................] - ETA: 10s - loss: 0.4649 - acc: 0.8092
 640/1424 [============>.................] - ETA: 10s - loss: 0.4623 - acc: 0.8094
 672/1424 [=============>................] - ETA: 10s - loss: 0.4654 - acc: 0.8051
 704/1424 [=============>................] - ETA: 9s - loss: 0.4573 - acc: 0.8111 
 736/1424 [==============>...............] - ETA: 9s - loss: 0.4592 - acc: 0.8098
 768/1424 [===============>..............] - ETA: 8s - loss: 0.4660 - acc: 0.8047
 800/1424 [===============>..............] - ETA: 8s - loss: 0.4848 - acc: 0.8025
 832/1424 [================>.............] - ETA: 7s - loss: 0.4849 - acc: 0.8041
 864/1424 [=================>............] - ETA: 7s - loss: 0.4868 - acc: 0.8032
 896/1424 [=================>............] - ETA: 7s - loss: 0.4838 - acc: 0.8036
 928/1424 [==================>...........] - ETA: 6s - loss: 0.4810 - acc: 0.8039
 960/1424 [===================>..........] - ETA: 6s - loss: 0.4797 - acc: 0.8010
 992/1424 [===================>..........] - ETA: 5s - loss: 0.4780 - acc: 0.8014
1024/1424 [====================>.........] - ETA: 5s - loss: 0.4766 - acc: 0.8027
1056/1424 [=====================>........] - ETA: 4s - loss: 0.4753 - acc: 0.8040
1088/1424 [=====================>........] - ETA: 4s - loss: 0.4758 - acc: 0.8024
1120/1424 [======================>.......] - ETA: 4s - loss: 0.4745 - acc: 0.8027
1152/1424 [=======================>......] - ETA: 3s - loss: 0.4719 - acc: 0.8047
1184/1424 [=======================>......] - ETA: 3s - loss: 0.4694 - acc: 0.8066
1216/1424 [========================>.....] - ETA: 2s - loss: 0.4687 - acc: 0.8059
1248/1424 [=========================>....] - ETA: 2s - loss: 0.4651 - acc: 0.8093
1280/1424 [=========================>....] - ETA: 1s - loss: 0.4643 - acc: 0.8094
1312/1424 [==========================>...] - ETA: 1s - loss: 0.4650 - acc: 0.8087
1344/1424 [===========================>..] - ETA: 1s - loss: 0.4646 - acc: 0.8088
1376/1424 [===========================>..] - ETA: 0s - loss: 0.4626 - acc: 0.8103
1408/1424 [============================>.] - ETA: 0s - loss: 0.4618 - acc: 0.8111
1424/1424 [==============================] - 22s 15ms/step - loss: 0.4626 - acc: 0.8097 - val_loss: 0.4120 - val_acc: 0.8432
Train on 1424 samples, validate on 708 samples
Epoch 1/1

  32/1424 [..............................] - ETA: 18s - loss: 0.4663 - acc: 0.7812
  64/1424 [>.............................] - ETA: 18s - loss: 0.4121 - acc: 0.8438
  96/1424 [=>............................] - ETA: 17s - loss: 0.4161 - acc: 0.8438
 128/1424 [=>............................] - ETA: 17s - loss: 0.4351 - acc: 0.8281
 160/1424 [==>...........................] - ETA: 16s - loss: 0.4241 - acc: 0.8438
 192/1424 [===>..........................] - ETA: 16s - loss: 0.4283 - acc: 0.8333
 224/1424 [===>..........................] - ETA: 15s - loss: 0.4496 - acc: 0.8125
 256/1424 [====>.........................] - ETA: 15s - loss: 0.4545 - acc: 0.8125
 288/1424 [=====>........................] - ETA: 15s - loss: 0.4681 - acc: 0.7951
 320/1424 [=====>........................] - ETA: 14s - loss: 0.4582 - acc: 0.8000
 352/1424 [======>.......................] - ETA: 14s - loss: 0.4556 - acc: 0.8040
 384/1424 [=======>......................] - ETA: 13s - loss: 0.4510 - acc: 0.8047
 416/1424 [=======>......................] - ETA: 13s - loss: 0.4527 - acc: 0.8077
 448/1424 [========>.....................] - ETA: 13s - loss: 0.4497 - acc: 0.8103
 480/1424 [=========>....................] - ETA: 12s - loss: 0.4465 - acc: 0.8125
 512/1424 [=========>....................] - ETA: 12s - loss: 0.4448 - acc: 0.8125
 544/1424 [==========>...................] - ETA: 11s - loss: 0.4457 - acc: 0.8107
 576/1424 [===========>..................] - ETA: 11s - loss: 0.4451 - acc: 0.8125
 608/1424 [===========>..................] - ETA: 10s - loss: 0.4463 - acc: 0.8109
 640/1424 [============>.................] - ETA: 10s - loss: 0.4458 - acc: 0.8109
 672/1424 [=============>................] - ETA: 10s - loss: 0.4538 - acc: 0.8036
 704/1424 [=============>................] - ETA: 9s - loss: 0.4576 - acc: 0.8011 
 736/1424 [==============>...............] - ETA: 9s - loss: 0.4554 - acc: 0.8057
 768/1424 [===============>..............] - ETA: 8s - loss: 0.4631 - acc: 0.7995
 800/1424 [===============>..............] - ETA: 8s - loss: 0.4606 - acc: 0.8025
 832/1424 [================>.............] - ETA: 7s - loss: 0.4550 - acc: 0.8053
 864/1424 [=================>............] - ETA: 7s - loss: 0.4574 - acc: 0.8021
 896/1424 [=================>............] - ETA: 7s - loss: 0.4563 - acc: 0.8013
 928/1424 [==================>...........] - ETA: 6s - loss: 0.4539 - acc: 0.8039
 960/1424 [===================>..........] - ETA: 6s - loss: 0.4540 - acc: 0.8042
 992/1424 [===================>..........] - ETA: 5s - loss: 0.4527 - acc: 0.8024
1024/1424 [====================>.........] - ETA: 5s - loss: 0.4550 - acc: 0.8018
1056/1424 [=====================>........] - ETA: 4s - loss: 0.4515 - acc: 0.8030
1088/1424 [=====================>........] - ETA: 4s - loss: 0.4493 - acc: 0.8042
1120/1424 [======================>.......] - ETA: 4s - loss: 0.4478 - acc: 0.8045
1152/1424 [=======================>......] - ETA: 3s - loss: 0.4482 - acc: 0.8038
1184/1424 [=======================>......] - ETA: 3s - loss: 0.4490 - acc: 0.8032
1216/1424 [========================>.....] - ETA: 2s - loss: 0.4487 - acc: 0.8051
1248/1424 [=========================>....] - ETA: 2s - loss: 0.4507 - acc: 0.8029
1280/1424 [=========================>....] - ETA: 1s - loss: 0.4500 - acc: 0.8031
1312/1424 [==========================>...] - ETA: 1s - loss: 0.4497 - acc: 0.8034
1344/1424 [===========================>..] - ETA: 1s - loss: 0.4515 - acc: 0.8021
1376/1424 [===========================>..] - ETA: 0s - loss: 0.4529 - acc: 0.8009
1408/1424 [============================>.] - ETA: 0s - loss: 0.4513 - acc: 0.7997
1424/1424 [==============================] - 22s 15ms/step - loss: 0.4543 - acc: 0.7999 - val_loss: 0.4020 - val_acc: 0.8376
Train on 1424 samples, validate on 708 samples
Epoch 1/1

  32/1424 [..............................] - ETA: 18s - loss: 0.4932 - acc: 0.7812
  64/1424 [>.............................] - ETA: 18s - loss: 0.4316 - acc: 0.8281
  96/1424 [=>............................] - ETA: 17s - loss: 0.4196 - acc: 0.8333
 128/1424 [=>............................] - ETA: 17s - loss: 0.4318 - acc: 0.8047
 160/1424 [==>...........................] - ETA: 16s - loss: 0.4331 - acc: 0.8063
 192/1424 [===>..........................] - ETA: 16s - loss: 0.4368 - acc: 0.8125
 224/1424 [===>..........................] - ETA: 16s - loss: 0.4380 - acc: 0.8080
 256/1424 [====>.........................] - ETA: 15s - loss: 0.4462 - acc: 0.8008
 288/1424 [=====>........................] - ETA: 15s - loss: 0.4429 - acc: 0.8090
 320/1424 [=====>........................] - ETA: 14s - loss: 0.4639 - acc: 0.7937
 352/1424 [======>.......................] - ETA: 14s - loss: 0.4569 - acc: 0.7983
 384/1424 [=======>......................] - ETA: 13s - loss: 0.4633 - acc: 0.7891
 416/1424 [=======>......................] - ETA: 13s - loss: 0.4675 - acc: 0.7837
 448/1424 [========>.....................] - ETA: 13s - loss: 0.4773 - acc: 0.7768
 480/1424 [=========>....................] - ETA: 12s - loss: 0.4656 - acc: 0.7833
 512/1424 [=========>....................] - ETA: 12s - loss: 0.4645 - acc: 0.7852
 544/1424 [==========>...................] - ETA: 11s - loss: 0.4633 - acc: 0.7849
 576/1424 [===========>..................] - ETA: 11s - loss: 0.4670 - acc: 0.7830
 608/1424 [===========>..................] - ETA: 10s - loss: 0.4693 - acc: 0.7796
 640/1424 [============>.................] - ETA: 10s - loss: 0.4646 - acc: 0.7859
 672/1424 [=============>................] - ETA: 10s - loss: 0.4662 - acc: 0.7887
 704/1424 [=============>................] - ETA: 9s - loss: 0.4688 - acc: 0.7898 
 736/1424 [==============>...............] - ETA: 9s - loss: 0.4704 - acc: 0.7880
 768/1424 [===============>..............] - ETA: 8s - loss: 0.4716 - acc: 0.7891
 800/1424 [===============>..............] - ETA: 8s - loss: 0.4634 - acc: 0.7937
 832/1424 [================>.............] - ETA: 7s - loss: 0.4657 - acc: 0.7945
 864/1424 [=================>............] - ETA: 7s - loss: 0.4614 - acc: 0.7975
 896/1424 [=================>............] - ETA: 7s - loss: 0.4626 - acc: 0.7969
 928/1424 [==================>...........] - ETA: 6s - loss: 0.4560 - acc: 0.8017
 960/1424 [===================>..........] - ETA: 6s - loss: 0.4521 - acc: 0.8031
 992/1424 [===================>..........] - ETA: 5s - loss: 0.4537 - acc: 0.8044
1024/1424 [====================>.........] - ETA: 5s - loss: 0.4547 - acc: 0.8057
1056/1424 [=====================>........] - ETA: 4s - loss: 0.4540 - acc: 0.8049
1088/1424 [=====================>........] - ETA: 4s - loss: 0.4541 - acc: 0.8061
1120/1424 [======================>.......] - ETA: 4s - loss: 0.4536 - acc: 0.8045
1152/1424 [=======================>......] - ETA: 3s - loss: 0.4521 - acc: 0.8056
1184/1424 [=======================>......] - ETA: 3s - loss: 0.4487 - acc: 0.8074
1216/1424 [========================>.....] - ETA: 2s - loss: 0.4498 - acc: 0.8059
1248/1424 [=========================>....] - ETA: 2s - loss: 0.4521 - acc: 0.8053
1280/1424 [=========================>....] - ETA: 1s - loss: 0.4507 - acc: 0.8063
1312/1424 [==========================>...] - ETA: 1s - loss: 0.4457 - acc: 0.8087
1344/1424 [===========================>..] - ETA: 1s - loss: 0.4455 - acc: 0.8088
1376/1424 [===========================>..] - ETA: 0s - loss: 0.4449 - acc: 0.8089
1408/1424 [============================>.] - ETA: 0s - loss: 0.4444 - acc: 0.8089
1424/1424 [==============================] - 22s 15ms/step - loss: 0.4443 - acc: 0.8097 - val_loss: 0.3892 - val_acc: 0.8446
Train on 1424 samples, validate on 708 samples
Epoch 1/1

  32/1424 [..............................] - ETA: 18s - loss: 0.3926 - acc: 0.7812
  64/1424 [>.............................] - ETA: 18s - loss: 0.5377 - acc: 0.7344
  96/1424 [=>............................] - ETA: 17s - loss: 0.5050 - acc: 0.7500
 128/1424 [=>............................] - ETA: 17s - loss: 0.4695 - acc: 0.7734
 160/1424 [==>...........................] - ETA: 16s - loss: 0.4728 - acc: 0.7750
 192/1424 [===>..........................] - ETA: 16s - loss: 0.4570 - acc: 0.7760
 224/1424 [===>..........................] - ETA: 16s - loss: 0.4675 - acc: 0.7723
 256/1424 [====>.........................] - ETA: 15s - loss: 0.4552 - acc: 0.7852
 288/1424 [=====>........................] - ETA: 15s - loss: 0.4383 - acc: 0.7917
 320/1424 [=====>........................] - ETA: 14s - loss: 0.4254 - acc: 0.8031
 352/1424 [======>.......................] - ETA: 14s - loss: 0.4266 - acc: 0.8097
 384/1424 [=======>......................] - ETA: 13s - loss: 0.4192 - acc: 0.8203
 416/1424 [=======>......................] - ETA: 13s - loss: 0.4165 - acc: 0.8221
 448/1424 [========>.....................] - ETA: 13s - loss: 0.4093 - acc: 0.8281
 480/1424 [=========>....................] - ETA: 12s - loss: 0.4206 - acc: 0.8229
 512/1424 [=========>....................] - ETA: 12s - loss: 0.4292 - acc: 0.8164
 544/1424 [==========>...................] - ETA: 11s - loss: 0.4314 - acc: 0.8143
 576/1424 [===========>..................] - ETA: 11s - loss: 0.4291 - acc: 0.8177
 608/1424 [===========>..................] - ETA: 10s - loss: 0.4301 - acc: 0.8158
 640/1424 [============>.................] - ETA: 10s - loss: 0.4263 - acc: 0.8156
 672/1424 [=============>................] - ETA: 10s - loss: 0.4327 - acc: 0.8140
 704/1424 [=============>................] - ETA: 9s - loss: 0.4345 - acc: 0.8139 
 736/1424 [==============>...............] - ETA: 9s - loss: 0.4906 - acc: 0.8071
 768/1424 [===============>..............] - ETA: 8s - loss: 0.4942 - acc: 0.8021
 800/1424 [===============>..............] - ETA: 8s - loss: 0.5087 - acc: 0.8037
 832/1424 [================>.............] - ETA: 7s - loss: 0.5268 - acc: 0.8029
 864/1424 [=================>............] - ETA: 7s - loss: 0.5477 - acc: 0.8009
 896/1424 [=================>............] - ETA: 7s - loss: 0.5438 - acc: 0.8002
 928/1424 [==================>...........] - ETA: 6s - loss: 0.5530 - acc: 0.7931
 960/1424 [===================>..........] - ETA: 6s - loss: 0.5435 - acc: 0.7979
 992/1424 [===================>..........] - ETA: 5s - loss: 0.5393 - acc: 0.7974
1024/1424 [====================>.........] - ETA: 5s - loss: 0.5367 - acc: 0.7998
1056/1424 [=====================>........] - ETA: 4s - loss: 0.5316 - acc: 0.8021
1088/1424 [=====================>........] - ETA: 4s - loss: 0.5428 - acc: 0.8024
1120/1424 [======================>.......] - ETA: 4s - loss: 0.5355 - acc: 0.8063
1152/1424 [=======================>......] - ETA: 3s - loss: 0.5324 - acc: 0.8064
1184/1424 [=======================>......] - ETA: 3s - loss: 0.5321 - acc: 0.8074
1216/1424 [========================>.....] - ETA: 2s - loss: 0.5262 - acc: 0.8092
1248/1424 [=========================>....] - ETA: 2s - loss: 0.5198 - acc: 0.8117
1280/1424 [=========================>....] - ETA: 1s - loss: 0.5219 - acc: 0.8094
1312/1424 [==========================>...] - ETA: 1s - loss: 0.5181 - acc: 0.8102
1344/1424 [===========================>..] - ETA: 1s - loss: 0.5183 - acc: 0.8088
1376/1424 [===========================>..] - ETA: 0s - loss: 0.5134 - acc: 0.8096
1408/1424 [============================>.] - ETA: 0s - loss: 0.5127 - acc: 0.8089
1424/1424 [==============================] - 22s 15ms/step - loss: 0.5101 - acc: 0.8097 - val_loss: 0.3895 - val_acc: 0.8503

  32/1424 [..............................] - ETA: 26s
  64/1424 [>.............................] - ETA: 15s
  96/1424 [=>............................] - ETA: 11s
 128/1424 [=>............................] - ETA: 9s 
 160/1424 [==>...........................] - ETA: 8s
 192/1424 [===>..........................] - ETA: 7s
 224/1424 [===>..........................] - ETA: 6s
 256/1424 [====>.........................] - ETA: 6s
 288/1424 [=====>........................] - ETA: 5s
 320/1424 [=====>........................] - ETA: 5s
 352/1424 [======>.......................] - ETA: 5s
 384/1424 [=======>......................] - ETA: 5s
 416/1424 [=======>......................] - ETA: 4s
 448/1424 [========>.....................] - ETA: 4s
 480/1424 [=========>....................] - ETA: 4s
 512/1424 [=========>....................] - ETA: 4s
 544/1424 [==========>...................] - ETA: 3s
 576/1424 [===========>..................] - ETA: 3s
 608/1424 [===========>..................] - ETA: 3s
 640/1424 [============>.................] - ETA: 3s
 672/1424 [=============>................] - ETA: 3s
 704/1424 [=============>................] - ETA: 3s
 736/1424 [==============>...............] - ETA: 2s
 768/1424 [===============>..............] - ETA: 2s
 800/1424 [===============>..............] - ETA: 2s
 832/1424 [================>.............] - ETA: 2s
 864/1424 [=================>............] - ETA: 2s
 896/1424 [=================>............] - ETA: 2s
 928/1424 [==================>...........] - ETA: 2s
 960/1424 [===================>..........] - ETA: 1s
 992/1424 [===================>..........] - ETA: 1s
1024/1424 [====================>.........] - ETA: 1s
1056/1424 [=====================>........] - ETA: 1s
1088/1424 [=====================>........] - ETA: 1s
1120/1424 [======================>.......] - ETA: 1s
1152/1424 [=======================>......] - ETA: 1s
1184/1424 [=======================>......] - ETA: 0s
1216/1424 [========================>.....] - ETA: 0s
1248/1424 [=========================>....] - ETA: 0s
1280/1424 [=========================>....] - ETA: 0s
1312/1424 [==========================>...] - ETA: 0s
1344/1424 [===========================>..] - ETA: 0s
1376/1424 [===========================>..] - ETA: 0s
1408/1424 [============================>.] - ETA: 0s
1424/1424 [==============================] - 6s 4ms/step
Test acc: 0.8349719101123596

  32/1424 [..............................] - ETA: 5s
  64/1424 [>.............................] - ETA: 4s
  96/1424 [=>............................] - ETA: 4s
 128/1424 [=>............................] - ETA: 4s
 160/1424 [==>...........................] - ETA: 4s
 192/1424 [===>..........................] - ETA: 4s
 224/1424 [===>..........................] - ETA: 4s
 256/1424 [====>.........................] - ETA: 4s
 288/1424 [=====>........................] - ETA: 4s
 320/1424 [=====>........................] - ETA: 3s
 352/1424 [======>.......................] - ETA: 3s
 384/1424 [=======>......................] - ETA: 3s
 416/1424 [=======>......................] - ETA: 3s
 448/1424 [========>.....................] - ETA: 3s
 480/1424 [=========>....................] - ETA: 3s
 512/1424 [=========>....................] - ETA: 3s
 544/1424 [==========>...................] - ETA: 3s
 576/1424 [===========>..................] - ETA: 3s
 608/1424 [===========>..................] - ETA: 2s
 640/1424 [============>.................] - ETA: 2s
 672/1424 [=============>................] - ETA: 2s
 704/1424 [=============>................] - ETA: 2s
 736/1424 [==============>...............] - ETA: 2s
 768/1424 [===============>..............] - ETA: 2s
 800/1424 [===============>..............] - ETA: 2s
 832/1424 [================>.............] - ETA: 2s
 864/1424 [=================>............] - ETA: 1s
 896/1424 [=================>............] - ETA: 1s
 928/1424 [==================>...........] - ETA: 1s
 960/1424 [===================>..........] - ETA: 1s
 992/1424 [===================>..........] - ETA: 1s
1024/1424 [====================>.........] - ETA: 1s
1056/1424 [=====================>........] - ETA: 1s
1088/1424 [=====================>........] - ETA: 1s
1120/1424 [======================>.......] - ETA: 1s
1152/1424 [=======================>......] - ETA: 0s
1184/1424 [=======================>......] - ETA: 0s
1216/1424 [========================>.....] - ETA: 0s
1248/1424 [=========================>....] - ETA: 0s
1280/1424 [=========================>....] - ETA: 0s
1312/1424 [==========================>...] - ETA: 0s
1344/1424 [===========================>..] - ETA: 0s
1376/1424 [===========================>..] - ETA: 0s
1408/1424 [============================>.] - ETA: 0s
1424/1424 [==============================] - 5s 4ms/step
Test acc: [0.41832061095184153, 0.8412921348314607]
Test auc: 0.9160252414467871
Test mcc: 0.674321653497528
Execute epoch: 18
Execute time: 421.9022982120514
(W) Execute time: 419.9322099685669
