_________________________________________________________________
Layer (type)                 Output Shape              Param #   
=================================================================
embedding_1 (Embedding)      (None, None, 128)         2688      
_________________________________________________________________
lstm_1 (LSTM)                (None, None, 64)          49408     
_________________________________________________________________
lstm_2 (LSTM)                (None, None, 64)          33024     
_________________________________________________________________
lstm_3 (LSTM)                (None, 64)                33024     
_________________________________________________________________
dense_1 (Dense)              (None, 16)                1040      
_________________________________________________________________
dense_2 (Dense)              (None, 1)                 17        
=================================================================
Total params: 119,201
Trainable params: 119,201
Non-trainable params: 0
_________________________________________________________________
Train on 1424 samples, validate on 708 samples
Epoch 1/1

  32/1424 [..............................] - ETA: 2:20 - loss: 0.6935 - acc: 0.5000
  64/1424 [>.............................] - ETA: 1:12 - loss: 0.6933 - acc: 0.4531
  96/1424 [=>............................] - ETA: 49s - loss: 0.6934 - acc: 0.4688 
 128/1424 [=>............................] - ETA: 37s - loss: 0.6933 - acc: 0.4766
 160/1424 [==>...........................] - ETA: 30s - loss: 0.6928 - acc: 0.5125
 192/1424 [===>..........................] - ETA: 26s - loss: 0.6927 - acc: 0.5208
 224/1424 [===>..........................] - ETA: 22s - loss: 0.6926 - acc: 0.5268
 256/1424 [====>.........................] - ETA: 20s - loss: 0.6925 - acc: 0.5273
 288/1424 [=====>........................] - ETA: 18s - loss: 0.6931 - acc: 0.5104
 320/1424 [=====>........................] - ETA: 16s - loss: 0.6932 - acc: 0.5062
 352/1424 [======>.......................] - ETA: 14s - loss: 0.6936 - acc: 0.4915
 384/1424 [=======>......................] - ETA: 13s - loss: 0.6933 - acc: 0.4974
 416/1424 [=======>......................] - ETA: 12s - loss: 0.6931 - acc: 0.5024
 448/1424 [========>.....................] - ETA: 11s - loss: 0.6933 - acc: 0.4978
 480/1424 [=========>....................] - ETA: 10s - loss: 0.6931 - acc: 0.5042
 512/1424 [=========>....................] - ETA: 10s - loss: 0.6932 - acc: 0.5000
 544/1424 [==========>...................] - ETA: 9s - loss: 0.6932 - acc: 0.5000 
 576/1424 [===========>..................] - ETA: 8s - loss: 0.6932 - acc: 0.4965
 608/1424 [===========>..................] - ETA: 8s - loss: 0.6931 - acc: 0.4984
 640/1424 [============>.................] - ETA: 7s - loss: 0.6930 - acc: 0.5016
 672/1424 [=============>................] - ETA: 7s - loss: 0.6931 - acc: 0.5000
 704/1424 [=============>................] - ETA: 6s - loss: 0.6930 - acc: 0.5000
 736/1424 [==============>...............] - ETA: 6s - loss: 0.6930 - acc: 0.4986
 768/1424 [===============>..............] - ETA: 6s - loss: 0.6930 - acc: 0.4987
 800/1424 [===============>..............] - ETA: 5s - loss: 0.6929 - acc: 0.4988
 832/1424 [================>.............] - ETA: 5s - loss: 0.6929 - acc: 0.4976
 864/1424 [=================>............] - ETA: 4s - loss: 0.6928 - acc: 0.5000
 896/1424 [=================>............] - ETA: 4s - loss: 0.6928 - acc: 0.4989
 928/1424 [==================>...........] - ETA: 4s - loss: 0.6928 - acc: 0.4978
 960/1424 [===================>..........] - ETA: 3s - loss: 0.6928 - acc: 0.4958
 992/1424 [===================>..........] - ETA: 3s - loss: 0.6927 - acc: 0.4929
1024/1424 [====================>.........] - ETA: 3s - loss: 0.6926 - acc: 0.4941
1056/1424 [=====================>........] - ETA: 3s - loss: 0.6925 - acc: 0.4896
1088/1424 [=====================>........] - ETA: 2s - loss: 0.6923 - acc: 0.4936
1120/1424 [======================>.......] - ETA: 2s - loss: 0.6921 - acc: 0.4982
1152/1424 [=======================>......] - ETA: 2s - loss: 0.6917 - acc: 0.5026
1184/1424 [=======================>......] - ETA: 1s - loss: 0.6914 - acc: 0.5076
1216/1424 [========================>.....] - ETA: 1s - loss: 0.6910 - acc: 0.5099
1248/1424 [=========================>....] - ETA: 1s - loss: 0.6909 - acc: 0.5136
1280/1424 [=========================>....] - ETA: 1s - loss: 0.6908 - acc: 0.5141
1312/1424 [==========================>...] - ETA: 0s - loss: 0.6906 - acc: 0.5099
1344/1424 [===========================>..] - ETA: 0s - loss: 0.6903 - acc: 0.5097
1376/1424 [===========================>..] - ETA: 0s - loss: 0.6892 - acc: 0.5145
1408/1424 [============================>.] - ETA: 0s - loss: 0.6882 - acc: 0.5170
1424/1424 [==============================] - 13s 9ms/step - loss: 0.6874 - acc: 0.5190 - val_loss: 0.6272 - val_acc: 0.6003
Train on 1424 samples, validate on 708 samples
Epoch 1/1

  32/1424 [..............................] - ETA: 7s - loss: 0.6946 - acc: 0.5312
  64/1424 [>.............................] - ETA: 7s - loss: 0.6584 - acc: 0.5156
  96/1424 [=>............................] - ETA: 7s - loss: 0.5881 - acc: 0.6042
 128/1424 [=>............................] - ETA: 6s - loss: 0.5730 - acc: 0.6406
 160/1424 [==>...........................] - ETA: 6s - loss: 0.7737 - acc: 0.6125
 192/1424 [===>..........................] - ETA: 6s - loss: 0.8102 - acc: 0.6198
 224/1424 [===>..........................] - ETA: 6s - loss: 0.8501 - acc: 0.6205
 256/1424 [====>.........................] - ETA: 6s - loss: 0.8085 - acc: 0.6445
 288/1424 [=====>........................] - ETA: 6s - loss: 0.7776 - acc: 0.6771
 320/1424 [=====>........................] - ETA: 5s - loss: 0.7546 - acc: 0.6906
 352/1424 [======>.......................] - ETA: 5s - loss: 0.7410 - acc: 0.6932
 384/1424 [=======>......................] - ETA: 5s - loss: 0.7306 - acc: 0.6979
 416/1424 [=======>......................] - ETA: 5s - loss: 0.7232 - acc: 0.7019
 448/1424 [========>.....................] - ETA: 5s - loss: 0.7528 - acc: 0.6987
 480/1424 [=========>....................] - ETA: 4s - loss: 0.7443 - acc: 0.6979
 512/1424 [=========>....................] - ETA: 4s - loss: 0.7341 - acc: 0.7051
 544/1424 [==========>...................] - ETA: 4s - loss: 0.7308 - acc: 0.7040
 576/1424 [===========>..................] - ETA: 4s - loss: 0.7508 - acc: 0.7049
 608/1424 [===========>..................] - ETA: 4s - loss: 0.7422 - acc: 0.7105
 640/1424 [============>.................] - ETA: 4s - loss: 0.7392 - acc: 0.7109
 672/1424 [=============>................] - ETA: 3s - loss: 0.7324 - acc: 0.7128
 704/1424 [=============>................] - ETA: 3s - loss: 0.7265 - acc: 0.7131
 736/1424 [==============>...............] - ETA: 3s - loss: 0.7210 - acc: 0.7106
 768/1424 [===============>..............] - ETA: 3s - loss: 0.7153 - acc: 0.7135
 800/1424 [===============>..............] - ETA: 3s - loss: 0.7105 - acc: 0.7175
 832/1424 [================>.............] - ETA: 3s - loss: 0.7074 - acc: 0.7163
 864/1424 [=================>............] - ETA: 2s - loss: 0.6998 - acc: 0.7176
 896/1424 [=================>............] - ETA: 2s - loss: 0.6913 - acc: 0.7221
 928/1424 [==================>...........] - ETA: 2s - loss: 0.7038 - acc: 0.7263
 960/1424 [===================>..........] - ETA: 2s - loss: 0.6966 - acc: 0.7312
 992/1424 [===================>..........] - ETA: 2s - loss: 0.6926 - acc: 0.7319
1024/1424 [====================>.........] - ETA: 2s - loss: 0.6864 - acc: 0.7344
1056/1424 [=====================>........] - ETA: 1s - loss: 0.6833 - acc: 0.7367
1088/1424 [=====================>........] - ETA: 1s - loss: 0.6916 - acc: 0.7381
1120/1424 [======================>.......] - ETA: 1s - loss: 0.7309 - acc: 0.7375
1152/1424 [=======================>......] - ETA: 1s - loss: 0.7245 - acc: 0.7378
1184/1424 [=======================>......] - ETA: 1s - loss: 0.7164 - acc: 0.7390
1216/1424 [========================>.....] - ETA: 1s - loss: 0.7090 - acc: 0.7418
1248/1424 [=========================>....] - ETA: 0s - loss: 0.7542 - acc: 0.7380
1280/1424 [=========================>....] - ETA: 0s - loss: 0.7617 - acc: 0.7375
1312/1424 [==========================>...] - ETA: 0s - loss: 0.7653 - acc: 0.7393
1344/1424 [===========================>..] - ETA: 0s - loss: 0.7553 - acc: 0.7411
1376/1424 [===========================>..] - ETA: 0s - loss: 0.7515 - acc: 0.7420
1408/1424 [============================>.] - ETA: 0s - loss: 0.7678 - acc: 0.7415
1424/1424 [==============================] - 10s 7ms/step - loss: 0.7753 - acc: 0.7409 - val_loss: 0.5155 - val_acc: 0.8517
Train on 1424 samples, validate on 708 samples
Epoch 1/1

  32/1424 [..............................] - ETA: 7s - loss: 0.4289 - acc: 0.8125
  64/1424 [>.............................] - ETA: 7s - loss: 0.4325 - acc: 0.8594
  96/1424 [=>............................] - ETA: 7s - loss: 0.4314 - acc: 0.8542
 128/1424 [=>............................] - ETA: 6s - loss: 0.5414 - acc: 0.8594
 160/1424 [==>...........................] - ETA: 6s - loss: 0.6204 - acc: 0.8500
 192/1424 [===>..........................] - ETA: 6s - loss: 0.6593 - acc: 0.8594
 224/1424 [===>..........................] - ETA: 6s - loss: 0.6959 - acc: 0.8527
 256/1424 [====>.........................] - ETA: 6s - loss: 0.6690 - acc: 0.8438
 288/1424 [=====>........................] - ETA: 6s - loss: 0.6370 - acc: 0.8472
 320/1424 [=====>........................] - ETA: 5s - loss: 0.6100 - acc: 0.8562
 352/1424 [======>.......................] - ETA: 5s - loss: 0.6199 - acc: 0.8523
 384/1424 [=======>......................] - ETA: 5s - loss: 0.6107 - acc: 0.8464
 416/1424 [=======>......................] - ETA: 5s - loss: 0.6333 - acc: 0.8413
 448/1424 [========>.....................] - ETA: 5s - loss: 0.6330 - acc: 0.8393
 480/1424 [=========>....................] - ETA: 4s - loss: 0.6302 - acc: 0.8292
 512/1424 [=========>....................] - ETA: 4s - loss: 0.6536 - acc: 0.8320
 544/1424 [==========>...................] - ETA: 4s - loss: 0.6584 - acc: 0.8327
 576/1424 [===========>..................] - ETA: 4s - loss: 0.6531 - acc: 0.8299
 608/1424 [===========>..................] - ETA: 4s - loss: 0.6756 - acc: 0.8289
 640/1424 [============>.................] - ETA: 4s - loss: 0.6695 - acc: 0.8219
 672/1424 [=============>................] - ETA: 3s - loss: 0.6890 - acc: 0.8155
 704/1424 [=============>................] - ETA: 3s - loss: 0.6786 - acc: 0.8196
 736/1424 [==============>...............] - ETA: 3s - loss: 0.6730 - acc: 0.8139
 768/1424 [===============>..............] - ETA: 3s - loss: 0.6668 - acc: 0.8073
 800/1424 [===============>..............] - ETA: 3s - loss: 0.6653 - acc: 0.8000
 832/1424 [================>.............] - ETA: 3s - loss: 0.6617 - acc: 0.7909
 864/1424 [=================>............] - ETA: 2s - loss: 0.6576 - acc: 0.7859
 896/1424 [=================>............] - ETA: 2s - loss: 0.6674 - acc: 0.7857
 928/1424 [==================>...........] - ETA: 2s - loss: 0.6798 - acc: 0.7812
 960/1424 [===================>..........] - ETA: 2s - loss: 0.6768 - acc: 0.7719
 992/1424 [===================>..........] - ETA: 2s - loss: 0.6886 - acc: 0.7621
1024/1424 [====================>.........] - ETA: 2s - loss: 0.6994 - acc: 0.7578
1056/1424 [=====================>........] - ETA: 1s - loss: 0.6952 - acc: 0.7538
1088/1424 [=====================>........] - ETA: 1s - loss: 0.6952 - acc: 0.7454
1120/1424 [======================>.......] - ETA: 1s - loss: 0.7052 - acc: 0.7429
1152/1424 [=======================>......] - ETA: 1s - loss: 0.7025 - acc: 0.7396
1184/1424 [=======================>......] - ETA: 1s - loss: 0.6990 - acc: 0.7356
1216/1424 [========================>.....] - ETA: 1s - loss: 0.6956 - acc: 0.7377
1248/1424 [=========================>....] - ETA: 0s - loss: 0.6935 - acc: 0.7372
1280/1424 [=========================>....] - ETA: 0s - loss: 0.6916 - acc: 0.7359
1312/1424 [==========================>...] - ETA: 0s - loss: 0.6911 - acc: 0.7355
1344/1424 [===========================>..] - ETA: 0s - loss: 0.6899 - acc: 0.7359
1376/1424 [===========================>..] - ETA: 0s - loss: 0.6887 - acc: 0.7347
1408/1424 [============================>.] - ETA: 0s - loss: 0.6879 - acc: 0.7344
1424/1424 [==============================] - 10s 7ms/step - loss: 0.6873 - acc: 0.7353 - val_loss: 0.6412 - val_acc: 0.8079
Train on 1424 samples, validate on 708 samples
Epoch 1/1

  32/1424 [..............................] - ETA: 7s - loss: 0.6050 - acc: 0.8125
  64/1424 [>.............................] - ETA: 7s - loss: 0.6168 - acc: 0.8125
  96/1424 [=>............................] - ETA: 7s - loss: 0.6222 - acc: 0.8125
 128/1424 [=>............................] - ETA: 6s - loss: 0.6229 - acc: 0.8281
 160/1424 [==>...........................] - ETA: 6s - loss: 0.6264 - acc: 0.8125
 192/1424 [===>..........................] - ETA: 6s - loss: 0.6276 - acc: 0.8073
 224/1424 [===>..........................] - ETA: 6s - loss: 0.6279 - acc: 0.8125
 256/1424 [====>.........................] - ETA: 6s - loss: 0.6319 - acc: 0.8008
 288/1424 [=====>........................] - ETA: 6s - loss: 0.6322 - acc: 0.8021
 320/1424 [=====>........................] - ETA: 5s - loss: 0.6346 - acc: 0.7875
 352/1424 [======>.......................] - ETA: 5s - loss: 0.6349 - acc: 0.7869
 384/1424 [=======>......................] - ETA: 5s - loss: 0.6374 - acc: 0.7760
 416/1424 [=======>......................] - ETA: 5s - loss: 0.6376 - acc: 0.7764
 448/1424 [========>.....................] - ETA: 5s - loss: 0.6364 - acc: 0.7812
 480/1424 [=========>....................] - ETA: 4s - loss: 0.6356 - acc: 0.7854
 512/1424 [=========>....................] - ETA: 4s - loss: 0.6352 - acc: 0.7930
 544/1424 [==========>...................] - ETA: 4s - loss: 0.6351 - acc: 0.7960
 576/1424 [===========>..................] - ETA: 4s - loss: 0.6353 - acc: 0.7934
 608/1424 [===========>..................] - ETA: 4s - loss: 0.6342 - acc: 0.7977
 640/1424 [============>.................] - ETA: 4s - loss: 0.6346 - acc: 0.7937
 672/1424 [=============>................] - ETA: 3s - loss: 0.6322 - acc: 0.7991
 704/1424 [=============>................] - ETA: 3s - loss: 0.6327 - acc: 0.7912
 736/1424 [==============>...............] - ETA: 3s - loss: 0.6330 - acc: 0.7894
 768/1424 [===============>..............] - ETA: 3s - loss: 0.6328 - acc: 0.7865
 800/1424 [===============>..............] - ETA: 3s - loss: 0.6319 - acc: 0.7850
 832/1424 [================>.............] - ETA: 3s - loss: 0.6313 - acc: 0.7849
 864/1424 [=================>............] - ETA: 2s - loss: 0.6310 - acc: 0.7870
 896/1424 [=================>............] - ETA: 2s - loss: 0.6296 - acc: 0.7857
 928/1424 [==================>...........] - ETA: 2s - loss: 0.6303 - acc: 0.7812
 960/1424 [===================>..........] - ETA: 2s - loss: 0.6291 - acc: 0.7833
 992/1424 [===================>..........] - ETA: 2s - loss: 0.6280 - acc: 0.7833
1024/1424 [====================>.........] - ETA: 2s - loss: 0.6269 - acc: 0.7832
1056/1424 [=====================>........] - ETA: 1s - loss: 0.6291 - acc: 0.7765
1088/1424 [=====================>........] - ETA: 1s - loss: 0.6274 - acc: 0.7794
1120/1424 [======================>.......] - ETA: 1s - loss: 0.6264 - acc: 0.7821
1152/1424 [=======================>......] - ETA: 1s - loss: 0.6258 - acc: 0.7830
1184/1424 [=======================>......] - ETA: 1s - loss: 0.6267 - acc: 0.7779
1216/1424 [========================>.....] - ETA: 1s - loss: 0.6245 - acc: 0.7812
1248/1424 [=========================>....] - ETA: 0s - loss: 0.6223 - acc: 0.7853
1280/1424 [=========================>....] - ETA: 0s - loss: 0.6221 - acc: 0.7844
1312/1424 [==========================>...] - ETA: 0s - loss: 0.6211 - acc: 0.7843
1344/1424 [===========================>..] - ETA: 0s - loss: 0.6201 - acc: 0.7835
1376/1424 [===========================>..] - ETA: 0s - loss: 0.6182 - acc: 0.7856
1408/1424 [============================>.] - ETA: 0s - loss: 0.6173 - acc: 0.7862
1424/1424 [==============================] - 10s 7ms/step - loss: 0.6168 - acc: 0.7865 - val_loss: 0.5639 - val_acc: 0.8404
Train on 1424 samples, validate on 708 samples
Epoch 1/1

  32/1424 [..............................] - ETA: 7s - loss: 0.9985 - acc: 0.7188
  64/1424 [>.............................] - ETA: 7s - loss: 0.7424 - acc: 0.7969
  96/1424 [=>............................] - ETA: 7s - loss: 0.7034 - acc: 0.7604
 128/1424 [=>............................] - ETA: 6s - loss: 0.7839 - acc: 0.7656
 160/1424 [==>...........................] - ETA: 6s - loss: 0.7293 - acc: 0.7750
 192/1424 [===>..........................] - ETA: 6s - loss: 0.6802 - acc: 0.7917
 224/1424 [===>..........................] - ETA: 6s - loss: 0.6614 - acc: 0.7946
 256/1424 [====>.........................] - ETA: 6s - loss: 0.7062 - acc: 0.7852
 288/1424 [=====>........................] - ETA: 6s - loss: 0.6909 - acc: 0.7743
 320/1424 [=====>........................] - ETA: 5s - loss: 0.7167 - acc: 0.7844
 352/1424 [======>.......................] - ETA: 5s - loss: 0.7440 - acc: 0.7699
 384/1424 [=======>......................] - ETA: 5s - loss: 0.7285 - acc: 0.7656
 416/1424 [=======>......................] - ETA: 5s - loss: 0.7424 - acc: 0.7716
 448/1424 [========>.....................] - ETA: 5s - loss: 0.7218 - acc: 0.7768
 480/1424 [=========>....................] - ETA: 5s - loss: 0.7355 - acc: 0.7812
 512/1424 [=========>....................] - ETA: 4s - loss: 0.7284 - acc: 0.7715
 544/1424 [==========>...................] - ETA: 4s - loss: 0.7709 - acc: 0.7702
 576/1424 [===========>..................] - ETA: 4s - loss: 0.7561 - acc: 0.7726
 608/1424 [===========>..................] - ETA: 4s - loss: 0.7368 - acc: 0.7780
 640/1424 [============>.................] - ETA: 4s - loss: 0.7254 - acc: 0.7781
 672/1424 [=============>................] - ETA: 3s - loss: 0.7147 - acc: 0.7768
 704/1424 [=============>................] - ETA: 3s - loss: 0.7074 - acc: 0.7727
 736/1424 [==============>...............] - ETA: 3s - loss: 0.7058 - acc: 0.7649
 768/1424 [===============>..............] - ETA: 3s - loss: 0.7224 - acc: 0.7591
 800/1424 [===============>..............] - ETA: 3s - loss: 0.7175 - acc: 0.7538
 832/1424 [================>.............] - ETA: 3s - loss: 0.7119 - acc: 0.7524
 864/1424 [=================>............] - ETA: 2s - loss: 0.7068 - acc: 0.7488
 896/1424 [=================>............] - ETA: 2s - loss: 0.7047 - acc: 0.7467
 928/1424 [==================>...........] - ETA: 2s - loss: 0.6997 - acc: 0.7468
 960/1424 [===================>..........] - ETA: 2s - loss: 0.6974 - acc: 0.7396
 992/1424 [===================>..........] - ETA: 2s - loss: 0.6930 - acc: 0.7379
1024/1424 [====================>.........] - ETA: 2s - loss: 0.6892 - acc: 0.7373
1056/1424 [=====================>........] - ETA: 1s - loss: 0.6847 - acc: 0.7367
1088/1424 [=====================>........] - ETA: 1s - loss: 0.6806 - acc: 0.7371
1120/1424 [======================>.......] - ETA: 1s - loss: 0.6923 - acc: 0.7339
1152/1424 [=======================>......] - ETA: 1s - loss: 0.6862 - acc: 0.7344
1184/1424 [=======================>......] - ETA: 1s - loss: 0.6821 - acc: 0.7356
1216/1424 [========================>.....] - ETA: 1s - loss: 0.6761 - acc: 0.7377
1248/1424 [=========================>....] - ETA: 0s - loss: 0.6699 - acc: 0.7404
1280/1424 [=========================>....] - ETA: 0s - loss: 0.6650 - acc: 0.7414
1312/1424 [==========================>...] - ETA: 0s - loss: 0.6611 - acc: 0.7431
1344/1424 [===========================>..] - ETA: 0s - loss: 0.6683 - acc: 0.7440
1376/1424 [===========================>..] - ETA: 0s - loss: 0.6629 - acc: 0.7456
1408/1424 [============================>.] - ETA: 0s - loss: 0.6572 - acc: 0.7479
1424/1424 [==============================] - 10s 7ms/step - loss: 0.6546 - acc: 0.7479 - val_loss: 0.5930 - val_acc: 0.8291
Train on 1424 samples, validate on 708 samples
Epoch 1/1

  32/1424 [..............................] - ETA: 7s - loss: 0.9140 - acc: 0.7812
  64/1424 [>.............................] - ETA: 7s - loss: 0.7405 - acc: 0.7344
  96/1424 [=>............................] - ETA: 7s - loss: 0.6474 - acc: 0.7708
 128/1424 [=>............................] - ETA: 6s - loss: 0.5895 - acc: 0.7969
 160/1424 [==>...........................] - ETA: 6s - loss: 0.5543 - acc: 0.8063
 192/1424 [===>..........................] - ETA: 6s - loss: 0.5170 - acc: 0.8229
 224/1424 [===>..........................] - ETA: 6s - loss: 0.5030 - acc: 0.8259
 256/1424 [====>.........................] - ETA: 6s - loss: 0.5513 - acc: 0.8203
 288/1424 [=====>........................] - ETA: 6s - loss: 0.5962 - acc: 0.8125
 320/1424 [=====>........................] - ETA: 5s - loss: 0.6441 - acc: 0.8125
 352/1424 [======>.......................] - ETA: 5s - loss: 0.6602 - acc: 0.8097
 384/1424 [=======>......................] - ETA: 5s - loss: 0.7603 - acc: 0.8021
 416/1424 [=======>......................] - ETA: 5s - loss: 0.7365 - acc: 0.7933
 448/1424 [========>.....................] - ETA: 5s - loss: 0.7736 - acc: 0.7857
 480/1424 [=========>....................] - ETA: 4s - loss: 0.7888 - acc: 0.7771
 512/1424 [=========>....................] - ETA: 4s - loss: 0.7713 - acc: 0.7754
 544/1424 [==========>...................] - ETA: 4s - loss: 0.7557 - acc: 0.7739
 576/1424 [===========>..................] - ETA: 4s - loss: 0.7719 - acc: 0.7760
 608/1424 [===========>..................] - ETA: 4s - loss: 0.7855 - acc: 0.7730
 640/1424 [============>.................] - ETA: 4s - loss: 0.7694 - acc: 0.7734
 672/1424 [=============>................] - ETA: 3s - loss: 0.7593 - acc: 0.7723
 704/1424 [=============>................] - ETA: 3s - loss: 0.7478 - acc: 0.7713
 736/1424 [==============>...............] - ETA: 3s - loss: 0.7385 - acc: 0.7690
 768/1424 [===============>..............] - ETA: 3s - loss: 0.7278 - acc: 0.7682
 800/1424 [===============>..............] - ETA: 3s - loss: 0.7261 - acc: 0.7600
 832/1424 [================>.............] - ETA: 3s - loss: 0.7258 - acc: 0.7536
 864/1424 [=================>............] - ETA: 2s - loss: 0.7170 - acc: 0.7546
 896/1424 [=================>............] - ETA: 2s - loss: 0.7057 - acc: 0.7589
 928/1424 [==================>...........] - ETA: 2s - loss: 0.6966 - acc: 0.7619
 960/1424 [===================>..........] - ETA: 2s - loss: 0.6896 - acc: 0.7625
 992/1424 [===================>..........] - ETA: 2s - loss: 0.6880 - acc: 0.7591
1024/1424 [====================>.........] - ETA: 2s - loss: 0.6818 - acc: 0.7607
1056/1424 [=====================>........] - ETA: 1s - loss: 0.6747 - acc: 0.7633
1088/1424 [=====================>........] - ETA: 1s - loss: 0.6702 - acc: 0.7629
1120/1424 [======================>.......] - ETA: 1s - loss: 0.6684 - acc: 0.7616
1152/1424 [=======================>......] - ETA: 1s - loss: 0.6616 - acc: 0.7630
1184/1424 [=======================>......] - ETA: 1s - loss: 0.6616 - acc: 0.7618
1216/1424 [========================>.....] - ETA: 1s - loss: 0.6570 - acc: 0.7632
1248/1424 [=========================>....] - ETA: 0s - loss: 0.6623 - acc: 0.7660
1280/1424 [=========================>....] - ETA: 0s - loss: 0.6558 - acc: 0.7695
1312/1424 [==========================>...] - ETA: 0s - loss: 0.6527 - acc: 0.7698
1344/1424 [===========================>..] - ETA: 0s - loss: 0.6469 - acc: 0.7738
1376/1424 [===========================>..] - ETA: 0s - loss: 0.6589 - acc: 0.7674
1408/1424 [============================>.] - ETA: 0s - loss: 0.6548 - acc: 0.7692
1424/1424 [==============================] - 10s 7ms/step - loss: 0.6520 - acc: 0.7711 - val_loss: 0.5556 - val_acc: 0.8432
Train on 1424 samples, validate on 708 samples
Epoch 1/1

  32/1424 [..............................] - ETA: 7s - loss: 0.3967 - acc: 0.9375
  64/1424 [>.............................] - ETA: 7s - loss: 0.5874 - acc: 0.8906
  96/1424 [=>............................] - ETA: 7s - loss: 0.5403 - acc: 0.8646
 128/1424 [=>............................] - ETA: 6s - loss: 0.5233 - acc: 0.8516
 160/1424 [==>...........................] - ETA: 6s - loss: 0.5226 - acc: 0.8500
 192/1424 [===>..........................] - ETA: 6s - loss: 0.6808 - acc: 0.8281
 224/1424 [===>..........................] - ETA: 6s - loss: 0.6569 - acc: 0.8214
 256/1424 [====>.........................] - ETA: 6s - loss: 0.6256 - acc: 0.8320
 288/1424 [=====>........................] - ETA: 5s - loss: 0.6060 - acc: 0.8333
 320/1424 [=====>........................] - ETA: 5s - loss: 0.7004 - acc: 0.8219
 352/1424 [======>.......................] - ETA: 5s - loss: 0.6789 - acc: 0.8182
 384/1424 [=======>......................] - ETA: 5s - loss: 0.6559 - acc: 0.8255
 416/1424 [=======>......................] - ETA: 5s - loss: 0.7121 - acc: 0.8221
 448/1424 [========>.....................] - ETA: 5s - loss: 0.7291 - acc: 0.8147
 480/1424 [=========>....................] - ETA: 4s - loss: 0.7114 - acc: 0.8146
 512/1424 [=========>....................] - ETA: 4s - loss: 0.7243 - acc: 0.8086
 544/1424 [==========>...................] - ETA: 4s - loss: 0.7043 - acc: 0.8143
 576/1424 [===========>..................] - ETA: 4s - loss: 0.6938 - acc: 0.8090
 608/1424 [===========>..................] - ETA: 4s - loss: 0.6854 - acc: 0.8092
 640/1424 [============>.................] - ETA: 4s - loss: 0.6766 - acc: 0.8063
 672/1424 [=============>................] - ETA: 3s - loss: 0.6687 - acc: 0.8065
 704/1424 [=============>................] - ETA: 3s - loss: 0.6571 - acc: 0.8111
 736/1424 [==============>...............] - ETA: 3s - loss: 0.6494 - acc: 0.8084
 768/1424 [===============>..............] - ETA: 3s - loss: 0.6361 - acc: 0.8151
 800/1424 [===============>..............] - ETA: 3s - loss: 0.6706 - acc: 0.8075
 832/1424 [================>.............] - ETA: 3s - loss: 0.6617 - acc: 0.8053
 864/1424 [=================>............] - ETA: 2s - loss: 0.6556 - acc: 0.8009
 896/1424 [=================>............] - ETA: 2s - loss: 0.6473 - acc: 0.8036
 928/1424 [==================>...........] - ETA: 2s - loss: 0.6444 - acc: 0.8028
 960/1424 [===================>..........] - ETA: 2s - loss: 0.6364 - acc: 0.8031
 992/1424 [===================>..........] - ETA: 2s - loss: 0.6311 - acc: 0.8034
1024/1424 [====================>.........] - ETA: 2s - loss: 0.6410 - acc: 0.8027
1056/1424 [=====================>........] - ETA: 1s - loss: 0.6385 - acc: 0.8021
1088/1424 [=====================>........] - ETA: 1s - loss: 0.6365 - acc: 0.8015
1120/1424 [======================>.......] - ETA: 1s - loss: 0.6284 - acc: 0.8036
1152/1424 [=======================>......] - ETA: 1s - loss: 0.6240 - acc: 0.8038
1184/1424 [=======================>......] - ETA: 1s - loss: 0.6318 - acc: 0.8024
1216/1424 [========================>.....] - ETA: 1s - loss: 0.6265 - acc: 0.8026
1248/1424 [=========================>....] - ETA: 0s - loss: 0.6240 - acc: 0.8021
1280/1424 [=========================>....] - ETA: 0s - loss: 0.6285 - acc: 0.8039
1312/1424 [==========================>...] - ETA: 0s - loss: 0.6230 - acc: 0.8049
1344/1424 [===========================>..] - ETA: 0s - loss: 0.6172 - acc: 0.8065
1376/1424 [===========================>..] - ETA: 0s - loss: 0.6099 - acc: 0.8089
1408/1424 [============================>.] - ETA: 0s - loss: 0.6071 - acc: 0.8075
1424/1424 [==============================] - 10s 7ms/step - loss: 0.6046 - acc: 0.8090 - val_loss: 0.4909 - val_acc: 0.8545
Train on 1424 samples, validate on 708 samples
Epoch 1/1

  32/1424 [..............................] - ETA: 7s - loss: 0.7055 - acc: 0.8125
  64/1424 [>.............................] - ETA: 7s - loss: 0.6297 - acc: 0.7656
  96/1424 [=>............................] - ETA: 7s - loss: 0.5632 - acc: 0.7917
 128/1424 [=>............................] - ETA: 6s - loss: 0.5508 - acc: 0.7734
 160/1424 [==>...........................] - ETA: 6s - loss: 0.5259 - acc: 0.7875
 192/1424 [===>..........................] - ETA: 6s - loss: 0.5271 - acc: 0.7865
 224/1424 [===>..........................] - ETA: 6s - loss: 0.5294 - acc: 0.7902
 256/1424 [====>.........................] - ETA: 6s - loss: 0.5426 - acc: 0.7773
 288/1424 [=====>........................] - ETA: 5s - loss: 0.5359 - acc: 0.7674
 320/1424 [=====>........................] - ETA: 5s - loss: 0.5707 - acc: 0.7531
 352/1424 [======>.......................] - ETA: 5s - loss: 0.5664 - acc: 0.7528
 384/1424 [=======>......................] - ETA: 5s - loss: 0.5699 - acc: 0.7500
 416/1424 [=======>......................] - ETA: 5s - loss: 0.5735 - acc: 0.7524
 448/1424 [========>.....................] - ETA: 5s - loss: 0.5659 - acc: 0.7545
 480/1424 [=========>....................] - ETA: 4s - loss: 0.5940 - acc: 0.7521
 512/1424 [=========>....................] - ETA: 4s - loss: 0.5961 - acc: 0.7461
 544/1424 [==========>...................] - ETA: 4s - loss: 0.5919 - acc: 0.7463
 576/1424 [===========>..................] - ETA: 4s - loss: 0.5901 - acc: 0.7465
 608/1424 [===========>..................] - ETA: 4s - loss: 0.5908 - acc: 0.7451
 640/1424 [============>.................] - ETA: 4s - loss: 0.5890 - acc: 0.7469
 672/1424 [=============>................] - ETA: 3s - loss: 0.5869 - acc: 0.7470
 704/1424 [=============>................] - ETA: 3s - loss: 0.5808 - acc: 0.7528
 736/1424 [==============>...............] - ETA: 3s - loss: 0.5965 - acc: 0.7554
 768/1424 [===============>..............] - ETA: 3s - loss: 0.5927 - acc: 0.7578
 800/1424 [===============>..............] - ETA: 3s - loss: 0.5877 - acc: 0.7612
 832/1424 [================>.............] - ETA: 3s - loss: 0.5823 - acc: 0.7668
 864/1424 [=================>............] - ETA: 2s - loss: 0.5808 - acc: 0.7685
 896/1424 [=================>............] - ETA: 2s - loss: 0.5837 - acc: 0.7656
 928/1424 [==================>...........] - ETA: 2s - loss: 0.5782 - acc: 0.7694
 960/1424 [===================>..........] - ETA: 2s - loss: 0.5729 - acc: 0.7740
 992/1424 [===================>..........] - ETA: 2s - loss: 0.5743 - acc: 0.7722
1024/1424 [====================>.........] - ETA: 2s - loss: 0.5705 - acc: 0.7744
1056/1424 [=====================>........] - ETA: 1s - loss: 0.5684 - acc: 0.7737
1088/1424 [=====================>........] - ETA: 1s - loss: 0.5646 - acc: 0.7767
1120/1424 [======================>.......] - ETA: 1s - loss: 0.5605 - acc: 0.7795
1152/1424 [=======================>......] - ETA: 1s - loss: 0.5607 - acc: 0.7786
1184/1424 [=======================>......] - ETA: 1s - loss: 0.5590 - acc: 0.7787
1216/1424 [========================>.....] - ETA: 1s - loss: 0.5565 - acc: 0.7821
1248/1424 [=========================>....] - ETA: 0s - loss: 0.5619 - acc: 0.7788
1280/1424 [=========================>....] - ETA: 0s - loss: 0.5606 - acc: 0.7805
1312/1424 [==========================>...] - ETA: 0s - loss: 0.5597 - acc: 0.7782
1344/1424 [===========================>..] - ETA: 0s - loss: 0.5575 - acc: 0.7812
1376/1424 [===========================>..] - ETA: 0s - loss: 0.5563 - acc: 0.7812
1408/1424 [============================>.] - ETA: 0s - loss: 0.5543 - acc: 0.7834
1424/1424 [==============================] - 10s 7ms/step - loss: 0.5539 - acc: 0.7816 - val_loss: 0.5108 - val_acc: 0.8291
Train on 1424 samples, validate on 708 samples
Epoch 1/1

  32/1424 [..............................] - ETA: 7s - loss: 0.4743 - acc: 0.7500
  64/1424 [>.............................] - ETA: 7s - loss: 0.4679 - acc: 0.8125
  96/1424 [=>............................] - ETA: 6s - loss: 0.4568 - acc: 0.8438
 128/1424 [=>............................] - ETA: 6s - loss: 0.4892 - acc: 0.8125
 160/1424 [==>...........................] - ETA: 6s - loss: 0.4924 - acc: 0.8000
 192/1424 [===>..........................] - ETA: 6s - loss: 0.5093 - acc: 0.7865
 224/1424 [===>..........................] - ETA: 6s - loss: 0.5033 - acc: 0.7812
 256/1424 [====>.........................] - ETA: 6s - loss: 0.5034 - acc: 0.7852
 288/1424 [=====>........................] - ETA: 5s - loss: 0.5320 - acc: 0.7847
 320/1424 [=====>........................] - ETA: 5s - loss: 0.5191 - acc: 0.7937
 352/1424 [======>.......................] - ETA: 5s - loss: 0.5113 - acc: 0.7983
 384/1424 [=======>......................] - ETA: 5s - loss: 0.5122 - acc: 0.7969
 416/1424 [=======>......................] - ETA: 5s - loss: 0.5074 - acc: 0.7957
 448/1424 [========>.....................] - ETA: 5s - loss: 0.5115 - acc: 0.7902
 480/1424 [=========>....................] - ETA: 4s - loss: 0.5067 - acc: 0.7979
 512/1424 [=========>....................] - ETA: 4s - loss: 0.5051 - acc: 0.7949
 544/1424 [==========>...................] - ETA: 4s - loss: 0.4944 - acc: 0.8015
 576/1424 [===========>..................] - ETA: 4s - loss: 0.5241 - acc: 0.7917
 608/1424 [===========>..................] - ETA: 4s - loss: 0.5215 - acc: 0.7928
 640/1424 [============>.................] - ETA: 4s - loss: 0.5297 - acc: 0.7906
 672/1424 [=============>................] - ETA: 3s - loss: 0.5292 - acc: 0.7827
 704/1424 [=============>................] - ETA: 3s - loss: 0.5560 - acc: 0.7741
 736/1424 [==============>...............] - ETA: 3s - loss: 0.5578 - acc: 0.7690
 768/1424 [===============>..............] - ETA: 3s - loss: 0.5659 - acc: 0.7643
 800/1424 [===============>..............] - ETA: 3s - loss: 0.5825 - acc: 0.7512
 832/1424 [================>.............] - ETA: 3s - loss: 0.5979 - acc: 0.7416
 864/1424 [=================>............] - ETA: 2s - loss: 0.6263 - acc: 0.7315
 896/1424 [=================>............] - ETA: 2s - loss: 0.6638 - acc: 0.7221
 928/1424 [==================>...........] - ETA: 2s - loss: 0.6623 - acc: 0.7188
 960/1424 [===================>..........] - ETA: 2s - loss: 0.6763 - acc: 0.7156
 992/1424 [===================>..........] - ETA: 2s - loss: 0.7254 - acc: 0.7067
1024/1424 [====================>.........] - ETA: 2s - loss: 0.7311 - acc: 0.7041
1056/1424 [=====================>........] - ETA: 1s - loss: 0.7596 - acc: 0.6979
1088/1424 [=====================>........] - ETA: 1s - loss: 0.7995 - acc: 0.6912
1120/1424 [======================>.......] - ETA: 1s - loss: 0.8210 - acc: 0.6866
1152/1424 [=======================>......] - ETA: 1s - loss: 0.8156 - acc: 0.6832
1184/1424 [=======================>......] - ETA: 1s - loss: 0.8264 - acc: 0.6791
1216/1424 [========================>.....] - ETA: 1s - loss: 0.8194 - acc: 0.6801
1248/1424 [=========================>....] - ETA: 0s - loss: 0.8146 - acc: 0.6779
1280/1424 [=========================>....] - ETA: 0s - loss: 0.8127 - acc: 0.6742
1312/1424 [==========================>...] - ETA: 0s - loss: 0.8087 - acc: 0.6723
1344/1424 [===========================>..] - ETA: 0s - loss: 0.8041 - acc: 0.6689
1376/1424 [===========================>..] - ETA: 0s - loss: 0.8033 - acc: 0.6657
1408/1424 [============================>.] - ETA: 0s - loss: 0.8118 - acc: 0.6662
1424/1424 [==============================] - 10s 7ms/step - loss: 0.8092 - acc: 0.6671 - val_loss: 0.6022 - val_acc: 0.7542
Train on 1424 samples, validate on 708 samples
Epoch 1/1

  32/1424 [..............................] - ETA: 7s - loss: 0.6191 - acc: 0.6250
  64/1424 [>.............................] - ETA: 7s - loss: 0.6248 - acc: 0.6875
  96/1424 [=>............................] - ETA: 6s - loss: 0.6263 - acc: 0.6771
 128/1424 [=>............................] - ETA: 6s - loss: 0.6198 - acc: 0.6875
 160/1424 [==>...........................] - ETA: 6s - loss: 0.6303 - acc: 0.6875
 192/1424 [===>..........................] - ETA: 6s - loss: 0.6195 - acc: 0.6875
 224/1424 [===>..........................] - ETA: 6s - loss: 0.6155 - acc: 0.6964
 256/1424 [====>.........................] - ETA: 6s - loss: 0.6202 - acc: 0.6914
 288/1424 [=====>........................] - ETA: 6s - loss: 0.6143 - acc: 0.6979
 320/1424 [=====>........................] - ETA: 5s - loss: 0.6142 - acc: 0.7000
 352/1424 [======>.......................] - ETA: 5s - loss: 0.6595 - acc: 0.6847
 384/1424 [=======>......................] - ETA: 5s - loss: 0.6563 - acc: 0.6797
 416/1424 [=======>......................] - ETA: 5s - loss: 0.6543 - acc: 0.6803
 448/1424 [========>.....................] - ETA: 5s - loss: 0.6542 - acc: 0.6808
 480/1424 [=========>....................] - ETA: 4s - loss: 0.6518 - acc: 0.6854
 512/1424 [=========>....................] - ETA: 4s - loss: 0.6492 - acc: 0.6836
 544/1424 [==========>...................] - ETA: 4s - loss: 0.6468 - acc: 0.6857
 576/1424 [===========>..................] - ETA: 4s - loss: 0.6492 - acc: 0.6753
 608/1424 [===========>..................] - ETA: 4s - loss: 0.6472 - acc: 0.6793
 640/1424 [============>.................] - ETA: 4s - loss: 0.6487 - acc: 0.6750
 672/1424 [=============>................] - ETA: 3s - loss: 0.6518 - acc: 0.6682
 704/1424 [=============>................] - ETA: 3s - loss: 0.6505 - acc: 0.6690
 736/1424 [==============>...............] - ETA: 3s - loss: 0.6497 - acc: 0.6698
 768/1424 [===============>..............] - ETA: 3s - loss: 0.6483 - acc: 0.6732
 800/1424 [===============>..............] - ETA: 3s - loss: 0.6468 - acc: 0.6737
 832/1424 [================>.............] - ETA: 3s - loss: 0.6450 - acc: 0.6767
 864/1424 [=================>............] - ETA: 2s - loss: 0.6439 - acc: 0.6771
 896/1424 [=================>............] - ETA: 2s - loss: 0.6429 - acc: 0.6786
 928/1424 [==================>...........] - ETA: 2s - loss: 0.6409 - acc: 0.6789
 960/1424 [===================>..........] - ETA: 2s - loss: 0.6400 - acc: 0.6813
 992/1424 [===================>..........] - ETA: 2s - loss: 0.6391 - acc: 0.6845
1024/1424 [====================>.........] - ETA: 2s - loss: 0.6382 - acc: 0.6875
1056/1424 [=====================>........] - ETA: 1s - loss: 0.6386 - acc: 0.6837
1088/1424 [=====================>........] - ETA: 1s - loss: 0.6379 - acc: 0.6866
1120/1424 [======================>.......] - ETA: 1s - loss: 0.6369 - acc: 0.6884
1152/1424 [=======================>......] - ETA: 1s - loss: 0.6363 - acc: 0.6884
1184/1424 [=======================>......] - ETA: 1s - loss: 0.6363 - acc: 0.6875
1216/1424 [========================>.....] - ETA: 1s - loss: 0.6355 - acc: 0.6891
1248/1424 [=========================>....] - ETA: 0s - loss: 0.6353 - acc: 0.6899
1280/1424 [=========================>....] - ETA: 0s - loss: 0.6368 - acc: 0.6875
1312/1424 [==========================>...] - ETA: 0s - loss: 0.6378 - acc: 0.6852
1344/1424 [===========================>..] - ETA: 0s - loss: 0.6364 - acc: 0.6875
1376/1424 [===========================>..] - ETA: 0s - loss: 0.6357 - acc: 0.6853
1408/1424 [============================>.] - ETA: 0s - loss: 0.6344 - acc: 0.6868
1424/1424 [==============================] - 10s 7ms/step - loss: 0.6339 - acc: 0.6875 - val_loss: 0.6098 - val_acc: 0.8065
Train on 1424 samples, validate on 708 samples
Epoch 1/1

  32/1424 [..............................] - ETA: 7s - loss: 0.6305 - acc: 0.6562
  64/1424 [>.............................] - ETA: 7s - loss: 0.6248 - acc: 0.6562
  96/1424 [=>............................] - ETA: 6s - loss: 0.6134 - acc: 0.6979
 128/1424 [=>............................] - ETA: 6s - loss: 0.6269 - acc: 0.6719
 160/1424 [==>...........................] - ETA: 6s - loss: 0.6173 - acc: 0.6875
 192/1424 [===>..........................] - ETA: 6s - loss: 0.6063 - acc: 0.7083
 224/1424 [===>..........................] - ETA: 6s - loss: 0.6090 - acc: 0.7054
 256/1424 [====>.........................] - ETA: 6s - loss: 0.6107 - acc: 0.6953
 288/1424 [=====>........................] - ETA: 6s - loss: 0.5998 - acc: 0.7118
 320/1424 [=====>........................] - ETA: 5s - loss: 0.6009 - acc: 0.7156
 352/1424 [======>.......................] - ETA: 5s - loss: 0.6035 - acc: 0.7159
 384/1424 [=======>......................] - ETA: 5s - loss: 0.6045 - acc: 0.7135
 416/1424 [=======>......................] - ETA: 5s - loss: 0.6049 - acc: 0.7091
 448/1424 [========>.....................] - ETA: 5s - loss: 0.6071 - acc: 0.7031
 480/1424 [=========>....................] - ETA: 4s - loss: 0.6069 - acc: 0.7000
 512/1424 [=========>....................] - ETA: 4s - loss: 0.6071 - acc: 0.7070
 544/1424 [==========>...................] - ETA: 4s - loss: 0.6058 - acc: 0.7114
 576/1424 [===========>..................] - ETA: 4s - loss: 0.5999 - acc: 0.7222
 608/1424 [===========>..................] - ETA: 4s - loss: 0.5962 - acc: 0.7270
 640/1424 [============>.................] - ETA: 4s - loss: 0.5992 - acc: 0.7234
 672/1424 [=============>................] - ETA: 3s - loss: 0.6015 - acc: 0.7217
 704/1424 [=============>................] - ETA: 3s - loss: 0.6019 - acc: 0.7259
 736/1424 [==============>...............] - ETA: 3s - loss: 0.6001 - acc: 0.7255
 768/1424 [===============>..............] - ETA: 3s - loss: 0.6035 - acc: 0.7279
 800/1424 [===============>..............] - ETA: 3s - loss: 0.6048 - acc: 0.7250
 832/1424 [================>.............] - ETA: 3s - loss: 0.6048 - acc: 0.7236
 864/1424 [=================>............] - ETA: 2s - loss: 0.6049 - acc: 0.7222
 896/1424 [=================>............] - ETA: 2s - loss: 0.6053 - acc: 0.7188
 928/1424 [==================>...........] - ETA: 2s - loss: 0.6010 - acc: 0.7241
 960/1424 [===================>..........] - ETA: 2s - loss: 0.5994 - acc: 0.7260
 992/1424 [===================>..........] - ETA: 2s - loss: 0.5980 - acc: 0.7248
1024/1424 [====================>.........] - ETA: 2s - loss: 0.5972 - acc: 0.7236
1056/1424 [=====================>........] - ETA: 1s - loss: 0.5967 - acc: 0.7225
1088/1424 [=====================>........] - ETA: 1s - loss: 0.5947 - acc: 0.7233
1120/1424 [======================>.......] - ETA: 1s - loss: 0.5960 - acc: 0.7232
1152/1424 [=======================>......] - ETA: 1s - loss: 0.5943 - acc: 0.7274
1184/1424 [=======================>......] - ETA: 1s - loss: 0.5942 - acc: 0.7289
1216/1424 [========================>.....] - ETA: 1s - loss: 0.5929 - acc: 0.7294
1248/1424 [=========================>....] - ETA: 0s - loss: 0.5934 - acc: 0.7284
1280/1424 [=========================>....] - ETA: 0s - loss: 0.5967 - acc: 0.7266
1312/1424 [==========================>...] - ETA: 0s - loss: 0.5969 - acc: 0.7241
1344/1424 [===========================>..] - ETA: 0s - loss: 0.5961 - acc: 0.7262
1376/1424 [===========================>..] - ETA: 0s - loss: 0.5956 - acc: 0.7260
1408/1424 [============================>.] - ETA: 0s - loss: 0.5949 - acc: 0.7251
1424/1424 [==============================] - 10s 7ms/step - loss: 0.5938 - acc: 0.7268 - val_loss: 0.5820 - val_acc: 0.8008
Train on 1424 samples, validate on 708 samples
Epoch 1/1

  32/1424 [..............................] - ETA: 7s - loss: 0.5398 - acc: 0.6875
  64/1424 [>.............................] - ETA: 7s - loss: 0.5650 - acc: 0.6875
  96/1424 [=>............................] - ETA: 6s - loss: 0.5868 - acc: 0.6875
 128/1424 [=>............................] - ETA: 6s - loss: 0.5903 - acc: 0.6875
 160/1424 [==>...........................] - ETA: 6s - loss: 0.5664 - acc: 0.7188
 192/1424 [===>..........................] - ETA: 6s - loss: 0.5602 - acc: 0.7240
 224/1424 [===>..........................] - ETA: 6s - loss: 0.5572 - acc: 0.7366
 256/1424 [====>.........................] - ETA: 6s - loss: 0.5658 - acc: 0.7188
 288/1424 [=====>........................] - ETA: 5s - loss: 0.5588 - acc: 0.7257
 320/1424 [=====>........................] - ETA: 5s - loss: 0.5576 - acc: 0.7250
 352/1424 [======>.......................] - ETA: 5s - loss: 0.5653 - acc: 0.7131
 384/1424 [=======>......................] - ETA: 5s - loss: 0.5653 - acc: 0.7135
 416/1424 [=======>......................] - ETA: 5s - loss: 0.5660 - acc: 0.7139
 448/1424 [========>.....................] - ETA: 5s - loss: 0.5625 - acc: 0.7188
 480/1424 [=========>....................] - ETA: 4s - loss: 0.5624 - acc: 0.7208
 512/1424 [=========>....................] - ETA: 4s - loss: 0.5663 - acc: 0.7168
 544/1424 [==========>...................] - ETA: 4s - loss: 0.5666 - acc: 0.7169
 576/1424 [===========>..................] - ETA: 4s - loss: 0.5911 - acc: 0.7188
 608/1424 [===========>..................] - ETA: 4s - loss: 0.5942 - acc: 0.7171
 640/1424 [============>.................] - ETA: 4s - loss: 0.6204 - acc: 0.7125
 672/1424 [=============>................] - ETA: 3s - loss: 0.6148 - acc: 0.7173
 704/1424 [=============>................] - ETA: 3s - loss: 0.6147 - acc: 0.7188
 736/1424 [==============>...............] - ETA: 3s - loss: 0.6121 - acc: 0.7188
 768/1424 [===============>..............] - ETA: 3s - loss: 0.6104 - acc: 0.7148
 800/1424 [===============>..............] - ETA: 3s - loss: 0.6097 - acc: 0.7175
 832/1424 [================>.............] - ETA: 3s - loss: 0.6060 - acc: 0.7224
 864/1424 [=================>............] - ETA: 2s - loss: 0.6082 - acc: 0.7176
 896/1424 [=================>............] - ETA: 2s - loss: 0.6049 - acc: 0.7199
 928/1424 [==================>...........] - ETA: 2s - loss: 0.6011 - acc: 0.7220
 960/1424 [===================>..........] - ETA: 2s - loss: 0.6040 - acc: 0.7146
 992/1424 [===================>..........] - ETA: 2s - loss: 0.6024 - acc: 0.7177
1024/1424 [====================>.........] - ETA: 2s - loss: 0.6049 - acc: 0.7197
1056/1424 [=====================>........] - ETA: 1s - loss: 0.6025 - acc: 0.7216
1088/1424 [=====================>........] - ETA: 1s - loss: 0.5990 - acc: 0.7261
1120/1424 [======================>.......] - ETA: 1s - loss: 0.6121 - acc: 0.7250
1152/1424 [=======================>......] - ETA: 1s - loss: 0.6108 - acc: 0.7257
1184/1424 [=======================>......] - ETA: 1s - loss: 0.6095 - acc: 0.7247
1216/1424 [========================>.....] - ETA: 1s - loss: 0.6213 - acc: 0.7229
1248/1424 [=========================>....] - ETA: 0s - loss: 0.6184 - acc: 0.7244
1280/1424 [=========================>....] - ETA: 0s - loss: 0.6186 - acc: 0.7250
1312/1424 [==========================>...] - ETA: 0s - loss: 0.6189 - acc: 0.7233
1344/1424 [===========================>..] - ETA: 0s - loss: 0.6168 - acc: 0.7240
1376/1424 [===========================>..] - ETA: 0s - loss: 0.6247 - acc: 0.7253
1408/1424 [============================>.] - ETA: 0s - loss: 0.6223 - acc: 0.7259
1424/1424 [==============================] - 10s 7ms/step - loss: 0.6215 - acc: 0.7261 - val_loss: 0.5672 - val_acc: 0.7712
Train on 1424 samples, validate on 708 samples
Epoch 1/1

  32/1424 [..............................] - ETA: 7s - loss: 0.4592 - acc: 0.8125
  64/1424 [>.............................] - ETA: 7s - loss: 0.7540 - acc: 0.7812
  96/1424 [=>............................] - ETA: 7s - loss: 0.6734 - acc: 0.7812
 128/1424 [=>............................] - ETA: 6s - loss: 0.7842 - acc: 0.7578
 160/1424 [==>...........................] - ETA: 6s - loss: 0.7309 - acc: 0.7875
 192/1424 [===>..........................] - ETA: 6s - loss: 0.7804 - acc: 0.7917
 224/1424 [===>..........................] - ETA: 6s - loss: 0.8140 - acc: 0.7812
 256/1424 [====>.........................] - ETA: 6s - loss: 0.7848 - acc: 0.7617
 288/1424 [=====>........................] - ETA: 6s - loss: 0.7626 - acc: 0.7569
 320/1424 [=====>........................] - ETA: 5s - loss: 0.7658 - acc: 0.7500
 352/1424 [======>.......................] - ETA: 5s - loss: 0.7393 - acc: 0.7528
 384/1424 [=======>......................] - ETA: 5s - loss: 0.8139 - acc: 0.7396
 416/1424 [=======>......................] - ETA: 5s - loss: 0.7927 - acc: 0.7356
 448/1424 [========>.....................] - ETA: 5s - loss: 0.7837 - acc: 0.7411
 480/1424 [=========>....................] - ETA: 4s - loss: 0.7607 - acc: 0.7458
 512/1424 [=========>....................] - ETA: 4s - loss: 0.7772 - acc: 0.7441
 544/1424 [==========>...................] - ETA: 4s - loss: 0.7922 - acc: 0.7482
 576/1424 [===========>..................] - ETA: 4s - loss: 0.7771 - acc: 0.7517
 608/1424 [===========>..................] - ETA: 4s - loss: 0.7760 - acc: 0.7484
 640/1424 [============>.................] - ETA: 4s - loss: 0.7645 - acc: 0.7484
 672/1424 [=============>................] - ETA: 3s - loss: 0.7765 - acc: 0.7485
 704/1424 [=============>................] - ETA: 3s - loss: 0.7932 - acc: 0.7443
 736/1424 [==============>...............] - ETA: 3s - loss: 0.7865 - acc: 0.7391
 768/1424 [===============>..............] - ETA: 3s - loss: 0.7998 - acc: 0.7370
 800/1424 [===============>..............] - ETA: 3s - loss: 0.8115 - acc: 0.7312
 832/1424 [================>.............] - ETA: 3s - loss: 0.8038 - acc: 0.7296
 864/1424 [=================>............] - ETA: 2s - loss: 0.7950 - acc: 0.7303
 896/1424 [=================>............] - ETA: 2s - loss: 0.7871 - acc: 0.7299
 928/1424 [==================>...........] - ETA: 2s - loss: 0.7808 - acc: 0.7295
 960/1424 [===================>..........] - ETA: 2s - loss: 0.7744 - acc: 0.7292
 992/1424 [===================>..........] - ETA: 2s - loss: 0.7665 - acc: 0.7319
1024/1424 [====================>.........] - ETA: 2s - loss: 0.7622 - acc: 0.7314
1056/1424 [=====================>........] - ETA: 1s - loss: 0.7557 - acc: 0.7311
1088/1424 [=====================>........] - ETA: 1s - loss: 0.7494 - acc: 0.7335
1120/1424 [======================>.......] - ETA: 1s - loss: 0.7462 - acc: 0.7286
1152/1424 [=======================>......] - ETA: 1s - loss: 0.7398 - acc: 0.7326
1184/1424 [=======================>......] - ETA: 1s - loss: 0.7334 - acc: 0.7348
1216/1424 [========================>.....] - ETA: 1s - loss: 0.7277 - acc: 0.7368
1248/1424 [=========================>....] - ETA: 0s - loss: 0.7245 - acc: 0.7364
1280/1424 [=========================>....] - ETA: 0s - loss: 0.7214 - acc: 0.7359
1312/1424 [==========================>...] - ETA: 0s - loss: 0.7176 - acc: 0.7363
1344/1424 [===========================>..] - ETA: 0s - loss: 0.7163 - acc: 0.7359
1376/1424 [===========================>..] - ETA: 0s - loss: 0.7160 - acc: 0.7326
1408/1424 [============================>.] - ETA: 0s - loss: 0.7108 - acc: 0.7337
1424/1424 [==============================] - 10s 7ms/step - loss: 0.7093 - acc: 0.7338 - val_loss: 0.5680 - val_acc: 0.7571
Train on 1424 samples, validate on 708 samples
Epoch 1/1

  32/1424 [..............................] - ETA: 7s - loss: 0.5555 - acc: 0.7188
  64/1424 [>.............................] - ETA: 7s - loss: 0.6099 - acc: 0.6562
  96/1424 [=>............................] - ETA: 6s - loss: 0.5718 - acc: 0.7396
 128/1424 [=>............................] - ETA: 6s - loss: 0.6026 - acc: 0.6797
 160/1424 [==>...........................] - ETA: 6s - loss: 0.6010 - acc: 0.6937
 192/1424 [===>..........................] - ETA: 6s - loss: 0.5860 - acc: 0.7083
 224/1424 [===>..........................] - ETA: 6s - loss: 0.5794 - acc: 0.7098
 256/1424 [====>.........................] - ETA: 6s - loss: 0.5747 - acc: 0.7227
 288/1424 [=====>........................] - ETA: 5s - loss: 0.5771 - acc: 0.7083
 320/1424 [=====>........................] - ETA: 5s - loss: 0.5759 - acc: 0.7156
 352/1424 [======>.......................] - ETA: 5s - loss: 0.5760 - acc: 0.7131
 384/1424 [=======>......................] - ETA: 5s - loss: 0.5698 - acc: 0.7161
 416/1424 [=======>......................] - ETA: 5s - loss: 0.5689 - acc: 0.7163
 448/1424 [========>.....................] - ETA: 5s - loss: 0.5669 - acc: 0.7210
 480/1424 [=========>....................] - ETA: 4s - loss: 0.5668 - acc: 0.7292
 512/1424 [=========>....................] - ETA: 4s - loss: 0.6006 - acc: 0.7246
 544/1424 [==========>...................] - ETA: 4s - loss: 0.6146 - acc: 0.7224
 576/1424 [===========>..................] - ETA: 4s - loss: 0.6082 - acc: 0.7274
 608/1424 [===========>..................] - ETA: 4s - loss: 0.6060 - acc: 0.7286
 640/1424 [============>.................] - ETA: 4s - loss: 0.6031 - acc: 0.7297
 672/1424 [=============>................] - ETA: 3s - loss: 0.6063 - acc: 0.7292
 704/1424 [=============>................] - ETA: 3s - loss: 0.6009 - acc: 0.7315
 736/1424 [==============>...............] - ETA: 3s - loss: 0.6004 - acc: 0.7283
 768/1424 [===============>..............] - ETA: 3s - loss: 0.6198 - acc: 0.7279
 800/1424 [===============>..............] - ETA: 3s - loss: 0.6180 - acc: 0.7275
 832/1424 [================>.............] - ETA: 3s - loss: 0.6125 - acc: 0.7308
 864/1424 [=================>............] - ETA: 2s - loss: 0.6078 - acc: 0.7338
 896/1424 [=================>............] - ETA: 2s - loss: 0.6027 - acc: 0.7377
 928/1424 [==================>...........] - ETA: 2s - loss: 0.6043 - acc: 0.7349
 960/1424 [===================>..........] - ETA: 2s - loss: 0.6026 - acc: 0.7365
 992/1424 [===================>..........] - ETA: 2s - loss: 0.5998 - acc: 0.7379
1024/1424 [====================>.........] - ETA: 2s - loss: 0.5977 - acc: 0.7412
1056/1424 [=====================>........] - ETA: 1s - loss: 0.5972 - acc: 0.7396
1088/1424 [=====================>........] - ETA: 1s - loss: 0.5956 - acc: 0.7390
1120/1424 [======================>.......] - ETA: 1s - loss: 0.5966 - acc: 0.7348
1152/1424 [=======================>......] - ETA: 1s - loss: 0.5974 - acc: 0.7326
1184/1424 [=======================>......] - ETA: 1s - loss: 0.5993 - acc: 0.7314
1216/1424 [========================>.....] - ETA: 1s - loss: 0.5978 - acc: 0.7327
1248/1424 [=========================>....] - ETA: 0s - loss: 0.5963 - acc: 0.7324
1280/1424 [=========================>....] - ETA: 0s - loss: 0.5932 - acc: 0.7352
1312/1424 [==========================>...] - ETA: 0s - loss: 0.5923 - acc: 0.7363
1344/1424 [===========================>..] - ETA: 0s - loss: 0.5906 - acc: 0.7359
1376/1424 [===========================>..] - ETA: 0s - loss: 0.5911 - acc: 0.7355
1408/1424 [============================>.] - ETA: 0s - loss: 0.5895 - acc: 0.7358
1424/1424 [==============================] - 10s 7ms/step - loss: 0.5893 - acc: 0.7360 - val_loss: 0.5487 - val_acc: 0.7881
Train on 1424 samples, validate on 708 samples
Epoch 1/1

  32/1424 [..............................] - ETA: 7s - loss: 0.5699 - acc: 0.7812
  64/1424 [>.............................] - ETA: 7s - loss: 0.6041 - acc: 0.7344
  96/1424 [=>............................] - ETA: 7s - loss: 0.5909 - acc: 0.7604
 128/1424 [=>............................] - ETA: 6s - loss: 0.5613 - acc: 0.7812
 160/1424 [==>...........................] - ETA: 6s - loss: 0.5712 - acc: 0.7562
 192/1424 [===>..........................] - ETA: 6s - loss: 0.5766 - acc: 0.7292
 224/1424 [===>..........................] - ETA: 6s - loss: 0.5806 - acc: 0.7321
 256/1424 [====>.........................] - ETA: 6s - loss: 0.5726 - acc: 0.7422
 288/1424 [=====>........................] - ETA: 6s - loss: 0.5850 - acc: 0.7326
 320/1424 [=====>........................] - ETA: 5s - loss: 0.5765 - acc: 0.7438
 352/1424 [======>.......................] - ETA: 5s - loss: 0.5786 - acc: 0.7330
 384/1424 [=======>......................] - ETA: 5s - loss: 0.5790 - acc: 0.7318
 416/1424 [=======>......................] - ETA: 5s - loss: 0.5774 - acc: 0.7356
 448/1424 [========>.....................] - ETA: 5s - loss: 0.5736 - acc: 0.7344
 480/1424 [=========>....................] - ETA: 4s - loss: 0.5737 - acc: 0.7292
 512/1424 [=========>....................] - ETA: 4s - loss: 0.5720 - acc: 0.7324
 544/1424 [==========>...................] - ETA: 4s - loss: 0.5688 - acc: 0.7353
 576/1424 [===========>..................] - ETA: 4s - loss: 0.5658 - acc: 0.7361
 608/1424 [===========>..................] - ETA: 4s - loss: 0.5663 - acc: 0.7368
 640/1424 [============>.................] - ETA: 4s - loss: 0.5678 - acc: 0.7359
 672/1424 [=============>................] - ETA: 3s - loss: 0.5597 - acc: 0.7440
 704/1424 [=============>................] - ETA: 3s - loss: 0.5594 - acc: 0.7429
 736/1424 [==============>...............] - ETA: 3s - loss: 0.5561 - acc: 0.7473
 768/1424 [===============>..............] - ETA: 3s - loss: 0.5622 - acc: 0.7422
 800/1424 [===============>..............] - ETA: 3s - loss: 0.5657 - acc: 0.7412
 832/1424 [================>.............] - ETA: 3s - loss: 0.5650 - acc: 0.7404
 864/1424 [=================>............] - ETA: 2s - loss: 0.5641 - acc: 0.7419
 896/1424 [=================>............] - ETA: 2s - loss: 0.5622 - acc: 0.7411
 928/1424 [==================>...........] - ETA: 2s - loss: 0.5639 - acc: 0.7392
 960/1424 [===================>..........] - ETA: 2s - loss: 0.5639 - acc: 0.7375
 992/1424 [===================>..........] - ETA: 2s - loss: 0.5670 - acc: 0.7308
1024/1424 [====================>.........] - ETA: 2s - loss: 0.5683 - acc: 0.7285
1056/1424 [=====================>........] - ETA: 1s - loss: 0.5651 - acc: 0.7320
1088/1424 [=====================>........] - ETA: 1s - loss: 0.5737 - acc: 0.7325
1120/1424 [======================>.......] - ETA: 1s - loss: 0.5729 - acc: 0.7312
1152/1424 [=======================>......] - ETA: 1s - loss: 0.5715 - acc: 0.7300
1184/1424 [=======================>......] - ETA: 1s - loss: 0.5706 - acc: 0.7314
1216/1424 [========================>.....] - ETA: 1s - loss: 0.5704 - acc: 0.7327
1248/1424 [=========================>....] - ETA: 0s - loss: 0.5694 - acc: 0.7348
1280/1424 [=========================>....] - ETA: 0s - loss: 0.5713 - acc: 0.7312
1312/1424 [==========================>...] - ETA: 0s - loss: 0.5713 - acc: 0.7294
1344/1424 [===========================>..] - ETA: 0s - loss: 0.5704 - acc: 0.7292
1376/1424 [===========================>..] - ETA: 0s - loss: 0.5709 - acc: 0.7282
1408/1424 [============================>.] - ETA: 0s - loss: 0.5709 - acc: 0.7280
1424/1424 [==============================] - 10s 7ms/step - loss: 0.5712 - acc: 0.7268 - val_loss: 0.5648 - val_acc: 0.7331
Train on 1424 samples, validate on 708 samples
Epoch 1/1

  32/1424 [..............................] - ETA: 7s - loss: 0.6548 - acc: 0.6250
  64/1424 [>.............................] - ETA: 7s - loss: 0.5871 - acc: 0.7031
  96/1424 [=>............................] - ETA: 7s - loss: 0.5711 - acc: 0.7396
 128/1424 [=>............................] - ETA: 6s - loss: 0.5793 - acc: 0.7266
 160/1424 [==>...........................] - ETA: 6s - loss: 0.5669 - acc: 0.7375
 192/1424 [===>..........................] - ETA: 6s - loss: 0.5536 - acc: 0.7656
 224/1424 [===>..........................] - ETA: 6s - loss: 0.5381 - acc: 0.7768
 256/1424 [====>.........................] - ETA: 6s - loss: 0.5374 - acc: 0.7734
 288/1424 [=====>........................] - ETA: 6s - loss: 0.5395 - acc: 0.7639
 320/1424 [=====>........................] - ETA: 5s - loss: 0.5436 - acc: 0.7656
 352/1424 [======>.......................] - ETA: 5s - loss: 0.5402 - acc: 0.7727
 384/1424 [=======>......................] - ETA: 5s - loss: 0.5315 - acc: 0.7786
 416/1424 [=======>......................] - ETA: 5s - loss: 0.5463 - acc: 0.7740
 448/1424 [========>.....................] - ETA: 5s - loss: 0.5504 - acc: 0.7723
 480/1424 [=========>....................] - ETA: 5s - loss: 0.5488 - acc: 0.7667
 512/1424 [=========>....................] - ETA: 4s - loss: 0.5521 - acc: 0.7559
 544/1424 [==========>...................] - ETA: 4s - loss: 0.5592 - acc: 0.7482
 576/1424 [===========>..................] - ETA: 4s - loss: 0.5577 - acc: 0.7500
 608/1424 [===========>..................] - ETA: 4s - loss: 0.5578 - acc: 0.7467
 640/1424 [============>.................] - ETA: 4s - loss: 0.5566 - acc: 0.7484
 672/1424 [=============>................] - ETA: 3s - loss: 0.5564 - acc: 0.7455
 704/1424 [=============>................] - ETA: 3s - loss: 0.5522 - acc: 0.7500
 736/1424 [==============>...............] - ETA: 3s - loss: 0.5517 - acc: 0.7514
 768/1424 [===============>..............] - ETA: 3s - loss: 0.5556 - acc: 0.7487
 800/1424 [===============>..............] - ETA: 3s - loss: 0.5551 - acc: 0.7512
 832/1424 [================>.............] - ETA: 3s - loss: 0.5552 - acc: 0.7512
 864/1424 [=================>............] - ETA: 2s - loss: 0.5558 - acc: 0.7488
 896/1424 [=================>............] - ETA: 2s - loss: 0.5556 - acc: 0.7489
 928/1424 [==================>...........] - ETA: 2s - loss: 0.5550 - acc: 0.7489
 960/1424 [===================>..........] - ETA: 2s - loss: 0.5543 - acc: 0.7490
 992/1424 [===================>..........] - ETA: 2s - loss: 0.5566 - acc: 0.7500
1024/1424 [====================>.........] - ETA: 2s - loss: 0.5562 - acc: 0.7520
1056/1424 [=====================>........] - ETA: 1s - loss: 0.5552 - acc: 0.7519
1088/1424 [=====================>........] - ETA: 1s - loss: 0.5551 - acc: 0.7500
1120/1424 [======================>.......] - ETA: 1s - loss: 0.5562 - acc: 0.7473
1152/1424 [=======================>......] - ETA: 1s - loss: 0.5552 - acc: 0.7465
1184/1424 [=======================>......] - ETA: 1s - loss: 0.5555 - acc: 0.7432
1216/1424 [========================>.....] - ETA: 1s - loss: 0.5548 - acc: 0.7426
1248/1424 [=========================>....] - ETA: 0s - loss: 0.5539 - acc: 0.7436
1280/1424 [=========================>....] - ETA: 0s - loss: 0.5536 - acc: 0.7445
1312/1424 [==========================>...] - ETA: 0s - loss: 0.5532 - acc: 0.7439
1344/1424 [===========================>..] - ETA: 0s - loss: 0.5541 - acc: 0.7426
1376/1424 [===========================>..] - ETA: 0s - loss: 0.5521 - acc: 0.7449
1408/1424 [============================>.] - ETA: 0s - loss: 0.5500 - acc: 0.7479
1424/1424 [==============================] - 10s 7ms/step - loss: 0.5506 - acc: 0.7465 - val_loss: 0.5181 - val_acc: 0.8107
Train on 1424 samples, validate on 708 samples
Epoch 1/1

  32/1424 [..............................] - ETA: 7s - loss: 0.5809 - acc: 0.7500
  64/1424 [>.............................] - ETA: 7s - loss: 0.5657 - acc: 0.7344
  96/1424 [=>............................] - ETA: 6s - loss: 0.5286 - acc: 0.7604
 128/1424 [=>............................] - ETA: 6s - loss: 0.5681 - acc: 0.7500
 160/1424 [==>...........................] - ETA: 6s - loss: 0.5495 - acc: 0.7750
 192/1424 [===>..........................] - ETA: 6s - loss: 0.5327 - acc: 0.7760
 224/1424 [===>..........................] - ETA: 6s - loss: 0.5428 - acc: 0.7634
 256/1424 [====>.........................] - ETA: 6s - loss: 0.6022 - acc: 0.7617
 288/1424 [=====>........................] - ETA: 5s - loss: 0.6022 - acc: 0.7500
 320/1424 [=====>........................] - ETA: 5s - loss: 0.5909 - acc: 0.7562
 352/1424 [======>.......................] - ETA: 5s - loss: 0.5841 - acc: 0.7557
 384/1424 [=======>......................] - ETA: 5s - loss: 0.5755 - acc: 0.7578
 416/1424 [=======>......................] - ETA: 5s - loss: 0.5774 - acc: 0.7548
 448/1424 [========>.....................] - ETA: 5s - loss: 0.5678 - acc: 0.7612
 480/1424 [=========>....................] - ETA: 4s - loss: 0.5701 - acc: 0.7562
 512/1424 [=========>....................] - ETA: 4s - loss: 0.5733 - acc: 0.7500
 544/1424 [==========>...................] - ETA: 4s - loss: 0.5694 - acc: 0.7482
 576/1424 [===========>..................] - ETA: 4s - loss: 0.5680 - acc: 0.7396
 608/1424 [===========>..................] - ETA: 4s - loss: 0.5675 - acc: 0.7385
 640/1424 [============>.................] - ETA: 4s - loss: 0.5664 - acc: 0.7375
 672/1424 [=============>................] - ETA: 3s - loss: 0.5704 - acc: 0.7321
 704/1424 [=============>................] - ETA: 3s - loss: 0.5745 - acc: 0.7287
 736/1424 [==============>...............] - ETA: 3s - loss: 0.5698 - acc: 0.7323
 768/1424 [===============>..............] - ETA: 3s - loss: 0.5702 - acc: 0.7305
 800/1424 [===============>..............] - ETA: 3s - loss: 0.5678 - acc: 0.7275
 832/1424 [================>.............] - ETA: 3s - loss: 0.5624 - acc: 0.7308
 864/1424 [=================>............] - ETA: 2s - loss: 0.5639 - acc: 0.7292
 896/1424 [=================>............] - ETA: 2s - loss: 0.5624 - acc: 0.7288
 928/1424 [==================>...........] - ETA: 2s - loss: 0.5591 - acc: 0.7306
 960/1424 [===================>..........] - ETA: 2s - loss: 0.5547 - acc: 0.7333
 992/1424 [===================>..........] - ETA: 2s - loss: 0.5631 - acc: 0.7329
1024/1424 [====================>.........] - ETA: 2s - loss: 0.5644 - acc: 0.7344
1056/1424 [=====================>........] - ETA: 1s - loss: 0.5631 - acc: 0.7367
1088/1424 [=====================>........] - ETA: 1s - loss: 0.5626 - acc: 0.7353
1120/1424 [======================>.......] - ETA: 1s - loss: 0.5616 - acc: 0.7357
1152/1424 [=======================>......] - ETA: 1s - loss: 0.5615 - acc: 0.7352
1184/1424 [=======================>......] - ETA: 1s - loss: 0.5601 - acc: 0.7373
1216/1424 [========================>.....] - ETA: 1s - loss: 0.5605 - acc: 0.7385
1248/1424 [=========================>....] - ETA: 0s - loss: 0.5610 - acc: 0.7372
1280/1424 [=========================>....] - ETA: 0s - loss: 0.5579 - acc: 0.7406
1312/1424 [==========================>...] - ETA: 0s - loss: 0.5573 - acc: 0.7409
1344/1424 [===========================>..] - ETA: 0s - loss: 0.5568 - acc: 0.7418
1376/1424 [===========================>..] - ETA: 0s - loss: 0.5560 - acc: 0.7427
1408/1424 [============================>.] - ETA: 0s - loss: 0.5549 - acc: 0.7436
1424/1424 [==============================] - 10s 7ms/step - loss: 0.5563 - acc: 0.7430 - val_loss: 0.5207 - val_acc: 0.7867

  32/1424 [..............................] - ETA: 25s
  64/1424 [>.............................] - ETA: 15s
  96/1424 [=>............................] - ETA: 11s
 128/1424 [=>............................] - ETA: 9s 
 160/1424 [==>...........................] - ETA: 8s
 192/1424 [===>..........................] - ETA: 7s
 224/1424 [===>..........................] - ETA: 6s
 256/1424 [====>.........................] - ETA: 6s
 288/1424 [=====>........................] - ETA: 5s
 320/1424 [=====>........................] - ETA: 5s
 352/1424 [======>.......................] - ETA: 5s
 384/1424 [=======>......................] - ETA: 5s
 416/1424 [=======>......................] - ETA: 4s
 448/1424 [========>.....................] - ETA: 4s
 480/1424 [=========>....................] - ETA: 4s
 512/1424 [=========>....................] - ETA: 4s
 544/1424 [==========>...................] - ETA: 3s
 576/1424 [===========>..................] - ETA: 3s
 608/1424 [===========>..................] - ETA: 3s
 640/1424 [============>.................] - ETA: 3s
 672/1424 [=============>................] - ETA: 3s
 704/1424 [=============>................] - ETA: 3s
 736/1424 [==============>...............] - ETA: 2s
 768/1424 [===============>..............] - ETA: 2s
 800/1424 [===============>..............] - ETA: 2s
 832/1424 [================>.............] - ETA: 2s
 864/1424 [=================>............] - ETA: 2s
 896/1424 [=================>............] - ETA: 2s
 928/1424 [==================>...........] - ETA: 2s
 960/1424 [===================>..........] - ETA: 1s
 992/1424 [===================>..........] - ETA: 1s
1024/1424 [====================>.........] - ETA: 1s
1056/1424 [=====================>........] - ETA: 1s
1088/1424 [=====================>........] - ETA: 1s
1120/1424 [======================>.......] - ETA: 1s
1152/1424 [=======================>......] - ETA: 1s
1184/1424 [=======================>......] - ETA: 0s
1216/1424 [========================>.....] - ETA: 0s
1248/1424 [=========================>....] - ETA: 0s
1280/1424 [=========================>....] - ETA: 0s
1312/1424 [==========================>...] - ETA: 0s
1344/1424 [===========================>..] - ETA: 0s
1376/1424 [===========================>..] - ETA: 0s
1408/1424 [============================>.] - ETA: 0s
1424/1424 [==============================] - 6s 4ms/step
Test acc: 0.836376404494382

  32/1424 [..............................] - ETA: 4s
  64/1424 [>.............................] - ETA: 4s
  96/1424 [=>............................] - ETA: 4s
 128/1424 [=>............................] - ETA: 4s
 160/1424 [==>...........................] - ETA: 4s
 192/1424 [===>..........................] - ETA: 4s
 224/1424 [===>..........................] - ETA: 4s
 256/1424 [====>.........................] - ETA: 4s
 288/1424 [=====>........................] - ETA: 4s
 320/1424 [=====>........................] - ETA: 3s
 352/1424 [======>.......................] - ETA: 3s
 384/1424 [=======>......................] - ETA: 3s
 416/1424 [=======>......................] - ETA: 3s
 448/1424 [========>.....................] - ETA: 3s
 480/1424 [=========>....................] - ETA: 3s
 512/1424 [=========>....................] - ETA: 3s
 544/1424 [==========>...................] - ETA: 3s
 576/1424 [===========>..................] - ETA: 3s
 608/1424 [===========>..................] - ETA: 2s
 640/1424 [============>.................] - ETA: 2s
 672/1424 [=============>................] - ETA: 2s
 704/1424 [=============>................] - ETA: 2s
 736/1424 [==============>...............] - ETA: 2s
 768/1424 [===============>..............] - ETA: 2s
 800/1424 [===============>..............] - ETA: 2s
 832/1424 [================>.............] - ETA: 2s
 864/1424 [=================>............] - ETA: 2s
 896/1424 [=================>............] - ETA: 1s
 928/1424 [==================>...........] - ETA: 1s
 960/1424 [===================>..........] - ETA: 1s
 992/1424 [===================>..........] - ETA: 1s
1024/1424 [====================>.........] - ETA: 1s
1056/1424 [=====================>........] - ETA: 1s
1088/1424 [=====================>........] - ETA: 1s
1120/1424 [======================>.......] - ETA: 1s
1152/1424 [=======================>......] - ETA: 0s
1184/1424 [=======================>......] - ETA: 0s
1216/1424 [========================>.....] - ETA: 0s
1248/1424 [=========================>....] - ETA: 0s
1280/1424 [=========================>....] - ETA: 0s
1312/1424 [==========================>...] - ETA: 0s
1344/1424 [===========================>..] - ETA: 0s
1376/1424 [===========================>..] - ETA: 0s
1408/1424 [============================>.] - ETA: 0s
1424/1424 [==============================] - 5s 4ms/step
Test acc: [0.4710574933652128, 0.8370786516853933]
Test auc: 0.9118265528342381
Test mcc: 0.6727693980423053
Execute epoch: 16
Execute time: 180.44214153289795
(W) Execute time: 179.0539083480835
