_________________________________________________________________
Layer (type)                 Output Shape              Param #   
=================================================================
embedding_1 (Embedding)      (None, None, 128)         2688      
_________________________________________________________________
lstm_1 (LSTM)                (None, None, 64)          49408     
_________________________________________________________________
lstm_2 (LSTM)                (None, None, 64)          33024     
_________________________________________________________________
lstm_3 (LSTM)                (None, 64)                33024     
_________________________________________________________________
dense_1 (Dense)              (None, 16)                1040      
_________________________________________________________________
dense_2 (Dense)              (None, 1)                 17        
=================================================================
Total params: 119,201
Trainable params: 119,201
Non-trainable params: 0
_________________________________________________________________
Train on 1424 samples, validate on 708 samples
Epoch 1/1

  32/1424 [..............................] - ETA: 2:26 - loss: 0.6935 - acc: 0.5000
  64/1424 [>.............................] - ETA: 1:16 - loss: 0.6934 - acc: 0.4219
  96/1424 [=>............................] - ETA: 52s - loss: 0.6934 - acc: 0.4688 
 128/1424 [=>............................] - ETA: 40s - loss: 0.6933 - acc: 0.4688
 160/1424 [==>...........................] - ETA: 33s - loss: 0.6927 - acc: 0.5062
 192/1424 [===>..........................] - ETA: 28s - loss: 0.6926 - acc: 0.5156
 224/1424 [===>..........................] - ETA: 24s - loss: 0.6924 - acc: 0.5223
 256/1424 [====>.........................] - ETA: 21s - loss: 0.6923 - acc: 0.5234
 288/1424 [=====>........................] - ETA: 19s - loss: 0.6930 - acc: 0.5069
 320/1424 [=====>........................] - ETA: 17s - loss: 0.6932 - acc: 0.5031
 352/1424 [======>.......................] - ETA: 16s - loss: 0.6937 - acc: 0.4886
 384/1424 [=======>......................] - ETA: 15s - loss: 0.6934 - acc: 0.4948
 416/1424 [=======>......................] - ETA: 14s - loss: 0.6931 - acc: 0.5000
 448/1424 [========>.....................] - ETA: 13s - loss: 0.6933 - acc: 0.4955
 480/1424 [=========>....................] - ETA: 12s - loss: 0.6930 - acc: 0.5021
 512/1424 [=========>....................] - ETA: 11s - loss: 0.6932 - acc: 0.4980
 544/1424 [==========>...................] - ETA: 10s - loss: 0.6932 - acc: 0.4982
 576/1424 [===========>..................] - ETA: 9s - loss: 0.6932 - acc: 0.4948 
 608/1424 [===========>..................] - ETA: 9s - loss: 0.6931 - acc: 0.4967
 640/1424 [============>.................] - ETA: 8s - loss: 0.6930 - acc: 0.5000
 672/1424 [=============>................] - ETA: 8s - loss: 0.6930 - acc: 0.4985
 704/1424 [=============>................] - ETA: 7s - loss: 0.6930 - acc: 0.4986
 736/1424 [==============>...............] - ETA: 7s - loss: 0.6930 - acc: 0.4973
 768/1424 [===============>..............] - ETA: 6s - loss: 0.6930 - acc: 0.4974
 800/1424 [===============>..............] - ETA: 6s - loss: 0.6929 - acc: 0.4975
 832/1424 [================>.............] - ETA: 5s - loss: 0.6929 - acc: 0.4964
 864/1424 [=================>............] - ETA: 5s - loss: 0.6928 - acc: 0.4988
 896/1424 [=================>............] - ETA: 5s - loss: 0.6928 - acc: 0.4978
 928/1424 [==================>...........] - ETA: 4s - loss: 0.6928 - acc: 0.4968
 960/1424 [===================>..........] - ETA: 4s - loss: 0.6928 - acc: 0.4948
 992/1424 [===================>..........] - ETA: 4s - loss: 0.6928 - acc: 0.4919
1024/1424 [====================>.........] - ETA: 3s - loss: 0.6927 - acc: 0.4932
1056/1424 [=====================>........] - ETA: 3s - loss: 0.6927 - acc: 0.4877
1088/1424 [=====================>........] - ETA: 3s - loss: 0.6925 - acc: 0.4890
1120/1424 [======================>.......] - ETA: 2s - loss: 0.6923 - acc: 0.4911
1152/1424 [=======================>......] - ETA: 2s - loss: 0.6920 - acc: 0.4931
1184/1424 [=======================>......] - ETA: 2s - loss: 0.6917 - acc: 0.4941
1216/1424 [========================>.....] - ETA: 1s - loss: 0.6915 - acc: 0.4942
1248/1424 [=========================>....] - ETA: 1s - loss: 0.6914 - acc: 0.4936
1280/1424 [=========================>....] - ETA: 1s - loss: 0.6914 - acc: 0.4922
1312/1424 [==========================>...] - ETA: 0s - loss: 0.6912 - acc: 0.4893
1344/1424 [===========================>..] - ETA: 0s - loss: 0.6909 - acc: 0.4888
1376/1424 [===========================>..] - ETA: 0s - loss: 0.6899 - acc: 0.4935
1408/1424 [============================>.] - ETA: 0s - loss: 0.6889 - acc: 0.4964
1424/1424 [==============================] - 15s 11ms/step - loss: 0.6882 - acc: 0.4965 - val_loss: 0.6359 - val_acc: 0.5452
Train on 1424 samples, validate on 708 samples
Epoch 1/1

  32/1424 [..............................] - ETA: 8s - loss: 0.6907 - acc: 0.4688
  64/1424 [>.............................] - ETA: 8s - loss: 0.6573 - acc: 0.4844
  96/1424 [=>............................] - ETA: 8s - loss: 0.5903 - acc: 0.5729
 128/1424 [=>............................] - ETA: 8s - loss: 0.6152 - acc: 0.5938
 160/1424 [==>...........................] - ETA: 7s - loss: 0.7114 - acc: 0.5750
 192/1424 [===>..........................] - ETA: 7s - loss: 0.7623 - acc: 0.6042
 224/1424 [===>..........................] - ETA: 7s - loss: 0.8088 - acc: 0.6116
 256/1424 [====>.........................] - ETA: 7s - loss: 0.7765 - acc: 0.6367
 288/1424 [=====>........................] - ETA: 7s - loss: 0.7513 - acc: 0.6736
 320/1424 [=====>........................] - ETA: 6s - loss: 0.7337 - acc: 0.6875
 352/1424 [======>.......................] - ETA: 6s - loss: 0.7192 - acc: 0.6989
 384/1424 [=======>......................] - ETA: 6s - loss: 0.7185 - acc: 0.7031
 416/1424 [=======>......................] - ETA: 6s - loss: 0.7130 - acc: 0.7067
 448/1424 [========>.....................] - ETA: 6s - loss: 0.7395 - acc: 0.7098
 480/1424 [=========>....................] - ETA: 5s - loss: 0.7327 - acc: 0.7083
 512/1424 [=========>....................] - ETA: 5s - loss: 0.7239 - acc: 0.7188
 544/1424 [==========>...................] - ETA: 5s - loss: 0.7211 - acc: 0.7169
 576/1424 [===========>..................] - ETA: 5s - loss: 0.7427 - acc: 0.7170
 608/1424 [===========>..................] - ETA: 5s - loss: 0.7367 - acc: 0.7204
 640/1424 [============>.................] - ETA: 4s - loss: 0.7320 - acc: 0.7203
 672/1424 [=============>................] - ETA: 4s - loss: 0.7268 - acc: 0.7277
 704/1424 [=============>................] - ETA: 4s - loss: 0.7218 - acc: 0.7301
 736/1424 [==============>...............] - ETA: 4s - loss: 0.7164 - acc: 0.7323
 768/1424 [===============>..............] - ETA: 4s - loss: 0.7100 - acc: 0.7357
 800/1424 [===============>..............] - ETA: 3s - loss: 0.7061 - acc: 0.7375
 832/1424 [================>.............] - ETA: 3s - loss: 0.7062 - acc: 0.7404
 864/1424 [=================>............] - ETA: 3s - loss: 0.6976 - acc: 0.7431
 896/1424 [=================>............] - ETA: 3s - loss: 0.6891 - acc: 0.7478
 928/1424 [==================>...........] - ETA: 3s - loss: 0.7012 - acc: 0.7500
 960/1424 [===================>..........] - ETA: 2s - loss: 0.6935 - acc: 0.7521
 992/1424 [===================>..........] - ETA: 2s - loss: 0.6917 - acc: 0.7530
1024/1424 [====================>.........] - ETA: 2s - loss: 0.6850 - acc: 0.7549
1056/1424 [=====================>........] - ETA: 2s - loss: 0.6828 - acc: 0.7557
1088/1424 [=====================>........] - ETA: 2s - loss: 0.6921 - acc: 0.7564
1120/1424 [======================>.......] - ETA: 1s - loss: 0.7113 - acc: 0.7545
1152/1424 [=======================>......] - ETA: 1s - loss: 0.7081 - acc: 0.7535
1184/1424 [=======================>......] - ETA: 1s - loss: 0.7033 - acc: 0.7534
1216/1424 [========================>.....] - ETA: 1s - loss: 0.6996 - acc: 0.7549
1248/1424 [=========================>....] - ETA: 1s - loss: 0.6968 - acc: 0.7540
1280/1424 [=========================>....] - ETA: 0s - loss: 0.7050 - acc: 0.7523
1312/1424 [==========================>...] - ETA: 0s - loss: 0.7017 - acc: 0.7515
1344/1424 [===========================>..] - ETA: 0s - loss: 0.7112 - acc: 0.7485
1376/1424 [===========================>..] - ETA: 0s - loss: 0.7048 - acc: 0.7500
1408/1424 [============================>.] - ETA: 0s - loss: 0.7111 - acc: 0.7472
1424/1424 [==============================] - 12s 8ms/step - loss: 0.7084 - acc: 0.7472 - val_loss: 0.9375 - val_acc: 0.6398
Train on 1424 samples, validate on 708 samples
Epoch 1/1

  32/1424 [..............................] - ETA: 8s - loss: 1.9554 - acc: 0.5625
  64/1424 [>.............................] - ETA: 8s - loss: 1.9189 - acc: 0.5938
  96/1424 [=>............................] - ETA: 8s - loss: 1.4250 - acc: 0.6771
 128/1424 [=>............................] - ETA: 8s - loss: 1.2282 - acc: 0.7188
 160/1424 [==>...........................] - ETA: 7s - loss: 1.2623 - acc: 0.7063
 192/1424 [===>..........................] - ETA: 7s - loss: 1.1440 - acc: 0.7188
 224/1424 [===>..........................] - ETA: 7s - loss: 1.2170 - acc: 0.7143
 256/1424 [====>.........................] - ETA: 7s - loss: 1.1153 - acc: 0.7344
 288/1424 [=====>........................] - ETA: 7s - loss: 1.0440 - acc: 0.7569
 320/1424 [=====>........................] - ETA: 6s - loss: 0.9845 - acc: 0.7750
 352/1424 [======>.......................] - ETA: 6s - loss: 0.9887 - acc: 0.7756
 384/1424 [=======>......................] - ETA: 6s - loss: 0.9529 - acc: 0.7708
 416/1424 [=======>......................] - ETA: 6s - loss: 0.9803 - acc: 0.7644
 448/1424 [========>.....................] - ETA: 6s - loss: 0.9481 - acc: 0.7634
 480/1424 [=========>....................] - ETA: 5s - loss: 0.9349 - acc: 0.7562
 512/1424 [=========>....................] - ETA: 5s - loss: 0.9698 - acc: 0.7559
 544/1424 [==========>...................] - ETA: 5s - loss: 0.9452 - acc: 0.7610
 576/1424 [===========>..................] - ETA: 5s - loss: 0.9503 - acc: 0.7604
 608/1424 [===========>..................] - ETA: 5s - loss: 0.9358 - acc: 0.7648
 640/1424 [============>.................] - ETA: 4s - loss: 0.9161 - acc: 0.7656
 672/1424 [=============>................] - ETA: 4s - loss: 0.9490 - acc: 0.7604
 704/1424 [=============>................] - ETA: 4s - loss: 0.9244 - acc: 0.7656
 736/1424 [==============>...............] - ETA: 4s - loss: 0.9054 - acc: 0.7690
 768/1424 [===============>..............] - ETA: 4s - loss: 0.8850 - acc: 0.7760
 800/1424 [===============>..............] - ETA: 3s - loss: 0.8689 - acc: 0.7775
 832/1424 [================>.............] - ETA: 3s - loss: 0.8527 - acc: 0.7788
 864/1424 [=================>............] - ETA: 3s - loss: 0.8576 - acc: 0.7766
 896/1424 [=================>............] - ETA: 3s - loss: 0.8419 - acc: 0.7801
 928/1424 [==================>...........] - ETA: 3s - loss: 0.8336 - acc: 0.7748
 960/1424 [===================>..........] - ETA: 2s - loss: 0.8215 - acc: 0.7760
 992/1424 [===================>..........] - ETA: 2s - loss: 0.8103 - acc: 0.7752
1024/1424 [====================>.........] - ETA: 2s - loss: 0.8291 - acc: 0.7734
1056/1424 [=====================>........] - ETA: 2s - loss: 0.8329 - acc: 0.7737
1088/1424 [=====================>........] - ETA: 2s - loss: 0.8392 - acc: 0.7721
1120/1424 [======================>.......] - ETA: 1s - loss: 0.8285 - acc: 0.7714
1152/1424 [=======================>......] - ETA: 1s - loss: 0.8310 - acc: 0.7708
1184/1424 [=======================>......] - ETA: 1s - loss: 0.8336 - acc: 0.7745
1216/1424 [========================>.....] - ETA: 1s - loss: 0.8296 - acc: 0.7738
1248/1424 [=========================>....] - ETA: 1s - loss: 0.8203 - acc: 0.7732
1280/1424 [=========================>....] - ETA: 0s - loss: 0.8094 - acc: 0.7742
1312/1424 [==========================>...] - ETA: 0s - loss: 0.8070 - acc: 0.7713
1344/1424 [===========================>..] - ETA: 0s - loss: 0.8015 - acc: 0.7686
1376/1424 [===========================>..] - ETA: 0s - loss: 0.7949 - acc: 0.7667
1408/1424 [============================>.] - ETA: 0s - loss: 0.7902 - acc: 0.7635
1424/1424 [==============================] - 12s 8ms/step - loss: 0.7886 - acc: 0.7612 - val_loss: 0.5239 - val_acc: 0.7556
Train on 1424 samples, validate on 708 samples
Epoch 1/1

  32/1424 [..............................] - ETA: 8s - loss: 0.6228 - acc: 0.5938
  64/1424 [>.............................] - ETA: 8s - loss: 0.6426 - acc: 0.7188
  96/1424 [=>............................] - ETA: 8s - loss: 0.5773 - acc: 0.7396
 128/1424 [=>............................] - ETA: 8s - loss: 0.5395 - acc: 0.7578
 160/1424 [==>...........................] - ETA: 7s - loss: 0.6208 - acc: 0.7625
 192/1424 [===>..........................] - ETA: 7s - loss: 0.6127 - acc: 0.7500
 224/1424 [===>..........................] - ETA: 7s - loss: 0.5895 - acc: 0.7634
 256/1424 [====>.........................] - ETA: 7s - loss: 0.5931 - acc: 0.7500
 288/1424 [=====>........................] - ETA: 7s - loss: 0.5850 - acc: 0.7500
 320/1424 [=====>........................] - ETA: 6s - loss: 0.5815 - acc: 0.7500
 352/1424 [======>.......................] - ETA: 6s - loss: 0.5773 - acc: 0.7557
 384/1424 [=======>......................] - ETA: 6s - loss: 0.5735 - acc: 0.7604
 416/1424 [=======>......................] - ETA: 6s - loss: 0.5717 - acc: 0.7620
 448/1424 [========>.....................] - ETA: 6s - loss: 0.5641 - acc: 0.7768
 480/1424 [=========>....................] - ETA: 5s - loss: 0.5602 - acc: 0.7812
 512/1424 [=========>....................] - ETA: 5s - loss: 0.5883 - acc: 0.7812
 544/1424 [==========>...................] - ETA: 5s - loss: 0.5838 - acc: 0.7886
 576/1424 [===========>..................] - ETA: 5s - loss: 0.5860 - acc: 0.7882
 608/1424 [===========>..................] - ETA: 5s - loss: 0.5812 - acc: 0.7961
 640/1424 [============>.................] - ETA: 4s - loss: 0.5808 - acc: 0.7953
 672/1424 [=============>................] - ETA: 4s - loss: 0.5766 - acc: 0.7976
 704/1424 [=============>................] - ETA: 4s - loss: 0.5758 - acc: 0.7969
 736/1424 [==============>...............] - ETA: 4s - loss: 0.5742 - acc: 0.7976
 768/1424 [===============>..............] - ETA: 4s - loss: 0.5736 - acc: 0.7904
 800/1424 [===============>..............] - ETA: 3s - loss: 0.5703 - acc: 0.7875
 832/1424 [================>.............] - ETA: 3s - loss: 0.5692 - acc: 0.7873
 864/1424 [=================>............] - ETA: 3s - loss: 0.5684 - acc: 0.7882
 896/1424 [=================>............] - ETA: 3s - loss: 0.5639 - acc: 0.7891
 928/1424 [==================>...........] - ETA: 3s - loss: 0.5636 - acc: 0.7909
 960/1424 [===================>..........] - ETA: 2s - loss: 0.5600 - acc: 0.7917
 992/1424 [===================>..........] - ETA: 2s - loss: 0.5575 - acc: 0.7923
1024/1424 [====================>.........] - ETA: 2s - loss: 0.5722 - acc: 0.7910
1056/1424 [=====================>........] - ETA: 2s - loss: 0.5812 - acc: 0.7860
1088/1424 [=====================>........] - ETA: 2s - loss: 0.5788 - acc: 0.7858
1120/1424 [======================>.......] - ETA: 1s - loss: 0.5761 - acc: 0.7884
1152/1424 [=======================>......] - ETA: 1s - loss: 0.5741 - acc: 0.7865
1184/1424 [=======================>......] - ETA: 1s - loss: 0.5749 - acc: 0.7846
1216/1424 [========================>.....] - ETA: 1s - loss: 0.5740 - acc: 0.7887
1248/1424 [=========================>....] - ETA: 1s - loss: 0.5709 - acc: 0.7909
1280/1424 [=========================>....] - ETA: 0s - loss: 0.5687 - acc: 0.7891
1312/1424 [==========================>...] - ETA: 0s - loss: 0.5660 - acc: 0.7904
1344/1424 [===========================>..] - ETA: 0s - loss: 0.5765 - acc: 0.7872
1376/1424 [===========================>..] - ETA: 0s - loss: 0.5875 - acc: 0.7885
1408/1424 [============================>.] - ETA: 0s - loss: 0.5921 - acc: 0.7891
1424/1424 [==============================] - 12s 8ms/step - loss: 0.5917 - acc: 0.7893 - val_loss: 0.5067 - val_acc: 0.8390
Train on 1424 samples, validate on 708 samples
Epoch 1/1

  32/1424 [..............................] - ETA: 8s - loss: 0.5059 - acc: 0.8438
  64/1424 [>.............................] - ETA: 8s - loss: 0.7280 - acc: 0.8125
  96/1424 [=>............................] - ETA: 8s - loss: 0.6811 - acc: 0.7917
 128/1424 [=>............................] - ETA: 8s - loss: 0.6732 - acc: 0.7656
 160/1424 [==>...........................] - ETA: 7s - loss: 0.6378 - acc: 0.7562
 192/1424 [===>..........................] - ETA: 7s - loss: 0.6246 - acc: 0.7656
 224/1424 [===>..........................] - ETA: 7s - loss: 0.5927 - acc: 0.7679
 256/1424 [====>.........................] - ETA: 7s - loss: 0.6645 - acc: 0.7422
 288/1424 [=====>........................] - ETA: 7s - loss: 0.6559 - acc: 0.7326
 320/1424 [=====>........................] - ETA: 6s - loss: 0.6424 - acc: 0.7281
 352/1424 [======>.......................] - ETA: 6s - loss: 0.6465 - acc: 0.7188
 384/1424 [=======>......................] - ETA: 6s - loss: 0.6367 - acc: 0.7188
 416/1424 [=======>......................] - ETA: 6s - loss: 0.6306 - acc: 0.7139
 448/1424 [========>.....................] - ETA: 6s - loss: 0.6240 - acc: 0.7165
 480/1424 [=========>....................] - ETA: 5s - loss: 0.6245 - acc: 0.7104
 512/1424 [=========>....................] - ETA: 5s - loss: 0.6229 - acc: 0.7070
 544/1424 [==========>...................] - ETA: 5s - loss: 0.6188 - acc: 0.7059
 576/1424 [===========>..................] - ETA: 5s - loss: 0.6177 - acc: 0.7049
 608/1424 [===========>..................] - ETA: 5s - loss: 0.6111 - acc: 0.7105
 640/1424 [============>.................] - ETA: 4s - loss: 0.6070 - acc: 0.7156
 672/1424 [=============>................] - ETA: 4s - loss: 0.6122 - acc: 0.7217
 704/1424 [=============>................] - ETA: 4s - loss: 0.6088 - acc: 0.7244
 736/1424 [==============>...............] - ETA: 4s - loss: 0.6192 - acc: 0.7242
 768/1424 [===============>..............] - ETA: 4s - loss: 0.6190 - acc: 0.7253
 800/1424 [===============>..............] - ETA: 3s - loss: 0.6160 - acc: 0.7275
 832/1424 [================>.............] - ETA: 3s - loss: 0.6133 - acc: 0.7260
 864/1424 [=================>............] - ETA: 3s - loss: 0.6113 - acc: 0.7303
 896/1424 [=================>............] - ETA: 3s - loss: 0.6112 - acc: 0.7310
 928/1424 [==================>...........] - ETA: 3s - loss: 0.6098 - acc: 0.7360
 960/1424 [===================>..........] - ETA: 2s - loss: 0.6089 - acc: 0.7396
 992/1424 [===================>..........] - ETA: 2s - loss: 0.6076 - acc: 0.7389
1024/1424 [====================>.........] - ETA: 2s - loss: 0.6069 - acc: 0.7402
1056/1424 [=====================>........] - ETA: 2s - loss: 0.6166 - acc: 0.7405
1088/1424 [=====================>........] - ETA: 2s - loss: 0.6167 - acc: 0.7408
1120/1424 [======================>.......] - ETA: 1s - loss: 0.6176 - acc: 0.7366
1152/1424 [=======================>......] - ETA: 1s - loss: 0.6158 - acc: 0.7405
1184/1424 [=======================>......] - ETA: 1s - loss: 0.6158 - acc: 0.7407
1216/1424 [========================>.....] - ETA: 1s - loss: 0.6143 - acc: 0.7434
1248/1424 [=========================>....] - ETA: 1s - loss: 0.6133 - acc: 0.7452
1280/1424 [=========================>....] - ETA: 0s - loss: 0.6120 - acc: 0.7477
1312/1424 [==========================>...] - ETA: 0s - loss: 0.6112 - acc: 0.7492
1344/1424 [===========================>..] - ETA: 0s - loss: 0.6100 - acc: 0.7507
1376/1424 [===========================>..] - ETA: 0s - loss: 0.6085 - acc: 0.7529
1408/1424 [============================>.] - ETA: 0s - loss: 0.6072 - acc: 0.7536
1424/1424 [==============================] - 12s 8ms/step - loss: 0.6068 - acc: 0.7542 - val_loss: 0.5735 - val_acc: 0.8305
Train on 1424 samples, validate on 708 samples
Epoch 1/1

  32/1424 [..............................] - ETA: 8s - loss: 0.5879 - acc: 0.8125
  64/1424 [>.............................] - ETA: 8s - loss: 0.5971 - acc: 0.7656
  96/1424 [=>............................] - ETA: 8s - loss: 0.6041 - acc: 0.7500
 128/1424 [=>............................] - ETA: 8s - loss: 0.5845 - acc: 0.7812
 160/1424 [==>...........................] - ETA: 7s - loss: 0.5769 - acc: 0.7750
 192/1424 [===>..........................] - ETA: 7s - loss: 0.5750 - acc: 0.7865
 224/1424 [===>..........................] - ETA: 7s - loss: 0.5670 - acc: 0.7946
 256/1424 [====>.........................] - ETA: 7s - loss: 0.5672 - acc: 0.8008
 288/1424 [=====>........................] - ETA: 7s - loss: 0.5617 - acc: 0.8090
 320/1424 [=====>........................] - ETA: 6s - loss: 0.5645 - acc: 0.8125
 352/1424 [======>.......................] - ETA: 6s - loss: 0.5604 - acc: 0.8125
 384/1424 [=======>......................] - ETA: 6s - loss: 0.5567 - acc: 0.8047
 416/1424 [=======>......................] - ETA: 6s - loss: 0.5560 - acc: 0.8005
 448/1424 [========>.....................] - ETA: 6s - loss: 0.5655 - acc: 0.7879
 480/1424 [=========>....................] - ETA: 5s - loss: 0.5648 - acc: 0.7812
 512/1424 [=========>....................] - ETA: 5s - loss: 0.5660 - acc: 0.7734
 544/1424 [==========>...................] - ETA: 5s - loss: 0.5642 - acc: 0.7757
 576/1424 [===========>..................] - ETA: 5s - loss: 0.5662 - acc: 0.7778
 608/1424 [===========>..................] - ETA: 5s - loss: 0.5668 - acc: 0.7796
 640/1424 [============>.................] - ETA: 4s - loss: 0.5638 - acc: 0.7797
 672/1424 [=============>................] - ETA: 4s - loss: 0.5626 - acc: 0.7798
 704/1424 [=============>................] - ETA: 4s - loss: 0.5587 - acc: 0.7770
 736/1424 [==============>...............] - ETA: 4s - loss: 0.5604 - acc: 0.7745
 768/1424 [===============>..............] - ETA: 4s - loss: 0.5566 - acc: 0.7812
 800/1424 [===============>..............] - ETA: 3s - loss: 0.5585 - acc: 0.7825
 832/1424 [================>.............] - ETA: 3s - loss: 0.5617 - acc: 0.7788
 864/1424 [=================>............] - ETA: 3s - loss: 0.5611 - acc: 0.7778
 896/1424 [=================>............] - ETA: 3s - loss: 0.5576 - acc: 0.7812
 928/1424 [==================>...........] - ETA: 3s - loss: 0.5576 - acc: 0.7791
 960/1424 [===================>..........] - ETA: 2s - loss: 0.5563 - acc: 0.7792
 992/1424 [===================>..........] - ETA: 2s - loss: 0.5559 - acc: 0.7802
1024/1424 [====================>.........] - ETA: 2s - loss: 0.5561 - acc: 0.7793
1056/1424 [=====================>........] - ETA: 2s - loss: 0.5530 - acc: 0.7831
1088/1424 [=====================>........] - ETA: 2s - loss: 0.5516 - acc: 0.7849
1120/1424 [======================>.......] - ETA: 1s - loss: 0.5528 - acc: 0.7830
1152/1424 [=======================>......] - ETA: 1s - loss: 0.5521 - acc: 0.7839
1184/1424 [=======================>......] - ETA: 1s - loss: 0.5533 - acc: 0.7829
1216/1424 [========================>.....] - ETA: 1s - loss: 0.5515 - acc: 0.7821
1248/1424 [=========================>....] - ETA: 1s - loss: 0.5609 - acc: 0.7837
1280/1424 [=========================>....] - ETA: 0s - loss: 0.5577 - acc: 0.7844
1312/1424 [==========================>...] - ETA: 0s - loss: 0.5581 - acc: 0.7828
1344/1424 [===========================>..] - ETA: 0s - loss: 0.5546 - acc: 0.7850
1376/1424 [===========================>..] - ETA: 0s - loss: 0.5589 - acc: 0.7798
1408/1424 [============================>.] - ETA: 0s - loss: 0.5577 - acc: 0.7791
1424/1424 [==============================] - 12s 8ms/step - loss: 0.5554 - acc: 0.7802 - val_loss: 0.4773 - val_acc: 0.8263
Train on 1424 samples, validate on 708 samples
Epoch 1/1

  32/1424 [..............................] - ETA: 9s - loss: 0.5137 - acc: 0.8125
  64/1424 [>.............................] - ETA: 9s - loss: 0.6406 - acc: 0.8125
  96/1424 [=>............................] - ETA: 8s - loss: 0.5862 - acc: 0.8125
 128/1424 [=>............................] - ETA: 8s - loss: 0.5489 - acc: 0.8047
 160/1424 [==>...........................] - ETA: 8s - loss: 0.5408 - acc: 0.8063
 192/1424 [===>..........................] - ETA: 7s - loss: 0.5249 - acc: 0.8073
 224/1424 [===>..........................] - ETA: 7s - loss: 0.5180 - acc: 0.7991
 256/1424 [====>.........................] - ETA: 7s - loss: 0.5093 - acc: 0.8047
 288/1424 [=====>........................] - ETA: 7s - loss: 0.5002 - acc: 0.8090
 320/1424 [=====>........................] - ETA: 6s - loss: 0.5444 - acc: 0.8031
 352/1424 [======>.......................] - ETA: 6s - loss: 0.5375 - acc: 0.8011
 384/1424 [=======>......................] - ETA: 6s - loss: 0.5328 - acc: 0.8047
 416/1424 [=======>......................] - ETA: 6s - loss: 0.5281 - acc: 0.8029
 448/1424 [========>.....................] - ETA: 6s - loss: 0.5546 - acc: 0.8036
 480/1424 [=========>....................] - ETA: 5s - loss: 0.5513 - acc: 0.7979
 512/1424 [=========>....................] - ETA: 5s - loss: 0.5499 - acc: 0.7910
 544/1424 [==========>...................] - ETA: 5s - loss: 0.5380 - acc: 0.7978
 576/1424 [===========>..................] - ETA: 5s - loss: 0.5370 - acc: 0.7882
 608/1424 [===========>..................] - ETA: 5s - loss: 0.5329 - acc: 0.7878
 640/1424 [============>.................] - ETA: 4s - loss: 0.5273 - acc: 0.7906
 672/1424 [=============>................] - ETA: 4s - loss: 0.5316 - acc: 0.7887
 704/1424 [=============>................] - ETA: 4s - loss: 0.5262 - acc: 0.7940
 736/1424 [==============>...............] - ETA: 4s - loss: 0.5234 - acc: 0.7935
 768/1424 [===============>..............] - ETA: 4s - loss: 0.5118 - acc: 0.8008
 800/1424 [===============>..............] - ETA: 3s - loss: 0.5153 - acc: 0.7975
 832/1424 [================>.............] - ETA: 3s - loss: 0.5092 - acc: 0.8005
 864/1424 [=================>............] - ETA: 3s - loss: 0.5147 - acc: 0.7951
 896/1424 [=================>............] - ETA: 3s - loss: 0.5116 - acc: 0.7969
 928/1424 [==================>...........] - ETA: 3s - loss: 0.5140 - acc: 0.7953
 960/1424 [===================>..........] - ETA: 2s - loss: 0.5074 - acc: 0.8000
 992/1424 [===================>..........] - ETA: 2s - loss: 0.5029 - acc: 0.8024
1024/1424 [====================>.........] - ETA: 2s - loss: 0.5028 - acc: 0.8018
1056/1424 [=====================>........] - ETA: 2s - loss: 0.5018 - acc: 0.8002
1088/1424 [=====================>........] - ETA: 2s - loss: 0.5129 - acc: 0.7941
1120/1424 [======================>.......] - ETA: 1s - loss: 0.5137 - acc: 0.7920
1152/1424 [=======================>......] - ETA: 1s - loss: 0.5190 - acc: 0.7917
1184/1424 [=======================>......] - ETA: 1s - loss: 0.5295 - acc: 0.7872
1216/1424 [========================>.....] - ETA: 1s - loss: 0.5408 - acc: 0.7812
1248/1424 [=========================>....] - ETA: 1s - loss: 0.5558 - acc: 0.7716
1280/1424 [=========================>....] - ETA: 0s - loss: 0.5597 - acc: 0.7664
1312/1424 [==========================>...] - ETA: 0s - loss: 0.5678 - acc: 0.7591
1344/1424 [===========================>..] - ETA: 0s - loss: 0.5728 - acc: 0.7530
1376/1424 [===========================>..] - ETA: 0s - loss: 0.5768 - acc: 0.7485
1408/1424 [============================>.] - ETA: 0s - loss: 0.5795 - acc: 0.7443
1424/1424 [==============================] - 12s 8ms/step - loss: 0.5832 - acc: 0.7402 - val_loss: 0.6179 - val_acc: 0.5975
Train on 1424 samples, validate on 708 samples
Epoch 1/1

  32/1424 [..............................] - ETA: 8s - loss: 0.6854 - acc: 0.4688
  64/1424 [>.............................] - ETA: 8s - loss: 0.6932 - acc: 0.5469
  96/1424 [=>............................] - ETA: 8s - loss: 0.6755 - acc: 0.5729
 128/1424 [=>............................] - ETA: 8s - loss: 0.6821 - acc: 0.6094
 160/1424 [==>...........................] - ETA: 7s - loss: 0.6517 - acc: 0.6250
 192/1424 [===>..........................] - ETA: 7s - loss: 0.6385 - acc: 0.6458
 224/1424 [===>..........................] - ETA: 7s - loss: 0.6249 - acc: 0.6562
 256/1424 [====>.........................] - ETA: 7s - loss: 0.6236 - acc: 0.6484
 288/1424 [=====>........................] - ETA: 7s - loss: 0.6159 - acc: 0.6597
 320/1424 [=====>........................] - ETA: 6s - loss: 0.6232 - acc: 0.6594
 352/1424 [======>.......................] - ETA: 6s - loss: 0.6193 - acc: 0.6648
 384/1424 [=======>......................] - ETA: 6s - loss: 0.6137 - acc: 0.6719
 416/1424 [=======>......................] - ETA: 6s - loss: 0.6130 - acc: 0.6803
 448/1424 [========>.....................] - ETA: 6s - loss: 0.6101 - acc: 0.6920
 480/1424 [=========>....................] - ETA: 5s - loss: 0.6059 - acc: 0.7000
 512/1424 [=========>....................] - ETA: 5s - loss: 0.6073 - acc: 0.7031
 544/1424 [==========>...................] - ETA: 5s - loss: 0.6067 - acc: 0.7004
 576/1424 [===========>..................] - ETA: 5s - loss: 0.6080 - acc: 0.6962
 608/1424 [===========>..................] - ETA: 5s - loss: 0.6092 - acc: 0.6974
 640/1424 [============>.................] - ETA: 4s - loss: 0.6067 - acc: 0.7016
 672/1424 [=============>................] - ETA: 4s - loss: 0.6063 - acc: 0.7039
 704/1424 [=============>................] - ETA: 4s - loss: 0.6049 - acc: 0.7102
 736/1424 [==============>...............] - ETA: 4s - loss: 0.6024 - acc: 0.7174
 768/1424 [===============>..............] - ETA: 4s - loss: 0.6018 - acc: 0.7227
 800/1424 [===============>..............] - ETA: 3s - loss: 0.6002 - acc: 0.7288
 832/1424 [================>.............] - ETA: 3s - loss: 0.6005 - acc: 0.7308
 864/1424 [=================>............] - ETA: 3s - loss: 0.5997 - acc: 0.7315
 896/1424 [=================>............] - ETA: 3s - loss: 0.6003 - acc: 0.7310
 928/1424 [==================>...........] - ETA: 3s - loss: 0.5981 - acc: 0.7338
 960/1424 [===================>..........] - ETA: 2s - loss: 0.5952 - acc: 0.7375
 992/1424 [===================>..........] - ETA: 2s - loss: 0.5967 - acc: 0.7329
1024/1424 [====================>.........] - ETA: 2s - loss: 0.5944 - acc: 0.7363
1056/1424 [=====================>........] - ETA: 2s - loss: 0.5939 - acc: 0.7367
1088/1424 [=====================>........] - ETA: 2s - loss: 0.5921 - acc: 0.7408
1120/1424 [======================>.......] - ETA: 1s - loss: 0.5895 - acc: 0.7455
1152/1424 [=======================>......] - ETA: 1s - loss: 0.5898 - acc: 0.7439
1184/1424 [=======================>......] - ETA: 1s - loss: 0.5896 - acc: 0.7441
1216/1424 [========================>.....] - ETA: 1s - loss: 0.5886 - acc: 0.7467
1248/1424 [=========================>....] - ETA: 1s - loss: 0.5909 - acc: 0.7436
1280/1424 [=========================>....] - ETA: 0s - loss: 0.5897 - acc: 0.7461
1312/1424 [==========================>...] - ETA: 0s - loss: 0.5899 - acc: 0.7447
1344/1424 [===========================>..] - ETA: 0s - loss: 0.5895 - acc: 0.7448
1376/1424 [===========================>..] - ETA: 0s - loss: 0.5885 - acc: 0.7449
1408/1424 [============================>.] - ETA: 0s - loss: 0.5882 - acc: 0.7443
1424/1424 [==============================] - 12s 8ms/step - loss: 0.5878 - acc: 0.7444 - val_loss: 0.5471 - val_acc: 0.8178
Train on 1424 samples, validate on 708 samples
Epoch 1/1

  32/1424 [..............................] - ETA: 8s - loss: 0.4973 - acc: 0.8750
  64/1424 [>.............................] - ETA: 8s - loss: 0.4829 - acc: 0.8438
  96/1424 [=>............................] - ETA: 8s - loss: 0.5003 - acc: 0.8021
 128/1424 [=>............................] - ETA: 8s - loss: 0.5332 - acc: 0.7891
 160/1424 [==>...........................] - ETA: 7s - loss: 0.5346 - acc: 0.7875
 192/1424 [===>..........................] - ETA: 7s - loss: 0.5524 - acc: 0.7552
 224/1424 [===>..........................] - ETA: 7s - loss: 0.5558 - acc: 0.7634
 256/1424 [====>.........................] - ETA: 7s - loss: 0.5549 - acc: 0.7695
 288/1424 [=====>........................] - ETA: 7s - loss: 0.5636 - acc: 0.7812
 320/1424 [=====>........................] - ETA: 6s - loss: 0.5525 - acc: 0.7906
 352/1424 [======>.......................] - ETA: 6s - loss: 0.5471 - acc: 0.7926
 384/1424 [=======>......................] - ETA: 6s - loss: 0.5483 - acc: 0.7891
 416/1424 [=======>......................] - ETA: 6s - loss: 0.5455 - acc: 0.7909
 448/1424 [========>.....................] - ETA: 6s - loss: 0.5477 - acc: 0.7746
 480/1424 [=========>....................] - ETA: 5s - loss: 0.5442 - acc: 0.7833
 512/1424 [=========>....................] - ETA: 5s - loss: 0.5427 - acc: 0.7871
 544/1424 [==========>...................] - ETA: 5s - loss: 0.5351 - acc: 0.7904
 576/1424 [===========>..................] - ETA: 5s - loss: 0.5379 - acc: 0.7795
 608/1424 [===========>..................] - ETA: 5s - loss: 0.5320 - acc: 0.7845
 640/1424 [============>.................] - ETA: 4s - loss: 0.5336 - acc: 0.7859
 672/1424 [=============>................] - ETA: 4s - loss: 0.5502 - acc: 0.7902
 704/1424 [=============>................] - ETA: 4s - loss: 0.5466 - acc: 0.7898
 736/1424 [==============>...............] - ETA: 4s - loss: 0.5416 - acc: 0.7921
 768/1424 [===============>..............] - ETA: 4s - loss: 0.5386 - acc: 0.7904
 800/1424 [===============>..............] - ETA: 3s - loss: 0.5342 - acc: 0.7925
 832/1424 [================>.............] - ETA: 3s - loss: 0.5284 - acc: 0.7921
 864/1424 [=================>............] - ETA: 3s - loss: 0.5424 - acc: 0.7928
 896/1424 [=================>............] - ETA: 3s - loss: 0.5375 - acc: 0.7924
 928/1424 [==================>...........] - ETA: 3s - loss: 0.5503 - acc: 0.7942
 960/1424 [===================>..........] - ETA: 2s - loss: 0.5518 - acc: 0.7917
 992/1424 [===================>..........] - ETA: 2s - loss: 0.5494 - acc: 0.7913
1024/1424 [====================>.........] - ETA: 2s - loss: 0.5466 - acc: 0.7900
1056/1424 [=====================>........] - ETA: 2s - loss: 0.5426 - acc: 0.7888
1088/1424 [=====================>........] - ETA: 2s - loss: 0.5414 - acc: 0.7904
1120/1424 [======================>.......] - ETA: 1s - loss: 0.5549 - acc: 0.7893
1152/1424 [=======================>......] - ETA: 1s - loss: 0.5629 - acc: 0.7908
1184/1424 [=======================>......] - ETA: 1s - loss: 0.5735 - acc: 0.7905
1216/1424 [========================>.....] - ETA: 1s - loss: 0.5818 - acc: 0.7919
1248/1424 [=========================>....] - ETA: 1s - loss: 0.5882 - acc: 0.7925
1280/1424 [=========================>....] - ETA: 0s - loss: 0.5977 - acc: 0.7930
1312/1424 [==========================>...] - ETA: 0s - loss: 0.5944 - acc: 0.7912
1344/1424 [===========================>..] - ETA: 0s - loss: 0.5959 - acc: 0.7909
1376/1424 [===========================>..] - ETA: 0s - loss: 0.5971 - acc: 0.7892
1408/1424 [============================>.] - ETA: 0s - loss: 0.5940 - acc: 0.7891
1424/1424 [==============================] - 12s 8ms/step - loss: 0.5922 - acc: 0.7893 - val_loss: 0.4636 - val_acc: 0.8263
Train on 1424 samples, validate on 708 samples
Epoch 1/1

  32/1424 [..............................] - ETA: 8s - loss: 0.4782 - acc: 0.7500
  64/1424 [>.............................] - ETA: 8s - loss: 0.6154 - acc: 0.7344
  96/1424 [=>............................] - ETA: 8s - loss: 0.7294 - acc: 0.7500
 128/1424 [=>............................] - ETA: 8s - loss: 0.6737 - acc: 0.7500
 160/1424 [==>...........................] - ETA: 7s - loss: 0.6596 - acc: 0.7438
 192/1424 [===>..........................] - ETA: 7s - loss: 0.6093 - acc: 0.7604
 224/1424 [===>..........................] - ETA: 7s - loss: 0.5904 - acc: 0.7723
 256/1424 [====>.........................] - ETA: 7s - loss: 0.5999 - acc: 0.7695
 288/1424 [=====>........................] - ETA: 7s - loss: 0.5742 - acc: 0.7743
 320/1424 [=====>........................] - ETA: 6s - loss: 0.5680 - acc: 0.7719
 352/1424 [======>.......................] - ETA: 6s - loss: 0.6069 - acc: 0.7670
 384/1424 [=======>......................] - ETA: 6s - loss: 0.5956 - acc: 0.7786
 416/1424 [=======>......................] - ETA: 6s - loss: 0.5891 - acc: 0.7788
 448/1424 [========>.....................] - ETA: 6s - loss: 0.5868 - acc: 0.7746
 480/1424 [=========>....................] - ETA: 5s - loss: 0.5862 - acc: 0.7750
 512/1424 [=========>....................] - ETA: 5s - loss: 0.5774 - acc: 0.7734
 544/1424 [==========>...................] - ETA: 5s - loss: 0.5705 - acc: 0.7776
 576/1424 [===========>..................] - ETA: 5s - loss: 0.5682 - acc: 0.7743
 608/1424 [===========>..................] - ETA: 5s - loss: 0.5607 - acc: 0.7763
 640/1424 [============>.................] - ETA: 4s - loss: 0.5627 - acc: 0.7734
 672/1424 [=============>................] - ETA: 4s - loss: 0.5617 - acc: 0.7738
 704/1424 [=============>................] - ETA: 4s - loss: 0.5544 - acc: 0.7784
 736/1424 [==============>...............] - ETA: 4s - loss: 0.5492 - acc: 0.7799
 768/1424 [===============>..............] - ETA: 4s - loss: 0.5422 - acc: 0.7826
 800/1424 [===============>..............] - ETA: 3s - loss: 0.5370 - acc: 0.7850
 832/1424 [================>.............] - ETA: 3s - loss: 0.5329 - acc: 0.7861
 864/1424 [=================>............] - ETA: 3s - loss: 0.5317 - acc: 0.7847
 896/1424 [=================>............] - ETA: 3s - loss: 0.5317 - acc: 0.7846
 928/1424 [==================>...........] - ETA: 3s - loss: 0.5254 - acc: 0.7877
 960/1424 [===================>..........] - ETA: 2s - loss: 0.5250 - acc: 0.7865
 992/1424 [===================>..........] - ETA: 2s - loss: 0.5244 - acc: 0.7883
1024/1424 [====================>.........] - ETA: 2s - loss: 0.5235 - acc: 0.7891
1056/1424 [=====================>........] - ETA: 2s - loss: 0.5350 - acc: 0.7879
1088/1424 [=====================>........] - ETA: 2s - loss: 0.5332 - acc: 0.7868
1120/1424 [======================>.......] - ETA: 1s - loss: 0.5310 - acc: 0.7884
1152/1424 [=======================>......] - ETA: 1s - loss: 0.5289 - acc: 0.7873
1184/1424 [=======================>......] - ETA: 1s - loss: 0.5266 - acc: 0.7880
1216/1424 [========================>.....] - ETA: 1s - loss: 0.5369 - acc: 0.7878
1248/1424 [=========================>....] - ETA: 1s - loss: 0.5356 - acc: 0.7885
1280/1424 [=========================>....] - ETA: 0s - loss: 0.5466 - acc: 0.7844
1312/1424 [==========================>...] - ETA: 0s - loss: 0.5469 - acc: 0.7828
1344/1424 [===========================>..] - ETA: 0s - loss: 0.5449 - acc: 0.7857
1376/1424 [===========================>..] - ETA: 0s - loss: 0.5424 - acc: 0.7878
1408/1424 [============================>.] - ETA: 0s - loss: 0.5410 - acc: 0.7876
1424/1424 [==============================] - 12s 8ms/step - loss: 0.5405 - acc: 0.7872 - val_loss: 0.4734 - val_acc: 0.8263
Train on 1424 samples, validate on 708 samples
Epoch 1/1

  32/1424 [..............................] - ETA: 8s - loss: 0.5289 - acc: 0.7188
  64/1424 [>.............................] - ETA: 8s - loss: 0.4969 - acc: 0.7188
  96/1424 [=>............................] - ETA: 8s - loss: 0.4866 - acc: 0.7604
 128/1424 [=>............................] - ETA: 8s - loss: 0.5139 - acc: 0.7188
 160/1424 [==>...........................] - ETA: 7s - loss: 0.5027 - acc: 0.7438
 192/1424 [===>..........................] - ETA: 7s - loss: 0.4895 - acc: 0.7604
 224/1424 [===>..........................] - ETA: 7s - loss: 0.4851 - acc: 0.7589
 256/1424 [====>.........................] - ETA: 7s - loss: 0.4896 - acc: 0.7656
 288/1424 [=====>........................] - ETA: 7s - loss: 0.4841 - acc: 0.7708
 320/1424 [=====>........................] - ETA: 6s - loss: 0.4938 - acc: 0.7688
 352/1424 [======>.......................] - ETA: 6s - loss: 0.4977 - acc: 0.7727
 384/1424 [=======>......................] - ETA: 6s - loss: 0.5033 - acc: 0.7656
 416/1424 [=======>......................] - ETA: 6s - loss: 0.5078 - acc: 0.7668
 448/1424 [========>.....................] - ETA: 6s - loss: 0.5054 - acc: 0.7723
 480/1424 [=========>....................] - ETA: 5s - loss: 0.5048 - acc: 0.7750
 512/1424 [=========>....................] - ETA: 5s - loss: 0.5045 - acc: 0.7734
 544/1424 [==========>...................] - ETA: 5s - loss: 0.5040 - acc: 0.7702
 576/1424 [===========>..................] - ETA: 5s - loss: 0.4979 - acc: 0.7778
 608/1424 [===========>..................] - ETA: 5s - loss: 0.4965 - acc: 0.7763
 640/1424 [============>.................] - ETA: 4s - loss: 0.4967 - acc: 0.7750
 672/1424 [=============>................] - ETA: 4s - loss: 0.4983 - acc: 0.7723
 704/1424 [=============>................] - ETA: 4s - loss: 0.5002 - acc: 0.7699
 736/1424 [==============>...............] - ETA: 4s - loss: 0.4985 - acc: 0.7717
 768/1424 [===============>..............] - ETA: 4s - loss: 0.5016 - acc: 0.7708
 800/1424 [===============>..............] - ETA: 3s - loss: 0.5025 - acc: 0.7712
 832/1424 [================>.............] - ETA: 3s - loss: 0.5036 - acc: 0.7656
 864/1424 [=================>............] - ETA: 3s - loss: 0.5041 - acc: 0.7662
 896/1424 [=================>............] - ETA: 3s - loss: 0.5040 - acc: 0.7679
 928/1424 [==================>...........] - ETA: 3s - loss: 0.4986 - acc: 0.7716
 960/1424 [===================>..........] - ETA: 2s - loss: 0.4974 - acc: 0.7740
 992/1424 [===================>..........] - ETA: 2s - loss: 0.4971 - acc: 0.7742
1024/1424 [====================>.........] - ETA: 2s - loss: 0.4967 - acc: 0.7725
1056/1424 [=====================>........] - ETA: 2s - loss: 0.4955 - acc: 0.7727
1088/1424 [=====================>........] - ETA: 2s - loss: 0.4926 - acc: 0.7748
1120/1424 [======================>.......] - ETA: 1s - loss: 0.4924 - acc: 0.7732
1152/1424 [=======================>......] - ETA: 1s - loss: 0.4883 - acc: 0.7760
1184/1424 [=======================>......] - ETA: 1s - loss: 0.4876 - acc: 0.7762
1216/1424 [========================>.....] - ETA: 1s - loss: 0.4865 - acc: 0.7763
1248/1424 [=========================>....] - ETA: 1s - loss: 0.4875 - acc: 0.7748
1280/1424 [=========================>....] - ETA: 0s - loss: 0.4917 - acc: 0.7742
1312/1424 [==========================>...] - ETA: 0s - loss: 0.4915 - acc: 0.7759
1344/1424 [===========================>..] - ETA: 0s - loss: 0.4914 - acc: 0.7783
1376/1424 [===========================>..] - ETA: 0s - loss: 0.4912 - acc: 0.7769
1408/1424 [============================>.] - ETA: 0s - loss: 0.4911 - acc: 0.7770
1424/1424 [==============================] - 12s 8ms/step - loss: 0.4902 - acc: 0.7781 - val_loss: 0.4563 - val_acc: 0.8305
Train on 1424 samples, validate on 708 samples
Epoch 1/1

  32/1424 [..............................] - ETA: 9s - loss: 0.4103 - acc: 0.9062
  64/1424 [>.............................] - ETA: 8s - loss: 0.4343 - acc: 0.8594
  96/1424 [=>............................] - ETA: 8s - loss: 0.4352 - acc: 0.8542
 128/1424 [=>............................] - ETA: 8s - loss: 0.4492 - acc: 0.8281
 160/1424 [==>...........................] - ETA: 8s - loss: 0.4340 - acc: 0.8375
 192/1424 [===>..........................] - ETA: 7s - loss: 0.4239 - acc: 0.8385
 224/1424 [===>..........................] - ETA: 7s - loss: 0.4264 - acc: 0.8348
 256/1424 [====>.........................] - ETA: 7s - loss: 0.4320 - acc: 0.8203
 288/1424 [=====>........................] - ETA: 7s - loss: 0.4279 - acc: 0.8194
 320/1424 [=====>........................] - ETA: 6s - loss: 0.4274 - acc: 0.8187
 352/1424 [======>.......................] - ETA: 6s - loss: 0.4421 - acc: 0.8011
 384/1424 [=======>......................] - ETA: 6s - loss: 0.4406 - acc: 0.8047
 416/1424 [=======>......................] - ETA: 6s - loss: 0.4423 - acc: 0.8053
 448/1424 [========>.....................] - ETA: 6s - loss: 0.4403 - acc: 0.8058
 480/1424 [=========>....................] - ETA: 5s - loss: 0.4472 - acc: 0.8063
 512/1424 [=========>....................] - ETA: 5s - loss: 0.4492 - acc: 0.8027
 544/1424 [==========>...................] - ETA: 5s - loss: 0.4493 - acc: 0.8015
 576/1424 [===========>..................] - ETA: 5s - loss: 0.4455 - acc: 0.8056
 608/1424 [===========>..................] - ETA: 5s - loss: 0.4489 - acc: 0.8043
 640/1424 [============>.................] - ETA: 4s - loss: 0.4637 - acc: 0.8016
 672/1424 [=============>................] - ETA: 4s - loss: 0.4594 - acc: 0.8036
 704/1424 [=============>................] - ETA: 4s - loss: 0.4587 - acc: 0.8026
 736/1424 [==============>...............] - ETA: 4s - loss: 0.4622 - acc: 0.8003
 768/1424 [===============>..............] - ETA: 4s - loss: 0.4598 - acc: 0.8008
 800/1424 [===============>..............] - ETA: 3s - loss: 0.4603 - acc: 0.8025
 832/1424 [================>.............] - ETA: 3s - loss: 0.4583 - acc: 0.8041
 864/1424 [=================>............] - ETA: 3s - loss: 0.4618 - acc: 0.8021
 896/1424 [=================>............] - ETA: 3s - loss: 0.4611 - acc: 0.8025
 928/1424 [==================>...........] - ETA: 3s - loss: 0.4574 - acc: 0.8039
 960/1424 [===================>..........] - ETA: 2s - loss: 0.4806 - acc: 0.7990
 992/1424 [===================>..........] - ETA: 2s - loss: 0.4802 - acc: 0.8004
1024/1424 [====================>.........] - ETA: 2s - loss: 0.4816 - acc: 0.8008
1056/1424 [=====================>........] - ETA: 2s - loss: 0.4936 - acc: 0.8011
1088/1424 [=====================>........] - ETA: 2s - loss: 0.4889 - acc: 0.8033
1120/1424 [======================>.......] - ETA: 1s - loss: 0.4907 - acc: 0.8009
1152/1424 [=======================>......] - ETA: 1s - loss: 0.4889 - acc: 0.8012
1184/1424 [=======================>......] - ETA: 1s - loss: 0.4920 - acc: 0.7981
1216/1424 [========================>.....] - ETA: 1s - loss: 0.4915 - acc: 0.7977
1248/1424 [=========================>....] - ETA: 1s - loss: 0.4911 - acc: 0.7981
1280/1424 [=========================>....] - ETA: 0s - loss: 0.5042 - acc: 0.7969
1312/1424 [==========================>...] - ETA: 0s - loss: 0.5006 - acc: 0.7988
1344/1424 [===========================>..] - ETA: 0s - loss: 0.4994 - acc: 0.7991
1376/1424 [===========================>..] - ETA: 0s - loss: 0.4978 - acc: 0.7994
1408/1424 [============================>.] - ETA: 0s - loss: 0.4966 - acc: 0.7997
1424/1424 [==============================] - 12s 8ms/step - loss: 0.4961 - acc: 0.8006 - val_loss: 0.4506 - val_acc: 0.8319
Train on 1424 samples, validate on 708 samples
Epoch 1/1

  32/1424 [..............................] - ETA: 8s - loss: 0.4125 - acc: 0.8438
  64/1424 [>.............................] - ETA: 8s - loss: 0.4438 - acc: 0.8125
  96/1424 [=>............................] - ETA: 8s - loss: 0.4116 - acc: 0.8438
 128/1424 [=>............................] - ETA: 8s - loss: 0.4834 - acc: 0.8047
 160/1424 [==>...........................] - ETA: 7s - loss: 0.4645 - acc: 0.8125
 192/1424 [===>..........................] - ETA: 7s - loss: 0.4692 - acc: 0.8021
 224/1424 [===>..........................] - ETA: 7s - loss: 0.4574 - acc: 0.8080
 256/1424 [====>.........................] - ETA: 7s - loss: 0.4582 - acc: 0.7969
 288/1424 [=====>........................] - ETA: 7s - loss: 0.4671 - acc: 0.7951
 320/1424 [=====>........................] - ETA: 6s - loss: 0.4654 - acc: 0.7937
 352/1424 [======>.......................] - ETA: 6s - loss: 0.4600 - acc: 0.7898
 384/1424 [=======>......................] - ETA: 6s - loss: 0.4809 - acc: 0.7760
 416/1424 [=======>......................] - ETA: 6s - loss: 0.4798 - acc: 0.7740
 448/1424 [========>.....................] - ETA: 6s - loss: 0.4917 - acc: 0.7723
 480/1424 [=========>....................] - ETA: 5s - loss: 0.4816 - acc: 0.7812
 512/1424 [=========>....................] - ETA: 5s - loss: 0.4761 - acc: 0.7871
 544/1424 [==========>...................] - ETA: 5s - loss: 0.4736 - acc: 0.7923
 576/1424 [===========>..................] - ETA: 5s - loss: 0.4693 - acc: 0.7951
 608/1424 [===========>..................] - ETA: 5s - loss: 0.4719 - acc: 0.7928
 640/1424 [============>.................] - ETA: 4s - loss: 0.4680 - acc: 0.7984
 672/1424 [=============>................] - ETA: 4s - loss: 0.4678 - acc: 0.7991
 704/1424 [=============>................] - ETA: 4s - loss: 0.4744 - acc: 0.7926
 736/1424 [==============>...............] - ETA: 4s - loss: 0.4728 - acc: 0.7921
 768/1424 [===============>..............] - ETA: 4s - loss: 0.4747 - acc: 0.7891
 800/1424 [===============>..............] - ETA: 3s - loss: 0.4751 - acc: 0.7900
 832/1424 [================>.............] - ETA: 3s - loss: 0.4798 - acc: 0.7873
 864/1424 [=================>............] - ETA: 3s - loss: 0.4813 - acc: 0.7859
 896/1424 [=================>............] - ETA: 3s - loss: 0.4771 - acc: 0.7902
 928/1424 [==================>...........] - ETA: 3s - loss: 0.4810 - acc: 0.7899
 960/1424 [===================>..........] - ETA: 2s - loss: 0.4794 - acc: 0.7917
 992/1424 [===================>..........] - ETA: 2s - loss: 0.4787 - acc: 0.7933
1024/1424 [====================>.........] - ETA: 2s - loss: 0.4813 - acc: 0.7920
1056/1424 [=====================>........] - ETA: 2s - loss: 0.4929 - acc: 0.7955
1088/1424 [=====================>........] - ETA: 2s - loss: 0.4886 - acc: 0.7978
1120/1424 [======================>.......] - ETA: 1s - loss: 0.5018 - acc: 0.7964
1152/1424 [=======================>......] - ETA: 1s - loss: 0.4955 - acc: 0.7995
1184/1424 [=======================>......] - ETA: 1s - loss: 0.4912 - acc: 0.8007
1216/1424 [========================>.....] - ETA: 1s - loss: 0.4880 - acc: 0.8018
1248/1424 [=========================>....] - ETA: 1s - loss: 0.4891 - acc: 0.8005
1280/1424 [=========================>....] - ETA: 0s - loss: 0.4896 - acc: 0.8000
1312/1424 [==========================>...] - ETA: 0s - loss: 0.4898 - acc: 0.7980
1344/1424 [===========================>..] - ETA: 0s - loss: 0.4916 - acc: 0.7976
1376/1424 [===========================>..] - ETA: 0s - loss: 0.4937 - acc: 0.7951
1408/1424 [============================>.] - ETA: 0s - loss: 0.4905 - acc: 0.7955
1424/1424 [==============================] - 12s 8ms/step - loss: 0.4897 - acc: 0.7956 - val_loss: 0.4387 - val_acc: 0.8305
Train on 1424 samples, validate on 708 samples
Epoch 1/1

  32/1424 [..............................] - ETA: 9s - loss: 0.3523 - acc: 0.8438
  64/1424 [>.............................] - ETA: 9s - loss: 0.4846 - acc: 0.7812
  96/1424 [=>............................] - ETA: 8s - loss: 0.5617 - acc: 0.8229
 128/1424 [=>............................] - ETA: 8s - loss: 0.5558 - acc: 0.8047
 160/1424 [==>...........................] - ETA: 8s - loss: 0.5547 - acc: 0.7875
 192/1424 [===>..........................] - ETA: 7s - loss: 0.5105 - acc: 0.8177
 224/1424 [===>..........................] - ETA: 7s - loss: 0.4953 - acc: 0.8125
 256/1424 [====>.........................] - ETA: 7s - loss: 0.4953 - acc: 0.8086
 288/1424 [=====>........................] - ETA: 7s - loss: 0.4981 - acc: 0.8021
 320/1424 [=====>........................] - ETA: 7s - loss: 0.4933 - acc: 0.8000
 352/1424 [======>.......................] - ETA: 6s - loss: 0.4865 - acc: 0.8011
 384/1424 [=======>......................] - ETA: 6s - loss: 0.4903 - acc: 0.7969
 416/1424 [=======>......................] - ETA: 6s - loss: 0.4885 - acc: 0.7981
 448/1424 [========>.....................] - ETA: 6s - loss: 0.4887 - acc: 0.8013
 480/1424 [=========>....................] - ETA: 5s - loss: 0.4812 - acc: 0.7979
 512/1424 [=========>....................] - ETA: 5s - loss: 0.4781 - acc: 0.7949
 544/1424 [==========>...................] - ETA: 5s - loss: 0.4837 - acc: 0.7868
 576/1424 [===========>..................] - ETA: 5s - loss: 0.4796 - acc: 0.7882
 608/1424 [===========>..................] - ETA: 5s - loss: 0.4778 - acc: 0.7878
 640/1424 [============>.................] - ETA: 4s - loss: 0.4787 - acc: 0.7828
 672/1424 [=============>................] - ETA: 4s - loss: 0.4850 - acc: 0.7842
 704/1424 [=============>................] - ETA: 4s - loss: 0.4851 - acc: 0.7841
 736/1424 [==============>...............] - ETA: 4s - loss: 0.4899 - acc: 0.7812
 768/1424 [===============>..............] - ETA: 4s - loss: 0.4851 - acc: 0.7852
 800/1424 [===============>..............] - ETA: 3s - loss: 0.4837 - acc: 0.7850
 832/1424 [================>.............] - ETA: 3s - loss: 0.4797 - acc: 0.7849
 864/1424 [=================>............] - ETA: 3s - loss: 0.4740 - acc: 0.7894
 896/1424 [=================>............] - ETA: 3s - loss: 0.4677 - acc: 0.7935
 928/1424 [==================>...........] - ETA: 3s - loss: 0.4683 - acc: 0.7888
 960/1424 [===================>..........] - ETA: 2s - loss: 0.4663 - acc: 0.7885
 992/1424 [===================>..........] - ETA: 2s - loss: 0.4625 - acc: 0.7913
1024/1424 [====================>.........] - ETA: 2s - loss: 0.4584 - acc: 0.7930
1056/1424 [=====================>........] - ETA: 2s - loss: 0.4572 - acc: 0.7926
1088/1424 [=====================>........] - ETA: 2s - loss: 0.4565 - acc: 0.7941
1120/1424 [======================>.......] - ETA: 1s - loss: 0.4611 - acc: 0.7902
1152/1424 [=======================>......] - ETA: 1s - loss: 0.4620 - acc: 0.7917
1184/1424 [=======================>......] - ETA: 1s - loss: 0.4688 - acc: 0.7931
1216/1424 [========================>.....] - ETA: 1s - loss: 0.4682 - acc: 0.7944
1248/1424 [=========================>....] - ETA: 1s - loss: 0.4676 - acc: 0.7949
1280/1424 [=========================>....] - ETA: 0s - loss: 0.4661 - acc: 0.7961
1312/1424 [==========================>...] - ETA: 0s - loss: 0.4766 - acc: 0.7950
1344/1424 [===========================>..] - ETA: 0s - loss: 0.4712 - acc: 0.7991
1376/1424 [===========================>..] - ETA: 0s - loss: 0.4930 - acc: 0.7972
1408/1424 [============================>.] - ETA: 0s - loss: 0.4963 - acc: 0.7962
1424/1424 [==============================] - 12s 8ms/step - loss: 0.4952 - acc: 0.7971 - val_loss: 0.4033 - val_acc: 0.8347
Train on 1424 samples, validate on 708 samples
Epoch 1/1

  32/1424 [..............................] - ETA: 8s - loss: 0.9116 - acc: 0.8125
  64/1424 [>.............................] - ETA: 8s - loss: 0.6881 - acc: 0.7656
  96/1424 [=>............................] - ETA: 8s - loss: 0.5795 - acc: 0.8021
 128/1424 [=>............................] - ETA: 8s - loss: 0.5507 - acc: 0.8281
 160/1424 [==>...........................] - ETA: 7s - loss: 0.5383 - acc: 0.8125
 192/1424 [===>..........................] - ETA: 7s - loss: 0.5192 - acc: 0.8073
 224/1424 [===>..........................] - ETA: 7s - loss: 0.5668 - acc: 0.8080
 256/1424 [====>.........................] - ETA: 7s - loss: 0.5543 - acc: 0.8047
 288/1424 [=====>........................] - ETA: 7s - loss: 0.5352 - acc: 0.8056
 320/1424 [=====>........................] - ETA: 6s - loss: 0.5180 - acc: 0.8094
 352/1424 [======>.......................] - ETA: 6s - loss: 0.5028 - acc: 0.8125
 384/1424 [=======>......................] - ETA: 6s - loss: 0.5022 - acc: 0.8099
 416/1424 [=======>......................] - ETA: 6s - loss: 0.5113 - acc: 0.8053
 448/1424 [========>.....................] - ETA: 6s - loss: 0.5001 - acc: 0.8103
 480/1424 [=========>....................] - ETA: 5s - loss: 0.5240 - acc: 0.8042
 512/1424 [=========>....................] - ETA: 5s - loss: 0.5327 - acc: 0.7988
 544/1424 [==========>...................] - ETA: 5s - loss: 0.5709 - acc: 0.8015
 576/1424 [===========>..................] - ETA: 5s - loss: 0.5593 - acc: 0.8021
 608/1424 [===========>..................] - ETA: 5s - loss: 0.5629 - acc: 0.7977
 640/1424 [============>.................] - ETA: 4s - loss: 0.5827 - acc: 0.7859
 672/1424 [=============>................] - ETA: 4s - loss: 0.5749 - acc: 0.7842
 704/1424 [=============>................] - ETA: 4s - loss: 0.5832 - acc: 0.7770
 736/1424 [==============>...............] - ETA: 4s - loss: 0.5846 - acc: 0.7649
 768/1424 [===============>..............] - ETA: 4s - loss: 0.6439 - acc: 0.7487
 800/1424 [===============>..............] - ETA: 3s - loss: 0.6784 - acc: 0.7375
 832/1424 [================>.............] - ETA: 3s - loss: 0.6898 - acc: 0.7320
 864/1424 [=================>............] - ETA: 3s - loss: 0.6936 - acc: 0.7257
 896/1424 [=================>............] - ETA: 3s - loss: 0.6923 - acc: 0.7221
 928/1424 [==================>...........] - ETA: 3s - loss: 0.6984 - acc: 0.7123
 960/1424 [===================>..........] - ETA: 2s - loss: 0.6928 - acc: 0.7115
 992/1424 [===================>..........] - ETA: 2s - loss: 0.7238 - acc: 0.7087
1024/1424 [====================>.........] - ETA: 2s - loss: 0.7248 - acc: 0.7041
1056/1424 [=====================>........] - ETA: 2s - loss: 0.7358 - acc: 0.7036
1088/1424 [=====================>........] - ETA: 2s - loss: 0.7334 - acc: 0.7040
1120/1424 [======================>.......] - ETA: 1s - loss: 0.7316 - acc: 0.6982
1152/1424 [=======================>......] - ETA: 1s - loss: 0.7444 - acc: 0.6979
1184/1424 [=======================>......] - ETA: 1s - loss: 0.7429 - acc: 0.6985
1216/1424 [========================>.....] - ETA: 1s - loss: 0.7391 - acc: 0.7023
1248/1424 [=========================>....] - ETA: 1s - loss: 0.7367 - acc: 0.7027
1280/1424 [=========================>....] - ETA: 0s - loss: 0.7342 - acc: 0.7016
1312/1424 [==========================>...] - ETA: 0s - loss: 0.7313 - acc: 0.6997
1344/1424 [===========================>..] - ETA: 0s - loss: 0.7292 - acc: 0.7009
1376/1424 [===========================>..] - ETA: 0s - loss: 0.7267 - acc: 0.6991
1408/1424 [============================>.] - ETA: 0s - loss: 0.7246 - acc: 0.6989
1424/1424 [==============================] - 12s 8ms/step - loss: 0.7240 - acc: 0.6973 - val_loss: 0.6155 - val_acc: 0.6285
Train on 1424 samples, validate on 708 samples
Epoch 1/1

  32/1424 [..............................] - ETA: 8s - loss: 0.7461 - acc: 0.3438
  64/1424 [>.............................] - ETA: 8s - loss: 0.6928 - acc: 0.4844
  96/1424 [=>............................] - ETA: 8s - loss: 0.6774 - acc: 0.5729
 128/1424 [=>............................] - ETA: 8s - loss: 0.6624 - acc: 0.6094
 160/1424 [==>...........................] - ETA: 7s - loss: 0.6515 - acc: 0.6500
 192/1424 [===>..........................] - ETA: 7s - loss: 0.6387 - acc: 0.6719
 224/1424 [===>..........................] - ETA: 7s - loss: 0.6286 - acc: 0.6920
 256/1424 [====>.........................] - ETA: 7s - loss: 0.6276 - acc: 0.6953
 288/1424 [=====>........................] - ETA: 7s - loss: 0.6262 - acc: 0.6910
 320/1424 [=====>........................] - ETA: 6s - loss: 0.6252 - acc: 0.6969
 352/1424 [======>.......................] - ETA: 6s - loss: 0.6227 - acc: 0.6960
 384/1424 [=======>......................] - ETA: 6s - loss: 0.6178 - acc: 0.7031
 416/1424 [=======>......................] - ETA: 6s - loss: 0.6205 - acc: 0.6995
 448/1424 [========>.....................] - ETA: 6s - loss: 0.6198 - acc: 0.6942
 480/1424 [=========>....................] - ETA: 5s - loss: 0.6188 - acc: 0.7000
 512/1424 [=========>....................] - ETA: 5s - loss: 0.6223 - acc: 0.6973
 544/1424 [==========>...................] - ETA: 5s - loss: 0.6262 - acc: 0.6893
 576/1424 [===========>..................] - ETA: 5s - loss: 0.6254 - acc: 0.6944
 608/1424 [===========>..................] - ETA: 5s - loss: 0.6263 - acc: 0.6924
 640/1424 [============>.................] - ETA: 4s - loss: 0.6263 - acc: 0.6937
 672/1424 [=============>................] - ETA: 4s - loss: 0.6252 - acc: 0.6949
 704/1424 [=============>................] - ETA: 4s - loss: 0.6208 - acc: 0.6989
 736/1424 [==============>...............] - ETA: 4s - loss: 0.6192 - acc: 0.7024
 768/1424 [===============>..............] - ETA: 4s - loss: 0.6205 - acc: 0.7005
 800/1424 [===============>..............] - ETA: 3s - loss: 0.6198 - acc: 0.7013
 832/1424 [================>.............] - ETA: 3s - loss: 0.6193 - acc: 0.7031
 864/1424 [=================>............] - ETA: 3s - loss: 0.6174 - acc: 0.7014
 896/1424 [=================>............] - ETA: 3s - loss: 0.6178 - acc: 0.6987
 928/1424 [==================>...........] - ETA: 3s - loss: 0.6212 - acc: 0.6994
 960/1424 [===================>..........] - ETA: 2s - loss: 0.6198 - acc: 0.7021
 992/1424 [===================>..........] - ETA: 2s - loss: 0.6194 - acc: 0.6996
1024/1424 [====================>.........] - ETA: 2s - loss: 0.6184 - acc: 0.7002
1056/1424 [=====================>........] - ETA: 2s - loss: 0.6170 - acc: 0.7027
1088/1424 [=====================>........] - ETA: 2s - loss: 0.6186 - acc: 0.7004
1120/1424 [======================>.......] - ETA: 1s - loss: 0.6179 - acc: 0.7000
1152/1424 [=======================>......] - ETA: 1s - loss: 0.6165 - acc: 0.7005
1184/1424 [=======================>......] - ETA: 1s - loss: 0.6144 - acc: 0.7044
1216/1424 [========================>.....] - ETA: 1s - loss: 0.6168 - acc: 0.6998
1248/1424 [=========================>....] - ETA: 1s - loss: 0.6166 - acc: 0.6987
1280/1424 [=========================>....] - ETA: 0s - loss: 0.6158 - acc: 0.6984
1312/1424 [==========================>...] - ETA: 0s - loss: 0.6156 - acc: 0.7005
1344/1424 [===========================>..] - ETA: 0s - loss: 0.6162 - acc: 0.6979
1376/1424 [===========================>..] - ETA: 0s - loss: 0.6136 - acc: 0.7013
1408/1424 [============================>.] - ETA: 0s - loss: 0.6135 - acc: 0.7017
1424/1424 [==============================] - 12s 8ms/step - loss: 0.6132 - acc: 0.7001 - val_loss: 0.5694 - val_acc: 0.7797
Train on 1424 samples, validate on 708 samples
Epoch 1/1

  32/1424 [..............................] - ETA: 8s - loss: 0.6269 - acc: 0.6250
  64/1424 [>.............................] - ETA: 8s - loss: 0.5905 - acc: 0.6719
  96/1424 [=>............................] - ETA: 8s - loss: 0.5722 - acc: 0.6979
 128/1424 [=>............................] - ETA: 8s - loss: 0.5952 - acc: 0.7109
 160/1424 [==>...........................] - ETA: 7s - loss: 0.5834 - acc: 0.7312
 192/1424 [===>..........................] - ETA: 7s - loss: 0.5757 - acc: 0.7448
 224/1424 [===>..........................] - ETA: 7s - loss: 0.5758 - acc: 0.7277
 256/1424 [====>.........................] - ETA: 7s - loss: 0.5791 - acc: 0.7266
 288/1424 [=====>........................] - ETA: 7s - loss: 0.5833 - acc: 0.7188
 320/1424 [=====>........................] - ETA: 6s - loss: 0.5820 - acc: 0.7156
 352/1424 [======>.......................] - ETA: 6s - loss: 0.5741 - acc: 0.7244
 384/1424 [=======>......................] - ETA: 6s - loss: 0.5660 - acc: 0.7292
 416/1424 [=======>......................] - ETA: 6s - loss: 0.5644 - acc: 0.7332
 448/1424 [========>.....................] - ETA: 6s - loss: 0.5649 - acc: 0.7388
 480/1424 [=========>....................] - ETA: 5s - loss: 0.5659 - acc: 0.7312
 512/1424 [=========>....................] - ETA: 5s - loss: 0.5689 - acc: 0.7285
 544/1424 [==========>...................] - ETA: 5s - loss: 0.5689 - acc: 0.7279
 576/1424 [===========>..................] - ETA: 5s - loss: 0.5670 - acc: 0.7274
 608/1424 [===========>..................] - ETA: 5s - loss: 0.5738 - acc: 0.7237
 640/1424 [============>.................] - ETA: 4s - loss: 0.5728 - acc: 0.7234
 672/1424 [=============>................] - ETA: 4s - loss: 0.5740 - acc: 0.7202
 704/1424 [=============>................] - ETA: 4s - loss: 0.5782 - acc: 0.7131
 736/1424 [==============>...............] - ETA: 4s - loss: 0.5782 - acc: 0.7147
 768/1424 [===============>..............] - ETA: 4s - loss: 0.5820 - acc: 0.7096
 800/1424 [===============>..............] - ETA: 3s - loss: 0.5787 - acc: 0.7125
 832/1424 [================>.............] - ETA: 3s - loss: 0.5762 - acc: 0.7163
 864/1424 [=================>............] - ETA: 3s - loss: 0.5960 - acc: 0.7118
 896/1424 [=================>............] - ETA: 3s - loss: 0.5942 - acc: 0.7132
 928/1424 [==================>...........] - ETA: 3s - loss: 0.5906 - acc: 0.7144
 960/1424 [===================>..........] - ETA: 2s - loss: 0.5866 - acc: 0.7188
 992/1424 [===================>..........] - ETA: 2s - loss: 0.5853 - acc: 0.7188
1024/1424 [====================>.........] - ETA: 2s - loss: 0.5911 - acc: 0.7148
1056/1424 [=====================>........] - ETA: 2s - loss: 0.5896 - acc: 0.7150
1088/1424 [=====================>........] - ETA: 2s - loss: 0.5888 - acc: 0.7160
1120/1424 [======================>.......] - ETA: 1s - loss: 0.5887 - acc: 0.7179
1152/1424 [=======================>......] - ETA: 1s - loss: 0.5899 - acc: 0.7153
1184/1424 [=======================>......] - ETA: 1s - loss: 0.6006 - acc: 0.7162
1216/1424 [========================>.....] - ETA: 1s - loss: 0.5993 - acc: 0.7171
1248/1424 [=========================>....] - ETA: 1s - loss: 0.5968 - acc: 0.7179
1280/1424 [=========================>....] - ETA: 0s - loss: 0.5961 - acc: 0.7172
1312/1424 [==========================>...] - ETA: 0s - loss: 0.5963 - acc: 0.7165
1344/1424 [===========================>..] - ETA: 0s - loss: 0.5987 - acc: 0.7180
1376/1424 [===========================>..] - ETA: 0s - loss: 0.5993 - acc: 0.7166
1408/1424 [============================>.] - ETA: 0s - loss: 0.5965 - acc: 0.7188
1424/1424 [==============================] - 12s 8ms/step - loss: 0.6078 - acc: 0.7184 - val_loss: 0.5457 - val_acc: 0.7712
Train on 1424 samples, validate on 708 samples
Epoch 1/1

  32/1424 [..............................] - ETA: 8s - loss: 0.6534 - acc: 0.5938
  64/1424 [>.............................] - ETA: 8s - loss: 0.6004 - acc: 0.6875
  96/1424 [=>............................] - ETA: 8s - loss: 0.5732 - acc: 0.7188
 128/1424 [=>............................] - ETA: 8s - loss: 0.5460 - acc: 0.7344
 160/1424 [==>...........................] - ETA: 7s - loss: 0.5540 - acc: 0.7250
 192/1424 [===>..........................] - ETA: 7s - loss: 0.5496 - acc: 0.7240
 224/1424 [===>..........................] - ETA: 7s - loss: 0.5578 - acc: 0.7098
 256/1424 [====>.........................] - ETA: 7s - loss: 0.5580 - acc: 0.7148
 288/1424 [=====>........................] - ETA: 7s - loss: 0.5595 - acc: 0.7188
 320/1424 [=====>........................] - ETA: 6s - loss: 0.5701 - acc: 0.7125
 352/1424 [======>.......................] - ETA: 6s - loss: 0.5715 - acc: 0.7159
 384/1424 [=======>......................] - ETA: 6s - loss: 0.5701 - acc: 0.7161
 416/1424 [=======>......................] - ETA: 6s - loss: 0.5723 - acc: 0.7091
 448/1424 [========>.....................] - ETA: 6s - loss: 0.5708 - acc: 0.7143
 480/1424 [=========>....................] - ETA: 5s - loss: 0.5692 - acc: 0.7125
 512/1424 [=========>....................] - ETA: 5s - loss: 0.5735 - acc: 0.7070
 544/1424 [==========>...................] - ETA: 5s - loss: 0.5726 - acc: 0.7077
 576/1424 [===========>..................] - ETA: 5s - loss: 0.5752 - acc: 0.7083
 608/1424 [===========>..................] - ETA: 5s - loss: 0.5787 - acc: 0.7039
 640/1424 [============>.................] - ETA: 4s - loss: 0.5728 - acc: 0.7109
 672/1424 [=============>................] - ETA: 4s - loss: 0.5759 - acc: 0.7113
 704/1424 [=============>................] - ETA: 4s - loss: 0.5782 - acc: 0.7074
 736/1424 [==============>...............] - ETA: 4s - loss: 0.5807 - acc: 0.7079
 768/1424 [===============>..............] - ETA: 4s - loss: 0.5787 - acc: 0.7083
 800/1424 [===============>..............] - ETA: 3s - loss: 0.5722 - acc: 0.7163
 832/1424 [================>.............] - ETA: 3s - loss: 0.5746 - acc: 0.7175
 864/1424 [=================>............] - ETA: 3s - loss: 0.5719 - acc: 0.7211
 896/1424 [=================>............] - ETA: 3s - loss: 0.5715 - acc: 0.7221
 928/1424 [==================>...........] - ETA: 3s - loss: 0.5647 - acc: 0.7274
 960/1424 [===================>..........] - ETA: 2s - loss: 0.5621 - acc: 0.7271
 992/1424 [===================>..........] - ETA: 2s - loss: 0.5613 - acc: 0.7288
1024/1424 [====================>.........] - ETA: 2s - loss: 0.5609 - acc: 0.7275
1056/1424 [=====================>........] - ETA: 2s - loss: 0.5601 - acc: 0.7282
1088/1424 [=====================>........] - ETA: 2s - loss: 0.5612 - acc: 0.7252
1120/1424 [======================>.......] - ETA: 1s - loss: 0.5595 - acc: 0.7286
1152/1424 [=======================>......] - ETA: 1s - loss: 0.5599 - acc: 0.7266
1184/1424 [=======================>......] - ETA: 1s - loss: 0.5579 - acc: 0.7289
1216/1424 [========================>.....] - ETA: 1s - loss: 0.5581 - acc: 0.7270
1248/1424 [=========================>....] - ETA: 1s - loss: 0.5601 - acc: 0.7284
1280/1424 [=========================>....] - ETA: 0s - loss: 0.5580 - acc: 0.7289
1312/1424 [==========================>...] - ETA: 0s - loss: 0.5552 - acc: 0.7302
1344/1424 [===========================>..] - ETA: 0s - loss: 0.5556 - acc: 0.7284
1376/1424 [===========================>..] - ETA: 0s - loss: 0.5557 - acc: 0.7275
1408/1424 [============================>.] - ETA: 0s - loss: 0.5550 - acc: 0.7287
1424/1424 [==============================] - 12s 8ms/step - loss: 0.5555 - acc: 0.7275 - val_loss: 0.5146 - val_acc: 0.7966
Train on 1424 samples, validate on 708 samples
Epoch 1/1

  32/1424 [..............................] - ETA: 8s - loss: 0.6005 - acc: 0.6562
  64/1424 [>.............................] - ETA: 8s - loss: 0.6050 - acc: 0.7031
  96/1424 [=>............................] - ETA: 8s - loss: 0.5897 - acc: 0.7188
 128/1424 [=>............................] - ETA: 8s - loss: 0.5727 - acc: 0.7500
 160/1424 [==>...........................] - ETA: 7s - loss: 0.5653 - acc: 0.7562
 192/1424 [===>..........................] - ETA: 7s - loss: 0.5613 - acc: 0.7500
 224/1424 [===>..........................] - ETA: 7s - loss: 0.5704 - acc: 0.7232
 256/1424 [====>.........................] - ETA: 7s - loss: 0.5663 - acc: 0.7266
 288/1424 [=====>........................] - ETA: 7s - loss: 0.5536 - acc: 0.7396
 320/1424 [=====>........................] - ETA: 6s - loss: 0.5518 - acc: 0.7469
 352/1424 [======>.......................] - ETA: 6s - loss: 0.5513 - acc: 0.7500
 384/1424 [=======>......................] - ETA: 6s - loss: 0.5436 - acc: 0.7552
 416/1424 [=======>......................] - ETA: 6s - loss: 0.5398 - acc: 0.7596
 448/1424 [========>.....................] - ETA: 6s - loss: 0.5349 - acc: 0.7612
 480/1424 [=========>....................] - ETA: 5s - loss: 0.5380 - acc: 0.7583
 512/1424 [=========>....................] - ETA: 5s - loss: 0.5452 - acc: 0.7480
 544/1424 [==========>...................] - ETA: 5s - loss: 0.5454 - acc: 0.7463
 576/1424 [===========>..................] - ETA: 5s - loss: 0.5768 - acc: 0.7465
 608/1424 [===========>..................] - ETA: 5s - loss: 0.5711 - acc: 0.7516
 640/1424 [============>.................] - ETA: 4s - loss: 0.5702 - acc: 0.7516
 672/1424 [=============>................] - ETA: 4s - loss: 0.5709 - acc: 0.7500
 704/1424 [=============>................] - ETA: 4s - loss: 0.5686 - acc: 0.7500
 736/1424 [==============>...............] - ETA: 4s - loss: 0.5728 - acc: 0.7459
 768/1424 [===============>..............] - ETA: 4s - loss: 0.5696 - acc: 0.7448
 800/1424 [===============>..............] - ETA: 3s - loss: 0.5612 - acc: 0.7488
 832/1424 [================>.............] - ETA: 3s - loss: 0.5622 - acc: 0.7440
 864/1424 [=================>............] - ETA: 3s - loss: 0.5619 - acc: 0.7442
 896/1424 [=================>............] - ETA: 3s - loss: 0.5643 - acc: 0.7444
 928/1424 [==================>...........] - ETA: 3s - loss: 0.5684 - acc: 0.7414
 960/1424 [===================>..........] - ETA: 2s - loss: 0.5683 - acc: 0.7385
 992/1424 [===================>..........] - ETA: 2s - loss: 0.5648 - acc: 0.7429
1024/1424 [====================>.........] - ETA: 2s - loss: 0.5628 - acc: 0.7412
1056/1424 [=====================>........] - ETA: 2s - loss: 0.5619 - acc: 0.7396
1088/1424 [=====================>........] - ETA: 2s - loss: 0.5615 - acc: 0.7408
1120/1424 [======================>.......] - ETA: 1s - loss: 0.5597 - acc: 0.7429
1152/1424 [=======================>......] - ETA: 1s - loss: 0.5570 - acc: 0.7439
1184/1424 [=======================>......] - ETA: 1s - loss: 0.5545 - acc: 0.7475
1216/1424 [========================>.....] - ETA: 1s - loss: 0.5511 - acc: 0.7492
1248/1424 [=========================>....] - ETA: 1s - loss: 0.5471 - acc: 0.7516
1280/1424 [=========================>....] - ETA: 0s - loss: 0.5509 - acc: 0.7469
1312/1424 [==========================>...] - ETA: 0s - loss: 0.5494 - acc: 0.7477
1344/1424 [===========================>..] - ETA: 0s - loss: 0.5476 - acc: 0.7493
1376/1424 [===========================>..] - ETA: 0s - loss: 0.5462 - acc: 0.7500
1408/1424 [============================>.] - ETA: 0s - loss: 0.5454 - acc: 0.7500
1424/1424 [==============================] - 12s 8ms/step - loss: 0.5438 - acc: 0.7500 - val_loss: 0.4906 - val_acc: 0.7966
Train on 1424 samples, validate on 708 samples
Epoch 1/1

  32/1424 [..............................] - ETA: 8s - loss: 0.4681 - acc: 0.7188
  64/1424 [>.............................] - ETA: 8s - loss: 0.4864 - acc: 0.7344
  96/1424 [=>............................] - ETA: 8s - loss: 0.5207 - acc: 0.7188
 128/1424 [=>............................] - ETA: 8s - loss: 0.5150 - acc: 0.7344
 160/1424 [==>...........................] - ETA: 7s - loss: 0.5463 - acc: 0.7000
 192/1424 [===>..........................] - ETA: 7s - loss: 0.5278 - acc: 0.7135
 224/1424 [===>..........................] - ETA: 7s - loss: 0.5220 - acc: 0.7232
 256/1424 [====>.........................] - ETA: 7s - loss: 0.5080 - acc: 0.7305
 288/1424 [=====>........................] - ETA: 7s - loss: 0.5574 - acc: 0.7431
 320/1424 [=====>........................] - ETA: 6s - loss: 0.5652 - acc: 0.7375
 352/1424 [======>.......................] - ETA: 6s - loss: 0.5784 - acc: 0.7216
 384/1424 [=======>......................] - ETA: 6s - loss: 0.5723 - acc: 0.7266
 416/1424 [=======>......................] - ETA: 6s - loss: 0.5754 - acc: 0.7188
 448/1424 [========>.....................] - ETA: 6s - loss: 0.5789 - acc: 0.7210
 480/1424 [=========>....................] - ETA: 5s - loss: 0.6077 - acc: 0.7188
 512/1424 [=========>....................] - ETA: 5s - loss: 0.6016 - acc: 0.7227
 544/1424 [==========>...................] - ETA: 5s - loss: 0.5977 - acc: 0.7206
 576/1424 [===========>..................] - ETA: 5s - loss: 0.5944 - acc: 0.7205
 608/1424 [===========>..................] - ETA: 5s - loss: 0.5902 - acc: 0.7188
 640/1424 [============>.................] - ETA: 4s - loss: 0.5857 - acc: 0.7234
 672/1424 [=============>................] - ETA: 4s - loss: 0.5902 - acc: 0.7202
 704/1424 [=============>................] - ETA: 4s - loss: 0.5905 - acc: 0.7173
 736/1424 [==============>...............] - ETA: 4s - loss: 0.5916 - acc: 0.7147
 768/1424 [===============>..............] - ETA: 4s - loss: 0.5859 - acc: 0.7174
 800/1424 [===============>..............] - ETA: 3s - loss: 0.5857 - acc: 0.7150
 832/1424 [================>.............] - ETA: 3s - loss: 0.5800 - acc: 0.7188
 864/1424 [=================>............] - ETA: 3s - loss: 0.5788 - acc: 0.7164
 896/1424 [=================>............] - ETA: 3s - loss: 0.5761 - acc: 0.7154
 928/1424 [==================>...........] - ETA: 3s - loss: 0.5730 - acc: 0.7198
 960/1424 [===================>..........] - ETA: 2s - loss: 0.5742 - acc: 0.7188
 992/1424 [===================>..........] - ETA: 2s - loss: 0.5676 - acc: 0.7228
1024/1424 [====================>.........] - ETA: 2s - loss: 0.5632 - acc: 0.7285
1056/1424 [=====================>........] - ETA: 2s - loss: 0.5615 - acc: 0.7301
1088/1424 [=====================>........] - ETA: 2s - loss: 0.5590 - acc: 0.7316
1120/1424 [======================>.......] - ETA: 1s - loss: 0.5591 - acc: 0.7304
1152/1424 [=======================>......] - ETA: 1s - loss: 0.5549 - acc: 0.7335
1184/1424 [=======================>......] - ETA: 1s - loss: 0.5553 - acc: 0.7314
1216/1424 [========================>.....] - ETA: 1s - loss: 0.5531 - acc: 0.7336
1248/1424 [=========================>....] - ETA: 1s - loss: 0.5528 - acc: 0.7340
1280/1424 [=========================>....] - ETA: 0s - loss: 0.5501 - acc: 0.7367
1312/1424 [==========================>...] - ETA: 0s - loss: 0.5517 - acc: 0.7370
1344/1424 [===========================>..] - ETA: 0s - loss: 0.5503 - acc: 0.7381
1376/1424 [===========================>..] - ETA: 0s - loss: 0.5507 - acc: 0.7376
1408/1424 [============================>.] - ETA: 0s - loss: 0.5523 - acc: 0.7372
1424/1424 [==============================] - 12s 8ms/step - loss: 0.5532 - acc: 0.7367 - val_loss: 0.4796 - val_acc: 0.8008
Train on 1424 samples, validate on 708 samples
Epoch 1/1

  32/1424 [..............................] - ETA: 8s - loss: 0.4123 - acc: 0.7812
  64/1424 [>.............................] - ETA: 8s - loss: 0.4321 - acc: 0.7969
  96/1424 [=>............................] - ETA: 8s - loss: 0.4602 - acc: 0.8021
 128/1424 [=>............................] - ETA: 8s - loss: 0.4817 - acc: 0.7812
 160/1424 [==>...........................] - ETA: 7s - loss: 0.4858 - acc: 0.7750
 192/1424 [===>..........................] - ETA: 7s - loss: 0.4688 - acc: 0.7865
 224/1424 [===>..........................] - ETA: 7s - loss: 0.4629 - acc: 0.7857
 256/1424 [====>.........................] - ETA: 7s - loss: 0.4803 - acc: 0.7734
 288/1424 [=====>........................] - ETA: 7s - loss: 0.4761 - acc: 0.7882
 320/1424 [=====>........................] - ETA: 6s - loss: 0.4763 - acc: 0.7875
 352/1424 [======>.......................] - ETA: 6s - loss: 0.4871 - acc: 0.7756
 384/1424 [=======>......................] - ETA: 6s - loss: 0.4925 - acc: 0.7682
 416/1424 [=======>......................] - ETA: 6s - loss: 0.4990 - acc: 0.7668
 448/1424 [========>.....................] - ETA: 6s - loss: 0.5063 - acc: 0.7634
 480/1424 [=========>....................] - ETA: 5s - loss: 0.5029 - acc: 0.7708
 512/1424 [=========>....................] - ETA: 5s - loss: 0.5049 - acc: 0.7656
 544/1424 [==========>...................] - ETA: 5s - loss: 0.4985 - acc: 0.7721
 576/1424 [===========>..................] - ETA: 5s - loss: 0.5132 - acc: 0.7760
 608/1424 [===========>..................] - ETA: 5s - loss: 0.5145 - acc: 0.7747
 640/1424 [============>.................] - ETA: 4s - loss: 0.5156 - acc: 0.7734
 672/1424 [=============>................] - ETA: 4s - loss: 0.5156 - acc: 0.7708
 704/1424 [=============>................] - ETA: 4s - loss: 0.5153 - acc: 0.7670
 736/1424 [==============>...............] - ETA: 4s - loss: 0.5188 - acc: 0.7636
 768/1424 [===============>..............] - ETA: 4s - loss: 0.5153 - acc: 0.7669
 800/1424 [===============>..............] - ETA: 3s - loss: 0.5152 - acc: 0.7638
 832/1424 [================>.............] - ETA: 3s - loss: 0.5161 - acc: 0.7596
 864/1424 [=================>............] - ETA: 3s - loss: 0.5200 - acc: 0.7558
 896/1424 [=================>............] - ETA: 3s - loss: 0.5209 - acc: 0.7533
 928/1424 [==================>...........] - ETA: 3s - loss: 0.5204 - acc: 0.7565
 960/1424 [===================>..........] - ETA: 2s - loss: 0.5207 - acc: 0.7573
 992/1424 [===================>..........] - ETA: 2s - loss: 0.5191 - acc: 0.7581
1024/1424 [====================>.........] - ETA: 2s - loss: 0.5206 - acc: 0.7559
1056/1424 [=====================>........] - ETA: 2s - loss: 0.5156 - acc: 0.7623
1088/1424 [=====================>........] - ETA: 2s - loss: 0.5155 - acc: 0.7610
1120/1424 [======================>.......] - ETA: 1s - loss: 0.5145 - acc: 0.7616
1152/1424 [=======================>......] - ETA: 1s - loss: 0.5188 - acc: 0.7604
1184/1424 [=======================>......] - ETA: 1s - loss: 0.5166 - acc: 0.7627
1216/1424 [========================>.....] - ETA: 1s - loss: 0.5186 - acc: 0.7607
1248/1424 [=========================>....] - ETA: 1s - loss: 0.5206 - acc: 0.7588
1280/1424 [=========================>....] - ETA: 0s - loss: 0.5191 - acc: 0.7594
1312/1424 [==========================>...] - ETA: 0s - loss: 0.5224 - acc: 0.7561
1344/1424 [===========================>..] - ETA: 0s - loss: 0.5223 - acc: 0.7552
1376/1424 [===========================>..] - ETA: 0s - loss: 0.5234 - acc: 0.7536
1408/1424 [============================>.] - ETA: 0s - loss: 0.5234 - acc: 0.7536
1424/1424 [==============================] - 12s 8ms/step - loss: 0.5215 - acc: 0.7542 - val_loss: 0.4742 - val_acc: 0.7966
Train on 1424 samples, validate on 708 samples
Epoch 1/1

  32/1424 [..............................] - ETA: 8s - loss: 0.3639 - acc: 0.8438
  64/1424 [>.............................] - ETA: 8s - loss: 0.4292 - acc: 0.8125
  96/1424 [=>............................] - ETA: 8s - loss: 0.4746 - acc: 0.8021
 128/1424 [=>............................] - ETA: 8s - loss: 0.4754 - acc: 0.7891
 160/1424 [==>...........................] - ETA: 7s - loss: 0.4736 - acc: 0.7875
 192/1424 [===>..........................] - ETA: 7s - loss: 0.4850 - acc: 0.8021
 224/1424 [===>..........................] - ETA: 7s - loss: 0.5000 - acc: 0.7902
 256/1424 [====>.........................] - ETA: 7s - loss: 0.5165 - acc: 0.7695
 288/1424 [=====>........................] - ETA: 7s - loss: 0.5186 - acc: 0.7569
 320/1424 [=====>........................] - ETA: 6s - loss: 0.5280 - acc: 0.7469
 352/1424 [======>.......................] - ETA: 6s - loss: 0.5276 - acc: 0.7500
 384/1424 [=======>......................] - ETA: 6s - loss: 0.5348 - acc: 0.7422
 416/1424 [=======>......................] - ETA: 6s - loss: 0.5240 - acc: 0.7524
 448/1424 [========>.....................] - ETA: 6s - loss: 0.5248 - acc: 0.7522
 480/1424 [=========>....................] - ETA: 5s - loss: 0.5170 - acc: 0.7583
 512/1424 [=========>....................] - ETA: 5s - loss: 0.5271 - acc: 0.7500
 544/1424 [==========>...................] - ETA: 5s - loss: 0.5237 - acc: 0.7500
 576/1424 [===========>..................] - ETA: 5s - loss: 0.5280 - acc: 0.7500
 608/1424 [===========>..................] - ETA: 5s - loss: 0.5254 - acc: 0.7516
 640/1424 [============>.................] - ETA: 4s - loss: 0.5198 - acc: 0.7547
 672/1424 [=============>................] - ETA: 4s - loss: 0.5269 - acc: 0.7485
 704/1424 [=============>................] - ETA: 4s - loss: 0.5238 - acc: 0.7528
 736/1424 [==============>...............] - ETA: 4s - loss: 0.5224 - acc: 0.7568
 768/1424 [===============>..............] - ETA: 4s - loss: 0.5190 - acc: 0.7591
 800/1424 [===============>..............] - ETA: 3s - loss: 0.5181 - acc: 0.7588
 832/1424 [================>.............] - ETA: 3s - loss: 0.5145 - acc: 0.7620
 864/1424 [=================>............] - ETA: 3s - loss: 0.5132 - acc: 0.7593
 896/1424 [=================>............] - ETA: 3s - loss: 0.5084 - acc: 0.7645
 928/1424 [==================>...........] - ETA: 3s - loss: 0.5106 - acc: 0.7662
 960/1424 [===================>..........] - ETA: 2s - loss: 0.5075 - acc: 0.7688
 992/1424 [===================>..........] - ETA: 2s - loss: 0.5054 - acc: 0.7712
1024/1424 [====================>.........] - ETA: 2s - loss: 0.5055 - acc: 0.7695
1056/1424 [=====================>........] - ETA: 2s - loss: 0.5070 - acc: 0.7670
1088/1424 [=====================>........] - ETA: 2s - loss: 0.5033 - acc: 0.7702
1120/1424 [======================>.......] - ETA: 1s - loss: 0.5003 - acc: 0.7723
1152/1424 [=======================>......] - ETA: 1s - loss: 0.5009 - acc: 0.7708
1184/1424 [=======================>......] - ETA: 1s - loss: 0.5009 - acc: 0.7711
1216/1424 [========================>.....] - ETA: 1s - loss: 0.5040 - acc: 0.7673
1248/1424 [=========================>....] - ETA: 1s - loss: 0.5038 - acc: 0.7684
1280/1424 [=========================>....] - ETA: 0s - loss: 0.4997 - acc: 0.7711
1312/1424 [==========================>...] - ETA: 0s - loss: 0.5035 - acc: 0.7683
1344/1424 [===========================>..] - ETA: 0s - loss: 0.5051 - acc: 0.7679
1376/1424 [===========================>..] - ETA: 0s - loss: 0.5088 - acc: 0.7653
1408/1424 [============================>.] - ETA: 0s - loss: 0.5092 - acc: 0.7635
1424/1424 [==============================] - 12s 8ms/step - loss: 0.5068 - acc: 0.7654 - val_loss: 0.4607 - val_acc: 0.8107
Train on 1424 samples, validate on 708 samples
Epoch 1/1

  32/1424 [..............................] - ETA: 8s - loss: 0.5562 - acc: 0.7812
  64/1424 [>.............................] - ETA: 8s - loss: 0.4845 - acc: 0.7812
  96/1424 [=>............................] - ETA: 8s - loss: 0.4422 - acc: 0.8229
 128/1424 [=>............................] - ETA: 8s - loss: 0.4474 - acc: 0.8047
 160/1424 [==>...........................] - ETA: 7s - loss: 0.4567 - acc: 0.8000
 192/1424 [===>..........................] - ETA: 7s - loss: 0.4719 - acc: 0.7969
 224/1424 [===>..........................] - ETA: 7s - loss: 0.4809 - acc: 0.7946
 256/1424 [====>.........................] - ETA: 7s - loss: 0.4789 - acc: 0.7969
 288/1424 [=====>........................] - ETA: 7s - loss: 0.4950 - acc: 0.7708
 320/1424 [=====>........................] - ETA: 6s - loss: 0.5115 - acc: 0.7719
 352/1424 [======>.......................] - ETA: 6s - loss: 0.5095 - acc: 0.7727
 384/1424 [=======>......................] - ETA: 6s - loss: 0.5014 - acc: 0.7760
 416/1424 [=======>......................] - ETA: 6s - loss: 0.5018 - acc: 0.7764
 448/1424 [========>.....................] - ETA: 6s - loss: 0.4994 - acc: 0.7790
 480/1424 [=========>....................] - ETA: 5s - loss: 0.4952 - acc: 0.7792
 512/1424 [=========>....................] - ETA: 5s - loss: 0.4967 - acc: 0.7715
 544/1424 [==========>...................] - ETA: 5s - loss: 0.4915 - acc: 0.7739
 576/1424 [===========>..................] - ETA: 5s - loss: 0.4889 - acc: 0.7743
 608/1424 [===========>..................] - ETA: 5s - loss: 0.4865 - acc: 0.7763
 640/1424 [============>.................] - ETA: 4s - loss: 0.4824 - acc: 0.7781
 672/1424 [=============>................] - ETA: 4s - loss: 0.4803 - acc: 0.7768
 704/1424 [=============>................] - ETA: 4s - loss: 0.4805 - acc: 0.7770
 736/1424 [==============>...............] - ETA: 4s - loss: 0.4872 - acc: 0.7758
 768/1424 [===============>..............] - ETA: 4s - loss: 0.4902 - acc: 0.7721
 800/1424 [===============>..............] - ETA: 3s - loss: 0.4963 - acc: 0.7712
 832/1424 [================>.............] - ETA: 3s - loss: 0.4994 - acc: 0.7680
 864/1424 [=================>............] - ETA: 3s - loss: 0.5202 - acc: 0.7639
 896/1424 [=================>............] - ETA: 3s - loss: 0.5170 - acc: 0.7656
 928/1424 [==================>...........] - ETA: 3s - loss: 0.5136 - acc: 0.7694
 960/1424 [===================>..........] - ETA: 2s - loss: 0.5120 - acc: 0.7677
 992/1424 [===================>..........] - ETA: 2s - loss: 0.5076 - acc: 0.7702
1024/1424 [====================>.........] - ETA: 2s - loss: 0.5077 - acc: 0.7734
1056/1424 [=====================>........] - ETA: 2s - loss: 0.5074 - acc: 0.7727
1088/1424 [=====================>........] - ETA: 2s - loss: 0.5104 - acc: 0.7693
1120/1424 [======================>.......] - ETA: 1s - loss: 0.5055 - acc: 0.7714
1152/1424 [=======================>......] - ETA: 1s - loss: 0.5023 - acc: 0.7734
1184/1424 [=======================>......] - ETA: 1s - loss: 0.5015 - acc: 0.7745
1216/1424 [========================>.....] - ETA: 1s - loss: 0.5022 - acc: 0.7730
1248/1424 [=========================>....] - ETA: 1s - loss: 0.5006 - acc: 0.7724
1280/1424 [=========================>....] - ETA: 0s - loss: 0.5014 - acc: 0.7719
1312/1424 [==========================>...] - ETA: 0s - loss: 0.4987 - acc: 0.7729
1344/1424 [===========================>..] - ETA: 0s - loss: 0.4982 - acc: 0.7746
1376/1424 [===========================>..] - ETA: 0s - loss: 0.5051 - acc: 0.7689
1408/1424 [============================>.] - ETA: 0s - loss: 0.5068 - acc: 0.7678
1424/1424 [==============================] - 12s 8ms/step - loss: 0.5032 - acc: 0.7704 - val_loss: 0.4593 - val_acc: 0.8051
Train on 1424 samples, validate on 708 samples
Epoch 1/1

  32/1424 [..............................] - ETA: 8s - loss: 0.5083 - acc: 0.7188
  64/1424 [>.............................] - ETA: 8s - loss: 0.5015 - acc: 0.7188
  96/1424 [=>............................] - ETA: 8s - loss: 0.4465 - acc: 0.7708
 128/1424 [=>............................] - ETA: 8s - loss: 0.4808 - acc: 0.7422
 160/1424 [==>...........................] - ETA: 7s - loss: 0.5082 - acc: 0.7312
 192/1424 [===>..........................] - ETA: 7s - loss: 0.5357 - acc: 0.7135
 224/1424 [===>..........................] - ETA: 7s - loss: 0.5239 - acc: 0.7232
 256/1424 [====>.........................] - ETA: 7s - loss: 0.5087 - acc: 0.7422
 288/1424 [=====>........................] - ETA: 7s - loss: 0.5108 - acc: 0.7396
 320/1424 [=====>........................] - ETA: 6s - loss: 0.5200 - acc: 0.7344
 352/1424 [======>.......................] - ETA: 6s - loss: 0.5114 - acc: 0.7472
 384/1424 [=======>......................] - ETA: 6s - loss: 0.5093 - acc: 0.7448
 416/1424 [=======>......................] - ETA: 6s - loss: 0.5027 - acc: 0.7500
 448/1424 [========>.....................] - ETA: 6s - loss: 0.5092 - acc: 0.7455
 480/1424 [=========>....................] - ETA: 5s - loss: 0.5083 - acc: 0.7479
 512/1424 [=========>....................] - ETA: 5s - loss: 0.5083 - acc: 0.7461
 544/1424 [==========>...................] - ETA: 5s - loss: 0.5369 - acc: 0.7463
 576/1424 [===========>..................] - ETA: 5s - loss: 0.5321 - acc: 0.7517
 608/1424 [===========>..................] - ETA: 5s - loss: 0.5230 - acc: 0.7582
 640/1424 [============>.................] - ETA: 4s - loss: 0.5146 - acc: 0.7656
 672/1424 [=============>................] - ETA: 4s - loss: 0.5217 - acc: 0.7634
 704/1424 [=============>................] - ETA: 4s - loss: 0.5383 - acc: 0.7670
 736/1424 [==============>...............] - ETA: 4s - loss: 0.5280 - acc: 0.7731
 768/1424 [===============>..............] - ETA: 4s - loss: 0.5278 - acc: 0.7747
 800/1424 [===============>..............] - ETA: 3s - loss: 0.5488 - acc: 0.7712
 832/1424 [================>.............] - ETA: 3s - loss: 0.5442 - acc: 0.7728
 864/1424 [=================>............] - ETA: 3s - loss: 0.5570 - acc: 0.7766
 896/1424 [=================>............] - ETA: 3s - loss: 0.5705 - acc: 0.7768
 928/1424 [==================>...........] - ETA: 3s - loss: 0.6002 - acc: 0.7737
 960/1424 [===================>..........] - ETA: 2s - loss: 0.5955 - acc: 0.7760
 992/1424 [===================>..........] - ETA: 2s - loss: 0.5930 - acc: 0.7762
1024/1424 [====================>.........] - ETA: 2s - loss: 0.5884 - acc: 0.7744
1056/1424 [=====================>........] - ETA: 2s - loss: 0.6013 - acc: 0.7699
1088/1424 [=====================>........] - ETA: 2s - loss: 0.6097 - acc: 0.7711
1120/1424 [======================>.......] - ETA: 1s - loss: 0.6029 - acc: 0.7732
1152/1424 [=======================>......] - ETA: 1s - loss: 0.5964 - acc: 0.7752
1184/1424 [=======================>......] - ETA: 1s - loss: 0.5924 - acc: 0.7720
1216/1424 [========================>.....] - ETA: 1s - loss: 0.5877 - acc: 0.7714
1248/1424 [=========================>....] - ETA: 1s - loss: 0.5860 - acc: 0.7716
1280/1424 [=========================>....] - ETA: 0s - loss: 0.5815 - acc: 0.7734
1312/1424 [==========================>...] - ETA: 0s - loss: 0.5820 - acc: 0.7706
1344/1424 [===========================>..] - ETA: 0s - loss: 0.5775 - acc: 0.7708
1376/1424 [===========================>..] - ETA: 0s - loss: 0.5740 - acc: 0.7725
1408/1424 [============================>.] - ETA: 0s - loss: 0.5759 - acc: 0.7713
1424/1424 [==============================] - 12s 8ms/step - loss: 0.5750 - acc: 0.7704 - val_loss: 0.4713 - val_acc: 0.7994

  32/1424 [..............................] - ETA: 25s
  64/1424 [>.............................] - ETA: 15s
  96/1424 [=>............................] - ETA: 11s
 128/1424 [=>............................] - ETA: 9s 
 160/1424 [==>...........................] - ETA: 8s
 192/1424 [===>..........................] - ETA: 7s
 224/1424 [===>..........................] - ETA: 6s
 256/1424 [====>.........................] - ETA: 6s
 288/1424 [=====>........................] - ETA: 5s
 320/1424 [=====>........................] - ETA: 5s
 352/1424 [======>.......................] - ETA: 5s
 384/1424 [=======>......................] - ETA: 5s
 416/1424 [=======>......................] - ETA: 4s
 448/1424 [========>.....................] - ETA: 4s
 480/1424 [=========>....................] - ETA: 4s
 512/1424 [=========>....................] - ETA: 4s
 544/1424 [==========>...................] - ETA: 3s
 576/1424 [===========>..................] - ETA: 3s
 608/1424 [===========>..................] - ETA: 3s
 640/1424 [============>.................] - ETA: 3s
 672/1424 [=============>................] - ETA: 3s
 704/1424 [=============>................] - ETA: 3s
 736/1424 [==============>...............] - ETA: 2s
 768/1424 [===============>..............] - ETA: 2s
 800/1424 [===============>..............] - ETA: 2s
 832/1424 [================>.............] - ETA: 2s
 864/1424 [=================>............] - ETA: 2s
 896/1424 [=================>............] - ETA: 2s
 928/1424 [==================>...........] - ETA: 2s
 960/1424 [===================>..........] - ETA: 1s
 992/1424 [===================>..........] - ETA: 1s
1024/1424 [====================>.........] - ETA: 1s
1056/1424 [=====================>........] - ETA: 1s
1088/1424 [=====================>........] - ETA: 1s
1120/1424 [======================>.......] - ETA: 1s
1152/1424 [=======================>......] - ETA: 1s
1184/1424 [=======================>......] - ETA: 0s
1216/1424 [========================>.....] - ETA: 0s
1248/1424 [=========================>....] - ETA: 0s
1280/1424 [=========================>....] - ETA: 0s
1312/1424 [==========================>...] - ETA: 0s
1344/1424 [===========================>..] - ETA: 0s
1376/1424 [===========================>..] - ETA: 0s
1408/1424 [============================>.] - ETA: 0s
1424/1424 [==============================] - 6s 4ms/step
Test acc: 0.8202247191011236

  32/1424 [..............................] - ETA: 5s
  64/1424 [>.............................] - ETA: 4s
  96/1424 [=>............................] - ETA: 4s
 128/1424 [=>............................] - ETA: 4s
 160/1424 [==>...........................] - ETA: 4s
 192/1424 [===>..........................] - ETA: 4s
 224/1424 [===>..........................] - ETA: 4s
 256/1424 [====>.........................] - ETA: 4s
 288/1424 [=====>........................] - ETA: 4s
 320/1424 [=====>........................] - ETA: 3s
 352/1424 [======>.......................] - ETA: 3s
 384/1424 [=======>......................] - ETA: 3s
 416/1424 [=======>......................] - ETA: 3s
 448/1424 [========>.....................] - ETA: 3s
 480/1424 [=========>....................] - ETA: 3s
 512/1424 [=========>....................] - ETA: 3s
 544/1424 [==========>...................] - ETA: 3s
 576/1424 [===========>..................] - ETA: 3s
 608/1424 [===========>..................] - ETA: 2s
 640/1424 [============>.................] - ETA: 2s
 672/1424 [=============>................] - ETA: 2s
 704/1424 [=============>................] - ETA: 2s
 736/1424 [==============>...............] - ETA: 2s
 768/1424 [===============>..............] - ETA: 2s
 800/1424 [===============>..............] - ETA: 2s
 832/1424 [================>.............] - ETA: 2s
 864/1424 [=================>............] - ETA: 1s
 896/1424 [=================>............] - ETA: 1s
 928/1424 [==================>...........] - ETA: 1s
 960/1424 [===================>..........] - ETA: 1s
 992/1424 [===================>..........] - ETA: 1s
1024/1424 [====================>.........] - ETA: 1s
1056/1424 [=====================>........] - ETA: 1s
1088/1424 [=====================>........] - ETA: 1s
1120/1424 [======================>.......] - ETA: 1s
1152/1424 [=======================>......] - ETA: 0s
1184/1424 [=======================>......] - ETA: 0s
1216/1424 [========================>.....] - ETA: 0s
1248/1424 [=========================>....] - ETA: 0s
1280/1424 [=========================>....] - ETA: 0s
1312/1424 [==========================>...] - ETA: 0s
1344/1424 [===========================>..] - ETA: 0s
1376/1424 [===========================>..] - ETA: 0s
1408/1424 [============================>.] - ETA: 0s
1424/1424 [==============================] - 5s 4ms/step
Test acc: [0.4089669725868139, 0.8342696629213483]
Test auc: 0.8997709806211338
Test mcc: 0.6410187053390664
Execute epoch: 23
Execute time: 287.79560470581055
(W) Execute time: 285.0469260215759
