_________________________________________________________________
Layer (type)                 Output Shape              Param #   
=================================================================
embedding_1 (Embedding)      (None, None, 128)         2688      
_________________________________________________________________
lstm_1 (LSTM)                (None, None, 64)          49408     
_________________________________________________________________
lstm_2 (LSTM)                (None, None, 64)          33024     
_________________________________________________________________
lstm_3 (LSTM)                (None, 64)                33024     
_________________________________________________________________
dense_1 (Dense)              (None, 16)                1040      
_________________________________________________________________
dense_2 (Dense)              (None, 1)                 17        
=================================================================
Total params: 119,201
Trainable params: 119,201
Non-trainable params: 0
_________________________________________________________________
Train on 1424 samples, validate on 708 samples
Epoch 1/1

  32/1424 [..............................] - ETA: 2:22 - loss: 0.6935 - acc: 0.5000
  64/1424 [>.............................] - ETA: 1:13 - loss: 0.6934 - acc: 0.4219
  96/1424 [=>............................] - ETA: 50s - loss: 0.6934 - acc: 0.4688 
 128/1424 [=>............................] - ETA: 39s - loss: 0.6933 - acc: 0.4688
 160/1424 [==>...........................] - ETA: 32s - loss: 0.6927 - acc: 0.5062
 192/1424 [===>..........................] - ETA: 27s - loss: 0.6926 - acc: 0.5156
 224/1424 [===>..........................] - ETA: 23s - loss: 0.6924 - acc: 0.5223
 256/1424 [====>.........................] - ETA: 21s - loss: 0.6923 - acc: 0.5234
 288/1424 [=====>........................] - ETA: 19s - loss: 0.6930 - acc: 0.5069
 320/1424 [=====>........................] - ETA: 17s - loss: 0.6932 - acc: 0.5031
 352/1424 [======>.......................] - ETA: 16s - loss: 0.6937 - acc: 0.4886
 384/1424 [=======>......................] - ETA: 14s - loss: 0.6934 - acc: 0.4948
 416/1424 [=======>......................] - ETA: 13s - loss: 0.6931 - acc: 0.5000
 448/1424 [========>.....................] - ETA: 12s - loss: 0.6933 - acc: 0.4955
 480/1424 [=========>....................] - ETA: 11s - loss: 0.6930 - acc: 0.5021
 512/1424 [=========>....................] - ETA: 11s - loss: 0.6932 - acc: 0.4980
 544/1424 [==========>...................] - ETA: 10s - loss: 0.6932 - acc: 0.4982
 576/1424 [===========>..................] - ETA: 9s - loss: 0.6932 - acc: 0.4948 
 608/1424 [===========>..................] - ETA: 9s - loss: 0.6931 - acc: 0.4967
 640/1424 [============>.................] - ETA: 8s - loss: 0.6930 - acc: 0.5000
 672/1424 [=============>................] - ETA: 8s - loss: 0.6930 - acc: 0.4985
 704/1424 [=============>................] - ETA: 7s - loss: 0.6930 - acc: 0.4986
 736/1424 [==============>...............] - ETA: 7s - loss: 0.6930 - acc: 0.4973
 768/1424 [===============>..............] - ETA: 6s - loss: 0.6930 - acc: 0.4974
 800/1424 [===============>..............] - ETA: 6s - loss: 0.6929 - acc: 0.4975
 832/1424 [================>.............] - ETA: 5s - loss: 0.6929 - acc: 0.4964
 864/1424 [=================>............] - ETA: 5s - loss: 0.6928 - acc: 0.4988
 896/1424 [=================>............] - ETA: 5s - loss: 0.6928 - acc: 0.4978
 928/1424 [==================>...........] - ETA: 4s - loss: 0.6928 - acc: 0.4968
 960/1424 [===================>..........] - ETA: 4s - loss: 0.6928 - acc: 0.4948
 992/1424 [===================>..........] - ETA: 4s - loss: 0.6928 - acc: 0.4919
1024/1424 [====================>.........] - ETA: 3s - loss: 0.6927 - acc: 0.4932
1056/1424 [=====================>........] - ETA: 3s - loss: 0.6927 - acc: 0.4877
1088/1424 [=====================>........] - ETA: 3s - loss: 0.6925 - acc: 0.4890
1120/1424 [======================>.......] - ETA: 2s - loss: 0.6923 - acc: 0.4911
1152/1424 [=======================>......] - ETA: 2s - loss: 0.6920 - acc: 0.4931
1184/1424 [=======================>......] - ETA: 2s - loss: 0.6917 - acc: 0.4941
1216/1424 [========================>.....] - ETA: 1s - loss: 0.6915 - acc: 0.4942
1248/1424 [=========================>....] - ETA: 1s - loss: 0.6914 - acc: 0.4936
1280/1424 [=========================>....] - ETA: 1s - loss: 0.6914 - acc: 0.4922
1312/1424 [==========================>...] - ETA: 0s - loss: 0.6912 - acc: 0.4893
1344/1424 [===========================>..] - ETA: 0s - loss: 0.6909 - acc: 0.4888
1376/1424 [===========================>..] - ETA: 0s - loss: 0.6899 - acc: 0.4935
1408/1424 [============================>.] - ETA: 0s - loss: 0.6889 - acc: 0.4964
1424/1424 [==============================] - 15s 10ms/step - loss: 0.6882 - acc: 0.4965 - val_loss: 0.6359 - val_acc: 0.5452
Train on 1424 samples, validate on 708 samples
Epoch 1/1

  32/1424 [..............................] - ETA: 9s - loss: 0.6907 - acc: 0.4688
  64/1424 [>.............................] - ETA: 8s - loss: 0.6573 - acc: 0.4844
  96/1424 [=>............................] - ETA: 8s - loss: 0.5903 - acc: 0.5729
 128/1424 [=>............................] - ETA: 8s - loss: 0.6152 - acc: 0.5938
 160/1424 [==>...........................] - ETA: 7s - loss: 0.7114 - acc: 0.5750
 192/1424 [===>..........................] - ETA: 7s - loss: 0.7623 - acc: 0.6042
 224/1424 [===>..........................] - ETA: 7s - loss: 0.8088 - acc: 0.6116
 256/1424 [====>.........................] - ETA: 7s - loss: 0.7765 - acc: 0.6367
 288/1424 [=====>........................] - ETA: 7s - loss: 0.7513 - acc: 0.6736
 320/1424 [=====>........................] - ETA: 6s - loss: 0.7337 - acc: 0.6875
 352/1424 [======>.......................] - ETA: 6s - loss: 0.7192 - acc: 0.6989
 384/1424 [=======>......................] - ETA: 6s - loss: 0.7185 - acc: 0.7031
 416/1424 [=======>......................] - ETA: 6s - loss: 0.7130 - acc: 0.7067
 448/1424 [========>.....................] - ETA: 6s - loss: 0.7395 - acc: 0.7098
 480/1424 [=========>....................] - ETA: 5s - loss: 0.7327 - acc: 0.7083
 512/1424 [=========>....................] - ETA: 5s - loss: 0.7239 - acc: 0.7188
 544/1424 [==========>...................] - ETA: 5s - loss: 0.7211 - acc: 0.7169
 576/1424 [===========>..................] - ETA: 5s - loss: 0.7427 - acc: 0.7170
 608/1424 [===========>..................] - ETA: 5s - loss: 0.7367 - acc: 0.7204
 640/1424 [============>.................] - ETA: 4s - loss: 0.7320 - acc: 0.7203
 672/1424 [=============>................] - ETA: 4s - loss: 0.7268 - acc: 0.7277
 704/1424 [=============>................] - ETA: 4s - loss: 0.7218 - acc: 0.7301
 736/1424 [==============>...............] - ETA: 4s - loss: 0.7164 - acc: 0.7323
 768/1424 [===============>..............] - ETA: 4s - loss: 0.7100 - acc: 0.7357
 800/1424 [===============>..............] - ETA: 3s - loss: 0.7061 - acc: 0.7375
 832/1424 [================>.............] - ETA: 3s - loss: 0.7062 - acc: 0.7404
 864/1424 [=================>............] - ETA: 3s - loss: 0.6976 - acc: 0.7431
 896/1424 [=================>............] - ETA: 3s - loss: 0.6891 - acc: 0.7478
 928/1424 [==================>...........] - ETA: 3s - loss: 0.7012 - acc: 0.7500
 960/1424 [===================>..........] - ETA: 2s - loss: 0.6935 - acc: 0.7521
 992/1424 [===================>..........] - ETA: 2s - loss: 0.6917 - acc: 0.7530
1024/1424 [====================>.........] - ETA: 2s - loss: 0.6850 - acc: 0.7549
1056/1424 [=====================>........] - ETA: 2s - loss: 0.6828 - acc: 0.7557
1088/1424 [=====================>........] - ETA: 2s - loss: 0.6921 - acc: 0.7564
1120/1424 [======================>.......] - ETA: 1s - loss: 0.7113 - acc: 0.7545
1152/1424 [=======================>......] - ETA: 1s - loss: 0.7081 - acc: 0.7535
1184/1424 [=======================>......] - ETA: 1s - loss: 0.7033 - acc: 0.7534
1216/1424 [========================>.....] - ETA: 1s - loss: 0.6996 - acc: 0.7549
1248/1424 [=========================>....] - ETA: 1s - loss: 0.6968 - acc: 0.7540
1280/1424 [=========================>....] - ETA: 0s - loss: 0.7050 - acc: 0.7523
1312/1424 [==========================>...] - ETA: 0s - loss: 0.7017 - acc: 0.7515
1344/1424 [===========================>..] - ETA: 0s - loss: 0.7112 - acc: 0.7485
1376/1424 [===========================>..] - ETA: 0s - loss: 0.7048 - acc: 0.7500
1408/1424 [============================>.] - ETA: 0s - loss: 0.7111 - acc: 0.7472
1424/1424 [==============================] - 12s 8ms/step - loss: 0.7084 - acc: 0.7472 - val_loss: 0.9373 - val_acc: 0.6398
Train on 1424 samples, validate on 708 samples
Epoch 1/1

  32/1424 [..............................] - ETA: 8s - loss: 1.9554 - acc: 0.5625
  64/1424 [>.............................] - ETA: 8s - loss: 1.9189 - acc: 0.5938
  96/1424 [=>............................] - ETA: 8s - loss: 1.4249 - acc: 0.6771
 128/1424 [=>............................] - ETA: 8s - loss: 1.2282 - acc: 0.7188
 160/1424 [==>...........................] - ETA: 7s - loss: 1.2623 - acc: 0.7063
 192/1424 [===>..........................] - ETA: 7s - loss: 1.1440 - acc: 0.7188
 224/1424 [===>..........................] - ETA: 7s - loss: 1.2171 - acc: 0.7143
 256/1424 [====>.........................] - ETA: 7s - loss: 1.1154 - acc: 0.7344
 288/1424 [=====>........................] - ETA: 7s - loss: 1.0441 - acc: 0.7569
 320/1424 [=====>........................] - ETA: 6s - loss: 0.9846 - acc: 0.7750
 352/1424 [======>.......................] - ETA: 6s - loss: 0.9889 - acc: 0.7756
 384/1424 [=======>......................] - ETA: 6s - loss: 0.9530 - acc: 0.7708
 416/1424 [=======>......................] - ETA: 6s - loss: 0.9822 - acc: 0.7644
 448/1424 [========>.....................] - ETA: 6s - loss: 0.9511 - acc: 0.7612
 480/1424 [=========>....................] - ETA: 5s - loss: 0.9258 - acc: 0.7542
 512/1424 [=========>....................] - ETA: 5s - loss: 0.9330 - acc: 0.7637
 544/1424 [==========>...................] - ETA: 5s - loss: 0.9147 - acc: 0.7610
 576/1424 [===========>..................] - ETA: 5s - loss: 0.8963 - acc: 0.7535
 608/1424 [===========>..................] - ETA: 5s - loss: 0.8819 - acc: 0.7516
 640/1424 [============>.................] - ETA: 4s - loss: 0.8685 - acc: 0.7422
 672/1424 [=============>................] - ETA: 4s - loss: 0.8552 - acc: 0.7366
 704/1424 [=============>................] - ETA: 4s - loss: 0.8409 - acc: 0.7301
 736/1424 [==============>...............] - ETA: 4s - loss: 0.8311 - acc: 0.7269
 768/1424 [===============>..............] - ETA: 4s - loss: 0.8198 - acc: 0.7240
 800/1424 [===============>..............] - ETA: 3s - loss: 0.8093 - acc: 0.7225
 832/1424 [================>.............] - ETA: 3s - loss: 0.8012 - acc: 0.7224
 864/1424 [=================>............] - ETA: 3s - loss: 0.7962 - acc: 0.7164
 896/1424 [=================>............] - ETA: 3s - loss: 0.7913 - acc: 0.7087
 928/1424 [==================>...........] - ETA: 3s - loss: 0.7891 - acc: 0.7026
 960/1424 [===================>..........] - ETA: 2s - loss: 0.7834 - acc: 0.7021
 992/1424 [===================>..........] - ETA: 2s - loss: 0.7747 - acc: 0.7056
1024/1424 [====================>.........] - ETA: 2s - loss: 0.7696 - acc: 0.7051
1056/1424 [=====================>........] - ETA: 2s - loss: 0.7651 - acc: 0.7064
1088/1424 [=====================>........] - ETA: 2s - loss: 0.7606 - acc: 0.7077
1120/1424 [======================>.......] - ETA: 1s - loss: 0.7548 - acc: 0.7107
1152/1424 [=======================>......] - ETA: 1s - loss: 0.7496 - acc: 0.7118
1184/1424 [=======================>......] - ETA: 1s - loss: 0.7448 - acc: 0.7162
1216/1424 [========================>.....] - ETA: 1s - loss: 0.7396 - acc: 0.7171
1248/1424 [=========================>....] - ETA: 1s - loss: 0.7351 - acc: 0.7171
1280/1424 [=========================>....] - ETA: 0s - loss: 0.7296 - acc: 0.7203
1312/1424 [==========================>...] - ETA: 0s - loss: 0.7251 - acc: 0.7195
1344/1424 [===========================>..] - ETA: 0s - loss: 0.7223 - acc: 0.7202
1376/1424 [===========================>..] - ETA: 0s - loss: 0.7177 - acc: 0.7224
1408/1424 [============================>.] - ETA: 0s - loss: 0.7140 - acc: 0.7216
1424/1424 [==============================] - 12s 8ms/step - loss: 0.7112 - acc: 0.7219 - val_loss: 0.5399 - val_acc: 0.8418
Train on 1424 samples, validate on 708 samples
Epoch 1/1

  32/1424 [..............................] - ETA: 8s - loss: 0.5257 - acc: 0.7188
  64/1424 [>.............................] - ETA: 8s - loss: 0.8219 - acc: 0.7656
  96/1424 [=>............................] - ETA: 8s - loss: 0.7214 - acc: 0.7396
 128/1424 [=>............................] - ETA: 8s - loss: 0.8931 - acc: 0.7891
 160/1424 [==>...........................] - ETA: 7s - loss: 0.9049 - acc: 0.7875
 192/1424 [===>..........................] - ETA: 7s - loss: 0.9162 - acc: 0.7969
 224/1424 [===>..........................] - ETA: 7s - loss: 0.9174 - acc: 0.7946
 256/1424 [====>.........................] - ETA: 7s - loss: 0.8792 - acc: 0.7891
 288/1424 [=====>........................] - ETA: 7s - loss: 0.8343 - acc: 0.7917
 320/1424 [=====>........................] - ETA: 6s - loss: 0.8974 - acc: 0.7875
 352/1424 [======>.......................] - ETA: 6s - loss: 0.8638 - acc: 0.7898
 384/1424 [=======>......................] - ETA: 6s - loss: 0.8290 - acc: 0.7995
 416/1424 [=======>......................] - ETA: 6s - loss: 0.8023 - acc: 0.7981
 448/1424 [========>.....................] - ETA: 6s - loss: 0.7716 - acc: 0.8080
 480/1424 [=========>....................] - ETA: 5s - loss: 0.7776 - acc: 0.8146
 512/1424 [=========>....................] - ETA: 5s - loss: 0.7530 - acc: 0.8164
 544/1424 [==========>...................] - ETA: 5s - loss: 0.7576 - acc: 0.8199
 576/1424 [===========>..................] - ETA: 5s - loss: 0.8185 - acc: 0.8212
 608/1424 [===========>..................] - ETA: 5s - loss: 0.7908 - acc: 0.8257
 640/1424 [============>.................] - ETA: 4s - loss: 0.8508 - acc: 0.8234
 672/1424 [=============>................] - ETA: 4s - loss: 0.8222 - acc: 0.8259
 704/1424 [=============>................] - ETA: 4s - loss: 0.8042 - acc: 0.8239
 736/1424 [==============>...............] - ETA: 4s - loss: 0.8080 - acc: 0.8261
 768/1424 [===============>..............] - ETA: 4s - loss: 0.8156 - acc: 0.8216
 800/1424 [===============>..............] - ETA: 3s - loss: 0.8846 - acc: 0.8137
 832/1424 [================>.............] - ETA: 3s - loss: 0.8849 - acc: 0.8125
 864/1424 [=================>............] - ETA: 3s - loss: 0.8870 - acc: 0.8125
 896/1424 [=================>............] - ETA: 3s - loss: 0.8693 - acc: 0.8158
 928/1424 [==================>...........] - ETA: 3s - loss: 0.8580 - acc: 0.8136
 960/1424 [===================>..........] - ETA: 2s - loss: 0.8434 - acc: 0.8146
 992/1424 [===================>..........] - ETA: 2s - loss: 0.8300 - acc: 0.8135
1024/1424 [====================>.........] - ETA: 2s - loss: 0.8235 - acc: 0.8135
1056/1424 [=====================>........] - ETA: 2s - loss: 0.8268 - acc: 0.8097
1088/1424 [=====================>........] - ETA: 2s - loss: 0.8167 - acc: 0.8097
1120/1424 [======================>.......] - ETA: 1s - loss: 0.8059 - acc: 0.8116
1152/1424 [=======================>......] - ETA: 1s - loss: 0.7982 - acc: 0.8116
1184/1424 [=======================>......] - ETA: 1s - loss: 0.7944 - acc: 0.8066
1216/1424 [========================>.....] - ETA: 1s - loss: 0.7871 - acc: 0.8084
1248/1424 [=========================>....] - ETA: 1s - loss: 0.7809 - acc: 0.8101
1280/1424 [=========================>....] - ETA: 0s - loss: 0.7868 - acc: 0.8086
1312/1424 [==========================>...] - ETA: 0s - loss: 0.7816 - acc: 0.8072
1344/1424 [===========================>..] - ETA: 0s - loss: 0.7757 - acc: 0.8080
1376/1424 [===========================>..] - ETA: 0s - loss: 0.7806 - acc: 0.8089
1408/1424 [============================>.] - ETA: 0s - loss: 0.7754 - acc: 0.8075
1424/1424 [==============================] - 12s 8ms/step - loss: 0.7731 - acc: 0.8069 - val_loss: 0.5508 - val_acc: 0.7768
Train on 1424 samples, validate on 708 samples
Epoch 1/1

  32/1424 [..............................] - ETA: 8s - loss: 0.5214 - acc: 0.7500
  64/1424 [>.............................] - ETA: 8s - loss: 0.4827 - acc: 0.8438
  96/1424 [=>............................] - ETA: 8s - loss: 0.5180 - acc: 0.7812
 128/1424 [=>............................] - ETA: 8s - loss: 0.5103 - acc: 0.8047
 160/1424 [==>...........................] - ETA: 7s - loss: 0.5095 - acc: 0.8063
 192/1424 [===>..........................] - ETA: 7s - loss: 0.4970 - acc: 0.8073
 224/1424 [===>..........................] - ETA: 7s - loss: 0.4979 - acc: 0.8125
 256/1424 [====>.........................] - ETA: 7s - loss: 0.4943 - acc: 0.8086
 288/1424 [=====>........................] - ETA: 7s - loss: 0.4960 - acc: 0.8056
 320/1424 [=====>........................] - ETA: 6s - loss: 0.4982 - acc: 0.7937
 352/1424 [======>.......................] - ETA: 6s - loss: 0.5011 - acc: 0.7926
 384/1424 [=======>......................] - ETA: 6s - loss: 0.5016 - acc: 0.7917
 416/1424 [=======>......................] - ETA: 6s - loss: 0.4994 - acc: 0.7957
 448/1424 [========>.....................] - ETA: 6s - loss: 0.5143 - acc: 0.7902
 480/1424 [=========>....................] - ETA: 5s - loss: 0.5064 - acc: 0.7958
 512/1424 [=========>....................] - ETA: 5s - loss: 0.5078 - acc: 0.7949
 544/1424 [==========>...................] - ETA: 5s - loss: 0.5363 - acc: 0.7868
 576/1424 [===========>..................] - ETA: 5s - loss: 0.5336 - acc: 0.7847
 608/1424 [===========>..................] - ETA: 5s - loss: 0.5250 - acc: 0.7862
 640/1424 [============>.................] - ETA: 4s - loss: 0.5915 - acc: 0.7844
 672/1424 [=============>................] - ETA: 4s - loss: 0.6537 - acc: 0.7812
 704/1424 [=============>................] - ETA: 4s - loss: 0.6838 - acc: 0.7798
 736/1424 [==============>...............] - ETA: 4s - loss: 0.7331 - acc: 0.7745
 768/1424 [===============>..............] - ETA: 4s - loss: 0.7287 - acc: 0.7721
 800/1424 [===============>..............] - ETA: 3s - loss: 0.7358 - acc: 0.7725
 832/1424 [================>.............] - ETA: 3s - loss: 0.7265 - acc: 0.7740
 864/1424 [=================>............] - ETA: 3s - loss: 0.7239 - acc: 0.7731
 896/1424 [=================>............] - ETA: 3s - loss: 0.7153 - acc: 0.7746
 928/1424 [==================>...........] - ETA: 3s - loss: 0.7110 - acc: 0.7737
 960/1424 [===================>..........] - ETA: 2s - loss: 0.7057 - acc: 0.7708
 992/1424 [===================>..........] - ETA: 2s - loss: 0.6964 - acc: 0.7722
1024/1424 [====================>.........] - ETA: 2s - loss: 0.6936 - acc: 0.7676
1056/1424 [=====================>........] - ETA: 2s - loss: 0.6892 - acc: 0.7642
1088/1424 [=====================>........] - ETA: 2s - loss: 0.6826 - acc: 0.7647
1120/1424 [======================>.......] - ETA: 1s - loss: 0.6811 - acc: 0.7625
1152/1424 [=======================>......] - ETA: 1s - loss: 0.6762 - acc: 0.7613
1184/1424 [=======================>......] - ETA: 1s - loss: 0.6734 - acc: 0.7593
1216/1424 [========================>.....] - ETA: 1s - loss: 0.6704 - acc: 0.7566
1248/1424 [=========================>....] - ETA: 1s - loss: 0.6660 - acc: 0.7548
1280/1424 [=========================>....] - ETA: 0s - loss: 0.6635 - acc: 0.7523
1312/1424 [==========================>...] - ETA: 0s - loss: 0.6620 - acc: 0.7470
1344/1424 [===========================>..] - ETA: 0s - loss: 0.6586 - acc: 0.7433
1376/1424 [===========================>..] - ETA: 0s - loss: 0.6544 - acc: 0.7449
1408/1424 [============================>.] - ETA: 0s - loss: 0.6524 - acc: 0.7436
1424/1424 [==============================] - 12s 8ms/step - loss: 0.6521 - acc: 0.7430 - val_loss: 0.5633 - val_acc: 0.7105
Train on 1424 samples, validate on 708 samples
Epoch 1/1

  32/1424 [..............................] - ETA: 8s - loss: 0.6313 - acc: 0.5625
  64/1424 [>.............................] - ETA: 8s - loss: 0.6346 - acc: 0.6094
  96/1424 [=>............................] - ETA: 8s - loss: 0.6583 - acc: 0.6354
 128/1424 [=>............................] - ETA: 8s - loss: 0.6137 - acc: 0.6406
 160/1424 [==>...........................] - ETA: 7s - loss: 0.6037 - acc: 0.6438
 192/1424 [===>..........................] - ETA: 7s - loss: 0.5979 - acc: 0.6510
 224/1424 [===>..........................] - ETA: 7s - loss: 0.5854 - acc: 0.6696
 256/1424 [====>.........................] - ETA: 7s - loss: 0.5826 - acc: 0.6836
 288/1424 [=====>........................] - ETA: 7s - loss: 0.5696 - acc: 0.7014
 320/1424 [=====>........................] - ETA: 6s - loss: 0.5723 - acc: 0.7125
 352/1424 [======>.......................] - ETA: 6s - loss: 0.5684 - acc: 0.7159
 384/1424 [=======>......................] - ETA: 6s - loss: 0.5646 - acc: 0.7161
 416/1424 [=======>......................] - ETA: 6s - loss: 0.5641 - acc: 0.7163
 448/1424 [========>.....................] - ETA: 6s - loss: 0.5719 - acc: 0.7098
 480/1424 [=========>....................] - ETA: 5s - loss: 0.5701 - acc: 0.7083
 512/1424 [=========>....................] - ETA: 5s - loss: 0.5708 - acc: 0.7070
 544/1424 [==========>...................] - ETA: 5s - loss: 0.5702 - acc: 0.7151
 576/1424 [===========>..................] - ETA: 5s - loss: 0.5706 - acc: 0.7222
 608/1424 [===========>..................] - ETA: 5s - loss: 0.5684 - acc: 0.7319
 640/1424 [============>.................] - ETA: 4s - loss: 0.5649 - acc: 0.7375
 672/1424 [=============>................] - ETA: 4s - loss: 0.5638 - acc: 0.7381
 704/1424 [=============>................] - ETA: 4s - loss: 0.5593 - acc: 0.7415
 736/1424 [==============>...............] - ETA: 4s - loss: 0.5601 - acc: 0.7418
 768/1424 [===============>..............] - ETA: 4s - loss: 0.5574 - acc: 0.7500
 800/1424 [===============>..............] - ETA: 3s - loss: 0.5594 - acc: 0.7500
 832/1424 [================>.............] - ETA: 3s - loss: 0.5634 - acc: 0.7464
 864/1424 [=================>............] - ETA: 3s - loss: 0.5616 - acc: 0.7465
 896/1424 [=================>............] - ETA: 3s - loss: 0.5583 - acc: 0.7511
 928/1424 [==================>...........] - ETA: 3s - loss: 0.5574 - acc: 0.7511
 960/1424 [===================>..........] - ETA: 2s - loss: 0.5564 - acc: 0.7521
 992/1424 [===================>..........] - ETA: 2s - loss: 0.5566 - acc: 0.7520
1024/1424 [====================>.........] - ETA: 2s - loss: 0.5570 - acc: 0.7539
1056/1424 [=====================>........] - ETA: 2s - loss: 0.5542 - acc: 0.7566
1088/1424 [=====================>........] - ETA: 2s - loss: 0.5532 - acc: 0.7574
1120/1424 [======================>.......] - ETA: 1s - loss: 0.5546 - acc: 0.7562
1152/1424 [=======================>......] - ETA: 1s - loss: 0.5525 - acc: 0.7569
1184/1424 [=======================>......] - ETA: 1s - loss: 0.5534 - acc: 0.7568
1216/1424 [========================>.....] - ETA: 1s - loss: 0.5521 - acc: 0.7582
1248/1424 [=========================>....] - ETA: 1s - loss: 0.5481 - acc: 0.7628
1280/1424 [=========================>....] - ETA: 0s - loss: 0.5445 - acc: 0.7648
1312/1424 [==========================>...] - ETA: 0s - loss: 0.5449 - acc: 0.7652
1344/1424 [===========================>..] - ETA: 0s - loss: 0.5417 - acc: 0.7686
1376/1424 [===========================>..] - ETA: 0s - loss: 0.5549 - acc: 0.7653
1408/1424 [============================>.] - ETA: 0s - loss: 0.5544 - acc: 0.7663
1424/1424 [==============================] - 12s 8ms/step - loss: 0.5528 - acc: 0.7676 - val_loss: 0.5095 - val_acc: 0.8206
Train on 1424 samples, validate on 708 samples
Epoch 1/1

  32/1424 [..............................] - ETA: 8s - loss: 0.9703 - acc: 0.8125
  64/1424 [>.............................] - ETA: 8s - loss: 0.9614 - acc: 0.8281
  96/1424 [=>............................] - ETA: 8s - loss: 0.8037 - acc: 0.8333
 128/1424 [=>............................] - ETA: 8s - loss: 0.7068 - acc: 0.8438
 160/1424 [==>...........................] - ETA: 7s - loss: 0.6757 - acc: 0.8438
 192/1424 [===>..........................] - ETA: 7s - loss: 0.6298 - acc: 0.8438
 224/1424 [===>..........................] - ETA: 7s - loss: 0.6279 - acc: 0.8348
 256/1424 [====>.........................] - ETA: 7s - loss: 0.6051 - acc: 0.8359
 288/1424 [=====>........................] - ETA: 7s - loss: 0.5825 - acc: 0.8403
 320/1424 [=====>........................] - ETA: 6s - loss: 0.5690 - acc: 0.8313
 352/1424 [======>.......................] - ETA: 6s - loss: 0.5624 - acc: 0.8324
 384/1424 [=======>......................] - ETA: 6s - loss: 0.5636 - acc: 0.8307
 416/1424 [=======>......................] - ETA: 6s - loss: 0.5555 - acc: 0.8293
 448/1424 [========>.....................] - ETA: 6s - loss: 0.6009 - acc: 0.8281
 480/1424 [=========>....................] - ETA: 5s - loss: 0.5979 - acc: 0.8229
 512/1424 [=========>....................] - ETA: 5s - loss: 0.6177 - acc: 0.8164
 544/1424 [==========>...................] - ETA: 5s - loss: 0.6244 - acc: 0.8235
 576/1424 [===========>..................] - ETA: 5s - loss: 0.6171 - acc: 0.8212
 608/1424 [===========>..................] - ETA: 5s - loss: 0.6126 - acc: 0.8141
 640/1424 [============>.................] - ETA: 4s - loss: 0.6066 - acc: 0.8141
 672/1424 [=============>................] - ETA: 4s - loss: 0.6041 - acc: 0.8080
 704/1424 [=============>................] - ETA: 4s - loss: 0.6024 - acc: 0.8082
 736/1424 [==============>...............] - ETA: 4s - loss: 0.6035 - acc: 0.7989
 768/1424 [===============>..............] - ETA: 4s - loss: 0.6006 - acc: 0.7930
 800/1424 [===============>..............] - ETA: 3s - loss: 0.6178 - acc: 0.7875
 832/1424 [================>.............] - ETA: 3s - loss: 0.6133 - acc: 0.7825
 864/1424 [=================>............] - ETA: 3s - loss: 0.6142 - acc: 0.7743
 896/1424 [=================>............] - ETA: 3s - loss: 0.6088 - acc: 0.7723
 928/1424 [==================>...........] - ETA: 3s - loss: 0.6093 - acc: 0.7608
 960/1424 [===================>..........] - ETA: 2s - loss: 0.6261 - acc: 0.7542
 992/1424 [===================>..........] - ETA: 2s - loss: 0.6227 - acc: 0.7510
1024/1424 [====================>.........] - ETA: 2s - loss: 0.6340 - acc: 0.7510
1056/1424 [=====================>........] - ETA: 2s - loss: 0.6475 - acc: 0.7481
1088/1424 [=====================>........] - ETA: 2s - loss: 0.6568 - acc: 0.7454
1120/1424 [======================>.......] - ETA: 1s - loss: 0.6556 - acc: 0.7393
1152/1424 [=======================>......] - ETA: 1s - loss: 0.6825 - acc: 0.7326
1184/1424 [=======================>......] - ETA: 1s - loss: 0.7069 - acc: 0.7264
1216/1424 [========================>.....] - ETA: 1s - loss: 0.7152 - acc: 0.7253
1248/1424 [=========================>....] - ETA: 1s - loss: 0.7127 - acc: 0.7236
1280/1424 [=========================>....] - ETA: 0s - loss: 0.7355 - acc: 0.7234
1312/1424 [==========================>...] - ETA: 0s - loss: 0.7398 - acc: 0.7226
1344/1424 [===========================>..] - ETA: 0s - loss: 0.7325 - acc: 0.7217
1376/1424 [===========================>..] - ETA: 0s - loss: 0.7255 - acc: 0.7209
1408/1424 [============================>.] - ETA: 0s - loss: 0.7239 - acc: 0.7180
1424/1424 [==============================] - 12s 8ms/step - loss: 0.7276 - acc: 0.7184 - val_loss: 0.8597 - val_acc: 0.6455
Train on 1424 samples, validate on 708 samples
Epoch 1/1

  32/1424 [..............................] - ETA: 8s - loss: 1.3537 - acc: 0.7188
  64/1424 [>.............................] - ETA: 8s - loss: 1.3720 - acc: 0.7188
  96/1424 [=>............................] - ETA: 8s - loss: 1.4030 - acc: 0.7083
 128/1424 [=>............................] - ETA: 8s - loss: 1.2936 - acc: 0.7109
 160/1424 [==>...........................] - ETA: 7s - loss: 1.1355 - acc: 0.7188
 192/1424 [===>..........................] - ETA: 7s - loss: 1.0953 - acc: 0.7188
 224/1424 [===>..........................] - ETA: 7s - loss: 1.0089 - acc: 0.7277
 256/1424 [====>.........................] - ETA: 7s - loss: 1.0022 - acc: 0.7188
 288/1424 [=====>........................] - ETA: 7s - loss: 0.9814 - acc: 0.7396
 320/1424 [=====>........................] - ETA: 6s - loss: 0.9447 - acc: 0.7312
 352/1424 [======>.......................] - ETA: 6s - loss: 0.8944 - acc: 0.7415
 384/1424 [=======>......................] - ETA: 6s - loss: 0.8996 - acc: 0.7370
 416/1424 [=======>......................] - ETA: 6s - loss: 0.9045 - acc: 0.7380
 448/1424 [========>.....................] - ETA: 6s - loss: 0.8664 - acc: 0.7500
 480/1424 [=========>....................] - ETA: 5s - loss: 0.8371 - acc: 0.7500
 512/1424 [=========>....................] - ETA: 5s - loss: 0.8167 - acc: 0.7500
 544/1424 [==========>...................] - ETA: 5s - loss: 0.8013 - acc: 0.7500
 576/1424 [===========>..................] - ETA: 5s - loss: 0.7929 - acc: 0.7465
 608/1424 [===========>..................] - ETA: 5s - loss: 0.8052 - acc: 0.7451
 640/1424 [============>.................] - ETA: 4s - loss: 0.7926 - acc: 0.7469
 672/1424 [=============>................] - ETA: 4s - loss: 0.7984 - acc: 0.7470
 704/1424 [=============>................] - ETA: 4s - loss: 0.7843 - acc: 0.7472
 736/1424 [==============>...............] - ETA: 4s - loss: 0.7696 - acc: 0.7459
 768/1424 [===============>..............] - ETA: 4s - loss: 0.7597 - acc: 0.7487
 800/1424 [===============>..............] - ETA: 3s - loss: 0.7484 - acc: 0.7488
 832/1424 [================>.............] - ETA: 3s - loss: 0.7395 - acc: 0.7536
 864/1424 [=================>............] - ETA: 3s - loss: 0.7311 - acc: 0.7569
 896/1424 [=================>............] - ETA: 3s - loss: 0.7447 - acc: 0.7556
 928/1424 [==================>...........] - ETA: 3s - loss: 0.7322 - acc: 0.7608
 960/1424 [===================>..........] - ETA: 2s - loss: 0.7211 - acc: 0.7635
 992/1424 [===================>..........] - ETA: 2s - loss: 0.7376 - acc: 0.7581
1024/1424 [====================>.........] - ETA: 2s - loss: 0.7275 - acc: 0.7617
1056/1424 [=====================>........] - ETA: 2s - loss: 0.7244 - acc: 0.7614
1088/1424 [=====================>........] - ETA: 2s - loss: 0.7161 - acc: 0.7629
1120/1424 [======================>.......] - ETA: 1s - loss: 0.7074 - acc: 0.7661
1152/1424 [=======================>......] - ETA: 1s - loss: 0.7019 - acc: 0.7665
1184/1424 [=======================>......] - ETA: 1s - loss: 0.7091 - acc: 0.7669
1216/1424 [========================>.....] - ETA: 1s - loss: 0.7021 - acc: 0.7689
1248/1424 [=========================>....] - ETA: 1s - loss: 0.7026 - acc: 0.7660
1280/1424 [=========================>....] - ETA: 0s - loss: 0.6976 - acc: 0.7680
1312/1424 [==========================>...] - ETA: 0s - loss: 0.6936 - acc: 0.7660
1344/1424 [===========================>..] - ETA: 0s - loss: 0.6882 - acc: 0.7686
1376/1424 [===========================>..] - ETA: 0s - loss: 0.6822 - acc: 0.7725
1408/1424 [============================>.] - ETA: 0s - loss: 0.6793 - acc: 0.7741
1424/1424 [==============================] - 12s 8ms/step - loss: 0.6760 - acc: 0.7753 - val_loss: 0.4737 - val_acc: 0.8517
Train on 1424 samples, validate on 708 samples
Epoch 1/1

  32/1424 [..............................] - ETA: 8s - loss: 0.3904 - acc: 0.8438
  64/1424 [>.............................] - ETA: 8s - loss: 0.4088 - acc: 0.8438
  96/1424 [=>............................] - ETA: 8s - loss: 0.4324 - acc: 0.8438
 128/1424 [=>............................] - ETA: 8s - loss: 0.5806 - acc: 0.8203
 160/1424 [==>...........................] - ETA: 7s - loss: 0.5689 - acc: 0.8063
 192/1424 [===>..........................] - ETA: 7s - loss: 0.5652 - acc: 0.8073
 224/1424 [===>..........................] - ETA: 7s - loss: 0.5432 - acc: 0.8036
 256/1424 [====>.........................] - ETA: 7s - loss: 0.5916 - acc: 0.8008
 288/1424 [=====>........................] - ETA: 7s - loss: 0.5982 - acc: 0.8056
 320/1424 [=====>........................] - ETA: 6s - loss: 0.5810 - acc: 0.8125
 352/1424 [======>.......................] - ETA: 6s - loss: 0.5647 - acc: 0.8153
 384/1424 [=======>......................] - ETA: 6s - loss: 0.5577 - acc: 0.8151
 416/1424 [=======>......................] - ETA: 6s - loss: 0.5508 - acc: 0.8197
 448/1424 [========>.....................] - ETA: 6s - loss: 0.5666 - acc: 0.8192
 480/1424 [=========>....................] - ETA: 5s - loss: 0.5616 - acc: 0.8146
 512/1424 [=========>....................] - ETA: 5s - loss: 0.5575 - acc: 0.8184
 544/1424 [==========>...................] - ETA: 5s - loss: 0.5454 - acc: 0.8272
 576/1424 [===========>..................] - ETA: 5s - loss: 0.5449 - acc: 0.8247
 608/1424 [===========>..................] - ETA: 5s - loss: 0.5375 - acc: 0.8240
 640/1424 [============>.................] - ETA: 4s - loss: 0.5359 - acc: 0.8219
 672/1424 [=============>................] - ETA: 4s - loss: 0.5367 - acc: 0.8229
 704/1424 [=============>................] - ETA: 4s - loss: 0.5338 - acc: 0.8210
 736/1424 [==============>...............] - ETA: 4s - loss: 0.5281 - acc: 0.8234
 768/1424 [===============>..............] - ETA: 4s - loss: 0.5219 - acc: 0.8255
 800/1424 [===============>..............] - ETA: 3s - loss: 0.5210 - acc: 0.8250
 832/1424 [================>.............] - ETA: 3s - loss: 0.5203 - acc: 0.8197
 864/1424 [=================>............] - ETA: 3s - loss: 0.5203 - acc: 0.8194
 896/1424 [=================>............] - ETA: 3s - loss: 0.5180 - acc: 0.8203
 928/1424 [==================>...........] - ETA: 3s - loss: 0.5152 - acc: 0.8190
 960/1424 [===================>..........] - ETA: 2s - loss: 0.5112 - acc: 0.8219
 992/1424 [===================>..........] - ETA: 2s - loss: 0.5089 - acc: 0.8226
1024/1424 [====================>.........] - ETA: 2s - loss: 0.5080 - acc: 0.8223
1056/1424 [=====================>........] - ETA: 2s - loss: 0.5071 - acc: 0.8229
1088/1424 [=====================>........] - ETA: 2s - loss: 0.5075 - acc: 0.8208
1120/1424 [======================>.......] - ETA: 1s - loss: 0.5093 - acc: 0.8196
1152/1424 [=======================>......] - ETA: 1s - loss: 0.5069 - acc: 0.8220
1184/1424 [=======================>......] - ETA: 1s - loss: 0.5090 - acc: 0.8201
1216/1424 [========================>.....] - ETA: 1s - loss: 0.5071 - acc: 0.8199
1248/1424 [=========================>....] - ETA: 1s - loss: 0.5297 - acc: 0.8173
1280/1424 [=========================>....] - ETA: 0s - loss: 0.5378 - acc: 0.8164
1312/1424 [==========================>...] - ETA: 0s - loss: 0.5334 - acc: 0.8178
1344/1424 [===========================>..] - ETA: 0s - loss: 0.5542 - acc: 0.8162
1376/1424 [===========================>..] - ETA: 0s - loss: 0.5626 - acc: 0.8140
1408/1424 [============================>.] - ETA: 0s - loss: 0.5954 - acc: 0.8089
1424/1424 [==============================] - 12s 8ms/step - loss: 0.6426 - acc: 0.8062 - val_loss: 2.2281 - val_acc: 0.6483
Train on 1424 samples, validate on 708 samples
Epoch 1/1

  32/1424 [..............................] - ETA: 8s - loss: 3.8299 - acc: 0.5625
  64/1424 [>.............................] - ETA: 8s - loss: 2.3890 - acc: 0.6250
  96/1424 [=>............................] - ETA: 8s - loss: 3.1089 - acc: 0.6042
 128/1424 [=>............................] - ETA: 8s - loss: 2.8603 - acc: 0.6172
 160/1424 [==>...........................] - ETA: 7s - loss: 3.0111 - acc: 0.6438
 192/1424 [===>..........................] - ETA: 7s - loss: 3.1936 - acc: 0.6406
 224/1424 [===>..........................] - ETA: 7s - loss: 2.8544 - acc: 0.6607
 256/1424 [====>.........................] - ETA: 7s - loss: 2.8083 - acc: 0.6680
 288/1424 [=====>........................] - ETA: 7s - loss: 2.8516 - acc: 0.6736
 320/1424 [=====>........................] - ETA: 6s - loss: 2.9224 - acc: 0.6719
 352/1424 [======>.......................] - ETA: 6s - loss: 2.9404 - acc: 0.6676
 384/1424 [=======>......................] - ETA: 6s - loss: 2.7887 - acc: 0.6745
 416/1424 [=======>......................] - ETA: 6s - loss: 2.6099 - acc: 0.6827
 448/1424 [========>.....................] - ETA: 6s - loss: 2.6331 - acc: 0.6786
 480/1424 [=========>....................] - ETA: 5s - loss: 2.5100 - acc: 0.6854
 512/1424 [=========>....................] - ETA: 5s - loss: 2.4407 - acc: 0.6934
 544/1424 [==========>...................] - ETA: 5s - loss: 2.3410 - acc: 0.7040
 576/1424 [===========>..................] - ETA: 5s - loss: 2.2728 - acc: 0.7101
 608/1424 [===========>..................] - ETA: 5s - loss: 2.1996 - acc: 0.7122
 640/1424 [============>.................] - ETA: 4s - loss: 2.1563 - acc: 0.7156
 672/1424 [=============>................] - ETA: 4s - loss: 2.1054 - acc: 0.7173
 704/1424 [=============>................] - ETA: 4s - loss: 2.0189 - acc: 0.7273
 736/1424 [==============>...............] - ETA: 4s - loss: 1.9669 - acc: 0.7310
 768/1424 [===============>..............] - ETA: 4s - loss: 1.9068 - acc: 0.7318
 800/1424 [===============>..............] - ETA: 3s - loss: 1.8683 - acc: 0.7362
 832/1424 [================>.............] - ETA: 3s - loss: 1.8163 - acc: 0.7392
 864/1424 [=================>............] - ETA: 3s - loss: 1.8054 - acc: 0.7396
 896/1424 [=================>............] - ETA: 3s - loss: 1.8140 - acc: 0.7366
 928/1424 [==================>...........] - ETA: 3s - loss: 1.7621 - acc: 0.7425
 960/1424 [===================>..........] - ETA: 2s - loss: 1.7763 - acc: 0.7417
 992/1424 [===================>..........] - ETA: 2s - loss: 1.7675 - acc: 0.7409
1024/1424 [====================>.........] - ETA: 2s - loss: 1.7603 - acc: 0.7432
1056/1424 [=====================>........] - ETA: 2s - loss: 1.7761 - acc: 0.7443
1088/1424 [=====================>........] - ETA: 2s - loss: 1.7616 - acc: 0.7472
1120/1424 [======================>.......] - ETA: 1s - loss: 1.7503 - acc: 0.7464
1152/1424 [=======================>......] - ETA: 1s - loss: 1.7520 - acc: 0.7457
1184/1424 [=======================>......] - ETA: 1s - loss: 1.7531 - acc: 0.7466
1216/1424 [========================>.....] - ETA: 1s - loss: 1.7317 - acc: 0.7484
1248/1424 [=========================>....] - ETA: 1s - loss: 1.7096 - acc: 0.7492
1280/1424 [=========================>....] - ETA: 0s - loss: 1.6974 - acc: 0.7492
1312/1424 [==========================>...] - ETA: 0s - loss: 1.6655 - acc: 0.7500
1344/1424 [===========================>..] - ETA: 0s - loss: 1.6323 - acc: 0.7530
1376/1424 [===========================>..] - ETA: 0s - loss: 1.6108 - acc: 0.7565
1408/1424 [============================>.] - ETA: 0s - loss: 1.6050 - acc: 0.7571
1424/1424 [==============================] - 12s 8ms/step - loss: 1.5907 - acc: 0.7584 - val_loss: 0.9112 - val_acc: 0.8418
Train on 1424 samples, validate on 708 samples
Epoch 1/1

  32/1424 [..............................] - ETA: 8s - loss: 3.1214 - acc: 0.5938
  64/1424 [>.............................] - ETA: 8s - loss: 1.9177 - acc: 0.6875
  96/1424 [=>............................] - ETA: 8s - loss: 1.7637 - acc: 0.6875
 128/1424 [=>............................] - ETA: 8s - loss: 1.4479 - acc: 0.6953
 160/1424 [==>...........................] - ETA: 7s - loss: 1.5065 - acc: 0.7188
 192/1424 [===>..........................] - ETA: 7s - loss: 1.3200 - acc: 0.7292
 224/1424 [===>..........................] - ETA: 7s - loss: 1.2123 - acc: 0.7232
 256/1424 [====>.........................] - ETA: 7s - loss: 1.1537 - acc: 0.7148
 288/1424 [=====>........................] - ETA: 7s - loss: 1.1227 - acc: 0.7222
 320/1424 [=====>........................] - ETA: 6s - loss: 1.0744 - acc: 0.7156
 352/1424 [======>.......................] - ETA: 6s - loss: 1.0493 - acc: 0.7045
 384/1424 [=======>......................] - ETA: 6s - loss: 1.0087 - acc: 0.7031
 416/1424 [=======>......................] - ETA: 6s - loss: 0.9685 - acc: 0.7067
 448/1424 [========>.....................] - ETA: 6s - loss: 0.9309 - acc: 0.7098
 480/1424 [=========>....................] - ETA: 5s - loss: 0.9172 - acc: 0.7063
 512/1424 [=========>....................] - ETA: 5s - loss: 0.9488 - acc: 0.6973
 544/1424 [==========>...................] - ETA: 5s - loss: 0.9243 - acc: 0.7059
 576/1424 [===========>..................] - ETA: 5s - loss: 0.9063 - acc: 0.7101
 608/1424 [===========>..................] - ETA: 5s - loss: 0.9156 - acc: 0.7056
 640/1424 [============>.................] - ETA: 4s - loss: 0.9026 - acc: 0.7047
 672/1424 [=============>................] - ETA: 4s - loss: 0.8909 - acc: 0.6994
 704/1424 [=============>................] - ETA: 4s - loss: 0.8830 - acc: 0.6946
 736/1424 [==============>...............] - ETA: 4s - loss: 0.8670 - acc: 0.6943
 768/1424 [===============>..............] - ETA: 4s - loss: 0.8637 - acc: 0.6849
 800/1424 [===============>..............] - ETA: 3s - loss: 0.8517 - acc: 0.6837
 832/1424 [================>.............] - ETA: 3s - loss: 0.8611 - acc: 0.6815
 864/1424 [=================>............] - ETA: 3s - loss: 0.8701 - acc: 0.6771
 896/1424 [=================>............] - ETA: 3s - loss: 0.8611 - acc: 0.6741
 928/1424 [==================>...........] - ETA: 3s - loss: 0.8478 - acc: 0.6756
 960/1424 [===================>..........] - ETA: 2s - loss: 0.8365 - acc: 0.6771
 992/1424 [===================>..........] - ETA: 2s - loss: 0.8300 - acc: 0.6734
1024/1424 [====================>.........] - ETA: 2s - loss: 0.8224 - acc: 0.6699
1056/1424 [=====================>........] - ETA: 2s - loss: 0.8121 - acc: 0.6723
1088/1424 [=====================>........] - ETA: 2s - loss: 0.8024 - acc: 0.6737
1120/1424 [======================>.......] - ETA: 1s - loss: 0.8044 - acc: 0.6723
1152/1424 [=======================>......] - ETA: 1s - loss: 0.7950 - acc: 0.6736
1184/1424 [=======================>......] - ETA: 1s - loss: 0.7875 - acc: 0.6731
1216/1424 [========================>.....] - ETA: 1s - loss: 0.7818 - acc: 0.6702
1248/1424 [=========================>....] - ETA: 1s - loss: 0.7768 - acc: 0.6707
1280/1424 [=========================>....] - ETA: 0s - loss: 0.7876 - acc: 0.6664
1312/1424 [==========================>...] - ETA: 0s - loss: 0.7944 - acc: 0.6646
1344/1424 [===========================>..] - ETA: 0s - loss: 0.7996 - acc: 0.6667
1376/1424 [===========================>..] - ETA: 0s - loss: 0.7937 - acc: 0.6664
1408/1424 [============================>.] - ETA: 0s - loss: 0.7881 - acc: 0.6655
1424/1424 [==============================] - 12s 8ms/step - loss: 0.7954 - acc: 0.6671 - val_loss: 0.5722 - val_acc: 0.7472
Train on 1424 samples, validate on 708 samples
Epoch 1/1

  32/1424 [..............................] - ETA: 8s - loss: 0.5072 - acc: 0.7500
  64/1424 [>.............................] - ETA: 8s - loss: 0.5059 - acc: 0.7656
  96/1424 [=>............................] - ETA: 8s - loss: 0.5323 - acc: 0.7500
 128/1424 [=>............................] - ETA: 8s - loss: 0.6502 - acc: 0.7500
 160/1424 [==>...........................] - ETA: 7s - loss: 0.7111 - acc: 0.7438
 192/1424 [===>..........................] - ETA: 7s - loss: 0.6832 - acc: 0.7552
 224/1424 [===>..........................] - ETA: 7s - loss: 0.6582 - acc: 0.7589
 256/1424 [====>.........................] - ETA: 7s - loss: 0.6536 - acc: 0.7383
 288/1424 [=====>........................] - ETA: 7s - loss: 0.6330 - acc: 0.7535
 320/1424 [=====>........................] - ETA: 6s - loss: 0.6636 - acc: 0.7656
 352/1424 [======>.......................] - ETA: 6s - loss: 0.6981 - acc: 0.7557
 384/1424 [=======>......................] - ETA: 6s - loss: 0.6848 - acc: 0.7630
 416/1424 [=======>......................] - ETA: 6s - loss: 0.6835 - acc: 0.7428
 448/1424 [========>.....................] - ETA: 6s - loss: 0.6760 - acc: 0.7344
 480/1424 [=========>....................] - ETA: 5s - loss: 0.6769 - acc: 0.7188
 512/1424 [=========>....................] - ETA: 5s - loss: 0.6724 - acc: 0.7109
 544/1424 [==========>...................] - ETA: 5s - loss: 0.6780 - acc: 0.6930
 576/1424 [===========>..................] - ETA: 5s - loss: 0.6872 - acc: 0.6823
 608/1424 [===========>..................] - ETA: 5s - loss: 0.7133 - acc: 0.6661
 640/1424 [============>.................] - ETA: 4s - loss: 0.7364 - acc: 0.6562
 672/1424 [=============>................] - ETA: 4s - loss: 0.7312 - acc: 0.6533
 704/1424 [=============>................] - ETA: 4s - loss: 0.7460 - acc: 0.6420
 736/1424 [==============>...............] - ETA: 4s - loss: 0.7374 - acc: 0.6440
 768/1424 [===============>..............] - ETA: 4s - loss: 0.7521 - acc: 0.6380
 800/1424 [===============>..............] - ETA: 3s - loss: 0.7526 - acc: 0.6350
 832/1424 [================>.............] - ETA: 3s - loss: 0.7572 - acc: 0.6262
 864/1424 [=================>............] - ETA: 3s - loss: 0.7801 - acc: 0.6192
 896/1424 [=================>............] - ETA: 3s - loss: 0.7974 - acc: 0.6127
 928/1424 [==================>...........] - ETA: 3s - loss: 0.7945 - acc: 0.6078
 960/1424 [===================>..........] - ETA: 2s - loss: 0.7955 - acc: 0.6031
 992/1424 [===================>..........] - ETA: 2s - loss: 0.7954 - acc: 0.6028
1024/1424 [====================>.........] - ETA: 2s - loss: 0.8209 - acc: 0.5967
1056/1424 [=====================>........] - ETA: 2s - loss: 0.8173 - acc: 0.5919
1088/1424 [=====================>........] - ETA: 2s - loss: 0.8125 - acc: 0.5901
1120/1424 [======================>.......] - ETA: 1s - loss: 0.8078 - acc: 0.5911
1152/1424 [=======================>......] - ETA: 1s - loss: 0.8041 - acc: 0.5885
1184/1424 [=======================>......] - ETA: 1s - loss: 0.8022 - acc: 0.5887
1216/1424 [========================>.....] - ETA: 1s - loss: 0.7991 - acc: 0.5863
1248/1424 [=========================>....] - ETA: 1s - loss: 0.7951 - acc: 0.5841
1280/1424 [=========================>....] - ETA: 0s - loss: 0.7927 - acc: 0.5820
1312/1424 [==========================>...] - ETA: 0s - loss: 0.7898 - acc: 0.5793
1344/1424 [===========================>..] - ETA: 0s - loss: 0.7867 - acc: 0.5804
1376/1424 [===========================>..] - ETA: 0s - loss: 0.7856 - acc: 0.5821
1408/1424 [============================>.] - ETA: 0s - loss: 0.7919 - acc: 0.5838
1424/1424 [==============================] - 12s 8ms/step - loss: 0.7903 - acc: 0.5843 - val_loss: 0.6729 - val_acc: 0.7768
Train on 1424 samples, validate on 708 samples
Epoch 1/1

  32/1424 [..............................] - ETA: 8s - loss: 0.6651 - acc: 0.6250
  64/1424 [>.............................] - ETA: 8s - loss: 0.6738 - acc: 0.6094
  96/1424 [=>............................] - ETA: 8s - loss: 0.6563 - acc: 0.6146
 128/1424 [=>............................] - ETA: 8s - loss: 0.6619 - acc: 0.5938
 160/1424 [==>...........................] - ETA: 7s - loss: 0.6626 - acc: 0.6188
 192/1424 [===>..........................] - ETA: 7s - loss: 0.6660 - acc: 0.6146
 224/1424 [===>..........................] - ETA: 7s - loss: 0.6652 - acc: 0.6205
 256/1424 [====>.........................] - ETA: 7s - loss: 0.6672 - acc: 0.6172
 288/1424 [=====>........................] - ETA: 7s - loss: 0.6683 - acc: 0.6181
 320/1424 [=====>........................] - ETA: 6s - loss: 0.6694 - acc: 0.6188
 352/1424 [======>.......................] - ETA: 6s - loss: 0.6710 - acc: 0.6051
 384/1424 [=======>......................] - ETA: 6s - loss: 0.6695 - acc: 0.6120
 416/1424 [=======>......................] - ETA: 6s - loss: 0.6692 - acc: 0.6202
 448/1424 [========>.....................] - ETA: 6s - loss: 0.6681 - acc: 0.6228
 480/1424 [=========>....................] - ETA: 5s - loss: 0.6672 - acc: 0.6312
 512/1424 [=========>....................] - ETA: 5s - loss: 0.6670 - acc: 0.6348
 544/1424 [==========>...................] - ETA: 5s - loss: 0.6678 - acc: 0.6305
 576/1424 [===========>..................] - ETA: 5s - loss: 0.6679 - acc: 0.6319
 608/1424 [===========>..................] - ETA: 5s - loss: 0.6684 - acc: 0.6283
 640/1424 [============>.................] - ETA: 4s - loss: 0.6684 - acc: 0.6281
 672/1424 [=============>................] - ETA: 4s - loss: 0.6677 - acc: 0.6324
 704/1424 [=============>................] - ETA: 4s - loss: 0.6686 - acc: 0.6278
 736/1424 [==============>...............] - ETA: 4s - loss: 0.6689 - acc: 0.6277
 768/1424 [===============>..............] - ETA: 4s - loss: 0.6692 - acc: 0.6276
 800/1424 [===============>..............] - ETA: 3s - loss: 0.6701 - acc: 0.6212
 832/1424 [================>.............] - ETA: 3s - loss: 0.6706 - acc: 0.6166
 864/1424 [=================>............] - ETA: 3s - loss: 0.6706 - acc: 0.6134
 896/1424 [=================>............] - ETA: 3s - loss: 0.6707 - acc: 0.6127
 928/1424 [==================>...........] - ETA: 3s - loss: 0.6706 - acc: 0.6121
 960/1424 [===================>..........] - ETA: 2s - loss: 0.6708 - acc: 0.6104
 992/1424 [===================>..........] - ETA: 2s - loss: 0.6702 - acc: 0.6129
1024/1424 [====================>.........] - ETA: 2s - loss: 0.6705 - acc: 0.6094
1056/1424 [=====================>........] - ETA: 2s - loss: 0.6699 - acc: 0.6089
1088/1424 [=====================>........] - ETA: 2s - loss: 0.6696 - acc: 0.6103
1120/1424 [======================>.......] - ETA: 1s - loss: 0.6699 - acc: 0.6107
1152/1424 [=======================>......] - ETA: 1s - loss: 0.6694 - acc: 0.6137
1184/1424 [=======================>......] - ETA: 1s - loss: 0.6685 - acc: 0.6182
1216/1424 [========================>.....] - ETA: 1s - loss: 0.6680 - acc: 0.6217
1248/1424 [=========================>....] - ETA: 1s - loss: 0.6685 - acc: 0.6234
1280/1424 [=========================>....] - ETA: 0s - loss: 0.6684 - acc: 0.6266
1312/1424 [==========================>...] - ETA: 0s - loss: 0.6687 - acc: 0.6250
1344/1424 [===========================>..] - ETA: 0s - loss: 0.6687 - acc: 0.6265
1376/1424 [===========================>..] - ETA: 0s - loss: 0.6691 - acc: 0.6228
1408/1424 [============================>.] - ETA: 0s - loss: 0.6683 - acc: 0.6271
1424/1424 [==============================] - 12s 8ms/step - loss: 0.6680 - acc: 0.6271 - val_loss: 0.6613 - val_acc: 0.7669
Train on 1424 samples, validate on 708 samples
Epoch 1/1

  32/1424 [..............................] - ETA: 8s - loss: 0.6289 - acc: 0.8125
  64/1424 [>.............................] - ETA: 8s - loss: 0.6525 - acc: 0.6406
  96/1424 [=>............................] - ETA: 8s - loss: 0.6491 - acc: 0.6667
 128/1424 [=>............................] - ETA: 8s - loss: 0.6616 - acc: 0.6484
 160/1424 [==>...........................] - ETA: 7s - loss: 0.6663 - acc: 0.6438
 192/1424 [===>..........................] - ETA: 7s - loss: 0.6578 - acc: 0.6667
 224/1424 [===>..........................] - ETA: 7s - loss: 0.6591 - acc: 0.6652
 256/1424 [====>.........................] - ETA: 7s - loss: 0.6617 - acc: 0.6680
 288/1424 [=====>........................] - ETA: 7s - loss: 0.6618 - acc: 0.6562
 320/1424 [=====>........................] - ETA: 6s - loss: 0.6619 - acc: 0.6562
 352/1424 [======>.......................] - ETA: 6s - loss: 0.6620 - acc: 0.6562
 384/1424 [=======>......................] - ETA: 6s - loss: 0.6630 - acc: 0.6484
 416/1424 [=======>......................] - ETA: 6s - loss: 0.6627 - acc: 0.6562
 448/1424 [========>.....................] - ETA: 6s - loss: 0.6612 - acc: 0.6607
 480/1424 [=========>....................] - ETA: 5s - loss: 0.6602 - acc: 0.6604
 512/1424 [=========>....................] - ETA: 5s - loss: 0.6612 - acc: 0.6543
 544/1424 [==========>...................] - ETA: 5s - loss: 0.6610 - acc: 0.6526
 576/1424 [===========>..................] - ETA: 5s - loss: 0.6593 - acc: 0.6562
 608/1424 [===========>..................] - ETA: 5s - loss: 0.6612 - acc: 0.6546
 640/1424 [============>.................] - ETA: 4s - loss: 0.6617 - acc: 0.6500
 672/1424 [=============>................] - ETA: 4s - loss: 0.6623 - acc: 0.6488
 704/1424 [=============>................] - ETA: 4s - loss: 0.6619 - acc: 0.6435
 736/1424 [==============>...............] - ETA: 4s - loss: 0.6612 - acc: 0.6399
 768/1424 [===============>..............] - ETA: 4s - loss: 0.6607 - acc: 0.6419
 800/1424 [===============>..............] - ETA: 3s - loss: 0.6604 - acc: 0.6438
 832/1424 [================>.............] - ETA: 3s - loss: 0.6581 - acc: 0.6514
 864/1424 [=================>............] - ETA: 3s - loss: 0.6557 - acc: 0.6586
 896/1424 [=================>............] - ETA: 3s - loss: 0.6544 - acc: 0.6629
 928/1424 [==================>...........] - ETA: 3s - loss: 0.6555 - acc: 0.6595
 960/1424 [===================>..........] - ETA: 2s - loss: 0.6544 - acc: 0.6625
 992/1424 [===================>..........] - ETA: 2s - loss: 0.6542 - acc: 0.6623
1024/1424 [====================>.........] - ETA: 2s - loss: 0.6548 - acc: 0.6582
1056/1424 [=====================>........] - ETA: 2s - loss: 0.6540 - acc: 0.6544
1088/1424 [=====================>........] - ETA: 2s - loss: 0.6527 - acc: 0.6553
1120/1424 [======================>.......] - ETA: 1s - loss: 0.6530 - acc: 0.6509
1152/1424 [=======================>......] - ETA: 1s - loss: 0.6545 - acc: 0.6502
1184/1424 [=======================>......] - ETA: 1s - loss: 0.6552 - acc: 0.6478
1216/1424 [========================>.....] - ETA: 1s - loss: 0.6592 - acc: 0.6472
1248/1424 [=========================>....] - ETA: 1s - loss: 0.6591 - acc: 0.6474
1280/1424 [=========================>....] - ETA: 0s - loss: 0.6575 - acc: 0.6500
1312/1424 [==========================>...] - ETA: 0s - loss: 0.6569 - acc: 0.6471
1344/1424 [===========================>..] - ETA: 0s - loss: 0.6562 - acc: 0.6510
1376/1424 [===========================>..] - ETA: 0s - loss: 0.6561 - acc: 0.6512
1408/1424 [============================>.] - ETA: 0s - loss: 0.6561 - acc: 0.6499
1424/1424 [==============================] - 12s 8ms/step - loss: 0.6554 - acc: 0.6496 - val_loss: 0.6408 - val_acc: 0.7881
Train on 1424 samples, validate on 708 samples
Epoch 1/1

  32/1424 [..............................] - ETA: 8s - loss: 1.1179 - acc: 0.7188
  64/1424 [>.............................] - ETA: 8s - loss: 0.8916 - acc: 0.6719
  96/1424 [=>............................] - ETA: 8s - loss: 0.8098 - acc: 0.6875
 128/1424 [=>............................] - ETA: 8s - loss: 0.7634 - acc: 0.7109
 160/1424 [==>...........................] - ETA: 7s - loss: 0.7431 - acc: 0.6937
 192/1424 [===>..........................] - ETA: 7s - loss: 0.7348 - acc: 0.6719
 224/1424 [===>..........................] - ETA: 7s - loss: 0.7227 - acc: 0.6741
 256/1424 [====>.........................] - ETA: 7s - loss: 0.7162 - acc: 0.6641
 288/1424 [=====>........................] - ETA: 7s - loss: 0.7133 - acc: 0.6458
 320/1424 [=====>........................] - ETA: 6s - loss: 0.7072 - acc: 0.6531
 352/1424 [======>.......................] - ETA: 6s - loss: 0.7003 - acc: 0.6676
 384/1424 [=======>......................] - ETA: 6s - loss: 0.6968 - acc: 0.6641
 416/1424 [=======>......................] - ETA: 6s - loss: 0.6927 - acc: 0.6683
 448/1424 [========>.....................] - ETA: 6s - loss: 0.6901 - acc: 0.6719
 480/1424 [=========>....................] - ETA: 5s - loss: 0.6882 - acc: 0.6708
 512/1424 [=========>....................] - ETA: 5s - loss: 0.6871 - acc: 0.6641
 544/1424 [==========>...................] - ETA: 5s - loss: 0.6832 - acc: 0.6673
 576/1424 [===========>..................] - ETA: 5s - loss: 0.6817 - acc: 0.6667
 608/1424 [===========>..................] - ETA: 5s - loss: 0.6811 - acc: 0.6645
 640/1424 [============>.................] - ETA: 4s - loss: 0.6788 - acc: 0.6672
 672/1424 [=============>................] - ETA: 4s - loss: 0.6767 - acc: 0.6696
 704/1424 [=============>................] - ETA: 4s - loss: 0.6742 - acc: 0.6733
 736/1424 [==============>...............] - ETA: 4s - loss: 0.6731 - acc: 0.6726
 768/1424 [===============>..............] - ETA: 4s - loss: 0.6731 - acc: 0.6706
 800/1424 [===============>..............] - ETA: 3s - loss: 0.6734 - acc: 0.6713
 832/1424 [================>.............] - ETA: 3s - loss: 0.6723 - acc: 0.6683
 864/1424 [=================>............] - ETA: 3s - loss: 0.6713 - acc: 0.6701
 896/1424 [=================>............] - ETA: 3s - loss: 0.6710 - acc: 0.6708
 928/1424 [==================>...........] - ETA: 3s - loss: 0.6698 - acc: 0.6724
 960/1424 [===================>..........] - ETA: 2s - loss: 0.6685 - acc: 0.6771
 992/1424 [===================>..........] - ETA: 2s - loss: 0.6692 - acc: 0.6734
1024/1424 [====================>.........] - ETA: 2s - loss: 0.6684 - acc: 0.6738
1056/1424 [=====================>........] - ETA: 2s - loss: 0.6677 - acc: 0.6733
1088/1424 [=====================>........] - ETA: 2s - loss: 0.6671 - acc: 0.6737
1120/1424 [======================>.......] - ETA: 1s - loss: 0.6660 - acc: 0.6741
1152/1424 [=======================>......] - ETA: 1s - loss: 0.6654 - acc: 0.6762
1184/1424 [=======================>......] - ETA: 1s - loss: 0.6644 - acc: 0.6765
1216/1424 [========================>.....] - ETA: 1s - loss: 0.6629 - acc: 0.6785
1248/1424 [=========================>....] - ETA: 1s - loss: 0.6615 - acc: 0.6803
1280/1424 [=========================>....] - ETA: 0s - loss: 0.6614 - acc: 0.6789
1312/1424 [==========================>...] - ETA: 0s - loss: 0.6609 - acc: 0.6791
1344/1424 [===========================>..] - ETA: 0s - loss: 0.6608 - acc: 0.6793
1376/1424 [===========================>..] - ETA: 0s - loss: 0.6609 - acc: 0.6781
1408/1424 [============================>.] - ETA: 0s - loss: 0.6607 - acc: 0.6783
1424/1424 [==============================] - 12s 8ms/step - loss: 0.6606 - acc: 0.6798 - val_loss: 0.6366 - val_acc: 0.7684
Train on 1424 samples, validate on 708 samples
Epoch 1/1

  32/1424 [..............................] - ETA: 8s - loss: 0.6722 - acc: 0.6875
  64/1424 [>.............................] - ETA: 8s - loss: 0.6658 - acc: 0.6562
  96/1424 [=>............................] - ETA: 8s - loss: 0.6557 - acc: 0.6771
 128/1424 [=>............................] - ETA: 7s - loss: 0.6543 - acc: 0.6406
 160/1424 [==>...........................] - ETA: 7s - loss: 0.6479 - acc: 0.6500
 192/1424 [===>..........................] - ETA: 7s - loss: 0.6455 - acc: 0.6615
 224/1424 [===>..........................] - ETA: 7s - loss: 0.6378 - acc: 0.6786
 256/1424 [====>.........................] - ETA: 7s - loss: 0.6404 - acc: 0.6797
 288/1424 [=====>........................] - ETA: 7s - loss: 0.6357 - acc: 0.6910
 320/1424 [=====>........................] - ETA: 6s - loss: 0.6375 - acc: 0.6875
 352/1424 [======>.......................] - ETA: 6s - loss: 0.6367 - acc: 0.6847
 384/1424 [=======>......................] - ETA: 6s - loss: 0.6320 - acc: 0.6901
 416/1424 [=======>......................] - ETA: 6s - loss: 0.6377 - acc: 0.6827
 448/1424 [========>.....................] - ETA: 6s - loss: 0.6420 - acc: 0.6808
 480/1424 [=========>....................] - ETA: 5s - loss: 0.6399 - acc: 0.6854
 512/1424 [=========>....................] - ETA: 5s - loss: 0.6415 - acc: 0.6816
 544/1424 [==========>...................] - ETA: 5s - loss: 0.6459 - acc: 0.6728
 576/1424 [===========>..................] - ETA: 5s - loss: 0.6453 - acc: 0.6736
 608/1424 [===========>..................] - ETA: 5s - loss: 0.6434 - acc: 0.6743
 640/1424 [============>.................] - ETA: 4s - loss: 0.6426 - acc: 0.6797
 672/1424 [=============>................] - ETA: 4s - loss: 0.6429 - acc: 0.6786
 704/1424 [=============>................] - ETA: 4s - loss: 0.6432 - acc: 0.6761
 736/1424 [==============>...............] - ETA: 4s - loss: 0.6434 - acc: 0.6766
 768/1424 [===============>..............] - ETA: 4s - loss: 0.6440 - acc: 0.6745
 800/1424 [===============>..............] - ETA: 3s - loss: 0.6429 - acc: 0.6725
 832/1424 [================>.............] - ETA: 3s - loss: 0.6428 - acc: 0.6731
 864/1424 [=================>............] - ETA: 3s - loss: 0.6430 - acc: 0.6725
 896/1424 [=================>............] - ETA: 3s - loss: 0.6456 - acc: 0.6708
 928/1424 [==================>...........] - ETA: 3s - loss: 0.6455 - acc: 0.6713
 960/1424 [===================>..........] - ETA: 2s - loss: 0.6442 - acc: 0.6760
 992/1424 [===================>..........] - ETA: 2s - loss: 0.6445 - acc: 0.6754
1024/1424 [====================>.........] - ETA: 2s - loss: 0.6441 - acc: 0.6738
1056/1424 [=====================>........] - ETA: 2s - loss: 0.6438 - acc: 0.6723
1088/1424 [=====================>........] - ETA: 2s - loss: 0.6446 - acc: 0.6719
1120/1424 [======================>.......] - ETA: 1s - loss: 0.6452 - acc: 0.6696
1152/1424 [=======================>......] - ETA: 1s - loss: 0.6447 - acc: 0.6701
1184/1424 [=======================>......] - ETA: 1s - loss: 0.6441 - acc: 0.6706
1216/1424 [========================>.....] - ETA: 1s - loss: 0.6443 - acc: 0.6686
1248/1424 [=========================>....] - ETA: 1s - loss: 0.6436 - acc: 0.6675
1280/1424 [=========================>....] - ETA: 0s - loss: 0.6435 - acc: 0.6687
1312/1424 [==========================>...] - ETA: 0s - loss: 0.6421 - acc: 0.6723
1344/1424 [===========================>..] - ETA: 0s - loss: 0.6411 - acc: 0.6741
1376/1424 [===========================>..] - ETA: 0s - loss: 0.6413 - acc: 0.6744
1408/1424 [============================>.] - ETA: 0s - loss: 0.6417 - acc: 0.6740
1424/1424 [==============================] - 12s 8ms/step - loss: 0.6415 - acc: 0.6749 - val_loss: 0.6259 - val_acc: 0.7655
Train on 1424 samples, validate on 708 samples
Epoch 1/1

  32/1424 [..............................] - ETA: 8s - loss: 0.6132 - acc: 0.8438
  64/1424 [>.............................] - ETA: 8s - loss: 0.6031 - acc: 0.8438
  96/1424 [=>............................] - ETA: 8s - loss: 0.6069 - acc: 0.8021
 128/1424 [=>............................] - ETA: 8s - loss: 0.6208 - acc: 0.7656
 160/1424 [==>...........................] - ETA: 7s - loss: 0.6238 - acc: 0.7375
 192/1424 [===>..........................] - ETA: 7s - loss: 0.6242 - acc: 0.7448
 224/1424 [===>..........................] - ETA: 7s - loss: 0.6246 - acc: 0.7500
 256/1424 [====>.........................] - ETA: 7s - loss: 0.6264 - acc: 0.7461
 288/1424 [=====>........................] - ETA: 7s - loss: 0.6257 - acc: 0.7396
 320/1424 [=====>........................] - ETA: 6s - loss: 0.6220 - acc: 0.7406
 352/1424 [======>.......................] - ETA: 6s - loss: 0.6221 - acc: 0.7415
 384/1424 [=======>......................] - ETA: 6s - loss: 0.6176 - acc: 0.7448
 416/1424 [=======>......................] - ETA: 6s - loss: 0.6178 - acc: 0.7428
 448/1424 [========>.....................] - ETA: 6s - loss: 0.6193 - acc: 0.7366
 480/1424 [=========>....................] - ETA: 5s - loss: 0.6187 - acc: 0.7333
 512/1424 [=========>....................] - ETA: 5s - loss: 0.6204 - acc: 0.7227
 544/1424 [==========>...................] - ETA: 5s - loss: 0.6218 - acc: 0.7206
 576/1424 [===========>..................] - ETA: 5s - loss: 0.6239 - acc: 0.7135
 608/1424 [===========>..................] - ETA: 5s - loss: 0.6235 - acc: 0.7171
 640/1424 [============>.................] - ETA: 4s - loss: 0.6216 - acc: 0.7172
 672/1424 [=============>................] - ETA: 4s - loss: 0.6229 - acc: 0.7113
 704/1424 [=============>................] - ETA: 4s - loss: 0.6235 - acc: 0.7031
 736/1424 [==============>...............] - ETA: 4s - loss: 0.6210 - acc: 0.7065
 768/1424 [===============>..............] - ETA: 4s - loss: 0.6217 - acc: 0.7005
 800/1424 [===============>..............] - ETA: 3s - loss: 0.6192 - acc: 0.7013
 832/1424 [================>.............] - ETA: 3s - loss: 0.6215 - acc: 0.7019
 864/1424 [=================>............] - ETA: 3s - loss: 0.6374 - acc: 0.6991
 896/1424 [=================>............] - ETA: 3s - loss: 0.6370 - acc: 0.7020
 928/1424 [==================>...........] - ETA: 3s - loss: 0.6348 - acc: 0.7047
 960/1424 [===================>..........] - ETA: 2s - loss: 0.6323 - acc: 0.7094
 992/1424 [===================>..........] - ETA: 2s - loss: 0.6333 - acc: 0.7046
1024/1424 [====================>.........] - ETA: 2s - loss: 0.6351 - acc: 0.7002
1056/1424 [=====================>........] - ETA: 2s - loss: 0.6338 - acc: 0.7008
1088/1424 [=====================>........] - ETA: 2s - loss: 0.6328 - acc: 0.7031
1120/1424 [======================>.......] - ETA: 1s - loss: 0.6326 - acc: 0.7027
1152/1424 [=======================>......] - ETA: 1s - loss: 0.6340 - acc: 0.6979
1184/1424 [=======================>......] - ETA: 1s - loss: 0.6343 - acc: 0.6968
1216/1424 [========================>.....] - ETA: 1s - loss: 0.6328 - acc: 0.7007
1248/1424 [=========================>....] - ETA: 1s - loss: 0.6335 - acc: 0.6979
1280/1424 [=========================>....] - ETA: 0s - loss: 0.6323 - acc: 0.6984
1312/1424 [==========================>...] - ETA: 0s - loss: 0.6318 - acc: 0.6974
1344/1424 [===========================>..] - ETA: 0s - loss: 0.6328 - acc: 0.6964
1376/1424 [===========================>..] - ETA: 0s - loss: 0.6323 - acc: 0.6969
1408/1424 [============================>.] - ETA: 0s - loss: 0.6301 - acc: 0.6989
1424/1424 [==============================] - 12s 8ms/step - loss: 0.6315 - acc: 0.6987 - val_loss: 0.6084 - val_acc: 0.7684
Train on 1424 samples, validate on 708 samples
Epoch 1/1

  32/1424 [..............................] - ETA: 8s - loss: 0.6696 - acc: 0.5312
  64/1424 [>.............................] - ETA: 8s - loss: 0.6473 - acc: 0.6719
  96/1424 [=>............................] - ETA: 8s - loss: 0.6083 - acc: 0.6979
 128/1424 [=>............................] - ETA: 8s - loss: 0.6114 - acc: 0.7031
 160/1424 [==>...........................] - ETA: 7s - loss: 0.6289 - acc: 0.6875
 192/1424 [===>..........................] - ETA: 7s - loss: 0.6346 - acc: 0.6615
 224/1424 [===>..........................] - ETA: 7s - loss: 0.6321 - acc: 0.6652
 256/1424 [====>.........................] - ETA: 7s - loss: 0.6369 - acc: 0.6562
 288/1424 [=====>........................] - ETA: 7s - loss: 0.6334 - acc: 0.6632
 320/1424 [=====>........................] - ETA: 6s - loss: 0.6341 - acc: 0.6562
 352/1424 [======>.......................] - ETA: 6s - loss: 0.6323 - acc: 0.6591
 384/1424 [=======>......................] - ETA: 6s - loss: 0.6281 - acc: 0.6693
 416/1424 [=======>......................] - ETA: 6s - loss: 0.6266 - acc: 0.6683
 448/1424 [========>.....................] - ETA: 6s - loss: 0.6257 - acc: 0.6719
 480/1424 [=========>....................] - ETA: 5s - loss: 0.6180 - acc: 0.6854
 512/1424 [=========>....................] - ETA: 5s - loss: 0.6191 - acc: 0.6797
 544/1424 [==========>...................] - ETA: 5s - loss: 0.6187 - acc: 0.6820
 576/1424 [===========>..................] - ETA: 5s - loss: 0.6192 - acc: 0.6840
 608/1424 [===========>..................] - ETA: 5s - loss: 0.6223 - acc: 0.6842
 640/1424 [============>.................] - ETA: 4s - loss: 0.6208 - acc: 0.6891
 672/1424 [=============>................] - ETA: 4s - loss: 0.6205 - acc: 0.6860
 704/1424 [=============>................] - ETA: 4s - loss: 0.6229 - acc: 0.6804
 736/1424 [==============>...............] - ETA: 4s - loss: 0.6230 - acc: 0.6807
 768/1424 [===============>..............] - ETA: 4s - loss: 0.6264 - acc: 0.6745
 800/1424 [===============>..............] - ETA: 3s - loss: 0.6253 - acc: 0.6750
 832/1424 [================>.............] - ETA: 3s - loss: 0.6233 - acc: 0.6779
 864/1424 [=================>............] - ETA: 3s - loss: 0.6242 - acc: 0.6782
 896/1424 [=================>............] - ETA: 3s - loss: 0.6241 - acc: 0.6786
 928/1424 [==================>...........] - ETA: 3s - loss: 0.6229 - acc: 0.6800
 960/1424 [===================>..........] - ETA: 2s - loss: 0.6205 - acc: 0.6823
 992/1424 [===================>..........] - ETA: 2s - loss: 0.6199 - acc: 0.6845
1024/1424 [====================>.........] - ETA: 2s - loss: 0.6192 - acc: 0.6855
1056/1424 [=====================>........] - ETA: 2s - loss: 0.6192 - acc: 0.6847
1088/1424 [=====================>........] - ETA: 2s - loss: 0.6177 - acc: 0.6847
1120/1424 [======================>.......] - ETA: 1s - loss: 0.6161 - acc: 0.6857
1152/1424 [=======================>......] - ETA: 1s - loss: 0.6159 - acc: 0.6823
1184/1424 [=======================>......] - ETA: 1s - loss: 0.6157 - acc: 0.6824
1216/1424 [========================>.....] - ETA: 1s - loss: 0.6163 - acc: 0.6834
1248/1424 [=========================>....] - ETA: 1s - loss: 0.6163 - acc: 0.6843
1280/1424 [=========================>....] - ETA: 0s - loss: 0.6146 - acc: 0.6883
1312/1424 [==========================>...] - ETA: 0s - loss: 0.6126 - acc: 0.6905
1344/1424 [===========================>..] - ETA: 0s - loss: 0.6137 - acc: 0.6905
1376/1424 [===========================>..] - ETA: 0s - loss: 0.6155 - acc: 0.6890
1408/1424 [============================>.] - ETA: 0s - loss: 0.6153 - acc: 0.6882
1424/1424 [==============================] - 12s 8ms/step - loss: 0.6148 - acc: 0.6882 - val_loss: 0.5816 - val_acc: 0.7938

  32/1424 [..............................] - ETA: 26s
  64/1424 [>.............................] - ETA: 15s
  96/1424 [=>............................] - ETA: 11s
 128/1424 [=>............................] - ETA: 9s 
 160/1424 [==>...........................] - ETA: 8s
 192/1424 [===>..........................] - ETA: 7s
 224/1424 [===>..........................] - ETA: 6s
 256/1424 [====>.........................] - ETA: 6s
 288/1424 [=====>........................] - ETA: 5s
 320/1424 [=====>........................] - ETA: 5s
 352/1424 [======>.......................] - ETA: 5s
 384/1424 [=======>......................] - ETA: 5s
 416/1424 [=======>......................] - ETA: 4s
 448/1424 [========>.....................] - ETA: 4s
 480/1424 [=========>....................] - ETA: 4s
 512/1424 [=========>....................] - ETA: 4s
 544/1424 [==========>...................] - ETA: 3s
 576/1424 [===========>..................] - ETA: 3s
 608/1424 [===========>..................] - ETA: 3s
 640/1424 [============>.................] - ETA: 3s
 672/1424 [=============>................] - ETA: 3s
 704/1424 [=============>................] - ETA: 3s
 736/1424 [==============>...............] - ETA: 2s
 768/1424 [===============>..............] - ETA: 2s
 800/1424 [===============>..............] - ETA: 2s
 832/1424 [================>.............] - ETA: 2s
 864/1424 [=================>............] - ETA: 2s
 896/1424 [=================>............] - ETA: 2s
 928/1424 [==================>...........] - ETA: 2s
 960/1424 [===================>..........] - ETA: 1s
 992/1424 [===================>..........] - ETA: 1s
1024/1424 [====================>.........] - ETA: 1s
1056/1424 [=====================>........] - ETA: 1s
1088/1424 [=====================>........] - ETA: 1s
1120/1424 [======================>.......] - ETA: 1s
1152/1424 [=======================>......] - ETA: 1s
1184/1424 [=======================>......] - ETA: 0s
1216/1424 [========================>.....] - ETA: 0s
1248/1424 [=========================>....] - ETA: 0s
1280/1424 [=========================>....] - ETA: 0s
1312/1424 [==========================>...] - ETA: 0s
1344/1424 [===========================>..] - ETA: 0s
1376/1424 [===========================>..] - ETA: 0s
1408/1424 [============================>.] - ETA: 0s
1424/1424 [==============================] - 6s 4ms/step
Test acc: 0.8412921348314607

  32/1424 [..............................] - ETA: 4s
  64/1424 [>.............................] - ETA: 4s
  96/1424 [=>............................] - ETA: 4s
 128/1424 [=>............................] - ETA: 4s
 160/1424 [==>...........................] - ETA: 4s
 192/1424 [===>..........................] - ETA: 4s
 224/1424 [===>..........................] - ETA: 4s
 256/1424 [====>.........................] - ETA: 4s
 288/1424 [=====>........................] - ETA: 4s
 320/1424 [=====>........................] - ETA: 3s
 352/1424 [======>.......................] - ETA: 3s
 384/1424 [=======>......................] - ETA: 3s
 416/1424 [=======>......................] - ETA: 3s
 448/1424 [========>.....................] - ETA: 3s
 480/1424 [=========>....................] - ETA: 3s
 512/1424 [=========>....................] - ETA: 3s
 544/1424 [==========>...................] - ETA: 3s
 576/1424 [===========>..................] - ETA: 3s
 608/1424 [===========>..................] - ETA: 2s
 640/1424 [============>.................] - ETA: 2s
 672/1424 [=============>................] - ETA: 2s
 704/1424 [=============>................] - ETA: 2s
 736/1424 [==============>...............] - ETA: 2s
 768/1424 [===============>..............] - ETA: 2s
 800/1424 [===============>..............] - ETA: 2s
 832/1424 [================>.............] - ETA: 2s
 864/1424 [=================>............] - ETA: 1s
 896/1424 [=================>............] - ETA: 1s
 928/1424 [==================>...........] - ETA: 1s
 960/1424 [===================>..........] - ETA: 1s
 992/1424 [===================>..........] - ETA: 1s
1024/1424 [====================>.........] - ETA: 1s
1056/1424 [=====================>........] - ETA: 1s
1088/1424 [=====================>........] - ETA: 1s
1120/1424 [======================>.......] - ETA: 1s
1152/1424 [=======================>......] - ETA: 0s
1184/1424 [=======================>......] - ETA: 0s
1216/1424 [========================>.....] - ETA: 0s
1248/1424 [=========================>....] - ETA: 0s
1280/1424 [=========================>....] - ETA: 0s
1312/1424 [==========================>...] - ETA: 0s
1344/1424 [===========================>..] - ETA: 0s
1376/1424 [===========================>..] - ETA: 0s
1408/1424 [============================>.] - ETA: 0s
1424/1424 [==============================] - 5s 4ms/step
Test acc: [0.48576426907871545, 0.8377808988764045]
Test auc: 0.907537124416109
Test mcc: 0.6835585018996456
Execute epoch: 17
Execute time: 214.38754296302795
(W) Execute time: 212.77565360069275
