_________________________________________________________________
Layer (type)                 Output Shape              Param #   
=================================================================
embedding_1 (Embedding)      (None, None, 128)         2688      
_________________________________________________________________
lstm_1 (LSTM)                (None, None, 64)          49408     
_________________________________________________________________
lstm_2 (LSTM)                (None, None, 64)          33024     
_________________________________________________________________
lstm_3 (LSTM)                (None, 64)                33024     
_________________________________________________________________
dense_1 (Dense)              (None, 16)                1040      
_________________________________________________________________
dense_2 (Dense)              (None, 1)                 17        
=================================================================
Total params: 119,201
Trainable params: 119,201
Non-trainable params: 0
_________________________________________________________________
Train on 1424 samples, validate on 708 samples
Epoch 1/1

  32/1424 [..............................] - ETA: 2:27 - loss: 0.6935 - acc: 0.5000
  64/1424 [>.............................] - ETA: 1:16 - loss: 0.6934 - acc: 0.4219
  96/1424 [=>............................] - ETA: 52s - loss: 0.6934 - acc: 0.4688 
 128/1424 [=>............................] - ETA: 40s - loss: 0.6933 - acc: 0.4688
 160/1424 [==>...........................] - ETA: 33s - loss: 0.6927 - acc: 0.5062
 192/1424 [===>..........................] - ETA: 28s - loss: 0.6926 - acc: 0.5156
 224/1424 [===>..........................] - ETA: 24s - loss: 0.6924 - acc: 0.5223
 256/1424 [====>.........................] - ETA: 21s - loss: 0.6923 - acc: 0.5234
 288/1424 [=====>........................] - ETA: 19s - loss: 0.6930 - acc: 0.5069
 320/1424 [=====>........................] - ETA: 17s - loss: 0.6932 - acc: 0.5031
 352/1424 [======>.......................] - ETA: 16s - loss: 0.6937 - acc: 0.4886
 384/1424 [=======>......................] - ETA: 15s - loss: 0.6934 - acc: 0.4948
 416/1424 [=======>......................] - ETA: 14s - loss: 0.6931 - acc: 0.5000
 448/1424 [========>.....................] - ETA: 13s - loss: 0.6933 - acc: 0.4955
 480/1424 [=========>....................] - ETA: 12s - loss: 0.6930 - acc: 0.5021
 512/1424 [=========>....................] - ETA: 11s - loss: 0.6932 - acc: 0.4980
 544/1424 [==========>...................] - ETA: 10s - loss: 0.6932 - acc: 0.4982
 576/1424 [===========>..................] - ETA: 9s - loss: 0.6932 - acc: 0.4948 
 608/1424 [===========>..................] - ETA: 9s - loss: 0.6931 - acc: 0.4967
 640/1424 [============>.................] - ETA: 8s - loss: 0.6930 - acc: 0.5000
 672/1424 [=============>................] - ETA: 8s - loss: 0.6930 - acc: 0.4985
 704/1424 [=============>................] - ETA: 7s - loss: 0.6930 - acc: 0.4986
 736/1424 [==============>...............] - ETA: 7s - loss: 0.6930 - acc: 0.4973
 768/1424 [===============>..............] - ETA: 6s - loss: 0.6930 - acc: 0.4974
 800/1424 [===============>..............] - ETA: 6s - loss: 0.6929 - acc: 0.4975
 832/1424 [================>.............] - ETA: 5s - loss: 0.6929 - acc: 0.4964
 864/1424 [=================>............] - ETA: 5s - loss: 0.6928 - acc: 0.4988
 896/1424 [=================>............] - ETA: 5s - loss: 0.6928 - acc: 0.4978
 928/1424 [==================>...........] - ETA: 4s - loss: 0.6928 - acc: 0.4968
 960/1424 [===================>..........] - ETA: 4s - loss: 0.6928 - acc: 0.4948
 992/1424 [===================>..........] - ETA: 4s - loss: 0.6928 - acc: 0.4919
1024/1424 [====================>.........] - ETA: 3s - loss: 0.6927 - acc: 0.4932
1056/1424 [=====================>........] - ETA: 3s - loss: 0.6927 - acc: 0.4877
1088/1424 [=====================>........] - ETA: 3s - loss: 0.6925 - acc: 0.4890
1120/1424 [======================>.......] - ETA: 2s - loss: 0.6923 - acc: 0.4911
1152/1424 [=======================>......] - ETA: 2s - loss: 0.6920 - acc: 0.4931
1184/1424 [=======================>......] - ETA: 2s - loss: 0.6917 - acc: 0.4941
1216/1424 [========================>.....] - ETA: 1s - loss: 0.6915 - acc: 0.4942
1248/1424 [=========================>....] - ETA: 1s - loss: 0.6914 - acc: 0.4936
1280/1424 [=========================>....] - ETA: 1s - loss: 0.6914 - acc: 0.4922
1312/1424 [==========================>...] - ETA: 0s - loss: 0.6912 - acc: 0.4893
1344/1424 [===========================>..] - ETA: 0s - loss: 0.6909 - acc: 0.4888
1376/1424 [===========================>..] - ETA: 0s - loss: 0.6899 - acc: 0.4935
1408/1424 [============================>.] - ETA: 0s - loss: 0.6889 - acc: 0.4964
1424/1424 [==============================] - 15s 11ms/step - loss: 0.6882 - acc: 0.4965 - val_loss: 0.6359 - val_acc: 0.5424
Train on 1424 samples, validate on 708 samples
Epoch 1/1

  32/1424 [..............................] - ETA: 8s - loss: 0.6908 - acc: 0.4688
  64/1424 [>.............................] - ETA: 8s - loss: 0.6575 - acc: 0.4844
  96/1424 [=>............................] - ETA: 8s - loss: 0.5907 - acc: 0.5729
 128/1424 [=>............................] - ETA: 8s - loss: 0.6134 - acc: 0.5938
 160/1424 [==>...........................] - ETA: 7s - loss: 0.7100 - acc: 0.5750
 192/1424 [===>..........................] - ETA: 7s - loss: 0.7611 - acc: 0.6042
 224/1424 [===>..........................] - ETA: 7s - loss: 0.8077 - acc: 0.6116
 256/1424 [====>.........................] - ETA: 7s - loss: 0.7754 - acc: 0.6367
 288/1424 [=====>........................] - ETA: 7s - loss: 0.7501 - acc: 0.6701
 320/1424 [=====>........................] - ETA: 6s - loss: 0.7337 - acc: 0.6844
 352/1424 [======>.......................] - ETA: 6s - loss: 0.7193 - acc: 0.6960
 384/1424 [=======>......................] - ETA: 6s - loss: 0.7172 - acc: 0.7005
 416/1424 [=======>......................] - ETA: 6s - loss: 0.7120 - acc: 0.7067
 448/1424 [========>.....................] - ETA: 6s - loss: 0.7391 - acc: 0.7076
 480/1424 [=========>....................] - ETA: 5s - loss: 0.7325 - acc: 0.7083
 512/1424 [=========>....................] - ETA: 5s - loss: 0.7246 - acc: 0.7188
 544/1424 [==========>...................] - ETA: 5s - loss: 0.7220 - acc: 0.7188
 576/1424 [===========>..................] - ETA: 5s - loss: 0.7179 - acc: 0.7205
 608/1424 [===========>..................] - ETA: 5s - loss: 0.7130 - acc: 0.7237
 640/1424 [============>.................] - ETA: 4s - loss: 0.7098 - acc: 0.7266
 672/1424 [=============>................] - ETA: 4s - loss: 0.7066 - acc: 0.7262
 704/1424 [=============>................] - ETA: 4s - loss: 0.7029 - acc: 0.7315
 736/1424 [==============>...............] - ETA: 4s - loss: 0.6994 - acc: 0.7323
 768/1424 [===============>..............] - ETA: 4s - loss: 0.6953 - acc: 0.7370
 800/1424 [===============>..............] - ETA: 3s - loss: 0.6927 - acc: 0.7400
 832/1424 [================>.............] - ETA: 3s - loss: 0.6916 - acc: 0.7440
 864/1424 [=================>............] - ETA: 3s - loss: 0.6845 - acc: 0.7477
 896/1424 [=================>............] - ETA: 3s - loss: 0.6768 - acc: 0.7522
 928/1424 [==================>...........] - ETA: 3s - loss: 0.6892 - acc: 0.7522
 960/1424 [===================>..........] - ETA: 2s - loss: 0.6815 - acc: 0.7542
 992/1424 [===================>..........] - ETA: 2s - loss: 0.6820 - acc: 0.7530
1024/1424 [====================>.........] - ETA: 2s - loss: 0.6753 - acc: 0.7520
1056/1424 [=====================>........] - ETA: 2s - loss: 0.6749 - acc: 0.7509
1088/1424 [=====================>........] - ETA: 2s - loss: 0.6855 - acc: 0.7500
1120/1424 [======================>.......] - ETA: 1s - loss: 0.7188 - acc: 0.7473
1152/1424 [=======================>......] - ETA: 1s - loss: 0.7161 - acc: 0.7474
1184/1424 [=======================>......] - ETA: 1s - loss: 0.7117 - acc: 0.7492
1216/1424 [========================>.....] - ETA: 1s - loss: 0.7084 - acc: 0.7500
1248/1424 [=========================>....] - ETA: 1s - loss: 0.7057 - acc: 0.7508
1280/1424 [=========================>....] - ETA: 0s - loss: 0.7164 - acc: 0.7484
1312/1424 [==========================>...] - ETA: 0s - loss: 0.7136 - acc: 0.7492
1344/1424 [===========================>..] - ETA: 0s - loss: 0.7225 - acc: 0.7478
1376/1424 [===========================>..] - ETA: 0s - loss: 0.7303 - acc: 0.7478
1408/1424 [============================>.] - ETA: 0s - loss: 0.7268 - acc: 0.7479
1424/1424 [==============================] - 12s 8ms/step - loss: 0.7255 - acc: 0.7479 - val_loss: 0.6013 - val_acc: 0.6992
Train on 1424 samples, validate on 708 samples
Epoch 1/1

  32/1424 [..............................] - ETA: 8s - loss: 0.5784 - acc: 0.7812
  64/1424 [>.............................] - ETA: 8s - loss: 0.5991 - acc: 0.7344
  96/1424 [=>............................] - ETA: 8s - loss: 0.5725 - acc: 0.7812
 128/1424 [=>............................] - ETA: 8s - loss: 0.5484 - acc: 0.7969
 160/1424 [==>...........................] - ETA: 7s - loss: 0.5550 - acc: 0.7750
 192/1424 [===>..........................] - ETA: 7s - loss: 0.6731 - acc: 0.7500
 224/1424 [===>..........................] - ETA: 7s - loss: 0.6573 - acc: 0.7500
 256/1424 [====>.........................] - ETA: 7s - loss: 0.6394 - acc: 0.7617
 288/1424 [=====>........................] - ETA: 7s - loss: 0.6238 - acc: 0.7812
 320/1424 [=====>........................] - ETA: 6s - loss: 0.6111 - acc: 0.8000
 352/1424 [======>.......................] - ETA: 6s - loss: 0.6264 - acc: 0.7983
 384/1424 [=======>......................] - ETA: 6s - loss: 0.6230 - acc: 0.7891
 416/1424 [=======>......................] - ETA: 6s - loss: 0.6195 - acc: 0.7861
 448/1424 [========>.....................] - ETA: 6s - loss: 0.6142 - acc: 0.7812
 480/1424 [=========>....................] - ETA: 5s - loss: 0.6120 - acc: 0.7750
 512/1424 [=========>....................] - ETA: 5s - loss: 0.6058 - acc: 0.7852
 544/1424 [==========>...................] - ETA: 5s - loss: 0.6082 - acc: 0.7849
 576/1424 [===========>..................] - ETA: 5s - loss: 0.6054 - acc: 0.7778
 608/1424 [===========>..................] - ETA: 5s - loss: 0.6593 - acc: 0.7747
 640/1424 [============>.................] - ETA: 4s - loss: 0.6560 - acc: 0.7656
 672/1424 [=============>................] - ETA: 4s - loss: 0.6523 - acc: 0.7604
 704/1424 [=============>................] - ETA: 4s - loss: 0.6453 - acc: 0.7585
 736/1424 [==============>...............] - ETA: 4s - loss: 0.6431 - acc: 0.7541
 768/1424 [===============>..............] - ETA: 4s - loss: 0.6373 - acc: 0.7539
 800/1424 [===============>..............] - ETA: 3s - loss: 0.6337 - acc: 0.7550
 832/1424 [================>.............] - ETA: 3s - loss: 0.6315 - acc: 0.7548
 864/1424 [=================>............] - ETA: 3s - loss: 0.6311 - acc: 0.7523
 896/1424 [=================>............] - ETA: 3s - loss: 0.6302 - acc: 0.7500
 928/1424 [==================>...........] - ETA: 3s - loss: 0.6319 - acc: 0.7446
 960/1424 [===================>..........] - ETA: 2s - loss: 0.6295 - acc: 0.7469
 992/1424 [===================>..........] - ETA: 2s - loss: 0.6255 - acc: 0.7460
1024/1424 [====================>.........] - ETA: 2s - loss: 0.6234 - acc: 0.7441
1056/1424 [=====================>........] - ETA: 2s - loss: 0.6213 - acc: 0.7443
1088/1424 [=====================>........] - ETA: 2s - loss: 0.6207 - acc: 0.7426
1120/1424 [======================>.......] - ETA: 1s - loss: 0.6175 - acc: 0.7420
1152/1424 [=======================>......] - ETA: 1s - loss: 0.6144 - acc: 0.7448
1184/1424 [=======================>......] - ETA: 1s - loss: 0.6117 - acc: 0.7483
1216/1424 [========================>.....] - ETA: 1s - loss: 0.6085 - acc: 0.7500
1248/1424 [=========================>....] - ETA: 1s - loss: 0.6048 - acc: 0.7516
1280/1424 [=========================>....] - ETA: 0s - loss: 0.5995 - acc: 0.7570
1312/1424 [==========================>...] - ETA: 0s - loss: 0.5977 - acc: 0.7561
1344/1424 [===========================>..] - ETA: 0s - loss: 0.5959 - acc: 0.7545
1376/1424 [===========================>..] - ETA: 0s - loss: 0.6033 - acc: 0.7551
1408/1424 [============================>.] - ETA: 0s - loss: 0.5987 - acc: 0.7564
1424/1424 [==============================] - 12s 8ms/step - loss: 0.6081 - acc: 0.7556 - val_loss: 0.5705 - val_acc: 0.8277
Train on 1424 samples, validate on 708 samples
Epoch 1/1

  32/1424 [..............................] - ETA: 8s - loss: 0.3384 - acc: 0.8750
  64/1424 [>.............................] - ETA: 8s - loss: 0.5729 - acc: 0.8594
  96/1424 [=>............................] - ETA: 8s - loss: 0.8290 - acc: 0.8438
 128/1424 [=>............................] - ETA: 8s - loss: 0.9493 - acc: 0.8359
 160/1424 [==>...........................] - ETA: 7s - loss: 1.0246 - acc: 0.8250
 192/1424 [===>..........................] - ETA: 7s - loss: 0.9966 - acc: 0.8281
 224/1424 [===>..........................] - ETA: 7s - loss: 1.1328 - acc: 0.8259
 256/1424 [====>.........................] - ETA: 7s - loss: 1.2292 - acc: 0.8086
 288/1424 [=====>........................] - ETA: 7s - loss: 1.2870 - acc: 0.8125
 320/1424 [=====>........................] - ETA: 6s - loss: 1.2449 - acc: 0.8156
 352/1424 [======>.......................] - ETA: 6s - loss: 1.3515 - acc: 0.7983
 384/1424 [=======>......................] - ETA: 6s - loss: 1.4306 - acc: 0.7891
 416/1424 [=======>......................] - ETA: 6s - loss: 1.6491 - acc: 0.7788
 448/1424 [========>.....................] - ETA: 6s - loss: 1.6705 - acc: 0.7746
 480/1424 [=========>....................] - ETA: 5s - loss: 1.7028 - acc: 0.7667
 512/1424 [=========>....................] - ETA: 5s - loss: 1.7737 - acc: 0.7637
 544/1424 [==========>...................] - ETA: 5s - loss: 1.7511 - acc: 0.7647
 576/1424 [===========>..................] - ETA: 5s - loss: 1.7686 - acc: 0.7639
 608/1424 [===========>..................] - ETA: 5s - loss: 1.7954 - acc: 0.7648
 640/1424 [============>.................] - ETA: 4s - loss: 1.7535 - acc: 0.7656
 672/1424 [=============>................] - ETA: 4s - loss: 1.7787 - acc: 0.7634
 704/1424 [=============>................] - ETA: 4s - loss: 1.7242 - acc: 0.7599
 736/1424 [==============>...............] - ETA: 4s - loss: 1.6905 - acc: 0.7609
 768/1424 [===============>..............] - ETA: 4s - loss: 1.7336 - acc: 0.7539
 800/1424 [===============>..............] - ETA: 3s - loss: 1.7362 - acc: 0.7525
 832/1424 [================>.............] - ETA: 3s - loss: 1.6967 - acc: 0.7512
 864/1424 [=================>............] - ETA: 3s - loss: 1.7174 - acc: 0.7488
 896/1424 [=================>............] - ETA: 3s - loss: 1.6743 - acc: 0.7500
 928/1424 [==================>...........] - ETA: 3s - loss: 1.6386 - acc: 0.7489
 960/1424 [===================>..........] - ETA: 2s - loss: 1.6180 - acc: 0.7479
 992/1424 [===================>..........] - ETA: 2s - loss: 1.5790 - acc: 0.7500
1024/1424 [====================>.........] - ETA: 2s - loss: 1.5466 - acc: 0.7480
1056/1424 [=====================>........] - ETA: 2s - loss: 1.5337 - acc: 0.7424
1088/1424 [=====================>........] - ETA: 2s - loss: 1.5018 - acc: 0.7445
1120/1424 [======================>.......] - ETA: 1s - loss: 1.4710 - acc: 0.7491
1152/1424 [=======================>......] - ETA: 1s - loss: 1.4446 - acc: 0.7491
1184/1424 [=======================>......] - ETA: 1s - loss: 1.4207 - acc: 0.7492
1216/1424 [========================>.....] - ETA: 1s - loss: 1.3967 - acc: 0.7516
1248/1424 [=========================>....] - ETA: 1s - loss: 1.3729 - acc: 0.7556
1280/1424 [=========================>....] - ETA: 0s - loss: 1.3504 - acc: 0.7578
1312/1424 [==========================>...] - ETA: 0s - loss: 1.3292 - acc: 0.7591
1344/1424 [===========================>..] - ETA: 0s - loss: 1.3095 - acc: 0.7574
1376/1424 [===========================>..] - ETA: 0s - loss: 1.2925 - acc: 0.7594
1408/1424 [============================>.] - ETA: 0s - loss: 1.2855 - acc: 0.7599
1424/1424 [==============================] - 12s 8ms/step - loss: 1.2772 - acc: 0.7605 - val_loss: 0.5850 - val_acc: 0.8234
Train on 1424 samples, validate on 708 samples
Epoch 1/1

  32/1424 [..............................] - ETA: 8s - loss: 0.4840 - acc: 0.8125
  64/1424 [>.............................] - ETA: 8s - loss: 0.6424 - acc: 0.8125
  96/1424 [=>............................] - ETA: 8s - loss: 0.6259 - acc: 0.7917
 128/1424 [=>............................] - ETA: 8s - loss: 0.6548 - acc: 0.7734
 160/1424 [==>...........................] - ETA: 7s - loss: 0.6216 - acc: 0.7875
 192/1424 [===>..........................] - ETA: 7s - loss: 0.6002 - acc: 0.7917
 224/1424 [===>..........................] - ETA: 7s - loss: 0.5772 - acc: 0.8036
 256/1424 [====>.........................] - ETA: 7s - loss: 0.5869 - acc: 0.7852
 288/1424 [=====>........................] - ETA: 7s - loss: 0.5889 - acc: 0.7639
 320/1424 [=====>........................] - ETA: 6s - loss: 0.5865 - acc: 0.7594
 352/1424 [======>.......................] - ETA: 6s - loss: 0.5956 - acc: 0.7386
 384/1424 [=======>......................] - ETA: 6s - loss: 0.5909 - acc: 0.7318
 416/1424 [=======>......................] - ETA: 6s - loss: 0.5900 - acc: 0.7236
 448/1424 [========>.....................] - ETA: 6s - loss: 0.5899 - acc: 0.7188
 480/1424 [=========>....................] - ETA: 5s - loss: 0.5957 - acc: 0.7042
 512/1424 [=========>....................] - ETA: 5s - loss: 0.6022 - acc: 0.6934
 544/1424 [==========>...................] - ETA: 5s - loss: 0.5985 - acc: 0.6912
 576/1424 [===========>..................] - ETA: 5s - loss: 0.6303 - acc: 0.6840
 608/1424 [===========>..................] - ETA: 5s - loss: 0.6251 - acc: 0.6809
 640/1424 [============>.................] - ETA: 4s - loss: 0.6226 - acc: 0.6781
 672/1424 [=============>................] - ETA: 4s - loss: 0.6386 - acc: 0.6786
 704/1424 [=============>................] - ETA: 4s - loss: 0.6561 - acc: 0.6790
 736/1424 [==============>...............] - ETA: 4s - loss: 0.6862 - acc: 0.6753
 768/1424 [===============>..............] - ETA: 4s - loss: 0.6838 - acc: 0.6732
 800/1424 [===============>..............] - ETA: 3s - loss: 0.6783 - acc: 0.6700
 832/1424 [================>.............] - ETA: 3s - loss: 0.6875 - acc: 0.6695
 864/1424 [=================>............] - ETA: 3s - loss: 0.6837 - acc: 0.6713
 896/1424 [=================>............] - ETA: 3s - loss: 0.6829 - acc: 0.6708
 928/1424 [==================>...........] - ETA: 3s - loss: 0.6810 - acc: 0.6724
 960/1424 [===================>..........] - ETA: 2s - loss: 0.6788 - acc: 0.6719
 992/1424 [===================>..........] - ETA: 2s - loss: 0.6767 - acc: 0.6734
1024/1424 [====================>.........] - ETA: 2s - loss: 0.6754 - acc: 0.6719
1056/1424 [=====================>........] - ETA: 2s - loss: 0.6731 - acc: 0.6714
1088/1424 [=====================>........] - ETA: 2s - loss: 0.6704 - acc: 0.6728
1120/1424 [======================>.......] - ETA: 1s - loss: 0.6695 - acc: 0.6723
1152/1424 [=======================>......] - ETA: 1s - loss: 0.6667 - acc: 0.6780
1184/1424 [=======================>......] - ETA: 1s - loss: 0.6662 - acc: 0.6782
1216/1424 [========================>.....] - ETA: 1s - loss: 0.6636 - acc: 0.6842
1248/1424 [=========================>....] - ETA: 1s - loss: 0.6614 - acc: 0.6875
1280/1424 [=========================>....] - ETA: 0s - loss: 0.6592 - acc: 0.6891
1312/1424 [==========================>...] - ETA: 0s - loss: 0.6581 - acc: 0.6936
1344/1424 [===========================>..] - ETA: 0s - loss: 0.6559 - acc: 0.6957
1376/1424 [===========================>..] - ETA: 0s - loss: 0.6536 - acc: 0.6999
1408/1424 [============================>.] - ETA: 0s - loss: 0.6519 - acc: 0.7017
1424/1424 [==============================] - 12s 8ms/step - loss: 0.6512 - acc: 0.7029 - val_loss: 0.6083 - val_acc: 0.8263
Train on 1424 samples, validate on 708 samples
Epoch 1/1

  32/1424 [..............................] - ETA: 8s - loss: 0.5981 - acc: 0.8438
  64/1424 [>.............................] - ETA: 8s - loss: 0.6229 - acc: 0.7188
  96/1424 [=>............................] - ETA: 8s - loss: 0.6410 - acc: 0.7083
 128/1424 [=>............................] - ETA: 8s - loss: 0.6184 - acc: 0.7422
 160/1424 [==>...........................] - ETA: 7s - loss: 0.6150 - acc: 0.7562
 192/1424 [===>..........................] - ETA: 7s - loss: 0.6093 - acc: 0.7604
 224/1424 [===>..........................] - ETA: 7s - loss: 0.6028 - acc: 0.7679
 256/1424 [====>.........................] - ETA: 7s - loss: 0.6006 - acc: 0.7734
 288/1424 [=====>........................] - ETA: 7s - loss: 0.5971 - acc: 0.7708
 320/1424 [=====>........................] - ETA: 6s - loss: 0.6000 - acc: 0.7812
 352/1424 [======>.......................] - ETA: 6s - loss: 0.5974 - acc: 0.7898
 384/1424 [=======>......................] - ETA: 6s - loss: 0.5962 - acc: 0.7917
 416/1424 [=======>......................] - ETA: 6s - loss: 0.5970 - acc: 0.7909
 448/1424 [========>.....................] - ETA: 6s - loss: 0.6037 - acc: 0.7768
 480/1424 [=========>....................] - ETA: 5s - loss: 0.6016 - acc: 0.7729
 512/1424 [=========>....................] - ETA: 5s - loss: 0.6028 - acc: 0.7637
 544/1424 [==========>...................] - ETA: 5s - loss: 0.6034 - acc: 0.7647
 576/1424 [===========>..................] - ETA: 5s - loss: 0.6047 - acc: 0.7656
 608/1424 [===========>..................] - ETA: 5s - loss: 0.6037 - acc: 0.7730
 640/1424 [============>.................] - ETA: 4s - loss: 0.6028 - acc: 0.7734
 672/1424 [=============>................] - ETA: 4s - loss: 0.6033 - acc: 0.7723
 704/1424 [=============>................] - ETA: 4s - loss: 0.5997 - acc: 0.7699
 736/1424 [==============>...............] - ETA: 4s - loss: 0.6010 - acc: 0.7690
 768/1424 [===============>..............] - ETA: 4s - loss: 0.5990 - acc: 0.7721
 800/1424 [===============>..............] - ETA: 3s - loss: 0.6001 - acc: 0.7725
 832/1424 [================>.............] - ETA: 3s - loss: 0.6038 - acc: 0.7656
 864/1424 [=================>............] - ETA: 3s - loss: 0.6025 - acc: 0.7616
 896/1424 [=================>............] - ETA: 3s - loss: 0.5995 - acc: 0.7645
 928/1424 [==================>...........] - ETA: 3s - loss: 0.5982 - acc: 0.7651
 960/1424 [===================>..........] - ETA: 2s - loss: 0.5971 - acc: 0.7677
 992/1424 [===================>..........] - ETA: 2s - loss: 0.5971 - acc: 0.7661
1024/1424 [====================>.........] - ETA: 2s - loss: 0.5974 - acc: 0.7646
1056/1424 [=====================>........] - ETA: 2s - loss: 0.5953 - acc: 0.7652
1088/1424 [=====================>........] - ETA: 2s - loss: 0.5948 - acc: 0.7647
1120/1424 [======================>.......] - ETA: 1s - loss: 0.5965 - acc: 0.7607
1152/1424 [=======================>......] - ETA: 1s - loss: 0.5955 - acc: 0.7622
1184/1424 [=======================>......] - ETA: 1s - loss: 0.5963 - acc: 0.7610
1216/1424 [========================>.....] - ETA: 1s - loss: 0.5953 - acc: 0.7607
1248/1424 [=========================>....] - ETA: 1s - loss: 0.5932 - acc: 0.7644
1280/1424 [=========================>....] - ETA: 0s - loss: 0.5910 - acc: 0.7648
1312/1424 [==========================>...] - ETA: 0s - loss: 0.5921 - acc: 0.7630
1344/1424 [===========================>..] - ETA: 0s - loss: 0.5893 - acc: 0.7679
1376/1424 [===========================>..] - ETA: 0s - loss: 0.5915 - acc: 0.7645
1408/1424 [============================>.] - ETA: 0s - loss: 0.5919 - acc: 0.7628
1424/1424 [==============================] - 12s 8ms/step - loss: 0.5909 - acc: 0.7647 - val_loss: 0.5603 - val_acc: 0.8093
Train on 1424 samples, validate on 708 samples
Epoch 1/1

  32/1424 [..............................] - ETA: 8s - loss: 0.5803 - acc: 0.7500
  64/1424 [>.............................] - ETA: 8s - loss: 0.7481 - acc: 0.7500
  96/1424 [=>............................] - ETA: 8s - loss: 0.6884 - acc: 0.7708
 128/1424 [=>............................] - ETA: 8s - loss: 0.6394 - acc: 0.7891
 160/1424 [==>...........................] - ETA: 7s - loss: 0.6248 - acc: 0.8000
 192/1424 [===>..........................] - ETA: 7s - loss: 0.6144 - acc: 0.7969
 224/1424 [===>..........................] - ETA: 7s - loss: 0.6042 - acc: 0.8036
 256/1424 [====>.........................] - ETA: 7s - loss: 0.5968 - acc: 0.8047
 288/1424 [=====>........................] - ETA: 7s - loss: 0.5929 - acc: 0.7986
 320/1424 [=====>........................] - ETA: 6s - loss: 0.5850 - acc: 0.7906
 352/1424 [======>.......................] - ETA: 6s - loss: 0.5792 - acc: 0.7869
 384/1424 [=======>......................] - ETA: 6s - loss: 0.5858 - acc: 0.7812
 416/1424 [=======>......................] - ETA: 6s - loss: 0.5824 - acc: 0.7861
 448/1424 [========>.....................] - ETA: 6s - loss: 0.5786 - acc: 0.7857
 480/1424 [=========>....................] - ETA: 5s - loss: 0.5803 - acc: 0.7812
 512/1424 [=========>....................] - ETA: 5s - loss: 0.5766 - acc: 0.7793
 544/1424 [==========>...................] - ETA: 5s - loss: 0.5742 - acc: 0.7849
 576/1424 [===========>..................] - ETA: 5s - loss: 0.5760 - acc: 0.7795
 608/1424 [===========>..................] - ETA: 5s - loss: 0.5741 - acc: 0.7747
 640/1424 [============>.................] - ETA: 4s - loss: 0.5726 - acc: 0.7781
 672/1424 [=============>................] - ETA: 4s - loss: 0.5784 - acc: 0.7738
 704/1424 [=============>................] - ETA: 4s - loss: 0.5746 - acc: 0.7812
 736/1424 [==============>...............] - ETA: 4s - loss: 0.5721 - acc: 0.7840
 768/1424 [===============>..............] - ETA: 4s - loss: 0.5691 - acc: 0.7865
 800/1424 [===============>..............] - ETA: 3s - loss: 0.5699 - acc: 0.7837
 832/1424 [================>.............] - ETA: 3s - loss: 0.5672 - acc: 0.7861
 864/1424 [=================>............] - ETA: 3s - loss: 0.5719 - acc: 0.7789
 896/1424 [=================>............] - ETA: 3s - loss: 0.5725 - acc: 0.7812
 928/1424 [==================>...........] - ETA: 3s - loss: 0.5741 - acc: 0.7791
 960/1424 [===================>..........] - ETA: 2s - loss: 0.5702 - acc: 0.7812
 992/1424 [===================>..........] - ETA: 2s - loss: 0.5705 - acc: 0.7823
1024/1424 [====================>.........] - ETA: 2s - loss: 0.5676 - acc: 0.7842
1056/1424 [=====================>........] - ETA: 2s - loss: 0.5659 - acc: 0.7822
1088/1424 [=====================>........] - ETA: 2s - loss: 0.5655 - acc: 0.7840
1120/1424 [======================>.......] - ETA: 1s - loss: 0.5640 - acc: 0.7839
1152/1424 [=======================>......] - ETA: 1s - loss: 0.5641 - acc: 0.7839
1184/1424 [=======================>......] - ETA: 1s - loss: 0.5639 - acc: 0.7855
1216/1424 [========================>.....] - ETA: 1s - loss: 0.5613 - acc: 0.7854
1248/1424 [=========================>....] - ETA: 1s - loss: 0.5643 - acc: 0.7821
1280/1424 [=========================>....] - ETA: 0s - loss: 0.5598 - acc: 0.7828
1312/1424 [==========================>...] - ETA: 0s - loss: 0.5581 - acc: 0.7835
1344/1424 [===========================>..] - ETA: 0s - loss: 0.5563 - acc: 0.7842
1376/1424 [===========================>..] - ETA: 0s - loss: 0.5642 - acc: 0.7871
1408/1424 [============================>.] - ETA: 0s - loss: 0.5627 - acc: 0.7855
1424/1424 [==============================] - 12s 8ms/step - loss: 0.5717 - acc: 0.7865 - val_loss: 0.4885 - val_acc: 0.8037
Train on 1424 samples, validate on 708 samples
Epoch 1/1

  32/1424 [..............................] - ETA: 8s - loss: 0.9522 - acc: 0.7812
  64/1424 [>.............................] - ETA: 8s - loss: 0.9794 - acc: 0.7500
  96/1424 [=>............................] - ETA: 8s - loss: 1.1149 - acc: 0.7500
 128/1424 [=>............................] - ETA: 8s - loss: 1.1115 - acc: 0.7266
 160/1424 [==>...........................] - ETA: 7s - loss: 0.9671 - acc: 0.7438
 192/1424 [===>..........................] - ETA: 7s - loss: 0.9022 - acc: 0.7344
 224/1424 [===>..........................] - ETA: 7s - loss: 0.9047 - acc: 0.7411
 256/1424 [====>.........................] - ETA: 7s - loss: 0.9701 - acc: 0.7422
 288/1424 [=====>........................] - ETA: 7s - loss: 1.0160 - acc: 0.7465
 320/1424 [=====>........................] - ETA: 6s - loss: 0.9789 - acc: 0.7375
 352/1424 [======>.......................] - ETA: 6s - loss: 0.9296 - acc: 0.7472
 384/1424 [=======>......................] - ETA: 6s - loss: 0.8910 - acc: 0.7526
 416/1424 [=======>......................] - ETA: 6s - loss: 0.8574 - acc: 0.7548
 448/1424 [========>.....................] - ETA: 6s - loss: 0.8330 - acc: 0.7545
 480/1424 [=========>....................] - ETA: 5s - loss: 0.8378 - acc: 0.7604
 512/1424 [=========>....................] - ETA: 5s - loss: 0.8169 - acc: 0.7598
 544/1424 [==========>...................] - ETA: 5s - loss: 0.7966 - acc: 0.7610
 576/1424 [===========>..................] - ETA: 5s - loss: 0.8193 - acc: 0.7587
 608/1424 [===========>..................] - ETA: 5s - loss: 0.8325 - acc: 0.7582
 640/1424 [============>.................] - ETA: 4s - loss: 0.8177 - acc: 0.7594
 672/1424 [=============>................] - ETA: 4s - loss: 0.8037 - acc: 0.7589
 704/1424 [=============>................] - ETA: 4s - loss: 0.7853 - acc: 0.7599
 736/1424 [==============>...............] - ETA: 4s - loss: 0.7919 - acc: 0.7582
 768/1424 [===============>..............] - ETA: 4s - loss: 0.7813 - acc: 0.7591
 800/1424 [===============>..............] - ETA: 3s - loss: 0.7768 - acc: 0.7550
 832/1424 [================>.............] - ETA: 3s - loss: 0.7860 - acc: 0.7548
 864/1424 [=================>............] - ETA: 3s - loss: 0.7766 - acc: 0.7512
 896/1424 [=================>............] - ETA: 3s - loss: 0.7929 - acc: 0.7478
 928/1424 [==================>...........] - ETA: 3s - loss: 0.7805 - acc: 0.7532
 960/1424 [===================>..........] - ETA: 2s - loss: 0.7658 - acc: 0.7552
 992/1424 [===================>..........] - ETA: 2s - loss: 0.7648 - acc: 0.7550
1024/1424 [====================>.........] - ETA: 2s - loss: 0.7533 - acc: 0.7588
1056/1424 [=====================>........] - ETA: 2s - loss: 0.7542 - acc: 0.7585
1088/1424 [=====================>........] - ETA: 2s - loss: 0.7441 - acc: 0.7619
1120/1424 [======================>.......] - ETA: 1s - loss: 0.7625 - acc: 0.7625
1152/1424 [=======================>......] - ETA: 1s - loss: 0.7567 - acc: 0.7613
1184/1424 [=======================>......] - ETA: 1s - loss: 0.7503 - acc: 0.7601
1216/1424 [========================>.....] - ETA: 1s - loss: 0.7423 - acc: 0.7623
1248/1424 [=========================>....] - ETA: 1s - loss: 0.7445 - acc: 0.7612
1280/1424 [=========================>....] - ETA: 0s - loss: 0.7389 - acc: 0.7633
1312/1424 [==========================>...] - ETA: 0s - loss: 0.7353 - acc: 0.7599
1344/1424 [===========================>..] - ETA: 0s - loss: 0.7300 - acc: 0.7619
1376/1424 [===========================>..] - ETA: 0s - loss: 0.7256 - acc: 0.7602
1408/1424 [============================>.] - ETA: 0s - loss: 0.7209 - acc: 0.7614
1424/1424 [==============================] - 12s 8ms/step - loss: 0.7190 - acc: 0.7605 - val_loss: 0.5331 - val_acc: 0.8206
Train on 1424 samples, validate on 708 samples
Epoch 1/1

  32/1424 [..............................] - ETA: 8s - loss: 0.5271 - acc: 0.8125
  64/1424 [>.............................] - ETA: 8s - loss: 0.4996 - acc: 0.8438
  96/1424 [=>............................] - ETA: 8s - loss: 0.5190 - acc: 0.8021
 128/1424 [=>............................] - ETA: 8s - loss: 0.5569 - acc: 0.7812
 160/1424 [==>...........................] - ETA: 7s - loss: 0.5534 - acc: 0.7688
 192/1424 [===>..........................] - ETA: 7s - loss: 0.5641 - acc: 0.7656
 224/1424 [===>..........................] - ETA: 7s - loss: 0.5574 - acc: 0.7634
 256/1424 [====>.........................] - ETA: 7s - loss: 0.5572 - acc: 0.7656
 288/1424 [=====>........................] - ETA: 7s - loss: 0.5694 - acc: 0.7708
 320/1424 [=====>........................] - ETA: 6s - loss: 0.5620 - acc: 0.7781
 352/1424 [======>.......................] - ETA: 6s - loss: 0.5591 - acc: 0.7727
 384/1424 [=======>......................] - ETA: 6s - loss: 0.5572 - acc: 0.7760
 416/1424 [=======>......................] - ETA: 6s - loss: 0.5534 - acc: 0.7812
 448/1424 [========>.....................] - ETA: 6s - loss: 0.5555 - acc: 0.7768
 480/1424 [=========>....................] - ETA: 5s - loss: 0.5526 - acc: 0.7792
 512/1424 [=========>....................] - ETA: 5s - loss: 0.5491 - acc: 0.7852
 544/1424 [==========>...................] - ETA: 5s - loss: 0.5410 - acc: 0.7904
 576/1424 [===========>..................] - ETA: 5s - loss: 0.5433 - acc: 0.7812
 608/1424 [===========>..................] - ETA: 5s - loss: 0.5433 - acc: 0.7812
 640/1424 [============>.................] - ETA: 4s - loss: 0.5452 - acc: 0.7812
 672/1424 [=============>................] - ETA: 4s - loss: 0.5441 - acc: 0.7857
 704/1424 [=============>................] - ETA: 4s - loss: 0.5446 - acc: 0.7855
 736/1424 [==============>...............] - ETA: 4s - loss: 0.5417 - acc: 0.7880
 768/1424 [===============>..............] - ETA: 4s - loss: 0.5395 - acc: 0.7891
 800/1424 [===============>..............] - ETA: 3s - loss: 0.5388 - acc: 0.7863
 832/1424 [================>.............] - ETA: 3s - loss: 0.5358 - acc: 0.7849
 864/1424 [=================>............] - ETA: 3s - loss: 0.5371 - acc: 0.7836
 896/1424 [=================>............] - ETA: 3s - loss: 0.5555 - acc: 0.7868
 928/1424 [==================>...........] - ETA: 3s - loss: 0.5517 - acc: 0.7877
 960/1424 [===================>..........] - ETA: 2s - loss: 0.5507 - acc: 0.7833
 992/1424 [===================>..........] - ETA: 2s - loss: 0.5504 - acc: 0.7843
1024/1424 [====================>.........] - ETA: 2s - loss: 0.5490 - acc: 0.7842
1056/1424 [=====================>........] - ETA: 2s - loss: 0.5474 - acc: 0.7841
1088/1424 [=====================>........] - ETA: 2s - loss: 0.5476 - acc: 0.7849
1120/1424 [======================>.......] - ETA: 1s - loss: 0.5487 - acc: 0.7866
1152/1424 [=======================>......] - ETA: 1s - loss: 0.5456 - acc: 0.7873
1184/1424 [=======================>......] - ETA: 1s - loss: 0.5469 - acc: 0.7863
1216/1424 [========================>.....] - ETA: 1s - loss: 0.5453 - acc: 0.7870
1248/1424 [=========================>....] - ETA: 1s - loss: 0.5432 - acc: 0.7877
1280/1424 [=========================>....] - ETA: 0s - loss: 0.5422 - acc: 0.7875
1312/1424 [==========================>...] - ETA: 0s - loss: 0.5419 - acc: 0.7858
1344/1424 [===========================>..] - ETA: 0s - loss: 0.5394 - acc: 0.7879
1376/1424 [===========================>..] - ETA: 0s - loss: 0.5416 - acc: 0.7878
1408/1424 [============================>.] - ETA: 0s - loss: 0.5404 - acc: 0.7884
1424/1424 [==============================] - 12s 8ms/step - loss: 0.5396 - acc: 0.7886 - val_loss: 0.4858 - val_acc: 0.8291
Train on 1424 samples, validate on 708 samples
Epoch 1/1

  32/1424 [..............................] - ETA: 8s - loss: 0.5297 - acc: 0.6875
  64/1424 [>.............................] - ETA: 8s - loss: 0.5594 - acc: 0.7656
  96/1424 [=>............................] - ETA: 8s - loss: 0.5499 - acc: 0.7812
 128/1424 [=>............................] - ETA: 8s - loss: 0.5270 - acc: 0.7969
 160/1424 [==>...........................] - ETA: 7s - loss: 0.5529 - acc: 0.7625
 192/1424 [===>..........................] - ETA: 7s - loss: 0.5304 - acc: 0.7812
 224/1424 [===>..........................] - ETA: 7s - loss: 0.5250 - acc: 0.7946
 256/1424 [====>.........................] - ETA: 7s - loss: 0.5196 - acc: 0.7930
 288/1424 [=====>........................] - ETA: 7s - loss: 0.5072 - acc: 0.7986
 320/1424 [=====>........................] - ETA: 6s - loss: 0.5061 - acc: 0.7937
 352/1424 [======>.......................] - ETA: 6s - loss: 0.5006 - acc: 0.7898
 384/1424 [=======>......................] - ETA: 6s - loss: 0.5003 - acc: 0.7943
 416/1424 [=======>......................] - ETA: 6s - loss: 0.5042 - acc: 0.7885
 448/1424 [========>.....................] - ETA: 6s - loss: 0.5123 - acc: 0.7790
 480/1424 [=========>....................] - ETA: 5s - loss: 0.5191 - acc: 0.7729
 512/1424 [=========>....................] - ETA: 5s - loss: 0.5122 - acc: 0.7773
 544/1424 [==========>...................] - ETA: 5s - loss: 0.5369 - acc: 0.7794
 576/1424 [===========>..................] - ETA: 5s - loss: 0.5358 - acc: 0.7778
 608/1424 [===========>..................] - ETA: 5s - loss: 0.5299 - acc: 0.7763
 640/1424 [============>.................] - ETA: 4s - loss: 0.5341 - acc: 0.7719
 672/1424 [=============>................] - ETA: 4s - loss: 0.5386 - acc: 0.7664
 704/1424 [=============>................] - ETA: 4s - loss: 0.5325 - acc: 0.7699
 736/1424 [==============>...............] - ETA: 4s - loss: 0.5299 - acc: 0.7677
 768/1424 [===============>..............] - ETA: 4s - loss: 0.5233 - acc: 0.7708
 800/1424 [===============>..............] - ETA: 3s - loss: 0.5156 - acc: 0.7762
 832/1424 [================>.............] - ETA: 3s - loss: 0.5148 - acc: 0.7740
 864/1424 [=================>............] - ETA: 3s - loss: 0.5127 - acc: 0.7743
 896/1424 [=================>............] - ETA: 3s - loss: 0.5159 - acc: 0.7701
 928/1424 [==================>...........] - ETA: 3s - loss: 0.5097 - acc: 0.7748
 960/1424 [===================>..........] - ETA: 2s - loss: 0.5266 - acc: 0.7750
 992/1424 [===================>..........] - ETA: 2s - loss: 0.5276 - acc: 0.7752
1024/1424 [====================>.........] - ETA: 2s - loss: 0.5253 - acc: 0.7764
1056/1424 [=====================>........] - ETA: 2s - loss: 0.5230 - acc: 0.7775
1088/1424 [=====================>........] - ETA: 2s - loss: 0.5225 - acc: 0.7776
1120/1424 [======================>.......] - ETA: 1s - loss: 0.5204 - acc: 0.7777
1152/1424 [=======================>......] - ETA: 1s - loss: 0.5174 - acc: 0.7795
1184/1424 [=======================>......] - ETA: 1s - loss: 0.5153 - acc: 0.7796
1216/1424 [========================>.....] - ETA: 1s - loss: 0.5258 - acc: 0.7804
1248/1424 [=========================>....] - ETA: 1s - loss: 0.5240 - acc: 0.7812
1280/1424 [=========================>....] - ETA: 0s - loss: 0.5411 - acc: 0.7789
1312/1424 [==========================>...] - ETA: 0s - loss: 0.5391 - acc: 0.7782
1344/1424 [===========================>..] - ETA: 0s - loss: 0.5356 - acc: 0.7798
1376/1424 [===========================>..] - ETA: 0s - loss: 0.5317 - acc: 0.7798
1408/1424 [============================>.] - ETA: 0s - loss: 0.5405 - acc: 0.7791
1424/1424 [==============================] - 12s 8ms/step - loss: 0.5393 - acc: 0.7795 - val_loss: 0.4754 - val_acc: 0.8277
Train on 1424 samples, validate on 708 samples
Epoch 1/1

  32/1424 [..............................] - ETA: 8s - loss: 1.4760 - acc: 0.6250
  64/1424 [>.............................] - ETA: 8s - loss: 0.9877 - acc: 0.7031
  96/1424 [=>............................] - ETA: 8s - loss: 0.7882 - acc: 0.7500
 128/1424 [=>............................] - ETA: 8s - loss: 0.8442 - acc: 0.7500
 160/1424 [==>...........................] - ETA: 7s - loss: 0.8545 - acc: 0.7750
 192/1424 [===>..........................] - ETA: 7s - loss: 0.8030 - acc: 0.7917
 224/1424 [===>..........................] - ETA: 7s - loss: 0.7597 - acc: 0.7991
 256/1424 [====>.........................] - ETA: 7s - loss: 0.7228 - acc: 0.7930
 288/1424 [=====>........................] - ETA: 7s - loss: 0.6884 - acc: 0.7917
 320/1424 [=====>........................] - ETA: 6s - loss: 0.6643 - acc: 0.7875
 352/1424 [======>.......................] - ETA: 6s - loss: 0.6443 - acc: 0.7926
 384/1424 [=======>......................] - ETA: 6s - loss: 0.6637 - acc: 0.7865
 416/1424 [=======>......................] - ETA: 6s - loss: 0.6518 - acc: 0.7812
 448/1424 [========>.....................] - ETA: 6s - loss: 0.6833 - acc: 0.7746
 480/1424 [=========>....................] - ETA: 5s - loss: 0.7156 - acc: 0.7646
 512/1424 [=========>....................] - ETA: 5s - loss: 0.7280 - acc: 0.7578
 544/1424 [==========>...................] - ETA: 5s - loss: 0.8450 - acc: 0.7371
 576/1424 [===========>..................] - ETA: 5s - loss: 0.9005 - acc: 0.7240
 608/1424 [===========>..................] - ETA: 5s - loss: 1.0776 - acc: 0.7122
 640/1424 [============>.................] - ETA: 4s - loss: 1.2195 - acc: 0.7031
 672/1424 [=============>................] - ETA: 4s - loss: 1.3366 - acc: 0.6949
 704/1424 [=============>................] - ETA: 4s - loss: 1.3892 - acc: 0.6946
 736/1424 [==============>...............] - ETA: 4s - loss: 1.5293 - acc: 0.6821
 768/1424 [===============>..............] - ETA: 4s - loss: 1.5561 - acc: 0.6784
 800/1424 [===============>..............] - ETA: 3s - loss: 1.5666 - acc: 0.6737
 832/1424 [================>.............] - ETA: 3s - loss: 1.7208 - acc: 0.6683
 864/1424 [=================>............] - ETA: 3s - loss: 1.8017 - acc: 0.6632
 896/1424 [=================>............] - ETA: 3s - loss: 1.9000 - acc: 0.6574
 928/1424 [==================>...........] - ETA: 3s - loss: 1.9912 - acc: 0.6487
 960/1424 [===================>..........] - ETA: 2s - loss: 2.0866 - acc: 0.6438
 992/1424 [===================>..........] - ETA: 2s - loss: 2.2272 - acc: 0.6351
1024/1424 [====================>.........] - ETA: 2s - loss: 2.3053 - acc: 0.6338
1056/1424 [=====================>........] - ETA: 2s - loss: 2.3652 - acc: 0.6297
1088/1424 [=====================>........] - ETA: 2s - loss: 2.4356 - acc: 0.6204
1120/1424 [======================>.......] - ETA: 1s - loss: 2.4308 - acc: 0.6214
1152/1424 [=======================>......] - ETA: 1s - loss: 2.4695 - acc: 0.6181
1184/1424 [=======================>......] - ETA: 1s - loss: 2.5148 - acc: 0.6157
1216/1424 [========================>.....] - ETA: 1s - loss: 2.5198 - acc: 0.6135
1248/1424 [=========================>....] - ETA: 1s - loss: 2.5338 - acc: 0.6090
1280/1424 [=========================>....] - ETA: 0s - loss: 2.5882 - acc: 0.6086
1312/1424 [==========================>...] - ETA: 0s - loss: 2.6293 - acc: 0.6090
1344/1424 [===========================>..] - ETA: 0s - loss: 2.7063 - acc: 0.6049
1376/1424 [===========================>..] - ETA: 0s - loss: 2.7435 - acc: 0.6025
1408/1424 [============================>.] - ETA: 0s - loss: 2.7619 - acc: 0.6009
1424/1424 [==============================] - 12s 8ms/step - loss: 2.7725 - acc: 0.5990 - val_loss: 2.0137 - val_acc: 0.5565
Train on 1424 samples, validate on 708 samples
Epoch 1/1

  32/1424 [..............................] - ETA: 8s - loss: 4.3841 - acc: 0.5000
  64/1424 [>.............................] - ETA: 8s - loss: 3.5247 - acc: 0.5156
  96/1424 [=>............................] - ETA: 8s - loss: 3.1924 - acc: 0.5417
 128/1424 [=>............................] - ETA: 8s - loss: 3.4567 - acc: 0.5781
 160/1424 [==>...........................] - ETA: 7s - loss: 2.9615 - acc: 0.5813
 192/1424 [===>..........................] - ETA: 7s - loss: 2.8794 - acc: 0.5833
 224/1424 [===>..........................] - ETA: 7s - loss: 2.9209 - acc: 0.6027
 256/1424 [====>.........................] - ETA: 7s - loss: 3.2240 - acc: 0.5859
 288/1424 [=====>........................] - ETA: 7s - loss: 3.3321 - acc: 0.5764
 320/1424 [=====>........................] - ETA: 6s - loss: 3.3481 - acc: 0.5687
 352/1424 [======>.......................] - ETA: 6s - loss: 3.5397 - acc: 0.5625
 384/1424 [=======>......................] - ETA: 6s - loss: 3.5021 - acc: 0.5703
 416/1424 [=======>......................] - ETA: 6s - loss: 3.5002 - acc: 0.5769
 448/1424 [========>.....................] - ETA: 6s - loss: 3.4635 - acc: 0.5759
 480/1424 [=========>....................] - ETA: 5s - loss: 3.3812 - acc: 0.5792
 512/1424 [=========>....................] - ETA: 5s - loss: 3.2644 - acc: 0.5820
 544/1424 [==========>...................] - ETA: 5s - loss: 3.3754 - acc: 0.5735
 576/1424 [===========>..................] - ETA: 5s - loss: 3.3169 - acc: 0.5712
 608/1424 [===========>..................] - ETA: 5s - loss: 3.2939 - acc: 0.5740
 640/1424 [============>.................] - ETA: 4s - loss: 3.2087 - acc: 0.5797
 672/1424 [=============>................] - ETA: 4s - loss: 3.1985 - acc: 0.5833
 704/1424 [=============>................] - ETA: 4s - loss: 3.2323 - acc: 0.5810
 736/1424 [==============>...............] - ETA: 4s - loss: 3.1590 - acc: 0.5842
 768/1424 [===============>..............] - ETA: 4s - loss: 3.0883 - acc: 0.5885
 800/1424 [===============>..............] - ETA: 3s - loss: 3.0633 - acc: 0.5887
 832/1424 [================>.............] - ETA: 3s - loss: 3.0069 - acc: 0.5913
 864/1424 [=================>............] - ETA: 3s - loss: 2.9503 - acc: 0.5961
 896/1424 [=================>............] - ETA: 3s - loss: 2.8973 - acc: 0.5971
 928/1424 [==================>...........] - ETA: 3s - loss: 2.8977 - acc: 0.5991
 960/1424 [===================>..........] - ETA: 2s - loss: 2.9002 - acc: 0.5990
 992/1424 [===================>..........] - ETA: 2s - loss: 2.8533 - acc: 0.6058
1024/1424 [====================>.........] - ETA: 2s - loss: 2.8087 - acc: 0.6104
1056/1424 [=====================>........] - ETA: 2s - loss: 2.8125 - acc: 0.6098
1088/1424 [=====================>........] - ETA: 2s - loss: 2.7445 - acc: 0.6149
1120/1424 [======================>.......] - ETA: 1s - loss: 2.6980 - acc: 0.6170
1152/1424 [=======================>......] - ETA: 1s - loss: 2.6622 - acc: 0.6224
1184/1424 [=======================>......] - ETA: 1s - loss: 2.6326 - acc: 0.6225
1216/1424 [========================>.....] - ETA: 1s - loss: 2.6136 - acc: 0.6242
1248/1424 [=========================>....] - ETA: 1s - loss: 2.6105 - acc: 0.6242
1280/1424 [=========================>....] - ETA: 0s - loss: 2.5838 - acc: 0.6266
1312/1424 [==========================>...] - ETA: 0s - loss: 2.5581 - acc: 0.6265
1344/1424 [===========================>..] - ETA: 0s - loss: 2.5215 - acc: 0.6302
1376/1424 [===========================>..] - ETA: 0s - loss: 2.4866 - acc: 0.6330
1408/1424 [============================>.] - ETA: 0s - loss: 2.4415 - acc: 0.6349
1424/1424 [==============================] - 12s 8ms/step - loss: 2.4179 - acc: 0.6362 - val_loss: 1.2708 - val_acc: 0.7458
Train on 1424 samples, validate on 708 samples
Epoch 1/1

  32/1424 [..............................] - ETA: 8s - loss: 0.9748 - acc: 0.8125
  64/1424 [>.............................] - ETA: 8s - loss: 0.7562 - acc: 0.7812
  96/1424 [=>............................] - ETA: 8s - loss: 0.8356 - acc: 0.7604
 128/1424 [=>............................] - ETA: 8s - loss: 1.1346 - acc: 0.7188
 160/1424 [==>...........................] - ETA: 7s - loss: 1.0101 - acc: 0.7312
 192/1424 [===>..........................] - ETA: 7s - loss: 1.1596 - acc: 0.7344
 224/1424 [===>..........................] - ETA: 7s - loss: 1.2841 - acc: 0.7143
 256/1424 [====>.........................] - ETA: 7s - loss: 1.2629 - acc: 0.6953
 288/1424 [=====>........................] - ETA: 7s - loss: 1.2311 - acc: 0.6875
 320/1424 [=====>........................] - ETA: 6s - loss: 1.1584 - acc: 0.6937
 352/1424 [======>.......................] - ETA: 6s - loss: 1.1566 - acc: 0.6903
 384/1424 [=======>......................] - ETA: 6s - loss: 1.2571 - acc: 0.6745
 416/1424 [=======>......................] - ETA: 6s - loss: 1.2020 - acc: 0.6827
 448/1424 [========>.....................] - ETA: 6s - loss: 1.2782 - acc: 0.6786
 480/1424 [=========>....................] - ETA: 5s - loss: 1.2180 - acc: 0.6917
 512/1424 [=========>....................] - ETA: 5s - loss: 1.1802 - acc: 0.7012
 544/1424 [==========>...................] - ETA: 5s - loss: 1.1925 - acc: 0.7059
 576/1424 [===========>..................] - ETA: 5s - loss: 1.2086 - acc: 0.7049
 608/1424 [===========>..................] - ETA: 5s - loss: 1.1948 - acc: 0.7056
 640/1424 [============>.................] - ETA: 4s - loss: 1.2070 - acc: 0.7016
 672/1424 [=============>................] - ETA: 4s - loss: 1.2470 - acc: 0.6949
 704/1424 [=============>................] - ETA: 4s - loss: 1.2387 - acc: 0.6903
 736/1424 [==============>...............] - ETA: 4s - loss: 1.2081 - acc: 0.6902
 768/1424 [===============>..............] - ETA: 4s - loss: 1.2012 - acc: 0.6901
 800/1424 [===============>..............] - ETA: 3s - loss: 1.1744 - acc: 0.6887
 832/1424 [================>.............] - ETA: 3s - loss: 1.1532 - acc: 0.6875
 864/1424 [=================>............] - ETA: 3s - loss: 1.1503 - acc: 0.6887
 896/1424 [=================>............] - ETA: 3s - loss: 1.1450 - acc: 0.6920
 928/1424 [==================>...........] - ETA: 3s - loss: 1.1533 - acc: 0.6929
 960/1424 [===================>..........] - ETA: 2s - loss: 1.1320 - acc: 0.6969
 992/1424 [===================>..........] - ETA: 2s - loss: 1.1328 - acc: 0.6935
1024/1424 [====================>.........] - ETA: 2s - loss: 1.1185 - acc: 0.6914
1056/1424 [=====================>........] - ETA: 2s - loss: 1.1130 - acc: 0.6951
1088/1424 [=====================>........] - ETA: 2s - loss: 1.0936 - acc: 0.6976
1120/1424 [======================>.......] - ETA: 1s - loss: 1.0924 - acc: 0.6973
1152/1424 [=======================>......] - ETA: 1s - loss: 1.1162 - acc: 0.6979
1184/1424 [=======================>......] - ETA: 1s - loss: 1.1152 - acc: 0.6959
1216/1424 [========================>.....] - ETA: 1s - loss: 1.0990 - acc: 0.6965
1248/1424 [=========================>....] - ETA: 1s - loss: 1.0968 - acc: 0.6947
1280/1424 [=========================>....] - ETA: 0s - loss: 1.0869 - acc: 0.6930
1312/1424 [==========================>...] - ETA: 0s - loss: 1.0867 - acc: 0.6921
1344/1424 [===========================>..] - ETA: 0s - loss: 1.0760 - acc: 0.6912
1376/1424 [===========================>..] - ETA: 0s - loss: 1.0666 - acc: 0.6890
1408/1424 [============================>.] - ETA: 0s - loss: 1.0645 - acc: 0.6882
1424/1424 [==============================] - 12s 8ms/step - loss: 1.0587 - acc: 0.6896 - val_loss: 0.5677 - val_acc: 0.7994
Train on 1424 samples, validate on 708 samples
Epoch 1/1

  32/1424 [..............................] - ETA: 8s - loss: 0.5554 - acc: 0.7812
  64/1424 [>.............................] - ETA: 8s - loss: 0.8646 - acc: 0.6719
  96/1424 [=>............................] - ETA: 8s - loss: 0.8061 - acc: 0.7188
 128/1424 [=>............................] - ETA: 8s - loss: 0.8627 - acc: 0.6875
 160/1424 [==>...........................] - ETA: 7s - loss: 0.8020 - acc: 0.6750
 192/1424 [===>..........................] - ETA: 7s - loss: 0.7521 - acc: 0.6875
 224/1424 [===>..........................] - ETA: 7s - loss: 0.7996 - acc: 0.6741
 256/1424 [====>.........................] - ETA: 7s - loss: 0.7798 - acc: 0.6719
 288/1424 [=====>........................] - ETA: 7s - loss: 0.8419 - acc: 0.6528
 320/1424 [=====>........................] - ETA: 6s - loss: 0.8126 - acc: 0.6625
 352/1424 [======>.......................] - ETA: 6s - loss: 0.7911 - acc: 0.6676
 384/1424 [=======>......................] - ETA: 6s - loss: 0.8130 - acc: 0.6667
 416/1424 [=======>......................] - ETA: 6s - loss: 0.7924 - acc: 0.6611
 448/1424 [========>.....................] - ETA: 6s - loss: 0.7791 - acc: 0.6607
 480/1424 [=========>....................] - ETA: 5s - loss: 0.7812 - acc: 0.6604
 512/1424 [=========>....................] - ETA: 5s - loss: 0.7666 - acc: 0.6660
 544/1424 [==========>...................] - ETA: 5s - loss: 0.7596 - acc: 0.6581
 576/1424 [===========>..................] - ETA: 5s - loss: 0.7477 - acc: 0.6615
 608/1424 [===========>..................] - ETA: 5s - loss: 0.7402 - acc: 0.6628
 640/1424 [============>.................] - ETA: 4s - loss: 0.7807 - acc: 0.6609
 672/1424 [=============>................] - ETA: 4s - loss: 0.7813 - acc: 0.6562
 704/1424 [=============>................] - ETA: 4s - loss: 0.7748 - acc: 0.6577
 736/1424 [==============>...............] - ETA: 4s - loss: 0.7818 - acc: 0.6617
 768/1424 [===============>..............] - ETA: 4s - loss: 0.7747 - acc: 0.6615
 800/1424 [===============>..............] - ETA: 3s - loss: 0.7632 - acc: 0.6663
 832/1424 [================>.............] - ETA: 3s - loss: 0.7719 - acc: 0.6731
 864/1424 [=================>............] - ETA: 3s - loss: 0.7612 - acc: 0.6771
 896/1424 [=================>............] - ETA: 3s - loss: 0.7511 - acc: 0.6830
 928/1424 [==================>...........] - ETA: 3s - loss: 0.7500 - acc: 0.6789
 960/1424 [===================>..........] - ETA: 2s - loss: 0.7435 - acc: 0.6813
 992/1424 [===================>..........] - ETA: 2s - loss: 0.7389 - acc: 0.6784
1024/1424 [====================>.........] - ETA: 2s - loss: 0.7343 - acc: 0.6797
1056/1424 [=====================>........] - ETA: 2s - loss: 0.7317 - acc: 0.6790
1088/1424 [=====================>........] - ETA: 2s - loss: 0.7271 - acc: 0.6820
1120/1424 [======================>.......] - ETA: 1s - loss: 0.7238 - acc: 0.6804
1152/1424 [=======================>......] - ETA: 1s - loss: 0.7188 - acc: 0.6823
1184/1424 [=======================>......] - ETA: 1s - loss: 0.7146 - acc: 0.6841
1216/1424 [========================>.....] - ETA: 1s - loss: 0.7096 - acc: 0.6867
1248/1424 [=========================>....] - ETA: 1s - loss: 0.7068 - acc: 0.6867
1280/1424 [=========================>....] - ETA: 0s - loss: 0.7029 - acc: 0.6859
1312/1424 [==========================>...] - ETA: 0s - loss: 0.7003 - acc: 0.6867
1344/1424 [===========================>..] - ETA: 0s - loss: 0.6965 - acc: 0.6882
1376/1424 [===========================>..] - ETA: 0s - loss: 0.6941 - acc: 0.6868
1408/1424 [============================>.] - ETA: 0s - loss: 0.7025 - acc: 0.6875
1424/1424 [==============================] - 12s 8ms/step - loss: 0.7004 - acc: 0.6889 - val_loss: 0.5893 - val_acc: 0.8121
Train on 1424 samples, validate on 708 samples
Epoch 1/1

  32/1424 [..............................] - ETA: 8s - loss: 1.5263 - acc: 0.7188
  64/1424 [>.............................] - ETA: 8s - loss: 1.0910 - acc: 0.7031
  96/1424 [=>............................] - ETA: 8s - loss: 0.9117 - acc: 0.7292
 128/1424 [=>............................] - ETA: 8s - loss: 0.8179 - acc: 0.7500
 160/1424 [==>...........................] - ETA: 7s - loss: 0.7668 - acc: 0.7438
 192/1424 [===>..........................] - ETA: 7s - loss: 0.8237 - acc: 0.7240
 224/1424 [===>..........................] - ETA: 7s - loss: 0.8622 - acc: 0.7232
 256/1424 [====>.........................] - ETA: 7s - loss: 0.8382 - acc: 0.7031
 288/1424 [=====>........................] - ETA: 7s - loss: 0.8066 - acc: 0.6979
 320/1424 [=====>........................] - ETA: 6s - loss: 0.7844 - acc: 0.6969
 352/1424 [======>.......................] - ETA: 6s - loss: 0.7666 - acc: 0.6960
 384/1424 [=======>......................] - ETA: 6s - loss: 0.7455 - acc: 0.7057
 416/1424 [=======>......................] - ETA: 6s - loss: 0.7343 - acc: 0.7043
 448/1424 [========>.....................] - ETA: 6s - loss: 0.7237 - acc: 0.7054
 480/1424 [=========>....................] - ETA: 5s - loss: 0.7496 - acc: 0.6979
 512/1424 [=========>....................] - ETA: 5s - loss: 0.7728 - acc: 0.6914
 544/1424 [==========>...................] - ETA: 5s - loss: 0.7878 - acc: 0.6967
 576/1424 [===========>..................] - ETA: 5s - loss: 0.7758 - acc: 0.6979
 608/1424 [===========>..................] - ETA: 5s - loss: 0.7866 - acc: 0.7039
 640/1424 [============>.................] - ETA: 4s - loss: 0.7751 - acc: 0.7047
 672/1424 [=============>................] - ETA: 4s - loss: 0.7607 - acc: 0.7098
 704/1424 [=============>................] - ETA: 4s - loss: 0.7452 - acc: 0.7159
 736/1424 [==============>...............] - ETA: 4s - loss: 0.7369 - acc: 0.7147
 768/1424 [===============>..............] - ETA: 4s - loss: 0.7514 - acc: 0.7109
 800/1424 [===============>..............] - ETA: 3s - loss: 0.7471 - acc: 0.7075
 832/1424 [================>.............] - ETA: 3s - loss: 0.7610 - acc: 0.7031
 864/1424 [=================>............] - ETA: 3s - loss: 0.8091 - acc: 0.7002
 896/1424 [=================>............] - ETA: 3s - loss: 0.7987 - acc: 0.7031
 928/1424 [==================>...........] - ETA: 3s - loss: 0.7907 - acc: 0.7058
 960/1424 [===================>..........] - ETA: 2s - loss: 0.7832 - acc: 0.7073
 992/1424 [===================>..........] - ETA: 2s - loss: 0.7930 - acc: 0.7046
1024/1424 [====================>.........] - ETA: 2s - loss: 0.7875 - acc: 0.7031
1056/1424 [=====================>........] - ETA: 2s - loss: 0.7793 - acc: 0.7064
1088/1424 [=====================>........] - ETA: 2s - loss: 0.7716 - acc: 0.7077
1120/1424 [======================>.......] - ETA: 1s - loss: 0.7651 - acc: 0.7071
1152/1424 [=======================>......] - ETA: 1s - loss: 0.7622 - acc: 0.7075
1184/1424 [=======================>......] - ETA: 1s - loss: 0.7565 - acc: 0.7061
1216/1424 [========================>.....] - ETA: 1s - loss: 0.7536 - acc: 0.7056
1248/1424 [=========================>....] - ETA: 1s - loss: 0.7493 - acc: 0.7043
1280/1424 [=========================>....] - ETA: 0s - loss: 0.7457 - acc: 0.7008
1312/1424 [==========================>...] - ETA: 0s - loss: 0.7552 - acc: 0.6966
1344/1424 [===========================>..] - ETA: 0s - loss: 0.7492 - acc: 0.6979
1376/1424 [===========================>..] - ETA: 0s - loss: 0.7460 - acc: 0.6977
1408/1424 [============================>.] - ETA: 0s - loss: 0.7418 - acc: 0.6982
1424/1424 [==============================] - 12s 8ms/step - loss: 0.7395 - acc: 0.6987 - val_loss: 0.5751 - val_acc: 0.8121
Train on 1424 samples, validate on 708 samples
Epoch 1/1

  32/1424 [..............................] - ETA: 8s - loss: 0.5575 - acc: 0.7500
  64/1424 [>.............................] - ETA: 8s - loss: 0.5716 - acc: 0.7031
  96/1424 [=>............................] - ETA: 8s - loss: 0.5768 - acc: 0.7083
 128/1424 [=>............................] - ETA: 8s - loss: 0.5763 - acc: 0.7031
 160/1424 [==>...........................] - ETA: 7s - loss: 0.5647 - acc: 0.7250
 192/1424 [===>..........................] - ETA: 7s - loss: 0.5589 - acc: 0.7188
 224/1424 [===>..........................] - ETA: 7s - loss: 0.5486 - acc: 0.7277
 256/1424 [====>.........................] - ETA: 7s - loss: 0.5592 - acc: 0.7227
 288/1424 [=====>........................] - ETA: 7s - loss: 0.5599 - acc: 0.7257
 320/1424 [=====>........................] - ETA: 6s - loss: 0.5630 - acc: 0.7188
 352/1424 [======>.......................] - ETA: 6s - loss: 0.5620 - acc: 0.7188
 384/1424 [=======>......................] - ETA: 6s - loss: 0.5595 - acc: 0.7266
 416/1424 [=======>......................] - ETA: 6s - loss: 0.5703 - acc: 0.7163
 448/1424 [========>.....................] - ETA: 6s - loss: 0.5686 - acc: 0.7210
 480/1424 [=========>....................] - ETA: 5s - loss: 0.5689 - acc: 0.7167
 512/1424 [=========>....................] - ETA: 5s - loss: 0.5700 - acc: 0.7109
 544/1424 [==========>...................] - ETA: 5s - loss: 0.5739 - acc: 0.7096
 576/1424 [===========>..................] - ETA: 5s - loss: 0.5739 - acc: 0.7083
 608/1424 [===========>..................] - ETA: 5s - loss: 0.5964 - acc: 0.7105
 640/1424 [============>.................] - ETA: 4s - loss: 0.5981 - acc: 0.7094
 672/1424 [=============>................] - ETA: 4s - loss: 0.6205 - acc: 0.7083
 704/1424 [=============>................] - ETA: 4s - loss: 0.6148 - acc: 0.7116
 736/1424 [==============>...............] - ETA: 4s - loss: 0.6126 - acc: 0.7147
 768/1424 [===============>..............] - ETA: 4s - loss: 0.6307 - acc: 0.7148
 800/1424 [===============>..............] - ETA: 3s - loss: 0.6269 - acc: 0.7163
 832/1424 [================>.............] - ETA: 3s - loss: 0.6235 - acc: 0.7163
 864/1424 [=================>............] - ETA: 3s - loss: 0.6252 - acc: 0.7118
 896/1424 [=================>............] - ETA: 3s - loss: 0.6231 - acc: 0.7154
 928/1424 [==================>...........] - ETA: 3s - loss: 0.6222 - acc: 0.7134
 960/1424 [===================>..........] - ETA: 2s - loss: 0.6515 - acc: 0.7146
 992/1424 [===================>..........] - ETA: 2s - loss: 0.6657 - acc: 0.7137
1024/1424 [====================>.........] - ETA: 2s - loss: 0.6592 - acc: 0.7188
1056/1424 [=====================>........] - ETA: 2s - loss: 0.6556 - acc: 0.7206
1088/1424 [=====================>........] - ETA: 2s - loss: 0.6679 - acc: 0.7197
1120/1424 [======================>.......] - ETA: 1s - loss: 0.6649 - acc: 0.7214
1152/1424 [=======================>......] - ETA: 1s - loss: 0.6608 - acc: 0.7231
1184/1424 [=======================>......] - ETA: 1s - loss: 0.6572 - acc: 0.7221
1216/1424 [========================>.....] - ETA: 1s - loss: 0.6533 - acc: 0.7237
1248/1424 [=========================>....] - ETA: 1s - loss: 0.6502 - acc: 0.7252
1280/1424 [=========================>....] - ETA: 0s - loss: 0.6467 - acc: 0.7273
1312/1424 [==========================>...] - ETA: 0s - loss: 0.6448 - acc: 0.7264
1344/1424 [===========================>..] - ETA: 0s - loss: 0.6432 - acc: 0.7254
1376/1424 [===========================>..] - ETA: 0s - loss: 0.6415 - acc: 0.7267
1408/1424 [============================>.] - ETA: 0s - loss: 0.6406 - acc: 0.7266
1424/1424 [==============================] - 12s 8ms/step - loss: 0.6408 - acc: 0.7247 - val_loss: 0.5535 - val_acc: 0.8136
Train on 1424 samples, validate on 708 samples
Epoch 1/1

  32/1424 [..............................] - ETA: 8s - loss: 0.6172 - acc: 0.5938
  64/1424 [>.............................] - ETA: 8s - loss: 0.8230 - acc: 0.6250
  96/1424 [=>............................] - ETA: 8s - loss: 0.7300 - acc: 0.6562
 128/1424 [=>............................] - ETA: 8s - loss: 0.6874 - acc: 0.6797
 160/1424 [==>...........................] - ETA: 7s - loss: 0.7481 - acc: 0.7125
 192/1424 [===>..........................] - ETA: 7s - loss: 0.6993 - acc: 0.7240
 224/1424 [===>..........................] - ETA: 7s - loss: 0.6951 - acc: 0.7098
 256/1424 [====>.........................] - ETA: 7s - loss: 0.6766 - acc: 0.7188
 288/1424 [=====>........................] - ETA: 7s - loss: 0.6599 - acc: 0.7292
 320/1424 [=====>........................] - ETA: 6s - loss: 0.6435 - acc: 0.7406
 352/1424 [======>.......................] - ETA: 6s - loss: 0.6315 - acc: 0.7443
 384/1424 [=======>......................] - ETA: 6s - loss: 0.6273 - acc: 0.7344
 416/1424 [=======>......................] - ETA: 6s - loss: 0.6226 - acc: 0.7356
 448/1424 [========>.....................] - ETA: 6s - loss: 0.6133 - acc: 0.7388
 480/1424 [=========>....................] - ETA: 5s - loss: 0.6410 - acc: 0.7354
 512/1424 [=========>....................] - ETA: 5s - loss: 0.6373 - acc: 0.7324
 544/1424 [==========>...................] - ETA: 5s - loss: 0.6348 - acc: 0.7224
 576/1424 [===========>..................] - ETA: 5s - loss: 0.6273 - acc: 0.7292
 608/1424 [===========>..................] - ETA: 5s - loss: 0.6260 - acc: 0.7253
 640/1424 [============>.................] - ETA: 4s - loss: 0.6195 - acc: 0.7297
 672/1424 [=============>................] - ETA: 4s - loss: 0.6199 - acc: 0.7188
 704/1424 [=============>................] - ETA: 4s - loss: 0.6165 - acc: 0.7145
 736/1424 [==============>...............] - ETA: 4s - loss: 0.6130 - acc: 0.7147
 768/1424 [===============>..............] - ETA: 4s - loss: 0.6308 - acc: 0.7135
 800/1424 [===============>..............] - ETA: 3s - loss: 0.6235 - acc: 0.7188
 832/1424 [================>.............] - ETA: 3s - loss: 0.6393 - acc: 0.7163
 864/1424 [=================>............] - ETA: 3s - loss: 0.6352 - acc: 0.7176
 896/1424 [=================>............] - ETA: 3s - loss: 0.6298 - acc: 0.7188
 928/1424 [==================>...........] - ETA: 3s - loss: 0.6269 - acc: 0.7177
 960/1424 [===================>..........] - ETA: 2s - loss: 0.6252 - acc: 0.7156
 992/1424 [===================>..........] - ETA: 2s - loss: 0.6249 - acc: 0.7127
1024/1424 [====================>.........] - ETA: 2s - loss: 0.6254 - acc: 0.7119
1056/1424 [=====================>........] - ETA: 2s - loss: 0.6235 - acc: 0.7140
1088/1424 [=====================>........] - ETA: 2s - loss: 0.6188 - acc: 0.7169
1120/1424 [======================>.......] - ETA: 1s - loss: 0.6154 - acc: 0.7196
1152/1424 [=======================>......] - ETA: 1s - loss: 0.6129 - acc: 0.7214
1184/1424 [=======================>......] - ETA: 1s - loss: 0.6227 - acc: 0.7221
1216/1424 [========================>.....] - ETA: 1s - loss: 0.6312 - acc: 0.7237
1248/1424 [=========================>....] - ETA: 1s - loss: 0.6279 - acc: 0.7252
1280/1424 [=========================>....] - ETA: 0s - loss: 0.6270 - acc: 0.7258
1312/1424 [==========================>...] - ETA: 0s - loss: 0.6356 - acc: 0.7248
1344/1424 [===========================>..] - ETA: 0s - loss: 0.6327 - acc: 0.7247
1376/1424 [===========================>..] - ETA: 0s - loss: 0.6301 - acc: 0.7260
1408/1424 [============================>.] - ETA: 0s - loss: 0.6372 - acc: 0.7266
1424/1424 [==============================] - 12s 8ms/step - loss: 0.6380 - acc: 0.7268 - val_loss: 0.5192 - val_acc: 0.8065
Train on 1424 samples, validate on 708 samples
Epoch 1/1

  32/1424 [..............................] - ETA: 8s - loss: 1.0025 - acc: 0.7500
  64/1424 [>.............................] - ETA: 8s - loss: 0.9585 - acc: 0.8125
  96/1424 [=>............................] - ETA: 8s - loss: 0.7866 - acc: 0.8333
 128/1424 [=>............................] - ETA: 8s - loss: 0.7247 - acc: 0.8125
 160/1424 [==>...........................] - ETA: 7s - loss: 0.6857 - acc: 0.7875
 192/1424 [===>..........................] - ETA: 7s - loss: 0.6781 - acc: 0.7604
 224/1424 [===>..........................] - ETA: 7s - loss: 0.7321 - acc: 0.7366
 256/1424 [====>.........................] - ETA: 7s - loss: 0.7537 - acc: 0.7305
 288/1424 [=====>........................] - ETA: 7s - loss: 0.7227 - acc: 0.7361
 320/1424 [=====>........................] - ETA: 6s - loss: 0.7059 - acc: 0.7281
 352/1424 [======>.......................] - ETA: 6s - loss: 0.6913 - acc: 0.7301
 384/1424 [=======>......................] - ETA: 6s - loss: 0.6721 - acc: 0.7318
 416/1424 [=======>......................] - ETA: 6s - loss: 0.6584 - acc: 0.7284
 448/1424 [========>.....................] - ETA: 6s - loss: 0.6498 - acc: 0.7299
 480/1424 [=========>....................] - ETA: 5s - loss: 0.6329 - acc: 0.7396
 512/1424 [=========>....................] - ETA: 5s - loss: 0.6293 - acc: 0.7344
 544/1424 [==========>...................] - ETA: 5s - loss: 0.6291 - acc: 0.7298
 576/1424 [===========>..................] - ETA: 5s - loss: 0.6474 - acc: 0.7274
 608/1424 [===========>..................] - ETA: 5s - loss: 0.6432 - acc: 0.7303
 640/1424 [============>.................] - ETA: 4s - loss: 0.6378 - acc: 0.7312
 672/1424 [=============>................] - ETA: 4s - loss: 0.6561 - acc: 0.7307
 704/1424 [=============>................] - ETA: 4s - loss: 0.6639 - acc: 0.7259
 736/1424 [==============>...............] - ETA: 4s - loss: 0.6569 - acc: 0.7269
 768/1424 [===============>..............] - ETA: 4s - loss: 0.6519 - acc: 0.7305
 800/1424 [===============>..............] - ETA: 3s - loss: 0.6424 - acc: 0.7362
 832/1424 [================>.............] - ETA: 3s - loss: 0.6369 - acc: 0.7392
 864/1424 [=================>............] - ETA: 3s - loss: 0.6320 - acc: 0.7419
 896/1424 [=================>............] - ETA: 3s - loss: 0.6319 - acc: 0.7411
 928/1424 [==================>...........] - ETA: 3s - loss: 0.6242 - acc: 0.7425
 960/1424 [===================>..........] - ETA: 2s - loss: 0.6168 - acc: 0.7469
 992/1424 [===================>..........] - ETA: 2s - loss: 0.6204 - acc: 0.7419
1024/1424 [====================>.........] - ETA: 2s - loss: 0.6178 - acc: 0.7412
1056/1424 [=====================>........] - ETA: 2s - loss: 0.6278 - acc: 0.7434
1088/1424 [=====================>........] - ETA: 2s - loss: 0.6264 - acc: 0.7417
1120/1424 [======================>.......] - ETA: 1s - loss: 0.6224 - acc: 0.7420
1152/1424 [=======================>......] - ETA: 1s - loss: 0.6325 - acc: 0.7405
1184/1424 [=======================>......] - ETA: 1s - loss: 0.6416 - acc: 0.7407
1216/1424 [========================>.....] - ETA: 1s - loss: 0.6402 - acc: 0.7368
1248/1424 [=========================>....] - ETA: 1s - loss: 0.6531 - acc: 0.7332
1280/1424 [=========================>....] - ETA: 0s - loss: 0.6483 - acc: 0.7359
1312/1424 [==========================>...] - ETA: 0s - loss: 0.6420 - acc: 0.7386
1344/1424 [===========================>..] - ETA: 0s - loss: 0.6381 - acc: 0.7396
1376/1424 [===========================>..] - ETA: 0s - loss: 0.6359 - acc: 0.7384
1408/1424 [============================>.] - ETA: 0s - loss: 0.6352 - acc: 0.7358
1424/1424 [==============================] - 12s 8ms/step - loss: 0.6355 - acc: 0.7353 - val_loss: 0.4794 - val_acc: 0.8192
Train on 1424 samples, validate on 708 samples
Epoch 1/1

  32/1424 [..............................] - ETA: 8s - loss: 0.4808 - acc: 0.8125
  64/1424 [>.............................] - ETA: 8s - loss: 0.5545 - acc: 0.7500
  96/1424 [=>............................] - ETA: 8s - loss: 0.5640 - acc: 0.7396
 128/1424 [=>............................] - ETA: 8s - loss: 0.6698 - acc: 0.7500
 160/1424 [==>...........................] - ETA: 7s - loss: 0.6387 - acc: 0.7500
 192/1424 [===>..........................] - ETA: 7s - loss: 0.6239 - acc: 0.7552
 224/1424 [===>..........................] - ETA: 7s - loss: 0.6784 - acc: 0.7500
 256/1424 [====>.........................] - ETA: 7s - loss: 0.6540 - acc: 0.7578
 288/1424 [=====>........................] - ETA: 7s - loss: 0.6266 - acc: 0.7743
 320/1424 [=====>........................] - ETA: 6s - loss: 0.6689 - acc: 0.7625
 352/1424 [======>.......................] - ETA: 6s - loss: 0.6500 - acc: 0.7699
 384/1424 [=======>......................] - ETA: 6s - loss: 0.6334 - acc: 0.7760
 416/1424 [=======>......................] - ETA: 6s - loss: 0.6206 - acc: 0.7812
 448/1424 [========>.....................] - ETA: 6s - loss: 0.6136 - acc: 0.7723
 480/1424 [=========>....................] - ETA: 5s - loss: 0.6141 - acc: 0.7688
 512/1424 [=========>....................] - ETA: 5s - loss: 0.6089 - acc: 0.7676
 544/1424 [==========>...................] - ETA: 5s - loss: 0.5997 - acc: 0.7702
 576/1424 [===========>..................] - ETA: 5s - loss: 0.5988 - acc: 0.7674
 608/1424 [===========>..................] - ETA: 5s - loss: 0.6145 - acc: 0.7697
 640/1424 [============>.................] - ETA: 4s - loss: 0.6102 - acc: 0.7672
 672/1424 [=============>................] - ETA: 4s - loss: 0.6057 - acc: 0.7664
 704/1424 [=============>................] - ETA: 4s - loss: 0.6365 - acc: 0.7614
 736/1424 [==============>...............] - ETA: 4s - loss: 0.6308 - acc: 0.7609
 768/1424 [===============>..............] - ETA: 4s - loss: 0.6475 - acc: 0.7552
 800/1424 [===============>..............] - ETA: 3s - loss: 0.6901 - acc: 0.7512
 832/1424 [================>.............] - ETA: 3s - loss: 0.7461 - acc: 0.7464
 864/1424 [=================>............] - ETA: 3s - loss: 0.7415 - acc: 0.7396
 896/1424 [=================>............] - ETA: 3s - loss: 0.7829 - acc: 0.7355
 928/1424 [==================>...........] - ETA: 3s - loss: 0.9091 - acc: 0.7241
 960/1424 [===================>..........] - ETA: 2s - loss: 0.9586 - acc: 0.7177
 992/1424 [===================>..........] - ETA: 2s - loss: 1.0732 - acc: 0.7117
1024/1424 [====================>.........] - ETA: 2s - loss: 1.1395 - acc: 0.7061
1056/1424 [=====================>........] - ETA: 2s - loss: 1.2073 - acc: 0.6998
1088/1424 [=====================>........] - ETA: 2s - loss: 1.2867 - acc: 0.6967
1120/1424 [======================>.......] - ETA: 1s - loss: 1.3710 - acc: 0.6929
1152/1424 [=======================>......] - ETA: 1s - loss: 1.4775 - acc: 0.6866
1184/1424 [=======================>......] - ETA: 1s - loss: 1.5671 - acc: 0.6833
1216/1424 [========================>.....] - ETA: 1s - loss: 1.6725 - acc: 0.6793
1248/1424 [=========================>....] - ETA: 1s - loss: 1.8081 - acc: 0.6731
1280/1424 [=========================>....] - ETA: 0s - loss: 1.8795 - acc: 0.6703
1312/1424 [==========================>...] - ETA: 0s - loss: 1.9760 - acc: 0.6669
1344/1424 [===========================>..] - ETA: 0s - loss: 2.0128 - acc: 0.6659
1376/1424 [===========================>..] - ETA: 0s - loss: 2.1099 - acc: 0.6599
1408/1424 [============================>.] - ETA: 0s - loss: 2.1900 - acc: 0.6577
1424/1424 [==============================] - 12s 8ms/step - loss: 2.1976 - acc: 0.6552 - val_loss: 5.4479 - val_acc: 0.5056
Train on 1424 samples, validate on 708 samples
Epoch 1/1

  32/1424 [..............................] - ETA: 8s - loss: 3.6532 - acc: 0.6250
  64/1424 [>.............................] - ETA: 8s - loss: 4.1814 - acc: 0.5625
  96/1424 [=>............................] - ETA: 8s - loss: 4.1276 - acc: 0.5625
 128/1424 [=>............................] - ETA: 8s - loss: 4.3452 - acc: 0.5391
 160/1424 [==>...........................] - ETA: 7s - loss: 4.0831 - acc: 0.5750
 192/1424 [===>..........................] - ETA: 7s - loss: 4.2248 - acc: 0.5781
 224/1424 [===>..........................] - ETA: 7s - loss: 4.0047 - acc: 0.5938
 256/1424 [====>.........................] - ETA: 7s - loss: 4.1389 - acc: 0.5820
 288/1424 [=====>........................] - ETA: 7s - loss: 4.0050 - acc: 0.5903
 320/1424 [=====>........................] - ETA: 6s - loss: 4.0155 - acc: 0.6000
 352/1424 [======>.......................] - ETA: 6s - loss: 4.0128 - acc: 0.5966
 384/1424 [=======>......................] - ETA: 6s - loss: 4.0702 - acc: 0.5911
 416/1424 [=======>......................] - ETA: 6s - loss: 4.3195 - acc: 0.5817
 448/1424 [========>.....................] - ETA: 6s - loss: 4.5254 - acc: 0.5714
 480/1424 [=========>....................] - ETA: 5s - loss: 4.6325 - acc: 0.5708
 512/1424 [=========>....................] - ETA: 5s - loss: 4.7294 - acc: 0.5684
 544/1424 [==========>...................] - ETA: 5s - loss: 4.7860 - acc: 0.5680
 576/1424 [===========>..................] - ETA: 5s - loss: 4.9190 - acc: 0.5608
 608/1424 [===========>..................] - ETA: 5s - loss: 4.9054 - acc: 0.5625
 640/1424 [============>.................] - ETA: 4s - loss: 4.9258 - acc: 0.5609
 672/1424 [=============>................] - ETA: 4s - loss: 4.9682 - acc: 0.5565
 704/1424 [=============>................] - ETA: 4s - loss: 4.9837 - acc: 0.5497
 736/1424 [==============>...............] - ETA: 4s - loss: 5.0109 - acc: 0.5476
 768/1424 [===============>..............] - ETA: 4s - loss: 4.9497 - acc: 0.5495
 800/1424 [===============>..............] - ETA: 3s - loss: 4.9177 - acc: 0.5525
 832/1424 [================>.............] - ETA: 3s - loss: 4.8706 - acc: 0.5565
 864/1424 [=================>............] - ETA: 3s - loss: 4.8090 - acc: 0.5590
 896/1424 [=================>............] - ETA: 3s - loss: 4.8171 - acc: 0.5547
 928/1424 [==================>...........] - ETA: 3s - loss: 4.8288 - acc: 0.5528
 960/1424 [===================>..........] - ETA: 2s - loss: 4.8625 - acc: 0.5479
 992/1424 [===================>..........] - ETA: 2s - loss: 4.8252 - acc: 0.5534
1024/1424 [====================>.........] - ETA: 2s - loss: 4.7558 - acc: 0.5557
1056/1424 [=====================>........] - ETA: 2s - loss: 4.7302 - acc: 0.5540
1088/1424 [=====================>........] - ETA: 2s - loss: 4.7614 - acc: 0.5524
1120/1424 [======================>.......] - ETA: 1s - loss: 4.7941 - acc: 0.5500
1152/1424 [=======================>......] - ETA: 1s - loss: 4.7868 - acc: 0.5486
1184/1424 [=======================>......] - ETA: 1s - loss: 4.7998 - acc: 0.5490
1216/1424 [========================>.....] - ETA: 1s - loss: 4.8097 - acc: 0.5493
1248/1424 [=========================>....] - ETA: 1s - loss: 4.8004 - acc: 0.5489
1280/1424 [=========================>....] - ETA: 0s - loss: 4.7838 - acc: 0.5484
1312/1424 [==========================>...] - ETA: 0s - loss: 4.8130 - acc: 0.5450
1344/1424 [===========================>..] - ETA: 0s - loss: 4.7503 - acc: 0.5484
1376/1424 [===========================>..] - ETA: 0s - loss: 4.7231 - acc: 0.5523
1408/1424 [============================>.] - ETA: 0s - loss: 4.6821 - acc: 0.5533
1424/1424 [==============================] - 12s 8ms/step - loss: 4.6554 - acc: 0.5548 - val_loss: 3.4361 - val_acc: 0.5904

  32/1424 [..............................] - ETA: 26s
  64/1424 [>.............................] - ETA: 15s
  96/1424 [=>............................] - ETA: 11s
 128/1424 [=>............................] - ETA: 9s 
 160/1424 [==>...........................] - ETA: 8s
 192/1424 [===>..........................] - ETA: 7s
 224/1424 [===>..........................] - ETA: 6s
 256/1424 [====>.........................] - ETA: 6s
 288/1424 [=====>........................] - ETA: 5s
 320/1424 [=====>........................] - ETA: 5s
 352/1424 [======>.......................] - ETA: 5s
 384/1424 [=======>......................] - ETA: 5s
 416/1424 [=======>......................] - ETA: 4s
 448/1424 [========>.....................] - ETA: 4s
 480/1424 [=========>....................] - ETA: 4s
 512/1424 [=========>....................] - ETA: 4s
 544/1424 [==========>...................] - ETA: 3s
 576/1424 [===========>..................] - ETA: 3s
 608/1424 [===========>..................] - ETA: 3s
 640/1424 [============>.................] - ETA: 3s
 672/1424 [=============>................] - ETA: 3s
 704/1424 [=============>................] - ETA: 3s
 736/1424 [==============>...............] - ETA: 2s
 768/1424 [===============>..............] - ETA: 2s
 800/1424 [===============>..............] - ETA: 2s
 832/1424 [================>.............] - ETA: 2s
 864/1424 [=================>............] - ETA: 2s
 896/1424 [=================>............] - ETA: 2s
 928/1424 [==================>...........] - ETA: 2s
 960/1424 [===================>..........] - ETA: 1s
 992/1424 [===================>..........] - ETA: 1s
1024/1424 [====================>.........] - ETA: 1s
1056/1424 [=====================>........] - ETA: 1s
1088/1424 [=====================>........] - ETA: 1s
1120/1424 [======================>.......] - ETA: 1s
1152/1424 [=======================>......] - ETA: 1s
1184/1424 [=======================>......] - ETA: 0s
1216/1424 [========================>.....] - ETA: 0s
1248/1424 [=========================>....] - ETA: 0s
1280/1424 [=========================>....] - ETA: 0s
1312/1424 [==========================>...] - ETA: 0s
1344/1424 [===========================>..] - ETA: 0s
1376/1424 [===========================>..] - ETA: 0s
1408/1424 [============================>.] - ETA: 0s
1424/1424 [==============================] - 6s 4ms/step
Test acc: 0.8188202247191011

  32/1424 [..............................] - ETA: 4s
  64/1424 [>.............................] - ETA: 4s
  96/1424 [=>............................] - ETA: 4s
 128/1424 [=>............................] - ETA: 4s
 160/1424 [==>...........................] - ETA: 4s
 192/1424 [===>..........................] - ETA: 4s
 224/1424 [===>..........................] - ETA: 4s
 256/1424 [====>.........................] - ETA: 4s
 288/1424 [=====>........................] - ETA: 4s
 320/1424 [=====>........................] - ETA: 3s
 352/1424 [======>.......................] - ETA: 3s
 384/1424 [=======>......................] - ETA: 3s
 416/1424 [=======>......................] - ETA: 3s
 448/1424 [========>.....................] - ETA: 3s
 480/1424 [=========>....................] - ETA: 3s
 512/1424 [=========>....................] - ETA: 3s
 544/1424 [==========>...................] - ETA: 3s
 576/1424 [===========>..................] - ETA: 2s
 608/1424 [===========>..................] - ETA: 2s
 640/1424 [============>.................] - ETA: 2s
 672/1424 [=============>................] - ETA: 2s
 704/1424 [=============>................] - ETA: 2s
 736/1424 [==============>...............] - ETA: 2s
 768/1424 [===============>..............] - ETA: 2s
 800/1424 [===============>..............] - ETA: 2s
 832/1424 [================>.............] - ETA: 2s
 864/1424 [=================>............] - ETA: 1s
 896/1424 [=================>............] - ETA: 1s
 928/1424 [==================>...........] - ETA: 1s
 960/1424 [===================>..........] - ETA: 1s
 992/1424 [===================>..........] - ETA: 1s
1024/1424 [====================>.........] - ETA: 1s
1056/1424 [=====================>........] - ETA: 1s
1088/1424 [=====================>........] - ETA: 1s
1120/1424 [======================>.......] - ETA: 1s
1152/1424 [=======================>......] - ETA: 0s
1184/1424 [=======================>......] - ETA: 0s
1216/1424 [========================>.....] - ETA: 0s
1248/1424 [=========================>....] - ETA: 0s
1280/1424 [=========================>....] - ETA: 0s
1312/1424 [==========================>...] - ETA: 0s
1344/1424 [===========================>..] - ETA: 0s
1376/1424 [===========================>..] - ETA: 0s
1408/1424 [============================>.] - ETA: 0s
1424/1424 [==============================] - 5s 4ms/step
Test acc: [0.4463161742419339, 0.8349719101123596]
Test auc: 0.90143980400202
Test mcc: 0.6399166420332204
Execute epoch: 19
Execute time: 238.9301106929779
(W) Execute time: 236.68856525421143
