_________________________________________________________________
Layer (type)                 Output Shape              Param #   
=================================================================
embedding_1 (Embedding)      (None, None, 128)         297984    
_________________________________________________________________
lstm_1 (LSTM)                (None, None, 64)          49408     
_________________________________________________________________
lstm_2 (LSTM)                (None, None, 64)          33024     
_________________________________________________________________
lstm_3 (LSTM)                (None, 64)                33024     
_________________________________________________________________
dense_1 (Dense)              (None, 16)                1040      
_________________________________________________________________
dense_2 (Dense)              (None, 1)                 17        
=================================================================
Total params: 414,497
Trainable params: 414,497
Non-trainable params: 0
_________________________________________________________________
Train on 4534 samples, validate on 1134 samples
Epoch 1/1000

  32/4534 [..............................] - ETA: 7:57 - loss: 0.6928 - acc: 0.6250
  96/4534 [..............................] - ETA: 2:41 - loss: 0.6938 - acc: 0.4479
 160/4534 [>.............................] - ETA: 1:37 - loss: 0.6937 - acc: 0.4250
 224/4534 [>.............................] - ETA: 1:10 - loss: 0.6935 - acc: 0.4643
 288/4534 [>.............................] - ETA: 55s - loss: 0.6933 - acc: 0.4861 
 352/4534 [=>............................] - ETA: 45s - loss: 0.6932 - acc: 0.4972
 416/4534 [=>............................] - ETA: 39s - loss: 0.6929 - acc: 0.5240
 480/4534 [==>...........................] - ETA: 34s - loss: 0.6926 - acc: 0.5396
 544/4534 [==>...........................] - ETA: 30s - loss: 0.6925 - acc: 0.5460
 608/4534 [===>..........................] - ETA: 27s - loss: 0.6922 - acc: 0.5526
 672/4534 [===>..........................] - ETA: 24s - loss: 0.6922 - acc: 0.5506
 736/4534 [===>..........................] - ETA: 22s - loss: 0.6918 - acc: 0.5584
 800/4534 [====>.........................] - ETA: 20s - loss: 0.6917 - acc: 0.5575
 864/4534 [====>.........................] - ETA: 19s - loss: 0.6913 - acc: 0.5625
 928/4534 [=====>........................] - ETA: 18s - loss: 0.6910 - acc: 0.5647
 992/4534 [=====>........................] - ETA: 17s - loss: 0.6908 - acc: 0.5625
1056/4534 [=====>........................] - ETA: 15s - loss: 0.6907 - acc: 0.5597
1120/4534 [======>.......................] - ETA: 15s - loss: 0.6896 - acc: 0.5643
1184/4534 [======>.......................] - ETA: 14s - loss: 0.6889 - acc: 0.5659
1248/4534 [=======>......................] - ETA: 13s - loss: 0.6890 - acc: 0.5617
1312/4534 [=======>......................] - ETA: 12s - loss: 0.6875 - acc: 0.5625
1376/4534 [========>.....................] - ETA: 12s - loss: 0.6845 - acc: 0.5661
1440/4534 [========>.....................] - ETA: 11s - loss: 0.6814 - acc: 0.5694
1504/4534 [========>.....................] - ETA: 11s - loss: 0.6736 - acc: 0.5751
1568/4534 [=========>....................] - ETA: 10s - loss: 0.6701 - acc: 0.5727
1632/4534 [=========>....................] - ETA: 10s - loss: 0.6722 - acc: 0.5705
1696/4534 [==========>...................] - ETA: 9s - loss: 0.6660 - acc: 0.5743 
1760/4534 [==========>...................] - ETA: 9s - loss: 0.6599 - acc: 0.5847
1824/4534 [===========>..................] - ETA: 8s - loss: 0.6549 - acc: 0.5916
1888/4534 [===========>..................] - ETA: 8s - loss: 0.6493 - acc: 0.5985
1952/4534 [===========>..................] - ETA: 8s - loss: 0.6443 - acc: 0.6030
2016/4534 [============>.................] - ETA: 7s - loss: 0.6382 - acc: 0.6091
2080/4534 [============>.................] - ETA: 7s - loss: 0.6314 - acc: 0.6178
2144/4534 [=============>................] - ETA: 7s - loss: 0.6277 - acc: 0.6255
2208/4534 [=============>................] - ETA: 6s - loss: 0.6196 - acc: 0.6318
2272/4534 [==============>...............] - ETA: 6s - loss: 0.6148 - acc: 0.6386
2336/4534 [==============>...............] - ETA: 6s - loss: 0.6051 - acc: 0.6455
2400/4534 [==============>...............] - ETA: 6s - loss: 0.5980 - acc: 0.6512
2464/4534 [===============>..............] - ETA: 5s - loss: 0.5892 - acc: 0.6567
2528/4534 [===============>..............] - ETA: 5s - loss: 0.5802 - acc: 0.6614
2592/4534 [================>.............] - ETA: 5s - loss: 0.5749 - acc: 0.6663
2656/4534 [================>.............] - ETA: 5s - loss: 0.5650 - acc: 0.6724
2720/4534 [================>.............] - ETA: 4s - loss: 0.5582 - acc: 0.6783
2784/4534 [=================>............] - ETA: 4s - loss: 0.5505 - acc: 0.6846
2848/4534 [=================>............] - ETA: 4s - loss: 0.5498 - acc: 0.6886
2912/4534 [==================>...........] - ETA: 4s - loss: 0.5421 - acc: 0.6937
2976/4534 [==================>...........] - ETA: 3s - loss: 0.5346 - acc: 0.6989
3040/4534 [===================>..........] - ETA: 3s - loss: 0.5261 - acc: 0.7049
3104/4534 [===================>..........] - ETA: 3s - loss: 0.5178 - acc: 0.7101
3168/4534 [===================>..........] - ETA: 3s - loss: 0.5120 - acc: 0.7146
3232/4534 [====================>.........] - ETA: 3s - loss: 0.5061 - acc: 0.7184
3296/4534 [====================>.........] - ETA: 3s - loss: 0.4994 - acc: 0.7224
3360/4534 [=====================>........] - ETA: 2s - loss: 0.4929 - acc: 0.7271
3424/4534 [=====================>........] - ETA: 2s - loss: 0.4898 - acc: 0.7316
3488/4534 [======================>.......] - ETA: 2s - loss: 0.4911 - acc: 0.7360
3552/4534 [======================>.......] - ETA: 2s - loss: 0.4850 - acc: 0.7399
3616/4534 [======================>.......] - ETA: 2s - loss: 0.4792 - acc: 0.7434
3680/4534 [=======================>......] - ETA: 1s - loss: 0.4737 - acc: 0.7467
3744/4534 [=======================>......] - ETA: 1s - loss: 0.4679 - acc: 0.7505
3808/4534 [========================>.....] - ETA: 1s - loss: 0.4639 - acc: 0.7534
3872/4534 [========================>.....] - ETA: 1s - loss: 0.4604 - acc: 0.7567
3936/4534 [=========================>....] - ETA: 1s - loss: 0.4546 - acc: 0.7604
4000/4534 [=========================>....] - ETA: 1s - loss: 0.4497 - acc: 0.7632
4064/4534 [=========================>....] - ETA: 1s - loss: 0.4439 - acc: 0.7670
4128/4534 [==========================>...] - ETA: 0s - loss: 0.4398 - acc: 0.7701
4192/4534 [==========================>...] - ETA: 0s - loss: 0.4343 - acc: 0.7734
4256/4534 [===========================>..] - ETA: 0s - loss: 0.4285 - acc: 0.7768
4320/4534 [===========================>..] - ETA: 0s - loss: 0.4235 - acc: 0.7796
4384/4534 [============================>.] - ETA: 0s - loss: 0.4182 - acc: 0.7828
4448/4534 [============================>.] - ETA: 0s - loss: 0.4134 - acc: 0.7851
4512/4534 [============================>.] - ETA: 0s - loss: 0.4085 - acc: 0.7877
4534/4534 [==============================] - 11s 2ms/step - loss: 0.4082 - acc: 0.7885 - val_loss: 7.5756 - val_acc: 0.5300
Epoch 2/1000

  32/4534 [..............................] - ETA: 6s - loss: 0.0684 - acc: 0.9688
  96/4534 [..............................] - ETA: 6s - loss: 0.1034 - acc: 0.9479
 160/4534 [>.............................] - ETA: 6s - loss: 0.0825 - acc: 0.9625
 224/4534 [>.............................] - ETA: 6s - loss: 0.0765 - acc: 0.9643
 288/4534 [>.............................] - ETA: 6s - loss: 0.1457 - acc: 0.9583
 352/4534 [=>............................] - ETA: 5s - loss: 0.1450 - acc: 0.9545
 416/4534 [=>............................] - ETA: 5s - loss: 0.1340 - acc: 0.9543
 480/4534 [==>...........................] - ETA: 5s - loss: 0.1218 - acc: 0.9563
 544/4534 [==>...........................] - ETA: 5s - loss: 0.1152 - acc: 0.9577
 608/4534 [===>..........................] - ETA: 5s - loss: 0.1101 - acc: 0.9589
 672/4534 [===>..........................] - ETA: 5s - loss: 0.1017 - acc: 0.9628
 736/4534 [===>..........................] - ETA: 5s - loss: 0.0965 - acc: 0.9647
 800/4534 [====>.........................] - ETA: 5s - loss: 0.0902 - acc: 0.9675
 864/4534 [====>.........................] - ETA: 5s - loss: 0.0870 - acc: 0.9688
 928/4534 [=====>........................] - ETA: 5s - loss: 0.0835 - acc: 0.9698
 992/4534 [=====>........................] - ETA: 5s - loss: 0.0801 - acc: 0.9708
1056/4534 [=====>........................] - ETA: 4s - loss: 0.0944 - acc: 0.9688
1120/4534 [======>.......................] - ETA: 4s - loss: 0.0902 - acc: 0.9705
1184/4534 [======>.......................] - ETA: 4s - loss: 0.0869 - acc: 0.9713
1248/4534 [=======>......................] - ETA: 4s - loss: 0.0842 - acc: 0.9720
1312/4534 [=======>......................] - ETA: 4s - loss: 0.0810 - acc: 0.9733
1376/4534 [========>.....................] - ETA: 4s - loss: 0.0783 - acc: 0.9746
1440/4534 [========>.....................] - ETA: 4s - loss: 0.0753 - acc: 0.9757
1504/4534 [========>.....................] - ETA: 4s - loss: 0.0768 - acc: 0.9761
1568/4534 [=========>....................] - ETA: 4s - loss: 0.0780 - acc: 0.9758
1632/4534 [=========>....................] - ETA: 4s - loss: 0.0753 - acc: 0.9767
1696/4534 [==========>...................] - ETA: 4s - loss: 0.0747 - acc: 0.9764
1760/4534 [==========>...................] - ETA: 3s - loss: 0.0731 - acc: 0.9767
1824/4534 [===========>..................] - ETA: 3s - loss: 0.0731 - acc: 0.9764
1888/4534 [===========>..................] - ETA: 3s - loss: 0.0781 - acc: 0.9756
1952/4534 [===========>..................] - ETA: 3s - loss: 0.0758 - acc: 0.9764
2016/4534 [============>.................] - ETA: 3s - loss: 0.0751 - acc: 0.9762
2080/4534 [============>.................] - ETA: 3s - loss: 0.0734 - acc: 0.9769
2144/4534 [=============>................] - ETA: 3s - loss: 0.0743 - acc: 0.9762
2208/4534 [=============>................] - ETA: 3s - loss: 0.0730 - acc: 0.9769
2272/4534 [==============>...............] - ETA: 3s - loss: 0.0723 - acc: 0.9771
2336/4534 [==============>...............] - ETA: 3s - loss: 0.0709 - acc: 0.9777
2400/4534 [==============>...............] - ETA: 3s - loss: 0.0705 - acc: 0.9779
2464/4534 [===============>..............] - ETA: 2s - loss: 0.0692 - acc: 0.9785
2528/4534 [===============>..............] - ETA: 2s - loss: 0.0677 - acc: 0.9790
2592/4534 [================>.............] - ETA: 2s - loss: 0.0672 - acc: 0.9792
2656/4534 [================>.............] - ETA: 2s - loss: 0.0665 - acc: 0.9797
2720/4534 [================>.............] - ETA: 2s - loss: 0.0652 - acc: 0.9801
2784/4534 [=================>............] - ETA: 2s - loss: 0.0650 - acc: 0.9795
2848/4534 [=================>............] - ETA: 2s - loss: 0.0639 - acc: 0.9800
2912/4534 [==================>...........] - ETA: 2s - loss: 0.0629 - acc: 0.9804
2976/4534 [==================>...........] - ETA: 2s - loss: 0.0623 - acc: 0.9805
3040/4534 [===================>..........] - ETA: 2s - loss: 0.0612 - acc: 0.9809
3104/4534 [===================>..........] - ETA: 2s - loss: 0.0610 - acc: 0.9803
3168/4534 [===================>..........] - ETA: 1s - loss: 0.0614 - acc: 0.9801
3232/4534 [====================>.........] - ETA: 1s - loss: 0.0606 - acc: 0.9802
3296/4534 [====================>.........] - ETA: 1s - loss: 0.0598 - acc: 0.9803
3360/4534 [=====================>........] - ETA: 1s - loss: 0.0591 - acc: 0.9804
3424/4534 [=====================>........] - ETA: 1s - loss: 0.0580 - acc: 0.9807
3488/4534 [======================>.......] - ETA: 1s - loss: 0.0575 - acc: 0.9808
3552/4534 [======================>.......] - ETA: 1s - loss: 0.0573 - acc: 0.9806
3616/4534 [======================>.......] - ETA: 1s - loss: 0.0569 - acc: 0.9806
3680/4534 [=======================>......] - ETA: 1s - loss: 0.0560 - acc: 0.9810
3744/4534 [=======================>......] - ETA: 1s - loss: 0.0560 - acc: 0.9810
3808/4534 [========================>.....] - ETA: 1s - loss: 0.0558 - acc: 0.9808
3872/4534 [========================>.....] - ETA: 0s - loss: 0.0564 - acc: 0.9806
3936/4534 [=========================>....] - ETA: 0s - loss: 0.0568 - acc: 0.9804
4000/4534 [=========================>....] - ETA: 0s - loss: 0.0565 - acc: 0.9805
4064/4534 [=========================>....] - ETA: 0s - loss: 0.0557 - acc: 0.9808
4128/4534 [==========================>...] - ETA: 0s - loss: 0.0556 - acc: 0.9806
4192/4534 [==========================>...] - ETA: 0s - loss: 0.0559 - acc: 0.9804
4256/4534 [===========================>..] - ETA: 0s - loss: 0.0556 - acc: 0.9805
4320/4534 [===========================>..] - ETA: 0s - loss: 0.0557 - acc: 0.9806
4384/4534 [============================>.] - ETA: 0s - loss: 0.0554 - acc: 0.9806
4448/4534 [============================>.] - ETA: 0s - loss: 0.0559 - acc: 0.9804
4512/4534 [============================>.] - ETA: 0s - loss: 0.0553 - acc: 0.9807
4534/4534 [==============================] - 8s 2ms/step - loss: 0.0552 - acc: 0.9808 - val_loss: 5.6903 - val_acc: 0.6464
Epoch 3/1000

  32/4534 [..............................] - ETA: 6s - loss: 0.0049 - acc: 1.0000
  96/4534 [..............................] - ETA: 6s - loss: 0.0186 - acc: 1.0000
 160/4534 [>.............................] - ETA: 6s - loss: 0.0139 - acc: 1.0000
 224/4534 [>.............................] - ETA: 6s - loss: 0.0131 - acc: 1.0000
 288/4534 [>.............................] - ETA: 6s - loss: 0.0110 - acc: 1.0000
 352/4534 [=>............................] - ETA: 5s - loss: 0.0094 - acc: 1.0000
 416/4534 [=>............................] - ETA: 5s - loss: 0.0082 - acc: 1.0000
 480/4534 [==>...........................] - ETA: 5s - loss: 0.0077 - acc: 1.0000
 544/4534 [==>...........................] - ETA: 5s - loss: 0.0117 - acc: 0.9982
 608/4534 [===>..........................] - ETA: 5s - loss: 0.0121 - acc: 0.9984
 672/4534 [===>..........................] - ETA: 5s - loss: 0.0155 - acc: 0.9955
 736/4534 [===>..........................] - ETA: 5s - loss: 0.0186 - acc: 0.9946
 800/4534 [====>.........................] - ETA: 5s - loss: 0.0215 - acc: 0.9925
 864/4534 [====>.........................] - ETA: 5s - loss: 0.0210 - acc: 0.9931
 928/4534 [=====>........................] - ETA: 5s - loss: 0.0229 - acc: 0.9914
 992/4534 [=====>........................] - ETA: 5s - loss: 0.0219 - acc: 0.9919
1056/4534 [=====>........................] - ETA: 4s - loss: 0.0212 - acc: 0.9924
1120/4534 [======>.......................] - ETA: 4s - loss: 0.0202 - acc: 0.9929
1184/4534 [======>.......................] - ETA: 4s - loss: 0.0193 - acc: 0.9932
1248/4534 [=======>......................] - ETA: 4s - loss: 0.0189 - acc: 0.9936
1312/4534 [=======>......................] - ETA: 4s - loss: 0.0186 - acc: 0.9939
1376/4534 [========>.....................] - ETA: 4s - loss: 0.0191 - acc: 0.9942
1440/4534 [========>.....................] - ETA: 4s - loss: 0.0190 - acc: 0.9938
1504/4534 [========>.....................] - ETA: 4s - loss: 0.0183 - acc: 0.9940
1568/4534 [=========>....................] - ETA: 4s - loss: 0.0180 - acc: 0.9943
1632/4534 [=========>....................] - ETA: 4s - loss: 0.0177 - acc: 0.9945
1696/4534 [==========>...................] - ETA: 4s - loss: 0.0203 - acc: 0.9941
1760/4534 [==========>...................] - ETA: 3s - loss: 0.0202 - acc: 0.9943
1824/4534 [===========>..................] - ETA: 3s - loss: 0.0197 - acc: 0.9945
1888/4534 [===========>..................] - ETA: 3s - loss: 0.0198 - acc: 0.9942
1952/4534 [===========>..................] - ETA: 3s - loss: 0.0208 - acc: 0.9939
2016/4534 [============>.................] - ETA: 3s - loss: 0.0207 - acc: 0.9940
2080/4534 [============>.................] - ETA: 3s - loss: 0.0201 - acc: 0.9942
2144/4534 [=============>................] - ETA: 3s - loss: 0.0204 - acc: 0.9939
2208/4534 [=============>................] - ETA: 3s - loss: 0.0204 - acc: 0.9941
2272/4534 [==============>...............] - ETA: 3s - loss: 0.0202 - acc: 0.9943
2336/4534 [==============>...............] - ETA: 3s - loss: 0.0204 - acc: 0.9940
2400/4534 [==============>...............] - ETA: 3s - loss: 0.0201 - acc: 0.9942
2464/4534 [===============>..............] - ETA: 2s - loss: 0.0196 - acc: 0.9943
2528/4534 [===============>..............] - ETA: 2s - loss: 0.0197 - acc: 0.9941
2592/4534 [================>.............] - ETA: 2s - loss: 0.0194 - acc: 0.9942
2656/4534 [================>.............] - ETA: 2s - loss: 0.0193 - acc: 0.9944
2720/4534 [================>.............] - ETA: 2s - loss: 0.0202 - acc: 0.9941
2784/4534 [=================>............] - ETA: 2s - loss: 0.0256 - acc: 0.9939
2848/4534 [=================>............] - ETA: 2s - loss: 0.0250 - acc: 0.9940
2912/4534 [==================>...........] - ETA: 2s - loss: 0.0246 - acc: 0.9942
2976/4534 [==================>...........] - ETA: 2s - loss: 0.0245 - acc: 0.9940
3040/4534 [===================>..........] - ETA: 2s - loss: 0.0294 - acc: 0.9938
3104/4534 [===================>..........] - ETA: 2s - loss: 0.0288 - acc: 0.9939
3168/4534 [===================>..........] - ETA: 1s - loss: 0.0295 - acc: 0.9937
3232/4534 [====================>.........] - ETA: 1s - loss: 0.0301 - acc: 0.9932
3296/4534 [====================>.........] - ETA: 1s - loss: 0.0295 - acc: 0.9933
3360/4534 [=====================>........] - ETA: 1s - loss: 0.0293 - acc: 0.9935
3424/4534 [=====================>........] - ETA: 1s - loss: 0.0288 - acc: 0.9936
3488/4534 [======================>.......] - ETA: 1s - loss: 0.0285 - acc: 0.9937
3552/4534 [======================>.......] - ETA: 1s - loss: 0.0285 - acc: 0.9935
3616/4534 [======================>.......] - ETA: 1s - loss: 0.0285 - acc: 0.9931
3680/4534 [=======================>......] - ETA: 1s - loss: 0.0301 - acc: 0.9927
3744/4534 [=======================>......] - ETA: 1s - loss: 0.0297 - acc: 0.9928
3808/4534 [========================>.....] - ETA: 1s - loss: 0.0292 - acc: 0.9929
3872/4534 [========================>.....] - ETA: 0s - loss: 0.0299 - acc: 0.9928
3936/4534 [=========================>....] - ETA: 0s - loss: 0.0295 - acc: 0.9929
4000/4534 [=========================>....] - ETA: 0s - loss: 0.0297 - acc: 0.9928
4064/4534 [=========================>....] - ETA: 0s - loss: 0.0298 - acc: 0.9926
4128/4534 [==========================>...] - ETA: 0s - loss: 0.0295 - acc: 0.9927
4192/4534 [==========================>...] - ETA: 0s - loss: 0.0293 - acc: 0.9928
4256/4534 [===========================>..] - ETA: 0s - loss: 0.0290 - acc: 0.9930
4320/4534 [===========================>..] - ETA: 0s - loss: 0.0287 - acc: 0.9931
4384/4534 [============================>.] - ETA: 0s - loss: 0.0283 - acc: 0.9932
4448/4534 [============================>.] - ETA: 0s - loss: 0.0281 - acc: 0.9933
4512/4534 [============================>.] - ETA: 0s - loss: 0.0278 - acc: 0.9934
4534/4534 [==============================] - 8s 2ms/step - loss: 0.0277 - acc: 0.9934 - val_loss: 0.1612 - val_acc: 0.9806
Epoch 4/1000

  32/4534 [..............................] - ETA: 6s - loss: 1.5221e-05 - acc: 1.0000
  96/4534 [..............................] - ETA: 6s - loss: 0.0019 - acc: 1.0000    
 160/4534 [>.............................] - ETA: 6s - loss: 0.0051 - acc: 1.0000
 224/4534 [>.............................] - ETA: 6s - loss: 0.0039 - acc: 1.0000
 288/4534 [>.............................] - ETA: 6s - loss: 0.0594 - acc: 0.9965
 352/4534 [=>............................] - ETA: 5s - loss: 0.0496 - acc: 0.9972
 416/4534 [=>............................] - ETA: 5s - loss: 0.0423 - acc: 0.9976
 480/4534 [==>...........................] - ETA: 5s - loss: 0.0374 - acc: 0.9979
 544/4534 [==>...........................] - ETA: 5s - loss: 0.0351 - acc: 0.9963
 608/4534 [===>..........................] - ETA: 5s - loss: 0.0314 - acc: 0.9967
 672/4534 [===>..........................] - ETA: 5s - loss: 0.0375 - acc: 0.9940
 736/4534 [===>..........................] - ETA: 5s - loss: 0.0343 - acc: 0.9946
 800/4534 [====>.........................] - ETA: 5s - loss: 0.0317 - acc: 0.9950
 864/4534 [====>.........................] - ETA: 5s - loss: 0.0294 - acc: 0.9954
 928/4534 [=====>........................] - ETA: 5s - loss: 0.0275 - acc: 0.9957
 992/4534 [=====>........................] - ETA: 5s - loss: 0.0264 - acc: 0.9960
1056/4534 [=====>........................] - ETA: 4s - loss: 0.0250 - acc: 0.9962
1120/4534 [======>.......................] - ETA: 4s - loss: 0.0239 - acc: 0.9964
1184/4534 [======>.......................] - ETA: 4s - loss: 0.0228 - acc: 0.9966
1248/4534 [=======>......................] - ETA: 4s - loss: 0.0225 - acc: 0.9968
1312/4534 [=======>......................] - ETA: 4s - loss: 0.0222 - acc: 0.9970
1376/4534 [========>.....................] - ETA: 4s - loss: 0.0212 - acc: 0.9971
1440/4534 [========>.....................] - ETA: 4s - loss: 0.0205 - acc: 0.9972
1504/4534 [========>.....................] - ETA: 4s - loss: 0.0204 - acc: 0.9967
1568/4534 [=========>....................] - ETA: 4s - loss: 0.0196 - acc: 0.9968
1632/4534 [=========>....................] - ETA: 4s - loss: 0.0189 - acc: 0.9969
1696/4534 [==========>...................] - ETA: 4s - loss: 0.0182 - acc: 0.9971
1760/4534 [==========>...................] - ETA: 3s - loss: 0.0176 - acc: 0.9972
1824/4534 [===========>..................] - ETA: 3s - loss: 0.0175 - acc: 0.9967
1888/4534 [===========>..................] - ETA: 3s - loss: 0.0170 - acc: 0.9968
1952/4534 [===========>..................] - ETA: 3s - loss: 0.0246 - acc: 0.9964
2016/4534 [============>.................] - ETA: 3s - loss: 0.0242 - acc: 0.9965
2080/4534 [============>.................] - ETA: 3s - loss: 0.0235 - acc: 0.9966
2144/4534 [=============>................] - ETA: 3s - loss: 0.0230 - acc: 0.9967
2208/4534 [=============>................] - ETA: 3s - loss: 0.0224 - acc: 0.9968
2272/4534 [==============>...............] - ETA: 3s - loss: 0.0219 - acc: 0.9969
2336/4534 [==============>...............] - ETA: 3s - loss: 0.0213 - acc: 0.9970
2400/4534 [==============>...............] - ETA: 3s - loss: 0.0207 - acc: 0.9971
2464/4534 [===============>..............] - ETA: 2s - loss: 0.0202 - acc: 0.9972
2528/4534 [===============>..............] - ETA: 2s - loss: 0.0197 - acc: 0.9972
2592/4534 [================>.............] - ETA: 2s - loss: 0.0192 - acc: 0.9973
2656/4534 [================>.............] - ETA: 2s - loss: 0.0191 - acc: 0.9970
2720/4534 [================>.............] - ETA: 2s - loss: 0.0186 - acc: 0.9971
2784/4534 [=================>............] - ETA: 2s - loss: 0.0182 - acc: 0.9971
2848/4534 [=================>............] - ETA: 2s - loss: 0.0178 - acc: 0.9972
2912/4534 [==================>...........] - ETA: 2s - loss: 0.0175 - acc: 0.9973
2976/4534 [==================>...........] - ETA: 2s - loss: 0.0171 - acc: 0.9973
3040/4534 [===================>..........] - ETA: 2s - loss: 0.0168 - acc: 0.9974
3104/4534 [===================>..........] - ETA: 2s - loss: 0.0164 - acc: 0.9974
3168/4534 [===================>..........] - ETA: 1s - loss: 0.0161 - acc: 0.9975
3232/4534 [====================>.........] - ETA: 1s - loss: 0.0158 - acc: 0.9975
3296/4534 [====================>.........] - ETA: 1s - loss: 0.0155 - acc: 0.9976
3360/4534 [=====================>........] - ETA: 1s - loss: 0.0154 - acc: 0.9973
3424/4534 [=====================>........] - ETA: 1s - loss: 0.0151 - acc: 0.9974
3488/4534 [======================>.......] - ETA: 1s - loss: 0.0149 - acc: 0.9974
3552/4534 [======================>.......] - ETA: 1s - loss: 0.0148 - acc: 0.9975
3616/4534 [======================>.......] - ETA: 1s - loss: 0.0146 - acc: 0.9975
3680/4534 [=======================>......] - ETA: 1s - loss: 0.0146 - acc: 0.9973
3744/4534 [=======================>......] - ETA: 1s - loss: 0.0143 - acc: 0.9973
3808/4534 [========================>.....] - ETA: 1s - loss: 0.0141 - acc: 0.9974
3872/4534 [========================>.....] - ETA: 0s - loss: 0.0143 - acc: 0.9972
3936/4534 [=========================>....] - ETA: 0s - loss: 0.0182 - acc: 0.9970
4000/4534 [=========================>....] - ETA: 0s - loss: 0.0179 - acc: 0.9970
4064/4534 [=========================>....] - ETA: 0s - loss: 0.0198 - acc: 0.9968
4128/4534 [==========================>...] - ETA: 0s - loss: 0.0195 - acc: 0.9969
4192/4534 [==========================>...] - ETA: 0s - loss: 0.0195 - acc: 0.9969
4256/4534 [===========================>..] - ETA: 0s - loss: 0.0195 - acc: 0.9969
4320/4534 [===========================>..] - ETA: 0s - loss: 0.0237 - acc: 0.9965
4384/4534 [============================>.] - ETA: 0s - loss: 0.0248 - acc: 0.9964
4448/4534 [============================>.] - ETA: 0s - loss: 0.0318 - acc: 0.9957
4512/4534 [============================>.] - ETA: 0s - loss: 0.0352 - acc: 0.9956
4534/4534 [==============================] - 8s 2ms/step - loss: 0.0388 - acc: 0.9954 - val_loss: 6.1255 - val_acc: 0.6146
Epoch 5/1000

  32/4534 [..............................] - ETA: 6s - loss: 0.0090 - acc: 1.0000
  96/4534 [..............................] - ETA: 6s - loss: 0.4189 - acc: 0.9583
 160/4534 [>.............................] - ETA: 6s - loss: 0.3565 - acc: 0.9625
 224/4534 [>.............................] - ETA: 6s - loss: 0.2813 - acc: 0.9643
 288/4534 [>.............................] - ETA: 6s - loss: 0.2657 - acc: 0.9549
 352/4534 [=>............................] - ETA: 5s - loss: 0.2829 - acc: 0.9574
 416/4534 [=>............................] - ETA: 5s - loss: 0.2846 - acc: 0.9591
 480/4534 [==>...........................] - ETA: 5s - loss: 0.3027 - acc: 0.9583
 544/4534 [==>...........................] - ETA: 5s - loss: 0.2756 - acc: 0.9596
 608/4534 [===>..........................] - ETA: 5s - loss: 0.2510 - acc: 0.9622
 672/4534 [===>..........................] - ETA: 5s - loss: 0.2292 - acc: 0.9658
 736/4534 [===>..........................] - ETA: 5s - loss: 0.2110 - acc: 0.9688
 800/4534 [====>.........................] - ETA: 5s - loss: 0.1976 - acc: 0.9712
 864/4534 [====>.........................] - ETA: 5s - loss: 0.1865 - acc: 0.9722
 928/4534 [=====>........................] - ETA: 5s - loss: 0.1748 - acc: 0.9741
 992/4534 [=====>........................] - ETA: 5s - loss: 0.1655 - acc: 0.9758
1056/4534 [=====>........................] - ETA: 4s - loss: 0.1570 - acc: 0.9773
1120/4534 [======>.......................] - ETA: 4s - loss: 0.1527 - acc: 0.9777
1184/4534 [======>.......................] - ETA: 4s - loss: 0.1452 - acc: 0.9789
1248/4534 [=======>......................] - ETA: 4s - loss: 0.1402 - acc: 0.9792
1312/4534 [=======>......................] - ETA: 4s - loss: 0.1341 - acc: 0.9802
1376/4534 [========>.....................] - ETA: 4s - loss: 0.1289 - acc: 0.9804
1440/4534 [========>.....................] - ETA: 4s - loss: 0.1237 - acc: 0.9812
1504/4534 [========>.....................] - ETA: 4s - loss: 0.1187 - acc: 0.9820
1568/4534 [=========>....................] - ETA: 4s - loss: 0.1139 - acc: 0.9828
1632/4534 [=========>....................] - ETA: 4s - loss: 0.1100 - acc: 0.9835
1696/4534 [==========>...................] - ETA: 4s - loss: 0.1059 - acc: 0.9841
1760/4534 [==========>...................] - ETA: 3s - loss: 0.1024 - acc: 0.9847
1824/4534 [===========>..................] - ETA: 3s - loss: 0.0989 - acc: 0.9852
1888/4534 [===========>..................] - ETA: 3s - loss: 0.0956 - acc: 0.9857
1952/4534 [===========>..................] - ETA: 3s - loss: 0.0926 - acc: 0.9862
2016/4534 [============>.................] - ETA: 3s - loss: 0.0940 - acc: 0.9861
2080/4534 [============>.................] - ETA: 3s - loss: 0.0996 - acc: 0.9856
2144/4534 [=============>................] - ETA: 3s - loss: 0.0969 - acc: 0.9860
2208/4534 [=============>................] - ETA: 3s - loss: 0.0942 - acc: 0.9864
2272/4534 [==============>...............] - ETA: 3s - loss: 0.0917 - acc: 0.9868
2336/4534 [==============>...............] - ETA: 3s - loss: 0.0893 - acc: 0.9872
2400/4534 [==============>...............] - ETA: 3s - loss: 0.0875 - acc: 0.9875
2464/4534 [===============>..............] - ETA: 2s - loss: 0.0855 - acc: 0.9878
2528/4534 [===============>..............] - ETA: 2s - loss: 0.0837 - acc: 0.9881
2592/4534 [================>.............] - ETA: 2s - loss: 0.0834 - acc: 0.9880
2656/4534 [================>.............] - ETA: 2s - loss: 0.0832 - acc: 0.9880
2720/4534 [================>.............] - ETA: 2s - loss: 0.0815 - acc: 0.9882
2784/4534 [=================>............] - ETA: 2s - loss: 0.0798 - acc: 0.9885
2848/4534 [=================>............] - ETA: 2s - loss: 0.0780 - acc: 0.9888
2912/4534 [==================>...........] - ETA: 2s - loss: 0.0766 - acc: 0.9890
2976/4534 [==================>...........] - ETA: 2s - loss: 0.0750 - acc: 0.9892
3040/4534 [===================>..........] - ETA: 2s - loss: 0.0787 - acc: 0.9891
3104/4534 [===================>..........] - ETA: 2s - loss: 0.0772 - acc: 0.9894
3168/4534 [===================>..........] - ETA: 1s - loss: 0.0758 - acc: 0.9896
3232/4534 [====================>.........] - ETA: 1s - loss: 0.0745 - acc: 0.9898
3296/4534 [====================>.........] - ETA: 1s - loss: 0.0736 - acc: 0.9897
3360/4534 [=====================>........] - ETA: 1s - loss: 0.0725 - acc: 0.9899
3424/4534 [=====================>........] - ETA: 1s - loss: 0.0725 - acc: 0.9898
3488/4534 [======================>.......] - ETA: 1s - loss: 0.0714 - acc: 0.9900
3552/4534 [======================>.......] - ETA: 1s - loss: 0.0702 - acc: 0.9901
3616/4534 [======================>.......] - ETA: 1s - loss: 0.0692 - acc: 0.9903
3680/4534 [=======================>......] - ETA: 1s - loss: 0.0681 - acc: 0.9905
3744/4534 [=======================>......] - ETA: 1s - loss: 0.0671 - acc: 0.9907
3808/4534 [========================>.....] - ETA: 1s - loss: 0.0662 - acc: 0.9908
3872/4534 [========================>.....] - ETA: 0s - loss: 0.0657 - acc: 0.9907
3936/4534 [=========================>....] - ETA: 0s - loss: 0.0649 - acc: 0.9909
4000/4534 [=========================>....] - ETA: 0s - loss: 0.0642 - acc: 0.9910
4064/4534 [=========================>....] - ETA: 0s - loss: 0.0635 - acc: 0.9911
4128/4534 [==========================>...] - ETA: 0s - loss: 0.0627 - acc: 0.9913
4192/4534 [==========================>...] - ETA: 0s - loss: 0.0620 - acc: 0.9914
4256/4534 [===========================>..] - ETA: 0s - loss: 0.0611 - acc: 0.9915
4320/4534 [===========================>..] - ETA: 0s - loss: 0.0603 - acc: 0.9917
4384/4534 [============================>.] - ETA: 0s - loss: 0.0594 - acc: 0.9918
4448/4534 [============================>.] - ETA: 0s - loss: 0.0585 - acc: 0.9919
4512/4534 [============================>.] - ETA: 0s - loss: 0.0581 - acc: 0.9918
4534/4534 [==============================] - 8s 2ms/step - loss: 0.0578 - acc: 0.9918 - val_loss: 4.3396 - val_acc: 0.7116
Epoch 6/1000

  32/4534 [..............................] - ETA: 6s - loss: 0.0147 - acc: 1.0000
  96/4534 [..............................] - ETA: 6s - loss: 0.0069 - acc: 1.0000
 160/4534 [>.............................] - ETA: 6s - loss: 0.0043 - acc: 1.0000
 224/4534 [>.............................] - ETA: 6s - loss: 0.0042 - acc: 1.0000
 288/4534 [>.............................] - ETA: 6s - loss: 0.0043 - acc: 1.0000
 352/4534 [=>............................] - ETA: 5s - loss: 0.0594 - acc: 0.9943
 416/4534 [=>............................] - ETA: 5s - loss: 0.0507 - acc: 0.9952
 480/4534 [==>...........................] - ETA: 5s - loss: 0.0444 - acc: 0.9958
 544/4534 [==>...........................] - ETA: 5s - loss: 0.0397 - acc: 0.9963
 608/4534 [===>..........................] - ETA: 5s - loss: 0.0368 - acc: 0.9967
 672/4534 [===>..........................] - ETA: 5s - loss: 0.0335 - acc: 0.9970
 736/4534 [===>..........................] - ETA: 5s - loss: 0.0312 - acc: 0.9973
 800/4534 [====>.........................] - ETA: 5s - loss: 0.0289 - acc: 0.9975
 864/4534 [====>.........................] - ETA: 5s - loss: 0.0270 - acc: 0.9977
 928/4534 [=====>........................] - ETA: 5s - loss: 0.0255 - acc: 0.9978
 992/4534 [=====>........................] - ETA: 5s - loss: 0.0240 - acc: 0.9980
1056/4534 [=====>........................] - ETA: 4s - loss: 0.0226 - acc: 0.9981
1120/4534 [======>.......................] - ETA: 4s - loss: 0.0215 - acc: 0.9982
1184/4534 [======>.......................] - ETA: 4s - loss: 0.0207 - acc: 0.9983
1248/4534 [=======>......................] - ETA: 4s - loss: 0.0201 - acc: 0.9984
1312/4534 [=======>......................] - ETA: 4s - loss: 0.0193 - acc: 0.9985
1376/4534 [========>.....................] - ETA: 4s - loss: 0.0184 - acc: 0.9985
1440/4534 [========>.....................] - ETA: 4s - loss: 0.0199 - acc: 0.9979
1504/4534 [========>.....................] - ETA: 4s - loss: 0.0192 - acc: 0.9980
1568/4534 [=========>....................] - ETA: 4s - loss: 0.0185 - acc: 0.9981
1632/4534 [=========>....................] - ETA: 4s - loss: 0.0177 - acc: 0.9982
1696/4534 [==========>...................] - ETA: 4s - loss: 0.0171 - acc: 0.9982
1760/4534 [==========>...................] - ETA: 3s - loss: 0.0165 - acc: 0.9983
1824/4534 [===========>..................] - ETA: 3s - loss: 0.0162 - acc: 0.9984
1888/4534 [===========>..................] - ETA: 3s - loss: 0.0159 - acc: 0.9984
1952/4534 [===========>..................] - ETA: 3s - loss: 0.0157 - acc: 0.9985
2016/4534 [============>.................] - ETA: 3s - loss: 0.0164 - acc: 0.9975
2080/4534 [============>.................] - ETA: 3s - loss: 0.0159 - acc: 0.9976
2144/4534 [=============>................] - ETA: 3s - loss: 0.0159 - acc: 0.9977
2208/4534 [=============>................] - ETA: 3s - loss: 0.0155 - acc: 0.9977
2272/4534 [==============>...............] - ETA: 3s - loss: 0.0151 - acc: 0.9978
2336/4534 [==============>...............] - ETA: 3s - loss: 0.0216 - acc: 0.9974
2400/4534 [==============>...............] - ETA: 3s - loss: 0.0211 - acc: 0.9975
2464/4534 [===============>..............] - ETA: 2s - loss: 0.0205 - acc: 0.9976
2528/4534 [===============>..............] - ETA: 2s - loss: 0.0201 - acc: 0.9976
2592/4534 [================>.............] - ETA: 2s - loss: 0.0196 - acc: 0.9977
2656/4534 [================>.............] - ETA: 2s - loss: 0.0192 - acc: 0.9977
2720/4534 [================>.............] - ETA: 2s - loss: 0.0191 - acc: 0.9978
2784/4534 [=================>............] - ETA: 2s - loss: 0.0186 - acc: 0.9978
2848/4534 [=================>............] - ETA: 2s - loss: 0.0183 - acc: 0.9979
2912/4534 [==================>...........] - ETA: 2s - loss: 0.0179 - acc: 0.9979
2976/4534 [==================>...........] - ETA: 2s - loss: 0.0177 - acc: 0.9980
3040/4534 [===================>..........] - ETA: 2s - loss: 0.0175 - acc: 0.9980
3104/4534 [===================>..........] - ETA: 2s - loss: 0.0172 - acc: 0.9981
3168/4534 [===================>..........] - ETA: 1s - loss: 0.0170 - acc: 0.9981
3232/4534 [====================>.........] - ETA: 1s - loss: 0.0216 - acc: 0.9978
3296/4534 [====================>.........] - ETA: 1s - loss: 0.0213 - acc: 0.9979
3360/4534 [=====================>........] - ETA: 1s - loss: 0.0209 - acc: 0.9979
3424/4534 [=====================>........] - ETA: 1s - loss: 0.0206 - acc: 0.9980
3488/4534 [======================>.......] - ETA: 1s - loss: 0.0203 - acc: 0.9980
3552/4534 [======================>.......] - ETA: 1s - loss: 0.0200 - acc: 0.9980
3616/4534 [======================>.......] - ETA: 1s - loss: 0.0196 - acc: 0.9981
3680/4534 [=======================>......] - ETA: 1s - loss: 0.0193 - acc: 0.9981
3744/4534 [=======================>......] - ETA: 1s - loss: 0.0190 - acc: 0.9981
3808/4534 [========================>.....] - ETA: 1s - loss: 0.0187 - acc: 0.9982
3872/4534 [========================>.....] - ETA: 0s - loss: 0.0184 - acc: 0.9982
3936/4534 [=========================>....] - ETA: 0s - loss: 0.0182 - acc: 0.9982
4000/4534 [=========================>....] - ETA: 0s - loss: 0.0179 - acc: 0.9982
4064/4534 [=========================>....] - ETA: 0s - loss: 0.0176 - acc: 0.9983
4128/4534 [==========================>...] - ETA: 0s - loss: 0.0173 - acc: 0.9983
4192/4534 [==========================>...] - ETA: 0s - loss: 0.0171 - acc: 0.9983
4256/4534 [===========================>..] - ETA: 0s - loss: 0.0169 - acc: 0.9984
4320/4534 [===========================>..] - ETA: 0s - loss: 0.0167 - acc: 0.9984
4384/4534 [============================>.] - ETA: 0s - loss: 0.0164 - acc: 0.9984
4448/4534 [============================>.] - ETA: 0s - loss: 0.0162 - acc: 0.9984
4512/4534 [============================>.] - ETA: 0s - loss: 0.0160 - acc: 0.9984
4534/4534 [==============================] - 8s 2ms/step - loss: 0.0159 - acc: 0.9985 - val_loss: 4.8504 - val_acc: 0.6958
Epoch 7/1000

  32/4534 [..............................] - ETA: 6s - loss: 4.8192e-04 - acc: 1.0000
  96/4534 [..............................] - ETA: 6s - loss: 0.0012 - acc: 1.0000    
 160/4534 [>.............................] - ETA: 6s - loss: 0.0018 - acc: 1.0000
 224/4534 [>.............................] - ETA: 6s - loss: 0.0019 - acc: 1.0000
 288/4534 [>.............................] - ETA: 6s - loss: 0.0028 - acc: 1.0000
 352/4534 [=>............................] - ETA: 5s - loss: 0.0025 - acc: 1.0000
 416/4534 [=>............................] - ETA: 5s - loss: 0.0022 - acc: 1.0000
 480/4534 [==>...........................] - ETA: 5s - loss: 0.0019 - acc: 1.0000
 544/4534 [==>...........................] - ETA: 5s - loss: 0.0018 - acc: 1.0000
 608/4534 [===>..........................] - ETA: 5s - loss: 0.0017 - acc: 1.0000
 672/4534 [===>..........................] - ETA: 5s - loss: 0.0016 - acc: 1.0000
 736/4534 [===>..........................] - ETA: 5s - loss: 0.0016 - acc: 1.0000
 800/4534 [====>.........................] - ETA: 5s - loss: 0.0015 - acc: 1.0000
 864/4534 [====>.........................] - ETA: 5s - loss: 0.0015 - acc: 1.0000
 928/4534 [=====>........................] - ETA: 5s - loss: 0.0015 - acc: 1.0000
 992/4534 [=====>........................] - ETA: 5s - loss: 0.0015 - acc: 1.0000
1056/4534 [=====>........................] - ETA: 4s - loss: 0.0014 - acc: 1.0000
1120/4534 [======>.......................] - ETA: 4s - loss: 0.0013 - acc: 1.0000
1184/4534 [======>.......................] - ETA: 4s - loss: 0.0013 - acc: 1.0000
1248/4534 [=======>......................] - ETA: 4s - loss: 0.0012 - acc: 1.0000
1312/4534 [=======>......................] - ETA: 4s - loss: 0.0012 - acc: 1.0000
1376/4534 [========>.....................] - ETA: 4s - loss: 0.0011 - acc: 1.0000
1440/4534 [========>.....................] - ETA: 4s - loss: 0.0014 - acc: 1.0000
1504/4534 [========>.....................] - ETA: 4s - loss: 0.0014 - acc: 1.0000
1568/4534 [=========>....................] - ETA: 4s - loss: 0.0013 - acc: 1.0000
1632/4534 [=========>....................] - ETA: 4s - loss: 0.0020 - acc: 0.9994
1696/4534 [==========>...................] - ETA: 4s - loss: 0.0042 - acc: 0.9988
1760/4534 [==========>...................] - ETA: 3s - loss: 0.0041 - acc: 0.9989
1824/4534 [===========>..................] - ETA: 3s - loss: 0.0039 - acc: 0.9989
1888/4534 [===========>..................] - ETA: 3s - loss: 0.0039 - acc: 0.9989
1952/4534 [===========>..................] - ETA: 3s - loss: 0.0038 - acc: 0.9990
2016/4534 [============>.................] - ETA: 3s - loss: 0.0037 - acc: 0.9990
2080/4534 [============>.................] - ETA: 3s - loss: 0.0036 - acc: 0.9990
2144/4534 [=============>................] - ETA: 3s - loss: 0.0036 - acc: 0.9991
2208/4534 [=============>................] - ETA: 3s - loss: 0.0036 - acc: 0.9991
2272/4534 [==============>...............] - ETA: 3s - loss: 0.0039 - acc: 0.9991
2336/4534 [==============>...............] - ETA: 3s - loss: 0.0038 - acc: 0.9991
2400/4534 [==============>...............] - ETA: 3s - loss: 0.0037 - acc: 0.9992
2464/4534 [===============>..............] - ETA: 2s - loss: 0.0038 - acc: 0.9992
2528/4534 [===============>..............] - ETA: 2s - loss: 0.0037 - acc: 0.9992
2592/4534 [================>.............] - ETA: 2s - loss: 0.0037 - acc: 0.9992
2656/4534 [================>.............] - ETA: 2s - loss: 0.0037 - acc: 0.9992
2720/4534 [================>.............] - ETA: 2s - loss: 0.0037 - acc: 0.9993
2784/4534 [=================>............] - ETA: 2s - loss: 0.0038 - acc: 0.9993
2848/4534 [=================>............] - ETA: 2s - loss: 0.0093 - acc: 0.9989
2912/4534 [==================>...........] - ETA: 2s - loss: 0.0092 - acc: 0.9990
2976/4534 [==================>...........] - ETA: 2s - loss: 0.0090 - acc: 0.9990
3040/4534 [===================>..........] - ETA: 2s - loss: 0.0088 - acc: 0.9990
3104/4534 [===================>..........] - ETA: 2s - loss: 0.0087 - acc: 0.9990
3168/4534 [===================>..........] - ETA: 1s - loss: 0.0086 - acc: 0.9991
3232/4534 [====================>.........] - ETA: 1s - loss: 0.0085 - acc: 0.9991
3296/4534 [====================>.........] - ETA: 1s - loss: 0.0083 - acc: 0.9991
3360/4534 [=====================>........] - ETA: 1s - loss: 0.0082 - acc: 0.9991
3424/4534 [=====================>........] - ETA: 1s - loss: 0.0128 - acc: 0.9988
3488/4534 [======================>.......] - ETA: 1s - loss: 0.0125 - acc: 0.9989
3552/4534 [======================>.......] - ETA: 1s - loss: 0.0123 - acc: 0.9989
3616/4534 [======================>.......] - ETA: 1s - loss: 0.0122 - acc: 0.9989
3680/4534 [=======================>......] - ETA: 1s - loss: 0.0120 - acc: 0.9989
3744/4534 [=======================>......] - ETA: 1s - loss: 0.0118 - acc: 0.9989
3808/4534 [========================>.....] - ETA: 1s - loss: 0.0116 - acc: 0.9989
3872/4534 [========================>.....] - ETA: 0s - loss: 0.0115 - acc: 0.9990
3936/4534 [=========================>....] - ETA: 0s - loss: 0.0113 - acc: 0.9990
4000/4534 [=========================>....] - ETA: 0s - loss: 0.0112 - acc: 0.9990
4064/4534 [=========================>....] - ETA: 0s - loss: 0.0110 - acc: 0.9990
4128/4534 [==========================>...] - ETA: 0s - loss: 0.0109 - acc: 0.9990
4192/4534 [==========================>...] - ETA: 0s - loss: 0.0107 - acc: 0.9990
4256/4534 [===========================>..] - ETA: 0s - loss: 0.0105 - acc: 0.9991
4320/4534 [===========================>..] - ETA: 0s - loss: 0.0104 - acc: 0.9991
4384/4534 [============================>.] - ETA: 0s - loss: 0.0102 - acc: 0.9991
4448/4534 [============================>.] - ETA: 0s - loss: 0.0101 - acc: 0.9991
4512/4534 [============================>.] - ETA: 0s - loss: 0.0116 - acc: 0.9989
4534/4534 [==============================] - 8s 2ms/step - loss: 0.0116 - acc: 0.9989 - val_loss: 4.8941 - val_acc: 0.6825
Epoch 8/1000

  32/4534 [..............................] - ETA: 6s - loss: 8.3366e-05 - acc: 1.0000
  96/4534 [..............................] - ETA: 6s - loss: 6.9888e-04 - acc: 1.0000
 160/4534 [>.............................] - ETA: 6s - loss: 5.0596e-04 - acc: 1.0000
 224/4534 [>.............................] - ETA: 6s - loss: 0.0012 - acc: 1.0000    
 288/4534 [>.............................] - ETA: 6s - loss: 0.0082 - acc: 0.9965
 352/4534 [=>............................] - ETA: 5s - loss: 0.0068 - acc: 0.9972
 416/4534 [=>............................] - ETA: 5s - loss: 0.0069 - acc: 0.9976
 480/4534 [==>...........................] - ETA: 5s - loss: 0.0060 - acc: 0.9979
 544/4534 [==>...........................] - ETA: 5s - loss: 0.0055 - acc: 0.9982
 608/4534 [===>..........................] - ETA: 5s - loss: 0.0050 - acc: 0.9984
 672/4534 [===>..........................] - ETA: 5s - loss: 0.0048 - acc: 0.9985
 736/4534 [===>..........................] - ETA: 5s - loss: 0.0044 - acc: 0.9986
 800/4534 [====>.........................] - ETA: 5s - loss: 0.0043 - acc: 0.9988
 864/4534 [====>.........................] - ETA: 5s - loss: 0.0040 - acc: 0.9988
 928/4534 [=====>........................] - ETA: 5s - loss: 0.0071 - acc: 0.9978
 992/4534 [=====>........................] - ETA: 5s - loss: 0.0066 - acc: 0.9980
1056/4534 [=====>........................] - ETA: 4s - loss: 0.0063 - acc: 0.9981
1120/4534 [======>.......................] - ETA: 4s - loss: 0.0060 - acc: 0.9982
1184/4534 [======>.......................] - ETA: 4s - loss: 0.0057 - acc: 0.9983
1248/4534 [=======>......................] - ETA: 4s - loss: 0.0055 - acc: 0.9984
1312/4534 [=======>......................] - ETA: 4s - loss: 0.0053 - acc: 0.9985
1376/4534 [========>.....................] - ETA: 4s - loss: 0.0050 - acc: 0.9985
1440/4534 [========>.....................] - ETA: 4s - loss: 0.0049 - acc: 0.9986
1504/4534 [========>.....................] - ETA: 4s - loss: 0.0047 - acc: 0.9987
1568/4534 [=========>....................] - ETA: 4s - loss: 0.0045 - acc: 0.9987
1632/4534 [=========>....................] - ETA: 4s - loss: 0.0054 - acc: 0.9982
1696/4534 [==========>...................] - ETA: 4s - loss: 0.0052 - acc: 0.9982
1760/4534 [==========>...................] - ETA: 3s - loss: 0.0050 - acc: 0.9983
1824/4534 [===========>..................] - ETA: 3s - loss: 0.0049 - acc: 0.9984
1888/4534 [===========>..................] - ETA: 3s - loss: 0.0049 - acc: 0.9984
1952/4534 [===========>..................] - ETA: 3s - loss: 0.0048 - acc: 0.9985
2016/4534 [============>.................] - ETA: 3s - loss: 0.0047 - acc: 0.9985
2080/4534 [============>.................] - ETA: 3s - loss: 0.0046 - acc: 0.9986
2144/4534 [=============>................] - ETA: 3s - loss: 0.0045 - acc: 0.9986
2208/4534 [=============>................] - ETA: 3s - loss: 0.0044 - acc: 0.9986
2272/4534 [==============>...............] - ETA: 3s - loss: 0.0059 - acc: 0.9982
2336/4534 [==============>...............] - ETA: 3s - loss: 0.0057 - acc: 0.9983
2400/4534 [==============>...............] - ETA: 3s - loss: 0.0056 - acc: 0.9983
2464/4534 [===============>..............] - ETA: 2s - loss: 0.0054 - acc: 0.9984
2528/4534 [===============>..............] - ETA: 2s - loss: 0.0053 - acc: 0.9984
2592/4534 [================>.............] - ETA: 2s - loss: 0.0114 - acc: 0.9981
2656/4534 [================>.............] - ETA: 2s - loss: 0.0111 - acc: 0.9981
2720/4534 [================>.............] - ETA: 2s - loss: 0.0109 - acc: 0.9982
2784/4534 [=================>............] - ETA: 2s - loss: 0.0107 - acc: 0.9982
2848/4534 [=================>............] - ETA: 2s - loss: 0.0104 - acc: 0.9982
2912/4534 [==================>...........] - ETA: 2s - loss: 0.0103 - acc: 0.9983
2976/4534 [==================>...........] - ETA: 2s - loss: 0.0100 - acc: 0.9983
3040/4534 [===================>..........] - ETA: 2s - loss: 0.0098 - acc: 0.9984
3104/4534 [===================>..........] - ETA: 2s - loss: 0.0096 - acc: 0.9984
3168/4534 [===================>..........] - ETA: 1s - loss: 0.0098 - acc: 0.9981
3232/4534 [====================>.........] - ETA: 1s - loss: 0.0096 - acc: 0.9981
3296/4534 [====================>.........] - ETA: 1s - loss: 0.0094 - acc: 0.9982
3360/4534 [=====================>........] - ETA: 1s - loss: 0.0093 - acc: 0.9982
3424/4534 [=====================>........] - ETA: 1s - loss: 0.0091 - acc: 0.9982
3488/4534 [======================>.......] - ETA: 1s - loss: 0.0089 - acc: 0.9983
3552/4534 [======================>.......] - ETA: 1s - loss: 0.0088 - acc: 0.9983
3616/4534 [======================>.......] - ETA: 1s - loss: 0.0087 - acc: 0.9983
3680/4534 [=======================>......] - ETA: 1s - loss: 0.0085 - acc: 0.9984
3744/4534 [=======================>......] - ETA: 1s - loss: 0.0084 - acc: 0.9984
3808/4534 [========================>.....] - ETA: 1s - loss: 0.0084 - acc: 0.9984
3872/4534 [========================>.....] - ETA: 0s - loss: 0.0083 - acc: 0.9985
3936/4534 [=========================>....] - ETA: 0s - loss: 0.0081 - acc: 0.9985
4000/4534 [=========================>....] - ETA: 0s - loss: 0.0120 - acc: 0.9982
4064/4534 [=========================>....] - ETA: 0s - loss: 0.0118 - acc: 0.9983
4128/4534 [==========================>...] - ETA: 0s - loss: 0.0116 - acc: 0.9983
4192/4534 [==========================>...] - ETA: 0s - loss: 0.0115 - acc: 0.9983
4256/4534 [===========================>..] - ETA: 0s - loss: 0.0113 - acc: 0.9984
4320/4534 [===========================>..] - ETA: 0s - loss: 0.0112 - acc: 0.9984
4384/4534 [============================>.] - ETA: 0s - loss: 0.0110 - acc: 0.9984
4448/4534 [============================>.] - ETA: 0s - loss: 0.0109 - acc: 0.9984
4512/4534 [============================>.] - ETA: 0s - loss: 0.0107 - acc: 0.9984
4534/4534 [==============================] - 8s 2ms/step - loss: 0.0107 - acc: 0.9985 - val_loss: 3.5568 - val_acc: 0.7769
Epoch 9/1000

  32/4534 [..............................] - ETA: 6s - loss: 1.4884e-04 - acc: 1.0000
  96/4534 [..............................] - ETA: 6s - loss: 3.0084e-04 - acc: 1.0000
 160/4534 [>.............................] - ETA: 6s - loss: 2.4602e-04 - acc: 1.0000
 224/4534 [>.............................] - ETA: 6s - loss: 5.6567e-04 - acc: 1.0000
 288/4534 [>.............................] - ETA: 6s - loss: 5.4614e-04 - acc: 1.0000
 352/4534 [=>............................] - ETA: 5s - loss: 7.1521e-04 - acc: 1.0000
 416/4534 [=>............................] - ETA: 5s - loss: 6.2878e-04 - acc: 1.0000
 480/4534 [==>...........................] - ETA: 5s - loss: 5.5314e-04 - acc: 1.0000
 544/4534 [==>...........................] - ETA: 5s - loss: 5.7154e-04 - acc: 1.0000
 608/4534 [===>..........................] - ETA: 5s - loss: 0.0233 - acc: 0.9984    
 672/4534 [===>..........................] - ETA: 5s - loss: 0.0212 - acc: 0.9985
 736/4534 [===>..........................] - ETA: 5s - loss: 0.0197 - acc: 0.9986
 800/4534 [====>.........................] - ETA: 5s - loss: 0.0183 - acc: 0.9988
 864/4534 [====>.........................] - ETA: 5s - loss: 0.0177 - acc: 0.9988
 928/4534 [=====>........................] - ETA: 5s - loss: 0.0171 - acc: 0.9989
 992/4534 [=====>........................] - ETA: 5s - loss: 0.0324 - acc: 0.9980
1056/4534 [=====>........................] - ETA: 4s - loss: 0.0309 - acc: 0.9981
1120/4534 [======>.......................] - ETA: 4s - loss: 0.0297 - acc: 0.9982
1184/4534 [======>.......................] - ETA: 4s - loss: 0.0288 - acc: 0.9983
1248/4534 [=======>......................] - ETA: 4s - loss: 0.0278 - acc: 0.9984
1312/4534 [=======>......................] - ETA: 4s - loss: 0.0269 - acc: 0.9985
1376/4534 [========>.....................] - ETA: 4s - loss: 0.0256 - acc: 0.9985
1440/4534 [========>.....................] - ETA: 4s - loss: 0.0247 - acc: 0.9986
1504/4534 [========>.....................] - ETA: 4s - loss: 0.0236 - acc: 0.9987
1568/4534 [=========>....................] - ETA: 4s - loss: 0.0228 - acc: 0.9987
1632/4534 [=========>....................] - ETA: 4s - loss: 0.0219 - acc: 0.9988
1696/4534 [==========>...................] - ETA: 4s - loss: 0.0211 - acc: 0.9988
1760/4534 [==========>...................] - ETA: 3s - loss: 0.0205 - acc: 0.9989
1824/4534 [===========>..................] - ETA: 3s - loss: 0.0199 - acc: 0.9989
1888/4534 [===========>..................] - ETA: 3s - loss: 0.0193 - acc: 0.9989
1952/4534 [===========>..................] - ETA: 3s - loss: 0.0186 - acc: 0.9990
2016/4534 [============>.................] - ETA: 3s - loss: 0.0181 - acc: 0.9990
2080/4534 [============>.................] - ETA: 3s - loss: 0.0175 - acc: 0.9990
2144/4534 [=============>................] - ETA: 3s - loss: 0.0170 - acc: 0.9991
2208/4534 [=============>................] - ETA: 3s - loss: 0.0166 - acc: 0.9991
2272/4534 [==============>...............] - ETA: 3s - loss: 0.0161 - acc: 0.9991
2336/4534 [==============>...............] - ETA: 3s - loss: 0.0157 - acc: 0.9991
2400/4534 [==============>...............] - ETA: 3s - loss: 0.0153 - acc: 0.9992
2464/4534 [===============>..............] - ETA: 2s - loss: 0.0149 - acc: 0.9992
2528/4534 [===============>..............] - ETA: 2s - loss: 0.0146 - acc: 0.9992
2592/4534 [================>.............] - ETA: 2s - loss: 0.0142 - acc: 0.9992
2656/4534 [================>.............] - ETA: 2s - loss: 0.0145 - acc: 0.9989
2720/4534 [================>.............] - ETA: 2s - loss: 0.0142 - acc: 0.9989
2784/4534 [=================>............] - ETA: 2s - loss: 0.0139 - acc: 0.9989
2848/4534 [=================>............] - ETA: 2s - loss: 0.0136 - acc: 0.9989
2912/4534 [==================>...........] - ETA: 2s - loss: 0.0134 - acc: 0.9990
2976/4534 [==================>...........] - ETA: 2s - loss: 0.0131 - acc: 0.9990
3040/4534 [===================>..........] - ETA: 2s - loss: 0.0129 - acc: 0.9990
3104/4534 [===================>..........] - ETA: 2s - loss: 0.0126 - acc: 0.9990
3168/4534 [===================>..........] - ETA: 1s - loss: 0.0124 - acc: 0.9991
3232/4534 [====================>.........] - ETA: 1s - loss: 0.0121 - acc: 0.9991
3296/4534 [====================>.........] - ETA: 1s - loss: 0.0119 - acc: 0.9991
3360/4534 [=====================>........] - ETA: 1s - loss: 0.0117 - acc: 0.9991
3424/4534 [=====================>........] - ETA: 1s - loss: 0.0115 - acc: 0.9991
3488/4534 [======================>.......] - ETA: 1s - loss: 0.0113 - acc: 0.9991
3552/4534 [======================>.......] - ETA: 1s - loss: 0.0112 - acc: 0.9992
3616/4534 [======================>.......] - ETA: 1s - loss: 0.0110 - acc: 0.9992
3680/4534 [=======================>......] - ETA: 1s - loss: 0.0108 - acc: 0.9992
3744/4534 [=======================>......] - ETA: 1s - loss: 0.0108 - acc: 0.9992
3808/4534 [========================>.....] - ETA: 1s - loss: 0.0107 - acc: 0.9992
3872/4534 [========================>.....] - ETA: 0s - loss: 0.0105 - acc: 0.9992
3936/4534 [=========================>....] - ETA: 0s - loss: 0.0104 - acc: 0.9992
4000/4534 [=========================>....] - ETA: 0s - loss: 0.0102 - acc: 0.9992
4064/4534 [=========================>....] - ETA: 0s - loss: 0.0101 - acc: 0.9993
4128/4534 [==========================>...] - ETA: 0s - loss: 0.0099 - acc: 0.9993
4192/4534 [==========================>...] - ETA: 0s - loss: 0.0098 - acc: 0.9993
4256/4534 [===========================>..] - ETA: 0s - loss: 0.0096 - acc: 0.9993
4320/4534 [===========================>..] - ETA: 0s - loss: 0.0095 - acc: 0.9993
4384/4534 [============================>.] - ETA: 0s - loss: 0.0095 - acc: 0.9993
4448/4534 [============================>.] - ETA: 0s - loss: 0.0094 - acc: 0.9993
4512/4534 [============================>.] - ETA: 0s - loss: 0.0092 - acc: 0.9993
4534/4534 [==============================] - 8s 2ms/step - loss: 0.0092 - acc: 0.9993 - val_loss: 3.6273 - val_acc: 0.7725
Epoch 10/1000

  32/4534 [..............................] - ETA: 6s - loss: 5.2869e-04 - acc: 1.0000
  96/4534 [..............................] - ETA: 6s - loss: 2.8064e-04 - acc: 1.0000
 160/4534 [>.............................] - ETA: 6s - loss: 2.4632e-04 - acc: 1.0000
 224/4534 [>.............................] - ETA: 6s - loss: 2.1699e-04 - acc: 1.0000
 288/4534 [>.............................] - ETA: 6s - loss: 1.9803e-04 - acc: 1.0000
 352/4534 [=>............................] - ETA: 5s - loss: 1.9649e-04 - acc: 1.0000
 416/4534 [=>............................] - ETA: 5s - loss: 1.7539e-04 - acc: 1.0000
 480/4534 [==>...........................] - ETA: 5s - loss: 5.5661e-04 - acc: 1.0000
 544/4534 [==>...........................] - ETA: 5s - loss: 0.0301 - acc: 0.9982    
 608/4534 [===>..........................] - ETA: 5s - loss: 0.0270 - acc: 0.9984
 672/4534 [===>..........................] - ETA: 5s - loss: 0.0244 - acc: 0.9985
 736/4534 [===>..........................] - ETA: 5s - loss: 0.0223 - acc: 0.9986
 800/4534 [====>.........................] - ETA: 5s - loss: 0.0223 - acc: 0.9975
 864/4534 [====>.........................] - ETA: 5s - loss: 0.0207 - acc: 0.9977
 928/4534 [=====>........................] - ETA: 5s - loss: 0.0192 - acc: 0.9978
 992/4534 [=====>........................] - ETA: 5s - loss: 0.0180 - acc: 0.9980
1056/4534 [=====>........................] - ETA: 4s - loss: 0.0170 - acc: 0.9981
1120/4534 [======>.......................] - ETA: 4s - loss: 0.0160 - acc: 0.9982
1184/4534 [======>.......................] - ETA: 4s - loss: 0.0159 - acc: 0.9983
1248/4534 [=======>......................] - ETA: 4s - loss: 0.0151 - acc: 0.9984
1312/4534 [=======>......................] - ETA: 4s - loss: 0.0144 - acc: 0.9985
1376/4534 [========>.....................] - ETA: 4s - loss: 0.0137 - acc: 0.9985
1440/4534 [========>.....................] - ETA: 4s - loss: 0.0132 - acc: 0.9986
1504/4534 [========>.....................] - ETA: 4s - loss: 0.0127 - acc: 0.9987
1568/4534 [=========>....................] - ETA: 4s - loss: 0.0122 - acc: 0.9987
1632/4534 [=========>....................] - ETA: 4s - loss: 0.0117 - acc: 0.9988
1696/4534 [==========>...................] - ETA: 4s - loss: 0.0113 - acc: 0.9988
1760/4534 [==========>...................] - ETA: 3s - loss: 0.0109 - acc: 0.9989
1824/4534 [===========>..................] - ETA: 3s - loss: 0.0105 - acc: 0.9989
1888/4534 [===========>..................] - ETA: 3s - loss: 0.0102 - acc: 0.9989
1952/4534 [===========>..................] - ETA: 3s - loss: 0.0103 - acc: 0.9985
2016/4534 [============>.................] - ETA: 3s - loss: 0.0099 - acc: 0.9985
2080/4534 [============>.................] - ETA: 3s - loss: 0.0097 - acc: 0.9986
2144/4534 [=============>................] - ETA: 3s - loss: 0.0094 - acc: 0.9986
2208/4534 [=============>................] - ETA: 3s - loss: 0.0092 - acc: 0.9986
2272/4534 [==============>...............] - ETA: 3s - loss: 0.0089 - acc: 0.9987
2336/4534 [==============>...............] - ETA: 3s - loss: 0.0087 - acc: 0.9987
2400/4534 [==============>...............] - ETA: 3s - loss: 0.0084 - acc: 0.9988
2464/4534 [===============>..............] - ETA: 2s - loss: 0.0082 - acc: 0.9988
2528/4534 [===============>..............] - ETA: 2s - loss: 0.0080 - acc: 0.9988
2592/4534 [================>.............] - ETA: 2s - loss: 0.0078 - acc: 0.9988
2656/4534 [================>.............] - ETA: 2s - loss: 0.0077 - acc: 0.9989
2720/4534 [================>.............] - ETA: 2s - loss: 0.0075 - acc: 0.9989
2784/4534 [=================>............] - ETA: 2s - loss: 0.0073 - acc: 0.9989
2848/4534 [=================>............] - ETA: 2s - loss: 0.0072 - acc: 0.9989
2912/4534 [==================>...........] - ETA: 2s - loss: 0.0070 - acc: 0.9990
2976/4534 [==================>...........] - ETA: 2s - loss: 0.0069 - acc: 0.9990
3040/4534 [===================>..........] - ETA: 2s - loss: 0.0068 - acc: 0.9990
3104/4534 [===================>..........] - ETA: 2s - loss: 0.0066 - acc: 0.9990
3168/4534 [===================>..........] - ETA: 1s - loss: 0.0065 - acc: 0.9991
3232/4534 [====================>.........] - ETA: 1s - loss: 0.0064 - acc: 0.9991
3296/4534 [====================>.........] - ETA: 1s - loss: 0.0063 - acc: 0.9991
3360/4534 [=====================>........] - ETA: 1s - loss: 0.0062 - acc: 0.9991
3424/4534 [=====================>........] - ETA: 1s - loss: 0.0061 - acc: 0.9991
3488/4534 [======================>.......] - ETA: 1s - loss: 0.0059 - acc: 0.9991
3552/4534 [======================>.......] - ETA: 1s - loss: 0.0059 - acc: 0.9992
3616/4534 [======================>.......] - ETA: 1s - loss: 0.0058 - acc: 0.9992
3680/4534 [=======================>......] - ETA: 1s - loss: 0.0057 - acc: 0.9992
3744/4534 [=======================>......] - ETA: 1s - loss: 0.0056 - acc: 0.9992
3808/4534 [========================>.....] - ETA: 1s - loss: 0.0055 - acc: 0.9992
3872/4534 [========================>.....] - ETA: 0s - loss: 0.0054 - acc: 0.9992
3936/4534 [=========================>....] - ETA: 0s - loss: 0.0055 - acc: 0.9990
4000/4534 [=========================>....] - ETA: 0s - loss: 0.0054 - acc: 0.9990
4064/4534 [=========================>....] - ETA: 0s - loss: 0.0054 - acc: 0.9990
4128/4534 [==========================>...] - ETA: 0s - loss: 0.0053 - acc: 0.9990
4192/4534 [==========================>...] - ETA: 0s - loss: 0.0052 - acc: 0.9990
4256/4534 [===========================>..] - ETA: 0s - loss: 0.0051 - acc: 0.9991
4320/4534 [===========================>..] - ETA: 0s - loss: 0.0050 - acc: 0.9991
4384/4534 [============================>.] - ETA: 0s - loss: 0.0050 - acc: 0.9991
4448/4534 [============================>.] - ETA: 0s - loss: 0.0049 - acc: 0.9991
4512/4534 [============================>.] - ETA: 0s - loss: 0.0048 - acc: 0.9991
4534/4534 [==============================] - 8s 2ms/step - loss: 0.0048 - acc: 0.9991 - val_loss: 1.7844 - val_acc: 0.8642
Epoch 11/1000

  32/4534 [..............................] - ETA: 6s - loss: 8.0705e-04 - acc: 1.0000
  96/4534 [..............................] - ETA: 6s - loss: 5.1793e-04 - acc: 1.0000
 160/4534 [>.............................] - ETA: 6s - loss: 4.1916e-04 - acc: 1.0000
 224/4534 [>.............................] - ETA: 6s - loss: 3.0597e-04 - acc: 1.0000
 288/4534 [>.............................] - ETA: 6s - loss: 2.5361e-04 - acc: 1.0000
 352/4534 [=>............................] - ETA: 5s - loss: 2.1489e-04 - acc: 1.0000
 416/4534 [=>............................] - ETA: 5s - loss: 7.8620e-04 - acc: 1.0000
 480/4534 [==>...........................] - ETA: 5s - loss: 6.9089e-04 - acc: 1.0000
 544/4534 [==>...........................] - ETA: 5s - loss: 7.2265e-04 - acc: 1.0000
 608/4534 [===>..........................] - ETA: 5s - loss: 7.3406e-04 - acc: 1.0000
 672/4534 [===>..........................] - ETA: 5s - loss: 6.7720e-04 - acc: 1.0000
 736/4534 [===>..........................] - ETA: 5s - loss: 0.0225 - acc: 0.9986    
 800/4534 [====>.........................] - ETA: 5s - loss: 0.0207 - acc: 0.9988
 864/4534 [====>.........................] - ETA: 5s - loss: 0.0192 - acc: 0.9988
 928/4534 [=====>........................] - ETA: 5s - loss: 0.0179 - acc: 0.9989
 992/4534 [=====>........................] - ETA: 5s - loss: 0.0168 - acc: 0.9990
1056/4534 [=====>........................] - ETA: 4s - loss: 0.0158 - acc: 0.9991
1120/4534 [======>.......................] - ETA: 4s - loss: 0.0149 - acc: 0.9991
1184/4534 [======>.......................] - ETA: 4s - loss: 0.0142 - acc: 0.9992
1248/4534 [=======>......................] - ETA: 4s - loss: 0.0134 - acc: 0.9992
1312/4534 [=======>......................] - ETA: 4s - loss: 0.0128 - acc: 0.9992
1376/4534 [========>.....................] - ETA: 4s - loss: 0.0122 - acc: 0.9993
1440/4534 [========>.....................] - ETA: 4s - loss: 0.0117 - acc: 0.9993
1504/4534 [========>.....................] - ETA: 4s - loss: 0.0113 - acc: 0.9993
1568/4534 [=========>....................] - ETA: 4s - loss: 0.0109 - acc: 0.9994
1632/4534 [=========>....................] - ETA: 4s - loss: 0.0105 - acc: 0.9994
1696/4534 [==========>...................] - ETA: 4s - loss: 0.0101 - acc: 0.9994
1760/4534 [==========>...................] - ETA: 3s - loss: 0.0097 - acc: 0.9994
1824/4534 [===========>..................] - ETA: 3s - loss: 0.0094 - acc: 0.9995
1888/4534 [===========>..................] - ETA: 3s - loss: 0.0091 - acc: 0.9995
1952/4534 [===========>..................] - ETA: 3s - loss: 0.0088 - acc: 0.9995
2016/4534 [============>.................] - ETA: 3s - loss: 0.0086 - acc: 0.9995
2080/4534 [============>.................] - ETA: 3s - loss: 0.0083 - acc: 0.9995
2144/4534 [=============>................] - ETA: 3s - loss: 0.0081 - acc: 0.9995
2208/4534 [=============>................] - ETA: 3s - loss: 0.0079 - acc: 0.9995
2272/4534 [==============>...............] - ETA: 3s - loss: 0.0076 - acc: 0.9996
2336/4534 [==============>...............] - ETA: 3s - loss: 0.0075 - acc: 0.9996
2400/4534 [==============>...............] - ETA: 3s - loss: 0.0073 - acc: 0.9996
2464/4534 [===============>..............] - ETA: 2s - loss: 0.0071 - acc: 0.9996
2528/4534 [===============>..............] - ETA: 2s - loss: 0.0069 - acc: 0.9996
2592/4534 [================>.............] - ETA: 2s - loss: 0.0067 - acc: 0.9996
2656/4534 [================>.............] - ETA: 2s - loss: 0.0066 - acc: 0.9996
2720/4534 [================>.............] - ETA: 2s - loss: 0.0064 - acc: 0.9996
2784/4534 [=================>............] - ETA: 2s - loss: 0.0063 - acc: 0.9996
2848/4534 [=================>............] - ETA: 2s - loss: 0.0061 - acc: 0.9996
2912/4534 [==================>...........] - ETA: 2s - loss: 0.0060 - acc: 0.9997
2976/4534 [==================>...........] - ETA: 2s - loss: 0.0060 - acc: 0.9997
3040/4534 [===================>..........] - ETA: 2s - loss: 0.0059 - acc: 0.9997
3104/4534 [===================>..........] - ETA: 2s - loss: 0.0058 - acc: 0.9997
3168/4534 [===================>..........] - ETA: 1s - loss: 0.0056 - acc: 0.9997
3232/4534 [====================>.........] - ETA: 1s - loss: 0.0056 - acc: 0.9997
3296/4534 [====================>.........] - ETA: 1s - loss: 0.0054 - acc: 0.9997
3360/4534 [=====================>........] - ETA: 1s - loss: 0.0053 - acc: 0.9997
3424/4534 [=====================>........] - ETA: 1s - loss: 0.0052 - acc: 0.9997
3488/4534 [======================>.......] - ETA: 1s - loss: 0.0051 - acc: 0.9997
3552/4534 [======================>.......] - ETA: 1s - loss: 0.0051 - acc: 0.9997
3616/4534 [======================>.......] - ETA: 1s - loss: 0.0050 - acc: 0.9997
3680/4534 [=======================>......] - ETA: 1s - loss: 0.0049 - acc: 0.9997
3744/4534 [=======================>......] - ETA: 1s - loss: 0.0048 - acc: 0.9997
3808/4534 [========================>.....] - ETA: 1s - loss: 0.0047 - acc: 0.9997
3872/4534 [========================>.....] - ETA: 0s - loss: 0.0046 - acc: 0.9997
3936/4534 [=========================>....] - ETA: 0s - loss: 0.0046 - acc: 0.9997
4000/4534 [=========================>....] - ETA: 0s - loss: 0.0045 - acc: 0.9998
4064/4534 [=========================>....] - ETA: 0s - loss: 0.0044 - acc: 0.9998
4128/4534 [==========================>...] - ETA: 0s - loss: 0.0044 - acc: 0.9998
4192/4534 [==========================>...] - ETA: 0s - loss: 0.0043 - acc: 0.9998
4256/4534 [===========================>..] - ETA: 0s - loss: 0.0042 - acc: 0.9998
4320/4534 [===========================>..] - ETA: 0s - loss: 0.0042 - acc: 0.9998
4384/4534 [============================>.] - ETA: 0s - loss: 0.0041 - acc: 0.9998
4448/4534 [============================>.] - ETA: 0s - loss: 0.0041 - acc: 0.9998
4512/4534 [============================>.] - ETA: 0s - loss: 0.0040 - acc: 0.9998
4534/4534 [==============================] - 8s 2ms/step - loss: 0.0040 - acc: 0.9998 - val_loss: 4.2740 - val_acc: 0.7319
Epoch 12/1000

  32/4534 [..............................] - ETA: 6s - loss: 9.5612e-07 - acc: 1.0000
  96/4534 [..............................] - ETA: 6s - loss: 8.5969e-05 - acc: 1.0000
 160/4534 [>.............................] - ETA: 6s - loss: 1.3716e-04 - acc: 1.0000
 224/4534 [>.............................] - ETA: 6s - loss: 1.3506e-04 - acc: 1.0000
 288/4534 [>.............................] - ETA: 6s - loss: 1.7078e-04 - acc: 1.0000
 352/4534 [=>............................] - ETA: 5s - loss: 5.7623e-04 - acc: 1.0000
 416/4534 [=>............................] - ETA: 5s - loss: 4.9157e-04 - acc: 1.0000
 480/4534 [==>...........................] - ETA: 5s - loss: 4.3318e-04 - acc: 1.0000
 544/4534 [==>...........................] - ETA: 5s - loss: 3.8545e-04 - acc: 1.0000
 608/4534 [===>..........................] - ETA: 5s - loss: 3.6248e-04 - acc: 1.0000
 672/4534 [===>..........................] - ETA: 5s - loss: 3.3124e-04 - acc: 1.0000
 736/4534 [===>..........................] - ETA: 5s - loss: 3.1981e-04 - acc: 1.0000
 800/4534 [====>.........................] - ETA: 5s - loss: 2.9463e-04 - acc: 1.0000
 864/4534 [====>.........................] - ETA: 5s - loss: 2.8148e-04 - acc: 1.0000
 928/4534 [=====>........................] - ETA: 5s - loss: 2.7080e-04 - acc: 1.0000
 992/4534 [=====>........................] - ETA: 5s - loss: 2.5425e-04 - acc: 1.0000
1056/4534 [=====>........................] - ETA: 4s - loss: 2.6199e-04 - acc: 1.0000
1120/4534 [======>.......................] - ETA: 4s - loss: 2.5327e-04 - acc: 1.0000
1184/4534 [======>.......................] - ETA: 4s - loss: 2.4082e-04 - acc: 1.0000
1248/4534 [=======>......................] - ETA: 4s - loss: 2.3603e-04 - acc: 1.0000
1312/4534 [=======>......................] - ETA: 4s - loss: 2.2509e-04 - acc: 1.0000
1376/4534 [========>.....................] - ETA: 4s - loss: 2.1480e-04 - acc: 1.0000
1440/4534 [========>.....................] - ETA: 4s - loss: 2.0547e-04 - acc: 1.0000
1504/4534 [========>.....................] - ETA: 4s - loss: 0.0109 - acc: 0.9993    
1568/4534 [=========>....................] - ETA: 4s - loss: 0.0105 - acc: 0.9994
1632/4534 [=========>....................] - ETA: 4s - loss: 0.0101 - acc: 0.9994
1696/4534 [==========>...................] - ETA: 4s - loss: 0.0097 - acc: 0.9994
1760/4534 [==========>...................] - ETA: 3s - loss: 0.0093 - acc: 0.9994
1824/4534 [===========>..................] - ETA: 3s - loss: 0.0090 - acc: 0.9995
1888/4534 [===========>..................] - ETA: 3s - loss: 0.0087 - acc: 0.9995
1952/4534 [===========>..................] - ETA: 3s - loss: 0.0084 - acc: 0.9995
2016/4534 [============>.................] - ETA: 3s - loss: 0.0082 - acc: 0.9995
2080/4534 [============>.................] - ETA: 3s - loss: 0.0079 - acc: 0.9995
2144/4534 [=============>................] - ETA: 3s - loss: 0.0077 - acc: 0.9995
2208/4534 [=============>................] - ETA: 3s - loss: 0.0075 - acc: 0.9995
2272/4534 [==============>...............] - ETA: 3s - loss: 0.0073 - acc: 0.9996
2336/4534 [==============>...............] - ETA: 3s - loss: 0.0071 - acc: 0.9996
2400/4534 [==============>...............] - ETA: 3s - loss: 0.0069 - acc: 0.9996
2464/4534 [===============>..............] - ETA: 2s - loss: 0.0067 - acc: 0.9996
2528/4534 [===============>..............] - ETA: 2s - loss: 0.0065 - acc: 0.9996
2592/4534 [================>.............] - ETA: 2s - loss: 0.0064 - acc: 0.9996
2656/4534 [================>.............] - ETA: 2s - loss: 0.0062 - acc: 0.9996
2720/4534 [================>.............] - ETA: 2s - loss: 0.0061 - acc: 0.9996
2784/4534 [=================>............] - ETA: 2s - loss: 0.0060 - acc: 0.9996
2848/4534 [=================>............] - ETA: 2s - loss: 0.0058 - acc: 0.9996
2912/4534 [==================>...........] - ETA: 2s - loss: 0.0057 - acc: 0.9997
2976/4534 [==================>...........] - ETA: 2s - loss: 0.0056 - acc: 0.9997
3040/4534 [===================>..........] - ETA: 2s - loss: 0.0055 - acc: 0.9997
3104/4534 [===================>..........] - ETA: 2s - loss: 0.0053 - acc: 0.9997
3168/4534 [===================>..........] - ETA: 1s - loss: 0.0052 - acc: 0.9997
3232/4534 [====================>.........] - ETA: 1s - loss: 0.0051 - acc: 0.9997
3296/4534 [====================>.........] - ETA: 1s - loss: 0.0050 - acc: 0.9997
3360/4534 [=====================>........] - ETA: 1s - loss: 0.0049 - acc: 0.9997
3424/4534 [=====================>........] - ETA: 1s - loss: 0.0049 - acc: 0.9997
3488/4534 [======================>.......] - ETA: 1s - loss: 0.0048 - acc: 0.9997
3552/4534 [======================>.......] - ETA: 1s - loss: 0.0047 - acc: 0.9997
3616/4534 [======================>.......] - ETA: 1s - loss: 0.0046 - acc: 0.9997
3680/4534 [=======================>......] - ETA: 1s - loss: 0.0045 - acc: 0.9997
3744/4534 [=======================>......] - ETA: 1s - loss: 0.0044 - acc: 0.9997
3808/4534 [========================>.....] - ETA: 1s - loss: 0.0044 - acc: 0.9997
3872/4534 [========================>.....] - ETA: 0s - loss: 0.0043 - acc: 0.9997
3936/4534 [=========================>....] - ETA: 0s - loss: 0.0042 - acc: 0.9997
4000/4534 [=========================>....] - ETA: 0s - loss: 0.0042 - acc: 0.9998
4064/4534 [=========================>....] - ETA: 0s - loss: 0.0041 - acc: 0.9998
4128/4534 [==========================>...] - ETA: 0s - loss: 0.0040 - acc: 0.9998
4192/4534 [==========================>...] - ETA: 0s - loss: 0.0040 - acc: 0.9998
4256/4534 [===========================>..] - ETA: 0s - loss: 0.0039 - acc: 0.9998
4320/4534 [===========================>..] - ETA: 0s - loss: 0.0039 - acc: 0.9998
4384/4534 [============================>.] - ETA: 0s - loss: 0.0038 - acc: 0.9998
4448/4534 [============================>.] - ETA: 0s - loss: 0.0037 - acc: 0.9998
4512/4534 [============================>.] - ETA: 0s - loss: 0.0037 - acc: 0.9998
4534/4534 [==============================] - 8s 2ms/step - loss: 0.0037 - acc: 0.9998 - val_loss: 4.6576 - val_acc: 0.7081
Epoch 13/1000

  32/4534 [..............................] - ETA: 6s - loss: 1.9115e-06 - acc: 1.0000
  96/4534 [..............................] - ETA: 6s - loss: 1.4661e-05 - acc: 1.0000
 160/4534 [>.............................] - ETA: 6s - loss: 1.5763e-05 - acc: 1.0000
 224/4534 [>.............................] - ETA: 6s - loss: 1.2526e-05 - acc: 1.0000
 288/4534 [>.............................] - ETA: 6s - loss: 1.4234e-05 - acc: 1.0000
 352/4534 [=>............................] - ETA: 5s - loss: 6.5605e-05 - acc: 1.0000
 416/4534 [=>............................] - ETA: 5s - loss: 5.5986e-05 - acc: 1.0000
 480/4534 [==>...........................] - ETA: 5s - loss: 4.8821e-05 - acc: 1.0000
 544/4534 [==>...........................] - ETA: 5s - loss: 4.8427e-05 - acc: 1.0000
 608/4534 [===>..........................] - ETA: 5s - loss: 4.3572e-05 - acc: 1.0000
 672/4534 [===>..........................] - ETA: 5s - loss: 7.1424e-05 - acc: 1.0000
 736/4534 [===>..........................] - ETA: 5s - loss: 8.3162e-05 - acc: 1.0000
 800/4534 [====>.........................] - ETA: 5s - loss: 9.4655e-05 - acc: 1.0000
 864/4534 [====>.........................] - ETA: 5s - loss: 9.1992e-05 - acc: 1.0000
 928/4534 [=====>........................] - ETA: 5s - loss: 9.7484e-05 - acc: 1.0000
 992/4534 [=====>........................] - ETA: 5s - loss: 9.1436e-05 - acc: 1.0000
1056/4534 [=====>........................] - ETA: 4s - loss: 8.6153e-05 - acc: 1.0000
1120/4534 [======>.......................] - ETA: 4s - loss: 8.2486e-05 - acc: 1.0000
1184/4534 [======>.......................] - ETA: 4s - loss: 7.8559e-05 - acc: 1.0000
1248/4534 [=======>......................] - ETA: 4s - loss: 7.4932e-05 - acc: 1.0000
1312/4534 [=======>......................] - ETA: 4s - loss: 7.1330e-05 - acc: 1.0000
1376/4534 [========>.....................] - ETA: 4s - loss: 6.8224e-05 - acc: 1.0000
1440/4534 [========>.....................] - ETA: 4s - loss: 6.5295e-05 - acc: 1.0000
1504/4534 [========>.....................] - ETA: 4s - loss: 6.3148e-05 - acc: 1.0000
1568/4534 [=========>....................] - ETA: 4s - loss: 9.7886e-05 - acc: 1.0000
1632/4534 [=========>....................] - ETA: 4s - loss: 9.9151e-05 - acc: 1.0000
1696/4534 [==========>...................] - ETA: 4s - loss: 9.9749e-05 - acc: 1.0000
1760/4534 [==========>...................] - ETA: 3s - loss: 9.7840e-05 - acc: 1.0000
1824/4534 [===========>..................] - ETA: 3s - loss: 9.4568e-05 - acc: 1.0000
1888/4534 [===========>..................] - ETA: 3s - loss: 9.1727e-05 - acc: 1.0000
1952/4534 [===========>..................] - ETA: 3s - loss: 8.9549e-05 - acc: 1.0000
2016/4534 [============>.................] - ETA: 3s - loss: 8.9703e-05 - acc: 1.0000
2080/4534 [============>.................] - ETA: 3s - loss: 9.1159e-05 - acc: 1.0000
2144/4534 [=============>................] - ETA: 3s - loss: 8.8692e-05 - acc: 1.0000
2208/4534 [=============>................] - ETA: 3s - loss: 8.6598e-05 - acc: 1.0000
2272/4534 [==============>...............] - ETA: 3s - loss: 8.4264e-05 - acc: 1.0000
2336/4534 [==============>...............] - ETA: 3s - loss: 8.2229e-05 - acc: 1.0000
2400/4534 [==============>...............] - ETA: 3s - loss: 8.0524e-05 - acc: 1.0000
2464/4534 [===============>..............] - ETA: 2s - loss: 8.2137e-05 - acc: 1.0000
2528/4534 [===============>..............] - ETA: 2s - loss: 8.0142e-05 - acc: 1.0000
2592/4534 [================>.............] - ETA: 2s - loss: 7.8495e-05 - acc: 1.0000
2656/4534 [================>.............] - ETA: 2s - loss: 7.7142e-05 - acc: 1.0000
2720/4534 [================>.............] - ETA: 2s - loss: 0.0059 - acc: 0.9996    
2784/4534 [=================>............] - ETA: 2s - loss: 0.0058 - acc: 0.9996
2848/4534 [=================>............] - ETA: 2s - loss: 0.0057 - acc: 0.9996
2912/4534 [==================>...........] - ETA: 2s - loss: 0.0055 - acc: 0.9997
2976/4534 [==================>...........] - ETA: 2s - loss: 0.0054 - acc: 0.9997
3040/4534 [===================>..........] - ETA: 2s - loss: 0.0053 - acc: 0.9997
3104/4534 [===================>..........] - ETA: 2s - loss: 0.0052 - acc: 0.9997
3168/4534 [===================>..........] - ETA: 1s - loss: 0.0051 - acc: 0.9997
3232/4534 [====================>.........] - ETA: 1s - loss: 0.0050 - acc: 0.9997
3296/4534 [====================>.........] - ETA: 1s - loss: 0.0049 - acc: 0.9997
3360/4534 [=====================>........] - ETA: 1s - loss: 0.0048 - acc: 0.9997
3424/4534 [=====================>........] - ETA: 1s - loss: 0.0047 - acc: 0.9997
3488/4534 [======================>.......] - ETA: 1s - loss: 0.0046 - acc: 0.9997
3552/4534 [======================>.......] - ETA: 1s - loss: 0.0046 - acc: 0.9997
3616/4534 [======================>.......] - ETA: 1s - loss: 0.0045 - acc: 0.9997
3680/4534 [=======================>......] - ETA: 1s - loss: 0.0044 - acc: 0.9997
3744/4534 [=======================>......] - ETA: 1s - loss: 0.0043 - acc: 0.9997
3808/4534 [========================>.....] - ETA: 1s - loss: 0.0043 - acc: 0.9997
3872/4534 [========================>.....] - ETA: 0s - loss: 0.0042 - acc: 0.9997
3936/4534 [=========================>....] - ETA: 0s - loss: 0.0041 - acc: 0.9997
4000/4534 [=========================>....] - ETA: 0s - loss: 0.0041 - acc: 0.9998
4064/4534 [=========================>....] - ETA: 0s - loss: 0.0040 - acc: 0.9998
4128/4534 [==========================>...] - ETA: 0s - loss: 0.0039 - acc: 0.9998
4192/4534 [==========================>...] - ETA: 0s - loss: 0.0039 - acc: 0.9998
4256/4534 [===========================>..] - ETA: 0s - loss: 0.0038 - acc: 0.9998
4320/4534 [===========================>..] - ETA: 0s - loss: 0.0038 - acc: 0.9998
4384/4534 [============================>.] - ETA: 0s - loss: 0.0074 - acc: 0.9995
4448/4534 [============================>.] - ETA: 0s - loss: 0.0073 - acc: 0.9996
4512/4534 [============================>.] - ETA: 0s - loss: 0.0072 - acc: 0.9996
4534/4534 [==============================] - 8s 2ms/step - loss: 0.0071 - acc: 0.9996 - val_loss: 4.7377 - val_acc: 0.7028

  32/1418 [..............................] - ETA: 1s
  96/1418 [=>............................] - ETA: 1s
 160/1418 [==>...........................] - ETA: 1s
 224/1418 [===>..........................] - ETA: 1s
 288/1418 [=====>........................] - ETA: 1s
 352/1418 [======>.......................] - ETA: 1s
 416/1418 [=======>......................] - ETA: 0s
 480/1418 [=========>....................] - ETA: 0s
 544/1418 [==========>...................] - ETA: 0s
 608/1418 [===========>..................] - ETA: 0s
 672/1418 [=============>................] - ETA: 0s
 736/1418 [==============>...............] - ETA: 0s
 800/1418 [===============>..............] - ETA: 0s
 864/1418 [=================>............] - ETA: 0s
 928/1418 [==================>...........] - ETA: 0s
 992/1418 [===================>..........] - ETA: 0s
1056/1418 [=====================>........] - ETA: 0s
1120/1418 [======================>.......] - ETA: 0s
1184/1418 [========================>.....] - ETA: 0s
1248/1418 [=========================>....] - ETA: 0s
1312/1418 [==========================>...] - ETA: 0s
1376/1418 [============================>.] - ETA: 0s
1418/1418 [==============================] - 1s 977us/step
Test acc: 0.9739069111424542
Test auc: 0.9876747840534886
Execute epoch: 13
Execute time: 104.2309627532959
