_________________________________________________________________
Layer (type)                 Output Shape              Param #   
=================================================================
embedding_1 (Embedding)      (None, None, 128)         297984    
_________________________________________________________________
lstm_1 (LSTM)                (None, None, 64)          49408     
_________________________________________________________________
lstm_2 (LSTM)                (None, None, 64)          33024     
_________________________________________________________________
lstm_3 (LSTM)                (None, 64)                33024     
_________________________________________________________________
dense_1 (Dense)              (None, 16)                1040      
_________________________________________________________________
dense_2 (Dense)              (None, 1)                 17        
=================================================================
Total params: 414,497
Trainable params: 414,497
Non-trainable params: 0
_________________________________________________________________
Train on 4534 samples, validate on 1134 samples
Epoch 1/1000

  32/4534 [..............................] - ETA: 7:56 - loss: 0.6932 - acc: 0.4062
 128/4534 [..............................] - ETA: 1:58 - loss: 0.6929 - acc: 0.5469
 224/4534 [>.............................] - ETA: 1:07 - loss: 0.6926 - acc: 0.5714
 320/4534 [=>............................] - ETA: 46s - loss: 0.6922 - acc: 0.5781 
 416/4534 [=>............................] - ETA: 35s - loss: 0.6918 - acc: 0.5841
 512/4534 [==>...........................] - ETA: 28s - loss: 0.6915 - acc: 0.5820
 608/4534 [===>..........................] - ETA: 24s - loss: 0.6915 - acc: 0.5757
 704/4534 [===>..........................] - ETA: 20s - loss: 0.6918 - acc: 0.5653
 800/4534 [====>.........................] - ETA: 18s - loss: 0.6917 - acc: 0.5613
 896/4534 [====>.........................] - ETA: 15s - loss: 0.6916 - acc: 0.5580
 992/4534 [=====>........................] - ETA: 14s - loss: 0.6912 - acc: 0.5605
1088/4534 [======>.......................] - ETA: 12s - loss: 0.6906 - acc: 0.5625
1184/4534 [======>.......................] - ETA: 11s - loss: 0.6905 - acc: 0.5600
1280/4534 [=======>......................] - ETA: 10s - loss: 0.6904 - acc: 0.5563
1376/4534 [========>.....................] - ETA: 9s - loss: 0.6899 - acc: 0.5552 
1472/4534 [========>.....................] - ETA: 8s - loss: 0.6890 - acc: 0.5543
1568/4534 [=========>....................] - ETA: 8s - loss: 0.6864 - acc: 0.5568
1664/4534 [==========>...................] - ETA: 7s - loss: 0.6827 - acc: 0.5571
1760/4534 [==========>...................] - ETA: 7s - loss: 0.6731 - acc: 0.5625
1856/4534 [===========>..................] - ETA: 6s - loss: 0.6699 - acc: 0.5603
1952/4534 [===========>..................] - ETA: 6s - loss: 0.6672 - acc: 0.5620
2048/4534 [============>.................] - ETA: 5s - loss: 0.6605 - acc: 0.5630
2144/4534 [=============>................] - ETA: 5s - loss: 0.6524 - acc: 0.5625
2240/4534 [=============>................] - ETA: 4s - loss: 0.6465 - acc: 0.5616
2336/4534 [==============>...............] - ETA: 4s - loss: 0.6394 - acc: 0.5625
2432/4534 [===============>..............] - ETA: 4s - loss: 0.6316 - acc: 0.5707
2528/4534 [===============>..............] - ETA: 3s - loss: 0.6262 - acc: 0.5775
2624/4534 [================>.............] - ETA: 3s - loss: 0.6200 - acc: 0.5877
2720/4534 [================>.............] - ETA: 3s - loss: 0.6133 - acc: 0.5996
2816/4534 [=================>............] - ETA: 3s - loss: 0.6090 - acc: 0.6104
2912/4534 [==================>...........] - ETA: 2s - loss: 0.6015 - acc: 0.6209
3008/4534 [==================>...........] - ETA: 2s - loss: 0.5945 - acc: 0.6283
3104/4534 [===================>..........] - ETA: 2s - loss: 0.5876 - acc: 0.6356
3200/4534 [====================>.........] - ETA: 2s - loss: 0.5785 - acc: 0.6447
3296/4534 [====================>.........] - ETA: 2s - loss: 0.5700 - acc: 0.6520
3392/4534 [=====================>........] - ETA: 1s - loss: 0.5586 - acc: 0.6604
3488/4534 [======================>.......] - ETA: 1s - loss: 0.5526 - acc: 0.6660
3584/4534 [======================>.......] - ETA: 1s - loss: 0.5484 - acc: 0.6719
3680/4534 [=======================>......] - ETA: 1s - loss: 0.5389 - acc: 0.6785
3776/4534 [=======================>......] - ETA: 1s - loss: 0.5291 - acc: 0.6854
3872/4534 [========================>.....] - ETA: 0s - loss: 0.5240 - acc: 0.6911
3968/4534 [=========================>....] - ETA: 0s - loss: 0.5170 - acc: 0.6961
4064/4534 [=========================>....] - ETA: 0s - loss: 0.5117 - acc: 0.7008
4160/4534 [==========================>...] - ETA: 0s - loss: 0.5046 - acc: 0.7053
4256/4534 [===========================>..] - ETA: 0s - loss: 0.4969 - acc: 0.7103
4352/4534 [===========================>..] - ETA: 0s - loss: 0.4920 - acc: 0.7144
4448/4534 [============================>.] - ETA: 0s - loss: 0.4910 - acc: 0.7176
4534/4534 [==============================] - 8s 2ms/step - loss: 0.4847 - acc: 0.7217 - val_loss: 9.0256 - val_acc: 0.4400
Epoch 2/1000

  32/4534 [..............................] - ETA: 2s - loss: 0.1767 - acc: 0.9062
 128/4534 [..............................] - ETA: 2s - loss: 0.1773 - acc: 0.9141
 224/4534 [>.............................] - ETA: 2s - loss: 0.2034 - acc: 0.9196
 320/4534 [=>............................] - ETA: 2s - loss: 0.1861 - acc: 0.9250
 416/4534 [=>............................] - ETA: 2s - loss: 0.1643 - acc: 0.9327
 512/4534 [==>...........................] - ETA: 2s - loss: 0.1646 - acc: 0.9316
 608/4534 [===>..........................] - ETA: 2s - loss: 0.1600 - acc: 0.9309
 704/4534 [===>..........................] - ETA: 2s - loss: 0.1795 - acc: 0.9332
 800/4534 [====>.........................] - ETA: 2s - loss: 0.1665 - acc: 0.9387
 896/4534 [====>.........................] - ETA: 2s - loss: 0.1776 - acc: 0.9408
 992/4534 [=====>........................] - ETA: 2s - loss: 0.1740 - acc: 0.9425
1088/4534 [======>.......................] - ETA: 2s - loss: 0.1761 - acc: 0.9412
1184/4534 [======>.......................] - ETA: 2s - loss: 0.1721 - acc: 0.9426
1280/4534 [=======>......................] - ETA: 2s - loss: 0.1680 - acc: 0.9445
1376/4534 [========>.....................] - ETA: 1s - loss: 0.1640 - acc: 0.9455
1472/4534 [========>.....................] - ETA: 1s - loss: 0.1604 - acc: 0.9450
1568/4534 [=========>....................] - ETA: 1s - loss: 0.1650 - acc: 0.9420
1664/4534 [==========>...................] - ETA: 1s - loss: 0.1611 - acc: 0.9435
1760/4534 [==========>...................] - ETA: 1s - loss: 0.1616 - acc: 0.9409
1856/4534 [===========>..................] - ETA: 1s - loss: 0.1573 - acc: 0.9429
1952/4534 [===========>..................] - ETA: 1s - loss: 0.1613 - acc: 0.9426
2048/4534 [============>.................] - ETA: 1s - loss: 0.1603 - acc: 0.9419
2144/4534 [=============>................] - ETA: 1s - loss: 0.1620 - acc: 0.9417
2240/4534 [=============>................] - ETA: 1s - loss: 0.1587 - acc: 0.9433
2336/4534 [==============>...............] - ETA: 1s - loss: 0.1560 - acc: 0.9443
2432/4534 [===============>..............] - ETA: 1s - loss: 0.1566 - acc: 0.9441
2528/4534 [===============>..............] - ETA: 1s - loss: 0.1548 - acc: 0.9442
2624/4534 [================>.............] - ETA: 1s - loss: 0.1529 - acc: 0.9447
2720/4534 [================>.............] - ETA: 1s - loss: 0.1510 - acc: 0.9456
2816/4534 [=================>............] - ETA: 1s - loss: 0.1499 - acc: 0.9453
2912/4534 [==================>...........] - ETA: 1s - loss: 0.1491 - acc: 0.9457
3008/4534 [==================>...........] - ETA: 0s - loss: 0.1501 - acc: 0.9458
3104/4534 [===================>..........] - ETA: 0s - loss: 0.1484 - acc: 0.9465
3200/4534 [====================>.........] - ETA: 0s - loss: 0.1498 - acc: 0.9453
3296/4534 [====================>.........] - ETA: 0s - loss: 0.1482 - acc: 0.9457
3392/4534 [=====================>........] - ETA: 0s - loss: 0.1468 - acc: 0.9460
3488/4534 [======================>.......] - ETA: 0s - loss: 0.1451 - acc: 0.9467
3584/4534 [======================>.......] - ETA: 0s - loss: 0.1438 - acc: 0.9467
3680/4534 [=======================>......] - ETA: 0s - loss: 0.1456 - acc: 0.9459
3776/4534 [=======================>......] - ETA: 0s - loss: 0.1457 - acc: 0.9468
3872/4534 [========================>.....] - ETA: 0s - loss: 0.1443 - acc: 0.9473
3968/4534 [=========================>....] - ETA: 0s - loss: 0.1421 - acc: 0.9481
4064/4534 [=========================>....] - ETA: 0s - loss: 0.1437 - acc: 0.9476
4160/4534 [==========================>...] - ETA: 0s - loss: 0.1432 - acc: 0.9474
4256/4534 [===========================>..] - ETA: 0s - loss: 0.1423 - acc: 0.9476
4352/4534 [===========================>..] - ETA: 0s - loss: 0.1410 - acc: 0.9478
4448/4534 [============================>.] - ETA: 0s - loss: 0.1402 - acc: 0.9478
4534/4534 [==============================] - 4s 870us/step - loss: 0.1390 - acc: 0.9484 - val_loss: 9.0256 - val_acc: 0.4400
Epoch 3/1000

  32/4534 [..............................] - ETA: 2s - loss: 0.1009 - acc: 0.9375
 128/4534 [..............................] - ETA: 2s - loss: 0.0843 - acc: 0.9531
 224/4534 [>.............................] - ETA: 2s - loss: 0.0908 - acc: 0.9598
 320/4534 [=>............................] - ETA: 2s - loss: 0.0962 - acc: 0.9594
 416/4534 [=>............................] - ETA: 2s - loss: 0.0913 - acc: 0.9591
 512/4534 [==>...........................] - ETA: 2s - loss: 0.0892 - acc: 0.9609
 608/4534 [===>..........................] - ETA: 2s - loss: 0.0820 - acc: 0.9638
 704/4534 [===>..........................] - ETA: 2s - loss: 0.0778 - acc: 0.9673
 800/4534 [====>.........................] - ETA: 2s - loss: 0.0755 - acc: 0.9700
 896/4534 [====>.........................] - ETA: 2s - loss: 0.0775 - acc: 0.9699
 992/4534 [=====>........................] - ETA: 2s - loss: 0.0752 - acc: 0.9718
1088/4534 [======>.......................] - ETA: 2s - loss: 0.0814 - acc: 0.9715
1184/4534 [======>.......................] - ETA: 2s - loss: 0.0781 - acc: 0.9730
1280/4534 [=======>......................] - ETA: 2s - loss: 0.0754 - acc: 0.9734
1376/4534 [========>.....................] - ETA: 1s - loss: 0.0754 - acc: 0.9731
1472/4534 [========>.....................] - ETA: 1s - loss: 0.0793 - acc: 0.9694
1568/4534 [=========>....................] - ETA: 1s - loss: 0.0767 - acc: 0.9707
1664/4534 [==========>...................] - ETA: 1s - loss: 0.0760 - acc: 0.9706
1760/4534 [==========>...................] - ETA: 1s - loss: 0.0749 - acc: 0.9716
1856/4534 [===========>..................] - ETA: 1s - loss: 0.0767 - acc: 0.9704
1952/4534 [===========>..................] - ETA: 1s - loss: 0.0766 - acc: 0.9693
2048/4534 [============>.................] - ETA: 1s - loss: 0.0796 - acc: 0.9688
2144/4534 [=============>................] - ETA: 1s - loss: 0.0786 - acc: 0.9692
2240/4534 [=============>................] - ETA: 1s - loss: 0.0790 - acc: 0.9688
2336/4534 [==============>...............] - ETA: 1s - loss: 0.0863 - acc: 0.9666
2432/4534 [===============>..............] - ETA: 1s - loss: 0.0862 - acc: 0.9667
2528/4534 [===============>..............] - ETA: 1s - loss: 0.0932 - acc: 0.9648
2624/4534 [================>.............] - ETA: 1s - loss: 0.0914 - acc: 0.9657
2720/4534 [================>.............] - ETA: 1s - loss: 0.0910 - acc: 0.9662
2816/4534 [=================>............] - ETA: 1s - loss: 0.0918 - acc: 0.9656
2912/4534 [==================>...........] - ETA: 1s - loss: 0.0915 - acc: 0.9667
3008/4534 [==================>...........] - ETA: 0s - loss: 0.0904 - acc: 0.9671
3104/4534 [===================>..........] - ETA: 0s - loss: 0.0938 - acc: 0.9659
3200/4534 [====================>.........] - ETA: 0s - loss: 0.0951 - acc: 0.9653
3296/4534 [====================>.........] - ETA: 0s - loss: 0.0953 - acc: 0.9648
3392/4534 [=====================>........] - ETA: 0s - loss: 0.0950 - acc: 0.9646
3488/4534 [======================>.......] - ETA: 0s - loss: 0.0945 - acc: 0.9647
3584/4534 [======================>.......] - ETA: 0s - loss: 0.0942 - acc: 0.9651
3680/4534 [=======================>......] - ETA: 0s - loss: 0.0936 - acc: 0.9658
3776/4534 [=======================>......] - ETA: 0s - loss: 0.0939 - acc: 0.9656
3872/4534 [========================>.....] - ETA: 0s - loss: 0.0956 - acc: 0.9646
3968/4534 [=========================>....] - ETA: 0s - loss: 0.0977 - acc: 0.9647
4064/4534 [=========================>....] - ETA: 0s - loss: 0.0977 - acc: 0.9648
4160/4534 [==========================>...] - ETA: 0s - loss: 0.0982 - acc: 0.9647
4256/4534 [===========================>..] - ETA: 0s - loss: 0.0987 - acc: 0.9645
4352/4534 [===========================>..] - ETA: 0s - loss: 0.0980 - acc: 0.9648
4448/4534 [============================>.] - ETA: 0s - loss: 0.0983 - acc: 0.9645
4534/4534 [==============================] - 4s 873us/step - loss: 0.0985 - acc: 0.9638 - val_loss: 7.0152 - val_acc: 0.5600
Epoch 4/1000

  32/4534 [..............................] - ETA: 2s - loss: 0.1040 - acc: 0.9688
 128/4534 [..............................] - ETA: 2s - loss: 0.0933 - acc: 0.9688
 224/4534 [>.............................] - ETA: 2s - loss: 0.0662 - acc: 0.9821
 320/4534 [=>............................] - ETA: 2s - loss: 0.0838 - acc: 0.9719
 416/4534 [=>............................] - ETA: 2s - loss: 0.0830 - acc: 0.9712
 512/4534 [==>...........................] - ETA: 2s - loss: 0.0799 - acc: 0.9727
 608/4534 [===>..........................] - ETA: 2s - loss: 0.0755 - acc: 0.9753
 704/4534 [===>..........................] - ETA: 2s - loss: 0.0780 - acc: 0.9759
 800/4534 [====>.........................] - ETA: 2s - loss: 0.0748 - acc: 0.9750
 896/4534 [====>.........................] - ETA: 2s - loss: 0.0692 - acc: 0.9766
 992/4534 [=====>........................] - ETA: 2s - loss: 0.0662 - acc: 0.9778
1088/4534 [======>.......................] - ETA: 2s - loss: 0.0661 - acc: 0.9770
1184/4534 [======>.......................] - ETA: 2s - loss: 0.0748 - acc: 0.9730
1280/4534 [=======>......................] - ETA: 2s - loss: 0.0737 - acc: 0.9734
1376/4534 [========>.....................] - ETA: 1s - loss: 0.0757 - acc: 0.9724
1472/4534 [========>.....................] - ETA: 1s - loss: 0.0731 - acc: 0.9735
1568/4534 [=========>....................] - ETA: 1s - loss: 0.0727 - acc: 0.9732
1664/4534 [==========>...................] - ETA: 1s - loss: 0.0714 - acc: 0.9736
1760/4534 [==========>...................] - ETA: 1s - loss: 0.0746 - acc: 0.9716
1856/4534 [===========>..................] - ETA: 1s - loss: 0.0741 - acc: 0.9714
1952/4534 [===========>..................] - ETA: 1s - loss: 0.0719 - acc: 0.9728
2048/4534 [============>.................] - ETA: 1s - loss: 0.0715 - acc: 0.9731
2144/4534 [=============>................] - ETA: 1s - loss: 0.0707 - acc: 0.9729
2240/4534 [=============>................] - ETA: 1s - loss: 0.0692 - acc: 0.9737
2336/4534 [==============>...............] - ETA: 1s - loss: 0.0676 - acc: 0.9747
2432/4534 [===============>..............] - ETA: 1s - loss: 0.0662 - acc: 0.9757
2528/4534 [===============>..............] - ETA: 1s - loss: 0.0659 - acc: 0.9759
2624/4534 [================>.............] - ETA: 1s - loss: 0.0711 - acc: 0.9741
2720/4534 [================>.............] - ETA: 1s - loss: 0.0704 - acc: 0.9743
2816/4534 [=================>............] - ETA: 1s - loss: 0.0706 - acc: 0.9741
2912/4534 [==================>...........] - ETA: 1s - loss: 0.0707 - acc: 0.9742
3008/4534 [==================>...........] - ETA: 0s - loss: 0.0697 - acc: 0.9744
3104/4534 [===================>..........] - ETA: 0s - loss: 0.0699 - acc: 0.9745
3200/4534 [====================>.........] - ETA: 0s - loss: 0.0709 - acc: 0.9744
3296/4534 [====================>.........] - ETA: 0s - loss: 0.0707 - acc: 0.9736
3392/4534 [=====================>........] - ETA: 0s - loss: 0.0696 - acc: 0.9738
3488/4534 [======================>.......] - ETA: 0s - loss: 0.0701 - acc: 0.9739
3584/4534 [======================>.......] - ETA: 0s - loss: 0.0693 - acc: 0.9741
3680/4534 [=======================>......] - ETA: 0s - loss: 0.0686 - acc: 0.9745
3776/4534 [=======================>......] - ETA: 0s - loss: 0.0697 - acc: 0.9735
3872/4534 [========================>.....] - ETA: 0s - loss: 0.0693 - acc: 0.9734
3968/4534 [=========================>....] - ETA: 0s - loss: 0.0699 - acc: 0.9728
4064/4534 [=========================>....] - ETA: 0s - loss: 0.0697 - acc: 0.9727
4160/4534 [==========================>...] - ETA: 0s - loss: 0.0690 - acc: 0.9731
4256/4534 [===========================>..] - ETA: 0s - loss: 0.0690 - acc: 0.9730
4352/4534 [===========================>..] - ETA: 0s - loss: 0.0714 - acc: 0.9717
4448/4534 [============================>.] - ETA: 0s - loss: 0.0719 - acc: 0.9717
4534/4534 [==============================] - 4s 873us/step - loss: 0.0715 - acc: 0.9718 - val_loss: 9.0114 - val_acc: 0.4409
Epoch 5/1000

  32/4534 [..............................] - ETA: 2s - loss: 0.0137 - acc: 1.0000
 128/4534 [..............................] - ETA: 2s - loss: 0.0149 - acc: 1.0000
 224/4534 [>.............................] - ETA: 2s - loss: 0.0314 - acc: 0.9866
 320/4534 [=>............................] - ETA: 2s - loss: 0.0505 - acc: 0.9781
 416/4534 [=>............................] - ETA: 2s - loss: 0.0539 - acc: 0.9784
 512/4534 [==>...........................] - ETA: 2s - loss: 0.0514 - acc: 0.9785
 608/4534 [===>..........................] - ETA: 2s - loss: 0.0544 - acc: 0.9753
 704/4534 [===>..........................] - ETA: 2s - loss: 0.0541 - acc: 0.9759
 800/4534 [====>.........................] - ETA: 2s - loss: 0.0575 - acc: 0.9750
 896/4534 [====>.........................] - ETA: 2s - loss: 0.0590 - acc: 0.9732
 992/4534 [=====>........................] - ETA: 2s - loss: 0.0618 - acc: 0.9728
1088/4534 [======>.......................] - ETA: 2s - loss: 0.0614 - acc: 0.9733
1184/4534 [======>.......................] - ETA: 2s - loss: 0.0644 - acc: 0.9721
1280/4534 [=======>......................] - ETA: 2s - loss: 0.0616 - acc: 0.9734
1376/4534 [========>.....................] - ETA: 1s - loss: 0.0584 - acc: 0.9753
1472/4534 [========>.....................] - ETA: 1s - loss: 0.0563 - acc: 0.9755
1568/4534 [=========>....................] - ETA: 1s - loss: 0.0563 - acc: 0.9758
1664/4534 [==========>...................] - ETA: 1s - loss: 0.0615 - acc: 0.9736
1760/4534 [==========>...................] - ETA: 1s - loss: 0.0592 - acc: 0.9750
1856/4534 [===========>..................] - ETA: 1s - loss: 0.0601 - acc: 0.9747
1952/4534 [===========>..................] - ETA: 1s - loss: 0.0578 - acc: 0.9759
2048/4534 [============>.................] - ETA: 1s - loss: 0.0573 - acc: 0.9761
2144/4534 [=============>................] - ETA: 1s - loss: 0.0590 - acc: 0.9757
2240/4534 [=============>................] - ETA: 1s - loss: 0.0593 - acc: 0.9754
2336/4534 [==============>...............] - ETA: 1s - loss: 0.0582 - acc: 0.9760
2432/4534 [===============>..............] - ETA: 1s - loss: 0.0571 - acc: 0.9766
2528/4534 [===============>..............] - ETA: 1s - loss: 0.0576 - acc: 0.9767
2624/4534 [================>.............] - ETA: 1s - loss: 0.0581 - acc: 0.9760
2720/4534 [================>.............] - ETA: 1s - loss: 0.0585 - acc: 0.9757
2816/4534 [=================>............] - ETA: 1s - loss: 0.0595 - acc: 0.9755
2912/4534 [==================>...........] - ETA: 1s - loss: 0.0614 - acc: 0.9756
3008/4534 [==================>...........] - ETA: 0s - loss: 0.0604 - acc: 0.9764
3104/4534 [===================>..........] - ETA: 0s - loss: 0.0596 - acc: 0.9768
3200/4534 [====================>.........] - ETA: 0s - loss: 0.0593 - acc: 0.9762
3296/4534 [====================>.........] - ETA: 0s - loss: 0.0589 - acc: 0.9766
3392/4534 [=====================>........] - ETA: 0s - loss: 0.0594 - acc: 0.9764
3488/4534 [======================>.......] - ETA: 0s - loss: 0.0595 - acc: 0.9765
3584/4534 [======================>.......] - ETA: 0s - loss: 0.0588 - acc: 0.9771
3680/4534 [=======================>......] - ETA: 0s - loss: 0.0580 - acc: 0.9774
3776/4534 [=======================>......] - ETA: 0s - loss: 0.0593 - acc: 0.9764
3872/4534 [========================>.....] - ETA: 0s - loss: 0.0586 - acc: 0.9768
3968/4534 [=========================>....] - ETA: 0s - loss: 0.0578 - acc: 0.9773
4064/4534 [=========================>....] - ETA: 0s - loss: 0.0579 - acc: 0.9776
4160/4534 [==========================>...] - ETA: 0s - loss: 0.0578 - acc: 0.9779
4256/4534 [===========================>..] - ETA: 0s - loss: 0.0570 - acc: 0.9784
4352/4534 [===========================>..] - ETA: 0s - loss: 0.0561 - acc: 0.9789
4448/4534 [============================>.] - ETA: 0s - loss: 0.0555 - acc: 0.9791
4534/4534 [==============================] - 4s 872us/step - loss: 0.0557 - acc: 0.9790 - val_loss: 9.0114 - val_acc: 0.4409
Epoch 6/1000

  32/4534 [..............................] - ETA: 2s - loss: 0.0368 - acc: 0.9688
 128/4534 [..............................] - ETA: 2s - loss: 0.0249 - acc: 0.9922
 224/4534 [>.............................] - ETA: 2s - loss: 0.0405 - acc: 0.9821
 320/4534 [=>............................] - ETA: 2s - loss: 0.0396 - acc: 0.9844
 416/4534 [=>............................] - ETA: 2s - loss: 0.0363 - acc: 0.9856
 512/4534 [==>...........................] - ETA: 2s - loss: 0.0444 - acc: 0.9824
 608/4534 [===>..........................] - ETA: 2s - loss: 0.0424 - acc: 0.9836
 704/4534 [===>..........................] - ETA: 2s - loss: 0.0429 - acc: 0.9844
 800/4534 [====>.........................] - ETA: 2s - loss: 0.0450 - acc: 0.9825
 896/4534 [====>.........................] - ETA: 2s - loss: 0.0475 - acc: 0.9799
 992/4534 [=====>........................] - ETA: 2s - loss: 0.0445 - acc: 0.9819
1088/4534 [======>.......................] - ETA: 2s - loss: 0.0448 - acc: 0.9825
1184/4534 [======>.......................] - ETA: 2s - loss: 0.0442 - acc: 0.9831
1280/4534 [=======>......................] - ETA: 2s - loss: 0.0438 - acc: 0.9828
1376/4534 [========>.....................] - ETA: 1s - loss: 0.0417 - acc: 0.9840
1472/4534 [========>.....................] - ETA: 1s - loss: 0.0459 - acc: 0.9823
1568/4534 [=========>....................] - ETA: 1s - loss: 0.0445 - acc: 0.9828
1664/4534 [==========>...................] - ETA: 1s - loss: 0.0436 - acc: 0.9832
1760/4534 [==========>...................] - ETA: 1s - loss: 0.0421 - acc: 0.9841
1856/4534 [===========>..................] - ETA: 1s - loss: 0.0470 - acc: 0.9822
1952/4534 [===========>..................] - ETA: 1s - loss: 0.0471 - acc: 0.9816
2048/4534 [============>.................] - ETA: 1s - loss: 0.0479 - acc: 0.9814
2144/4534 [=============>................] - ETA: 1s - loss: 0.0519 - acc: 0.9804
2240/4534 [=============>................] - ETA: 1s - loss: 0.0504 - acc: 0.9812
2336/4534 [==============>...............] - ETA: 1s - loss: 0.0495 - acc: 0.9816
2432/4534 [===============>..............] - ETA: 1s - loss: 0.0501 - acc: 0.9807
2528/4534 [===============>..............] - ETA: 1s - loss: 0.0499 - acc: 0.9802
2624/4534 [================>.............] - ETA: 1s - loss: 0.0491 - acc: 0.9806
2720/4534 [================>.............] - ETA: 1s - loss: 0.0478 - acc: 0.9812
2816/4534 [=================>............] - ETA: 1s - loss: 0.0493 - acc: 0.9808
2912/4534 [==================>...........] - ETA: 1s - loss: 0.0482 - acc: 0.9815
3008/4534 [==================>...........] - ETA: 0s - loss: 0.0496 - acc: 0.9804
3104/4534 [===================>..........] - ETA: 0s - loss: 0.0500 - acc: 0.9800
3200/4534 [====================>.........] - ETA: 0s - loss: 0.0503 - acc: 0.9800
3296/4534 [====================>.........] - ETA: 0s - loss: 0.0506 - acc: 0.9797
3392/4534 [=====================>........] - ETA: 0s - loss: 0.0506 - acc: 0.9797
3488/4534 [======================>.......] - ETA: 0s - loss: 0.0506 - acc: 0.9799
3584/4534 [======================>.......] - ETA: 0s - loss: 0.0498 - acc: 0.9805
3680/4534 [=======================>......] - ETA: 0s - loss: 0.0493 - acc: 0.9807
3776/4534 [=======================>......] - ETA: 0s - loss: 0.0492 - acc: 0.9807
3872/4534 [========================>.....] - ETA: 0s - loss: 0.0487 - acc: 0.9806
3968/4534 [=========================>....] - ETA: 0s - loss: 0.0479 - acc: 0.9811
4064/4534 [=========================>....] - ETA: 0s - loss: 0.0487 - acc: 0.9808
4160/4534 [==========================>...] - ETA: 0s - loss: 0.0485 - acc: 0.9810
4256/4534 [===========================>..] - ETA: 0s - loss: 0.0499 - acc: 0.9810
4352/4534 [===========================>..] - ETA: 0s - loss: 0.0498 - acc: 0.9809
4448/4534 [============================>.] - ETA: 0s - loss: 0.0496 - acc: 0.9813
4534/4534 [==============================] - 4s 871us/step - loss: 0.0498 - acc: 0.9815 - val_loss: 9.0114 - val_acc: 0.4409
Epoch 7/1000

  32/4534 [..............................] - ETA: 2s - loss: 0.0868 - acc: 0.9375
 128/4534 [..............................] - ETA: 2s - loss: 0.0521 - acc: 0.9688
 224/4534 [>.............................] - ETA: 2s - loss: 0.0414 - acc: 0.9777
 320/4534 [=>............................] - ETA: 2s - loss: 0.0458 - acc: 0.9750
 416/4534 [=>............................] - ETA: 2s - loss: 0.0462 - acc: 0.9784
 512/4534 [==>...........................] - ETA: 2s - loss: 0.0503 - acc: 0.9785
 608/4534 [===>..........................] - ETA: 2s - loss: 0.0571 - acc: 0.9770
 704/4534 [===>..........................] - ETA: 2s - loss: 0.0514 - acc: 0.9801
 800/4534 [====>.........................] - ETA: 2s - loss: 0.0485 - acc: 0.9812
 896/4534 [====>.........................] - ETA: 2s - loss: 0.0543 - acc: 0.9777
 992/4534 [=====>........................] - ETA: 2s - loss: 0.0509 - acc: 0.9798
1088/4534 [======>.......................] - ETA: 2s - loss: 0.0503 - acc: 0.9789
1184/4534 [======>.......................] - ETA: 2s - loss: 0.0493 - acc: 0.9789
1280/4534 [=======>......................] - ETA: 2s - loss: 0.0478 - acc: 0.9789
1376/4534 [========>.....................] - ETA: 1s - loss: 0.0469 - acc: 0.9797
1472/4534 [========>.....................] - ETA: 1s - loss: 0.0474 - acc: 0.9796
1568/4534 [=========>....................] - ETA: 1s - loss: 0.0458 - acc: 0.9802
1664/4534 [==========>...................] - ETA: 1s - loss: 0.0441 - acc: 0.9808
1760/4534 [==========>...................] - ETA: 1s - loss: 0.0438 - acc: 0.9812
1856/4534 [===========>..................] - ETA: 1s - loss: 0.0420 - acc: 0.9822
1952/4534 [===========>..................] - ETA: 1s - loss: 0.0408 - acc: 0.9831
2048/4534 [============>.................] - ETA: 1s - loss: 0.0398 - acc: 0.9839
2144/4534 [=============>................] - ETA: 1s - loss: 0.0393 - acc: 0.9832
2240/4534 [=============>................] - ETA: 1s - loss: 0.0380 - acc: 0.9839
2336/4534 [==============>...............] - ETA: 1s - loss: 0.0384 - acc: 0.9837
2432/4534 [===============>..............] - ETA: 1s - loss: 0.0419 - acc: 0.9831
2528/4534 [===============>..............] - ETA: 1s - loss: 0.0405 - acc: 0.9838
2624/4534 [================>.............] - ETA: 1s - loss: 0.0425 - acc: 0.9829
2720/4534 [================>.............] - ETA: 1s - loss: 0.0443 - acc: 0.9824
2816/4534 [=================>............] - ETA: 1s - loss: 0.0464 - acc: 0.9819
2912/4534 [==================>...........] - ETA: 1s - loss: 0.0455 - acc: 0.9821
3008/4534 [==================>...........] - ETA: 0s - loss: 0.0455 - acc: 0.9824
3104/4534 [===================>..........] - ETA: 0s - loss: 0.0464 - acc: 0.9826
3200/4534 [====================>.........] - ETA: 0s - loss: 0.0493 - acc: 0.9822
3296/4534 [====================>.........] - ETA: 0s - loss: 0.0505 - acc: 0.9821
3392/4534 [=====================>........] - ETA: 0s - loss: 0.0498 - acc: 0.9826
3488/4534 [======================>.......] - ETA: 0s - loss: 0.0492 - acc: 0.9831
3584/4534 [======================>.......] - ETA: 0s - loss: 0.0487 - acc: 0.9835
3680/4534 [=======================>......] - ETA: 0s - loss: 0.0486 - acc: 0.9837
3776/4534 [=======================>......] - ETA: 0s - loss: 0.0486 - acc: 0.9838
3872/4534 [========================>.....] - ETA: 0s - loss: 0.0492 - acc: 0.9832
3968/4534 [=========================>....] - ETA: 0s - loss: 0.0489 - acc: 0.9834
4064/4534 [=========================>....] - ETA: 0s - loss: 0.0482 - acc: 0.9835
4160/4534 [==========================>...] - ETA: 0s - loss: 0.0489 - acc: 0.9832
4256/4534 [===========================>..] - ETA: 0s - loss: 0.0514 - acc: 0.9824
4352/4534 [===========================>..] - ETA: 0s - loss: 0.0511 - acc: 0.9825
4448/4534 [============================>.] - ETA: 0s - loss: 0.0516 - acc: 0.9820
4534/4534 [==============================] - 4s 871us/step - loss: 0.0511 - acc: 0.9821 - val_loss: 9.0114 - val_acc: 0.4409
Epoch 8/1000

  32/4534 [..............................] - ETA: 2s - loss: 0.0492 - acc: 0.9688
 128/4534 [..............................] - ETA: 2s - loss: 0.0514 - acc: 0.9844
 224/4534 [>.............................] - ETA: 2s - loss: 0.0357 - acc: 0.9911
 320/4534 [=>............................] - ETA: 2s - loss: 0.0394 - acc: 0.9906
 416/4534 [=>............................] - ETA: 2s - loss: 0.0341 - acc: 0.9928
 512/4534 [==>...........................] - ETA: 2s - loss: 0.0365 - acc: 0.9902
 608/4534 [===>..........................] - ETA: 2s - loss: 0.0347 - acc: 0.9901
 704/4534 [===>..........................] - ETA: 2s - loss: 0.0364 - acc: 0.9858
 800/4534 [====>.........................] - ETA: 2s - loss: 0.0347 - acc: 0.9850
 896/4534 [====>.........................] - ETA: 2s - loss: 0.0335 - acc: 0.9855
 992/4534 [=====>........................] - ETA: 2s - loss: 0.0332 - acc: 0.9859
1088/4534 [======>.......................] - ETA: 2s - loss: 0.0346 - acc: 0.9844
1184/4534 [======>.......................] - ETA: 2s - loss: 0.0341 - acc: 0.9848
1280/4534 [=======>......................] - ETA: 2s - loss: 0.0370 - acc: 0.9836
1376/4534 [========>.....................] - ETA: 1s - loss: 0.0355 - acc: 0.9840
1472/4534 [========>.....................] - ETA: 1s - loss: 0.0341 - acc: 0.9851
1568/4534 [=========>....................] - ETA: 1s - loss: 0.0377 - acc: 0.9841
1664/4534 [==========>...................] - ETA: 1s - loss: 0.0374 - acc: 0.9844
1760/4534 [==========>...................] - ETA: 1s - loss: 0.0376 - acc: 0.9847
1856/4534 [===========>..................] - ETA: 1s - loss: 0.0376 - acc: 0.9849
1952/4534 [===========>..................] - ETA: 1s - loss: 0.0375 - acc: 0.9851
2048/4534 [============>.................] - ETA: 1s - loss: 0.0400 - acc: 0.9844
2144/4534 [=============>................] - ETA: 1s - loss: 0.0414 - acc: 0.9841
2240/4534 [=============>................] - ETA: 1s - loss: 0.0442 - acc: 0.9830
2336/4534 [==============>...............] - ETA: 1s - loss: 0.0437 - acc: 0.9833
2432/4534 [===============>..............] - ETA: 1s - loss: 0.0443 - acc: 0.9831
2528/4534 [===============>..............] - ETA: 1s - loss: 0.0445 - acc: 0.9830
2624/4534 [================>.............] - ETA: 1s - loss: 0.0443 - acc: 0.9829
2720/4534 [================>.............] - ETA: 1s - loss: 0.0441 - acc: 0.9824
2816/4534 [=================>............] - ETA: 1s - loss: 0.0439 - acc: 0.9819
2912/4534 [==================>...........] - ETA: 1s - loss: 0.0433 - acc: 0.9821
3008/4534 [==================>...........] - ETA: 0s - loss: 0.0424 - acc: 0.9827
3104/4534 [===================>..........] - ETA: 0s - loss: 0.0413 - acc: 0.9832
3200/4534 [====================>.........] - ETA: 0s - loss: 0.0424 - acc: 0.9828
3296/4534 [====================>.........] - ETA: 0s - loss: 0.0419 - acc: 0.9827
3392/4534 [=====================>........] - ETA: 0s - loss: 0.0415 - acc: 0.9829
3488/4534 [======================>.......] - ETA: 0s - loss: 0.0417 - acc: 0.9828
3584/4534 [======================>.......] - ETA: 0s - loss: 0.0415 - acc: 0.9830
3680/4534 [=======================>......] - ETA: 0s - loss: 0.0408 - acc: 0.9832
3776/4534 [=======================>......] - ETA: 0s - loss: 0.0400 - acc: 0.9836
3872/4534 [========================>.....] - ETA: 0s - loss: 0.0394 - acc: 0.9837
3968/4534 [=========================>....] - ETA: 0s - loss: 0.0394 - acc: 0.9834
4064/4534 [=========================>....] - ETA: 0s - loss: 0.0387 - acc: 0.9838
4160/4534 [==========================>...] - ETA: 0s - loss: 0.0384 - acc: 0.9839
4256/4534 [===========================>..] - ETA: 0s - loss: 0.0384 - acc: 0.9838
4352/4534 [===========================>..] - ETA: 0s - loss: 0.0403 - acc: 0.9835
4448/4534 [============================>.] - ETA: 0s - loss: 0.0398 - acc: 0.9838
4534/4534 [==============================] - 4s 870us/step - loss: 0.0391 - acc: 0.9841 - val_loss: 9.0114 - val_acc: 0.4409
Epoch 9/1000

  32/4534 [..............................] - ETA: 2s - loss: 0.0114 - acc: 1.0000
 128/4534 [..............................] - ETA: 2s - loss: 0.0271 - acc: 0.9922
 224/4534 [>.............................] - ETA: 2s - loss: 0.0202 - acc: 0.9955
 320/4534 [=>............................] - ETA: 2s - loss: 0.0166 - acc: 0.9969
 416/4534 [=>............................] - ETA: 2s - loss: 0.0343 - acc: 0.9904
 512/4534 [==>...........................] - ETA: 2s - loss: 0.0375 - acc: 0.9863
 608/4534 [===>..........................] - ETA: 2s - loss: 0.0344 - acc: 0.9885
 704/4534 [===>..........................] - ETA: 2s - loss: 0.0358 - acc: 0.9872
 800/4534 [====>.........................] - ETA: 2s - loss: 0.0323 - acc: 0.9888
 896/4534 [====>.........................] - ETA: 2s - loss: 0.0292 - acc: 0.9900
 992/4534 [=====>........................] - ETA: 2s - loss: 0.0308 - acc: 0.9889
1088/4534 [======>.......................] - ETA: 2s - loss: 0.0343 - acc: 0.9881
1184/4534 [======>.......................] - ETA: 2s - loss: 0.0325 - acc: 0.9890
1280/4534 [=======>......................] - ETA: 2s - loss: 0.0318 - acc: 0.9891
1376/4534 [========>.....................] - ETA: 1s - loss: 0.0319 - acc: 0.9884
1472/4534 [========>.....................] - ETA: 1s - loss: 0.0318 - acc: 0.9885
1568/4534 [=========>....................] - ETA: 1s - loss: 0.0328 - acc: 0.9879
1664/4534 [==========>...................] - ETA: 1s - loss: 0.0314 - acc: 0.9886
1760/4534 [==========>...................] - ETA: 1s - loss: 0.0313 - acc: 0.9886
1856/4534 [===========>..................] - ETA: 1s - loss: 0.0316 - acc: 0.9887
1952/4534 [===========>..................] - ETA: 1s - loss: 0.0328 - acc: 0.9882
2048/4534 [============>.................] - ETA: 1s - loss: 0.0341 - acc: 0.9873
2144/4534 [=============>................] - ETA: 1s - loss: 0.0337 - acc: 0.9874
2240/4534 [=============>................] - ETA: 1s - loss: 0.0352 - acc: 0.9875
2336/4534 [==============>...............] - ETA: 1s - loss: 0.0339 - acc: 0.9880
2432/4534 [===============>..............] - ETA: 1s - loss: 0.0382 - acc: 0.9877
2528/4534 [===============>..............] - ETA: 1s - loss: 0.0382 - acc: 0.9877
2624/4534 [================>.............] - ETA: 1s - loss: 0.0370 - acc: 0.9882
2720/4534 [================>.............] - ETA: 1s - loss: 0.0369 - acc: 0.9882
2816/4534 [=================>............] - ETA: 1s - loss: 0.0366 - acc: 0.9883
2912/4534 [==================>...........] - ETA: 1s - loss: 0.0363 - acc: 0.9883
3008/4534 [==================>...........] - ETA: 0s - loss: 0.0375 - acc: 0.9877
3104/4534 [===================>..........] - ETA: 0s - loss: 0.0378 - acc: 0.9878
3200/4534 [====================>.........] - ETA: 0s - loss: 0.0390 - acc: 0.9869
3296/4534 [====================>.........] - ETA: 0s - loss: 0.0395 - acc: 0.9857
3392/4534 [=====================>........] - ETA: 0s - loss: 0.0399 - acc: 0.9856
3488/4534 [======================>.......] - ETA: 0s - loss: 0.0403 - acc: 0.9851
3584/4534 [======================>.......] - ETA: 0s - loss: 0.0398 - acc: 0.9855
3680/4534 [=======================>......] - ETA: 0s - loss: 0.0402 - acc: 0.9851
3776/4534 [=======================>......] - ETA: 0s - loss: 0.0403 - acc: 0.9852
3872/4534 [========================>.....] - ETA: 0s - loss: 0.0405 - acc: 0.9850
3968/4534 [=========================>....] - ETA: 0s - loss: 0.0396 - acc: 0.9854
4064/4534 [=========================>....] - ETA: 0s - loss: 0.0398 - acc: 0.9852
4160/4534 [==========================>...] - ETA: 0s - loss: 0.0392 - acc: 0.9856
4256/4534 [===========================>..] - ETA: 0s - loss: 0.0391 - acc: 0.9857
4352/4534 [===========================>..] - ETA: 0s - loss: 0.0390 - acc: 0.9858
4448/4534 [============================>.] - ETA: 0s - loss: 0.0387 - acc: 0.9858
4534/4534 [==============================] - 4s 873us/step - loss: 0.0382 - acc: 0.9861 - val_loss: 9.0114 - val_acc: 0.4409
Epoch 10/1000

  32/4534 [..............................] - ETA: 2s - loss: 0.0886 - acc: 0.9375
 128/4534 [..............................] - ETA: 2s - loss: 0.0402 - acc: 0.9766
 224/4534 [>.............................] - ETA: 2s - loss: 0.0367 - acc: 0.9821
 320/4534 [=>............................] - ETA: 2s - loss: 0.0442 - acc: 0.9781
 416/4534 [=>............................] - ETA: 2s - loss: 0.0408 - acc: 0.9808
 512/4534 [==>...........................] - ETA: 2s - loss: 0.0340 - acc: 0.9844
 608/4534 [===>..........................] - ETA: 2s - loss: 0.0339 - acc: 0.9836
 704/4534 [===>..........................] - ETA: 2s - loss: 0.0305 - acc: 0.9858
 800/4534 [====>.........................] - ETA: 2s - loss: 0.0280 - acc: 0.9875
 896/4534 [====>.........................] - ETA: 2s - loss: 0.0264 - acc: 0.9877
 992/4534 [=====>........................] - ETA: 2s - loss: 0.0276 - acc: 0.9879
1088/4534 [======>.......................] - ETA: 2s - loss: 0.0287 - acc: 0.9871
1184/4534 [======>.......................] - ETA: 2s - loss: 0.0326 - acc: 0.9856
1280/4534 [=======>......................] - ETA: 2s - loss: 0.0314 - acc: 0.9859
1376/4534 [========>.....................] - ETA: 1s - loss: 0.0349 - acc: 0.9840
1472/4534 [========>.....................] - ETA: 1s - loss: 0.0337 - acc: 0.9851
1568/4534 [=========>....................] - ETA: 1s - loss: 0.0343 - acc: 0.9853
1664/4534 [==========>...................] - ETA: 1s - loss: 0.0334 - acc: 0.9856
1760/4534 [==========>...................] - ETA: 1s - loss: 0.0378 - acc: 0.9841
1856/4534 [===========>..................] - ETA: 1s - loss: 0.0361 - acc: 0.9849
1952/4534 [===========>..................] - ETA: 1s - loss: 0.0367 - acc: 0.9846
2048/4534 [============>.................] - ETA: 1s - loss: 0.0385 - acc: 0.9834
2144/4534 [=============>................] - ETA: 1s - loss: 0.0379 - acc: 0.9837
2240/4534 [=============>................] - ETA: 1s - loss: 0.0372 - acc: 0.9839
2336/4534 [==============>...............] - ETA: 1s - loss: 0.0379 - acc: 0.9837
2432/4534 [===============>..............] - ETA: 1s - loss: 0.0383 - acc: 0.9836
2528/4534 [===============>..............] - ETA: 1s - loss: 0.0387 - acc: 0.9838
2624/4534 [================>.............] - ETA: 1s - loss: 0.0388 - acc: 0.9836
2720/4534 [================>.............] - ETA: 1s - loss: 0.0410 - acc: 0.9835
2816/4534 [=================>............] - ETA: 1s - loss: 0.0419 - acc: 0.9833
2912/4534 [==================>...........] - ETA: 1s - loss: 0.0413 - acc: 0.9835
3008/4534 [==================>...........] - ETA: 0s - loss: 0.0404 - acc: 0.9840
3104/4534 [===================>..........] - ETA: 0s - loss: 0.0399 - acc: 0.9845
3200/4534 [====================>.........] - ETA: 0s - loss: 0.0413 - acc: 0.9838
3296/4534 [====================>.........] - ETA: 0s - loss: 0.0417 - acc: 0.9833
3392/4534 [=====================>........] - ETA: 0s - loss: 0.0426 - acc: 0.9826
3488/4534 [======================>.......] - ETA: 0s - loss: 0.0419 - acc: 0.9831
3584/4534 [======================>.......] - ETA: 0s - loss: 0.0416 - acc: 0.9833
3680/4534 [=======================>......] - ETA: 0s - loss: 0.0408 - acc: 0.9837
3776/4534 [=======================>......] - ETA: 0s - loss: 0.0407 - acc: 0.9838
3872/4534 [========================>.....] - ETA: 0s - loss: 0.0399 - acc: 0.9842
3968/4534 [=========================>....] - ETA: 0s - loss: 0.0396 - acc: 0.9844
4064/4534 [=========================>....] - ETA: 0s - loss: 0.0392 - acc: 0.9847
4160/4534 [==========================>...] - ETA: 0s - loss: 0.0403 - acc: 0.9844
4256/4534 [===========================>..] - ETA: 0s - loss: 0.0404 - acc: 0.9840
4352/4534 [===========================>..] - ETA: 0s - loss: 0.0402 - acc: 0.9839
4448/4534 [============================>.] - ETA: 0s - loss: 0.0406 - acc: 0.9840
4534/4534 [==============================] - 4s 872us/step - loss: 0.0402 - acc: 0.9843 - val_loss: 9.0114 - val_acc: 0.4409
Epoch 11/1000

  32/4534 [..............................] - ETA: 2s - loss: 0.0269 - acc: 1.0000
 128/4534 [..............................] - ETA: 2s - loss: 0.0386 - acc: 0.9844
 224/4534 [>.............................] - ETA: 2s - loss: 0.0470 - acc: 0.9777
 320/4534 [=>............................] - ETA: 2s - loss: 0.0490 - acc: 0.9781
 416/4534 [=>............................] - ETA: 2s - loss: 0.0419 - acc: 0.9808
 512/4534 [==>...........................] - ETA: 2s - loss: 0.0357 - acc: 0.9844
 608/4534 [===>..........................] - ETA: 2s - loss: 0.0330 - acc: 0.9852
 704/4534 [===>..........................] - ETA: 2s - loss: 0.0289 - acc: 0.9872
 800/4534 [====>.........................] - ETA: 2s - loss: 0.0319 - acc: 0.9875
 896/4534 [====>.........................] - ETA: 2s - loss: 0.0291 - acc: 0.9888
 992/4534 [=====>........................] - ETA: 2s - loss: 0.0297 - acc: 0.9889
1088/4534 [======>.......................] - ETA: 2s - loss: 0.0289 - acc: 0.9890
1184/4534 [======>.......................] - ETA: 2s - loss: 0.0310 - acc: 0.9882
1280/4534 [=======>......................] - ETA: 2s - loss: 0.0297 - acc: 0.9883
1376/4534 [========>.....................] - ETA: 1s - loss: 0.0297 - acc: 0.9884
1472/4534 [========>.....................] - ETA: 1s - loss: 0.0280 - acc: 0.9891
1568/4534 [=========>....................] - ETA: 1s - loss: 0.0289 - acc: 0.9885
1664/4534 [==========>...................] - ETA: 1s - loss: 0.0276 - acc: 0.9892
1760/4534 [==========>...................] - ETA: 1s - loss: 0.0267 - acc: 0.9898
1856/4534 [===========>..................] - ETA: 1s - loss: 0.0284 - acc: 0.9887
1952/4534 [===========>..................] - ETA: 1s - loss: 0.0288 - acc: 0.9887
2048/4534 [============>.................] - ETA: 1s - loss: 0.0296 - acc: 0.9888
2144/4534 [=============>................] - ETA: 1s - loss: 0.0290 - acc: 0.9888
2240/4534 [=============>................] - ETA: 1s - loss: 0.0291 - acc: 0.9888
2336/4534 [==============>...............] - ETA: 1s - loss: 0.0295 - acc: 0.9889
2432/4534 [===============>..............] - ETA: 1s - loss: 0.0289 - acc: 0.9889
2528/4534 [===============>..............] - ETA: 1s - loss: 0.0283 - acc: 0.9893
2624/4534 [================>.............] - ETA: 1s - loss: 0.0278 - acc: 0.9893
2720/4534 [================>.............] - ETA: 1s - loss: 0.0273 - acc: 0.9897
2816/4534 [=================>............] - ETA: 1s - loss: 0.0272 - acc: 0.9897
2912/4534 [==================>...........] - ETA: 1s - loss: 0.0268 - acc: 0.9900
3008/4534 [==================>...........] - ETA: 0s - loss: 0.0269 - acc: 0.9900
3104/4534 [===================>..........] - ETA: 0s - loss: 0.0272 - acc: 0.9900
3200/4534 [====================>.........] - ETA: 0s - loss: 0.0269 - acc: 0.9900
3296/4534 [====================>.........] - ETA: 0s - loss: 0.0276 - acc: 0.9900
3392/4534 [=====================>........] - ETA: 0s - loss: 0.0289 - acc: 0.9900
3488/4534 [======================>.......] - ETA: 0s - loss: 0.0296 - acc: 0.9897
3584/4534 [======================>.......] - ETA: 0s - loss: 0.0298 - acc: 0.9897
3680/4534 [=======================>......] - ETA: 0s - loss: 0.0298 - acc: 0.9894
3776/4534 [=======================>......] - ETA: 0s - loss: 0.0306 - acc: 0.9886
3872/4534 [========================>.....] - ETA: 0s - loss: 0.0300 - acc: 0.9889
3968/4534 [=========================>....] - ETA: 0s - loss: 0.0307 - acc: 0.9889
4064/4534 [=========================>....] - ETA: 0s - loss: 0.0314 - acc: 0.9887
4160/4534 [==========================>...] - ETA: 0s - loss: 0.0325 - acc: 0.9880
4256/4534 [===========================>..] - ETA: 0s - loss: 0.0323 - acc: 0.9880
4352/4534 [===========================>..] - ETA: 0s - loss: 0.0333 - acc: 0.9878
4448/4534 [============================>.] - ETA: 0s - loss: 0.0331 - acc: 0.9881
4534/4534 [==============================] - 4s 870us/step - loss: 0.0327 - acc: 0.9883 - val_loss: 9.0114 - val_acc: 0.4409
Epoch 12/1000

  32/4534 [..............................] - ETA: 3s - loss: 0.0267 - acc: 1.0000
 128/4534 [..............................] - ETA: 2s - loss: 0.0302 - acc: 0.9922
 224/4534 [>.............................] - ETA: 2s - loss: 0.0268 - acc: 0.9911
 320/4534 [=>............................] - ETA: 2s - loss: 0.0233 - acc: 0.9938
 416/4534 [=>............................] - ETA: 2s - loss: 0.0228 - acc: 0.9904
 512/4534 [==>...........................] - ETA: 2s - loss: 0.0243 - acc: 0.9883
 608/4534 [===>..........................] - ETA: 2s - loss: 0.0255 - acc: 0.9885
 704/4534 [===>..........................] - ETA: 2s - loss: 0.0242 - acc: 0.9886
 800/4534 [====>.........................] - ETA: 2s - loss: 0.0333 - acc: 0.9888
 896/4534 [====>.........................] - ETA: 2s - loss: 0.0365 - acc: 0.9877
 992/4534 [=====>........................] - ETA: 2s - loss: 0.0347 - acc: 0.9889
1088/4534 [======>.......................] - ETA: 2s - loss: 0.0347 - acc: 0.9881
1184/4534 [======>.......................] - ETA: 2s - loss: 0.0337 - acc: 0.9890
1280/4534 [=======>......................] - ETA: 2s - loss: 0.0325 - acc: 0.9898
1376/4534 [========>.....................] - ETA: 2s - loss: 0.0319 - acc: 0.9898
1472/4534 [========>.....................] - ETA: 1s - loss: 0.0306 - acc: 0.9905
1568/4534 [=========>....................] - ETA: 1s - loss: 0.0301 - acc: 0.9904
1664/4534 [==========>...................] - ETA: 1s - loss: 0.0320 - acc: 0.9898
1760/4534 [==========>...................] - ETA: 1s - loss: 0.0310 - acc: 0.9903
1856/4534 [===========>..................] - ETA: 1s - loss: 0.0306 - acc: 0.9908
1952/4534 [===========>..................] - ETA: 1s - loss: 0.0357 - acc: 0.9903
2048/4534 [============>.................] - ETA: 1s - loss: 0.0355 - acc: 0.9902
2144/4534 [=============>................] - ETA: 1s - loss: 0.0347 - acc: 0.9902
2240/4534 [=============>................] - ETA: 1s - loss: 0.0354 - acc: 0.9897
2336/4534 [==============>...............] - ETA: 1s - loss: 0.0351 - acc: 0.9893
2432/4534 [===============>..............] - ETA: 1s - loss: 0.0367 - acc: 0.9889
2528/4534 [===============>..............] - ETA: 1s - loss: 0.0367 - acc: 0.9889
2624/4534 [================>.............] - ETA: 1s - loss: 0.0358 - acc: 0.9893
2720/4534 [================>.............] - ETA: 1s - loss: 0.0358 - acc: 0.9893
2816/4534 [=================>............] - ETA: 1s - loss: 0.0356 - acc: 0.9893
2912/4534 [==================>...........] - ETA: 1s - loss: 0.0355 - acc: 0.9894
3008/4534 [==================>...........] - ETA: 0s - loss: 0.0345 - acc: 0.9897
3104/4534 [===================>..........] - ETA: 0s - loss: 0.0350 - acc: 0.9890
3200/4534 [====================>.........] - ETA: 0s - loss: 0.0342 - acc: 0.9894
3296/4534 [====================>.........] - ETA: 0s - loss: 0.0343 - acc: 0.9894
3392/4534 [=====================>........] - ETA: 0s - loss: 0.0334 - acc: 0.9897
3488/4534 [======================>.......] - ETA: 0s - loss: 0.0339 - acc: 0.9891
3584/4534 [======================>.......] - ETA: 0s - loss: 0.0351 - acc: 0.9883
3680/4534 [=======================>......] - ETA: 0s - loss: 0.0351 - acc: 0.9883
3776/4534 [=======================>......] - ETA: 0s - loss: 0.0352 - acc: 0.9881
3872/4534 [========================>.....] - ETA: 0s - loss: 0.0350 - acc: 0.9879
3968/4534 [=========================>....] - ETA: 0s - loss: 0.0344 - acc: 0.9882
4064/4534 [=========================>....] - ETA: 0s - loss: 0.0352 - acc: 0.9879
4160/4534 [==========================>...] - ETA: 0s - loss: 0.0347 - acc: 0.9882
4256/4534 [===========================>..] - ETA: 0s - loss: 0.0345 - acc: 0.9883
4352/4534 [===========================>..] - ETA: 0s - loss: 0.0360 - acc: 0.9876
4448/4534 [============================>.] - ETA: 0s - loss: 0.0363 - acc: 0.9874
4534/4534 [==============================] - 4s 871us/step - loss: 0.0356 - acc: 0.9876 - val_loss: 9.0114 - val_acc: 0.4409
Epoch 13/1000

  32/4534 [..............................] - ETA: 3s - loss: 0.0282 - acc: 0.9688
 128/4534 [..............................] - ETA: 2s - loss: 0.0388 - acc: 0.9844
 224/4534 [>.............................] - ETA: 2s - loss: 0.0416 - acc: 0.9777
 320/4534 [=>............................] - ETA: 2s - loss: 0.0324 - acc: 0.9844
 416/4534 [=>............................] - ETA: 2s - loss: 0.0291 - acc: 0.9880
 512/4534 [==>...........................] - ETA: 2s - loss: 0.0271 - acc: 0.9883
 608/4534 [===>..........................] - ETA: 2s - loss: 0.0279 - acc: 0.9885
 704/4534 [===>..........................] - ETA: 2s - loss: 0.0251 - acc: 0.9901
 800/4534 [====>.........................] - ETA: 2s - loss: 0.0246 - acc: 0.9912
 896/4534 [====>.........................] - ETA: 2s - loss: 0.0254 - acc: 0.9911
 992/4534 [=====>........................] - ETA: 2s - loss: 0.0257 - acc: 0.9909
1088/4534 [======>.......................] - ETA: 2s - loss: 0.0261 - acc: 0.9908
1184/4534 [======>.......................] - ETA: 2s - loss: 0.0242 - acc: 0.9916
1280/4534 [=======>......................] - ETA: 2s - loss: 0.0242 - acc: 0.9914
1376/4534 [========>.....................] - ETA: 1s - loss: 0.0254 - acc: 0.9913
1472/4534 [========>.....................] - ETA: 1s - loss: 0.0239 - acc: 0.9918
1568/4534 [=========>....................] - ETA: 1s - loss: 0.0237 - acc: 0.9917
1664/4534 [==========>...................] - ETA: 1s - loss: 0.0243 - acc: 0.9916
1760/4534 [==========>...................] - ETA: 1s - loss: 0.0241 - acc: 0.9909
1856/4534 [===========>..................] - ETA: 1s - loss: 0.0249 - acc: 0.9908
1952/4534 [===========>..................] - ETA: 1s - loss: 0.0246 - acc: 0.9908
2048/4534 [============>.................] - ETA: 1s - loss: 0.0251 - acc: 0.9907
2144/4534 [=============>................] - ETA: 1s - loss: 0.0260 - acc: 0.9902
2240/4534 [=============>................] - ETA: 1s - loss: 0.0257 - acc: 0.9902
2336/4534 [==============>...............] - ETA: 1s - loss: 0.0252 - acc: 0.9906
2432/4534 [===============>..............] - ETA: 1s - loss: 0.0265 - acc: 0.9901
2528/4534 [===============>..............] - ETA: 1s - loss: 0.0266 - acc: 0.9901
2624/4534 [================>.............] - ETA: 1s - loss: 0.0265 - acc: 0.9901
2720/4534 [================>.............] - ETA: 1s - loss: 0.0267 - acc: 0.9901
2816/4534 [=================>............] - ETA: 1s - loss: 0.0268 - acc: 0.9897
2912/4534 [==================>...........] - ETA: 1s - loss: 0.0307 - acc: 0.9883
3008/4534 [==================>...........] - ETA: 0s - loss: 0.0300 - acc: 0.9887
3104/4534 [===================>..........] - ETA: 0s - loss: 0.0300 - acc: 0.9887
3200/4534 [====================>.........] - ETA: 0s - loss: 0.0318 - acc: 0.9878
3296/4534 [====================>.........] - ETA: 0s - loss: 0.0323 - acc: 0.9879
3392/4534 [=====================>........] - ETA: 0s - loss: 0.0327 - acc: 0.9879
3488/4534 [======================>.......] - ETA: 0s - loss: 0.0323 - acc: 0.9882
3584/4534 [======================>.......] - ETA: 0s - loss: 0.0316 - acc: 0.9886
3680/4534 [=======================>......] - ETA: 0s - loss: 0.0323 - acc: 0.9878
3776/4534 [=======================>......] - ETA: 0s - loss: 0.0325 - acc: 0.9878
3872/4534 [========================>.....] - ETA: 0s - loss: 0.0331 - acc: 0.9873
3968/4534 [=========================>....] - ETA: 0s - loss: 0.0327 - acc: 0.9877
4064/4534 [=========================>....] - ETA: 0s - loss: 0.0323 - acc: 0.9879
4160/4534 [==========================>...] - ETA: 0s - loss: 0.0326 - acc: 0.9877
4256/4534 [===========================>..] - ETA: 0s - loss: 0.0321 - acc: 0.9880
4352/4534 [===========================>..] - ETA: 0s - loss: 0.0318 - acc: 0.9883
4448/4534 [============================>.] - ETA: 0s - loss: 0.0322 - acc: 0.9881
4534/4534 [==============================] - 4s 871us/step - loss: 0.0318 - acc: 0.9883 - val_loss: 9.0114 - val_acc: 0.4409

  32/1418 [..............................] - ETA: 1s
  96/1418 [=>............................] - ETA: 1s
 160/1418 [==>...........................] - ETA: 1s
 224/1418 [===>..........................] - ETA: 1s
 288/1418 [=====>........................] - ETA: 1s
 352/1418 [======>.......................] - ETA: 1s
 416/1418 [=======>......................] - ETA: 0s
 480/1418 [=========>....................] - ETA: 0s
 544/1418 [==========>...................] - ETA: 0s
 608/1418 [===========>..................] - ETA: 0s
 672/1418 [=============>................] - ETA: 0s
 736/1418 [==============>...............] - ETA: 0s
 800/1418 [===============>..............] - ETA: 0s
 864/1418 [=================>............] - ETA: 0s
 928/1418 [==================>...........] - ETA: 0s
 992/1418 [===================>..........] - ETA: 0s
1056/1418 [=====================>........] - ETA: 0s
1120/1418 [======================>.......] - ETA: 0s
1184/1418 [========================>.....] - ETA: 0s
1248/1418 [=========================>....] - ETA: 0s
1312/1418 [==========================>...] - ETA: 0s
1376/1418 [============================>.] - ETA: 0s
1418/1418 [==============================] - 1s 974us/step
Test acc: 0.5761636108874603
Test auc: 0.5
Execute epoch: 13
Execute time: 57.09163951873779
