_________________________________________________________________
Layer (type)                 Output Shape              Param #   
=================================================================
embedding_1 (Embedding)      (None, None, 128)         297984    
_________________________________________________________________
lstm_1 (LSTM)                (None, None, 64)          49408     
_________________________________________________________________
lstm_2 (LSTM)                (None, None, 64)          33024     
_________________________________________________________________
lstm_3 (LSTM)                (None, 64)                33024     
_________________________________________________________________
dense_1 (Dense)              (None, 16)                1040      
_________________________________________________________________
dense_2 (Dense)              (None, 1)                 17        
=================================================================
Total params: 414,497
Trainable params: 414,497
Non-trainable params: 0
_________________________________________________________________
Train on 4534 samples, validate on 1134 samples
Epoch 1/1000

  32/4534 [..............................] - ETA: 7:52 - loss: 0.6934 - acc: 0.3125
 128/4534 [..............................] - ETA: 1:57 - loss: 0.6931 - acc: 0.4844
 224/4534 [>.............................] - ETA: 1:07 - loss: 0.6930 - acc: 0.5045
 320/4534 [=>............................] - ETA: 46s - loss: 0.6931 - acc: 0.5031 
 416/4534 [=>............................] - ETA: 35s - loss: 0.6926 - acc: 0.5457
 512/4534 [==>...........................] - ETA: 28s - loss: 0.6925 - acc: 0.5547
 608/4534 [===>..........................] - ETA: 24s - loss: 0.6922 - acc: 0.5625
 704/4534 [===>..........................] - ETA: 20s - loss: 0.6920 - acc: 0.5653
 800/4534 [====>.........................] - ETA: 17s - loss: 0.6921 - acc: 0.5575
 896/4534 [====>.........................] - ETA: 15s - loss: 0.6919 - acc: 0.5592
 992/4534 [=====>........................] - ETA: 14s - loss: 0.6917 - acc: 0.5585
1088/4534 [======>.......................] - ETA: 12s - loss: 0.6918 - acc: 0.5524
1184/4534 [======>.......................] - ETA: 11s - loss: 0.6911 - acc: 0.5591
1280/4534 [=======>......................] - ETA: 10s - loss: 0.6906 - acc: 0.5602
1376/4534 [========>.....................] - ETA: 9s - loss: 0.6900 - acc: 0.5610 
1472/4534 [========>.....................] - ETA: 8s - loss: 0.6884 - acc: 0.5659
1568/4534 [=========>....................] - ETA: 8s - loss: 0.6868 - acc: 0.5663
1664/4534 [==========>...................] - ETA: 7s - loss: 0.6841 - acc: 0.5679
1760/4534 [==========>...................] - ETA: 7s - loss: 0.6788 - acc: 0.5693
1856/4534 [===========>..................] - ETA: 6s - loss: 0.6699 - acc: 0.5727
1952/4534 [===========>..................] - ETA: 6s - loss: 0.6674 - acc: 0.5722
2048/4534 [============>.................] - ETA: 5s - loss: 0.6610 - acc: 0.5713
2144/4534 [=============>................] - ETA: 5s - loss: 0.6564 - acc: 0.5718
2240/4534 [=============>................] - ETA: 4s - loss: 0.6507 - acc: 0.5692
2336/4534 [==============>...............] - ETA: 4s - loss: 0.6429 - acc: 0.5698
2432/4534 [===============>..............] - ETA: 4s - loss: 0.6331 - acc: 0.5777
2528/4534 [===============>..............] - ETA: 3s - loss: 0.6312 - acc: 0.5839
2624/4534 [================>.............] - ETA: 3s - loss: 0.6256 - acc: 0.5945
2720/4534 [================>.............] - ETA: 3s - loss: 0.6187 - acc: 0.6066
2816/4534 [=================>............] - ETA: 3s - loss: 0.6166 - acc: 0.6179
2912/4534 [==================>...........] - ETA: 2s - loss: 0.6088 - acc: 0.6277
3008/4534 [==================>...........] - ETA: 2s - loss: 0.5989 - acc: 0.6383
3104/4534 [===================>..........] - ETA: 2s - loss: 0.5883 - acc: 0.6472
3200/4534 [====================>.........] - ETA: 2s - loss: 0.5832 - acc: 0.6547
3296/4534 [====================>.........] - ETA: 2s - loss: 0.5760 - acc: 0.6629
3392/4534 [=====================>........] - ETA: 1s - loss: 0.5693 - acc: 0.6701
3488/4534 [======================>.......] - ETA: 1s - loss: 0.5605 - acc: 0.6772
3584/4534 [======================>.......] - ETA: 1s - loss: 0.5492 - acc: 0.6844
3680/4534 [=======================>......] - ETA: 1s - loss: 0.5406 - acc: 0.6905
3776/4534 [=======================>......] - ETA: 1s - loss: 0.5317 - acc: 0.6970
3872/4534 [========================>.....] - ETA: 0s - loss: 0.5262 - acc: 0.7035
3968/4534 [=========================>....] - ETA: 0s - loss: 0.5197 - acc: 0.7082
4064/4534 [=========================>....] - ETA: 0s - loss: 0.5113 - acc: 0.7138
4160/4534 [==========================>...] - ETA: 0s - loss: 0.5070 - acc: 0.7185
4256/4534 [===========================>..] - ETA: 0s - loss: 0.4996 - acc: 0.7232
4352/4534 [===========================>..] - ETA: 0s - loss: 0.4926 - acc: 0.7275
4448/4534 [============================>.] - ETA: 0s - loss: 0.4852 - acc: 0.7322
4534/4534 [==============================] - 8s 2ms/step - loss: 0.4789 - acc: 0.7360 - val_loss: 8.8834 - val_acc: 0.4489
Epoch 2/1000

  32/4534 [..............................] - ETA: 2s - loss: 0.1042 - acc: 0.9688
 128/4534 [..............................] - ETA: 2s - loss: 0.0684 - acc: 0.9766
 224/4534 [>.............................] - ETA: 2s - loss: 0.0745 - acc: 0.9777
 320/4534 [=>............................] - ETA: 2s - loss: 0.0761 - acc: 0.9750
 416/4534 [=>............................] - ETA: 2s - loss: 0.1013 - acc: 0.9615
 512/4534 [==>...........................] - ETA: 2s - loss: 0.1317 - acc: 0.9551
 608/4534 [===>..........................] - ETA: 2s - loss: 0.1358 - acc: 0.9539
 704/4534 [===>..........................] - ETA: 2s - loss: 0.1300 - acc: 0.9545
 800/4534 [====>.........................] - ETA: 2s - loss: 0.1347 - acc: 0.9500
 896/4534 [====>.........................] - ETA: 2s - loss: 0.1324 - acc: 0.9509
 992/4534 [=====>........................] - ETA: 2s - loss: 0.1292 - acc: 0.9546
1088/4534 [======>.......................] - ETA: 2s - loss: 0.1420 - acc: 0.9550
1184/4534 [======>.......................] - ETA: 2s - loss: 0.1370 - acc: 0.9552
1280/4534 [=======>......................] - ETA: 2s - loss: 0.1332 - acc: 0.9563
1376/4534 [========>.....................] - ETA: 1s - loss: 0.1353 - acc: 0.9542
1472/4534 [========>.....................] - ETA: 1s - loss: 0.1321 - acc: 0.9531
1568/4534 [=========>....................] - ETA: 1s - loss: 0.1432 - acc: 0.9509
1664/4534 [==========>...................] - ETA: 1s - loss: 0.1381 - acc: 0.9525
1760/4534 [==========>...................] - ETA: 1s - loss: 0.1554 - acc: 0.9511
1856/4534 [===========>..................] - ETA: 1s - loss: 0.1512 - acc: 0.9526
1952/4534 [===========>..................] - ETA: 1s - loss: 0.1562 - acc: 0.9529
2048/4534 [============>.................] - ETA: 1s - loss: 0.1631 - acc: 0.9521
2144/4534 [=============>................] - ETA: 1s - loss: 0.1720 - acc: 0.9496
2240/4534 [=============>................] - ETA: 1s - loss: 0.1687 - acc: 0.9491
2336/4534 [==============>...............] - ETA: 1s - loss: 0.1694 - acc: 0.9486
2432/4534 [===============>..............] - ETA: 1s - loss: 0.1664 - acc: 0.9498
2528/4534 [===============>..............] - ETA: 1s - loss: 0.1638 - acc: 0.9502
2624/4534 [================>.............] - ETA: 1s - loss: 0.1607 - acc: 0.9512
2720/4534 [================>.............] - ETA: 1s - loss: 0.1657 - acc: 0.9507
2816/4534 [=================>............] - ETA: 1s - loss: 0.1677 - acc: 0.9517
2912/4534 [==================>...........] - ETA: 1s - loss: 0.1678 - acc: 0.9526
3008/4534 [==================>...........] - ETA: 0s - loss: 0.1670 - acc: 0.9525
3104/4534 [===================>..........] - ETA: 0s - loss: 0.1701 - acc: 0.9530
3200/4534 [====================>.........] - ETA: 0s - loss: 0.1700 - acc: 0.9531
3296/4534 [====================>.........] - ETA: 0s - loss: 0.1799 - acc: 0.9512
3392/4534 [=====================>........] - ETA: 0s - loss: 0.1778 - acc: 0.9519
3488/4534 [======================>.......] - ETA: 0s - loss: 0.1782 - acc: 0.9524
3584/4534 [======================>.......] - ETA: 0s - loss: 0.1785 - acc: 0.9520
3680/4534 [=======================>......] - ETA: 0s - loss: 0.1780 - acc: 0.9522
3776/4534 [=======================>......] - ETA: 0s - loss: 0.1762 - acc: 0.9526
3872/4534 [========================>.....] - ETA: 0s - loss: 0.1734 - acc: 0.9535
3968/4534 [=========================>....] - ETA: 0s - loss: 0.1726 - acc: 0.9529
4064/4534 [=========================>....] - ETA: 0s - loss: 0.1704 - acc: 0.9528
4160/4534 [==========================>...] - ETA: 0s - loss: 0.1746 - acc: 0.9522
4256/4534 [===========================>..] - ETA: 0s - loss: 0.1739 - acc: 0.9523
4352/4534 [===========================>..] - ETA: 0s - loss: 0.1717 - acc: 0.9531
4448/4534 [============================>.] - ETA: 0s - loss: 0.1708 - acc: 0.9535
4534/4534 [==============================] - 4s 868us/step - loss: 0.1694 - acc: 0.9539 - val_loss: 8.8834 - val_acc: 0.4489
Epoch 3/1000

  32/4534 [..............................] - ETA: 2s - loss: 0.0158 - acc: 1.0000
 128/4534 [..............................] - ETA: 2s - loss: 0.0942 - acc: 0.9531
 224/4534 [>.............................] - ETA: 2s - loss: 0.0838 - acc: 0.9643
 320/4534 [=>............................] - ETA: 2s - loss: 0.0873 - acc: 0.9688
 416/4534 [=>............................] - ETA: 2s - loss: 0.0773 - acc: 0.9736
 512/4534 [==>...........................] - ETA: 2s - loss: 0.0716 - acc: 0.9766
 608/4534 [===>..........................] - ETA: 2s - loss: 0.0710 - acc: 0.9770
 704/4534 [===>..........................] - ETA: 2s - loss: 0.0866 - acc: 0.9787
 800/4534 [====>.........................] - ETA: 2s - loss: 0.0971 - acc: 0.9762
 896/4534 [====>.........................] - ETA: 2s - loss: 0.1186 - acc: 0.9754
 992/4534 [=====>........................] - ETA: 2s - loss: 0.1154 - acc: 0.9748
1088/4534 [======>.......................] - ETA: 2s - loss: 0.1165 - acc: 0.9724
1184/4534 [======>.......................] - ETA: 2s - loss: 0.1127 - acc: 0.9730
1280/4534 [=======>......................] - ETA: 2s - loss: 0.1108 - acc: 0.9727
1376/4534 [========>.....................] - ETA: 1s - loss: 0.1075 - acc: 0.9731
1472/4534 [========>.....................] - ETA: 1s - loss: 0.1151 - acc: 0.9721
1568/4534 [=========>....................] - ETA: 1s - loss: 0.1119 - acc: 0.9726
1664/4534 [==========>...................] - ETA: 1s - loss: 0.1105 - acc: 0.9718
1760/4534 [==========>...................] - ETA: 1s - loss: 0.1091 - acc: 0.9705
1856/4534 [===========>..................] - ETA: 1s - loss: 0.1106 - acc: 0.9688
1952/4534 [===========>..................] - ETA: 1s - loss: 0.1092 - acc: 0.9677
2048/4534 [============>.................] - ETA: 1s - loss: 0.1083 - acc: 0.9678
2144/4534 [=============>................] - ETA: 1s - loss: 0.1081 - acc: 0.9678
2240/4534 [=============>................] - ETA: 1s - loss: 0.1070 - acc: 0.9674
2336/4534 [==============>...............] - ETA: 1s - loss: 0.1041 - acc: 0.9688
2432/4534 [===============>..............] - ETA: 1s - loss: 0.1022 - acc: 0.9696
2528/4534 [===============>..............] - ETA: 1s - loss: 0.1022 - acc: 0.9691
2624/4534 [================>.............] - ETA: 1s - loss: 0.1062 - acc: 0.9691
2720/4534 [================>.............] - ETA: 1s - loss: 0.1066 - acc: 0.9691
2816/4534 [=================>............] - ETA: 1s - loss: 0.1060 - acc: 0.9691
2912/4534 [==================>...........] - ETA: 1s - loss: 0.1036 - acc: 0.9698
3008/4534 [==================>...........] - ETA: 0s - loss: 0.1018 - acc: 0.9704
3104/4534 [===================>..........] - ETA: 0s - loss: 0.1027 - acc: 0.9697
3200/4534 [====================>.........] - ETA: 0s - loss: 0.1012 - acc: 0.9697
3296/4534 [====================>.........] - ETA: 0s - loss: 0.1000 - acc: 0.9697
3392/4534 [=====================>........] - ETA: 0s - loss: 0.0990 - acc: 0.9699
3488/4534 [======================>.......] - ETA: 0s - loss: 0.0975 - acc: 0.9705
3584/4534 [======================>.......] - ETA: 0s - loss: 0.0971 - acc: 0.9707
3680/4534 [=======================>......] - ETA: 0s - loss: 0.0965 - acc: 0.9709
3776/4534 [=======================>......] - ETA: 0s - loss: 0.0976 - acc: 0.9706
3872/4534 [========================>.....] - ETA: 0s - loss: 0.0980 - acc: 0.9695
3968/4534 [=========================>....] - ETA: 0s - loss: 0.0967 - acc: 0.9698
4064/4534 [=========================>....] - ETA: 0s - loss: 0.0965 - acc: 0.9697
4160/4534 [==========================>...] - ETA: 0s - loss: 0.0965 - acc: 0.9695
4256/4534 [===========================>..] - ETA: 0s - loss: 0.0953 - acc: 0.9699
4352/4534 [===========================>..] - ETA: 0s - loss: 0.1055 - acc: 0.9694
4448/4534 [============================>.] - ETA: 0s - loss: 0.1048 - acc: 0.9696
4534/4534 [==============================] - 4s 870us/step - loss: 0.1048 - acc: 0.9693 - val_loss: 8.8834 - val_acc: 0.4489
Epoch 4/1000

  32/4534 [..............................] - ETA: 2s - loss: 0.0689 - acc: 0.9688
 128/4534 [..............................] - ETA: 2s - loss: 0.0481 - acc: 0.9922
 224/4534 [>.............................] - ETA: 2s - loss: 0.0526 - acc: 0.9911
 320/4534 [=>............................] - ETA: 2s - loss: 0.0910 - acc: 0.9906
 416/4534 [=>............................] - ETA: 2s - loss: 0.0920 - acc: 0.9856
 512/4534 [==>...........................] - ETA: 2s - loss: 0.0861 - acc: 0.9844
 608/4534 [===>..........................] - ETA: 2s - loss: 0.0743 - acc: 0.9868
 704/4534 [===>..........................] - ETA: 2s - loss: 0.0775 - acc: 0.9858
 800/4534 [====>.........................] - ETA: 2s - loss: 0.0735 - acc: 0.9862
 896/4534 [====>.........................] - ETA: 2s - loss: 0.0728 - acc: 0.9844
 992/4534 [=====>........................] - ETA: 2s - loss: 0.0722 - acc: 0.9839
1088/4534 [======>.......................] - ETA: 2s - loss: 0.0736 - acc: 0.9825
1184/4534 [======>.......................] - ETA: 2s - loss: 0.0726 - acc: 0.9823
1280/4534 [=======>......................] - ETA: 2s - loss: 0.0707 - acc: 0.9820
1376/4534 [========>.....................] - ETA: 1s - loss: 0.0712 - acc: 0.9804
1472/4534 [========>.....................] - ETA: 1s - loss: 0.0692 - acc: 0.9810
1568/4534 [=========>....................] - ETA: 1s - loss: 0.0672 - acc: 0.9809
1664/4534 [==========>...................] - ETA: 1s - loss: 0.0659 - acc: 0.9814
1760/4534 [==========>...................] - ETA: 1s - loss: 0.0658 - acc: 0.9812
1856/4534 [===========>..................] - ETA: 1s - loss: 0.0636 - acc: 0.9817
1952/4534 [===========>..................] - ETA: 1s - loss: 0.0625 - acc: 0.9821
2048/4534 [============>.................] - ETA: 1s - loss: 0.0687 - acc: 0.9819
2144/4534 [=============>................] - ETA: 1s - loss: 0.0683 - acc: 0.9813
2240/4534 [=============>................] - ETA: 1s - loss: 0.0768 - acc: 0.9795
2336/4534 [==============>...............] - ETA: 1s - loss: 0.0853 - acc: 0.9782
2432/4534 [===============>..............] - ETA: 1s - loss: 0.0940 - acc: 0.9766
2528/4534 [===============>..............] - ETA: 1s - loss: 0.0920 - acc: 0.9767
2624/4534 [================>.............] - ETA: 1s - loss: 0.0904 - acc: 0.9771
2720/4534 [================>.............] - ETA: 1s - loss: 0.0887 - acc: 0.9776
2816/4534 [=================>............] - ETA: 1s - loss: 0.0905 - acc: 0.9769
2912/4534 [==================>...........] - ETA: 1s - loss: 0.0907 - acc: 0.9763
3008/4534 [==================>...........] - ETA: 0s - loss: 0.0895 - acc: 0.9771
3104/4534 [===================>..........] - ETA: 0s - loss: 0.0883 - acc: 0.9774
3200/4534 [====================>.........] - ETA: 0s - loss: 0.0881 - acc: 0.9775
3296/4534 [====================>.........] - ETA: 0s - loss: 0.0877 - acc: 0.9775
3392/4534 [=====================>........] - ETA: 0s - loss: 0.0859 - acc: 0.9782
3488/4534 [======================>.......] - ETA: 0s - loss: 0.0859 - acc: 0.9776
3584/4534 [======================>.......] - ETA: 0s - loss: 0.0847 - acc: 0.9777
3680/4534 [=======================>......] - ETA: 0s - loss: 0.0876 - acc: 0.9780
3776/4534 [=======================>......] - ETA: 0s - loss: 0.0869 - acc: 0.9775
3872/4534 [========================>.....] - ETA: 0s - loss: 0.0855 - acc: 0.9778
3968/4534 [=========================>....] - ETA: 0s - loss: 0.0887 - acc: 0.9778
4064/4534 [=========================>....] - ETA: 0s - loss: 0.0887 - acc: 0.9774
4160/4534 [==========================>...] - ETA: 0s - loss: 0.0873 - acc: 0.9776
4256/4534 [===========================>..] - ETA: 0s - loss: 0.0898 - acc: 0.9777
4352/4534 [===========================>..] - ETA: 0s - loss: 0.0884 - acc: 0.9779
4448/4534 [============================>.] - ETA: 0s - loss: 0.0889 - acc: 0.9777
4534/4534 [==============================] - 4s 869us/step - loss: 0.0902 - acc: 0.9771 - val_loss: 8.6702 - val_acc: 0.4621
Epoch 5/1000

  32/4534 [..............................] - ETA: 2s - loss: 0.0432 - acc: 0.9688
 128/4534 [..............................] - ETA: 2s - loss: 0.0385 - acc: 0.9844
 224/4534 [>.............................] - ETA: 2s - loss: 0.0525 - acc: 0.9732
 320/4534 [=>............................] - ETA: 2s - loss: 0.0467 - acc: 0.9781
 416/4534 [=>............................] - ETA: 2s - loss: 0.0409 - acc: 0.9808
 512/4534 [==>...........................] - ETA: 2s - loss: 0.0376 - acc: 0.9824
 608/4534 [===>..........................] - ETA: 2s - loss: 0.0409 - acc: 0.9836
 704/4534 [===>..........................] - ETA: 2s - loss: 0.0629 - acc: 0.9830
 800/4534 [====>.........................] - ETA: 2s - loss: 0.0663 - acc: 0.9812
 896/4534 [====>.........................] - ETA: 2s - loss: 0.0687 - acc: 0.9788
 992/4534 [=====>........................] - ETA: 2s - loss: 0.0625 - acc: 0.9808
1088/4534 [======>.......................] - ETA: 2s - loss: 0.0591 - acc: 0.9816
1184/4534 [======>.......................] - ETA: 2s - loss: 0.0617 - acc: 0.9814
1280/4534 [=======>......................] - ETA: 2s - loss: 0.0610 - acc: 0.9812
1376/4534 [========>.....................] - ETA: 1s - loss: 0.0597 - acc: 0.9811
1472/4534 [========>.....................] - ETA: 1s - loss: 0.0567 - acc: 0.9823
1568/4534 [=========>....................] - ETA: 1s - loss: 0.0553 - acc: 0.9828
1664/4534 [==========>...................] - ETA: 1s - loss: 0.0626 - acc: 0.9832
1760/4534 [==========>...................] - ETA: 1s - loss: 0.0703 - acc: 0.9830
1856/4534 [===========>..................] - ETA: 1s - loss: 0.0694 - acc: 0.9822
1952/4534 [===========>..................] - ETA: 1s - loss: 0.0676 - acc: 0.9826
2048/4534 [============>.................] - ETA: 1s - loss: 0.0652 - acc: 0.9834
2144/4534 [=============>................] - ETA: 1s - loss: 0.0628 - acc: 0.9841
2240/4534 [=============>................] - ETA: 1s - loss: 0.0680 - acc: 0.9844
2336/4534 [==============>...............] - ETA: 1s - loss: 0.0734 - acc: 0.9842
2432/4534 [===============>..............] - ETA: 1s - loss: 0.0738 - acc: 0.9836
2528/4534 [===============>..............] - ETA: 1s - loss: 0.0736 - acc: 0.9834
2624/4534 [================>.............] - ETA: 1s - loss: 0.0728 - acc: 0.9832
2720/4534 [================>.............] - ETA: 1s - loss: 0.0708 - acc: 0.9835
2816/4534 [=================>............] - ETA: 1s - loss: 0.0746 - acc: 0.9837
2912/4534 [==================>...........] - ETA: 1s - loss: 0.0734 - acc: 0.9832
3008/4534 [==================>...........] - ETA: 0s - loss: 0.0726 - acc: 0.9830
3104/4534 [===================>..........] - ETA: 0s - loss: 0.0709 - acc: 0.9832
3200/4534 [====================>.........] - ETA: 0s - loss: 0.0696 - acc: 0.9834
3296/4534 [====================>.........] - ETA: 0s - loss: 0.0677 - acc: 0.9839
3392/4534 [=====================>........] - ETA: 0s - loss: 0.0725 - acc: 0.9835
3488/4534 [======================>.......] - ETA: 0s - loss: 0.0718 - acc: 0.9834
3584/4534 [======================>.......] - ETA: 0s - loss: 0.0708 - acc: 0.9835
3680/4534 [=======================>......] - ETA: 0s - loss: 0.0702 - acc: 0.9832
3776/4534 [=======================>......] - ETA: 0s - loss: 0.0687 - acc: 0.9836
3872/4534 [========================>.....] - ETA: 0s - loss: 0.0680 - acc: 0.9835
3968/4534 [=========================>....] - ETA: 0s - loss: 0.0683 - acc: 0.9834
4064/4534 [=========================>....] - ETA: 0s - loss: 0.0678 - acc: 0.9833
4160/4534 [==========================>...] - ETA: 0s - loss: 0.0679 - acc: 0.9832
4256/4534 [===========================>..] - ETA: 0s - loss: 0.0683 - acc: 0.9831
4352/4534 [===========================>..] - ETA: 0s - loss: 0.0681 - acc: 0.9830
4448/4534 [============================>.] - ETA: 0s - loss: 0.0677 - acc: 0.9827
4534/4534 [==============================] - 4s 870us/step - loss: 0.0681 - acc: 0.9821 - val_loss: 8.6702 - val_acc: 0.4621
Epoch 6/1000

  32/4534 [..............................] - ETA: 2s - loss: 0.0062 - acc: 1.0000
 128/4534 [..............................] - ETA: 2s - loss: 0.0197 - acc: 1.0000
 224/4534 [>.............................] - ETA: 2s - loss: 0.0180 - acc: 1.0000
 320/4534 [=>............................] - ETA: 2s - loss: 0.0729 - acc: 0.9906
 416/4534 [=>............................] - ETA: 2s - loss: 0.0616 - acc: 0.9904
 512/4534 [==>...........................] - ETA: 2s - loss: 0.0555 - acc: 0.9902
 608/4534 [===>..........................] - ETA: 2s - loss: 0.0514 - acc: 0.9901
 704/4534 [===>..........................] - ETA: 2s - loss: 0.0726 - acc: 0.9886
 800/4534 [====>.........................] - ETA: 2s - loss: 0.0900 - acc: 0.9862
 896/4534 [====>.........................] - ETA: 2s - loss: 0.0820 - acc: 0.9866
 992/4534 [=====>........................] - ETA: 2s - loss: 0.0930 - acc: 0.9859
1088/4534 [======>.......................] - ETA: 2s - loss: 0.0853 - acc: 0.9871
1184/4534 [======>.......................] - ETA: 2s - loss: 0.0884 - acc: 0.9856
1280/4534 [=======>......................] - ETA: 2s - loss: 0.0838 - acc: 0.9852
1376/4534 [========>.....................] - ETA: 1s - loss: 0.0799 - acc: 0.9862
1472/4534 [========>.....................] - ETA: 1s - loss: 0.0761 - acc: 0.9871
1568/4534 [=========>....................] - ETA: 1s - loss: 0.0737 - acc: 0.9866
1664/4534 [==========>...................] - ETA: 1s - loss: 0.0714 - acc: 0.9868
1760/4534 [==========>...................] - ETA: 1s - loss: 0.0705 - acc: 0.9864
1856/4534 [===========>..................] - ETA: 1s - loss: 0.0768 - acc: 0.9860
1952/4534 [===========>..................] - ETA: 1s - loss: 0.0742 - acc: 0.9862
2048/4534 [============>.................] - ETA: 1s - loss: 0.0724 - acc: 0.9863
2144/4534 [=============>................] - ETA: 1s - loss: 0.0708 - acc: 0.9865
2240/4534 [=============>................] - ETA: 1s - loss: 0.0680 - acc: 0.9871
2336/4534 [==============>...............] - ETA: 1s - loss: 0.0687 - acc: 0.9863
2432/4534 [===============>..............] - ETA: 1s - loss: 0.0745 - acc: 0.9860
2528/4534 [===============>..............] - ETA: 1s - loss: 0.0738 - acc: 0.9858
2624/4534 [================>.............] - ETA: 1s - loss: 0.0713 - acc: 0.9863
2720/4534 [================>.............] - ETA: 1s - loss: 0.0697 - acc: 0.9864
2816/4534 [=================>............] - ETA: 1s - loss: 0.0692 - acc: 0.9858
2912/4534 [==================>...........] - ETA: 1s - loss: 0.0674 - acc: 0.9859
3008/4534 [==================>...........] - ETA: 0s - loss: 0.0659 - acc: 0.9860
3104/4534 [===================>..........] - ETA: 0s - loss: 0.0656 - acc: 0.9861
3200/4534 [====================>.........] - ETA: 0s - loss: 0.0643 - acc: 0.9862
3296/4534 [====================>.........] - ETA: 0s - loss: 0.0641 - acc: 0.9863
3392/4534 [=====================>........] - ETA: 0s - loss: 0.0628 - acc: 0.9864
3488/4534 [======================>.......] - ETA: 0s - loss: 0.0621 - acc: 0.9865
3584/4534 [======================>.......] - ETA: 0s - loss: 0.0627 - acc: 0.9858
3680/4534 [=======================>......] - ETA: 0s - loss: 0.0625 - acc: 0.9856
3776/4534 [=======================>......] - ETA: 0s - loss: 0.0621 - acc: 0.9854
3872/4534 [========================>.....] - ETA: 0s - loss: 0.0608 - acc: 0.9858
3968/4534 [=========================>....] - ETA: 0s - loss: 0.0612 - acc: 0.9854
4064/4534 [=========================>....] - ETA: 0s - loss: 0.0599 - acc: 0.9857
4160/4534 [==========================>...] - ETA: 0s - loss: 0.0637 - acc: 0.9853
4256/4534 [===========================>..] - ETA: 0s - loss: 0.0629 - acc: 0.9854
4352/4534 [===========================>..] - ETA: 0s - loss: 0.0636 - acc: 0.9848
4448/4534 [============================>.] - ETA: 0s - loss: 0.0624 - acc: 0.9852
4534/4534 [==============================] - 4s 867us/step - loss: 0.0621 - acc: 0.9852 - val_loss: 8.8834 - val_acc: 0.4489
Epoch 7/1000

  32/4534 [..............................] - ETA: 2s - loss: 0.0934 - acc: 0.9688
 128/4534 [..............................] - ETA: 2s - loss: 0.0485 - acc: 0.9844
 224/4534 [>.............................] - ETA: 2s - loss: 0.0367 - acc: 0.9911
 320/4534 [=>............................] - ETA: 2s - loss: 0.0337 - acc: 0.9938
 416/4534 [=>............................] - ETA: 2s - loss: 0.0307 - acc: 0.9952
 512/4534 [==>...........................] - ETA: 2s - loss: 0.0270 - acc: 0.9961
 608/4534 [===>..........................] - ETA: 2s - loss: 0.0326 - acc: 0.9918
 704/4534 [===>..........................] - ETA: 2s - loss: 0.0292 - acc: 0.9929
 800/4534 [====>.........................] - ETA: 2s - loss: 0.0293 - acc: 0.9912
 896/4534 [====>.........................] - ETA: 2s - loss: 0.0273 - acc: 0.9922
 992/4534 [=====>........................] - ETA: 2s - loss: 0.0251 - acc: 0.9929
1088/4534 [======>.......................] - ETA: 2s - loss: 0.0293 - acc: 0.9908
1184/4534 [======>.......................] - ETA: 2s - loss: 0.0290 - acc: 0.9907
1280/4534 [=======>......................] - ETA: 2s - loss: 0.0283 - acc: 0.9906
1376/4534 [========>.....................] - ETA: 1s - loss: 0.0268 - acc: 0.9913
1472/4534 [========>.....................] - ETA: 1s - loss: 0.0279 - acc: 0.9912
1568/4534 [=========>....................] - ETA: 1s - loss: 0.0273 - acc: 0.9911
1664/4534 [==========>...................] - ETA: 1s - loss: 0.0259 - acc: 0.9916
1760/4534 [==========>...................] - ETA: 1s - loss: 0.0307 - acc: 0.9903
1856/4534 [===========>..................] - ETA: 1s - loss: 0.0366 - acc: 0.9892
1952/4534 [===========>..................] - ETA: 1s - loss: 0.0359 - acc: 0.9892
2048/4534 [============>.................] - ETA: 1s - loss: 0.0359 - acc: 0.9888
2144/4534 [=============>................] - ETA: 1s - loss: 0.0364 - acc: 0.9874
2240/4534 [=============>................] - ETA: 1s - loss: 0.0379 - acc: 0.9866
2336/4534 [==============>...............] - ETA: 1s - loss: 0.0373 - acc: 0.9867
2432/4534 [===============>..............] - ETA: 1s - loss: 0.0443 - acc: 0.9860
2528/4534 [===============>..............] - ETA: 1s - loss: 0.0516 - acc: 0.9846
2624/4534 [================>.............] - ETA: 1s - loss: 0.0563 - acc: 0.9848
2720/4534 [================>.............] - ETA: 1s - loss: 0.0551 - acc: 0.9849
2816/4534 [=================>............] - ETA: 1s - loss: 0.0553 - acc: 0.9844
2912/4534 [==================>...........] - ETA: 1s - loss: 0.0546 - acc: 0.9845
3008/4534 [==================>...........] - ETA: 0s - loss: 0.0596 - acc: 0.9844
3104/4534 [===================>..........] - ETA: 0s - loss: 0.0700 - acc: 0.9836
3200/4534 [====================>.........] - ETA: 0s - loss: 0.0692 - acc: 0.9834
3296/4534 [====================>.........] - ETA: 0s - loss: 0.0680 - acc: 0.9836
3392/4534 [=====================>........] - ETA: 0s - loss: 0.0673 - acc: 0.9838
3488/4534 [======================>.......] - ETA: 0s - loss: 0.0706 - acc: 0.9837
3584/4534 [======================>.......] - ETA: 0s - loss: 0.0694 - acc: 0.9835
3680/4534 [=======================>......] - ETA: 0s - loss: 0.0683 - acc: 0.9837
3776/4534 [=======================>......] - ETA: 0s - loss: 0.0675 - acc: 0.9836
3872/4534 [========================>.....] - ETA: 0s - loss: 0.0720 - acc: 0.9832
3968/4534 [=========================>....] - ETA: 0s - loss: 0.0705 - acc: 0.9836
4064/4534 [=========================>....] - ETA: 0s - loss: 0.0700 - acc: 0.9833
4160/4534 [==========================>...] - ETA: 0s - loss: 0.0728 - acc: 0.9832
4256/4534 [===========================>..] - ETA: 0s - loss: 0.0756 - acc: 0.9828
4352/4534 [===========================>..] - ETA: 0s - loss: 0.0742 - acc: 0.9832
4448/4534 [============================>.] - ETA: 0s - loss: 0.0727 - acc: 0.9836
4534/4534 [==============================] - 4s 866us/step - loss: 0.0719 - acc: 0.9837 - val_loss: 7.1558 - val_acc: 0.5511
Epoch 8/1000

  32/4534 [..............................] - ETA: 2s - loss: 0.0037 - acc: 1.0000
 128/4534 [..............................] - ETA: 2s - loss: 0.0355 - acc: 0.9844
 224/4534 [>.............................] - ETA: 2s - loss: 0.0248 - acc: 0.9911
 320/4534 [=>............................] - ETA: 2s - loss: 0.0361 - acc: 0.9875
 416/4534 [=>............................] - ETA: 2s - loss: 0.0347 - acc: 0.9880
 512/4534 [==>...........................] - ETA: 2s - loss: 0.0308 - acc: 0.9902
 608/4534 [===>..........................] - ETA: 2s - loss: 0.0298 - acc: 0.9901
 704/4534 [===>..........................] - ETA: 2s - loss: 0.0289 - acc: 0.9901
 800/4534 [====>.........................] - ETA: 2s - loss: 0.0284 - acc: 0.9900
 896/4534 [====>.........................] - ETA: 2s - loss: 0.0268 - acc: 0.9900
 992/4534 [=====>........................] - ETA: 2s - loss: 0.0404 - acc: 0.9899
1088/4534 [======>.......................] - ETA: 2s - loss: 0.0369 - acc: 0.9908
1184/4534 [======>.......................] - ETA: 2s - loss: 0.0343 - acc: 0.9916
1280/4534 [=======>......................] - ETA: 2s - loss: 0.0330 - acc: 0.9914
1376/4534 [========>.....................] - ETA: 1s - loss: 0.0317 - acc: 0.9913
1472/4534 [========>.....................] - ETA: 1s - loss: 0.0313 - acc: 0.9912
1568/4534 [=========>....................] - ETA: 1s - loss: 0.0313 - acc: 0.9911
1664/4534 [==========>...................] - ETA: 1s - loss: 0.0311 - acc: 0.9904
1760/4534 [==========>...................] - ETA: 1s - loss: 0.0337 - acc: 0.9892
1856/4534 [===========>..................] - ETA: 1s - loss: 0.0325 - acc: 0.9892
1952/4534 [===========>..................] - ETA: 1s - loss: 0.0319 - acc: 0.9892
2048/4534 [============>.................] - ETA: 1s - loss: 0.0305 - acc: 0.9897
2144/4534 [=============>................] - ETA: 1s - loss: 0.0352 - acc: 0.9883
2240/4534 [=============>................] - ETA: 1s - loss: 0.0414 - acc: 0.9884
2336/4534 [==============>...............] - ETA: 1s - loss: 0.0413 - acc: 0.9884
2432/4534 [===============>..............] - ETA: 1s - loss: 0.0409 - acc: 0.9885
2528/4534 [===============>..............] - ETA: 1s - loss: 0.0422 - acc: 0.9877
2624/4534 [================>.............] - ETA: 1s - loss: 0.0423 - acc: 0.9874
2720/4534 [================>.............] - ETA: 1s - loss: 0.0412 - acc: 0.9879
2816/4534 [=================>............] - ETA: 1s - loss: 0.0472 - acc: 0.9872
2912/4534 [==================>...........] - ETA: 1s - loss: 0.0514 - acc: 0.9873
3008/4534 [==================>...........] - ETA: 0s - loss: 0.0499 - acc: 0.9877
3104/4534 [===================>..........] - ETA: 0s - loss: 0.0493 - acc: 0.9878
3200/4534 [====================>.........] - ETA: 0s - loss: 0.0537 - acc: 0.9872
3296/4534 [====================>.........] - ETA: 0s - loss: 0.0535 - acc: 0.9870
3392/4534 [=====================>........] - ETA: 0s - loss: 0.0522 - acc: 0.9873
3488/4534 [======================>.......] - ETA: 0s - loss: 0.0509 - acc: 0.9877
3584/4534 [======================>.......] - ETA: 0s - loss: 0.0550 - acc: 0.9872
3680/4534 [=======================>......] - ETA: 0s - loss: 0.0545 - acc: 0.9872
3776/4534 [=======================>......] - ETA: 0s - loss: 0.0534 - acc: 0.9876
3872/4534 [========================>.....] - ETA: 0s - loss: 0.0525 - acc: 0.9879
3968/4534 [=========================>....] - ETA: 0s - loss: 0.0519 - acc: 0.9877
4064/4534 [=========================>....] - ETA: 0s - loss: 0.0509 - acc: 0.9879
4160/4534 [==========================>...] - ETA: 0s - loss: 0.0545 - acc: 0.9877
4256/4534 [===========================>..] - ETA: 0s - loss: 0.0534 - acc: 0.9880
4352/4534 [===========================>..] - ETA: 0s - loss: 0.0573 - acc: 0.9874
4448/4534 [============================>.] - ETA: 0s - loss: 0.0569 - acc: 0.9872
4534/4534 [==============================] - 4s 869us/step - loss: 0.0559 - acc: 0.9874 - val_loss: 7.1558 - val_acc: 0.5511
Epoch 9/1000

  32/4534 [..............................] - ETA: 2s - loss: 4.7849e-04 - acc: 1.0000
 128/4534 [..............................] - ETA: 2s - loss: 0.0037 - acc: 1.0000    
 224/4534 [>.............................] - ETA: 2s - loss: 0.0056 - acc: 1.0000
 320/4534 [=>............................] - ETA: 2s - loss: 0.0084 - acc: 0.9969
 416/4534 [=>............................] - ETA: 2s - loss: 0.0287 - acc: 0.9904
 512/4534 [==>...........................] - ETA: 2s - loss: 0.0251 - acc: 0.9922
 608/4534 [===>..........................] - ETA: 2s - loss: 0.0237 - acc: 0.9934
 704/4534 [===>..........................] - ETA: 2s - loss: 0.0279 - acc: 0.9915
 800/4534 [====>.........................] - ETA: 2s - loss: 0.0289 - acc: 0.9912
 896/4534 [====>.........................] - ETA: 2s - loss: 0.0437 - acc: 0.9911
 992/4534 [=====>........................] - ETA: 2s - loss: 0.0405 - acc: 0.9919
1088/4534 [======>.......................] - ETA: 2s - loss: 0.0438 - acc: 0.9908
1184/4534 [======>.......................] - ETA: 2s - loss: 0.0583 - acc: 0.9899
1280/4534 [=======>......................] - ETA: 2s - loss: 0.0562 - acc: 0.9891
1376/4534 [========>.....................] - ETA: 1s - loss: 0.0523 - acc: 0.9898
1472/4534 [========>.....................] - ETA: 1s - loss: 0.0512 - acc: 0.9898
1568/4534 [=========>....................] - ETA: 1s - loss: 0.0482 - acc: 0.9904
1664/4534 [==========>...................] - ETA: 1s - loss: 0.0457 - acc: 0.9910
1760/4534 [==========>...................] - ETA: 1s - loss: 0.0488 - acc: 0.9898
1856/4534 [===========>..................] - ETA: 1s - loss: 0.0472 - acc: 0.9898
1952/4534 [===========>..................] - ETA: 1s - loss: 0.0475 - acc: 0.9892
2048/4534 [============>.................] - ETA: 1s - loss: 0.0537 - acc: 0.9893
2144/4534 [=============>................] - ETA: 1s - loss: 0.0518 - acc: 0.9897
2240/4534 [=============>................] - ETA: 1s - loss: 0.0499 - acc: 0.9902
2336/4534 [==============>...............] - ETA: 1s - loss: 0.0502 - acc: 0.9893
2432/4534 [===============>..............] - ETA: 1s - loss: 0.0485 - acc: 0.9897
2528/4534 [===============>..............] - ETA: 1s - loss: 0.0487 - acc: 0.9893
2624/4534 [================>.............] - ETA: 1s - loss: 0.0473 - acc: 0.9897
2720/4534 [================>.............] - ETA: 1s - loss: 0.0527 - acc: 0.9890
2816/4534 [=================>............] - ETA: 1s - loss: 0.0524 - acc: 0.9890
2912/4534 [==================>...........] - ETA: 1s - loss: 0.0548 - acc: 0.9876
3008/4534 [==================>...........] - ETA: 0s - loss: 0.0539 - acc: 0.9877
3104/4534 [===================>..........] - ETA: 0s - loss: 0.0539 - acc: 0.9871
3200/4534 [====================>.........] - ETA: 0s - loss: 0.0579 - acc: 0.9872
3296/4534 [====================>.........] - ETA: 0s - loss: 0.0565 - acc: 0.9876
3392/4534 [=====================>........] - ETA: 0s - loss: 0.0602 - acc: 0.9876
3488/4534 [======================>.......] - ETA: 0s - loss: 0.0592 - acc: 0.9877
3584/4534 [======================>.......] - ETA: 0s - loss: 0.0579 - acc: 0.9880
3680/4534 [=======================>......] - ETA: 0s - loss: 0.0613 - acc: 0.9878
3776/4534 [=======================>......] - ETA: 0s - loss: 0.0600 - acc: 0.9881
3872/4534 [========================>.....] - ETA: 0s - loss: 0.0600 - acc: 0.9879
3968/4534 [=========================>....] - ETA: 0s - loss: 0.0590 - acc: 0.9879
4064/4534 [=========================>....] - ETA: 0s - loss: 0.0579 - acc: 0.9879
4160/4534 [==========================>...] - ETA: 0s - loss: 0.0567 - acc: 0.9882
4256/4534 [===========================>..] - ETA: 0s - loss: 0.0555 - acc: 0.9885
4352/4534 [===========================>..] - ETA: 0s - loss: 0.0556 - acc: 0.9883
4448/4534 [============================>.] - ETA: 0s - loss: 0.0552 - acc: 0.9883
4534/4534 [==============================] - 4s 868us/step - loss: 0.0579 - acc: 0.9883 - val_loss: 7.1558 - val_acc: 0.5511
Epoch 10/1000

  32/4534 [..............................] - ETA: 2s - loss: 0.0016 - acc: 1.0000
 128/4534 [..............................] - ETA: 2s - loss: 0.0099 - acc: 1.0000
 224/4534 [>.............................] - ETA: 2s - loss: 0.0130 - acc: 0.9955
 320/4534 [=>............................] - ETA: 2s - loss: 0.0594 - acc: 0.9938
 416/4534 [=>............................] - ETA: 2s - loss: 0.0738 - acc: 0.9904
 512/4534 [==>...........................] - ETA: 2s - loss: 0.0619 - acc: 0.9922
 608/4534 [===>..........................] - ETA: 2s - loss: 0.0540 - acc: 0.9934
 704/4534 [===>..........................] - ETA: 2s - loss: 0.0490 - acc: 0.9929
 800/4534 [====>.........................] - ETA: 2s - loss: 0.0445 - acc: 0.9938
 896/4534 [====>.........................] - ETA: 2s - loss: 0.0432 - acc: 0.9933
 992/4534 [=====>........................] - ETA: 2s - loss: 0.0422 - acc: 0.9929
1088/4534 [======>.......................] - ETA: 2s - loss: 0.0427 - acc: 0.9926
1184/4534 [======>.......................] - ETA: 2s - loss: 0.0610 - acc: 0.9899
1280/4534 [=======>......................] - ETA: 2s - loss: 0.0591 - acc: 0.9898
1376/4534 [========>.....................] - ETA: 1s - loss: 0.0596 - acc: 0.9891
1472/4534 [========>.....................] - ETA: 1s - loss: 0.0567 - acc: 0.9898
1568/4534 [=========>....................] - ETA: 1s - loss: 0.0565 - acc: 0.9892
1664/4534 [==========>...................] - ETA: 1s - loss: 0.0562 - acc: 0.9880
1760/4534 [==========>...................] - ETA: 1s - loss: 0.0554 - acc: 0.9881
1856/4534 [===========>..................] - ETA: 1s - loss: 0.0542 - acc: 0.9881
1952/4534 [===========>..................] - ETA: 1s - loss: 0.0527 - acc: 0.9882
2048/4534 [============>.................] - ETA: 1s - loss: 0.0510 - acc: 0.9883
2144/4534 [=============>................] - ETA: 1s - loss: 0.0507 - acc: 0.9879
2240/4534 [=============>................] - ETA: 1s - loss: 0.0509 - acc: 0.9879
2336/4534 [==============>...............] - ETA: 1s - loss: 0.0496 - acc: 0.9884
2432/4534 [===============>..............] - ETA: 1s - loss: 0.0482 - acc: 0.9889
2528/4534 [===============>..............] - ETA: 1s - loss: 0.0530 - acc: 0.9889
2624/4534 [================>.............] - ETA: 1s - loss: 0.0585 - acc: 0.9882
2720/4534 [================>.............] - ETA: 1s - loss: 0.0574 - acc: 0.9882
2816/4534 [=================>............] - ETA: 1s - loss: 0.0556 - acc: 0.9886
2912/4534 [==================>...........] - ETA: 1s - loss: 0.0543 - acc: 0.9890
3008/4534 [==================>...........] - ETA: 0s - loss: 0.0526 - acc: 0.9894
3104/4534 [===================>..........] - ETA: 0s - loss: 0.0510 - acc: 0.9897
3200/4534 [====================>.........] - ETA: 0s - loss: 0.0547 - acc: 0.9894
3296/4534 [====================>.........] - ETA: 0s - loss: 0.0532 - acc: 0.9897
3392/4534 [=====================>........] - ETA: 0s - loss: 0.0629 - acc: 0.9888
3488/4534 [======================>.......] - ETA: 0s - loss: 0.0662 - acc: 0.9888
3584/4534 [======================>.......] - ETA: 0s - loss: 0.0694 - acc: 0.9886
3680/4534 [=======================>......] - ETA: 0s - loss: 0.0677 - acc: 0.9889
3776/4534 [=======================>......] - ETA: 0s - loss: 0.0670 - acc: 0.9889
3872/4534 [========================>.....] - ETA: 0s - loss: 0.0665 - acc: 0.9884
3968/4534 [=========================>....] - ETA: 0s - loss: 0.0726 - acc: 0.9879
4064/4534 [=========================>....] - ETA: 0s - loss: 0.0717 - acc: 0.9879
4160/4534 [==========================>...] - ETA: 0s - loss: 0.0711 - acc: 0.9877
4256/4534 [===========================>..] - ETA: 0s - loss: 0.0705 - acc: 0.9875
4352/4534 [===========================>..] - ETA: 0s - loss: 0.0716 - acc: 0.9871
4448/4534 [============================>.] - ETA: 0s - loss: 0.0707 - acc: 0.9874
4534/4534 [==============================] - 4s 866us/step - loss: 0.0695 - acc: 0.9876 - val_loss: 8.8834 - val_acc: 0.4489
Epoch 11/1000

  32/4534 [..............................] - ETA: 2s - loss: 0.0102 - acc: 1.0000
 128/4534 [..............................] - ETA: 2s - loss: 0.0162 - acc: 1.0000
 224/4534 [>.............................] - ETA: 2s - loss: 0.0219 - acc: 1.0000
 320/4534 [=>............................] - ETA: 2s - loss: 0.0217 - acc: 1.0000
 416/4534 [=>............................] - ETA: 2s - loss: 0.0189 - acc: 1.0000
 512/4534 [==>...........................] - ETA: 2s - loss: 0.0267 - acc: 0.9961
 608/4534 [===>..........................] - ETA: 2s - loss: 0.0244 - acc: 0.9967
 704/4534 [===>..........................] - ETA: 2s - loss: 0.0219 - acc: 0.9972
 800/4534 [====>.........................] - ETA: 2s - loss: 0.0283 - acc: 0.9950
 896/4534 [====>.........................] - ETA: 2s - loss: 0.0275 - acc: 0.9955
 992/4534 [=====>........................] - ETA: 2s - loss: 0.0254 - acc: 0.9960
1088/4534 [======>.......................] - ETA: 2s - loss: 0.0270 - acc: 0.9945
1184/4534 [======>.......................] - ETA: 2s - loss: 0.0254 - acc: 0.9949
1280/4534 [=======>......................] - ETA: 2s - loss: 0.0288 - acc: 0.9938
1376/4534 [========>.....................] - ETA: 1s - loss: 0.0307 - acc: 0.9927
1472/4534 [========>.....................] - ETA: 1s - loss: 0.0315 - acc: 0.9925
1568/4534 [=========>....................] - ETA: 1s - loss: 0.0424 - acc: 0.9911
1664/4534 [==========>...................] - ETA: 1s - loss: 0.0404 - acc: 0.9916
1760/4534 [==========>...................] - ETA: 1s - loss: 0.0494 - acc: 0.9903
1856/4534 [===========>..................] - ETA: 1s - loss: 0.0478 - acc: 0.9903
1952/4534 [===========>..................] - ETA: 1s - loss: 0.0464 - acc: 0.9903
2048/4534 [============>.................] - ETA: 1s - loss: 0.0442 - acc: 0.9907
2144/4534 [=============>................] - ETA: 1s - loss: 0.0441 - acc: 0.9902
2240/4534 [=============>................] - ETA: 1s - loss: 0.0439 - acc: 0.9902
2336/4534 [==============>...............] - ETA: 1s - loss: 0.0426 - acc: 0.9906
2432/4534 [===============>..............] - ETA: 1s - loss: 0.0418 - acc: 0.9905
2528/4534 [===============>..............] - ETA: 1s - loss: 0.0414 - acc: 0.9901
2624/4534 [================>.............] - ETA: 1s - loss: 0.0416 - acc: 0.9901
2720/4534 [================>.............] - ETA: 1s - loss: 0.0417 - acc: 0.9901
2816/4534 [=================>............] - ETA: 1s - loss: 0.0403 - acc: 0.9904
2912/4534 [==================>...........] - ETA: 1s - loss: 0.0397 - acc: 0.9907
3008/4534 [==================>...........] - ETA: 0s - loss: 0.0462 - acc: 0.9904
3104/4534 [===================>..........] - ETA: 0s - loss: 0.0466 - acc: 0.9900
3200/4534 [====================>.........] - ETA: 0s - loss: 0.0457 - acc: 0.9903
3296/4534 [====================>.........] - ETA: 0s - loss: 0.0451 - acc: 0.9903
3392/4534 [=====================>........] - ETA: 0s - loss: 0.0452 - acc: 0.9897
3488/4534 [======================>.......] - ETA: 0s - loss: 0.0489 - acc: 0.9897
3584/4534 [======================>.......] - ETA: 0s - loss: 0.0481 - acc: 0.9900
3680/4534 [=======================>......] - ETA: 0s - loss: 0.0473 - acc: 0.9902
3776/4534 [=======================>......] - ETA: 0s - loss: 0.0463 - acc: 0.9905
3872/4534 [========================>.....] - ETA: 0s - loss: 0.0535 - acc: 0.9902
3968/4534 [=========================>....] - ETA: 0s - loss: 0.0523 - acc: 0.9904
4064/4534 [=========================>....] - ETA: 0s - loss: 0.0551 - acc: 0.9904
4160/4534 [==========================>...] - ETA: 0s - loss: 0.0542 - acc: 0.9904
4256/4534 [===========================>..] - ETA: 0s - loss: 0.0543 - acc: 0.9899
4352/4534 [===========================>..] - ETA: 0s - loss: 0.0532 - acc: 0.9901
4448/4534 [============================>.] - ETA: 0s - loss: 0.0521 - acc: 0.9903
4534/4534 [==============================] - 4s 866us/step - loss: 0.0517 - acc: 0.9903 - val_loss: 8.8834 - val_acc: 0.4489
Epoch 12/1000

  32/4534 [..............................] - ETA: 2s - loss: 0.0087 - acc: 1.0000
 128/4534 [..............................] - ETA: 2s - loss: 0.0074 - acc: 1.0000
 224/4534 [>.............................] - ETA: 2s - loss: 0.0058 - acc: 1.0000
 320/4534 [=>............................] - ETA: 2s - loss: 0.0050 - acc: 1.0000
 416/4534 [=>............................] - ETA: 2s - loss: 0.0277 - acc: 0.9928
 512/4534 [==>...........................] - ETA: 2s - loss: 0.0241 - acc: 0.9941
 608/4534 [===>..........................] - ETA: 2s - loss: 0.0236 - acc: 0.9934
 704/4534 [===>..........................] - ETA: 2s - loss: 0.0213 - acc: 0.9943
 800/4534 [====>.........................] - ETA: 2s - loss: 0.0400 - acc: 0.9925
 896/4534 [====>.........................] - ETA: 2s - loss: 0.0366 - acc: 0.9922
 992/4534 [=====>........................] - ETA: 2s - loss: 0.0351 - acc: 0.9919
1088/4534 [======>.......................] - ETA: 2s - loss: 0.0335 - acc: 0.9917
1184/4534 [======>.......................] - ETA: 2s - loss: 0.0309 - acc: 0.9924
1280/4534 [=======>......................] - ETA: 2s - loss: 0.0290 - acc: 0.9930
1376/4534 [========>.....................] - ETA: 1s - loss: 0.0283 - acc: 0.9927
1472/4534 [========>.....................] - ETA: 1s - loss: 0.0295 - acc: 0.9918
1568/4534 [=========>....................] - ETA: 1s - loss: 0.0281 - acc: 0.9923
1664/4534 [==========>...................] - ETA: 1s - loss: 0.0278 - acc: 0.9916
1760/4534 [==========>...................] - ETA: 1s - loss: 0.0276 - acc: 0.9915
1856/4534 [===========>..................] - ETA: 1s - loss: 0.0265 - acc: 0.9919
1952/4534 [===========>..................] - ETA: 1s - loss: 0.0267 - acc: 0.9918
2048/4534 [============>.................] - ETA: 1s - loss: 0.0341 - acc: 0.9917
2144/4534 [=============>................] - ETA: 1s - loss: 0.0363 - acc: 0.9911
2240/4534 [=============>................] - ETA: 1s - loss: 0.0423 - acc: 0.9911
2336/4534 [==============>...............] - ETA: 1s - loss: 0.0412 - acc: 0.9914
2432/4534 [===============>..............] - ETA: 1s - loss: 0.0469 - acc: 0.9914
2528/4534 [===============>..............] - ETA: 1s - loss: 0.0464 - acc: 0.9905
2624/4534 [================>.............] - ETA: 1s - loss: 0.0449 - acc: 0.9909
2720/4534 [================>.............] - ETA: 1s - loss: 0.0464 - acc: 0.9897
2816/4534 [=================>............] - ETA: 1s - loss: 0.0450 - acc: 0.9901
2912/4534 [==================>...........] - ETA: 1s - loss: 0.0441 - acc: 0.9900
3008/4534 [==================>...........] - ETA: 0s - loss: 0.0482 - acc: 0.9900
3104/4534 [===================>..........] - ETA: 0s - loss: 0.0527 - acc: 0.9897
3200/4534 [====================>.........] - ETA: 0s - loss: 0.0513 - acc: 0.9900
3296/4534 [====================>.........] - ETA: 0s - loss: 0.0565 - acc: 0.9897
3392/4534 [=====================>........] - ETA: 0s - loss: 0.0562 - acc: 0.9897
3488/4534 [======================>.......] - ETA: 0s - loss: 0.0559 - acc: 0.9894
3584/4534 [======================>.......] - ETA: 0s - loss: 0.0548 - acc: 0.9897
3680/4534 [=======================>......] - ETA: 0s - loss: 0.0544 - acc: 0.9894
3776/4534 [=======================>......] - ETA: 0s - loss: 0.0534 - acc: 0.9897
3872/4534 [========================>.....] - ETA: 0s - loss: 0.0530 - acc: 0.9894
3968/4534 [=========================>....] - ETA: 0s - loss: 0.0520 - acc: 0.9894
4064/4534 [=========================>....] - ETA: 0s - loss: 0.0513 - acc: 0.9894
4160/4534 [==========================>...] - ETA: 0s - loss: 0.0516 - acc: 0.9892
4256/4534 [===========================>..] - ETA: 0s - loss: 0.0507 - acc: 0.9894
4352/4534 [===========================>..] - ETA: 0s - loss: 0.0502 - acc: 0.9894
4448/4534 [============================>.] - ETA: 0s - loss: 0.0493 - acc: 0.9897
4534/4534 [==============================] - 4s 869us/step - loss: 0.0487 - acc: 0.9899 - val_loss: 8.8834 - val_acc: 0.4489
Epoch 13/1000

  32/4534 [..............................] - ETA: 2s - loss: 0.0076 - acc: 1.0000
 128/4534 [..............................] - ETA: 2s - loss: 0.1392 - acc: 0.9922
 224/4534 [>.............................] - ETA: 2s - loss: 0.0857 - acc: 0.9955
 320/4534 [=>............................] - ETA: 2s - loss: 0.0606 - acc: 0.9969
 416/4534 [=>............................] - ETA: 2s - loss: 0.0561 - acc: 0.9952
 512/4534 [==>...........................] - ETA: 2s - loss: 0.0865 - acc: 0.9902
 608/4534 [===>..........................] - ETA: 2s - loss: 0.0731 - acc: 0.9918
 704/4534 [===>..........................] - ETA: 2s - loss: 0.0708 - acc: 0.9901
 800/4534 [====>.........................] - ETA: 2s - loss: 0.0652 - acc: 0.9900
 896/4534 [====>.........................] - ETA: 2s - loss: 0.0591 - acc: 0.9911
 992/4534 [=====>........................] - ETA: 2s - loss: 0.0536 - acc: 0.9919
1088/4534 [======>.......................] - ETA: 2s - loss: 0.0498 - acc: 0.9926
1184/4534 [======>.......................] - ETA: 2s - loss: 0.0471 - acc: 0.9924
1280/4534 [=======>......................] - ETA: 2s - loss: 0.0472 - acc: 0.9922
1376/4534 [========>.....................] - ETA: 1s - loss: 0.0448 - acc: 0.9920
1472/4534 [========>.....................] - ETA: 1s - loss: 0.0433 - acc: 0.9918
1568/4534 [=========>....................] - ETA: 1s - loss: 0.0413 - acc: 0.9923
1664/4534 [==========>...................] - ETA: 1s - loss: 0.0394 - acc: 0.9928
1760/4534 [==========>...................] - ETA: 1s - loss: 0.0379 - acc: 0.9926
1856/4534 [===========>..................] - ETA: 1s - loss: 0.0363 - acc: 0.9930
1952/4534 [===========>..................] - ETA: 1s - loss: 0.0347 - acc: 0.9933
2048/4534 [============>.................] - ETA: 1s - loss: 0.0343 - acc: 0.9932
2144/4534 [=============>................] - ETA: 1s - loss: 0.0328 - acc: 0.9935
2240/4534 [=============>................] - ETA: 1s - loss: 0.0315 - acc: 0.9938
2336/4534 [==============>...............] - ETA: 1s - loss: 0.0315 - acc: 0.9932
2432/4534 [===============>..............] - ETA: 1s - loss: 0.0325 - acc: 0.9926
2528/4534 [===============>..............] - ETA: 1s - loss: 0.0314 - acc: 0.9929
2624/4534 [================>.............] - ETA: 1s - loss: 0.0303 - acc: 0.9931
2720/4534 [================>.............] - ETA: 1s - loss: 0.0352 - acc: 0.9930
2816/4534 [=================>............] - ETA: 1s - loss: 0.0343 - acc: 0.9933
2912/4534 [==================>...........] - ETA: 1s - loss: 0.0333 - acc: 0.9935
3008/4534 [==================>...........] - ETA: 0s - loss: 0.0349 - acc: 0.9927
3104/4534 [===================>..........] - ETA: 0s - loss: 0.0339 - acc: 0.9929
3200/4534 [====================>.........] - ETA: 0s - loss: 0.0333 - acc: 0.9931
3296/4534 [====================>.........] - ETA: 0s - loss: 0.0329 - acc: 0.9930
3392/4534 [=====================>........] - ETA: 0s - loss: 0.0321 - acc: 0.9932
3488/4534 [======================>.......] - ETA: 0s - loss: 0.0361 - acc: 0.9931
3584/4534 [======================>.......] - ETA: 0s - loss: 0.0353 - acc: 0.9933
3680/4534 [=======================>......] - ETA: 0s - loss: 0.0346 - acc: 0.9935
3776/4534 [=======================>......] - ETA: 0s - loss: 0.0344 - acc: 0.9934
3872/4534 [========================>.....] - ETA: 0s - loss: 0.0336 - acc: 0.9935
3968/4534 [=========================>....] - ETA: 0s - loss: 0.0330 - acc: 0.9937
4064/4534 [=========================>....] - ETA: 0s - loss: 0.0336 - acc: 0.9934
4160/4534 [==========================>...] - ETA: 0s - loss: 0.0329 - acc: 0.9935
4256/4534 [===========================>..] - ETA: 0s - loss: 0.0331 - acc: 0.9930
4352/4534 [===========================>..] - ETA: 0s - loss: 0.0436 - acc: 0.9924
4448/4534 [============================>.] - ETA: 0s - loss: 0.0427 - acc: 0.9926
4534/4534 [==============================] - 4s 870us/step - loss: 0.0434 - acc: 0.9923 - val_loss: 8.8834 - val_acc: 0.4489
Epoch 14/1000

  32/4534 [..............................] - ETA: 2s - loss: 4.3078e-05 - acc: 1.0000
 128/4534 [..............................] - ETA: 2s - loss: 0.0021 - acc: 1.0000    
 224/4534 [>.............................] - ETA: 2s - loss: 0.0043 - acc: 1.0000
 320/4534 [=>............................] - ETA: 2s - loss: 0.0036 - acc: 1.0000
 416/4534 [=>............................] - ETA: 2s - loss: 0.0106 - acc: 0.9952
 512/4534 [==>...........................] - ETA: 2s - loss: 0.0409 - acc: 0.9941
 608/4534 [===>..........................] - ETA: 2s - loss: 0.0404 - acc: 0.9918
 704/4534 [===>..........................] - ETA: 2s - loss: 0.0369 - acc: 0.9929
 800/4534 [====>.........................] - ETA: 2s - loss: 0.0384 - acc: 0.9912
 896/4534 [====>.........................] - ETA: 2s - loss: 0.0344 - acc: 0.9922
 992/4534 [=====>........................] - ETA: 2s - loss: 0.0342 - acc: 0.9909
1088/4534 [======>.......................] - ETA: 2s - loss: 0.0474 - acc: 0.9899
1184/4534 [======>.......................] - ETA: 2s - loss: 0.0449 - acc: 0.9899
1280/4534 [=======>......................] - ETA: 2s - loss: 0.0422 - acc: 0.9906
1376/4534 [========>.....................] - ETA: 1s - loss: 0.0397 - acc: 0.9913
1472/4534 [========>.....................] - ETA: 1s - loss: 0.0374 - acc: 0.9918
1568/4534 [=========>....................] - ETA: 1s - loss: 0.0357 - acc: 0.9917
1664/4534 [==========>...................] - ETA: 1s - loss: 0.0359 - acc: 0.9910
1760/4534 [==========>...................] - ETA: 1s - loss: 0.0473 - acc: 0.9892
1856/4534 [===========>..................] - ETA: 1s - loss: 0.0450 - acc: 0.9898
1952/4534 [===========>..................] - ETA: 1s - loss: 0.0441 - acc: 0.9898
2048/4534 [============>.................] - ETA: 1s - loss: 0.0427 - acc: 0.9897
2144/4534 [=============>................] - ETA: 1s - loss: 0.0489 - acc: 0.9893
2240/4534 [=============>................] - ETA: 1s - loss: 0.0472 - acc: 0.9897
2336/4534 [==============>...............] - ETA: 1s - loss: 0.0467 - acc: 0.9897
2432/4534 [===============>..............] - ETA: 1s - loss: 0.0449 - acc: 0.9901
2528/4534 [===============>..............] - ETA: 1s - loss: 0.0443 - acc: 0.9901
2624/4534 [================>.............] - ETA: 1s - loss: 0.0429 - acc: 0.9905
2720/4534 [================>.............] - ETA: 1s - loss: 0.0417 - acc: 0.9908
2816/4534 [=================>............] - ETA: 1s - loss: 0.0407 - acc: 0.9908
2912/4534 [==================>...........] - ETA: 1s - loss: 0.0395 - acc: 0.9911
3008/4534 [==================>...........] - ETA: 0s - loss: 0.0384 - acc: 0.9914
3104/4534 [===================>..........] - ETA: 0s - loss: 0.0425 - acc: 0.9913
3200/4534 [====================>.........] - ETA: 0s - loss: 0.0419 - acc: 0.9912
3296/4534 [====================>.........] - ETA: 0s - loss: 0.0424 - acc: 0.9909
3392/4534 [=====================>........] - ETA: 0s - loss: 0.0415 - acc: 0.9912
3488/4534 [======================>.......] - ETA: 0s - loss: 0.0409 - acc: 0.9911
3584/4534 [======================>.......] - ETA: 0s - loss: 0.0401 - acc: 0.9911
3680/4534 [=======================>......] - ETA: 0s - loss: 0.0392 - acc: 0.9913
3776/4534 [=======================>......] - ETA: 0s - loss: 0.0431 - acc: 0.9910
3872/4534 [========================>.....] - ETA: 0s - loss: 0.0421 - acc: 0.9912
3968/4534 [=========================>....] - ETA: 0s - loss: 0.0420 - acc: 0.9912
4064/4534 [=========================>....] - ETA: 0s - loss: 0.0411 - acc: 0.9914
4160/4534 [==========================>...] - ETA: 0s - loss: 0.0453 - acc: 0.9909
4256/4534 [===========================>..] - ETA: 0s - loss: 0.0459 - acc: 0.9908
4352/4534 [===========================>..] - ETA: 0s - loss: 0.0450 - acc: 0.9910
4448/4534 [============================>.] - ETA: 0s - loss: 0.0447 - acc: 0.9910
4534/4534 [==============================] - 4s 869us/step - loss: 0.0443 - acc: 0.9910 - val_loss: 7.1558 - val_acc: 0.5511
Epoch 15/1000

  32/4534 [..............................] - ETA: 2s - loss: 0.0275 - acc: 1.0000
 128/4534 [..............................] - ETA: 2s - loss: 0.0489 - acc: 0.9766
 224/4534 [>.............................] - ETA: 2s - loss: 0.1028 - acc: 0.9821
 320/4534 [=>............................] - ETA: 2s - loss: 0.0739 - acc: 0.9875
 416/4534 [=>............................] - ETA: 2s - loss: 0.0978 - acc: 0.9880
 512/4534 [==>...........................] - ETA: 2s - loss: 0.0803 - acc: 0.9902
 608/4534 [===>..........................] - ETA: 2s - loss: 0.1019 - acc: 0.9885
 704/4534 [===>..........................] - ETA: 2s - loss: 0.0905 - acc: 0.9901
 800/4534 [====>.........................] - ETA: 2s - loss: 0.0801 - acc: 0.9912
 896/4534 [====>.........................] - ETA: 2s - loss: 0.0722 - acc: 0.9922
 992/4534 [=====>........................] - ETA: 2s - loss: 0.0687 - acc: 0.9919
1088/4534 [======>.......................] - ETA: 2s - loss: 0.0676 - acc: 0.9908
1184/4534 [======>.......................] - ETA: 2s - loss: 0.0631 - acc: 0.9916
1280/4534 [=======>......................] - ETA: 2s - loss: 0.0588 - acc: 0.9922
1376/4534 [========>.....................] - ETA: 1s - loss: 0.0550 - acc: 0.9927
1472/4534 [========>.....................] - ETA: 1s - loss: 0.0522 - acc: 0.9932
1568/4534 [=========>....................] - ETA: 1s - loss: 0.0706 - acc: 0.9917
1664/4534 [==========>...................] - ETA: 1s - loss: 0.0687 - acc: 0.9916
1760/4534 [==========>...................] - ETA: 1s - loss: 0.0650 - acc: 0.9920
1856/4534 [===========>..................] - ETA: 1s - loss: 0.0618 - acc: 0.9925
1952/4534 [===========>..................] - ETA: 1s - loss: 0.0588 - acc: 0.9928
2048/4534 [============>.................] - ETA: 1s - loss: 0.0562 - acc: 0.9932
2144/4534 [=============>................] - ETA: 1s - loss: 0.0539 - acc: 0.9935
2240/4534 [=============>................] - ETA: 1s - loss: 0.0518 - acc: 0.9938
2336/4534 [==============>...............] - ETA: 1s - loss: 0.0505 - acc: 0.9936
2432/4534 [===============>..............] - ETA: 1s - loss: 0.0493 - acc: 0.9934
2528/4534 [===============>..............] - ETA: 1s - loss: 0.0475 - acc: 0.9937
2624/4534 [================>.............] - ETA: 1s - loss: 0.0465 - acc: 0.9935
2720/4534 [================>.............] - ETA: 1s - loss: 0.0509 - acc: 0.9934
2816/4534 [=================>............] - ETA: 1s - loss: 0.0493 - acc: 0.9936
2912/4534 [==================>...........] - ETA: 1s - loss: 0.0486 - acc: 0.9935
3008/4534 [==================>...........] - ETA: 0s - loss: 0.0471 - acc: 0.9937
3104/4534 [===================>..........] - ETA: 0s - loss: 0.0456 - acc: 0.9939
3200/4534 [====================>.........] - ETA: 0s - loss: 0.0448 - acc: 0.9938
3296/4534 [====================>.........] - ETA: 0s - loss: 0.0437 - acc: 0.9939
3392/4534 [=====================>........] - ETA: 0s - loss: 0.0441 - acc: 0.9938
3488/4534 [======================>.......] - ETA: 0s - loss: 0.0438 - acc: 0.9937
3584/4534 [======================>.......] - ETA: 0s - loss: 0.0427 - acc: 0.9939
3680/4534 [=======================>......] - ETA: 0s - loss: 0.0418 - acc: 0.9940
3776/4534 [=======================>......] - ETA: 0s - loss: 0.0424 - acc: 0.9934
3872/4534 [========================>.....] - ETA: 0s - loss: 0.0414 - acc: 0.9935
3968/4534 [=========================>....] - ETA: 0s - loss: 0.0405 - acc: 0.9937
4064/4534 [=========================>....] - ETA: 0s - loss: 0.0397 - acc: 0.9938
4160/4534 [==========================>...] - ETA: 0s - loss: 0.0389 - acc: 0.9940
4256/4534 [===========================>..] - ETA: 0s - loss: 0.0392 - acc: 0.9939
4352/4534 [===========================>..] - ETA: 0s - loss: 0.0384 - acc: 0.9940
4448/4534 [============================>.] - ETA: 0s - loss: 0.0379 - acc: 0.9939
4534/4534 [==============================] - 4s 866us/step - loss: 0.0409 - acc: 0.9938 - val_loss: 7.1558 - val_acc: 0.5511
Epoch 16/1000

  32/4534 [..............................] - ETA: 2s - loss: 0.0111 - acc: 1.0000
 128/4534 [..............................] - ETA: 2s - loss: 0.0112 - acc: 1.0000
 224/4534 [>.............................] - ETA: 2s - loss: 0.0070 - acc: 1.0000
 320/4534 [=>............................] - ETA: 2s - loss: 0.0135 - acc: 0.9969
 416/4534 [=>............................] - ETA: 2s - loss: 0.0110 - acc: 0.9976
 512/4534 [==>...........................] - ETA: 2s - loss: 0.0188 - acc: 0.9941
 608/4534 [===>..........................] - ETA: 2s - loss: 0.0184 - acc: 0.9934
 704/4534 [===>..........................] - ETA: 2s - loss: 0.0165 - acc: 0.9943
 800/4534 [====>.........................] - ETA: 2s - loss: 0.0150 - acc: 0.9950
 896/4534 [====>.........................] - ETA: 2s - loss: 0.0358 - acc: 0.9922
 992/4534 [=====>........................] - ETA: 2s - loss: 0.0373 - acc: 0.9909
1088/4534 [======>.......................] - ETA: 2s - loss: 0.0359 - acc: 0.9908
1184/4534 [======>.......................] - ETA: 2s - loss: 0.0334 - acc: 0.9916
1280/4534 [=======>......................] - ETA: 2s - loss: 0.0318 - acc: 0.9922
1376/4534 [========>.....................] - ETA: 1s - loss: 0.0311 - acc: 0.9920
1472/4534 [========>.....................] - ETA: 1s - loss: 0.0294 - acc: 0.9925
1568/4534 [=========>....................] - ETA: 1s - loss: 0.0281 - acc: 0.9930
1664/4534 [==========>...................] - ETA: 1s - loss: 0.0362 - acc: 0.9928
1760/4534 [==========>...................] - ETA: 1s - loss: 0.0369 - acc: 0.9920
1856/4534 [===========>..................] - ETA: 1s - loss: 0.0360 - acc: 0.9919
1952/4534 [===========>..................] - ETA: 1s - loss: 0.0347 - acc: 0.9918
2048/4534 [============>.................] - ETA: 1s - loss: 0.0333 - acc: 0.9922
2144/4534 [=============>................] - ETA: 1s - loss: 0.0328 - acc: 0.9921
2240/4534 [=============>................] - ETA: 1s - loss: 0.0315 - acc: 0.9924
2336/4534 [==============>...............] - ETA: 1s - loss: 0.0307 - acc: 0.9927
2432/4534 [===============>..............] - ETA: 1s - loss: 0.0306 - acc: 0.9922
2528/4534 [===============>..............] - ETA: 1s - loss: 0.0295 - acc: 0.9925
2624/4534 [================>.............] - ETA: 1s - loss: 0.0291 - acc: 0.9924
2720/4534 [================>.............] - ETA: 1s - loss: 0.0287 - acc: 0.9923
2816/4534 [=================>............] - ETA: 1s - loss: 0.0285 - acc: 0.9918
2912/4534 [==================>...........] - ETA: 1s - loss: 0.0276 - acc: 0.9921
3008/4534 [==================>...........] - ETA: 0s - loss: 0.0268 - acc: 0.9924
3104/4534 [===================>..........] - ETA: 0s - loss: 0.0263 - acc: 0.9926
3200/4534 [====================>.........] - ETA: 0s - loss: 0.0273 - acc: 0.9925
3296/4534 [====================>.........] - ETA: 0s - loss: 0.0266 - acc: 0.9927
3392/4534 [=====================>........] - ETA: 0s - loss: 0.0260 - acc: 0.9929
3488/4534 [======================>.......] - ETA: 0s - loss: 0.0284 - acc: 0.9925
3584/4534 [======================>.......] - ETA: 0s - loss: 0.0279 - acc: 0.9927
3680/4534 [=======================>......] - ETA: 0s - loss: 0.0275 - acc: 0.9927
3776/4534 [=======================>......] - ETA: 0s - loss: 0.0355 - acc: 0.9921
3872/4534 [========================>.....] - ETA: 0s - loss: 0.0389 - acc: 0.9920
3968/4534 [=========================>....] - ETA: 0s - loss: 0.0387 - acc: 0.9917
4064/4534 [=========================>....] - ETA: 0s - loss: 0.0381 - acc: 0.9919
4160/4534 [==========================>...] - ETA: 0s - loss: 0.0416 - acc: 0.9916
4256/4534 [===========================>..] - ETA: 0s - loss: 0.0417 - acc: 0.9915
4352/4534 [===========================>..] - ETA: 0s - loss: 0.0408 - acc: 0.9917
4448/4534 [============================>.] - ETA: 0s - loss: 0.0407 - acc: 0.9915
4534/4534 [==============================] - 4s 867us/step - loss: 0.0436 - acc: 0.9914 - val_loss: 7.1558 - val_acc: 0.5511
Epoch 17/1000

  32/4534 [..............................] - ETA: 2s - loss: 0.0330 - acc: 1.0000
 128/4534 [..............................] - ETA: 2s - loss: 0.0136 - acc: 1.0000
 224/4534 [>.............................] - ETA: 2s - loss: 0.0850 - acc: 0.9955
 320/4534 [=>............................] - ETA: 2s - loss: 0.0621 - acc: 0.9969
 416/4534 [=>............................] - ETA: 2s - loss: 0.0544 - acc: 0.9976
 512/4534 [==>...........................] - ETA: 2s - loss: 0.0450 - acc: 0.9980
 608/4534 [===>..........................] - ETA: 2s - loss: 0.0424 - acc: 0.9967
 704/4534 [===>..........................] - ETA: 2s - loss: 0.0367 - acc: 0.9972
 800/4534 [====>.........................] - ETA: 2s - loss: 0.0393 - acc: 0.9950
 896/4534 [====>.........................] - ETA: 2s - loss: 0.0566 - acc: 0.9933
 992/4534 [=====>........................] - ETA: 2s - loss: 0.0532 - acc: 0.9929
1088/4534 [======>.......................] - ETA: 2s - loss: 0.0655 - acc: 0.9917
1184/4534 [======>.......................] - ETA: 2s - loss: 0.0603 - acc: 0.9924
1280/4534 [=======>......................] - ETA: 2s - loss: 0.0562 - acc: 0.9930
1376/4534 [========>.....................] - ETA: 1s - loss: 0.0528 - acc: 0.9935
1472/4534 [========>.....................] - ETA: 1s - loss: 0.0509 - acc: 0.9932
1568/4534 [=========>....................] - ETA: 1s - loss: 0.0484 - acc: 0.9936
1664/4534 [==========>...................] - ETA: 1s - loss: 0.0457 - acc: 0.9940
1760/4534 [==========>...................] - ETA: 1s - loss: 0.0437 - acc: 0.9943
1856/4534 [===========>..................] - ETA: 1s - loss: 0.0416 - acc: 0.9946
1952/4534 [===========>..................] - ETA: 1s - loss: 0.0398 - acc: 0.9949
2048/4534 [============>.................] - ETA: 1s - loss: 0.0382 - acc: 0.9951
2144/4534 [=============>................] - ETA: 1s - loss: 0.0379 - acc: 0.9944
2240/4534 [=============>................] - ETA: 1s - loss: 0.0437 - acc: 0.9942
2336/4534 [==============>...............] - ETA: 1s - loss: 0.0422 - acc: 0.9944
2432/4534 [===============>..............] - ETA: 1s - loss: 0.0406 - acc: 0.9947
2528/4534 [===============>..............] - ETA: 1s - loss: 0.0405 - acc: 0.9945
2624/4534 [================>.............] - ETA: 1s - loss: 0.0402 - acc: 0.9943
2720/4534 [================>.............] - ETA: 1s - loss: 0.0394 - acc: 0.9941
2816/4534 [=================>............] - ETA: 1s - loss: 0.0409 - acc: 0.9936
2912/4534 [==================>...........] - ETA: 1s - loss: 0.0398 - acc: 0.9938
3008/4534 [==================>...........] - ETA: 0s - loss: 0.0395 - acc: 0.9934
3104/4534 [===================>..........] - ETA: 0s - loss: 0.0435 - acc: 0.9932
3200/4534 [====================>.........] - ETA: 0s - loss: 0.0433 - acc: 0.9928
3296/4534 [====================>.........] - ETA: 0s - loss: 0.0470 - acc: 0.9927
3392/4534 [=====================>........] - ETA: 0s - loss: 0.0468 - acc: 0.9926
3488/4534 [======================>.......] - ETA: 0s - loss: 0.0456 - acc: 0.9928
3584/4534 [======================>.......] - ETA: 0s - loss: 0.0445 - acc: 0.9930
3680/4534 [=======================>......] - ETA: 0s - loss: 0.0434 - acc: 0.9932
3776/4534 [=======================>......] - ETA: 0s - loss: 0.0425 - acc: 0.9934
3872/4534 [========================>.....] - ETA: 0s - loss: 0.0421 - acc: 0.9933
3968/4534 [=========================>....] - ETA: 0s - loss: 0.0453 - acc: 0.9932
4064/4534 [=========================>....] - ETA: 0s - loss: 0.0444 - acc: 0.9931
4160/4534 [==========================>...] - ETA: 0s - loss: 0.0436 - acc: 0.9933
4256/4534 [===========================>..] - ETA: 0s - loss: 0.0430 - acc: 0.9932
4352/4534 [===========================>..] - ETA: 0s - loss: 0.0424 - acc: 0.9931
4448/4534 [============================>.] - ETA: 0s - loss: 0.0418 - acc: 0.9930
4534/4534 [==============================] - 4s 868us/step - loss: 0.0452 - acc: 0.9927 - val_loss: 8.8834 - val_acc: 0.4489

  32/1418 [..............................] - ETA: 1s
  96/1418 [=>............................] - ETA: 1s
 160/1418 [==>...........................] - ETA: 1s
 224/1418 [===>..........................] - ETA: 1s
 288/1418 [=====>........................] - ETA: 1s
 352/1418 [======>.......................] - ETA: 1s
 416/1418 [=======>......................] - ETA: 0s
 480/1418 [=========>....................] - ETA: 0s
 544/1418 [==========>...................] - ETA: 0s
 608/1418 [===========>..................] - ETA: 0s
 672/1418 [=============>................] - ETA: 0s
 736/1418 [==============>...............] - ETA: 0s
 800/1418 [===============>..............] - ETA: 0s
 864/1418 [=================>............] - ETA: 0s
 928/1418 [==================>...........] - ETA: 0s
 992/1418 [===================>..........] - ETA: 0s
1056/1418 [=====================>........] - ETA: 0s
1120/1418 [======================>.......] - ETA: 0s
1184/1418 [========================>.....] - ETA: 0s
1248/1418 [=========================>....] - ETA: 0s
1312/1418 [==========================>...] - ETA: 0s
1376/1418 [============================>.] - ETA: 0s
1418/1418 [==============================] - 1s 965us/step
Test acc: 0.5507757404795487
Test auc: 0.5
Execute epoch: 17
Execute time: 72.64209604263306
