_________________________________________________________________
Layer (type)                 Output Shape              Param #   
=================================================================
embedding_1 (Embedding)      (None, None, 128)         297984    
_________________________________________________________________
lstm_1 (LSTM)                (None, None, 64)          49408     
_________________________________________________________________
lstm_2 (LSTM)                (None, None, 64)          33024     
_________________________________________________________________
lstm_3 (LSTM)                (None, 64)                33024     
_________________________________________________________________
dense_1 (Dense)              (None, 16)                1040      
_________________________________________________________________
dense_2 (Dense)              (None, 1)                 17        
=================================================================
Total params: 414,497
Trainable params: 414,497
Non-trainable params: 0
_________________________________________________________________
Train on 4534 samples, validate on 1134 samples
Epoch 1/1000

  32/4534 [..............................] - ETA: 7:58 - loss: 0.6933 - acc: 0.3438
  96/4534 [..............................] - ETA: 2:40 - loss: 0.6928 - acc: 0.5312
 160/4534 [>.............................] - ETA: 1:36 - loss: 0.6925 - acc: 0.5563
 224/4534 [>.............................] - ETA: 1:08 - loss: 0.6925 - acc: 0.5536
 288/4534 [>.............................] - ETA: 53s - loss: 0.6923 - acc: 0.5556 
 352/4534 [=>............................] - ETA: 43s - loss: 0.6924 - acc: 0.5483
 416/4534 [=>............................] - ETA: 37s - loss: 0.6919 - acc: 0.5553
 480/4534 [==>...........................] - ETA: 32s - loss: 0.6915 - acc: 0.5604
 544/4534 [==>...........................] - ETA: 28s - loss: 0.6914 - acc: 0.5588
 608/4534 [===>..........................] - ETA: 25s - loss: 0.6908 - acc: 0.5658
 672/4534 [===>..........................] - ETA: 22s - loss: 0.6900 - acc: 0.5729
 736/4534 [===>..........................] - ETA: 20s - loss: 0.6898 - acc: 0.5720
 800/4534 [====>.........................] - ETA: 19s - loss: 0.6898 - acc: 0.5687
 864/4534 [====>.........................] - ETA: 17s - loss: 0.6890 - acc: 0.5718
 928/4534 [=====>........................] - ETA: 16s - loss: 0.6882 - acc: 0.5733
 992/4534 [=====>........................] - ETA: 15s - loss: 0.6882 - acc: 0.5685
1056/4534 [=====>........................] - ETA: 14s - loss: 0.6874 - acc: 0.5682
1120/4534 [======>.......................] - ETA: 13s - loss: 0.6872 - acc: 0.5643
1184/4534 [======>.......................] - ETA: 12s - loss: 0.6873 - acc: 0.5591
1248/4534 [=======>......................] - ETA: 11s - loss: 0.6850 - acc: 0.5601
1312/4534 [=======>......................] - ETA: 11s - loss: 0.6830 - acc: 0.5587
1376/4534 [========>.....................] - ETA: 10s - loss: 0.6784 - acc: 0.5610
1440/4534 [========>.....................] - ETA: 10s - loss: 0.6741 - acc: 0.5611
1504/4534 [========>.....................] - ETA: 9s - loss: 0.6646 - acc: 0.5638 
1568/4534 [=========>....................] - ETA: 9s - loss: 0.6526 - acc: 0.5689
1632/4534 [=========>....................] - ETA: 8s - loss: 0.6439 - acc: 0.5711
1696/4534 [==========>...................] - ETA: 8s - loss: 0.6436 - acc: 0.5743
1760/4534 [==========>...................] - ETA: 7s - loss: 0.6437 - acc: 0.5722
1824/4534 [===========>..................] - ETA: 7s - loss: 0.6362 - acc: 0.5735
1888/4534 [===========>..................] - ETA: 7s - loss: 0.6310 - acc: 0.5699
1952/4534 [===========>..................] - ETA: 6s - loss: 0.6250 - acc: 0.5727
2016/4534 [============>.................] - ETA: 6s - loss: 0.6203 - acc: 0.5823
2080/4534 [============>.................] - ETA: 6s - loss: 0.6160 - acc: 0.5913
2144/4534 [=============>................] - ETA: 5s - loss: 0.6121 - acc: 0.6007
2208/4534 [=============>................] - ETA: 5s - loss: 0.6051 - acc: 0.6123
2272/4534 [==============>...............] - ETA: 5s - loss: 0.6005 - acc: 0.6202
2336/4534 [==============>...............] - ETA: 5s - loss: 0.5950 - acc: 0.6289
2400/4534 [==============>...............] - ETA: 4s - loss: 0.5993 - acc: 0.6375
2464/4534 [===============>..............] - ETA: 4s - loss: 0.5915 - acc: 0.6465
2528/4534 [===============>..............] - ETA: 4s - loss: 0.5902 - acc: 0.6507
2592/4534 [================>.............] - ETA: 4s - loss: 0.5819 - acc: 0.6586
2656/4534 [================>.............] - ETA: 4s - loss: 0.5789 - acc: 0.6638
2720/4534 [================>.............] - ETA: 3s - loss: 0.5732 - acc: 0.6684
2784/4534 [=================>............] - ETA: 3s - loss: 0.5658 - acc: 0.6728
2848/4534 [=================>............] - ETA: 3s - loss: 0.5585 - acc: 0.6777
2912/4534 [==================>...........] - ETA: 3s - loss: 0.5492 - acc: 0.6837
2976/4534 [==================>...........] - ETA: 3s - loss: 0.5420 - acc: 0.6885
3040/4534 [===================>..........] - ETA: 2s - loss: 0.5327 - acc: 0.6944
3104/4534 [===================>..........] - ETA: 2s - loss: 0.5248 - acc: 0.6997
3168/4534 [===================>..........] - ETA: 2s - loss: 0.5169 - acc: 0.7049
3232/4534 [====================>.........] - ETA: 2s - loss: 0.5085 - acc: 0.7104
3296/4534 [====================>.........] - ETA: 2s - loss: 0.5007 - acc: 0.7154
3360/4534 [=====================>........] - ETA: 2s - loss: 0.4963 - acc: 0.7205
3424/4534 [=====================>........] - ETA: 2s - loss: 0.4891 - acc: 0.7249
3488/4534 [======================>.......] - ETA: 1s - loss: 0.4905 - acc: 0.7282
3552/4534 [======================>.......] - ETA: 1s - loss: 0.4833 - acc: 0.7325
3616/4534 [======================>.......] - ETA: 1s - loss: 0.4786 - acc: 0.7359
3680/4534 [=======================>......] - ETA: 1s - loss: 0.4732 - acc: 0.7389
3744/4534 [=======================>......] - ETA: 1s - loss: 0.4673 - acc: 0.7425
3808/4534 [========================>.....] - ETA: 1s - loss: 0.4635 - acc: 0.7455
3872/4534 [========================>.....] - ETA: 1s - loss: 0.4584 - acc: 0.7492
3936/4534 [=========================>....] - ETA: 1s - loss: 0.4531 - acc: 0.7528
4000/4534 [=========================>....] - ETA: 0s - loss: 0.4490 - acc: 0.7558
4064/4534 [=========================>....] - ETA: 0s - loss: 0.4442 - acc: 0.7586
4128/4534 [==========================>...] - ETA: 0s - loss: 0.4400 - acc: 0.7614
4192/4534 [==========================>...] - ETA: 0s - loss: 0.4359 - acc: 0.7638
4256/4534 [===========================>..] - ETA: 0s - loss: 0.4307 - acc: 0.7667
4320/4534 [===========================>..] - ETA: 0s - loss: 0.4262 - acc: 0.7692
4384/4534 [============================>.] - ETA: 0s - loss: 0.4207 - acc: 0.7724
4448/4534 [============================>.] - ETA: 0s - loss: 0.4162 - acc: 0.7747
4512/4534 [============================>.] - ETA: 0s - loss: 0.4122 - acc: 0.7775
4534/4534 [==============================] - 9s 2ms/step - loss: 0.4108 - acc: 0.7781 - val_loss: 9.1251 - val_acc: 0.4339
Epoch 2/1000

  32/4534 [..............................] - ETA: 4s - loss: 0.0621 - acc: 0.9688
  96/4534 [..............................] - ETA: 4s - loss: 0.1276 - acc: 0.9792
 160/4534 [>.............................] - ETA: 3s - loss: 0.1060 - acc: 0.9688
 224/4534 [>.............................] - ETA: 3s - loss: 0.0836 - acc: 0.9732
 288/4534 [>.............................] - ETA: 3s - loss: 0.0736 - acc: 0.9792
 352/4534 [=>............................] - ETA: 3s - loss: 0.0725 - acc: 0.9773
 416/4534 [=>............................] - ETA: 3s - loss: 0.0732 - acc: 0.9736
 480/4534 [==>...........................] - ETA: 3s - loss: 0.0695 - acc: 0.9750
 544/4534 [==>...........................] - ETA: 3s - loss: 0.0664 - acc: 0.9761
 608/4534 [===>..........................] - ETA: 3s - loss: 0.0631 - acc: 0.9786
 672/4534 [===>..........................] - ETA: 3s - loss: 0.0618 - acc: 0.9792
 736/4534 [===>..........................] - ETA: 3s - loss: 0.0632 - acc: 0.9783
 800/4534 [====>.........................] - ETA: 3s - loss: 0.0635 - acc: 0.9775
 864/4534 [====>.........................] - ETA: 3s - loss: 0.0615 - acc: 0.9780
 928/4534 [=====>........................] - ETA: 3s - loss: 0.0608 - acc: 0.9774
 992/4534 [=====>........................] - ETA: 3s - loss: 0.0597 - acc: 0.9778
1056/4534 [=====>........................] - ETA: 3s - loss: 0.0602 - acc: 0.9782
1120/4534 [======>.......................] - ETA: 3s - loss: 0.0592 - acc: 0.9786
1184/4534 [======>.......................] - ETA: 2s - loss: 0.0585 - acc: 0.9789
1248/4534 [=======>......................] - ETA: 2s - loss: 0.0562 - acc: 0.9800
1312/4534 [=======>......................] - ETA: 2s - loss: 0.0549 - acc: 0.9809
1376/4534 [========>.....................] - ETA: 2s - loss: 0.0536 - acc: 0.9811
1440/4534 [========>.....................] - ETA: 2s - loss: 0.0532 - acc: 0.9812
1504/4534 [========>.....................] - ETA: 2s - loss: 0.0515 - acc: 0.9820
1568/4534 [=========>....................] - ETA: 2s - loss: 0.0611 - acc: 0.9815
1632/4534 [=========>....................] - ETA: 2s - loss: 0.0617 - acc: 0.9804
1696/4534 [==========>...................] - ETA: 2s - loss: 0.0610 - acc: 0.9805
1760/4534 [==========>...................] - ETA: 2s - loss: 0.0612 - acc: 0.9807
1824/4534 [===========>..................] - ETA: 2s - loss: 0.0596 - acc: 0.9808
1888/4534 [===========>..................] - ETA: 2s - loss: 0.0579 - acc: 0.9815
1952/4534 [===========>..................] - ETA: 2s - loss: 0.0676 - acc: 0.9805
2016/4534 [============>.................] - ETA: 2s - loss: 0.0682 - acc: 0.9802
2080/4534 [============>.................] - ETA: 2s - loss: 0.0670 - acc: 0.9803
2144/4534 [=============>................] - ETA: 2s - loss: 0.0669 - acc: 0.9804
2208/4534 [=============>................] - ETA: 2s - loss: 0.0669 - acc: 0.9805
2272/4534 [==============>...............] - ETA: 2s - loss: 0.0671 - acc: 0.9806
2336/4534 [==============>...............] - ETA: 1s - loss: 0.0669 - acc: 0.9807
2400/4534 [==============>...............] - ETA: 1s - loss: 0.0669 - acc: 0.9808
2464/4534 [===============>..............] - ETA: 1s - loss: 0.0666 - acc: 0.9809
2528/4534 [===============>..............] - ETA: 1s - loss: 0.0680 - acc: 0.9798
2592/4534 [================>.............] - ETA: 1s - loss: 0.0671 - acc: 0.9799
2656/4534 [================>.............] - ETA: 1s - loss: 0.0673 - acc: 0.9797
2720/4534 [================>.............] - ETA: 1s - loss: 0.0678 - acc: 0.9798
2784/4534 [=================>............] - ETA: 1s - loss: 0.0697 - acc: 0.9799
2848/4534 [=================>............] - ETA: 1s - loss: 0.0697 - acc: 0.9800
2912/4534 [==================>...........] - ETA: 1s - loss: 0.0691 - acc: 0.9801
2976/4534 [==================>...........] - ETA: 1s - loss: 0.0695 - acc: 0.9798
3040/4534 [===================>..........] - ETA: 1s - loss: 0.0690 - acc: 0.9799
3104/4534 [===================>..........] - ETA: 1s - loss: 0.0701 - acc: 0.9794
3168/4534 [===================>..........] - ETA: 1s - loss: 0.0708 - acc: 0.9792
3232/4534 [====================>.........] - ETA: 1s - loss: 0.0702 - acc: 0.9793
3296/4534 [====================>.........] - ETA: 1s - loss: 0.0730 - acc: 0.9788
3360/4534 [=====================>........] - ETA: 1s - loss: 0.0727 - acc: 0.9789
3424/4534 [=====================>........] - ETA: 0s - loss: 0.0718 - acc: 0.9793
3488/4534 [======================>.......] - ETA: 0s - loss: 0.0710 - acc: 0.9796
3552/4534 [======================>.......] - ETA: 0s - loss: 0.0711 - acc: 0.9794
3616/4534 [======================>.......] - ETA: 0s - loss: 0.0762 - acc: 0.9787
3680/4534 [=======================>......] - ETA: 0s - loss: 0.0762 - acc: 0.9783
3744/4534 [=======================>......] - ETA: 0s - loss: 0.0782 - acc: 0.9776
3808/4534 [========================>.....] - ETA: 0s - loss: 0.0780 - acc: 0.9772
3872/4534 [========================>.....] - ETA: 0s - loss: 0.0770 - acc: 0.9775
3936/4534 [=========================>....] - ETA: 0s - loss: 0.0771 - acc: 0.9776
4000/4534 [=========================>....] - ETA: 0s - loss: 0.0766 - acc: 0.9775
4064/4534 [=========================>....] - ETA: 0s - loss: 0.0762 - acc: 0.9776
4128/4534 [==========================>...] - ETA: 0s - loss: 0.0758 - acc: 0.9775
4192/4534 [==========================>...] - ETA: 0s - loss: 0.0759 - acc: 0.9773
4256/4534 [===========================>..] - ETA: 0s - loss: 0.0756 - acc: 0.9772
4320/4534 [===========================>..] - ETA: 0s - loss: 0.0757 - acc: 0.9769
4384/4534 [============================>.] - ETA: 0s - loss: 0.0752 - acc: 0.9770
4448/4534 [============================>.] - ETA: 0s - loss: 0.0752 - acc: 0.9768
4512/4534 [============================>.] - ETA: 0s - loss: 0.0747 - acc: 0.9772
4534/4534 [==============================] - 5s 1ms/step - loss: 0.0745 - acc: 0.9773 - val_loss: 8.8550 - val_acc: 0.4506
Epoch 3/1000

  32/4534 [..............................] - ETA: 4s - loss: 0.0583 - acc: 0.9688
  96/4534 [..............................] - ETA: 3s - loss: 0.0318 - acc: 0.9792
 160/4534 [>.............................] - ETA: 3s - loss: 0.0283 - acc: 0.9875
 224/4534 [>.............................] - ETA: 3s - loss: 0.0313 - acc: 0.9821
 288/4534 [>.............................] - ETA: 3s - loss: 0.0264 - acc: 0.9861
 352/4534 [=>............................] - ETA: 3s - loss: 0.0226 - acc: 0.9886
 416/4534 [=>............................] - ETA: 3s - loss: 0.0218 - acc: 0.9904
 480/4534 [==>...........................] - ETA: 3s - loss: 0.0196 - acc: 0.9917
 544/4534 [==>...........................] - ETA: 3s - loss: 0.0197 - acc: 0.9926
 608/4534 [===>..........................] - ETA: 3s - loss: 0.0185 - acc: 0.9934
 672/4534 [===>..........................] - ETA: 3s - loss: 0.0276 - acc: 0.9926
 736/4534 [===>..........................] - ETA: 3s - loss: 0.0351 - acc: 0.9905
 800/4534 [====>.........................] - ETA: 3s - loss: 0.0334 - acc: 0.9912
 864/4534 [====>.........................] - ETA: 3s - loss: 0.0321 - acc: 0.9919
 928/4534 [=====>........................] - ETA: 3s - loss: 0.0398 - acc: 0.9892
 992/4534 [=====>........................] - ETA: 3s - loss: 0.0402 - acc: 0.9889
1056/4534 [=====>........................] - ETA: 3s - loss: 0.0390 - acc: 0.9896
1120/4534 [======>.......................] - ETA: 3s - loss: 0.0383 - acc: 0.9893
1184/4534 [======>.......................] - ETA: 2s - loss: 0.0387 - acc: 0.9890
1248/4534 [=======>......................] - ETA: 2s - loss: 0.0390 - acc: 0.9888
1312/4534 [=======>......................] - ETA: 2s - loss: 0.0387 - acc: 0.9886
1376/4534 [========>.....................] - ETA: 2s - loss: 0.0373 - acc: 0.9891
1440/4534 [========>.....................] - ETA: 2s - loss: 0.0370 - acc: 0.9896
1504/4534 [========>.....................] - ETA: 2s - loss: 0.0363 - acc: 0.9894
1568/4534 [=========>....................] - ETA: 2s - loss: 0.0351 - acc: 0.9898
1632/4534 [=========>....................] - ETA: 2s - loss: 0.0341 - acc: 0.9902
1696/4534 [==========>...................] - ETA: 2s - loss: 0.0333 - acc: 0.9906
1760/4534 [==========>...................] - ETA: 2s - loss: 0.0335 - acc: 0.9898
1824/4534 [===========>..................] - ETA: 2s - loss: 0.0330 - acc: 0.9896
1888/4534 [===========>..................] - ETA: 2s - loss: 0.0328 - acc: 0.9899
1952/4534 [===========>..................] - ETA: 2s - loss: 0.0324 - acc: 0.9903
2016/4534 [============>.................] - ETA: 2s - loss: 0.0315 - acc: 0.9906
2080/4534 [============>.................] - ETA: 2s - loss: 0.0320 - acc: 0.9904
2144/4534 [=============>................] - ETA: 2s - loss: 0.0320 - acc: 0.9902
2208/4534 [=============>................] - ETA: 2s - loss: 0.0312 - acc: 0.9905
2272/4534 [==============>...............] - ETA: 2s - loss: 0.0306 - acc: 0.9908
2336/4534 [==============>...............] - ETA: 1s - loss: 0.0311 - acc: 0.9902
2400/4534 [==============>...............] - ETA: 1s - loss: 0.0320 - acc: 0.9896
2464/4534 [===============>..............] - ETA: 1s - loss: 0.0317 - acc: 0.9894
2528/4534 [===============>..............] - ETA: 1s - loss: 0.0310 - acc: 0.9897
2592/4534 [================>.............] - ETA: 1s - loss: 0.0318 - acc: 0.9888
2656/4534 [================>.............] - ETA: 1s - loss: 0.0315 - acc: 0.9891
2720/4534 [================>.............] - ETA: 1s - loss: 0.0309 - acc: 0.9893
2784/4534 [=================>............] - ETA: 1s - loss: 0.0316 - acc: 0.9892
2848/4534 [=================>............] - ETA: 1s - loss: 0.0326 - acc: 0.9888
2912/4534 [==================>...........] - ETA: 1s - loss: 0.0332 - acc: 0.9880
2976/4534 [==================>...........] - ETA: 1s - loss: 0.0328 - acc: 0.9882
3040/4534 [===================>..........] - ETA: 1s - loss: 0.0337 - acc: 0.9875
3104/4534 [===================>..........] - ETA: 1s - loss: 0.0335 - acc: 0.9878
3168/4534 [===================>..........] - ETA: 1s - loss: 0.0337 - acc: 0.9874
3232/4534 [====================>.........] - ETA: 1s - loss: 0.0332 - acc: 0.9876
3296/4534 [====================>.........] - ETA: 1s - loss: 0.0329 - acc: 0.9876
3360/4534 [=====================>........] - ETA: 1s - loss: 0.0326 - acc: 0.9878
3424/4534 [=====================>........] - ETA: 0s - loss: 0.0322 - acc: 0.9880
3488/4534 [======================>.......] - ETA: 0s - loss: 0.0319 - acc: 0.9882
3552/4534 [======================>.......] - ETA: 0s - loss: 0.0314 - acc: 0.9885
3616/4534 [======================>.......] - ETA: 0s - loss: 0.0314 - acc: 0.9884
3680/4534 [=======================>......] - ETA: 0s - loss: 0.0314 - acc: 0.9883
3744/4534 [=======================>......] - ETA: 0s - loss: 0.0319 - acc: 0.9880
3808/4534 [========================>.....] - ETA: 0s - loss: 0.0315 - acc: 0.9882
3872/4534 [========================>.....] - ETA: 0s - loss: 0.0310 - acc: 0.9884
3936/4534 [=========================>....] - ETA: 0s - loss: 0.0310 - acc: 0.9881
4000/4534 [=========================>....] - ETA: 0s - loss: 0.0336 - acc: 0.9878
4064/4534 [=========================>....] - ETA: 0s - loss: 0.0350 - acc: 0.9875
4128/4534 [==========================>...] - ETA: 0s - loss: 0.0352 - acc: 0.9874
4192/4534 [==========================>...] - ETA: 0s - loss: 0.0348 - acc: 0.9876
4256/4534 [===========================>..] - ETA: 0s - loss: 0.0366 - acc: 0.9873
4320/4534 [===========================>..] - ETA: 0s - loss: 0.0367 - acc: 0.9875
4384/4534 [============================>.] - ETA: 0s - loss: 0.0366 - acc: 0.9875
4448/4534 [============================>.] - ETA: 0s - loss: 0.0366 - acc: 0.9874
4512/4534 [============================>.] - ETA: 0s - loss: 0.0364 - acc: 0.9874
4534/4534 [==============================] - 5s 1ms/step - loss: 0.0362 - acc: 0.9874 - val_loss: 8.5137 - val_acc: 0.4718
Epoch 4/1000

  32/4534 [..............................] - ETA: 4s - loss: 0.0823 - acc: 0.9688
  96/4534 [..............................] - ETA: 3s - loss: 0.0401 - acc: 0.9896
 160/4534 [>.............................] - ETA: 3s - loss: 0.0344 - acc: 0.9875
 224/4534 [>.............................] - ETA: 3s - loss: 0.0337 - acc: 0.9911
 288/4534 [>.............................] - ETA: 3s - loss: 0.0324 - acc: 0.9896
 352/4534 [=>............................] - ETA: 3s - loss: 0.0290 - acc: 0.9915
 416/4534 [=>............................] - ETA: 3s - loss: 0.0283 - acc: 0.9904
 480/4534 [==>...........................] - ETA: 3s - loss: 0.0271 - acc: 0.9896
 544/4534 [==>...........................] - ETA: 3s - loss: 0.0280 - acc: 0.9890
 608/4534 [===>..........................] - ETA: 3s - loss: 0.0273 - acc: 0.9901
 672/4534 [===>..........................] - ETA: 3s - loss: 0.0265 - acc: 0.9911
 736/4534 [===>..........................] - ETA: 3s - loss: 0.0243 - acc: 0.9918
 800/4534 [====>.........................] - ETA: 3s - loss: 0.0236 - acc: 0.9925
 864/4534 [====>.........................] - ETA: 3s - loss: 0.0244 - acc: 0.9919
 928/4534 [=====>........................] - ETA: 3s - loss: 0.0230 - acc: 0.9925
 992/4534 [=====>........................] - ETA: 3s - loss: 0.0230 - acc: 0.9929
1056/4534 [=====>........................] - ETA: 3s - loss: 0.0226 - acc: 0.9934
1120/4534 [======>.......................] - ETA: 3s - loss: 0.0216 - acc: 0.9938
1184/4534 [======>.......................] - ETA: 2s - loss: 0.0207 - acc: 0.9941
1248/4534 [=======>......................] - ETA: 2s - loss: 0.0220 - acc: 0.9936
1312/4534 [=======>......................] - ETA: 2s - loss: 0.0211 - acc: 0.9939
1376/4534 [========>.....................] - ETA: 2s - loss: 0.0216 - acc: 0.9935
1440/4534 [========>.....................] - ETA: 2s - loss: 0.0209 - acc: 0.9938
1504/4534 [========>.....................] - ETA: 2s - loss: 0.0200 - acc: 0.9940
1568/4534 [=========>....................] - ETA: 2s - loss: 0.0202 - acc: 0.9936
1632/4534 [=========>....................] - ETA: 2s - loss: 0.0206 - acc: 0.9933
1696/4534 [==========>...................] - ETA: 2s - loss: 0.0204 - acc: 0.9935
1760/4534 [==========>...................] - ETA: 2s - loss: 0.0208 - acc: 0.9938
1824/4534 [===========>..................] - ETA: 2s - loss: 0.0202 - acc: 0.9940
1888/4534 [===========>..................] - ETA: 2s - loss: 0.0195 - acc: 0.9942
1952/4534 [===========>..................] - ETA: 2s - loss: 0.0190 - acc: 0.9944
2016/4534 [============>.................] - ETA: 2s - loss: 0.0191 - acc: 0.9940
2080/4534 [============>.................] - ETA: 2s - loss: 0.0186 - acc: 0.9942
2144/4534 [=============>................] - ETA: 2s - loss: 0.0183 - acc: 0.9944
2208/4534 [=============>................] - ETA: 2s - loss: 0.0179 - acc: 0.9946
2272/4534 [==============>...............] - ETA: 2s - loss: 0.0181 - acc: 0.9943
2336/4534 [==============>...............] - ETA: 1s - loss: 0.0177 - acc: 0.9944
2400/4534 [==============>...............] - ETA: 1s - loss: 0.0184 - acc: 0.9938
2464/4534 [===============>..............] - ETA: 1s - loss: 0.0180 - acc: 0.9939
2528/4534 [===============>..............] - ETA: 1s - loss: 0.0176 - acc: 0.9941
2592/4534 [================>.............] - ETA: 1s - loss: 0.0172 - acc: 0.9942
2656/4534 [================>.............] - ETA: 1s - loss: 0.0208 - acc: 0.9932
2720/4534 [================>.............] - ETA: 1s - loss: 0.0205 - acc: 0.9934
2784/4534 [=================>............] - ETA: 1s - loss: 0.0214 - acc: 0.9932
2848/4534 [=================>............] - ETA: 1s - loss: 0.0212 - acc: 0.9933
2912/4534 [==================>...........] - ETA: 1s - loss: 0.0209 - acc: 0.9935
2976/4534 [==================>...........] - ETA: 1s - loss: 0.0206 - acc: 0.9936
3040/4534 [===================>..........] - ETA: 1s - loss: 0.0224 - acc: 0.9928
3104/4534 [===================>..........] - ETA: 1s - loss: 0.0244 - acc: 0.9926
3168/4534 [===================>..........] - ETA: 1s - loss: 0.0244 - acc: 0.9927
3232/4534 [====================>.........] - ETA: 1s - loss: 0.0240 - acc: 0.9929
3296/4534 [====================>.........] - ETA: 1s - loss: 0.0238 - acc: 0.9930
3360/4534 [=====================>........] - ETA: 1s - loss: 0.0237 - acc: 0.9929
3424/4534 [=====================>........] - ETA: 0s - loss: 0.0234 - acc: 0.9930
3488/4534 [======================>.......] - ETA: 0s - loss: 0.0233 - acc: 0.9931
3552/4534 [======================>.......] - ETA: 0s - loss: 0.0231 - acc: 0.9932
3616/4534 [======================>.......] - ETA: 0s - loss: 0.0230 - acc: 0.9934
3680/4534 [=======================>......] - ETA: 0s - loss: 0.0230 - acc: 0.9935
3744/4534 [=======================>......] - ETA: 0s - loss: 0.0228 - acc: 0.9936
3808/4534 [========================>.....] - ETA: 0s - loss: 0.0229 - acc: 0.9934
3872/4534 [========================>.....] - ETA: 0s - loss: 0.0231 - acc: 0.9933
3936/4534 [=========================>....] - ETA: 0s - loss: 0.0228 - acc: 0.9934
4000/4534 [=========================>....] - ETA: 0s - loss: 0.0226 - acc: 0.9935
4064/4534 [=========================>....] - ETA: 0s - loss: 0.0228 - acc: 0.9934
4128/4534 [==========================>...] - ETA: 0s - loss: 0.0226 - acc: 0.9935
4192/4534 [==========================>...] - ETA: 0s - loss: 0.0223 - acc: 0.9936
4256/4534 [===========================>..] - ETA: 0s - loss: 0.0225 - acc: 0.9934
4320/4534 [===========================>..] - ETA: 0s - loss: 0.0233 - acc: 0.9931
4384/4534 [============================>.] - ETA: 0s - loss: 0.0234 - acc: 0.9929
4448/4534 [============================>.] - ETA: 0s - loss: 0.0231 - acc: 0.9930
4512/4534 [============================>.] - ETA: 0s - loss: 0.0228 - acc: 0.9931
4534/4534 [==============================] - 5s 1ms/step - loss: 0.0227 - acc: 0.9932 - val_loss: 6.6641 - val_acc: 0.5820
Epoch 5/1000

  32/4534 [..............................] - ETA: 4s - loss: 9.1821e-05 - acc: 1.0000
  96/4534 [..............................] - ETA: 3s - loss: 0.0020 - acc: 1.0000    
 160/4534 [>.............................] - ETA: 3s - loss: 0.0133 - acc: 0.9938
 224/4534 [>.............................] - ETA: 3s - loss: 0.0154 - acc: 0.9955
 288/4534 [>.............................] - ETA: 3s - loss: 0.0137 - acc: 0.9965
 352/4534 [=>............................] - ETA: 3s - loss: 0.0156 - acc: 0.9972
 416/4534 [=>............................] - ETA: 3s - loss: 0.0142 - acc: 0.9976
 480/4534 [==>...........................] - ETA: 3s - loss: 0.0150 - acc: 0.9958
 544/4534 [==>...........................] - ETA: 3s - loss: 0.0138 - acc: 0.9963
 608/4534 [===>..........................] - ETA: 3s - loss: 0.0130 - acc: 0.9967
 672/4534 [===>..........................] - ETA: 3s - loss: 0.0118 - acc: 0.9970
 736/4534 [===>..........................] - ETA: 3s - loss: 0.0114 - acc: 0.9973
 800/4534 [====>.........................] - ETA: 3s - loss: 0.0112 - acc: 0.9975
 864/4534 [====>.........................] - ETA: 3s - loss: 0.0104 - acc: 0.9977
 928/4534 [=====>........................] - ETA: 3s - loss: 0.0099 - acc: 0.9978
 992/4534 [=====>........................] - ETA: 3s - loss: 0.0101 - acc: 0.9980
1056/4534 [=====>........................] - ETA: 3s - loss: 0.0097 - acc: 0.9981
1120/4534 [======>.......................] - ETA: 3s - loss: 0.0094 - acc: 0.9982
1184/4534 [======>.......................] - ETA: 3s - loss: 0.0091 - acc: 0.9983
1248/4534 [=======>......................] - ETA: 2s - loss: 0.0115 - acc: 0.9976
1312/4534 [=======>......................] - ETA: 2s - loss: 0.0110 - acc: 0.9977
1376/4534 [========>.....................] - ETA: 2s - loss: 0.0105 - acc: 0.9978
1440/4534 [========>.....................] - ETA: 2s - loss: 0.0101 - acc: 0.9979
1504/4534 [========>.....................] - ETA: 2s - loss: 0.0117 - acc: 0.9973
1568/4534 [=========>....................] - ETA: 2s - loss: 0.0125 - acc: 0.9968
1632/4534 [=========>....................] - ETA: 2s - loss: 0.0120 - acc: 0.9969
1696/4534 [==========>...................] - ETA: 2s - loss: 0.0118 - acc: 0.9971
1760/4534 [==========>...................] - ETA: 2s - loss: 0.0114 - acc: 0.9972
1824/4534 [===========>..................] - ETA: 2s - loss: 0.0110 - acc: 0.9973
1888/4534 [===========>..................] - ETA: 2s - loss: 0.0115 - acc: 0.9968
1952/4534 [===========>..................] - ETA: 2s - loss: 0.0136 - acc: 0.9954
2016/4534 [============>.................] - ETA: 2s - loss: 0.0132 - acc: 0.9955
2080/4534 [============>.................] - ETA: 2s - loss: 0.0128 - acc: 0.9957
2144/4534 [=============>................] - ETA: 2s - loss: 0.0125 - acc: 0.9958
2208/4534 [=============>................] - ETA: 2s - loss: 0.0122 - acc: 0.9959
2272/4534 [==============>...............] - ETA: 2s - loss: 0.0119 - acc: 0.9960
2336/4534 [==============>...............] - ETA: 1s - loss: 0.0130 - acc: 0.9957
2400/4534 [==============>...............] - ETA: 1s - loss: 0.0131 - acc: 0.9958
2464/4534 [===============>..............] - ETA: 1s - loss: 0.0130 - acc: 0.9959
2528/4534 [===============>..............] - ETA: 1s - loss: 0.0127 - acc: 0.9960
2592/4534 [================>.............] - ETA: 1s - loss: 0.0126 - acc: 0.9961
2656/4534 [================>.............] - ETA: 1s - loss: 0.0127 - acc: 0.9959
2720/4534 [================>.............] - ETA: 1s - loss: 0.0132 - acc: 0.9952
2784/4534 [=================>............] - ETA: 1s - loss: 0.0131 - acc: 0.9953
2848/4534 [=================>............] - ETA: 1s - loss: 0.0128 - acc: 0.9954
2912/4534 [==================>...........] - ETA: 1s - loss: 0.0126 - acc: 0.9955
2976/4534 [==================>...........] - ETA: 1s - loss: 0.0129 - acc: 0.9953
3040/4534 [===================>..........] - ETA: 1s - loss: 0.0129 - acc: 0.9951
3104/4534 [===================>..........] - ETA: 1s - loss: 0.0127 - acc: 0.9952
3168/4534 [===================>..........] - ETA: 1s - loss: 0.0131 - acc: 0.9949
3232/4534 [====================>.........] - ETA: 1s - loss: 0.0129 - acc: 0.9950
3296/4534 [====================>.........] - ETA: 1s - loss: 0.0127 - acc: 0.9951
3360/4534 [=====================>........] - ETA: 1s - loss: 0.0125 - acc: 0.9952
3424/4534 [=====================>........] - ETA: 0s - loss: 0.0123 - acc: 0.9953
3488/4534 [======================>.......] - ETA: 0s - loss: 0.0129 - acc: 0.9951
3552/4534 [======================>.......] - ETA: 0s - loss: 0.0133 - acc: 0.9949
3616/4534 [======================>.......] - ETA: 0s - loss: 0.0132 - acc: 0.9950
3680/4534 [=======================>......] - ETA: 0s - loss: 0.0130 - acc: 0.9951
3744/4534 [=======================>......] - ETA: 0s - loss: 0.0128 - acc: 0.9952
3808/4534 [========================>.....] - ETA: 0s - loss: 0.0126 - acc: 0.9953
3872/4534 [========================>.....] - ETA: 0s - loss: 0.0125 - acc: 0.9954
3936/4534 [=========================>....] - ETA: 0s - loss: 0.0123 - acc: 0.9954
4000/4534 [=========================>....] - ETA: 0s - loss: 0.0121 - acc: 0.9955
4064/4534 [=========================>....] - ETA: 0s - loss: 0.0119 - acc: 0.9956
4128/4534 [==========================>...] - ETA: 0s - loss: 0.0134 - acc: 0.9952
4192/4534 [==========================>...] - ETA: 0s - loss: 0.0132 - acc: 0.9952
4256/4534 [===========================>..] - ETA: 0s - loss: 0.0132 - acc: 0.9951
4320/4534 [===========================>..] - ETA: 0s - loss: 0.0130 - acc: 0.9951
4384/4534 [============================>.] - ETA: 0s - loss: 0.0132 - acc: 0.9950
4448/4534 [============================>.] - ETA: 0s - loss: 0.0131 - acc: 0.9951
4512/4534 [============================>.] - ETA: 0s - loss: 0.0133 - acc: 0.9949
4534/4534 [==============================] - 5s 1ms/step - loss: 0.0132 - acc: 0.9949 - val_loss: 8.5279 - val_acc: 0.4709
Epoch 6/1000

  32/4534 [..............................] - ETA: 4s - loss: 8.1682e-04 - acc: 1.0000
  96/4534 [..............................] - ETA: 3s - loss: 0.0115 - acc: 0.9896    
 160/4534 [>.............................] - ETA: 3s - loss: 0.0115 - acc: 0.9938
 224/4534 [>.............................] - ETA: 3s - loss: 0.0084 - acc: 0.9955
 288/4534 [>.............................] - ETA: 3s - loss: 0.0081 - acc: 0.9965
 352/4534 [=>............................] - ETA: 3s - loss: 0.0076 - acc: 0.9972
 416/4534 [=>............................] - ETA: 3s - loss: 0.0071 - acc: 0.9976
 480/4534 [==>...........................] - ETA: 3s - loss: 0.0079 - acc: 0.9979
 544/4534 [==>...........................] - ETA: 3s - loss: 0.0071 - acc: 0.9982
 608/4534 [===>..........................] - ETA: 3s - loss: 0.0157 - acc: 0.9967
 672/4534 [===>..........................] - ETA: 3s - loss: 0.0143 - acc: 0.9970
 736/4534 [===>..........................] - ETA: 3s - loss: 0.0164 - acc: 0.9959
 800/4534 [====>.........................] - ETA: 3s - loss: 0.0152 - acc: 0.9962
 864/4534 [====>.........................] - ETA: 3s - loss: 0.0176 - acc: 0.9954
 928/4534 [=====>........................] - ETA: 3s - loss: 0.0170 - acc: 0.9957
 992/4534 [=====>........................] - ETA: 3s - loss: 0.0273 - acc: 0.9919
1056/4534 [=====>........................] - ETA: 3s - loss: 0.0271 - acc: 0.9915
1120/4534 [======>.......................] - ETA: 3s - loss: 0.0257 - acc: 0.9920
1184/4534 [======>.......................] - ETA: 2s - loss: 0.0261 - acc: 0.9916
1248/4534 [=======>......................] - ETA: 2s - loss: 0.0274 - acc: 0.9912
1312/4534 [=======>......................] - ETA: 2s - loss: 0.0295 - acc: 0.9893
1376/4534 [========>.....................] - ETA: 2s - loss: 0.0376 - acc: 0.9884
1440/4534 [========>.....................] - ETA: 2s - loss: 0.0378 - acc: 0.9882
1504/4534 [========>.....................] - ETA: 2s - loss: 0.0371 - acc: 0.9887
1568/4534 [=========>....................] - ETA: 2s - loss: 0.0365 - acc: 0.9892
1632/4534 [=========>....................] - ETA: 2s - loss: 0.0352 - acc: 0.9896
1696/4534 [==========>...................] - ETA: 2s - loss: 0.0345 - acc: 0.9900
1760/4534 [==========>...................] - ETA: 2s - loss: 0.0334 - acc: 0.9903
1824/4534 [===========>..................] - ETA: 2s - loss: 0.0338 - acc: 0.9901
1888/4534 [===========>..................] - ETA: 2s - loss: 0.0333 - acc: 0.9899
1952/4534 [===========>..................] - ETA: 2s - loss: 0.0328 - acc: 0.9903
2016/4534 [============>.................] - ETA: 2s - loss: 0.0323 - acc: 0.9901
2080/4534 [============>.................] - ETA: 2s - loss: 0.0324 - acc: 0.9899
2144/4534 [=============>................] - ETA: 2s - loss: 0.0337 - acc: 0.9897
2208/4534 [=============>................] - ETA: 2s - loss: 0.0333 - acc: 0.9900
2272/4534 [==============>...............] - ETA: 2s - loss: 0.0325 - acc: 0.9903
2336/4534 [==============>...............] - ETA: 1s - loss: 0.0317 - acc: 0.9906
2400/4534 [==============>...............] - ETA: 1s - loss: 0.0310 - acc: 0.9908
2464/4534 [===============>..............] - ETA: 1s - loss: 0.0305 - acc: 0.9911
2528/4534 [===============>..............] - ETA: 1s - loss: 0.0306 - acc: 0.9905
2592/4534 [================>.............] - ETA: 1s - loss: 0.0305 - acc: 0.9904
2656/4534 [================>.............] - ETA: 1s - loss: 0.0301 - acc: 0.9906
2720/4534 [================>.............] - ETA: 1s - loss: 0.0295 - acc: 0.9908
2784/4534 [=================>............] - ETA: 1s - loss: 0.0289 - acc: 0.9910
2848/4534 [=================>............] - ETA: 1s - loss: 0.0291 - acc: 0.9905
2912/4534 [==================>...........] - ETA: 1s - loss: 0.0288 - acc: 0.9907
2976/4534 [==================>...........] - ETA: 1s - loss: 0.0286 - acc: 0.9906
3040/4534 [===================>..........] - ETA: 1s - loss: 0.0281 - acc: 0.9908
3104/4534 [===================>..........] - ETA: 1s - loss: 0.0281 - acc: 0.9907
3168/4534 [===================>..........] - ETA: 1s - loss: 0.0276 - acc: 0.9908
3232/4534 [====================>.........] - ETA: 1s - loss: 0.0281 - acc: 0.9904
3296/4534 [====================>.........] - ETA: 1s - loss: 0.0276 - acc: 0.9906
3360/4534 [=====================>........] - ETA: 1s - loss: 0.0272 - acc: 0.9908
3424/4534 [=====================>........] - ETA: 0s - loss: 0.0268 - acc: 0.9909
3488/4534 [======================>.......] - ETA: 0s - loss: 0.0264 - acc: 0.9911
3552/4534 [======================>.......] - ETA: 0s - loss: 0.0273 - acc: 0.9910
3616/4534 [======================>.......] - ETA: 0s - loss: 0.0269 - acc: 0.9912
3680/4534 [=======================>......] - ETA: 0s - loss: 0.0268 - acc: 0.9910
3744/4534 [=======================>......] - ETA: 0s - loss: 0.0264 - acc: 0.9912
3808/4534 [========================>.....] - ETA: 0s - loss: 0.0279 - acc: 0.9911
3872/4534 [========================>.....] - ETA: 0s - loss: 0.0276 - acc: 0.9912
3936/4534 [=========================>....] - ETA: 0s - loss: 0.0272 - acc: 0.9914
4000/4534 [=========================>....] - ETA: 0s - loss: 0.0268 - acc: 0.9915
4064/4534 [=========================>....] - ETA: 0s - loss: 0.0263 - acc: 0.9916
4128/4534 [==========================>...] - ETA: 0s - loss: 0.0261 - acc: 0.9918
4192/4534 [==========================>...] - ETA: 0s - loss: 0.0258 - acc: 0.9919
4256/4534 [===========================>..] - ETA: 0s - loss: 0.0255 - acc: 0.9920
4320/4534 [===========================>..] - ETA: 0s - loss: 0.0251 - acc: 0.9921
4384/4534 [============================>.] - ETA: 0s - loss: 0.0249 - acc: 0.9922
4448/4534 [============================>.] - ETA: 0s - loss: 0.0251 - acc: 0.9921
4512/4534 [============================>.] - ETA: 0s - loss: 0.0248 - acc: 0.9922
4534/4534 [==============================] - 5s 1ms/step - loss: 0.0250 - acc: 0.9921 - val_loss: 6.5099 - val_acc: 0.5917
Epoch 7/1000

  32/4534 [..............................] - ETA: 4s - loss: 0.0223 - acc: 1.0000
  96/4534 [..............................] - ETA: 3s - loss: 0.0087 - acc: 1.0000
 160/4534 [>.............................] - ETA: 3s - loss: 0.0075 - acc: 1.0000
 224/4534 [>.............................] - ETA: 3s - loss: 0.0098 - acc: 1.0000
 288/4534 [>.............................] - ETA: 3s - loss: 0.0098 - acc: 1.0000
 352/4534 [=>............................] - ETA: 3s - loss: 0.0107 - acc: 0.9972
 416/4534 [=>............................] - ETA: 3s - loss: 0.0103 - acc: 0.9976
 480/4534 [==>...........................] - ETA: 3s - loss: 0.0118 - acc: 0.9958
 544/4534 [==>...........................] - ETA: 3s - loss: 0.0122 - acc: 0.9963
 608/4534 [===>..........................] - ETA: 3s - loss: 0.0128 - acc: 0.9967
 672/4534 [===>..........................] - ETA: 3s - loss: 0.0117 - acc: 0.9970
 736/4534 [===>..........................] - ETA: 3s - loss: 0.0131 - acc: 0.9959
 800/4534 [====>.........................] - ETA: 3s - loss: 0.0137 - acc: 0.9962
 864/4534 [====>.........................] - ETA: 3s - loss: 0.0130 - acc: 0.9965
 928/4534 [=====>........................] - ETA: 3s - loss: 0.0127 - acc: 0.9968
 992/4534 [=====>........................] - ETA: 3s - loss: 0.0123 - acc: 0.9970
1056/4534 [=====>........................] - ETA: 3s - loss: 0.0122 - acc: 0.9972
1120/4534 [======>.......................] - ETA: 3s - loss: 0.0119 - acc: 0.9973
1184/4534 [======>.......................] - ETA: 2s - loss: 0.0116 - acc: 0.9975
1248/4534 [=======>......................] - ETA: 2s - loss: 0.0112 - acc: 0.9976
1312/4534 [=======>......................] - ETA: 2s - loss: 0.0115 - acc: 0.9970
1376/4534 [========>.....................] - ETA: 2s - loss: 0.0113 - acc: 0.9971
1440/4534 [========>.....................] - ETA: 2s - loss: 0.0110 - acc: 0.9972
1504/4534 [========>.....................] - ETA: 2s - loss: 0.0107 - acc: 0.9973
1568/4534 [=========>....................] - ETA: 2s - loss: 0.0114 - acc: 0.9968
1632/4534 [=========>....................] - ETA: 2s - loss: 0.0112 - acc: 0.9969
1696/4534 [==========>...................] - ETA: 2s - loss: 0.0113 - acc: 0.9965
1760/4534 [==========>...................] - ETA: 2s - loss: 0.0111 - acc: 0.9966
1824/4534 [===========>..................] - ETA: 2s - loss: 0.0116 - acc: 0.9962
1888/4534 [===========>..................] - ETA: 2s - loss: 0.0130 - acc: 0.9958
1952/4534 [===========>..................] - ETA: 2s - loss: 0.0127 - acc: 0.9959
2016/4534 [============>.................] - ETA: 2s - loss: 0.0123 - acc: 0.9960
2080/4534 [============>.................] - ETA: 2s - loss: 0.0127 - acc: 0.9957
2144/4534 [=============>................] - ETA: 2s - loss: 0.0124 - acc: 0.9958
2208/4534 [=============>................] - ETA: 2s - loss: 0.0125 - acc: 0.9955
2272/4534 [==============>...............] - ETA: 2s - loss: 0.0124 - acc: 0.9956
2336/4534 [==============>...............] - ETA: 1s - loss: 0.0123 - acc: 0.9957
2400/4534 [==============>...............] - ETA: 1s - loss: 0.0119 - acc: 0.9958
2464/4534 [===============>..............] - ETA: 1s - loss: 0.0117 - acc: 0.9959
2528/4534 [===============>..............] - ETA: 1s - loss: 0.0115 - acc: 0.9960
2592/4534 [================>.............] - ETA: 1s - loss: 0.0113 - acc: 0.9961
2656/4534 [================>.............] - ETA: 1s - loss: 0.0112 - acc: 0.9962
2720/4534 [================>.............] - ETA: 1s - loss: 0.0111 - acc: 0.9963
2784/4534 [=================>............] - ETA: 1s - loss: 0.0109 - acc: 0.9964
2848/4534 [=================>............] - ETA: 1s - loss: 0.0110 - acc: 0.9965
2912/4534 [==================>...........] - ETA: 1s - loss: 0.0109 - acc: 0.9966
2976/4534 [==================>...........] - ETA: 1s - loss: 0.0108 - acc: 0.9966
3040/4534 [===================>..........] - ETA: 1s - loss: 0.0106 - acc: 0.9967
3104/4534 [===================>..........] - ETA: 1s - loss: 0.0104 - acc: 0.9968
3168/4534 [===================>..........] - ETA: 1s - loss: 0.0109 - acc: 0.9965
3232/4534 [====================>.........] - ETA: 1s - loss: 0.0107 - acc: 0.9966
3296/4534 [====================>.........] - ETA: 1s - loss: 0.0106 - acc: 0.9967
3360/4534 [=====================>........] - ETA: 1s - loss: 0.0106 - acc: 0.9967
3424/4534 [=====================>........] - ETA: 0s - loss: 0.0104 - acc: 0.9968
3488/4534 [======================>.......] - ETA: 0s - loss: 0.0102 - acc: 0.9968
3552/4534 [======================>.......] - ETA: 0s - loss: 0.0101 - acc: 0.9969
3616/4534 [======================>.......] - ETA: 0s - loss: 0.0099 - acc: 0.9970
3680/4534 [=======================>......] - ETA: 0s - loss: 0.0097 - acc: 0.9970
3744/4534 [=======================>......] - ETA: 0s - loss: 0.0098 - acc: 0.9968
3808/4534 [========================>.....] - ETA: 0s - loss: 0.0097 - acc: 0.9968
3872/4534 [========================>.....] - ETA: 0s - loss: 0.0098 - acc: 0.9966
3936/4534 [=========================>....] - ETA: 0s - loss: 0.0097 - acc: 0.9967
4000/4534 [=========================>....] - ETA: 0s - loss: 0.0095 - acc: 0.9968
4064/4534 [=========================>....] - ETA: 0s - loss: 0.0100 - acc: 0.9966
4128/4534 [==========================>...] - ETA: 0s - loss: 0.0100 - acc: 0.9966
4192/4534 [==========================>...] - ETA: 0s - loss: 0.0099 - acc: 0.9967
4256/4534 [===========================>..] - ETA: 0s - loss: 0.0098 - acc: 0.9967
4320/4534 [===========================>..] - ETA: 0s - loss: 0.0096 - acc: 0.9968
4384/4534 [============================>.] - ETA: 0s - loss: 0.0095 - acc: 0.9968
4448/4534 [============================>.] - ETA: 0s - loss: 0.0095 - acc: 0.9969
4512/4534 [============================>.] - ETA: 0s - loss: 0.0094 - acc: 0.9969
4534/4534 [==============================] - 5s 1ms/step - loss: 0.0094 - acc: 0.9969 - val_loss: 8.5278 - val_acc: 0.4709
Epoch 8/1000

  32/4534 [..............................] - ETA: 4s - loss: 0.0022 - acc: 1.0000
  96/4534 [..............................] - ETA: 3s - loss: 0.0015 - acc: 1.0000
 160/4534 [>.............................] - ETA: 3s - loss: 0.0029 - acc: 1.0000
 224/4534 [>.............................] - ETA: 3s - loss: 0.0035 - acc: 1.0000
 288/4534 [>.............................] - ETA: 3s - loss: 0.0029 - acc: 1.0000
 352/4534 [=>............................] - ETA: 3s - loss: 0.0034 - acc: 1.0000
 416/4534 [=>............................] - ETA: 3s - loss: 0.0110 - acc: 0.9976
 480/4534 [==>...........................] - ETA: 3s - loss: 0.0096 - acc: 0.9979
 544/4534 [==>...........................] - ETA: 3s - loss: 0.0090 - acc: 0.9982
 608/4534 [===>..........................] - ETA: 3s - loss: 0.0082 - acc: 0.9984
 672/4534 [===>..........................] - ETA: 3s - loss: 0.0087 - acc: 0.9970
 736/4534 [===>..........................] - ETA: 3s - loss: 0.0080 - acc: 0.9973
 800/4534 [====>.........................] - ETA: 3s - loss: 0.0079 - acc: 0.9975
 864/4534 [====>.........................] - ETA: 3s - loss: 0.0074 - acc: 0.9977
 928/4534 [=====>........................] - ETA: 3s - loss: 0.0069 - acc: 0.9978
 992/4534 [=====>........................] - ETA: 3s - loss: 0.0065 - acc: 0.9980
1056/4534 [=====>........................] - ETA: 3s - loss: 0.0077 - acc: 0.9972
1120/4534 [======>.......................] - ETA: 3s - loss: 0.0085 - acc: 0.9964
1184/4534 [======>.......................] - ETA: 2s - loss: 0.0083 - acc: 0.9966
1248/4534 [=======>......................] - ETA: 2s - loss: 0.0078 - acc: 0.9968
1312/4534 [=======>......................] - ETA: 2s - loss: 0.0076 - acc: 0.9970
1376/4534 [========>.....................] - ETA: 2s - loss: 0.0075 - acc: 0.9971
1440/4534 [========>.....................] - ETA: 2s - loss: 0.0072 - acc: 0.9972
1504/4534 [========>.....................] - ETA: 2s - loss: 0.0070 - acc: 0.9973
1568/4534 [=========>....................] - ETA: 2s - loss: 0.0069 - acc: 0.9974
1632/4534 [=========>....................] - ETA: 2s - loss: 0.0067 - acc: 0.9975
1696/4534 [==========>...................] - ETA: 2s - loss: 0.0066 - acc: 0.9976
1760/4534 [==========>...................] - ETA: 2s - loss: 0.0064 - acc: 0.9977
1824/4534 [===========>..................] - ETA: 2s - loss: 0.0063 - acc: 0.9978
1888/4534 [===========>..................] - ETA: 2s - loss: 0.0061 - acc: 0.9979
1952/4534 [===========>..................] - ETA: 2s - loss: 0.0059 - acc: 0.9980
2016/4534 [============>.................] - ETA: 2s - loss: 0.0058 - acc: 0.9980
2080/4534 [============>.................] - ETA: 2s - loss: 0.0057 - acc: 0.9981
2144/4534 [=============>................] - ETA: 2s - loss: 0.0055 - acc: 0.9981
2208/4534 [=============>................] - ETA: 2s - loss: 0.0054 - acc: 0.9982
2272/4534 [==============>...............] - ETA: 2s - loss: 0.0052 - acc: 0.9982
2336/4534 [==============>...............] - ETA: 1s - loss: 0.0051 - acc: 0.9983
2400/4534 [==============>...............] - ETA: 1s - loss: 0.0050 - acc: 0.9983
2464/4534 [===============>..............] - ETA: 1s - loss: 0.0049 - acc: 0.9984
2528/4534 [===============>..............] - ETA: 1s - loss: 0.0049 - acc: 0.9984
2592/4534 [================>.............] - ETA: 1s - loss: 0.0048 - acc: 0.9985
2656/4534 [================>.............] - ETA: 1s - loss: 0.0049 - acc: 0.9985
2720/4534 [================>.............] - ETA: 1s - loss: 0.0048 - acc: 0.9985
2784/4534 [=================>............] - ETA: 1s - loss: 0.0049 - acc: 0.9986
2848/4534 [=================>............] - ETA: 1s - loss: 0.0051 - acc: 0.9982
2912/4534 [==================>...........] - ETA: 1s - loss: 0.0061 - acc: 0.9979
2976/4534 [==================>...........] - ETA: 1s - loss: 0.0059 - acc: 0.9980
3040/4534 [===================>..........] - ETA: 1s - loss: 0.0058 - acc: 0.9980
3104/4534 [===================>..........] - ETA: 1s - loss: 0.0057 - acc: 0.9981
3168/4534 [===================>..........] - ETA: 1s - loss: 0.0059 - acc: 0.9978
3232/4534 [====================>.........] - ETA: 1s - loss: 0.0060 - acc: 0.9975
3296/4534 [====================>.........] - ETA: 1s - loss: 0.0070 - acc: 0.9973
3360/4534 [=====================>........] - ETA: 1s - loss: 0.0068 - acc: 0.9973
3424/4534 [=====================>........] - ETA: 0s - loss: 0.0067 - acc: 0.9974
3488/4534 [======================>.......] - ETA: 0s - loss: 0.0066 - acc: 0.9974
3552/4534 [======================>.......] - ETA: 0s - loss: 0.0065 - acc: 0.9975
3616/4534 [======================>.......] - ETA: 0s - loss: 0.0064 - acc: 0.9975
3680/4534 [=======================>......] - ETA: 0s - loss: 0.0070 - acc: 0.9973
3744/4534 [=======================>......] - ETA: 0s - loss: 0.0072 - acc: 0.9971
3808/4534 [========================>.....] - ETA: 0s - loss: 0.0071 - acc: 0.9971
3872/4534 [========================>.....] - ETA: 0s - loss: 0.0071 - acc: 0.9972
3936/4534 [=========================>....] - ETA: 0s - loss: 0.0073 - acc: 0.9972
4000/4534 [=========================>....] - ETA: 0s - loss: 0.0072 - acc: 0.9972
4064/4534 [=========================>....] - ETA: 0s - loss: 0.0072 - acc: 0.9973
4128/4534 [==========================>...] - ETA: 0s - loss: 0.0074 - acc: 0.9971
4192/4534 [==========================>...] - ETA: 0s - loss: 0.0076 - acc: 0.9969
4256/4534 [===========================>..] - ETA: 0s - loss: 0.0075 - acc: 0.9969
4320/4534 [===========================>..] - ETA: 0s - loss: 0.0074 - acc: 0.9970
4384/4534 [============================>.] - ETA: 0s - loss: 0.0074 - acc: 0.9970
4448/4534 [============================>.] - ETA: 0s - loss: 0.0073 - acc: 0.9971
4512/4534 [============================>.] - ETA: 0s - loss: 0.0072 - acc: 0.9971
4534/4534 [==============================] - 5s 1ms/step - loss: 0.0077 - acc: 0.9969 - val_loss: 6.6641 - val_acc: 0.5820
Epoch 9/1000

  32/4534 [..............................] - ETA: 4s - loss: 0.0399 - acc: 1.0000
  96/4534 [..............................] - ETA: 3s - loss: 0.0145 - acc: 1.0000
 160/4534 [>.............................] - ETA: 3s - loss: 0.0089 - acc: 1.0000
 224/4534 [>.............................] - ETA: 3s - loss: 0.0064 - acc: 1.0000
 288/4534 [>.............................] - ETA: 3s - loss: 0.0052 - acc: 1.0000
 352/4534 [=>............................] - ETA: 3s - loss: 0.0049 - acc: 1.0000
 416/4534 [=>............................] - ETA: 3s - loss: 0.0042 - acc: 1.0000
 480/4534 [==>...........................] - ETA: 3s - loss: 0.0038 - acc: 1.0000
 544/4534 [==>...........................] - ETA: 3s - loss: 0.0035 - acc: 1.0000
 608/4534 [===>..........................] - ETA: 3s - loss: 0.0033 - acc: 1.0000
 672/4534 [===>..........................] - ETA: 3s - loss: 0.0030 - acc: 1.0000
 736/4534 [===>..........................] - ETA: 3s - loss: 0.0121 - acc: 0.9986
 800/4534 [====>.........................] - ETA: 3s - loss: 0.0115 - acc: 0.9988
 864/4534 [====>.........................] - ETA: 3s - loss: 0.0113 - acc: 0.9988
 928/4534 [=====>........................] - ETA: 3s - loss: 0.0108 - acc: 0.9989
 992/4534 [=====>........................] - ETA: 3s - loss: 0.0104 - acc: 0.9990
1056/4534 [=====>........................] - ETA: 3s - loss: 0.0100 - acc: 0.9991
1120/4534 [======>.......................] - ETA: 3s - loss: 0.0097 - acc: 0.9991
1184/4534 [======>.......................] - ETA: 2s - loss: 0.0095 - acc: 0.9992
1248/4534 [=======>......................] - ETA: 2s - loss: 0.0097 - acc: 0.9992
1312/4534 [=======>......................] - ETA: 2s - loss: 0.0092 - acc: 0.9992
1376/4534 [========>.....................] - ETA: 2s - loss: 0.0092 - acc: 0.9993
1440/4534 [========>.....................] - ETA: 2s - loss: 0.0089 - acc: 0.9993
1504/4534 [========>.....................] - ETA: 2s - loss: 0.0087 - acc: 0.9993
1568/4534 [=========>....................] - ETA: 2s - loss: 0.0085 - acc: 0.9994
1632/4534 [=========>....................] - ETA: 2s - loss: 0.0083 - acc: 0.9994
1696/4534 [==========>...................] - ETA: 2s - loss: 0.0080 - acc: 0.9994
1760/4534 [==========>...................] - ETA: 2s - loss: 0.0078 - acc: 0.9994
1824/4534 [===========>..................] - ETA: 2s - loss: 0.0082 - acc: 0.9989
1888/4534 [===========>..................] - ETA: 2s - loss: 0.0079 - acc: 0.9989
1952/4534 [===========>..................] - ETA: 2s - loss: 0.0080 - acc: 0.9990
2016/4534 [============>.................] - ETA: 2s - loss: 0.0079 - acc: 0.9990
2080/4534 [============>.................] - ETA: 2s - loss: 0.0079 - acc: 0.9990
2144/4534 [=============>................] - ETA: 2s - loss: 0.0077 - acc: 0.9991
2208/4534 [=============>................] - ETA: 2s - loss: 0.0075 - acc: 0.9991
2272/4534 [==============>...............] - ETA: 2s - loss: 0.0078 - acc: 0.9987
2336/4534 [==============>...............] - ETA: 1s - loss: 0.0076 - acc: 0.9987
2400/4534 [==============>...............] - ETA: 1s - loss: 0.0074 - acc: 0.9988
2464/4534 [===============>..............] - ETA: 1s - loss: 0.0073 - acc: 0.9988
2528/4534 [===============>..............] - ETA: 1s - loss: 0.0072 - acc: 0.9988
2592/4534 [================>.............] - ETA: 1s - loss: 0.0070 - acc: 0.9988
2656/4534 [================>.............] - ETA: 1s - loss: 0.0068 - acc: 0.9989
2720/4534 [================>.............] - ETA: 1s - loss: 0.0067 - acc: 0.9989
2784/4534 [=================>............] - ETA: 1s - loss: 0.0066 - acc: 0.9989
2848/4534 [=================>............] - ETA: 1s - loss: 0.0065 - acc: 0.9989
2912/4534 [==================>...........] - ETA: 1s - loss: 0.0068 - acc: 0.9986
2976/4534 [==================>...........] - ETA: 1s - loss: 0.0067 - acc: 0.9987
3040/4534 [===================>..........] - ETA: 1s - loss: 0.0066 - acc: 0.9987
3104/4534 [===================>..........] - ETA: 1s - loss: 0.0065 - acc: 0.9987
3168/4534 [===================>..........] - ETA: 1s - loss: 0.0064 - acc: 0.9987
3232/4534 [====================>.........] - ETA: 1s - loss: 0.0065 - acc: 0.9988
3296/4534 [====================>.........] - ETA: 1s - loss: 0.0064 - acc: 0.9988
3360/4534 [=====================>........] - ETA: 1s - loss: 0.0063 - acc: 0.9988
3424/4534 [=====================>........] - ETA: 0s - loss: 0.0062 - acc: 0.9988
3488/4534 [======================>.......] - ETA: 0s - loss: 0.0061 - acc: 0.9989
3552/4534 [======================>.......] - ETA: 0s - loss: 0.0060 - acc: 0.9989
3616/4534 [======================>.......] - ETA: 0s - loss: 0.0059 - acc: 0.9989
3680/4534 [=======================>......] - ETA: 0s - loss: 0.0058 - acc: 0.9989
3744/4534 [=======================>......] - ETA: 0s - loss: 0.0057 - acc: 0.9989
3808/4534 [========================>.....] - ETA: 0s - loss: 0.0056 - acc: 0.9989
3872/4534 [========================>.....] - ETA: 0s - loss: 0.0056 - acc: 0.9990
3936/4534 [=========================>....] - ETA: 0s - loss: 0.0055 - acc: 0.9990
4000/4534 [=========================>....] - ETA: 0s - loss: 0.0054 - acc: 0.9990
4064/4534 [=========================>....] - ETA: 0s - loss: 0.0056 - acc: 0.9988
4128/4534 [==========================>...] - ETA: 0s - loss: 0.0065 - acc: 0.9985
4192/4534 [==========================>...] - ETA: 0s - loss: 0.0066 - acc: 0.9983
4256/4534 [===========================>..] - ETA: 0s - loss: 0.0066 - acc: 0.9984
4320/4534 [===========================>..] - ETA: 0s - loss: 0.0065 - acc: 0.9984
4384/4534 [============================>.] - ETA: 0s - loss: 0.0065 - acc: 0.9984
4448/4534 [============================>.] - ETA: 0s - loss: 0.0064 - acc: 0.9984
4512/4534 [============================>.] - ETA: 0s - loss: 0.0063 - acc: 0.9984
4534/4534 [==============================] - 5s 1ms/step - loss: 0.0065 - acc: 0.9982 - val_loss: 6.6641 - val_acc: 0.5820
Epoch 10/1000

  32/4534 [..............................] - ETA: 4s - loss: 3.4147e-04 - acc: 1.0000
  96/4534 [..............................] - ETA: 4s - loss: 1.3005e-04 - acc: 1.0000
 160/4534 [>.............................] - ETA: 3s - loss: 7.6668e-04 - acc: 1.0000
 224/4534 [>.............................] - ETA: 3s - loss: 0.0043 - acc: 0.9955    
 288/4534 [>.............................] - ETA: 3s - loss: 0.0034 - acc: 0.9965
 352/4534 [=>............................] - ETA: 3s - loss: 0.0031 - acc: 0.9972
 416/4534 [=>............................] - ETA: 3s - loss: 0.0027 - acc: 0.9976
 480/4534 [==>...........................] - ETA: 3s - loss: 0.0026 - acc: 0.9979
 544/4534 [==>...........................] - ETA: 3s - loss: 0.0024 - acc: 0.9982
 608/4534 [===>..........................] - ETA: 3s - loss: 0.0022 - acc: 0.9984
 672/4534 [===>..........................] - ETA: 3s - loss: 0.0024 - acc: 0.9985
 736/4534 [===>..........................] - ETA: 3s - loss: 0.0024 - acc: 0.9986
 800/4534 [====>.........................] - ETA: 3s - loss: 0.0022 - acc: 0.9988
 864/4534 [====>.........................] - ETA: 3s - loss: 0.0022 - acc: 0.9988
 928/4534 [=====>........................] - ETA: 3s - loss: 0.0024 - acc: 0.9989
 992/4534 [=====>........................] - ETA: 3s - loss: 0.0025 - acc: 0.9990
1056/4534 [=====>........................] - ETA: 3s - loss: 0.0027 - acc: 0.9991
1120/4534 [======>.......................] - ETA: 3s - loss: 0.0032 - acc: 0.9991
1184/4534 [======>.......................] - ETA: 2s - loss: 0.0030 - acc: 0.9992
1248/4534 [=======>......................] - ETA: 2s - loss: 0.0030 - acc: 0.9992
1312/4534 [=======>......................] - ETA: 2s - loss: 0.0029 - acc: 0.9992
1376/4534 [========>.....................] - ETA: 2s - loss: 0.0028 - acc: 0.9993
1440/4534 [========>.....................] - ETA: 2s - loss: 0.0027 - acc: 0.9993
1504/4534 [========>.....................] - ETA: 2s - loss: 0.0026 - acc: 0.9993
1568/4534 [=========>....................] - ETA: 2s - loss: 0.0027 - acc: 0.9994
1632/4534 [=========>....................] - ETA: 2s - loss: 0.0027 - acc: 0.9994
1696/4534 [==========>...................] - ETA: 2s - loss: 0.0027 - acc: 0.9994
1760/4534 [==========>...................] - ETA: 2s - loss: 0.0034 - acc: 0.9989
1824/4534 [===========>..................] - ETA: 2s - loss: 0.0033 - acc: 0.9989
1888/4534 [===========>..................] - ETA: 2s - loss: 0.0032 - acc: 0.9989
1952/4534 [===========>..................] - ETA: 2s - loss: 0.0031 - acc: 0.9990
2016/4534 [============>.................] - ETA: 2s - loss: 0.0030 - acc: 0.9990
2080/4534 [============>.................] - ETA: 2s - loss: 0.0031 - acc: 0.9990
2144/4534 [=============>................] - ETA: 2s - loss: 0.0032 - acc: 0.9991
2208/4534 [=============>................] - ETA: 2s - loss: 0.0032 - acc: 0.9991
2272/4534 [==============>...............] - ETA: 2s - loss: 0.0031 - acc: 0.9991
2336/4534 [==============>...............] - ETA: 1s - loss: 0.0030 - acc: 0.9991
2400/4534 [==============>...............] - ETA: 1s - loss: 0.0030 - acc: 0.9992
2464/4534 [===============>..............] - ETA: 1s - loss: 0.0029 - acc: 0.9992
2528/4534 [===============>..............] - ETA: 1s - loss: 0.0028 - acc: 0.9992
2592/4534 [================>.............] - ETA: 1s - loss: 0.0028 - acc: 0.9992
2656/4534 [================>.............] - ETA: 1s - loss: 0.0028 - acc: 0.9992
2720/4534 [================>.............] - ETA: 1s - loss: 0.0027 - acc: 0.9993
2784/4534 [=================>............] - ETA: 1s - loss: 0.0027 - acc: 0.9993
2848/4534 [=================>............] - ETA: 1s - loss: 0.0027 - acc: 0.9993
2912/4534 [==================>...........] - ETA: 1s - loss: 0.0027 - acc: 0.9993
2976/4534 [==================>...........] - ETA: 1s - loss: 0.0026 - acc: 0.9993
3040/4534 [===================>..........] - ETA: 1s - loss: 0.0026 - acc: 0.9993
3104/4534 [===================>..........] - ETA: 1s - loss: 0.0025 - acc: 0.9994
3168/4534 [===================>..........] - ETA: 1s - loss: 0.0025 - acc: 0.9994
3232/4534 [====================>.........] - ETA: 1s - loss: 0.0024 - acc: 0.9994
3296/4534 [====================>.........] - ETA: 1s - loss: 0.0025 - acc: 0.9994
3360/4534 [=====================>........] - ETA: 1s - loss: 0.0025 - acc: 0.9994
3424/4534 [=====================>........] - ETA: 0s - loss: 0.0027 - acc: 0.9991
3488/4534 [======================>.......] - ETA: 0s - loss: 0.0026 - acc: 0.9991
3552/4534 [======================>.......] - ETA: 0s - loss: 0.0026 - acc: 0.9992
3616/4534 [======================>.......] - ETA: 0s - loss: 0.0026 - acc: 0.9992
3680/4534 [=======================>......] - ETA: 0s - loss: 0.0026 - acc: 0.9992
3744/4534 [=======================>......] - ETA: 0s - loss: 0.0026 - acc: 0.9992
3808/4534 [========================>.....] - ETA: 0s - loss: 0.0025 - acc: 0.9992
3872/4534 [========================>.....] - ETA: 0s - loss: 0.0025 - acc: 0.9992
3936/4534 [=========================>....] - ETA: 0s - loss: 0.0024 - acc: 0.9992
4000/4534 [=========================>....] - ETA: 0s - loss: 0.0024 - acc: 0.9992
4064/4534 [=========================>....] - ETA: 0s - loss: 0.0025 - acc: 0.9993
4128/4534 [==========================>...] - ETA: 0s - loss: 0.0024 - acc: 0.9993
4192/4534 [==========================>...] - ETA: 0s - loss: 0.0024 - acc: 0.9993
4256/4534 [===========================>..] - ETA: 0s - loss: 0.0024 - acc: 0.9993
4320/4534 [===========================>..] - ETA: 0s - loss: 0.0024 - acc: 0.9993
4384/4534 [============================>.] - ETA: 0s - loss: 0.0024 - acc: 0.9993
4448/4534 [============================>.] - ETA: 0s - loss: 0.0023 - acc: 0.9993
4512/4534 [============================>.] - ETA: 0s - loss: 0.0024 - acc: 0.9993
4534/4534 [==============================] - 5s 1ms/step - loss: 0.0024 - acc: 0.9993 - val_loss: 6.6641 - val_acc: 0.5820
Epoch 11/1000

  32/4534 [..............................] - ETA: 4s - loss: 0.0044 - acc: 1.0000
  96/4534 [..............................] - ETA: 4s - loss: 0.0018 - acc: 1.0000
 160/4534 [>.............................] - ETA: 3s - loss: 0.0015 - acc: 1.0000
 224/4534 [>.............................] - ETA: 3s - loss: 0.0011 - acc: 1.0000
 288/4534 [>.............................] - ETA: 3s - loss: 8.7292e-04 - acc: 1.0000
 352/4534 [=>............................] - ETA: 3s - loss: 8.6223e-04 - acc: 1.0000
 416/4534 [=>............................] - ETA: 3s - loss: 7.3130e-04 - acc: 1.0000
 480/4534 [==>...........................] - ETA: 3s - loss: 0.0026 - acc: 0.9979    
 544/4534 [==>...........................] - ETA: 3s - loss: 0.0023 - acc: 0.9982
 608/4534 [===>..........................] - ETA: 3s - loss: 0.0021 - acc: 0.9984
 672/4534 [===>..........................] - ETA: 3s - loss: 0.0019 - acc: 0.9985
 736/4534 [===>..........................] - ETA: 3s - loss: 0.0018 - acc: 0.9986
 800/4534 [====>.........................] - ETA: 3s - loss: 0.0017 - acc: 0.9988
 864/4534 [====>.........................] - ETA: 3s - loss: 0.0016 - acc: 0.9988
 928/4534 [=====>........................] - ETA: 3s - loss: 0.0015 - acc: 0.9989
 992/4534 [=====>........................] - ETA: 3s - loss: 0.0014 - acc: 0.9990
1056/4534 [=====>........................] - ETA: 3s - loss: 0.0013 - acc: 0.9991
1120/4534 [======>.......................] - ETA: 3s - loss: 0.0014 - acc: 0.9991
1184/4534 [======>.......................] - ETA: 2s - loss: 0.0013 - acc: 0.9992
1248/4534 [=======>......................] - ETA: 2s - loss: 0.0012 - acc: 0.9992
1312/4534 [=======>......................] - ETA: 2s - loss: 0.0012 - acc: 0.9992
1376/4534 [========>.....................] - ETA: 2s - loss: 0.0011 - acc: 0.9993
1440/4534 [========>.....................] - ETA: 2s - loss: 0.0012 - acc: 0.9993
1504/4534 [========>.....................] - ETA: 2s - loss: 0.0011 - acc: 0.9993
1568/4534 [=========>....................] - ETA: 2s - loss: 0.0012 - acc: 0.9994
1632/4534 [=========>....................] - ETA: 2s - loss: 0.0011 - acc: 0.9994
1696/4534 [==========>...................] - ETA: 2s - loss: 0.0011 - acc: 0.9994
1760/4534 [==========>...................] - ETA: 2s - loss: 0.0011 - acc: 0.9994
1824/4534 [===========>..................] - ETA: 2s - loss: 0.0010 - acc: 0.9995
1888/4534 [===========>..................] - ETA: 2s - loss: 0.0010 - acc: 0.9995
1952/4534 [===========>..................] - ETA: 2s - loss: 0.0010 - acc: 0.9995
2016/4534 [============>.................] - ETA: 2s - loss: 0.0014 - acc: 0.9990
2080/4534 [============>.................] - ETA: 2s - loss: 0.0013 - acc: 0.9990
2144/4534 [=============>................] - ETA: 2s - loss: 0.0014 - acc: 0.9991
2208/4534 [=============>................] - ETA: 2s - loss: 0.0014 - acc: 0.9991
2272/4534 [==============>...............] - ETA: 2s - loss: 0.0013 - acc: 0.9991
2336/4534 [==============>...............] - ETA: 1s - loss: 0.0013 - acc: 0.9991
2400/4534 [==============>...............] - ETA: 1s - loss: 0.0012 - acc: 0.9992
2464/4534 [===============>..............] - ETA: 1s - loss: 0.0012 - acc: 0.9992
2528/4534 [===============>..............] - ETA: 1s - loss: 0.0012 - acc: 0.9992
2592/4534 [================>.............] - ETA: 1s - loss: 0.0012 - acc: 0.9992
2656/4534 [================>.............] - ETA: 1s - loss: 0.0011 - acc: 0.9992
2720/4534 [================>.............] - ETA: 1s - loss: 0.0011 - acc: 0.9993
2784/4534 [=================>............] - ETA: 1s - loss: 0.0011 - acc: 0.9993
2848/4534 [=================>............] - ETA: 1s - loss: 0.0011 - acc: 0.9993
2912/4534 [==================>...........] - ETA: 1s - loss: 0.0012 - acc: 0.9993
2976/4534 [==================>...........] - ETA: 1s - loss: 0.0012 - acc: 0.9993
3040/4534 [===================>..........] - ETA: 1s - loss: 0.0012 - acc: 0.9993
3104/4534 [===================>..........] - ETA: 1s - loss: 0.0012 - acc: 0.9994
3168/4534 [===================>..........] - ETA: 1s - loss: 0.0012 - acc: 0.9994
3232/4534 [====================>.........] - ETA: 1s - loss: 0.0011 - acc: 0.9994
3296/4534 [====================>.........] - ETA: 1s - loss: 0.0011 - acc: 0.9994
3360/4534 [=====================>........] - ETA: 1s - loss: 0.0011 - acc: 0.9994
3424/4534 [=====================>........] - ETA: 0s - loss: 0.0011 - acc: 0.9994
3488/4534 [======================>.......] - ETA: 0s - loss: 0.0011 - acc: 0.9994
3552/4534 [======================>.......] - ETA: 0s - loss: 0.0011 - acc: 0.9994
3616/4534 [======================>.......] - ETA: 0s - loss: 0.0010 - acc: 0.9994
3680/4534 [=======================>......] - ETA: 0s - loss: 0.0010 - acc: 0.9995
3744/4534 [=======================>......] - ETA: 0s - loss: 0.0011 - acc: 0.9995
3808/4534 [========================>.....] - ETA: 0s - loss: 0.0011 - acc: 0.9995
3872/4534 [========================>.....] - ETA: 0s - loss: 0.0011 - acc: 0.9995
3936/4534 [=========================>....] - ETA: 0s - loss: 0.0011 - acc: 0.9995
4000/4534 [=========================>....] - ETA: 0s - loss: 0.0011 - acc: 0.9995
4064/4534 [=========================>....] - ETA: 0s - loss: 0.0010 - acc: 0.9995
4128/4534 [==========================>...] - ETA: 0s - loss: 0.0011 - acc: 0.9995
4192/4534 [==========================>...] - ETA: 0s - loss: 0.0012 - acc: 0.9993
4256/4534 [===========================>..] - ETA: 0s - loss: 0.0012 - acc: 0.9993
4320/4534 [===========================>..] - ETA: 0s - loss: 0.0012 - acc: 0.9993
4384/4534 [============================>.] - ETA: 0s - loss: 0.0012 - acc: 0.9993
4448/4534 [============================>.] - ETA: 0s - loss: 0.0012 - acc: 0.9993
4512/4534 [============================>.] - ETA: 0s - loss: 0.0012 - acc: 0.9993
4534/4534 [==============================] - 5s 1ms/step - loss: 0.0012 - acc: 0.9993 - val_loss: 8.5418 - val_acc: 0.4700
Epoch 12/1000

  32/4534 [..............................] - ETA: 4s - loss: 0.0020 - acc: 1.0000
  96/4534 [..............................] - ETA: 3s - loss: 9.1132e-04 - acc: 1.0000
 160/4534 [>.............................] - ETA: 3s - loss: 5.4890e-04 - acc: 1.0000
 224/4534 [>.............................] - ETA: 3s - loss: 4.2455e-04 - acc: 1.0000
 288/4534 [>.............................] - ETA: 3s - loss: 4.9789e-04 - acc: 1.0000
 352/4534 [=>............................] - ETA: 3s - loss: 4.1033e-04 - acc: 1.0000
 416/4534 [=>............................] - ETA: 3s - loss: 3.5164e-04 - acc: 1.0000
 480/4534 [==>...........................] - ETA: 3s - loss: 3.0761e-04 - acc: 1.0000
 544/4534 [==>...........................] - ETA: 3s - loss: 3.6438e-04 - acc: 1.0000
 608/4534 [===>..........................] - ETA: 3s - loss: 3.2994e-04 - acc: 1.0000
 672/4534 [===>..........................] - ETA: 3s - loss: 3.5183e-04 - acc: 1.0000
 736/4534 [===>..........................] - ETA: 3s - loss: 3.4450e-04 - acc: 1.0000
 800/4534 [====>.........................] - ETA: 3s - loss: 3.2180e-04 - acc: 1.0000
 864/4534 [====>.........................] - ETA: 3s - loss: 3.0752e-04 - acc: 1.0000
 928/4534 [=====>........................] - ETA: 3s - loss: 2.8678e-04 - acc: 1.0000
 992/4534 [=====>........................] - ETA: 3s - loss: 5.1495e-04 - acc: 1.0000
1056/4534 [=====>........................] - ETA: 3s - loss: 5.4035e-04 - acc: 1.0000
1120/4534 [======>.......................] - ETA: 3s - loss: 5.1420e-04 - acc: 1.0000
1184/4534 [======>.......................] - ETA: 2s - loss: 5.1181e-04 - acc: 1.0000
1248/4534 [=======>......................] - ETA: 2s - loss: 7.9089e-04 - acc: 1.0000
1312/4534 [=======>......................] - ETA: 2s - loss: 7.6178e-04 - acc: 1.0000
1376/4534 [========>.....................] - ETA: 2s - loss: 7.4941e-04 - acc: 1.0000
1440/4534 [========>.....................] - ETA: 2s - loss: 7.1663e-04 - acc: 1.0000
1504/4534 [========>.....................] - ETA: 2s - loss: 7.5122e-04 - acc: 1.0000
1568/4534 [=========>....................] - ETA: 2s - loss: 7.2090e-04 - acc: 1.0000
1632/4534 [=========>....................] - ETA: 2s - loss: 6.9358e-04 - acc: 1.0000
1696/4534 [==========>...................] - ETA: 2s - loss: 6.6841e-04 - acc: 1.0000
1760/4534 [==========>...................] - ETA: 2s - loss: 6.4446e-04 - acc: 1.0000
1824/4534 [===========>..................] - ETA: 2s - loss: 6.2187e-04 - acc: 1.0000
1888/4534 [===========>..................] - ETA: 2s - loss: 6.0228e-04 - acc: 1.0000
1952/4534 [===========>..................] - ETA: 2s - loss: 5.8377e-04 - acc: 1.0000
2016/4534 [============>.................] - ETA: 2s - loss: 5.6537e-04 - acc: 1.0000
2080/4534 [============>.................] - ETA: 2s - loss: 5.6267e-04 - acc: 1.0000
2144/4534 [=============>................] - ETA: 2s - loss: 5.5167e-04 - acc: 1.0000
2208/4534 [=============>................] - ETA: 2s - loss: 5.3569e-04 - acc: 1.0000
2272/4534 [==============>...............] - ETA: 2s - loss: 7.8251e-04 - acc: 1.0000
2336/4534 [==============>...............] - ETA: 1s - loss: 7.6860e-04 - acc: 1.0000
2400/4534 [==============>...............] - ETA: 1s - loss: 7.5404e-04 - acc: 1.0000
2464/4534 [===============>..............] - ETA: 1s - loss: 7.4213e-04 - acc: 1.0000
2528/4534 [===============>..............] - ETA: 1s - loss: 7.2393e-04 - acc: 1.0000
2592/4534 [================>.............] - ETA: 1s - loss: 7.0946e-04 - acc: 1.0000
2656/4534 [================>.............] - ETA: 1s - loss: 0.0016 - acc: 0.9996    
2720/4534 [================>.............] - ETA: 1s - loss: 0.0016 - acc: 0.9996
2784/4534 [=================>............] - ETA: 1s - loss: 0.0017 - acc: 0.9996
2848/4534 [=================>............] - ETA: 1s - loss: 0.0016 - acc: 0.9996
2912/4534 [==================>...........] - ETA: 1s - loss: 0.0016 - acc: 0.9997
2976/4534 [==================>...........] - ETA: 1s - loss: 0.0016 - acc: 0.9997
3040/4534 [===================>..........] - ETA: 1s - loss: 0.0015 - acc: 0.9997
3104/4534 [===================>..........] - ETA: 1s - loss: 0.0016 - acc: 0.9997
3168/4534 [===================>..........] - ETA: 1s - loss: 0.0015 - acc: 0.9997
3232/4534 [====================>.........] - ETA: 1s - loss: 0.0018 - acc: 0.9994
3296/4534 [====================>.........] - ETA: 1s - loss: 0.0017 - acc: 0.9994
3360/4534 [=====================>........] - ETA: 1s - loss: 0.0017 - acc: 0.9994
3424/4534 [=====================>........] - ETA: 0s - loss: 0.0017 - acc: 0.9994
3488/4534 [======================>.......] - ETA: 0s - loss: 0.0025 - acc: 0.9991
3552/4534 [======================>.......] - ETA: 0s - loss: 0.0025 - acc: 0.9992
3616/4534 [======================>.......] - ETA: 0s - loss: 0.0033 - acc: 0.9989
3680/4534 [=======================>......] - ETA: 0s - loss: 0.0033 - acc: 0.9989
3744/4534 [=======================>......] - ETA: 0s - loss: 0.0033 - acc: 0.9989
3808/4534 [========================>.....] - ETA: 0s - loss: 0.0033 - acc: 0.9989
3872/4534 [========================>.....] - ETA: 0s - loss: 0.0032 - acc: 0.9990
3936/4534 [=========================>....] - ETA: 0s - loss: 0.0032 - acc: 0.9990
4000/4534 [=========================>....] - ETA: 0s - loss: 0.0031 - acc: 0.9990
4064/4534 [=========================>....] - ETA: 0s - loss: 0.0031 - acc: 0.9990
4128/4534 [==========================>...] - ETA: 0s - loss: 0.0031 - acc: 0.9990
4192/4534 [==========================>...] - ETA: 0s - loss: 0.0031 - acc: 0.9990
4256/4534 [===========================>..] - ETA: 0s - loss: 0.0033 - acc: 0.9988
4320/4534 [===========================>..] - ETA: 0s - loss: 0.0033 - acc: 0.9988
4384/4534 [============================>.] - ETA: 0s - loss: 0.0032 - acc: 0.9989
4448/4534 [============================>.] - ETA: 0s - loss: 0.0032 - acc: 0.9989
4512/4534 [============================>.] - ETA: 0s - loss: 0.0035 - acc: 0.9987
4534/4534 [==============================] - 5s 1ms/step - loss: 0.0036 - acc: 0.9987 - val_loss: 6.6641 - val_acc: 0.5820
Epoch 13/1000

  32/4534 [..............................] - ETA: 4s - loss: 0.0060 - acc: 1.0000
  96/4534 [..............................] - ETA: 3s - loss: 0.0020 - acc: 1.0000
 160/4534 [>.............................] - ETA: 3s - loss: 0.0012 - acc: 1.0000
 224/4534 [>.............................] - ETA: 3s - loss: 8.9038e-04 - acc: 1.0000
 288/4534 [>.............................] - ETA: 3s - loss: 9.7957e-04 - acc: 1.0000
 352/4534 [=>............................] - ETA: 3s - loss: 8.1558e-04 - acc: 1.0000
 416/4534 [=>............................] - ETA: 3s - loss: 6.9240e-04 - acc: 1.0000
 480/4534 [==>...........................] - ETA: 3s - loss: 6.0041e-04 - acc: 1.0000
 544/4534 [==>...........................] - ETA: 3s - loss: 5.3361e-04 - acc: 1.0000
 608/4534 [===>..........................] - ETA: 3s - loss: 4.8108e-04 - acc: 1.0000
 672/4534 [===>..........................] - ETA: 3s - loss: 4.4532e-04 - acc: 1.0000
 736/4534 [===>..........................] - ETA: 3s - loss: 4.0762e-04 - acc: 1.0000
 800/4534 [====>.........................] - ETA: 3s - loss: 0.0013 - acc: 1.0000    
 864/4534 [====>.........................] - ETA: 3s - loss: 0.0012 - acc: 1.0000
 928/4534 [=====>........................] - ETA: 3s - loss: 0.0012 - acc: 1.0000
 992/4534 [=====>........................] - ETA: 3s - loss: 0.0014 - acc: 1.0000
1056/4534 [=====>........................] - ETA: 3s - loss: 0.0015 - acc: 1.0000
1120/4534 [======>.......................] - ETA: 3s - loss: 0.0014 - acc: 1.0000
1184/4534 [======>.......................] - ETA: 2s - loss: 0.0013 - acc: 1.0000
1248/4534 [=======>......................] - ETA: 2s - loss: 0.0014 - acc: 1.0000
1312/4534 [=======>......................] - ETA: 2s - loss: 0.0014 - acc: 1.0000
1376/4534 [========>.....................] - ETA: 2s - loss: 0.0013 - acc: 1.0000
1440/4534 [========>.....................] - ETA: 2s - loss: 0.0013 - acc: 1.0000
1504/4534 [========>.....................] - ETA: 2s - loss: 0.0012 - acc: 1.0000
1568/4534 [=========>....................] - ETA: 2s - loss: 0.0012 - acc: 1.0000
1632/4534 [=========>....................] - ETA: 2s - loss: 0.0011 - acc: 1.0000
1696/4534 [==========>...................] - ETA: 2s - loss: 0.0011 - acc: 1.0000
1760/4534 [==========>...................] - ETA: 2s - loss: 0.0011 - acc: 1.0000
1824/4534 [===========>..................] - ETA: 2s - loss: 0.0012 - acc: 1.0000
1888/4534 [===========>..................] - ETA: 2s - loss: 0.0011 - acc: 1.0000
1952/4534 [===========>..................] - ETA: 2s - loss: 0.0011 - acc: 1.0000
2016/4534 [============>.................] - ETA: 2s - loss: 0.0011 - acc: 1.0000
2080/4534 [============>.................] - ETA: 2s - loss: 0.0015 - acc: 0.9995
2144/4534 [=============>................] - ETA: 2s - loss: 0.0015 - acc: 0.9995
2208/4534 [=============>................] - ETA: 2s - loss: 0.0015 - acc: 0.9995
2272/4534 [==============>...............] - ETA: 2s - loss: 0.0014 - acc: 0.9996
2336/4534 [==============>...............] - ETA: 1s - loss: 0.0014 - acc: 0.9996
2400/4534 [==============>...............] - ETA: 1s - loss: 0.0014 - acc: 0.9996
2464/4534 [===============>..............] - ETA: 1s - loss: 0.0013 - acc: 0.9996
2528/4534 [===============>..............] - ETA: 1s - loss: 0.0013 - acc: 0.9996
2592/4534 [================>.............] - ETA: 1s - loss: 0.0013 - acc: 0.9996
2656/4534 [================>.............] - ETA: 1s - loss: 0.0013 - acc: 0.9996
2720/4534 [================>.............] - ETA: 1s - loss: 0.0016 - acc: 0.9993
2784/4534 [=================>............] - ETA: 1s - loss: 0.0015 - acc: 0.9993
2848/4534 [=================>............] - ETA: 1s - loss: 0.0016 - acc: 0.9993
2912/4534 [==================>...........] - ETA: 1s - loss: 0.0015 - acc: 0.9993
2976/4534 [==================>...........] - ETA: 1s - loss: 0.0015 - acc: 0.9993
3040/4534 [===================>..........] - ETA: 1s - loss: 0.0015 - acc: 0.9993
3104/4534 [===================>..........] - ETA: 1s - loss: 0.0015 - acc: 0.9994
3168/4534 [===================>..........] - ETA: 1s - loss: 0.0015 - acc: 0.9994
3232/4534 [====================>.........] - ETA: 1s - loss: 0.0015 - acc: 0.9994
3296/4534 [====================>.........] - ETA: 1s - loss: 0.0015 - acc: 0.9994
3360/4534 [=====================>........] - ETA: 1s - loss: 0.0015 - acc: 0.9994
3424/4534 [=====================>........] - ETA: 0s - loss: 0.0014 - acc: 0.9994
3488/4534 [======================>.......] - ETA: 0s - loss: 0.0014 - acc: 0.9994
3552/4534 [======================>.......] - ETA: 0s - loss: 0.0014 - acc: 0.9994
3616/4534 [======================>.......] - ETA: 0s - loss: 0.0048 - acc: 0.9992
3680/4534 [=======================>......] - ETA: 0s - loss: 0.0047 - acc: 0.9992
3744/4534 [=======================>......] - ETA: 0s - loss: 0.0048 - acc: 0.9992
3808/4534 [========================>.....] - ETA: 0s - loss: 0.0047 - acc: 0.9992
3872/4534 [========================>.....] - ETA: 0s - loss: 0.0046 - acc: 0.9992
3936/4534 [=========================>....] - ETA: 0s - loss: 0.0046 - acc: 0.9992
4000/4534 [=========================>....] - ETA: 0s - loss: 0.0045 - acc: 0.9992
4064/4534 [=========================>....] - ETA: 0s - loss: 0.0046 - acc: 0.9993
4128/4534 [==========================>...] - ETA: 0s - loss: 0.0045 - acc: 0.9993
4192/4534 [==========================>...] - ETA: 0s - loss: 0.0048 - acc: 0.9990
4256/4534 [===========================>..] - ETA: 0s - loss: 0.0049 - acc: 0.9991
4320/4534 [===========================>..] - ETA: 0s - loss: 0.0048 - acc: 0.9991
4384/4534 [============================>.] - ETA: 0s - loss: 0.0048 - acc: 0.9991
4448/4534 [============================>.] - ETA: 0s - loss: 0.0048 - acc: 0.9991
4512/4534 [============================>.] - ETA: 0s - loss: 0.0047 - acc: 0.9991
4534/4534 [==============================] - 5s 1ms/step - loss: 0.0047 - acc: 0.9991 - val_loss: 6.6503 - val_acc: 0.5829
Epoch 14/1000

  32/4534 [..............................] - ETA: 4s - loss: 5.0155e-04 - acc: 1.0000
  96/4534 [..............................] - ETA: 3s - loss: 3.1547e-04 - acc: 1.0000
 160/4534 [>.............................] - ETA: 3s - loss: 2.9077e-04 - acc: 1.0000
 224/4534 [>.............................] - ETA: 3s - loss: 5.9510e-04 - acc: 1.0000
 288/4534 [>.............................] - ETA: 3s - loss: 0.0015 - acc: 1.0000    
 352/4534 [=>............................] - ETA: 3s - loss: 0.0014 - acc: 1.0000
 416/4534 [=>............................] - ETA: 3s - loss: 0.0012 - acc: 1.0000
 480/4534 [==>...........................] - ETA: 3s - loss: 0.0013 - acc: 1.0000
 544/4534 [==>...........................] - ETA: 3s - loss: 0.0012 - acc: 1.0000
 608/4534 [===>..........................] - ETA: 3s - loss: 0.0012 - acc: 1.0000
 672/4534 [===>..........................] - ETA: 3s - loss: 0.0012 - acc: 1.0000
 736/4534 [===>..........................] - ETA: 3s - loss: 0.0013 - acc: 1.0000
 800/4534 [====>.........................] - ETA: 3s - loss: 0.0013 - acc: 1.0000
 864/4534 [====>.........................] - ETA: 3s - loss: 0.0012 - acc: 1.0000
 928/4534 [=====>........................] - ETA: 3s - loss: 0.0011 - acc: 1.0000
 992/4534 [=====>........................] - ETA: 3s - loss: 0.0011 - acc: 1.0000
1056/4534 [=====>........................] - ETA: 3s - loss: 0.0010 - acc: 1.0000
1120/4534 [======>.......................] - ETA: 3s - loss: 0.0012 - acc: 1.0000
1184/4534 [======>.......................] - ETA: 2s - loss: 0.0012 - acc: 1.0000
1248/4534 [=======>......................] - ETA: 2s - loss: 0.0011 - acc: 1.0000
1312/4534 [=======>......................] - ETA: 2s - loss: 0.0011 - acc: 1.0000
1376/4534 [========>.....................] - ETA: 2s - loss: 0.0011 - acc: 1.0000
1440/4534 [========>.....................] - ETA: 2s - loss: 0.0011 - acc: 1.0000
1504/4534 [========>.....................] - ETA: 2s - loss: 0.0011 - acc: 1.0000
1568/4534 [=========>....................] - ETA: 2s - loss: 0.0011 - acc: 1.0000
1632/4534 [=========>....................] - ETA: 2s - loss: 0.0012 - acc: 1.0000
1696/4534 [==========>...................] - ETA: 2s - loss: 0.0011 - acc: 1.0000
1760/4534 [==========>...................] - ETA: 2s - loss: 0.0011 - acc: 1.0000
1824/4534 [===========>..................] - ETA: 2s - loss: 0.0011 - acc: 1.0000
1888/4534 [===========>..................] - ETA: 2s - loss: 0.0011 - acc: 1.0000
1952/4534 [===========>..................] - ETA: 2s - loss: 0.0011 - acc: 1.0000
2016/4534 [============>.................] - ETA: 2s - loss: 0.0010 - acc: 1.0000
2080/4534 [============>.................] - ETA: 2s - loss: 0.0010 - acc: 1.0000
2144/4534 [=============>................] - ETA: 2s - loss: 0.0010 - acc: 1.0000
2208/4534 [=============>................] - ETA: 2s - loss: 9.8963e-04 - acc: 1.0000
2272/4534 [==============>...............] - ETA: 2s - loss: 9.6265e-04 - acc: 1.0000
2336/4534 [==============>...............] - ETA: 1s - loss: 9.7534e-04 - acc: 1.0000
2400/4534 [==============>...............] - ETA: 1s - loss: 9.5836e-04 - acc: 1.0000
2464/4534 [===============>..............] - ETA: 1s - loss: 9.3401e-04 - acc: 1.0000
2528/4534 [===============>..............] - ETA: 1s - loss: 9.1698e-04 - acc: 1.0000
2592/4534 [================>.............] - ETA: 1s - loss: 0.0027 - acc: 0.9996    
2656/4534 [================>.............] - ETA: 1s - loss: 0.0026 - acc: 0.9996
2720/4534 [================>.............] - ETA: 1s - loss: 0.0026 - acc: 0.9996
2784/4534 [=================>............] - ETA: 1s - loss: 0.0026 - acc: 0.9996
2848/4534 [=================>............] - ETA: 1s - loss: 0.0026 - acc: 0.9996
2912/4534 [==================>...........] - ETA: 1s - loss: 0.0027 - acc: 0.9997
2976/4534 [==================>...........] - ETA: 1s - loss: 0.0027 - acc: 0.9997
3040/4534 [===================>..........] - ETA: 1s - loss: 0.0030 - acc: 0.9993
3104/4534 [===================>..........] - ETA: 1s - loss: 0.0032 - acc: 0.9994
3168/4534 [===================>..........] - ETA: 1s - loss: 0.0032 - acc: 0.9994
3232/4534 [====================>.........] - ETA: 1s - loss: 0.0032 - acc: 0.9994
3296/4534 [====================>.........] - ETA: 1s - loss: 0.0041 - acc: 0.9991
3360/4534 [=====================>........] - ETA: 1s - loss: 0.0040 - acc: 0.9991
3424/4534 [=====================>........] - ETA: 0s - loss: 0.0039 - acc: 0.9991
3488/4534 [======================>.......] - ETA: 0s - loss: 0.0039 - acc: 0.9991
3552/4534 [======================>.......] - ETA: 0s - loss: 0.0038 - acc: 0.9992
3616/4534 [======================>.......] - ETA: 0s - loss: 0.0040 - acc: 0.9989
3680/4534 [=======================>......] - ETA: 0s - loss: 0.0040 - acc: 0.9989
3744/4534 [=======================>......] - ETA: 0s - loss: 0.0039 - acc: 0.9989
3808/4534 [========================>.....] - ETA: 0s - loss: 0.0040 - acc: 0.9989
3872/4534 [========================>.....] - ETA: 0s - loss: 0.0043 - acc: 0.9987
3936/4534 [=========================>....] - ETA: 0s - loss: 0.0044 - acc: 0.9985
4000/4534 [=========================>....] - ETA: 0s - loss: 0.0043 - acc: 0.9985
4064/4534 [=========================>....] - ETA: 0s - loss: 0.0044 - acc: 0.9985
4128/4534 [==========================>...] - ETA: 0s - loss: 0.0043 - acc: 0.9985
4192/4534 [==========================>...] - ETA: 0s - loss: 0.0043 - acc: 0.9986
4256/4534 [===========================>..] - ETA: 0s - loss: 0.0042 - acc: 0.9986
4320/4534 [===========================>..] - ETA: 0s - loss: 0.0042 - acc: 0.9986
4384/4534 [============================>.] - ETA: 0s - loss: 0.0041 - acc: 0.9986
4448/4534 [============================>.] - ETA: 0s - loss: 0.0041 - acc: 0.9987
4512/4534 [============================>.] - ETA: 0s - loss: 0.0040 - acc: 0.9987
4534/4534 [==============================] - 5s 1ms/step - loss: 0.0040 - acc: 0.9987 - val_loss: 8.6841 - val_acc: 0.4612
Epoch 15/1000

  32/4534 [..............................] - ETA: 4s - loss: 2.5664e-04 - acc: 1.0000
  96/4534 [..............................] - ETA: 3s - loss: 1.7271e-04 - acc: 1.0000
 160/4534 [>.............................] - ETA: 3s - loss: 7.2764e-04 - acc: 1.0000
 224/4534 [>.............................] - ETA: 3s - loss: 5.4231e-04 - acc: 1.0000
 288/4534 [>.............................] - ETA: 3s - loss: 4.3902e-04 - acc: 1.0000
 352/4534 [=>............................] - ETA: 3s - loss: 3.6122e-04 - acc: 1.0000
 416/4534 [=>............................] - ETA: 3s - loss: 3.0812e-04 - acc: 1.0000
 480/4534 [==>...........................] - ETA: 3s - loss: 4.2566e-04 - acc: 1.0000
 544/4534 [==>...........................] - ETA: 3s - loss: 4.7558e-04 - acc: 1.0000
 608/4534 [===>..........................] - ETA: 3s - loss: 0.0023 - acc: 0.9984    
 672/4534 [===>..........................] - ETA: 3s - loss: 0.0021 - acc: 0.9985
 736/4534 [===>..........................] - ETA: 3s - loss: 0.0019 - acc: 0.9986
 800/4534 [====>.........................] - ETA: 3s - loss: 0.0018 - acc: 0.9988
 864/4534 [====>.........................] - ETA: 3s - loss: 0.0016 - acc: 0.9988
 928/4534 [=====>........................] - ETA: 3s - loss: 0.0040 - acc: 0.9978
 992/4534 [=====>........................] - ETA: 3s - loss: 0.0037 - acc: 0.9980
1056/4534 [=====>........................] - ETA: 3s - loss: 0.0036 - acc: 0.9981
1120/4534 [======>.......................] - ETA: 3s - loss: 0.0035 - acc: 0.9982
1184/4534 [======>.......................] - ETA: 2s - loss: 0.0033 - acc: 0.9983
1248/4534 [=======>......................] - ETA: 2s - loss: 0.0031 - acc: 0.9984
1312/4534 [=======>......................] - ETA: 2s - loss: 0.0030 - acc: 0.9985
1376/4534 [========>.....................] - ETA: 2s - loss: 0.0028 - acc: 0.9985
1440/4534 [========>.....................] - ETA: 2s - loss: 0.0027 - acc: 0.9986
1504/4534 [========>.....................] - ETA: 2s - loss: 0.0026 - acc: 0.9987
1568/4534 [=========>....................] - ETA: 2s - loss: 0.0026 - acc: 0.9987
1632/4534 [=========>....................] - ETA: 2s - loss: 0.0025 - acc: 0.9988
1696/4534 [==========>...................] - ETA: 2s - loss: 0.0024 - acc: 0.9988
1760/4534 [==========>...................] - ETA: 2s - loss: 0.0024 - acc: 0.9989
1824/4534 [===========>..................] - ETA: 2s - loss: 0.0024 - acc: 0.9989
1888/4534 [===========>..................] - ETA: 2s - loss: 0.0024 - acc: 0.9989
1952/4534 [===========>..................] - ETA: 2s - loss: 0.0023 - acc: 0.9990
2016/4534 [============>.................] - ETA: 2s - loss: 0.0022 - acc: 0.9990
2080/4534 [============>.................] - ETA: 2s - loss: 0.0053 - acc: 0.9986
2144/4534 [=============>................] - ETA: 2s - loss: 0.0052 - acc: 0.9986
2208/4534 [=============>................] - ETA: 2s - loss: 0.0050 - acc: 0.9986
2272/4534 [==============>...............] - ETA: 2s - loss: 0.0051 - acc: 0.9987
2336/4534 [==============>...............] - ETA: 1s - loss: 0.0051 - acc: 0.9987
2400/4534 [==============>...............] - ETA: 1s - loss: 0.0051 - acc: 0.9988
2464/4534 [===============>..............] - ETA: 1s - loss: 0.0051 - acc: 0.9988
2528/4534 [===============>..............] - ETA: 1s - loss: 0.0050 - acc: 0.9988
2592/4534 [================>.............] - ETA: 1s - loss: 0.0049 - acc: 0.9988
2656/4534 [================>.............] - ETA: 1s - loss: 0.0049 - acc: 0.9989
2720/4534 [================>.............] - ETA: 1s - loss: 0.0048 - acc: 0.9989
2784/4534 [=================>............] - ETA: 1s - loss: 0.0050 - acc: 0.9989
2848/4534 [=================>............] - ETA: 1s - loss: 0.0050 - acc: 0.9989
2912/4534 [==================>...........] - ETA: 1s - loss: 0.0049 - acc: 0.9990
2976/4534 [==================>...........] - ETA: 1s - loss: 0.0048 - acc: 0.9990
3040/4534 [===================>..........] - ETA: 1s - loss: 0.0048 - acc: 0.9990
3104/4534 [===================>..........] - ETA: 1s - loss: 0.0047 - acc: 0.9990
3168/4534 [===================>..........] - ETA: 1s - loss: 0.0047 - acc: 0.9991
3232/4534 [====================>.........] - ETA: 1s - loss: 0.0046 - acc: 0.9991
3296/4534 [====================>.........] - ETA: 1s - loss: 0.0045 - acc: 0.9991
3360/4534 [=====================>........] - ETA: 1s - loss: 0.0044 - acc: 0.9991
3424/4534 [=====================>........] - ETA: 0s - loss: 0.0043 - acc: 0.9991
3488/4534 [======================>.......] - ETA: 0s - loss: 0.0044 - acc: 0.9991
3552/4534 [======================>.......] - ETA: 0s - loss: 0.0044 - acc: 0.9992
3616/4534 [======================>.......] - ETA: 0s - loss: 0.0046 - acc: 0.9989
3680/4534 [=======================>......] - ETA: 0s - loss: 0.0045 - acc: 0.9989
3744/4534 [=======================>......] - ETA: 0s - loss: 0.0044 - acc: 0.9989
3808/4534 [========================>.....] - ETA: 0s - loss: 0.0044 - acc: 0.9989
3872/4534 [========================>.....] - ETA: 0s - loss: 0.0043 - acc: 0.9990
3936/4534 [=========================>....] - ETA: 0s - loss: 0.0042 - acc: 0.9990
4000/4534 [=========================>....] - ETA: 0s - loss: 0.0042 - acc: 0.9990
4064/4534 [=========================>....] - ETA: 0s - loss: 0.0041 - acc: 0.9990
4128/4534 [==========================>...] - ETA: 0s - loss: 0.0044 - acc: 0.9988
4192/4534 [==========================>...] - ETA: 0s - loss: 0.0043 - acc: 0.9988
4256/4534 [===========================>..] - ETA: 0s - loss: 0.0043 - acc: 0.9988
4320/4534 [===========================>..] - ETA: 0s - loss: 0.0042 - acc: 0.9988
4384/4534 [============================>.] - ETA: 0s - loss: 0.0042 - acc: 0.9989
4448/4534 [============================>.] - ETA: 0s - loss: 0.0041 - acc: 0.9989
4512/4534 [============================>.] - ETA: 0s - loss: 0.0040 - acc: 0.9989
4534/4534 [==============================] - 5s 1ms/step - loss: 0.0040 - acc: 0.9989 - val_loss: 8.6841 - val_acc: 0.4612
Epoch 16/1000

  32/4534 [..............................] - ETA: 4s - loss: 4.2298e-05 - acc: 1.0000
  96/4534 [..............................] - ETA: 3s - loss: 1.6191e-05 - acc: 1.0000
 160/4534 [>.............................] - ETA: 3s - loss: 7.1812e-04 - acc: 1.0000
 224/4534 [>.............................] - ETA: 3s - loss: 5.3689e-04 - acc: 1.0000
 288/4534 [>.............................] - ETA: 3s - loss: 4.6230e-04 - acc: 1.0000
 352/4534 [=>............................] - ETA: 3s - loss: 0.0079 - acc: 0.9972    
 416/4534 [=>............................] - ETA: 3s - loss: 0.0067 - acc: 0.9976
 480/4534 [==>...........................] - ETA: 3s - loss: 0.0069 - acc: 0.9979
 544/4534 [==>...........................] - ETA: 3s - loss: 0.0061 - acc: 0.9982
 608/4534 [===>..........................] - ETA: 3s - loss: 0.0057 - acc: 0.9984
 672/4534 [===>..........................] - ETA: 3s - loss: 0.0052 - acc: 0.9985
 736/4534 [===>..........................] - ETA: 3s - loss: 0.0049 - acc: 0.9986
 800/4534 [====>.........................] - ETA: 3s - loss: 0.0046 - acc: 0.9988
 864/4534 [====>.........................] - ETA: 3s - loss: 0.0043 - acc: 0.9988
 928/4534 [=====>........................] - ETA: 3s - loss: 0.0041 - acc: 0.9989
 992/4534 [=====>........................] - ETA: 3s - loss: 0.0039 - acc: 0.9990
1056/4534 [=====>........................] - ETA: 3s - loss: 0.0038 - acc: 0.9991
1120/4534 [======>.......................] - ETA: 3s - loss: 0.0037 - acc: 0.9991
1184/4534 [======>.......................] - ETA: 3s - loss: 0.0060 - acc: 0.9983
1248/4534 [=======>......................] - ETA: 2s - loss: 0.0059 - acc: 0.9984
1312/4534 [=======>......................] - ETA: 2s - loss: 0.0056 - acc: 0.9985
1376/4534 [========>.....................] - ETA: 2s - loss: 0.0054 - acc: 0.9985
1440/4534 [========>.....................] - ETA: 2s - loss: 0.0053 - acc: 0.9986
1504/4534 [========>.....................] - ETA: 2s - loss: 0.0051 - acc: 0.9987
1568/4534 [=========>....................] - ETA: 2s - loss: 0.0049 - acc: 0.9987
1632/4534 [=========>....................] - ETA: 2s - loss: 0.0048 - acc: 0.9988
1696/4534 [==========>...................] - ETA: 2s - loss: 0.0046 - acc: 0.9988
1760/4534 [==========>...................] - ETA: 2s - loss: 0.0045 - acc: 0.9989
1824/4534 [===========>..................] - ETA: 2s - loss: 0.0044 - acc: 0.9989
1888/4534 [===========>..................] - ETA: 2s - loss: 0.0042 - acc: 0.9989
1952/4534 [===========>..................] - ETA: 2s - loss: 0.0041 - acc: 0.9990
2016/4534 [============>.................] - ETA: 2s - loss: 0.0041 - acc: 0.9990
2080/4534 [============>.................] - ETA: 2s - loss: 0.0039 - acc: 0.9990
2144/4534 [=============>................] - ETA: 2s - loss: 0.0038 - acc: 0.9991
2208/4534 [=============>................] - ETA: 2s - loss: 0.0038 - acc: 0.9991
2272/4534 [==============>...............] - ETA: 2s - loss: 0.0037 - acc: 0.9991
2336/4534 [==============>...............] - ETA: 1s - loss: 0.0036 - acc: 0.9991
2400/4534 [==============>...............] - ETA: 1s - loss: 0.0035 - acc: 0.9992
2464/4534 [===============>..............] - ETA: 1s - loss: 0.0035 - acc: 0.9992
2528/4534 [===============>..............] - ETA: 1s - loss: 0.0034 - acc: 0.9992
2592/4534 [================>.............] - ETA: 1s - loss: 0.0034 - acc: 0.9992
2656/4534 [================>.............] - ETA: 1s - loss: 0.0033 - acc: 0.9992
2720/4534 [================>.............] - ETA: 1s - loss: 0.0032 - acc: 0.9993
2784/4534 [=================>............] - ETA: 1s - loss: 0.0032 - acc: 0.9993
2848/4534 [=================>............] - ETA: 1s - loss: 0.0031 - acc: 0.9993
2912/4534 [==================>...........] - ETA: 1s - loss: 0.0030 - acc: 0.9993
2976/4534 [==================>...........] - ETA: 1s - loss: 0.0030 - acc: 0.9993
3040/4534 [===================>..........] - ETA: 1s - loss: 0.0029 - acc: 0.9993
3104/4534 [===================>..........] - ETA: 1s - loss: 0.0036 - acc: 0.9990
3168/4534 [===================>..........] - ETA: 1s - loss: 0.0035 - acc: 0.9991
3232/4534 [====================>.........] - ETA: 1s - loss: 0.0035 - acc: 0.9991
3296/4534 [====================>.........] - ETA: 1s - loss: 0.0034 - acc: 0.9991
3360/4534 [=====================>........] - ETA: 1s - loss: 0.0034 - acc: 0.9991
3424/4534 [=====================>........] - ETA: 0s - loss: 0.0035 - acc: 0.9988
3488/4534 [======================>.......] - ETA: 0s - loss: 0.0034 - acc: 0.9989
3552/4534 [======================>.......] - ETA: 0s - loss: 0.0034 - acc: 0.9989
3616/4534 [======================>.......] - ETA: 0s - loss: 0.0033 - acc: 0.9989
3680/4534 [=======================>......] - ETA: 0s - loss: 0.0033 - acc: 0.9989
3744/4534 [=======================>......] - ETA: 0s - loss: 0.0033 - acc: 0.9989
3808/4534 [========================>.....] - ETA: 0s - loss: 0.0032 - acc: 0.9989
3872/4534 [========================>.....] - ETA: 0s - loss: 0.0032 - acc: 0.9990
3936/4534 [=========================>....] - ETA: 0s - loss: 0.0033 - acc: 0.9990
4000/4534 [=========================>....] - ETA: 0s - loss: 0.0032 - acc: 0.9990
4064/4534 [=========================>....] - ETA: 0s - loss: 0.0034 - acc: 0.9988
4128/4534 [==========================>...] - ETA: 0s - loss: 0.0034 - acc: 0.9988
4192/4534 [==========================>...] - ETA: 0s - loss: 0.0034 - acc: 0.9988
4256/4534 [===========================>..] - ETA: 0s - loss: 0.0033 - acc: 0.9988
4320/4534 [===========================>..] - ETA: 0s - loss: 0.0033 - acc: 0.9988
4384/4534 [============================>.] - ETA: 0s - loss: 0.0032 - acc: 0.9989
4448/4534 [============================>.] - ETA: 0s - loss: 0.0032 - acc: 0.9989
4512/4534 [============================>.] - ETA: 0s - loss: 0.0032 - acc: 0.9989
4534/4534 [==============================] - 5s 1ms/step - loss: 0.0031 - acc: 0.9989 - val_loss: 8.6841 - val_acc: 0.4612

  32/1418 [..............................] - ETA: 1s
  96/1418 [=>............................] - ETA: 1s
 160/1418 [==>...........................] - ETA: 1s
 224/1418 [===>..........................] - ETA: 1s
 288/1418 [=====>........................] - ETA: 1s
 352/1418 [======>.......................] - ETA: 1s
 416/1418 [=======>......................] - ETA: 0s
 480/1418 [=========>....................] - ETA: 0s
 544/1418 [==========>...................] - ETA: 0s
 608/1418 [===========>..................] - ETA: 0s
 672/1418 [=============>................] - ETA: 0s
 736/1418 [==============>...............] - ETA: 0s
 800/1418 [===============>..............] - ETA: 0s
 864/1418 [=================>............] - ETA: 0s
 928/1418 [==================>...........] - ETA: 0s
 992/1418 [===================>..........] - ETA: 0s
1056/1418 [=====================>........] - ETA: 0s
1120/1418 [======================>.......] - ETA: 0s
1184/1418 [========================>.....] - ETA: 0s
1248/1418 [=========================>....] - ETA: 0s
1312/1418 [==========================>...] - ETA: 0s
1376/1418 [============================>.] - ETA: 0s
1418/1418 [==============================] - 1s 974us/step
Test acc: 0.6057827926867435
Test auc: 0.5295464956481906
Execute epoch: 16
Execute time: 88.11555504798889
