_________________________________________________________________
Layer (type)                 Output Shape              Param #   
=================================================================
embedding_1 (Embedding)      (None, None, 128)         297984    
_________________________________________________________________
lstm_1 (LSTM)                (None, None, 64)          49408     
_________________________________________________________________
lstm_2 (LSTM)                (None, None, 64)          33024     
_________________________________________________________________
lstm_3 (LSTM)                (None, 64)                33024     
_________________________________________________________________
dense_1 (Dense)              (None, 16)                1040      
_________________________________________________________________
dense_2 (Dense)              (None, 1)                 17        
=================================================================
Total params: 414,497
Trainable params: 414,497
Non-trainable params: 0
_________________________________________________________________
Train on 4534 samples, validate on 1134 samples
Epoch 1/1

  32/4534 [..............................] - ETA: 7:55 - loss: 0.6934 - acc: 0.4062
  96/4534 [..............................] - ETA: 2:39 - loss: 0.6931 - acc: 0.4896
 160/4534 [>.............................] - ETA: 1:36 - loss: 0.6924 - acc: 0.5563
 224/4534 [>.............................] - ETA: 1:09 - loss: 0.6923 - acc: 0.5580
 288/4534 [>.............................] - ETA: 54s - loss: 0.6921 - acc: 0.5590 
 352/4534 [=>............................] - ETA: 44s - loss: 0.6919 - acc: 0.5597
 416/4534 [=>............................] - ETA: 37s - loss: 0.6924 - acc: 0.5433
 480/4534 [==>...........................] - ETA: 32s - loss: 0.6927 - acc: 0.5333
 544/4534 [==>...........................] - ETA: 29s - loss: 0.6924 - acc: 0.5368
 608/4534 [===>..........................] - ETA: 26s - loss: 0.6927 - acc: 0.5280
 672/4534 [===>..........................] - ETA: 23s - loss: 0.6924 - acc: 0.5298
 736/4534 [===>..........................] - ETA: 21s - loss: 0.6924 - acc: 0.5272
 800/4534 [====>.........................] - ETA: 19s - loss: 0.6921 - acc: 0.5288
 864/4534 [====>.........................] - ETA: 18s - loss: 0.6919 - acc: 0.5301
 928/4534 [=====>........................] - ETA: 17s - loss: 0.6912 - acc: 0.5356
 992/4534 [=====>........................] - ETA: 16s - loss: 0.6904 - acc: 0.5403
1056/4534 [=====>........................] - ETA: 15s - loss: 0.6893 - acc: 0.5455
1120/4534 [======>.......................] - ETA: 14s - loss: 0.6882 - acc: 0.5482
1184/4534 [======>.......................] - ETA: 13s - loss: 0.6863 - acc: 0.5507
1248/4534 [=======>......................] - ETA: 12s - loss: 0.6850 - acc: 0.5481
1312/4534 [=======>......................] - ETA: 11s - loss: 0.6826 - acc: 0.5473
1376/4534 [========>.....................] - ETA: 11s - loss: 0.6795 - acc: 0.5472
1440/4534 [========>.....................] - ETA: 10s - loss: 0.6731 - acc: 0.5507
1504/4534 [========>.....................] - ETA: 10s - loss: 0.6643 - acc: 0.5532
1568/4534 [=========>....................] - ETA: 9s - loss: 0.6593 - acc: 0.5510 
1632/4534 [=========>....................] - ETA: 9s - loss: 0.6523 - acc: 0.5515
1696/4534 [==========>...................] - ETA: 8s - loss: 0.6469 - acc: 0.5513
1760/4534 [==========>...................] - ETA: 8s - loss: 0.6412 - acc: 0.5506
1824/4534 [===========>..................] - ETA: 8s - loss: 0.6352 - acc: 0.5598
1888/4534 [===========>..................] - ETA: 7s - loss: 0.6306 - acc: 0.5683
1952/4534 [===========>..................] - ETA: 7s - loss: 0.6213 - acc: 0.5794
2016/4534 [============>.................] - ETA: 7s - loss: 0.6149 - acc: 0.5883
2080/4534 [============>.................] - ETA: 6s - loss: 0.6084 - acc: 0.5957
2144/4534 [=============>................] - ETA: 6s - loss: 0.5997 - acc: 0.6040
2208/4534 [=============>................] - ETA: 6s - loss: 0.6005 - acc: 0.6096
2272/4534 [==============>...............] - ETA: 5s - loss: 0.5954 - acc: 0.6188
2336/4534 [==============>...............] - ETA: 5s - loss: 0.5921 - acc: 0.6267
2400/4534 [==============>...............] - ETA: 5s - loss: 0.5878 - acc: 0.6342
2464/4534 [===============>..............] - ETA: 5s - loss: 0.5832 - acc: 0.6416
2528/4534 [===============>..............] - ETA: 4s - loss: 0.5787 - acc: 0.6487
2592/4534 [================>.............] - ETA: 4s - loss: 0.5720 - acc: 0.6555
2656/4534 [================>.............] - ETA: 4s - loss: 0.5640 - acc: 0.6630
2720/4534 [================>.............] - ETA: 4s - loss: 0.5551 - acc: 0.6699
2784/4534 [=================>............] - ETA: 4s - loss: 0.5470 - acc: 0.6771
2848/4534 [=================>............] - ETA: 3s - loss: 0.5399 - acc: 0.6836
2912/4534 [==================>...........] - ETA: 3s - loss: 0.5319 - acc: 0.6885
2976/4534 [==================>...........] - ETA: 3s - loss: 0.5256 - acc: 0.6932
3040/4534 [===================>..........] - ETA: 3s - loss: 0.5188 - acc: 0.6977
3104/4534 [===================>..........] - ETA: 3s - loss: 0.5150 - acc: 0.7020
3168/4534 [===================>..........] - ETA: 3s - loss: 0.5077 - acc: 0.7068
3232/4534 [====================>.........] - ETA: 2s - loss: 0.5000 - acc: 0.7116
3296/4534 [====================>.........] - ETA: 2s - loss: 0.4932 - acc: 0.7166
3360/4534 [=====================>........] - ETA: 2s - loss: 0.4926 - acc: 0.7208
3424/4534 [=====================>........] - ETA: 2s - loss: 0.4867 - acc: 0.7246
3488/4534 [======================>.......] - ETA: 2s - loss: 0.4815 - acc: 0.7276
3552/4534 [======================>.......] - ETA: 2s - loss: 0.4759 - acc: 0.7309
3616/4534 [======================>.......] - ETA: 1s - loss: 0.4696 - acc: 0.7348
3680/4534 [=======================>......] - ETA: 1s - loss: 0.4632 - acc: 0.7386
3744/4534 [=======================>......] - ETA: 1s - loss: 0.4567 - acc: 0.7428
3808/4534 [========================>.....] - ETA: 1s - loss: 0.4513 - acc: 0.7466
3872/4534 [========================>.....] - ETA: 1s - loss: 0.4454 - acc: 0.7503
3936/4534 [=========================>....] - ETA: 1s - loss: 0.4395 - acc: 0.7541
4000/4534 [=========================>....] - ETA: 1s - loss: 0.4380 - acc: 0.7568
4064/4534 [=========================>....] - ETA: 0s - loss: 0.4325 - acc: 0.7603
4128/4534 [==========================>...] - ETA: 0s - loss: 0.4271 - acc: 0.7638
4192/4534 [==========================>...] - ETA: 0s - loss: 0.4225 - acc: 0.7667
4256/4534 [===========================>..] - ETA: 0s - loss: 0.4181 - acc: 0.7700
4320/4534 [===========================>..] - ETA: 0s - loss: 0.4136 - acc: 0.7727
4384/4534 [============================>.] - ETA: 0s - loss: 0.4093 - acc: 0.7753
4448/4534 [============================>.] - ETA: 0s - loss: 0.4042 - acc: 0.7781
4512/4534 [============================>.] - ETA: 0s - loss: 0.4029 - acc: 0.7806
4534/4534 [==============================] - 10s 2ms/step - loss: 0.4018 - acc: 0.7814 - val_loss: 8.8834 - val_acc: 0.4489
Train on 4534 samples, validate on 1134 samples
Epoch 1/1

  32/4534 [..............................] - ETA: 5s - loss: 0.1100 - acc: 0.9688
  96/4534 [..............................] - ETA: 5s - loss: 0.1576 - acc: 0.9479
 160/4534 [>.............................] - ETA: 5s - loss: 0.1313 - acc: 0.9625
 224/4534 [>.............................] - ETA: 4s - loss: 0.1128 - acc: 0.9688
 288/4534 [>.............................] - ETA: 4s - loss: 0.1163 - acc: 0.9653
 352/4534 [=>............................] - ETA: 4s - loss: 0.0992 - acc: 0.9716
 416/4534 [=>............................] - ETA: 4s - loss: 0.0888 - acc: 0.9760
 480/4534 [==>...........................] - ETA: 4s - loss: 0.0860 - acc: 0.9771
 544/4534 [==>...........................] - ETA: 4s - loss: 0.0820 - acc: 0.9779
 608/4534 [===>..........................] - ETA: 4s - loss: 0.0827 - acc: 0.9770
 672/4534 [===>..........................] - ETA: 4s - loss: 0.1060 - acc: 0.9762
 736/4534 [===>..........................] - ETA: 4s - loss: 0.1032 - acc: 0.9755
 800/4534 [====>.........................] - ETA: 4s - loss: 0.0951 - acc: 0.9775
 864/4534 [====>.........................] - ETA: 4s - loss: 0.0932 - acc: 0.9769
 928/4534 [=====>........................] - ETA: 4s - loss: 0.0873 - acc: 0.9784
 992/4534 [=====>........................] - ETA: 4s - loss: 0.0892 - acc: 0.9778
1056/4534 [=====>........................] - ETA: 4s - loss: 0.0867 - acc: 0.9773
1120/4534 [======>.......................] - ETA: 3s - loss: 0.0848 - acc: 0.9777
1184/4534 [======>.......................] - ETA: 3s - loss: 0.0828 - acc: 0.9780
1248/4534 [=======>......................] - ETA: 3s - loss: 0.0814 - acc: 0.9784
1312/4534 [=======>......................] - ETA: 3s - loss: 0.0787 - acc: 0.9794
1376/4534 [========>.....................] - ETA: 3s - loss: 0.0771 - acc: 0.9789
1440/4534 [========>.....................] - ETA: 3s - loss: 0.0774 - acc: 0.9785
1504/4534 [========>.....................] - ETA: 3s - loss: 0.0779 - acc: 0.9774
1568/4534 [=========>....................] - ETA: 3s - loss: 0.0773 - acc: 0.9777
1632/4534 [=========>....................] - ETA: 3s - loss: 0.0750 - acc: 0.9786
1696/4534 [==========>...................] - ETA: 3s - loss: 0.0764 - acc: 0.9776
1760/4534 [==========>...................] - ETA: 3s - loss: 0.0757 - acc: 0.9773
1824/4534 [===========>..................] - ETA: 3s - loss: 0.0733 - acc: 0.9781
1888/4534 [===========>..................] - ETA: 3s - loss: 0.0719 - acc: 0.9783
1952/4534 [===========>..................] - ETA: 2s - loss: 0.0714 - acc: 0.9780
2016/4534 [============>.................] - ETA: 2s - loss: 0.0697 - acc: 0.9782
2080/4534 [============>.................] - ETA: 2s - loss: 0.0678 - acc: 0.9788
2144/4534 [=============>................] - ETA: 2s - loss: 0.0672 - acc: 0.9790
2208/4534 [=============>................] - ETA: 2s - loss: 0.0668 - acc: 0.9792
2272/4534 [==============>...............] - ETA: 2s - loss: 0.0663 - acc: 0.9789
2336/4534 [==============>...............] - ETA: 2s - loss: 0.0650 - acc: 0.9795
2400/4534 [==============>...............] - ETA: 2s - loss: 0.0634 - acc: 0.9800
2464/4534 [===============>..............] - ETA: 2s - loss: 0.0636 - acc: 0.9797
2528/4534 [===============>..............] - ETA: 2s - loss: 0.0629 - acc: 0.9794
2592/4534 [================>.............] - ETA: 2s - loss: 0.0614 - acc: 0.9799
2656/4534 [================>.............] - ETA: 2s - loss: 0.0601 - acc: 0.9804
2720/4534 [================>.............] - ETA: 2s - loss: 0.0591 - acc: 0.9809
2784/4534 [=================>............] - ETA: 2s - loss: 0.0614 - acc: 0.9795
2848/4534 [=================>............] - ETA: 1s - loss: 0.0603 - acc: 0.9796
2912/4534 [==================>...........] - ETA: 1s - loss: 0.0592 - acc: 0.9801
2976/4534 [==================>...........] - ETA: 1s - loss: 0.0592 - acc: 0.9798
3040/4534 [===================>..........] - ETA: 1s - loss: 0.0597 - acc: 0.9793
3104/4534 [===================>..........] - ETA: 1s - loss: 0.0588 - acc: 0.9797
3168/4534 [===================>..........] - ETA: 1s - loss: 0.0579 - acc: 0.9801
3232/4534 [====================>.........] - ETA: 1s - loss: 0.0581 - acc: 0.9802
3296/4534 [====================>.........] - ETA: 1s - loss: 0.0589 - acc: 0.9800
3360/4534 [=====================>........] - ETA: 1s - loss: 0.0591 - acc: 0.9801
3424/4534 [=====================>........] - ETA: 1s - loss: 0.0585 - acc: 0.9804
3488/4534 [======================>.......] - ETA: 1s - loss: 0.0582 - acc: 0.9805
3552/4534 [======================>.......] - ETA: 1s - loss: 0.0574 - acc: 0.9809
3616/4534 [======================>.......] - ETA: 1s - loss: 0.0567 - acc: 0.9812
3680/4534 [=======================>......] - ETA: 0s - loss: 0.0566 - acc: 0.9812
3744/4534 [=======================>......] - ETA: 0s - loss: 0.0570 - acc: 0.9813
3808/4534 [========================>.....] - ETA: 0s - loss: 0.0570 - acc: 0.9811
3872/4534 [========================>.....] - ETA: 0s - loss: 0.0564 - acc: 0.9811
3936/4534 [=========================>....] - ETA: 0s - loss: 0.0574 - acc: 0.9807
4000/4534 [=========================>....] - ETA: 0s - loss: 0.0568 - acc: 0.9810
4064/4534 [=========================>....] - ETA: 0s - loss: 0.0603 - acc: 0.9808
4128/4534 [==========================>...] - ETA: 0s - loss: 0.0601 - acc: 0.9809
4192/4534 [==========================>...] - ETA: 0s - loss: 0.0603 - acc: 0.9807
4256/4534 [===========================>..] - ETA: 0s - loss: 0.0598 - acc: 0.9810
4320/4534 [===========================>..] - ETA: 0s - loss: 0.0603 - acc: 0.9803
4384/4534 [============================>.] - ETA: 0s - loss: 0.0597 - acc: 0.9806
4448/4534 [============================>.] - ETA: 0s - loss: 0.0596 - acc: 0.9807
4512/4534 [============================>.] - ETA: 0s - loss: 0.0591 - acc: 0.9809
4534/4534 [==============================] - 6s 1ms/step - loss: 0.0593 - acc: 0.9808 - val_loss: 8.4712 - val_acc: 0.4744
Train on 4534 samples, validate on 1134 samples
Epoch 1/1

  32/4534 [..............................] - ETA: 5s - loss: 0.0030 - acc: 1.0000
  96/4534 [..............................] - ETA: 5s - loss: 0.0277 - acc: 0.9896
 160/4534 [>.............................] - ETA: 5s - loss: 0.0231 - acc: 0.9938
 224/4534 [>.............................] - ETA: 4s - loss: 0.0206 - acc: 0.9955
 288/4534 [>.............................] - ETA: 4s - loss: 0.0196 - acc: 0.9965
 352/4534 [=>............................] - ETA: 4s - loss: 0.0189 - acc: 0.9972
 416/4534 [=>............................] - ETA: 4s - loss: 0.0207 - acc: 0.9952
 480/4534 [==>...........................] - ETA: 4s - loss: 0.0565 - acc: 0.9896
 544/4534 [==>...........................] - ETA: 4s - loss: 0.0537 - acc: 0.9908
 608/4534 [===>..........................] - ETA: 4s - loss: 0.0532 - acc: 0.9901
 672/4534 [===>..........................] - ETA: 4s - loss: 0.0537 - acc: 0.9881
 736/4534 [===>..........................] - ETA: 4s - loss: 0.0524 - acc: 0.9878
 800/4534 [====>.........................] - ETA: 4s - loss: 0.0495 - acc: 0.9888
 864/4534 [====>.........................] - ETA: 4s - loss: 0.0477 - acc: 0.9896
 928/4534 [=====>........................] - ETA: 4s - loss: 0.0450 - acc: 0.9903
 992/4534 [=====>........................] - ETA: 4s - loss: 0.0422 - acc: 0.9909
1056/4534 [=====>........................] - ETA: 4s - loss: 0.0398 - acc: 0.9915
1120/4534 [======>.......................] - ETA: 3s - loss: 0.0455 - acc: 0.9902
1184/4534 [======>.......................] - ETA: 3s - loss: 0.0441 - acc: 0.9907
1248/4534 [=======>......................] - ETA: 3s - loss: 0.0556 - acc: 0.9904
1312/4534 [=======>......................] - ETA: 3s - loss: 0.0645 - acc: 0.9878
1376/4534 [========>.....................] - ETA: 3s - loss: 0.0620 - acc: 0.9884
1440/4534 [========>.....................] - ETA: 3s - loss: 0.0599 - acc: 0.9889
1504/4534 [========>.....................] - ETA: 3s - loss: 0.0595 - acc: 0.9894
1568/4534 [=========>....................] - ETA: 3s - loss: 0.0602 - acc: 0.9885
1632/4534 [=========>....................] - ETA: 3s - loss: 0.0607 - acc: 0.9877
1696/4534 [==========>...................] - ETA: 3s - loss: 0.0681 - acc: 0.9870
1760/4534 [==========>...................] - ETA: 3s - loss: 0.0676 - acc: 0.9875
1824/4534 [===========>..................] - ETA: 3s - loss: 0.0680 - acc: 0.9868
1888/4534 [===========>..................] - ETA: 3s - loss: 0.0687 - acc: 0.9862
1952/4534 [===========>..................] - ETA: 2s - loss: 0.0704 - acc: 0.9846
2016/4534 [============>.................] - ETA: 2s - loss: 0.0689 - acc: 0.9851
2080/4534 [============>.................] - ETA: 2s - loss: 0.0673 - acc: 0.9856
2144/4534 [=============>................] - ETA: 2s - loss: 0.0668 - acc: 0.9851
2208/4534 [=============>................] - ETA: 2s - loss: 0.0659 - acc: 0.9846
2272/4534 [==============>...............] - ETA: 2s - loss: 0.0666 - acc: 0.9842
2336/4534 [==============>...............] - ETA: 2s - loss: 0.0653 - acc: 0.9842
2400/4534 [==============>...............] - ETA: 2s - loss: 0.0653 - acc: 0.9838
2464/4534 [===============>..............] - ETA: 2s - loss: 0.0646 - acc: 0.9838
2528/4534 [===============>..............] - ETA: 2s - loss: 0.0631 - acc: 0.9842
2592/4534 [================>.............] - ETA: 2s - loss: 0.0674 - acc: 0.9838
2656/4534 [================>.............] - ETA: 2s - loss: 0.0723 - acc: 0.9834
2720/4534 [================>.............] - ETA: 2s - loss: 0.0757 - acc: 0.9835
2784/4534 [=================>............] - ETA: 2s - loss: 0.0748 - acc: 0.9835
2848/4534 [=================>............] - ETA: 1s - loss: 0.0741 - acc: 0.9835
2912/4534 [==================>...........] - ETA: 1s - loss: 0.0731 - acc: 0.9839
2976/4534 [==================>...........] - ETA: 1s - loss: 0.0745 - acc: 0.9832
3040/4534 [===================>..........] - ETA: 1s - loss: 0.0737 - acc: 0.9836
3104/4534 [===================>..........] - ETA: 1s - loss: 0.0733 - acc: 0.9836
3168/4534 [===================>..........] - ETA: 1s - loss: 0.0726 - acc: 0.9839
3232/4534 [====================>.........] - ETA: 1s - loss: 0.0719 - acc: 0.9839
3296/4534 [====================>.........] - ETA: 1s - loss: 0.0713 - acc: 0.9842
3360/4534 [=====================>........] - ETA: 1s - loss: 0.0710 - acc: 0.9845
3424/4534 [=====================>........] - ETA: 1s - loss: 0.0701 - acc: 0.9848
3488/4534 [======================>.......] - ETA: 1s - loss: 0.0692 - acc: 0.9851
3552/4534 [======================>.......] - ETA: 1s - loss: 0.0694 - acc: 0.9845
3616/4534 [======================>.......] - ETA: 1s - loss: 0.0688 - acc: 0.9845
3680/4534 [=======================>......] - ETA: 0s - loss: 0.0723 - acc: 0.9842
3744/4534 [=======================>......] - ETA: 0s - loss: 0.0720 - acc: 0.9840
3808/4534 [========================>.....] - ETA: 0s - loss: 0.0712 - acc: 0.9842
3872/4534 [========================>.....] - ETA: 0s - loss: 0.0704 - acc: 0.9842
3936/4534 [=========================>....] - ETA: 0s - loss: 0.0698 - acc: 0.9842
4000/4534 [=========================>....] - ETA: 0s - loss: 0.0692 - acc: 0.9842
4064/4534 [=========================>....] - ETA: 0s - loss: 0.0685 - acc: 0.9845
4128/4534 [==========================>...] - ETA: 0s - loss: 0.0676 - acc: 0.9847
4192/4534 [==========================>...] - ETA: 0s - loss: 0.0669 - acc: 0.9847
4256/4534 [===========================>..] - ETA: 0s - loss: 0.0664 - acc: 0.9847
4320/4534 [===========================>..] - ETA: 0s - loss: 0.0657 - acc: 0.9850
4384/4534 [============================>.] - ETA: 0s - loss: 0.0652 - acc: 0.9847
4448/4534 [============================>.] - ETA: 0s - loss: 0.0645 - acc: 0.9849
4512/4534 [============================>.] - ETA: 0s - loss: 0.0641 - acc: 0.9849
4534/4534 [==============================] - 6s 1ms/step - loss: 0.0638 - acc: 0.9850 - val_loss: 0.0777 - val_acc: 0.9832
Train on 4534 samples, validate on 1134 samples
Epoch 1/1

  32/4534 [..............................] - ETA: 5s - loss: 0.1119 - acc: 0.9688
  96/4534 [..............................] - ETA: 5s - loss: 0.0655 - acc: 0.9688
 160/4534 [>.............................] - ETA: 5s - loss: 0.0397 - acc: 0.9812
 224/4534 [>.............................] - ETA: 4s - loss: 0.0323 - acc: 0.9866
 288/4534 [>.............................] - ETA: 4s - loss: 0.0284 - acc: 0.9896
 352/4534 [=>............................] - ETA: 4s - loss: 0.0265 - acc: 0.9886
 416/4534 [=>............................] - ETA: 4s - loss: 0.0237 - acc: 0.9904
 480/4534 [==>...........................] - ETA: 4s - loss: 0.0213 - acc: 0.9917
 544/4534 [==>...........................] - ETA: 4s - loss: 0.0218 - acc: 0.9908
 608/4534 [===>..........................] - ETA: 4s - loss: 0.0198 - acc: 0.9918
 672/4534 [===>..........................] - ETA: 4s - loss: 0.0198 - acc: 0.9926
 736/4534 [===>..........................] - ETA: 4s - loss: 0.0194 - acc: 0.9932
 800/4534 [====>.........................] - ETA: 4s - loss: 0.0206 - acc: 0.9912
 864/4534 [====>.........................] - ETA: 4s - loss: 0.0197 - acc: 0.9919
 928/4534 [=====>........................] - ETA: 4s - loss: 0.0185 - acc: 0.9925
 992/4534 [=====>........................] - ETA: 4s - loss: 0.0176 - acc: 0.9929
1056/4534 [=====>........................] - ETA: 4s - loss: 0.0170 - acc: 0.9934
1120/4534 [======>.......................] - ETA: 3s - loss: 0.0163 - acc: 0.9938
1184/4534 [======>.......................] - ETA: 3s - loss: 0.0310 - acc: 0.9916
1248/4534 [=======>......................] - ETA: 3s - loss: 0.0304 - acc: 0.9912
1312/4534 [=======>......................] - ETA: 3s - loss: 0.0302 - acc: 0.9916
1376/4534 [========>.....................] - ETA: 3s - loss: 0.0311 - acc: 0.9913
1440/4534 [========>.....................] - ETA: 3s - loss: 0.0306 - acc: 0.9910
1504/4534 [========>.....................] - ETA: 3s - loss: 0.0305 - acc: 0.9907
1568/4534 [=========>....................] - ETA: 3s - loss: 0.0303 - acc: 0.9904
1632/4534 [=========>....................] - ETA: 3s - loss: 0.0302 - acc: 0.9902
1696/4534 [==========>...................] - ETA: 3s - loss: 0.0299 - acc: 0.9900
1760/4534 [==========>...................] - ETA: 3s - loss: 0.0293 - acc: 0.9903
1824/4534 [===========>..................] - ETA: 3s - loss: 0.0284 - acc: 0.9907
1888/4534 [===========>..................] - ETA: 3s - loss: 0.0276 - acc: 0.9910
1952/4534 [===========>..................] - ETA: 2s - loss: 0.0273 - acc: 0.9908
2016/4534 [============>.................] - ETA: 2s - loss: 0.0276 - acc: 0.9906
2080/4534 [============>.................] - ETA: 2s - loss: 0.0273 - acc: 0.9904
2144/4534 [=============>................] - ETA: 2s - loss: 0.0270 - acc: 0.9902
2208/4534 [=============>................] - ETA: 2s - loss: 0.0267 - acc: 0.9900
2272/4534 [==============>...............] - ETA: 2s - loss: 0.0266 - acc: 0.9899
2336/4534 [==============>...............] - ETA: 2s - loss: 0.0335 - acc: 0.9893
2400/4534 [==============>...............] - ETA: 2s - loss: 0.0329 - acc: 0.9896
2464/4534 [===============>..............] - ETA: 2s - loss: 0.0321 - acc: 0.9899
2528/4534 [===============>..............] - ETA: 2s - loss: 0.0316 - acc: 0.9901
2592/4534 [================>.............] - ETA: 2s - loss: 0.0321 - acc: 0.9900
2656/4534 [================>.............] - ETA: 2s - loss: 0.0314 - acc: 0.9902
2720/4534 [================>.............] - ETA: 2s - loss: 0.0310 - acc: 0.9901
2784/4534 [=================>............] - ETA: 2s - loss: 0.0307 - acc: 0.9899
2848/4534 [=================>............] - ETA: 1s - loss: 0.0303 - acc: 0.9902
2912/4534 [==================>...........] - ETA: 1s - loss: 0.0298 - acc: 0.9904
2976/4534 [==================>...........] - ETA: 1s - loss: 0.0295 - acc: 0.9906
3040/4534 [===================>..........] - ETA: 1s - loss: 0.0292 - acc: 0.9908
3104/4534 [===================>..........] - ETA: 1s - loss: 0.0287 - acc: 0.9910
3168/4534 [===================>..........] - ETA: 1s - loss: 0.0337 - acc: 0.9905
3232/4534 [====================>.........] - ETA: 1s - loss: 0.0333 - acc: 0.9907
3296/4534 [====================>.........] - ETA: 1s - loss: 0.0328 - acc: 0.9909
3360/4534 [=====================>........] - ETA: 1s - loss: 0.0322 - acc: 0.9911
3424/4534 [=====================>........] - ETA: 1s - loss: 0.0322 - acc: 0.9909
3488/4534 [======================>.......] - ETA: 1s - loss: 0.0317 - acc: 0.9911
3552/4534 [======================>.......] - ETA: 1s - loss: 0.0313 - acc: 0.9913
3616/4534 [======================>.......] - ETA: 1s - loss: 0.0311 - acc: 0.9912
3680/4534 [=======================>......] - ETA: 0s - loss: 0.0309 - acc: 0.9910
3744/4534 [=======================>......] - ETA: 0s - loss: 0.0307 - acc: 0.9909
3808/4534 [========================>.....] - ETA: 0s - loss: 0.0302 - acc: 0.9911
3872/4534 [========================>.....] - ETA: 0s - loss: 0.0300 - acc: 0.9910
3936/4534 [=========================>....] - ETA: 0s - loss: 0.0298 - acc: 0.9909
4000/4534 [=========================>....] - ETA: 0s - loss: 0.0294 - acc: 0.9910
4064/4534 [=========================>....] - ETA: 0s - loss: 0.0294 - acc: 0.9906
4128/4534 [==========================>...] - ETA: 0s - loss: 0.0291 - acc: 0.9908
4192/4534 [==========================>...] - ETA: 0s - loss: 0.0287 - acc: 0.9909
4256/4534 [===========================>..] - ETA: 0s - loss: 0.0291 - acc: 0.9908
4320/4534 [===========================>..] - ETA: 0s - loss: 0.0286 - acc: 0.9910
4384/4534 [============================>.] - ETA: 0s - loss: 0.0285 - acc: 0.9911
4448/4534 [============================>.] - ETA: 0s - loss: 0.0283 - acc: 0.9912
4512/4534 [============================>.] - ETA: 0s - loss: 0.0279 - acc: 0.9914
4534/4534 [==============================] - 6s 1ms/step - loss: 0.0278 - acc: 0.9914 - val_loss: 2.1342 - val_acc: 0.8263
Train on 4534 samples, validate on 1134 samples
Epoch 1/1

  32/4534 [..............................] - ETA: 5s - loss: 0.0069 - acc: 1.0000
  96/4534 [..............................] - ETA: 5s - loss: 0.0024 - acc: 1.0000
 160/4534 [>.............................] - ETA: 5s - loss: 0.0083 - acc: 0.9938
 224/4534 [>.............................] - ETA: 5s - loss: 0.0070 - acc: 0.9955
 288/4534 [>.............................] - ETA: 4s - loss: 0.0055 - acc: 0.9965
 352/4534 [=>............................] - ETA: 4s - loss: 0.0045 - acc: 0.9972
 416/4534 [=>............................] - ETA: 4s - loss: 0.0039 - acc: 0.9976
 480/4534 [==>...........................] - ETA: 4s - loss: 0.0034 - acc: 0.9979
 544/4534 [==>...........................] - ETA: 4s - loss: 0.0030 - acc: 0.9982
 608/4534 [===>..........................] - ETA: 4s - loss: 0.0030 - acc: 0.9984
 672/4534 [===>..........................] - ETA: 4s - loss: 0.0049 - acc: 0.9970
 736/4534 [===>..........................] - ETA: 4s - loss: 0.0045 - acc: 0.9973
 800/4534 [====>.........................] - ETA: 4s - loss: 0.0064 - acc: 0.9962
 864/4534 [====>.........................] - ETA: 4s - loss: 0.0060 - acc: 0.9965
 928/4534 [=====>........................] - ETA: 4s - loss: 0.0071 - acc: 0.9957
 992/4534 [=====>........................] - ETA: 4s - loss: 0.0082 - acc: 0.9950
1056/4534 [=====>........................] - ETA: 4s - loss: 0.0077 - acc: 0.9953
1120/4534 [======>.......................] - ETA: 3s - loss: 0.0085 - acc: 0.9946
1184/4534 [======>.......................] - ETA: 3s - loss: 0.0082 - acc: 0.9949
1248/4534 [=======>......................] - ETA: 3s - loss: 0.0079 - acc: 0.9952
1312/4534 [=======>......................] - ETA: 3s - loss: 0.0084 - acc: 0.9947
1376/4534 [========>.....................] - ETA: 3s - loss: 0.0086 - acc: 0.9949
1440/4534 [========>.....................] - ETA: 3s - loss: 0.0082 - acc: 0.9951
1504/4534 [========>.....................] - ETA: 3s - loss: 0.0079 - acc: 0.9953
1568/4534 [=========>....................] - ETA: 3s - loss: 0.0148 - acc: 0.9949
1632/4534 [=========>....................] - ETA: 3s - loss: 0.0143 - acc: 0.9951
1696/4534 [==========>...................] - ETA: 3s - loss: 0.0138 - acc: 0.9953
1760/4534 [==========>...................] - ETA: 3s - loss: 0.0133 - acc: 0.9955
1824/4534 [===========>..................] - ETA: 3s - loss: 0.0133 - acc: 0.9956
1888/4534 [===========>..................] - ETA: 3s - loss: 0.0143 - acc: 0.9952
1952/4534 [===========>..................] - ETA: 2s - loss: 0.0139 - acc: 0.9954
2016/4534 [============>.................] - ETA: 2s - loss: 0.0136 - acc: 0.9955
2080/4534 [============>.................] - ETA: 2s - loss: 0.0133 - acc: 0.9957
2144/4534 [=============>................] - ETA: 2s - loss: 0.0133 - acc: 0.9958
2208/4534 [=============>................] - ETA: 2s - loss: 0.0129 - acc: 0.9959
2272/4534 [==============>...............] - ETA: 2s - loss: 0.0196 - acc: 0.9956
2336/4534 [==============>...............] - ETA: 2s - loss: 0.0261 - acc: 0.9953
2400/4534 [==============>...............] - ETA: 2s - loss: 0.0257 - acc: 0.9954
2464/4534 [===============>..............] - ETA: 2s - loss: 0.0258 - acc: 0.9951
2528/4534 [===============>..............] - ETA: 2s - loss: 0.0256 - acc: 0.9953
2592/4534 [================>.............] - ETA: 2s - loss: 0.0252 - acc: 0.9954
2656/4534 [================>.............] - ETA: 2s - loss: 0.0253 - acc: 0.9955
2720/4534 [================>.............] - ETA: 2s - loss: 0.0251 - acc: 0.9956
2784/4534 [=================>............] - ETA: 2s - loss: 0.0250 - acc: 0.9957
2848/4534 [=================>............] - ETA: 1s - loss: 0.0249 - acc: 0.9954
2912/4534 [==================>...........] - ETA: 1s - loss: 0.0258 - acc: 0.9952
2976/4534 [==================>...........] - ETA: 1s - loss: 0.0254 - acc: 0.9953
3040/4534 [===================>..........] - ETA: 1s - loss: 0.0250 - acc: 0.9954
3104/4534 [===================>..........] - ETA: 1s - loss: 0.0251 - acc: 0.9952
3168/4534 [===================>..........] - ETA: 1s - loss: 0.0252 - acc: 0.9949
3232/4534 [====================>.........] - ETA: 1s - loss: 0.0288 - acc: 0.9944
3296/4534 [====================>.........] - ETA: 1s - loss: 0.0287 - acc: 0.9945
3360/4534 [=====================>........] - ETA: 1s - loss: 0.0282 - acc: 0.9946
3424/4534 [=====================>........] - ETA: 1s - loss: 0.0282 - acc: 0.9945
3488/4534 [======================>.......] - ETA: 1s - loss: 0.0318 - acc: 0.9940
3552/4534 [======================>.......] - ETA: 1s - loss: 0.0315 - acc: 0.9941
3616/4534 [======================>.......] - ETA: 1s - loss: 0.0310 - acc: 0.9942
3680/4534 [=======================>......] - ETA: 0s - loss: 0.0307 - acc: 0.9943
3744/4534 [=======================>......] - ETA: 0s - loss: 0.0303 - acc: 0.9944
3808/4534 [========================>.....] - ETA: 0s - loss: 0.0318 - acc: 0.9940
3872/4534 [========================>.....] - ETA: 0s - loss: 0.0317 - acc: 0.9938
3936/4534 [=========================>....] - ETA: 0s - loss: 0.0320 - acc: 0.9936
4000/4534 [=========================>....] - ETA: 0s - loss: 0.0320 - acc: 0.9938
4064/4534 [=========================>....] - ETA: 0s - loss: 0.0315 - acc: 0.9938
4128/4534 [==========================>...] - ETA: 0s - loss: 0.0315 - acc: 0.9937
4192/4534 [==========================>...] - ETA: 0s - loss: 0.0353 - acc: 0.9933
4256/4534 [===========================>..] - ETA: 0s - loss: 0.0350 - acc: 0.9934
4320/4534 [===========================>..] - ETA: 0s - loss: 0.0346 - acc: 0.9935
4384/4534 [============================>.] - ETA: 0s - loss: 0.0347 - acc: 0.9929
4448/4534 [============================>.] - ETA: 0s - loss: 0.0348 - acc: 0.9926
4512/4534 [============================>.] - ETA: 0s - loss: 0.0346 - acc: 0.9927
4534/4534 [==============================] - 6s 1ms/step - loss: 0.0344 - acc: 0.9927 - val_loss: 0.0751 - val_acc: 0.9868
Train on 4534 samples, validate on 1134 samples
Epoch 1/1

  32/4534 [..............................] - ETA: 5s - loss: 0.0164 - acc: 1.0000
  96/4534 [..............................] - ETA: 5s - loss: 0.0175 - acc: 1.0000
 160/4534 [>.............................] - ETA: 5s - loss: 0.0143 - acc: 1.0000
 224/4534 [>.............................] - ETA: 4s - loss: 0.0127 - acc: 1.0000
 288/4534 [>.............................] - ETA: 4s - loss: 0.0124 - acc: 1.0000
 352/4534 [=>............................] - ETA: 4s - loss: 0.0109 - acc: 1.0000
 416/4534 [=>............................] - ETA: 4s - loss: 0.0099 - acc: 1.0000
 480/4534 [==>...........................] - ETA: 4s - loss: 0.0093 - acc: 1.0000
 544/4534 [==>...........................] - ETA: 4s - loss: 0.0084 - acc: 1.0000
 608/4534 [===>..........................] - ETA: 4s - loss: 0.0085 - acc: 1.0000
 672/4534 [===>..........................] - ETA: 4s - loss: 0.0092 - acc: 1.0000
 736/4534 [===>..........................] - ETA: 4s - loss: 0.0089 - acc: 1.0000
 800/4534 [====>.........................] - ETA: 4s - loss: 0.0084 - acc: 1.0000
 864/4534 [====>.........................] - ETA: 4s - loss: 0.0082 - acc: 1.0000
 928/4534 [=====>........................] - ETA: 4s - loss: 0.0077 - acc: 1.0000
 992/4534 [=====>........................] - ETA: 4s - loss: 0.0088 - acc: 1.0000
1056/4534 [=====>........................] - ETA: 4s - loss: 0.0122 - acc: 0.9981
1120/4534 [======>.......................] - ETA: 3s - loss: 0.0135 - acc: 0.9964
1184/4534 [======>.......................] - ETA: 3s - loss: 0.0129 - acc: 0.9966
1248/4534 [=======>......................] - ETA: 3s - loss: 0.0123 - acc: 0.9968
1312/4534 [=======>......................] - ETA: 3s - loss: 0.0121 - acc: 0.9970
1376/4534 [========>.....................] - ETA: 3s - loss: 0.0115 - acc: 0.9971
1440/4534 [========>.....................] - ETA: 3s - loss: 0.0114 - acc: 0.9972
1504/4534 [========>.....................] - ETA: 3s - loss: 0.0126 - acc: 0.9960
1568/4534 [=========>....................] - ETA: 3s - loss: 0.0123 - acc: 0.9962
1632/4534 [=========>....................] - ETA: 3s - loss: 0.0119 - acc: 0.9963
1696/4534 [==========>...................] - ETA: 3s - loss: 0.0129 - acc: 0.9959
1760/4534 [==========>...................] - ETA: 3s - loss: 0.0130 - acc: 0.9960
1824/4534 [===========>..................] - ETA: 3s - loss: 0.0128 - acc: 0.9962
1888/4534 [===========>..................] - ETA: 3s - loss: 0.0126 - acc: 0.9963
1952/4534 [===========>..................] - ETA: 2s - loss: 0.0129 - acc: 0.9959
2016/4534 [============>.................] - ETA: 2s - loss: 0.0127 - acc: 0.9960
2080/4534 [============>.................] - ETA: 2s - loss: 0.0125 - acc: 0.9962
2144/4534 [=============>................] - ETA: 2s - loss: 0.0126 - acc: 0.9963
2208/4534 [=============>................] - ETA: 2s - loss: 0.0127 - acc: 0.9959
2272/4534 [==============>...............] - ETA: 2s - loss: 0.0124 - acc: 0.9960
2336/4534 [==============>...............] - ETA: 2s - loss: 0.0123 - acc: 0.9961
2400/4534 [==============>...............] - ETA: 2s - loss: 0.0121 - acc: 0.9962
2464/4534 [===============>..............] - ETA: 2s - loss: 0.0119 - acc: 0.9963
2528/4534 [===============>..............] - ETA: 2s - loss: 0.0117 - acc: 0.9964
2592/4534 [================>.............] - ETA: 2s - loss: 0.0126 - acc: 0.9961
2656/4534 [================>.............] - ETA: 2s - loss: 0.0125 - acc: 0.9962
2720/4534 [================>.............] - ETA: 2s - loss: 0.0124 - acc: 0.9963
2784/4534 [=================>............] - ETA: 2s - loss: 0.0121 - acc: 0.9964
2848/4534 [=================>............] - ETA: 1s - loss: 0.0124 - acc: 0.9961
2912/4534 [==================>...........] - ETA: 1s - loss: 0.0122 - acc: 0.9962
2976/4534 [==================>...........] - ETA: 1s - loss: 0.0135 - acc: 0.9960
3040/4534 [===================>..........] - ETA: 1s - loss: 0.0135 - acc: 0.9957
3104/4534 [===================>..........] - ETA: 1s - loss: 0.0133 - acc: 0.9958
3168/4534 [===================>..........] - ETA: 1s - loss: 0.0136 - acc: 0.9956
3232/4534 [====================>.........] - ETA: 1s - loss: 0.0185 - acc: 0.9954
3296/4534 [====================>.........] - ETA: 1s - loss: 0.0182 - acc: 0.9954
3360/4534 [=====================>........] - ETA: 1s - loss: 0.0181 - acc: 0.9955
3424/4534 [=====================>........] - ETA: 1s - loss: 0.0179 - acc: 0.9956
3488/4534 [======================>.......] - ETA: 1s - loss: 0.0178 - acc: 0.9954
3552/4534 [======================>.......] - ETA: 1s - loss: 0.0176 - acc: 0.9955
3616/4534 [======================>.......] - ETA: 1s - loss: 0.0174 - acc: 0.9956
3680/4534 [=======================>......] - ETA: 0s - loss: 0.0174 - acc: 0.9954
3744/4534 [=======================>......] - ETA: 0s - loss: 0.0171 - acc: 0.9955
3808/4534 [========================>.....] - ETA: 0s - loss: 0.0169 - acc: 0.9955
3872/4534 [========================>.....] - ETA: 0s - loss: 0.0166 - acc: 0.9956
3936/4534 [=========================>....] - ETA: 0s - loss: 0.0165 - acc: 0.9957
4000/4534 [=========================>....] - ETA: 0s - loss: 0.0164 - acc: 0.9958
4064/4534 [=========================>....] - ETA: 0s - loss: 0.0162 - acc: 0.9958
4128/4534 [==========================>...] - ETA: 0s - loss: 0.0162 - acc: 0.9959
4192/4534 [==========================>...] - ETA: 0s - loss: 0.0168 - acc: 0.9955
4256/4534 [===========================>..] - ETA: 0s - loss: 0.0166 - acc: 0.9955
4320/4534 [===========================>..] - ETA: 0s - loss: 0.0171 - acc: 0.9954
4384/4534 [============================>.] - ETA: 0s - loss: 0.0169 - acc: 0.9954
4448/4534 [============================>.] - ETA: 0s - loss: 0.0169 - acc: 0.9955
4512/4534 [============================>.] - ETA: 0s - loss: 0.0167 - acc: 0.9956
4534/4534 [==============================] - 6s 1ms/step - loss: 0.0166 - acc: 0.9956 - val_loss: 0.1192 - val_acc: 0.9894
Train on 4534 samples, validate on 1134 samples
Epoch 1/1

  32/4534 [..............................] - ETA: 5s - loss: 0.0017 - acc: 1.0000
  96/4534 [..............................] - ETA: 5s - loss: 0.1194 - acc: 0.9792
 160/4534 [>.............................] - ETA: 5s - loss: 0.0792 - acc: 0.9812
 224/4534 [>.............................] - ETA: 4s - loss: 0.0571 - acc: 0.9866
 288/4534 [>.............................] - ETA: 4s - loss: 0.0452 - acc: 0.9896
 352/4534 [=>............................] - ETA: 4s - loss: 0.0403 - acc: 0.9886
 416/4534 [=>............................] - ETA: 4s - loss: 0.0412 - acc: 0.9880
 480/4534 [==>...........................] - ETA: 4s - loss: 0.0369 - acc: 0.9896
 544/4534 [==>...........................] - ETA: 4s - loss: 0.0334 - acc: 0.9908
 608/4534 [===>..........................] - ETA: 4s - loss: 0.0321 - acc: 0.9901
 672/4534 [===>..........................] - ETA: 4s - loss: 0.0303 - acc: 0.9911
 736/4534 [===>..........................] - ETA: 4s - loss: 0.0280 - acc: 0.9918
 800/4534 [====>.........................] - ETA: 4s - loss: 0.0261 - acc: 0.9925
 864/4534 [====>.........................] - ETA: 4s - loss: 0.0244 - acc: 0.9931
 928/4534 [=====>........................] - ETA: 4s - loss: 0.0232 - acc: 0.9935
 992/4534 [=====>........................] - ETA: 4s - loss: 0.0219 - acc: 0.9940
1056/4534 [=====>........................] - ETA: 4s - loss: 0.0209 - acc: 0.9943
1120/4534 [======>.......................] - ETA: 3s - loss: 0.0208 - acc: 0.9938
1184/4534 [======>.......................] - ETA: 3s - loss: 0.0211 - acc: 0.9932
1248/4534 [=======>......................] - ETA: 3s - loss: 0.0201 - acc: 0.9936
1312/4534 [=======>......................] - ETA: 3s - loss: 0.0197 - acc: 0.9939
1376/4534 [========>.....................] - ETA: 3s - loss: 0.0188 - acc: 0.9942
1440/4534 [========>.....................] - ETA: 3s - loss: 0.0180 - acc: 0.9944
1504/4534 [========>.....................] - ETA: 3s - loss: 0.0174 - acc: 0.9947
1568/4534 [=========>....................] - ETA: 3s - loss: 0.0168 - acc: 0.9949
1632/4534 [=========>....................] - ETA: 3s - loss: 0.0162 - acc: 0.9951
1696/4534 [==========>...................] - ETA: 3s - loss: 0.0156 - acc: 0.9953
1760/4534 [==========>...................] - ETA: 3s - loss: 0.0243 - acc: 0.9949
1824/4534 [===========>..................] - ETA: 3s - loss: 0.0236 - acc: 0.9951
1888/4534 [===========>..................] - ETA: 3s - loss: 0.0230 - acc: 0.9952
1952/4534 [===========>..................] - ETA: 2s - loss: 0.0223 - acc: 0.9954
2016/4534 [============>.................] - ETA: 2s - loss: 0.0217 - acc: 0.9955
2080/4534 [============>.................] - ETA: 2s - loss: 0.0212 - acc: 0.9957
2144/4534 [=============>................] - ETA: 2s - loss: 0.0206 - acc: 0.9958
2208/4534 [=============>................] - ETA: 2s - loss: 0.0202 - acc: 0.9959
2272/4534 [==============>...............] - ETA: 2s - loss: 0.0197 - acc: 0.9960
2336/4534 [==============>...............] - ETA: 2s - loss: 0.0194 - acc: 0.9961
2400/4534 [==============>...............] - ETA: 2s - loss: 0.0189 - acc: 0.9962
2464/4534 [===============>..............] - ETA: 2s - loss: 0.0184 - acc: 0.9963
2528/4534 [===============>..............] - ETA: 2s - loss: 0.0182 - acc: 0.9964
2592/4534 [================>.............] - ETA: 2s - loss: 0.0181 - acc: 0.9965
2656/4534 [================>.............] - ETA: 2s - loss: 0.0181 - acc: 0.9966
2720/4534 [================>.............] - ETA: 2s - loss: 0.0177 - acc: 0.9967
2784/4534 [=================>............] - ETA: 2s - loss: 0.0175 - acc: 0.9968
2848/4534 [=================>............] - ETA: 1s - loss: 0.0171 - acc: 0.9968
2912/4534 [==================>...........] - ETA: 1s - loss: 0.0168 - acc: 0.9969
2976/4534 [==================>...........] - ETA: 1s - loss: 0.0165 - acc: 0.9970
3040/4534 [===================>..........] - ETA: 1s - loss: 0.0162 - acc: 0.9970
3104/4534 [===================>..........] - ETA: 1s - loss: 0.0159 - acc: 0.9971
3168/4534 [===================>..........] - ETA: 1s - loss: 0.0156 - acc: 0.9972
3232/4534 [====================>.........] - ETA: 1s - loss: 0.0154 - acc: 0.9972
3296/4534 [====================>.........] - ETA: 1s - loss: 0.0152 - acc: 0.9973
3360/4534 [=====================>........] - ETA: 1s - loss: 0.0154 - acc: 0.9970
3424/4534 [=====================>........] - ETA: 1s - loss: 0.0152 - acc: 0.9971
3488/4534 [======================>.......] - ETA: 1s - loss: 0.0149 - acc: 0.9971
3552/4534 [======================>.......] - ETA: 1s - loss: 0.0149 - acc: 0.9969
3616/4534 [======================>.......] - ETA: 1s - loss: 0.0147 - acc: 0.9970
3680/4534 [=======================>......] - ETA: 0s - loss: 0.0144 - acc: 0.9970
3744/4534 [=======================>......] - ETA: 0s - loss: 0.0148 - acc: 0.9968
3808/4534 [========================>.....] - ETA: 0s - loss: 0.0145 - acc: 0.9968
3872/4534 [========================>.....] - ETA: 0s - loss: 0.0143 - acc: 0.9969
3936/4534 [=========================>....] - ETA: 0s - loss: 0.0176 - acc: 0.9967
4000/4534 [=========================>....] - ETA: 0s - loss: 0.0177 - acc: 0.9965
4064/4534 [=========================>....] - ETA: 0s - loss: 0.0175 - acc: 0.9966
4128/4534 [==========================>...] - ETA: 0s - loss: 0.0173 - acc: 0.9966
4192/4534 [==========================>...] - ETA: 0s - loss: 0.0170 - acc: 0.9967
4256/4534 [===========================>..] - ETA: 0s - loss: 0.0168 - acc: 0.9967
4320/4534 [===========================>..] - ETA: 0s - loss: 0.0169 - acc: 0.9968
4384/4534 [============================>.] - ETA: 0s - loss: 0.0167 - acc: 0.9968
4448/4534 [============================>.] - ETA: 0s - loss: 0.0165 - acc: 0.9969
4512/4534 [============================>.] - ETA: 0s - loss: 0.0167 - acc: 0.9967
4534/4534 [==============================] - 6s 1ms/step - loss: 0.0167 - acc: 0.9967 - val_loss: 0.2224 - val_acc: 0.9753
Train on 4534 samples, validate on 1134 samples
Epoch 1/1

  32/4534 [..............................] - ETA: 5s - loss: 0.0036 - acc: 1.0000
  96/4534 [..............................] - ETA: 5s - loss: 0.0064 - acc: 1.0000
 160/4534 [>.............................] - ETA: 5s - loss: 0.0063 - acc: 1.0000
 224/4534 [>.............................] - ETA: 4s - loss: 0.0052 - acc: 1.0000
 288/4534 [>.............................] - ETA: 4s - loss: 0.0052 - acc: 1.0000
 352/4534 [=>............................] - ETA: 4s - loss: 0.0053 - acc: 1.0000
 416/4534 [=>............................] - ETA: 4s - loss: 0.0047 - acc: 1.0000
 480/4534 [==>...........................] - ETA: 4s - loss: 0.0045 - acc: 1.0000
 544/4534 [==>...........................] - ETA: 4s - loss: 0.0117 - acc: 0.9982
 608/4534 [===>..........................] - ETA: 4s - loss: 0.0115 - acc: 0.9984
 672/4534 [===>..........................] - ETA: 4s - loss: 0.0107 - acc: 0.9985
 736/4534 [===>..........................] - ETA: 4s - loss: 0.0110 - acc: 0.9986
 800/4534 [====>.........................] - ETA: 4s - loss: 0.0121 - acc: 0.9975
 864/4534 [====>.........................] - ETA: 4s - loss: 0.0113 - acc: 0.9977
 928/4534 [=====>........................] - ETA: 4s - loss: 0.0106 - acc: 0.9978
 992/4534 [=====>........................] - ETA: 4s - loss: 0.0110 - acc: 0.9980
1056/4534 [=====>........................] - ETA: 4s - loss: 0.0104 - acc: 0.9981
1120/4534 [======>.......................] - ETA: 3s - loss: 0.0098 - acc: 0.9982
1184/4534 [======>.......................] - ETA: 3s - loss: 0.0095 - acc: 0.9983
1248/4534 [=======>......................] - ETA: 3s - loss: 0.0095 - acc: 0.9984
1312/4534 [=======>......................] - ETA: 3s - loss: 0.0101 - acc: 0.9977
1376/4534 [========>.....................] - ETA: 3s - loss: 0.0102 - acc: 0.9978
1440/4534 [========>.....................] - ETA: 3s - loss: 0.0100 - acc: 0.9979
1504/4534 [========>.....................] - ETA: 3s - loss: 0.0099 - acc: 0.9980
1568/4534 [=========>....................] - ETA: 3s - loss: 0.0108 - acc: 0.9974
1632/4534 [=========>....................] - ETA: 3s - loss: 0.0104 - acc: 0.9975
1696/4534 [==========>...................] - ETA: 3s - loss: 0.0101 - acc: 0.9976
1760/4534 [==========>...................] - ETA: 3s - loss: 0.0098 - acc: 0.9977
1824/4534 [===========>..................] - ETA: 3s - loss: 0.0106 - acc: 0.9973
1888/4534 [===========>..................] - ETA: 3s - loss: 0.0104 - acc: 0.9974
1952/4534 [===========>..................] - ETA: 2s - loss: 0.0101 - acc: 0.9974
2016/4534 [============>.................] - ETA: 2s - loss: 0.0100 - acc: 0.9975
2080/4534 [============>.................] - ETA: 2s - loss: 0.0098 - acc: 0.9976
2144/4534 [=============>................] - ETA: 2s - loss: 0.0109 - acc: 0.9972
2208/4534 [=============>................] - ETA: 2s - loss: 0.0106 - acc: 0.9973
2272/4534 [==============>...............] - ETA: 2s - loss: 0.0103 - acc: 0.9974
2336/4534 [==============>...............] - ETA: 2s - loss: 0.0109 - acc: 0.9970
2400/4534 [==============>...............] - ETA: 2s - loss: 0.0107 - acc: 0.9971
2464/4534 [===============>..............] - ETA: 2s - loss: 0.0105 - acc: 0.9972
2528/4534 [===============>..............] - ETA: 2s - loss: 0.0103 - acc: 0.9972
2592/4534 [================>.............] - ETA: 2s - loss: 0.0101 - acc: 0.9973
2656/4534 [================>.............] - ETA: 2s - loss: 0.0099 - acc: 0.9974
2720/4534 [================>.............] - ETA: 2s - loss: 0.0097 - acc: 0.9974
2784/4534 [=================>............] - ETA: 2s - loss: 0.0096 - acc: 0.9975
2848/4534 [=================>............] - ETA: 1s - loss: 0.0094 - acc: 0.9975
2912/4534 [==================>...........] - ETA: 1s - loss: 0.0092 - acc: 0.9976
2976/4534 [==================>...........] - ETA: 1s - loss: 0.0091 - acc: 0.9976
3040/4534 [===================>..........] - ETA: 1s - loss: 0.0093 - acc: 0.9974
3104/4534 [===================>..........] - ETA: 1s - loss: 0.0099 - acc: 0.9971
3168/4534 [===================>..........] - ETA: 1s - loss: 0.0098 - acc: 0.9972
3232/4534 [====================>.........] - ETA: 1s - loss: 0.0096 - acc: 0.9972
3296/4534 [====================>.........] - ETA: 1s - loss: 0.0094 - acc: 0.9973
3360/4534 [=====================>........] - ETA: 1s - loss: 0.0092 - acc: 0.9973
3424/4534 [=====================>........] - ETA: 1s - loss: 0.0091 - acc: 0.9974
3488/4534 [======================>.......] - ETA: 1s - loss: 0.0090 - acc: 0.9974
3552/4534 [======================>.......] - ETA: 1s - loss: 0.0089 - acc: 0.9975
3616/4534 [======================>.......] - ETA: 1s - loss: 0.0088 - acc: 0.9975
3680/4534 [=======================>......] - ETA: 0s - loss: 0.0087 - acc: 0.9976
3744/4534 [=======================>......] - ETA: 0s - loss: 0.0088 - acc: 0.9973
3808/4534 [========================>.....] - ETA: 0s - loss: 0.0086 - acc: 0.9974
3872/4534 [========================>.....] - ETA: 0s - loss: 0.0089 - acc: 0.9972
3936/4534 [=========================>....] - ETA: 0s - loss: 0.0087 - acc: 0.9972
4000/4534 [=========================>....] - ETA: 0s - loss: 0.0086 - acc: 0.9972
4064/4534 [=========================>....] - ETA: 0s - loss: 0.0086 - acc: 0.9973
4128/4534 [==========================>...] - ETA: 0s - loss: 0.0085 - acc: 0.9973
4192/4534 [==========================>...] - ETA: 0s - loss: 0.0084 - acc: 0.9974
4256/4534 [===========================>..] - ETA: 0s - loss: 0.0083 - acc: 0.9974
4320/4534 [===========================>..] - ETA: 0s - loss: 0.0120 - acc: 0.9972
4384/4534 [============================>.] - ETA: 0s - loss: 0.0118 - acc: 0.9973
4448/4534 [============================>.] - ETA: 0s - loss: 0.0116 - acc: 0.9973
4512/4534 [============================>.] - ETA: 0s - loss: 0.0115 - acc: 0.9973
4534/4534 [==============================] - 6s 1ms/step - loss: 0.0115 - acc: 0.9974 - val_loss: 5.9330 - val_acc: 0.6279
Train on 4534 samples, validate on 1134 samples
Epoch 1/1

  32/4534 [..............................] - ETA: 5s - loss: 2.4745e-05 - acc: 1.0000
  96/4534 [..............................] - ETA: 5s - loss: 0.0069 - acc: 1.0000    
 160/4534 [>.............................] - ETA: 5s - loss: 0.0051 - acc: 1.0000
 224/4534 [>.............................] - ETA: 4s - loss: 0.0038 - acc: 1.0000
 288/4534 [>.............................] - ETA: 4s - loss: 0.0178 - acc: 0.9965
 352/4534 [=>............................] - ETA: 4s - loss: 0.0148 - acc: 0.9972
 416/4534 [=>............................] - ETA: 4s - loss: 0.0126 - acc: 0.9976
 480/4534 [==>...........................] - ETA: 4s - loss: 0.0110 - acc: 0.9979
 544/4534 [==>...........................] - ETA: 4s - loss: 0.0098 - acc: 0.9982
 608/4534 [===>..........................] - ETA: 4s - loss: 0.0094 - acc: 0.9984
 672/4534 [===>..........................] - ETA: 4s - loss: 0.0089 - acc: 0.9985
 736/4534 [===>..........................] - ETA: 4s - loss: 0.0081 - acc: 0.9986
 800/4534 [====>.........................] - ETA: 4s - loss: 0.0076 - acc: 0.9988
 864/4534 [====>.........................] - ETA: 4s - loss: 0.0072 - acc: 0.9988
 928/4534 [=====>........................] - ETA: 4s - loss: 0.0070 - acc: 0.9989
 992/4534 [=====>........................] - ETA: 4s - loss: 0.0066 - acc: 0.9990
1056/4534 [=====>........................] - ETA: 4s - loss: 0.0063 - acc: 0.9991
1120/4534 [======>.......................] - ETA: 3s - loss: 0.0060 - acc: 0.9991
1184/4534 [======>.......................] - ETA: 3s - loss: 0.0057 - acc: 0.9992
1248/4534 [=======>......................] - ETA: 3s - loss: 0.0080 - acc: 0.9984
1312/4534 [=======>......................] - ETA: 3s - loss: 0.0095 - acc: 0.9977
1376/4534 [========>.....................] - ETA: 3s - loss: 0.0092 - acc: 0.9978
1440/4534 [========>.....................] - ETA: 3s - loss: 0.0088 - acc: 0.9979
1504/4534 [========>.....................] - ETA: 3s - loss: 0.0085 - acc: 0.9980
1568/4534 [=========>....................] - ETA: 3s - loss: 0.0081 - acc: 0.9981
1632/4534 [=========>....................] - ETA: 3s - loss: 0.0081 - acc: 0.9982
1696/4534 [==========>...................] - ETA: 3s - loss: 0.0081 - acc: 0.9982
1760/4534 [==========>...................] - ETA: 3s - loss: 0.0078 - acc: 0.9983
1824/4534 [===========>..................] - ETA: 3s - loss: 0.0075 - acc: 0.9984
1888/4534 [===========>..................] - ETA: 3s - loss: 0.0073 - acc: 0.9984
1952/4534 [===========>..................] - ETA: 2s - loss: 0.0075 - acc: 0.9985
2016/4534 [============>.................] - ETA: 2s - loss: 0.0089 - acc: 0.9980
2080/4534 [============>.................] - ETA: 2s - loss: 0.0094 - acc: 0.9976
2144/4534 [=============>................] - ETA: 2s - loss: 0.0091 - acc: 0.9977
2208/4534 [=============>................] - ETA: 2s - loss: 0.0089 - acc: 0.9977
2272/4534 [==============>...............] - ETA: 2s - loss: 0.0088 - acc: 0.9978
2336/4534 [==============>...............] - ETA: 2s - loss: 0.0086 - acc: 0.9979
2400/4534 [==============>...............] - ETA: 2s - loss: 0.0083 - acc: 0.9979
2464/4534 [===============>..............] - ETA: 2s - loss: 0.0082 - acc: 0.9980
2528/4534 [===============>..............] - ETA: 2s - loss: 0.0080 - acc: 0.9980
2592/4534 [================>.............] - ETA: 2s - loss: 0.0079 - acc: 0.9981
2656/4534 [================>.............] - ETA: 2s - loss: 0.0078 - acc: 0.9981
2720/4534 [================>.............] - ETA: 2s - loss: 0.0076 - acc: 0.9982
2784/4534 [=================>............] - ETA: 2s - loss: 0.0079 - acc: 0.9978
2848/4534 [=================>............] - ETA: 1s - loss: 0.0105 - acc: 0.9972
2912/4534 [==================>...........] - ETA: 1s - loss: 0.0104 - acc: 0.9973
2976/4534 [==================>...........] - ETA: 1s - loss: 0.0102 - acc: 0.9973
3040/4534 [===================>..........] - ETA: 1s - loss: 0.0102 - acc: 0.9974
3104/4534 [===================>..........] - ETA: 1s - loss: 0.0153 - acc: 0.9971
3168/4534 [===================>..........] - ETA: 1s - loss: 0.0154 - acc: 0.9968
3232/4534 [====================>.........] - ETA: 1s - loss: 0.0158 - acc: 0.9966
3296/4534 [====================>.........] - ETA: 1s - loss: 0.0156 - acc: 0.9967
3360/4534 [=====================>........] - ETA: 1s - loss: 0.0156 - acc: 0.9964
3424/4534 [=====================>........] - ETA: 1s - loss: 0.0154 - acc: 0.9965
3488/4534 [======================>.......] - ETA: 1s - loss: 0.0155 - acc: 0.9963
3552/4534 [======================>.......] - ETA: 1s - loss: 0.0152 - acc: 0.9963
3616/4534 [======================>.......] - ETA: 1s - loss: 0.0151 - acc: 0.9964
3680/4534 [=======================>......] - ETA: 0s - loss: 0.0149 - acc: 0.9965
3744/4534 [=======================>......] - ETA: 0s - loss: 0.0148 - acc: 0.9965
3808/4534 [========================>.....] - ETA: 0s - loss: 0.0147 - acc: 0.9966
3872/4534 [========================>.....] - ETA: 0s - loss: 0.0146 - acc: 0.9966
3936/4534 [=========================>....] - ETA: 0s - loss: 0.0144 - acc: 0.9967
4000/4534 [=========================>....] - ETA: 0s - loss: 0.0146 - acc: 0.9965
4064/4534 [=========================>....] - ETA: 0s - loss: 0.0145 - acc: 0.9966
4128/4534 [==========================>...] - ETA: 0s - loss: 0.0183 - acc: 0.9964
4192/4534 [==========================>...] - ETA: 0s - loss: 0.0180 - acc: 0.9964
4256/4534 [===========================>..] - ETA: 0s - loss: 0.0178 - acc: 0.9965
4320/4534 [===========================>..] - ETA: 0s - loss: 0.0176 - acc: 0.9965
4384/4534 [============================>.] - ETA: 0s - loss: 0.0174 - acc: 0.9966
4448/4534 [============================>.] - ETA: 0s - loss: 0.0172 - acc: 0.9966
4512/4534 [============================>.] - ETA: 0s - loss: 0.0169 - acc: 0.9967
4534/4534 [==============================] - 6s 1ms/step - loss: 0.0168 - acc: 0.9967 - val_loss: 5.0614 - val_acc: 0.6825
Train on 4534 samples, validate on 1134 samples
Epoch 1/1

  32/4534 [..............................] - ETA: 5s - loss: 3.9576e-04 - acc: 1.0000
  96/4534 [..............................] - ETA: 5s - loss: 0.0012 - acc: 1.0000    
 160/4534 [>.............................] - ETA: 5s - loss: 0.0015 - acc: 1.0000
 224/4534 [>.............................] - ETA: 4s - loss: 0.0014 - acc: 1.0000
 288/4534 [>.............................] - ETA: 4s - loss: 0.0012 - acc: 1.0000
 352/4534 [=>............................] - ETA: 4s - loss: 0.0011 - acc: 1.0000
 416/4534 [=>............................] - ETA: 4s - loss: 0.0015 - acc: 1.0000
 480/4534 [==>...........................] - ETA: 4s - loss: 0.0017 - acc: 1.0000
 544/4534 [==>...........................] - ETA: 4s - loss: 0.0217 - acc: 0.9982
 608/4534 [===>..........................] - ETA: 4s - loss: 0.0194 - acc: 0.9984
 672/4534 [===>..........................] - ETA: 4s - loss: 0.0180 - acc: 0.9985
 736/4534 [===>..........................] - ETA: 4s - loss: 0.0171 - acc: 0.9986
 800/4534 [====>.........................] - ETA: 4s - loss: 0.0161 - acc: 0.9988
 864/4534 [====>.........................] - ETA: 4s - loss: 0.0153 - acc: 0.9988
 928/4534 [=====>........................] - ETA: 4s - loss: 0.0148 - acc: 0.9989
 992/4534 [=====>........................] - ETA: 4s - loss: 0.0142 - acc: 0.9990
1056/4534 [=====>........................] - ETA: 4s - loss: 0.0171 - acc: 0.9981
1120/4534 [======>.......................] - ETA: 3s - loss: 0.0164 - acc: 0.9982
1184/4534 [======>.......................] - ETA: 3s - loss: 0.0170 - acc: 0.9975
1248/4534 [=======>......................] - ETA: 3s - loss: 0.0167 - acc: 0.9976
1312/4534 [=======>......................] - ETA: 3s - loss: 0.0160 - acc: 0.9977
1376/4534 [========>.....................] - ETA: 3s - loss: 0.0155 - acc: 0.9978
1440/4534 [========>.....................] - ETA: 3s - loss: 0.0148 - acc: 0.9979
1504/4534 [========>.....................] - ETA: 3s - loss: 0.0145 - acc: 0.9980
1568/4534 [=========>....................] - ETA: 3s - loss: 0.0144 - acc: 0.9974
1632/4534 [=========>....................] - ETA: 3s - loss: 0.0139 - acc: 0.9975
1696/4534 [==========>...................] - ETA: 3s - loss: 0.0134 - acc: 0.9976
1760/4534 [==========>...................] - ETA: 3s - loss: 0.0130 - acc: 0.9977
1824/4534 [===========>..................] - ETA: 3s - loss: 0.0125 - acc: 0.9978
1888/4534 [===========>..................] - ETA: 3s - loss: 0.0121 - acc: 0.9979
1952/4534 [===========>..................] - ETA: 2s - loss: 0.0120 - acc: 0.9980
2016/4534 [============>.................] - ETA: 2s - loss: 0.0117 - acc: 0.9980
2080/4534 [============>.................] - ETA: 2s - loss: 0.0114 - acc: 0.9981
2144/4534 [=============>................] - ETA: 2s - loss: 0.0186 - acc: 0.9977
2208/4534 [=============>................] - ETA: 2s - loss: 0.0185 - acc: 0.9973
2272/4534 [==============>...............] - ETA: 2s - loss: 0.0180 - acc: 0.9974
2336/4534 [==============>...............] - ETA: 2s - loss: 0.0175 - acc: 0.9974
2400/4534 [==============>...............] - ETA: 2s - loss: 0.0171 - acc: 0.9975
2464/4534 [===============>..............] - ETA: 2s - loss: 0.0168 - acc: 0.9976
2528/4534 [===============>..............] - ETA: 2s - loss: 0.0171 - acc: 0.9972
2592/4534 [================>.............] - ETA: 2s - loss: 0.0167 - acc: 0.9973
2656/4534 [================>.............] - ETA: 2s - loss: 0.0165 - acc: 0.9974
2720/4534 [================>.............] - ETA: 2s - loss: 0.0162 - acc: 0.9974
2784/4534 [=================>............] - ETA: 2s - loss: 0.0158 - acc: 0.9975
2848/4534 [=================>............] - ETA: 1s - loss: 0.0166 - acc: 0.9972
2912/4534 [==================>...........] - ETA: 1s - loss: 0.0162 - acc: 0.9973
2976/4534 [==================>...........] - ETA: 1s - loss: 0.0159 - acc: 0.9973
3040/4534 [===================>..........] - ETA: 1s - loss: 0.0156 - acc: 0.9974
3104/4534 [===================>..........] - ETA: 1s - loss: 0.0154 - acc: 0.9974
3168/4534 [===================>..........] - ETA: 1s - loss: 0.0151 - acc: 0.9975
3232/4534 [====================>.........] - ETA: 1s - loss: 0.0148 - acc: 0.9975
3296/4534 [====================>.........] - ETA: 1s - loss: 0.0145 - acc: 0.9976
3360/4534 [=====================>........] - ETA: 1s - loss: 0.0142 - acc: 0.9976
3424/4534 [=====================>........] - ETA: 1s - loss: 0.0142 - acc: 0.9977
3488/4534 [======================>.......] - ETA: 1s - loss: 0.0146 - acc: 0.9974
3552/4534 [======================>.......] - ETA: 1s - loss: 0.0144 - acc: 0.9975
3616/4534 [======================>.......] - ETA: 1s - loss: 0.0141 - acc: 0.9975
3680/4534 [=======================>......] - ETA: 0s - loss: 0.0140 - acc: 0.9976
3744/4534 [=======================>......] - ETA: 0s - loss: 0.0138 - acc: 0.9976
3808/4534 [========================>.....] - ETA: 0s - loss: 0.0135 - acc: 0.9976
3872/4534 [========================>.....] - ETA: 0s - loss: 0.0133 - acc: 0.9977
3936/4534 [=========================>....] - ETA: 0s - loss: 0.0131 - acc: 0.9977
4000/4534 [=========================>....] - ETA: 0s - loss: 0.0129 - acc: 0.9978
4064/4534 [=========================>....] - ETA: 0s - loss: 0.0127 - acc: 0.9978
4128/4534 [==========================>...] - ETA: 0s - loss: 0.0127 - acc: 0.9976
4192/4534 [==========================>...] - ETA: 0s - loss: 0.0127 - acc: 0.9974
4256/4534 [===========================>..] - ETA: 0s - loss: 0.0128 - acc: 0.9972
4320/4534 [===========================>..] - ETA: 0s - loss: 0.0126 - acc: 0.9972
4384/4534 [============================>.] - ETA: 0s - loss: 0.0125 - acc: 0.9973
4448/4534 [============================>.] - ETA: 0s - loss: 0.0123 - acc: 0.9973
4512/4534 [============================>.] - ETA: 0s - loss: 0.0122 - acc: 0.9973
4534/4534 [==============================] - 6s 1ms/step - loss: 0.0121 - acc: 0.9974 - val_loss: 0.2359 - val_acc: 0.9780
Train on 4534 samples, validate on 1134 samples
Epoch 1/1

  32/4534 [..............................] - ETA: 5s - loss: 0.0061 - acc: 1.0000
  96/4534 [..............................] - ETA: 5s - loss: 0.0020 - acc: 1.0000
 160/4534 [>.............................] - ETA: 5s - loss: 0.0013 - acc: 1.0000
 224/4534 [>.............................] - ETA: 4s - loss: 0.0013 - acc: 1.0000
 288/4534 [>.............................] - ETA: 4s - loss: 0.0018 - acc: 1.0000
 352/4534 [=>............................] - ETA: 4s - loss: 0.0474 - acc: 0.9972
 416/4534 [=>............................] - ETA: 4s - loss: 0.0401 - acc: 0.9976
 480/4534 [==>...........................] - ETA: 4s - loss: 0.0348 - acc: 0.9979
 544/4534 [==>...........................] - ETA: 4s - loss: 0.0310 - acc: 0.9982
 608/4534 [===>..........................] - ETA: 4s - loss: 0.0279 - acc: 0.9984
 672/4534 [===>..........................] - ETA: 4s - loss: 0.0267 - acc: 0.9970
 736/4534 [===>..........................] - ETA: 4s - loss: 0.0244 - acc: 0.9973
 800/4534 [====>.........................] - ETA: 4s - loss: 0.0233 - acc: 0.9975
 864/4534 [====>.........................] - ETA: 4s - loss: 0.0216 - acc: 0.9977
 928/4534 [=====>........................] - ETA: 4s - loss: 0.0201 - acc: 0.9978
 992/4534 [=====>........................] - ETA: 4s - loss: 0.0188 - acc: 0.9980
1056/4534 [=====>........................] - ETA: 4s - loss: 0.0177 - acc: 0.9981
1120/4534 [======>.......................] - ETA: 3s - loss: 0.0167 - acc: 0.9982
1184/4534 [======>.......................] - ETA: 3s - loss: 0.0158 - acc: 0.9983
1248/4534 [=======>......................] - ETA: 3s - loss: 0.0150 - acc: 0.9984
1312/4534 [=======>......................] - ETA: 3s - loss: 0.0143 - acc: 0.9985
1376/4534 [========>.....................] - ETA: 3s - loss: 0.0137 - acc: 0.9985
1440/4534 [========>.....................] - ETA: 3s - loss: 0.0131 - acc: 0.9986
1504/4534 [========>.....................] - ETA: 3s - loss: 0.0128 - acc: 0.9987
1568/4534 [=========>....................] - ETA: 3s - loss: 0.0124 - acc: 0.9987
1632/4534 [=========>....................] - ETA: 3s - loss: 0.0120 - acc: 0.9988
1696/4534 [==========>...................] - ETA: 3s - loss: 0.0135 - acc: 0.9982
1760/4534 [==========>...................] - ETA: 3s - loss: 0.0130 - acc: 0.9983
1824/4534 [===========>..................] - ETA: 3s - loss: 0.0128 - acc: 0.9984
1888/4534 [===========>..................] - ETA: 3s - loss: 0.0125 - acc: 0.9984
1952/4534 [===========>..................] - ETA: 2s - loss: 0.0121 - acc: 0.9985
2016/4534 [============>.................] - ETA: 2s - loss: 0.0118 - acc: 0.9985
2080/4534 [============>.................] - ETA: 2s - loss: 0.0118 - acc: 0.9981
2144/4534 [=============>................] - ETA: 2s - loss: 0.0115 - acc: 0.9981
2208/4534 [=============>................] - ETA: 2s - loss: 0.0112 - acc: 0.9982
2272/4534 [==============>...............] - ETA: 2s - loss: 0.0109 - acc: 0.9982
2336/4534 [==============>...............] - ETA: 2s - loss: 0.0106 - acc: 0.9983
2400/4534 [==============>...............] - ETA: 2s - loss: 0.0103 - acc: 0.9983
2464/4534 [===============>..............] - ETA: 2s - loss: 0.0101 - acc: 0.9984
2528/4534 [===============>..............] - ETA: 2s - loss: 0.0099 - acc: 0.9984
2592/4534 [================>.............] - ETA: 2s - loss: 0.0096 - acc: 0.9985
2656/4534 [================>.............] - ETA: 2s - loss: 0.0094 - acc: 0.9985
2720/4534 [================>.............] - ETA: 2s - loss: 0.0092 - acc: 0.9985
2784/4534 [=================>............] - ETA: 2s - loss: 0.0090 - acc: 0.9986
2848/4534 [=================>............] - ETA: 1s - loss: 0.0088 - acc: 0.9986
2912/4534 [==================>...........] - ETA: 1s - loss: 0.0086 - acc: 0.9986
2976/4534 [==================>...........] - ETA: 1s - loss: 0.0085 - acc: 0.9987
3040/4534 [===================>..........] - ETA: 1s - loss: 0.0083 - acc: 0.9987
3104/4534 [===================>..........] - ETA: 1s - loss: 0.0082 - acc: 0.9987
3168/4534 [===================>..........] - ETA: 1s - loss: 0.0080 - acc: 0.9987
3232/4534 [====================>.........] - ETA: 1s - loss: 0.0129 - acc: 0.9985
3296/4534 [====================>.........] - ETA: 1s - loss: 0.0126 - acc: 0.9985
3360/4534 [=====================>........] - ETA: 1s - loss: 0.0124 - acc: 0.9985
3424/4534 [=====================>........] - ETA: 1s - loss: 0.0122 - acc: 0.9985
3488/4534 [======================>.......] - ETA: 1s - loss: 0.0121 - acc: 0.9986
3552/4534 [======================>.......] - ETA: 1s - loss: 0.0119 - acc: 0.9986
3616/4534 [======================>.......] - ETA: 1s - loss: 0.0121 - acc: 0.9983
3680/4534 [=======================>......] - ETA: 0s - loss: 0.0119 - acc: 0.9984
3744/4534 [=======================>......] - ETA: 0s - loss: 0.0117 - acc: 0.9984
3808/4534 [========================>.....] - ETA: 0s - loss: 0.0116 - acc: 0.9984
3872/4534 [========================>.....] - ETA: 0s - loss: 0.0114 - acc: 0.9985
3936/4534 [=========================>....] - ETA: 0s - loss: 0.0112 - acc: 0.9985
4000/4534 [=========================>....] - ETA: 0s - loss: 0.0110 - acc: 0.9985
4064/4534 [=========================>....] - ETA: 0s - loss: 0.0108 - acc: 0.9985
4128/4534 [==========================>...] - ETA: 0s - loss: 0.0107 - acc: 0.9985
4192/4534 [==========================>...] - ETA: 0s - loss: 0.0112 - acc: 0.9983
4256/4534 [===========================>..] - ETA: 0s - loss: 0.0110 - acc: 0.9984
4320/4534 [===========================>..] - ETA: 0s - loss: 0.0108 - acc: 0.9984
4384/4534 [============================>.] - ETA: 0s - loss: 0.0107 - acc: 0.9984
4448/4534 [============================>.] - ETA: 0s - loss: 0.0105 - acc: 0.9984
4512/4534 [============================>.] - ETA: 0s - loss: 0.0104 - acc: 0.9984
4534/4534 [==============================] - 6s 1ms/step - loss: 0.0104 - acc: 0.9985 - val_loss: 5.1384 - val_acc: 0.6772
Train on 4534 samples, validate on 1134 samples
Epoch 1/1

  32/4534 [..............................] - ETA: 5s - loss: 1.7488e-05 - acc: 1.0000
  96/4534 [..............................] - ETA: 5s - loss: 5.7899e-04 - acc: 1.0000
 160/4534 [>.............................] - ETA: 5s - loss: 0.1012 - acc: 0.9938    
 224/4534 [>.............................] - ETA: 4s - loss: 0.0723 - acc: 0.9955
 288/4534 [>.............................] - ETA: 4s - loss: 0.0562 - acc: 0.9965
 352/4534 [=>............................] - ETA: 4s - loss: 0.0461 - acc: 0.9972
 416/4534 [=>............................] - ETA: 4s - loss: 0.0390 - acc: 0.9976
 480/4534 [==>...........................] - ETA: 4s - loss: 0.0338 - acc: 0.9979
 544/4534 [==>...........................] - ETA: 4s - loss: 0.0299 - acc: 0.9982
 608/4534 [===>..........................] - ETA: 4s - loss: 0.0268 - acc: 0.9984
 672/4534 [===>..........................] - ETA: 4s - loss: 0.0243 - acc: 0.9985
 736/4534 [===>..........................] - ETA: 4s - loss: 0.0222 - acc: 0.9986
 800/4534 [====>.........................] - ETA: 4s - loss: 0.0204 - acc: 0.9988
 864/4534 [====>.........................] - ETA: 4s - loss: 0.0189 - acc: 0.9988
 928/4534 [=====>........................] - ETA: 4s - loss: 0.0176 - acc: 0.9989
 992/4534 [=====>........................] - ETA: 4s - loss: 0.0165 - acc: 0.9990
1056/4534 [=====>........................] - ETA: 4s - loss: 0.0156 - acc: 0.9991
1120/4534 [======>.......................] - ETA: 3s - loss: 0.0148 - acc: 0.9991
1184/4534 [======>.......................] - ETA: 3s - loss: 0.0140 - acc: 0.9992
1248/4534 [=======>......................] - ETA: 3s - loss: 0.0134 - acc: 0.9992
1312/4534 [=======>......................] - ETA: 3s - loss: 0.0128 - acc: 0.9992
1376/4534 [========>.....................] - ETA: 3s - loss: 0.0122 - acc: 0.9993
1440/4534 [========>.....................] - ETA: 3s - loss: 0.0116 - acc: 0.9993
1504/4534 [========>.....................] - ETA: 3s - loss: 0.0112 - acc: 0.9993
1568/4534 [=========>....................] - ETA: 3s - loss: 0.0107 - acc: 0.9994
1632/4534 [=========>....................] - ETA: 3s - loss: 0.0103 - acc: 0.9994
1696/4534 [==========>...................] - ETA: 3s - loss: 0.0099 - acc: 0.9994
1760/4534 [==========>...................] - ETA: 3s - loss: 0.0100 - acc: 0.9989
1824/4534 [===========>..................] - ETA: 3s - loss: 0.0097 - acc: 0.9989
1888/4534 [===========>..................] - ETA: 3s - loss: 0.0093 - acc: 0.9989
1952/4534 [===========>..................] - ETA: 2s - loss: 0.0091 - acc: 0.9990
2016/4534 [============>.................] - ETA: 2s - loss: 0.0091 - acc: 0.9990
2080/4534 [============>.................] - ETA: 2s - loss: 0.0096 - acc: 0.9986
2144/4534 [=============>................] - ETA: 2s - loss: 0.0093 - acc: 0.9986
2208/4534 [=============>................] - ETA: 2s - loss: 0.0091 - acc: 0.9986
2272/4534 [==============>...............] - ETA: 2s - loss: 0.0088 - acc: 0.9987
2336/4534 [==============>...............] - ETA: 2s - loss: 0.0086 - acc: 0.9987
2400/4534 [==============>...............] - ETA: 2s - loss: 0.0084 - acc: 0.9988
2464/4534 [===============>..............] - ETA: 2s - loss: 0.0147 - acc: 0.9984
2528/4534 [===============>..............] - ETA: 2s - loss: 0.0143 - acc: 0.9984
2592/4534 [================>.............] - ETA: 2s - loss: 0.0140 - acc: 0.9985
2656/4534 [================>.............] - ETA: 2s - loss: 0.0136 - acc: 0.9985
2720/4534 [================>.............] - ETA: 2s - loss: 0.0148 - acc: 0.9982
2784/4534 [=================>............] - ETA: 2s - loss: 0.0144 - acc: 0.9982
2848/4534 [=================>............] - ETA: 1s - loss: 0.0143 - acc: 0.9982
2912/4534 [==================>...........] - ETA: 1s - loss: 0.0140 - acc: 0.9983
2976/4534 [==================>...........] - ETA: 1s - loss: 0.0137 - acc: 0.9983
3040/4534 [===================>..........] - ETA: 1s - loss: 0.0134 - acc: 0.9984
3104/4534 [===================>..........] - ETA: 1s - loss: 0.0132 - acc: 0.9984
3168/4534 [===================>..........] - ETA: 1s - loss: 0.0129 - acc: 0.9984
3232/4534 [====================>.........] - ETA: 1s - loss: 0.0126 - acc: 0.9985
3296/4534 [====================>.........] - ETA: 1s - loss: 0.0124 - acc: 0.9985
3360/4534 [=====================>........] - ETA: 1s - loss: 0.0122 - acc: 0.9985
3424/4534 [=====================>........] - ETA: 1s - loss: 0.0125 - acc: 0.9982
3488/4534 [======================>.......] - ETA: 1s - loss: 0.0123 - acc: 0.9983
3552/4534 [======================>.......] - ETA: 1s - loss: 0.0121 - acc: 0.9983
3616/4534 [======================>.......] - ETA: 1s - loss: 0.0125 - acc: 0.9981
3680/4534 [=======================>......] - ETA: 0s - loss: 0.0123 - acc: 0.9981
3744/4534 [=======================>......] - ETA: 0s - loss: 0.0121 - acc: 0.9981
3808/4534 [========================>.....] - ETA: 0s - loss: 0.0119 - acc: 0.9982
3872/4534 [========================>.....] - ETA: 0s - loss: 0.0118 - acc: 0.9982
3936/4534 [=========================>....] - ETA: 0s - loss: 0.0116 - acc: 0.9982
4000/4534 [=========================>....] - ETA: 0s - loss: 0.0114 - acc: 0.9982
4064/4534 [=========================>....] - ETA: 0s - loss: 0.0113 - acc: 0.9983
4128/4534 [==========================>...] - ETA: 0s - loss: 0.0111 - acc: 0.9983
4192/4534 [==========================>...] - ETA: 0s - loss: 0.0109 - acc: 0.9983
4256/4534 [===========================>..] - ETA: 0s - loss: 0.0108 - acc: 0.9984
4320/4534 [===========================>..] - ETA: 0s - loss: 0.0106 - acc: 0.9984
4384/4534 [============================>.] - ETA: 0s - loss: 0.0106 - acc: 0.9984
4448/4534 [============================>.] - ETA: 0s - loss: 0.0106 - acc: 0.9982
4512/4534 [============================>.] - ETA: 0s - loss: 0.0105 - acc: 0.9982
4534/4534 [==============================] - 6s 1ms/step - loss: 0.0105 - acc: 0.9982 - val_loss: 0.3695 - val_acc: 0.9727
Train on 4534 samples, validate on 1134 samples
Epoch 1/1

  32/4534 [..............................] - ETA: 5s - loss: 0.0030 - acc: 1.0000
  96/4534 [..............................] - ETA: 5s - loss: 0.0010 - acc: 1.0000
 160/4534 [>.............................] - ETA: 5s - loss: 8.9927e-04 - acc: 1.0000
 224/4534 [>.............................] - ETA: 4s - loss: 6.5016e-04 - acc: 1.0000
 288/4534 [>.............................] - ETA: 4s - loss: 6.9486e-04 - acc: 1.0000
 352/4534 [=>............................] - ETA: 4s - loss: 0.0464 - acc: 0.9972    
 416/4534 [=>............................] - ETA: 4s - loss: 0.0396 - acc: 0.9976
 480/4534 [==>...........................] - ETA: 4s - loss: 0.0370 - acc: 0.9958
 544/4534 [==>...........................] - ETA: 4s - loss: 0.0332 - acc: 0.9963
 608/4534 [===>..........................] - ETA: 4s - loss: 0.0310 - acc: 0.9951
 672/4534 [===>..........................] - ETA: 4s - loss: 0.0280 - acc: 0.9955
 736/4534 [===>..........................] - ETA: 4s - loss: 0.0256 - acc: 0.9959
 800/4534 [====>.........................] - ETA: 4s - loss: 0.0238 - acc: 0.9962
 864/4534 [====>.........................] - ETA: 4s - loss: 0.0220 - acc: 0.9965
 928/4534 [=====>........................] - ETA: 4s - loss: 0.0213 - acc: 0.9957
 992/4534 [=====>........................] - ETA: 4s - loss: 0.0200 - acc: 0.9960
1056/4534 [=====>........................] - ETA: 4s - loss: 0.0188 - acc: 0.9962
1120/4534 [======>.......................] - ETA: 3s - loss: 0.0186 - acc: 0.9955
1184/4534 [======>.......................] - ETA: 3s - loss: 0.0182 - acc: 0.9958
1248/4534 [=======>......................] - ETA: 3s - loss: 0.0216 - acc: 0.9952
1312/4534 [=======>......................] - ETA: 3s - loss: 0.0206 - acc: 0.9954
1376/4534 [========>.....................] - ETA: 3s - loss: 0.0196 - acc: 0.9956
1440/4534 [========>.....................] - ETA: 3s - loss: 0.0188 - acc: 0.9958
1504/4534 [========>.....................] - ETA: 3s - loss: 0.0180 - acc: 0.9960
1568/4534 [=========>....................] - ETA: 3s - loss: 0.0172 - acc: 0.9962
1632/4534 [=========>....................] - ETA: 3s - loss: 0.0166 - acc: 0.9963
1696/4534 [==========>...................] - ETA: 3s - loss: 0.0159 - acc: 0.9965
1760/4534 [==========>...................] - ETA: 3s - loss: 0.0154 - acc: 0.9966
1824/4534 [===========>..................] - ETA: 3s - loss: 0.0149 - acc: 0.9967
1888/4534 [===========>..................] - ETA: 3s - loss: 0.0144 - acc: 0.9968
1952/4534 [===========>..................] - ETA: 2s - loss: 0.0140 - acc: 0.9969
2016/4534 [============>.................] - ETA: 2s - loss: 0.0135 - acc: 0.9970
2080/4534 [============>.................] - ETA: 2s - loss: 0.0131 - acc: 0.9971
2144/4534 [=============>................] - ETA: 2s - loss: 0.0133 - acc: 0.9972
2208/4534 [=============>................] - ETA: 2s - loss: 0.0129 - acc: 0.9973
2272/4534 [==============>...............] - ETA: 2s - loss: 0.0125 - acc: 0.9974
2336/4534 [==============>...............] - ETA: 2s - loss: 0.0122 - acc: 0.9974
2400/4534 [==============>...............] - ETA: 2s - loss: 0.0119 - acc: 0.9975
2464/4534 [===============>..............] - ETA: 2s - loss: 0.0116 - acc: 0.9976
2528/4534 [===============>..............] - ETA: 2s - loss: 0.0113 - acc: 0.9976
2592/4534 [================>.............] - ETA: 2s - loss: 0.0111 - acc: 0.9977
2656/4534 [================>.............] - ETA: 2s - loss: 0.0108 - acc: 0.9977
2720/4534 [================>.............] - ETA: 2s - loss: 0.0106 - acc: 0.9978
2784/4534 [=================>............] - ETA: 2s - loss: 0.0103 - acc: 0.9978
2848/4534 [=================>............] - ETA: 1s - loss: 0.0101 - acc: 0.9979
2912/4534 [==================>...........] - ETA: 1s - loss: 0.0099 - acc: 0.9979
2976/4534 [==================>...........] - ETA: 1s - loss: 0.0104 - acc: 0.9976
3040/4534 [===================>..........] - ETA: 1s - loss: 0.0102 - acc: 0.9977
3104/4534 [===================>..........] - ETA: 1s - loss: 0.0100 - acc: 0.9977
3168/4534 [===================>..........] - ETA: 1s - loss: 0.0098 - acc: 0.9978
3232/4534 [====================>.........] - ETA: 1s - loss: 0.0096 - acc: 0.9978
3296/4534 [====================>.........] - ETA: 1s - loss: 0.0096 - acc: 0.9979
3360/4534 [=====================>........] - ETA: 1s - loss: 0.0095 - acc: 0.9979
3424/4534 [=====================>........] - ETA: 1s - loss: 0.0093 - acc: 0.9980
3488/4534 [======================>.......] - ETA: 1s - loss: 0.0098 - acc: 0.9977
3552/4534 [======================>.......] - ETA: 1s - loss: 0.0096 - acc: 0.9977
3616/4534 [======================>.......] - ETA: 1s - loss: 0.0095 - acc: 0.9978
3680/4534 [=======================>......] - ETA: 0s - loss: 0.0093 - acc: 0.9978
3744/4534 [=======================>......] - ETA: 0s - loss: 0.0091 - acc: 0.9979
3808/4534 [========================>.....] - ETA: 0s - loss: 0.0090 - acc: 0.9979
3872/4534 [========================>.....] - ETA: 0s - loss: 0.0089 - acc: 0.9979
3936/4534 [=========================>....] - ETA: 0s - loss: 0.0087 - acc: 0.9980
4000/4534 [=========================>....] - ETA: 0s - loss: 0.0086 - acc: 0.9980
4064/4534 [=========================>....] - ETA: 0s - loss: 0.0087 - acc: 0.9978
4128/4534 [==========================>...] - ETA: 0s - loss: 0.0085 - acc: 0.9978
4192/4534 [==========================>...] - ETA: 0s - loss: 0.0084 - acc: 0.9979
4256/4534 [===========================>..] - ETA: 0s - loss: 0.0083 - acc: 0.9979
4320/4534 [===========================>..] - ETA: 0s - loss: 0.0082 - acc: 0.9979
4384/4534 [============================>.] - ETA: 0s - loss: 0.0117 - acc: 0.9977
4448/4534 [============================>.] - ETA: 0s - loss: 0.0116 - acc: 0.9978
4512/4534 [============================>.] - ETA: 0s - loss: 0.0115 - acc: 0.9978
4534/4534 [==============================] - 6s 1ms/step - loss: 0.0114 - acc: 0.9978 - val_loss: 6.6233 - val_acc: 0.5891
Train on 4534 samples, validate on 1134 samples
Epoch 1/1

  32/4534 [..............................] - ETA: 5s - loss: 3.3319e-05 - acc: 1.0000
  96/4534 [..............................] - ETA: 5s - loss: 0.0038 - acc: 1.0000    
 160/4534 [>.............................] - ETA: 5s - loss: 0.0294 - acc: 0.9938
 224/4534 [>.............................] - ETA: 4s - loss: 0.0258 - acc: 0.9911
 288/4534 [>.............................] - ETA: 4s - loss: 0.0201 - acc: 0.9931
 352/4534 [=>............................] - ETA: 4s - loss: 0.0173 - acc: 0.9943
 416/4534 [=>............................] - ETA: 4s - loss: 0.0146 - acc: 0.9952
 480/4534 [==>...........................] - ETA: 4s - loss: 0.0128 - acc: 0.9958
 544/4534 [==>...........................] - ETA: 4s - loss: 0.0113 - acc: 0.9963
 608/4534 [===>..........................] - ETA: 4s - loss: 0.0102 - acc: 0.9967
 672/4534 [===>..........................] - ETA: 4s - loss: 0.0093 - acc: 0.9970
 736/4534 [===>..........................] - ETA: 4s - loss: 0.0085 - acc: 0.9973
 800/4534 [====>.........................] - ETA: 4s - loss: 0.0282 - acc: 0.9962
 864/4534 [====>.........................] - ETA: 4s - loss: 0.0263 - acc: 0.9965
 928/4534 [=====>........................] - ETA: 4s - loss: 0.0248 - acc: 0.9968
 992/4534 [=====>........................] - ETA: 4s - loss: 0.0235 - acc: 0.9970
1056/4534 [=====>........................] - ETA: 4s - loss: 0.0223 - acc: 0.9972
1120/4534 [======>.......................] - ETA: 3s - loss: 0.0212 - acc: 0.9973
1184/4534 [======>.......................] - ETA: 3s - loss: 0.0200 - acc: 0.9975
1248/4534 [=======>......................] - ETA: 3s - loss: 0.0238 - acc: 0.9968
1312/4534 [=======>......................] - ETA: 3s - loss: 0.0227 - acc: 0.9970
1376/4534 [========>.....................] - ETA: 3s - loss: 0.0217 - acc: 0.9971
1440/4534 [========>.....................] - ETA: 3s - loss: 0.0207 - acc: 0.9972
1504/4534 [========>.....................] - ETA: 3s - loss: 0.0198 - acc: 0.9973
1568/4534 [=========>....................] - ETA: 3s - loss: 0.0191 - acc: 0.9974
1632/4534 [=========>....................] - ETA: 3s - loss: 0.0184 - acc: 0.9975
1696/4534 [==========>...................] - ETA: 3s - loss: 0.0188 - acc: 0.9971
1760/4534 [==========>...................] - ETA: 3s - loss: 0.0181 - acc: 0.9972
1824/4534 [===========>..................] - ETA: 3s - loss: 0.0175 - acc: 0.9973
1888/4534 [===========>..................] - ETA: 3s - loss: 0.0169 - acc: 0.9974
1952/4534 [===========>..................] - ETA: 2s - loss: 0.0164 - acc: 0.9974
2016/4534 [============>.................] - ETA: 2s - loss: 0.0159 - acc: 0.9975
2080/4534 [============>.................] - ETA: 2s - loss: 0.0154 - acc: 0.9976
2144/4534 [=============>................] - ETA: 2s - loss: 0.0150 - acc: 0.9977
2208/4534 [=============>................] - ETA: 2s - loss: 0.0147 - acc: 0.9977
2272/4534 [==============>...............] - ETA: 2s - loss: 0.0147 - acc: 0.9974
2336/4534 [==============>...............] - ETA: 2s - loss: 0.0160 - acc: 0.9970
2400/4534 [==============>...............] - ETA: 2s - loss: 0.0156 - acc: 0.9971
2464/4534 [===============>..............] - ETA: 2s - loss: 0.0207 - acc: 0.9968
2528/4534 [===============>..............] - ETA: 2s - loss: 0.0202 - acc: 0.9968
2592/4534 [================>.............] - ETA: 2s - loss: 0.0198 - acc: 0.9969
2656/4534 [================>.............] - ETA: 2s - loss: 0.0193 - acc: 0.9970
2720/4534 [================>.............] - ETA: 2s - loss: 0.0190 - acc: 0.9971
2784/4534 [=================>............] - ETA: 2s - loss: 0.0187 - acc: 0.9971
2848/4534 [=================>............] - ETA: 1s - loss: 0.0184 - acc: 0.9972
2912/4534 [==================>...........] - ETA: 1s - loss: 0.0181 - acc: 0.9973
2976/4534 [==================>...........] - ETA: 1s - loss: 0.0178 - acc: 0.9973
3040/4534 [===================>..........] - ETA: 1s - loss: 0.0179 - acc: 0.9970
3104/4534 [===================>..........] - ETA: 1s - loss: 0.0175 - acc: 0.9971
3168/4534 [===================>..........] - ETA: 1s - loss: 0.0173 - acc: 0.9972
3232/4534 [====================>.........] - ETA: 1s - loss: 0.0170 - acc: 0.9972
3296/4534 [====================>.........] - ETA: 1s - loss: 0.0169 - acc: 0.9973
3360/4534 [=====================>........] - ETA: 1s - loss: 0.0166 - acc: 0.9973
3424/4534 [=====================>........] - ETA: 1s - loss: 0.0163 - acc: 0.9974
3488/4534 [======================>.......] - ETA: 1s - loss: 0.0161 - acc: 0.9974
3552/4534 [======================>.......] - ETA: 1s - loss: 0.0158 - acc: 0.9975
3616/4534 [======================>.......] - ETA: 1s - loss: 0.0155 - acc: 0.9975
3680/4534 [=======================>......] - ETA: 0s - loss: 0.0153 - acc: 0.9976
3744/4534 [=======================>......] - ETA: 0s - loss: 0.0151 - acc: 0.9976
3808/4534 [========================>.....] - ETA: 0s - loss: 0.0149 - acc: 0.9976
3872/4534 [========================>.....] - ETA: 0s - loss: 0.0146 - acc: 0.9977
3936/4534 [=========================>....] - ETA: 0s - loss: 0.0145 - acc: 0.9977
4000/4534 [=========================>....] - ETA: 0s - loss: 0.0143 - acc: 0.9978
4064/4534 [=========================>....] - ETA: 0s - loss: 0.0141 - acc: 0.9978
4128/4534 [==========================>...] - ETA: 0s - loss: 0.0139 - acc: 0.9978
4192/4534 [==========================>...] - ETA: 0s - loss: 0.0137 - acc: 0.9979
4256/4534 [===========================>..] - ETA: 0s - loss: 0.0135 - acc: 0.9979
4320/4534 [===========================>..] - ETA: 0s - loss: 0.0133 - acc: 0.9979
4384/4534 [============================>.] - ETA: 0s - loss: 0.0131 - acc: 0.9979
4448/4534 [============================>.] - ETA: 0s - loss: 0.0129 - acc: 0.9980
4512/4534 [============================>.] - ETA: 0s - loss: 0.0128 - acc: 0.9980
4534/4534 [==============================] - 6s 1ms/step - loss: 0.0127 - acc: 0.9980 - val_loss: 0.2460 - val_acc: 0.9788
Train on 4534 samples, validate on 1134 samples
Epoch 1/1

  32/4534 [..............................] - ETA: 5s - loss: 1.6052e-05 - acc: 1.0000
  96/4534 [..............................] - ETA: 5s - loss: 0.0026 - acc: 1.0000    
 160/4534 [>.............................] - ETA: 5s - loss: 0.0016 - acc: 1.0000
 224/4534 [>.............................] - ETA: 4s - loss: 0.0014 - acc: 1.0000
 288/4534 [>.............................] - ETA: 4s - loss: 0.0011 - acc: 1.0000
 352/4534 [=>............................] - ETA: 4s - loss: 0.0091 - acc: 0.9972
 416/4534 [=>............................] - ETA: 4s - loss: 0.0090 - acc: 0.9976
 480/4534 [==>...........................] - ETA: 4s - loss: 0.0079 - acc: 0.9979
 544/4534 [==>...........................] - ETA: 4s - loss: 0.0071 - acc: 0.9982
 608/4534 [===>..........................] - ETA: 4s - loss: 0.0066 - acc: 0.9984
 672/4534 [===>..........................] - ETA: 4s - loss: 0.0060 - acc: 0.9985
 736/4534 [===>..........................] - ETA: 4s - loss: 0.0056 - acc: 0.9986
 800/4534 [====>.........................] - ETA: 4s - loss: 0.0053 - acc: 0.9988
 864/4534 [====>.........................] - ETA: 4s - loss: 0.0051 - acc: 0.9988
 928/4534 [=====>........................] - ETA: 4s - loss: 0.0048 - acc: 0.9989
 992/4534 [=====>........................] - ETA: 4s - loss: 0.0045 - acc: 0.9990
1056/4534 [=====>........................] - ETA: 4s - loss: 0.0042 - acc: 0.9991
1120/4534 [======>.......................] - ETA: 3s - loss: 0.0040 - acc: 0.9991
1184/4534 [======>.......................] - ETA: 3s - loss: 0.0038 - acc: 0.9992
1248/4534 [=======>......................] - ETA: 3s - loss: 0.0036 - acc: 0.9992
1312/4534 [=======>......................] - ETA: 3s - loss: 0.0035 - acc: 0.9992
1376/4534 [========>.....................] - ETA: 3s - loss: 0.0033 - acc: 0.9993
1440/4534 [========>.....................] - ETA: 3s - loss: 0.0033 - acc: 0.9993
1504/4534 [========>.....................] - ETA: 3s - loss: 0.0031 - acc: 0.9993
1568/4534 [=========>....................] - ETA: 3s - loss: 0.0030 - acc: 0.9994
1632/4534 [=========>....................] - ETA: 3s - loss: 0.0029 - acc: 0.9994
1696/4534 [==========>...................] - ETA: 3s - loss: 0.0030 - acc: 0.9994
1760/4534 [==========>...................] - ETA: 3s - loss: 0.0029 - acc: 0.9994
1824/4534 [===========>..................] - ETA: 3s - loss: 0.0028 - acc: 0.9995
1888/4534 [===========>..................] - ETA: 3s - loss: 0.0027 - acc: 0.9995
1952/4534 [===========>..................] - ETA: 2s - loss: 0.0027 - acc: 0.9995
2016/4534 [============>.................] - ETA: 2s - loss: 0.0026 - acc: 0.9995
2080/4534 [============>.................] - ETA: 2s - loss: 0.0035 - acc: 0.9990
2144/4534 [=============>................] - ETA: 2s - loss: 0.0034 - acc: 0.9991
2208/4534 [=============>................] - ETA: 2s - loss: 0.0036 - acc: 0.9991
2272/4534 [==============>...............] - ETA: 2s - loss: 0.0035 - acc: 0.9991
2336/4534 [==============>...............] - ETA: 2s - loss: 0.0034 - acc: 0.9991
2400/4534 [==============>...............] - ETA: 2s - loss: 0.0034 - acc: 0.9992
2464/4534 [===============>..............] - ETA: 2s - loss: 0.0037 - acc: 0.9992
2528/4534 [===============>..............] - ETA: 2s - loss: 0.0036 - acc: 0.9992
2592/4534 [================>.............] - ETA: 2s - loss: 0.0036 - acc: 0.9992
2656/4534 [================>.............] - ETA: 2s - loss: 0.0095 - acc: 0.9989
2720/4534 [================>.............] - ETA: 2s - loss: 0.0093 - acc: 0.9989
2784/4534 [=================>............] - ETA: 2s - loss: 0.0091 - acc: 0.9989
2848/4534 [=================>............] - ETA: 1s - loss: 0.0089 - acc: 0.9989
2912/4534 [==================>...........] - ETA: 1s - loss: 0.0087 - acc: 0.9990
2976/4534 [==================>...........] - ETA: 1s - loss: 0.0088 - acc: 0.9987
3040/4534 [===================>..........] - ETA: 1s - loss: 0.0086 - acc: 0.9987
3104/4534 [===================>..........] - ETA: 1s - loss: 0.0085 - acc: 0.9987
3168/4534 [===================>..........] - ETA: 1s - loss: 0.0083 - acc: 0.9987
3232/4534 [====================>.........] - ETA: 1s - loss: 0.0083 - acc: 0.9988
3296/4534 [====================>.........] - ETA: 1s - loss: 0.0086 - acc: 0.9985
3360/4534 [=====================>........] - ETA: 1s - loss: 0.0084 - acc: 0.9985
3424/4534 [=====================>........] - ETA: 1s - loss: 0.0083 - acc: 0.9985
3488/4534 [======================>.......] - ETA: 1s - loss: 0.0081 - acc: 0.9986
3552/4534 [======================>.......] - ETA: 1s - loss: 0.0082 - acc: 0.9983
3616/4534 [======================>.......] - ETA: 1s - loss: 0.0080 - acc: 0.9983
3680/4534 [=======================>......] - ETA: 0s - loss: 0.0079 - acc: 0.9984
3744/4534 [=======================>......] - ETA: 0s - loss: 0.0078 - acc: 0.9984
3808/4534 [========================>.....] - ETA: 0s - loss: 0.0121 - acc: 0.9979
3872/4534 [========================>.....] - ETA: 0s - loss: 0.0119 - acc: 0.9979
3936/4534 [=========================>....] - ETA: 0s - loss: 0.0117 - acc: 0.9980
4000/4534 [=========================>....] - ETA: 0s - loss: 0.0117 - acc: 0.9980
4064/4534 [=========================>....] - ETA: 0s - loss: 0.0116 - acc: 0.9980
4128/4534 [==========================>...] - ETA: 0s - loss: 0.0115 - acc: 0.9981
4192/4534 [==========================>...] - ETA: 0s - loss: 0.0115 - acc: 0.9981
4256/4534 [===========================>..] - ETA: 0s - loss: 0.0114 - acc: 0.9981
4320/4534 [===========================>..] - ETA: 0s - loss: 0.0115 - acc: 0.9981
4384/4534 [============================>.] - ETA: 0s - loss: 0.0114 - acc: 0.9982
4448/4534 [============================>.] - ETA: 0s - loss: 0.0117 - acc: 0.9980
4512/4534 [============================>.] - ETA: 0s - loss: 0.0115 - acc: 0.9980
4534/4534 [==============================] - 6s 1ms/step - loss: 0.0115 - acc: 0.9980 - val_loss: 8.4712 - val_acc: 0.4744

  32/1418 [..............................] - ETA: 22s
  96/1418 [=>............................] - ETA: 7s 
 160/1418 [==>...........................] - ETA: 4s
 224/1418 [===>..........................] - ETA: 3s
 288/1418 [=====>........................] - ETA: 2s
 352/1418 [======>.......................] - ETA: 2s
 416/1418 [=======>......................] - ETA: 2s
 480/1418 [=========>....................] - ETA: 1s
 544/1418 [==========>...................] - ETA: 1s
 608/1418 [===========>..................] - ETA: 1s
 672/1418 [=============>................] - ETA: 1s
 736/1418 [==============>...............] - ETA: 1s
 800/1418 [===============>..............] - ETA: 0s
 864/1418 [=================>............] - ETA: 0s
 928/1418 [==================>...........] - ETA: 0s
 992/1418 [===================>..........] - ETA: 0s
1056/1418 [=====================>........] - ETA: 0s
1120/1418 [======================>.......] - ETA: 0s
1184/1418 [========================>.....] - ETA: 0s
1248/1418 [=========================>....] - ETA: 0s
1312/1418 [==========================>...] - ETA: 0s
1376/1418 [============================>.] - ETA: 0s
1418/1418 [==============================] - 2s 1ms/step
Test acc: 0.9894217207334274
Test auc: 0.9995641698759921
Execute epoch: 14
Execute time: 103.68046927452087
(W) Execute time: 100.53188562393188
