_________________________________________________________________
Layer (type)                 Output Shape              Param #   
=================================================================
embedding_1 (Embedding)      (None, None, 128)         297984    
_________________________________________________________________
lstm_1 (LSTM)                (None, None, 64)          49408     
_________________________________________________________________
lstm_2 (LSTM)                (None, None, 64)          33024     
_________________________________________________________________
lstm_3 (LSTM)                (None, 64)                33024     
_________________________________________________________________
dense_1 (Dense)              (None, 16)                1040      
_________________________________________________________________
dense_2 (Dense)              (None, 1)                 17        
=================================================================
Total params: 414,497
Trainable params: 414,497
Non-trainable params: 0
_________________________________________________________________
Train on 4534 samples, validate on 1134 samples
Epoch 1/1

  32/4534 [..............................] - ETA: 7:56 - loss: 0.6933 - acc: 0.2812
  96/4534 [..............................] - ETA: 2:39 - loss: 0.6930 - acc: 0.4896
 160/4534 [>.............................] - ETA: 1:36 - loss: 0.6925 - acc: 0.5312
 224/4534 [>.............................] - ETA: 1:09 - loss: 0.6922 - acc: 0.5446
 288/4534 [>.............................] - ETA: 54s - loss: 0.6919 - acc: 0.5521 
 352/4534 [=>............................] - ETA: 44s - loss: 0.6916 - acc: 0.5568
 416/4534 [=>............................] - ETA: 37s - loss: 0.6915 - acc: 0.5553
 480/4534 [==>...........................] - ETA: 32s - loss: 0.6910 - acc: 0.5604
 544/4534 [==>...........................] - ETA: 29s - loss: 0.6899 - acc: 0.5735
 608/4534 [===>..........................] - ETA: 26s - loss: 0.6904 - acc: 0.5641
 672/4534 [===>..........................] - ETA: 23s - loss: 0.6906 - acc: 0.5580
 736/4534 [===>..........................] - ETA: 21s - loss: 0.6904 - acc: 0.5557
 800/4534 [====>.........................] - ETA: 19s - loss: 0.6896 - acc: 0.5587
 864/4534 [====>.........................] - ETA: 18s - loss: 0.6890 - acc: 0.5602
 928/4534 [=====>........................] - ETA: 17s - loss: 0.6879 - acc: 0.5614
 992/4534 [=====>........................] - ETA: 16s - loss: 0.6874 - acc: 0.5605
1056/4534 [=====>........................] - ETA: 15s - loss: 0.6866 - acc: 0.5578
1120/4534 [======>.......................] - ETA: 14s - loss: 0.6850 - acc: 0.5563
1184/4534 [======>.......................] - ETA: 13s - loss: 0.6815 - acc: 0.5600
1248/4534 [=======>......................] - ETA: 12s - loss: 0.6773 - acc: 0.5601
1312/4534 [=======>......................] - ETA: 11s - loss: 0.6727 - acc: 0.5610
1376/4534 [========>.....................] - ETA: 11s - loss: 0.6643 - acc: 0.5647
1440/4534 [========>.....................] - ETA: 10s - loss: 0.6574 - acc: 0.5618
1504/4534 [========>.....................] - ETA: 10s - loss: 0.6589 - acc: 0.5598
1568/4534 [=========>....................] - ETA: 9s - loss: 0.6517 - acc: 0.5619 
1632/4534 [=========>....................] - ETA: 9s - loss: 0.6473 - acc: 0.5594
1696/4534 [==========>...................] - ETA: 8s - loss: 0.6431 - acc: 0.5590
1760/4534 [==========>...................] - ETA: 8s - loss: 0.6372 - acc: 0.5619
1824/4534 [===========>..................] - ETA: 8s - loss: 0.6295 - acc: 0.5702
1888/4534 [===========>..................] - ETA: 7s - loss: 0.6243 - acc: 0.5763
1952/4534 [===========>..................] - ETA: 7s - loss: 0.6237 - acc: 0.5809
2016/4534 [============>.................] - ETA: 7s - loss: 0.6209 - acc: 0.5873
2080/4534 [============>.................] - ETA: 6s - loss: 0.6161 - acc: 0.5942
2144/4534 [=============>................] - ETA: 6s - loss: 0.6111 - acc: 0.6045
2208/4534 [=============>................] - ETA: 6s - loss: 0.6067 - acc: 0.6141
2272/4534 [==============>...............] - ETA: 5s - loss: 0.6026 - acc: 0.6241
2336/4534 [==============>...............] - ETA: 5s - loss: 0.5983 - acc: 0.6323
2400/4534 [==============>...............] - ETA: 5s - loss: 0.5925 - acc: 0.6412
2464/4534 [===============>..............] - ETA: 5s - loss: 0.5853 - acc: 0.6506
2528/4534 [===============>..............] - ETA: 4s - loss: 0.5792 - acc: 0.6570
2592/4534 [================>.............] - ETA: 4s - loss: 0.5701 - acc: 0.6644
2656/4534 [================>.............] - ETA: 4s - loss: 0.5634 - acc: 0.6698
2720/4534 [================>.............] - ETA: 4s - loss: 0.5552 - acc: 0.6768
2784/4534 [=================>............] - ETA: 4s - loss: 0.5557 - acc: 0.6832
2848/4534 [=================>............] - ETA: 3s - loss: 0.5494 - acc: 0.6882
2912/4534 [==================>...........] - ETA: 3s - loss: 0.5406 - acc: 0.6940
2976/4534 [==================>...........] - ETA: 3s - loss: 0.5327 - acc: 0.7003
3040/4534 [===================>..........] - ETA: 3s - loss: 0.5260 - acc: 0.7056
3104/4534 [===================>..........] - ETA: 3s - loss: 0.5173 - acc: 0.7110
3168/4534 [===================>..........] - ETA: 3s - loss: 0.5108 - acc: 0.7153
3232/4534 [====================>.........] - ETA: 2s - loss: 0.5036 - acc: 0.7203
3296/4534 [====================>.........] - ETA: 2s - loss: 0.4973 - acc: 0.7248
3360/4534 [=====================>........] - ETA: 2s - loss: 0.4907 - acc: 0.7280
3424/4534 [=====================>........] - ETA: 2s - loss: 0.4835 - acc: 0.7322
3488/4534 [======================>.......] - ETA: 2s - loss: 0.4820 - acc: 0.7357
3552/4534 [======================>.......] - ETA: 2s - loss: 0.4745 - acc: 0.7401
3616/4534 [======================>.......] - ETA: 1s - loss: 0.4687 - acc: 0.7442
3680/4534 [=======================>......] - ETA: 1s - loss: 0.4680 - acc: 0.7470
3744/4534 [=======================>......] - ETA: 1s - loss: 0.4631 - acc: 0.7505
3808/4534 [========================>.....] - ETA: 1s - loss: 0.4572 - acc: 0.7542
3872/4534 [========================>.....] - ETA: 1s - loss: 0.4513 - acc: 0.7580
3936/4534 [=========================>....] - ETA: 1s - loss: 0.4456 - acc: 0.7614
4000/4534 [=========================>....] - ETA: 1s - loss: 0.4406 - acc: 0.7648
4064/4534 [=========================>....] - ETA: 0s - loss: 0.4363 - acc: 0.7680
4128/4534 [==========================>...] - ETA: 0s - loss: 0.4308 - acc: 0.7711
4192/4534 [==========================>...] - ETA: 0s - loss: 0.4249 - acc: 0.7746
4256/4534 [===========================>..] - ETA: 0s - loss: 0.4206 - acc: 0.7763
4320/4534 [===========================>..] - ETA: 0s - loss: 0.4155 - acc: 0.7787
4384/4534 [============================>.] - ETA: 0s - loss: 0.4113 - acc: 0.7812
4448/4534 [============================>.] - ETA: 0s - loss: 0.4064 - acc: 0.7842
4512/4534 [============================>.] - ETA: 0s - loss: 0.4017 - acc: 0.7870
4534/4534 [==============================] - 10s 2ms/step - loss: 0.4002 - acc: 0.7878 - val_loss: 5.6937 - val_acc: 0.6429
Train on 4534 samples, validate on 1134 samples
Epoch 1/1

  32/4534 [..............................] - ETA: 5s - loss: 0.1016 - acc: 0.9688
  96/4534 [..............................] - ETA: 5s - loss: 0.0436 - acc: 0.9896
 160/4534 [>.............................] - ETA: 5s - loss: 0.0691 - acc: 0.9750
 224/4534 [>.............................] - ETA: 4s - loss: 0.0750 - acc: 0.9777
 288/4534 [>.............................] - ETA: 4s - loss: 0.0728 - acc: 0.9757
 352/4534 [=>............................] - ETA: 4s - loss: 0.0712 - acc: 0.9744
 416/4534 [=>............................] - ETA: 4s - loss: 0.0717 - acc: 0.9760
 480/4534 [==>...........................] - ETA: 4s - loss: 0.0692 - acc: 0.9750
 544/4534 [==>...........................] - ETA: 4s - loss: 0.0644 - acc: 0.9779
 608/4534 [===>..........................] - ETA: 4s - loss: 0.0594 - acc: 0.9803
 672/4534 [===>..........................] - ETA: 4s - loss: 0.0722 - acc: 0.9777
 736/4534 [===>..........................] - ETA: 4s - loss: 0.0709 - acc: 0.9783
 800/4534 [====>.........................] - ETA: 4s - loss: 0.0698 - acc: 0.9775
 864/4534 [====>.........................] - ETA: 4s - loss: 0.0697 - acc: 0.9769
 928/4534 [=====>........................] - ETA: 4s - loss: 0.0697 - acc: 0.9752
 992/4534 [=====>........................] - ETA: 4s - loss: 0.0723 - acc: 0.9738
1056/4534 [=====>........................] - ETA: 4s - loss: 0.0707 - acc: 0.9744
1120/4534 [======>.......................] - ETA: 3s - loss: 0.0691 - acc: 0.9750
1184/4534 [======>.......................] - ETA: 3s - loss: 0.0817 - acc: 0.9738
1248/4534 [=======>......................] - ETA: 3s - loss: 0.0790 - acc: 0.9744
1312/4534 [=======>......................] - ETA: 3s - loss: 0.0764 - acc: 0.9748
1376/4534 [========>.....................] - ETA: 3s - loss: 0.0771 - acc: 0.9753
1440/4534 [========>.....................] - ETA: 3s - loss: 0.0751 - acc: 0.9764
1504/4534 [========>.....................] - ETA: 3s - loss: 0.0734 - acc: 0.9774
1568/4534 [=========>....................] - ETA: 3s - loss: 0.0726 - acc: 0.9770
1632/4534 [=========>....................] - ETA: 3s - loss: 0.0709 - acc: 0.9779
1696/4534 [==========>...................] - ETA: 3s - loss: 0.0698 - acc: 0.9782
1760/4534 [==========>...................] - ETA: 3s - loss: 0.0697 - acc: 0.9773
1824/4534 [===========>..................] - ETA: 3s - loss: 0.0686 - acc: 0.9781
1888/4534 [===========>..................] - ETA: 3s - loss: 0.0679 - acc: 0.9778
1952/4534 [===========>..................] - ETA: 2s - loss: 0.0676 - acc: 0.9775
2016/4534 [============>.................] - ETA: 2s - loss: 0.0674 - acc: 0.9777
2080/4534 [============>.................] - ETA: 2s - loss: 0.0661 - acc: 0.9784
2144/4534 [=============>................] - ETA: 2s - loss: 0.0660 - acc: 0.9781
2208/4534 [=============>................] - ETA: 2s - loss: 0.0656 - acc: 0.9778
2272/4534 [==============>...............] - ETA: 2s - loss: 0.0650 - acc: 0.9780
2336/4534 [==============>...............] - ETA: 2s - loss: 0.0673 - acc: 0.9777
2400/4534 [==============>...............] - ETA: 2s - loss: 0.0661 - acc: 0.9779
2464/4534 [===============>..............] - ETA: 2s - loss: 0.0660 - acc: 0.9777
2528/4534 [===============>..............] - ETA: 2s - loss: 0.0653 - acc: 0.9775
2592/4534 [================>.............] - ETA: 2s - loss: 0.0644 - acc: 0.9776
2656/4534 [================>.............] - ETA: 2s - loss: 0.0654 - acc: 0.9770
2720/4534 [================>.............] - ETA: 2s - loss: 0.0647 - acc: 0.9776
2784/4534 [=================>............] - ETA: 2s - loss: 0.0659 - acc: 0.9770
2848/4534 [=================>............] - ETA: 1s - loss: 0.0655 - acc: 0.9768
2912/4534 [==================>...........] - ETA: 1s - loss: 0.0654 - acc: 0.9766
2976/4534 [==================>...........] - ETA: 1s - loss: 0.0652 - acc: 0.9765
3040/4534 [===================>..........] - ETA: 1s - loss: 0.0641 - acc: 0.9770
3104/4534 [===================>..........] - ETA: 1s - loss: 0.0637 - acc: 0.9771
3168/4534 [===================>..........] - ETA: 1s - loss: 0.0628 - acc: 0.9776
3232/4534 [====================>.........] - ETA: 1s - loss: 0.0634 - acc: 0.9771
3296/4534 [====================>.........] - ETA: 1s - loss: 0.0643 - acc: 0.9766
3360/4534 [=====================>........] - ETA: 1s - loss: 0.0685 - acc: 0.9765
3424/4534 [=====================>........] - ETA: 1s - loss: 0.0675 - acc: 0.9769
3488/4534 [======================>.......] - ETA: 1s - loss: 0.0671 - acc: 0.9768
3552/4534 [======================>.......] - ETA: 1s - loss: 0.0661 - acc: 0.9772
3616/4534 [======================>.......] - ETA: 1s - loss: 0.0660 - acc: 0.9770
3680/4534 [=======================>......] - ETA: 0s - loss: 0.0667 - acc: 0.9772
3744/4534 [=======================>......] - ETA: 0s - loss: 0.0662 - acc: 0.9776
3808/4534 [========================>.....] - ETA: 0s - loss: 0.0658 - acc: 0.9777
3872/4534 [========================>.....] - ETA: 0s - loss: 0.0698 - acc: 0.9775
3936/4534 [=========================>....] - ETA: 0s - loss: 0.0690 - acc: 0.9779
4000/4534 [=========================>....] - ETA: 0s - loss: 0.0681 - acc: 0.9782
4064/4534 [=========================>....] - ETA: 0s - loss: 0.0676 - acc: 0.9783
4128/4534 [==========================>...] - ETA: 0s - loss: 0.0669 - acc: 0.9784
4192/4534 [==========================>...] - ETA: 0s - loss: 0.0660 - acc: 0.9788
4256/4534 [===========================>..] - ETA: 0s - loss: 0.0655 - acc: 0.9789
4320/4534 [===========================>..] - ETA: 0s - loss: 0.0653 - acc: 0.9789
4384/4534 [============================>.] - ETA: 0s - loss: 0.0646 - acc: 0.9792
4448/4534 [============================>.] - ETA: 0s - loss: 0.0640 - acc: 0.9793
4512/4534 [============================>.] - ETA: 0s - loss: 0.0632 - acc: 0.9796
4534/4534 [==============================] - 6s 1ms/step - loss: 0.0629 - acc: 0.9797 - val_loss: 8.5139 - val_acc: 0.4718
Train on 4534 samples, validate on 1134 samples
Epoch 1/1

  32/4534 [..............................] - ETA: 5s - loss: 0.0363 - acc: 1.0000
  96/4534 [..............................] - ETA: 5s - loss: 0.0160 - acc: 1.0000
 160/4534 [>.............................] - ETA: 5s - loss: 0.0306 - acc: 0.9875
 224/4534 [>.............................] - ETA: 4s - loss: 0.0482 - acc: 0.9732
 288/4534 [>.............................] - ETA: 4s - loss: 0.0388 - acc: 0.9792
 352/4534 [=>............................] - ETA: 4s - loss: 0.0338 - acc: 0.9830
 416/4534 [=>............................] - ETA: 4s - loss: 0.0323 - acc: 0.9832
 480/4534 [==>...........................] - ETA: 4s - loss: 0.0281 - acc: 0.9854
 544/4534 [==>...........................] - ETA: 4s - loss: 0.0325 - acc: 0.9853
 608/4534 [===>..........................] - ETA: 4s - loss: 0.0298 - acc: 0.9868
 672/4534 [===>..........................] - ETA: 4s - loss: 0.0286 - acc: 0.9881
 736/4534 [===>..........................] - ETA: 4s - loss: 0.0282 - acc: 0.9878
 800/4534 [====>.........................] - ETA: 4s - loss: 0.0292 - acc: 0.9875
 864/4534 [====>.........................] - ETA: 4s - loss: 0.0316 - acc: 0.9873
 928/4534 [=====>........................] - ETA: 4s - loss: 0.0319 - acc: 0.9860
 992/4534 [=====>........................] - ETA: 4s - loss: 0.0299 - acc: 0.9869
1056/4534 [=====>........................] - ETA: 4s - loss: 0.0284 - acc: 0.9877
1120/4534 [======>.......................] - ETA: 3s - loss: 0.0275 - acc: 0.9884
1184/4534 [======>.......................] - ETA: 3s - loss: 0.0261 - acc: 0.9890
1248/4534 [=======>......................] - ETA: 3s - loss: 0.0283 - acc: 0.9880
1312/4534 [=======>......................] - ETA: 3s - loss: 0.0300 - acc: 0.9863
1376/4534 [========>.....................] - ETA: 3s - loss: 0.0322 - acc: 0.9847
1440/4534 [========>.....................] - ETA: 3s - loss: 0.0350 - acc: 0.9826
1504/4534 [========>.....................] - ETA: 3s - loss: 0.0339 - acc: 0.9834
1568/4534 [=========>....................] - ETA: 3s - loss: 0.0339 - acc: 0.9828
1632/4534 [=========>....................] - ETA: 3s - loss: 0.0434 - acc: 0.9828
1696/4534 [==========>...................] - ETA: 3s - loss: 0.0450 - acc: 0.9823
1760/4534 [==========>...................] - ETA: 3s - loss: 0.0445 - acc: 0.9830
1824/4534 [===========>..................] - ETA: 3s - loss: 0.0439 - acc: 0.9836
1888/4534 [===========>..................] - ETA: 3s - loss: 0.0430 - acc: 0.9841
1952/4534 [===========>..................] - ETA: 2s - loss: 0.0421 - acc: 0.9846
2016/4534 [============>.................] - ETA: 2s - loss: 0.0415 - acc: 0.9851
2080/4534 [============>.................] - ETA: 2s - loss: 0.0404 - acc: 0.9856
2144/4534 [=============>................] - ETA: 2s - loss: 0.0399 - acc: 0.9855
2208/4534 [=============>................] - ETA: 2s - loss: 0.0390 - acc: 0.9860
2272/4534 [==============>...............] - ETA: 2s - loss: 0.0388 - acc: 0.9859
2336/4534 [==============>...............] - ETA: 2s - loss: 0.0395 - acc: 0.9859
2400/4534 [==============>...............] - ETA: 2s - loss: 0.0388 - acc: 0.9862
2464/4534 [===============>..............] - ETA: 2s - loss: 0.0381 - acc: 0.9866
2528/4534 [===============>..............] - ETA: 2s - loss: 0.0372 - acc: 0.9869
2592/4534 [================>.............] - ETA: 2s - loss: 0.0377 - acc: 0.9869
2656/4534 [================>.............] - ETA: 2s - loss: 0.0374 - acc: 0.9868
2720/4534 [================>.............] - ETA: 2s - loss: 0.0369 - acc: 0.9871
2784/4534 [=================>............] - ETA: 2s - loss: 0.0361 - acc: 0.9874
2848/4534 [=================>............] - ETA: 1s - loss: 0.0354 - acc: 0.9877
2912/4534 [==================>...........] - ETA: 1s - loss: 0.0349 - acc: 0.9880
2976/4534 [==================>...........] - ETA: 1s - loss: 0.0348 - acc: 0.9879
3040/4534 [===================>..........] - ETA: 1s - loss: 0.0344 - acc: 0.9882
3104/4534 [===================>..........] - ETA: 1s - loss: 0.0344 - acc: 0.9878
3168/4534 [===================>..........] - ETA: 1s - loss: 0.0352 - acc: 0.9874
3232/4534 [====================>.........] - ETA: 1s - loss: 0.0345 - acc: 0.9876
3296/4534 [====================>.........] - ETA: 1s - loss: 0.0387 - acc: 0.9876
3360/4534 [=====================>........] - ETA: 1s - loss: 0.0392 - acc: 0.9869
3424/4534 [=====================>........] - ETA: 1s - loss: 0.0387 - acc: 0.9871
3488/4534 [======================>.......] - ETA: 1s - loss: 0.0391 - acc: 0.9868
3552/4534 [======================>.......] - ETA: 1s - loss: 0.0390 - acc: 0.9868
3616/4534 [======================>.......] - ETA: 1s - loss: 0.0422 - acc: 0.9867
3680/4534 [=======================>......] - ETA: 0s - loss: 0.0422 - acc: 0.9864
3744/4534 [=======================>......] - ETA: 0s - loss: 0.0418 - acc: 0.9866
3808/4534 [========================>.....] - ETA: 0s - loss: 0.0420 - acc: 0.9861
3872/4534 [========================>.....] - ETA: 0s - loss: 0.0416 - acc: 0.9861
3936/4534 [=========================>....] - ETA: 0s - loss: 0.0418 - acc: 0.9858
4000/4534 [=========================>....] - ETA: 0s - loss: 0.0422 - acc: 0.9855
4064/4534 [=========================>....] - ETA: 0s - loss: 0.0419 - acc: 0.9857
4128/4534 [==========================>...] - ETA: 0s - loss: 0.0417 - acc: 0.9857
4192/4534 [==========================>...] - ETA: 0s - loss: 0.0415 - acc: 0.9859
4256/4534 [===========================>..] - ETA: 0s - loss: 0.0418 - acc: 0.9857
4320/4534 [===========================>..] - ETA: 0s - loss: 0.0413 - acc: 0.9859
4384/4534 [============================>.] - ETA: 0s - loss: 0.0409 - acc: 0.9861
4448/4534 [============================>.] - ETA: 0s - loss: 0.0436 - acc: 0.9861
4512/4534 [============================>.] - ETA: 0s - loss: 0.0436 - acc: 0.9860
4534/4534 [==============================] - 6s 1ms/step - loss: 0.0436 - acc: 0.9861 - val_loss: 7.5044 - val_acc: 0.5344
Train on 4534 samples, validate on 1134 samples
Epoch 1/1

  32/4534 [..............................] - ETA: 5s - loss: 0.0079 - acc: 1.0000
  96/4534 [..............................] - ETA: 5s - loss: 0.0381 - acc: 0.9896
 160/4534 [>.............................] - ETA: 5s - loss: 0.0443 - acc: 0.9875
 224/4534 [>.............................] - ETA: 4s - loss: 0.0409 - acc: 0.9911
 288/4534 [>.............................] - ETA: 4s - loss: 0.0413 - acc: 0.9896
 352/4534 [=>............................] - ETA: 4s - loss: 0.0388 - acc: 0.9915
 416/4534 [=>............................] - ETA: 4s - loss: 0.0347 - acc: 0.9928
 480/4534 [==>...........................] - ETA: 4s - loss: 0.0351 - acc: 0.9917
 544/4534 [==>...........................] - ETA: 4s - loss: 0.0332 - acc: 0.9908
 608/4534 [===>..........................] - ETA: 4s - loss: 0.0308 - acc: 0.9918
 672/4534 [===>..........................] - ETA: 4s - loss: 0.0465 - acc: 0.9896
 736/4534 [===>..........................] - ETA: 4s - loss: 0.0456 - acc: 0.9891
 800/4534 [====>.........................] - ETA: 4s - loss: 0.0596 - acc: 0.9888
 864/4534 [====>.........................] - ETA: 4s - loss: 0.0582 - acc: 0.9884
 928/4534 [=====>........................] - ETA: 4s - loss: 0.0573 - acc: 0.9871
 992/4534 [=====>........................] - ETA: 4s - loss: 0.0544 - acc: 0.9879
1056/4534 [=====>........................] - ETA: 4s - loss: 0.0558 - acc: 0.9867
1120/4534 [======>.......................] - ETA: 3s - loss: 0.0576 - acc: 0.9857
1184/4534 [======>.......................] - ETA: 3s - loss: 0.0560 - acc: 0.9856
1248/4534 [=======>......................] - ETA: 3s - loss: 0.0556 - acc: 0.9864
1312/4534 [=======>......................] - ETA: 3s - loss: 0.0580 - acc: 0.9863
1376/4534 [========>.....................] - ETA: 3s - loss: 0.0573 - acc: 0.9862
1440/4534 [========>.....................] - ETA: 3s - loss: 0.0562 - acc: 0.9868
1504/4534 [========>.....................] - ETA: 3s - loss: 0.0550 - acc: 0.9874
1568/4534 [=========>....................] - ETA: 3s - loss: 0.0538 - acc: 0.9879
1632/4534 [=========>....................] - ETA: 3s - loss: 0.0527 - acc: 0.9877
1696/4534 [==========>...................] - ETA: 3s - loss: 0.0537 - acc: 0.9876
1760/4534 [==========>...................] - ETA: 3s - loss: 0.0520 - acc: 0.9881
1824/4534 [===========>..................] - ETA: 3s - loss: 0.0510 - acc: 0.9879
1888/4534 [===========>..................] - ETA: 3s - loss: 0.0540 - acc: 0.9873
1952/4534 [===========>..................] - ETA: 2s - loss: 0.0530 - acc: 0.9877
2016/4534 [============>.................] - ETA: 2s - loss: 0.0525 - acc: 0.9881
2080/4534 [============>.................] - ETA: 2s - loss: 0.0516 - acc: 0.9880
2144/4534 [=============>................] - ETA: 2s - loss: 0.0510 - acc: 0.9883
2208/4534 [=============>................] - ETA: 2s - loss: 0.0505 - acc: 0.9878
2272/4534 [==============>...............] - ETA: 2s - loss: 0.0496 - acc: 0.9881
2336/4534 [==============>...............] - ETA: 2s - loss: 0.0492 - acc: 0.9880
2400/4534 [==============>...............] - ETA: 2s - loss: 0.0484 - acc: 0.9883
2464/4534 [===============>..............] - ETA: 2s - loss: 0.0476 - acc: 0.9886
2528/4534 [===============>..............] - ETA: 2s - loss: 0.0468 - acc: 0.9889
2592/4534 [================>.............] - ETA: 2s - loss: 0.0459 - acc: 0.9892
2656/4534 [================>.............] - ETA: 2s - loss: 0.0452 - acc: 0.9895
2720/4534 [================>.............] - ETA: 2s - loss: 0.0448 - acc: 0.9893
2784/4534 [=================>............] - ETA: 2s - loss: 0.0441 - acc: 0.9896
2848/4534 [=================>............] - ETA: 1s - loss: 0.0480 - acc: 0.9888
2912/4534 [==================>...........] - ETA: 1s - loss: 0.0471 - acc: 0.9890
2976/4534 [==================>...........] - ETA: 1s - loss: 0.0467 - acc: 0.9889
3040/4534 [===================>..........] - ETA: 1s - loss: 0.0465 - acc: 0.9888
3104/4534 [===================>..........] - ETA: 1s - loss: 0.0464 - acc: 0.9887
3168/4534 [===================>..........] - ETA: 1s - loss: 0.0457 - acc: 0.9890
3232/4534 [====================>.........] - ETA: 1s - loss: 0.0469 - acc: 0.9889
3296/4534 [====================>.........] - ETA: 1s - loss: 0.0466 - acc: 0.9891
3360/4534 [=====================>........] - ETA: 1s - loss: 0.0463 - acc: 0.9890
3424/4534 [=====================>........] - ETA: 1s - loss: 0.0457 - acc: 0.9892
3488/4534 [======================>.......] - ETA: 1s - loss: 0.0449 - acc: 0.9894
3552/4534 [======================>.......] - ETA: 1s - loss: 0.0446 - acc: 0.9893
3616/4534 [======================>.......] - ETA: 1s - loss: 0.0442 - acc: 0.9895
3680/4534 [=======================>......] - ETA: 0s - loss: 0.0438 - acc: 0.9897
3744/4534 [=======================>......] - ETA: 0s - loss: 0.0447 - acc: 0.9893
3808/4534 [========================>.....] - ETA: 0s - loss: 0.0440 - acc: 0.9895
3872/4534 [========================>.....] - ETA: 0s - loss: 0.0434 - acc: 0.9897
3936/4534 [=========================>....] - ETA: 0s - loss: 0.0430 - acc: 0.9896
4000/4534 [=========================>....] - ETA: 0s - loss: 0.0425 - acc: 0.9898
4064/4534 [=========================>....] - ETA: 0s - loss: 0.0423 - acc: 0.9897
4128/4534 [==========================>...] - ETA: 0s - loss: 0.0417 - acc: 0.9898
4192/4534 [==========================>...] - ETA: 0s - loss: 0.0412 - acc: 0.9900
4256/4534 [===========================>..] - ETA: 0s - loss: 0.0408 - acc: 0.9899
4320/4534 [===========================>..] - ETA: 0s - loss: 0.0402 - acc: 0.9900
4384/4534 [============================>.] - ETA: 0s - loss: 0.0400 - acc: 0.9900
4448/4534 [============================>.] - ETA: 0s - loss: 0.0398 - acc: 0.9899
4512/4534 [============================>.] - ETA: 0s - loss: 0.0412 - acc: 0.9896
4534/4534 [==============================] - 6s 1ms/step - loss: 0.0410 - acc: 0.9896 - val_loss: 7.1558 - val_acc: 0.5511
Train on 4534 samples, validate on 1134 samples
Epoch 1/1

  32/4534 [..............................] - ETA: 5s - loss: 6.4586e-04 - acc: 1.0000
  96/4534 [..............................] - ETA: 5s - loss: 0.0052 - acc: 1.0000    
 160/4534 [>.............................] - ETA: 5s - loss: 0.0054 - acc: 1.0000
 224/4534 [>.............................] - ETA: 4s - loss: 0.0081 - acc: 1.0000
 288/4534 [>.............................] - ETA: 4s - loss: 0.0242 - acc: 0.9931
 352/4534 [=>............................] - ETA: 4s - loss: 0.0261 - acc: 0.9915
 416/4534 [=>............................] - ETA: 4s - loss: 0.0256 - acc: 0.9928
 480/4534 [==>...........................] - ETA: 4s - loss: 0.0224 - acc: 0.9938
 544/4534 [==>...........................] - ETA: 4s - loss: 0.0214 - acc: 0.9945
 608/4534 [===>..........................] - ETA: 4s - loss: 0.0211 - acc: 0.9934
 672/4534 [===>..........................] - ETA: 4s - loss: 0.0217 - acc: 0.9926
 736/4534 [===>..........................] - ETA: 4s - loss: 0.0204 - acc: 0.9932
 800/4534 [====>.........................] - ETA: 4s - loss: 0.0193 - acc: 0.9938
 864/4534 [====>.........................] - ETA: 4s - loss: 0.0188 - acc: 0.9942
 928/4534 [=====>........................] - ETA: 4s - loss: 0.0186 - acc: 0.9946
 992/4534 [=====>........................] - ETA: 4s - loss: 0.0176 - acc: 0.9950
1056/4534 [=====>........................] - ETA: 4s - loss: 0.0189 - acc: 0.9943
1120/4534 [======>.......................] - ETA: 3s - loss: 0.0214 - acc: 0.9929
1184/4534 [======>.......................] - ETA: 3s - loss: 0.0213 - acc: 0.9924
1248/4534 [=======>......................] - ETA: 3s - loss: 0.0206 - acc: 0.9928
1312/4534 [=======>......................] - ETA: 3s - loss: 0.0216 - acc: 0.9916
1376/4534 [========>.....................] - ETA: 3s - loss: 0.0209 - acc: 0.9920
1440/4534 [========>.....................] - ETA: 3s - loss: 0.0201 - acc: 0.9924
1504/4534 [========>.....................] - ETA: 3s - loss: 0.0196 - acc: 0.9927
1568/4534 [=========>....................] - ETA: 3s - loss: 0.0195 - acc: 0.9923
1632/4534 [=========>....................] - ETA: 3s - loss: 0.0189 - acc: 0.9926
1696/4534 [==========>...................] - ETA: 3s - loss: 0.0201 - acc: 0.9923
1760/4534 [==========>...................] - ETA: 3s - loss: 0.0208 - acc: 0.9920
1824/4534 [===========>..................] - ETA: 3s - loss: 0.0203 - acc: 0.9923
1888/4534 [===========>..................] - ETA: 3s - loss: 0.0206 - acc: 0.9921
1952/4534 [===========>..................] - ETA: 2s - loss: 0.0202 - acc: 0.9923
2016/4534 [============>.................] - ETA: 2s - loss: 0.0195 - acc: 0.9926
2080/4534 [============>.................] - ETA: 2s - loss: 0.0192 - acc: 0.9928
2144/4534 [=============>................] - ETA: 2s - loss: 0.0187 - acc: 0.9930
2208/4534 [=============>................] - ETA: 2s - loss: 0.0183 - acc: 0.9932
2272/4534 [==============>...............] - ETA: 2s - loss: 0.0181 - acc: 0.9934
2336/4534 [==============>...............] - ETA: 2s - loss: 0.0177 - acc: 0.9936
2400/4534 [==============>...............] - ETA: 2s - loss: 0.0188 - acc: 0.9933
2464/4534 [===============>..............] - ETA: 2s - loss: 0.0187 - acc: 0.9935
2528/4534 [===============>..............] - ETA: 2s - loss: 0.0187 - acc: 0.9933
2592/4534 [================>.............] - ETA: 2s - loss: 0.0185 - acc: 0.9934
2656/4534 [================>.............] - ETA: 2s - loss: 0.0183 - acc: 0.9936
2720/4534 [================>.............] - ETA: 2s - loss: 0.0178 - acc: 0.9938
2784/4534 [=================>............] - ETA: 2s - loss: 0.0174 - acc: 0.9939
2848/4534 [=================>............] - ETA: 1s - loss: 0.0171 - acc: 0.9940
2912/4534 [==================>...........] - ETA: 1s - loss: 0.0170 - acc: 0.9938
2976/4534 [==================>...........] - ETA: 1s - loss: 0.0170 - acc: 0.9936
3040/4534 [===================>..........] - ETA: 1s - loss: 0.0175 - acc: 0.9934
3104/4534 [===================>..........] - ETA: 1s - loss: 0.0173 - acc: 0.9936
3168/4534 [===================>..........] - ETA: 1s - loss: 0.0169 - acc: 0.9937
3232/4534 [====================>.........] - ETA: 1s - loss: 0.0204 - acc: 0.9932
3296/4534 [====================>.........] - ETA: 1s - loss: 0.0200 - acc: 0.9933
3360/4534 [=====================>........] - ETA: 1s - loss: 0.0200 - acc: 0.9932
3424/4534 [=====================>........] - ETA: 1s - loss: 0.0201 - acc: 0.9930
3488/4534 [======================>.......] - ETA: 1s - loss: 0.0207 - acc: 0.9925
3552/4534 [======================>.......] - ETA: 1s - loss: 0.0211 - acc: 0.9924
3616/4534 [======================>.......] - ETA: 1s - loss: 0.0216 - acc: 0.9923
3680/4534 [=======================>......] - ETA: 0s - loss: 0.0213 - acc: 0.9924
3744/4534 [=======================>......] - ETA: 0s - loss: 0.0218 - acc: 0.9923
3808/4534 [========================>.....] - ETA: 0s - loss: 0.0216 - acc: 0.9924
3872/4534 [========================>.....] - ETA: 0s - loss: 0.0217 - acc: 0.9923
3936/4534 [=========================>....] - ETA: 0s - loss: 0.0215 - acc: 0.9924
4000/4534 [=========================>....] - ETA: 0s - loss: 0.0215 - acc: 0.9922
4064/4534 [=========================>....] - ETA: 0s - loss: 0.0213 - acc: 0.9924
4128/4534 [==========================>...] - ETA: 0s - loss: 0.0210 - acc: 0.9925
4192/4534 [==========================>...] - ETA: 0s - loss: 0.0207 - acc: 0.9926
4256/4534 [===========================>..] - ETA: 0s - loss: 0.0207 - acc: 0.9927
4320/4534 [===========================>..] - ETA: 0s - loss: 0.0208 - acc: 0.9926
4384/4534 [============================>.] - ETA: 0s - loss: 0.0207 - acc: 0.9927
4448/4534 [============================>.] - ETA: 0s - loss: 0.0205 - acc: 0.9928
4512/4534 [============================>.] - ETA: 0s - loss: 0.0202 - acc: 0.9929
4534/4534 [==============================] - 6s 1ms/step - loss: 0.0224 - acc: 0.9925 - val_loss: 7.1558 - val_acc: 0.5511
Train on 4534 samples, validate on 1134 samples
Epoch 1/1

  32/4534 [..............................] - ETA: 5s - loss: 0.0014 - acc: 1.0000
  96/4534 [..............................] - ETA: 5s - loss: 0.0143 - acc: 1.0000
 160/4534 [>.............................] - ETA: 5s - loss: 0.0112 - acc: 1.0000
 224/4534 [>.............................] - ETA: 4s - loss: 0.0106 - acc: 1.0000
 288/4534 [>.............................] - ETA: 4s - loss: 0.0102 - acc: 1.0000
 352/4534 [=>............................] - ETA: 4s - loss: 0.0093 - acc: 1.0000
 416/4534 [=>............................] - ETA: 4s - loss: 0.0115 - acc: 0.9976
 480/4534 [==>...........................] - ETA: 4s - loss: 0.0101 - acc: 0.9979
 544/4534 [==>...........................] - ETA: 4s - loss: 0.0105 - acc: 0.9982
 608/4534 [===>..........................] - ETA: 4s - loss: 0.0107 - acc: 0.9984
 672/4534 [===>..........................] - ETA: 4s - loss: 0.0099 - acc: 0.9985
 736/4534 [===>..........................] - ETA: 4s - loss: 0.0100 - acc: 0.9986
 800/4534 [====>.........................] - ETA: 4s - loss: 0.0096 - acc: 0.9988
 864/4534 [====>.........................] - ETA: 4s - loss: 0.0101 - acc: 0.9977
 928/4534 [=====>........................] - ETA: 4s - loss: 0.0099 - acc: 0.9978
 992/4534 [=====>........................] - ETA: 4s - loss: 0.0097 - acc: 0.9980
1056/4534 [=====>........................] - ETA: 4s - loss: 0.0092 - acc: 0.9981
1120/4534 [======>.......................] - ETA: 3s - loss: 0.0087 - acc: 0.9982
1184/4534 [======>.......................] - ETA: 3s - loss: 0.0109 - acc: 0.9975
1248/4534 [=======>......................] - ETA: 3s - loss: 0.0105 - acc: 0.9976
1312/4534 [=======>......................] - ETA: 3s - loss: 0.0106 - acc: 0.9977
1376/4534 [========>.....................] - ETA: 3s - loss: 0.0107 - acc: 0.9978
1440/4534 [========>.....................] - ETA: 3s - loss: 0.0104 - acc: 0.9979
1504/4534 [========>.....................] - ETA: 3s - loss: 0.0103 - acc: 0.9980
1568/4534 [=========>....................] - ETA: 3s - loss: 0.0099 - acc: 0.9981
1632/4534 [=========>....................] - ETA: 3s - loss: 0.0098 - acc: 0.9982
1696/4534 [==========>...................] - ETA: 3s - loss: 0.0101 - acc: 0.9976
1760/4534 [==========>...................] - ETA: 3s - loss: 0.0100 - acc: 0.9977
1824/4534 [===========>..................] - ETA: 3s - loss: 0.0097 - acc: 0.9978
1888/4534 [===========>..................] - ETA: 3s - loss: 0.0115 - acc: 0.9968
1952/4534 [===========>..................] - ETA: 2s - loss: 0.0113 - acc: 0.9969
2016/4534 [============>.................] - ETA: 2s - loss: 0.0118 - acc: 0.9965
2080/4534 [============>.................] - ETA: 2s - loss: 0.0115 - acc: 0.9966
2144/4534 [=============>................] - ETA: 2s - loss: 0.0114 - acc: 0.9967
2208/4534 [=============>................] - ETA: 2s - loss: 0.0111 - acc: 0.9968
2272/4534 [==============>...............] - ETA: 2s - loss: 0.0109 - acc: 0.9969
2336/4534 [==============>...............] - ETA: 2s - loss: 0.0106 - acc: 0.9970
2400/4534 [==============>...............] - ETA: 2s - loss: 0.0103 - acc: 0.9971
2464/4534 [===============>..............] - ETA: 2s - loss: 0.0101 - acc: 0.9972
2528/4534 [===============>..............] - ETA: 2s - loss: 0.0098 - acc: 0.9972
2592/4534 [================>.............] - ETA: 2s - loss: 0.0097 - acc: 0.9973
2656/4534 [================>.............] - ETA: 2s - loss: 0.0101 - acc: 0.9970
2720/4534 [================>.............] - ETA: 2s - loss: 0.0101 - acc: 0.9971
2784/4534 [=================>............] - ETA: 2s - loss: 0.0104 - acc: 0.9968
2848/4534 [=================>............] - ETA: 1s - loss: 0.0102 - acc: 0.9968
2912/4534 [==================>...........] - ETA: 1s - loss: 0.0100 - acc: 0.9969
2976/4534 [==================>...........] - ETA: 1s - loss: 0.0098 - acc: 0.9970
3040/4534 [===================>..........] - ETA: 1s - loss: 0.0096 - acc: 0.9970
3104/4534 [===================>..........] - ETA: 1s - loss: 0.0099 - acc: 0.9971
3168/4534 [===================>..........] - ETA: 1s - loss: 0.0099 - acc: 0.9972
3232/4534 [====================>.........] - ETA: 1s - loss: 0.0097 - acc: 0.9972
3296/4534 [====================>.........] - ETA: 1s - loss: 0.0096 - acc: 0.9973
3360/4534 [=====================>........] - ETA: 1s - loss: 0.0095 - acc: 0.9973
3424/4534 [=====================>........] - ETA: 1s - loss: 0.0093 - acc: 0.9974
3488/4534 [======================>.......] - ETA: 1s - loss: 0.0101 - acc: 0.9971
3552/4534 [======================>.......] - ETA: 1s - loss: 0.0108 - acc: 0.9969
3616/4534 [======================>.......] - ETA: 1s - loss: 0.0107 - acc: 0.9970
3680/4534 [=======================>......] - ETA: 0s - loss: 0.0105 - acc: 0.9970
3744/4534 [=======================>......] - ETA: 0s - loss: 0.0106 - acc: 0.9968
3808/4534 [========================>.....] - ETA: 0s - loss: 0.0108 - acc: 0.9966
3872/4534 [========================>.....] - ETA: 0s - loss: 0.0111 - acc: 0.9964
3936/4534 [=========================>....] - ETA: 0s - loss: 0.0112 - acc: 0.9964
4000/4534 [=========================>....] - ETA: 0s - loss: 0.0111 - acc: 0.9965
4064/4534 [=========================>....] - ETA: 0s - loss: 0.0110 - acc: 0.9966
4128/4534 [==========================>...] - ETA: 0s - loss: 0.0109 - acc: 0.9966
4192/4534 [==========================>...] - ETA: 0s - loss: 0.0107 - acc: 0.9967
4256/4534 [===========================>..] - ETA: 0s - loss: 0.0108 - acc: 0.9965
4320/4534 [===========================>..] - ETA: 0s - loss: 0.0106 - acc: 0.9965
4384/4534 [============================>.] - ETA: 0s - loss: 0.0105 - acc: 0.9966
4448/4534 [============================>.] - ETA: 0s - loss: 0.0105 - acc: 0.9966
4512/4534 [============================>.] - ETA: 0s - loss: 0.0118 - acc: 0.9962
4534/4534 [==============================] - 6s 1ms/step - loss: 0.0118 - acc: 0.9963 - val_loss: 8.5281 - val_acc: 0.4709
Train on 4534 samples, validate on 1134 samples
Epoch 1/1

  32/4534 [..............................] - ETA: 5s - loss: 0.0014 - acc: 1.0000
  96/4534 [..............................] - ETA: 5s - loss: 0.0016 - acc: 1.0000
 160/4534 [>.............................] - ETA: 5s - loss: 0.0019 - acc: 1.0000
 224/4534 [>.............................] - ETA: 4s - loss: 0.0022 - acc: 1.0000
 288/4534 [>.............................] - ETA: 4s - loss: 0.0023 - acc: 1.0000
 352/4534 [=>............................] - ETA: 4s - loss: 0.0020 - acc: 1.0000
 416/4534 [=>............................] - ETA: 4s - loss: 0.0019 - acc: 1.0000
 480/4534 [==>...........................] - ETA: 4s - loss: 0.0018 - acc: 1.0000
 544/4534 [==>...........................] - ETA: 4s - loss: 0.0020 - acc: 1.0000
 608/4534 [===>..........................] - ETA: 4s - loss: 0.0018 - acc: 1.0000
 672/4534 [===>..........................] - ETA: 4s - loss: 0.0066 - acc: 0.9985
 736/4534 [===>..........................] - ETA: 4s - loss: 0.0061 - acc: 0.9986
 800/4534 [====>.........................] - ETA: 4s - loss: 0.0065 - acc: 0.9988
 864/4534 [====>.........................] - ETA: 4s - loss: 0.0063 - acc: 0.9988
 928/4534 [=====>........................] - ETA: 4s - loss: 0.0067 - acc: 0.9978
 992/4534 [=====>........................] - ETA: 4s - loss: 0.0074 - acc: 0.9970
1056/4534 [=====>........................] - ETA: 4s - loss: 0.0071 - acc: 0.9972
1120/4534 [======>.......................] - ETA: 3s - loss: 0.0067 - acc: 0.9973
1184/4534 [======>.......................] - ETA: 3s - loss: 0.0066 - acc: 0.9975
1248/4534 [=======>......................] - ETA: 3s - loss: 0.0065 - acc: 0.9976
1312/4534 [=======>......................] - ETA: 3s - loss: 0.0063 - acc: 0.9977
1376/4534 [========>.....................] - ETA: 3s - loss: 0.0062 - acc: 0.9978
1440/4534 [========>.....................] - ETA: 3s - loss: 0.0060 - acc: 0.9979
1504/4534 [========>.....................] - ETA: 3s - loss: 0.0058 - acc: 0.9980
1568/4534 [=========>....................] - ETA: 3s - loss: 0.0056 - acc: 0.9981
1632/4534 [=========>....................] - ETA: 3s - loss: 0.0055 - acc: 0.9982
1696/4534 [==========>...................] - ETA: 3s - loss: 0.0067 - acc: 0.9976
1760/4534 [==========>...................] - ETA: 3s - loss: 0.0065 - acc: 0.9977
1824/4534 [===========>..................] - ETA: 3s - loss: 0.0069 - acc: 0.9973
1888/4534 [===========>..................] - ETA: 3s - loss: 0.0067 - acc: 0.9974
1952/4534 [===========>..................] - ETA: 2s - loss: 0.0148 - acc: 0.9969
2016/4534 [============>.................] - ETA: 2s - loss: 0.0144 - acc: 0.9970
2080/4534 [============>.................] - ETA: 2s - loss: 0.0140 - acc: 0.9971
2144/4534 [=============>................] - ETA: 2s - loss: 0.0138 - acc: 0.9972
2208/4534 [=============>................] - ETA: 2s - loss: 0.0136 - acc: 0.9973
2272/4534 [==============>...............] - ETA: 2s - loss: 0.0202 - acc: 0.9965
2336/4534 [==============>...............] - ETA: 2s - loss: 0.0208 - acc: 0.9957
2400/4534 [==============>...............] - ETA: 2s - loss: 0.0203 - acc: 0.9958
2464/4534 [===============>..............] - ETA: 2s - loss: 0.0200 - acc: 0.9959
2528/4534 [===============>..............] - ETA: 2s - loss: 0.0198 - acc: 0.9960
2592/4534 [================>.............] - ETA: 2s - loss: 0.0196 - acc: 0.9961
2656/4534 [================>.............] - ETA: 2s - loss: 0.0193 - acc: 0.9962
2720/4534 [================>.............] - ETA: 2s - loss: 0.0190 - acc: 0.9963
2784/4534 [=================>............] - ETA: 2s - loss: 0.0190 - acc: 0.9964
2848/4534 [=================>............] - ETA: 1s - loss: 0.0191 - acc: 0.9961
2912/4534 [==================>...........] - ETA: 1s - loss: 0.0192 - acc: 0.9962
2976/4534 [==================>...........] - ETA: 1s - loss: 0.0189 - acc: 0.9963
3040/4534 [===================>..........] - ETA: 1s - loss: 0.0190 - acc: 0.9961
3104/4534 [===================>..........] - ETA: 1s - loss: 0.0187 - acc: 0.9961
3168/4534 [===================>..........] - ETA: 1s - loss: 0.0184 - acc: 0.9962
3232/4534 [====================>.........] - ETA: 1s - loss: 0.0181 - acc: 0.9963
3296/4534 [====================>.........] - ETA: 1s - loss: 0.0181 - acc: 0.9964
3360/4534 [=====================>........] - ETA: 1s - loss: 0.0179 - acc: 0.9964
3424/4534 [=====================>........] - ETA: 1s - loss: 0.0175 - acc: 0.9965
3488/4534 [======================>.......] - ETA: 1s - loss: 0.0173 - acc: 0.9966
3552/4534 [======================>.......] - ETA: 1s - loss: 0.0179 - acc: 0.9963
3616/4534 [======================>.......] - ETA: 1s - loss: 0.0176 - acc: 0.9964
3680/4534 [=======================>......] - ETA: 0s - loss: 0.0173 - acc: 0.9965
3744/4534 [=======================>......] - ETA: 0s - loss: 0.0172 - acc: 0.9965
3808/4534 [========================>.....] - ETA: 0s - loss: 0.0169 - acc: 0.9966
3872/4534 [========================>.....] - ETA: 0s - loss: 0.0172 - acc: 0.9964
3936/4534 [=========================>....] - ETA: 0s - loss: 0.0179 - acc: 0.9959
4000/4534 [=========================>....] - ETA: 0s - loss: 0.0179 - acc: 0.9958
4064/4534 [=========================>....] - ETA: 0s - loss: 0.0178 - acc: 0.9958
4128/4534 [==========================>...] - ETA: 0s - loss: 0.0176 - acc: 0.9959
4192/4534 [==========================>...] - ETA: 0s - loss: 0.0173 - acc: 0.9959
4256/4534 [===========================>..] - ETA: 0s - loss: 0.0183 - acc: 0.9955
4320/4534 [===========================>..] - ETA: 0s - loss: 0.0196 - acc: 0.9954
4384/4534 [============================>.] - ETA: 0s - loss: 0.0195 - acc: 0.9954
4448/4534 [============================>.] - ETA: 0s - loss: 0.0192 - acc: 0.9955
4512/4534 [============================>.] - ETA: 0s - loss: 0.0190 - acc: 0.9956
4534/4534 [==============================] - 6s 1ms/step - loss: 0.0189 - acc: 0.9956 - val_loss: 5.8344 - val_acc: 0.6340
Train on 4534 samples, validate on 1134 samples
Epoch 1/1

  32/4534 [..............................] - ETA: 5s - loss: 0.0295 - acc: 1.0000
  96/4534 [..............................] - ETA: 5s - loss: 0.0126 - acc: 1.0000
 160/4534 [>.............................] - ETA: 5s - loss: 0.0113 - acc: 1.0000
 224/4534 [>.............................] - ETA: 4s - loss: 0.0180 - acc: 0.9955
 288/4534 [>.............................] - ETA: 4s - loss: 0.0146 - acc: 0.9965
 352/4534 [=>............................] - ETA: 4s - loss: 0.0180 - acc: 0.9943
 416/4534 [=>............................] - ETA: 4s - loss: 0.0153 - acc: 0.9952
 480/4534 [==>...........................] - ETA: 4s - loss: 0.0134 - acc: 0.9958
 544/4534 [==>...........................] - ETA: 4s - loss: 0.0128 - acc: 0.9963
 608/4534 [===>..........................] - ETA: 4s - loss: 0.0115 - acc: 0.9967
 672/4534 [===>..........................] - ETA: 4s - loss: 0.0110 - acc: 0.9970
 736/4534 [===>..........................] - ETA: 4s - loss: 0.0103 - acc: 0.9973
 800/4534 [====>.........................] - ETA: 4s - loss: 0.0099 - acc: 0.9975
 864/4534 [====>.........................] - ETA: 4s - loss: 0.0094 - acc: 0.9977
 928/4534 [=====>........................] - ETA: 4s - loss: 0.0088 - acc: 0.9978
 992/4534 [=====>........................] - ETA: 4s - loss: 0.0086 - acc: 0.9980
1056/4534 [=====>........................] - ETA: 3s - loss: 0.0087 - acc: 0.9981
1120/4534 [======>.......................] - ETA: 3s - loss: 0.0083 - acc: 0.9982
1184/4534 [======>.......................] - ETA: 3s - loss: 0.0086 - acc: 0.9983
1248/4534 [=======>......................] - ETA: 3s - loss: 0.0082 - acc: 0.9984
1312/4534 [=======>......................] - ETA: 3s - loss: 0.0078 - acc: 0.9985
1376/4534 [========>.....................] - ETA: 3s - loss: 0.0074 - acc: 0.9985
1440/4534 [========>.....................] - ETA: 3s - loss: 0.0081 - acc: 0.9979
1504/4534 [========>.....................] - ETA: 3s - loss: 0.0078 - acc: 0.9980
1568/4534 [=========>....................] - ETA: 3s - loss: 0.0076 - acc: 0.9981
1632/4534 [=========>....................] - ETA: 3s - loss: 0.0073 - acc: 0.9982
1696/4534 [==========>...................] - ETA: 3s - loss: 0.0071 - acc: 0.9982
1760/4534 [==========>...................] - ETA: 3s - loss: 0.0070 - acc: 0.9983
1824/4534 [===========>..................] - ETA: 3s - loss: 0.0070 - acc: 0.9984
1888/4534 [===========>..................] - ETA: 3s - loss: 0.0069 - acc: 0.9984
1952/4534 [===========>..................] - ETA: 2s - loss: 0.0076 - acc: 0.9980
2016/4534 [============>.................] - ETA: 2s - loss: 0.0075 - acc: 0.9980
2080/4534 [============>.................] - ETA: 2s - loss: 0.0073 - acc: 0.9981
2144/4534 [=============>................] - ETA: 2s - loss: 0.0072 - acc: 0.9981
2208/4534 [=============>................] - ETA: 2s - loss: 0.0073 - acc: 0.9982
2272/4534 [==============>...............] - ETA: 2s - loss: 0.0071 - acc: 0.9982
2336/4534 [==============>...............] - ETA: 2s - loss: 0.0070 - acc: 0.9983
2400/4534 [==============>...............] - ETA: 2s - loss: 0.0069 - acc: 0.9983
2464/4534 [===============>..............] - ETA: 2s - loss: 0.0072 - acc: 0.9980
2528/4534 [===============>..............] - ETA: 2s - loss: 0.0071 - acc: 0.9980
2592/4534 [================>.............] - ETA: 2s - loss: 0.0069 - acc: 0.9981
2656/4534 [================>.............] - ETA: 2s - loss: 0.0070 - acc: 0.9981
2720/4534 [================>.............] - ETA: 2s - loss: 0.0068 - acc: 0.9982
2784/4534 [=================>............] - ETA: 2s - loss: 0.0067 - acc: 0.9982
2848/4534 [=================>............] - ETA: 1s - loss: 0.0122 - acc: 0.9979
2912/4534 [==================>...........] - ETA: 1s - loss: 0.0120 - acc: 0.9979
2976/4534 [==================>...........] - ETA: 1s - loss: 0.0118 - acc: 0.9980
3040/4534 [===================>..........] - ETA: 1s - loss: 0.0115 - acc: 0.9980
3104/4534 [===================>..........] - ETA: 1s - loss: 0.0113 - acc: 0.9981
3168/4534 [===================>..........] - ETA: 1s - loss: 0.0112 - acc: 0.9981
3232/4534 [====================>.........] - ETA: 1s - loss: 0.0109 - acc: 0.9981
3296/4534 [====================>.........] - ETA: 1s - loss: 0.0107 - acc: 0.9982
3360/4534 [=====================>........] - ETA: 1s - loss: 0.0106 - acc: 0.9982
3424/4534 [=====================>........] - ETA: 1s - loss: 0.0104 - acc: 0.9982
3488/4534 [======================>.......] - ETA: 1s - loss: 0.0104 - acc: 0.9983
3552/4534 [======================>.......] - ETA: 1s - loss: 0.0103 - acc: 0.9983
3616/4534 [======================>.......] - ETA: 1s - loss: 0.0101 - acc: 0.9983
3680/4534 [=======================>......] - ETA: 0s - loss: 0.0100 - acc: 0.9984
3744/4534 [=======================>......] - ETA: 0s - loss: 0.0106 - acc: 0.9981
3808/4534 [========================>.....] - ETA: 0s - loss: 0.0106 - acc: 0.9982
3872/4534 [========================>.....] - ETA: 0s - loss: 0.0104 - acc: 0.9982
3936/4534 [=========================>....] - ETA: 0s - loss: 0.0103 - acc: 0.9982
4000/4534 [=========================>....] - ETA: 0s - loss: 0.0106 - acc: 0.9980
4064/4534 [=========================>....] - ETA: 0s - loss: 0.0105 - acc: 0.9980
4128/4534 [==========================>...] - ETA: 0s - loss: 0.0105 - acc: 0.9978
4192/4534 [==========================>...] - ETA: 0s - loss: 0.0104 - acc: 0.9979
4256/4534 [===========================>..] - ETA: 0s - loss: 0.0105 - acc: 0.9977
4320/4534 [===========================>..] - ETA: 0s - loss: 0.0103 - acc: 0.9977
4384/4534 [============================>.] - ETA: 0s - loss: 0.0105 - acc: 0.9975
4448/4534 [============================>.] - ETA: 0s - loss: 0.0103 - acc: 0.9975
4512/4534 [============================>.] - ETA: 0s - loss: 0.0105 - acc: 0.9973
4534/4534 [==============================] - 6s 1ms/step - loss: 0.0106 - acc: 0.9971 - val_loss: 8.3291 - val_acc: 0.4832
Train on 4534 samples, validate on 1134 samples
Epoch 1/1

  32/4534 [..............................] - ETA: 5s - loss: 9.5556e-05 - acc: 1.0000
  96/4534 [..............................] - ETA: 5s - loss: 0.0074 - acc: 1.0000    
 160/4534 [>.............................] - ETA: 5s - loss: 0.0056 - acc: 1.0000
 224/4534 [>.............................] - ETA: 5s - loss: 0.0040 - acc: 1.0000
 288/4534 [>.............................] - ETA: 4s - loss: 0.0033 - acc: 1.0000
 352/4534 [=>............................] - ETA: 4s - loss: 0.0074 - acc: 0.9972
 416/4534 [=>............................] - ETA: 4s - loss: 0.0064 - acc: 0.9976
 480/4534 [==>...........................] - ETA: 4s - loss: 0.0059 - acc: 0.9979
 544/4534 [==>...........................] - ETA: 4s - loss: 0.0056 - acc: 0.9982
 608/4534 [===>..........................] - ETA: 4s - loss: 0.0050 - acc: 0.9984
 672/4534 [===>..........................] - ETA: 4s - loss: 0.0049 - acc: 0.9985
 736/4534 [===>..........................] - ETA: 4s - loss: 0.0045 - acc: 0.9986
 800/4534 [====>.........................] - ETA: 4s - loss: 0.0079 - acc: 0.9975
 864/4534 [====>.........................] - ETA: 4s - loss: 0.0073 - acc: 0.9977
 928/4534 [=====>........................] - ETA: 4s - loss: 0.0070 - acc: 0.9978
 992/4534 [=====>........................] - ETA: 4s - loss: 0.0066 - acc: 0.9980
1056/4534 [=====>........................] - ETA: 4s - loss: 0.0062 - acc: 0.9981
1120/4534 [======>.......................] - ETA: 3s - loss: 0.0059 - acc: 0.9982
1184/4534 [======>.......................] - ETA: 3s - loss: 0.0056 - acc: 0.9983
1248/4534 [=======>......................] - ETA: 3s - loss: 0.0055 - acc: 0.9984
1312/4534 [=======>......................] - ETA: 3s - loss: 0.0054 - acc: 0.9985
1376/4534 [========>.....................] - ETA: 3s - loss: 0.0058 - acc: 0.9978
1440/4534 [========>.....................] - ETA: 3s - loss: 0.0055 - acc: 0.9979
1504/4534 [========>.....................] - ETA: 3s - loss: 0.0053 - acc: 0.9980
1568/4534 [=========>....................] - ETA: 3s - loss: 0.0051 - acc: 0.9981
1632/4534 [=========>....................] - ETA: 3s - loss: 0.0049 - acc: 0.9982
1696/4534 [==========>...................] - ETA: 3s - loss: 0.0048 - acc: 0.9982
1760/4534 [==========>...................] - ETA: 3s - loss: 0.0052 - acc: 0.9977
1824/4534 [===========>..................] - ETA: 3s - loss: 0.0052 - acc: 0.9978
1888/4534 [===========>..................] - ETA: 3s - loss: 0.0050 - acc: 0.9979
1952/4534 [===========>..................] - ETA: 2s - loss: 0.0049 - acc: 0.9980
2016/4534 [============>.................] - ETA: 2s - loss: 0.0048 - acc: 0.9980
2080/4534 [============>.................] - ETA: 2s - loss: 0.0051 - acc: 0.9976
2144/4534 [=============>................] - ETA: 2s - loss: 0.0049 - acc: 0.9977
2208/4534 [=============>................] - ETA: 2s - loss: 0.0048 - acc: 0.9977
2272/4534 [==============>...............] - ETA: 2s - loss: 0.0047 - acc: 0.9978
2336/4534 [==============>...............] - ETA: 2s - loss: 0.0075 - acc: 0.9974
2400/4534 [==============>...............] - ETA: 2s - loss: 0.0083 - acc: 0.9971
2464/4534 [===============>..............] - ETA: 2s - loss: 0.0088 - acc: 0.9968
2528/4534 [===============>..............] - ETA: 2s - loss: 0.0087 - acc: 0.9968
2592/4534 [================>.............] - ETA: 2s - loss: 0.0085 - acc: 0.9969
2656/4534 [================>.............] - ETA: 2s - loss: 0.0083 - acc: 0.9970
2720/4534 [================>.............] - ETA: 2s - loss: 0.0083 - acc: 0.9971
2784/4534 [=================>............] - ETA: 2s - loss: 0.0082 - acc: 0.9971
2848/4534 [=================>............] - ETA: 1s - loss: 0.0080 - acc: 0.9972
2912/4534 [==================>...........] - ETA: 1s - loss: 0.0117 - acc: 0.9969
2976/4534 [==================>...........] - ETA: 1s - loss: 0.0116 - acc: 0.9970
3040/4534 [===================>..........] - ETA: 1s - loss: 0.0114 - acc: 0.9970
3104/4534 [===================>..........] - ETA: 1s - loss: 0.0113 - acc: 0.9971
3168/4534 [===================>..........] - ETA: 1s - loss: 0.0111 - acc: 0.9972
3232/4534 [====================>.........] - ETA: 1s - loss: 0.0112 - acc: 0.9972
3296/4534 [====================>.........] - ETA: 1s - loss: 0.0110 - acc: 0.9973
3360/4534 [=====================>........] - ETA: 1s - loss: 0.0108 - acc: 0.9973
3424/4534 [=====================>........] - ETA: 1s - loss: 0.0109 - acc: 0.9974
3488/4534 [======================>.......] - ETA: 1s - loss: 0.0109 - acc: 0.9974
3552/4534 [======================>.......] - ETA: 1s - loss: 0.0107 - acc: 0.9975
3616/4534 [======================>.......] - ETA: 1s - loss: 0.0106 - acc: 0.9975
3680/4534 [=======================>......] - ETA: 0s - loss: 0.0105 - acc: 0.9976
3744/4534 [=======================>......] - ETA: 0s - loss: 0.0104 - acc: 0.9976
3808/4534 [========================>.....] - ETA: 0s - loss: 0.0103 - acc: 0.9976
3872/4534 [========================>.....] - ETA: 0s - loss: 0.0102 - acc: 0.9977
3936/4534 [=========================>....] - ETA: 0s - loss: 0.0102 - acc: 0.9977
4000/4534 [=========================>....] - ETA: 0s - loss: 0.0101 - acc: 0.9978
4064/4534 [=========================>....] - ETA: 0s - loss: 0.0100 - acc: 0.9978
4128/4534 [==========================>...] - ETA: 0s - loss: 0.0099 - acc: 0.9978
4192/4534 [==========================>...] - ETA: 0s - loss: 0.0098 - acc: 0.9979
4256/4534 [===========================>..] - ETA: 0s - loss: 0.0101 - acc: 0.9977
4320/4534 [===========================>..] - ETA: 0s - loss: 0.0100 - acc: 0.9977
4384/4534 [============================>.] - ETA: 0s - loss: 0.0098 - acc: 0.9977
4448/4534 [============================>.] - ETA: 0s - loss: 0.0099 - acc: 0.9975
4512/4534 [============================>.] - ETA: 0s - loss: 0.0100 - acc: 0.9973
4534/4534 [==============================] - 6s 1ms/step - loss: 0.0100 - acc: 0.9974 - val_loss: 8.3291 - val_acc: 0.4832
Train on 4534 samples, validate on 1134 samples
Epoch 1/1

  32/4534 [..............................] - ETA: 5s - loss: 8.8267e-05 - acc: 1.0000
  96/4534 [..............................] - ETA: 5s - loss: 3.5423e-04 - acc: 1.0000
 160/4534 [>.............................] - ETA: 5s - loss: 0.0256 - acc: 0.9938    
 224/4534 [>.............................] - ETA: 5s - loss: 0.0184 - acc: 0.9955
 288/4534 [>.............................] - ETA: 4s - loss: 0.0315 - acc: 0.9931
 352/4534 [=>............................] - ETA: 4s - loss: 0.0274 - acc: 0.9943
 416/4534 [=>............................] - ETA: 4s - loss: 0.0235 - acc: 0.9952
 480/4534 [==>...........................] - ETA: 4s - loss: 0.0206 - acc: 0.9958
 544/4534 [==>...........................] - ETA: 4s - loss: 0.0200 - acc: 0.9945
 608/4534 [===>..........................] - ETA: 4s - loss: 0.0181 - acc: 0.9951
 672/4534 [===>..........................] - ETA: 4s - loss: 0.0165 - acc: 0.9955
 736/4534 [===>..........................] - ETA: 4s - loss: 0.0152 - acc: 0.9959
 800/4534 [====>.........................] - ETA: 4s - loss: 0.0146 - acc: 0.9962
 864/4534 [====>.........................] - ETA: 4s - loss: 0.0138 - acc: 0.9965
 928/4534 [=====>........................] - ETA: 4s - loss: 0.0130 - acc: 0.9968
 992/4534 [=====>........................] - ETA: 4s - loss: 0.0125 - acc: 0.9970
1056/4534 [=====>........................] - ETA: 4s - loss: 0.0119 - acc: 0.9972
1120/4534 [======>.......................] - ETA: 3s - loss: 0.0121 - acc: 0.9964
1184/4534 [======>.......................] - ETA: 3s - loss: 0.0118 - acc: 0.9966
1248/4534 [=======>......................] - ETA: 3s - loss: 0.0119 - acc: 0.9960
1312/4534 [=======>......................] - ETA: 3s - loss: 0.0115 - acc: 0.9962
1376/4534 [========>.....................] - ETA: 3s - loss: 0.0116 - acc: 0.9964
1440/4534 [========>.....................] - ETA: 3s - loss: 0.0112 - acc: 0.9965
1504/4534 [========>.....................] - ETA: 3s - loss: 0.0108 - acc: 0.9967
1568/4534 [=========>....................] - ETA: 3s - loss: 0.0108 - acc: 0.9962
1632/4534 [=========>....................] - ETA: 3s - loss: 0.0125 - acc: 0.9957
1696/4534 [==========>...................] - ETA: 3s - loss: 0.0128 - acc: 0.9953
1760/4534 [==========>...................] - ETA: 3s - loss: 0.0123 - acc: 0.9955
1824/4534 [===========>..................] - ETA: 3s - loss: 0.0119 - acc: 0.9956
1888/4534 [===========>..................] - ETA: 3s - loss: 0.0116 - acc: 0.9958
1952/4534 [===========>..................] - ETA: 2s - loss: 0.0112 - acc: 0.9959
2016/4534 [============>.................] - ETA: 2s - loss: 0.0109 - acc: 0.9960
2080/4534 [============>.................] - ETA: 2s - loss: 0.0106 - acc: 0.9962
2144/4534 [=============>................] - ETA: 2s - loss: 0.0108 - acc: 0.9958
2208/4534 [=============>................] - ETA: 2s - loss: 0.0105 - acc: 0.9959
2272/4534 [==============>...............] - ETA: 2s - loss: 0.0103 - acc: 0.9960
2336/4534 [==============>...............] - ETA: 2s - loss: 0.0100 - acc: 0.9961
2400/4534 [==============>...............] - ETA: 2s - loss: 0.0098 - acc: 0.9962
2464/4534 [===============>..............] - ETA: 2s - loss: 0.0096 - acc: 0.9963
2528/4534 [===============>..............] - ETA: 2s - loss: 0.0094 - acc: 0.9964
2592/4534 [================>.............] - ETA: 2s - loss: 0.0092 - acc: 0.9965
2656/4534 [================>.............] - ETA: 2s - loss: 0.0090 - acc: 0.9966
2720/4534 [================>.............] - ETA: 2s - loss: 0.0089 - acc: 0.9967
2784/4534 [=================>............] - ETA: 2s - loss: 0.0087 - acc: 0.9968
2848/4534 [=================>............] - ETA: 1s - loss: 0.0086 - acc: 0.9968
2912/4534 [==================>...........] - ETA: 1s - loss: 0.0085 - acc: 0.9969
2976/4534 [==================>...........] - ETA: 1s - loss: 0.0083 - acc: 0.9970
3040/4534 [===================>..........] - ETA: 1s - loss: 0.0083 - acc: 0.9970
3104/4534 [===================>..........] - ETA: 1s - loss: 0.0082 - acc: 0.9971
3168/4534 [===================>..........] - ETA: 1s - loss: 0.0080 - acc: 0.9972
3232/4534 [====================>.........] - ETA: 1s - loss: 0.0079 - acc: 0.9972
3296/4534 [====================>.........] - ETA: 1s - loss: 0.0078 - acc: 0.9973
3360/4534 [=====================>........] - ETA: 1s - loss: 0.0077 - acc: 0.9973
3424/4534 [=====================>........] - ETA: 1s - loss: 0.0076 - acc: 0.9974
3488/4534 [======================>.......] - ETA: 1s - loss: 0.0075 - acc: 0.9974
3552/4534 [======================>.......] - ETA: 1s - loss: 0.0074 - acc: 0.9975
3616/4534 [======================>.......] - ETA: 1s - loss: 0.0073 - acc: 0.9975
3680/4534 [=======================>......] - ETA: 0s - loss: 0.0078 - acc: 0.9973
3744/4534 [=======================>......] - ETA: 0s - loss: 0.0077 - acc: 0.9973
3808/4534 [========================>.....] - ETA: 0s - loss: 0.0076 - acc: 0.9974
3872/4534 [========================>.....] - ETA: 0s - loss: 0.0075 - acc: 0.9974
3936/4534 [=========================>....] - ETA: 0s - loss: 0.0096 - acc: 0.9972
4000/4534 [=========================>....] - ETA: 0s - loss: 0.0095 - acc: 0.9972
4064/4534 [=========================>....] - ETA: 0s - loss: 0.0094 - acc: 0.9973
4128/4534 [==========================>...] - ETA: 0s - loss: 0.0092 - acc: 0.9973
4192/4534 [==========================>...] - ETA: 0s - loss: 0.0091 - acc: 0.9974
4256/4534 [===========================>..] - ETA: 0s - loss: 0.0091 - acc: 0.9974
4320/4534 [===========================>..] - ETA: 0s - loss: 0.0091 - acc: 0.9975
4384/4534 [============================>.] - ETA: 0s - loss: 0.0090 - acc: 0.9975
4448/4534 [============================>.] - ETA: 0s - loss: 0.0090 - acc: 0.9975
4512/4534 [============================>.] - ETA: 0s - loss: 0.0093 - acc: 0.9973
4534/4534 [==============================] - 6s 1ms/step - loss: 0.0093 - acc: 0.9974 - val_loss: 8.3149 - val_acc: 0.4841
Train on 4534 samples, validate on 1134 samples
Epoch 1/1

  32/4534 [..............................] - ETA: 5s - loss: 0.0237 - acc: 0.9688
  96/4534 [..............................] - ETA: 5s - loss: 0.0091 - acc: 0.9896
 160/4534 [>.............................] - ETA: 5s - loss: 0.0055 - acc: 0.9938
 224/4534 [>.............................] - ETA: 4s - loss: 0.0040 - acc: 0.9955
 288/4534 [>.............................] - ETA: 4s - loss: 0.0032 - acc: 0.9965
 352/4534 [=>............................] - ETA: 4s - loss: 0.0028 - acc: 0.9972
 416/4534 [=>............................] - ETA: 4s - loss: 0.0032 - acc: 0.9976
 480/4534 [==>...........................] - ETA: 4s - loss: 0.0033 - acc: 0.9979
 544/4534 [==>...........................] - ETA: 4s - loss: 0.0034 - acc: 0.9982
 608/4534 [===>..........................] - ETA: 4s - loss: 0.0031 - acc: 0.9984
 672/4534 [===>..........................] - ETA: 4s - loss: 0.0029 - acc: 0.9985
 736/4534 [===>..........................] - ETA: 4s - loss: 0.0027 - acc: 0.9986
 800/4534 [====>.........................] - ETA: 4s - loss: 0.0164 - acc: 0.9975
 864/4534 [====>.........................] - ETA: 4s - loss: 0.0152 - acc: 0.9977
 928/4534 [=====>........................] - ETA: 4s - loss: 0.0148 - acc: 0.9978
 992/4534 [=====>........................] - ETA: 4s - loss: 0.0147 - acc: 0.9980
1056/4534 [=====>........................] - ETA: 4s - loss: 0.0163 - acc: 0.9981
1120/4534 [======>.......................] - ETA: 3s - loss: 0.0165 - acc: 0.9982
1184/4534 [======>.......................] - ETA: 3s - loss: 0.0172 - acc: 0.9983
1248/4534 [=======>......................] - ETA: 3s - loss: 0.0180 - acc: 0.9984
1312/4534 [=======>......................] - ETA: 3s - loss: 0.0184 - acc: 0.9985
1376/4534 [========>.....................] - ETA: 3s - loss: 0.0188 - acc: 0.9978
1440/4534 [========>.....................] - ETA: 3s - loss: 0.0186 - acc: 0.9979
1504/4534 [========>.....................] - ETA: 3s - loss: 0.0184 - acc: 0.9980
1568/4534 [=========>....................] - ETA: 3s - loss: 0.0189 - acc: 0.9981
1632/4534 [=========>....................] - ETA: 3s - loss: 0.0184 - acc: 0.9982
1696/4534 [==========>...................] - ETA: 3s - loss: 0.0179 - acc: 0.9982
1760/4534 [==========>...................] - ETA: 3s - loss: 0.0176 - acc: 0.9983
1824/4534 [===========>..................] - ETA: 3s - loss: 0.0173 - acc: 0.9984
1888/4534 [===========>..................] - ETA: 3s - loss: 0.0168 - acc: 0.9984
1952/4534 [===========>..................] - ETA: 2s - loss: 0.0162 - acc: 0.9985
2016/4534 [============>.................] - ETA: 2s - loss: 0.0158 - acc: 0.9985
2080/4534 [============>.................] - ETA: 2s - loss: 0.0154 - acc: 0.9986
2144/4534 [=============>................] - ETA: 2s - loss: 0.0153 - acc: 0.9981
2208/4534 [=============>................] - ETA: 2s - loss: 0.0150 - acc: 0.9982
2272/4534 [==============>...............] - ETA: 2s - loss: 0.0151 - acc: 0.9978
2336/4534 [==============>...............] - ETA: 2s - loss: 0.0147 - acc: 0.9979
2400/4534 [==============>...............] - ETA: 2s - loss: 0.0143 - acc: 0.9979
2464/4534 [===============>..............] - ETA: 2s - loss: 0.0141 - acc: 0.9980
2528/4534 [===============>..............] - ETA: 2s - loss: 0.0139 - acc: 0.9980
2592/4534 [================>.............] - ETA: 2s - loss: 0.0136 - acc: 0.9981
2656/4534 [================>.............] - ETA: 2s - loss: 0.0134 - acc: 0.9981
2720/4534 [================>.............] - ETA: 2s - loss: 0.0131 - acc: 0.9982
2784/4534 [=================>............] - ETA: 2s - loss: 0.0128 - acc: 0.9982
2848/4534 [=================>............] - ETA: 1s - loss: 0.0126 - acc: 0.9982
2912/4534 [==================>...........] - ETA: 1s - loss: 0.0123 - acc: 0.9983
2976/4534 [==================>...........] - ETA: 1s - loss: 0.0123 - acc: 0.9983
3040/4534 [===================>..........] - ETA: 1s - loss: 0.0123 - acc: 0.9984
3104/4534 [===================>..........] - ETA: 1s - loss: 0.0121 - acc: 0.9984
3168/4534 [===================>..........] - ETA: 1s - loss: 0.0129 - acc: 0.9981
3232/4534 [====================>.........] - ETA: 1s - loss: 0.0128 - acc: 0.9981
3296/4534 [====================>.........] - ETA: 1s - loss: 0.0125 - acc: 0.9982
3360/4534 [=====================>........] - ETA: 1s - loss: 0.0123 - acc: 0.9982
3424/4534 [=====================>........] - ETA: 1s - loss: 0.0133 - acc: 0.9980
3488/4534 [======================>.......] - ETA: 1s - loss: 0.0131 - acc: 0.9980
3552/4534 [======================>.......] - ETA: 1s - loss: 0.0130 - acc: 0.9980
3616/4534 [======================>.......] - ETA: 1s - loss: 0.0128 - acc: 0.9981
3680/4534 [=======================>......] - ETA: 0s - loss: 0.0133 - acc: 0.9976
3744/4534 [=======================>......] - ETA: 0s - loss: 0.0131 - acc: 0.9976
3808/4534 [========================>.....] - ETA: 0s - loss: 0.0129 - acc: 0.9976
3872/4534 [========================>.....] - ETA: 0s - loss: 0.0127 - acc: 0.9977
3936/4534 [=========================>....] - ETA: 0s - loss: 0.0125 - acc: 0.9977
4000/4534 [=========================>....] - ETA: 0s - loss: 0.0125 - acc: 0.9978
4064/4534 [=========================>....] - ETA: 0s - loss: 0.0124 - acc: 0.9978
4128/4534 [==========================>...] - ETA: 0s - loss: 0.0124 - acc: 0.9978
4192/4534 [==========================>...] - ETA: 0s - loss: 0.0123 - acc: 0.9979
4256/4534 [===========================>..] - ETA: 0s - loss: 0.0121 - acc: 0.9979
4320/4534 [===========================>..] - ETA: 0s - loss: 0.0122 - acc: 0.9979
4384/4534 [============================>.] - ETA: 0s - loss: 0.0120 - acc: 0.9979
4448/4534 [============================>.] - ETA: 0s - loss: 0.0118 - acc: 0.9980
4512/4534 [============================>.] - ETA: 0s - loss: 0.0117 - acc: 0.9980
4534/4534 [==============================] - 6s 1ms/step - loss: 0.0116 - acc: 0.9980 - val_loss: 6.9310 - val_acc: 0.5653

  32/1418 [..............................] - ETA: 22s
  96/1418 [=>............................] - ETA: 7s 
 160/1418 [==>...........................] - ETA: 4s
 224/1418 [===>..........................] - ETA: 3s
 288/1418 [=====>........................] - ETA: 2s
 352/1418 [======>.......................] - ETA: 2s
 416/1418 [=======>......................] - ETA: 2s
 480/1418 [=========>....................] - ETA: 1s
 544/1418 [==========>...................] - ETA: 1s
 608/1418 [===========>..................] - ETA: 1s
 672/1418 [=============>................] - ETA: 1s
 736/1418 [==============>...............] - ETA: 1s
 800/1418 [===============>..............] - ETA: 0s
 864/1418 [=================>............] - ETA: 0s
 928/1418 [==================>...........] - ETA: 0s
 992/1418 [===================>..........] - ETA: 0s
1056/1418 [=====================>........] - ETA: 0s
1120/1418 [======================>.......] - ETA: 0s
1184/1418 [========================>.....] - ETA: 0s
1248/1418 [=========================>....] - ETA: 0s
1312/1418 [==========================>...] - ETA: 0s
1376/1418 [============================>.] - ETA: 0s
1418/1418 [==============================] - 2s 1ms/step
Test acc: 0.6438645979413192
Test auc: 0.6103395061728395
Execute epoch: 10
Execute time: 76.6168920993805
(W) Execute time: 75.21638226509094
