_________________________________________________________________
Layer (type)                 Output Shape              Param #   
=================================================================
embedding_1 (Embedding)      (None, None, 128)         297984    
_________________________________________________________________
lstm_1 (LSTM)                (None, None, 64)          49408     
_________________________________________________________________
lstm_2 (LSTM)                (None, None, 64)          33024     
_________________________________________________________________
lstm_3 (LSTM)                (None, 64)                33024     
_________________________________________________________________
dense_1 (Dense)              (None, 16)                1040      
_________________________________________________________________
dense_2 (Dense)              (None, 1)                 17        
=================================================================
Total params: 414,497
Trainable params: 414,497
Non-trainable params: 0
_________________________________________________________________
Train on 4534 samples, validate on 1134 samples
Epoch 1/1

  32/4534 [..............................] - ETA: 7:57 - loss: 0.6934 - acc: 0.3438
  96/4534 [..............................] - ETA: 2:40 - loss: 0.6929 - acc: 0.5312
 160/4534 [>.............................] - ETA: 1:36 - loss: 0.6926 - acc: 0.5563
 224/4534 [>.............................] - ETA: 1:09 - loss: 0.6926 - acc: 0.5536
 288/4534 [>.............................] - ETA: 54s - loss: 0.6924 - acc: 0.5556 
 352/4534 [=>............................] - ETA: 44s - loss: 0.6925 - acc: 0.5483
 416/4534 [=>............................] - ETA: 38s - loss: 0.6921 - acc: 0.5553
 480/4534 [==>...........................] - ETA: 33s - loss: 0.6918 - acc: 0.5604
 544/4534 [==>...........................] - ETA: 29s - loss: 0.6916 - acc: 0.5588
 608/4534 [===>..........................] - ETA: 26s - loss: 0.6910 - acc: 0.5658
 672/4534 [===>..........................] - ETA: 23s - loss: 0.6904 - acc: 0.5729
 736/4534 [===>..........................] - ETA: 21s - loss: 0.6902 - acc: 0.5720
 800/4534 [====>.........................] - ETA: 20s - loss: 0.6902 - acc: 0.5687
 864/4534 [====>.........................] - ETA: 18s - loss: 0.6895 - acc: 0.5718
 928/4534 [=====>........................] - ETA: 17s - loss: 0.6889 - acc: 0.5733
 992/4534 [=====>........................] - ETA: 16s - loss: 0.6889 - acc: 0.5685
1056/4534 [=====>........................] - ETA: 15s - loss: 0.6882 - acc: 0.5682
1120/4534 [======>.......................] - ETA: 14s - loss: 0.6883 - acc: 0.5643
1184/4534 [======>.......................] - ETA: 13s - loss: 0.6885 - acc: 0.5591
1248/4534 [=======>......................] - ETA: 12s - loss: 0.6865 - acc: 0.5601
1312/4534 [=======>......................] - ETA: 12s - loss: 0.6853 - acc: 0.5587
1376/4534 [========>.....................] - ETA: 11s - loss: 0.6813 - acc: 0.5610
1440/4534 [========>.....................] - ETA: 10s - loss: 0.6786 - acc: 0.5611
1504/4534 [========>.....................] - ETA: 10s - loss: 0.6709 - acc: 0.5638
1568/4534 [=========>....................] - ETA: 9s - loss: 0.6599 - acc: 0.5689 
1632/4534 [=========>....................] - ETA: 9s - loss: 0.6514 - acc: 0.5711
1696/4534 [==========>...................] - ETA: 8s - loss: 0.6428 - acc: 0.5743
1760/4534 [==========>...................] - ETA: 8s - loss: 0.6417 - acc: 0.5722
1824/4534 [===========>..................] - ETA: 8s - loss: 0.6352 - acc: 0.5735
1888/4534 [===========>..................] - ETA: 7s - loss: 0.6309 - acc: 0.5699
1952/4534 [===========>..................] - ETA: 7s - loss: 0.6254 - acc: 0.5702
2016/4534 [============>.................] - ETA: 7s - loss: 0.6206 - acc: 0.5689
2080/4534 [============>.................] - ETA: 6s - loss: 0.6223 - acc: 0.5692
2144/4534 [=============>................] - ETA: 6s - loss: 0.6187 - acc: 0.5760
2208/4534 [=============>................] - ETA: 6s - loss: 0.6134 - acc: 0.5874
2272/4534 [==============>...............] - ETA: 5s - loss: 0.6099 - acc: 0.5968
2336/4534 [==============>...............] - ETA: 5s - loss: 0.6072 - acc: 0.6053
2400/4534 [==============>...............] - ETA: 5s - loss: 0.6053 - acc: 0.6133
2464/4534 [===============>..............] - ETA: 5s - loss: 0.5997 - acc: 0.6209
2528/4534 [===============>..............] - ETA: 5s - loss: 0.5969 - acc: 0.6262
2592/4534 [================>.............] - ETA: 4s - loss: 0.5920 - acc: 0.6312
2656/4534 [================>.............] - ETA: 4s - loss: 0.5883 - acc: 0.6386
2720/4534 [================>.............] - ETA: 4s - loss: 0.5827 - acc: 0.6445
2784/4534 [=================>............] - ETA: 4s - loss: 0.5756 - acc: 0.6509
2848/4534 [=================>............] - ETA: 3s - loss: 0.5697 - acc: 0.6562
2912/4534 [==================>...........] - ETA: 3s - loss: 0.5617 - acc: 0.6617
2976/4534 [==================>...........] - ETA: 3s - loss: 0.5556 - acc: 0.6673
3040/4534 [===================>..........] - ETA: 3s - loss: 0.5462 - acc: 0.6737
3104/4534 [===================>..........] - ETA: 3s - loss: 0.5414 - acc: 0.6775
3168/4534 [===================>..........] - ETA: 3s - loss: 0.5343 - acc: 0.6821
3232/4534 [====================>.........] - ETA: 2s - loss: 0.5277 - acc: 0.6866
3296/4534 [====================>.........] - ETA: 2s - loss: 0.5212 - acc: 0.6899
3360/4534 [=====================>........] - ETA: 2s - loss: 0.5186 - acc: 0.6952
3424/4534 [=====================>........] - ETA: 2s - loss: 0.5131 - acc: 0.6992
3488/4534 [======================>.......] - ETA: 2s - loss: 0.5099 - acc: 0.7036
3552/4534 [======================>.......] - ETA: 2s - loss: 0.5041 - acc: 0.7083
3616/4534 [======================>.......] - ETA: 1s - loss: 0.5005 - acc: 0.7107
3680/4534 [=======================>......] - ETA: 1s - loss: 0.4955 - acc: 0.7141
3744/4534 [=======================>......] - ETA: 1s - loss: 0.4898 - acc: 0.7177
3808/4534 [========================>.....] - ETA: 1s - loss: 0.4874 - acc: 0.7198
3872/4534 [========================>.....] - ETA: 1s - loss: 0.4829 - acc: 0.7234
3936/4534 [=========================>....] - ETA: 1s - loss: 0.4779 - acc: 0.7271
4000/4534 [=========================>....] - ETA: 1s - loss: 0.4727 - acc: 0.7302
4064/4534 [=========================>....] - ETA: 0s - loss: 0.4665 - acc: 0.7340
4128/4534 [==========================>...] - ETA: 0s - loss: 0.4614 - acc: 0.7372
4192/4534 [==========================>...] - ETA: 0s - loss: 0.4569 - acc: 0.7402
4256/4534 [===========================>..] - ETA: 0s - loss: 0.4513 - acc: 0.7439
4320/4534 [===========================>..] - ETA: 0s - loss: 0.4461 - acc: 0.7475
4384/4534 [============================>.] - ETA: 0s - loss: 0.4409 - acc: 0.7509
4448/4534 [============================>.] - ETA: 0s - loss: 0.4355 - acc: 0.7545
4512/4534 [============================>.] - ETA: 0s - loss: 0.4312 - acc: 0.7573
4534/4534 [==============================] - 10s 2ms/step - loss: 0.4293 - acc: 0.7585 - val_loss: 3.6560 - val_acc: 0.7698
Train on 4534 samples, validate on 1134 samples
Epoch 1/1

  32/4534 [..............................] - ETA: 5s - loss: 0.0715 - acc: 0.9688
  96/4534 [..............................] - ETA: 5s - loss: 0.0422 - acc: 0.9896
 160/4534 [>.............................] - ETA: 5s - loss: 0.0557 - acc: 0.9750
 224/4534 [>.............................] - ETA: 5s - loss: 0.1045 - acc: 0.9732
 288/4534 [>.............................] - ETA: 4s - loss: 0.0970 - acc: 0.9757
 352/4534 [=>............................] - ETA: 4s - loss: 0.1136 - acc: 0.9744
 416/4534 [=>............................] - ETA: 4s - loss: 0.1440 - acc: 0.9712
 480/4534 [==>...........................] - ETA: 4s - loss: 0.1300 - acc: 0.9750
 544/4534 [==>...........................] - ETA: 4s - loss: 0.1223 - acc: 0.9743
 608/4534 [===>..........................] - ETA: 4s - loss: 0.1190 - acc: 0.9737
 672/4534 [===>..........................] - ETA: 4s - loss: 0.1118 - acc: 0.9762
 736/4534 [===>..........................] - ETA: 4s - loss: 0.1049 - acc: 0.9783
 800/4534 [====>.........................] - ETA: 4s - loss: 0.1014 - acc: 0.9788
 864/4534 [====>.........................] - ETA: 4s - loss: 0.0972 - acc: 0.9792
 928/4534 [=====>........................] - ETA: 4s - loss: 0.0927 - acc: 0.9795
 992/4534 [=====>........................] - ETA: 4s - loss: 0.0901 - acc: 0.9798
1056/4534 [=====>........................] - ETA: 4s - loss: 0.0870 - acc: 0.9801
1120/4534 [======>.......................] - ETA: 3s - loss: 0.0885 - acc: 0.9777
1184/4534 [======>.......................] - ETA: 3s - loss: 0.0844 - acc: 0.9789
1248/4534 [=======>......................] - ETA: 3s - loss: 0.0820 - acc: 0.9784
1312/4534 [=======>......................] - ETA: 3s - loss: 0.0832 - acc: 0.9787
1376/4534 [========>.....................] - ETA: 3s - loss: 0.0814 - acc: 0.9782
1440/4534 [========>.....................] - ETA: 3s - loss: 0.0807 - acc: 0.9778
1504/4534 [========>.....................] - ETA: 3s - loss: 0.0784 - acc: 0.9781
1568/4534 [=========>....................] - ETA: 3s - loss: 0.0877 - acc: 0.9777
1632/4534 [=========>....................] - ETA: 3s - loss: 0.0885 - acc: 0.9773
1696/4534 [==========>...................] - ETA: 3s - loss: 0.0865 - acc: 0.9776
1760/4534 [==========>...................] - ETA: 3s - loss: 0.0839 - acc: 0.9784
1824/4534 [===========>..................] - ETA: 3s - loss: 0.0832 - acc: 0.9786
1888/4534 [===========>..................] - ETA: 3s - loss: 0.0819 - acc: 0.9788
1952/4534 [===========>..................] - ETA: 3s - loss: 0.0812 - acc: 0.9785
2016/4534 [============>.................] - ETA: 2s - loss: 0.0800 - acc: 0.9787
2080/4534 [============>.................] - ETA: 2s - loss: 0.0795 - acc: 0.9788
2144/4534 [=============>................] - ETA: 2s - loss: 0.0792 - acc: 0.9785
2208/4534 [=============>................] - ETA: 2s - loss: 0.0783 - acc: 0.9787
2272/4534 [==============>...............] - ETA: 2s - loss: 0.0770 - acc: 0.9789
2336/4534 [==============>...............] - ETA: 2s - loss: 0.0762 - acc: 0.9790
2400/4534 [==============>...............] - ETA: 2s - loss: 0.0757 - acc: 0.9792
2464/4534 [===============>..............] - ETA: 2s - loss: 0.0753 - acc: 0.9793
2528/4534 [===============>..............] - ETA: 2s - loss: 0.0743 - acc: 0.9794
2592/4534 [================>.............] - ETA: 2s - loss: 0.0742 - acc: 0.9788
2656/4534 [================>.............] - ETA: 2s - loss: 0.0727 - acc: 0.9793
2720/4534 [================>.............] - ETA: 2s - loss: 0.0712 - acc: 0.9798
2784/4534 [=================>............] - ETA: 2s - loss: 0.0732 - acc: 0.9795
2848/4534 [=================>............] - ETA: 1s - loss: 0.0773 - acc: 0.9796
2912/4534 [==================>...........] - ETA: 1s - loss: 0.0762 - acc: 0.9797
2976/4534 [==================>...........] - ETA: 1s - loss: 0.0759 - acc: 0.9792
3040/4534 [===================>..........] - ETA: 1s - loss: 0.0767 - acc: 0.9786
3104/4534 [===================>..........] - ETA: 1s - loss: 0.0763 - acc: 0.9787
3168/4534 [===================>..........] - ETA: 1s - loss: 0.0755 - acc: 0.9785
3232/4534 [====================>.........] - ETA: 1s - loss: 0.0746 - acc: 0.9783
3296/4534 [====================>.........] - ETA: 1s - loss: 0.0754 - acc: 0.9775
3360/4534 [=====================>........] - ETA: 1s - loss: 0.0749 - acc: 0.9777
3424/4534 [=====================>........] - ETA: 1s - loss: 0.0749 - acc: 0.9778
3488/4534 [======================>.......] - ETA: 1s - loss: 0.0741 - acc: 0.9779
3552/4534 [======================>.......] - ETA: 1s - loss: 0.0733 - acc: 0.9780
3616/4534 [======================>.......] - ETA: 1s - loss: 0.0730 - acc: 0.9782
3680/4534 [=======================>......] - ETA: 1s - loss: 0.0725 - acc: 0.9783
3744/4534 [=======================>......] - ETA: 0s - loss: 0.0724 - acc: 0.9781
3808/4534 [========================>.....] - ETA: 0s - loss: 0.0714 - acc: 0.9785
3872/4534 [========================>.....] - ETA: 0s - loss: 0.0706 - acc: 0.9786
3936/4534 [=========================>....] - ETA: 0s - loss: 0.0701 - acc: 0.9787
4000/4534 [=========================>....] - ETA: 0s - loss: 0.0696 - acc: 0.9788
4064/4534 [=========================>....] - ETA: 0s - loss: 0.0689 - acc: 0.9791
4128/4534 [==========================>...] - ETA: 0s - loss: 0.0683 - acc: 0.9792
4192/4534 [==========================>...] - ETA: 0s - loss: 0.0683 - acc: 0.9790
4256/4534 [===========================>..] - ETA: 0s - loss: 0.0677 - acc: 0.9791
4320/4534 [===========================>..] - ETA: 0s - loss: 0.0673 - acc: 0.9789
4384/4534 [============================>.] - ETA: 0s - loss: 0.0672 - acc: 0.9790
4448/4534 [============================>.] - ETA: 0s - loss: 0.0666 - acc: 0.9791
4512/4534 [============================>.] - ETA: 0s - loss: 0.0668 - acc: 0.9789
4534/4534 [==============================] - 6s 1ms/step - loss: 0.0665 - acc: 0.9790 - val_loss: 8.4851 - val_acc: 0.4735
Train on 4534 samples, validate on 1134 samples
Epoch 1/1

  32/4534 [..............................] - ETA: 5s - loss: 0.0405 - acc: 0.9688
  96/4534 [..............................] - ETA: 5s - loss: 0.0243 - acc: 0.9896
 160/4534 [>.............................] - ETA: 5s - loss: 0.0300 - acc: 0.9875
 224/4534 [>.............................] - ETA: 5s - loss: 0.0265 - acc: 0.9911
 288/4534 [>.............................] - ETA: 4s - loss: 0.0270 - acc: 0.9896
 352/4534 [=>............................] - ETA: 4s - loss: 0.0241 - acc: 0.9915
 416/4534 [=>............................] - ETA: 4s - loss: 0.0302 - acc: 0.9880
 480/4534 [==>...........................] - ETA: 4s - loss: 0.0303 - acc: 0.9896
 544/4534 [==>...........................] - ETA: 4s - loss: 0.0617 - acc: 0.9871
 608/4534 [===>..........................] - ETA: 4s - loss: 0.0607 - acc: 0.9868
 672/4534 [===>..........................] - ETA: 4s - loss: 0.0555 - acc: 0.9881
 736/4534 [===>..........................] - ETA: 4s - loss: 0.0538 - acc: 0.9878
 800/4534 [====>.........................] - ETA: 4s - loss: 0.0532 - acc: 0.9862
 864/4534 [====>.........................] - ETA: 4s - loss: 0.0542 - acc: 0.9838
 928/4534 [=====>........................] - ETA: 4s - loss: 0.0506 - acc: 0.9849
 992/4534 [=====>........................] - ETA: 4s - loss: 0.0635 - acc: 0.9849
1056/4534 [=====>........................] - ETA: 4s - loss: 0.0614 - acc: 0.9848
1120/4534 [======>.......................] - ETA: 3s - loss: 0.0590 - acc: 0.9857
1184/4534 [======>.......................] - ETA: 3s - loss: 0.0570 - acc: 0.9856
1248/4534 [=======>......................] - ETA: 3s - loss: 0.0553 - acc: 0.9856
1312/4534 [=======>......................] - ETA: 3s - loss: 0.0549 - acc: 0.9848
1376/4534 [========>.....................] - ETA: 3s - loss: 0.0527 - acc: 0.9855
1440/4534 [========>.....................] - ETA: 3s - loss: 0.0508 - acc: 0.9861
1504/4534 [========>.....................] - ETA: 3s - loss: 0.0487 - acc: 0.9867
1568/4534 [=========>....................] - ETA: 3s - loss: 0.0471 - acc: 0.9872
1632/4534 [=========>....................] - ETA: 3s - loss: 0.0457 - acc: 0.9877
1696/4534 [==========>...................] - ETA: 3s - loss: 0.0441 - acc: 0.9882
1760/4534 [==========>...................] - ETA: 3s - loss: 0.0432 - acc: 0.9886
1824/4534 [===========>..................] - ETA: 3s - loss: 0.0427 - acc: 0.9885
1888/4534 [===========>..................] - ETA: 3s - loss: 0.0417 - acc: 0.9889
1952/4534 [===========>..................] - ETA: 3s - loss: 0.0405 - acc: 0.9892
2016/4534 [============>.................] - ETA: 2s - loss: 0.0401 - acc: 0.9891
2080/4534 [============>.................] - ETA: 2s - loss: 0.0393 - acc: 0.9889
2144/4534 [=============>................] - ETA: 2s - loss: 0.0383 - acc: 0.9893
2208/4534 [=============>................] - ETA: 2s - loss: 0.0464 - acc: 0.9887
2272/4534 [==============>...............] - ETA: 2s - loss: 0.0454 - acc: 0.9890
2336/4534 [==============>...............] - ETA: 2s - loss: 0.0445 - acc: 0.9893
2400/4534 [==============>...............] - ETA: 2s - loss: 0.0435 - acc: 0.9896
2464/4534 [===============>..............] - ETA: 2s - loss: 0.0432 - acc: 0.9894
2528/4534 [===============>..............] - ETA: 2s - loss: 0.0422 - acc: 0.9897
2592/4534 [================>.............] - ETA: 2s - loss: 0.0418 - acc: 0.9896
2656/4534 [================>.............] - ETA: 2s - loss: 0.0417 - acc: 0.9891
2720/4534 [================>.............] - ETA: 2s - loss: 0.0413 - acc: 0.9890
2784/4534 [=================>............] - ETA: 2s - loss: 0.0407 - acc: 0.9892
2848/4534 [=================>............] - ETA: 1s - loss: 0.0410 - acc: 0.9891
2912/4534 [==================>...........] - ETA: 1s - loss: 0.0410 - acc: 0.9890
2976/4534 [==================>...........] - ETA: 1s - loss: 0.0407 - acc: 0.9892
3040/4534 [===================>..........] - ETA: 1s - loss: 0.0400 - acc: 0.9895
3104/4534 [===================>..........] - ETA: 1s - loss: 0.0392 - acc: 0.9897
3168/4534 [===================>..........] - ETA: 1s - loss: 0.0386 - acc: 0.9899
3232/4534 [====================>.........] - ETA: 1s - loss: 0.0387 - acc: 0.9898
3296/4534 [====================>.........] - ETA: 1s - loss: 0.0383 - acc: 0.9900
3360/4534 [=====================>........] - ETA: 1s - loss: 0.0377 - acc: 0.9902
3424/4534 [=====================>........] - ETA: 1s - loss: 0.0374 - acc: 0.9904
3488/4534 [======================>.......] - ETA: 1s - loss: 0.0420 - acc: 0.9900
3552/4534 [======================>.......] - ETA: 1s - loss: 0.0414 - acc: 0.9901
3616/4534 [======================>.......] - ETA: 1s - loss: 0.0413 - acc: 0.9900
3680/4534 [=======================>......] - ETA: 0s - loss: 0.0405 - acc: 0.9902
3744/4534 [=======================>......] - ETA: 0s - loss: 0.0409 - acc: 0.9899
3808/4534 [========================>.....] - ETA: 0s - loss: 0.0413 - acc: 0.9895
3872/4534 [========================>.....] - ETA: 0s - loss: 0.0412 - acc: 0.9894
3936/4534 [=========================>....] - ETA: 0s - loss: 0.0411 - acc: 0.9893
4000/4534 [=========================>....] - ETA: 0s - loss: 0.0414 - acc: 0.9890
4064/4534 [=========================>....] - ETA: 0s - loss: 0.0415 - acc: 0.9887
4128/4534 [==========================>...] - ETA: 0s - loss: 0.0419 - acc: 0.9881
4192/4534 [==========================>...] - ETA: 0s - loss: 0.0414 - acc: 0.9883
4256/4534 [===========================>..] - ETA: 0s - loss: 0.0442 - acc: 0.9880
4320/4534 [===========================>..] - ETA: 0s - loss: 0.0438 - acc: 0.9882
4384/4534 [============================>.] - ETA: 0s - loss: 0.0434 - acc: 0.9884
4448/4534 [============================>.] - ETA: 0s - loss: 0.0432 - acc: 0.9883
4512/4534 [============================>.] - ETA: 0s - loss: 0.0434 - acc: 0.9883
4534/4534 [==============================] - 6s 1ms/step - loss: 0.0432 - acc: 0.9883 - val_loss: 6.9168 - val_acc: 0.5661
Train on 4534 samples, validate on 1134 samples
Epoch 1/1

  32/4534 [..............................] - ETA: 5s - loss: 0.0596 - acc: 1.0000
  96/4534 [..............................] - ETA: 5s - loss: 0.0421 - acc: 0.9896
 160/4534 [>.............................] - ETA: 5s - loss: 0.0362 - acc: 0.9875
 224/4534 [>.............................] - ETA: 5s - loss: 0.0395 - acc: 0.9911
 288/4534 [>.............................] - ETA: 4s - loss: 0.0379 - acc: 0.9931
 352/4534 [=>............................] - ETA: 4s - loss: 0.0337 - acc: 0.9943
 416/4534 [=>............................] - ETA: 4s - loss: 0.0337 - acc: 0.9928
 480/4534 [==>...........................] - ETA: 4s - loss: 0.0303 - acc: 0.9938
 544/4534 [==>...........................] - ETA: 4s - loss: 0.0287 - acc: 0.9945
 608/4534 [===>..........................] - ETA: 4s - loss: 0.0282 - acc: 0.9934
 672/4534 [===>..........................] - ETA: 4s - loss: 0.0279 - acc: 0.9926
 736/4534 [===>..........................] - ETA: 4s - loss: 0.0260 - acc: 0.9932
 800/4534 [====>.........................] - ETA: 4s - loss: 0.0248 - acc: 0.9938
 864/4534 [====>.........................] - ETA: 4s - loss: 0.0246 - acc: 0.9931
 928/4534 [=====>........................] - ETA: 4s - loss: 0.0234 - acc: 0.9935
 992/4534 [=====>........................] - ETA: 4s - loss: 0.0221 - acc: 0.9940
1056/4534 [=====>........................] - ETA: 4s - loss: 0.0215 - acc: 0.9943
1120/4534 [======>.......................] - ETA: 4s - loss: 0.0207 - acc: 0.9946
1184/4534 [======>.......................] - ETA: 3s - loss: 0.0203 - acc: 0.9949
1248/4534 [=======>......................] - ETA: 3s - loss: 0.0195 - acc: 0.9952
1312/4534 [=======>......................] - ETA: 3s - loss: 0.0188 - acc: 0.9954
1376/4534 [========>.....................] - ETA: 3s - loss: 0.0180 - acc: 0.9956
1440/4534 [========>.....................] - ETA: 3s - loss: 0.0286 - acc: 0.9938
1504/4534 [========>.....................] - ETA: 3s - loss: 0.0280 - acc: 0.9940
1568/4534 [=========>....................] - ETA: 3s - loss: 0.0276 - acc: 0.9936
1632/4534 [=========>....................] - ETA: 3s - loss: 0.0274 - acc: 0.9933
1696/4534 [==========>...................] - ETA: 3s - loss: 0.0264 - acc: 0.9935
1760/4534 [==========>...................] - ETA: 3s - loss: 0.0319 - acc: 0.9932
1824/4534 [===========>..................] - ETA: 3s - loss: 0.0402 - acc: 0.9929
1888/4534 [===========>..................] - ETA: 3s - loss: 0.0401 - acc: 0.9926
1952/4534 [===========>..................] - ETA: 3s - loss: 0.0399 - acc: 0.9928
2016/4534 [============>.................] - ETA: 2s - loss: 0.0390 - acc: 0.9931
2080/4534 [============>.................] - ETA: 2s - loss: 0.0388 - acc: 0.9933
2144/4534 [=============>................] - ETA: 2s - loss: 0.0384 - acc: 0.9930
2208/4534 [=============>................] - ETA: 2s - loss: 0.0377 - acc: 0.9932
2272/4534 [==============>...............] - ETA: 2s - loss: 0.0371 - acc: 0.9934
2336/4534 [==============>...............] - ETA: 2s - loss: 0.0366 - acc: 0.9936
2400/4534 [==============>...............] - ETA: 2s - loss: 0.0362 - acc: 0.9938
2464/4534 [===============>..............] - ETA: 2s - loss: 0.0363 - acc: 0.9935
2528/4534 [===============>..............] - ETA: 2s - loss: 0.0357 - acc: 0.9937
2592/4534 [================>.............] - ETA: 2s - loss: 0.0353 - acc: 0.9938
2656/4534 [================>.............] - ETA: 2s - loss: 0.0350 - acc: 0.9940
2720/4534 [================>.............] - ETA: 2s - loss: 0.0402 - acc: 0.9938
2784/4534 [=================>............] - ETA: 2s - loss: 0.0400 - acc: 0.9935
2848/4534 [=================>............] - ETA: 1s - loss: 0.0392 - acc: 0.9937
2912/4534 [==================>...........] - ETA: 1s - loss: 0.0395 - acc: 0.9935
2976/4534 [==================>...........] - ETA: 1s - loss: 0.0394 - acc: 0.9936
3040/4534 [===================>..........] - ETA: 1s - loss: 0.0393 - acc: 0.9934
3104/4534 [===================>..........] - ETA: 1s - loss: 0.0388 - acc: 0.9936
3168/4534 [===================>..........] - ETA: 1s - loss: 0.0404 - acc: 0.9934
3232/4534 [====================>.........] - ETA: 1s - loss: 0.0397 - acc: 0.9935
3296/4534 [====================>.........] - ETA: 1s - loss: 0.0393 - acc: 0.9933
3360/4534 [=====================>........] - ETA: 1s - loss: 0.0391 - acc: 0.9932
3424/4534 [=====================>........] - ETA: 1s - loss: 0.0385 - acc: 0.9933
3488/4534 [======================>.......] - ETA: 1s - loss: 0.0380 - acc: 0.9934
3552/4534 [======================>.......] - ETA: 1s - loss: 0.0378 - acc: 0.9932
3616/4534 [======================>.......] - ETA: 1s - loss: 0.0377 - acc: 0.9931
3680/4534 [=======================>......] - ETA: 0s - loss: 0.0376 - acc: 0.9929
3744/4534 [=======================>......] - ETA: 0s - loss: 0.0371 - acc: 0.9931
3808/4534 [========================>.....] - ETA: 0s - loss: 0.0367 - acc: 0.9932
3872/4534 [========================>.....] - ETA: 0s - loss: 0.0370 - acc: 0.9930
3936/4534 [=========================>....] - ETA: 0s - loss: 0.0367 - acc: 0.9931
4000/4534 [=========================>....] - ETA: 0s - loss: 0.0362 - acc: 0.9932
4064/4534 [=========================>....] - ETA: 0s - loss: 0.0369 - acc: 0.9929
4128/4534 [==========================>...] - ETA: 0s - loss: 0.0374 - acc: 0.9925
4192/4534 [==========================>...] - ETA: 0s - loss: 0.0374 - acc: 0.9924
4256/4534 [===========================>..] - ETA: 0s - loss: 0.0374 - acc: 0.9922
4320/4534 [===========================>..] - ETA: 0s - loss: 0.0369 - acc: 0.9924
4384/4534 [============================>.] - ETA: 0s - loss: 0.0364 - acc: 0.9925
4448/4534 [============================>.] - ETA: 0s - loss: 0.0362 - acc: 0.9924
4512/4534 [============================>.] - ETA: 0s - loss: 0.0360 - acc: 0.9922
4534/4534 [==============================] - 6s 1ms/step - loss: 0.0358 - acc: 0.9923 - val_loss: 8.6415 - val_acc: 0.4638
Train on 4534 samples, validate on 1134 samples
Epoch 1/1

  32/4534 [..............................] - ETA: 5s - loss: 0.0251 - acc: 1.0000
  96/4534 [..............................] - ETA: 5s - loss: 0.0216 - acc: 1.0000
 160/4534 [>.............................] - ETA: 5s - loss: 0.0195 - acc: 1.0000
 224/4534 [>.............................] - ETA: 5s - loss: 0.0863 - acc: 0.9955
 288/4534 [>.............................] - ETA: 4s - loss: 0.0692 - acc: 0.9965
 352/4534 [=>............................] - ETA: 4s - loss: 0.0621 - acc: 0.9943
 416/4534 [=>............................] - ETA: 4s - loss: 0.0547 - acc: 0.9928
 480/4534 [==>...........................] - ETA: 4s - loss: 0.0503 - acc: 0.9917
 544/4534 [==>...........................] - ETA: 4s - loss: 0.0449 - acc: 0.9926
 608/4534 [===>..........................] - ETA: 4s - loss: 0.0404 - acc: 0.9934
 672/4534 [===>..........................] - ETA: 4s - loss: 0.0398 - acc: 0.9926
 736/4534 [===>..........................] - ETA: 4s - loss: 0.0371 - acc: 0.9932
 800/4534 [====>.........................] - ETA: 4s - loss: 0.0344 - acc: 0.9938
 864/4534 [====>.........................] - ETA: 4s - loss: 0.0333 - acc: 0.9931
 928/4534 [=====>........................] - ETA: 4s - loss: 0.0313 - acc: 0.9935
 992/4534 [=====>........................] - ETA: 4s - loss: 0.0308 - acc: 0.9929
1056/4534 [=====>........................] - ETA: 4s - loss: 0.0294 - acc: 0.9934
1120/4534 [======>.......................] - ETA: 3s - loss: 0.0289 - acc: 0.9929
1184/4534 [======>.......................] - ETA: 3s - loss: 0.0292 - acc: 0.9924
1248/4534 [=======>......................] - ETA: 3s - loss: 0.0278 - acc: 0.9928
1312/4534 [=======>......................] - ETA: 3s - loss: 0.0267 - acc: 0.9931
1376/4534 [========>.....................] - ETA: 3s - loss: 0.0267 - acc: 0.9927
1440/4534 [========>.....................] - ETA: 3s - loss: 0.0264 - acc: 0.9924
1504/4534 [========>.....................] - ETA: 3s - loss: 0.0253 - acc: 0.9927
1568/4534 [=========>....................] - ETA: 3s - loss: 0.0258 - acc: 0.9917
1632/4534 [=========>....................] - ETA: 3s - loss: 0.0248 - acc: 0.9920
1696/4534 [==========>...................] - ETA: 3s - loss: 0.0242 - acc: 0.9923
1760/4534 [==========>...................] - ETA: 3s - loss: 0.0272 - acc: 0.9920
1824/4534 [===========>..................] - ETA: 3s - loss: 0.0278 - acc: 0.9912
1888/4534 [===========>..................] - ETA: 3s - loss: 0.0363 - acc: 0.9905
1952/4534 [===========>..................] - ETA: 3s - loss: 0.0354 - acc: 0.9908
2016/4534 [============>.................] - ETA: 2s - loss: 0.0344 - acc: 0.9911
2080/4534 [============>.................] - ETA: 2s - loss: 0.0338 - acc: 0.9913
2144/4534 [=============>................] - ETA: 2s - loss: 0.0335 - acc: 0.9916
2208/4534 [=============>................] - ETA: 2s - loss: 0.0331 - acc: 0.9918
2272/4534 [==============>...............] - ETA: 2s - loss: 0.0351 - acc: 0.9908
2336/4534 [==============>...............] - ETA: 2s - loss: 0.0352 - acc: 0.9910
2400/4534 [==============>...............] - ETA: 2s - loss: 0.0360 - acc: 0.9908
2464/4534 [===============>..............] - ETA: 2s - loss: 0.0359 - acc: 0.9911
2528/4534 [===============>..............] - ETA: 2s - loss: 0.0356 - acc: 0.9913
2592/4534 [================>.............] - ETA: 2s - loss: 0.0358 - acc: 0.9915
2656/4534 [================>.............] - ETA: 2s - loss: 0.0356 - acc: 0.9913
2720/4534 [================>.............] - ETA: 2s - loss: 0.0350 - acc: 0.9915
2784/4534 [=================>............] - ETA: 2s - loss: 0.0345 - acc: 0.9917
2848/4534 [=================>............] - ETA: 1s - loss: 0.0342 - acc: 0.9916
2912/4534 [==================>...........] - ETA: 1s - loss: 0.0337 - acc: 0.9918
2976/4534 [==================>...........] - ETA: 1s - loss: 0.0334 - acc: 0.9919
3040/4534 [===================>..........] - ETA: 1s - loss: 0.0328 - acc: 0.9921
3104/4534 [===================>..........] - ETA: 1s - loss: 0.0327 - acc: 0.9919
3168/4534 [===================>..........] - ETA: 1s - loss: 0.0328 - acc: 0.9918
3232/4534 [====================>.........] - ETA: 1s - loss: 0.0324 - acc: 0.9920
3296/4534 [====================>.........] - ETA: 1s - loss: 0.0334 - acc: 0.9915
3360/4534 [=====================>........] - ETA: 1s - loss: 0.0330 - acc: 0.9917
3424/4534 [=====================>........] - ETA: 1s - loss: 0.0334 - acc: 0.9915
3488/4534 [======================>.......] - ETA: 1s - loss: 0.0373 - acc: 0.9908
3552/4534 [======================>.......] - ETA: 1s - loss: 0.0366 - acc: 0.9910
3616/4534 [======================>.......] - ETA: 1s - loss: 0.0360 - acc: 0.9912
3680/4534 [=======================>......] - ETA: 0s - loss: 0.0359 - acc: 0.9910
3744/4534 [=======================>......] - ETA: 0s - loss: 0.0354 - acc: 0.9912
3808/4534 [========================>.....] - ETA: 0s - loss: 0.0354 - acc: 0.9913
3872/4534 [========================>.....] - ETA: 0s - loss: 0.0348 - acc: 0.9915
3936/4534 [=========================>....] - ETA: 0s - loss: 0.0351 - acc: 0.9911
4000/4534 [=========================>....] - ETA: 0s - loss: 0.0347 - acc: 0.9912
4064/4534 [=========================>....] - ETA: 0s - loss: 0.0342 - acc: 0.9914
4128/4534 [==========================>...] - ETA: 0s - loss: 0.0342 - acc: 0.9913
4192/4534 [==========================>...] - ETA: 0s - loss: 0.0378 - acc: 0.9912
4256/4534 [===========================>..] - ETA: 0s - loss: 0.0373 - acc: 0.9913
4320/4534 [===========================>..] - ETA: 0s - loss: 0.0372 - acc: 0.9912
4384/4534 [============================>.] - ETA: 0s - loss: 0.0369 - acc: 0.9913
4448/4534 [============================>.] - ETA: 0s - loss: 0.0366 - acc: 0.9915
4512/4534 [============================>.] - ETA: 0s - loss: 0.0365 - acc: 0.9914
4534/4534 [==============================] - 6s 1ms/step - loss: 0.0365 - acc: 0.9914 - val_loss: 0.0827 - val_acc: 0.9903
Train on 4534 samples, validate on 1134 samples
Epoch 1/1

  32/4534 [..............................] - ETA: 5s - loss: 0.0326 - acc: 1.0000
  96/4534 [..............................] - ETA: 5s - loss: 0.0398 - acc: 0.9896
 160/4534 [>.............................] - ETA: 5s - loss: 0.0291 - acc: 0.9938
 224/4534 [>.............................] - ETA: 5s - loss: 0.0275 - acc: 0.9955
 288/4534 [>.............................] - ETA: 4s - loss: 0.0238 - acc: 0.9965
 352/4534 [=>............................] - ETA: 4s - loss: 0.0212 - acc: 0.9972
 416/4534 [=>............................] - ETA: 4s - loss: 0.0246 - acc: 0.9952
 480/4534 [==>...........................] - ETA: 4s - loss: 0.0234 - acc: 0.9958
 544/4534 [==>...........................] - ETA: 4s - loss: 0.0210 - acc: 0.9963
 608/4534 [===>..........................] - ETA: 4s - loss: 0.0203 - acc: 0.9967
 672/4534 [===>..........................] - ETA: 4s - loss: 0.0193 - acc: 0.9970
 736/4534 [===>..........................] - ETA: 4s - loss: 0.0203 - acc: 0.9959
 800/4534 [====>.........................] - ETA: 4s - loss: 0.0191 - acc: 0.9962
 864/4534 [====>.........................] - ETA: 4s - loss: 0.0197 - acc: 0.9954
 928/4534 [=====>........................] - ETA: 4s - loss: 0.0189 - acc: 0.9957
 992/4534 [=====>........................] - ETA: 4s - loss: 0.0180 - acc: 0.9960
1056/4534 [=====>........................] - ETA: 4s - loss: 0.0171 - acc: 0.9962
1120/4534 [======>.......................] - ETA: 4s - loss: 0.0168 - acc: 0.9964
1184/4534 [======>.......................] - ETA: 3s - loss: 0.0166 - acc: 0.9966
1248/4534 [=======>......................] - ETA: 3s - loss: 0.0169 - acc: 0.9960
1312/4534 [=======>......................] - ETA: 3s - loss: 0.0165 - acc: 0.9962
1376/4534 [========>.....................] - ETA: 3s - loss: 0.0159 - acc: 0.9964
1440/4534 [========>.....................] - ETA: 3s - loss: 0.0154 - acc: 0.9965
1504/4534 [========>.....................] - ETA: 3s - loss: 0.0149 - acc: 0.9967
1568/4534 [=========>....................] - ETA: 3s - loss: 0.0148 - acc: 0.9968
1632/4534 [=========>....................] - ETA: 3s - loss: 0.0144 - acc: 0.9969
1696/4534 [==========>...................] - ETA: 3s - loss: 0.0144 - acc: 0.9965
1760/4534 [==========>...................] - ETA: 3s - loss: 0.0146 - acc: 0.9960
1824/4534 [===========>..................] - ETA: 3s - loss: 0.0153 - acc: 0.9956
1888/4534 [===========>..................] - ETA: 3s - loss: 0.0149 - acc: 0.9958
1952/4534 [===========>..................] - ETA: 3s - loss: 0.0145 - acc: 0.9959
2016/4534 [============>.................] - ETA: 2s - loss: 0.0142 - acc: 0.9960
2080/4534 [============>.................] - ETA: 2s - loss: 0.0138 - acc: 0.9962
2144/4534 [=============>................] - ETA: 2s - loss: 0.0135 - acc: 0.9963
2208/4534 [=============>................] - ETA: 2s - loss: 0.0132 - acc: 0.9964
2272/4534 [==============>...............] - ETA: 2s - loss: 0.0135 - acc: 0.9960
2336/4534 [==============>...............] - ETA: 2s - loss: 0.0133 - acc: 0.9961
2400/4534 [==============>...............] - ETA: 2s - loss: 0.0130 - acc: 0.9962
2464/4534 [===============>..............] - ETA: 2s - loss: 0.0130 - acc: 0.9959
2528/4534 [===============>..............] - ETA: 2s - loss: 0.0153 - acc: 0.9953
2592/4534 [================>.............] - ETA: 2s - loss: 0.0149 - acc: 0.9954
2656/4534 [================>.............] - ETA: 2s - loss: 0.0166 - acc: 0.9947
2720/4534 [================>.............] - ETA: 2s - loss: 0.0165 - acc: 0.9949
2784/4534 [=================>............] - ETA: 2s - loss: 0.0162 - acc: 0.9950
2848/4534 [=================>............] - ETA: 1s - loss: 0.0167 - acc: 0.9947
2912/4534 [==================>...........] - ETA: 1s - loss: 0.0219 - acc: 0.9945
2976/4534 [==================>...........] - ETA: 1s - loss: 0.0216 - acc: 0.9946
3040/4534 [===================>..........] - ETA: 1s - loss: 0.0213 - acc: 0.9947
3104/4534 [===================>..........] - ETA: 1s - loss: 0.0209 - acc: 0.9948
3168/4534 [===================>..........] - ETA: 1s - loss: 0.0205 - acc: 0.9949
3232/4534 [====================>.........] - ETA: 1s - loss: 0.0214 - acc: 0.9944
3296/4534 [====================>.........] - ETA: 1s - loss: 0.0211 - acc: 0.9945
3360/4534 [=====================>........] - ETA: 1s - loss: 0.0209 - acc: 0.9946
3424/4534 [=====================>........] - ETA: 1s - loss: 0.0205 - acc: 0.9947
3488/4534 [======================>.......] - ETA: 1s - loss: 0.0203 - acc: 0.9948
3552/4534 [======================>.......] - ETA: 1s - loss: 0.0199 - acc: 0.9949
3616/4534 [======================>.......] - ETA: 1s - loss: 0.0197 - acc: 0.9950
3680/4534 [=======================>......] - ETA: 0s - loss: 0.0197 - acc: 0.9948
3744/4534 [=======================>......] - ETA: 0s - loss: 0.0197 - acc: 0.9947
3808/4534 [========================>.....] - ETA: 0s - loss: 0.0194 - acc: 0.9947
3872/4534 [========================>.....] - ETA: 0s - loss: 0.0194 - acc: 0.9948
3936/4534 [=========================>....] - ETA: 0s - loss: 0.0191 - acc: 0.9949
4000/4534 [=========================>....] - ETA: 0s - loss: 0.0189 - acc: 0.9950
4064/4534 [=========================>....] - ETA: 0s - loss: 0.0189 - acc: 0.9948
4128/4534 [==========================>...] - ETA: 0s - loss: 0.0186 - acc: 0.9949
4192/4534 [==========================>...] - ETA: 0s - loss: 0.0183 - acc: 0.9950
4256/4534 [===========================>..] - ETA: 0s - loss: 0.0181 - acc: 0.9951
4320/4534 [===========================>..] - ETA: 0s - loss: 0.0179 - acc: 0.9951
4384/4534 [============================>.] - ETA: 0s - loss: 0.0176 - acc: 0.9952
4448/4534 [============================>.] - ETA: 0s - loss: 0.0179 - acc: 0.9951
4512/4534 [============================>.] - ETA: 0s - loss: 0.0177 - acc: 0.9951
4534/4534 [==============================] - 6s 1ms/step - loss: 0.0176 - acc: 0.9951 - val_loss: 1.1396 - val_acc: 0.8933
Train on 4534 samples, validate on 1134 samples
Epoch 1/1

  32/4534 [..............................] - ETA: 5s - loss: 0.0721 - acc: 0.9688
  96/4534 [..............................] - ETA: 5s - loss: 0.0385 - acc: 0.9792
 160/4534 [>.............................] - ETA: 5s - loss: 0.0260 - acc: 0.9875
 224/4534 [>.............................] - ETA: 5s - loss: 0.0210 - acc: 0.9911
 288/4534 [>.............................] - ETA: 4s - loss: 0.0165 - acc: 0.9931
 352/4534 [=>............................] - ETA: 4s - loss: 0.0138 - acc: 0.9943
 416/4534 [=>............................] - ETA: 4s - loss: 0.0117 - acc: 0.9952
 480/4534 [==>...........................] - ETA: 4s - loss: 0.0107 - acc: 0.9958
 544/4534 [==>...........................] - ETA: 4s - loss: 0.0106 - acc: 0.9963
 608/4534 [===>..........................] - ETA: 4s - loss: 0.0095 - acc: 0.9967
 672/4534 [===>..........................] - ETA: 4s - loss: 0.0087 - acc: 0.9970
 736/4534 [===>..........................] - ETA: 4s - loss: 0.0084 - acc: 0.9973
 800/4534 [====>.........................] - ETA: 4s - loss: 0.0087 - acc: 0.9975
 864/4534 [====>.........................] - ETA: 4s - loss: 0.0092 - acc: 0.9977
 928/4534 [=====>........................] - ETA: 4s - loss: 0.0086 - acc: 0.9978
 992/4534 [=====>........................] - ETA: 4s - loss: 0.0085 - acc: 0.9980
1056/4534 [=====>........................] - ETA: 4s - loss: 0.0083 - acc: 0.9981
1120/4534 [======>.......................] - ETA: 3s - loss: 0.0081 - acc: 0.9982
1184/4534 [======>.......................] - ETA: 3s - loss: 0.0080 - acc: 0.9983
1248/4534 [=======>......................] - ETA: 3s - loss: 0.0076 - acc: 0.9984
1312/4534 [=======>......................] - ETA: 3s - loss: 0.0073 - acc: 0.9985
1376/4534 [========>.....................] - ETA: 3s - loss: 0.0075 - acc: 0.9985
1440/4534 [========>.....................] - ETA: 3s - loss: 0.0078 - acc: 0.9986
1504/4534 [========>.....................] - ETA: 3s - loss: 0.0075 - acc: 0.9987
1568/4534 [=========>....................] - ETA: 3s - loss: 0.0076 - acc: 0.9987
1632/4534 [=========>....................] - ETA: 3s - loss: 0.0074 - acc: 0.9988
1696/4534 [==========>...................] - ETA: 3s - loss: 0.0072 - acc: 0.9988
1760/4534 [==========>...................] - ETA: 3s - loss: 0.0082 - acc: 0.9983
1824/4534 [===========>..................] - ETA: 3s - loss: 0.0079 - acc: 0.9984
1888/4534 [===========>..................] - ETA: 3s - loss: 0.0077 - acc: 0.9984
1952/4534 [===========>..................] - ETA: 3s - loss: 0.0074 - acc: 0.9985
2016/4534 [============>.................] - ETA: 2s - loss: 0.0072 - acc: 0.9985
2080/4534 [============>.................] - ETA: 2s - loss: 0.0070 - acc: 0.9986
2144/4534 [=============>................] - ETA: 2s - loss: 0.0068 - acc: 0.9986
2208/4534 [=============>................] - ETA: 2s - loss: 0.0067 - acc: 0.9986
2272/4534 [==============>...............] - ETA: 2s - loss: 0.0065 - acc: 0.9987
2336/4534 [==============>...............] - ETA: 2s - loss: 0.0063 - acc: 0.9987
2400/4534 [==============>...............] - ETA: 2s - loss: 0.0062 - acc: 0.9988
2464/4534 [===============>..............] - ETA: 2s - loss: 0.0060 - acc: 0.9988
2528/4534 [===============>..............] - ETA: 2s - loss: 0.0077 - acc: 0.9984
2592/4534 [================>.............] - ETA: 2s - loss: 0.0079 - acc: 0.9981
2656/4534 [================>.............] - ETA: 2s - loss: 0.0084 - acc: 0.9977
2720/4534 [================>.............] - ETA: 2s - loss: 0.0083 - acc: 0.9978
2784/4534 [=================>............] - ETA: 2s - loss: 0.0144 - acc: 0.9968
2848/4534 [=================>............] - ETA: 1s - loss: 0.0143 - acc: 0.9968
2912/4534 [==================>...........] - ETA: 1s - loss: 0.0142 - acc: 0.9969
2976/4534 [==================>...........] - ETA: 1s - loss: 0.0139 - acc: 0.9970
3040/4534 [===================>..........] - ETA: 1s - loss: 0.0136 - acc: 0.9970
3104/4534 [===================>..........] - ETA: 1s - loss: 0.0137 - acc: 0.9968
3168/4534 [===================>..........] - ETA: 1s - loss: 0.0135 - acc: 0.9968
3232/4534 [====================>.........] - ETA: 1s - loss: 0.0135 - acc: 0.9966
3296/4534 [====================>.........] - ETA: 1s - loss: 0.0133 - acc: 0.9967
3360/4534 [=====================>........] - ETA: 1s - loss: 0.0130 - acc: 0.9967
3424/4534 [=====================>........] - ETA: 1s - loss: 0.0128 - acc: 0.9968
3488/4534 [======================>.......] - ETA: 1s - loss: 0.0126 - acc: 0.9968
3552/4534 [======================>.......] - ETA: 1s - loss: 0.0124 - acc: 0.9969
3616/4534 [======================>.......] - ETA: 1s - loss: 0.0123 - acc: 0.9970
3680/4534 [=======================>......] - ETA: 0s - loss: 0.0126 - acc: 0.9967
3744/4534 [=======================>......] - ETA: 0s - loss: 0.0125 - acc: 0.9968
3808/4534 [========================>.....] - ETA: 0s - loss: 0.0123 - acc: 0.9968
3872/4534 [========================>.....] - ETA: 0s - loss: 0.0121 - acc: 0.9969
3936/4534 [=========================>....] - ETA: 0s - loss: 0.0119 - acc: 0.9970
4000/4534 [=========================>....] - ETA: 0s - loss: 0.0130 - acc: 0.9968
4064/4534 [=========================>....] - ETA: 0s - loss: 0.0128 - acc: 0.9968
4128/4534 [==========================>...] - ETA: 0s - loss: 0.0126 - acc: 0.9969
4192/4534 [==========================>...] - ETA: 0s - loss: 0.0124 - acc: 0.9969
4256/4534 [===========================>..] - ETA: 0s - loss: 0.0122 - acc: 0.9969
4320/4534 [===========================>..] - ETA: 0s - loss: 0.0122 - acc: 0.9970
4384/4534 [============================>.] - ETA: 0s - loss: 0.0122 - acc: 0.9970
4448/4534 [============================>.] - ETA: 0s - loss: 0.0121 - acc: 0.9971
4512/4534 [============================>.] - ETA: 0s - loss: 0.0120 - acc: 0.9971
4534/4534 [==============================] - 6s 1ms/step - loss: 0.0119 - acc: 0.9971 - val_loss: 0.7092 - val_acc: 0.9409
Train on 4534 samples, validate on 1134 samples
Epoch 1/1

  32/4534 [..............................] - ETA: 5s - loss: 0.0075 - acc: 1.0000
  96/4534 [..............................] - ETA: 5s - loss: 0.1706 - acc: 0.9896
 160/4534 [>.............................] - ETA: 5s - loss: 0.1029 - acc: 0.9938
 224/4534 [>.............................] - ETA: 5s - loss: 0.0832 - acc: 0.9911
 288/4534 [>.............................] - ETA: 4s - loss: 0.0652 - acc: 0.9931
 352/4534 [=>............................] - ETA: 4s - loss: 0.0539 - acc: 0.9943
 416/4534 [=>............................] - ETA: 4s - loss: 0.0457 - acc: 0.9952
 480/4534 [==>...........................] - ETA: 4s - loss: 0.0398 - acc: 0.9958
 544/4534 [==>...........................] - ETA: 4s - loss: 0.0352 - acc: 0.9963
 608/4534 [===>..........................] - ETA: 4s - loss: 0.0315 - acc: 0.9967
 672/4534 [===>..........................] - ETA: 4s - loss: 0.0285 - acc: 0.9970
 736/4534 [===>..........................] - ETA: 4s - loss: 0.0264 - acc: 0.9973
 800/4534 [====>.........................] - ETA: 4s - loss: 0.0243 - acc: 0.9975
 864/4534 [====>.........................] - ETA: 4s - loss: 0.0225 - acc: 0.9977
 928/4534 [=====>........................] - ETA: 4s - loss: 0.0210 - acc: 0.9978
 992/4534 [=====>........................] - ETA: 4s - loss: 0.0196 - acc: 0.9980
1056/4534 [=====>........................] - ETA: 4s - loss: 0.0184 - acc: 0.9981
1120/4534 [======>.......................] - ETA: 3s - loss: 0.0176 - acc: 0.9982
1184/4534 [======>.......................] - ETA: 3s - loss: 0.0167 - acc: 0.9983
1248/4534 [=======>......................] - ETA: 3s - loss: 0.0160 - acc: 0.9984
1312/4534 [=======>......................] - ETA: 3s - loss: 0.0153 - acc: 0.9985
1376/4534 [========>.....................] - ETA: 3s - loss: 0.0146 - acc: 0.9985
1440/4534 [========>.....................] - ETA: 3s - loss: 0.0140 - acc: 0.9986
1504/4534 [========>.....................] - ETA: 3s - loss: 0.0150 - acc: 0.9980
1568/4534 [=========>....................] - ETA: 3s - loss: 0.0144 - acc: 0.9981
1632/4534 [=========>....................] - ETA: 3s - loss: 0.0142 - acc: 0.9982
1696/4534 [==========>...................] - ETA: 3s - loss: 0.0136 - acc: 0.9982
1760/4534 [==========>...................] - ETA: 3s - loss: 0.0132 - acc: 0.9983
1824/4534 [===========>..................] - ETA: 3s - loss: 0.0128 - acc: 0.9984
1888/4534 [===========>..................] - ETA: 3s - loss: 0.0125 - acc: 0.9984
1952/4534 [===========>..................] - ETA: 3s - loss: 0.0127 - acc: 0.9980
2016/4534 [============>.................] - ETA: 2s - loss: 0.0124 - acc: 0.9980
2080/4534 [============>.................] - ETA: 2s - loss: 0.0120 - acc: 0.9981
2144/4534 [=============>................] - ETA: 2s - loss: 0.0117 - acc: 0.9981
2208/4534 [=============>................] - ETA: 2s - loss: 0.0119 - acc: 0.9977
2272/4534 [==============>...............] - ETA: 2s - loss: 0.0127 - acc: 0.9969
2336/4534 [==============>...............] - ETA: 2s - loss: 0.0131 - acc: 0.9966
2400/4534 [==============>...............] - ETA: 2s - loss: 0.0134 - acc: 0.9962
2464/4534 [===============>..............] - ETA: 2s - loss: 0.0130 - acc: 0.9963
2528/4534 [===============>..............] - ETA: 2s - loss: 0.0132 - acc: 0.9960
2592/4534 [================>.............] - ETA: 2s - loss: 0.0131 - acc: 0.9961
2656/4534 [================>.............] - ETA: 2s - loss: 0.0128 - acc: 0.9962
2720/4534 [================>.............] - ETA: 2s - loss: 0.0129 - acc: 0.9960
2784/4534 [=================>............] - ETA: 2s - loss: 0.0127 - acc: 0.9960
2848/4534 [=================>............] - ETA: 1s - loss: 0.0139 - acc: 0.9958
2912/4534 [==================>...........] - ETA: 1s - loss: 0.0136 - acc: 0.9959
2976/4534 [==================>...........] - ETA: 1s - loss: 0.0133 - acc: 0.9960
3040/4534 [===================>..........] - ETA: 1s - loss: 0.0130 - acc: 0.9961
3104/4534 [===================>..........] - ETA: 1s - loss: 0.0129 - acc: 0.9961
3168/4534 [===================>..........] - ETA: 1s - loss: 0.0126 - acc: 0.9962
3232/4534 [====================>.........] - ETA: 1s - loss: 0.0125 - acc: 0.9963
3296/4534 [====================>.........] - ETA: 1s - loss: 0.0123 - acc: 0.9964
3360/4534 [=====================>........] - ETA: 1s - loss: 0.0131 - acc: 0.9958
3424/4534 [=====================>........] - ETA: 1s - loss: 0.0128 - acc: 0.9959
3488/4534 [======================>.......] - ETA: 1s - loss: 0.0126 - acc: 0.9960
3552/4534 [======================>.......] - ETA: 1s - loss: 0.0124 - acc: 0.9961
3616/4534 [======================>.......] - ETA: 1s - loss: 0.0123 - acc: 0.9961
3680/4534 [=======================>......] - ETA: 0s - loss: 0.0122 - acc: 0.9962
3744/4534 [=======================>......] - ETA: 0s - loss: 0.0120 - acc: 0.9963
3808/4534 [========================>.....] - ETA: 0s - loss: 0.0121 - acc: 0.9961
3872/4534 [========================>.....] - ETA: 0s - loss: 0.0119 - acc: 0.9961
3936/4534 [=========================>....] - ETA: 0s - loss: 0.0117 - acc: 0.9962
4000/4534 [=========================>....] - ETA: 0s - loss: 0.0115 - acc: 0.9962
4064/4534 [=========================>....] - ETA: 0s - loss: 0.0113 - acc: 0.9963
4128/4534 [==========================>...] - ETA: 0s - loss: 0.0112 - acc: 0.9964
4192/4534 [==========================>...] - ETA: 0s - loss: 0.0110 - acc: 0.9964
4256/4534 [===========================>..] - ETA: 0s - loss: 0.0109 - acc: 0.9965
4320/4534 [===========================>..] - ETA: 0s - loss: 0.0108 - acc: 0.9965
4384/4534 [============================>.] - ETA: 0s - loss: 0.0109 - acc: 0.9966
4448/4534 [============================>.] - ETA: 0s - loss: 0.0108 - acc: 0.9966
4512/4534 [============================>.] - ETA: 0s - loss: 0.0123 - acc: 0.9962
4534/4534 [==============================] - 6s 1ms/step - loss: 0.0122 - acc: 0.9963 - val_loss: 0.6929 - val_acc: 0.9418
Train on 4534 samples, validate on 1134 samples
Epoch 1/1

  32/4534 [..............................] - ETA: 5s - loss: 9.5269e-05 - acc: 1.0000
  96/4534 [..............................] - ETA: 5s - loss: 0.0021 - acc: 1.0000    
 160/4534 [>.............................] - ETA: 5s - loss: 0.0020 - acc: 1.0000
 224/4534 [>.............................] - ETA: 5s - loss: 0.0016 - acc: 1.0000
 288/4534 [>.............................] - ETA: 4s - loss: 0.0013 - acc: 1.0000
 352/4534 [=>............................] - ETA: 4s - loss: 0.0012 - acc: 1.0000
 416/4534 [=>............................] - ETA: 4s - loss: 0.0015 - acc: 1.0000
 480/4534 [==>...........................] - ETA: 4s - loss: 0.0017 - acc: 1.0000
 544/4534 [==>...........................] - ETA: 4s - loss: 0.0033 - acc: 0.9982
 608/4534 [===>..........................] - ETA: 4s - loss: 0.0045 - acc: 0.9967
 672/4534 [===>..........................] - ETA: 4s - loss: 0.0041 - acc: 0.9970
 736/4534 [===>..........................] - ETA: 4s - loss: 0.0039 - acc: 0.9973
 800/4534 [====>.........................] - ETA: 4s - loss: 0.0054 - acc: 0.9962
 864/4534 [====>.........................] - ETA: 4s - loss: 0.0238 - acc: 0.9954
 928/4534 [=====>........................] - ETA: 4s - loss: 0.0225 - acc: 0.9957
 992/4534 [=====>........................] - ETA: 4s - loss: 0.0215 - acc: 0.9960
1056/4534 [=====>........................] - ETA: 4s - loss: 0.0202 - acc: 0.9962
1120/4534 [======>.......................] - ETA: 3s - loss: 0.0191 - acc: 0.9964
1184/4534 [======>.......................] - ETA: 3s - loss: 0.0181 - acc: 0.9966
1248/4534 [=======>......................] - ETA: 3s - loss: 0.0172 - acc: 0.9968
1312/4534 [=======>......................] - ETA: 3s - loss: 0.0165 - acc: 0.9970
1376/4534 [========>.....................] - ETA: 3s - loss: 0.0160 - acc: 0.9971
1440/4534 [========>.....................] - ETA: 3s - loss: 0.0157 - acc: 0.9972
1504/4534 [========>.....................] - ETA: 3s - loss: 0.0150 - acc: 0.9973
1568/4534 [=========>....................] - ETA: 3s - loss: 0.0144 - acc: 0.9974
1632/4534 [=========>....................] - ETA: 3s - loss: 0.0150 - acc: 0.9969
1696/4534 [==========>...................] - ETA: 3s - loss: 0.0145 - acc: 0.9971
1760/4534 [==========>...................] - ETA: 3s - loss: 0.0141 - acc: 0.9972
1824/4534 [===========>..................] - ETA: 3s - loss: 0.0154 - acc: 0.9967
1888/4534 [===========>..................] - ETA: 3s - loss: 0.0152 - acc: 0.9968
1952/4534 [===========>..................] - ETA: 3s - loss: 0.0151 - acc: 0.9964
2016/4534 [============>.................] - ETA: 2s - loss: 0.0150 - acc: 0.9965
2080/4534 [============>.................] - ETA: 2s - loss: 0.0171 - acc: 0.9957
2144/4534 [=============>................] - ETA: 2s - loss: 0.0167 - acc: 0.9958
2208/4534 [=============>................] - ETA: 2s - loss: 0.0170 - acc: 0.9955
2272/4534 [==============>...............] - ETA: 2s - loss: 0.0165 - acc: 0.9956
2336/4534 [==============>...............] - ETA: 2s - loss: 0.0163 - acc: 0.9957
2400/4534 [==============>...............] - ETA: 2s - loss: 0.0159 - acc: 0.9958
2464/4534 [===============>..............] - ETA: 2s - loss: 0.0157 - acc: 0.9959
2528/4534 [===============>..............] - ETA: 2s - loss: 0.0156 - acc: 0.9960
2592/4534 [================>.............] - ETA: 2s - loss: 0.0153 - acc: 0.9961
2656/4534 [================>.............] - ETA: 2s - loss: 0.0149 - acc: 0.9962
2720/4534 [================>.............] - ETA: 2s - loss: 0.0148 - acc: 0.9963
2784/4534 [=================>............] - ETA: 2s - loss: 0.0145 - acc: 0.9964
2848/4534 [=================>............] - ETA: 1s - loss: 0.0142 - acc: 0.9965
2912/4534 [==================>...........] - ETA: 1s - loss: 0.0143 - acc: 0.9966
2976/4534 [==================>...........] - ETA: 1s - loss: 0.0143 - acc: 0.9966
3040/4534 [===================>..........] - ETA: 1s - loss: 0.0140 - acc: 0.9967
3104/4534 [===================>..........] - ETA: 1s - loss: 0.0138 - acc: 0.9968
3168/4534 [===================>..........] - ETA: 1s - loss: 0.0136 - acc: 0.9968
3232/4534 [====================>.........] - ETA: 1s - loss: 0.0133 - acc: 0.9969
3296/4534 [====================>.........] - ETA: 1s - loss: 0.0132 - acc: 0.9970
3360/4534 [=====================>........] - ETA: 1s - loss: 0.0131 - acc: 0.9970
3424/4534 [=====================>........] - ETA: 1s - loss: 0.0128 - acc: 0.9971
3488/4534 [======================>.......] - ETA: 1s - loss: 0.0126 - acc: 0.9971
3552/4534 [======================>.......] - ETA: 1s - loss: 0.0124 - acc: 0.9972
3616/4534 [======================>.......] - ETA: 1s - loss: 0.0133 - acc: 0.9967
3680/4534 [=======================>......] - ETA: 0s - loss: 0.0131 - acc: 0.9967
3744/4534 [=======================>......] - ETA: 0s - loss: 0.0131 - acc: 0.9968
3808/4534 [========================>.....] - ETA: 0s - loss: 0.0135 - acc: 0.9966
3872/4534 [========================>.....] - ETA: 0s - loss: 0.0135 - acc: 0.9964
3936/4534 [=========================>....] - ETA: 0s - loss: 0.0136 - acc: 0.9964
4000/4534 [=========================>....] - ETA: 0s - loss: 0.0134 - acc: 0.9965
4064/4534 [=========================>....] - ETA: 0s - loss: 0.0132 - acc: 0.9966
4128/4534 [==========================>...] - ETA: 0s - loss: 0.0131 - acc: 0.9966
4192/4534 [==========================>...] - ETA: 0s - loss: 0.0129 - acc: 0.9967
4256/4534 [===========================>..] - ETA: 0s - loss: 0.0132 - acc: 0.9965
4320/4534 [===========================>..] - ETA: 0s - loss: 0.0131 - acc: 0.9965
4384/4534 [============================>.] - ETA: 0s - loss: 0.0134 - acc: 0.9964
4448/4534 [============================>.] - ETA: 0s - loss: 0.0132 - acc: 0.9964
4512/4534 [============================>.] - ETA: 0s - loss: 0.0130 - acc: 0.9965
4534/4534 [==============================] - 6s 1ms/step - loss: 0.0130 - acc: 0.9965 - val_loss: 0.3108 - val_acc: 0.9665
Train on 4534 samples, validate on 1134 samples
Epoch 1/1

  32/4534 [..............................] - ETA: 5s - loss: 0.0017 - acc: 1.0000
  96/4534 [..............................] - ETA: 5s - loss: 0.0123 - acc: 0.9896
 160/4534 [>.............................] - ETA: 5s - loss: 0.0074 - acc: 0.9938
 224/4534 [>.............................] - ETA: 5s - loss: 0.0056 - acc: 0.9955
 288/4534 [>.............................] - ETA: 4s - loss: 0.0045 - acc: 0.9965
 352/4534 [=>............................] - ETA: 4s - loss: 0.0037 - acc: 0.9972
 416/4534 [=>............................] - ETA: 4s - loss: 0.0035 - acc: 0.9976
 480/4534 [==>...........................] - ETA: 4s - loss: 0.0032 - acc: 0.9979
 544/4534 [==>...........................] - ETA: 4s - loss: 0.0028 - acc: 0.9982
 608/4534 [===>..........................] - ETA: 4s - loss: 0.0025 - acc: 0.9984
 672/4534 [===>..........................] - ETA: 4s - loss: 0.0023 - acc: 0.9985
 736/4534 [===>..........................] - ETA: 4s - loss: 0.0041 - acc: 0.9973
 800/4534 [====>.........................] - ETA: 4s - loss: 0.0038 - acc: 0.9975
 864/4534 [====>.........................] - ETA: 4s - loss: 0.0085 - acc: 0.9965
 928/4534 [=====>........................] - ETA: 4s - loss: 0.0079 - acc: 0.9968
 992/4534 [=====>........................] - ETA: 4s - loss: 0.0074 - acc: 0.9970
1056/4534 [=====>........................] - ETA: 4s - loss: 0.0072 - acc: 0.9972
1120/4534 [======>.......................] - ETA: 3s - loss: 0.0068 - acc: 0.9973
1184/4534 [======>.......................] - ETA: 3s - loss: 0.0071 - acc: 0.9975
1248/4534 [=======>......................] - ETA: 3s - loss: 0.0068 - acc: 0.9976
1312/4534 [=======>......................] - ETA: 3s - loss: 0.0066 - acc: 0.9977
1376/4534 [========>.....................] - ETA: 3s - loss: 0.0066 - acc: 0.9978
1440/4534 [========>.....................] - ETA: 3s - loss: 0.0063 - acc: 0.9979
1504/4534 [========>.....................] - ETA: 3s - loss: 0.0063 - acc: 0.9980
1568/4534 [=========>....................] - ETA: 3s - loss: 0.0060 - acc: 0.9981
1632/4534 [=========>....................] - ETA: 3s - loss: 0.0058 - acc: 0.9982
1696/4534 [==========>...................] - ETA: 3s - loss: 0.0057 - acc: 0.9982
1760/4534 [==========>...................] - ETA: 3s - loss: 0.0062 - acc: 0.9977
1824/4534 [===========>..................] - ETA: 3s - loss: 0.0067 - acc: 0.9973
1888/4534 [===========>..................] - ETA: 3s - loss: 0.0065 - acc: 0.9974
1952/4534 [===========>..................] - ETA: 3s - loss: 0.0063 - acc: 0.9974
2016/4534 [============>.................] - ETA: 2s - loss: 0.0062 - acc: 0.9975
2080/4534 [============>.................] - ETA: 2s - loss: 0.0069 - acc: 0.9971
2144/4534 [=============>................] - ETA: 2s - loss: 0.0067 - acc: 0.9972
2208/4534 [=============>................] - ETA: 2s - loss: 0.0065 - acc: 0.9973
2272/4534 [==============>...............] - ETA: 2s - loss: 0.0064 - acc: 0.9974
2336/4534 [==============>...............] - ETA: 2s - loss: 0.0063 - acc: 0.9974
2400/4534 [==============>...............] - ETA: 2s - loss: 0.0062 - acc: 0.9975
2464/4534 [===============>..............] - ETA: 2s - loss: 0.0061 - acc: 0.9976
2528/4534 [===============>..............] - ETA: 2s - loss: 0.0059 - acc: 0.9976
2592/4534 [================>.............] - ETA: 2s - loss: 0.0063 - acc: 0.9973
2656/4534 [================>.............] - ETA: 2s - loss: 0.0062 - acc: 0.9974
2720/4534 [================>.............] - ETA: 2s - loss: 0.0061 - acc: 0.9974
2784/4534 [=================>............] - ETA: 2s - loss: 0.0060 - acc: 0.9975
2848/4534 [=================>............] - ETA: 1s - loss: 0.0059 - acc: 0.9975
2912/4534 [==================>...........] - ETA: 1s - loss: 0.0058 - acc: 0.9976
2976/4534 [==================>...........] - ETA: 1s - loss: 0.0058 - acc: 0.9976
3040/4534 [===================>..........] - ETA: 1s - loss: 0.0057 - acc: 0.9977
3104/4534 [===================>..........] - ETA: 1s - loss: 0.0057 - acc: 0.9977
3168/4534 [===================>..........] - ETA: 1s - loss: 0.0056 - acc: 0.9978
3232/4534 [====================>.........] - ETA: 1s - loss: 0.0056 - acc: 0.9978
3296/4534 [====================>.........] - ETA: 1s - loss: 0.0057 - acc: 0.9979
3360/4534 [=====================>........] - ETA: 1s - loss: 0.0057 - acc: 0.9979
3424/4534 [=====================>........] - ETA: 1s - loss: 0.0056 - acc: 0.9980
3488/4534 [======================>.......] - ETA: 1s - loss: 0.0057 - acc: 0.9980
3552/4534 [======================>.......] - ETA: 1s - loss: 0.0056 - acc: 0.9980
3616/4534 [======================>.......] - ETA: 1s - loss: 0.0055 - acc: 0.9981
3680/4534 [=======================>......] - ETA: 0s - loss: 0.0055 - acc: 0.9981
3744/4534 [=======================>......] - ETA: 0s - loss: 0.0054 - acc: 0.9981
3808/4534 [========================>.....] - ETA: 0s - loss: 0.0053 - acc: 0.9982
3872/4534 [========================>.....] - ETA: 0s - loss: 0.0053 - acc: 0.9982
3936/4534 [=========================>....] - ETA: 0s - loss: 0.0052 - acc: 0.9982
4000/4534 [=========================>....] - ETA: 0s - loss: 0.0053 - acc: 0.9982
4064/4534 [=========================>....] - ETA: 0s - loss: 0.0052 - acc: 0.9983
4128/4534 [==========================>...] - ETA: 0s - loss: 0.0052 - acc: 0.9983
4192/4534 [==========================>...] - ETA: 0s - loss: 0.0051 - acc: 0.9983
4256/4534 [===========================>..] - ETA: 0s - loss: 0.0051 - acc: 0.9984
4320/4534 [===========================>..] - ETA: 0s - loss: 0.0050 - acc: 0.9984
4384/4534 [============================>.] - ETA: 0s - loss: 0.0057 - acc: 0.9979
4448/4534 [============================>.] - ETA: 0s - loss: 0.0056 - acc: 0.9980
4512/4534 [============================>.] - ETA: 0s - loss: 0.0056 - acc: 0.9980
4534/4534 [==============================] - 6s 1ms/step - loss: 0.0056 - acc: 0.9980 - val_loss: 3.1718 - val_acc: 0.7892
Train on 4534 samples, validate on 1134 samples
Epoch 1/1

  32/4534 [..............................] - ETA: 5s - loss: 3.6062e-05 - acc: 1.0000
  96/4534 [..............................] - ETA: 5s - loss: 1.6402e-04 - acc: 1.0000
 160/4534 [>.............................] - ETA: 5s - loss: 4.8160e-04 - acc: 1.0000
 224/4534 [>.............................] - ETA: 5s - loss: 4.1859e-04 - acc: 1.0000
 288/4534 [>.............................] - ETA: 4s - loss: 3.3020e-04 - acc: 1.0000
 352/4534 [=>............................] - ETA: 4s - loss: 3.5080e-04 - acc: 1.0000
 416/4534 [=>............................] - ETA: 4s - loss: 3.4639e-04 - acc: 1.0000
 480/4534 [==>...........................] - ETA: 4s - loss: 6.4673e-04 - acc: 1.0000
 544/4534 [==>...........................] - ETA: 4s - loss: 5.7163e-04 - acc: 1.0000
 608/4534 [===>..........................] - ETA: 4s - loss: 5.2624e-04 - acc: 1.0000
 672/4534 [===>..........................] - ETA: 4s - loss: 5.6286e-04 - acc: 1.0000
 736/4534 [===>..........................] - ETA: 4s - loss: 6.6741e-04 - acc: 1.0000
 800/4534 [====>.........................] - ETA: 4s - loss: 6.3012e-04 - acc: 1.0000
 864/4534 [====>.........................] - ETA: 4s - loss: 6.0189e-04 - acc: 1.0000
 928/4534 [=====>........................] - ETA: 4s - loss: 5.6634e-04 - acc: 1.0000
 992/4534 [=====>........................] - ETA: 4s - loss: 6.3153e-04 - acc: 1.0000
1056/4534 [=====>........................] - ETA: 4s - loss: 5.9579e-04 - acc: 1.0000
1120/4534 [======>.......................] - ETA: 3s - loss: 5.6388e-04 - acc: 1.0000
1184/4534 [======>.......................] - ETA: 3s - loss: 0.0010 - acc: 1.0000    
1248/4534 [=======>......................] - ETA: 3s - loss: 0.0014 - acc: 1.0000
1312/4534 [=======>......................] - ETA: 3s - loss: 0.0014 - acc: 1.0000
1376/4534 [========>.....................] - ETA: 3s - loss: 0.0014 - acc: 1.0000
1440/4534 [========>.....................] - ETA: 3s - loss: 0.0013 - acc: 1.0000
1504/4534 [========>.....................] - ETA: 3s - loss: 0.0013 - acc: 1.0000
1568/4534 [=========>....................] - ETA: 3s - loss: 0.0013 - acc: 1.0000
1632/4534 [=========>....................] - ETA: 3s - loss: 0.0013 - acc: 1.0000
1696/4534 [==========>...................] - ETA: 3s - loss: 0.0013 - acc: 1.0000
1760/4534 [==========>...................] - ETA: 3s - loss: 0.0012 - acc: 1.0000
1824/4534 [===========>..................] - ETA: 3s - loss: 0.0014 - acc: 1.0000
1888/4534 [===========>..................] - ETA: 3s - loss: 0.0042 - acc: 0.9995
1952/4534 [===========>..................] - ETA: 3s - loss: 0.0041 - acc: 0.9995
2016/4534 [============>.................] - ETA: 2s - loss: 0.0039 - acc: 0.9995
2080/4534 [============>.................] - ETA: 2s - loss: 0.0038 - acc: 0.9995
2144/4534 [=============>................] - ETA: 2s - loss: 0.0045 - acc: 0.9991
2208/4534 [=============>................] - ETA: 2s - loss: 0.0044 - acc: 0.9991
2272/4534 [==============>...............] - ETA: 2s - loss: 0.0042 - acc: 0.9991
2336/4534 [==============>...............] - ETA: 2s - loss: 0.0041 - acc: 0.9991
2400/4534 [==============>...............] - ETA: 2s - loss: 0.0041 - acc: 0.9992
2464/4534 [===============>..............] - ETA: 2s - loss: 0.0041 - acc: 0.9992
2528/4534 [===============>..............] - ETA: 2s - loss: 0.0041 - acc: 0.9992
2592/4534 [================>.............] - ETA: 2s - loss: 0.0040 - acc: 0.9992
2656/4534 [================>.............] - ETA: 2s - loss: 0.0048 - acc: 0.9989
2720/4534 [================>.............] - ETA: 2s - loss: 0.0048 - acc: 0.9989
2784/4534 [=================>............] - ETA: 2s - loss: 0.0047 - acc: 0.9989
2848/4534 [=================>............] - ETA: 1s - loss: 0.0050 - acc: 0.9989
2912/4534 [==================>...........] - ETA: 1s - loss: 0.0049 - acc: 0.9990
2976/4534 [==================>...........] - ETA: 1s - loss: 0.0049 - acc: 0.9990
3040/4534 [===================>..........] - ETA: 1s - loss: 0.0048 - acc: 0.9990
3104/4534 [===================>..........] - ETA: 1s - loss: 0.0047 - acc: 0.9990
3168/4534 [===================>..........] - ETA: 1s - loss: 0.0048 - acc: 0.9991
3232/4534 [====================>.........] - ETA: 1s - loss: 0.0047 - acc: 0.9991
3296/4534 [====================>.........] - ETA: 1s - loss: 0.0046 - acc: 0.9991
3360/4534 [=====================>........] - ETA: 1s - loss: 0.0047 - acc: 0.9991
3424/4534 [=====================>........] - ETA: 1s - loss: 0.0046 - acc: 0.9991
3488/4534 [======================>.......] - ETA: 1s - loss: 0.0045 - acc: 0.9991
3552/4534 [======================>.......] - ETA: 1s - loss: 0.0046 - acc: 0.9992
3616/4534 [======================>.......] - ETA: 1s - loss: 0.0045 - acc: 0.9992
3680/4534 [=======================>......] - ETA: 0s - loss: 0.0049 - acc: 0.9989
3744/4534 [=======================>......] - ETA: 0s - loss: 0.0049 - acc: 0.9989
3808/4534 [========================>.....] - ETA: 0s - loss: 0.0048 - acc: 0.9989
3872/4534 [========================>.....] - ETA: 0s - loss: 0.0047 - acc: 0.9990
3936/4534 [=========================>....] - ETA: 0s - loss: 0.0046 - acc: 0.9990
4000/4534 [=========================>....] - ETA: 0s - loss: 0.0046 - acc: 0.9990
4064/4534 [=========================>....] - ETA: 0s - loss: 0.0051 - acc: 0.9988
4128/4534 [==========================>...] - ETA: 0s - loss: 0.0051 - acc: 0.9988
4192/4534 [==========================>...] - ETA: 0s - loss: 0.0050 - acc: 0.9988
4256/4534 [===========================>..] - ETA: 0s - loss: 0.0049 - acc: 0.9988
4320/4534 [===========================>..] - ETA: 0s - loss: 0.0049 - acc: 0.9988
4384/4534 [============================>.] - ETA: 0s - loss: 0.0048 - acc: 0.9989
4448/4534 [============================>.] - ETA: 0s - loss: 0.0048 - acc: 0.9989
4512/4534 [============================>.] - ETA: 0s - loss: 0.0047 - acc: 0.9989
4534/4534 [==============================] - 6s 1ms/step - loss: 0.0047 - acc: 0.9989 - val_loss: 4.7799 - val_acc: 0.7002
Train on 4534 samples, validate on 1134 samples
Epoch 1/1

  32/4534 [..............................] - ETA: 5s - loss: 1.4923e-05 - acc: 1.0000
  96/4534 [..............................] - ETA: 5s - loss: 0.0051 - acc: 1.0000    
 160/4534 [>.............................] - ETA: 5s - loss: 0.0036 - acc: 1.0000
 224/4534 [>.............................] - ETA: 4s - loss: 0.0035 - acc: 1.0000
 288/4534 [>.............................] - ETA: 4s - loss: 0.0027 - acc: 1.0000
 352/4534 [=>............................] - ETA: 4s - loss: 0.0026 - acc: 1.0000
 416/4534 [=>............................] - ETA: 4s - loss: 0.0022 - acc: 1.0000
 480/4534 [==>...........................] - ETA: 4s - loss: 0.0019 - acc: 1.0000
 544/4534 [==>...........................] - ETA: 4s - loss: 0.0017 - acc: 1.0000
 608/4534 [===>..........................] - ETA: 4s - loss: 0.0086 - acc: 0.9984
 672/4534 [===>..........................] - ETA: 4s - loss: 0.0087 - acc: 0.9985
 736/4534 [===>..........................] - ETA: 4s - loss: 0.0080 - acc: 0.9986
 800/4534 [====>.........................] - ETA: 4s - loss: 0.0074 - acc: 0.9988
 864/4534 [====>.........................] - ETA: 4s - loss: 0.0069 - acc: 0.9988
 928/4534 [=====>........................] - ETA: 4s - loss: 0.0064 - acc: 0.9989
 992/4534 [=====>........................] - ETA: 4s - loss: 0.0060 - acc: 0.9990
1056/4534 [=====>........................] - ETA: 4s - loss: 0.0058 - acc: 0.9991
1120/4534 [======>.......................] - ETA: 3s - loss: 0.0058 - acc: 0.9991
1184/4534 [======>.......................] - ETA: 3s - loss: 0.0056 - acc: 0.9992
1248/4534 [=======>......................] - ETA: 3s - loss: 0.0053 - acc: 0.9992
1312/4534 [=======>......................] - ETA: 3s - loss: 0.0051 - acc: 0.9992
1376/4534 [========>.....................] - ETA: 3s - loss: 0.0049 - acc: 0.9993
1440/4534 [========>.....................] - ETA: 3s - loss: 0.0047 - acc: 0.9993
1504/4534 [========>.....................] - ETA: 3s - loss: 0.0152 - acc: 0.9987
1568/4534 [=========>....................] - ETA: 3s - loss: 0.0146 - acc: 0.9987
1632/4534 [=========>....................] - ETA: 3s - loss: 0.0141 - acc: 0.9988
1696/4534 [==========>...................] - ETA: 3s - loss: 0.0143 - acc: 0.9982
1760/4534 [==========>...................] - ETA: 3s - loss: 0.0139 - acc: 0.9983
1824/4534 [===========>..................] - ETA: 3s - loss: 0.0136 - acc: 0.9984
1888/4534 [===========>..................] - ETA: 3s - loss: 0.0131 - acc: 0.9984
1952/4534 [===========>..................] - ETA: 3s - loss: 0.0127 - acc: 0.9985
2016/4534 [============>.................] - ETA: 2s - loss: 0.0130 - acc: 0.9980
2080/4534 [============>.................] - ETA: 2s - loss: 0.0126 - acc: 0.9981
2144/4534 [=============>................] - ETA: 2s - loss: 0.0123 - acc: 0.9981
2208/4534 [=============>................] - ETA: 2s - loss: 0.0121 - acc: 0.9982
2272/4534 [==============>...............] - ETA: 2s - loss: 0.0118 - acc: 0.9982
2336/4534 [==============>...............] - ETA: 2s - loss: 0.0114 - acc: 0.9983
2400/4534 [==============>...............] - ETA: 2s - loss: 0.0112 - acc: 0.9983
2464/4534 [===============>..............] - ETA: 2s - loss: 0.0110 - acc: 0.9984
2528/4534 [===============>..............] - ETA: 2s - loss: 0.0107 - acc: 0.9984
2592/4534 [================>.............] - ETA: 2s - loss: 0.0106 - acc: 0.9985
2656/4534 [================>.............] - ETA: 2s - loss: 0.0104 - acc: 0.9985
2720/4534 [================>.............] - ETA: 2s - loss: 0.0101 - acc: 0.9985
2784/4534 [=================>............] - ETA: 2s - loss: 0.0099 - acc: 0.9986
2848/4534 [=================>............] - ETA: 1s - loss: 0.0097 - acc: 0.9986
2912/4534 [==================>...........] - ETA: 1s - loss: 0.0096 - acc: 0.9986
2976/4534 [==================>...........] - ETA: 1s - loss: 0.0094 - acc: 0.9987
3040/4534 [===================>..........] - ETA: 1s - loss: 0.0092 - acc: 0.9987
3104/4534 [===================>..........] - ETA: 1s - loss: 0.0090 - acc: 0.9987
3168/4534 [===================>..........] - ETA: 1s - loss: 0.0089 - acc: 0.9987
3232/4534 [====================>.........] - ETA: 1s - loss: 0.0087 - acc: 0.9988
3296/4534 [====================>.........] - ETA: 1s - loss: 0.0086 - acc: 0.9988
3360/4534 [=====================>........] - ETA: 1s - loss: 0.0085 - acc: 0.9988
3424/4534 [=====================>........] - ETA: 1s - loss: 0.0083 - acc: 0.9988
3488/4534 [======================>.......] - ETA: 1s - loss: 0.0081 - acc: 0.9989
3552/4534 [======================>.......] - ETA: 1s - loss: 0.0082 - acc: 0.9986
3616/4534 [======================>.......] - ETA: 1s - loss: 0.0082 - acc: 0.9986
3680/4534 [=======================>......] - ETA: 0s - loss: 0.0082 - acc: 0.9986
3744/4534 [=======================>......] - ETA: 0s - loss: 0.0081 - acc: 0.9987
3808/4534 [========================>.....] - ETA: 0s - loss: 0.0079 - acc: 0.9987
3872/4534 [========================>.....] - ETA: 0s - loss: 0.0078 - acc: 0.9987
3936/4534 [=========================>....] - ETA: 0s - loss: 0.0077 - acc: 0.9987
4000/4534 [=========================>....] - ETA: 0s - loss: 0.0076 - acc: 0.9988
4064/4534 [=========================>....] - ETA: 0s - loss: 0.0075 - acc: 0.9988
4128/4534 [==========================>...] - ETA: 0s - loss: 0.0073 - acc: 0.9988
4192/4534 [==========================>...] - ETA: 0s - loss: 0.0073 - acc: 0.9988
4256/4534 [===========================>..] - ETA: 0s - loss: 0.0072 - acc: 0.9988
4320/4534 [===========================>..] - ETA: 0s - loss: 0.0071 - acc: 0.9988
4384/4534 [============================>.] - ETA: 0s - loss: 0.0069 - acc: 0.9989
4448/4534 [============================>.] - ETA: 0s - loss: 0.0069 - acc: 0.9989
4512/4534 [============================>.] - ETA: 0s - loss: 0.0068 - acc: 0.9989
4534/4534 [==============================] - 6s 1ms/step - loss: 0.0067 - acc: 0.9989 - val_loss: 4.4708 - val_acc: 0.7196
Train on 4534 samples, validate on 1134 samples
Epoch 1/1

  32/4534 [..............................] - ETA: 5s - loss: 5.3392e-04 - acc: 1.0000
  96/4534 [..............................] - ETA: 5s - loss: 1.8636e-04 - acc: 1.0000
 160/4534 [>.............................] - ETA: 5s - loss: 1.1542e-04 - acc: 1.0000
 224/4534 [>.............................] - ETA: 5s - loss: 9.4791e-05 - acc: 1.0000
 288/4534 [>.............................] - ETA: 4s - loss: 4.5135e-04 - acc: 1.0000
 352/4534 [=>............................] - ETA: 4s - loss: 3.6998e-04 - acc: 1.0000
 416/4534 [=>............................] - ETA: 4s - loss: 3.4325e-04 - acc: 1.0000
 480/4534 [==>...........................] - ETA: 4s - loss: 2.9750e-04 - acc: 1.0000
 544/4534 [==>...........................] - ETA: 4s - loss: 4.1132e-04 - acc: 1.0000
 608/4534 [===>..........................] - ETA: 4s - loss: 3.8263e-04 - acc: 1.0000
 672/4534 [===>..........................] - ETA: 4s - loss: 4.3505e-04 - acc: 1.0000
 736/4534 [===>..........................] - ETA: 4s - loss: 4.0564e-04 - acc: 1.0000
 800/4534 [====>.........................] - ETA: 4s - loss: 3.7523e-04 - acc: 1.0000
 864/4534 [====>.........................] - ETA: 4s - loss: 3.6303e-04 - acc: 1.0000
 928/4534 [=====>........................] - ETA: 4s - loss: 3.4904e-04 - acc: 1.0000
 992/4534 [=====>........................] - ETA: 4s - loss: 3.6251e-04 - acc: 1.0000
1056/4534 [=====>........................] - ETA: 4s - loss: 3.4575e-04 - acc: 1.0000
1120/4534 [======>.......................] - ETA: 3s - loss: 3.3420e-04 - acc: 1.0000
1184/4534 [======>.......................] - ETA: 3s - loss: 3.1650e-04 - acc: 1.0000
1248/4534 [=======>......................] - ETA: 3s - loss: 3.1602e-04 - acc: 1.0000
1312/4534 [=======>......................] - ETA: 3s - loss: 3.3088e-04 - acc: 1.0000
1376/4534 [========>.....................] - ETA: 3s - loss: 3.1679e-04 - acc: 1.0000
1440/4534 [========>.....................] - ETA: 3s - loss: 3.0281e-04 - acc: 1.0000
1504/4534 [========>.....................] - ETA: 3s - loss: 3.0765e-04 - acc: 1.0000
1568/4534 [=========>....................] - ETA: 3s - loss: 2.9514e-04 - acc: 1.0000
1632/4534 [=========>....................] - ETA: 3s - loss: 2.8363e-04 - acc: 1.0000
1696/4534 [==========>...................] - ETA: 3s - loss: 4.0424e-04 - acc: 1.0000
1760/4534 [==========>...................] - ETA: 3s - loss: 4.0806e-04 - acc: 1.0000
1824/4534 [===========>..................] - ETA: 3s - loss: 3.9385e-04 - acc: 1.0000
1888/4534 [===========>..................] - ETA: 3s - loss: 3.8381e-04 - acc: 1.0000
1952/4534 [===========>..................] - ETA: 3s - loss: 8.2853e-04 - acc: 1.0000
2016/4534 [============>.................] - ETA: 2s - loss: 8.0351e-04 - acc: 1.0000
2080/4534 [============>.................] - ETA: 2s - loss: 7.7981e-04 - acc: 1.0000
2144/4534 [=============>................] - ETA: 2s - loss: 7.5757e-04 - acc: 1.0000
2208/4534 [=============>................] - ETA: 2s - loss: 7.3741e-04 - acc: 1.0000
2272/4534 [==============>...............] - ETA: 2s - loss: 0.0072 - acc: 0.9996    
2336/4534 [==============>...............] - ETA: 2s - loss: 0.0071 - acc: 0.9996
2400/4534 [==============>...............] - ETA: 2s - loss: 0.0069 - acc: 0.9996
2464/4534 [===============>..............] - ETA: 2s - loss: 0.0070 - acc: 0.9996
2528/4534 [===============>..............] - ETA: 2s - loss: 0.0068 - acc: 0.9996
2592/4534 [================>.............] - ETA: 2s - loss: 0.0067 - acc: 0.9996
2656/4534 [================>.............] - ETA: 2s - loss: 0.0065 - acc: 0.9996
2720/4534 [================>.............] - ETA: 2s - loss: 0.0064 - acc: 0.9996
2784/4534 [=================>............] - ETA: 2s - loss: 0.0064 - acc: 0.9996
2848/4534 [=================>............] - ETA: 1s - loss: 0.0062 - acc: 0.9996
2912/4534 [==================>...........] - ETA: 1s - loss: 0.0062 - acc: 0.9997
2976/4534 [==================>...........] - ETA: 1s - loss: 0.0061 - acc: 0.9997
3040/4534 [===================>..........] - ETA: 1s - loss: 0.0062 - acc: 0.9993
3104/4534 [===================>..........] - ETA: 1s - loss: 0.0061 - acc: 0.9994
3168/4534 [===================>..........] - ETA: 1s - loss: 0.0060 - acc: 0.9994
3232/4534 [====================>.........] - ETA: 1s - loss: 0.0059 - acc: 0.9994
3296/4534 [====================>.........] - ETA: 1s - loss: 0.0059 - acc: 0.9994
3360/4534 [=====================>........] - ETA: 1s - loss: 0.0057 - acc: 0.9994
3424/4534 [=====================>........] - ETA: 1s - loss: 0.0057 - acc: 0.9994
3488/4534 [======================>.......] - ETA: 1s - loss: 0.0056 - acc: 0.9994
3552/4534 [======================>.......] - ETA: 1s - loss: 0.0057 - acc: 0.9994
3616/4534 [======================>.......] - ETA: 1s - loss: 0.0058 - acc: 0.9994
3680/4534 [=======================>......] - ETA: 0s - loss: 0.0058 - acc: 0.9995
3744/4534 [=======================>......] - ETA: 0s - loss: 0.0057 - acc: 0.9995
3808/4534 [========================>.....] - ETA: 0s - loss: 0.0056 - acc: 0.9995
3872/4534 [========================>.....] - ETA: 0s - loss: 0.0055 - acc: 0.9995
3936/4534 [=========================>....] - ETA: 0s - loss: 0.0054 - acc: 0.9995
4000/4534 [=========================>....] - ETA: 0s - loss: 0.0053 - acc: 0.9995
4064/4534 [=========================>....] - ETA: 0s - loss: 0.0053 - acc: 0.9995
4128/4534 [==========================>...] - ETA: 0s - loss: 0.0052 - acc: 0.9995
4192/4534 [==========================>...] - ETA: 0s - loss: 0.0051 - acc: 0.9995
4256/4534 [===========================>..] - ETA: 0s - loss: 0.0051 - acc: 0.9995
4320/4534 [===========================>..] - ETA: 0s - loss: 0.0051 - acc: 0.9995
4384/4534 [============================>.] - ETA: 0s - loss: 0.0050 - acc: 0.9995
4448/4534 [============================>.] - ETA: 0s - loss: 0.0049 - acc: 0.9996
4512/4534 [============================>.] - ETA: 0s - loss: 0.0048 - acc: 0.9996
4534/4534 [==============================] - 6s 1ms/step - loss: 0.0048 - acc: 0.9996 - val_loss: 0.4505 - val_acc: 0.9718
Train on 4534 samples, validate on 1134 samples
Epoch 1/1

  32/4534 [..............................] - ETA: 5s - loss: 2.2572e-06 - acc: 1.0000
  96/4534 [..............................] - ETA: 5s - loss: 4.0311e-05 - acc: 1.0000
 160/4534 [>.............................] - ETA: 5s - loss: 7.0199e-05 - acc: 1.0000
 224/4534 [>.............................] - ETA: 5s - loss: 0.0020 - acc: 1.0000    
 288/4534 [>.............................] - ETA: 4s - loss: 0.0024 - acc: 1.0000
 352/4534 [=>............................] - ETA: 4s - loss: 0.0020 - acc: 1.0000
 416/4534 [=>............................] - ETA: 4s - loss: 0.0017 - acc: 1.0000
 480/4534 [==>...........................] - ETA: 4s - loss: 0.0015 - acc: 1.0000
 544/4534 [==>...........................] - ETA: 4s - loss: 0.0013 - acc: 1.0000
 608/4534 [===>..........................] - ETA: 4s - loss: 0.0016 - acc: 1.0000
 672/4534 [===>..........................] - ETA: 4s - loss: 0.0016 - acc: 1.0000
 736/4534 [===>..........................] - ETA: 4s - loss: 0.0014 - acc: 1.0000
 800/4534 [====>.........................] - ETA: 4s - loss: 0.0013 - acc: 1.0000
 864/4534 [====>.........................] - ETA: 4s - loss: 0.0012 - acc: 1.0000
 928/4534 [=====>........................] - ETA: 4s - loss: 0.0011 - acc: 1.0000
 992/4534 [=====>........................] - ETA: 4s - loss: 0.0031 - acc: 0.9990
1056/4534 [=====>........................] - ETA: 4s - loss: 0.0030 - acc: 0.9991
1120/4534 [======>.......................] - ETA: 3s - loss: 0.0028 - acc: 0.9991
1184/4534 [======>.......................] - ETA: 3s - loss: 0.0026 - acc: 0.9992
1248/4534 [=======>......................] - ETA: 3s - loss: 0.0025 - acc: 0.9992
1312/4534 [=======>......................] - ETA: 3s - loss: 0.0024 - acc: 0.9992
1376/4534 [========>.....................] - ETA: 3s - loss: 0.0023 - acc: 0.9993
1440/4534 [========>.....................] - ETA: 3s - loss: 0.0064 - acc: 0.9986
1504/4534 [========>.....................] - ETA: 3s - loss: 0.0064 - acc: 0.9987
1568/4534 [=========>....................] - ETA: 3s - loss: 0.0063 - acc: 0.9987
1632/4534 [=========>....................] - ETA: 3s - loss: 0.0061 - acc: 0.9988
1696/4534 [==========>...................] - ETA: 3s - loss: 0.0068 - acc: 0.9982
1760/4534 [==========>...................] - ETA: 3s - loss: 0.0066 - acc: 0.9983
1824/4534 [===========>..................] - ETA: 3s - loss: 0.0065 - acc: 0.9984
1888/4534 [===========>..................] - ETA: 3s - loss: 0.0067 - acc: 0.9984
1952/4534 [===========>..................] - ETA: 3s - loss: 0.0076 - acc: 0.9980
2016/4534 [============>.................] - ETA: 2s - loss: 0.0074 - acc: 0.9980
2080/4534 [============>.................] - ETA: 2s - loss: 0.0075 - acc: 0.9981
2144/4534 [=============>................] - ETA: 2s - loss: 0.0078 - acc: 0.9981
2208/4534 [=============>................] - ETA: 2s - loss: 0.0087 - acc: 0.9977
2272/4534 [==============>...............] - ETA: 2s - loss: 0.0087 - acc: 0.9978
2336/4534 [==============>...............] - ETA: 2s - loss: 0.0085 - acc: 0.9979
2400/4534 [==============>...............] - ETA: 2s - loss: 0.0083 - acc: 0.9979
2464/4534 [===============>..............] - ETA: 2s - loss: 0.0083 - acc: 0.9980
2528/4534 [===============>..............] - ETA: 2s - loss: 0.0081 - acc: 0.9980
2592/4534 [================>.............] - ETA: 2s - loss: 0.0079 - acc: 0.9981
2656/4534 [================>.............] - ETA: 2s - loss: 0.0078 - acc: 0.9981
2720/4534 [================>.............] - ETA: 2s - loss: 0.0076 - acc: 0.9982
2784/4534 [=================>............] - ETA: 2s - loss: 0.0075 - acc: 0.9982
2848/4534 [=================>............] - ETA: 1s - loss: 0.0074 - acc: 0.9982
2912/4534 [==================>...........] - ETA: 1s - loss: 0.0072 - acc: 0.9983
2976/4534 [==================>...........] - ETA: 1s - loss: 0.0071 - acc: 0.9983
3040/4534 [===================>..........] - ETA: 1s - loss: 0.0069 - acc: 0.9984
3104/4534 [===================>..........] - ETA: 1s - loss: 0.0071 - acc: 0.9981
3168/4534 [===================>..........] - ETA: 1s - loss: 0.0070 - acc: 0.9981
3232/4534 [====================>.........] - ETA: 1s - loss: 0.0070 - acc: 0.9981
3296/4534 [====================>.........] - ETA: 1s - loss: 0.0069 - acc: 0.9982
3360/4534 [=====================>........] - ETA: 1s - loss: 0.0068 - acc: 0.9982
3424/4534 [=====================>........] - ETA: 1s - loss: 0.0067 - acc: 0.9982
3488/4534 [======================>.......] - ETA: 1s - loss: 0.0066 - acc: 0.9983
3552/4534 [======================>.......] - ETA: 1s - loss: 0.0067 - acc: 0.9980
3616/4534 [======================>.......] - ETA: 1s - loss: 0.0065 - acc: 0.9981
3680/4534 [=======================>......] - ETA: 0s - loss: 0.0065 - acc: 0.9981
3744/4534 [=======================>......] - ETA: 0s - loss: 0.0064 - acc: 0.9981
3808/4534 [========================>.....] - ETA: 0s - loss: 0.0063 - acc: 0.9982
3872/4534 [========================>.....] - ETA: 0s - loss: 0.0064 - acc: 0.9979
3936/4534 [=========================>....] - ETA: 0s - loss: 0.0063 - acc: 0.9980
4000/4534 [=========================>....] - ETA: 0s - loss: 0.0062 - acc: 0.9980
4064/4534 [=========================>....] - ETA: 0s - loss: 0.0061 - acc: 0.9980
4128/4534 [==========================>...] - ETA: 0s - loss: 0.0062 - acc: 0.9978
4192/4534 [==========================>...] - ETA: 0s - loss: 0.0062 - acc: 0.9979
4256/4534 [===========================>..] - ETA: 0s - loss: 0.0061 - acc: 0.9979
4320/4534 [===========================>..] - ETA: 0s - loss: 0.0060 - acc: 0.9979
4384/4534 [============================>.] - ETA: 0s - loss: 0.0061 - acc: 0.9977
4448/4534 [============================>.] - ETA: 0s - loss: 0.0061 - acc: 0.9978
4512/4534 [============================>.] - ETA: 0s - loss: 0.0060 - acc: 0.9978
4534/4534 [==============================] - 6s 1ms/step - loss: 0.0060 - acc: 0.9978 - val_loss: 0.3971 - val_acc: 0.9709
Train on 4534 samples, validate on 1134 samples
Epoch 1/1

  32/4534 [..............................] - ETA: 5s - loss: 3.4943e-04 - acc: 1.0000
  96/4534 [..............................] - ETA: 5s - loss: 0.0040 - acc: 1.0000    
 160/4534 [>.............................] - ETA: 5s - loss: 0.0049 - acc: 1.0000
 224/4534 [>.............................] - ETA: 4s - loss: 0.0047 - acc: 1.0000
 288/4534 [>.............................] - ETA: 4s - loss: 0.0037 - acc: 1.0000
 352/4534 [=>............................] - ETA: 4s - loss: 0.0041 - acc: 1.0000
 416/4534 [=>............................] - ETA: 4s - loss: 0.0036 - acc: 1.0000
 480/4534 [==>...........................] - ETA: 4s - loss: 0.0032 - acc: 1.0000
 544/4534 [==>...........................] - ETA: 4s - loss: 0.0028 - acc: 1.0000
 608/4534 [===>..........................] - ETA: 4s - loss: 0.0027 - acc: 1.0000
 672/4534 [===>..........................] - ETA: 4s - loss: 0.0027 - acc: 1.0000
 736/4534 [===>..........................] - ETA: 4s - loss: 0.0025 - acc: 1.0000
 800/4534 [====>.........................] - ETA: 4s - loss: 0.0024 - acc: 1.0000
 864/4534 [====>.........................] - ETA: 4s - loss: 0.0022 - acc: 1.0000
 928/4534 [=====>........................] - ETA: 4s - loss: 0.0021 - acc: 1.0000
 992/4534 [=====>........................] - ETA: 4s - loss: 0.0020 - acc: 1.0000
1056/4534 [=====>........................] - ETA: 4s - loss: 0.0019 - acc: 1.0000
1120/4534 [======>.......................] - ETA: 3s - loss: 0.0017 - acc: 1.0000
1184/4534 [======>.......................] - ETA: 3s - loss: 0.0017 - acc: 1.0000
1248/4534 [=======>......................] - ETA: 3s - loss: 0.0016 - acc: 1.0000
1312/4534 [=======>......................] - ETA: 3s - loss: 0.0015 - acc: 1.0000
1376/4534 [========>.....................] - ETA: 3s - loss: 0.0014 - acc: 1.0000
1440/4534 [========>.....................] - ETA: 3s - loss: 0.0014 - acc: 1.0000
1504/4534 [========>.....................] - ETA: 3s - loss: 0.0013 - acc: 1.0000
1568/4534 [=========>....................] - ETA: 3s - loss: 0.0116 - acc: 0.9994
1632/4534 [=========>....................] - ETA: 3s - loss: 0.0114 - acc: 0.9994
1696/4534 [==========>...................] - ETA: 3s - loss: 0.0110 - acc: 0.9994
1760/4534 [==========>...................] - ETA: 3s - loss: 0.0106 - acc: 0.9994
1824/4534 [===========>..................] - ETA: 3s - loss: 0.0103 - acc: 0.9995
1888/4534 [===========>..................] - ETA: 3s - loss: 0.0099 - acc: 0.9995
1952/4534 [===========>..................] - ETA: 3s - loss: 0.0097 - acc: 0.9995
2016/4534 [============>.................] - ETA: 2s - loss: 0.0094 - acc: 0.9995
2080/4534 [============>.................] - ETA: 2s - loss: 0.0092 - acc: 0.9995
2144/4534 [=============>................] - ETA: 2s - loss: 0.0089 - acc: 0.9995
2208/4534 [=============>................] - ETA: 2s - loss: 0.0093 - acc: 0.9991
2272/4534 [==============>...............] - ETA: 2s - loss: 0.0090 - acc: 0.9991
2336/4534 [==============>...............] - ETA: 2s - loss: 0.0088 - acc: 0.9991
2400/4534 [==============>...............] - ETA: 2s - loss: 0.0085 - acc: 0.9992
2464/4534 [===============>..............] - ETA: 2s - loss: 0.0083 - acc: 0.9992
2528/4534 [===============>..............] - ETA: 2s - loss: 0.0081 - acc: 0.9992
2592/4534 [================>.............] - ETA: 2s - loss: 0.0079 - acc: 0.9992
2656/4534 [================>.............] - ETA: 2s - loss: 0.0078 - acc: 0.9992
2720/4534 [================>.............] - ETA: 2s - loss: 0.0076 - acc: 0.9993
2784/4534 [=================>............] - ETA: 2s - loss: 0.0074 - acc: 0.9993
2848/4534 [=================>............] - ETA: 1s - loss: 0.0073 - acc: 0.9993
2912/4534 [==================>...........] - ETA: 1s - loss: 0.0072 - acc: 0.9993
2976/4534 [==================>...........] - ETA: 1s - loss: 0.0071 - acc: 0.9993
3040/4534 [===================>..........] - ETA: 1s - loss: 0.0069 - acc: 0.9993
3104/4534 [===================>..........] - ETA: 1s - loss: 0.0068 - acc: 0.9994
3168/4534 [===================>..........] - ETA: 1s - loss: 0.0066 - acc: 0.9994
3232/4534 [====================>.........] - ETA: 1s - loss: 0.0065 - acc: 0.9994
3296/4534 [====================>.........] - ETA: 1s - loss: 0.0064 - acc: 0.9994
3360/4534 [=====================>........] - ETA: 1s - loss: 0.0063 - acc: 0.9994
3424/4534 [=====================>........] - ETA: 1s - loss: 0.0062 - acc: 0.9994
3488/4534 [======================>.......] - ETA: 1s - loss: 0.0061 - acc: 0.9994
3552/4534 [======================>.......] - ETA: 1s - loss: 0.0060 - acc: 0.9994
3616/4534 [======================>.......] - ETA: 1s - loss: 0.0059 - acc: 0.9994
3680/4534 [=======================>......] - ETA: 0s - loss: 0.0058 - acc: 0.9995
3744/4534 [=======================>......] - ETA: 0s - loss: 0.0057 - acc: 0.9995
3808/4534 [========================>.....] - ETA: 0s - loss: 0.0056 - acc: 0.9995
3872/4534 [========================>.....] - ETA: 0s - loss: 0.0055 - acc: 0.9995
3936/4534 [=========================>....] - ETA: 0s - loss: 0.0054 - acc: 0.9995
4000/4534 [=========================>....] - ETA: 0s - loss: 0.0053 - acc: 0.9995
4064/4534 [=========================>....] - ETA: 0s - loss: 0.0052 - acc: 0.9995
4128/4534 [==========================>...] - ETA: 0s - loss: 0.0052 - acc: 0.9995
4192/4534 [==========================>...] - ETA: 0s - loss: 0.0051 - acc: 0.9995
4256/4534 [===========================>..] - ETA: 0s - loss: 0.0050 - acc: 0.9995
4320/4534 [===========================>..] - ETA: 0s - loss: 0.0049 - acc: 0.9995
4384/4534 [============================>.] - ETA: 0s - loss: 0.0049 - acc: 0.9995
4448/4534 [============================>.] - ETA: 0s - loss: 0.0048 - acc: 0.9996
4512/4534 [============================>.] - ETA: 0s - loss: 0.0047 - acc: 0.9996
4534/4534 [==============================] - 6s 1ms/step - loss: 0.0047 - acc: 0.9996 - val_loss: 3.2689 - val_acc: 0.7937

  32/1418 [..............................] - ETA: 21s
  96/1418 [=>............................] - ETA: 7s 
 160/1418 [==>...........................] - ETA: 4s
 224/1418 [===>..........................] - ETA: 3s
 288/1418 [=====>........................] - ETA: 2s
 352/1418 [======>.......................] - ETA: 2s
 416/1418 [=======>......................] - ETA: 2s
 480/1418 [=========>....................] - ETA: 1s
 544/1418 [==========>...................] - ETA: 1s
 608/1418 [===========>..................] - ETA: 1s
 672/1418 [=============>................] - ETA: 1s
 736/1418 [==============>...............] - ETA: 1s
 800/1418 [===============>..............] - ETA: 0s
 864/1418 [=================>............] - ETA: 0s
 928/1418 [==================>...........] - ETA: 0s
 992/1418 [===================>..........] - ETA: 0s
1056/1418 [=====================>........] - ETA: 0s
1120/1418 [======================>.......] - ETA: 0s
1184/1418 [========================>.....] - ETA: 0s
1248/1418 [=========================>....] - ETA: 0s
1312/1418 [==========================>...] - ETA: 0s
1376/1418 [============================>.] - ETA: 0s
1418/1418 [==============================] - 2s 1ms/step
Test acc: 0.9830747530053465
Test auc: 0.9944211766245663
Execute epoch: 14
Execute time: 103.89359331130981
(W) Execute time: 101.83851432800293
