_________________________________________________________________
Layer (type)                 Output Shape              Param #   
=================================================================
embedding_1 (Embedding)      (None, None, 128)         297984    
_________________________________________________________________
lstm_1 (LSTM)                (None, None, 64)          49408     
_________________________________________________________________
lstm_2 (LSTM)                (None, None, 64)          33024     
_________________________________________________________________
lstm_3 (LSTM)                (None, 64)                33024     
_________________________________________________________________
dense_1 (Dense)              (None, 16)                1040      
_________________________________________________________________
dense_2 (Dense)              (None, 1)                 17        
=================================================================
Total params: 414,497
Trainable params: 414,497
Non-trainable params: 0
_________________________________________________________________
Train on 4534 samples, validate on 1134 samples
Epoch 1/1

  32/4534 [..............................] - ETA: 8:03 - loss: 0.6928 - acc: 0.6250
  96/4534 [..............................] - ETA: 2:42 - loss: 0.6938 - acc: 0.4479
 160/4534 [>.............................] - ETA: 1:38 - loss: 0.6937 - acc: 0.4250
 224/4534 [>.............................] - ETA: 1:11 - loss: 0.6935 - acc: 0.4643
 288/4534 [>.............................] - ETA: 56s - loss: 0.6933 - acc: 0.4861 
 352/4534 [=>............................] - ETA: 46s - loss: 0.6932 - acc: 0.4972
 416/4534 [=>............................] - ETA: 39s - loss: 0.6929 - acc: 0.5240
 480/4534 [==>...........................] - ETA: 34s - loss: 0.6926 - acc: 0.5396
 544/4534 [==>...........................] - ETA: 30s - loss: 0.6925 - acc: 0.5460
 608/4534 [===>..........................] - ETA: 27s - loss: 0.6922 - acc: 0.5526
 672/4534 [===>..........................] - ETA: 24s - loss: 0.6922 - acc: 0.5506
 736/4534 [===>..........................] - ETA: 22s - loss: 0.6918 - acc: 0.5584
 800/4534 [====>.........................] - ETA: 21s - loss: 0.6917 - acc: 0.5575
 864/4534 [====>.........................] - ETA: 19s - loss: 0.6913 - acc: 0.5625
 928/4534 [=====>........................] - ETA: 18s - loss: 0.6910 - acc: 0.5647
 992/4534 [=====>........................] - ETA: 17s - loss: 0.6908 - acc: 0.5625
1056/4534 [=====>........................] - ETA: 16s - loss: 0.6907 - acc: 0.5597
1120/4534 [======>.......................] - ETA: 15s - loss: 0.6896 - acc: 0.5643
1184/4534 [======>.......................] - ETA: 14s - loss: 0.6889 - acc: 0.5659
1248/4534 [=======>......................] - ETA: 13s - loss: 0.6890 - acc: 0.5617
1312/4534 [=======>......................] - ETA: 12s - loss: 0.6875 - acc: 0.5625
1376/4534 [========>.....................] - ETA: 12s - loss: 0.6845 - acc: 0.5661
1440/4534 [========>.....................] - ETA: 11s - loss: 0.6814 - acc: 0.5694
1504/4534 [========>.....................] - ETA: 11s - loss: 0.6736 - acc: 0.5751
1568/4534 [=========>....................] - ETA: 10s - loss: 0.6701 - acc: 0.5727
1632/4534 [=========>....................] - ETA: 10s - loss: 0.6722 - acc: 0.5705
1696/4534 [==========>...................] - ETA: 9s - loss: 0.6661 - acc: 0.5743 
1760/4534 [==========>...................] - ETA: 9s - loss: 0.6599 - acc: 0.5847
1824/4534 [===========>..................] - ETA: 8s - loss: 0.6549 - acc: 0.5916
1888/4534 [===========>..................] - ETA: 8s - loss: 0.6493 - acc: 0.5985
1952/4534 [===========>..................] - ETA: 8s - loss: 0.6443 - acc: 0.6030
2016/4534 [============>.................] - ETA: 7s - loss: 0.6383 - acc: 0.6091
2080/4534 [============>.................] - ETA: 7s - loss: 0.6314 - acc: 0.6178
2144/4534 [=============>................] - ETA: 7s - loss: 0.6277 - acc: 0.6255
2208/4534 [=============>................] - ETA: 6s - loss: 0.6196 - acc: 0.6318
2272/4534 [==============>...............] - ETA: 6s - loss: 0.6149 - acc: 0.6386
2336/4534 [==============>...............] - ETA: 6s - loss: 0.6051 - acc: 0.6455
2400/4534 [==============>...............] - ETA: 6s - loss: 0.5980 - acc: 0.6512
2464/4534 [===============>..............] - ETA: 5s - loss: 0.5893 - acc: 0.6567
2528/4534 [===============>..............] - ETA: 5s - loss: 0.5803 - acc: 0.6614
2592/4534 [================>.............] - ETA: 5s - loss: 0.5750 - acc: 0.6663
2656/4534 [================>.............] - ETA: 5s - loss: 0.5651 - acc: 0.6724
2720/4534 [================>.............] - ETA: 4s - loss: 0.5582 - acc: 0.6783
2784/4534 [=================>............] - ETA: 4s - loss: 0.5506 - acc: 0.6846
2848/4534 [=================>............] - ETA: 4s - loss: 0.5498 - acc: 0.6886
2912/4534 [==================>...........] - ETA: 4s - loss: 0.5422 - acc: 0.6937
2976/4534 [==================>...........] - ETA: 3s - loss: 0.5347 - acc: 0.6989
3040/4534 [===================>..........] - ETA: 3s - loss: 0.5261 - acc: 0.7049
3104/4534 [===================>..........] - ETA: 3s - loss: 0.5178 - acc: 0.7101
3168/4534 [===================>..........] - ETA: 3s - loss: 0.5120 - acc: 0.7146
3232/4534 [====================>.........] - ETA: 3s - loss: 0.5062 - acc: 0.7184
3296/4534 [====================>.........] - ETA: 3s - loss: 0.4994 - acc: 0.7227
3360/4534 [=====================>........] - ETA: 2s - loss: 0.4931 - acc: 0.7274
3424/4534 [=====================>........] - ETA: 2s - loss: 0.4900 - acc: 0.7319
3488/4534 [======================>.......] - ETA: 2s - loss: 0.4913 - acc: 0.7362
3552/4534 [======================>.......] - ETA: 2s - loss: 0.4851 - acc: 0.7401
3616/4534 [======================>.......] - ETA: 2s - loss: 0.4794 - acc: 0.7436
3680/4534 [=======================>......] - ETA: 2s - loss: 0.4740 - acc: 0.7470
3744/4534 [=======================>......] - ETA: 1s - loss: 0.4684 - acc: 0.7508
3808/4534 [========================>.....] - ETA: 1s - loss: 0.4643 - acc: 0.7537
3872/4534 [========================>.....] - ETA: 1s - loss: 0.4608 - acc: 0.7570
3936/4534 [=========================>....] - ETA: 1s - loss: 0.4551 - acc: 0.7607
4000/4534 [=========================>....] - ETA: 1s - loss: 0.4502 - acc: 0.7635
4064/4534 [=========================>....] - ETA: 1s - loss: 0.4445 - acc: 0.7672
4128/4534 [==========================>...] - ETA: 0s - loss: 0.4404 - acc: 0.7703
4192/4534 [==========================>...] - ETA: 0s - loss: 0.4350 - acc: 0.7736
4256/4534 [===========================>..] - ETA: 0s - loss: 0.4292 - acc: 0.7770
4320/4534 [===========================>..] - ETA: 0s - loss: 0.4244 - acc: 0.7799
4384/4534 [============================>.] - ETA: 0s - loss: 0.4191 - acc: 0.7831
4448/4534 [============================>.] - ETA: 0s - loss: 0.4141 - acc: 0.7853
4512/4534 [============================>.] - ETA: 0s - loss: 0.4092 - acc: 0.7881
4534/4534 [==============================] - 11s 2ms/step - loss: 0.4087 - acc: 0.7889 - val_loss: 8.2865 - val_acc: 0.4859
Train on 4534 samples, validate on 1134 samples
Epoch 1/1

  32/4534 [..............................] - ETA: 6s - loss: 0.1229 - acc: 0.9375
  96/4534 [..............................] - ETA: 6s - loss: 0.0570 - acc: 0.9792
 160/4534 [>.............................] - ETA: 6s - loss: 0.0384 - acc: 0.9875
 224/4534 [>.............................] - ETA: 6s - loss: 0.0553 - acc: 0.9777
 288/4534 [>.............................] - ETA: 6s - loss: 0.0491 - acc: 0.9826
 352/4534 [=>............................] - ETA: 6s - loss: 0.0516 - acc: 0.9801
 416/4534 [=>............................] - ETA: 5s - loss: 0.0444 - acc: 0.9832
 480/4534 [==>...........................] - ETA: 5s - loss: 0.0670 - acc: 0.9792
 544/4534 [==>...........................] - ETA: 5s - loss: 0.0714 - acc: 0.9779
 608/4534 [===>..........................] - ETA: 5s - loss: 0.0679 - acc: 0.9770
 672/4534 [===>..........................] - ETA: 5s - loss: 0.0677 - acc: 0.9762
 736/4534 [===>..........................] - ETA: 5s - loss: 0.0648 - acc: 0.9769
 800/4534 [====>.........................] - ETA: 5s - loss: 0.0626 - acc: 0.9788
 864/4534 [====>.........................] - ETA: 5s - loss: 0.0607 - acc: 0.9792
 928/4534 [=====>........................] - ETA: 5s - loss: 0.0574 - acc: 0.9806
 992/4534 [=====>........................] - ETA: 5s - loss: 0.0545 - acc: 0.9819
1056/4534 [=====>........................] - ETA: 4s - loss: 0.0541 - acc: 0.9820
1120/4534 [======>.......................] - ETA: 4s - loss: 0.0520 - acc: 0.9830
1184/4534 [======>.......................] - ETA: 4s - loss: 0.0518 - acc: 0.9823
1248/4534 [=======>......................] - ETA: 4s - loss: 0.0534 - acc: 0.9816
1312/4534 [=======>......................] - ETA: 4s - loss: 0.0522 - acc: 0.9825
1376/4534 [========>.....................] - ETA: 4s - loss: 0.0509 - acc: 0.9833
1440/4534 [========>.....................] - ETA: 4s - loss: 0.0550 - acc: 0.9833
1504/4534 [========>.....................] - ETA: 4s - loss: 0.0536 - acc: 0.9834
1568/4534 [=========>....................] - ETA: 4s - loss: 0.0521 - acc: 0.9841
1632/4534 [=========>....................] - ETA: 4s - loss: 0.0518 - acc: 0.9841
1696/4534 [==========>...................] - ETA: 4s - loss: 0.0523 - acc: 0.9835
1760/4534 [==========>...................] - ETA: 3s - loss: 0.0635 - acc: 0.9824
1824/4534 [===========>..................] - ETA: 3s - loss: 0.0628 - acc: 0.9825
1888/4534 [===========>..................] - ETA: 3s - loss: 0.0622 - acc: 0.9820
1952/4534 [===========>..................] - ETA: 3s - loss: 0.0619 - acc: 0.9816
2016/4534 [============>.................] - ETA: 3s - loss: 0.0604 - acc: 0.9821
2080/4534 [============>.................] - ETA: 3s - loss: 0.0588 - acc: 0.9827
2144/4534 [=============>................] - ETA: 3s - loss: 0.0578 - acc: 0.9827
2208/4534 [=============>................] - ETA: 3s - loss: 0.0565 - acc: 0.9832
2272/4534 [==============>...............] - ETA: 3s - loss: 0.0557 - acc: 0.9837
2336/4534 [==============>...............] - ETA: 3s - loss: 0.0562 - acc: 0.9833
2400/4534 [==============>...............] - ETA: 3s - loss: 0.0556 - acc: 0.9838
2464/4534 [===============>..............] - ETA: 2s - loss: 0.0561 - acc: 0.9834
2528/4534 [===============>..............] - ETA: 2s - loss: 0.0612 - acc: 0.9834
2592/4534 [================>.............] - ETA: 2s - loss: 0.0606 - acc: 0.9834
2656/4534 [================>.............] - ETA: 2s - loss: 0.0598 - acc: 0.9838
2720/4534 [================>.............] - ETA: 2s - loss: 0.0587 - acc: 0.9838
2784/4534 [=================>............] - ETA: 2s - loss: 0.0582 - acc: 0.9835
2848/4534 [=================>............] - ETA: 2s - loss: 0.0571 - acc: 0.9838
2912/4534 [==================>...........] - ETA: 2s - loss: 0.0568 - acc: 0.9839
2976/4534 [==================>...........] - ETA: 2s - loss: 0.0610 - acc: 0.9832
3040/4534 [===================>..........] - ETA: 2s - loss: 0.0605 - acc: 0.9832
3104/4534 [===================>..........] - ETA: 2s - loss: 0.0608 - acc: 0.9826
3168/4534 [===================>..........] - ETA: 1s - loss: 0.0607 - acc: 0.9823
3232/4534 [====================>.........] - ETA: 1s - loss: 0.0602 - acc: 0.9824
3296/4534 [====================>.........] - ETA: 1s - loss: 0.0625 - acc: 0.9809
3360/4534 [=====================>........] - ETA: 1s - loss: 0.0648 - acc: 0.9804
3424/4534 [=====================>........] - ETA: 1s - loss: 0.0649 - acc: 0.9798
3488/4534 [======================>.......] - ETA: 1s - loss: 0.0676 - acc: 0.9794
3552/4534 [======================>.......] - ETA: 1s - loss: 0.0676 - acc: 0.9792
3616/4534 [======================>.......] - ETA: 1s - loss: 0.0673 - acc: 0.9793
3680/4534 [=======================>......] - ETA: 1s - loss: 0.0673 - acc: 0.9788
3744/4534 [=======================>......] - ETA: 1s - loss: 0.0671 - acc: 0.9792
3808/4534 [========================>.....] - ETA: 1s - loss: 0.0666 - acc: 0.9793
3872/4534 [========================>.....] - ETA: 0s - loss: 0.0660 - acc: 0.9796
3936/4534 [=========================>....] - ETA: 0s - loss: 0.0664 - acc: 0.9792
4000/4534 [=========================>....] - ETA: 0s - loss: 0.0662 - acc: 0.9792
4064/4534 [=========================>....] - ETA: 0s - loss: 0.0656 - acc: 0.9793
4128/4534 [==========================>...] - ETA: 0s - loss: 0.0648 - acc: 0.9797
4192/4534 [==========================>...] - ETA: 0s - loss: 0.0643 - acc: 0.9797
4256/4534 [===========================>..] - ETA: 0s - loss: 0.0642 - acc: 0.9796
4320/4534 [===========================>..] - ETA: 0s - loss: 0.0634 - acc: 0.9799
4384/4534 [============================>.] - ETA: 0s - loss: 0.0630 - acc: 0.9797
4448/4534 [============================>.] - ETA: 0s - loss: 0.0621 - acc: 0.9800
4512/4534 [============================>.] - ETA: 0s - loss: 0.0613 - acc: 0.9803
4534/4534 [==============================] - 8s 2ms/step - loss: 0.0610 - acc: 0.9804 - val_loss: 3.8301 - val_acc: 0.7593
Train on 4534 samples, validate on 1134 samples
Epoch 1/1

  32/4534 [..............................] - ETA: 6s - loss: 1.1679e-05 - acc: 1.0000
  96/4534 [..............................] - ETA: 6s - loss: 0.0182 - acc: 0.9896    
 160/4534 [>.............................] - ETA: 6s - loss: 0.0112 - acc: 0.9938
 224/4534 [>.............................] - ETA: 6s - loss: 0.0177 - acc: 0.9911
 288/4534 [>.............................] - ETA: 6s - loss: 0.0246 - acc: 0.9861
 352/4534 [=>............................] - ETA: 5s - loss: 0.0227 - acc: 0.9858
 416/4534 [=>............................] - ETA: 5s - loss: 0.0220 - acc: 0.9880
 480/4534 [==>...........................] - ETA: 5s - loss: 0.0194 - acc: 0.9896
 544/4534 [==>...........................] - ETA: 5s - loss: 0.0183 - acc: 0.9908
 608/4534 [===>..........................] - ETA: 5s - loss: 0.0177 - acc: 0.9918
 672/4534 [===>..........................] - ETA: 5s - loss: 0.0182 - acc: 0.9911
 736/4534 [===>..........................] - ETA: 5s - loss: 0.0176 - acc: 0.9918
 800/4534 [====>.........................] - ETA: 5s - loss: 0.0164 - acc: 0.9925
 864/4534 [====>.........................] - ETA: 5s - loss: 0.0152 - acc: 0.9931
 928/4534 [=====>........................] - ETA: 5s - loss: 0.0158 - acc: 0.9925
 992/4534 [=====>........................] - ETA: 5s - loss: 0.0154 - acc: 0.9929
1056/4534 [=====>........................] - ETA: 4s - loss: 0.0145 - acc: 0.9934
1120/4534 [======>.......................] - ETA: 4s - loss: 0.0140 - acc: 0.9938
1184/4534 [======>.......................] - ETA: 4s - loss: 0.0151 - acc: 0.9932
1248/4534 [=======>......................] - ETA: 4s - loss: 0.0143 - acc: 0.9936
1312/4534 [=======>......................] - ETA: 4s - loss: 0.0153 - acc: 0.9931
1376/4534 [========>.....................] - ETA: 4s - loss: 0.0150 - acc: 0.9935
1440/4534 [========>.....................] - ETA: 4s - loss: 0.0146 - acc: 0.9938
1504/4534 [========>.....................] - ETA: 4s - loss: 0.0151 - acc: 0.9940
1568/4534 [=========>....................] - ETA: 4s - loss: 0.0226 - acc: 0.9936
1632/4534 [=========>....................] - ETA: 4s - loss: 0.0220 - acc: 0.9939
1696/4534 [==========>...................] - ETA: 4s - loss: 0.0212 - acc: 0.9941
1760/4534 [==========>...................] - ETA: 3s - loss: 0.0207 - acc: 0.9943
1824/4534 [===========>..................] - ETA: 3s - loss: 0.0203 - acc: 0.9945
1888/4534 [===========>..................] - ETA: 3s - loss: 0.0199 - acc: 0.9947
1952/4534 [===========>..................] - ETA: 3s - loss: 0.0290 - acc: 0.9933
2016/4534 [============>.................] - ETA: 3s - loss: 0.0328 - acc: 0.9931
2080/4534 [============>.................] - ETA: 3s - loss: 0.0323 - acc: 0.9933
2144/4534 [=============>................] - ETA: 3s - loss: 0.0317 - acc: 0.9935
2208/4534 [=============>................] - ETA: 3s - loss: 0.0312 - acc: 0.9937
2272/4534 [==============>...............] - ETA: 3s - loss: 0.0308 - acc: 0.9938
2336/4534 [==============>...............] - ETA: 3s - loss: 0.0306 - acc: 0.9936
2400/4534 [==============>...............] - ETA: 3s - loss: 0.0348 - acc: 0.9929
2464/4534 [===============>..............] - ETA: 2s - loss: 0.0341 - acc: 0.9931
2528/4534 [===============>..............] - ETA: 2s - loss: 0.0401 - acc: 0.9929
2592/4534 [================>.............] - ETA: 2s - loss: 0.0393 - acc: 0.9931
2656/4534 [================>.............] - ETA: 2s - loss: 0.0392 - acc: 0.9928
2720/4534 [================>.............] - ETA: 2s - loss: 0.0400 - acc: 0.9923
2784/4534 [=================>............] - ETA: 2s - loss: 0.0393 - acc: 0.9925
2848/4534 [=================>............] - ETA: 2s - loss: 0.0386 - acc: 0.9926
2912/4534 [==================>...........] - ETA: 2s - loss: 0.0378 - acc: 0.9928
2976/4534 [==================>...........] - ETA: 2s - loss: 0.0372 - acc: 0.9929
3040/4534 [===================>..........] - ETA: 2s - loss: 0.0365 - acc: 0.9931
3104/4534 [===================>..........] - ETA: 2s - loss: 0.0363 - acc: 0.9929
3168/4534 [===================>..........] - ETA: 1s - loss: 0.0392 - acc: 0.9918
3232/4534 [====================>.........] - ETA: 1s - loss: 0.0386 - acc: 0.9920
3296/4534 [====================>.........] - ETA: 1s - loss: 0.0379 - acc: 0.9921
3360/4534 [=====================>........] - ETA: 1s - loss: 0.0374 - acc: 0.9920
3424/4534 [=====================>........] - ETA: 1s - loss: 0.0368 - acc: 0.9921
3488/4534 [======================>.......] - ETA: 1s - loss: 0.0362 - acc: 0.9923
3552/4534 [======================>.......] - ETA: 1s - loss: 0.0374 - acc: 0.9918
3616/4534 [======================>.......] - ETA: 1s - loss: 0.0372 - acc: 0.9917
3680/4534 [=======================>......] - ETA: 1s - loss: 0.0368 - acc: 0.9918
3744/4534 [=======================>......] - ETA: 1s - loss: 0.0370 - acc: 0.9915
3808/4534 [========================>.....] - ETA: 1s - loss: 0.0368 - acc: 0.9916
3872/4534 [========================>.....] - ETA: 0s - loss: 0.0364 - acc: 0.9917
3936/4534 [=========================>....] - ETA: 0s - loss: 0.0362 - acc: 0.9919
4000/4534 [=========================>....] - ETA: 0s - loss: 0.0402 - acc: 0.9915
4064/4534 [=========================>....] - ETA: 0s - loss: 0.0398 - acc: 0.9916
4128/4534 [==========================>...] - ETA: 0s - loss: 0.0392 - acc: 0.9918
4192/4534 [==========================>...] - ETA: 0s - loss: 0.0396 - acc: 0.9917
4256/4534 [===========================>..] - ETA: 0s - loss: 0.0397 - acc: 0.9915
4320/4534 [===========================>..] - ETA: 0s - loss: 0.0398 - acc: 0.9912
4384/4534 [============================>.] - ETA: 0s - loss: 0.0393 - acc: 0.9913
4448/4534 [============================>.] - ETA: 0s - loss: 0.0388 - acc: 0.9915
4512/4534 [============================>.] - ETA: 0s - loss: 0.0383 - acc: 0.9916
4534/4534 [==============================] - 8s 2ms/step - loss: 0.0382 - acc: 0.9916 - val_loss: 6.7499 - val_acc: 0.5811
Train on 4534 samples, validate on 1134 samples
Epoch 1/1

  32/4534 [..............................] - ETA: 6s - loss: 0.0070 - acc: 1.0000
  96/4534 [..............................] - ETA: 6s - loss: 0.0034 - acc: 1.0000
 160/4534 [>.............................] - ETA: 6s - loss: 0.0026 - acc: 1.0000
 224/4534 [>.............................] - ETA: 6s - loss: 0.0021 - acc: 1.0000
 288/4534 [>.............................] - ETA: 6s - loss: 0.0033 - acc: 1.0000
 352/4534 [=>............................] - ETA: 5s - loss: 0.0050 - acc: 1.0000
 416/4534 [=>............................] - ETA: 5s - loss: 0.0044 - acc: 1.0000
 480/4534 [==>...........................] - ETA: 5s - loss: 0.0044 - acc: 1.0000
 544/4534 [==>...........................] - ETA: 5s - loss: 0.0140 - acc: 0.9982
 608/4534 [===>..........................] - ETA: 5s - loss: 0.0388 - acc: 0.9967
 672/4534 [===>..........................] - ETA: 5s - loss: 0.0366 - acc: 0.9970
 736/4534 [===>..........................] - ETA: 5s - loss: 0.0334 - acc: 0.9973
 800/4534 [====>.........................] - ETA: 5s - loss: 0.0313 - acc: 0.9975
 864/4534 [====>.........................] - ETA: 5s - loss: 0.0311 - acc: 0.9965
 928/4534 [=====>........................] - ETA: 5s - loss: 0.0290 - acc: 0.9968
 992/4534 [=====>........................] - ETA: 5s - loss: 0.0271 - acc: 0.9970
1056/4534 [=====>........................] - ETA: 4s - loss: 0.0267 - acc: 0.9962
1120/4534 [======>.......................] - ETA: 4s - loss: 0.0252 - acc: 0.9964
1184/4534 [======>.......................] - ETA: 4s - loss: 0.0247 - acc: 0.9966
1248/4534 [=======>......................] - ETA: 4s - loss: 0.0365 - acc: 0.9960
1312/4534 [=======>......................] - ETA: 4s - loss: 0.0349 - acc: 0.9962
1376/4534 [========>.....................] - ETA: 4s - loss: 0.0334 - acc: 0.9964
1440/4534 [========>.....................] - ETA: 4s - loss: 0.0319 - acc: 0.9965
1504/4534 [========>.....................] - ETA: 4s - loss: 0.0319 - acc: 0.9960
1568/4534 [=========>....................] - ETA: 4s - loss: 0.0307 - acc: 0.9962
1632/4534 [=========>....................] - ETA: 4s - loss: 0.0297 - acc: 0.9963
1696/4534 [==========>...................] - ETA: 4s - loss: 0.0287 - acc: 0.9965
1760/4534 [==========>...................] - ETA: 3s - loss: 0.0277 - acc: 0.9966
1824/4534 [===========>..................] - ETA: 3s - loss: 0.0270 - acc: 0.9967
1888/4534 [===========>..................] - ETA: 3s - loss: 0.0261 - acc: 0.9968
1952/4534 [===========>..................] - ETA: 3s - loss: 0.0256 - acc: 0.9969
2016/4534 [============>.................] - ETA: 3s - loss: 0.0251 - acc: 0.9970
2080/4534 [============>.................] - ETA: 3s - loss: 0.0244 - acc: 0.9971
2144/4534 [=============>................] - ETA: 3s - loss: 0.0239 - acc: 0.9972
2208/4534 [=============>................] - ETA: 3s - loss: 0.0243 - acc: 0.9964
2272/4534 [==============>...............] - ETA: 3s - loss: 0.0236 - acc: 0.9965
2336/4534 [==============>...............] - ETA: 3s - loss: 0.0353 - acc: 0.9957
2400/4534 [==============>...............] - ETA: 3s - loss: 0.0344 - acc: 0.9958
2464/4534 [===============>..............] - ETA: 2s - loss: 0.0338 - acc: 0.9959
2528/4534 [===============>..............] - ETA: 2s - loss: 0.0457 - acc: 0.9953
2592/4534 [================>.............] - ETA: 2s - loss: 0.0447 - acc: 0.9954
2656/4534 [================>.............] - ETA: 2s - loss: 0.0437 - acc: 0.9955
2720/4534 [================>.............] - ETA: 2s - loss: 0.0429 - acc: 0.9956
2784/4534 [=================>............] - ETA: 2s - loss: 0.0429 - acc: 0.9950
2848/4534 [=================>............] - ETA: 2s - loss: 0.0419 - acc: 0.9951
2912/4534 [==================>...........] - ETA: 2s - loss: 0.0455 - acc: 0.9945
2976/4534 [==================>...........] - ETA: 2s - loss: 0.0447 - acc: 0.9946
3040/4534 [===================>..........] - ETA: 2s - loss: 0.0493 - acc: 0.9944
3104/4534 [===================>..........] - ETA: 2s - loss: 0.0540 - acc: 0.9939
3168/4534 [===================>..........] - ETA: 1s - loss: 0.0530 - acc: 0.9940
3232/4534 [====================>.........] - ETA: 1s - loss: 0.0521 - acc: 0.9941
3296/4534 [====================>.........] - ETA: 1s - loss: 0.0545 - acc: 0.9939
3360/4534 [=====================>........] - ETA: 1s - loss: 0.0540 - acc: 0.9940
3424/4534 [=====================>........] - ETA: 1s - loss: 0.0535 - acc: 0.9939
3488/4534 [======================>.......] - ETA: 1s - loss: 0.0533 - acc: 0.9937
3552/4534 [======================>.......] - ETA: 1s - loss: 0.0526 - acc: 0.9938
3616/4534 [======================>.......] - ETA: 1s - loss: 0.0518 - acc: 0.9939
3680/4534 [=======================>......] - ETA: 1s - loss: 0.0511 - acc: 0.9940
3744/4534 [=======================>......] - ETA: 1s - loss: 0.0504 - acc: 0.9941
3808/4534 [========================>.....] - ETA: 1s - loss: 0.0497 - acc: 0.9942
3872/4534 [========================>.....] - ETA: 0s - loss: 0.0496 - acc: 0.9941
3936/4534 [=========================>....] - ETA: 0s - loss: 0.0489 - acc: 0.9942
4000/4534 [=========================>....] - ETA: 0s - loss: 0.0484 - acc: 0.9942
4064/4534 [=========================>....] - ETA: 0s - loss: 0.0479 - acc: 0.9943
4128/4534 [==========================>...] - ETA: 0s - loss: 0.0476 - acc: 0.9944
4192/4534 [==========================>...] - ETA: 0s - loss: 0.0470 - acc: 0.9945
4256/4534 [===========================>..] - ETA: 0s - loss: 0.0463 - acc: 0.9946
4320/4534 [===========================>..] - ETA: 0s - loss: 0.0483 - acc: 0.9944
4384/4534 [============================>.] - ETA: 0s - loss: 0.0478 - acc: 0.9943
4448/4534 [============================>.] - ETA: 0s - loss: 0.0473 - acc: 0.9944
4512/4534 [============================>.] - ETA: 0s - loss: 0.0472 - acc: 0.9942
4534/4534 [==============================] - 8s 2ms/step - loss: 0.0470 - acc: 0.9943 - val_loss: 0.0958 - val_acc: 0.9859
Train on 4534 samples, validate on 1134 samples
Epoch 1/1

  32/4534 [..............................] - ETA: 6s - loss: 0.0228 - acc: 1.0000
  96/4534 [..............................] - ETA: 6s - loss: 0.0129 - acc: 1.0000
 160/4534 [>.............................] - ETA: 6s - loss: 0.0226 - acc: 0.9938
 224/4534 [>.............................] - ETA: 6s - loss: 0.0204 - acc: 0.9955
 288/4534 [>.............................] - ETA: 6s - loss: 0.0184 - acc: 0.9965
 352/4534 [=>............................] - ETA: 5s - loss: 0.0177 - acc: 0.9972
 416/4534 [=>............................] - ETA: 5s - loss: 0.0164 - acc: 0.9976
 480/4534 [==>...........................] - ETA: 5s - loss: 0.0150 - acc: 0.9979
 544/4534 [==>...........................] - ETA: 5s - loss: 0.0434 - acc: 0.9963
 608/4534 [===>..........................] - ETA: 5s - loss: 0.0400 - acc: 0.9967
 672/4534 [===>..........................] - ETA: 5s - loss: 0.0370 - acc: 0.9970
 736/4534 [===>..........................] - ETA: 5s - loss: 0.0393 - acc: 0.9959
 800/4534 [====>.........................] - ETA: 5s - loss: 0.0368 - acc: 0.9962
 864/4534 [====>.........................] - ETA: 5s - loss: 0.0346 - acc: 0.9965
 928/4534 [=====>........................] - ETA: 5s - loss: 0.0324 - acc: 0.9968
 992/4534 [=====>........................] - ETA: 5s - loss: 0.0309 - acc: 0.9970
1056/4534 [=====>........................] - ETA: 4s - loss: 0.0292 - acc: 0.9972
1120/4534 [======>.......................] - ETA: 4s - loss: 0.0430 - acc: 0.9964
1184/4534 [======>.......................] - ETA: 4s - loss: 0.0413 - acc: 0.9966
1248/4534 [=======>......................] - ETA: 4s - loss: 0.0394 - acc: 0.9968
1312/4534 [=======>......................] - ETA: 4s - loss: 0.0516 - acc: 0.9954
1376/4534 [========>.....................] - ETA: 4s - loss: 0.0492 - acc: 0.9956
1440/4534 [========>.....................] - ETA: 4s - loss: 0.0582 - acc: 0.9951
1504/4534 [========>.....................] - ETA: 4s - loss: 0.0558 - acc: 0.9953
1568/4534 [=========>....................] - ETA: 4s - loss: 0.0536 - acc: 0.9955
1632/4534 [=========>....................] - ETA: 4s - loss: 0.0520 - acc: 0.9957
1696/4534 [==========>...................] - ETA: 4s - loss: 0.0502 - acc: 0.9959
1760/4534 [==========>...................] - ETA: 3s - loss: 0.0486 - acc: 0.9960
1824/4534 [===========>..................] - ETA: 3s - loss: 0.0469 - acc: 0.9962
1888/4534 [===========>..................] - ETA: 3s - loss: 0.0458 - acc: 0.9963
1952/4534 [===========>..................] - ETA: 3s - loss: 0.0443 - acc: 0.9964
2016/4534 [============>.................] - ETA: 3s - loss: 0.0431 - acc: 0.9965
2080/4534 [============>.................] - ETA: 3s - loss: 0.0420 - acc: 0.9966
2144/4534 [=============>................] - ETA: 3s - loss: 0.0408 - acc: 0.9967
2208/4534 [=============>................] - ETA: 3s - loss: 0.0396 - acc: 0.9968
2272/4534 [==============>...............] - ETA: 3s - loss: 0.0387 - acc: 0.9969
2336/4534 [==============>...............] - ETA: 3s - loss: 0.0378 - acc: 0.9970
2400/4534 [==============>...............] - ETA: 3s - loss: 0.0378 - acc: 0.9967
2464/4534 [===============>..............] - ETA: 2s - loss: 0.0369 - acc: 0.9968
2528/4534 [===============>..............] - ETA: 2s - loss: 0.0360 - acc: 0.9968
2592/4534 [================>.............] - ETA: 2s - loss: 0.0351 - acc: 0.9969
2624/4534 [================>.............] - ETA: 2s - loss: 0.0346 - acc: 0.9970
2688/4534 [================>.............] - ETA: 2s - loss: 0.0398 - acc: 0.9967
2752/4534 [=================>............] - ETA: 2s - loss: 0.0391 - acc: 0.9967
2816/4534 [=================>............] - ETA: 2s - loss: 0.0382 - acc: 0.9968
2880/4534 [==================>...........] - ETA: 2s - loss: 0.0376 - acc: 0.9969
2944/4534 [==================>...........] - ETA: 2s - loss: 0.0368 - acc: 0.9969
3008/4534 [==================>...........] - ETA: 2s - loss: 0.0365 - acc: 0.9967
3072/4534 [===================>..........] - ETA: 2s - loss: 0.0373 - acc: 0.9961
3136/4534 [===================>..........] - ETA: 1s - loss: 0.0469 - acc: 0.9955
3200/4534 [====================>.........] - ETA: 1s - loss: 0.0460 - acc: 0.9956
3264/4534 [====================>.........] - ETA: 1s - loss: 0.0451 - acc: 0.9957
3328/4534 [=====================>........] - ETA: 1s - loss: 0.0449 - acc: 0.9955
3392/4534 [=====================>........] - ETA: 1s - loss: 0.0445 - acc: 0.9953
3456/4534 [=====================>........] - ETA: 1s - loss: 0.0441 - acc: 0.9951
3520/4534 [======================>.......] - ETA: 1s - loss: 0.0436 - acc: 0.9949
3584/4534 [======================>.......] - ETA: 1s - loss: 0.0434 - acc: 0.9947
3648/4534 [=======================>......] - ETA: 1s - loss: 0.0429 - acc: 0.9948
3712/4534 [=======================>......] - ETA: 1s - loss: 0.0423 - acc: 0.9949
3776/4534 [=======================>......] - ETA: 1s - loss: 0.0423 - acc: 0.9947
3840/4534 [========================>.....] - ETA: 0s - loss: 0.0416 - acc: 0.9948
3904/4534 [========================>.....] - ETA: 0s - loss: 0.0411 - acc: 0.9949
3968/4534 [=========================>....] - ETA: 0s - loss: 0.0405 - acc: 0.9950
4032/4534 [=========================>....] - ETA: 0s - loss: 0.0400 - acc: 0.9950
4096/4534 [==========================>...] - ETA: 0s - loss: 0.0394 - acc: 0.9951
4160/4534 [==========================>...] - ETA: 0s - loss: 0.0427 - acc: 0.9950
4224/4534 [==========================>...] - ETA: 0s - loss: 0.0423 - acc: 0.9948
4288/4534 [===========================>..] - ETA: 0s - loss: 0.0455 - acc: 0.9946
4352/4534 [===========================>..] - ETA: 0s - loss: 0.0448 - acc: 0.9947
4416/4534 [============================>.] - ETA: 0s - loss: 0.0442 - acc: 0.9948
4480/4534 [============================>.] - ETA: 0s - loss: 0.0436 - acc: 0.9949
4534/4534 [==============================] - 8s 2ms/step - loss: 0.0434 - acc: 0.9947 - val_loss: 0.1591 - val_acc: 0.9850
Train on 4534 samples, validate on 1134 samples
Epoch 1/1

  32/4534 [..............................] - ETA: 6s - loss: 0.0030 - acc: 1.0000
  96/4534 [..............................] - ETA: 6s - loss: 0.0037 - acc: 1.0000
 160/4534 [>.............................] - ETA: 6s - loss: 0.0112 - acc: 1.0000
 224/4534 [>.............................] - ETA: 6s - loss: 0.0083 - acc: 1.0000
 288/4534 [>.............................] - ETA: 6s - loss: 0.0073 - acc: 1.0000
 352/4534 [=>............................] - ETA: 5s - loss: 0.0061 - acc: 1.0000
 416/4534 [=>............................] - ETA: 5s - loss: 0.0054 - acc: 1.0000
 480/4534 [==>...........................] - ETA: 5s - loss: 0.0383 - acc: 0.9979
 544/4534 [==>...........................] - ETA: 5s - loss: 0.0341 - acc: 0.9982
 608/4534 [===>..........................] - ETA: 5s - loss: 0.0308 - acc: 0.9984
 672/4534 [===>..........................] - ETA: 5s - loss: 0.0279 - acc: 0.9985
 736/4534 [===>..........................] - ETA: 5s - loss: 0.0258 - acc: 0.9986
 800/4534 [====>.........................] - ETA: 5s - loss: 0.0238 - acc: 0.9988
 864/4534 [====>.........................] - ETA: 5s - loss: 0.0221 - acc: 0.9988
 928/4534 [=====>........................] - ETA: 5s - loss: 0.0206 - acc: 0.9989
 992/4534 [=====>........................] - ETA: 5s - loss: 0.0196 - acc: 0.9990
1056/4534 [=====>........................] - ETA: 4s - loss: 0.0336 - acc: 0.9972
1120/4534 [======>.......................] - ETA: 4s - loss: 0.0317 - acc: 0.9973
1184/4534 [======>.......................] - ETA: 4s - loss: 0.0301 - acc: 0.9975
1248/4534 [=======>......................] - ETA: 4s - loss: 0.0288 - acc: 0.9976
1312/4534 [=======>......................] - ETA: 4s - loss: 0.0279 - acc: 0.9977
1376/4534 [========>.....................] - ETA: 4s - loss: 0.0267 - acc: 0.9978
1440/4534 [========>.....................] - ETA: 4s - loss: 0.0259 - acc: 0.9979
1504/4534 [========>.....................] - ETA: 4s - loss: 0.0255 - acc: 0.9980
1568/4534 [=========>....................] - ETA: 4s - loss: 0.0250 - acc: 0.9981
1632/4534 [=========>....................] - ETA: 4s - loss: 0.0244 - acc: 0.9982
1696/4534 [==========>...................] - ETA: 4s - loss: 0.0238 - acc: 0.9982
1760/4534 [==========>...................] - ETA: 3s - loss: 0.0263 - acc: 0.9972
1824/4534 [===========>..................] - ETA: 3s - loss: 0.0256 - acc: 0.9973
1888/4534 [===========>..................] - ETA: 3s - loss: 0.0253 - acc: 0.9974
1952/4534 [===========>..................] - ETA: 3s - loss: 0.0247 - acc: 0.9974
2016/4534 [============>.................] - ETA: 3s - loss: 0.0243 - acc: 0.9975
2080/4534 [============>.................] - ETA: 3s - loss: 0.0237 - acc: 0.9976
2144/4534 [=============>................] - ETA: 3s - loss: 0.0239 - acc: 0.9972
2208/4534 [=============>................] - ETA: 3s - loss: 0.0235 - acc: 0.9973
2272/4534 [==============>...............] - ETA: 3s - loss: 0.0231 - acc: 0.9974
2336/4534 [==============>...............] - ETA: 3s - loss: 0.0227 - acc: 0.9974
2400/4534 [==============>...............] - ETA: 3s - loss: 0.0224 - acc: 0.9975
2464/4534 [===============>..............] - ETA: 2s - loss: 0.0219 - acc: 0.9976
2528/4534 [===============>..............] - ETA: 2s - loss: 0.0223 - acc: 0.9972
2592/4534 [================>.............] - ETA: 2s - loss: 0.0219 - acc: 0.9973
2656/4534 [================>.............] - ETA: 2s - loss: 0.0214 - acc: 0.9974
2720/4534 [================>.............] - ETA: 2s - loss: 0.0274 - acc: 0.9967
2784/4534 [=================>............] - ETA: 2s - loss: 0.0268 - acc: 0.9968
2848/4534 [=================>............] - ETA: 2s - loss: 0.0262 - acc: 0.9968
2912/4534 [==================>...........] - ETA: 2s - loss: 0.0256 - acc: 0.9969
2976/4534 [==================>...........] - ETA: 2s - loss: 0.0306 - acc: 0.9966
3040/4534 [===================>..........] - ETA: 2s - loss: 0.0300 - acc: 0.9967
3104/4534 [===================>..........] - ETA: 2s - loss: 0.0294 - acc: 0.9968
3168/4534 [===================>..........] - ETA: 1s - loss: 0.0288 - acc: 0.9968
3232/4534 [====================>.........] - ETA: 1s - loss: 0.0282 - acc: 0.9969
3296/4534 [====================>.........] - ETA: 1s - loss: 0.0277 - acc: 0.9970
3360/4534 [=====================>........] - ETA: 1s - loss: 0.0273 - acc: 0.9970
3424/4534 [=====================>........] - ETA: 1s - loss: 0.0268 - acc: 0.9971
3488/4534 [======================>.......] - ETA: 1s - loss: 0.0267 - acc: 0.9968
3552/4534 [======================>.......] - ETA: 1s - loss: 0.0264 - acc: 0.9966
3616/4534 [======================>.......] - ETA: 1s - loss: 0.0263 - acc: 0.9964
3680/4534 [=======================>......] - ETA: 1s - loss: 0.0259 - acc: 0.9965
3744/4534 [=======================>......] - ETA: 1s - loss: 0.0264 - acc: 0.9963
3808/4534 [========================>.....] - ETA: 1s - loss: 0.0260 - acc: 0.9963
3872/4534 [========================>.....] - ETA: 0s - loss: 0.0298 - acc: 0.9961
3936/4534 [=========================>....] - ETA: 0s - loss: 0.0294 - acc: 0.9962
4000/4534 [=========================>....] - ETA: 0s - loss: 0.0290 - acc: 0.9962
4064/4534 [=========================>....] - ETA: 0s - loss: 0.0285 - acc: 0.9963
4128/4534 [==========================>...] - ETA: 0s - loss: 0.0283 - acc: 0.9961
4192/4534 [==========================>...] - ETA: 0s - loss: 0.0282 - acc: 0.9959
4256/4534 [===========================>..] - ETA: 0s - loss: 0.0279 - acc: 0.9960
4320/4534 [===========================>..] - ETA: 0s - loss: 0.0276 - acc: 0.9961
4384/4534 [============================>.] - ETA: 0s - loss: 0.0272 - acc: 0.9961
4448/4534 [============================>.] - ETA: 0s - loss: 0.0269 - acc: 0.9962
4512/4534 [============================>.] - ETA: 0s - loss: 0.0268 - acc: 0.9960
4534/4534 [==============================] - 8s 2ms/step - loss: 0.0268 - acc: 0.9958 - val_loss: 2.7797 - val_acc: 0.8245
Train on 4534 samples, validate on 1134 samples
Epoch 1/1

  32/4534 [..............................] - ETA: 6s - loss: 5.8486e-05 - acc: 1.0000
  96/4534 [..............................] - ETA: 6s - loss: 2.6567e-05 - acc: 1.0000
 160/4534 [>.............................] - ETA: 6s - loss: 3.4955e-04 - acc: 1.0000
 224/4534 [>.............................] - ETA: 6s - loss: 5.3230e-04 - acc: 1.0000
 288/4534 [>.............................] - ETA: 6s - loss: 4.8525e-04 - acc: 1.0000
 352/4534 [=>............................] - ETA: 5s - loss: 3.9936e-04 - acc: 1.0000
 416/4534 [=>............................] - ETA: 5s - loss: 0.0015 - acc: 1.0000    
 480/4534 [==>...........................] - ETA: 5s - loss: 0.0013 - acc: 1.0000
 544/4534 [==>...........................] - ETA: 5s - loss: 0.0011 - acc: 1.0000
 608/4534 [===>..........................] - ETA: 5s - loss: 0.0011 - acc: 1.0000
 672/4534 [===>..........................] - ETA: 5s - loss: 0.0012 - acc: 1.0000
 736/4534 [===>..........................] - ETA: 5s - loss: 0.0012 - acc: 1.0000
 800/4534 [====>.........................] - ETA: 5s - loss: 0.0011 - acc: 1.0000
 864/4534 [====>.........................] - ETA: 5s - loss: 9.8585e-04 - acc: 1.0000
 928/4534 [=====>........................] - ETA: 5s - loss: 0.0011 - acc: 1.0000    
 992/4534 [=====>........................] - ETA: 5s - loss: 0.0011 - acc: 1.0000
1056/4534 [=====>........................] - ETA: 4s - loss: 0.0011 - acc: 1.0000
1120/4534 [======>.......................] - ETA: 4s - loss: 0.0010 - acc: 1.0000
1184/4534 [======>.......................] - ETA: 4s - loss: 9.7599e-04 - acc: 1.0000
1248/4534 [=======>......................] - ETA: 4s - loss: 0.0029 - acc: 0.9992    
1312/4534 [=======>......................] - ETA: 4s - loss: 0.0028 - acc: 0.9992
1376/4534 [========>.....................] - ETA: 4s - loss: 0.0028 - acc: 0.9993
1440/4534 [========>.....................] - ETA: 4s - loss: 0.0027 - acc: 0.9993
1504/4534 [========>.....................] - ETA: 4s - loss: 0.0026 - acc: 0.9993
1568/4534 [=========>....................] - ETA: 4s - loss: 0.0025 - acc: 0.9994
1632/4534 [=========>....................] - ETA: 4s - loss: 0.0024 - acc: 0.9994
1696/4534 [==========>...................] - ETA: 4s - loss: 0.0023 - acc: 0.9994
1760/4534 [==========>...................] - ETA: 3s - loss: 0.0023 - acc: 0.9994
1824/4534 [===========>..................] - ETA: 3s - loss: 0.0029 - acc: 0.9989
1888/4534 [===========>..................] - ETA: 3s - loss: 0.0028 - acc: 0.9989
1952/4534 [===========>..................] - ETA: 3s - loss: 0.0028 - acc: 0.9990
2016/4534 [============>.................] - ETA: 3s - loss: 0.0027 - acc: 0.9990
2080/4534 [============>.................] - ETA: 3s - loss: 0.0026 - acc: 0.9990
2144/4534 [=============>................] - ETA: 3s - loss: 0.0025 - acc: 0.9991
2208/4534 [=============>................] - ETA: 3s - loss: 0.0025 - acc: 0.9991
2272/4534 [==============>...............] - ETA: 3s - loss: 0.0024 - acc: 0.9991
2336/4534 [==============>...............] - ETA: 3s - loss: 0.0092 - acc: 0.9987
2400/4534 [==============>...............] - ETA: 3s - loss: 0.0090 - acc: 0.9988
2464/4534 [===============>..............] - ETA: 2s - loss: 0.0088 - acc: 0.9988
2528/4534 [===============>..............] - ETA: 2s - loss: 0.0085 - acc: 0.9988
2592/4534 [================>.............] - ETA: 2s - loss: 0.0083 - acc: 0.9988
2656/4534 [================>.............] - ETA: 2s - loss: 0.0084 - acc: 0.9989
2720/4534 [================>.............] - ETA: 2s - loss: 0.0083 - acc: 0.9989
2784/4534 [=================>............] - ETA: 2s - loss: 0.0084 - acc: 0.9986
2848/4534 [=================>............] - ETA: 2s - loss: 0.0157 - acc: 0.9979
2912/4534 [==================>...........] - ETA: 2s - loss: 0.0153 - acc: 0.9979
2976/4534 [==================>...........] - ETA: 2s - loss: 0.0150 - acc: 0.9980
3040/4534 [===================>..........] - ETA: 2s - loss: 0.0147 - acc: 0.9980
3104/4534 [===================>..........] - ETA: 2s - loss: 0.0166 - acc: 0.9977
3168/4534 [===================>..........] - ETA: 1s - loss: 0.0163 - acc: 0.9978
3232/4534 [====================>.........] - ETA: 1s - loss: 0.0161 - acc: 0.9978
3296/4534 [====================>.........] - ETA: 1s - loss: 0.0158 - acc: 0.9979
3360/4534 [=====================>........] - ETA: 1s - loss: 0.0155 - acc: 0.9979
3424/4534 [=====================>........] - ETA: 1s - loss: 0.0153 - acc: 0.9980
3488/4534 [======================>.......] - ETA: 1s - loss: 0.0201 - acc: 0.9974
3552/4534 [======================>.......] - ETA: 1s - loss: 0.0198 - acc: 0.9975
3616/4534 [======================>.......] - ETA: 1s - loss: 0.0195 - acc: 0.9975
3680/4534 [=======================>......] - ETA: 1s - loss: 0.0192 - acc: 0.9976
3744/4534 [=======================>......] - ETA: 1s - loss: 0.0189 - acc: 0.9976
3808/4534 [========================>.....] - ETA: 1s - loss: 0.0186 - acc: 0.9976
3872/4534 [========================>.....] - ETA: 0s - loss: 0.0185 - acc: 0.9977
3936/4534 [=========================>....] - ETA: 0s - loss: 0.0182 - acc: 0.9977
4000/4534 [=========================>....] - ETA: 0s - loss: 0.0183 - acc: 0.9975
4064/4534 [=========================>....] - ETA: 0s - loss: 0.0181 - acc: 0.9975
4128/4534 [==========================>...] - ETA: 0s - loss: 0.0178 - acc: 0.9976
4192/4534 [==========================>...] - ETA: 0s - loss: 0.0180 - acc: 0.9971
4256/4534 [===========================>..] - ETA: 0s - loss: 0.0177 - acc: 0.9972
4320/4534 [===========================>..] - ETA: 0s - loss: 0.0175 - acc: 0.9972
4384/4534 [============================>.] - ETA: 0s - loss: 0.0173 - acc: 0.9973
4448/4534 [============================>.] - ETA: 0s - loss: 0.0170 - acc: 0.9973
4512/4534 [============================>.] - ETA: 0s - loss: 0.0168 - acc: 0.9973
4534/4534 [==============================] - 8s 2ms/step - loss: 0.0168 - acc: 0.9974 - val_loss: 3.7963 - val_acc: 0.7619
Train on 4534 samples, validate on 1134 samples
Epoch 1/1

  32/4534 [..............................] - ETA: 6s - loss: 2.7063e-04 - acc: 1.0000
  96/4534 [..............................] - ETA: 6s - loss: 2.9028e-04 - acc: 1.0000
 160/4534 [>.............................] - ETA: 6s - loss: 4.1430e-04 - acc: 1.0000
 224/4534 [>.............................] - ETA: 6s - loss: 3.4403e-04 - acc: 1.0000
 288/4534 [>.............................] - ETA: 6s - loss: 4.4257e-04 - acc: 1.0000
 352/4534 [=>............................] - ETA: 5s - loss: 4.6244e-04 - acc: 1.0000
 416/4534 [=>............................] - ETA: 5s - loss: 5.0394e-04 - acc: 1.0000
 480/4534 [==>...........................] - ETA: 5s - loss: 7.9864e-04 - acc: 1.0000
 544/4534 [==>...........................] - ETA: 5s - loss: 0.0158 - acc: 0.9982    
 608/4534 [===>..........................] - ETA: 5s - loss: 0.0163 - acc: 0.9967
 672/4534 [===>..........................] - ETA: 5s - loss: 0.0148 - acc: 0.9970
 736/4534 [===>..........................] - ETA: 5s - loss: 0.0137 - acc: 0.9973
 800/4534 [====>.........................] - ETA: 5s - loss: 0.0129 - acc: 0.9975
 864/4534 [====>.........................] - ETA: 5s - loss: 0.0120 - acc: 0.9977
 928/4534 [=====>........................] - ETA: 5s - loss: 0.0113 - acc: 0.9978
 992/4534 [=====>........................] - ETA: 5s - loss: 0.0107 - acc: 0.9980
1056/4534 [=====>........................] - ETA: 4s - loss: 0.0101 - acc: 0.9981
1120/4534 [======>.......................] - ETA: 4s - loss: 0.0096 - acc: 0.9982
1184/4534 [======>.......................] - ETA: 4s - loss: 0.0092 - acc: 0.9983
1248/4534 [=======>......................] - ETA: 4s - loss: 0.0088 - acc: 0.9984
1312/4534 [=======>......................] - ETA: 4s - loss: 0.0084 - acc: 0.9985
1376/4534 [========>.....................] - ETA: 4s - loss: 0.0081 - acc: 0.9985
1440/4534 [========>.....................] - ETA: 4s - loss: 0.0082 - acc: 0.9986
1504/4534 [========>.....................] - ETA: 4s - loss: 0.0080 - acc: 0.9987
1568/4534 [=========>....................] - ETA: 4s - loss: 0.0077 - acc: 0.9987
1632/4534 [=========>....................] - ETA: 4s - loss: 0.0074 - acc: 0.9988
1696/4534 [==========>...................] - ETA: 4s - loss: 0.0071 - acc: 0.9988
1760/4534 [==========>...................] - ETA: 3s - loss: 0.0069 - acc: 0.9989
1824/4534 [===========>..................] - ETA: 3s - loss: 0.0068 - acc: 0.9989
1888/4534 [===========>..................] - ETA: 3s - loss: 0.0066 - acc: 0.9989
1952/4534 [===========>..................] - ETA: 3s - loss: 0.0064 - acc: 0.9990
2016/4534 [============>.................] - ETA: 3s - loss: 0.0063 - acc: 0.9990
2080/4534 [============>.................] - ETA: 3s - loss: 0.0062 - acc: 0.9990
2144/4534 [=============>................] - ETA: 3s - loss: 0.0061 - acc: 0.9991
2208/4534 [=============>................] - ETA: 3s - loss: 0.0060 - acc: 0.9991
2272/4534 [==============>...............] - ETA: 3s - loss: 0.0059 - acc: 0.9991
2336/4534 [==============>...............] - ETA: 3s - loss: 0.0059 - acc: 0.9991
2400/4534 [==============>...............] - ETA: 3s - loss: 0.0057 - acc: 0.9992
2464/4534 [===============>..............] - ETA: 2s - loss: 0.0057 - acc: 0.9992
2528/4534 [===============>..............] - ETA: 2s - loss: 0.0056 - acc: 0.9992
2592/4534 [================>.............] - ETA: 2s - loss: 0.0055 - acc: 0.9992
2656/4534 [================>.............] - ETA: 2s - loss: 0.0053 - acc: 0.9992
2720/4534 [================>.............] - ETA: 2s - loss: 0.0055 - acc: 0.9993
2784/4534 [=================>............] - ETA: 2s - loss: 0.0058 - acc: 0.9989
2848/4534 [=================>............] - ETA: 2s - loss: 0.0057 - acc: 0.9989
2912/4534 [==================>...........] - ETA: 2s - loss: 0.0056 - acc: 0.9990
2976/4534 [==================>...........] - ETA: 2s - loss: 0.0055 - acc: 0.9990
3040/4534 [===================>..........] - ETA: 2s - loss: 0.0053 - acc: 0.9990
3104/4534 [===================>..........] - ETA: 2s - loss: 0.0052 - acc: 0.9990
3168/4534 [===================>..........] - ETA: 1s - loss: 0.0102 - acc: 0.9987
3232/4534 [====================>.........] - ETA: 1s - loss: 0.0107 - acc: 0.9985
3296/4534 [====================>.........] - ETA: 1s - loss: 0.0105 - acc: 0.9985
3360/4534 [=====================>........] - ETA: 1s - loss: 0.0104 - acc: 0.9985
3424/4534 [=====================>........] - ETA: 1s - loss: 0.0102 - acc: 0.9985
3488/4534 [======================>.......] - ETA: 1s - loss: 0.0100 - acc: 0.9986
3552/4534 [======================>.......] - ETA: 1s - loss: 0.0099 - acc: 0.9986
3616/4534 [======================>.......] - ETA: 1s - loss: 0.0098 - acc: 0.9986
3680/4534 [=======================>......] - ETA: 1s - loss: 0.0096 - acc: 0.9986
3744/4534 [=======================>......] - ETA: 1s - loss: 0.0098 - acc: 0.9984
3808/4534 [========================>.....] - ETA: 1s - loss: 0.0098 - acc: 0.9984
3872/4534 [========================>.....] - ETA: 0s - loss: 0.0097 - acc: 0.9985
3936/4534 [=========================>....] - ETA: 0s - loss: 0.0100 - acc: 0.9982
4000/4534 [=========================>....] - ETA: 0s - loss: 0.0098 - acc: 0.9982
4064/4534 [=========================>....] - ETA: 0s - loss: 0.0097 - acc: 0.9983
4128/4534 [==========================>...] - ETA: 0s - loss: 0.0096 - acc: 0.9983
4192/4534 [==========================>...] - ETA: 0s - loss: 0.0105 - acc: 0.9981
4256/4534 [===========================>..] - ETA: 0s - loss: 0.0104 - acc: 0.9981
4320/4534 [===========================>..] - ETA: 0s - loss: 0.0103 - acc: 0.9981
4384/4534 [============================>.] - ETA: 0s - loss: 0.0138 - acc: 0.9979
4448/4534 [============================>.] - ETA: 0s - loss: 0.0137 - acc: 0.9980
4512/4534 [============================>.] - ETA: 0s - loss: 0.0136 - acc: 0.9980
4534/4534 [==============================] - 8s 2ms/step - loss: 0.0136 - acc: 0.9980 - val_loss: 0.8952 - val_acc: 0.8915
Train on 4534 samples, validate on 1134 samples
Epoch 1/1

  32/4534 [..............................] - ETA: 6s - loss: 0.0031 - acc: 1.0000
  96/4534 [..............................] - ETA: 6s - loss: 0.0099 - acc: 0.9896
 160/4534 [>.............................] - ETA: 6s - loss: 0.0062 - acc: 0.9938
 224/4534 [>.............................] - ETA: 6s - loss: 0.0061 - acc: 0.9955
 288/4534 [>.............................] - ETA: 6s - loss: 0.0048 - acc: 0.9965
 352/4534 [=>............................] - ETA: 5s - loss: 0.0039 - acc: 0.9972
 416/4534 [=>............................] - ETA: 5s - loss: 0.0040 - acc: 0.9976
 480/4534 [==>...........................] - ETA: 5s - loss: 0.0044 - acc: 0.9979
 544/4534 [==>...........................] - ETA: 5s - loss: 0.0044 - acc: 0.9982
 608/4534 [===>..........................] - ETA: 5s - loss: 0.0040 - acc: 0.9984
 672/4534 [===>..........................] - ETA: 5s - loss: 0.0036 - acc: 0.9985
 736/4534 [===>..........................] - ETA: 5s - loss: 0.0034 - acc: 0.9986
 800/4534 [====>.........................] - ETA: 5s - loss: 0.0039 - acc: 0.9988
 864/4534 [====>.........................] - ETA: 5s - loss: 0.0036 - acc: 0.9988
 928/4534 [=====>........................] - ETA: 5s - loss: 0.0034 - acc: 0.9989
 992/4534 [=====>........................] - ETA: 5s - loss: 0.0038 - acc: 0.9990
1056/4534 [=====>........................] - ETA: 4s - loss: 0.0038 - acc: 0.9991
1120/4534 [======>.......................] - ETA: 4s - loss: 0.0036 - acc: 0.9991
1184/4534 [======>.......................] - ETA: 4s - loss: 0.0035 - acc: 0.9992
1248/4534 [=======>......................] - ETA: 4s - loss: 0.0034 - acc: 0.9992
1312/4534 [=======>......................] - ETA: 4s - loss: 0.0033 - acc: 0.9992
1376/4534 [========>.....................] - ETA: 4s - loss: 0.0067 - acc: 0.9985
1440/4534 [========>.....................] - ETA: 4s - loss: 0.0064 - acc: 0.9986
1504/4534 [========>.....................] - ETA: 4s - loss: 0.0065 - acc: 0.9987
1568/4534 [=========>....................] - ETA: 4s - loss: 0.0062 - acc: 0.9987
1632/4534 [=========>....................] - ETA: 4s - loss: 0.0060 - acc: 0.9988
1696/4534 [==========>...................] - ETA: 4s - loss: 0.0058 - acc: 0.9988
1760/4534 [==========>...................] - ETA: 3s - loss: 0.0056 - acc: 0.9989
1824/4534 [===========>..................] - ETA: 3s - loss: 0.0054 - acc: 0.9989
1888/4534 [===========>..................] - ETA: 3s - loss: 0.0053 - acc: 0.9989
1952/4534 [===========>..................] - ETA: 3s - loss: 0.0134 - acc: 0.9985
2016/4534 [============>.................] - ETA: 3s - loss: 0.0130 - acc: 0.9985
2080/4534 [============>.................] - ETA: 3s - loss: 0.0126 - acc: 0.9986
2144/4534 [=============>................] - ETA: 3s - loss: 0.0123 - acc: 0.9986
2208/4534 [=============>................] - ETA: 3s - loss: 0.0120 - acc: 0.9986
2272/4534 [==============>...............] - ETA: 3s - loss: 0.0117 - acc: 0.9987
2336/4534 [==============>...............] - ETA: 3s - loss: 0.0114 - acc: 0.9987
2400/4534 [==============>...............] - ETA: 3s - loss: 0.0111 - acc: 0.9988
2464/4534 [===============>..............] - ETA: 2s - loss: 0.0110 - acc: 0.9988
2528/4534 [===============>..............] - ETA: 2s - loss: 0.0108 - acc: 0.9988
2592/4534 [================>.............] - ETA: 2s - loss: 0.0106 - acc: 0.9988
2656/4534 [================>.............] - ETA: 2s - loss: 0.0129 - acc: 0.9985
2720/4534 [================>.............] - ETA: 2s - loss: 0.0126 - acc: 0.9985
2784/4534 [=================>............] - ETA: 2s - loss: 0.0124 - acc: 0.9986
2848/4534 [=================>............] - ETA: 2s - loss: 0.0121 - acc: 0.9986
2912/4534 [==================>...........] - ETA: 2s - loss: 0.0119 - acc: 0.9986
2976/4534 [==================>...........] - ETA: 2s - loss: 0.0118 - acc: 0.9983
3040/4534 [===================>..........] - ETA: 2s - loss: 0.0117 - acc: 0.9984
3104/4534 [===================>..........] - ETA: 2s - loss: 0.0115 - acc: 0.9984
3168/4534 [===================>..........] - ETA: 1s - loss: 0.0113 - acc: 0.9984
3232/4534 [====================>.........] - ETA: 1s - loss: 0.0112 - acc: 0.9985
3296/4534 [====================>.........] - ETA: 1s - loss: 0.0110 - acc: 0.9985
3360/4534 [=====================>........] - ETA: 1s - loss: 0.0108 - acc: 0.9985
3424/4534 [=====================>........] - ETA: 1s - loss: 0.0106 - acc: 0.9985
3488/4534 [======================>.......] - ETA: 1s - loss: 0.0107 - acc: 0.9983
3552/4534 [======================>.......] - ETA: 1s - loss: 0.0151 - acc: 0.9980
3616/4534 [======================>.......] - ETA: 1s - loss: 0.0148 - acc: 0.9981
3680/4534 [=======================>......] - ETA: 1s - loss: 0.0146 - acc: 0.9981
3744/4534 [=======================>......] - ETA: 1s - loss: 0.0144 - acc: 0.9981
3808/4534 [========================>.....] - ETA: 1s - loss: 0.0141 - acc: 0.9982
3872/4534 [========================>.....] - ETA: 0s - loss: 0.0139 - acc: 0.9982
3936/4534 [=========================>....] - ETA: 0s - loss: 0.0137 - acc: 0.9982
4000/4534 [=========================>....] - ETA: 0s - loss: 0.0135 - acc: 0.9982
4064/4534 [=========================>....] - ETA: 0s - loss: 0.0133 - acc: 0.9983
4128/4534 [==========================>...] - ETA: 0s - loss: 0.0131 - acc: 0.9983
4192/4534 [==========================>...] - ETA: 0s - loss: 0.0129 - acc: 0.9983
4256/4534 [===========================>..] - ETA: 0s - loss: 0.0128 - acc: 0.9984
4320/4534 [===========================>..] - ETA: 0s - loss: 0.0126 - acc: 0.9984
4384/4534 [============================>.] - ETA: 0s - loss: 0.0124 - acc: 0.9984
4448/4534 [============================>.] - ETA: 0s - loss: 0.0122 - acc: 0.9984
4512/4534 [============================>.] - ETA: 0s - loss: 0.0121 - acc: 0.9984
4534/4534 [==============================] - 8s 2ms/step - loss: 0.0120 - acc: 0.9985 - val_loss: 1.2982 - val_acc: 0.8959
Train on 4534 samples, validate on 1134 samples
Epoch 1/1

  32/4534 [..............................] - ETA: 6s - loss: 8.3005e-04 - acc: 1.0000
  96/4534 [..............................] - ETA: 6s - loss: 5.7381e-04 - acc: 1.0000
 160/4534 [>.............................] - ETA: 6s - loss: 7.6033e-04 - acc: 1.0000
 224/4534 [>.............................] - ETA: 6s - loss: 0.0039 - acc: 0.9955    
 288/4534 [>.............................] - ETA: 6s - loss: 0.0031 - acc: 0.9965
 352/4534 [=>............................] - ETA: 5s - loss: 0.0026 - acc: 0.9972
 416/4534 [=>............................] - ETA: 5s - loss: 0.0023 - acc: 0.9976
 480/4534 [==>...........................] - ETA: 5s - loss: 0.0020 - acc: 0.9979
 544/4534 [==>...........................] - ETA: 5s - loss: 0.0020 - acc: 0.9982
 608/4534 [===>..........................] - ETA: 5s - loss: 0.0019 - acc: 0.9984
 672/4534 [===>..........................] - ETA: 5s - loss: 0.0017 - acc: 0.9985
 736/4534 [===>..........................] - ETA: 5s - loss: 0.0016 - acc: 0.9986
 800/4534 [====>.........................] - ETA: 5s - loss: 0.0016 - acc: 0.9988
 864/4534 [====>.........................] - ETA: 5s - loss: 0.0015 - acc: 0.9988
 928/4534 [=====>........................] - ETA: 5s - loss: 0.0014 - acc: 0.9989
 992/4534 [=====>........................] - ETA: 5s - loss: 0.0013 - acc: 0.9990
1056/4534 [=====>........................] - ETA: 4s - loss: 0.0012 - acc: 0.9991
1120/4534 [======>.......................] - ETA: 4s - loss: 0.0014 - acc: 0.9991
1184/4534 [======>.......................] - ETA: 4s - loss: 0.0013 - acc: 0.9992
1248/4534 [=======>......................] - ETA: 4s - loss: 0.0018 - acc: 0.9992
1312/4534 [=======>......................] - ETA: 4s - loss: 0.0018 - acc: 0.9992
1376/4534 [========>.....................] - ETA: 4s - loss: 0.0017 - acc: 0.9993
1440/4534 [========>.....................] - ETA: 4s - loss: 0.0016 - acc: 0.9993
1504/4534 [========>.....................] - ETA: 4s - loss: 0.0017 - acc: 0.9993
1568/4534 [=========>....................] - ETA: 4s - loss: 0.0017 - acc: 0.9994
1632/4534 [=========>....................] - ETA: 4s - loss: 0.0017 - acc: 0.9994
1696/4534 [==========>...................] - ETA: 4s - loss: 0.0016 - acc: 0.9994
1760/4534 [==========>...................] - ETA: 3s - loss: 0.0020 - acc: 0.9989
1824/4534 [===========>..................] - ETA: 3s - loss: 0.0019 - acc: 0.9989
1888/4534 [===========>..................] - ETA: 3s - loss: 0.0019 - acc: 0.9989
1952/4534 [===========>..................] - ETA: 3s - loss: 0.0018 - acc: 0.9990
2016/4534 [============>.................] - ETA: 3s - loss: 0.0017 - acc: 0.9990
2080/4534 [============>.................] - ETA: 3s - loss: 0.0018 - acc: 0.9990
2144/4534 [=============>................] - ETA: 3s - loss: 0.0017 - acc: 0.9991
2208/4534 [=============>................] - ETA: 3s - loss: 0.0017 - acc: 0.9991
2272/4534 [==============>...............] - ETA: 3s - loss: 0.0017 - acc: 0.9991
2336/4534 [==============>...............] - ETA: 3s - loss: 0.0022 - acc: 0.9987
2400/4534 [==============>...............] - ETA: 3s - loss: 0.0021 - acc: 0.9988
2464/4534 [===============>..............] - ETA: 2s - loss: 0.0027 - acc: 0.9984
2528/4534 [===============>..............] - ETA: 2s - loss: 0.0026 - acc: 0.9984
2592/4534 [================>.............] - ETA: 2s - loss: 0.0025 - acc: 0.9985
2656/4534 [================>.............] - ETA: 2s - loss: 0.0025 - acc: 0.9985
2720/4534 [================>.............] - ETA: 2s - loss: 0.0025 - acc: 0.9985
2784/4534 [=================>............] - ETA: 2s - loss: 0.0026 - acc: 0.9986
2848/4534 [=================>............] - ETA: 2s - loss: 0.0026 - acc: 0.9986
2912/4534 [==================>...........] - ETA: 2s - loss: 0.0027 - acc: 0.9986
2976/4534 [==================>...........] - ETA: 2s - loss: 0.0041 - acc: 0.9983
3040/4534 [===================>..........] - ETA: 2s - loss: 0.0042 - acc: 0.9984
3104/4534 [===================>..........] - ETA: 2s - loss: 0.0043 - acc: 0.9984
3168/4534 [===================>..........] - ETA: 1s - loss: 0.0042 - acc: 0.9984
3232/4534 [====================>.........] - ETA: 1s - loss: 0.0041 - acc: 0.9985
3296/4534 [====================>.........] - ETA: 1s - loss: 0.0041 - acc: 0.9985
3360/4534 [=====================>........] - ETA: 1s - loss: 0.0040 - acc: 0.9985
3424/4534 [=====================>........] - ETA: 1s - loss: 0.0042 - acc: 0.9982
3488/4534 [======================>.......] - ETA: 1s - loss: 0.0042 - acc: 0.9983
3552/4534 [======================>.......] - ETA: 1s - loss: 0.0088 - acc: 0.9980
3616/4534 [======================>.......] - ETA: 1s - loss: 0.0088 - acc: 0.9981
3680/4534 [=======================>......] - ETA: 1s - loss: 0.0087 - acc: 0.9981
3744/4534 [=======================>......] - ETA: 1s - loss: 0.0129 - acc: 0.9979
3808/4534 [========================>.....] - ETA: 1s - loss: 0.0132 - acc: 0.9976
3872/4534 [========================>.....] - ETA: 0s - loss: 0.0129 - acc: 0.9977
3936/4534 [=========================>....] - ETA: 0s - loss: 0.0127 - acc: 0.9977
4000/4534 [=========================>....] - ETA: 0s - loss: 0.0126 - acc: 0.9978
4064/4534 [=========================>....] - ETA: 0s - loss: 0.0124 - acc: 0.9978
4128/4534 [==========================>...] - ETA: 0s - loss: 0.0122 - acc: 0.9978
4192/4534 [==========================>...] - ETA: 0s - loss: 0.0120 - acc: 0.9979
4256/4534 [===========================>..] - ETA: 0s - loss: 0.0118 - acc: 0.9979
4320/4534 [===========================>..] - ETA: 0s - loss: 0.0116 - acc: 0.9979
4384/4534 [============================>.] - ETA: 0s - loss: 0.0115 - acc: 0.9979
4448/4534 [============================>.] - ETA: 0s - loss: 0.0113 - acc: 0.9980
4512/4534 [============================>.] - ETA: 0s - loss: 0.0148 - acc: 0.9978
4534/4534 [==============================] - 8s 2ms/step - loss: 0.0147 - acc: 0.9978 - val_loss: 2.0407 - val_acc: 0.8633
Train on 4534 samples, validate on 1134 samples
Epoch 1/1

  32/4534 [..............................] - ETA: 6s - loss: 0.0015 - acc: 1.0000
  96/4534 [..............................] - ETA: 6s - loss: 7.3807e-04 - acc: 1.0000
 160/4534 [>.............................] - ETA: 6s - loss: 7.4641e-04 - acc: 1.0000
 224/4534 [>.............................] - ETA: 6s - loss: 5.8912e-04 - acc: 1.0000
 288/4534 [>.............................] - ETA: 6s - loss: 6.0651e-04 - acc: 1.0000
 352/4534 [=>............................] - ETA: 5s - loss: 9.5919e-04 - acc: 1.0000
 416/4534 [=>............................] - ETA: 5s - loss: 8.1588e-04 - acc: 1.0000
 480/4534 [==>...........................] - ETA: 5s - loss: 0.0345 - acc: 0.9979    
 544/4534 [==>...........................] - ETA: 5s - loss: 0.0318 - acc: 0.9982
 608/4534 [===>..........................] - ETA: 5s - loss: 0.0284 - acc: 0.9984
 672/4534 [===>..........................] - ETA: 5s - loss: 0.0257 - acc: 0.9985
 736/4534 [===>..........................] - ETA: 5s - loss: 0.0261 - acc: 0.9973
 800/4534 [====>.........................] - ETA: 5s - loss: 0.0240 - acc: 0.9975
 864/4534 [====>.........................] - ETA: 5s - loss: 0.0222 - acc: 0.9977
 928/4534 [=====>........................] - ETA: 5s - loss: 0.0211 - acc: 0.9978
 992/4534 [=====>........................] - ETA: 5s - loss: 0.0200 - acc: 0.9980
1056/4534 [=====>........................] - ETA: 4s - loss: 0.0188 - acc: 0.9981
1120/4534 [======>.......................] - ETA: 4s - loss: 0.0178 - acc: 0.9982
1184/4534 [======>.......................] - ETA: 4s - loss: 0.0168 - acc: 0.9983
1248/4534 [=======>......................] - ETA: 4s - loss: 0.0164 - acc: 0.9984
1312/4534 [=======>......................] - ETA: 4s - loss: 0.0157 - acc: 0.9985
1376/4534 [========>.....................] - ETA: 4s - loss: 0.0150 - acc: 0.9985
1440/4534 [========>.....................] - ETA: 4s - loss: 0.0143 - acc: 0.9986
1504/4534 [========>.....................] - ETA: 4s - loss: 0.0137 - acc: 0.9987
1568/4534 [=========>....................] - ETA: 4s - loss: 0.0132 - acc: 0.9987
1632/4534 [=========>....................] - ETA: 4s - loss: 0.0127 - acc: 0.9988
1696/4534 [==========>...................] - ETA: 4s - loss: 0.0126 - acc: 0.9988
1760/4534 [==========>...................] - ETA: 3s - loss: 0.0121 - acc: 0.9989
1824/4534 [===========>..................] - ETA: 3s - loss: 0.0117 - acc: 0.9989
1888/4534 [===========>..................] - ETA: 3s - loss: 0.0115 - acc: 0.9989
1952/4534 [===========>..................] - ETA: 3s - loss: 0.0136 - acc: 0.9985
2016/4534 [============>.................] - ETA: 3s - loss: 0.0156 - acc: 0.9980
2080/4534 [============>.................] - ETA: 3s - loss: 0.0151 - acc: 0.9981
2144/4534 [=============>................] - ETA: 3s - loss: 0.0147 - acc: 0.9981
2208/4534 [=============>................] - ETA: 3s - loss: 0.0144 - acc: 0.9982
2272/4534 [==============>...............] - ETA: 3s - loss: 0.0140 - acc: 0.9982
2336/4534 [==============>...............] - ETA: 3s - loss: 0.0136 - acc: 0.9983
2400/4534 [==============>...............] - ETA: 3s - loss: 0.0135 - acc: 0.9983
2464/4534 [===============>..............] - ETA: 2s - loss: 0.0131 - acc: 0.9984
2528/4534 [===============>..............] - ETA: 2s - loss: 0.0194 - acc: 0.9980
2592/4534 [================>.............] - ETA: 2s - loss: 0.0195 - acc: 0.9977
2656/4534 [================>.............] - ETA: 2s - loss: 0.0191 - acc: 0.9977
2720/4534 [================>.............] - ETA: 2s - loss: 0.0187 - acc: 0.9978
2784/4534 [=================>............] - ETA: 2s - loss: 0.0183 - acc: 0.9978
2848/4534 [=================>............] - ETA: 2s - loss: 0.0179 - acc: 0.9979
2912/4534 [==================>...........] - ETA: 2s - loss: 0.0175 - acc: 0.9979
2976/4534 [==================>...........] - ETA: 2s - loss: 0.0172 - acc: 0.9980
3040/4534 [===================>..........] - ETA: 2s - loss: 0.0168 - acc: 0.9980
3104/4534 [===================>..........] - ETA: 2s - loss: 0.0166 - acc: 0.9981
3168/4534 [===================>..........] - ETA: 1s - loss: 0.0213 - acc: 0.9978
3232/4534 [====================>.........] - ETA: 1s - loss: 0.0209 - acc: 0.9978
3296/4534 [====================>.........] - ETA: 1s - loss: 0.0205 - acc: 0.9979
3360/4534 [=====================>........] - ETA: 1s - loss: 0.0201 - acc: 0.9979
3424/4534 [=====================>........] - ETA: 1s - loss: 0.0245 - acc: 0.9977
3488/4534 [======================>.......] - ETA: 1s - loss: 0.0241 - acc: 0.9977
3552/4534 [======================>.......] - ETA: 1s - loss: 0.0240 - acc: 0.9975
3616/4534 [======================>.......] - ETA: 1s - loss: 0.0236 - acc: 0.9975
3680/4534 [=======================>......] - ETA: 1s - loss: 0.0233 - acc: 0.9976
3744/4534 [=======================>......] - ETA: 1s - loss: 0.0229 - acc: 0.9976
3808/4534 [========================>.....] - ETA: 1s - loss: 0.0226 - acc: 0.9976
3872/4534 [========================>.....] - ETA: 0s - loss: 0.0222 - acc: 0.9977
3936/4534 [=========================>....] - ETA: 0s - loss: 0.0219 - acc: 0.9977
4000/4534 [=========================>....] - ETA: 0s - loss: 0.0216 - acc: 0.9978
4064/4534 [=========================>....] - ETA: 0s - loss: 0.0213 - acc: 0.9978
4128/4534 [==========================>...] - ETA: 0s - loss: 0.0210 - acc: 0.9978
4192/4534 [==========================>...] - ETA: 0s - loss: 0.0207 - acc: 0.9979
4256/4534 [===========================>..] - ETA: 0s - loss: 0.0204 - acc: 0.9979
4320/4534 [===========================>..] - ETA: 0s - loss: 0.0201 - acc: 0.9979
4384/4534 [============================>.] - ETA: 0s - loss: 0.0199 - acc: 0.9979
4448/4534 [============================>.] - ETA: 0s - loss: 0.0196 - acc: 0.9980
4512/4534 [============================>.] - ETA: 0s - loss: 0.0193 - acc: 0.9980
4534/4534 [==============================] - 8s 2ms/step - loss: 0.0192 - acc: 0.9980 - val_loss: 3.4238 - val_acc: 0.7848
Train on 4534 samples, validate on 1134 samples
Epoch 1/1

  32/4534 [..............................] - ETA: 6s - loss: 1.5551e-07 - acc: 1.0000
  96/4534 [..............................] - ETA: 6s - loss: 5.7279e-04 - acc: 1.0000
 160/4534 [>.............................] - ETA: 6s - loss: 3.5172e-04 - acc: 1.0000
 224/4534 [>.............................] - ETA: 6s - loss: 3.8635e-04 - acc: 1.0000
 288/4534 [>.............................] - ETA: 6s - loss: 3.0145e-04 - acc: 1.0000
 352/4534 [=>............................] - ETA: 5s - loss: 3.2143e-04 - acc: 1.0000
 416/4534 [=>............................] - ETA: 5s - loss: 2.8218e-04 - acc: 1.0000
 480/4534 [==>...........................] - ETA: 5s - loss: 2.8802e-04 - acc: 1.0000
 544/4534 [==>...........................] - ETA: 5s - loss: 4.5144e-04 - acc: 1.0000
 608/4534 [===>..........................] - ETA: 5s - loss: 4.0487e-04 - acc: 1.0000
 672/4534 [===>..........................] - ETA: 5s - loss: 3.8222e-04 - acc: 1.0000
 736/4534 [===>..........................] - ETA: 5s - loss: 3.5002e-04 - acc: 1.0000
 800/4534 [====>.........................] - ETA: 5s - loss: 3.2975e-04 - acc: 1.0000
 864/4534 [====>.........................] - ETA: 5s - loss: 3.0611e-04 - acc: 1.0000
 928/4534 [=====>........................] - ETA: 5s - loss: 6.3955e-04 - acc: 1.0000
 992/4534 [=====>........................] - ETA: 5s - loss: 6.0040e-04 - acc: 1.0000
1056/4534 [=====>........................] - ETA: 4s - loss: 5.6730e-04 - acc: 1.0000
1120/4534 [======>.......................] - ETA: 4s - loss: 5.4895e-04 - acc: 1.0000
1184/4534 [======>.......................] - ETA: 4s - loss: 5.2024e-04 - acc: 1.0000
1248/4534 [=======>......................] - ETA: 4s - loss: 4.9359e-04 - acc: 1.0000
1312/4534 [=======>......................] - ETA: 4s - loss: 4.7797e-04 - acc: 1.0000
1376/4534 [========>.....................] - ETA: 4s - loss: 4.5595e-04 - acc: 1.0000
1440/4534 [========>.....................] - ETA: 4s - loss: 5.1346e-04 - acc: 1.0000
1504/4534 [========>.....................] - ETA: 4s - loss: 4.9436e-04 - acc: 1.0000
1568/4534 [=========>....................] - ETA: 4s - loss: 4.8032e-04 - acc: 1.0000
1632/4534 [=========>....................] - ETA: 4s - loss: 4.6653e-04 - acc: 1.0000
1696/4534 [==========>...................] - ETA: 4s - loss: 4.7413e-04 - acc: 1.0000
1760/4534 [==========>...................] - ETA: 3s - loss: 4.5993e-04 - acc: 1.0000
1824/4534 [===========>..................] - ETA: 3s - loss: 4.4398e-04 - acc: 1.0000
1888/4534 [===========>..................] - ETA: 3s - loss: 4.2894e-04 - acc: 1.0000
1952/4534 [===========>..................] - ETA: 3s - loss: 4.1636e-04 - acc: 1.0000
2016/4534 [============>.................] - ETA: 3s - loss: 4.1093e-04 - acc: 1.0000
2080/4534 [============>.................] - ETA: 3s - loss: 3.9841e-04 - acc: 1.0000
2144/4534 [=============>................] - ETA: 3s - loss: 4.2648e-04 - acc: 1.0000
2208/4534 [=============>................] - ETA: 3s - loss: 4.1450e-04 - acc: 1.0000
2272/4534 [==============>...............] - ETA: 3s - loss: 4.0284e-04 - acc: 1.0000
2336/4534 [==============>...............] - ETA: 3s - loss: 3.9181e-04 - acc: 1.0000
2400/4534 [==============>...............] - ETA: 3s - loss: 3.8228e-04 - acc: 1.0000
2464/4534 [===============>..............] - ETA: 2s - loss: 3.7881e-04 - acc: 1.0000
2528/4534 [===============>..............] - ETA: 2s - loss: 3.6925e-04 - acc: 1.0000
2592/4534 [================>.............] - ETA: 2s - loss: 3.6233e-04 - acc: 1.0000
2656/4534 [================>.............] - ETA: 2s - loss: 3.5361e-04 - acc: 1.0000
2720/4534 [================>.............] - ETA: 2s - loss: 3.5491e-04 - acc: 1.0000
2784/4534 [=================>............] - ETA: 2s - loss: 3.4675e-04 - acc: 1.0000
2848/4534 [=================>............] - ETA: 2s - loss: 3.4173e-04 - acc: 1.0000
2912/4534 [==================>...........] - ETA: 2s - loss: 3.4045e-04 - acc: 1.0000
2976/4534 [==================>...........] - ETA: 2s - loss: 3.3404e-04 - acc: 1.0000
3040/4534 [===================>..........] - ETA: 2s - loss: 3.2745e-04 - acc: 1.0000
3104/4534 [===================>..........] - ETA: 2s - loss: 3.2275e-04 - acc: 1.0000
3168/4534 [===================>..........] - ETA: 1s - loss: 3.1645e-04 - acc: 1.0000
3232/4534 [====================>.........] - ETA: 1s - loss: 3.1112e-04 - acc: 1.0000
3296/4534 [====================>.........] - ETA: 1s - loss: 3.1189e-04 - acc: 1.0000
3360/4534 [=====================>........] - ETA: 1s - loss: 3.0680e-04 - acc: 1.0000
3424/4534 [=====================>........] - ETA: 1s - loss: 3.0374e-04 - acc: 1.0000
3488/4534 [======================>.......] - ETA: 1s - loss: 2.9819e-04 - acc: 1.0000
3552/4534 [======================>.......] - ETA: 1s - loss: 3.0832e-04 - acc: 1.0000
3616/4534 [======================>.......] - ETA: 1s - loss: 3.0318e-04 - acc: 1.0000
3680/4534 [=======================>......] - ETA: 1s - loss: 0.0047 - acc: 0.9997    
3744/4534 [=======================>......] - ETA: 1s - loss: 0.0046 - acc: 0.9997
3808/4534 [========================>.....] - ETA: 1s - loss: 0.0045 - acc: 0.9997
3872/4534 [========================>.....] - ETA: 0s - loss: 0.0045 - acc: 0.9997
3936/4534 [=========================>....] - ETA: 0s - loss: 0.0044 - acc: 0.9997
4000/4534 [=========================>....] - ETA: 0s - loss: 0.0047 - acc: 0.9995
4064/4534 [=========================>....] - ETA: 0s - loss: 0.0047 - acc: 0.9995
4128/4534 [==========================>...] - ETA: 0s - loss: 0.0124 - acc: 0.9990
4192/4534 [==========================>...] - ETA: 0s - loss: 0.0122 - acc: 0.9990
4256/4534 [===========================>..] - ETA: 0s - loss: 0.0120 - acc: 0.9991
4320/4534 [===========================>..] - ETA: 0s - loss: 0.0118 - acc: 0.9991
4384/4534 [============================>.] - ETA: 0s - loss: 0.0120 - acc: 0.9989
4448/4534 [============================>.] - ETA: 0s - loss: 0.0119 - acc: 0.9989
4512/4534 [============================>.] - ETA: 0s - loss: 0.0117 - acc: 0.9989
4534/4534 [==============================] - 8s 2ms/step - loss: 0.0116 - acc: 0.9989 - val_loss: 3.3565 - val_acc: 0.7884
Train on 4534 samples, validate on 1134 samples
Epoch 1/1

  32/4534 [..............................] - ETA: 6s - loss: 1.7145e-06 - acc: 1.0000
  96/4534 [..............................] - ETA: 6s - loss: 2.4510e-06 - acc: 1.0000
 160/4534 [>.............................] - ETA: 6s - loss: 9.1823e-05 - acc: 1.0000
 224/4534 [>.............................] - ETA: 6s - loss: 8.3307e-05 - acc: 1.0000
 288/4534 [>.............................] - ETA: 6s - loss: 8.4047e-05 - acc: 1.0000
 352/4534 [=>............................] - ETA: 5s - loss: 1.3986e-04 - acc: 1.0000
 416/4534 [=>............................] - ETA: 5s - loss: 2.0148e-04 - acc: 1.0000
 480/4534 [==>...........................] - ETA: 5s - loss: 0.0020 - acc: 0.9979    
 544/4534 [==>...........................] - ETA: 5s - loss: 0.0023 - acc: 0.9982
 608/4534 [===>..........................] - ETA: 5s - loss: 0.0022 - acc: 0.9984
 672/4534 [===>..........................] - ETA: 5s - loss: 0.0020 - acc: 0.9985
 736/4534 [===>..........................] - ETA: 5s - loss: 0.0018 - acc: 0.9986
 800/4534 [====>.........................] - ETA: 5s - loss: 0.0026 - acc: 0.9988
 864/4534 [====>.........................] - ETA: 5s - loss: 0.0024 - acc: 0.9988
 928/4534 [=====>........................] - ETA: 5s - loss: 0.0022 - acc: 0.9989
 992/4534 [=====>........................] - ETA: 5s - loss: 0.0021 - acc: 0.9990
1056/4534 [=====>........................] - ETA: 4s - loss: 0.0019 - acc: 0.9991
1120/4534 [======>.......................] - ETA: 4s - loss: 0.0018 - acc: 0.9991
1184/4534 [======>.......................] - ETA: 4s - loss: 0.0017 - acc: 0.9992
1248/4534 [=======>......................] - ETA: 4s - loss: 0.0016 - acc: 0.9992
1312/4534 [=======>......................] - ETA: 4s - loss: 0.0016 - acc: 0.9992
1376/4534 [========>.....................] - ETA: 4s - loss: 0.0015 - acc: 0.9993
1440/4534 [========>.....................] - ETA: 4s - loss: 0.0014 - acc: 0.9993
1504/4534 [========>.....................] - ETA: 4s - loss: 0.0014 - acc: 0.9993
1568/4534 [=========>....................] - ETA: 4s - loss: 0.0013 - acc: 0.9994
1632/4534 [=========>....................] - ETA: 4s - loss: 0.0013 - acc: 0.9994
1696/4534 [==========>...................] - ETA: 4s - loss: 0.0012 - acc: 0.9994
1760/4534 [==========>...................] - ETA: 3s - loss: 0.0012 - acc: 0.9994
1824/4534 [===========>..................] - ETA: 3s - loss: 0.0011 - acc: 0.9995
1888/4534 [===========>..................] - ETA: 3s - loss: 0.0011 - acc: 0.9995
1952/4534 [===========>..................] - ETA: 3s - loss: 0.0018 - acc: 0.9990
2016/4534 [============>.................] - ETA: 3s - loss: 0.0017 - acc: 0.9990
2080/4534 [============>.................] - ETA: 3s - loss: 0.0017 - acc: 0.9990
2144/4534 [=============>................] - ETA: 3s - loss: 0.0016 - acc: 0.9991
2208/4534 [=============>................] - ETA: 3s - loss: 0.0016 - acc: 0.9991
2272/4534 [==============>...............] - ETA: 3s - loss: 0.0086 - acc: 0.9987
2336/4534 [==============>...............] - ETA: 3s - loss: 0.0084 - acc: 0.9987
2400/4534 [==============>...............] - ETA: 3s - loss: 0.0082 - acc: 0.9988
2464/4534 [===============>..............] - ETA: 2s - loss: 0.0105 - acc: 0.9984
2528/4534 [===============>..............] - ETA: 2s - loss: 0.0103 - acc: 0.9984
2592/4534 [================>.............] - ETA: 2s - loss: 0.0163 - acc: 0.9981
2656/4534 [================>.............] - ETA: 2s - loss: 0.0159 - acc: 0.9981
2720/4534 [================>.............] - ETA: 2s - loss: 0.0155 - acc: 0.9982
2784/4534 [=================>............] - ETA: 2s - loss: 0.0152 - acc: 0.9982
2848/4534 [=================>............] - ETA: 2s - loss: 0.0148 - acc: 0.9982
2912/4534 [==================>...........] - ETA: 2s - loss: 0.0145 - acc: 0.9983
2976/4534 [==================>...........] - ETA: 2s - loss: 0.0142 - acc: 0.9983
3040/4534 [===================>..........] - ETA: 2s - loss: 0.0139 - acc: 0.9984
3104/4534 [===================>..........] - ETA: 2s - loss: 0.0188 - acc: 0.9981
3168/4534 [===================>..........] - ETA: 1s - loss: 0.0244 - acc: 0.9975
3232/4534 [====================>.........] - ETA: 1s - loss: 0.0239 - acc: 0.9975
3296/4534 [====================>.........] - ETA: 1s - loss: 0.0241 - acc: 0.9973
3360/4534 [=====================>........] - ETA: 1s - loss: 0.0236 - acc: 0.9973
3424/4534 [=====================>........] - ETA: 1s - loss: 0.0232 - acc: 0.9974
3488/4534 [======================>.......] - ETA: 1s - loss: 0.0228 - acc: 0.9974
3552/4534 [======================>.......] - ETA: 1s - loss: 0.0224 - acc: 0.9975
3616/4534 [======================>.......] - ETA: 1s - loss: 0.0220 - acc: 0.9975
3680/4534 [=======================>......] - ETA: 1s - loss: 0.0216 - acc: 0.9976
3744/4534 [=======================>......] - ETA: 1s - loss: 0.0213 - acc: 0.9976
3808/4534 [========================>.....] - ETA: 1s - loss: 0.0209 - acc: 0.9976
3872/4534 [========================>.....] - ETA: 0s - loss: 0.0212 - acc: 0.9974
3936/4534 [=========================>....] - ETA: 0s - loss: 0.0208 - acc: 0.9975
4000/4534 [=========================>....] - ETA: 0s - loss: 0.0205 - acc: 0.9975
4064/4534 [=========================>....] - ETA: 0s - loss: 0.0202 - acc: 0.9975
4128/4534 [==========================>...] - ETA: 0s - loss: 0.0199 - acc: 0.9976
4192/4534 [==========================>...] - ETA: 0s - loss: 0.0196 - acc: 0.9976
4256/4534 [===========================>..] - ETA: 0s - loss: 0.0194 - acc: 0.9977
4320/4534 [===========================>..] - ETA: 0s - loss: 0.0191 - acc: 0.9977
4384/4534 [============================>.] - ETA: 0s - loss: 0.0188 - acc: 0.9977
4448/4534 [============================>.] - ETA: 0s - loss: 0.0185 - acc: 0.9978
4512/4534 [============================>.] - ETA: 0s - loss: 0.0183 - acc: 0.9978
4534/4534 [==============================] - 8s 2ms/step - loss: 0.0182 - acc: 0.9978 - val_loss: 8.7839 - val_acc: 0.4550
Train on 4534 samples, validate on 1134 samples
Epoch 1/1

  32/4534 [..............................] - ETA: 6s - loss: 1.6459e-06 - acc: 1.0000
  96/4534 [..............................] - ETA: 6s - loss: 1.9647e-04 - acc: 1.0000
 160/4534 [>.............................] - ETA: 6s - loss: 3.4327e-04 - acc: 1.0000
 224/4534 [>.............................] - ETA: 6s - loss: 2.4539e-04 - acc: 1.0000
 288/4534 [>.............................] - ETA: 5s - loss: 2.7654e-04 - acc: 1.0000
 352/4534 [=>............................] - ETA: 5s - loss: 6.9826e-04 - acc: 1.0000
 416/4534 [=>............................] - ETA: 5s - loss: 5.9090e-04 - acc: 1.0000
 480/4534 [==>...........................] - ETA: 5s - loss: 5.1427e-04 - acc: 1.0000
 544/4534 [==>...........................] - ETA: 5s - loss: 4.5778e-04 - acc: 1.0000
 608/4534 [===>..........................] - ETA: 5s - loss: 4.1256e-04 - acc: 1.0000
 672/4534 [===>..........................] - ETA: 5s - loss: 6.1016e-04 - acc: 1.0000
 736/4534 [===>..........................] - ETA: 5s - loss: 5.5712e-04 - acc: 1.0000
 800/4534 [====>.........................] - ETA: 5s - loss: 5.1257e-04 - acc: 1.0000
 864/4534 [====>.........................] - ETA: 5s - loss: 4.8415e-04 - acc: 1.0000
 928/4534 [=====>........................] - ETA: 5s - loss: 4.5081e-04 - acc: 1.0000
 992/4534 [=====>........................] - ETA: 5s - loss: 4.2268e-04 - acc: 1.0000
1056/4534 [=====>........................] - ETA: 4s - loss: 6.9568e-04 - acc: 1.0000
1120/4534 [======>.......................] - ETA: 4s - loss: 6.6276e-04 - acc: 1.0000
1184/4534 [======>.......................] - ETA: 4s - loss: 6.2698e-04 - acc: 1.0000
1248/4534 [=======>......................] - ETA: 4s - loss: 5.9492e-04 - acc: 1.0000
1312/4534 [=======>......................] - ETA: 4s - loss: 5.6664e-04 - acc: 1.0000
1376/4534 [========>.....................] - ETA: 4s - loss: 5.4030e-04 - acc: 1.0000
1440/4534 [========>.....................] - ETA: 4s - loss: 5.1793e-04 - acc: 1.0000
1504/4534 [========>.....................] - ETA: 4s - loss: 4.9590e-04 - acc: 1.0000
1568/4534 [=========>....................] - ETA: 4s - loss: 4.7602e-04 - acc: 1.0000
1632/4534 [=========>....................] - ETA: 4s - loss: 4.6004e-04 - acc: 1.0000
1696/4534 [==========>...................] - ETA: 4s - loss: 4.4280e-04 - acc: 1.0000
1760/4534 [==========>...................] - ETA: 3s - loss: 0.0061 - acc: 0.9994    
1824/4534 [===========>..................] - ETA: 3s - loss: 0.0059 - acc: 0.9995
1888/4534 [===========>..................] - ETA: 3s - loss: 0.0058 - acc: 0.9995
1952/4534 [===========>..................] - ETA: 3s - loss: 0.0056 - acc: 0.9995
2016/4534 [============>.................] - ETA: 3s - loss: 0.0055 - acc: 0.9995
2080/4534 [============>.................] - ETA: 3s - loss: 0.0055 - acc: 0.9995
2144/4534 [=============>................] - ETA: 3s - loss: 0.0053 - acc: 0.9995
2208/4534 [=============>................] - ETA: 3s - loss: 0.0051 - acc: 0.9995
2272/4534 [==============>...............] - ETA: 3s - loss: 0.0121 - acc: 0.9991
2336/4534 [==============>...............] - ETA: 3s - loss: 0.0136 - acc: 0.9983
2400/4534 [==============>...............] - ETA: 3s - loss: 0.0139 - acc: 0.9979
2464/4534 [===============>..............] - ETA: 2s - loss: 0.0135 - acc: 0.9980
2528/4534 [===============>..............] - ETA: 2s - loss: 0.0132 - acc: 0.9980
2592/4534 [================>.............] - ETA: 2s - loss: 0.0129 - acc: 0.9981
2656/4534 [================>.............] - ETA: 2s - loss: 0.0126 - acc: 0.9981
2720/4534 [================>.............] - ETA: 2s - loss: 0.0124 - acc: 0.9982
2784/4534 [=================>............] - ETA: 2s - loss: 0.0123 - acc: 0.9982
2848/4534 [=================>............] - ETA: 2s - loss: 0.0120 - acc: 0.9982
2912/4534 [==================>...........] - ETA: 2s - loss: 0.0118 - acc: 0.9983
2976/4534 [==================>...........] - ETA: 2s - loss: 0.0118 - acc: 0.9983
3040/4534 [===================>..........] - ETA: 2s - loss: 0.0115 - acc: 0.9984
3104/4534 [===================>..........] - ETA: 2s - loss: 0.0113 - acc: 0.9984
3168/4534 [===================>..........] - ETA: 1s - loss: 0.0111 - acc: 0.9984
3232/4534 [====================>.........] - ETA: 1s - loss: 0.0109 - acc: 0.9985
3296/4534 [====================>.........] - ETA: 1s - loss: 0.0109 - acc: 0.9985
3360/4534 [=====================>........] - ETA: 1s - loss: 0.0108 - acc: 0.9985
3424/4534 [=====================>........] - ETA: 1s - loss: 0.0106 - acc: 0.9985
3488/4534 [======================>.......] - ETA: 1s - loss: 0.0104 - acc: 0.9986
3552/4534 [======================>.......] - ETA: 1s - loss: 0.0103 - acc: 0.9986
3616/4534 [======================>.......] - ETA: 1s - loss: 0.0103 - acc: 0.9983
3680/4534 [=======================>......] - ETA: 1s - loss: 0.0101 - acc: 0.9984
3744/4534 [=======================>......] - ETA: 1s - loss: 0.0103 - acc: 0.9981
3808/4534 [========================>.....] - ETA: 1s - loss: 0.0101 - acc: 0.9982
3872/4534 [========================>.....] - ETA: 0s - loss: 0.0100 - acc: 0.9982
3936/4534 [=========================>....] - ETA: 0s - loss: 0.0098 - acc: 0.9982
4000/4534 [=========================>....] - ETA: 0s - loss: 0.0097 - acc: 0.9982
4064/4534 [=========================>....] - ETA: 0s - loss: 0.0098 - acc: 0.9980
4128/4534 [==========================>...] - ETA: 0s - loss: 0.0096 - acc: 0.9981
4192/4534 [==========================>...] - ETA: 0s - loss: 0.0095 - acc: 0.9981
4256/4534 [===========================>..] - ETA: 0s - loss: 0.0094 - acc: 0.9981
4320/4534 [===========================>..] - ETA: 0s - loss: 0.0093 - acc: 0.9981
4384/4534 [============================>.] - ETA: 0s - loss: 0.0092 - acc: 0.9982
4448/4534 [============================>.] - ETA: 0s - loss: 0.0091 - acc: 0.9982
4512/4534 [============================>.] - ETA: 0s - loss: 0.0090 - acc: 0.9982
4534/4534 [==============================] - 8s 2ms/step - loss: 0.0090 - acc: 0.9982 - val_loss: 8.6276 - val_acc: 0.4647

  32/1418 [..............................] - ETA: 21s
  96/1418 [=>............................] - ETA: 7s 
 160/1418 [==>...........................] - ETA: 4s
 224/1418 [===>..........................] - ETA: 3s
 288/1418 [=====>........................] - ETA: 2s
 352/1418 [======>.......................] - ETA: 2s
 416/1418 [=======>......................] - ETA: 2s
 480/1418 [=========>....................] - ETA: 1s
 544/1418 [==========>...................] - ETA: 1s
 608/1418 [===========>..................] - ETA: 1s
 672/1418 [=============>................] - ETA: 1s
 736/1418 [==============>...............] - ETA: 1s
 800/1418 [===============>..............] - ETA: 0s
 864/1418 [=================>............] - ETA: 0s
 928/1418 [==================>...........] - ETA: 0s
 992/1418 [===================>..........] - ETA: 0s
1056/1418 [=====================>........] - ETA: 0s
1120/1418 [======================>.......] - ETA: 0s
1184/1418 [========================>.....] - ETA: 0s
1248/1418 [=========================>....] - ETA: 0s
1312/1418 [==========================>...] - ETA: 0s
1376/1418 [============================>.] - ETA: 0s
1418/1418 [==============================] - 2s 1ms/step
Test acc: 0.9866008462623413
Test auc: 0.9964727902391175
Execute epoch: 13
Execute time: 114.00199937820435
(W) Execute time: 111.47554421424866
