_________________________________________________________________
Layer (type)                 Output Shape              Param #   
=================================================================
embedding_1 (Embedding)      (None, None, 128)         297984    
_________________________________________________________________
lstm_1 (LSTM)                (None, None, 64)          49408     
_________________________________________________________________
lstm_2 (LSTM)                (None, None, 64)          33024     
_________________________________________________________________
lstm_3 (LSTM)                (None, 64)                33024     
_________________________________________________________________
dense_1 (Dense)              (None, 16)                1040      
_________________________________________________________________
dense_2 (Dense)              (None, 1)                 17        
=================================================================
Total params: 414,497
Trainable params: 414,497
Non-trainable params: 0
_________________________________________________________________
Train on 4534 samples, validate on 1134 samples
Epoch 1/1

  32/4534 [..............................] - ETA: 7:55 - loss: 0.6933 - acc: 0.3125
 128/4534 [..............................] - ETA: 1:58 - loss: 0.6933 - acc: 0.4297
 224/4534 [>.............................] - ETA: 1:07 - loss: 0.6928 - acc: 0.5268
 320/4534 [=>............................] - ETA: 46s - loss: 0.6924 - acc: 0.5594 
 416/4534 [=>............................] - ETA: 35s - loss: 0.6923 - acc: 0.5601
 512/4534 [==>...........................] - ETA: 28s - loss: 0.6918 - acc: 0.5723
 608/4534 [===>..........................] - ETA: 24s - loss: 0.6911 - acc: 0.5855
 704/4534 [===>..........................] - ETA: 20s - loss: 0.6907 - acc: 0.5866
 800/4534 [====>.........................] - ETA: 18s - loss: 0.6907 - acc: 0.5813
 896/4534 [====>.........................] - ETA: 15s - loss: 0.6896 - acc: 0.5904
 992/4534 [=====>........................] - ETA: 14s - loss: 0.6898 - acc: 0.5827
1088/4534 [======>.......................] - ETA: 12s - loss: 0.6893 - acc: 0.5818
1184/4534 [======>.......................] - ETA: 11s - loss: 0.6890 - acc: 0.5785
1280/4534 [=======>......................] - ETA: 10s - loss: 0.6868 - acc: 0.5852
1376/4534 [========>.....................] - ETA: 9s - loss: 0.6858 - acc: 0.5821 
1472/4534 [========>.....................] - ETA: 8s - loss: 0.6848 - acc: 0.5768
1568/4534 [=========>....................] - ETA: 8s - loss: 0.6821 - acc: 0.5753
1664/4534 [==========>...................] - ETA: 7s - loss: 0.6768 - acc: 0.5733
1760/4534 [==========>...................] - ETA: 7s - loss: 0.6711 - acc: 0.5750
1856/4534 [===========>..................] - ETA: 6s - loss: 0.6691 - acc: 0.5770
1952/4534 [===========>..................] - ETA: 6s - loss: 0.6653 - acc: 0.5738
2048/4534 [============>.................] - ETA: 5s - loss: 0.6561 - acc: 0.5776
2144/4534 [=============>................] - ETA: 5s - loss: 0.6512 - acc: 0.5774
2240/4534 [=============>................] - ETA: 4s - loss: 0.6456 - acc: 0.5772
2336/4534 [==============>...............] - ETA: 4s - loss: 0.6422 - acc: 0.5723
2432/4534 [===============>..............] - ETA: 4s - loss: 0.6362 - acc: 0.5715
2528/4534 [===============>..............] - ETA: 3s - loss: 0.6325 - acc: 0.5767
2624/4534 [================>.............] - ETA: 3s - loss: 0.6259 - acc: 0.5877
2720/4534 [================>.............] - ETA: 3s - loss: 0.6183 - acc: 0.5985
2816/4534 [=================>............] - ETA: 3s - loss: 0.6129 - acc: 0.6104
2912/4534 [==================>...........] - ETA: 2s - loss: 0.6053 - acc: 0.6205
3008/4534 [==================>...........] - ETA: 2s - loss: 0.5974 - acc: 0.6287
3104/4534 [===================>..........] - ETA: 2s - loss: 0.5898 - acc: 0.6360
3200/4534 [====================>.........] - ETA: 2s - loss: 0.5783 - acc: 0.6453
3296/4534 [====================>.........] - ETA: 2s - loss: 0.5686 - acc: 0.6532
3392/4534 [=====================>........] - ETA: 1s - loss: 0.5592 - acc: 0.6598
3488/4534 [======================>.......] - ETA: 1s - loss: 0.5498 - acc: 0.6666
3584/4534 [======================>.......] - ETA: 1s - loss: 0.5422 - acc: 0.6733
3680/4534 [=======================>......] - ETA: 1s - loss: 0.5316 - acc: 0.6807
3776/4534 [=======================>......] - ETA: 1s - loss: 0.5224 - acc: 0.6867
3872/4534 [========================>.....] - ETA: 0s - loss: 0.5149 - acc: 0.6919
3968/4534 [=========================>....] - ETA: 0s - loss: 0.5056 - acc: 0.6983
4064/4534 [=========================>....] - ETA: 0s - loss: 0.4992 - acc: 0.7032
4160/4534 [==========================>...] - ETA: 0s - loss: 0.4908 - acc: 0.7087
4256/4534 [===========================>..] - ETA: 0s - loss: 0.4835 - acc: 0.7138
4352/4534 [===========================>..] - ETA: 0s - loss: 0.4761 - acc: 0.7188
4448/4534 [============================>.] - ETA: 0s - loss: 0.4689 - acc: 0.7232
4534/4534 [==============================] - 8s 2ms/step - loss: 0.4631 - acc: 0.7281 - val_loss: 6.8887 - val_acc: 0.5679
Train on 4534 samples, validate on 1134 samples
Epoch 1/1

  32/4534 [..............................] - ETA: 2s - loss: 0.2431 - acc: 0.9062
 128/4534 [..............................] - ETA: 2s - loss: 0.1750 - acc: 0.9297
 224/4534 [>.............................] - ETA: 2s - loss: 0.1988 - acc: 0.9330
 320/4534 [=>............................] - ETA: 2s - loss: 0.1837 - acc: 0.9406
 416/4534 [=>............................] - ETA: 2s - loss: 0.1692 - acc: 0.9423
 512/4534 [==>...........................] - ETA: 2s - loss: 0.1516 - acc: 0.9512
 608/4534 [===>..........................] - ETA: 2s - loss: 0.1569 - acc: 0.9424
 704/4534 [===>..........................] - ETA: 2s - loss: 0.1614 - acc: 0.9403
 800/4534 [====>.........................] - ETA: 2s - loss: 0.1572 - acc: 0.9437
 896/4534 [====>.........................] - ETA: 2s - loss: 0.1612 - acc: 0.9408
 992/4534 [=====>........................] - ETA: 2s - loss: 0.1568 - acc: 0.9425
1088/4534 [======>.......................] - ETA: 2s - loss: 0.1520 - acc: 0.9430
1184/4534 [======>.......................] - ETA: 2s - loss: 0.1452 - acc: 0.9468
1280/4534 [=======>......................] - ETA: 2s - loss: 0.1469 - acc: 0.9461
1376/4534 [========>.....................] - ETA: 1s - loss: 0.1479 - acc: 0.9455
1472/4534 [========>.....................] - ETA: 1s - loss: 0.1571 - acc: 0.9443
1568/4534 [=========>....................] - ETA: 1s - loss: 0.1536 - acc: 0.9458
1664/4534 [==========>...................] - ETA: 1s - loss: 0.1545 - acc: 0.9453
1760/4534 [==========>...................] - ETA: 1s - loss: 0.1570 - acc: 0.9437
1856/4534 [===========>..................] - ETA: 1s - loss: 0.1544 - acc: 0.9450
1952/4534 [===========>..................] - ETA: 1s - loss: 0.1549 - acc: 0.9436
2048/4534 [============>.................] - ETA: 1s - loss: 0.1558 - acc: 0.9429
2144/4534 [=============>................] - ETA: 1s - loss: 0.1541 - acc: 0.9431
2240/4534 [=============>................] - ETA: 1s - loss: 0.1531 - acc: 0.9424
2336/4534 [==============>...............] - ETA: 1s - loss: 0.1571 - acc: 0.9401
2432/4534 [===============>..............] - ETA: 1s - loss: 0.1567 - acc: 0.9396
2528/4534 [===============>..............] - ETA: 1s - loss: 0.1573 - acc: 0.9391
2624/4534 [================>.............] - ETA: 1s - loss: 0.1539 - acc: 0.9405
2720/4534 [================>.............] - ETA: 1s - loss: 0.1505 - acc: 0.9426
2816/4534 [=================>............] - ETA: 1s - loss: 0.1521 - acc: 0.9428
2912/4534 [==================>...........] - ETA: 1s - loss: 0.1522 - acc: 0.9423
3008/4534 [==================>...........] - ETA: 0s - loss: 0.1549 - acc: 0.9415
3104/4534 [===================>..........] - ETA: 0s - loss: 0.1612 - acc: 0.9407
3200/4534 [====================>.........] - ETA: 0s - loss: 0.1609 - acc: 0.9406
3296/4534 [====================>.........] - ETA: 0s - loss: 0.1616 - acc: 0.9396
3392/4534 [=====================>........] - ETA: 0s - loss: 0.1617 - acc: 0.9396
3488/4534 [======================>.......] - ETA: 0s - loss: 0.1639 - acc: 0.9401
3584/4534 [======================>.......] - ETA: 0s - loss: 0.1662 - acc: 0.9403
3680/4534 [=======================>......] - ETA: 0s - loss: 0.1658 - acc: 0.9399
3776/4534 [=======================>......] - ETA: 0s - loss: 0.1673 - acc: 0.9401
3872/4534 [========================>.....] - ETA: 0s - loss: 0.1695 - acc: 0.9403
3968/4534 [=========================>....] - ETA: 0s - loss: 0.1692 - acc: 0.9395
4064/4534 [=========================>....] - ETA: 0s - loss: 0.1698 - acc: 0.9402
4160/4534 [==========================>...] - ETA: 0s - loss: 0.1696 - acc: 0.9394
4256/4534 [===========================>..] - ETA: 0s - loss: 0.1698 - acc: 0.9396
4352/4534 [===========================>..] - ETA: 0s - loss: 0.1685 - acc: 0.9403
4448/4534 [============================>.] - ETA: 0s - loss: 0.1674 - acc: 0.9406
4534/4534 [==============================] - 4s 867us/step - loss: 0.1665 - acc: 0.9411 - val_loss: 6.8887 - val_acc: 0.5679
Train on 4534 samples, validate on 1134 samples
Epoch 1/1

  32/4534 [..............................] - ETA: 2s - loss: 0.1636 - acc: 0.9062
 128/4534 [..............................] - ETA: 2s - loss: 0.1319 - acc: 0.9297
 224/4534 [>.............................] - ETA: 2s - loss: 0.1080 - acc: 0.9464
 320/4534 [=>............................] - ETA: 2s - loss: 0.0965 - acc: 0.9594
 416/4534 [=>............................] - ETA: 2s - loss: 0.0901 - acc: 0.9615
 512/4534 [==>...........................] - ETA: 2s - loss: 0.0819 - acc: 0.9648
 608/4534 [===>..........................] - ETA: 2s - loss: 0.0967 - acc: 0.9605
 704/4534 [===>..........................] - ETA: 2s - loss: 0.1040 - acc: 0.9574
 800/4534 [====>.........................] - ETA: 2s - loss: 0.1061 - acc: 0.9563
 896/4534 [====>.........................] - ETA: 2s - loss: 0.1193 - acc: 0.9520
 992/4534 [=====>........................] - ETA: 2s - loss: 0.1159 - acc: 0.9526
1088/4534 [======>.......................] - ETA: 2s - loss: 0.1130 - acc: 0.9540
1184/4534 [======>.......................] - ETA: 2s - loss: 0.1122 - acc: 0.9544
1280/4534 [=======>......................] - ETA: 2s - loss: 0.1167 - acc: 0.9531
1376/4534 [========>.....................] - ETA: 1s - loss: 0.1172 - acc: 0.9535
1472/4534 [========>.....................] - ETA: 1s - loss: 0.1164 - acc: 0.9545
1568/4534 [=========>....................] - ETA: 1s - loss: 0.1164 - acc: 0.9541
1664/4534 [==========>...................] - ETA: 1s - loss: 0.1162 - acc: 0.9531
1760/4534 [==========>...................] - ETA: 1s - loss: 0.1151 - acc: 0.9540
1856/4534 [===========>..................] - ETA: 1s - loss: 0.1144 - acc: 0.9547
1952/4534 [===========>..................] - ETA: 1s - loss: 0.1162 - acc: 0.9534
2048/4534 [============>.................] - ETA: 1s - loss: 0.1152 - acc: 0.9546
2144/4534 [=============>................] - ETA: 1s - loss: 0.1146 - acc: 0.9552
2240/4534 [=============>................] - ETA: 1s - loss: 0.1133 - acc: 0.9558
2336/4534 [==============>...............] - ETA: 1s - loss: 0.1132 - acc: 0.9555
2432/4534 [===============>..............] - ETA: 1s - loss: 0.1126 - acc: 0.9556
2528/4534 [===============>..............] - ETA: 1s - loss: 0.1139 - acc: 0.9545
2624/4534 [================>.............] - ETA: 1s - loss: 0.1135 - acc: 0.9543
2720/4534 [================>.............] - ETA: 1s - loss: 0.1127 - acc: 0.9548
2816/4534 [=================>............] - ETA: 1s - loss: 0.1142 - acc: 0.9531
2912/4534 [==================>...........] - ETA: 1s - loss: 0.1158 - acc: 0.9519
3008/4534 [==================>...........] - ETA: 0s - loss: 0.1225 - acc: 0.9511
3104/4534 [===================>..........] - ETA: 0s - loss: 0.1215 - acc: 0.9510
3200/4534 [====================>.........] - ETA: 0s - loss: 0.1228 - acc: 0.9497
3296/4534 [====================>.........] - ETA: 0s - loss: 0.1206 - acc: 0.9512
3392/4534 [=====================>........] - ETA: 0s - loss: 0.1213 - acc: 0.9508
3488/4534 [======================>.......] - ETA: 0s - loss: 0.1196 - acc: 0.9518
3584/4534 [======================>.......] - ETA: 0s - loss: 0.1192 - acc: 0.9526
3680/4534 [=======================>......] - ETA: 0s - loss: 0.1186 - acc: 0.9530
3776/4534 [=======================>......] - ETA: 0s - loss: 0.1177 - acc: 0.9537
3872/4534 [========================>.....] - ETA: 0s - loss: 0.1158 - acc: 0.9548
3968/4534 [=========================>....] - ETA: 0s - loss: 0.1153 - acc: 0.9549
4064/4534 [=========================>....] - ETA: 0s - loss: 0.1148 - acc: 0.9547
4160/4534 [==========================>...] - ETA: 0s - loss: 0.1145 - acc: 0.9546
4256/4534 [===========================>..] - ETA: 0s - loss: 0.1135 - acc: 0.9549
4352/4534 [===========================>..] - ETA: 0s - loss: 0.1127 - acc: 0.9550
4448/4534 [============================>.] - ETA: 0s - loss: 0.1138 - acc: 0.9544
4534/4534 [==============================] - 4s 868us/step - loss: 0.1132 - acc: 0.9548 - val_loss: 6.8887 - val_acc: 0.5679
Train on 4534 samples, validate on 1134 samples
Epoch 1/1

  32/4534 [..............................] - ETA: 2s - loss: 0.0935 - acc: 0.9688
 128/4534 [..............................] - ETA: 2s - loss: 0.0860 - acc: 0.9531
 224/4534 [>.............................] - ETA: 2s - loss: 0.0823 - acc: 0.9598
 320/4534 [=>............................] - ETA: 2s - loss: 0.0745 - acc: 0.9656
 416/4534 [=>............................] - ETA: 2s - loss: 0.0769 - acc: 0.9663
 512/4534 [==>...........................] - ETA: 2s - loss: 0.0885 - acc: 0.9648
 608/4534 [===>..........................] - ETA: 2s - loss: 0.0897 - acc: 0.9638
 704/4534 [===>..........................] - ETA: 2s - loss: 0.1018 - acc: 0.9616
 800/4534 [====>.........................] - ETA: 2s - loss: 0.1161 - acc: 0.9625
 896/4534 [====>.........................] - ETA: 2s - loss: 0.1135 - acc: 0.9621
 992/4534 [=====>........................] - ETA: 2s - loss: 0.1061 - acc: 0.9657
1088/4534 [======>.......................] - ETA: 2s - loss: 0.1038 - acc: 0.9651
1184/4534 [======>.......................] - ETA: 2s - loss: 0.1108 - acc: 0.9645
1280/4534 [=======>......................] - ETA: 2s - loss: 0.1046 - acc: 0.9664
1376/4534 [========>.....................] - ETA: 1s - loss: 0.1034 - acc: 0.9666
1472/4534 [========>.....................] - ETA: 1s - loss: 0.1036 - acc: 0.9654
1568/4534 [=========>....................] - ETA: 1s - loss: 0.1010 - acc: 0.9662
1664/4534 [==========>...................] - ETA: 1s - loss: 0.0994 - acc: 0.9669
1760/4534 [==========>...................] - ETA: 1s - loss: 0.1034 - acc: 0.9648
1856/4534 [===========>..................] - ETA: 1s - loss: 0.1062 - acc: 0.9639
1952/4534 [===========>..................] - ETA: 1s - loss: 0.1056 - acc: 0.9641
2048/4534 [============>.................] - ETA: 1s - loss: 0.1067 - acc: 0.9624
2144/4534 [=============>................] - ETA: 1s - loss: 0.1055 - acc: 0.9622
2240/4534 [=============>................] - ETA: 1s - loss: 0.1036 - acc: 0.9629
2336/4534 [==============>...............] - ETA: 1s - loss: 0.1033 - acc: 0.9632
2432/4534 [===============>..............] - ETA: 1s - loss: 0.1016 - acc: 0.9638
2528/4534 [===============>..............] - ETA: 1s - loss: 0.1004 - acc: 0.9644
2624/4534 [================>.............] - ETA: 1s - loss: 0.0984 - acc: 0.9653
2720/4534 [================>.............] - ETA: 1s - loss: 0.0969 - acc: 0.9662
2816/4534 [=================>............] - ETA: 1s - loss: 0.0961 - acc: 0.9663
2912/4534 [==================>...........] - ETA: 1s - loss: 0.0959 - acc: 0.9663
3008/4534 [==================>...........] - ETA: 0s - loss: 0.0945 - acc: 0.9668
3104/4534 [===================>..........] - ETA: 0s - loss: 0.0934 - acc: 0.9668
3200/4534 [====================>.........] - ETA: 0s - loss: 0.0962 - acc: 0.9656
3296/4534 [====================>.........] - ETA: 0s - loss: 0.0962 - acc: 0.9660
3392/4534 [=====================>........] - ETA: 0s - loss: 0.0964 - acc: 0.9661
3488/4534 [======================>.......] - ETA: 0s - loss: 0.0971 - acc: 0.9665
3584/4534 [======================>.......] - ETA: 0s - loss: 0.0962 - acc: 0.9665
3680/4534 [=======================>......] - ETA: 0s - loss: 0.0967 - acc: 0.9658
3776/4534 [=======================>......] - ETA: 0s - loss: 0.0979 - acc: 0.9656
3872/4534 [========================>.....] - ETA: 0s - loss: 0.0973 - acc: 0.9657
3968/4534 [=========================>....] - ETA: 0s - loss: 0.0983 - acc: 0.9655
4064/4534 [=========================>....] - ETA: 0s - loss: 0.0987 - acc: 0.9656
4160/4534 [==========================>...] - ETA: 0s - loss: 0.0981 - acc: 0.9654
4256/4534 [===========================>..] - ETA: 0s - loss: 0.0984 - acc: 0.9652
4352/4534 [===========================>..] - ETA: 0s - loss: 0.0997 - acc: 0.9653
4448/4534 [============================>.] - ETA: 0s - loss: 0.0997 - acc: 0.9645
4534/4534 [==============================] - 4s 869us/step - loss: 0.0994 - acc: 0.9643 - val_loss: 6.8887 - val_acc: 0.5679
Train on 4534 samples, validate on 1134 samples
Epoch 1/1

  32/4534 [..............................] - ETA: 2s - loss: 0.0829 - acc: 0.9688
 128/4534 [..............................] - ETA: 2s - loss: 0.1013 - acc: 0.9531
 224/4534 [>.............................] - ETA: 2s - loss: 0.1094 - acc: 0.9509
 320/4534 [=>............................] - ETA: 2s - loss: 0.0917 - acc: 0.9625
 416/4534 [=>............................] - ETA: 2s - loss: 0.0964 - acc: 0.9615
 512/4534 [==>...........................] - ETA: 2s - loss: 0.0808 - acc: 0.9688
 608/4534 [===>..........................] - ETA: 2s - loss: 0.0708 - acc: 0.9737
 704/4534 [===>..........................] - ETA: 2s - loss: 0.0674 - acc: 0.9759
 800/4534 [====>.........................] - ETA: 2s - loss: 0.0667 - acc: 0.9750
 896/4534 [====>.........................] - ETA: 2s - loss: 0.0804 - acc: 0.9743
 992/4534 [=====>........................] - ETA: 2s - loss: 0.0975 - acc: 0.9728
1088/4534 [======>.......................] - ETA: 2s - loss: 0.0959 - acc: 0.9724
1184/4534 [======>.......................] - ETA: 2s - loss: 0.0914 - acc: 0.9730
1280/4534 [=======>......................] - ETA: 2s - loss: 0.0930 - acc: 0.9703
1376/4534 [========>.....................] - ETA: 1s - loss: 0.0916 - acc: 0.9709
1472/4534 [========>.....................] - ETA: 1s - loss: 0.0898 - acc: 0.9708
1568/4534 [=========>....................] - ETA: 1s - loss: 0.0934 - acc: 0.9688
1664/4534 [==========>...................] - ETA: 1s - loss: 0.0917 - acc: 0.9688
1760/4534 [==========>...................] - ETA: 1s - loss: 0.0927 - acc: 0.9682
1856/4534 [===========>..................] - ETA: 1s - loss: 0.0915 - acc: 0.9677
1952/4534 [===========>..................] - ETA: 1s - loss: 0.0949 - acc: 0.9672
2048/4534 [============>.................] - ETA: 1s - loss: 0.0939 - acc: 0.9683
2144/4534 [=============>................] - ETA: 1s - loss: 0.0952 - acc: 0.9674
2240/4534 [=============>................] - ETA: 1s - loss: 0.0963 - acc: 0.9674
2336/4534 [==============>...............] - ETA: 1s - loss: 0.0959 - acc: 0.9683
2432/4534 [===============>..............] - ETA: 1s - loss: 0.0951 - acc: 0.9683
2528/4534 [===============>..............] - ETA: 1s - loss: 0.0943 - acc: 0.9684
2624/4534 [================>.............] - ETA: 1s - loss: 0.0934 - acc: 0.9688
2720/4534 [================>.............] - ETA: 1s - loss: 0.0919 - acc: 0.9699
2816/4534 [=================>............] - ETA: 1s - loss: 0.0922 - acc: 0.9691
2912/4534 [==================>...........] - ETA: 1s - loss: 0.0935 - acc: 0.9684
3008/4534 [==================>...........] - ETA: 0s - loss: 0.0976 - acc: 0.9678
3104/4534 [===================>..........] - ETA: 0s - loss: 0.0960 - acc: 0.9684
3200/4534 [====================>.........] - ETA: 0s - loss: 0.0950 - acc: 0.9684
3296/4534 [====================>.........] - ETA: 0s - loss: 0.0953 - acc: 0.9681
3392/4534 [=====================>........] - ETA: 0s - loss: 0.0957 - acc: 0.9676
3488/4534 [======================>.......] - ETA: 0s - loss: 0.0938 - acc: 0.9685
3584/4534 [======================>.......] - ETA: 0s - loss: 0.0940 - acc: 0.9682
3680/4534 [=======================>......] - ETA: 0s - loss: 0.0942 - acc: 0.9685
3776/4534 [=======================>......] - ETA: 0s - loss: 0.0943 - acc: 0.9685
3872/4534 [========================>.....] - ETA: 0s - loss: 0.0939 - acc: 0.9688
3968/4534 [=========================>....] - ETA: 0s - loss: 0.0928 - acc: 0.9695
4064/4534 [=========================>....] - ETA: 0s - loss: 0.0921 - acc: 0.9697
4160/4534 [==========================>...] - ETA: 0s - loss: 0.0913 - acc: 0.9697
4256/4534 [===========================>..] - ETA: 0s - loss: 0.0897 - acc: 0.9704
4352/4534 [===========================>..] - ETA: 0s - loss: 0.0887 - acc: 0.9706
4448/4534 [============================>.] - ETA: 0s - loss: 0.0877 - acc: 0.9710
4534/4534 [==============================] - 4s 869us/step - loss: 0.0888 - acc: 0.9709 - val_loss: 6.8887 - val_acc: 0.5679
Train on 4534 samples, validate on 1134 samples
Epoch 1/1

  32/4534 [..............................] - ETA: 3s - loss: 0.0247 - acc: 1.0000
 128/4534 [..............................] - ETA: 2s - loss: 0.0252 - acc: 1.0000
 224/4534 [>.............................] - ETA: 2s - loss: 0.0477 - acc: 0.9866
 320/4534 [=>............................] - ETA: 2s - loss: 0.0549 - acc: 0.9844
 416/4534 [=>............................] - ETA: 2s - loss: 0.0518 - acc: 0.9856
 512/4534 [==>...........................] - ETA: 2s - loss: 0.0550 - acc: 0.9824
 608/4534 [===>..........................] - ETA: 2s - loss: 0.0568 - acc: 0.9819
 704/4534 [===>..........................] - ETA: 2s - loss: 0.0667 - acc: 0.9787
 800/4534 [====>.........................] - ETA: 2s - loss: 0.0653 - acc: 0.9788
 896/4534 [====>.........................] - ETA: 2s - loss: 0.0880 - acc: 0.9766
 992/4534 [=====>........................] - ETA: 2s - loss: 0.0901 - acc: 0.9748
1088/4534 [======>.......................] - ETA: 2s - loss: 0.0887 - acc: 0.9733
1184/4534 [======>.......................] - ETA: 2s - loss: 0.0856 - acc: 0.9738
1280/4534 [=======>......................] - ETA: 2s - loss: 0.0866 - acc: 0.9727
1376/4534 [========>.....................] - ETA: 1s - loss: 0.0863 - acc: 0.9724
1472/4534 [========>.....................] - ETA: 1s - loss: 0.0857 - acc: 0.9721
1568/4534 [=========>....................] - ETA: 1s - loss: 0.0852 - acc: 0.9726
1664/4534 [==========>...................] - ETA: 1s - loss: 0.0813 - acc: 0.9742
1760/4534 [==========>...................] - ETA: 1s - loss: 0.0794 - acc: 0.9750
1856/4534 [===========>..................] - ETA: 1s - loss: 0.0825 - acc: 0.9747
1952/4534 [===========>..................] - ETA: 1s - loss: 0.0814 - acc: 0.9749
2048/4534 [============>.................] - ETA: 1s - loss: 0.0808 - acc: 0.9756
2144/4534 [=============>................] - ETA: 1s - loss: 0.0811 - acc: 0.9748
2240/4534 [=============>................] - ETA: 1s - loss: 0.0810 - acc: 0.9746
2336/4534 [==============>...............] - ETA: 1s - loss: 0.0805 - acc: 0.9743
2432/4534 [===============>..............] - ETA: 1s - loss: 0.0835 - acc: 0.9733
2528/4534 [===============>..............] - ETA: 1s - loss: 0.0852 - acc: 0.9715
2624/4534 [================>.............] - ETA: 1s - loss: 0.0856 - acc: 0.9718
2720/4534 [================>.............] - ETA: 1s - loss: 0.0860 - acc: 0.9713
2816/4534 [=================>............] - ETA: 1s - loss: 0.0878 - acc: 0.9705
2912/4534 [==================>...........] - ETA: 1s - loss: 0.0858 - acc: 0.9712
3008/4534 [==================>...........] - ETA: 0s - loss: 0.0856 - acc: 0.9707
3104/4534 [===================>..........] - ETA: 0s - loss: 0.0849 - acc: 0.9707
3200/4534 [====================>.........] - ETA: 0s - loss: 0.0868 - acc: 0.9709
3296/4534 [====================>.........] - ETA: 0s - loss: 0.0866 - acc: 0.9709
3392/4534 [=====================>........] - ETA: 0s - loss: 0.0871 - acc: 0.9702
3488/4534 [======================>.......] - ETA: 0s - loss: 0.0878 - acc: 0.9693
3584/4534 [======================>.......] - ETA: 0s - loss: 0.0892 - acc: 0.9690
3680/4534 [=======================>......] - ETA: 0s - loss: 0.0892 - acc: 0.9688
3776/4534 [=======================>......] - ETA: 0s - loss: 0.0911 - acc: 0.9685
3872/4534 [========================>.....] - ETA: 0s - loss: 0.0895 - acc: 0.9690
3968/4534 [=========================>....] - ETA: 0s - loss: 0.0907 - acc: 0.9685
4064/4534 [=========================>....] - ETA: 0s - loss: 0.0922 - acc: 0.9673
4160/4534 [==========================>...] - ETA: 0s - loss: 0.0927 - acc: 0.9668
4256/4534 [===========================>..] - ETA: 0s - loss: 0.0919 - acc: 0.9671
4352/4534 [===========================>..] - ETA: 0s - loss: 0.0913 - acc: 0.9676
4448/4534 [============================>.] - ETA: 0s - loss: 0.0919 - acc: 0.9674
4534/4534 [==============================] - 4s 866us/step - loss: 0.0908 - acc: 0.9678 - val_loss: 6.8887 - val_acc: 0.5679
Train on 4534 samples, validate on 1134 samples
Epoch 1/1

  32/4534 [..............................] - ETA: 2s - loss: 0.2086 - acc: 0.9375
 128/4534 [..............................] - ETA: 2s - loss: 0.1161 - acc: 0.9531
 224/4534 [>.............................] - ETA: 2s - loss: 0.1155 - acc: 0.9554
 320/4534 [=>............................] - ETA: 2s - loss: 0.0975 - acc: 0.9625
 416/4534 [=>............................] - ETA: 2s - loss: 0.0972 - acc: 0.9591
 512/4534 [==>...........................] - ETA: 2s - loss: 0.0903 - acc: 0.9609
 608/4534 [===>..........................] - ETA: 2s - loss: 0.0840 - acc: 0.9638
 704/4534 [===>..........................] - ETA: 2s - loss: 0.0773 - acc: 0.9673
 800/4534 [====>.........................] - ETA: 2s - loss: 0.0806 - acc: 0.9637
 896/4534 [====>.........................] - ETA: 2s - loss: 0.0784 - acc: 0.9654
 992/4534 [=====>........................] - ETA: 2s - loss: 0.0813 - acc: 0.9657
1088/4534 [======>.......................] - ETA: 2s - loss: 0.0832 - acc: 0.9660
1184/4534 [======>.......................] - ETA: 2s - loss: 0.0892 - acc: 0.9628
1280/4534 [=======>......................] - ETA: 2s - loss: 0.0895 - acc: 0.9617
1376/4534 [========>.....................] - ETA: 1s - loss: 0.0872 - acc: 0.9637
1472/4534 [========>.....................] - ETA: 1s - loss: 0.0869 - acc: 0.9640
1568/4534 [=========>....................] - ETA: 1s - loss: 0.0828 - acc: 0.9662
1664/4534 [==========>...................] - ETA: 1s - loss: 0.0824 - acc: 0.9669
1760/4534 [==========>...................] - ETA: 1s - loss: 0.0815 - acc: 0.9670
1856/4534 [===========>..................] - ETA: 1s - loss: 0.0804 - acc: 0.9671
1952/4534 [===========>..................] - ETA: 1s - loss: 0.0797 - acc: 0.9672
2048/4534 [============>.................] - ETA: 1s - loss: 0.0783 - acc: 0.9678
2144/4534 [=============>................] - ETA: 1s - loss: 0.0771 - acc: 0.9683
2240/4534 [=============>................] - ETA: 1s - loss: 0.0756 - acc: 0.9683
2336/4534 [==============>...............] - ETA: 1s - loss: 0.0792 - acc: 0.9666
2432/4534 [===============>..............] - ETA: 1s - loss: 0.0806 - acc: 0.9655
2528/4534 [===============>..............] - ETA: 1s - loss: 0.0805 - acc: 0.9648
2624/4534 [================>.............] - ETA: 1s - loss: 0.0798 - acc: 0.9653
2720/4534 [================>.............] - ETA: 1s - loss: 0.0795 - acc: 0.9651
2816/4534 [=================>............] - ETA: 1s - loss: 0.0779 - acc: 0.9659
2912/4534 [==================>...........] - ETA: 1s - loss: 0.0791 - acc: 0.9657
3008/4534 [==================>...........] - ETA: 0s - loss: 0.0813 - acc: 0.9648
3104/4534 [===================>..........] - ETA: 0s - loss: 0.0825 - acc: 0.9642
3200/4534 [====================>.........] - ETA: 0s - loss: 0.0825 - acc: 0.9647
3296/4534 [====================>.........] - ETA: 0s - loss: 0.0823 - acc: 0.9645
3392/4534 [=====================>........] - ETA: 0s - loss: 0.0820 - acc: 0.9652
3488/4534 [======================>.......] - ETA: 0s - loss: 0.0806 - acc: 0.9659
3584/4534 [======================>.......] - ETA: 0s - loss: 0.0799 - acc: 0.9662
3680/4534 [=======================>......] - ETA: 0s - loss: 0.0799 - acc: 0.9663
3776/4534 [=======================>......] - ETA: 0s - loss: 0.0793 - acc: 0.9664
3872/4534 [========================>.....] - ETA: 0s - loss: 0.0778 - acc: 0.9672
3968/4534 [=========================>....] - ETA: 0s - loss: 0.0769 - acc: 0.9675
4064/4534 [=========================>....] - ETA: 0s - loss: 0.0780 - acc: 0.9673
4160/4534 [==========================>...] - ETA: 0s - loss: 0.0776 - acc: 0.9675
4256/4534 [===========================>..] - ETA: 0s - loss: 0.0763 - acc: 0.9680
4352/4534 [===========================>..] - ETA: 0s - loss: 0.0767 - acc: 0.9678
4448/4534 [============================>.] - ETA: 0s - loss: 0.0766 - acc: 0.9679
4534/4534 [==============================] - 4s 869us/step - loss: 0.0769 - acc: 0.9678 - val_loss: 6.8887 - val_acc: 0.5679
Train on 4534 samples, validate on 1134 samples
Epoch 1/1

  32/4534 [..............................] - ETA: 2s - loss: 0.2104 - acc: 0.9062
 128/4534 [..............................] - ETA: 2s - loss: 0.1045 - acc: 0.9609
 224/4534 [>.............................] - ETA: 2s - loss: 0.0722 - acc: 0.9732
 320/4534 [=>............................] - ETA: 2s - loss: 0.0634 - acc: 0.9719
 416/4534 [=>............................] - ETA: 2s - loss: 0.0666 - acc: 0.9712
 512/4534 [==>...........................] - ETA: 2s - loss: 0.0676 - acc: 0.9707
 608/4534 [===>..........................] - ETA: 2s - loss: 0.0620 - acc: 0.9753
 704/4534 [===>..........................] - ETA: 2s - loss: 0.0642 - acc: 0.9759
 800/4534 [====>.........................] - ETA: 2s - loss: 0.0690 - acc: 0.9750
 896/4534 [====>.........................] - ETA: 2s - loss: 0.0653 - acc: 0.9766
 992/4534 [=====>........................] - ETA: 2s - loss: 0.0643 - acc: 0.9768
1088/4534 [======>.......................] - ETA: 2s - loss: 0.0638 - acc: 0.9761
1184/4534 [======>.......................] - ETA: 2s - loss: 0.0645 - acc: 0.9764
1280/4534 [=======>......................] - ETA: 2s - loss: 0.0680 - acc: 0.9742
1376/4534 [========>.....................] - ETA: 1s - loss: 0.0657 - acc: 0.9753
1472/4534 [========>.....................] - ETA: 1s - loss: 0.0630 - acc: 0.9769
1568/4534 [=========>....................] - ETA: 1s - loss: 0.0652 - acc: 0.9777
1664/4534 [==========>...................] - ETA: 1s - loss: 0.0672 - acc: 0.9778
1760/4534 [==========>...................] - ETA: 1s - loss: 0.0681 - acc: 0.9773
1856/4534 [===========>..................] - ETA: 1s - loss: 0.0678 - acc: 0.9774
1952/4534 [===========>..................] - ETA: 1s - loss: 0.0716 - acc: 0.9759
2048/4534 [============>.................] - ETA: 1s - loss: 0.0719 - acc: 0.9756
2144/4534 [=============>................] - ETA: 1s - loss: 0.0704 - acc: 0.9767
2240/4534 [=============>................] - ETA: 1s - loss: 0.0699 - acc: 0.9777
2336/4534 [==============>...............] - ETA: 1s - loss: 0.0688 - acc: 0.9777
2432/4534 [===============>..............] - ETA: 1s - loss: 0.0692 - acc: 0.9774
2528/4534 [===============>..............] - ETA: 1s - loss: 0.0696 - acc: 0.9771
2624/4534 [================>.............] - ETA: 1s - loss: 0.0699 - acc: 0.9768
2720/4534 [================>.............] - ETA: 1s - loss: 0.0697 - acc: 0.9772
2816/4534 [=================>............] - ETA: 1s - loss: 0.0702 - acc: 0.9776
2912/4534 [==================>...........] - ETA: 1s - loss: 0.0693 - acc: 0.9777
3008/4534 [==================>...........] - ETA: 0s - loss: 0.0690 - acc: 0.9774
3104/4534 [===================>..........] - ETA: 0s - loss: 0.0686 - acc: 0.9774
3200/4534 [====================>.........] - ETA: 0s - loss: 0.0680 - acc: 0.9775
3296/4534 [====================>.........] - ETA: 0s - loss: 0.0725 - acc: 0.9757
3392/4534 [=====================>........] - ETA: 0s - loss: 0.0722 - acc: 0.9758
3488/4534 [======================>.......] - ETA: 0s - loss: 0.0707 - acc: 0.9765
3584/4534 [======================>.......] - ETA: 0s - loss: 0.0699 - acc: 0.9768
3680/4534 [=======================>......] - ETA: 0s - loss: 0.0705 - acc: 0.9764
3776/4534 [=======================>......] - ETA: 0s - loss: 0.0698 - acc: 0.9767
3872/4534 [========================>.....] - ETA: 0s - loss: 0.0684 - acc: 0.9773
3968/4534 [=========================>....] - ETA: 0s - loss: 0.0678 - acc: 0.9773
4064/4534 [=========================>....] - ETA: 0s - loss: 0.0701 - acc: 0.9759
4160/4534 [==========================>...] - ETA: 0s - loss: 0.0699 - acc: 0.9760
4256/4534 [===========================>..] - ETA: 0s - loss: 0.0701 - acc: 0.9763
4352/4534 [===========================>..] - ETA: 0s - loss: 0.0706 - acc: 0.9759
4448/4534 [============================>.] - ETA: 0s - loss: 0.0720 - acc: 0.9750
4534/4534 [==============================] - 4s 868us/step - loss: 0.0710 - acc: 0.9755 - val_loss: 8.9682 - val_acc: 0.4436
Train on 4534 samples, validate on 1134 samples
Epoch 1/1

  32/4534 [..............................] - ETA: 2s - loss: 0.0559 - acc: 0.9688
 128/4534 [..............................] - ETA: 2s - loss: 0.0621 - acc: 0.9766
 224/4534 [>.............................] - ETA: 2s - loss: 0.0582 - acc: 0.9777
 320/4534 [=>............................] - ETA: 2s - loss: 0.0694 - acc: 0.9719
 416/4534 [=>............................] - ETA: 2s - loss: 0.0661 - acc: 0.9736
 512/4534 [==>...........................] - ETA: 2s - loss: 0.0709 - acc: 0.9707
 608/4534 [===>..........................] - ETA: 2s - loss: 0.0681 - acc: 0.9737
 704/4534 [===>..........................] - ETA: 2s - loss: 0.0637 - acc: 0.9759
 800/4534 [====>.........................] - ETA: 2s - loss: 0.0634 - acc: 0.9750
 896/4534 [====>.........................] - ETA: 2s - loss: 0.0681 - acc: 0.9743
 992/4534 [=====>........................] - ETA: 2s - loss: 0.0742 - acc: 0.9718
1088/4534 [======>.......................] - ETA: 2s - loss: 0.0728 - acc: 0.9706
1184/4534 [======>.......................] - ETA: 2s - loss: 0.0742 - acc: 0.9688
1280/4534 [=======>......................] - ETA: 2s - loss: 0.0740 - acc: 0.9680
1376/4534 [========>.....................] - ETA: 1s - loss: 0.0697 - acc: 0.9702
1472/4534 [========>.....................] - ETA: 1s - loss: 0.0671 - acc: 0.9721
1568/4534 [=========>....................] - ETA: 1s - loss: 0.0672 - acc: 0.9732
1664/4534 [==========>...................] - ETA: 1s - loss: 0.0787 - acc: 0.9718
1760/4534 [==========>...................] - ETA: 1s - loss: 0.0799 - acc: 0.9710
1856/4534 [===========>..................] - ETA: 1s - loss: 0.0832 - acc: 0.9698
1952/4534 [===========>..................] - ETA: 1s - loss: 0.0809 - acc: 0.9708
2048/4534 [============>.................] - ETA: 1s - loss: 0.0779 - acc: 0.9722
2144/4534 [=============>................] - ETA: 1s - loss: 0.0767 - acc: 0.9720
2240/4534 [=============>................] - ETA: 1s - loss: 0.0771 - acc: 0.9710
2336/4534 [==============>...............] - ETA: 1s - loss: 0.0765 - acc: 0.9713
2432/4534 [===============>..............] - ETA: 1s - loss: 0.0757 - acc: 0.9716
2528/4534 [===============>..............] - ETA: 1s - loss: 0.0749 - acc: 0.9719
2624/4534 [================>.............] - ETA: 1s - loss: 0.0754 - acc: 0.9718
2720/4534 [================>.............] - ETA: 1s - loss: 0.0744 - acc: 0.9721
2816/4534 [=================>............] - ETA: 1s - loss: 0.0735 - acc: 0.9727
2912/4534 [==================>...........] - ETA: 1s - loss: 0.0726 - acc: 0.9732
3008/4534 [==================>...........] - ETA: 0s - loss: 0.0785 - acc: 0.9724
3104/4534 [===================>..........] - ETA: 0s - loss: 0.0793 - acc: 0.9720
3200/4534 [====================>.........] - ETA: 0s - loss: 0.0784 - acc: 0.9722
3296/4534 [====================>.........] - ETA: 0s - loss: 0.0770 - acc: 0.9730
3392/4534 [=====================>........] - ETA: 0s - loss: 0.0766 - acc: 0.9732
3488/4534 [======================>.......] - ETA: 0s - loss: 0.0761 - acc: 0.9733
3584/4534 [======================>.......] - ETA: 0s - loss: 0.0753 - acc: 0.9732
3680/4534 [=======================>......] - ETA: 0s - loss: 0.0750 - acc: 0.9731
3776/4534 [=======================>......] - ETA: 0s - loss: 0.0742 - acc: 0.9735
3872/4534 [========================>.....] - ETA: 0s - loss: 0.0734 - acc: 0.9737
3968/4534 [=========================>....] - ETA: 0s - loss: 0.0723 - acc: 0.9740
4064/4534 [=========================>....] - ETA: 0s - loss: 0.0731 - acc: 0.9734
4160/4534 [==========================>...] - ETA: 0s - loss: 0.0729 - acc: 0.9738
4256/4534 [===========================>..] - ETA: 0s - loss: 0.0737 - acc: 0.9732
4352/4534 [===========================>..] - ETA: 0s - loss: 0.0729 - acc: 0.9736
4448/4534 [============================>.] - ETA: 0s - loss: 0.0730 - acc: 0.9737
4534/4534 [==============================] - 4s 866us/step - loss: 0.0728 - acc: 0.9738 - val_loss: 9.1535 - val_acc: 0.4321
Train on 4534 samples, validate on 1134 samples
Epoch 1/1

  32/4534 [..............................] - ETA: 2s - loss: 0.0232 - acc: 1.0000
 128/4534 [..............................] - ETA: 2s - loss: 0.1048 - acc: 0.9688
 224/4534 [>.............................] - ETA: 2s - loss: 0.0654 - acc: 0.9821
 320/4534 [=>............................] - ETA: 2s - loss: 0.0778 - acc: 0.9781
 416/4534 [=>............................] - ETA: 2s - loss: 0.0854 - acc: 0.9736
 512/4534 [==>...........................] - ETA: 2s - loss: 0.0787 - acc: 0.9746
 608/4534 [===>..........................] - ETA: 2s - loss: 0.0753 - acc: 0.9770
 704/4534 [===>..........................] - ETA: 2s - loss: 0.0741 - acc: 0.9773
 800/4534 [====>.........................] - ETA: 2s - loss: 0.0688 - acc: 0.9775
 896/4534 [====>.........................] - ETA: 2s - loss: 0.0702 - acc: 0.9777
 992/4534 [=====>........................] - ETA: 2s - loss: 0.0716 - acc: 0.9768
1088/4534 [======>.......................] - ETA: 2s - loss: 0.0679 - acc: 0.9779
1184/4534 [======>.......................] - ETA: 2s - loss: 0.0649 - acc: 0.9789
1280/4534 [=======>......................] - ETA: 2s - loss: 0.0648 - acc: 0.9789
1376/4534 [========>.....................] - ETA: 1s - loss: 0.0649 - acc: 0.9789
1472/4534 [========>.....................] - ETA: 1s - loss: 0.0639 - acc: 0.9789
1568/4534 [=========>....................] - ETA: 1s - loss: 0.0632 - acc: 0.9790
1664/4534 [==========>...................] - ETA: 1s - loss: 0.0689 - acc: 0.9772
1760/4534 [==========>...................] - ETA: 1s - loss: 0.0680 - acc: 0.9778
1856/4534 [===========>..................] - ETA: 1s - loss: 0.0666 - acc: 0.9784
1952/4534 [===========>..................] - ETA: 1s - loss: 0.0662 - acc: 0.9780
2048/4534 [============>.................] - ETA: 1s - loss: 0.0691 - acc: 0.9761
2144/4534 [=============>................] - ETA: 1s - loss: 0.0682 - acc: 0.9762
2240/4534 [=============>................] - ETA: 1s - loss: 0.0675 - acc: 0.9768
2336/4534 [==============>...............] - ETA: 1s - loss: 0.0672 - acc: 0.9765
2432/4534 [===============>..............] - ETA: 1s - loss: 0.0652 - acc: 0.9774
2528/4534 [===============>..............] - ETA: 1s - loss: 0.0665 - acc: 0.9767
2624/4534 [================>.............] - ETA: 1s - loss: 0.0651 - acc: 0.9771
2720/4534 [================>.............] - ETA: 1s - loss: 0.0641 - acc: 0.9776
2816/4534 [=================>............] - ETA: 1s - loss: 0.0631 - acc: 0.9780
2912/4534 [==================>...........] - ETA: 1s - loss: 0.0617 - acc: 0.9787
3008/4534 [==================>...........] - ETA: 0s - loss: 0.0606 - acc: 0.9791
3104/4534 [===================>..........] - ETA: 0s - loss: 0.0604 - acc: 0.9791
3200/4534 [====================>.........] - ETA: 0s - loss: 0.0601 - acc: 0.9788
3296/4534 [====================>.........] - ETA: 0s - loss: 0.0608 - acc: 0.9785
3392/4534 [=====================>........] - ETA: 0s - loss: 0.0598 - acc: 0.9788
3488/4534 [======================>.......] - ETA: 0s - loss: 0.0604 - acc: 0.9788
3584/4534 [======================>.......] - ETA: 0s - loss: 0.0602 - acc: 0.9791
3680/4534 [=======================>......] - ETA: 0s - loss: 0.0595 - acc: 0.9793
3776/4534 [=======================>......] - ETA: 0s - loss: 0.0592 - acc: 0.9793
3872/4534 [========================>.....] - ETA: 0s - loss: 0.0589 - acc: 0.9796
3968/4534 [=========================>....] - ETA: 0s - loss: 0.0576 - acc: 0.9801
4064/4534 [=========================>....] - ETA: 0s - loss: 0.0591 - acc: 0.9796
4160/4534 [==========================>...] - ETA: 0s - loss: 0.0607 - acc: 0.9788
4256/4534 [===========================>..] - ETA: 0s - loss: 0.0604 - acc: 0.9789
4352/4534 [===========================>..] - ETA: 0s - loss: 0.0626 - acc: 0.9786
4448/4534 [============================>.] - ETA: 0s - loss: 0.0655 - acc: 0.9775
4534/4534 [==============================] - 4s 869us/step - loss: 0.0654 - acc: 0.9775 - val_loss: 9.1535 - val_acc: 0.4321
Train on 4534 samples, validate on 1134 samples
Epoch 1/1

  32/4534 [..............................] - ETA: 2s - loss: 0.0511 - acc: 1.0000
 128/4534 [..............................] - ETA: 2s - loss: 0.0499 - acc: 0.9844
 224/4534 [>.............................] - ETA: 2s - loss: 0.0377 - acc: 0.9911
 320/4534 [=>............................] - ETA: 2s - loss: 0.0313 - acc: 0.9938
 416/4534 [=>............................] - ETA: 2s - loss: 0.0312 - acc: 0.9928
 512/4534 [==>...........................] - ETA: 2s - loss: 0.0357 - acc: 0.9902
 608/4534 [===>..........................] - ETA: 2s - loss: 0.0578 - acc: 0.9868
 704/4534 [===>..........................] - ETA: 2s - loss: 0.0587 - acc: 0.9844
 800/4534 [====>.........................] - ETA: 2s - loss: 0.0565 - acc: 0.9850
 896/4534 [====>.........................] - ETA: 2s - loss: 0.0618 - acc: 0.9844
 992/4534 [=====>........................] - ETA: 2s - loss: 0.0627 - acc: 0.9829
1088/4534 [======>.......................] - ETA: 2s - loss: 0.0608 - acc: 0.9835
1184/4534 [======>.......................] - ETA: 2s - loss: 0.0627 - acc: 0.9814
1280/4534 [=======>......................] - ETA: 2s - loss: 0.0630 - acc: 0.9812
1376/4534 [========>.....................] - ETA: 1s - loss: 0.0627 - acc: 0.9818
1472/4534 [========>.....................] - ETA: 1s - loss: 0.0602 - acc: 0.9830
1568/4534 [=========>....................] - ETA: 1s - loss: 0.0613 - acc: 0.9815
1664/4534 [==========>...................] - ETA: 1s - loss: 0.0588 - acc: 0.9820
1760/4534 [==========>...................] - ETA: 1s - loss: 0.0596 - acc: 0.9807
1856/4534 [===========>..................] - ETA: 1s - loss: 0.0637 - acc: 0.9784
1952/4534 [===========>..................] - ETA: 1s - loss: 0.0637 - acc: 0.9780
2048/4534 [============>.................] - ETA: 1s - loss: 0.0627 - acc: 0.9785
2144/4534 [=============>................] - ETA: 1s - loss: 0.0619 - acc: 0.9790
2240/4534 [=============>................] - ETA: 1s - loss: 0.0604 - acc: 0.9799
2336/4534 [==============>...............] - ETA: 1s - loss: 0.0585 - acc: 0.9807
2432/4534 [===============>..............] - ETA: 1s - loss: 0.0584 - acc: 0.9807
2528/4534 [===============>..............] - ETA: 1s - loss: 0.0601 - acc: 0.9798
2624/4534 [================>.............] - ETA: 1s - loss: 0.0595 - acc: 0.9802
2720/4534 [================>.............] - ETA: 1s - loss: 0.0588 - acc: 0.9805
2816/4534 [=================>............] - ETA: 1s - loss: 0.0588 - acc: 0.9805
2912/4534 [==================>...........] - ETA: 1s - loss: 0.0587 - acc: 0.9804
3008/4534 [==================>...........] - ETA: 0s - loss: 0.0594 - acc: 0.9797
3104/4534 [===================>..........] - ETA: 0s - loss: 0.0612 - acc: 0.9791
3200/4534 [====================>.........] - ETA: 0s - loss: 0.0605 - acc: 0.9794
3296/4534 [====================>.........] - ETA: 0s - loss: 0.0615 - acc: 0.9785
3392/4534 [=====================>........] - ETA: 0s - loss: 0.0623 - acc: 0.9779
3488/4534 [======================>.......] - ETA: 0s - loss: 0.0621 - acc: 0.9782
3584/4534 [======================>.......] - ETA: 0s - loss: 0.0626 - acc: 0.9780
3680/4534 [=======================>......] - ETA: 0s - loss: 0.0635 - acc: 0.9780
3776/4534 [=======================>......] - ETA: 0s - loss: 0.0632 - acc: 0.9780
3872/4534 [========================>.....] - ETA: 0s - loss: 0.0633 - acc: 0.9780
3968/4534 [=========================>....] - ETA: 0s - loss: 0.0640 - acc: 0.9773
4064/4534 [=========================>....] - ETA: 0s - loss: 0.0633 - acc: 0.9776
4160/4534 [==========================>...] - ETA: 0s - loss: 0.0639 - acc: 0.9774
4256/4534 [===========================>..] - ETA: 0s - loss: 0.0665 - acc: 0.9777
4352/4534 [===========================>..] - ETA: 0s - loss: 0.0663 - acc: 0.9775
4448/4534 [============================>.] - ETA: 0s - loss: 0.0651 - acc: 0.9780
4534/4534 [==============================] - 4s 869us/step - loss: 0.0649 - acc: 0.9782 - val_loss: 9.1393 - val_acc: 0.4330

  32/1418 [..............................] - ETA: 22s
  96/1418 [=>............................] - ETA: 7s 
 160/1418 [==>...........................] - ETA: 4s
 224/1418 [===>..........................] - ETA: 3s
 288/1418 [=====>........................] - ETA: 2s
 352/1418 [======>.......................] - ETA: 2s
 416/1418 [=======>......................] - ETA: 2s
 480/1418 [=========>....................] - ETA: 1s
 544/1418 [==========>...................] - ETA: 1s
 608/1418 [===========>..................] - ETA: 1s
 672/1418 [=============>................] - ETA: 1s
 736/1418 [==============>...............] - ETA: 1s
 800/1418 [===============>..............] - ETA: 0s
 864/1418 [=================>............] - ETA: 0s
 928/1418 [==================>...........] - ETA: 0s
 992/1418 [===================>..........] - ETA: 0s
1056/1418 [=====================>........] - ETA: 0s
1120/1418 [======================>.......] - ETA: 0s
1184/1418 [========================>.....] - ETA: 0s
1248/1418 [=========================>....] - ETA: 0s
1312/1418 [==========================>...] - ETA: 0s
1376/1418 [============================>.] - ETA: 0s
1418/1418 [==============================] - 2s 1ms/step
Test acc: 0.5493653032860399
Test auc: 0.5
Execute epoch: 10
Execute time: 50.29226589202881
(W) Execute time: 48.84291481971741
