_________________________________________________________________
Layer (type)                 Output Shape              Param #   
=================================================================
embedding_1 (Embedding)      (None, None, 128)         297984    
_________________________________________________________________
lstm_1 (LSTM)                (None, None, 64)          49408     
_________________________________________________________________
lstm_2 (LSTM)                (None, None, 64)          33024     
_________________________________________________________________
lstm_3 (LSTM)                (None, 64)                33024     
_________________________________________________________________
dense_1 (Dense)              (None, 16)                1040      
_________________________________________________________________
dense_2 (Dense)              (None, 1)                 17        
=================================================================
Total params: 414,497
Trainable params: 414,497
Non-trainable params: 0
_________________________________________________________________
Train on 4534 samples, validate on 1134 samples
Epoch 1/1

  32/4534 [..............................] - ETA: 7:52 - loss: 0.6933 - acc: 0.2812
 128/4534 [..............................] - ETA: 1:57 - loss: 0.6929 - acc: 0.5078
 224/4534 [>.............................] - ETA: 1:06 - loss: 0.6925 - acc: 0.5446
 320/4534 [=>............................] - ETA: 46s - loss: 0.6924 - acc: 0.5469 
 416/4534 [=>............................] - ETA: 35s - loss: 0.6920 - acc: 0.5553
 512/4534 [==>...........................] - ETA: 28s - loss: 0.6914 - acc: 0.5645
 608/4534 [===>..........................] - ETA: 24s - loss: 0.6912 - acc: 0.5641
 704/4534 [===>..........................] - ETA: 20s - loss: 0.6916 - acc: 0.5540
 800/4534 [====>.........................] - ETA: 17s - loss: 0.6910 - acc: 0.5587
 896/4534 [====>.........................] - ETA: 15s - loss: 0.6905 - acc: 0.5603
 992/4534 [=====>........................] - ETA: 14s - loss: 0.6901 - acc: 0.5605
1088/4534 [======>.......................] - ETA: 12s - loss: 0.6898 - acc: 0.5579
1184/4534 [======>.......................] - ETA: 11s - loss: 0.6889 - acc: 0.5600
1280/4534 [=======>......................] - ETA: 10s - loss: 0.6878 - acc: 0.5594
1376/4534 [========>.....................] - ETA: 9s - loss: 0.6849 - acc: 0.5647 
1472/4534 [========>.....................] - ETA: 8s - loss: 0.6821 - acc: 0.5632
1568/4534 [=========>....................] - ETA: 8s - loss: 0.6785 - acc: 0.5619
1664/4534 [==========>...................] - ETA: 7s - loss: 0.6739 - acc: 0.5595
1760/4534 [==========>...................] - ETA: 7s - loss: 0.6655 - acc: 0.5608
1856/4534 [===========>..................] - ETA: 6s - loss: 0.6535 - acc: 0.5668
1952/4534 [===========>..................] - ETA: 6s - loss: 0.6473 - acc: 0.5671
2048/4534 [============>.................] - ETA: 5s - loss: 0.6430 - acc: 0.5659
2144/4534 [=============>................] - ETA: 5s - loss: 0.6375 - acc: 0.5658
2240/4534 [=============>................] - ETA: 4s - loss: 0.6325 - acc: 0.5710
2336/4534 [==============>...............] - ETA: 4s - loss: 0.6267 - acc: 0.5822
2432/4534 [===============>..............] - ETA: 4s - loss: 0.6212 - acc: 0.5933
2528/4534 [===============>..............] - ETA: 3s - loss: 0.6186 - acc: 0.6044
2624/4534 [================>.............] - ETA: 3s - loss: 0.6153 - acc: 0.6155
2720/4534 [================>.............] - ETA: 3s - loss: 0.6110 - acc: 0.6243
2816/4534 [=================>............] - ETA: 3s - loss: 0.6044 - acc: 0.6335
2912/4534 [==================>...........] - ETA: 2s - loss: 0.5992 - acc: 0.6411
3008/4534 [==================>...........] - ETA: 2s - loss: 0.5910 - acc: 0.6513
3104/4534 [===================>..........] - ETA: 2s - loss: 0.5822 - acc: 0.6604
3200/4534 [====================>.........] - ETA: 2s - loss: 0.5729 - acc: 0.6678
3296/4534 [====================>.........] - ETA: 2s - loss: 0.5648 - acc: 0.6732
3392/4534 [=====================>........] - ETA: 1s - loss: 0.5546 - acc: 0.6804
3488/4534 [======================>.......] - ETA: 1s - loss: 0.5450 - acc: 0.6866
3584/4534 [======================>.......] - ETA: 1s - loss: 0.5416 - acc: 0.6928
3680/4534 [=======================>......] - ETA: 1s - loss: 0.5331 - acc: 0.6989
3776/4534 [=======================>......] - ETA: 1s - loss: 0.5257 - acc: 0.7050
3872/4534 [========================>.....] - ETA: 0s - loss: 0.5205 - acc: 0.7107
3968/4534 [=========================>....] - ETA: 0s - loss: 0.5120 - acc: 0.7157
4064/4534 [=========================>....] - ETA: 0s - loss: 0.5099 - acc: 0.7190
4160/4534 [==========================>...] - ETA: 0s - loss: 0.5025 - acc: 0.7240
4256/4534 [===========================>..] - ETA: 0s - loss: 0.4957 - acc: 0.7284
4352/4534 [===========================>..] - ETA: 0s - loss: 0.4886 - acc: 0.7328
4448/4534 [============================>.] - ETA: 0s - loss: 0.4816 - acc: 0.7367
4534/4534 [==============================] - 8s 2ms/step - loss: 0.4770 - acc: 0.7406 - val_loss: 8.8834 - val_acc: 0.4489
Train on 4534 samples, validate on 1134 samples
Epoch 1/1

  32/4534 [..............................] - ETA: 2s - loss: 0.1880 - acc: 0.9375
 128/4534 [..............................] - ETA: 2s - loss: 0.1742 - acc: 0.9453
 224/4534 [>.............................] - ETA: 2s - loss: 0.1438 - acc: 0.9554
 320/4534 [=>............................] - ETA: 2s - loss: 0.1463 - acc: 0.9531
 416/4534 [=>............................] - ETA: 2s - loss: 0.1398 - acc: 0.9543
 512/4534 [==>...........................] - ETA: 2s - loss: 0.1465 - acc: 0.9492
 608/4534 [===>..........................] - ETA: 2s - loss: 0.1519 - acc: 0.9474
 704/4534 [===>..........................] - ETA: 2s - loss: 0.1540 - acc: 0.9446
 800/4534 [====>.........................] - ETA: 2s - loss: 0.1603 - acc: 0.9413
 896/4534 [====>.........................] - ETA: 2s - loss: 0.1669 - acc: 0.9386
 992/4534 [=====>........................] - ETA: 2s - loss: 0.1708 - acc: 0.9365
1088/4534 [======>.......................] - ETA: 2s - loss: 0.1686 - acc: 0.9347
1184/4534 [======>.......................] - ETA: 2s - loss: 0.1666 - acc: 0.9358
1280/4534 [=======>......................] - ETA: 2s - loss: 0.1635 - acc: 0.9375
1376/4534 [========>.....................] - ETA: 1s - loss: 0.1636 - acc: 0.9360
1472/4534 [========>.....................] - ETA: 1s - loss: 0.1591 - acc: 0.9375
1568/4534 [=========>....................] - ETA: 1s - loss: 0.1591 - acc: 0.9369
1664/4534 [==========>...................] - ETA: 1s - loss: 0.1559 - acc: 0.9375
1760/4534 [==========>...................] - ETA: 1s - loss: 0.1592 - acc: 0.9369
1856/4534 [===========>..................] - ETA: 1s - loss: 0.1577 - acc: 0.9386
1952/4534 [===========>..................] - ETA: 1s - loss: 0.1558 - acc: 0.9390
2048/4534 [============>.................] - ETA: 1s - loss: 0.1554 - acc: 0.9375
2144/4534 [=============>................] - ETA: 1s - loss: 0.1543 - acc: 0.9370
2240/4534 [=============>................] - ETA: 1s - loss: 0.1557 - acc: 0.9379
2336/4534 [==============>...............] - ETA: 1s - loss: 0.1539 - acc: 0.9384
2432/4534 [===============>..............] - ETA: 1s - loss: 0.1539 - acc: 0.9371
2528/4534 [===============>..............] - ETA: 1s - loss: 0.1517 - acc: 0.9371
2624/4534 [================>.............] - ETA: 1s - loss: 0.1532 - acc: 0.9364
2720/4534 [================>.............] - ETA: 1s - loss: 0.1520 - acc: 0.9375
2816/4534 [=================>............] - ETA: 1s - loss: 0.1514 - acc: 0.9375
2912/4534 [==================>...........] - ETA: 1s - loss: 0.1497 - acc: 0.9375
3008/4534 [==================>...........] - ETA: 0s - loss: 0.1486 - acc: 0.9388
3104/4534 [===================>..........] - ETA: 0s - loss: 0.1467 - acc: 0.9391
3200/4534 [====================>.........] - ETA: 0s - loss: 0.1465 - acc: 0.9397
3296/4534 [====================>.........] - ETA: 0s - loss: 0.1497 - acc: 0.9393
3392/4534 [=====================>........] - ETA: 0s - loss: 0.1486 - acc: 0.9396
3488/4534 [======================>.......] - ETA: 0s - loss: 0.1476 - acc: 0.9398
3584/4534 [======================>.......] - ETA: 0s - loss: 0.1477 - acc: 0.9400
3680/4534 [=======================>......] - ETA: 0s - loss: 0.1487 - acc: 0.9391
3776/4534 [=======================>......] - ETA: 0s - loss: 0.1498 - acc: 0.9391
3872/4534 [========================>.....] - ETA: 0s - loss: 0.1503 - acc: 0.9390
3968/4534 [=========================>....] - ETA: 0s - loss: 0.1503 - acc: 0.9393
4064/4534 [=========================>....] - ETA: 0s - loss: 0.1490 - acc: 0.9402
4160/4534 [==========================>...] - ETA: 0s - loss: 0.1472 - acc: 0.9413
4256/4534 [===========================>..] - ETA: 0s - loss: 0.1466 - acc: 0.9415
4352/4534 [===========================>..] - ETA: 0s - loss: 0.1460 - acc: 0.9414
4448/4534 [============================>.] - ETA: 0s - loss: 0.1455 - acc: 0.9415
4534/4534 [==============================] - 4s 867us/step - loss: 0.1436 - acc: 0.9427 - val_loss: 7.1558 - val_acc: 0.5511
Train on 4534 samples, validate on 1134 samples
Epoch 1/1

  32/4534 [..............................] - ETA: 3s - loss: 0.1043 - acc: 0.9688
 128/4534 [..............................] - ETA: 2s - loss: 0.1771 - acc: 0.9453
 224/4534 [>.............................] - ETA: 2s - loss: 0.1905 - acc: 0.9286
 320/4534 [=>............................] - ETA: 2s - loss: 0.1532 - acc: 0.9406
 416/4534 [=>............................] - ETA: 2s - loss: 0.1448 - acc: 0.9399
 512/4534 [==>...........................] - ETA: 2s - loss: 0.1411 - acc: 0.9414
 608/4534 [===>..........................] - ETA: 2s - loss: 0.1405 - acc: 0.9424
 704/4534 [===>..........................] - ETA: 2s - loss: 0.1437 - acc: 0.9403
 800/4534 [====>.........................] - ETA: 2s - loss: 0.1556 - acc: 0.9425
 896/4534 [====>.........................] - ETA: 2s - loss: 0.1550 - acc: 0.9431
 992/4534 [=====>........................] - ETA: 2s - loss: 0.1535 - acc: 0.9435
1088/4534 [======>.......................] - ETA: 2s - loss: 0.1479 - acc: 0.9476
1184/4534 [======>.......................] - ETA: 2s - loss: 0.1437 - acc: 0.9493
1280/4534 [=======>......................] - ETA: 2s - loss: 0.1407 - acc: 0.9516
1376/4534 [========>.....................] - ETA: 1s - loss: 0.1411 - acc: 0.9513
1472/4534 [========>.....................] - ETA: 1s - loss: 0.1407 - acc: 0.9511
1568/4534 [=========>....................] - ETA: 1s - loss: 0.1383 - acc: 0.9528
1664/4534 [==========>...................] - ETA: 1s - loss: 0.1415 - acc: 0.9519
1760/4534 [==========>...................] - ETA: 1s - loss: 0.1424 - acc: 0.9511
1856/4534 [===========>..................] - ETA: 1s - loss: 0.1419 - acc: 0.9504
1952/4534 [===========>..................] - ETA: 1s - loss: 0.1409 - acc: 0.9518
2048/4534 [============>.................] - ETA: 1s - loss: 0.1375 - acc: 0.9531
2144/4534 [=============>................] - ETA: 1s - loss: 0.1344 - acc: 0.9543
2240/4534 [=============>................] - ETA: 1s - loss: 0.1315 - acc: 0.9554
2336/4534 [==============>...............] - ETA: 1s - loss: 0.1281 - acc: 0.9568
2432/4534 [===============>..............] - ETA: 1s - loss: 0.1256 - acc: 0.9572
2528/4534 [===============>..............] - ETA: 1s - loss: 0.1248 - acc: 0.9577
2624/4534 [================>.............] - ETA: 1s - loss: 0.1239 - acc: 0.9577
2720/4534 [================>.............] - ETA: 1s - loss: 0.1250 - acc: 0.9577
2816/4534 [=================>............] - ETA: 1s - loss: 0.1228 - acc: 0.9585
2912/4534 [==================>...........] - ETA: 1s - loss: 0.1216 - acc: 0.9581
3008/4534 [==================>...........] - ETA: 0s - loss: 0.1197 - acc: 0.9584
3104/4534 [===================>..........] - ETA: 0s - loss: 0.1179 - acc: 0.9588
3200/4534 [====================>.........] - ETA: 0s - loss: 0.1196 - acc: 0.9587
3296/4534 [====================>.........] - ETA: 0s - loss: 0.1175 - acc: 0.9596
3392/4534 [=====================>........] - ETA: 0s - loss: 0.1205 - acc: 0.9590
3488/4534 [======================>.......] - ETA: 0s - loss: 0.1193 - acc: 0.9593
3584/4534 [======================>.......] - ETA: 0s - loss: 0.1192 - acc: 0.9595
3680/4534 [=======================>......] - ETA: 0s - loss: 0.1184 - acc: 0.9592
3776/4534 [=======================>......] - ETA: 0s - loss: 0.1178 - acc: 0.9595
3872/4534 [========================>.....] - ETA: 0s - loss: 0.1167 - acc: 0.9600
3968/4534 [=========================>....] - ETA: 0s - loss: 0.1165 - acc: 0.9602
4064/4534 [=========================>....] - ETA: 0s - loss: 0.1170 - acc: 0.9594
4160/4534 [==========================>...] - ETA: 0s - loss: 0.1184 - acc: 0.9587
4256/4534 [===========================>..] - ETA: 0s - loss: 0.1172 - acc: 0.9594
4352/4534 [===========================>..] - ETA: 0s - loss: 0.1159 - acc: 0.9598
4448/4534 [============================>.] - ETA: 0s - loss: 0.1154 - acc: 0.9598
4534/4534 [==============================] - 4s 866us/step - loss: 0.1151 - acc: 0.9594 - val_loss: 6.9458 - val_acc: 0.5644
Train on 4534 samples, validate on 1134 samples
Epoch 1/1

  32/4534 [..............................] - ETA: 2s - loss: 0.0419 - acc: 1.0000
 128/4534 [..............................] - ETA: 2s - loss: 0.0820 - acc: 0.9766
 224/4534 [>.............................] - ETA: 2s - loss: 0.0762 - acc: 0.9777
 320/4534 [=>............................] - ETA: 2s - loss: 0.0859 - acc: 0.9688
 416/4534 [=>............................] - ETA: 2s - loss: 0.0750 - acc: 0.9760
 512/4534 [==>...........................] - ETA: 2s - loss: 0.0713 - acc: 0.9766
 608/4534 [===>..........................] - ETA: 2s - loss: 0.0778 - acc: 0.9737
 704/4534 [===>..........................] - ETA: 2s - loss: 0.0853 - acc: 0.9645
 800/4534 [====>.........................] - ETA: 2s - loss: 0.0859 - acc: 0.9650
 896/4534 [====>.........................] - ETA: 2s - loss: 0.0872 - acc: 0.9643
 992/4534 [=====>........................] - ETA: 2s - loss: 0.0893 - acc: 0.9637
1088/4534 [======>.......................] - ETA: 2s - loss: 0.0956 - acc: 0.9660
1184/4534 [======>.......................] - ETA: 2s - loss: 0.1045 - acc: 0.9637
1280/4534 [=======>......................] - ETA: 2s - loss: 0.1099 - acc: 0.9609
1376/4534 [========>.....................] - ETA: 1s - loss: 0.1054 - acc: 0.9629
1472/4534 [========>.....................] - ETA: 1s - loss: 0.1059 - acc: 0.9613
1568/4534 [=========>....................] - ETA: 1s - loss: 0.1052 - acc: 0.9617
1664/4534 [==========>...................] - ETA: 1s - loss: 0.1074 - acc: 0.9603
1760/4534 [==========>...................] - ETA: 1s - loss: 0.1073 - acc: 0.9608
1856/4534 [===========>..................] - ETA: 1s - loss: 0.1070 - acc: 0.9612
1952/4534 [===========>..................] - ETA: 1s - loss: 0.1079 - acc: 0.9616
2048/4534 [============>.................] - ETA: 1s - loss: 0.1053 - acc: 0.9624
2144/4534 [=============>................] - ETA: 1s - loss: 0.1035 - acc: 0.9632
2240/4534 [=============>................] - ETA: 1s - loss: 0.1014 - acc: 0.9638
2336/4534 [==============>...............] - ETA: 1s - loss: 0.1001 - acc: 0.9645
2432/4534 [===============>..............] - ETA: 1s - loss: 0.0993 - acc: 0.9650
2528/4534 [===============>..............] - ETA: 1s - loss: 0.1015 - acc: 0.9640
2624/4534 [================>.............] - ETA: 1s - loss: 0.1008 - acc: 0.9638
2720/4534 [================>.............] - ETA: 1s - loss: 0.1016 - acc: 0.9643
2816/4534 [=================>............] - ETA: 1s - loss: 0.1010 - acc: 0.9645
2912/4534 [==================>...........] - ETA: 1s - loss: 0.1016 - acc: 0.9643
3008/4534 [==================>...........] - ETA: 0s - loss: 0.1011 - acc: 0.9644
3104/4534 [===================>..........] - ETA: 0s - loss: 0.1018 - acc: 0.9633
3200/4534 [====================>.........] - ETA: 0s - loss: 0.1005 - acc: 0.9637
3296/4534 [====================>.........] - ETA: 0s - loss: 0.0995 - acc: 0.9639
3392/4534 [=====================>........] - ETA: 0s - loss: 0.0986 - acc: 0.9640
3488/4534 [======================>.......] - ETA: 0s - loss: 0.0973 - acc: 0.9644
3584/4534 [======================>.......] - ETA: 0s - loss: 0.0962 - acc: 0.9651
3680/4534 [=======================>......] - ETA: 0s - loss: 0.0978 - acc: 0.9641
3776/4534 [=======================>......] - ETA: 0s - loss: 0.0986 - acc: 0.9637
3872/4534 [========================>.....] - ETA: 0s - loss: 0.0975 - acc: 0.9644
3968/4534 [=========================>....] - ETA: 0s - loss: 0.0982 - acc: 0.9645
4064/4534 [=========================>....] - ETA: 0s - loss: 0.0999 - acc: 0.9638
4160/4534 [==========================>...] - ETA: 0s - loss: 0.0991 - acc: 0.9639
4256/4534 [===========================>..] - ETA: 0s - loss: 0.0994 - acc: 0.9636
4352/4534 [===========================>..] - ETA: 0s - loss: 0.0996 - acc: 0.9632
4448/4534 [============================>.] - ETA: 0s - loss: 0.0997 - acc: 0.9629
4534/4534 [==============================] - 4s 868us/step - loss: 0.0992 - acc: 0.9629 - val_loss: 8.6560 - val_acc: 0.4630
Train on 4534 samples, validate on 1134 samples
Epoch 1/1

  32/4534 [..............................] - ETA: 3s - loss: 0.0924 - acc: 0.9688
 128/4534 [..............................] - ETA: 2s - loss: 0.0660 - acc: 0.9688
 224/4534 [>.............................] - ETA: 2s - loss: 0.0790 - acc: 0.9643
 320/4534 [=>............................] - ETA: 2s - loss: 0.0697 - acc: 0.9656
 416/4534 [=>............................] - ETA: 2s - loss: 0.0905 - acc: 0.9615
 512/4534 [==>...........................] - ETA: 2s - loss: 0.0884 - acc: 0.9609
 608/4534 [===>..........................] - ETA: 2s - loss: 0.0962 - acc: 0.9523
 704/4534 [===>..........................] - ETA: 2s - loss: 0.0970 - acc: 0.9545
 800/4534 [====>.........................] - ETA: 2s - loss: 0.1003 - acc: 0.9537
 896/4534 [====>.........................] - ETA: 2s - loss: 0.0982 - acc: 0.9554
 992/4534 [=====>........................] - ETA: 2s - loss: 0.0963 - acc: 0.9577
1088/4534 [======>.......................] - ETA: 2s - loss: 0.0993 - acc: 0.9605
1184/4534 [======>.......................] - ETA: 2s - loss: 0.1002 - acc: 0.9603
1280/4534 [=======>......................] - ETA: 2s - loss: 0.0985 - acc: 0.9602
1376/4534 [========>.....................] - ETA: 1s - loss: 0.0992 - acc: 0.9600
1472/4534 [========>.....................] - ETA: 1s - loss: 0.0968 - acc: 0.9606
1568/4534 [=========>....................] - ETA: 1s - loss: 0.0955 - acc: 0.9624
1664/4534 [==========>...................] - ETA: 1s - loss: 0.0972 - acc: 0.9615
1760/4534 [==========>...................] - ETA: 1s - loss: 0.0956 - acc: 0.9619
1856/4534 [===========>..................] - ETA: 1s - loss: 0.0928 - acc: 0.9634
1952/4534 [===========>..................] - ETA: 1s - loss: 0.0956 - acc: 0.9616
2048/4534 [============>.................] - ETA: 1s - loss: 0.0946 - acc: 0.9619
2144/4534 [=============>................] - ETA: 1s - loss: 0.0943 - acc: 0.9618
2240/4534 [=============>................] - ETA: 1s - loss: 0.0927 - acc: 0.9629
2336/4534 [==============>...............] - ETA: 1s - loss: 0.0928 - acc: 0.9628
2432/4534 [===============>..............] - ETA: 1s - loss: 0.0925 - acc: 0.9630
2528/4534 [===============>..............] - ETA: 1s - loss: 0.0922 - acc: 0.9636
2624/4534 [================>.............] - ETA: 1s - loss: 0.0913 - acc: 0.9638
2720/4534 [================>.............] - ETA: 1s - loss: 0.0899 - acc: 0.9647
2816/4534 [=================>............] - ETA: 1s - loss: 0.0882 - acc: 0.9652
2912/4534 [==================>...........] - ETA: 1s - loss: 0.0863 - acc: 0.9657
3008/4534 [==================>...........] - ETA: 0s - loss: 0.0867 - acc: 0.9658
3104/4534 [===================>..........] - ETA: 0s - loss: 0.0853 - acc: 0.9665
3200/4534 [====================>.........] - ETA: 0s - loss: 0.0840 - acc: 0.9672
3296/4534 [====================>.........] - ETA: 0s - loss: 0.0835 - acc: 0.9672
3392/4534 [=====================>........] - ETA: 0s - loss: 0.0833 - acc: 0.9673
3488/4534 [======================>.......] - ETA: 0s - loss: 0.0846 - acc: 0.9665
3584/4534 [======================>.......] - ETA: 0s - loss: 0.0830 - acc: 0.9671
3680/4534 [=======================>......] - ETA: 0s - loss: 0.0824 - acc: 0.9671
3776/4534 [=======================>......] - ETA: 0s - loss: 0.0824 - acc: 0.9674
3872/4534 [========================>.....] - ETA: 0s - loss: 0.0828 - acc: 0.9672
3968/4534 [=========================>....] - ETA: 0s - loss: 0.0834 - acc: 0.9670
4064/4534 [=========================>....] - ETA: 0s - loss: 0.0834 - acc: 0.9670
4160/4534 [==========================>...] - ETA: 0s - loss: 0.0821 - acc: 0.9678
4256/4534 [===========================>..] - ETA: 0s - loss: 0.0820 - acc: 0.9680
4352/4534 [===========================>..] - ETA: 0s - loss: 0.0826 - acc: 0.9678
4448/4534 [============================>.] - ETA: 0s - loss: 0.0836 - acc: 0.9674
4534/4534 [==============================] - 4s 869us/step - loss: 0.0836 - acc: 0.9671 - val_loss: 8.7555 - val_acc: 0.4568
Train on 4534 samples, validate on 1134 samples
Epoch 1/1

  32/4534 [..............................] - ETA: 2s - loss: 0.0210 - acc: 1.0000
 128/4534 [..............................] - ETA: 2s - loss: 0.1138 - acc: 0.9766
 224/4534 [>.............................] - ETA: 2s - loss: 0.1002 - acc: 0.9777
 320/4534 [=>............................] - ETA: 2s - loss: 0.0915 - acc: 0.9750
 416/4534 [=>............................] - ETA: 2s - loss: 0.0998 - acc: 0.9736
 512/4534 [==>...........................] - ETA: 2s - loss: 0.0901 - acc: 0.9766
 608/4534 [===>..........................] - ETA: 2s - loss: 0.0921 - acc: 0.9737
 704/4534 [===>..........................] - ETA: 2s - loss: 0.0888 - acc: 0.9744
 800/4534 [====>.........................] - ETA: 2s - loss: 0.0861 - acc: 0.9738
 896/4534 [====>.........................] - ETA: 2s - loss: 0.0906 - acc: 0.9710
 992/4534 [=====>........................] - ETA: 2s - loss: 0.0927 - acc: 0.9708
1088/4534 [======>.......................] - ETA: 2s - loss: 0.0905 - acc: 0.9715
1184/4534 [======>.......................] - ETA: 2s - loss: 0.0860 - acc: 0.9738
1280/4534 [=======>......................] - ETA: 2s - loss: 0.0843 - acc: 0.9734
1376/4534 [========>.....................] - ETA: 1s - loss: 0.0853 - acc: 0.9724
1472/4534 [========>.....................] - ETA: 1s - loss: 0.0847 - acc: 0.9721
1568/4534 [=========>....................] - ETA: 1s - loss: 0.0869 - acc: 0.9719
1664/4534 [==========>...................] - ETA: 1s - loss: 0.0863 - acc: 0.9718
1760/4534 [==========>...................] - ETA: 1s - loss: 0.0833 - acc: 0.9727
1856/4534 [===========>..................] - ETA: 1s - loss: 0.0843 - acc: 0.9709
1952/4534 [===========>..................] - ETA: 1s - loss: 0.0832 - acc: 0.9713
2048/4534 [============>.................] - ETA: 1s - loss: 0.0833 - acc: 0.9707
2144/4534 [=============>................] - ETA: 1s - loss: 0.0831 - acc: 0.9711
2240/4534 [=============>................] - ETA: 1s - loss: 0.0835 - acc: 0.9705
2336/4534 [==============>...............] - ETA: 1s - loss: 0.0893 - acc: 0.9705
2432/4534 [===============>..............] - ETA: 1s - loss: 0.0890 - acc: 0.9704
2528/4534 [===============>..............] - ETA: 1s - loss: 0.0908 - acc: 0.9691
2624/4534 [================>.............] - ETA: 1s - loss: 0.0910 - acc: 0.9688
2720/4534 [================>.............] - ETA: 1s - loss: 0.0909 - acc: 0.9688
2816/4534 [=================>............] - ETA: 1s - loss: 0.0903 - acc: 0.9684
2912/4534 [==================>...........] - ETA: 1s - loss: 0.0909 - acc: 0.9681
3008/4534 [==================>...........] - ETA: 0s - loss: 0.0900 - acc: 0.9681
3104/4534 [===================>..........] - ETA: 0s - loss: 0.0916 - acc: 0.9678
3200/4534 [====================>.........] - ETA: 0s - loss: 0.0904 - acc: 0.9684
3296/4534 [====================>.........] - ETA: 0s - loss: 0.0891 - acc: 0.9684
3392/4534 [=====================>........] - ETA: 0s - loss: 0.0890 - acc: 0.9685
3488/4534 [======================>.......] - ETA: 0s - loss: 0.0890 - acc: 0.9688
3584/4534 [======================>.......] - ETA: 0s - loss: 0.0879 - acc: 0.9690
3680/4534 [=======================>......] - ETA: 0s - loss: 0.0873 - acc: 0.9690
3776/4534 [=======================>......] - ETA: 0s - loss: 0.0866 - acc: 0.9693
3872/4534 [========================>.....] - ETA: 0s - loss: 0.0919 - acc: 0.9688
3968/4534 [=========================>....] - ETA: 0s - loss: 0.0919 - acc: 0.9690
4064/4534 [=========================>....] - ETA: 0s - loss: 0.0910 - acc: 0.9695
4160/4534 [==========================>...] - ETA: 0s - loss: 0.0907 - acc: 0.9700
4256/4534 [===========================>..] - ETA: 0s - loss: 0.0908 - acc: 0.9695
4352/4534 [===========================>..] - ETA: 0s - loss: 0.0900 - acc: 0.9697
4448/4534 [============================>.] - ETA: 0s - loss: 0.0896 - acc: 0.9696
4534/4534 [==============================] - 4s 867us/step - loss: 0.0895 - acc: 0.9696 - val_loss: 8.8834 - val_acc: 0.4489
Train on 4534 samples, validate on 1134 samples
Epoch 1/1

  32/4534 [..............................] - ETA: 2s - loss: 0.0387 - acc: 1.0000
 128/4534 [..............................] - ETA: 2s - loss: 0.0463 - acc: 0.9922
 224/4534 [>.............................] - ETA: 2s - loss: 0.0523 - acc: 0.9866
 320/4534 [=>............................] - ETA: 2s - loss: 0.0597 - acc: 0.9812
 416/4534 [=>............................] - ETA: 2s - loss: 0.0578 - acc: 0.9832
 512/4534 [==>...........................] - ETA: 2s - loss: 0.0728 - acc: 0.9805
 608/4534 [===>..........................] - ETA: 2s - loss: 0.0751 - acc: 0.9786
 704/4534 [===>..........................] - ETA: 2s - loss: 0.0816 - acc: 0.9759
 800/4534 [====>.........................] - ETA: 2s - loss: 0.0851 - acc: 0.9725
 896/4534 [====>.........................] - ETA: 2s - loss: 0.0898 - acc: 0.9676
 992/4534 [=====>........................] - ETA: 2s - loss: 0.0865 - acc: 0.9688
1088/4534 [======>.......................] - ETA: 2s - loss: 0.0832 - acc: 0.9706
1184/4534 [======>.......................] - ETA: 2s - loss: 0.0847 - acc: 0.9688
1280/4534 [=======>......................] - ETA: 2s - loss: 0.0817 - acc: 0.9703
1376/4534 [========>.....................] - ETA: 1s - loss: 0.0857 - acc: 0.9688
1472/4534 [========>.....................] - ETA: 1s - loss: 0.0837 - acc: 0.9694
1568/4534 [=========>....................] - ETA: 1s - loss: 0.0821 - acc: 0.9700
1664/4534 [==========>...................] - ETA: 1s - loss: 0.0816 - acc: 0.9688
1760/4534 [==========>...................] - ETA: 1s - loss: 0.0824 - acc: 0.9688
1856/4534 [===========>..................] - ETA: 1s - loss: 0.0824 - acc: 0.9682
1952/4534 [===========>..................] - ETA: 1s - loss: 0.0829 - acc: 0.9682
2048/4534 [============>.................] - ETA: 1s - loss: 0.0835 - acc: 0.9678
2144/4534 [=============>................] - ETA: 1s - loss: 0.0852 - acc: 0.9674
2240/4534 [=============>................] - ETA: 1s - loss: 0.0875 - acc: 0.9670
2336/4534 [==============>...............] - ETA: 1s - loss: 0.0856 - acc: 0.9675
2432/4534 [===============>..............] - ETA: 1s - loss: 0.0860 - acc: 0.9671
2528/4534 [===============>..............] - ETA: 1s - loss: 0.0847 - acc: 0.9680
2624/4534 [================>.............] - ETA: 1s - loss: 0.0825 - acc: 0.9691
2720/4534 [================>.............] - ETA: 1s - loss: 0.0807 - acc: 0.9702
2816/4534 [=================>............] - ETA: 1s - loss: 0.0814 - acc: 0.9695
2912/4534 [==================>...........] - ETA: 1s - loss: 0.0807 - acc: 0.9698
3008/4534 [==================>...........] - ETA: 0s - loss: 0.0812 - acc: 0.9691
3104/4534 [===================>..........] - ETA: 0s - loss: 0.0799 - acc: 0.9694
3200/4534 [====================>.........] - ETA: 0s - loss: 0.0799 - acc: 0.9700
3296/4534 [====================>.........] - ETA: 0s - loss: 0.0804 - acc: 0.9700
3392/4534 [=====================>........] - ETA: 0s - loss: 0.0795 - acc: 0.9705
3488/4534 [======================>.......] - ETA: 0s - loss: 0.0786 - acc: 0.9708
3584/4534 [======================>.......] - ETA: 0s - loss: 0.0786 - acc: 0.9710
3680/4534 [=======================>......] - ETA: 0s - loss: 0.0786 - acc: 0.9707
3776/4534 [=======================>......] - ETA: 0s - loss: 0.0772 - acc: 0.9714
3872/4534 [========================>.....] - ETA: 0s - loss: 0.0771 - acc: 0.9713
3968/4534 [=========================>....] - ETA: 0s - loss: 0.0790 - acc: 0.9705
4064/4534 [=========================>....] - ETA: 0s - loss: 0.0783 - acc: 0.9707
4160/4534 [==========================>...] - ETA: 0s - loss: 0.0773 - acc: 0.9709
4256/4534 [===========================>..] - ETA: 0s - loss: 0.0773 - acc: 0.9702
4352/4534 [===========================>..] - ETA: 0s - loss: 0.0779 - acc: 0.9697
4448/4534 [============================>.] - ETA: 0s - loss: 0.0770 - acc: 0.9701
4534/4534 [==============================] - 4s 867us/step - loss: 0.0768 - acc: 0.9698 - val_loss: 8.8834 - val_acc: 0.4489
Train on 4534 samples, validate on 1134 samples
Epoch 1/1

  32/4534 [..............................] - ETA: 2s - loss: 0.0041 - acc: 1.0000
 128/4534 [..............................] - ETA: 2s - loss: 0.0477 - acc: 0.9844
 224/4534 [>.............................] - ETA: 2s - loss: 0.0400 - acc: 0.9866
 320/4534 [=>............................] - ETA: 2s - loss: 0.0384 - acc: 0.9844
 416/4534 [=>............................] - ETA: 2s - loss: 0.0319 - acc: 0.9880
 512/4534 [==>...........................] - ETA: 2s - loss: 0.0380 - acc: 0.9863
 608/4534 [===>..........................] - ETA: 2s - loss: 0.0330 - acc: 0.9885
 704/4534 [===>..........................] - ETA: 2s - loss: 0.0460 - acc: 0.9830
 800/4534 [====>.........................] - ETA: 2s - loss: 0.0535 - acc: 0.9812
 896/4534 [====>.........................] - ETA: 2s - loss: 0.0563 - acc: 0.9799
 992/4534 [=====>........................] - ETA: 2s - loss: 0.0568 - acc: 0.9798
1088/4534 [======>.......................] - ETA: 2s - loss: 0.0577 - acc: 0.9798
1184/4534 [======>.......................] - ETA: 2s - loss: 0.0688 - acc: 0.9764
1280/4534 [=======>......................] - ETA: 2s - loss: 0.0659 - acc: 0.9773
1376/4534 [========>.....................] - ETA: 1s - loss: 0.0653 - acc: 0.9775
1472/4534 [========>.....................] - ETA: 1s - loss: 0.0650 - acc: 0.9776
1568/4534 [=========>....................] - ETA: 1s - loss: 0.0650 - acc: 0.9777
1664/4534 [==========>...................] - ETA: 1s - loss: 0.0645 - acc: 0.9784
1760/4534 [==========>...................] - ETA: 1s - loss: 0.0649 - acc: 0.9784
1856/4534 [===========>..................] - ETA: 1s - loss: 0.0649 - acc: 0.9784
1952/4534 [===========>..................] - ETA: 1s - loss: 0.0654 - acc: 0.9785
2048/4534 [============>.................] - ETA: 1s - loss: 0.0645 - acc: 0.9790
2144/4534 [=============>................] - ETA: 1s - loss: 0.0658 - acc: 0.9781
2240/4534 [=============>................] - ETA: 1s - loss: 0.0660 - acc: 0.9777
2336/4534 [==============>...............] - ETA: 1s - loss: 0.0645 - acc: 0.9786
2432/4534 [===============>..............] - ETA: 1s - loss: 0.0645 - acc: 0.9782
2528/4534 [===============>..............] - ETA: 1s - loss: 0.0678 - acc: 0.9767
2624/4534 [================>.............] - ETA: 1s - loss: 0.0670 - acc: 0.9768
2720/4534 [================>.............] - ETA: 1s - loss: 0.0666 - acc: 0.9768
2816/4534 [=================>............] - ETA: 1s - loss: 0.0681 - acc: 0.9762
2912/4534 [==================>...........] - ETA: 1s - loss: 0.0675 - acc: 0.9766
3008/4534 [==================>...........] - ETA: 0s - loss: 0.0661 - acc: 0.9774
3104/4534 [===================>..........] - ETA: 0s - loss: 0.0661 - acc: 0.9771
3200/4534 [====================>.........] - ETA: 0s - loss: 0.0676 - acc: 0.9762
3296/4534 [====================>.........] - ETA: 0s - loss: 0.0680 - acc: 0.9760
3392/4534 [=====================>........] - ETA: 0s - loss: 0.0671 - acc: 0.9764
3488/4534 [======================>.......] - ETA: 0s - loss: 0.0679 - acc: 0.9765
3584/4534 [======================>.......] - ETA: 0s - loss: 0.0690 - acc: 0.9757
3680/4534 [=======================>......] - ETA: 0s - loss: 0.0721 - acc: 0.9750
3776/4534 [=======================>......] - ETA: 0s - loss: 0.0721 - acc: 0.9748
3872/4534 [========================>.....] - ETA: 0s - loss: 0.0731 - acc: 0.9742
3968/4534 [=========================>....] - ETA: 0s - loss: 0.0723 - acc: 0.9745
4064/4534 [=========================>....] - ETA: 0s - loss: 0.0725 - acc: 0.9744
4160/4534 [==========================>...] - ETA: 0s - loss: 0.0715 - acc: 0.9750
4256/4534 [===========================>..] - ETA: 0s - loss: 0.0726 - acc: 0.9749
4352/4534 [===========================>..] - ETA: 0s - loss: 0.0722 - acc: 0.9750
4448/4534 [============================>.] - ETA: 0s - loss: 0.0724 - acc: 0.9748
4534/4534 [==============================] - 4s 868us/step - loss: 0.0726 - acc: 0.9746 - val_loss: 8.3291 - val_acc: 0.4832
Train on 4534 samples, validate on 1134 samples
Epoch 1/1

  32/4534 [..............................] - ETA: 3s - loss: 0.0607 - acc: 0.9688
 128/4534 [..............................] - ETA: 2s - loss: 0.0786 - acc: 0.9609
 224/4534 [>.............................] - ETA: 2s - loss: 0.0615 - acc: 0.9688
 320/4534 [=>............................] - ETA: 2s - loss: 0.0671 - acc: 0.9719
 416/4534 [=>............................] - ETA: 2s - loss: 0.0662 - acc: 0.9712
 512/4534 [==>...........................] - ETA: 2s - loss: 0.0700 - acc: 0.9688
 608/4534 [===>..........................] - ETA: 2s - loss: 0.0903 - acc: 0.9671
 704/4534 [===>..........................] - ETA: 2s - loss: 0.0895 - acc: 0.9673
 800/4534 [====>.........................] - ETA: 2s - loss: 0.0854 - acc: 0.9688
 896/4534 [====>.........................] - ETA: 2s - loss: 0.0868 - acc: 0.9699
 992/4534 [=====>........................] - ETA: 2s - loss: 0.0896 - acc: 0.9677
1088/4534 [======>.......................] - ETA: 2s - loss: 0.0909 - acc: 0.9678
1184/4534 [======>.......................] - ETA: 2s - loss: 0.0894 - acc: 0.9688
1280/4534 [=======>......................] - ETA: 2s - loss: 0.0863 - acc: 0.9711
1376/4534 [========>.....................] - ETA: 1s - loss: 0.0859 - acc: 0.9709
1472/4534 [========>.....................] - ETA: 1s - loss: 0.0880 - acc: 0.9694
1568/4534 [=========>....................] - ETA: 1s - loss: 0.0862 - acc: 0.9700
1664/4534 [==========>...................] - ETA: 1s - loss: 0.0854 - acc: 0.9706
1760/4534 [==========>...................] - ETA: 1s - loss: 0.0888 - acc: 0.9716
1856/4534 [===========>..................] - ETA: 1s - loss: 0.0922 - acc: 0.9704
1952/4534 [===========>..................] - ETA: 1s - loss: 0.0909 - acc: 0.9703
2048/4534 [============>.................] - ETA: 1s - loss: 0.0900 - acc: 0.9702
2144/4534 [=============>................] - ETA: 1s - loss: 0.0878 - acc: 0.9706
2240/4534 [=============>................] - ETA: 1s - loss: 0.0875 - acc: 0.9710
2336/4534 [==============>...............] - ETA: 1s - loss: 0.0861 - acc: 0.9717
2432/4534 [===============>..............] - ETA: 1s - loss: 0.0870 - acc: 0.9708
2528/4534 [===============>..............] - ETA: 1s - loss: 0.0877 - acc: 0.9703
2624/4534 [================>.............] - ETA: 1s - loss: 0.0862 - acc: 0.9710
2720/4534 [================>.............] - ETA: 1s - loss: 0.0856 - acc: 0.9710
2816/4534 [=================>............] - ETA: 1s - loss: 0.0838 - acc: 0.9719
2912/4534 [==================>...........] - ETA: 1s - loss: 0.0838 - acc: 0.9715
3008/4534 [==================>...........] - ETA: 0s - loss: 0.0821 - acc: 0.9721
3104/4534 [===================>..........] - ETA: 0s - loss: 0.0807 - acc: 0.9723
3200/4534 [====================>.........] - ETA: 0s - loss: 0.0812 - acc: 0.9722
3296/4534 [====================>.........] - ETA: 0s - loss: 0.0817 - acc: 0.9715
3392/4534 [=====================>........] - ETA: 0s - loss: 0.0802 - acc: 0.9720
3488/4534 [======================>.......] - ETA: 0s - loss: 0.0806 - acc: 0.9716
3584/4534 [======================>.......] - ETA: 0s - loss: 0.0821 - acc: 0.9715
3680/4534 [=======================>......] - ETA: 0s - loss: 0.0814 - acc: 0.9720
3776/4534 [=======================>......] - ETA: 0s - loss: 0.0806 - acc: 0.9725
3872/4534 [========================>.....] - ETA: 0s - loss: 0.0824 - acc: 0.9716
3968/4534 [=========================>....] - ETA: 0s - loss: 0.0818 - acc: 0.9718
4064/4534 [=========================>....] - ETA: 0s - loss: 0.0810 - acc: 0.9722
4160/4534 [==========================>...] - ETA: 0s - loss: 0.0809 - acc: 0.9719
4256/4534 [===========================>..] - ETA: 0s - loss: 0.0804 - acc: 0.9723
4352/4534 [===========================>..] - ETA: 0s - loss: 0.0794 - acc: 0.9727
4448/4534 [============================>.] - ETA: 0s - loss: 0.0807 - acc: 0.9717
4534/4534 [==============================] - 4s 872us/step - loss: 0.0797 - acc: 0.9722 - val_loss: 8.3433 - val_acc: 0.4824
Train on 4534 samples, validate on 1134 samples
Epoch 1/1

  32/4534 [..............................] - ETA: 2s - loss: 0.0110 - acc: 1.0000
 128/4534 [..............................] - ETA: 2s - loss: 0.0658 - acc: 0.9688
 224/4534 [>.............................] - ETA: 2s - loss: 0.0471 - acc: 0.9777
 320/4534 [=>............................] - ETA: 2s - loss: 0.0675 - acc: 0.9688
 416/4534 [=>............................] - ETA: 2s - loss: 0.0712 - acc: 0.9688
 512/4534 [==>...........................] - ETA: 2s - loss: 0.0643 - acc: 0.9707
 608/4534 [===>..........................] - ETA: 2s - loss: 0.0633 - acc: 0.9720
 704/4534 [===>..........................] - ETA: 2s - loss: 0.0595 - acc: 0.9744
 800/4534 [====>.........................] - ETA: 2s - loss: 0.0618 - acc: 0.9712
 896/4534 [====>.........................] - ETA: 2s - loss: 0.0582 - acc: 0.9743
 992/4534 [=====>........................] - ETA: 2s - loss: 0.0559 - acc: 0.9768
1088/4534 [======>.......................] - ETA: 2s - loss: 0.0552 - acc: 0.9779
1184/4534 [======>.......................] - ETA: 2s - loss: 0.0660 - acc: 0.9764
1280/4534 [=======>......................] - ETA: 2s - loss: 0.0654 - acc: 0.9758
1376/4534 [========>.....................] - ETA: 1s - loss: 0.0691 - acc: 0.9753
1472/4534 [========>.....................] - ETA: 1s - loss: 0.0680 - acc: 0.9762
1568/4534 [=========>....................] - ETA: 1s - loss: 0.0723 - acc: 0.9751
1664/4534 [==========>...................] - ETA: 1s - loss: 0.0727 - acc: 0.9760
1760/4534 [==========>...................] - ETA: 1s - loss: 0.0706 - acc: 0.9773
1856/4534 [===========>..................] - ETA: 1s - loss: 0.0691 - acc: 0.9779
1952/4534 [===========>..................] - ETA: 1s - loss: 0.0680 - acc: 0.9785
2048/4534 [============>.................] - ETA: 1s - loss: 0.0667 - acc: 0.9790
2144/4534 [=============>................] - ETA: 1s - loss: 0.0669 - acc: 0.9790
2240/4534 [=============>................] - ETA: 1s - loss: 0.0673 - acc: 0.9790
2336/4534 [==============>...............] - ETA: 1s - loss: 0.0652 - acc: 0.9799
2432/4534 [===============>..............] - ETA: 1s - loss: 0.0644 - acc: 0.9799
2528/4534 [===============>..............] - ETA: 1s - loss: 0.0636 - acc: 0.9798
2624/4534 [================>.............] - ETA: 1s - loss: 0.0630 - acc: 0.9802
2720/4534 [================>.............] - ETA: 1s - loss: 0.0630 - acc: 0.9798
2816/4534 [=================>............] - ETA: 1s - loss: 0.0627 - acc: 0.9794
2912/4534 [==================>...........] - ETA: 1s - loss: 0.0611 - acc: 0.9801
3008/4534 [==================>...........] - ETA: 0s - loss: 0.0625 - acc: 0.9801
3104/4534 [===================>..........] - ETA: 0s - loss: 0.0630 - acc: 0.9797
3200/4534 [====================>.........] - ETA: 0s - loss: 0.0621 - acc: 0.9800
3296/4534 [====================>.........] - ETA: 0s - loss: 0.0633 - acc: 0.9797
3392/4534 [=====================>........] - ETA: 0s - loss: 0.0634 - acc: 0.9797
3488/4534 [======================>.......] - ETA: 0s - loss: 0.0645 - acc: 0.9796
3584/4534 [======================>.......] - ETA: 0s - loss: 0.0645 - acc: 0.9796
3680/4534 [=======================>......] - ETA: 0s - loss: 0.0653 - acc: 0.9793
3776/4534 [=======================>......] - ETA: 0s - loss: 0.0671 - acc: 0.9788
3872/4534 [========================>.....] - ETA: 0s - loss: 0.0664 - acc: 0.9791
3968/4534 [=========================>....] - ETA: 0s - loss: 0.0659 - acc: 0.9793
4064/4534 [=========================>....] - ETA: 0s - loss: 0.0651 - acc: 0.9798
4160/4534 [==========================>...] - ETA: 0s - loss: 0.0659 - acc: 0.9800
4256/4534 [===========================>..] - ETA: 0s - loss: 0.0650 - acc: 0.9803
4352/4534 [===========================>..] - ETA: 0s - loss: 0.0648 - acc: 0.9805
4448/4534 [============================>.] - ETA: 0s - loss: 0.0644 - acc: 0.9807
4534/4534 [==============================] - 4s 866us/step - loss: 0.0642 - acc: 0.9806 - val_loss: 8.5139 - val_acc: 0.4718
Train on 4534 samples, validate on 1134 samples
Epoch 1/1

  32/4534 [..............................] - ETA: 2s - loss: 0.1183 - acc: 0.9375
 128/4534 [..............................] - ETA: 2s - loss: 0.0687 - acc: 0.9688
 224/4534 [>.............................] - ETA: 2s - loss: 0.0511 - acc: 0.9777
 320/4534 [=>............................] - ETA: 2s - loss: 0.0387 - acc: 0.9844
 416/4534 [=>............................] - ETA: 2s - loss: 0.0510 - acc: 0.9832
 512/4534 [==>...........................] - ETA: 2s - loss: 0.0461 - acc: 0.9863
 608/4534 [===>..........................] - ETA: 2s - loss: 0.0431 - acc: 0.9852
 704/4534 [===>..........................] - ETA: 2s - loss: 0.0492 - acc: 0.9830
 800/4534 [====>.........................] - ETA: 2s - loss: 0.0511 - acc: 0.9812
 896/4534 [====>.........................] - ETA: 2s - loss: 0.0505 - acc: 0.9810
 992/4534 [=====>........................] - ETA: 2s - loss: 0.0481 - acc: 0.9819
1088/4534 [======>.......................] - ETA: 2s - loss: 0.0523 - acc: 0.9798
1184/4534 [======>.......................] - ETA: 2s - loss: 0.0509 - acc: 0.9806
1280/4534 [=======>......................] - ETA: 2s - loss: 0.0492 - acc: 0.9812
1376/4534 [========>.....................] - ETA: 1s - loss: 0.0563 - acc: 0.9797
1472/4534 [========>.....................] - ETA: 1s - loss: 0.0568 - acc: 0.9796
1568/4534 [=========>....................] - ETA: 1s - loss: 0.0559 - acc: 0.9796
1664/4534 [==========>...................] - ETA: 1s - loss: 0.0579 - acc: 0.9784
1760/4534 [==========>...................] - ETA: 1s - loss: 0.0611 - acc: 0.9773
1856/4534 [===========>..................] - ETA: 1s - loss: 0.0620 - acc: 0.9763
1952/4534 [===========>..................] - ETA: 1s - loss: 0.0639 - acc: 0.9769
2048/4534 [============>.................] - ETA: 1s - loss: 0.0629 - acc: 0.9775
2144/4534 [=============>................] - ETA: 1s - loss: 0.0630 - acc: 0.9771
2240/4534 [=============>................] - ETA: 1s - loss: 0.0638 - acc: 0.9763
2336/4534 [==============>...............] - ETA: 1s - loss: 0.0622 - acc: 0.9773
2432/4534 [===============>..............] - ETA: 1s - loss: 0.0610 - acc: 0.9778
2528/4534 [===============>..............] - ETA: 1s - loss: 0.0595 - acc: 0.9786
2624/4534 [================>.............] - ETA: 1s - loss: 0.0598 - acc: 0.9787
2720/4534 [================>.............] - ETA: 1s - loss: 0.0605 - acc: 0.9783
2816/4534 [=================>............] - ETA: 1s - loss: 0.0608 - acc: 0.9783
2912/4534 [==================>...........] - ETA: 1s - loss: 0.0639 - acc: 0.9787
3008/4534 [==================>...........] - ETA: 0s - loss: 0.0635 - acc: 0.9784
3104/4534 [===================>..........] - ETA: 0s - loss: 0.0647 - acc: 0.9778
3200/4534 [====================>.........] - ETA: 0s - loss: 0.0649 - acc: 0.9778
3296/4534 [====================>.........] - ETA: 0s - loss: 0.0657 - acc: 0.9775
3392/4534 [=====================>........] - ETA: 0s - loss: 0.0674 - acc: 0.9764
3488/4534 [======================>.......] - ETA: 0s - loss: 0.0662 - acc: 0.9771
3584/4534 [======================>.......] - ETA: 0s - loss: 0.0669 - acc: 0.9768
3680/4534 [=======================>......] - ETA: 0s - loss: 0.0672 - acc: 0.9769
3776/4534 [=======================>......] - ETA: 0s - loss: 0.0679 - acc: 0.9762
3872/4534 [========================>.....] - ETA: 0s - loss: 0.0673 - acc: 0.9765
3968/4534 [=========================>....] - ETA: 0s - loss: 0.0661 - acc: 0.9771
4064/4534 [=========================>....] - ETA: 0s - loss: 0.0671 - acc: 0.9766
4160/4534 [==========================>...] - ETA: 0s - loss: 0.0661 - acc: 0.9769
4256/4534 [===========================>..] - ETA: 0s - loss: 0.0649 - acc: 0.9774
4352/4534 [===========================>..] - ETA: 0s - loss: 0.0668 - acc: 0.9770
4448/4534 [============================>.] - ETA: 0s - loss: 0.0659 - acc: 0.9773
4534/4534 [==============================] - 4s 867us/step - loss: 0.0679 - acc: 0.9766 - val_loss: 8.6560 - val_acc: 0.4630
Train on 4534 samples, validate on 1134 samples
Epoch 1/1

  32/4534 [..............................] - ETA: 2s - loss: 0.0214 - acc: 1.0000
 128/4534 [..............................] - ETA: 2s - loss: 0.0801 - acc: 0.9766
 224/4534 [>.............................] - ETA: 2s - loss: 0.0568 - acc: 0.9821
 320/4534 [=>............................] - ETA: 2s - loss: 0.0612 - acc: 0.9812
 416/4534 [=>............................] - ETA: 2s - loss: 0.0531 - acc: 0.9832
 512/4534 [==>...........................] - ETA: 2s - loss: 0.0497 - acc: 0.9844
 608/4534 [===>..........................] - ETA: 2s - loss: 0.0533 - acc: 0.9836
 704/4534 [===>..........................] - ETA: 2s - loss: 0.0567 - acc: 0.9815
 800/4534 [====>.........................] - ETA: 2s - loss: 0.0583 - acc: 0.9825
 896/4534 [====>.........................] - ETA: 2s - loss: 0.0639 - acc: 0.9799
 992/4534 [=====>........................] - ETA: 2s - loss: 0.0607 - acc: 0.9808
1088/4534 [======>.......................] - ETA: 2s - loss: 0.0597 - acc: 0.9807
1184/4534 [======>.......................] - ETA: 2s - loss: 0.0564 - acc: 0.9823
1280/4534 [=======>......................] - ETA: 2s - loss: 0.0654 - acc: 0.9820
1376/4534 [========>.....................] - ETA: 1s - loss: 0.0671 - acc: 0.9811
1472/4534 [========>.....................] - ETA: 1s - loss: 0.0661 - acc: 0.9810
1568/4534 [=========>....................] - ETA: 1s - loss: 0.0636 - acc: 0.9821
1664/4534 [==========>...................] - ETA: 1s - loss: 0.0620 - acc: 0.9832
1760/4534 [==========>...................] - ETA: 1s - loss: 0.0615 - acc: 0.9835
1856/4534 [===========>..................] - ETA: 1s - loss: 0.0600 - acc: 0.9838
1952/4534 [===========>..................] - ETA: 1s - loss: 0.0591 - acc: 0.9836
2048/4534 [============>.................] - ETA: 1s - loss: 0.0611 - acc: 0.9829
2144/4534 [=============>................] - ETA: 1s - loss: 0.0592 - acc: 0.9832
2240/4534 [=============>................] - ETA: 1s - loss: 0.0580 - acc: 0.9835
2336/4534 [==============>...............] - ETA: 1s - loss: 0.0569 - acc: 0.9837
2432/4534 [===============>..............] - ETA: 1s - loss: 0.0574 - acc: 0.9836
2528/4534 [===============>..............] - ETA: 1s - loss: 0.0580 - acc: 0.9838
2624/4534 [================>.............] - ETA: 1s - loss: 0.0609 - acc: 0.9821
2720/4534 [================>.............] - ETA: 1s - loss: 0.0591 - acc: 0.9827
2816/4534 [=================>............] - ETA: 1s - loss: 0.0594 - acc: 0.9826
2912/4534 [==================>...........] - ETA: 1s - loss: 0.0594 - acc: 0.9825
3008/4534 [==================>...........] - ETA: 0s - loss: 0.0592 - acc: 0.9820
3104/4534 [===================>..........] - ETA: 0s - loss: 0.0589 - acc: 0.9823
3200/4534 [====================>.........] - ETA: 0s - loss: 0.0575 - acc: 0.9828
3296/4534 [====================>.........] - ETA: 0s - loss: 0.0566 - acc: 0.9833
3392/4534 [=====================>........] - ETA: 0s - loss: 0.0590 - acc: 0.9832
3488/4534 [======================>.......] - ETA: 0s - loss: 0.0581 - acc: 0.9834
3584/4534 [======================>.......] - ETA: 0s - loss: 0.0580 - acc: 0.9835
3680/4534 [=======================>......] - ETA: 0s - loss: 0.0580 - acc: 0.9834
3776/4534 [=======================>......] - ETA: 0s - loss: 0.0576 - acc: 0.9833
3872/4534 [========================>.....] - ETA: 0s - loss: 0.0570 - acc: 0.9835
3968/4534 [=========================>....] - ETA: 0s - loss: 0.0576 - acc: 0.9831
4064/4534 [=========================>....] - ETA: 0s - loss: 0.0580 - acc: 0.9833
4160/4534 [==========================>...] - ETA: 0s - loss: 0.0590 - acc: 0.9825
4256/4534 [===========================>..] - ETA: 0s - loss: 0.0588 - acc: 0.9824
4352/4534 [===========================>..] - ETA: 0s - loss: 0.0589 - acc: 0.9821
4448/4534 [============================>.] - ETA: 0s - loss: 0.0583 - acc: 0.9820
4534/4534 [==============================] - 4s 866us/step - loss: 0.0588 - acc: 0.9817 - val_loss: 8.6560 - val_acc: 0.4630
Train on 4534 samples, validate on 1134 samples
Epoch 1/1

  32/4534 [..............................] - ETA: 2s - loss: 0.0711 - acc: 0.9688
 128/4534 [..............................] - ETA: 2s - loss: 0.0635 - acc: 0.9766
 224/4534 [>.............................] - ETA: 2s - loss: 0.0577 - acc: 0.9732
 320/4534 [=>............................] - ETA: 2s - loss: 0.0441 - acc: 0.9812
 416/4534 [=>............................] - ETA: 2s - loss: 0.0444 - acc: 0.9808
 512/4534 [==>...........................] - ETA: 2s - loss: 0.0418 - acc: 0.9844
 608/4534 [===>..........................] - ETA: 2s - loss: 0.0414 - acc: 0.9852
 704/4534 [===>..........................] - ETA: 2s - loss: 0.0452 - acc: 0.9830
 800/4534 [====>.........................] - ETA: 2s - loss: 0.0474 - acc: 0.9825
 896/4534 [====>.........................] - ETA: 2s - loss: 0.0454 - acc: 0.9833
 992/4534 [=====>........................] - ETA: 2s - loss: 0.0459 - acc: 0.9829
1088/4534 [======>.......................] - ETA: 2s - loss: 0.0436 - acc: 0.9844
1184/4534 [======>.......................] - ETA: 2s - loss: 0.0451 - acc: 0.9840
1280/4534 [=======>......................] - ETA: 2s - loss: 0.0483 - acc: 0.9828
1376/4534 [========>.....................] - ETA: 1s - loss: 0.0512 - acc: 0.9818
1472/4534 [========>.....................] - ETA: 1s - loss: 0.0502 - acc: 0.9830
1568/4534 [=========>....................] - ETA: 1s - loss: 0.0522 - acc: 0.9815
1664/4534 [==========>...................] - ETA: 1s - loss: 0.0523 - acc: 0.9820
1760/4534 [==========>...................] - ETA: 1s - loss: 0.0532 - acc: 0.9812
1856/4534 [===========>..................] - ETA: 1s - loss: 0.0520 - acc: 0.9817
1952/4534 [===========>..................] - ETA: 1s - loss: 0.0549 - acc: 0.9805
2048/4534 [============>.................] - ETA: 1s - loss: 0.0533 - acc: 0.9814
2144/4534 [=============>................] - ETA: 1s - loss: 0.0537 - acc: 0.9809
2240/4534 [=============>................] - ETA: 1s - loss: 0.0538 - acc: 0.9808
2336/4534 [==============>...............] - ETA: 1s - loss: 0.0528 - acc: 0.9812
2432/4534 [===============>..............] - ETA: 1s - loss: 0.0529 - acc: 0.9815
2528/4534 [===============>..............] - ETA: 1s - loss: 0.0529 - acc: 0.9814
2624/4534 [================>.............] - ETA: 1s - loss: 0.0532 - acc: 0.9813
2720/4534 [================>.............] - ETA: 1s - loss: 0.0529 - acc: 0.9816
2816/4534 [=================>............] - ETA: 1s - loss: 0.0523 - acc: 0.9815
2912/4534 [==================>...........] - ETA: 1s - loss: 0.0526 - acc: 0.9811
3008/4534 [==================>...........] - ETA: 0s - loss: 0.0511 - acc: 0.9817
3104/4534 [===================>..........] - ETA: 0s - loss: 0.0544 - acc: 0.9813
3200/4534 [====================>.........] - ETA: 0s - loss: 0.0542 - acc: 0.9812
3296/4534 [====================>.........] - ETA: 0s - loss: 0.0541 - acc: 0.9812
3392/4534 [=====================>........] - ETA: 0s - loss: 0.0536 - acc: 0.9814
3488/4534 [======================>.......] - ETA: 0s - loss: 0.0555 - acc: 0.9805
3584/4534 [======================>.......] - ETA: 0s - loss: 0.0555 - acc: 0.9805
3680/4534 [=======================>......] - ETA: 0s - loss: 0.0546 - acc: 0.9810
3776/4534 [=======================>......] - ETA: 0s - loss: 0.0553 - acc: 0.9807
3872/4534 [========================>.....] - ETA: 0s - loss: 0.0579 - acc: 0.9804
3968/4534 [=========================>....] - ETA: 0s - loss: 0.0581 - acc: 0.9806
4064/4534 [=========================>....] - ETA: 0s - loss: 0.0581 - acc: 0.9806
4160/4534 [==========================>...] - ETA: 0s - loss: 0.0585 - acc: 0.9803
4256/4534 [===========================>..] - ETA: 0s - loss: 0.0608 - acc: 0.9793
4352/4534 [===========================>..] - ETA: 0s - loss: 0.0608 - acc: 0.9793
4448/4534 [============================>.] - ETA: 0s - loss: 0.0603 - acc: 0.9798
4534/4534 [==============================] - 4s 869us/step - loss: 0.0608 - acc: 0.9797 - val_loss: 8.6418 - val_acc: 0.4638

  32/1418 [..............................] - ETA: 22s
  96/1418 [=>............................] - ETA: 7s 
 160/1418 [==>...........................] - ETA: 4s
 224/1418 [===>..........................] - ETA: 3s
 288/1418 [=====>........................] - ETA: 2s
 352/1418 [======>.......................] - ETA: 2s
 416/1418 [=======>......................] - ETA: 2s
 480/1418 [=========>....................] - ETA: 1s
 544/1418 [==========>...................] - ETA: 1s
 608/1418 [===========>..................] - ETA: 1s
 672/1418 [=============>................] - ETA: 1s
 736/1418 [==============>...............] - ETA: 1s
 800/1418 [===============>..............] - ETA: 0s
 864/1418 [=================>............] - ETA: 0s
 928/1418 [==================>...........] - ETA: 0s
 992/1418 [===================>..........] - ETA: 0s
1056/1418 [=====================>........] - ETA: 0s
1120/1418 [======================>.......] - ETA: 0s
1184/1418 [========================>.....] - ETA: 0s
1248/1418 [=========================>....] - ETA: 0s
1312/1418 [==========================>...] - ETA: 0s
1376/1418 [============================>.] - ETA: 0s
1418/1418 [==============================] - 2s 1ms/step
Test acc: 0.5557122708039492
Test auc: 0.5148669232002565
Execute epoch: 12
Execute time: 59.27249574661255
(W) Execute time: 56.688971757888794
