_________________________________________________________________
Layer (type)                 Output Shape              Param #   
=================================================================
embedding_1 (Embedding)      (None, None, 128)         297984    
_________________________________________________________________
lstm_1 (LSTM)                (None, None, 64)          49408     
_________________________________________________________________
lstm_2 (LSTM)                (None, None, 64)          33024     
_________________________________________________________________
lstm_3 (LSTM)                (None, 64)                33024     
_________________________________________________________________
dense_1 (Dense)              (None, 16)                1040      
_________________________________________________________________
dense_2 (Dense)              (None, 1)                 17        
=================================================================
Total params: 414,497
Trainable params: 414,497
Non-trainable params: 0
_________________________________________________________________
Train on 4534 samples, validate on 1134 samples
Epoch 1/1

  32/4534 [..............................] - ETA: 7:50 - loss: 0.6934 - acc: 0.3438
 128/4534 [..............................] - ETA: 1:57 - loss: 0.6931 - acc: 0.5312
 224/4534 [>.............................] - ETA: 1:06 - loss: 0.6930 - acc: 0.5312
 320/4534 [=>............................] - ETA: 46s - loss: 0.6929 - acc: 0.5375 
 416/4534 [=>............................] - ETA: 35s - loss: 0.6929 - acc: 0.5337
 512/4534 [==>...........................] - ETA: 28s - loss: 0.6926 - acc: 0.5488
 608/4534 [===>..........................] - ETA: 23s - loss: 0.6924 - acc: 0.5559
 704/4534 [===>..........................] - ETA: 20s - loss: 0.6925 - acc: 0.5483
 800/4534 [====>.........................] - ETA: 17s - loss: 0.6920 - acc: 0.5613
 896/4534 [====>.........................] - ETA: 15s - loss: 0.6917 - acc: 0.5658
 992/4534 [=====>........................] - ETA: 14s - loss: 0.6918 - acc: 0.5595
1088/4534 [======>.......................] - ETA: 12s - loss: 0.6918 - acc: 0.5561
1184/4534 [======>.......................] - ETA: 11s - loss: 0.6915 - acc: 0.5574
1280/4534 [=======>......................] - ETA: 10s - loss: 0.6911 - acc: 0.5578
1376/4534 [========>.....................] - ETA: 9s - loss: 0.6898 - acc: 0.5669 
1472/4534 [========>.....................] - ETA: 8s - loss: 0.6888 - acc: 0.5686
1568/4534 [=========>....................] - ETA: 8s - loss: 0.6881 - acc: 0.5644
1664/4534 [==========>...................] - ETA: 7s - loss: 0.6866 - acc: 0.5625
1760/4534 [==========>...................] - ETA: 6s - loss: 0.6809 - acc: 0.5653
1856/4534 [===========>..................] - ETA: 6s - loss: 0.6741 - acc: 0.5657
1952/4534 [===========>..................] - ETA: 6s - loss: 0.6680 - acc: 0.5651
2048/4534 [============>.................] - ETA: 5s - loss: 0.6641 - acc: 0.5659
2144/4534 [=============>................] - ETA: 5s - loss: 0.6554 - acc: 0.5662
2240/4534 [=============>................] - ETA: 4s - loss: 0.6493 - acc: 0.5692
2336/4534 [==============>...............] - ETA: 4s - loss: 0.6434 - acc: 0.5693
2432/4534 [===============>..............] - ETA: 4s - loss: 0.6368 - acc: 0.5748
2528/4534 [===============>..............] - ETA: 3s - loss: 0.6318 - acc: 0.5843
2624/4534 [================>.............] - ETA: 3s - loss: 0.6247 - acc: 0.5915
2720/4534 [================>.............] - ETA: 3s - loss: 0.6224 - acc: 0.5982
2816/4534 [=================>............] - ETA: 3s - loss: 0.6172 - acc: 0.6058
2912/4534 [==================>...........] - ETA: 2s - loss: 0.6113 - acc: 0.6154
3008/4534 [==================>...........] - ETA: 2s - loss: 0.6053 - acc: 0.6240
3104/4534 [===================>..........] - ETA: 2s - loss: 0.5984 - acc: 0.6331
3200/4534 [====================>.........] - ETA: 2s - loss: 0.5914 - acc: 0.6406
3296/4534 [====================>.........] - ETA: 2s - loss: 0.5820 - acc: 0.6490
3392/4534 [=====================>........] - ETA: 1s - loss: 0.5720 - acc: 0.6568
3488/4534 [======================>.......] - ETA: 1s - loss: 0.5616 - acc: 0.6649
3584/4534 [======================>.......] - ETA: 1s - loss: 0.5518 - acc: 0.6719
3680/4534 [=======================>......] - ETA: 1s - loss: 0.5499 - acc: 0.6780
3776/4534 [=======================>......] - ETA: 1s - loss: 0.5394 - acc: 0.6849
3872/4534 [========================>.....] - ETA: 0s - loss: 0.5314 - acc: 0.6909
3968/4534 [=========================>....] - ETA: 0s - loss: 0.5227 - acc: 0.6971
4064/4534 [=========================>....] - ETA: 0s - loss: 0.5147 - acc: 0.7028
4160/4534 [==========================>...] - ETA: 0s - loss: 0.5085 - acc: 0.7072
4256/4534 [===========================>..] - ETA: 0s - loss: 0.5007 - acc: 0.7126
4352/4534 [===========================>..] - ETA: 0s - loss: 0.4982 - acc: 0.7169
4448/4534 [============================>.] - ETA: 0s - loss: 0.4943 - acc: 0.7210
4534/4534 [==============================] - 8s 2ms/step - loss: 0.4884 - acc: 0.7256 - val_loss: 9.2103 - val_acc: 0.4286
Train on 4534 samples, validate on 1134 samples
Epoch 1/1

  32/4534 [..............................] - ETA: 3s - loss: 0.1699 - acc: 0.9375
 128/4534 [..............................] - ETA: 2s - loss: 0.2842 - acc: 0.9141
 224/4534 [>.............................] - ETA: 2s - loss: 0.2259 - acc: 0.9330
 320/4534 [=>............................] - ETA: 2s - loss: 0.2351 - acc: 0.9187
 416/4534 [=>............................] - ETA: 2s - loss: 0.2232 - acc: 0.9255
 512/4534 [==>...........................] - ETA: 2s - loss: 0.2666 - acc: 0.9258
 608/4534 [===>..........................] - ETA: 2s - loss: 0.2533 - acc: 0.9243
 704/4534 [===>..........................] - ETA: 2s - loss: 0.2416 - acc: 0.9233
 800/4534 [====>.........................] - ETA: 2s - loss: 0.2262 - acc: 0.9275
 896/4534 [====>.........................] - ETA: 2s - loss: 0.2137 - acc: 0.9308
 992/4534 [=====>........................] - ETA: 2s - loss: 0.2037 - acc: 0.9325
1088/4534 [======>.......................] - ETA: 2s - loss: 0.1981 - acc: 0.9329
1184/4534 [======>.......................] - ETA: 2s - loss: 0.1880 - acc: 0.9358
1280/4534 [=======>......................] - ETA: 2s - loss: 0.1926 - acc: 0.9328
1376/4534 [========>.....................] - ETA: 1s - loss: 0.1891 - acc: 0.9346
1472/4534 [========>.....................] - ETA: 1s - loss: 0.1862 - acc: 0.9368
1568/4534 [=========>....................] - ETA: 1s - loss: 0.1814 - acc: 0.9381
1664/4534 [==========>...................] - ETA: 1s - loss: 0.1785 - acc: 0.9405
1760/4534 [==========>...................] - ETA: 1s - loss: 0.1764 - acc: 0.9386
1856/4534 [===========>..................] - ETA: 1s - loss: 0.1730 - acc: 0.9402
1952/4534 [===========>..................] - ETA: 1s - loss: 0.1701 - acc: 0.9406
2048/4534 [============>.................] - ETA: 1s - loss: 0.1674 - acc: 0.9414
2144/4534 [=============>................] - ETA: 1s - loss: 0.1645 - acc: 0.9422
2240/4534 [=============>................] - ETA: 1s - loss: 0.1630 - acc: 0.9433
2336/4534 [==============>...............] - ETA: 1s - loss: 0.1613 - acc: 0.9439
2432/4534 [===============>..............] - ETA: 1s - loss: 0.1596 - acc: 0.9445
2528/4534 [===============>..............] - ETA: 1s - loss: 0.1566 - acc: 0.9458
2624/4534 [================>.............] - ETA: 1s - loss: 0.1620 - acc: 0.9447
2720/4534 [================>.............] - ETA: 1s - loss: 0.1658 - acc: 0.9441
2816/4534 [=================>............] - ETA: 1s - loss: 0.1631 - acc: 0.9450
2912/4534 [==================>...........] - ETA: 1s - loss: 0.1630 - acc: 0.9444
3008/4534 [==================>...........] - ETA: 0s - loss: 0.1648 - acc: 0.9435
3104/4534 [===================>..........] - ETA: 0s - loss: 0.1641 - acc: 0.9430
3200/4534 [====================>.........] - ETA: 0s - loss: 0.1637 - acc: 0.9422
3296/4534 [====================>.........] - ETA: 0s - loss: 0.1641 - acc: 0.9424
3392/4534 [=====================>........] - ETA: 0s - loss: 0.1682 - acc: 0.9407
3488/4534 [======================>.......] - ETA: 0s - loss: 0.1660 - acc: 0.9412
3584/4534 [======================>.......] - ETA: 0s - loss: 0.1656 - acc: 0.9422
3680/4534 [=======================>......] - ETA: 0s - loss: 0.1629 - acc: 0.9432
3776/4534 [=======================>......] - ETA: 0s - loss: 0.1620 - acc: 0.9439
3872/4534 [========================>.....] - ETA: 0s - loss: 0.1604 - acc: 0.9442
3968/4534 [=========================>....] - ETA: 0s - loss: 0.1610 - acc: 0.9446
4064/4534 [=========================>....] - ETA: 0s - loss: 0.1606 - acc: 0.9441
4160/4534 [==========================>...] - ETA: 0s - loss: 0.1605 - acc: 0.9435
4256/4534 [===========================>..] - ETA: 0s - loss: 0.1582 - acc: 0.9443
4352/4534 [===========================>..] - ETA: 0s - loss: 0.1560 - acc: 0.9451
4448/4534 [============================>.] - ETA: 0s - loss: 0.1546 - acc: 0.9456
4534/4534 [==============================] - 4s 875us/step - loss: 0.1564 - acc: 0.9460 - val_loss: 6.8325 - val_acc: 0.5714
Train on 4534 samples, validate on 1134 samples
Epoch 1/1

  32/4534 [..............................] - ETA: 2s - loss: 0.0590 - acc: 0.9688
 128/4534 [..............................] - ETA: 2s - loss: 0.0922 - acc: 0.9531
 224/4534 [>.............................] - ETA: 2s - loss: 0.1141 - acc: 0.9464
 320/4534 [=>............................] - ETA: 2s - loss: 0.1107 - acc: 0.9469
 416/4534 [=>............................] - ETA: 2s - loss: 0.1056 - acc: 0.9471
 512/4534 [==>...........................] - ETA: 2s - loss: 0.0972 - acc: 0.9512
 608/4534 [===>..........................] - ETA: 2s - loss: 0.0949 - acc: 0.9523
 704/4534 [===>..........................] - ETA: 2s - loss: 0.1019 - acc: 0.9531
 800/4534 [====>.........................] - ETA: 2s - loss: 0.1013 - acc: 0.9550
 896/4534 [====>.........................] - ETA: 2s - loss: 0.1056 - acc: 0.9554
 992/4534 [=====>........................] - ETA: 2s - loss: 0.1076 - acc: 0.9546
1088/4534 [======>.......................] - ETA: 2s - loss: 0.1062 - acc: 0.9550
1184/4534 [======>.......................] - ETA: 2s - loss: 0.1063 - acc: 0.9535
1280/4534 [=======>......................] - ETA: 2s - loss: 0.1041 - acc: 0.9547
1376/4534 [========>.....................] - ETA: 2s - loss: 0.1010 - acc: 0.9571
1472/4534 [========>.....................] - ETA: 1s - loss: 0.0996 - acc: 0.9572
1568/4534 [=========>....................] - ETA: 1s - loss: 0.0998 - acc: 0.9585
1664/4534 [==========>...................] - ETA: 1s - loss: 0.0997 - acc: 0.9585
1760/4534 [==========>...................] - ETA: 1s - loss: 0.0996 - acc: 0.9580
1856/4534 [===========>..................] - ETA: 1s - loss: 0.1008 - acc: 0.9574
1952/4534 [===========>..................] - ETA: 1s - loss: 0.0995 - acc: 0.9585
2048/4534 [============>.................] - ETA: 1s - loss: 0.1014 - acc: 0.9575
2144/4534 [=============>................] - ETA: 1s - loss: 0.1011 - acc: 0.9562
2240/4534 [=============>................] - ETA: 1s - loss: 0.1106 - acc: 0.9554
2336/4534 [==============>...............] - ETA: 1s - loss: 0.1124 - acc: 0.9551
2432/4534 [===============>..............] - ETA: 1s - loss: 0.1209 - acc: 0.9544
2528/4534 [===============>..............] - ETA: 1s - loss: 0.1198 - acc: 0.9541
2624/4534 [================>.............] - ETA: 1s - loss: 0.1177 - acc: 0.9550
2720/4534 [================>.............] - ETA: 1s - loss: 0.1160 - acc: 0.9563
2816/4534 [=================>............] - ETA: 1s - loss: 0.1160 - acc: 0.9560
2912/4534 [==================>...........] - ETA: 1s - loss: 0.1151 - acc: 0.9564
3008/4534 [==================>...........] - ETA: 0s - loss: 0.1171 - acc: 0.9568
3104/4534 [===================>..........] - ETA: 0s - loss: 0.1147 - acc: 0.9578
3200/4534 [====================>.........] - ETA: 0s - loss: 0.1138 - acc: 0.9581
3296/4534 [====================>.........] - ETA: 0s - loss: 0.1150 - acc: 0.9572
3392/4534 [=====================>........] - ETA: 0s - loss: 0.1183 - acc: 0.9561
3488/4534 [======================>.......] - ETA: 0s - loss: 0.1190 - acc: 0.9553
3584/4534 [======================>.......] - ETA: 0s - loss: 0.1194 - acc: 0.9551
3680/4534 [=======================>......] - ETA: 0s - loss: 0.1202 - acc: 0.9546
3776/4534 [=======================>......] - ETA: 0s - loss: 0.1219 - acc: 0.9537
3872/4534 [========================>.....] - ETA: 0s - loss: 0.1224 - acc: 0.9527
3968/4534 [=========================>....] - ETA: 0s - loss: 0.1233 - acc: 0.9524
4064/4534 [=========================>....] - ETA: 0s - loss: 0.1229 - acc: 0.9525
4160/4534 [==========================>...] - ETA: 0s - loss: 0.1226 - acc: 0.9529
4256/4534 [===========================>..] - ETA: 0s - loss: 0.1222 - acc: 0.9530
4352/4534 [===========================>..] - ETA: 0s - loss: 0.1225 - acc: 0.9522
4448/4534 [============================>.] - ETA: 0s - loss: 0.1213 - acc: 0.9528
4534/4534 [==============================] - 4s 876us/step - loss: 0.1210 - acc: 0.9528 - val_loss: 6.8325 - val_acc: 0.5714
Train on 4534 samples, validate on 1134 samples
Epoch 1/1

  32/4534 [..............................] - ETA: 3s - loss: 0.0822 - acc: 0.9688
 128/4534 [..............................] - ETA: 2s - loss: 0.0879 - acc: 0.9688
 224/4534 [>.............................] - ETA: 2s - loss: 0.1025 - acc: 0.9598
 320/4534 [=>............................] - ETA: 2s - loss: 0.1134 - acc: 0.9563
 416/4534 [=>............................] - ETA: 2s - loss: 0.1239 - acc: 0.9591
 512/4534 [==>...........................] - ETA: 2s - loss: 0.1163 - acc: 0.9609
 608/4534 [===>..........................] - ETA: 2s - loss: 0.1202 - acc: 0.9539
 704/4534 [===>..........................] - ETA: 2s - loss: 0.1170 - acc: 0.9531
 800/4534 [====>.........................] - ETA: 2s - loss: 0.1108 - acc: 0.9575
 896/4534 [====>.........................] - ETA: 2s - loss: 0.1073 - acc: 0.9565
 992/4534 [=====>........................] - ETA: 2s - loss: 0.1058 - acc: 0.9577
1088/4534 [======>.......................] - ETA: 2s - loss: 0.1058 - acc: 0.9586
1184/4534 [======>.......................] - ETA: 2s - loss: 0.1060 - acc: 0.9595
1280/4534 [=======>......................] - ETA: 2s - loss: 0.1071 - acc: 0.9594
1376/4534 [========>.....................] - ETA: 1s - loss: 0.1086 - acc: 0.9578
1472/4534 [========>.....................] - ETA: 1s - loss: 0.1062 - acc: 0.9586
1568/4534 [=========>....................] - ETA: 1s - loss: 0.1045 - acc: 0.9585
1664/4534 [==========>...................] - ETA: 1s - loss: 0.1048 - acc: 0.9579
1760/4534 [==========>...................] - ETA: 1s - loss: 0.1065 - acc: 0.9568
1856/4534 [===========>..................] - ETA: 1s - loss: 0.1040 - acc: 0.9585
1952/4534 [===========>..................] - ETA: 1s - loss: 0.1062 - acc: 0.9580
2048/4534 [============>.................] - ETA: 1s - loss: 0.1068 - acc: 0.9575
2144/4534 [=============>................] - ETA: 1s - loss: 0.1048 - acc: 0.9585
2240/4534 [=============>................] - ETA: 1s - loss: 0.1028 - acc: 0.9594
2336/4534 [==============>...............] - ETA: 1s - loss: 0.1033 - acc: 0.9589
2432/4534 [===============>..............] - ETA: 1s - loss: 0.1037 - acc: 0.9589
2528/4534 [===============>..............] - ETA: 1s - loss: 0.1078 - acc: 0.9597
2624/4534 [================>.............] - ETA: 1s - loss: 0.1112 - acc: 0.9592
2720/4534 [================>.............] - ETA: 1s - loss: 0.1129 - acc: 0.9588
2816/4534 [=================>............] - ETA: 1s - loss: 0.1123 - acc: 0.9585
2912/4534 [==================>...........] - ETA: 1s - loss: 0.1121 - acc: 0.9581
3008/4534 [==================>...........] - ETA: 0s - loss: 0.1123 - acc: 0.9578
3104/4534 [===================>..........] - ETA: 0s - loss: 0.1122 - acc: 0.9575
3200/4534 [====================>.........] - ETA: 0s - loss: 0.1116 - acc: 0.9575
3296/4534 [====================>.........] - ETA: 0s - loss: 0.1104 - acc: 0.9578
3392/4534 [=====================>........] - ETA: 0s - loss: 0.1106 - acc: 0.9581
3488/4534 [======================>.......] - ETA: 0s - loss: 0.1108 - acc: 0.9579
3584/4534 [======================>.......] - ETA: 0s - loss: 0.1090 - acc: 0.9584
3680/4534 [=======================>......] - ETA: 0s - loss: 0.1107 - acc: 0.9579
3776/4534 [=======================>......] - ETA: 0s - loss: 0.1099 - acc: 0.9584
3872/4534 [========================>.....] - ETA: 0s - loss: 0.1094 - acc: 0.9584
3968/4534 [=========================>....] - ETA: 0s - loss: 0.1097 - acc: 0.9589
4064/4534 [=========================>....] - ETA: 0s - loss: 0.1083 - acc: 0.9594
4160/4534 [==========================>...] - ETA: 0s - loss: 0.1073 - acc: 0.9599
4256/4534 [===========================>..] - ETA: 0s - loss: 0.1087 - acc: 0.9591
4352/4534 [===========================>..] - ETA: 0s - loss: 0.1079 - acc: 0.9593
4448/4534 [============================>.] - ETA: 0s - loss: 0.1070 - acc: 0.9600
4534/4534 [==============================] - 4s 876us/step - loss: 0.1070 - acc: 0.9594 - val_loss: 9.2103 - val_acc: 0.4286
Train on 4534 samples, validate on 1134 samples
Epoch 1/1

  32/4534 [..............................] - ETA: 2s - loss: 0.0405 - acc: 1.0000
 128/4534 [..............................] - ETA: 2s - loss: 0.0827 - acc: 0.9766
 224/4534 [>.............................] - ETA: 2s - loss: 0.1444 - acc: 0.9554
 320/4534 [=>............................] - ETA: 2s - loss: 0.1258 - acc: 0.9625
 416/4534 [=>............................] - ETA: 2s - loss: 0.1149 - acc: 0.9615
 512/4534 [==>...........................] - ETA: 2s - loss: 0.1110 - acc: 0.9629
 608/4534 [===>..........................] - ETA: 2s - loss: 0.1012 - acc: 0.9638
 704/4534 [===>..........................] - ETA: 2s - loss: 0.1021 - acc: 0.9602
 800/4534 [====>.........................] - ETA: 2s - loss: 0.0987 - acc: 0.9613
 896/4534 [====>.........................] - ETA: 2s - loss: 0.0934 - acc: 0.9643
 992/4534 [=====>........................] - ETA: 2s - loss: 0.0900 - acc: 0.9647
1088/4534 [======>.......................] - ETA: 2s - loss: 0.0888 - acc: 0.9642
1184/4534 [======>.......................] - ETA: 2s - loss: 0.0850 - acc: 0.9662
1280/4534 [=======>......................] - ETA: 2s - loss: 0.0870 - acc: 0.9648
1376/4534 [========>.....................] - ETA: 1s - loss: 0.0845 - acc: 0.9651
1472/4534 [========>.....................] - ETA: 1s - loss: 0.0826 - acc: 0.9660
1568/4534 [=========>....................] - ETA: 1s - loss: 0.0812 - acc: 0.9668
1664/4534 [==========>...................] - ETA: 1s - loss: 0.0831 - acc: 0.9651
1760/4534 [==========>...................] - ETA: 1s - loss: 0.0863 - acc: 0.9642
1856/4534 [===========>..................] - ETA: 1s - loss: 0.0929 - acc: 0.9634
1952/4534 [===========>..................] - ETA: 1s - loss: 0.0895 - acc: 0.9647
2048/4534 [============>.................] - ETA: 1s - loss: 0.0915 - acc: 0.9634
2144/4534 [=============>................] - ETA: 1s - loss: 0.0925 - acc: 0.9622
2240/4534 [=============>................] - ETA: 1s - loss: 0.0909 - acc: 0.9625
2336/4534 [==============>...............] - ETA: 1s - loss: 0.0910 - acc: 0.9623
2432/4534 [===============>..............] - ETA: 1s - loss: 0.0898 - acc: 0.9630
2528/4534 [===============>..............] - ETA: 1s - loss: 0.0875 - acc: 0.9644
2624/4534 [================>.............] - ETA: 1s - loss: 0.0880 - acc: 0.9638
2720/4534 [================>.............] - ETA: 1s - loss: 0.0906 - acc: 0.9629
2816/4534 [=================>............] - ETA: 1s - loss: 0.0897 - acc: 0.9634
2912/4534 [==================>...........] - ETA: 1s - loss: 0.0877 - acc: 0.9646
3008/4534 [==================>...........] - ETA: 0s - loss: 0.0875 - acc: 0.9648
3104/4534 [===================>..........] - ETA: 0s - loss: 0.0860 - acc: 0.9655
3200/4534 [====================>.........] - ETA: 0s - loss: 0.0868 - acc: 0.9656
3296/4534 [====================>.........] - ETA: 0s - loss: 0.0858 - acc: 0.9657
3392/4534 [=====================>........] - ETA: 0s - loss: 0.0872 - acc: 0.9652
3488/4534 [======================>.......] - ETA: 0s - loss: 0.0869 - acc: 0.9656
3584/4534 [======================>.......] - ETA: 0s - loss: 0.0850 - acc: 0.9665
3680/4534 [=======================>......] - ETA: 0s - loss: 0.0838 - acc: 0.9671
3776/4534 [=======================>......] - ETA: 0s - loss: 0.0826 - acc: 0.9677
3872/4534 [========================>.....] - ETA: 0s - loss: 0.0827 - acc: 0.9680
3968/4534 [=========================>....] - ETA: 0s - loss: 0.0855 - acc: 0.9672
4064/4534 [=========================>....] - ETA: 0s - loss: 0.0854 - acc: 0.9675
4160/4534 [==========================>...] - ETA: 0s - loss: 0.0867 - acc: 0.9668
4256/4534 [===========================>..] - ETA: 0s - loss: 0.0854 - acc: 0.9673
4352/4534 [===========================>..] - ETA: 0s - loss: 0.0853 - acc: 0.9674
4448/4534 [============================>.] - ETA: 0s - loss: 0.0850 - acc: 0.9674
4534/4534 [==============================] - 4s 877us/step - loss: 0.0848 - acc: 0.9671 - val_loss: 9.2103 - val_acc: 0.4286
Train on 4534 samples, validate on 1134 samples
Epoch 1/1

  32/4534 [..............................] - ETA: 2s - loss: 0.0327 - acc: 1.0000
 128/4534 [..............................] - ETA: 2s - loss: 0.0937 - acc: 0.9688
 224/4534 [>.............................] - ETA: 2s - loss: 0.0628 - acc: 0.9821
 320/4534 [=>............................] - ETA: 2s - loss: 0.0639 - acc: 0.9812
 416/4534 [=>............................] - ETA: 2s - loss: 0.0811 - acc: 0.9736
 512/4534 [==>...........................] - ETA: 2s - loss: 0.1053 - acc: 0.9727
 608/4534 [===>..........................] - ETA: 2s - loss: 0.0986 - acc: 0.9720
 704/4534 [===>..........................] - ETA: 2s - loss: 0.1024 - acc: 0.9716
 800/4534 [====>.........................] - ETA: 2s - loss: 0.0985 - acc: 0.9712
 896/4534 [====>.........................] - ETA: 2s - loss: 0.0908 - acc: 0.9743
 992/4534 [=====>........................] - ETA: 2s - loss: 0.0933 - acc: 0.9718
1088/4534 [======>.......................] - ETA: 2s - loss: 0.0887 - acc: 0.9733
1184/4534 [======>.......................] - ETA: 2s - loss: 0.0846 - acc: 0.9747
1280/4534 [=======>......................] - ETA: 2s - loss: 0.0833 - acc: 0.9750
1376/4534 [========>.....................] - ETA: 1s - loss: 0.0795 - acc: 0.9760
1472/4534 [========>.....................] - ETA: 1s - loss: 0.0858 - acc: 0.9749
1568/4534 [=========>....................] - ETA: 1s - loss: 0.0820 - acc: 0.9764
1664/4534 [==========>...................] - ETA: 1s - loss: 0.0853 - acc: 0.9748
1760/4534 [==========>...................] - ETA: 1s - loss: 0.0840 - acc: 0.9744
1856/4534 [===========>..................] - ETA: 1s - loss: 0.0911 - acc: 0.9741
1952/4534 [===========>..................] - ETA: 1s - loss: 0.0887 - acc: 0.9749
2048/4534 [============>.................] - ETA: 1s - loss: 0.0872 - acc: 0.9746
2144/4534 [=============>................] - ETA: 1s - loss: 0.0868 - acc: 0.9739
2240/4534 [=============>................] - ETA: 1s - loss: 0.0891 - acc: 0.9732
2336/4534 [==============>...............] - ETA: 1s - loss: 0.0881 - acc: 0.9735
2432/4534 [===============>..............] - ETA: 1s - loss: 0.0855 - acc: 0.9745
2528/4534 [===============>..............] - ETA: 1s - loss: 0.0837 - acc: 0.9755
2624/4534 [================>.............] - ETA: 1s - loss: 0.0854 - acc: 0.9748
2720/4534 [================>.............] - ETA: 1s - loss: 0.0842 - acc: 0.9750
2816/4534 [=================>............] - ETA: 1s - loss: 0.0828 - acc: 0.9755
2912/4534 [==================>...........] - ETA: 1s - loss: 0.0839 - acc: 0.9746
3008/4534 [==================>...........] - ETA: 0s - loss: 0.0823 - acc: 0.9751
3104/4534 [===================>..........] - ETA: 0s - loss: 0.0807 - acc: 0.9755
3200/4534 [====================>.........] - ETA: 0s - loss: 0.0799 - acc: 0.9756
3296/4534 [====================>.........] - ETA: 0s - loss: 0.0784 - acc: 0.9760
3392/4534 [=====================>........] - ETA: 0s - loss: 0.0787 - acc: 0.9761
3488/4534 [======================>.......] - ETA: 0s - loss: 0.0782 - acc: 0.9759
3584/4534 [======================>.......] - ETA: 0s - loss: 0.0771 - acc: 0.9763
3680/4534 [=======================>......] - ETA: 0s - loss: 0.0770 - acc: 0.9761
3776/4534 [=======================>......] - ETA: 0s - loss: 0.0756 - acc: 0.9767
3872/4534 [========================>.....] - ETA: 0s - loss: 0.0766 - acc: 0.9765
3968/4534 [=========================>....] - ETA: 0s - loss: 0.0775 - acc: 0.9761
4064/4534 [=========================>....] - ETA: 0s - loss: 0.0768 - acc: 0.9761
4160/4534 [==========================>...] - ETA: 0s - loss: 0.0764 - acc: 0.9762
4256/4534 [===========================>..] - ETA: 0s - loss: 0.0771 - acc: 0.9756
4352/4534 [===========================>..] - ETA: 0s - loss: 0.0774 - acc: 0.9754
4448/4534 [============================>.] - ETA: 0s - loss: 0.0770 - acc: 0.9753
4534/4534 [==============================] - 4s 881us/step - loss: 0.0774 - acc: 0.9751 - val_loss: 9.0682 - val_acc: 0.4374
Train on 4534 samples, validate on 1134 samples
Epoch 1/1

  32/4534 [..............................] - ETA: 2s - loss: 0.0516 - acc: 0.9688
 128/4534 [..............................] - ETA: 2s - loss: 0.1107 - acc: 0.9688
 224/4534 [>.............................] - ETA: 2s - loss: 0.1051 - acc: 0.9598
 320/4534 [=>............................] - ETA: 2s - loss: 0.1016 - acc: 0.9625
 416/4534 [=>............................] - ETA: 2s - loss: 0.0962 - acc: 0.9663
 512/4534 [==>...........................] - ETA: 2s - loss: 0.0962 - acc: 0.9668
 608/4534 [===>..........................] - ETA: 2s - loss: 0.0922 - acc: 0.9671
 704/4534 [===>..........................] - ETA: 2s - loss: 0.0844 - acc: 0.9716
 800/4534 [====>.........................] - ETA: 2s - loss: 0.0842 - acc: 0.9700
 896/4534 [====>.........................] - ETA: 2s - loss: 0.0863 - acc: 0.9665
 992/4534 [=====>........................] - ETA: 2s - loss: 0.0816 - acc: 0.9688
1088/4534 [======>.......................] - ETA: 2s - loss: 0.0849 - acc: 0.9688
1184/4534 [======>.......................] - ETA: 2s - loss: 0.0799 - acc: 0.9713
1280/4534 [=======>......................] - ETA: 2s - loss: 0.0807 - acc: 0.9711
1376/4534 [========>.....................] - ETA: 1s - loss: 0.0901 - acc: 0.9688
1472/4534 [========>.....................] - ETA: 1s - loss: 0.0910 - acc: 0.9674
1568/4534 [=========>....................] - ETA: 1s - loss: 0.0886 - acc: 0.9675
1664/4534 [==========>...................] - ETA: 1s - loss: 0.0883 - acc: 0.9675
1760/4534 [==========>...................] - ETA: 1s - loss: 0.0865 - acc: 0.9670
1856/4534 [===========>..................] - ETA: 1s - loss: 0.0841 - acc: 0.9688
1952/4534 [===========>..................] - ETA: 1s - loss: 0.0837 - acc: 0.9693
2048/4534 [============>.................] - ETA: 1s - loss: 0.0835 - acc: 0.9697
2144/4534 [=============>................] - ETA: 1s - loss: 0.0833 - acc: 0.9692
2240/4534 [=============>................] - ETA: 1s - loss: 0.0880 - acc: 0.9674
2336/4534 [==============>...............] - ETA: 1s - loss: 0.0870 - acc: 0.9679
2432/4534 [===============>..............] - ETA: 1s - loss: 0.0863 - acc: 0.9683
2528/4534 [===============>..............] - ETA: 1s - loss: 0.0859 - acc: 0.9688
2624/4534 [================>.............] - ETA: 1s - loss: 0.0858 - acc: 0.9688
2720/4534 [================>.............] - ETA: 1s - loss: 0.0854 - acc: 0.9691
2816/4534 [=================>............] - ETA: 1s - loss: 0.0837 - acc: 0.9698
2912/4534 [==================>...........] - ETA: 1s - loss: 0.0851 - acc: 0.9688
3008/4534 [==================>...........] - ETA: 0s - loss: 0.0835 - acc: 0.9694
3104/4534 [===================>..........] - ETA: 0s - loss: 0.0829 - acc: 0.9694
3200/4534 [====================>.........] - ETA: 0s - loss: 0.0824 - acc: 0.9694
3296/4534 [====================>.........] - ETA: 0s - loss: 0.0815 - acc: 0.9694
3392/4534 [=====================>........] - ETA: 0s - loss: 0.0817 - acc: 0.9688
3488/4534 [======================>.......] - ETA: 0s - loss: 0.0801 - acc: 0.9696
3584/4534 [======================>.......] - ETA: 0s - loss: 0.0806 - acc: 0.9696
3680/4534 [=======================>......] - ETA: 0s - loss: 0.0828 - acc: 0.9690
3776/4534 [=======================>......] - ETA: 0s - loss: 0.0811 - acc: 0.9698
3872/4534 [========================>.....] - ETA: 0s - loss: 0.0804 - acc: 0.9700
3968/4534 [=========================>....] - ETA: 0s - loss: 0.0792 - acc: 0.9703
4064/4534 [=========================>....] - ETA: 0s - loss: 0.0813 - acc: 0.9695
4160/4534 [==========================>...] - ETA: 0s - loss: 0.0806 - acc: 0.9697
4256/4534 [===========================>..] - ETA: 0s - loss: 0.0799 - acc: 0.9699
4352/4534 [===========================>..] - ETA: 0s - loss: 0.0795 - acc: 0.9699
4448/4534 [============================>.] - ETA: 0s - loss: 0.0790 - acc: 0.9701
4534/4534 [==============================] - 4s 877us/step - loss: 0.0790 - acc: 0.9700 - val_loss: 9.0824 - val_acc: 0.4365
Train on 4534 samples, validate on 1134 samples
Epoch 1/1

  32/4534 [..............................] - ETA: 2s - loss: 0.0717 - acc: 0.9688
 128/4534 [..............................] - ETA: 2s - loss: 0.0954 - acc: 0.9609
 224/4534 [>.............................] - ETA: 2s - loss: 0.0811 - acc: 0.9732
 320/4534 [=>............................] - ETA: 2s - loss: 0.0607 - acc: 0.9812
 416/4534 [=>............................] - ETA: 2s - loss: 0.0594 - acc: 0.9808
 512/4534 [==>...........................] - ETA: 2s - loss: 0.0609 - acc: 0.9805
 608/4534 [===>..........................] - ETA: 2s - loss: 0.0548 - acc: 0.9836
 704/4534 [===>..........................] - ETA: 2s - loss: 0.0564 - acc: 0.9801
 800/4534 [====>.........................] - ETA: 2s - loss: 0.0648 - acc: 0.9788
 896/4534 [====>.........................] - ETA: 2s - loss: 0.0689 - acc: 0.9777
 992/4534 [=====>........................] - ETA: 2s - loss: 0.0685 - acc: 0.9768
1088/4534 [======>.......................] - ETA: 2s - loss: 0.0636 - acc: 0.9789
1184/4534 [======>.......................] - ETA: 2s - loss: 0.0641 - acc: 0.9789
1280/4534 [=======>......................] - ETA: 2s - loss: 0.0643 - acc: 0.9781
1376/4534 [========>.....................] - ETA: 1s - loss: 0.0650 - acc: 0.9775
1472/4534 [========>.....................] - ETA: 1s - loss: 0.0670 - acc: 0.9769
1568/4534 [=========>....................] - ETA: 1s - loss: 0.0690 - acc: 0.9758
1664/4534 [==========>...................] - ETA: 1s - loss: 0.0701 - acc: 0.9742
1760/4534 [==========>...................] - ETA: 1s - loss: 0.0703 - acc: 0.9733
1856/4534 [===========>..................] - ETA: 1s - loss: 0.0704 - acc: 0.9736
1952/4534 [===========>..................] - ETA: 1s - loss: 0.0704 - acc: 0.9739
2048/4534 [============>.................] - ETA: 1s - loss: 0.0706 - acc: 0.9731
2144/4534 [=============>................] - ETA: 1s - loss: 0.0708 - acc: 0.9729
2240/4534 [=============>................] - ETA: 1s - loss: 0.0728 - acc: 0.9719
2336/4534 [==============>...............] - ETA: 1s - loss: 0.0715 - acc: 0.9730
2432/4534 [===============>..............] - ETA: 1s - loss: 0.0697 - acc: 0.9737
2528/4534 [===============>..............] - ETA: 1s - loss: 0.0683 - acc: 0.9743
2624/4534 [================>.............] - ETA: 1s - loss: 0.0702 - acc: 0.9737
2720/4534 [================>.............] - ETA: 1s - loss: 0.0713 - acc: 0.9732
2816/4534 [=================>............] - ETA: 1s - loss: 0.0702 - acc: 0.9734
2912/4534 [==================>...........] - ETA: 1s - loss: 0.0710 - acc: 0.9729
3008/4534 [==================>...........] - ETA: 0s - loss: 0.0695 - acc: 0.9737
3104/4534 [===================>..........] - ETA: 0s - loss: 0.0695 - acc: 0.9736
3200/4534 [====================>.........] - ETA: 0s - loss: 0.0684 - acc: 0.9741
3296/4534 [====================>.........] - ETA: 0s - loss: 0.0688 - acc: 0.9736
3392/4534 [=====================>........] - ETA: 0s - loss: 0.0689 - acc: 0.9732
3488/4534 [======================>.......] - ETA: 0s - loss: 0.0684 - acc: 0.9733
3584/4534 [======================>.......] - ETA: 0s - loss: 0.0691 - acc: 0.9727
3680/4534 [=======================>......] - ETA: 0s - loss: 0.0686 - acc: 0.9728
3776/4534 [=======================>......] - ETA: 0s - loss: 0.0681 - acc: 0.9730
3872/4534 [========================>.....] - ETA: 0s - loss: 0.0669 - acc: 0.9734
3968/4534 [=========================>....] - ETA: 0s - loss: 0.0701 - acc: 0.9725
4064/4534 [=========================>....] - ETA: 0s - loss: 0.0707 - acc: 0.9724
4160/4534 [==========================>...] - ETA: 0s - loss: 0.0698 - acc: 0.9731
4256/4534 [===========================>..] - ETA: 0s - loss: 0.0696 - acc: 0.9730
4352/4534 [===========================>..] - ETA: 0s - loss: 0.0702 - acc: 0.9731
4448/4534 [============================>.] - ETA: 0s - loss: 0.0695 - acc: 0.9732
4534/4534 [==============================] - 4s 877us/step - loss: 0.0702 - acc: 0.9733 - val_loss: 9.2103 - val_acc: 0.4286
Train on 4534 samples, validate on 1134 samples
Epoch 1/1

  32/4534 [..............................] - ETA: 3s - loss: 0.0729 - acc: 0.9688
 128/4534 [..............................] - ETA: 2s - loss: 0.0412 - acc: 0.9844
 224/4534 [>.............................] - ETA: 2s - loss: 0.0966 - acc: 0.9732
 320/4534 [=>............................] - ETA: 2s - loss: 0.0833 - acc: 0.9781
 416/4534 [=>............................] - ETA: 2s - loss: 0.0895 - acc: 0.9688
 512/4534 [==>...........................] - ETA: 2s - loss: 0.0823 - acc: 0.9707
 608/4534 [===>..........................] - ETA: 2s - loss: 0.0862 - acc: 0.9671
 704/4534 [===>..........................] - ETA: 2s - loss: 0.0766 - acc: 0.9716
 800/4534 [====>.........................] - ETA: 2s - loss: 0.0716 - acc: 0.9738
 896/4534 [====>.........................] - ETA: 2s - loss: 0.0708 - acc: 0.9743
 992/4534 [=====>........................] - ETA: 2s - loss: 0.0723 - acc: 0.9728
1088/4534 [======>.......................] - ETA: 2s - loss: 0.0732 - acc: 0.9715
1184/4534 [======>.......................] - ETA: 2s - loss: 0.0749 - acc: 0.9713
1280/4534 [=======>......................] - ETA: 2s - loss: 0.0750 - acc: 0.9719
1376/4534 [========>.....................] - ETA: 2s - loss: 0.0710 - acc: 0.9738
1472/4534 [========>.....................] - ETA: 1s - loss: 0.0742 - acc: 0.9721
1568/4534 [=========>....................] - ETA: 1s - loss: 0.0735 - acc: 0.9726
1664/4534 [==========>...................] - ETA: 1s - loss: 0.0743 - acc: 0.9724
1760/4534 [==========>...................] - ETA: 1s - loss: 0.0731 - acc: 0.9727
1856/4534 [===========>..................] - ETA: 1s - loss: 0.0720 - acc: 0.9725
1952/4534 [===========>..................] - ETA: 1s - loss: 0.0721 - acc: 0.9718
2048/4534 [============>.................] - ETA: 1s - loss: 0.0722 - acc: 0.9722
2144/4534 [=============>................] - ETA: 1s - loss: 0.0699 - acc: 0.9734
2240/4534 [=============>................] - ETA: 1s - loss: 0.0712 - acc: 0.9728
2336/4534 [==============>...............] - ETA: 1s - loss: 0.0701 - acc: 0.9726
2432/4534 [===============>..............] - ETA: 1s - loss: 0.0690 - acc: 0.9729
2528/4534 [===============>..............] - ETA: 1s - loss: 0.0676 - acc: 0.9735
2624/4534 [================>.............] - ETA: 1s - loss: 0.0677 - acc: 0.9733
2720/4534 [================>.............] - ETA: 1s - loss: 0.0660 - acc: 0.9739
2816/4534 [=================>............] - ETA: 1s - loss: 0.0646 - acc: 0.9744
2912/4534 [==================>...........] - ETA: 1s - loss: 0.0667 - acc: 0.9732
3008/4534 [==================>...........] - ETA: 0s - loss: 0.0704 - acc: 0.9727
3104/4534 [===================>..........] - ETA: 0s - loss: 0.0696 - acc: 0.9729
3200/4534 [====================>.........] - ETA: 0s - loss: 0.0684 - acc: 0.9731
3296/4534 [====================>.........] - ETA: 0s - loss: 0.0679 - acc: 0.9733
3392/4534 [=====================>........] - ETA: 0s - loss: 0.0668 - acc: 0.9735
3488/4534 [======================>.......] - ETA: 0s - loss: 0.0668 - acc: 0.9739
3584/4534 [======================>.......] - ETA: 0s - loss: 0.0681 - acc: 0.9732
3680/4534 [=======================>......] - ETA: 0s - loss: 0.0674 - acc: 0.9734
3776/4534 [=======================>......] - ETA: 0s - loss: 0.0673 - acc: 0.9735
3872/4534 [========================>.....] - ETA: 0s - loss: 0.0675 - acc: 0.9739
3968/4534 [=========================>....] - ETA: 0s - loss: 0.0685 - acc: 0.9735
4064/4534 [=========================>....] - ETA: 0s - loss: 0.0690 - acc: 0.9737
4160/4534 [==========================>...] - ETA: 0s - loss: 0.0690 - acc: 0.9738
4256/4534 [===========================>..] - ETA: 0s - loss: 0.0683 - acc: 0.9742
4352/4534 [===========================>..] - ETA: 0s - loss: 0.0683 - acc: 0.9740
4448/4534 [============================>.] - ETA: 0s - loss: 0.0680 - acc: 0.9739
4534/4534 [==============================] - 4s 879us/step - loss: 0.0677 - acc: 0.9742 - val_loss: 9.2103 - val_acc: 0.4286
Train on 4534 samples, validate on 1134 samples
Epoch 1/1

  32/4534 [..............................] - ETA: 2s - loss: 0.0492 - acc: 1.0000
 128/4534 [..............................] - ETA: 2s - loss: 0.0332 - acc: 0.9922
 224/4534 [>.............................] - ETA: 2s - loss: 0.0442 - acc: 0.9821
 320/4534 [=>............................] - ETA: 2s - loss: 0.0765 - acc: 0.9781
 416/4534 [=>............................] - ETA: 2s - loss: 0.0722 - acc: 0.9760
 512/4534 [==>...........................] - ETA: 2s - loss: 0.0752 - acc: 0.9766
 608/4534 [===>..........................] - ETA: 2s - loss: 0.0671 - acc: 0.9786
 704/4534 [===>..........................] - ETA: 2s - loss: 0.0680 - acc: 0.9759
 800/4534 [====>.........................] - ETA: 2s - loss: 0.0664 - acc: 0.9775
 896/4534 [====>.........................] - ETA: 2s - loss: 0.0672 - acc: 0.9777
 992/4534 [=====>........................] - ETA: 2s - loss: 0.0701 - acc: 0.9758
1088/4534 [======>.......................] - ETA: 2s - loss: 0.0749 - acc: 0.9761
1184/4534 [======>.......................] - ETA: 2s - loss: 0.0728 - acc: 0.9764
1280/4534 [=======>......................] - ETA: 2s - loss: 0.0703 - acc: 0.9773
1376/4534 [========>.....................] - ETA: 1s - loss: 0.0706 - acc: 0.9782
1472/4534 [========>.....................] - ETA: 1s - loss: 0.0691 - acc: 0.9789
1568/4534 [=========>....................] - ETA: 1s - loss: 0.0685 - acc: 0.9783
1664/4534 [==========>...................] - ETA: 1s - loss: 0.0668 - acc: 0.9790
1760/4534 [==========>...................] - ETA: 1s - loss: 0.0639 - acc: 0.9801
1856/4534 [===========>..................] - ETA: 1s - loss: 0.0628 - acc: 0.9801
1952/4534 [===========>..................] - ETA: 1s - loss: 0.0658 - acc: 0.9785
2048/4534 [============>.................] - ETA: 1s - loss: 0.0673 - acc: 0.9780
2144/4534 [=============>................] - ETA: 1s - loss: 0.0665 - acc: 0.9781
2240/4534 [=============>................] - ETA: 1s - loss: 0.0689 - acc: 0.9772
2336/4534 [==============>...............] - ETA: 1s - loss: 0.0686 - acc: 0.9773
2432/4534 [===============>..............] - ETA: 1s - loss: 0.0687 - acc: 0.9770
2528/4534 [===============>..............] - ETA: 1s - loss: 0.0678 - acc: 0.9771
2624/4534 [================>.............] - ETA: 1s - loss: 0.0661 - acc: 0.9775
2720/4534 [================>.............] - ETA: 1s - loss: 0.0666 - acc: 0.9768
2816/4534 [=================>............] - ETA: 1s - loss: 0.0702 - acc: 0.9751
2912/4534 [==================>...........] - ETA: 1s - loss: 0.0699 - acc: 0.9753
3008/4534 [==================>...........] - ETA: 0s - loss: 0.0685 - acc: 0.9761
3104/4534 [===================>..........] - ETA: 0s - loss: 0.0671 - acc: 0.9765
3200/4534 [====================>.........] - ETA: 0s - loss: 0.0661 - acc: 0.9766
3296/4534 [====================>.........] - ETA: 0s - loss: 0.0672 - acc: 0.9754
3392/4534 [=====================>........] - ETA: 0s - loss: 0.0667 - acc: 0.9755
3488/4534 [======================>.......] - ETA: 0s - loss: 0.0687 - acc: 0.9742
3584/4534 [======================>.......] - ETA: 0s - loss: 0.0672 - acc: 0.9749
3680/4534 [=======================>......] - ETA: 0s - loss: 0.0671 - acc: 0.9750
3776/4534 [=======================>......] - ETA: 0s - loss: 0.0660 - acc: 0.9754
3872/4534 [========================>.....] - ETA: 0s - loss: 0.0657 - acc: 0.9752
3968/4534 [=========================>....] - ETA: 0s - loss: 0.0654 - acc: 0.9751
4064/4534 [=========================>....] - ETA: 0s - loss: 0.0646 - acc: 0.9756
4160/4534 [==========================>...] - ETA: 0s - loss: 0.0644 - acc: 0.9752
4256/4534 [===========================>..] - ETA: 0s - loss: 0.0640 - acc: 0.9753
4352/4534 [===========================>..] - ETA: 0s - loss: 0.0646 - acc: 0.9750
4448/4534 [============================>.] - ETA: 0s - loss: 0.0647 - acc: 0.9748
4534/4534 [==============================] - 4s 877us/step - loss: 0.0644 - acc: 0.9751 - val_loss: 9.2103 - val_acc: 0.4286
Train on 4534 samples, validate on 1134 samples
Epoch 1/1

  32/4534 [..............................] - ETA: 2s - loss: 0.0617 - acc: 0.9688
 128/4534 [..............................] - ETA: 2s - loss: 0.0418 - acc: 0.9922
 224/4534 [>.............................] - ETA: 2s - loss: 0.0518 - acc: 0.9821
 320/4534 [=>............................] - ETA: 2s - loss: 0.0519 - acc: 0.9781
 416/4534 [=>............................] - ETA: 2s - loss: 0.0410 - acc: 0.9832
 512/4534 [==>...........................] - ETA: 2s - loss: 0.0633 - acc: 0.9785
 608/4534 [===>..........................] - ETA: 2s - loss: 0.0710 - acc: 0.9786
 704/4534 [===>..........................] - ETA: 2s - loss: 0.0695 - acc: 0.9787
 800/4534 [====>.........................] - ETA: 2s - loss: 0.0735 - acc: 0.9738
 896/4534 [====>.........................] - ETA: 2s - loss: 0.0703 - acc: 0.9766
 992/4534 [=====>........................] - ETA: 2s - loss: 0.0651 - acc: 0.9788
1088/4534 [======>.......................] - ETA: 2s - loss: 0.0637 - acc: 0.9798
1184/4534 [======>.......................] - ETA: 2s - loss: 0.0614 - acc: 0.9814
1280/4534 [=======>......................] - ETA: 2s - loss: 0.0618 - acc: 0.9820
1376/4534 [========>.....................] - ETA: 1s - loss: 0.0616 - acc: 0.9818
1472/4534 [========>.....................] - ETA: 1s - loss: 0.0604 - acc: 0.9823
1568/4534 [=========>....................] - ETA: 1s - loss: 0.0651 - acc: 0.9809
1664/4534 [==========>...................] - ETA: 1s - loss: 0.0648 - acc: 0.9808
1760/4534 [==========>...................] - ETA: 1s - loss: 0.0634 - acc: 0.9812
1856/4534 [===========>..................] - ETA: 1s - loss: 0.0620 - acc: 0.9817
1952/4534 [===========>..................] - ETA: 1s - loss: 0.0716 - acc: 0.9805
2048/4534 [============>.................] - ETA: 1s - loss: 0.0695 - acc: 0.9805
2144/4534 [=============>................] - ETA: 1s - loss: 0.0679 - acc: 0.9809
2240/4534 [=============>................] - ETA: 1s - loss: 0.0659 - acc: 0.9817
2336/4534 [==============>...............] - ETA: 1s - loss: 0.0651 - acc: 0.9816
2432/4534 [===============>..............] - ETA: 1s - loss: 0.0653 - acc: 0.9807
2528/4534 [===============>..............] - ETA: 1s - loss: 0.0631 - acc: 0.9814
2624/4534 [================>.............] - ETA: 1s - loss: 0.0667 - acc: 0.9809
2720/4534 [================>.............] - ETA: 1s - loss: 0.0649 - acc: 0.9812
2816/4534 [=================>............] - ETA: 1s - loss: 0.0643 - acc: 0.9812
2912/4534 [==================>...........] - ETA: 1s - loss: 0.0632 - acc: 0.9815
3008/4534 [==================>...........] - ETA: 0s - loss: 0.0624 - acc: 0.9814
3104/4534 [===================>..........] - ETA: 0s - loss: 0.0622 - acc: 0.9816
3200/4534 [====================>.........] - ETA: 0s - loss: 0.0608 - acc: 0.9822
3296/4534 [====================>.........] - ETA: 0s - loss: 0.0610 - acc: 0.9815
3392/4534 [=====================>........] - ETA: 0s - loss: 0.0601 - acc: 0.9820
3488/4534 [======================>.......] - ETA: 0s - loss: 0.0600 - acc: 0.9819
3584/4534 [======================>.......] - ETA: 0s - loss: 0.0603 - acc: 0.9816
3680/4534 [=======================>......] - ETA: 0s - loss: 0.0647 - acc: 0.9812
3776/4534 [=======================>......] - ETA: 0s - loss: 0.0635 - acc: 0.9817
3872/4534 [========================>.....] - ETA: 0s - loss: 0.0652 - acc: 0.9811
3968/4534 [=========================>....] - ETA: 0s - loss: 0.0643 - acc: 0.9814
4064/4534 [=========================>....] - ETA: 0s - loss: 0.0636 - acc: 0.9813
4160/4534 [==========================>...] - ETA: 0s - loss: 0.0640 - acc: 0.9808
4256/4534 [===========================>..] - ETA: 0s - loss: 0.0647 - acc: 0.9807
4352/4534 [===========================>..] - ETA: 0s - loss: 0.0651 - acc: 0.9802
4448/4534 [============================>.] - ETA: 0s - loss: 0.0654 - acc: 0.9800
4534/4534 [==============================] - 4s 876us/step - loss: 0.0657 - acc: 0.9799 - val_loss: 9.2103 - val_acc: 0.4286
Train on 4534 samples, validate on 1134 samples
Epoch 1/1

  32/4534 [..............................] - ETA: 2s - loss: 0.0295 - acc: 1.0000
 128/4534 [..............................] - ETA: 2s - loss: 0.0354 - acc: 0.9922
 224/4534 [>.............................] - ETA: 2s - loss: 0.0460 - acc: 0.9821
 320/4534 [=>............................] - ETA: 2s - loss: 0.0373 - acc: 0.9875
 416/4534 [=>............................] - ETA: 2s - loss: 0.0425 - acc: 0.9856
 512/4534 [==>...........................] - ETA: 2s - loss: 0.0466 - acc: 0.9863
 608/4534 [===>..........................] - ETA: 2s - loss: 0.0517 - acc: 0.9852
 704/4534 [===>..........................] - ETA: 2s - loss: 0.0471 - acc: 0.9872
 800/4534 [====>.........................] - ETA: 2s - loss: 0.0637 - acc: 0.9850
 896/4534 [====>.........................] - ETA: 2s - loss: 0.0630 - acc: 0.9855
 992/4534 [=====>........................] - ETA: 2s - loss: 0.0630 - acc: 0.9839
1088/4534 [======>.......................] - ETA: 2s - loss: 0.0616 - acc: 0.9844
1184/4534 [======>.......................] - ETA: 2s - loss: 0.0598 - acc: 0.9856
1280/4534 [=======>......................] - ETA: 2s - loss: 0.0603 - acc: 0.9844
1376/4534 [========>.....................] - ETA: 1s - loss: 0.0609 - acc: 0.9840
1472/4534 [========>.....................] - ETA: 1s - loss: 0.0612 - acc: 0.9823
1568/4534 [=========>....................] - ETA: 1s - loss: 0.0589 - acc: 0.9828
1664/4534 [==========>...................] - ETA: 1s - loss: 0.0607 - acc: 0.9814
1760/4534 [==========>...................] - ETA: 1s - loss: 0.0587 - acc: 0.9818
1856/4534 [===========>..................] - ETA: 1s - loss: 0.0593 - acc: 0.9811
1952/4534 [===========>..................] - ETA: 1s - loss: 0.0589 - acc: 0.9810
2048/4534 [============>.................] - ETA: 1s - loss: 0.0606 - acc: 0.9805
2144/4534 [=============>................] - ETA: 1s - loss: 0.0584 - acc: 0.9813
2240/4534 [=============>................] - ETA: 1s - loss: 0.0600 - acc: 0.9804
2336/4534 [==============>...............] - ETA: 1s - loss: 0.0593 - acc: 0.9807
2400/4534 [==============>...............] - ETA: 1s - loss: 0.0585 - acc: 0.9812
2496/4534 [===============>..............] - ETA: 1s - loss: 0.0579 - acc: 0.9812
2592/4534 [================>.............] - ETA: 1s - loss: 0.0583 - acc: 0.9815
2688/4534 [================>.............] - ETA: 1s - loss: 0.0611 - acc: 0.9810
2784/4534 [=================>............] - ETA: 1s - loss: 0.0608 - acc: 0.9810
2880/4534 [==================>...........] - ETA: 1s - loss: 0.0606 - acc: 0.9812
2976/4534 [==================>...........] - ETA: 0s - loss: 0.0599 - acc: 0.9815
3072/4534 [===================>..........] - ETA: 0s - loss: 0.0606 - acc: 0.9811
3168/4534 [===================>..........] - ETA: 0s - loss: 0.0612 - acc: 0.9807
3264/4534 [====================>.........] - ETA: 0s - loss: 0.0601 - acc: 0.9813
3360/4534 [=====================>........] - ETA: 0s - loss: 0.0616 - acc: 0.9810
3456/4534 [=====================>........] - ETA: 0s - loss: 0.0612 - acc: 0.9809
3552/4534 [======================>.......] - ETA: 0s - loss: 0.0606 - acc: 0.9811
3648/4534 [=======================>......] - ETA: 0s - loss: 0.0606 - acc: 0.9808
3744/4534 [=======================>......] - ETA: 0s - loss: 0.0603 - acc: 0.9810
3840/4534 [========================>.....] - ETA: 0s - loss: 0.0602 - acc: 0.9812
3936/4534 [=========================>....] - ETA: 0s - loss: 0.0601 - acc: 0.9815
4032/4534 [=========================>....] - ETA: 0s - loss: 0.0602 - acc: 0.9812
4128/4534 [==========================>...] - ETA: 0s - loss: 0.0616 - acc: 0.9806
4224/4534 [==========================>...] - ETA: 0s - loss: 0.0618 - acc: 0.9804
4320/4534 [===========================>..] - ETA: 0s - loss: 0.0613 - acc: 0.9806
4416/4534 [============================>.] - ETA: 0s - loss: 0.0634 - acc: 0.9798
4512/4534 [============================>.] - ETA: 0s - loss: 0.0634 - acc: 0.9796
4534/4534 [==============================] - 4s 880us/step - loss: 0.0632 - acc: 0.9797 - val_loss: 9.2103 - val_acc: 0.4286

  32/1418 [..............................] - ETA: 22s
  96/1418 [=>............................] - ETA: 7s 
 160/1418 [==>...........................] - ETA: 4s
 224/1418 [===>..........................] - ETA: 3s
 288/1418 [=====>........................] - ETA: 2s
 352/1418 [======>.......................] - ETA: 2s
 416/1418 [=======>......................] - ETA: 2s
 480/1418 [=========>....................] - ETA: 1s
 544/1418 [==========>...................] - ETA: 1s
 608/1418 [===========>..................] - ETA: 1s
 672/1418 [=============>................] - ETA: 1s
 736/1418 [==============>...............] - ETA: 1s
 800/1418 [===============>..............] - ETA: 0s
 864/1418 [=================>............] - ETA: 0s
 928/1418 [==================>...........] - ETA: 0s
 992/1418 [===================>..........] - ETA: 0s
1056/1418 [=====================>........] - ETA: 0s
1120/1418 [======================>.......] - ETA: 0s
1184/1418 [========================>.....] - ETA: 0s
1248/1418 [=========================>....] - ETA: 0s
1312/1418 [==========================>...] - ETA: 0s
1376/1418 [============================>.] - ETA: 0s
1418/1418 [==============================] - 2s 1ms/step
Test acc: 0.5578279268254009
Test auc: 0.5
Execute epoch: 11
Execute time: 55.28408193588257
(W) Execute time: 53.272162675857544
