_________________________________________________________________
Layer (type)                 Output Shape              Param #   
=================================================================
embedding_1 (Embedding)      (None, None, 128)         2688      
_________________________________________________________________
lstm_1 (LSTM)                (None, None, 64)          49408     
_________________________________________________________________
lstm_2 (LSTM)                (None, None, 64)          33024     
_________________________________________________________________
lstm_3 (LSTM)                (None, 64)                33024     
_________________________________________________________________
dense_1 (Dense)              (None, 16)                1040      
_________________________________________________________________
dense_2 (Dense)              (None, 1)                 17        
=================================================================
Total params: 119,201
Trainable params: 119,201
Non-trainable params: 0
_________________________________________________________________
Train on 1424 samples, validate on 708 samples
Epoch 1/1000

  32/1424 [..............................] - ETA: 2:16 - loss: 0.6932 - acc: 0.4688
  64/1424 [>.............................] - ETA: 1:08 - loss: 0.6932 - acc: 0.4375
 128/1424 [=>............................] - ETA: 33s - loss: 0.6931 - acc: 0.4922 
 192/1424 [===>..........................] - ETA: 21s - loss: 0.6924 - acc: 0.5312
 256/1424 [====>.........................] - ETA: 15s - loss: 0.6922 - acc: 0.5352
 320/1424 [=====>........................] - ETA: 12s - loss: 0.6931 - acc: 0.5125
 384/1424 [=======>......................] - ETA: 9s - loss: 0.6934 - acc: 0.5026 
 448/1424 [========>.....................] - ETA: 7s - loss: 0.6933 - acc: 0.5022
 512/1424 [=========>....................] - ETA: 6s - loss: 0.6931 - acc: 0.5039
 576/1424 [===========>..................] - ETA: 5s - loss: 0.6932 - acc: 0.5000
 640/1424 [============>.................] - ETA: 4s - loss: 0.6929 - acc: 0.5047
 704/1424 [=============>................] - ETA: 3s - loss: 0.6928 - acc: 0.5028
 768/1424 [===============>..............] - ETA: 3s - loss: 0.6927 - acc: 0.5013
 832/1424 [================>.............] - ETA: 2s - loss: 0.6925 - acc: 0.5000
 896/1424 [=================>............] - ETA: 2s - loss: 0.6922 - acc: 0.5022
 960/1424 [===================>..........] - ETA: 1s - loss: 0.6920 - acc: 0.4990
1024/1424 [====================>.........] - ETA: 1s - loss: 0.6916 - acc: 0.5000
1088/1424 [=====================>........] - ETA: 1s - loss: 0.6912 - acc: 0.5055
1152/1424 [=======================>......] - ETA: 1s - loss: 0.6904 - acc: 0.5148
1216/1424 [========================>.....] - ETA: 0s - loss: 0.6894 - acc: 0.5247
1280/1424 [=========================>....] - ETA: 0s - loss: 0.6885 - acc: 0.5289
1344/1424 [===========================>..] - ETA: 0s - loss: 0.6878 - acc: 0.5305
1408/1424 [============================>.] - ETA: 0s - loss: 0.6841 - acc: 0.5384
1424/1424 [==============================] - 7s 5ms/step - loss: 0.6832 - acc: 0.5421 - val_loss: 8.0590 - val_acc: 0.5000
Epoch 2/1000

  32/1424 [..............................] - ETA: 1s - loss: 0.6163 - acc: 0.8750
  96/1424 [=>............................] - ETA: 1s - loss: 0.6187 - acc: 0.7292
 160/1424 [==>...........................] - ETA: 1s - loss: 0.5949 - acc: 0.7312
 224/1424 [===>..........................] - ETA: 1s - loss: 0.5951 - acc: 0.7411
 288/1424 [=====>........................] - ETA: 1s - loss: 0.5827 - acc: 0.7396
 352/1424 [======>.......................] - ETA: 1s - loss: 0.5869 - acc: 0.7358
 416/1424 [=======>......................] - ETA: 0s - loss: 0.5925 - acc: 0.7332
 480/1424 [=========>....................] - ETA: 0s - loss: 0.5938 - acc: 0.7333
 544/1424 [==========>...................] - ETA: 0s - loss: 0.5962 - acc: 0.7224
 608/1424 [===========>..................] - ETA: 0s - loss: 0.5961 - acc: 0.7220
 672/1424 [=============>................] - ETA: 0s - loss: 0.5935 - acc: 0.7277
 736/1424 [==============>...............] - ETA: 0s - loss: 0.5888 - acc: 0.7255
 800/1424 [===============>..............] - ETA: 0s - loss: 0.5948 - acc: 0.7300
 864/1424 [=================>............] - ETA: 0s - loss: 0.5980 - acc: 0.7315
 928/1424 [==================>...........] - ETA: 0s - loss: 0.5971 - acc: 0.7295
 992/1424 [===================>..........] - ETA: 0s - loss: 0.5947 - acc: 0.7268
1056/1424 [=====================>........] - ETA: 0s - loss: 0.5999 - acc: 0.7197
1120/1424 [======================>.......] - ETA: 0s - loss: 0.5989 - acc: 0.7232
1184/1424 [=======================>......] - ETA: 0s - loss: 0.5995 - acc: 0.7213
1248/1424 [=========================>....] - ETA: 0s - loss: 0.5951 - acc: 0.7244
1312/1424 [==========================>...] - ETA: 0s - loss: 0.5959 - acc: 0.7195
1376/1424 [===========================>..] - ETA: 0s - loss: 0.5961 - acc: 0.7173
1424/1424 [==============================] - 4s 3ms/step - loss: 0.5934 - acc: 0.7205 - val_loss: 2.7675 - val_acc: 0.6907
Epoch 3/1000

  32/1424 [..............................] - ETA: 1s - loss: 0.6850 - acc: 0.5938
  96/1424 [=>............................] - ETA: 1s - loss: 0.6440 - acc: 0.6146
 160/1424 [==>...........................] - ETA: 1s - loss: 0.6114 - acc: 0.6562
 224/1424 [===>..........................] - ETA: 1s - loss: 0.5913 - acc: 0.6786
 288/1424 [=====>........................] - ETA: 1s - loss: 0.5799 - acc: 0.7083
 352/1424 [======>.......................] - ETA: 1s - loss: 0.5834 - acc: 0.7102
 416/1424 [=======>......................] - ETA: 0s - loss: 0.5901 - acc: 0.7091
 480/1424 [=========>....................] - ETA: 0s - loss: 0.5849 - acc: 0.7083
 544/1424 [==========>...................] - ETA: 0s - loss: 0.5774 - acc: 0.7151
 608/1424 [===========>..................] - ETA: 0s - loss: 0.5763 - acc: 0.7171
 672/1424 [=============>................] - ETA: 0s - loss: 0.5776 - acc: 0.7158
 736/1424 [==============>...............] - ETA: 0s - loss: 0.5783 - acc: 0.7147
 800/1424 [===============>..............] - ETA: 0s - loss: 0.5693 - acc: 0.7212
 864/1424 [=================>............] - ETA: 0s - loss: 0.5650 - acc: 0.7245
 928/1424 [==================>...........] - ETA: 0s - loss: 0.5621 - acc: 0.7263
 992/1424 [===================>..........] - ETA: 0s - loss: 0.5571 - acc: 0.7319
1056/1424 [=====================>........] - ETA: 0s - loss: 0.5609 - acc: 0.7311
1120/1424 [======================>.......] - ETA: 0s - loss: 0.5585 - acc: 0.7295
1184/1424 [=======================>......] - ETA: 0s - loss: 0.5600 - acc: 0.7306
1248/1424 [=========================>....] - ETA: 0s - loss: 0.5615 - acc: 0.7308
1312/1424 [==========================>...] - ETA: 0s - loss: 0.5603 - acc: 0.7317
1376/1424 [===========================>..] - ETA: 0s - loss: 0.5597 - acc: 0.7318
1424/1424 [==============================] - 4s 3ms/step - loss: 0.5578 - acc: 0.7324 - val_loss: 4.2340 - val_acc: 0.5692
Epoch 4/1000

  32/1424 [..............................] - ETA: 1s - loss: 0.5130 - acc: 0.7500
  96/1424 [=>............................] - ETA: 1s - loss: 0.5566 - acc: 0.7917
 160/1424 [==>...........................] - ETA: 1s - loss: 0.5507 - acc: 0.7688
 224/1424 [===>..........................] - ETA: 1s - loss: 0.5580 - acc: 0.7545
 288/1424 [=====>........................] - ETA: 1s - loss: 0.5471 - acc: 0.7535
 352/1424 [======>.......................] - ETA: 1s - loss: 0.5397 - acc: 0.7528
 416/1424 [=======>......................] - ETA: 0s - loss: 0.5199 - acc: 0.7668
 480/1424 [=========>....................] - ETA: 0s - loss: 0.5212 - acc: 0.7667
 544/1424 [==========>...................] - ETA: 0s - loss: 0.5341 - acc: 0.7482
 608/1424 [===========>..................] - ETA: 0s - loss: 0.5340 - acc: 0.7566
 672/1424 [=============>................] - ETA: 0s - loss: 0.5312 - acc: 0.7560
 736/1424 [==============>...............] - ETA: 0s - loss: 0.5398 - acc: 0.7486
 800/1424 [===============>..............] - ETA: 0s - loss: 0.5366 - acc: 0.7450
 864/1424 [=================>............] - ETA: 0s - loss: 0.5406 - acc: 0.7431
 928/1424 [==================>...........] - ETA: 0s - loss: 0.5432 - acc: 0.7403
 992/1424 [===================>..........] - ETA: 0s - loss: 0.5448 - acc: 0.7369
1056/1424 [=====================>........] - ETA: 0s - loss: 0.5419 - acc: 0.7386
1120/1424 [======================>.......] - ETA: 0s - loss: 0.5407 - acc: 0.7402
1184/1424 [=======================>......] - ETA: 0s - loss: 0.5399 - acc: 0.7424
1248/1424 [=========================>....] - ETA: 0s - loss: 0.5392 - acc: 0.7404
1312/1424 [==========================>...] - ETA: 0s - loss: 0.5408 - acc: 0.7363
1376/1424 [===========================>..] - ETA: 0s - loss: 0.5396 - acc: 0.7355
1424/1424 [==============================] - 4s 3ms/step - loss: 0.5403 - acc: 0.7353 - val_loss: 4.7136 - val_acc: 0.6059
Epoch 5/1000

  32/1424 [..............................] - ETA: 1s - loss: 0.3455 - acc: 0.8125
  96/1424 [=>............................] - ETA: 1s - loss: 0.4063 - acc: 0.8021
 160/1424 [==>...........................] - ETA: 1s - loss: 0.4077 - acc: 0.8063
 224/1424 [===>..........................] - ETA: 1s - loss: 0.4431 - acc: 0.7946
 288/1424 [=====>........................] - ETA: 1s - loss: 0.4710 - acc: 0.7778
 352/1424 [======>.......................] - ETA: 1s - loss: 0.5005 - acc: 0.7614
 416/1424 [=======>......................] - ETA: 0s - loss: 0.5245 - acc: 0.7548
 480/1424 [=========>....................] - ETA: 0s - loss: 0.5246 - acc: 0.7521
 544/1424 [==========>...................] - ETA: 0s - loss: 0.5268 - acc: 0.7537
 608/1424 [===========>..................] - ETA: 0s - loss: 0.5262 - acc: 0.7549
 672/1424 [=============>................] - ETA: 0s - loss: 0.5242 - acc: 0.7560
 736/1424 [==============>...............] - ETA: 0s - loss: 0.5270 - acc: 0.7582
 800/1424 [===============>..............] - ETA: 0s - loss: 0.5269 - acc: 0.7562
 864/1424 [=================>............] - ETA: 0s - loss: 0.5307 - acc: 0.7569
 928/1424 [==================>...........] - ETA: 0s - loss: 0.5338 - acc: 0.7532
 992/1424 [===================>..........] - ETA: 0s - loss: 0.5336 - acc: 0.7530
1056/1424 [=====================>........] - ETA: 0s - loss: 0.5325 - acc: 0.7528
1120/1424 [======================>.......] - ETA: 0s - loss: 0.5364 - acc: 0.7482
1184/1424 [=======================>......] - ETA: 0s - loss: 0.5370 - acc: 0.7492
1248/1424 [=========================>....] - ETA: 0s - loss: 0.5371 - acc: 0.7484
1312/1424 [==========================>...] - ETA: 0s - loss: 0.5353 - acc: 0.7492
1376/1424 [===========================>..] - ETA: 0s - loss: 0.5361 - acc: 0.7485
1424/1424 [==============================] - 4s 3ms/step - loss: 0.5388 - acc: 0.7472 - val_loss: 3.1667 - val_acc: 0.6907
Epoch 6/1000

  32/1424 [..............................] - ETA: 1s - loss: 0.4822 - acc: 0.8125
  96/1424 [=>............................] - ETA: 1s - loss: 0.5036 - acc: 0.8229
 160/1424 [==>...........................] - ETA: 1s - loss: 0.5129 - acc: 0.7937
 224/1424 [===>..........................] - ETA: 1s - loss: 0.4925 - acc: 0.7991
 288/1424 [=====>........................] - ETA: 1s - loss: 0.5103 - acc: 0.7917
 352/1424 [======>.......................] - ETA: 1s - loss: 0.5081 - acc: 0.7898
 416/1424 [=======>......................] - ETA: 0s - loss: 0.5053 - acc: 0.7837
 480/1424 [=========>....................] - ETA: 0s - loss: 0.5183 - acc: 0.7812
 544/1424 [==========>...................] - ETA: 0s - loss: 0.5038 - acc: 0.7904
 608/1424 [===========>..................] - ETA: 0s - loss: 0.5004 - acc: 0.7911
 672/1424 [=============>................] - ETA: 0s - loss: 0.5089 - acc: 0.7842
 736/1424 [==============>...............] - ETA: 0s - loss: 0.5172 - acc: 0.7772
 800/1424 [===============>..............] - ETA: 0s - loss: 0.5156 - acc: 0.7788
 864/1424 [=================>............] - ETA: 0s - loss: 0.5100 - acc: 0.7812
 928/1424 [==================>...........] - ETA: 0s - loss: 0.5165 - acc: 0.7759
 992/1424 [===================>..........] - ETA: 0s - loss: 0.5188 - acc: 0.7722
1056/1424 [=====================>........] - ETA: 0s - loss: 0.5190 - acc: 0.7689
1120/1424 [======================>.......] - ETA: 0s - loss: 0.5150 - acc: 0.7732
1184/1424 [=======================>......] - ETA: 0s - loss: 0.5213 - acc: 0.7660
1248/1424 [=========================>....] - ETA: 0s - loss: 0.5197 - acc: 0.7652
1312/1424 [==========================>...] - ETA: 0s - loss: 0.5214 - acc: 0.7630
1376/1424 [===========================>..] - ETA: 0s - loss: 0.5230 - acc: 0.7594
1424/1424 [==============================] - 4s 3ms/step - loss: 0.5250 - acc: 0.7570 - val_loss: 3.4072 - val_acc: 0.6073
Epoch 7/1000

  32/1424 [..............................] - ETA: 1s - loss: 0.5777 - acc: 0.6562
  96/1424 [=>............................] - ETA: 1s - loss: 0.4995 - acc: 0.7292
 160/1424 [==>...........................] - ETA: 1s - loss: 0.4765 - acc: 0.7500
 224/1424 [===>..........................] - ETA: 1s - loss: 0.5001 - acc: 0.7500
 288/1424 [=====>........................] - ETA: 1s - loss: 0.4932 - acc: 0.7674
 352/1424 [======>.......................] - ETA: 1s - loss: 0.5005 - acc: 0.7642
 416/1424 [=======>......................] - ETA: 0s - loss: 0.4962 - acc: 0.7668
 480/1424 [=========>....................] - ETA: 0s - loss: 0.5029 - acc: 0.7667
 544/1424 [==========>...................] - ETA: 0s - loss: 0.5110 - acc: 0.7592
 608/1424 [===========>..................] - ETA: 0s - loss: 0.5174 - acc: 0.7566
 672/1424 [=============>................] - ETA: 0s - loss: 0.5156 - acc: 0.7574
 736/1424 [==============>...............] - ETA: 0s - loss: 0.5176 - acc: 0.7595
 800/1424 [===============>..............] - ETA: 0s - loss: 0.5179 - acc: 0.7588
 864/1424 [=================>............] - ETA: 0s - loss: 0.5200 - acc: 0.7581
 928/1424 [==================>...........] - ETA: 0s - loss: 0.5144 - acc: 0.7608
 992/1424 [===================>..........] - ETA: 0s - loss: 0.5154 - acc: 0.7621
1056/1424 [=====================>........] - ETA: 0s - loss: 0.5160 - acc: 0.7623
1120/1424 [======================>.......] - ETA: 0s - loss: 0.5132 - acc: 0.7643
1184/1424 [=======================>......] - ETA: 0s - loss: 0.5164 - acc: 0.7627
1248/1424 [=========================>....] - ETA: 0s - loss: 0.5167 - acc: 0.7620
1312/1424 [==========================>...] - ETA: 0s - loss: 0.5184 - acc: 0.7607
1376/1424 [===========================>..] - ETA: 0s - loss: 0.5230 - acc: 0.7587
1424/1424 [==============================] - 4s 3ms/step - loss: 0.5279 - acc: 0.7556 - val_loss: 5.5323 - val_acc: 0.5014
Epoch 8/1000

  32/1424 [..............................] - ETA: 1s - loss: 0.4381 - acc: 0.8125
  96/1424 [=>............................] - ETA: 1s - loss: 0.4815 - acc: 0.8021
 160/1424 [==>...........................] - ETA: 1s - loss: 0.5073 - acc: 0.7688
 224/1424 [===>..........................] - ETA: 1s - loss: 0.4970 - acc: 0.7812
 288/1424 [=====>........................] - ETA: 1s - loss: 0.5091 - acc: 0.7639
 352/1424 [======>.......................] - ETA: 1s - loss: 0.5161 - acc: 0.7585
 416/1424 [=======>......................] - ETA: 0s - loss: 0.5184 - acc: 0.7524
 480/1424 [=========>....................] - ETA: 0s - loss: 0.5197 - acc: 0.7521
 544/1424 [==========>...................] - ETA: 0s - loss: 0.5184 - acc: 0.7518
 608/1424 [===========>..................] - ETA: 0s - loss: 0.5119 - acc: 0.7549
 672/1424 [=============>................] - ETA: 0s - loss: 0.5063 - acc: 0.7619
 736/1424 [==============>...............] - ETA: 0s - loss: 0.5117 - acc: 0.7568
 800/1424 [===============>..............] - ETA: 0s - loss: 0.5084 - acc: 0.7650
 864/1424 [=================>............] - ETA: 0s - loss: 0.5124 - acc: 0.7616
 928/1424 [==================>...........] - ETA: 0s - loss: 0.5227 - acc: 0.7554
 992/1424 [===================>..........] - ETA: 0s - loss: 0.5216 - acc: 0.7540
1056/1424 [=====================>........] - ETA: 0s - loss: 0.5269 - acc: 0.7519
1120/1424 [======================>.......] - ETA: 0s - loss: 0.5249 - acc: 0.7536
1184/1424 [=======================>......] - ETA: 0s - loss: 0.5231 - acc: 0.7559
1248/1424 [=========================>....] - ETA: 0s - loss: 0.5242 - acc: 0.7556
1312/1424 [==========================>...] - ETA: 0s - loss: 0.5216 - acc: 0.7584
1376/1424 [===========================>..] - ETA: 0s - loss: 0.5196 - acc: 0.7602
1424/1424 [==============================] - 4s 3ms/step - loss: 0.5183 - acc: 0.7598 - val_loss: 1.7652 - val_acc: 0.6130
Epoch 9/1000

  32/1424 [..............................] - ETA: 1s - loss: 0.4866 - acc: 0.7812
  96/1424 [=>............................] - ETA: 1s - loss: 0.4888 - acc: 0.7917
 160/1424 [==>...........................] - ETA: 1s - loss: 0.5358 - acc: 0.7625
 224/1424 [===>..........................] - ETA: 1s - loss: 0.5449 - acc: 0.7411
 288/1424 [=====>........................] - ETA: 1s - loss: 0.5501 - acc: 0.7396
 352/1424 [======>.......................] - ETA: 1s - loss: 0.5461 - acc: 0.7443
 416/1424 [=======>......................] - ETA: 0s - loss: 0.5349 - acc: 0.7500
 480/1424 [=========>....................] - ETA: 0s - loss: 0.5428 - acc: 0.7417
 544/1424 [==========>...................] - ETA: 0s - loss: 0.5433 - acc: 0.7426
 608/1424 [===========>..................] - ETA: 0s - loss: 0.5418 - acc: 0.7484
 672/1424 [=============>................] - ETA: 0s - loss: 0.5369 - acc: 0.7485
 736/1424 [==============>...............] - ETA: 0s - loss: 0.5278 - acc: 0.7568
 800/1424 [===============>..............] - ETA: 0s - loss: 0.5225 - acc: 0.7575
 864/1424 [=================>............] - ETA: 0s - loss: 0.5271 - acc: 0.7523
 928/1424 [==================>...........] - ETA: 0s - loss: 0.5282 - acc: 0.7554
 992/1424 [===================>..........] - ETA: 0s - loss: 0.5198 - acc: 0.7601
1056/1424 [=====================>........] - ETA: 0s - loss: 0.5188 - acc: 0.7604
1120/1424 [======================>.......] - ETA: 0s - loss: 0.5173 - acc: 0.7598
1184/1424 [=======================>......] - ETA: 0s - loss: 0.5166 - acc: 0.7593
1248/1424 [=========================>....] - ETA: 0s - loss: 0.5143 - acc: 0.7612
1312/1424 [==========================>...] - ETA: 0s - loss: 0.5110 - acc: 0.7637
1376/1424 [===========================>..] - ETA: 0s - loss: 0.5121 - acc: 0.7616
1424/1424 [==============================] - 4s 3ms/step - loss: 0.5140 - acc: 0.7598 - val_loss: 0.6694 - val_acc: 0.8164
Epoch 10/1000

  32/1424 [..............................] - ETA: 1s - loss: 0.5825 - acc: 0.7188
  96/1424 [=>............................] - ETA: 1s - loss: 0.5706 - acc: 0.6875
 160/1424 [==>...........................] - ETA: 1s - loss: 0.5464 - acc: 0.7125
 224/1424 [===>..........................] - ETA: 1s - loss: 0.5498 - acc: 0.7188
 288/1424 [=====>........................] - ETA: 1s - loss: 0.5536 - acc: 0.7257
 352/1424 [======>.......................] - ETA: 1s - loss: 0.5443 - acc: 0.7386
 416/1424 [=======>......................] - ETA: 0s - loss: 0.5422 - acc: 0.7380
 480/1424 [=========>....................] - ETA: 0s - loss: 0.5358 - acc: 0.7458
 544/1424 [==========>...................] - ETA: 0s - loss: 0.5362 - acc: 0.7482
 608/1424 [===========>..................] - ETA: 0s - loss: 0.5358 - acc: 0.7434
 672/1424 [=============>................] - ETA: 0s - loss: 0.5322 - acc: 0.7470
 736/1424 [==============>...............] - ETA: 0s - loss: 0.5233 - acc: 0.7514
 800/1424 [===============>..............] - ETA: 0s - loss: 0.5199 - acc: 0.7600
 864/1424 [=================>............] - ETA: 0s - loss: 0.5163 - acc: 0.7604
 928/1424 [==================>...........] - ETA: 0s - loss: 0.5194 - acc: 0.7608
 992/1424 [===================>..........] - ETA: 0s - loss: 0.5208 - acc: 0.7631
1056/1424 [=====================>........] - ETA: 0s - loss: 0.5189 - acc: 0.7642
1120/1424 [======================>.......] - ETA: 0s - loss: 0.5178 - acc: 0.7652
1184/1424 [=======================>......] - ETA: 0s - loss: 0.5129 - acc: 0.7686
1248/1424 [=========================>....] - ETA: 0s - loss: 0.5128 - acc: 0.7676
1312/1424 [==========================>...] - ETA: 0s - loss: 0.5128 - acc: 0.7683
1376/1424 [===========================>..] - ETA: 0s - loss: 0.5058 - acc: 0.7718
1424/1424 [==============================] - 4s 3ms/step - loss: 0.5043 - acc: 0.7725 - val_loss: 0.6492 - val_acc: 0.7514
Epoch 11/1000

  32/1424 [..............................] - ETA: 1s - loss: 0.4017 - acc: 0.8750
  96/1424 [=>............................] - ETA: 1s - loss: 0.4955 - acc: 0.7917
 160/1424 [==>...........................] - ETA: 1s - loss: 0.5136 - acc: 0.7500
 224/1424 [===>..........................] - ETA: 1s - loss: 0.4856 - acc: 0.7812
 288/1424 [=====>........................] - ETA: 1s - loss: 0.4739 - acc: 0.7917
 352/1424 [======>.......................] - ETA: 1s - loss: 0.4981 - acc: 0.7699
 416/1424 [=======>......................] - ETA: 0s - loss: 0.4846 - acc: 0.7812
 480/1424 [=========>....................] - ETA: 0s - loss: 0.4859 - acc: 0.7833
 544/1424 [==========>...................] - ETA: 0s - loss: 0.4789 - acc: 0.7868
 608/1424 [===========>..................] - ETA: 0s - loss: 0.4792 - acc: 0.7911
 672/1424 [=============>................] - ETA: 0s - loss: 0.4882 - acc: 0.7827
 736/1424 [==============>...............] - ETA: 0s - loss: 0.4825 - acc: 0.7840
 800/1424 [===============>..............] - ETA: 0s - loss: 0.4823 - acc: 0.7825
 864/1424 [=================>............] - ETA: 0s - loss: 0.4827 - acc: 0.7836
 928/1424 [==================>...........] - ETA: 0s - loss: 0.4891 - acc: 0.7759
 992/1424 [===================>..........] - ETA: 0s - loss: 0.4884 - acc: 0.7752
1056/1424 [=====================>........] - ETA: 0s - loss: 0.4826 - acc: 0.7803
1120/1424 [======================>.......] - ETA: 0s - loss: 0.4888 - acc: 0.7750
1184/1424 [=======================>......] - ETA: 0s - loss: 0.4876 - acc: 0.7753
1248/1424 [=========================>....] - ETA: 0s - loss: 0.4904 - acc: 0.7748
1312/1424 [==========================>...] - ETA: 0s - loss: 0.4952 - acc: 0.7729
1376/1424 [===========================>..] - ETA: 0s - loss: 0.4957 - acc: 0.7725
1424/1424 [==============================] - 4s 3ms/step - loss: 0.4954 - acc: 0.7732 - val_loss: 0.5479 - val_acc: 0.7768
Epoch 12/1000

  32/1424 [..............................] - ETA: 1s - loss: 0.5386 - acc: 0.7500
  96/1424 [=>............................] - ETA: 1s - loss: 0.5174 - acc: 0.7604
 160/1424 [==>...........................] - ETA: 1s - loss: 0.5220 - acc: 0.7500
 224/1424 [===>..........................] - ETA: 1s - loss: 0.4981 - acc: 0.7634
 288/1424 [=====>........................] - ETA: 1s - loss: 0.5224 - acc: 0.7431
 352/1424 [======>.......................] - ETA: 1s - loss: 0.4909 - acc: 0.7699
 416/1424 [=======>......................] - ETA: 0s - loss: 0.4959 - acc: 0.7692
 480/1424 [=========>....................] - ETA: 0s - loss: 0.4886 - acc: 0.7688
 544/1424 [==========>...................] - ETA: 0s - loss: 0.4883 - acc: 0.7721
 608/1424 [===========>..................] - ETA: 0s - loss: 0.4812 - acc: 0.7780
 672/1424 [=============>................] - ETA: 0s - loss: 0.4906 - acc: 0.7723
 736/1424 [==============>...............] - ETA: 0s - loss: 0.4925 - acc: 0.7758
 800/1424 [===============>..............] - ETA: 0s - loss: 0.4849 - acc: 0.7788
 864/1424 [=================>............] - ETA: 0s - loss: 0.4822 - acc: 0.7812
 928/1424 [==================>...........] - ETA: 0s - loss: 0.4824 - acc: 0.7812
 992/1424 [===================>..........] - ETA: 0s - loss: 0.4852 - acc: 0.7782
1056/1424 [=====================>........] - ETA: 0s - loss: 0.4909 - acc: 0.7775
1120/1424 [======================>.......] - ETA: 0s - loss: 0.4888 - acc: 0.7759
1184/1424 [=======================>......] - ETA: 0s - loss: 0.4913 - acc: 0.7745
1248/1424 [=========================>....] - ETA: 0s - loss: 0.4882 - acc: 0.7764
1312/1424 [==========================>...] - ETA: 0s - loss: 0.4899 - acc: 0.7744
1376/1424 [===========================>..] - ETA: 0s - loss: 0.4872 - acc: 0.7769
1424/1424 [==============================] - 4s 3ms/step - loss: 0.4936 - acc: 0.7732 - val_loss: 0.5710 - val_acc: 0.7726
Epoch 13/1000

  32/1424 [..............................] - ETA: 1s - loss: 0.4493 - acc: 0.8125
  96/1424 [=>............................] - ETA: 1s - loss: 0.4758 - acc: 0.7604
 160/1424 [==>...........................] - ETA: 1s - loss: 0.5137 - acc: 0.7625
 224/1424 [===>..........................] - ETA: 1s - loss: 0.4905 - acc: 0.7812
 288/1424 [=====>........................] - ETA: 1s - loss: 0.4734 - acc: 0.7951
 352/1424 [======>.......................] - ETA: 1s - loss: 0.4867 - acc: 0.7869
 416/1424 [=======>......................] - ETA: 0s - loss: 0.4903 - acc: 0.7837
 480/1424 [=========>....................] - ETA: 0s - loss: 0.5045 - acc: 0.7646
 544/1424 [==========>...................] - ETA: 0s - loss: 0.5111 - acc: 0.7574
 608/1424 [===========>..................] - ETA: 0s - loss: 0.5064 - acc: 0.7632
 672/1424 [=============>................] - ETA: 0s - loss: 0.5015 - acc: 0.7693
 736/1424 [==============>...............] - ETA: 0s - loss: 0.4973 - acc: 0.7731
 800/1424 [===============>..............] - ETA: 0s - loss: 0.4941 - acc: 0.7788
 864/1424 [=================>............] - ETA: 0s - loss: 0.4927 - acc: 0.7824
 928/1424 [==================>...........] - ETA: 0s - loss: 0.4881 - acc: 0.7856
 992/1424 [===================>..........] - ETA: 0s - loss: 0.4946 - acc: 0.7843
1056/1424 [=====================>........] - ETA: 0s - loss: 0.4948 - acc: 0.7812
1120/1424 [======================>.......] - ETA: 0s - loss: 0.4882 - acc: 0.7848
1184/1424 [=======================>......] - ETA: 0s - loss: 0.4830 - acc: 0.7872
1248/1424 [=========================>....] - ETA: 0s - loss: 0.4860 - acc: 0.7837
1312/1424 [==========================>...] - ETA: 0s - loss: 0.4846 - acc: 0.7843
1376/1424 [===========================>..] - ETA: 0s - loss: 0.4850 - acc: 0.7827
1424/1424 [==============================] - 4s 3ms/step - loss: 0.4906 - acc: 0.7795 - val_loss: 0.8614 - val_acc: 0.6822
Epoch 14/1000

  32/1424 [..............................] - ETA: 1s - loss: 0.4666 - acc: 0.7812
  96/1424 [=>............................] - ETA: 1s - loss: 0.5014 - acc: 0.7604
 160/1424 [==>...........................] - ETA: 1s - loss: 0.4891 - acc: 0.7562
 224/1424 [===>..........................] - ETA: 1s - loss: 0.4626 - acc: 0.7857
 288/1424 [=====>........................] - ETA: 1s - loss: 0.4641 - acc: 0.7847
 352/1424 [======>.......................] - ETA: 1s - loss: 0.4642 - acc: 0.7869
 416/1424 [=======>......................] - ETA: 0s - loss: 0.4601 - acc: 0.7981
 480/1424 [=========>....................] - ETA: 0s - loss: 0.4692 - acc: 0.7979
 544/1424 [==========>...................] - ETA: 0s - loss: 0.4656 - acc: 0.7960
 608/1424 [===========>..................] - ETA: 0s - loss: 0.4759 - acc: 0.7961
 672/1424 [=============>................] - ETA: 0s - loss: 0.4825 - acc: 0.7946
 736/1424 [==============>...............] - ETA: 0s - loss: 0.4715 - acc: 0.8030
 800/1424 [===============>..............] - ETA: 0s - loss: 0.4725 - acc: 0.8013
 864/1424 [=================>............] - ETA: 0s - loss: 0.4709 - acc: 0.8009
 928/1424 [==================>...........] - ETA: 0s - loss: 0.4785 - acc: 0.7963
 992/1424 [===================>..........] - ETA: 0s - loss: 0.4840 - acc: 0.7903
1056/1424 [=====================>........] - ETA: 0s - loss: 0.4905 - acc: 0.7841
1120/1424 [======================>.......] - ETA: 0s - loss: 0.4893 - acc: 0.7839
1184/1424 [=======================>......] - ETA: 0s - loss: 0.4903 - acc: 0.7846
1248/1424 [=========================>....] - ETA: 0s - loss: 0.4923 - acc: 0.7796
1312/1424 [==========================>...] - ETA: 0s - loss: 0.4948 - acc: 0.7767
1376/1424 [===========================>..] - ETA: 0s - loss: 0.4944 - acc: 0.7769
1424/1424 [==============================] - 4s 3ms/step - loss: 0.4930 - acc: 0.7795 - val_loss: 0.6095 - val_acc: 0.7613
Epoch 15/1000

  32/1424 [..............................] - ETA: 1s - loss: 0.4620 - acc: 0.7812
  96/1424 [=>............................] - ETA: 1s - loss: 0.4485 - acc: 0.7812
 160/1424 [==>...........................] - ETA: 1s - loss: 0.4562 - acc: 0.7875
 224/1424 [===>..........................] - ETA: 1s - loss: 0.4544 - acc: 0.8036
 288/1424 [=====>........................] - ETA: 1s - loss: 0.4472 - acc: 0.8125
 352/1424 [======>.......................] - ETA: 1s - loss: 0.4554 - acc: 0.8068
 416/1424 [=======>......................] - ETA: 0s - loss: 0.4506 - acc: 0.8077
 480/1424 [=========>....................] - ETA: 0s - loss: 0.4628 - acc: 0.8083
 544/1424 [==========>...................] - ETA: 0s - loss: 0.4922 - acc: 0.7868
 608/1424 [===========>..................] - ETA: 0s - loss: 0.4926 - acc: 0.7845
 672/1424 [=============>................] - ETA: 0s - loss: 0.4907 - acc: 0.7857
 736/1424 [==============>...............] - ETA: 0s - loss: 0.4990 - acc: 0.7745
 800/1424 [===============>..............] - ETA: 0s - loss: 0.4935 - acc: 0.7762
 864/1424 [=================>............] - ETA: 0s - loss: 0.5012 - acc: 0.7697
 928/1424 [==================>...........] - ETA: 0s - loss: 0.4949 - acc: 0.7716
 992/1424 [===================>..........] - ETA: 0s - loss: 0.4883 - acc: 0.7742
1056/1424 [=====================>........] - ETA: 0s - loss: 0.4904 - acc: 0.7718
1120/1424 [======================>.......] - ETA: 0s - loss: 0.4910 - acc: 0.7714
1184/1424 [=======================>......] - ETA: 0s - loss: 0.4905 - acc: 0.7720
1248/1424 [=========================>....] - ETA: 0s - loss: 0.4902 - acc: 0.7740
1312/1424 [==========================>...] - ETA: 0s - loss: 0.4900 - acc: 0.7744
1376/1424 [===========================>..] - ETA: 0s - loss: 0.4902 - acc: 0.7725
1424/1424 [==============================] - 4s 3ms/step - loss: 0.4902 - acc: 0.7739 - val_loss: 0.9493 - val_acc: 0.7090
Epoch 16/1000

  32/1424 [..............................] - ETA: 1s - loss: 0.4564 - acc: 0.7812
  96/1424 [=>............................] - ETA: 1s - loss: 0.5671 - acc: 0.7188
 160/1424 [==>...........................] - ETA: 1s - loss: 0.5559 - acc: 0.7250
 224/1424 [===>..........................] - ETA: 1s - loss: 0.5244 - acc: 0.7679
 288/1424 [=====>........................] - ETA: 1s - loss: 0.4968 - acc: 0.7847
 352/1424 [======>.......................] - ETA: 1s - loss: 0.4984 - acc: 0.7841
 416/1424 [=======>......................] - ETA: 0s - loss: 0.5070 - acc: 0.7716
 480/1424 [=========>....................] - ETA: 0s - loss: 0.4951 - acc: 0.7792
 544/1424 [==========>...................] - ETA: 0s - loss: 0.4804 - acc: 0.7886
 608/1424 [===========>..................] - ETA: 0s - loss: 0.4772 - acc: 0.7911
 672/1424 [=============>................] - ETA: 0s - loss: 0.4811 - acc: 0.7902
 736/1424 [==============>...............] - ETA: 0s - loss: 0.4700 - acc: 0.7948
 800/1424 [===============>..............] - ETA: 0s - loss: 0.4663 - acc: 0.7950
 864/1424 [=================>............] - ETA: 0s - loss: 0.4756 - acc: 0.7882
 928/1424 [==================>...........] - ETA: 0s - loss: 0.4809 - acc: 0.7812
 992/1424 [===================>..........] - ETA: 0s - loss: 0.4771 - acc: 0.7853
1056/1424 [=====================>........] - ETA: 0s - loss: 0.4791 - acc: 0.7831
1120/1424 [======================>.......] - ETA: 0s - loss: 0.4762 - acc: 0.7848
1184/1424 [=======================>......] - ETA: 0s - loss: 0.4759 - acc: 0.7855
1248/1424 [=========================>....] - ETA: 0s - loss: 0.4748 - acc: 0.7861
1312/1424 [==========================>...] - ETA: 0s - loss: 0.4756 - acc: 0.7866
1376/1424 [===========================>..] - ETA: 0s - loss: 0.4766 - acc: 0.7878
1424/1424 [==============================] - 4s 3ms/step - loss: 0.4798 - acc: 0.7851 - val_loss: 0.6571 - val_acc: 0.7924
Epoch 17/1000

  32/1424 [..............................] - ETA: 1s - loss: 0.3775 - acc: 0.8750
  96/1424 [=>............................] - ETA: 1s - loss: 0.4787 - acc: 0.8021
 160/1424 [==>...........................] - ETA: 1s - loss: 0.4944 - acc: 0.7937
 224/1424 [===>..........................] - ETA: 1s - loss: 0.4926 - acc: 0.7902
 288/1424 [=====>........................] - ETA: 1s - loss: 0.4943 - acc: 0.7847
 352/1424 [======>.......................] - ETA: 1s - loss: 0.4696 - acc: 0.8011
 416/1424 [=======>......................] - ETA: 0s - loss: 0.4636 - acc: 0.8029
 480/1424 [=========>....................] - ETA: 0s - loss: 0.4641 - acc: 0.8021
 544/1424 [==========>...................] - ETA: 0s - loss: 0.4740 - acc: 0.7923
 608/1424 [===========>..................] - ETA: 0s - loss: 0.4727 - acc: 0.7944
 672/1424 [=============>................] - ETA: 0s - loss: 0.4786 - acc: 0.7917
 736/1424 [==============>...............] - ETA: 0s - loss: 0.4774 - acc: 0.7921
 800/1424 [===============>..............] - ETA: 0s - loss: 0.4725 - acc: 0.7950
 864/1424 [=================>............] - ETA: 0s - loss: 0.4747 - acc: 0.7951
 928/1424 [==================>...........] - ETA: 0s - loss: 0.4791 - acc: 0.7899
 992/1424 [===================>..........] - ETA: 0s - loss: 0.4771 - acc: 0.7933
1056/1424 [=====================>........] - ETA: 0s - loss: 0.4748 - acc: 0.7926
1120/1424 [======================>.......] - ETA: 0s - loss: 0.4765 - acc: 0.7911
1184/1424 [=======================>......] - ETA: 0s - loss: 0.4760 - acc: 0.7897
1248/1424 [=========================>....] - ETA: 0s - loss: 0.4781 - acc: 0.7877
1312/1424 [==========================>...] - ETA: 0s - loss: 0.4771 - acc: 0.7851
1376/1424 [===========================>..] - ETA: 0s - loss: 0.4800 - acc: 0.7849
1424/1424 [==============================] - 4s 3ms/step - loss: 0.4781 - acc: 0.7851 - val_loss: 1.2007 - val_acc: 0.6681
Epoch 18/1000

  32/1424 [..............................] - ETA: 1s - loss: 0.4571 - acc: 0.8125
  96/1424 [=>............................] - ETA: 1s - loss: 0.4661 - acc: 0.8229
 160/1424 [==>...........................] - ETA: 1s - loss: 0.4881 - acc: 0.7812
 224/1424 [===>..........................] - ETA: 1s - loss: 0.4870 - acc: 0.7768
 288/1424 [=====>........................] - ETA: 1s - loss: 0.4677 - acc: 0.7882
 352/1424 [======>.......................] - ETA: 1s - loss: 0.4698 - acc: 0.7869
 416/1424 [=======>......................] - ETA: 0s - loss: 0.4633 - acc: 0.7933
 480/1424 [=========>....................] - ETA: 0s - loss: 0.4764 - acc: 0.7917
 544/1424 [==========>...................] - ETA: 0s - loss: 0.4743 - acc: 0.7923
 608/1424 [===========>..................] - ETA: 0s - loss: 0.4749 - acc: 0.7928
 672/1424 [=============>................] - ETA: 0s - loss: 0.4591 - acc: 0.8006
 736/1424 [==============>...............] - ETA: 0s - loss: 0.4542 - acc: 0.8043
 800/1424 [===============>..............] - ETA: 0s - loss: 0.4579 - acc: 0.7975
 864/1424 [=================>............] - ETA: 0s - loss: 0.4624 - acc: 0.7905
 928/1424 [==================>...........] - ETA: 0s - loss: 0.4669 - acc: 0.7920
 992/1424 [===================>..........] - ETA: 0s - loss: 0.4725 - acc: 0.7913
1056/1424 [=====================>........] - ETA: 0s - loss: 0.4671 - acc: 0.7936
1120/1424 [======================>.......] - ETA: 0s - loss: 0.4645 - acc: 0.7955
1184/1424 [=======================>......] - ETA: 0s - loss: 0.4645 - acc: 0.7948
1248/1424 [=========================>....] - ETA: 0s - loss: 0.4654 - acc: 0.7941
1312/1424 [==========================>...] - ETA: 0s - loss: 0.4690 - acc: 0.7881
1376/1424 [===========================>..] - ETA: 0s - loss: 0.4682 - acc: 0.7892
1424/1424 [==============================] - 4s 3ms/step - loss: 0.4646 - acc: 0.7921 - val_loss: 0.7893 - val_acc: 0.7994
Epoch 19/1000

  32/1424 [..............................] - ETA: 1s - loss: 0.4187 - acc: 0.8750
  96/1424 [=>............................] - ETA: 1s - loss: 0.4921 - acc: 0.7812
 160/1424 [==>...........................] - ETA: 1s - loss: 0.4899 - acc: 0.7688
 224/1424 [===>..........................] - ETA: 1s - loss: 0.4934 - acc: 0.7812
 288/1424 [=====>........................] - ETA: 1s - loss: 0.4961 - acc: 0.7812
 352/1424 [======>.......................] - ETA: 1s - loss: 0.4897 - acc: 0.7784
 416/1424 [=======>......................] - ETA: 0s - loss: 0.4918 - acc: 0.7740
 480/1424 [=========>....................] - ETA: 0s - loss: 0.4886 - acc: 0.7667
 544/1424 [==========>...................] - ETA: 0s - loss: 0.4820 - acc: 0.7739
 608/1424 [===========>..................] - ETA: 0s - loss: 0.4833 - acc: 0.7747
 672/1424 [=============>................] - ETA: 0s - loss: 0.4704 - acc: 0.7827
 736/1424 [==============>...............] - ETA: 0s - loss: 0.4685 - acc: 0.7840
 800/1424 [===============>..............] - ETA: 0s - loss: 0.4678 - acc: 0.7812
 864/1424 [=================>............] - ETA: 0s - loss: 0.4632 - acc: 0.7847
 928/1424 [==================>...........] - ETA: 0s - loss: 0.4593 - acc: 0.7888
 992/1424 [===================>..........] - ETA: 0s - loss: 0.4555 - acc: 0.7903
1056/1424 [=====================>........] - ETA: 0s - loss: 0.4598 - acc: 0.7898
1120/1424 [======================>.......] - ETA: 0s - loss: 0.4631 - acc: 0.7884
1184/1424 [=======================>......] - ETA: 0s - loss: 0.4630 - acc: 0.7897
1248/1424 [=========================>....] - ETA: 0s - loss: 0.4672 - acc: 0.7853
1312/1424 [==========================>...] - ETA: 0s - loss: 0.4657 - acc: 0.7873
1376/1424 [===========================>..] - ETA: 0s - loss: 0.4655 - acc: 0.7849
1424/1424 [==============================] - 4s 3ms/step - loss: 0.4655 - acc: 0.7851 - val_loss: 2.1354 - val_acc: 0.6879
Epoch 20/1000

  32/1424 [..............................] - ETA: 1s - loss: 0.3380 - acc: 0.9062
  96/1424 [=>............................] - ETA: 1s - loss: 0.4348 - acc: 0.8125
 160/1424 [==>...........................] - ETA: 1s - loss: 0.5143 - acc: 0.7812
 224/1424 [===>..........................] - ETA: 1s - loss: 0.4896 - acc: 0.8036
 288/1424 [=====>........................] - ETA: 1s - loss: 0.4618 - acc: 0.8056
 352/1424 [======>.......................] - ETA: 1s - loss: 0.4730 - acc: 0.7926
 416/1424 [=======>......................] - ETA: 0s - loss: 0.4595 - acc: 0.8005
 480/1424 [=========>....................] - ETA: 0s - loss: 0.4546 - acc: 0.8000
 544/1424 [==========>...................] - ETA: 0s - loss: 0.4503 - acc: 0.8033
 608/1424 [===========>..................] - ETA: 0s - loss: 0.4594 - acc: 0.7977
 672/1424 [=============>................] - ETA: 0s - loss: 0.4631 - acc: 0.7932
 736/1424 [==============>...............] - ETA: 0s - loss: 0.4693 - acc: 0.7880
 800/1424 [===============>..............] - ETA: 0s - loss: 0.4678 - acc: 0.7863
 864/1424 [=================>............] - ETA: 0s - loss: 0.4620 - acc: 0.7894
 928/1424 [==================>...........] - ETA: 0s - loss: 0.4620 - acc: 0.7877
 992/1424 [===================>..........] - ETA: 0s - loss: 0.4664 - acc: 0.7873
1056/1424 [=====================>........] - ETA: 0s - loss: 0.4597 - acc: 0.7917
1120/1424 [======================>.......] - ETA: 0s - loss: 0.4565 - acc: 0.7955
1184/1424 [=======================>......] - ETA: 0s - loss: 0.4555 - acc: 0.7939
1248/1424 [=========================>....] - ETA: 0s - loss: 0.4604 - acc: 0.7917
1312/1424 [==========================>...] - ETA: 0s - loss: 0.4618 - acc: 0.7942
1376/1424 [===========================>..] - ETA: 0s - loss: 0.4632 - acc: 0.7922
1424/1424 [==============================] - 4s 3ms/step - loss: 0.4581 - acc: 0.7949 - val_loss: 1.2239 - val_acc: 0.6737
Epoch 21/1000

  32/1424 [..............................] - ETA: 1s - loss: 0.3946 - acc: 0.8125
  96/1424 [=>............................] - ETA: 1s - loss: 0.4811 - acc: 0.8125
 160/1424 [==>...........................] - ETA: 1s - loss: 0.4473 - acc: 0.8250
 224/1424 [===>..........................] - ETA: 1s - loss: 0.4474 - acc: 0.8080
 288/1424 [=====>........................] - ETA: 1s - loss: 0.4790 - acc: 0.7882
 352/1424 [======>.......................] - ETA: 1s - loss: 0.4615 - acc: 0.7983
 416/1424 [=======>......................] - ETA: 0s - loss: 0.4761 - acc: 0.7837
 480/1424 [=========>....................] - ETA: 0s - loss: 0.4707 - acc: 0.7896
 544/1424 [==========>...................] - ETA: 0s - loss: 0.4647 - acc: 0.7941
 608/1424 [===========>..................] - ETA: 0s - loss: 0.4632 - acc: 0.7944
 672/1424 [=============>................] - ETA: 0s - loss: 0.4677 - acc: 0.7902
 736/1424 [==============>...............] - ETA: 0s - loss: 0.4678 - acc: 0.7894
 800/1424 [===============>..............] - ETA: 0s - loss: 0.4658 - acc: 0.7863
 864/1424 [=================>............] - ETA: 0s - loss: 0.4597 - acc: 0.7870
 928/1424 [==================>...........] - ETA: 0s - loss: 0.4600 - acc: 0.7888
 992/1424 [===================>..........] - ETA: 0s - loss: 0.4607 - acc: 0.7883
1056/1424 [=====================>........] - ETA: 0s - loss: 0.4537 - acc: 0.7936
1120/1424 [======================>.......] - ETA: 0s - loss: 0.4536 - acc: 0.7929
1184/1424 [=======================>......] - ETA: 0s - loss: 0.4550 - acc: 0.7905
1248/1424 [=========================>....] - ETA: 0s - loss: 0.4556 - acc: 0.7925
1312/1424 [==========================>...] - ETA: 0s - loss: 0.4590 - acc: 0.7866
1376/1424 [===========================>..] - ETA: 0s - loss: 0.4596 - acc: 0.7871
1424/1424 [==============================] - 4s 3ms/step - loss: 0.4536 - acc: 0.7907 - val_loss: 1.6670 - val_acc: 0.6554

  32/1424 [..............................] - ETA: 5s
  64/1424 [>.............................] - ETA: 4s
  96/1424 [=>............................] - ETA: 4s
 128/1424 [=>............................] - ETA: 4s
 160/1424 [==>...........................] - ETA: 4s
 192/1424 [===>..........................] - ETA: 4s
 224/1424 [===>..........................] - ETA: 4s
 256/1424 [====>.........................] - ETA: 4s
 288/1424 [=====>........................] - ETA: 4s
 320/1424 [=====>........................] - ETA: 3s
 352/1424 [======>.......................] - ETA: 3s
 384/1424 [=======>......................] - ETA: 3s
 416/1424 [=======>......................] - ETA: 3s
 448/1424 [========>.....................] - ETA: 3s
 480/1424 [=========>....................] - ETA: 3s
 512/1424 [=========>....................] - ETA: 3s
 544/1424 [==========>...................] - ETA: 3s
 576/1424 [===========>..................] - ETA: 3s
 608/1424 [===========>..................] - ETA: 2s
 640/1424 [============>.................] - ETA: 2s
 672/1424 [=============>................] - ETA: 2s
 704/1424 [=============>................] - ETA: 2s
 736/1424 [==============>...............] - ETA: 2s
 768/1424 [===============>..............] - ETA: 2s
 800/1424 [===============>..............] - ETA: 2s
 832/1424 [================>.............] - ETA: 2s
 864/1424 [=================>............] - ETA: 2s
 896/1424 [=================>............] - ETA: 1s
 928/1424 [==================>...........] - ETA: 1s
 960/1424 [===================>..........] - ETA: 1s
 992/1424 [===================>..........] - ETA: 1s
1024/1424 [====================>.........] - ETA: 1s
1056/1424 [=====================>........] - ETA: 1s
1088/1424 [=====================>........] - ETA: 1s
1120/1424 [======================>.......] - ETA: 1s
1152/1424 [=======================>......] - ETA: 0s
1184/1424 [=======================>......] - ETA: 0s
1216/1424 [========================>.....] - ETA: 0s
1248/1424 [=========================>....] - ETA: 0s
1280/1424 [=========================>....] - ETA: 0s
1312/1424 [==========================>...] - ETA: 0s
1344/1424 [===========================>..] - ETA: 0s
1376/1424 [===========================>..] - ETA: 0s
1408/1424 [============================>.] - ETA: 0s
1424/1424 [==============================] - 5s 4ms/step
Test acc: 0.75
Test auc: 0.8207474592854438
Test mcc: 0.5141696272636822
Execute epoch: 21
Execute time: 89.67274928092957
