_________________________________________________________________
Layer (type)                 Output Shape              Param #   
=================================================================
embedding_1 (Embedding)      (None, None, 128)         2688      
_________________________________________________________________
lstm_1 (LSTM)                (None, None, 64)          49408     
_________________________________________________________________
lstm_2 (LSTM)                (None, None, 64)          33024     
_________________________________________________________________
lstm_3 (LSTM)                (None, 64)                33024     
_________________________________________________________________
dense_1 (Dense)              (None, 16)                1040      
_________________________________________________________________
dense_2 (Dense)              (None, 1)                 17        
=================================================================
Total params: 119,201
Trainable params: 119,201
Non-trainable params: 0
_________________________________________________________________
Train on 1424 samples, validate on 708 samples
Epoch 1/1000

  32/1424 [..............................] - ETA: 2:17 - loss: 0.6932 - acc: 0.4688
  64/1424 [>.............................] - ETA: 1:08 - loss: 0.6932 - acc: 0.4375
 128/1424 [=>............................] - ETA: 33s - loss: 0.6931 - acc: 0.4922 
 192/1424 [===>..........................] - ETA: 21s - loss: 0.6924 - acc: 0.5312
 256/1424 [====>.........................] - ETA: 15s - loss: 0.6922 - acc: 0.5352
 320/1424 [=====>........................] - ETA: 12s - loss: 0.6931 - acc: 0.5125
 384/1424 [=======>......................] - ETA: 9s - loss: 0.6934 - acc: 0.5026 
 448/1424 [========>.....................] - ETA: 7s - loss: 0.6933 - acc: 0.5022
 512/1424 [=========>....................] - ETA: 6s - loss: 0.6931 - acc: 0.5039
 576/1424 [===========>..................] - ETA: 5s - loss: 0.6932 - acc: 0.5000
 640/1424 [============>.................] - ETA: 4s - loss: 0.6929 - acc: 0.5047
 704/1424 [=============>................] - ETA: 4s - loss: 0.6928 - acc: 0.5028
 768/1424 [===============>..............] - ETA: 3s - loss: 0.6927 - acc: 0.5013
 832/1424 [================>.............] - ETA: 2s - loss: 0.6925 - acc: 0.5000
 896/1424 [=================>............] - ETA: 2s - loss: 0.6922 - acc: 0.5022
 960/1424 [===================>..........] - ETA: 2s - loss: 0.6920 - acc: 0.4990
1024/1424 [====================>.........] - ETA: 1s - loss: 0.6916 - acc: 0.5000
1088/1424 [=====================>........] - ETA: 1s - loss: 0.6912 - acc: 0.5055
1152/1424 [=======================>......] - ETA: 1s - loss: 0.6904 - acc: 0.5148
1216/1424 [========================>.....] - ETA: 0s - loss: 0.6894 - acc: 0.5247
1280/1424 [=========================>....] - ETA: 0s - loss: 0.6885 - acc: 0.5289
1344/1424 [===========================>..] - ETA: 0s - loss: 0.6878 - acc: 0.5305
1408/1424 [============================>.] - ETA: 0s - loss: 0.6841 - acc: 0.5384
1424/1424 [==============================] - 7s 5ms/step - loss: 0.6832 - acc: 0.5421 - val_loss: 8.0590 - val_acc: 0.5000
Epoch 2/1000

  32/1424 [..............................] - ETA: 1s - loss: 0.6163 - acc: 0.8750
  96/1424 [=>............................] - ETA: 1s - loss: 0.6187 - acc: 0.7292
 160/1424 [==>...........................] - ETA: 1s - loss: 0.5949 - acc: 0.7312
 224/1424 [===>..........................] - ETA: 1s - loss: 0.5952 - acc: 0.7411
 288/1424 [=====>........................] - ETA: 1s - loss: 0.5828 - acc: 0.7396
 352/1424 [======>.......................] - ETA: 1s - loss: 0.5870 - acc: 0.7358
 416/1424 [=======>......................] - ETA: 0s - loss: 0.5926 - acc: 0.7332
 480/1424 [=========>....................] - ETA: 0s - loss: 0.5939 - acc: 0.7333
 544/1424 [==========>...................] - ETA: 0s - loss: 0.5963 - acc: 0.7224
 608/1424 [===========>..................] - ETA: 0s - loss: 0.5961 - acc: 0.7220
 672/1424 [=============>................] - ETA: 0s - loss: 0.5936 - acc: 0.7277
 736/1424 [==============>...............] - ETA: 0s - loss: 0.5888 - acc: 0.7255
 800/1424 [===============>..............] - ETA: 0s - loss: 0.5950 - acc: 0.7300
 864/1424 [=================>............] - ETA: 0s - loss: 0.5981 - acc: 0.7315
 928/1424 [==================>...........] - ETA: 0s - loss: 0.5973 - acc: 0.7295
 992/1424 [===================>..........] - ETA: 0s - loss: 0.5948 - acc: 0.7268
1056/1424 [=====================>........] - ETA: 0s - loss: 0.6000 - acc: 0.7197
1120/1424 [======================>.......] - ETA: 0s - loss: 0.5991 - acc: 0.7232
1184/1424 [=======================>......] - ETA: 0s - loss: 0.5997 - acc: 0.7213
1248/1424 [=========================>....] - ETA: 0s - loss: 0.5952 - acc: 0.7244
1312/1424 [==========================>...] - ETA: 0s - loss: 0.5961 - acc: 0.7195
1376/1424 [===========================>..] - ETA: 0s - loss: 0.5962 - acc: 0.7173
1424/1424 [==============================] - 4s 3ms/step - loss: 0.5936 - acc: 0.7205 - val_loss: 3.1900 - val_acc: 0.6667
Epoch 3/1000

  32/1424 [..............................] - ETA: 1s - loss: 0.6850 - acc: 0.5938
  96/1424 [=>............................] - ETA: 1s - loss: 0.6441 - acc: 0.6146
 160/1424 [==>...........................] - ETA: 1s - loss: 0.6115 - acc: 0.6562
 224/1424 [===>..........................] - ETA: 1s - loss: 0.5911 - acc: 0.6786
 288/1424 [=====>........................] - ETA: 1s - loss: 0.5797 - acc: 0.7083
 352/1424 [======>.......................] - ETA: 1s - loss: 0.5832 - acc: 0.7102
 416/1424 [=======>......................] - ETA: 0s - loss: 0.5901 - acc: 0.7091
 480/1424 [=========>....................] - ETA: 0s - loss: 0.5849 - acc: 0.7083
 544/1424 [==========>...................] - ETA: 0s - loss: 0.5774 - acc: 0.7151
 608/1424 [===========>..................] - ETA: 0s - loss: 0.5760 - acc: 0.7188
 672/1424 [=============>................] - ETA: 0s - loss: 0.5773 - acc: 0.7173
 736/1424 [==============>...............] - ETA: 0s - loss: 0.5778 - acc: 0.7174
 800/1424 [===============>..............] - ETA: 0s - loss: 0.5689 - acc: 0.7250
 864/1424 [=================>............] - ETA: 0s - loss: 0.5646 - acc: 0.7269
 928/1424 [==================>...........] - ETA: 0s - loss: 0.5616 - acc: 0.7274
 992/1424 [===================>..........] - ETA: 0s - loss: 0.5567 - acc: 0.7329
1056/1424 [=====================>........] - ETA: 0s - loss: 0.5606 - acc: 0.7320
1120/1424 [======================>.......] - ETA: 0s - loss: 0.5581 - acc: 0.7304
1184/1424 [=======================>......] - ETA: 0s - loss: 0.5597 - acc: 0.7323
1248/1424 [=========================>....] - ETA: 0s - loss: 0.5612 - acc: 0.7324
1312/1424 [==========================>...] - ETA: 0s - loss: 0.5601 - acc: 0.7332
1376/1424 [===========================>..] - ETA: 0s - loss: 0.5595 - acc: 0.7340
1424/1424 [==============================] - 4s 3ms/step - loss: 0.5576 - acc: 0.7346 - val_loss: 4.6552 - val_acc: 0.5438
Epoch 4/1000

  32/1424 [..............................] - ETA: 1s - loss: 0.5139 - acc: 0.7500
  96/1424 [=>............................] - ETA: 1s - loss: 0.5565 - acc: 0.7917
 160/1424 [==>...........................] - ETA: 1s - loss: 0.5503 - acc: 0.7688
 224/1424 [===>..........................] - ETA: 1s - loss: 0.5577 - acc: 0.7545
 288/1424 [=====>........................] - ETA: 1s - loss: 0.5463 - acc: 0.7535
 352/1424 [======>.......................] - ETA: 1s - loss: 0.5395 - acc: 0.7500
 416/1424 [=======>......................] - ETA: 0s - loss: 0.5196 - acc: 0.7644
 480/1424 [=========>....................] - ETA: 0s - loss: 0.5208 - acc: 0.7646
 544/1424 [==========>...................] - ETA: 0s - loss: 0.5339 - acc: 0.7463
 608/1424 [===========>..................] - ETA: 0s - loss: 0.5337 - acc: 0.7549
 672/1424 [=============>................] - ETA: 0s - loss: 0.5310 - acc: 0.7545
 736/1424 [==============>...............] - ETA: 0s - loss: 0.5394 - acc: 0.7486
 800/1424 [===============>..............] - ETA: 0s - loss: 0.5354 - acc: 0.7462
 864/1424 [=================>............] - ETA: 0s - loss: 0.5393 - acc: 0.7442
 928/1424 [==================>...........] - ETA: 0s - loss: 0.5419 - acc: 0.7414
 992/1424 [===================>..........] - ETA: 0s - loss: 0.5436 - acc: 0.7379
1056/1424 [=====================>........] - ETA: 0s - loss: 0.5409 - acc: 0.7405
1120/1424 [======================>.......] - ETA: 0s - loss: 0.5397 - acc: 0.7429
1184/1424 [=======================>......] - ETA: 0s - loss: 0.5390 - acc: 0.7449
1248/1424 [=========================>....] - ETA: 0s - loss: 0.5384 - acc: 0.7428
1312/1424 [==========================>...] - ETA: 0s - loss: 0.5401 - acc: 0.7386
1376/1424 [===========================>..] - ETA: 0s - loss: 0.5389 - acc: 0.7376
1424/1424 [==============================] - 4s 3ms/step - loss: 0.5395 - acc: 0.7374 - val_loss: 4.5980 - val_acc: 0.6243
Epoch 5/1000

  32/1424 [..............................] - ETA: 1s - loss: 0.3438 - acc: 0.8125
  96/1424 [=>............................] - ETA: 1s - loss: 0.4050 - acc: 0.8021
 160/1424 [==>...........................] - ETA: 1s - loss: 0.4047 - acc: 0.8063
 224/1424 [===>..........................] - ETA: 1s - loss: 0.4393 - acc: 0.7902
 288/1424 [=====>........................] - ETA: 1s - loss: 0.4679 - acc: 0.7708
 352/1424 [======>.......................] - ETA: 1s - loss: 0.4986 - acc: 0.7585
 416/1424 [=======>......................] - ETA: 0s - loss: 0.5230 - acc: 0.7524
 480/1424 [=========>....................] - ETA: 0s - loss: 0.5237 - acc: 0.7479
 544/1424 [==========>...................] - ETA: 0s - loss: 0.5260 - acc: 0.7500
 608/1424 [===========>..................] - ETA: 0s - loss: 0.5256 - acc: 0.7533
 672/1424 [=============>................] - ETA: 0s - loss: 0.5236 - acc: 0.7545
 736/1424 [==============>...............] - ETA: 0s - loss: 0.5265 - acc: 0.7568
 800/1424 [===============>..............] - ETA: 0s - loss: 0.5265 - acc: 0.7550
 864/1424 [=================>............] - ETA: 0s - loss: 0.5300 - acc: 0.7558
 928/1424 [==================>...........] - ETA: 0s - loss: 0.5331 - acc: 0.7532
 992/1424 [===================>..........] - ETA: 0s - loss: 0.5329 - acc: 0.7530
1056/1424 [=====================>........] - ETA: 0s - loss: 0.5320 - acc: 0.7538
1120/1424 [======================>.......] - ETA: 0s - loss: 0.5360 - acc: 0.7500
1184/1424 [=======================>......] - ETA: 0s - loss: 0.5364 - acc: 0.7517
1248/1424 [=========================>....] - ETA: 0s - loss: 0.5367 - acc: 0.7508
1312/1424 [==========================>...] - ETA: 0s - loss: 0.5348 - acc: 0.7523
1376/1424 [===========================>..] - ETA: 0s - loss: 0.5359 - acc: 0.7515
1424/1424 [==============================] - 4s 3ms/step - loss: 0.5386 - acc: 0.7507 - val_loss: 2.1372 - val_acc: 0.7754
Epoch 6/1000

  32/1424 [..............................] - ETA: 1s - loss: 0.4886 - acc: 0.8125
  96/1424 [=>............................] - ETA: 1s - loss: 0.5067 - acc: 0.8229
 160/1424 [==>...........................] - ETA: 1s - loss: 0.5149 - acc: 0.7937
 224/1424 [===>..........................] - ETA: 1s - loss: 0.4939 - acc: 0.7991
 288/1424 [=====>........................] - ETA: 1s - loss: 0.5119 - acc: 0.7917
 352/1424 [======>.......................] - ETA: 1s - loss: 0.5094 - acc: 0.7898
 416/1424 [=======>......................] - ETA: 0s - loss: 0.5066 - acc: 0.7837
 480/1424 [=========>....................] - ETA: 0s - loss: 0.5205 - acc: 0.7812
 544/1424 [==========>...................] - ETA: 0s - loss: 0.5058 - acc: 0.7904
 608/1424 [===========>..................] - ETA: 0s - loss: 0.5015 - acc: 0.7911
 672/1424 [=============>................] - ETA: 0s - loss: 0.5096 - acc: 0.7842
 736/1424 [==============>...............] - ETA: 0s - loss: 0.5174 - acc: 0.7772
 800/1424 [===============>..............] - ETA: 0s - loss: 0.5156 - acc: 0.7775
 864/1424 [=================>............] - ETA: 0s - loss: 0.5102 - acc: 0.7801
 928/1424 [==================>...........] - ETA: 0s - loss: 0.5168 - acc: 0.7748
 992/1424 [===================>..........] - ETA: 0s - loss: 0.5190 - acc: 0.7712
1056/1424 [=====================>........] - ETA: 0s - loss: 0.5192 - acc: 0.7680
1120/1424 [======================>.......] - ETA: 0s - loss: 0.5151 - acc: 0.7723
1184/1424 [=======================>......] - ETA: 0s - loss: 0.5215 - acc: 0.7652
1248/1424 [=========================>....] - ETA: 0s - loss: 0.5199 - acc: 0.7644
1312/1424 [==========================>...] - ETA: 0s - loss: 0.5215 - acc: 0.7622
1376/1424 [===========================>..] - ETA: 0s - loss: 0.5233 - acc: 0.7580
1424/1424 [==============================] - 4s 3ms/step - loss: 0.5252 - acc: 0.7556 - val_loss: 2.6998 - val_acc: 0.6116
Epoch 7/1000

  32/1424 [..............................] - ETA: 1s - loss: 0.5765 - acc: 0.6562
  96/1424 [=>............................] - ETA: 1s - loss: 0.5006 - acc: 0.7292
 160/1424 [==>...........................] - ETA: 1s - loss: 0.4800 - acc: 0.7438
 224/1424 [===>..........................] - ETA: 1s - loss: 0.5019 - acc: 0.7455
 288/1424 [=====>........................] - ETA: 1s - loss: 0.4946 - acc: 0.7639
 352/1424 [======>.......................] - ETA: 1s - loss: 0.5011 - acc: 0.7642
 416/1424 [=======>......................] - ETA: 0s - loss: 0.4969 - acc: 0.7668
 480/1424 [=========>....................] - ETA: 0s - loss: 0.5039 - acc: 0.7667
 544/1424 [==========>...................] - ETA: 0s - loss: 0.5118 - acc: 0.7592
 608/1424 [===========>..................] - ETA: 0s - loss: 0.5175 - acc: 0.7566
 672/1424 [=============>................] - ETA: 0s - loss: 0.5159 - acc: 0.7589
 736/1424 [==============>...............] - ETA: 0s - loss: 0.5173 - acc: 0.7609
 800/1424 [===============>..............] - ETA: 0s - loss: 0.5177 - acc: 0.7600
 864/1424 [=================>............] - ETA: 0s - loss: 0.5197 - acc: 0.7581
 928/1424 [==================>...........] - ETA: 0s - loss: 0.5139 - acc: 0.7608
 992/1424 [===================>..........] - ETA: 0s - loss: 0.5150 - acc: 0.7631
1056/1424 [=====================>........] - ETA: 0s - loss: 0.5155 - acc: 0.7633
1120/1424 [======================>.......] - ETA: 0s - loss: 0.5128 - acc: 0.7661
1184/1424 [=======================>......] - ETA: 0s - loss: 0.5164 - acc: 0.7644
1248/1424 [=========================>....] - ETA: 0s - loss: 0.5168 - acc: 0.7636
1312/1424 [==========================>...] - ETA: 0s - loss: 0.5187 - acc: 0.7622
1376/1424 [===========================>..] - ETA: 0s - loss: 0.5232 - acc: 0.7594
1424/1424 [==============================] - 4s 3ms/step - loss: 0.5278 - acc: 0.7563 - val_loss: 4.3213 - val_acc: 0.5113
Epoch 8/1000

  32/1424 [..............................] - ETA: 1s - loss: 0.4314 - acc: 0.8438
  96/1424 [=>............................] - ETA: 1s - loss: 0.4779 - acc: 0.8229
 160/1424 [==>...........................] - ETA: 1s - loss: 0.5073 - acc: 0.7812
 224/1424 [===>..........................] - ETA: 1s - loss: 0.4971 - acc: 0.7946
 288/1424 [=====>........................] - ETA: 1s - loss: 0.5087 - acc: 0.7778
 352/1424 [======>.......................] - ETA: 1s - loss: 0.5159 - acc: 0.7727
 416/1424 [=======>......................] - ETA: 0s - loss: 0.5182 - acc: 0.7620
 480/1424 [=========>....................] - ETA: 0s - loss: 0.5187 - acc: 0.7604
 544/1424 [==========>...................] - ETA: 0s - loss: 0.5175 - acc: 0.7592
 608/1424 [===========>..................] - ETA: 0s - loss: 0.5120 - acc: 0.7599
 672/1424 [=============>................] - ETA: 0s - loss: 0.5060 - acc: 0.7679
 736/1424 [==============>...............] - ETA: 0s - loss: 0.5111 - acc: 0.7636
 800/1424 [===============>..............] - ETA: 0s - loss: 0.5078 - acc: 0.7712
 864/1424 [=================>............] - ETA: 0s - loss: 0.5120 - acc: 0.7662
 928/1424 [==================>...........] - ETA: 0s - loss: 0.5222 - acc: 0.7597
 992/1424 [===================>..........] - ETA: 0s - loss: 0.5215 - acc: 0.7581
1056/1424 [=====================>........] - ETA: 0s - loss: 0.5269 - acc: 0.7557
1120/1424 [======================>.......] - ETA: 0s - loss: 0.5247 - acc: 0.7571
1184/1424 [=======================>......] - ETA: 0s - loss: 0.5228 - acc: 0.7593
1248/1424 [=========================>....] - ETA: 0s - loss: 0.5238 - acc: 0.7588
1312/1424 [==========================>...] - ETA: 0s - loss: 0.5213 - acc: 0.7614
1376/1424 [===========================>..] - ETA: 0s - loss: 0.5194 - acc: 0.7631
1424/1424 [==============================] - 4s 3ms/step - loss: 0.5181 - acc: 0.7633 - val_loss: 2.4474 - val_acc: 0.6130
Epoch 9/1000

  32/1424 [..............................] - ETA: 1s - loss: 0.4775 - acc: 0.7812
  96/1424 [=>............................] - ETA: 1s - loss: 0.4858 - acc: 0.7917
 160/1424 [==>...........................] - ETA: 1s - loss: 0.5328 - acc: 0.7625
 224/1424 [===>..........................] - ETA: 1s - loss: 0.5420 - acc: 0.7455
 288/1424 [=====>........................] - ETA: 1s - loss: 0.5479 - acc: 0.7431
 352/1424 [======>.......................] - ETA: 1s - loss: 0.5446 - acc: 0.7443
 416/1424 [=======>......................] - ETA: 0s - loss: 0.5324 - acc: 0.7476
 480/1424 [=========>....................] - ETA: 0s - loss: 0.5402 - acc: 0.7396
 544/1424 [==========>...................] - ETA: 0s - loss: 0.5417 - acc: 0.7408
 608/1424 [===========>..................] - ETA: 0s - loss: 0.5404 - acc: 0.7467
 672/1424 [=============>................] - ETA: 0s - loss: 0.5355 - acc: 0.7470
 736/1424 [==============>...............] - ETA: 0s - loss: 0.5264 - acc: 0.7554
 800/1424 [===============>..............] - ETA: 0s - loss: 0.5211 - acc: 0.7562
 864/1424 [=================>............] - ETA: 0s - loss: 0.5254 - acc: 0.7512
 928/1424 [==================>...........] - ETA: 0s - loss: 0.5260 - acc: 0.7543
 992/1424 [===================>..........] - ETA: 0s - loss: 0.5177 - acc: 0.7591
1056/1424 [=====================>........] - ETA: 0s - loss: 0.5168 - acc: 0.7604
1120/1424 [======================>.......] - ETA: 0s - loss: 0.5155 - acc: 0.7598
1184/1424 [=======================>......] - ETA: 0s - loss: 0.5150 - acc: 0.7601
1248/1424 [=========================>....] - ETA: 0s - loss: 0.5129 - acc: 0.7620
1312/1424 [==========================>...] - ETA: 0s - loss: 0.5098 - acc: 0.7645
1376/1424 [===========================>..] - ETA: 0s - loss: 0.5109 - acc: 0.7624
1424/1424 [==============================] - 4s 3ms/step - loss: 0.5127 - acc: 0.7612 - val_loss: 2.7095 - val_acc: 0.6384
Epoch 10/1000

  32/1424 [..............................] - ETA: 1s - loss: 0.5813 - acc: 0.7188
  96/1424 [=>............................] - ETA: 1s - loss: 0.5724 - acc: 0.6875
 160/1424 [==>...........................] - ETA: 1s - loss: 0.5465 - acc: 0.7125
 224/1424 [===>..........................] - ETA: 1s - loss: 0.5511 - acc: 0.7232
 288/1424 [=====>........................] - ETA: 1s - loss: 0.5525 - acc: 0.7292
 352/1424 [======>.......................] - ETA: 1s - loss: 0.5419 - acc: 0.7386
 416/1424 [=======>......................] - ETA: 0s - loss: 0.5403 - acc: 0.7380
 480/1424 [=========>....................] - ETA: 0s - loss: 0.5340 - acc: 0.7458
 544/1424 [==========>...................] - ETA: 0s - loss: 0.5341 - acc: 0.7463
 608/1424 [===========>..................] - ETA: 0s - loss: 0.5334 - acc: 0.7451
 672/1424 [=============>................] - ETA: 0s - loss: 0.5295 - acc: 0.7500
 736/1424 [==============>...............] - ETA: 0s - loss: 0.5205 - acc: 0.7554
 800/1424 [===============>..............] - ETA: 0s - loss: 0.5174 - acc: 0.7600
 864/1424 [=================>............] - ETA: 0s - loss: 0.5139 - acc: 0.7627
 928/1424 [==================>...........] - ETA: 0s - loss: 0.5167 - acc: 0.7608
 992/1424 [===================>..........] - ETA: 0s - loss: 0.5182 - acc: 0.7631
1056/1424 [=====================>........] - ETA: 0s - loss: 0.5162 - acc: 0.7642
1120/1424 [======================>.......] - ETA: 0s - loss: 0.5157 - acc: 0.7643
1184/1424 [=======================>......] - ETA: 0s - loss: 0.5108 - acc: 0.7669
1248/1424 [=========================>....] - ETA: 0s - loss: 0.5107 - acc: 0.7660
1312/1424 [==========================>...] - ETA: 0s - loss: 0.5106 - acc: 0.7660
1376/1424 [===========================>..] - ETA: 0s - loss: 0.5035 - acc: 0.7696
1424/1424 [==============================] - 4s 3ms/step - loss: 0.5017 - acc: 0.7718 - val_loss: 3.8698 - val_acc: 0.5777
Epoch 11/1000

  32/1424 [..............................] - ETA: 1s - loss: 0.4037 - acc: 0.8750
  96/1424 [=>............................] - ETA: 1s - loss: 0.4941 - acc: 0.7812
 160/1424 [==>...........................] - ETA: 1s - loss: 0.5132 - acc: 0.7500
 224/1424 [===>..........................] - ETA: 1s - loss: 0.4827 - acc: 0.7857
 288/1424 [=====>........................] - ETA: 1s - loss: 0.4748 - acc: 0.7951
 352/1424 [======>.......................] - ETA: 1s - loss: 0.5008 - acc: 0.7670
 416/1424 [=======>......................] - ETA: 0s - loss: 0.4859 - acc: 0.7788
 480/1424 [=========>....................] - ETA: 0s - loss: 0.4896 - acc: 0.7792
 544/1424 [==========>...................] - ETA: 0s - loss: 0.4825 - acc: 0.7831
 608/1424 [===========>..................] - ETA: 0s - loss: 0.4823 - acc: 0.7862
 672/1424 [=============>................] - ETA: 0s - loss: 0.4908 - acc: 0.7753
 736/1424 [==============>...............] - ETA: 0s - loss: 0.4855 - acc: 0.7799
 800/1424 [===============>..............] - ETA: 0s - loss: 0.4860 - acc: 0.7762
 864/1424 [=================>............] - ETA: 0s - loss: 0.4859 - acc: 0.7778
 928/1424 [==================>...........] - ETA: 0s - loss: 0.4912 - acc: 0.7705
 992/1424 [===================>..........] - ETA: 0s - loss: 0.4903 - acc: 0.7722
1056/1424 [=====================>........] - ETA: 0s - loss: 0.4846 - acc: 0.7765
1120/1424 [======================>.......] - ETA: 0s - loss: 0.4911 - acc: 0.7723
1184/1424 [=======================>......] - ETA: 0s - loss: 0.4895 - acc: 0.7728
1248/1424 [=========================>....] - ETA: 0s - loss: 0.4917 - acc: 0.7724
1312/1424 [==========================>...] - ETA: 0s - loss: 0.4965 - acc: 0.7713
1376/1424 [===========================>..] - ETA: 0s - loss: 0.4968 - acc: 0.7718
1424/1424 [==============================] - 4s 3ms/step - loss: 0.4964 - acc: 0.7725 - val_loss: 1.0027 - val_acc: 0.7048
Epoch 12/1000

  32/1424 [..............................] - ETA: 1s - loss: 0.5379 - acc: 0.7812
  96/1424 [=>............................] - ETA: 1s - loss: 0.5199 - acc: 0.7708
 160/1424 [==>...........................] - ETA: 1s - loss: 0.5228 - acc: 0.7562
 224/1424 [===>..........................] - ETA: 1s - loss: 0.4982 - acc: 0.7679
 288/1424 [=====>........................] - ETA: 1s - loss: 0.5224 - acc: 0.7465
 352/1424 [======>.......................] - ETA: 1s - loss: 0.4900 - acc: 0.7727
 416/1424 [=======>......................] - ETA: 0s - loss: 0.4942 - acc: 0.7692
 480/1424 [=========>....................] - ETA: 0s - loss: 0.4873 - acc: 0.7708
 544/1424 [==========>...................] - ETA: 0s - loss: 0.4854 - acc: 0.7739
 608/1424 [===========>..................] - ETA: 0s - loss: 0.4786 - acc: 0.7796
 672/1424 [=============>................] - ETA: 0s - loss: 0.4878 - acc: 0.7753
 736/1424 [==============>...............] - ETA: 0s - loss: 0.4902 - acc: 0.7785
 800/1424 [===============>..............] - ETA: 0s - loss: 0.4825 - acc: 0.7825
 864/1424 [=================>............] - ETA: 0s - loss: 0.4794 - acc: 0.7859
 928/1424 [==================>...........] - ETA: 0s - loss: 0.4798 - acc: 0.7845
 992/1424 [===================>..........] - ETA: 0s - loss: 0.4828 - acc: 0.7812
1056/1424 [=====================>........] - ETA: 0s - loss: 0.4884 - acc: 0.7794
1120/1424 [======================>.......] - ETA: 0s - loss: 0.4861 - acc: 0.7786
1184/1424 [=======================>......] - ETA: 0s - loss: 0.4889 - acc: 0.7762
1248/1424 [=========================>....] - ETA: 0s - loss: 0.4853 - acc: 0.7788
1312/1424 [==========================>...] - ETA: 0s - loss: 0.4871 - acc: 0.7767
1376/1424 [===========================>..] - ETA: 0s - loss: 0.4847 - acc: 0.7791
1424/1424 [==============================] - 4s 3ms/step - loss: 0.4907 - acc: 0.7767 - val_loss: 0.9730 - val_acc: 0.6766
Epoch 13/1000

  32/1424 [..............................] - ETA: 1s - loss: 0.4517 - acc: 0.8125
  96/1424 [=>............................] - ETA: 1s - loss: 0.4752 - acc: 0.7604
 160/1424 [==>...........................] - ETA: 1s - loss: 0.5130 - acc: 0.7562
 224/1424 [===>..........................] - ETA: 1s - loss: 0.4902 - acc: 0.7768
 288/1424 [=====>........................] - ETA: 1s - loss: 0.4728 - acc: 0.7917
 352/1424 [======>.......................] - ETA: 1s - loss: 0.4865 - acc: 0.7841
 416/1424 [=======>......................] - ETA: 0s - loss: 0.4902 - acc: 0.7812
 480/1424 [=========>....................] - ETA: 0s - loss: 0.5034 - acc: 0.7646
 544/1424 [==========>...................] - ETA: 0s - loss: 0.5098 - acc: 0.7574
 608/1424 [===========>..................] - ETA: 0s - loss: 0.5058 - acc: 0.7632
 672/1424 [=============>................] - ETA: 0s - loss: 0.4998 - acc: 0.7708
 736/1424 [==============>...............] - ETA: 0s - loss: 0.4962 - acc: 0.7745
 800/1424 [===============>..............] - ETA: 0s - loss: 0.4931 - acc: 0.7775
 864/1424 [=================>............] - ETA: 0s - loss: 0.4917 - acc: 0.7812
 928/1424 [==================>...........] - ETA: 0s - loss: 0.4864 - acc: 0.7856
 992/1424 [===================>..........] - ETA: 0s - loss: 0.4931 - acc: 0.7843
1056/1424 [=====================>........] - ETA: 0s - loss: 0.4934 - acc: 0.7822
1120/1424 [======================>.......] - ETA: 0s - loss: 0.4869 - acc: 0.7848
1184/1424 [=======================>......] - ETA: 0s - loss: 0.4817 - acc: 0.7863
1248/1424 [=========================>....] - ETA: 0s - loss: 0.4849 - acc: 0.7837
1312/1424 [==========================>...] - ETA: 0s - loss: 0.4836 - acc: 0.7843
1376/1424 [===========================>..] - ETA: 0s - loss: 0.4840 - acc: 0.7812
1424/1424 [==============================] - 4s 3ms/step - loss: 0.4894 - acc: 0.7781 - val_loss: 1.2469 - val_acc: 0.6257
Epoch 14/1000

  32/1424 [..............................] - ETA: 1s - loss: 0.4447 - acc: 0.7812
  96/1424 [=>............................] - ETA: 1s - loss: 0.4819 - acc: 0.7708
 160/1424 [==>...........................] - ETA: 1s - loss: 0.4775 - acc: 0.7625
 224/1424 [===>..........................] - ETA: 1s - loss: 0.4555 - acc: 0.7902
 288/1424 [=====>........................] - ETA: 1s - loss: 0.4570 - acc: 0.7882
 352/1424 [======>.......................] - ETA: 1s - loss: 0.4576 - acc: 0.7869
 416/1424 [=======>......................] - ETA: 0s - loss: 0.4564 - acc: 0.7981
 480/1424 [=========>....................] - ETA: 0s - loss: 0.4664 - acc: 0.7979
 544/1424 [==========>...................] - ETA: 0s - loss: 0.4644 - acc: 0.7960
 608/1424 [===========>..................] - ETA: 0s - loss: 0.4744 - acc: 0.7944
 672/1424 [=============>................] - ETA: 0s - loss: 0.4830 - acc: 0.7917
 736/1424 [==============>...............] - ETA: 0s - loss: 0.4729 - acc: 0.8003
 800/1424 [===============>..............] - ETA: 0s - loss: 0.4739 - acc: 0.7975
 864/1424 [=================>............] - ETA: 0s - loss: 0.4729 - acc: 0.7963
 928/1424 [==================>...........] - ETA: 0s - loss: 0.4804 - acc: 0.7909
 992/1424 [===================>..........] - ETA: 0s - loss: 0.4852 - acc: 0.7863
1056/1424 [=====================>........] - ETA: 0s - loss: 0.4910 - acc: 0.7803
1120/1424 [======================>.......] - ETA: 0s - loss: 0.4898 - acc: 0.7812
1184/1424 [=======================>......] - ETA: 0s - loss: 0.4904 - acc: 0.7812
1248/1424 [=========================>....] - ETA: 0s - loss: 0.4922 - acc: 0.7780
1312/1424 [==========================>...] - ETA: 0s - loss: 0.4947 - acc: 0.7752
1376/1424 [===========================>..] - ETA: 0s - loss: 0.4944 - acc: 0.7754
1424/1424 [==============================] - 4s 3ms/step - loss: 0.4931 - acc: 0.7781 - val_loss: 0.7746 - val_acc: 0.7020
Epoch 15/1000

  32/1424 [..............................] - ETA: 1s - loss: 0.4652 - acc: 0.7500
  96/1424 [=>............................] - ETA: 1s - loss: 0.4455 - acc: 0.7917
 160/1424 [==>...........................] - ETA: 1s - loss: 0.4520 - acc: 0.7875
 224/1424 [===>..........................] - ETA: 1s - loss: 0.4490 - acc: 0.7991
 288/1424 [=====>........................] - ETA: 1s - loss: 0.4431 - acc: 0.8090
 352/1424 [======>.......................] - ETA: 1s - loss: 0.4524 - acc: 0.8040
 416/1424 [=======>......................] - ETA: 0s - loss: 0.4488 - acc: 0.8029
 480/1424 [=========>....................] - ETA: 0s - loss: 0.4599 - acc: 0.7979
 544/1424 [==========>...................] - ETA: 0s - loss: 0.4890 - acc: 0.7757
 608/1424 [===========>..................] - ETA: 0s - loss: 0.4890 - acc: 0.7763
 672/1424 [=============>................] - ETA: 0s - loss: 0.4880 - acc: 0.7783
 736/1424 [==============>...............] - ETA: 0s - loss: 0.4969 - acc: 0.7690
 800/1424 [===============>..............] - ETA: 0s - loss: 0.4920 - acc: 0.7712
 864/1424 [=================>............] - ETA: 0s - loss: 0.4993 - acc: 0.7616
 928/1424 [==================>...........] - ETA: 0s - loss: 0.4930 - acc: 0.7651
 992/1424 [===================>..........] - ETA: 0s - loss: 0.4869 - acc: 0.7681
1056/1424 [=====================>........] - ETA: 0s - loss: 0.4894 - acc: 0.7652
1120/1424 [======================>.......] - ETA: 0s - loss: 0.4910 - acc: 0.7634
1184/1424 [=======================>......] - ETA: 0s - loss: 0.4906 - acc: 0.7644
1248/1424 [=========================>....] - ETA: 0s - loss: 0.4905 - acc: 0.7668
1312/1424 [==========================>...] - ETA: 0s - loss: 0.4901 - acc: 0.7675
1376/1424 [===========================>..] - ETA: 0s - loss: 0.4902 - acc: 0.7674
1424/1424 [==============================] - 4s 3ms/step - loss: 0.4904 - acc: 0.7690 - val_loss: 0.8527 - val_acc: 0.6921
Epoch 16/1000

  32/1424 [..............................] - ETA: 1s - loss: 0.4550 - acc: 0.7812
  96/1424 [=>............................] - ETA: 1s - loss: 0.5720 - acc: 0.7083
 160/1424 [==>...........................] - ETA: 1s - loss: 0.5646 - acc: 0.7188
 224/1424 [===>..........................] - ETA: 1s - loss: 0.5268 - acc: 0.7634
 288/1424 [=====>........................] - ETA: 1s - loss: 0.4978 - acc: 0.7778
 352/1424 [======>.......................] - ETA: 1s - loss: 0.4979 - acc: 0.7841
 416/1424 [=======>......................] - ETA: 0s - loss: 0.5092 - acc: 0.7716
 480/1424 [=========>....................] - ETA: 0s - loss: 0.4949 - acc: 0.7833
 544/1424 [==========>...................] - ETA: 0s - loss: 0.4798 - acc: 0.7923
 608/1424 [===========>..................] - ETA: 0s - loss: 0.4764 - acc: 0.7928
 672/1424 [=============>................] - ETA: 0s - loss: 0.4805 - acc: 0.7917
 736/1424 [==============>...............] - ETA: 0s - loss: 0.4694 - acc: 0.7962
 800/1424 [===============>..............] - ETA: 0s - loss: 0.4649 - acc: 0.7987
 864/1424 [=================>............] - ETA: 0s - loss: 0.4740 - acc: 0.7928
 928/1424 [==================>...........] - ETA: 0s - loss: 0.4785 - acc: 0.7866
 992/1424 [===================>..........] - ETA: 0s - loss: 0.4750 - acc: 0.7883
1056/1424 [=====================>........] - ETA: 0s - loss: 0.4778 - acc: 0.7850
1120/1424 [======================>.......] - ETA: 0s - loss: 0.4743 - acc: 0.7875
1184/1424 [=======================>......] - ETA: 0s - loss: 0.4739 - acc: 0.7872
1248/1424 [=========================>....] - ETA: 0s - loss: 0.4728 - acc: 0.7877
1312/1424 [==========================>...] - ETA: 0s - loss: 0.4734 - acc: 0.7896
1376/1424 [===========================>..] - ETA: 0s - loss: 0.4750 - acc: 0.7900
1424/1424 [==============================] - 4s 3ms/step - loss: 0.4782 - acc: 0.7872 - val_loss: 0.7991 - val_acc: 0.7641
Epoch 17/1000

  32/1424 [..............................] - ETA: 1s - loss: 0.3759 - acc: 0.8750
  96/1424 [=>............................] - ETA: 1s - loss: 0.4718 - acc: 0.8021
 160/1424 [==>...........................] - ETA: 1s - loss: 0.4885 - acc: 0.7937
 224/1424 [===>..........................] - ETA: 1s - loss: 0.4867 - acc: 0.7902
 288/1424 [=====>........................] - ETA: 1s - loss: 0.4895 - acc: 0.7847
 352/1424 [======>.......................] - ETA: 1s - loss: 0.4667 - acc: 0.7983
 416/1424 [=======>......................] - ETA: 0s - loss: 0.4615 - acc: 0.8053
 480/1424 [=========>....................] - ETA: 0s - loss: 0.4608 - acc: 0.8021
 544/1424 [==========>...................] - ETA: 0s - loss: 0.4707 - acc: 0.7904
 608/1424 [===========>..................] - ETA: 0s - loss: 0.4696 - acc: 0.7895
 672/1424 [=============>................] - ETA: 0s - loss: 0.4758 - acc: 0.7857
 736/1424 [==============>...............] - ETA: 0s - loss: 0.4730 - acc: 0.7867
 800/1424 [===============>..............] - ETA: 0s - loss: 0.4675 - acc: 0.7900
 864/1424 [=================>............] - ETA: 0s - loss: 0.4698 - acc: 0.7882
 928/1424 [==================>...........] - ETA: 0s - loss: 0.4749 - acc: 0.7845
 992/1424 [===================>..........] - ETA: 0s - loss: 0.4729 - acc: 0.7893
1056/1424 [=====================>........] - ETA: 0s - loss: 0.4702 - acc: 0.7888
1120/1424 [======================>.......] - ETA: 0s - loss: 0.4721 - acc: 0.7884
1184/1424 [=======================>......] - ETA: 0s - loss: 0.4708 - acc: 0.7872
1248/1424 [=========================>....] - ETA: 0s - loss: 0.4730 - acc: 0.7853
1312/1424 [==========================>...] - ETA: 0s - loss: 0.4724 - acc: 0.7828
1376/1424 [===========================>..] - ETA: 0s - loss: 0.4753 - acc: 0.7827
1424/1424 [==============================] - 4s 3ms/step - loss: 0.4735 - acc: 0.7823 - val_loss: 1.7084 - val_acc: 0.6794
Epoch 18/1000

  32/1424 [..............................] - ETA: 1s - loss: 0.4615 - acc: 0.8125
  96/1424 [=>............................] - ETA: 1s - loss: 0.4691 - acc: 0.8229
 160/1424 [==>...........................] - ETA: 1s - loss: 0.4896 - acc: 0.7875
 224/1424 [===>..........................] - ETA: 1s - loss: 0.4875 - acc: 0.7812
 288/1424 [=====>........................] - ETA: 1s - loss: 0.4658 - acc: 0.7951
 352/1424 [======>.......................] - ETA: 1s - loss: 0.4669 - acc: 0.7898
 416/1424 [=======>......................] - ETA: 0s - loss: 0.4618 - acc: 0.7861
 480/1424 [=========>....................] - ETA: 0s - loss: 0.4734 - acc: 0.7896
 544/1424 [==========>...................] - ETA: 0s - loss: 0.4698 - acc: 0.7923
 608/1424 [===========>..................] - ETA: 0s - loss: 0.4696 - acc: 0.7944
 672/1424 [=============>................] - ETA: 0s - loss: 0.4556 - acc: 0.8021
 736/1424 [==============>...............] - ETA: 0s - loss: 0.4508 - acc: 0.8043
 800/1424 [===============>..............] - ETA: 0s - loss: 0.4547 - acc: 0.8000
 864/1424 [=================>............] - ETA: 0s - loss: 0.4601 - acc: 0.7928
 928/1424 [==================>...........] - ETA: 0s - loss: 0.4657 - acc: 0.7942
 992/1424 [===================>..........] - ETA: 0s - loss: 0.4705 - acc: 0.7933
1056/1424 [=====================>........] - ETA: 0s - loss: 0.4645 - acc: 0.7964
1120/1424 [======================>.......] - ETA: 0s - loss: 0.4622 - acc: 0.7982
1184/1424 [=======================>......] - ETA: 0s - loss: 0.4630 - acc: 0.7973
1248/1424 [=========================>....] - ETA: 0s - loss: 0.4637 - acc: 0.7965
1312/1424 [==========================>...] - ETA: 0s - loss: 0.4673 - acc: 0.7912
1376/1424 [===========================>..] - ETA: 0s - loss: 0.4668 - acc: 0.7922
1424/1424 [==============================] - 4s 3ms/step - loss: 0.4630 - acc: 0.7949 - val_loss: 0.8261 - val_acc: 0.7797
Epoch 19/1000

  32/1424 [..............................] - ETA: 1s - loss: 0.4068 - acc: 0.8438
  96/1424 [=>............................] - ETA: 1s - loss: 0.4942 - acc: 0.7812
 160/1424 [==>...........................] - ETA: 1s - loss: 0.4855 - acc: 0.7750
 224/1424 [===>..........................] - ETA: 1s - loss: 0.4895 - acc: 0.7812
 288/1424 [=====>........................] - ETA: 1s - loss: 0.4929 - acc: 0.7812
 352/1424 [======>.......................] - ETA: 1s - loss: 0.4872 - acc: 0.7784
 416/1424 [=======>......................] - ETA: 0s - loss: 0.4906 - acc: 0.7740
 480/1424 [=========>....................] - ETA: 0s - loss: 0.4887 - acc: 0.7667
 544/1424 [==========>...................] - ETA: 0s - loss: 0.4815 - acc: 0.7739
 608/1424 [===========>..................] - ETA: 0s - loss: 0.4822 - acc: 0.7747
 672/1424 [=============>................] - ETA: 0s - loss: 0.4695 - acc: 0.7842
 736/1424 [==============>...............] - ETA: 0s - loss: 0.4680 - acc: 0.7826
 800/1424 [===============>..............] - ETA: 0s - loss: 0.4671 - acc: 0.7837
 864/1424 [=================>............] - ETA: 0s - loss: 0.4609 - acc: 0.7870
 928/1424 [==================>...........] - ETA: 0s - loss: 0.4578 - acc: 0.7909
 992/1424 [===================>..........] - ETA: 0s - loss: 0.4531 - acc: 0.7933
1056/1424 [=====================>........] - ETA: 0s - loss: 0.4560 - acc: 0.7936
1120/1424 [======================>.......] - ETA: 0s - loss: 0.4607 - acc: 0.7920
1184/1424 [=======================>......] - ETA: 0s - loss: 0.4608 - acc: 0.7931
1248/1424 [=========================>....] - ETA: 0s - loss: 0.4657 - acc: 0.7885
1312/1424 [==========================>...] - ETA: 0s - loss: 0.4644 - acc: 0.7881
1376/1424 [===========================>..] - ETA: 0s - loss: 0.4640 - acc: 0.7871
1424/1424 [==============================] - 4s 3ms/step - loss: 0.4636 - acc: 0.7872 - val_loss: 1.1660 - val_acc: 0.7444
Epoch 20/1000

  32/1424 [..............................] - ETA: 1s - loss: 0.3306 - acc: 0.8750
  96/1424 [=>............................] - ETA: 1s - loss: 0.4251 - acc: 0.8125
 160/1424 [==>...........................] - ETA: 1s - loss: 0.5067 - acc: 0.7812
 224/1424 [===>..........................] - ETA: 1s - loss: 0.4829 - acc: 0.8036
 288/1424 [=====>........................] - ETA: 1s - loss: 0.4570 - acc: 0.8056
 352/1424 [======>.......................] - ETA: 1s - loss: 0.4690 - acc: 0.7955
 416/1424 [=======>......................] - ETA: 0s - loss: 0.4556 - acc: 0.8005
 480/1424 [=========>....................] - ETA: 0s - loss: 0.4504 - acc: 0.7958
 544/1424 [==========>...................] - ETA: 0s - loss: 0.4464 - acc: 0.8033
 608/1424 [===========>..................] - ETA: 0s - loss: 0.4548 - acc: 0.7993
 672/1424 [=============>................] - ETA: 0s - loss: 0.4574 - acc: 0.7932
 736/1424 [==============>...............] - ETA: 0s - loss: 0.4632 - acc: 0.7908
 800/1424 [===============>..............] - ETA: 0s - loss: 0.4632 - acc: 0.7887
 864/1424 [=================>............] - ETA: 0s - loss: 0.4584 - acc: 0.7905
 928/1424 [==================>...........] - ETA: 0s - loss: 0.4573 - acc: 0.7899
 992/1424 [===================>..........] - ETA: 0s - loss: 0.4619 - acc: 0.7883
1056/1424 [=====================>........] - ETA: 0s - loss: 0.4547 - acc: 0.7926
1120/1424 [======================>.......] - ETA: 0s - loss: 0.4507 - acc: 0.7946
1184/1424 [=======================>......] - ETA: 0s - loss: 0.4498 - acc: 0.7931
1248/1424 [=========================>....] - ETA: 0s - loss: 0.4549 - acc: 0.7893
1312/1424 [==========================>...] - ETA: 0s - loss: 0.4571 - acc: 0.7912
1376/1424 [===========================>..] - ETA: 0s - loss: 0.4588 - acc: 0.7892
1424/1424 [==============================] - 4s 3ms/step - loss: 0.4534 - acc: 0.7928 - val_loss: 2.0910 - val_acc: 0.6469
Epoch 21/1000

  32/1424 [..............................] - ETA: 1s - loss: 0.3722 - acc: 0.8438
  96/1424 [=>............................] - ETA: 1s - loss: 0.4790 - acc: 0.8125
 160/1424 [==>...........................] - ETA: 1s - loss: 0.4498 - acc: 0.8187
 224/1424 [===>..........................] - ETA: 1s - loss: 0.4477 - acc: 0.7991
 288/1424 [=====>........................] - ETA: 1s - loss: 0.4795 - acc: 0.7847
 352/1424 [======>.......................] - ETA: 1s - loss: 0.4612 - acc: 0.7983
 416/1424 [=======>......................] - ETA: 0s - loss: 0.4742 - acc: 0.7837
 480/1424 [=========>....................] - ETA: 0s - loss: 0.4694 - acc: 0.7896
 544/1424 [==========>...................] - ETA: 0s - loss: 0.4634 - acc: 0.7941
 608/1424 [===========>..................] - ETA: 0s - loss: 0.4622 - acc: 0.7944
 672/1424 [=============>................] - ETA: 0s - loss: 0.4676 - acc: 0.7902
 736/1424 [==============>...............] - ETA: 0s - loss: 0.4685 - acc: 0.7880
 800/1424 [===============>..............] - ETA: 0s - loss: 0.4656 - acc: 0.7863
 864/1424 [=================>............] - ETA: 0s - loss: 0.4598 - acc: 0.7894
 928/1424 [==================>...........] - ETA: 0s - loss: 0.4597 - acc: 0.7888
 992/1424 [===================>..........] - ETA: 0s - loss: 0.4603 - acc: 0.7893
1056/1424 [=====================>........] - ETA: 0s - loss: 0.4523 - acc: 0.7945
1120/1424 [======================>.......] - ETA: 0s - loss: 0.4518 - acc: 0.7955
1184/1424 [=======================>......] - ETA: 0s - loss: 0.4528 - acc: 0.7939
1248/1424 [=========================>....] - ETA: 0s - loss: 0.4535 - acc: 0.7957
1312/1424 [==========================>...] - ETA: 0s - loss: 0.4565 - acc: 0.7927
1376/1424 [===========================>..] - ETA: 0s - loss: 0.4574 - acc: 0.7929
1424/1424 [==============================] - 4s 3ms/step - loss: 0.4519 - acc: 0.7956 - val_loss: 2.1284 - val_acc: 0.7119
Epoch 22/1000

  32/1424 [..............................] - ETA: 1s - loss: 0.4320 - acc: 0.7812
  96/1424 [=>............................] - ETA: 1s - loss: 0.4119 - acc: 0.8229
 160/1424 [==>...........................] - ETA: 1s - loss: 0.3655 - acc: 0.8562
 224/1424 [===>..........................] - ETA: 1s - loss: 0.3449 - acc: 0.8616
 288/1424 [=====>........................] - ETA: 1s - loss: 0.3448 - acc: 0.8576
 352/1424 [======>.......................] - ETA: 1s - loss: 0.3761 - acc: 0.8466
 416/1424 [=======>......................] - ETA: 0s - loss: 0.4049 - acc: 0.8341
 480/1424 [=========>....................] - ETA: 0s - loss: 0.4132 - acc: 0.8292
 544/1424 [==========>...................] - ETA: 0s - loss: 0.4312 - acc: 0.8199
 608/1424 [===========>..................] - ETA: 0s - loss: 0.4355 - acc: 0.8174
 672/1424 [=============>................] - ETA: 0s - loss: 0.4384 - acc: 0.8110
 736/1424 [==============>...............] - ETA: 0s - loss: 0.4362 - acc: 0.8139
 800/1424 [===============>..............] - ETA: 0s - loss: 0.4504 - acc: 0.8100
 864/1424 [=================>............] - ETA: 0s - loss: 0.4495 - acc: 0.8090
 928/1424 [==================>...........] - ETA: 0s - loss: 0.4537 - acc: 0.8060
 992/1424 [===================>..........] - ETA: 0s - loss: 0.4487 - acc: 0.8085
1056/1424 [=====================>........] - ETA: 0s - loss: 0.4468 - acc: 0.8087
1120/1424 [======================>.......] - ETA: 0s - loss: 0.4506 - acc: 0.8080
1184/1424 [=======================>......] - ETA: 0s - loss: 0.4512 - acc: 0.8100
1248/1424 [=========================>....] - ETA: 0s - loss: 0.4560 - acc: 0.8069
1312/1424 [==========================>...] - ETA: 0s - loss: 0.4524 - acc: 0.8087
1376/1424 [===========================>..] - ETA: 0s - loss: 0.4501 - acc: 0.8103
1424/1424 [==============================] - 4s 3ms/step - loss: 0.4509 - acc: 0.8104 - val_loss: 3.3710 - val_acc: 0.6158
Epoch 23/1000

  32/1424 [..............................] - ETA: 1s - loss: 0.3374 - acc: 0.8750
  96/1424 [=>............................] - ETA: 1s - loss: 0.4228 - acc: 0.8333
 160/1424 [==>...........................] - ETA: 1s - loss: 0.4702 - acc: 0.7875
 224/1424 [===>..........................] - ETA: 1s - loss: 0.4625 - acc: 0.7812
 288/1424 [=====>........................] - ETA: 1s - loss: 0.4965 - acc: 0.7535
 352/1424 [======>.......................] - ETA: 1s - loss: 0.4796 - acc: 0.7699
 416/1424 [=======>......................] - ETA: 0s - loss: 0.4736 - acc: 0.7668
 480/1424 [=========>....................] - ETA: 0s - loss: 0.4775 - acc: 0.7646
 544/1424 [==========>...................] - ETA: 0s - loss: 0.4729 - acc: 0.7684
 608/1424 [===========>..................] - ETA: 0s - loss: 0.4804 - acc: 0.7664
 672/1424 [=============>................] - ETA: 0s - loss: 0.4699 - acc: 0.7768
 736/1424 [==============>...............] - ETA: 0s - loss: 0.4697 - acc: 0.7772
 800/1424 [===============>..............] - ETA: 0s - loss: 0.4699 - acc: 0.7775
 864/1424 [=================>............] - ETA: 0s - loss: 0.4643 - acc: 0.7778
 928/1424 [==================>...........] - ETA: 0s - loss: 0.4621 - acc: 0.7802
 992/1424 [===================>..........] - ETA: 0s - loss: 0.4620 - acc: 0.7843
1056/1424 [=====================>........] - ETA: 0s - loss: 0.4522 - acc: 0.7898
1120/1424 [======================>.......] - ETA: 0s - loss: 0.4478 - acc: 0.7946
1184/1424 [=======================>......] - ETA: 0s - loss: 0.4481 - acc: 0.7965
1248/1424 [=========================>....] - ETA: 0s - loss: 0.4480 - acc: 0.7941
1312/1424 [==========================>...] - ETA: 0s - loss: 0.4498 - acc: 0.7919
1376/1424 [===========================>..] - ETA: 0s - loss: 0.4436 - acc: 0.7951
1424/1424 [==============================] - 4s 3ms/step - loss: 0.4445 - acc: 0.7971 - val_loss: 2.2941 - val_acc: 0.6751
Epoch 24/1000

  32/1424 [..............................] - ETA: 1s - loss: 0.2974 - acc: 0.9062
  96/1424 [=>............................] - ETA: 1s - loss: 0.4380 - acc: 0.7812
 160/1424 [==>...........................] - ETA: 1s - loss: 0.4354 - acc: 0.8000
 224/1424 [===>..........................] - ETA: 1s - loss: 0.4222 - acc: 0.8080
 288/1424 [=====>........................] - ETA: 1s - loss: 0.4127 - acc: 0.8160
 352/1424 [======>.......................] - ETA: 1s - loss: 0.4014 - acc: 0.8210
 416/1424 [=======>......................] - ETA: 0s - loss: 0.4158 - acc: 0.8173
 480/1424 [=========>....................] - ETA: 0s - loss: 0.4221 - acc: 0.8146
 544/1424 [==========>...................] - ETA: 0s - loss: 0.4252 - acc: 0.8125
 608/1424 [===========>..................] - ETA: 0s - loss: 0.4229 - acc: 0.8125
 672/1424 [=============>................] - ETA: 0s - loss: 0.4214 - acc: 0.8155
 736/1424 [==============>...............] - ETA: 0s - loss: 0.4164 - acc: 0.8166
 800/1424 [===============>..............] - ETA: 0s - loss: 0.4259 - acc: 0.8150
 864/1424 [=================>............] - ETA: 0s - loss: 0.4277 - acc: 0.8113
 928/1424 [==================>...........] - ETA: 0s - loss: 0.4331 - acc: 0.8082
 992/1424 [===================>..........] - ETA: 0s - loss: 0.4266 - acc: 0.8125
1056/1424 [=====================>........] - ETA: 0s - loss: 0.4240 - acc: 0.8144
1120/1424 [======================>.......] - ETA: 0s - loss: 0.4246 - acc: 0.8134
1184/1424 [=======================>......] - ETA: 0s - loss: 0.4310 - acc: 0.8117
1248/1424 [=========================>....] - ETA: 0s - loss: 0.4317 - acc: 0.8109
1312/1424 [==========================>...] - ETA: 0s - loss: 0.4334 - acc: 0.8110
1376/1424 [===========================>..] - ETA: 0s - loss: 0.4330 - acc: 0.8089
1424/1424 [==============================] - 4s 3ms/step - loss: 0.4392 - acc: 0.8055 - val_loss: 2.6700 - val_acc: 0.6596

  32/1424 [..............................] - ETA: 4s
  64/1424 [>.............................] - ETA: 4s
  96/1424 [=>............................] - ETA: 4s
 128/1424 [=>............................] - ETA: 4s
 160/1424 [==>...........................] - ETA: 4s
 192/1424 [===>..........................] - ETA: 4s
 224/1424 [===>..........................] - ETA: 4s
 256/1424 [====>.........................] - ETA: 4s
 288/1424 [=====>........................] - ETA: 4s
 320/1424 [=====>........................] - ETA: 3s
 352/1424 [======>.......................] - ETA: 3s
 384/1424 [=======>......................] - ETA: 3s
 416/1424 [=======>......................] - ETA: 3s
 448/1424 [========>.....................] - ETA: 3s
 480/1424 [=========>....................] - ETA: 3s
 512/1424 [=========>....................] - ETA: 3s
 544/1424 [==========>...................] - ETA: 3s
 576/1424 [===========>..................] - ETA: 3s
 608/1424 [===========>..................] - ETA: 2s
 640/1424 [============>.................] - ETA: 2s
 672/1424 [=============>................] - ETA: 2s
 704/1424 [=============>................] - ETA: 2s
 736/1424 [==============>...............] - ETA: 2s
 768/1424 [===============>..............] - ETA: 2s
 800/1424 [===============>..............] - ETA: 2s
 832/1424 [================>.............] - ETA: 2s
 864/1424 [=================>............] - ETA: 1s
 896/1424 [=================>............] - ETA: 1s
 928/1424 [==================>...........] - ETA: 1s
 960/1424 [===================>..........] - ETA: 1s
 992/1424 [===================>..........] - ETA: 1s
1024/1424 [====================>.........] - ETA: 1s
1056/1424 [=====================>........] - ETA: 1s
1088/1424 [=====================>........] - ETA: 1s
1120/1424 [======================>.......] - ETA: 1s
1152/1424 [=======================>......] - ETA: 0s
1184/1424 [=======================>......] - ETA: 0s
1216/1424 [========================>.....] - ETA: 0s
1248/1424 [=========================>....] - ETA: 0s
1280/1424 [=========================>....] - ETA: 0s
1312/1424 [==========================>...] - ETA: 0s
1344/1424 [===========================>..] - ETA: 0s
1376/1424 [===========================>..] - ETA: 0s
1408/1424 [============================>.] - ETA: 0s
1424/1424 [==============================] - 5s 4ms/step
Test acc: 0.6741573033707865
Test auc: 0.7110095000631232
Test mcc: 0.3875
Execute epoch: 24
Execute time: 101.51234269142151
