_________________________________________________________________
Layer (type)                 Output Shape              Param #   
=================================================================
embedding_1 (Embedding)      (None, None, 128)         2688      
_________________________________________________________________
lstm_1 (LSTM)                (None, None, 64)          49408     
_________________________________________________________________
lstm_2 (LSTM)                (None, None, 64)          33024     
_________________________________________________________________
lstm_3 (LSTM)                (None, 64)                33024     
_________________________________________________________________
dense_1 (Dense)              (None, 16)                1040      
_________________________________________________________________
dense_2 (Dense)              (None, 1)                 17        
=================================================================
Total params: 119,201
Trainable params: 119,201
Non-trainable params: 0
_________________________________________________________________
Train on 1424 samples, validate on 708 samples
Epoch 1/1000

  32/1424 [..............................] - ETA: 2:31 - loss: 0.6932 - acc: 0.5000
  64/1424 [>.............................] - ETA: 1:19 - loss: 0.6931 - acc: 0.5469
  96/1424 [=>............................] - ETA: 55s - loss: 0.6928 - acc: 0.5729 
 128/1424 [=>............................] - ETA: 43s - loss: 0.6930 - acc: 0.5469
 160/1424 [==>...........................] - ETA: 36s - loss: 0.6924 - acc: 0.5687
 192/1424 [===>..........................] - ETA: 31s - loss: 0.6922 - acc: 0.5677
 224/1424 [===>..........................] - ETA: 27s - loss: 0.6920 - acc: 0.5670
 256/1424 [====>.........................] - ETA: 24s - loss: 0.6920 - acc: 0.5625
 288/1424 [=====>........................] - ETA: 22s - loss: 0.6928 - acc: 0.5417
 320/1424 [=====>........................] - ETA: 20s - loss: 0.6930 - acc: 0.5344
 352/1424 [======>.......................] - ETA: 19s - loss: 0.6938 - acc: 0.5170
 384/1424 [=======>......................] - ETA: 17s - loss: 0.6934 - acc: 0.5208
 416/1424 [=======>......................] - ETA: 16s - loss: 0.6930 - acc: 0.5240
 448/1424 [========>.....................] - ETA: 15s - loss: 0.6932 - acc: 0.5179
 480/1424 [=========>....................] - ETA: 14s - loss: 0.6928 - acc: 0.5229
 512/1424 [=========>....................] - ETA: 13s - loss: 0.6930 - acc: 0.5176
 544/1424 [==========>...................] - ETA: 12s - loss: 0.6930 - acc: 0.5165
 576/1424 [===========>..................] - ETA: 12s - loss: 0.6931 - acc: 0.5122
 608/1424 [===========>..................] - ETA: 11s - loss: 0.6929 - acc: 0.5132
 640/1424 [============>.................] - ETA: 10s - loss: 0.6927 - acc: 0.5156
 672/1424 [=============>................] - ETA: 10s - loss: 0.6927 - acc: 0.5134
 704/1424 [=============>................] - ETA: 9s - loss: 0.6925 - acc: 0.5128 
 736/1424 [==============>...............] - ETA: 9s - loss: 0.6925 - acc: 0.5109
 768/1424 [===============>..............] - ETA: 8s - loss: 0.6923 - acc: 0.5104
 800/1424 [===============>..............] - ETA: 8s - loss: 0.6920 - acc: 0.5100
 832/1424 [================>.............] - ETA: 7s - loss: 0.6919 - acc: 0.5084
 864/1424 [=================>............] - ETA: 7s - loss: 0.6917 - acc: 0.5104
 896/1424 [=================>............] - ETA: 6s - loss: 0.6914 - acc: 0.5089
 928/1424 [==================>...........] - ETA: 6s - loss: 0.6913 - acc: 0.5075
 960/1424 [===================>..........] - ETA: 5s - loss: 0.6910 - acc: 0.5052
 992/1424 [===================>..........] - ETA: 5s - loss: 0.6906 - acc: 0.5020
1024/1424 [====================>.........] - ETA: 4s - loss: 0.6899 - acc: 0.5029
1056/1424 [=====================>........] - ETA: 4s - loss: 0.6896 - acc: 0.4972
1088/1424 [=====================>........] - ETA: 3s - loss: 0.6883 - acc: 0.4991
1120/1424 [======================>.......] - ETA: 3s - loss: 0.6870 - acc: 0.5027
1152/1424 [=======================>......] - ETA: 3s - loss: 0.6848 - acc: 0.5052
1184/1424 [=======================>......] - ETA: 2s - loss: 0.6808 - acc: 0.5076
1216/1424 [========================>.....] - ETA: 2s - loss: 0.6833 - acc: 0.5090
1248/1424 [=========================>....] - ETA: 2s - loss: 0.6835 - acc: 0.5096
1280/1424 [=========================>....] - ETA: 1s - loss: 0.6824 - acc: 0.5141
1312/1424 [==========================>...] - ETA: 1s - loss: 0.6811 - acc: 0.5198
1344/1424 [===========================>..] - ETA: 0s - loss: 0.6811 - acc: 0.5231
1376/1424 [===========================>..] - ETA: 0s - loss: 0.6800 - acc: 0.5276
1408/1424 [============================>.] - ETA: 0s - loss: 0.6794 - acc: 0.5327
1424/1424 [==============================] - 19s 13ms/step - loss: 0.6793 - acc: 0.5351 - val_loss: 0.6667 - val_acc: 0.7415
Epoch 2/1000

  32/1424 [..............................] - ETA: 12s - loss: 0.6850 - acc: 0.6875
  64/1424 [>.............................] - ETA: 12s - loss: 0.6703 - acc: 0.6562
  96/1424 [=>............................] - ETA: 11s - loss: 0.6747 - acc: 0.6562
 128/1424 [=>............................] - ETA: 11s - loss: 0.6662 - acc: 0.6953
 160/1424 [==>...........................] - ETA: 11s - loss: 0.6664 - acc: 0.6937
 192/1424 [===>..........................] - ETA: 10s - loss: 0.6610 - acc: 0.7292
 224/1424 [===>..........................] - ETA: 10s - loss: 0.6571 - acc: 0.7500
 256/1424 [====>.........................] - ETA: 10s - loss: 0.6535 - acc: 0.7422
 288/1424 [=====>........................] - ETA: 10s - loss: 0.6481 - acc: 0.7396
 320/1424 [=====>........................] - ETA: 9s - loss: 0.6424 - acc: 0.7344 
 352/1424 [======>.......................] - ETA: 9s - loss: 0.6491 - acc: 0.7216
 384/1424 [=======>......................] - ETA: 9s - loss: 0.6495 - acc: 0.7057
 416/1424 [=======>......................] - ETA: 8s - loss: 0.6543 - acc: 0.6971
 448/1424 [========>.....................] - ETA: 8s - loss: 0.6522 - acc: 0.6987
 480/1424 [=========>....................] - ETA: 8s - loss: 0.6514 - acc: 0.6917
 512/1424 [=========>....................] - ETA: 8s - loss: 0.6489 - acc: 0.7012
 544/1424 [==========>...................] - ETA: 7s - loss: 0.6468 - acc: 0.7132
 576/1424 [===========>..................] - ETA: 7s - loss: 0.6462 - acc: 0.7153
 608/1424 [===========>..................] - ETA: 7s - loss: 0.6452 - acc: 0.7171
 640/1424 [============>.................] - ETA: 6s - loss: 0.6443 - acc: 0.7219
 672/1424 [=============>................] - ETA: 6s - loss: 0.6429 - acc: 0.7217
 704/1424 [=============>................] - ETA: 6s - loss: 0.6406 - acc: 0.7259
 736/1424 [==============>...............] - ETA: 6s - loss: 0.6375 - acc: 0.7310
 768/1424 [===============>..............] - ETA: 5s - loss: 0.6371 - acc: 0.7331
 800/1424 [===============>..............] - ETA: 5s - loss: 0.6346 - acc: 0.7362
 832/1424 [================>.............] - ETA: 5s - loss: 0.6334 - acc: 0.7392
 864/1424 [=================>............] - ETA: 4s - loss: 0.6270 - acc: 0.7465
 896/1424 [=================>............] - ETA: 4s - loss: 0.6220 - acc: 0.7511
 928/1424 [==================>...........] - ETA: 4s - loss: 0.6183 - acc: 0.7543
 960/1424 [===================>..........] - ETA: 4s - loss: 0.6140 - acc: 0.7562
 992/1424 [===================>..........] - ETA: 3s - loss: 0.6534 - acc: 0.7571
1024/1424 [====================>.........] - ETA: 3s - loss: 0.6797 - acc: 0.7568
1056/1424 [=====================>........] - ETA: 3s - loss: 0.6749 - acc: 0.7566
1088/1424 [=====================>........] - ETA: 2s - loss: 0.6713 - acc: 0.7546
1120/1424 [======================>.......] - ETA: 2s - loss: 0.6682 - acc: 0.7554
1152/1424 [=======================>......] - ETA: 2s - loss: 0.6628 - acc: 0.7578
1184/1424 [=======================>......] - ETA: 2s - loss: 0.6602 - acc: 0.7568
1216/1424 [========================>.....] - ETA: 1s - loss: 0.6559 - acc: 0.7582
1248/1424 [=========================>....] - ETA: 1s - loss: 0.6498 - acc: 0.7596
1280/1424 [=========================>....] - ETA: 1s - loss: 0.6478 - acc: 0.7570
1312/1424 [==========================>...] - ETA: 0s - loss: 0.6447 - acc: 0.7561
1344/1424 [===========================>..] - ETA: 0s - loss: 0.6424 - acc: 0.7537
1376/1424 [===========================>..] - ETA: 0s - loss: 0.6423 - acc: 0.7515
1408/1424 [============================>.] - ETA: 0s - loss: 0.6414 - acc: 0.7493
1424/1424 [==============================] - 15s 11ms/step - loss: 0.6412 - acc: 0.7479 - val_loss: 0.5245 - val_acc: 0.8065
Epoch 3/1000

  32/1424 [..............................] - ETA: 12s - loss: 0.5782 - acc: 0.7812
  64/1424 [>.............................] - ETA: 12s - loss: 0.5771 - acc: 0.7344
  96/1424 [=>............................] - ETA: 11s - loss: 0.5945 - acc: 0.7083
 128/1424 [=>............................] - ETA: 11s - loss: 0.5742 - acc: 0.7344
 160/1424 [==>...........................] - ETA: 11s - loss: 0.5855 - acc: 0.7188
 192/1424 [===>..........................] - ETA: 10s - loss: 0.5776 - acc: 0.7448
 224/1424 [===>..........................] - ETA: 10s - loss: 0.5708 - acc: 0.7500
 256/1424 [====>.........................] - ETA: 10s - loss: 0.5674 - acc: 0.7539
 288/1424 [=====>........................] - ETA: 10s - loss: 0.5724 - acc: 0.7431
 320/1424 [=====>........................] - ETA: 9s - loss: 0.5698 - acc: 0.7531 
 352/1424 [======>.......................] - ETA: 9s - loss: 0.5621 - acc: 0.7642
 384/1424 [=======>......................] - ETA: 9s - loss: 0.5592 - acc: 0.7604
 416/1424 [=======>......................] - ETA: 8s - loss: 0.5513 - acc: 0.7716
 448/1424 [========>.....................] - ETA: 8s - loss: 0.5491 - acc: 0.7746
 480/1424 [=========>....................] - ETA: 8s - loss: 0.5497 - acc: 0.7688
 512/1424 [=========>....................] - ETA: 8s - loss: 0.5454 - acc: 0.7695
 544/1424 [==========>...................] - ETA: 7s - loss: 0.5429 - acc: 0.7702
 576/1424 [===========>..................] - ETA: 7s - loss: 0.5451 - acc: 0.7656
 608/1424 [===========>..................] - ETA: 7s - loss: 0.5732 - acc: 0.7615
 640/1424 [============>.................] - ETA: 6s - loss: 0.5700 - acc: 0.7625
 672/1424 [=============>................] - ETA: 6s - loss: 0.5689 - acc: 0.7619
 704/1424 [=============>................] - ETA: 6s - loss: 0.5668 - acc: 0.7642
 736/1424 [==============>...............] - ETA: 6s - loss: 0.5623 - acc: 0.7636
 768/1424 [===============>..............] - ETA: 5s - loss: 0.5550 - acc: 0.7669
 800/1424 [===============>..............] - ETA: 5s - loss: 0.5513 - acc: 0.7675
 832/1424 [================>.............] - ETA: 5s - loss: 0.5499 - acc: 0.7668
 864/1424 [=================>............] - ETA: 4s - loss: 0.5460 - acc: 0.7697
 896/1424 [=================>............] - ETA: 4s - loss: 0.5421 - acc: 0.7768
 928/1424 [==================>...........] - ETA: 4s - loss: 0.5351 - acc: 0.7823
 960/1424 [===================>..........] - ETA: 4s - loss: 0.5302 - acc: 0.7865
 992/1424 [===================>..........] - ETA: 3s - loss: 0.5294 - acc: 0.7873
1024/1424 [====================>.........] - ETA: 3s - loss: 0.5272 - acc: 0.7871
1056/1424 [=====================>........] - ETA: 3s - loss: 0.5266 - acc: 0.7888
1088/1424 [=====================>........] - ETA: 2s - loss: 0.5216 - acc: 0.7923
1120/1424 [======================>.......] - ETA: 2s - loss: 0.5207 - acc: 0.7902
1152/1424 [=======================>......] - ETA: 2s - loss: 0.5205 - acc: 0.7873
1184/1424 [=======================>......] - ETA: 2s - loss: 0.5178 - acc: 0.7872
1216/1424 [========================>.....] - ETA: 1s - loss: 0.5172 - acc: 0.7878
1248/1424 [=========================>....] - ETA: 1s - loss: 0.5161 - acc: 0.7877
1280/1424 [=========================>....] - ETA: 1s - loss: 0.5121 - acc: 0.7891
1312/1424 [==========================>...] - ETA: 0s - loss: 0.5095 - acc: 0.7889
1344/1424 [===========================>..] - ETA: 0s - loss: 0.5091 - acc: 0.7872
1376/1424 [===========================>..] - ETA: 0s - loss: 0.5066 - acc: 0.7878
1408/1424 [============================>.] - ETA: 0s - loss: 0.5144 - acc: 0.7891
1424/1424 [==============================] - 15s 11ms/step - loss: 0.5132 - acc: 0.7900 - val_loss: 0.4604 - val_acc: 0.8588
Epoch 4/1000

  32/1424 [..............................] - ETA: 12s - loss: 0.5605 - acc: 0.6562
  64/1424 [>.............................] - ETA: 12s - loss: 0.4960 - acc: 0.6875
  96/1424 [=>............................] - ETA: 11s - loss: 0.4734 - acc: 0.7292
 128/1424 [=>............................] - ETA: 11s - loss: 0.4609 - acc: 0.7578
 160/1424 [==>...........................] - ETA: 11s - loss: 0.4525 - acc: 0.7688
 192/1424 [===>..........................] - ETA: 10s - loss: 0.4474 - acc: 0.7760
 224/1424 [===>..........................] - ETA: 10s - loss: 0.4272 - acc: 0.7991
 256/1424 [====>.........................] - ETA: 10s - loss: 0.4196 - acc: 0.8008
 288/1424 [=====>........................] - ETA: 10s - loss: 0.4118 - acc: 0.8056
 320/1424 [=====>........................] - ETA: 9s - loss: 0.4570 - acc: 0.8094 
 352/1424 [======>.......................] - ETA: 9s - loss: 0.4378 - acc: 0.8210
 384/1424 [=======>......................] - ETA: 9s - loss: 0.4651 - acc: 0.8255
 416/1424 [=======>......................] - ETA: 8s - loss: 0.4473 - acc: 0.8317
 448/1424 [========>.....................] - ETA: 8s - loss: 0.4365 - acc: 0.8371
 480/1424 [=========>....................] - ETA: 8s - loss: 0.4578 - acc: 0.8375
 512/1424 [=========>....................] - ETA: 8s - loss: 0.4527 - acc: 0.8359
 544/1424 [==========>...................] - ETA: 7s - loss: 0.4526 - acc: 0.8309
 576/1424 [===========>..................] - ETA: 7s - loss: 0.4453 - acc: 0.8316
 608/1424 [===========>..................] - ETA: 7s - loss: 0.4385 - acc: 0.8322
 640/1424 [============>.................] - ETA: 6s - loss: 0.4295 - acc: 0.8344
 672/1424 [=============>................] - ETA: 6s - loss: 0.4214 - acc: 0.8378
 704/1424 [=============>................] - ETA: 6s - loss: 0.4302 - acc: 0.8295
 736/1424 [==============>...............] - ETA: 6s - loss: 0.4325 - acc: 0.8288
 768/1424 [===============>..............] - ETA: 5s - loss: 0.4342 - acc: 0.8242
 800/1424 [===============>..............] - ETA: 5s - loss: 0.4293 - acc: 0.8263
 832/1424 [================>.............] - ETA: 5s - loss: 0.4296 - acc: 0.8269
 864/1424 [=================>............] - ETA: 4s - loss: 0.4292 - acc: 0.8264
 896/1424 [=================>............] - ETA: 4s - loss: 0.4271 - acc: 0.8292
 928/1424 [==================>...........] - ETA: 4s - loss: 0.4308 - acc: 0.8276
 960/1424 [===================>..........] - ETA: 4s - loss: 0.4316 - acc: 0.8260
 992/1424 [===================>..........] - ETA: 3s - loss: 0.4326 - acc: 0.8246
1024/1424 [====================>.........] - ETA: 3s - loss: 0.4303 - acc: 0.8252
1056/1424 [=====================>........] - ETA: 3s - loss: 0.4449 - acc: 0.8248
1088/1424 [=====================>........] - ETA: 2s - loss: 0.4416 - acc: 0.8263
1120/1424 [======================>.......] - ETA: 2s - loss: 0.4595 - acc: 0.8241
1152/1424 [=======================>......] - ETA: 2s - loss: 0.4615 - acc: 0.8247
1184/1424 [=======================>......] - ETA: 2s - loss: 0.4612 - acc: 0.8252
1216/1424 [========================>.....] - ETA: 1s - loss: 0.4567 - acc: 0.8289
1248/1424 [=========================>....] - ETA: 1s - loss: 0.4636 - acc: 0.8253
1280/1424 [=========================>....] - ETA: 1s - loss: 0.4623 - acc: 0.8266
1312/1424 [==========================>...] - ETA: 0s - loss: 0.4667 - acc: 0.8224
1344/1424 [===========================>..] - ETA: 0s - loss: 0.4687 - acc: 0.8192
1376/1424 [===========================>..] - ETA: 0s - loss: 0.4718 - acc: 0.8169
1408/1424 [============================>.] - ETA: 0s - loss: 0.4737 - acc: 0.8146
1424/1424 [==============================] - 15s 11ms/step - loss: 0.4756 - acc: 0.8118 - val_loss: 0.5483 - val_acc: 0.7147
Epoch 5/1000

  32/1424 [..............................] - ETA: 12s - loss: 0.4598 - acc: 0.7812
  64/1424 [>.............................] - ETA: 11s - loss: 0.4902 - acc: 0.7656
  96/1424 [=>............................] - ETA: 11s - loss: 0.4746 - acc: 0.7917
 128/1424 [=>............................] - ETA: 11s - loss: 0.4717 - acc: 0.7969
 160/1424 [==>...........................] - ETA: 11s - loss: 0.4857 - acc: 0.7812
 192/1424 [===>..........................] - ETA: 10s - loss: 0.5035 - acc: 0.7708
 224/1424 [===>..........................] - ETA: 10s - loss: 0.5014 - acc: 0.7857
 256/1424 [====>.........................] - ETA: 10s - loss: 0.4980 - acc: 0.7969
 288/1424 [=====>........................] - ETA: 10s - loss: 0.5033 - acc: 0.7951
 320/1424 [=====>........................] - ETA: 9s - loss: 0.5170 - acc: 0.7812 
 352/1424 [======>.......................] - ETA: 9s - loss: 0.5253 - acc: 0.7812
 384/1424 [=======>......................] - ETA: 9s - loss: 0.5260 - acc: 0.7839
 416/1424 [=======>......................] - ETA: 8s - loss: 0.5251 - acc: 0.7812
 448/1424 [========>.....................] - ETA: 8s - loss: 0.5258 - acc: 0.7812
 480/1424 [=========>....................] - ETA: 8s - loss: 0.5219 - acc: 0.7854
 512/1424 [=========>....................] - ETA: 8s - loss: 0.5242 - acc: 0.7832
 544/1424 [==========>...................] - ETA: 7s - loss: 0.5213 - acc: 0.7849
 576/1424 [===========>..................] - ETA: 7s - loss: 0.5212 - acc: 0.7865
 608/1424 [===========>..................] - ETA: 7s - loss: 0.5217 - acc: 0.7862
 640/1424 [============>.................] - ETA: 6s - loss: 0.5334 - acc: 0.7812
 672/1424 [=============>................] - ETA: 6s - loss: 0.5306 - acc: 0.7842
 704/1424 [=============>................] - ETA: 6s - loss: 0.5336 - acc: 0.7812
 736/1424 [==============>...............] - ETA: 6s - loss: 0.5297 - acc: 0.7853
 768/1424 [===============>..............] - ETA: 5s - loss: 0.5286 - acc: 0.7891
 800/1424 [===============>..............] - ETA: 5s - loss: 0.5258 - acc: 0.7925
 832/1424 [================>.............] - ETA: 5s - loss: 0.5235 - acc: 0.7969
 864/1424 [=================>............] - ETA: 4s - loss: 0.5210 - acc: 0.7986
 896/1424 [=================>............] - ETA: 4s - loss: 0.5187 - acc: 0.8002
 928/1424 [==================>...........] - ETA: 4s - loss: 0.5205 - acc: 0.7974
 960/1424 [===================>..........] - ETA: 4s - loss: 0.5147 - acc: 0.8021
 992/1424 [===================>..........] - ETA: 3s - loss: 0.5185 - acc: 0.7994
1024/1424 [====================>.........] - ETA: 3s - loss: 0.5165 - acc: 0.8008
1056/1424 [=====================>........] - ETA: 3s - loss: 0.5174 - acc: 0.7983
1088/1424 [=====================>........] - ETA: 2s - loss: 0.5182 - acc: 0.7950
1120/1424 [======================>.......] - ETA: 2s - loss: 0.5157 - acc: 0.7955
1152/1424 [=======================>......] - ETA: 2s - loss: 0.5154 - acc: 0.7951
1184/1424 [=======================>......] - ETA: 2s - loss: 0.5145 - acc: 0.7948
1216/1424 [========================>.....] - ETA: 1s - loss: 0.5131 - acc: 0.7969
1248/1424 [=========================>....] - ETA: 1s - loss: 0.5095 - acc: 0.7973
1280/1424 [=========================>....] - ETA: 1s - loss: 0.5079 - acc: 0.7977
1312/1424 [==========================>...] - ETA: 0s - loss: 0.5040 - acc: 0.8003
1344/1424 [===========================>..] - ETA: 0s - loss: 0.5027 - acc: 0.7999
1376/1424 [===========================>..] - ETA: 0s - loss: 0.4990 - acc: 0.8016
1408/1424 [============================>.] - ETA: 0s - loss: 0.4958 - acc: 0.8033
1424/1424 [==============================] - 15s 11ms/step - loss: 0.4944 - acc: 0.8041 - val_loss: 0.4031 - val_acc: 0.8475
Epoch 6/1000

  32/1424 [..............................] - ETA: 12s - loss: 0.3503 - acc: 0.8750
  64/1424 [>.............................] - ETA: 11s - loss: 0.3229 - acc: 0.8906
  96/1424 [=>............................] - ETA: 11s - loss: 0.3367 - acc: 0.8854
 128/1424 [=>............................] - ETA: 11s - loss: 0.4770 - acc: 0.8594
 160/1424 [==>...........................] - ETA: 11s - loss: 0.4520 - acc: 0.8562
 192/1424 [===>..........................] - ETA: 10s - loss: 0.4570 - acc: 0.8438
 224/1424 [===>..........................] - ETA: 10s - loss: 0.4529 - acc: 0.8348
 256/1424 [====>.........................] - ETA: 10s - loss: 0.4553 - acc: 0.8281
 288/1424 [=====>........................] - ETA: 10s - loss: 0.4406 - acc: 0.8403
 320/1424 [=====>........................] - ETA: 9s - loss: 0.4487 - acc: 0.8344 
 352/1424 [======>.......................] - ETA: 9s - loss: 0.4450 - acc: 0.8324
 384/1424 [=======>......................] - ETA: 9s - loss: 0.4367 - acc: 0.8385
 416/1424 [=======>......................] - ETA: 8s - loss: 0.4284 - acc: 0.8438
 448/1424 [========>.....................] - ETA: 8s - loss: 0.4274 - acc: 0.8438
 480/1424 [=========>....................] - ETA: 8s - loss: 0.4320 - acc: 0.8396
 512/1424 [=========>....................] - ETA: 8s - loss: 0.4211 - acc: 0.8438
 544/1424 [==========>...................] - ETA: 7s - loss: 0.4228 - acc: 0.8419
 576/1424 [===========>..................] - ETA: 7s - loss: 0.4421 - acc: 0.8455
 608/1424 [===========>..................] - ETA: 7s - loss: 0.4377 - acc: 0.8454
 640/1424 [============>.................] - ETA: 6s - loss: 0.4384 - acc: 0.8406
 672/1424 [=============>................] - ETA: 6s - loss: 0.4407 - acc: 0.8363
 704/1424 [=============>................] - ETA: 6s - loss: 0.4410 - acc: 0.8352
 736/1424 [==============>...............] - ETA: 6s - loss: 0.4472 - acc: 0.8342
 768/1424 [===============>..............] - ETA: 5s - loss: 0.4482 - acc: 0.8333
 800/1424 [===============>..............] - ETA: 5s - loss: 0.4419 - acc: 0.8350
 832/1424 [================>.............] - ETA: 5s - loss: 0.4366 - acc: 0.8377
 864/1424 [=================>............] - ETA: 4s - loss: 0.4350 - acc: 0.8380
 896/1424 [=================>............] - ETA: 4s - loss: 0.4349 - acc: 0.8371
 928/1424 [==================>...........] - ETA: 4s - loss: 0.4324 - acc: 0.8394
 960/1424 [===================>..........] - ETA: 4s - loss: 0.4317 - acc: 0.8396
 992/1424 [===================>..........] - ETA: 3s - loss: 0.4352 - acc: 0.8357
1024/1424 [====================>.........] - ETA: 3s - loss: 0.4326 - acc: 0.8369
1056/1424 [=====================>........] - ETA: 3s - loss: 0.4288 - acc: 0.8362
1088/1424 [=====================>........] - ETA: 2s - loss: 0.4270 - acc: 0.8364
1120/1424 [======================>.......] - ETA: 2s - loss: 0.4248 - acc: 0.8366
1152/1424 [=======================>......] - ETA: 2s - loss: 0.4287 - acc: 0.8342
1184/1424 [=======================>......] - ETA: 2s - loss: 0.4268 - acc: 0.8336
1216/1424 [========================>.....] - ETA: 1s - loss: 0.4227 - acc: 0.8363
1248/1424 [=========================>....] - ETA: 1s - loss: 0.4197 - acc: 0.8381
1280/1424 [=========================>....] - ETA: 1s - loss: 0.4208 - acc: 0.8375
1312/1424 [==========================>...] - ETA: 0s - loss: 0.4212 - acc: 0.8369
1344/1424 [===========================>..] - ETA: 0s - loss: 0.4158 - acc: 0.8393
1376/1424 [===========================>..] - ETA: 0s - loss: 0.4167 - acc: 0.8379
1408/1424 [============================>.] - ETA: 0s - loss: 0.4168 - acc: 0.8381
1424/1424 [==============================] - 15s 11ms/step - loss: 0.4176 - acc: 0.8378 - val_loss: 0.3859 - val_acc: 0.8531
Epoch 7/1000

  32/1424 [..............................] - ETA: 12s - loss: 0.3832 - acc: 0.8125
  64/1424 [>.............................] - ETA: 12s - loss: 0.4490 - acc: 0.8125
  96/1424 [=>............................] - ETA: 11s - loss: 0.4263 - acc: 0.8333
 128/1424 [=>............................] - ETA: 11s - loss: 0.3777 - acc: 0.8594
 160/1424 [==>...........................] - ETA: 11s - loss: 0.3717 - acc: 0.8688
 192/1424 [===>..........................] - ETA: 10s - loss: 0.3880 - acc: 0.8490
 224/1424 [===>..........................] - ETA: 10s - loss: 0.4021 - acc: 0.8393
 256/1424 [====>.........................] - ETA: 10s - loss: 0.4008 - acc: 0.8359
 288/1424 [=====>........................] - ETA: 10s - loss: 0.3858 - acc: 0.8438
 320/1424 [=====>........................] - ETA: 9s - loss: 0.4071 - acc: 0.8375 
 352/1424 [======>.......................] - ETA: 9s - loss: 0.4224 - acc: 0.8295
 384/1424 [=======>......................] - ETA: 9s - loss: 0.4167 - acc: 0.8307
 416/1424 [=======>......................] - ETA: 8s - loss: 0.4152 - acc: 0.8293
 448/1424 [========>.....................] - ETA: 8s - loss: 0.4070 - acc: 0.8348
 480/1424 [=========>....................] - ETA: 8s - loss: 0.4112 - acc: 0.8313
 512/1424 [=========>....................] - ETA: 8s - loss: 0.4082 - acc: 0.8320
 544/1424 [==========>...................] - ETA: 7s - loss: 0.4072 - acc: 0.8346
 576/1424 [===========>..................] - ETA: 7s - loss: 0.4042 - acc: 0.8385
 608/1424 [===========>..................] - ETA: 7s - loss: 0.4097 - acc: 0.8355
 640/1424 [============>.................] - ETA: 6s - loss: 0.4123 - acc: 0.8297
 672/1424 [=============>................] - ETA: 6s - loss: 0.4124 - acc: 0.8304
 704/1424 [=============>................] - ETA: 6s - loss: 0.4086 - acc: 0.8324
 736/1424 [==============>...............] - ETA: 6s - loss: 0.4036 - acc: 0.8370
 768/1424 [===============>..............] - ETA: 5s - loss: 0.4005 - acc: 0.8372
 800/1424 [===============>..............] - ETA: 5s - loss: 0.3975 - acc: 0.8387
 832/1424 [================>.............] - ETA: 5s - loss: 0.4034 - acc: 0.8341
 864/1424 [=================>............] - ETA: 4s - loss: 0.4034 - acc: 0.8322
 896/1424 [=================>............] - ETA: 4s - loss: 0.3980 - acc: 0.8337
 928/1424 [==================>...........] - ETA: 4s - loss: 0.3964 - acc: 0.8351
 960/1424 [===================>..........] - ETA: 4s - loss: 0.4000 - acc: 0.8333
 992/1424 [===================>..........] - ETA: 3s - loss: 0.4046 - acc: 0.8296
1024/1424 [====================>.........] - ETA: 3s - loss: 0.4074 - acc: 0.8271
1056/1424 [=====================>........] - ETA: 3s - loss: 0.3986 - acc: 0.8324
1088/1424 [=====================>........] - ETA: 2s - loss: 0.3938 - acc: 0.8336
1120/1424 [======================>.......] - ETA: 2s - loss: 0.3926 - acc: 0.8348
1152/1424 [=======================>......] - ETA: 2s - loss: 0.3878 - acc: 0.8368
1184/1424 [=======================>......] - ETA: 2s - loss: 0.3903 - acc: 0.8345
1216/1424 [========================>.....] - ETA: 1s - loss: 0.4044 - acc: 0.8331
1248/1424 [=========================>....] - ETA: 1s - loss: 0.4074 - acc: 0.8301
1280/1424 [=========================>....] - ETA: 1s - loss: 0.4037 - acc: 0.8313
1312/1424 [==========================>...] - ETA: 0s - loss: 0.4033 - acc: 0.8308
1344/1424 [===========================>..] - ETA: 0s - loss: 0.4075 - acc: 0.8311
1376/1424 [===========================>..] - ETA: 0s - loss: 0.4080 - acc: 0.8321
1408/1424 [============================>.] - ETA: 0s - loss: 0.4103 - acc: 0.8303
1424/1424 [==============================] - 15s 11ms/step - loss: 0.4133 - acc: 0.8287 - val_loss: 0.3933 - val_acc: 0.8701
Epoch 8/1000

  32/1424 [..............................] - ETA: 12s - loss: 0.2340 - acc: 0.9062
  64/1424 [>.............................] - ETA: 12s - loss: 0.3245 - acc: 0.8750
  96/1424 [=>............................] - ETA: 11s - loss: 0.2818 - acc: 0.8958
 128/1424 [=>............................] - ETA: 11s - loss: 0.2645 - acc: 0.9062
 160/1424 [==>...........................] - ETA: 11s - loss: 0.2883 - acc: 0.9062
 192/1424 [===>..........................] - ETA: 10s - loss: 0.3102 - acc: 0.8854
 224/1424 [===>..........................] - ETA: 10s - loss: 0.3059 - acc: 0.8795
 256/1424 [====>.........................] - ETA: 10s - loss: 0.3315 - acc: 0.8711
 288/1424 [=====>........................] - ETA: 10s - loss: 0.3428 - acc: 0.8646
 320/1424 [=====>........................] - ETA: 9s - loss: 0.3347 - acc: 0.8688 
 352/1424 [======>.......................] - ETA: 9s - loss: 0.3341 - acc: 0.8665
 384/1424 [=======>......................] - ETA: 9s - loss: 0.3520 - acc: 0.8568
 416/1424 [=======>......................] - ETA: 8s - loss: 0.3540 - acc: 0.8582
 448/1424 [========>.....................] - ETA: 8s - loss: 0.3483 - acc: 0.8594
 480/1424 [=========>....................] - ETA: 8s - loss: 0.3644 - acc: 0.8500
 512/1424 [=========>....................] - ETA: 8s - loss: 0.3788 - acc: 0.8379
 544/1424 [==========>...................] - ETA: 7s - loss: 0.3964 - acc: 0.8290
 576/1424 [===========>..................] - ETA: 7s - loss: 0.4033 - acc: 0.8194
 608/1424 [===========>..................] - ETA: 7s - loss: 0.4082 - acc: 0.8174
 640/1424 [============>.................] - ETA: 6s - loss: 0.4127 - acc: 0.8109
 672/1424 [=============>................] - ETA: 6s - loss: 0.4249 - acc: 0.8021
 704/1424 [=============>................] - ETA: 6s - loss: 0.4326 - acc: 0.7969
 736/1424 [==============>...............] - ETA: 6s - loss: 0.4368 - acc: 0.7921
 768/1424 [===============>..............] - ETA: 5s - loss: 0.4409 - acc: 0.7878
 800/1424 [===============>..............] - ETA: 5s - loss: 0.4442 - acc: 0.7850
 832/1424 [================>.............] - ETA: 5s - loss: 0.4486 - acc: 0.7788
 864/1424 [=================>............] - ETA: 4s - loss: 0.4515 - acc: 0.7789
 896/1424 [=================>............] - ETA: 4s - loss: 0.4569 - acc: 0.7746
 928/1424 [==================>...........] - ETA: 4s - loss: 0.4611 - acc: 0.7737
 960/1424 [===================>..........] - ETA: 4s - loss: 0.4617 - acc: 0.7771
 992/1424 [===================>..........] - ETA: 3s - loss: 0.4632 - acc: 0.7752
1024/1424 [====================>.........] - ETA: 3s - loss: 0.4644 - acc: 0.7744
1056/1424 [=====================>........] - ETA: 3s - loss: 0.4677 - acc: 0.7737
1088/1424 [=====================>........] - ETA: 2s - loss: 0.4671 - acc: 0.7767
1120/1424 [======================>.......] - ETA: 2s - loss: 0.4666 - acc: 0.7804
1152/1424 [=======================>......] - ETA: 2s - loss: 0.4662 - acc: 0.7830
1184/1424 [=======================>......] - ETA: 2s - loss: 0.4671 - acc: 0.7829
1216/1424 [========================>.....] - ETA: 1s - loss: 0.4690 - acc: 0.7837
1248/1424 [=========================>....] - ETA: 1s - loss: 0.4711 - acc: 0.7812
1280/1424 [=========================>....] - ETA: 1s - loss: 0.4713 - acc: 0.7828
1312/1424 [==========================>...] - ETA: 0s - loss: 0.4705 - acc: 0.7858
1344/1424 [===========================>..] - ETA: 0s - loss: 0.4699 - acc: 0.7872
1376/1424 [===========================>..] - ETA: 0s - loss: 0.4696 - acc: 0.7878
1408/1424 [============================>.] - ETA: 0s - loss: 0.4703 - acc: 0.7869
1424/1424 [==============================] - 15s 11ms/step - loss: 0.4695 - acc: 0.7879 - val_loss: 0.4500 - val_acc: 0.8277
Epoch 9/1000

  32/1424 [..............................] - ETA: 12s - loss: 0.5537 - acc: 0.7188
  64/1424 [>.............................] - ETA: 11s - loss: 0.5054 - acc: 0.7500
  96/1424 [=>............................] - ETA: 11s - loss: 0.4539 - acc: 0.8021
 128/1424 [=>............................] - ETA: 11s - loss: 0.4796 - acc: 0.7891
 160/1424 [==>...........................] - ETA: 11s - loss: 0.4713 - acc: 0.7875
 192/1424 [===>..........................] - ETA: 10s - loss: 0.4703 - acc: 0.7865
 224/1424 [===>..........................] - ETA: 10s - loss: 0.4786 - acc: 0.7768
 256/1424 [====>.........................] - ETA: 10s - loss: 0.4819 - acc: 0.7734
 288/1424 [=====>........................] - ETA: 10s - loss: 0.4742 - acc: 0.7743
 320/1424 [=====>........................] - ETA: 9s - loss: 0.4880 - acc: 0.7688 
 352/1424 [======>.......................] - ETA: 9s - loss: 0.4807 - acc: 0.7727
 384/1424 [=======>......................] - ETA: 9s - loss: 0.4784 - acc: 0.7734
 416/1424 [=======>......................] - ETA: 8s - loss: 0.4625 - acc: 0.7861
 448/1424 [========>.....................] - ETA: 8s - loss: 0.4740 - acc: 0.7790
 480/1424 [=========>....................] - ETA: 8s - loss: 0.4750 - acc: 0.7812
 512/1424 [=========>....................] - ETA: 8s - loss: 0.4731 - acc: 0.7832
 544/1424 [==========>...................] - ETA: 7s - loss: 0.4669 - acc: 0.7904
 576/1424 [===========>..................] - ETA: 7s - loss: 0.4595 - acc: 0.7934
 608/1424 [===========>..................] - ETA: 7s - loss: 0.4570 - acc: 0.7993
 640/1424 [============>.................] - ETA: 6s - loss: 0.4556 - acc: 0.8000
 672/1424 [=============>................] - ETA: 6s - loss: 0.4539 - acc: 0.7961
 704/1424 [=============>................] - ETA: 6s - loss: 0.4509 - acc: 0.7969
 736/1424 [==============>...............] - ETA: 6s - loss: 0.4482 - acc: 0.7976
 768/1424 [===============>..............] - ETA: 5s - loss: 0.4471 - acc: 0.7982
 800/1424 [===============>..............] - ETA: 5s - loss: 0.4398 - acc: 0.8037
 832/1424 [================>.............] - ETA: 5s - loss: 0.4328 - acc: 0.8077
 864/1424 [=================>............] - ETA: 4s - loss: 0.4325 - acc: 0.8067
 896/1424 [=================>............] - ETA: 4s - loss: 0.4288 - acc: 0.8069
 928/1424 [==================>...........] - ETA: 4s - loss: 0.4246 - acc: 0.8093
 960/1424 [===================>..........] - ETA: 4s - loss: 0.4224 - acc: 0.8104
 992/1424 [===================>..........] - ETA: 3s - loss: 0.4160 - acc: 0.8135
1024/1424 [====================>.........] - ETA: 3s - loss: 0.4139 - acc: 0.8145
1056/1424 [=====================>........] - ETA: 3s - loss: 0.4102 - acc: 0.8163
1088/1424 [=====================>........] - ETA: 2s - loss: 0.4042 - acc: 0.8199
1120/1424 [======================>.......] - ETA: 2s - loss: 0.4028 - acc: 0.8214
1152/1424 [=======================>......] - ETA: 2s - loss: 0.4129 - acc: 0.8212
1184/1424 [=======================>......] - ETA: 2s - loss: 0.4135 - acc: 0.8209
1216/1424 [========================>.....] - ETA: 1s - loss: 0.4233 - acc: 0.8215
1248/1424 [=========================>....] - ETA: 1s - loss: 0.4215 - acc: 0.8221
1280/1424 [=========================>....] - ETA: 1s - loss: 0.4203 - acc: 0.8227
1312/1424 [==========================>...] - ETA: 0s - loss: 0.4212 - acc: 0.8209
1344/1424 [===========================>..] - ETA: 0s - loss: 0.4221 - acc: 0.8207
1376/1424 [===========================>..] - ETA: 0s - loss: 0.4196 - acc: 0.8219
1408/1424 [============================>.] - ETA: 0s - loss: 0.4190 - acc: 0.8224
1424/1424 [==============================] - 15s 11ms/step - loss: 0.4216 - acc: 0.8216 - val_loss: 0.4367 - val_acc: 0.8249
Epoch 10/1000

  32/1424 [..............................] - ETA: 12s - loss: 0.5112 - acc: 0.7188
  64/1424 [>.............................] - ETA: 11s - loss: 0.5650 - acc: 0.7656
  96/1424 [=>............................] - ETA: 11s - loss: 0.4985 - acc: 0.8021
 128/1424 [=>............................] - ETA: 11s - loss: 0.4581 - acc: 0.8125
 160/1424 [==>...........................] - ETA: 11s - loss: 0.4622 - acc: 0.8063
 192/1424 [===>..........................] - ETA: 10s - loss: 0.4963 - acc: 0.7812
 224/1424 [===>..........................] - ETA: 10s - loss: 0.5037 - acc: 0.7768
 256/1424 [====>.........................] - ETA: 10s - loss: 0.4958 - acc: 0.7812
 288/1424 [=====>........................] - ETA: 10s - loss: 0.4789 - acc: 0.7882
 320/1424 [=====>........................] - ETA: 9s - loss: 0.4819 - acc: 0.7812 
 352/1424 [======>.......................] - ETA: 9s - loss: 0.4760 - acc: 0.7898
 384/1424 [=======>......................] - ETA: 9s - loss: 0.4801 - acc: 0.7839
 416/1424 [=======>......................] - ETA: 8s - loss: 0.4730 - acc: 0.7885
 448/1424 [========>.....................] - ETA: 8s - loss: 0.4756 - acc: 0.7902
 480/1424 [=========>....................] - ETA: 8s - loss: 0.4723 - acc: 0.7917
 512/1424 [=========>....................] - ETA: 8s - loss: 0.4740 - acc: 0.7930
 544/1424 [==========>...................] - ETA: 7s - loss: 0.4761 - acc: 0.7923
 576/1424 [===========>..................] - ETA: 7s - loss: 0.4685 - acc: 0.7969
 608/1424 [===========>..................] - ETA: 7s - loss: 0.4692 - acc: 0.7977
 640/1424 [============>.................] - ETA: 6s - loss: 0.4614 - acc: 0.8031
 672/1424 [=============>................] - ETA: 6s - loss: 0.4607 - acc: 0.8051
 704/1424 [=============>................] - ETA: 6s - loss: 0.4546 - acc: 0.8097
 736/1424 [==============>...............] - ETA: 6s - loss: 0.4502 - acc: 0.8098
 768/1424 [===============>..............] - ETA: 5s - loss: 0.4457 - acc: 0.8138
 800/1424 [===============>..............] - ETA: 5s - loss: 0.4417 - acc: 0.8163
 832/1424 [================>.............] - ETA: 5s - loss: 0.4371 - acc: 0.8161
 864/1424 [=================>............] - ETA: 4s - loss: 0.4347 - acc: 0.8183
 896/1424 [=================>............] - ETA: 4s - loss: 0.4305 - acc: 0.8214
 928/1424 [==================>...........] - ETA: 4s - loss: 0.4285 - acc: 0.8211
 960/1424 [===================>..........] - ETA: 4s - loss: 0.4274 - acc: 0.8219
 992/1424 [===================>..........] - ETA: 3s - loss: 0.4305 - acc: 0.8196
1024/1424 [====================>.........] - ETA: 3s - loss: 0.4340 - acc: 0.8154
1056/1424 [=====================>........] - ETA: 3s - loss: 0.4315 - acc: 0.8163
1088/1424 [=====================>........] - ETA: 2s - loss: 0.4295 - acc: 0.8162
1120/1424 [======================>.......] - ETA: 2s - loss: 0.4273 - acc: 0.8187
1152/1424 [=======================>......] - ETA: 2s - loss: 0.4254 - acc: 0.8203
1184/1424 [=======================>......] - ETA: 2s - loss: 0.4219 - acc: 0.8235
1216/1424 [========================>.....] - ETA: 1s - loss: 0.4171 - acc: 0.8257
1248/1424 [=========================>....] - ETA: 1s - loss: 0.4190 - acc: 0.8253
1280/1424 [=========================>....] - ETA: 1s - loss: 0.4143 - acc: 0.8266
1312/1424 [==========================>...] - ETA: 0s - loss: 0.4252 - acc: 0.8270
1344/1424 [===========================>..] - ETA: 0s - loss: 0.4191 - acc: 0.8296
1376/1424 [===========================>..] - ETA: 0s - loss: 0.4172 - acc: 0.8321
1408/1424 [============================>.] - ETA: 0s - loss: 0.4170 - acc: 0.8324
1424/1424 [==============================] - 15s 11ms/step - loss: 0.4150 - acc: 0.8329 - val_loss: 0.4076 - val_acc: 0.8418
Epoch 11/1000

  32/1424 [..............................] - ETA: 12s - loss: 0.2760 - acc: 0.9062
  64/1424 [>.............................] - ETA: 12s - loss: 0.5236 - acc: 0.7969
  96/1424 [=>............................] - ETA: 11s - loss: 0.5205 - acc: 0.7917
 128/1424 [=>............................] - ETA: 11s - loss: 0.4828 - acc: 0.7969
 160/1424 [==>...........................] - ETA: 11s - loss: 0.4793 - acc: 0.7875
 192/1424 [===>..........................] - ETA: 10s - loss: 0.4252 - acc: 0.8177
 224/1424 [===>..........................] - ETA: 10s - loss: 0.4346 - acc: 0.8125
 256/1424 [====>.........................] - ETA: 10s - loss: 0.4250 - acc: 0.8203
 288/1424 [=====>........................] - ETA: 10s - loss: 0.4113 - acc: 0.8264
 320/1424 [=====>........................] - ETA: 9s - loss: 0.4093 - acc: 0.8313 
 352/1424 [======>.......................] - ETA: 9s - loss: 0.4181 - acc: 0.8267
 384/1424 [=======>......................] - ETA: 9s - loss: 0.4019 - acc: 0.8359
 416/1424 [=======>......................] - ETA: 8s - loss: 0.3943 - acc: 0.8389
 448/1424 [========>.....................] - ETA: 8s - loss: 0.3985 - acc: 0.8371
 480/1424 [=========>....................] - ETA: 8s - loss: 0.3886 - acc: 0.8417
 512/1424 [=========>....................] - ETA: 8s - loss: 0.3865 - acc: 0.8418
 544/1424 [==========>...................] - ETA: 7s - loss: 0.3843 - acc: 0.8419
 576/1424 [===========>..................] - ETA: 7s - loss: 0.3797 - acc: 0.8420
 608/1424 [===========>..................] - ETA: 7s - loss: 0.3765 - acc: 0.8421
 640/1424 [============>.................] - ETA: 6s - loss: 0.3765 - acc: 0.8422
 672/1424 [=============>................] - ETA: 6s - loss: 0.3816 - acc: 0.8408
 704/1424 [=============>................] - ETA: 6s - loss: 0.3762 - acc: 0.8438
 736/1424 [==============>...............] - ETA: 6s - loss: 0.3847 - acc: 0.8410
 768/1424 [===============>..............] - ETA: 5s - loss: 0.3799 - acc: 0.8424
 800/1424 [===============>..............] - ETA: 5s - loss: 0.3774 - acc: 0.8425
 832/1424 [================>.............] - ETA: 5s - loss: 0.3890 - acc: 0.8389
 864/1424 [=================>............] - ETA: 4s - loss: 0.3849 - acc: 0.8414
 896/1424 [=================>............] - ETA: 4s - loss: 0.3872 - acc: 0.8404
 928/1424 [==================>...........] - ETA: 4s - loss: 0.3868 - acc: 0.8416
 960/1424 [===================>..........] - ETA: 4s - loss: 0.3840 - acc: 0.8427
 992/1424 [===================>..........] - ETA: 3s - loss: 0.3841 - acc: 0.8438
1024/1424 [====================>.........] - ETA: 3s - loss: 0.3847 - acc: 0.8428
1056/1424 [=====================>........] - ETA: 3s - loss: 0.3811 - acc: 0.8456
1088/1424 [=====================>........] - ETA: 2s - loss: 0.3807 - acc: 0.8465
1120/1424 [======================>.......] - ETA: 2s - loss: 0.3843 - acc: 0.8438
1152/1424 [=======================>......] - ETA: 2s - loss: 0.3814 - acc: 0.8438
1184/1424 [=======================>......] - ETA: 2s - loss: 0.3770 - acc: 0.8454
1216/1424 [========================>.....] - ETA: 1s - loss: 0.3763 - acc: 0.8470
1248/1424 [=========================>....] - ETA: 1s - loss: 0.3757 - acc: 0.8478
1280/1424 [=========================>....] - ETA: 1s - loss: 0.3753 - acc: 0.8492
1312/1424 [==========================>...] - ETA: 0s - loss: 0.3738 - acc: 0.8491
1344/1424 [===========================>..] - ETA: 0s - loss: 0.3759 - acc: 0.8475
1376/1424 [===========================>..] - ETA: 0s - loss: 0.3776 - acc: 0.8459
1408/1424 [============================>.] - ETA: 0s - loss: 0.3809 - acc: 0.8430
1424/1424 [==============================] - 15s 11ms/step - loss: 0.3881 - acc: 0.8420 - val_loss: 0.3841 - val_acc: 0.8573
Epoch 12/1000

  32/1424 [..............................] - ETA: 12s - loss: 0.5592 - acc: 0.7500
  64/1424 [>.............................] - ETA: 12s - loss: 0.4033 - acc: 0.8281
  96/1424 [=>............................] - ETA: 11s - loss: 0.3894 - acc: 0.8333
 128/1424 [=>............................] - ETA: 11s - loss: 0.3925 - acc: 0.8359
 160/1424 [==>...........................] - ETA: 11s - loss: 0.4048 - acc: 0.8438
 192/1424 [===>..........................] - ETA: 10s - loss: 0.3849 - acc: 0.8438
 224/1424 [===>..........................] - ETA: 10s - loss: 0.3714 - acc: 0.8527
 256/1424 [====>.........................] - ETA: 10s - loss: 0.3821 - acc: 0.8516
 288/1424 [=====>........................] - ETA: 10s - loss: 0.3860 - acc: 0.8438
 320/1424 [=====>........................] - ETA: 9s - loss: 0.3809 - acc: 0.8469 
 352/1424 [======>.......................] - ETA: 9s - loss: 0.3696 - acc: 0.8523
 384/1424 [=======>......................] - ETA: 9s - loss: 0.3791 - acc: 0.8438
 416/1424 [=======>......................] - ETA: 8s - loss: 0.3748 - acc: 0.8462
 448/1424 [========>.....................] - ETA: 8s - loss: 0.3650 - acc: 0.8527
 480/1424 [=========>....................] - ETA: 8s - loss: 0.3650 - acc: 0.8500
 512/1424 [=========>....................] - ETA: 8s - loss: 0.3649 - acc: 0.8516
 544/1424 [==========>...................] - ETA: 7s - loss: 0.3571 - acc: 0.8548
 576/1424 [===========>..................] - ETA: 7s - loss: 0.3513 - acc: 0.8559
 608/1424 [===========>..................] - ETA: 7s - loss: 0.3582 - acc: 0.8520
 640/1424 [============>.................] - ETA: 6s - loss: 0.3658 - acc: 0.8484
 672/1424 [=============>................] - ETA: 6s - loss: 0.3641 - acc: 0.8482
 704/1424 [=============>................] - ETA: 6s - loss: 0.3677 - acc: 0.8480
 736/1424 [==============>...............] - ETA: 6s - loss: 0.3699 - acc: 0.8451
 768/1424 [===============>..............] - ETA: 5s - loss: 0.3679 - acc: 0.8464
 800/1424 [===============>..............] - ETA: 5s - loss: 0.3676 - acc: 0.8462
 832/1424 [================>.............] - ETA: 5s - loss: 0.3703 - acc: 0.8450
 864/1424 [=================>............] - ETA: 4s - loss: 0.3689 - acc: 0.8461
 896/1424 [=================>............] - ETA: 4s - loss: 0.3696 - acc: 0.8449
 928/1424 [==================>...........] - ETA: 4s - loss: 0.3693 - acc: 0.8448
 960/1424 [===================>..........] - ETA: 4s - loss: 0.3710 - acc: 0.8438
 992/1424 [===================>..........] - ETA: 3s - loss: 0.3755 - acc: 0.8438
1024/1424 [====================>.........] - ETA: 3s - loss: 0.3718 - acc: 0.8457
1056/1424 [=====================>........] - ETA: 3s - loss: 0.3738 - acc: 0.8447
1088/1424 [=====================>........] - ETA: 2s - loss: 0.3716 - acc: 0.8465
1120/1424 [======================>.......] - ETA: 2s - loss: 0.3667 - acc: 0.8491
1152/1424 [=======================>......] - ETA: 2s - loss: 0.3627 - acc: 0.8507
1184/1424 [=======================>......] - ETA: 2s - loss: 0.3657 - acc: 0.8488
1216/1424 [========================>.....] - ETA: 1s - loss: 0.3634 - acc: 0.8512
1248/1424 [=========================>....] - ETA: 1s - loss: 0.3649 - acc: 0.8494
1280/1424 [=========================>....] - ETA: 1s - loss: 0.3620 - acc: 0.8500
1312/1424 [==========================>...] - ETA: 0s - loss: 0.3652 - acc: 0.8498
1344/1424 [===========================>..] - ETA: 0s - loss: 0.3630 - acc: 0.8519
1376/1424 [===========================>..] - ETA: 0s - loss: 0.3605 - acc: 0.8539
1408/1424 [============================>.] - ETA: 0s - loss: 0.3650 - acc: 0.8530
1424/1424 [==============================] - 15s 11ms/step - loss: 0.3671 - acc: 0.8525 - val_loss: 0.3330 - val_acc: 0.8672
Epoch 13/1000

  32/1424 [..............................] - ETA: 12s - loss: 0.3600 - acc: 0.8438
  64/1424 [>.............................] - ETA: 12s - loss: 0.6823 - acc: 0.7812
  96/1424 [=>............................] - ETA: 11s - loss: 0.5339 - acc: 0.8229
 128/1424 [=>............................] - ETA: 11s - loss: 0.4919 - acc: 0.8203
 160/1424 [==>...........................] - ETA: 11s - loss: 0.4762 - acc: 0.8250
 192/1424 [===>..........................] - ETA: 10s - loss: 0.5373 - acc: 0.8229
 224/1424 [===>..........................] - ETA: 10s - loss: 0.4966 - acc: 0.8348
 256/1424 [====>.........................] - ETA: 10s - loss: 0.4794 - acc: 0.8398
 288/1424 [=====>........................] - ETA: 10s - loss: 0.4599 - acc: 0.8472
 320/1424 [=====>........................] - ETA: 9s - loss: 0.5188 - acc: 0.8375 
 352/1424 [======>.......................] - ETA: 9s - loss: 0.5042 - acc: 0.8381
 384/1424 [=======>......................] - ETA: 9s - loss: 0.4949 - acc: 0.8359
 416/1424 [=======>......................] - ETA: 8s - loss: 0.4888 - acc: 0.8341
 448/1424 [========>.....................] - ETA: 8s - loss: 0.4843 - acc: 0.8304
 480/1424 [=========>....................] - ETA: 8s - loss: 0.4733 - acc: 0.8354
 512/1424 [=========>....................] - ETA: 8s - loss: 0.4705 - acc: 0.8359
 544/1424 [==========>...................] - ETA: 7s - loss: 0.4717 - acc: 0.8327
 576/1424 [===========>..................] - ETA: 7s - loss: 0.4706 - acc: 0.8333
 608/1424 [===========>..................] - ETA: 7s - loss: 0.4594 - acc: 0.8388
 640/1424 [============>.................] - ETA: 6s - loss: 0.4539 - acc: 0.8391
 672/1424 [=============>................] - ETA: 6s - loss: 0.4430 - acc: 0.8438
 704/1424 [=============>................] - ETA: 6s - loss: 0.4411 - acc: 0.8395
 736/1424 [==============>...............] - ETA: 6s - loss: 0.4360 - acc: 0.8438
 768/1424 [===============>..............] - ETA: 5s - loss: 0.4280 - acc: 0.8477
 800/1424 [===============>..............] - ETA: 5s - loss: 0.4286 - acc: 0.8462
 832/1424 [================>.............] - ETA: 5s - loss: 0.4265 - acc: 0.8474
 864/1424 [=================>............] - ETA: 4s - loss: 0.4285 - acc: 0.8426
 896/1424 [=================>............] - ETA: 4s - loss: 0.4237 - acc: 0.8460
 928/1424 [==================>...........] - ETA: 4s - loss: 0.4277 - acc: 0.8427
 960/1424 [===================>..........] - ETA: 4s - loss: 0.4296 - acc: 0.8396
 992/1424 [===================>..........] - ETA: 3s - loss: 0.4305 - acc: 0.8367
1024/1424 [====================>.........] - ETA: 3s - loss: 0.4351 - acc: 0.8320
1056/1424 [=====================>........] - ETA: 3s - loss: 0.4341 - acc: 0.8314
1088/1424 [=====================>........] - ETA: 2s - loss: 0.4324 - acc: 0.8318
1120/1424 [======================>.......] - ETA: 2s - loss: 0.4265 - acc: 0.8357
1152/1424 [=======================>......] - ETA: 2s - loss: 0.4256 - acc: 0.8359
1184/1424 [=======================>......] - ETA: 2s - loss: 0.4202 - acc: 0.8395
1216/1424 [========================>.....] - ETA: 1s - loss: 0.4162 - acc: 0.8413
1248/1424 [=========================>....] - ETA: 1s - loss: 0.4171 - acc: 0.8405
1280/1424 [=========================>....] - ETA: 1s - loss: 0.4154 - acc: 0.8430
1312/1424 [==========================>...] - ETA: 0s - loss: 0.4139 - acc: 0.8438
1344/1424 [===========================>..] - ETA: 0s - loss: 0.4140 - acc: 0.8430
1376/1424 [===========================>..] - ETA: 0s - loss: 0.4143 - acc: 0.8416
1408/1424 [============================>.] - ETA: 0s - loss: 0.4188 - acc: 0.8388
1424/1424 [==============================] - 15s 11ms/step - loss: 0.4178 - acc: 0.8392 - val_loss: 0.3438 - val_acc: 0.8644
Epoch 14/1000

  32/1424 [..............................] - ETA: 12s - loss: 0.3876 - acc: 0.8438
  64/1424 [>.............................] - ETA: 11s - loss: 0.3745 - acc: 0.8438
  96/1424 [=>............................] - ETA: 11s - loss: 0.4278 - acc: 0.8333
 128/1424 [=>............................] - ETA: 11s - loss: 0.4031 - acc: 0.8438
 160/1424 [==>...........................] - ETA: 11s - loss: 0.3901 - acc: 0.8375
 192/1424 [===>..........................] - ETA: 10s - loss: 0.4382 - acc: 0.8385
 224/1424 [===>..........................] - ETA: 10s - loss: 0.4245 - acc: 0.8348
 256/1424 [====>.........................] - ETA: 10s - loss: 0.4131 - acc: 0.8438
 288/1424 [=====>........................] - ETA: 10s - loss: 0.4287 - acc: 0.8299
 320/1424 [=====>........................] - ETA: 9s - loss: 0.4224 - acc: 0.8344 
 352/1424 [======>.......................] - ETA: 9s - loss: 0.4146 - acc: 0.8352
 384/1424 [=======>......................] - ETA: 9s - loss: 0.4137 - acc: 0.8333
 416/1424 [=======>......................] - ETA: 8s - loss: 0.4090 - acc: 0.8365
 448/1424 [========>.....................] - ETA: 8s - loss: 0.4135 - acc: 0.8304
 480/1424 [=========>....................] - ETA: 8s - loss: 0.4135 - acc: 0.8292
 512/1424 [=========>....................] - ETA: 8s - loss: 0.4102 - acc: 0.8320
 544/1424 [==========>...................] - ETA: 7s - loss: 0.4100 - acc: 0.8309
 576/1424 [===========>..................] - ETA: 7s - loss: 0.4061 - acc: 0.8333
 608/1424 [===========>..................] - ETA: 7s - loss: 0.4082 - acc: 0.8306
 640/1424 [============>.................] - ETA: 6s - loss: 0.4153 - acc: 0.8250
 672/1424 [=============>................] - ETA: 6s - loss: 0.4126 - acc: 0.8274
 704/1424 [=============>................] - ETA: 6s - loss: 0.4113 - acc: 0.8295
 736/1424 [==============>...............] - ETA: 6s - loss: 0.4126 - acc: 0.8288
 768/1424 [===============>..............] - ETA: 5s - loss: 0.4129 - acc: 0.8307
 800/1424 [===============>..............] - ETA: 5s - loss: 0.4152 - acc: 0.8275
 832/1424 [================>.............] - ETA: 5s - loss: 0.4147 - acc: 0.8269
 864/1424 [=================>............] - ETA: 4s - loss: 0.4136 - acc: 0.8275
 896/1424 [=================>............] - ETA: 4s - loss: 0.4111 - acc: 0.8292
 928/1424 [==================>...........] - ETA: 4s - loss: 0.4110 - acc: 0.8287
 960/1424 [===================>..........] - ETA: 4s - loss: 0.4182 - acc: 0.8229
 992/1424 [===================>..........] - ETA: 3s - loss: 0.4188 - acc: 0.8226
1024/1424 [====================>.........] - ETA: 3s - loss: 0.4213 - acc: 0.8203
1056/1424 [=====================>........] - ETA: 3s - loss: 0.4245 - acc: 0.8172
1088/1424 [=====================>........] - ETA: 2s - loss: 0.4226 - acc: 0.8189
1120/1424 [======================>.......] - ETA: 2s - loss: 0.4202 - acc: 0.8196
1152/1424 [=======================>......] - ETA: 2s - loss: 0.4230 - acc: 0.8168
1184/1424 [=======================>......] - ETA: 2s - loss: 0.4211 - acc: 0.8184
1216/1424 [========================>.....] - ETA: 1s - loss: 0.4205 - acc: 0.8191
1248/1424 [=========================>....] - ETA: 1s - loss: 0.4194 - acc: 0.8205
1280/1424 [=========================>....] - ETA: 1s - loss: 0.4207 - acc: 0.8211
1312/1424 [==========================>...] - ETA: 0s - loss: 0.4215 - acc: 0.8201
1344/1424 [===========================>..] - ETA: 0s - loss: 0.4220 - acc: 0.8199
1376/1424 [===========================>..] - ETA: 0s - loss: 0.4218 - acc: 0.8198
1408/1424 [============================>.] - ETA: 0s - loss: 0.4199 - acc: 0.8210
1424/1424 [==============================] - 15s 11ms/step - loss: 0.4207 - acc: 0.8209 - val_loss: 0.3586 - val_acc: 0.8573
Epoch 15/1000

  32/1424 [..............................] - ETA: 12s - loss: 0.4846 - acc: 0.8438
  64/1424 [>.............................] - ETA: 11s - loss: 0.4645 - acc: 0.8281
  96/1424 [=>............................] - ETA: 11s - loss: 0.4330 - acc: 0.8333
 128/1424 [=>............................] - ETA: 11s - loss: 0.4080 - acc: 0.8438
 160/1424 [==>...........................] - ETA: 11s - loss: 0.4097 - acc: 0.8438
 192/1424 [===>..........................] - ETA: 10s - loss: 0.3811 - acc: 0.8594
 224/1424 [===>..........................] - ETA: 10s - loss: 0.3915 - acc: 0.8571
 256/1424 [====>.........................] - ETA: 10s - loss: 0.3670 - acc: 0.8750
 288/1424 [=====>........................] - ETA: 10s - loss: 0.3828 - acc: 0.8611
 320/1424 [=====>........................] - ETA: 9s - loss: 0.3724 - acc: 0.8625 
 352/1424 [======>.......................] - ETA: 9s - loss: 0.4319 - acc: 0.8523
 384/1424 [=======>......................] - ETA: 9s - loss: 0.4198 - acc: 0.8542
 416/1424 [=======>......................] - ETA: 8s - loss: 0.4195 - acc: 0.8486
 448/1424 [========>.....................] - ETA: 8s - loss: 0.4230 - acc: 0.8482
 480/1424 [=========>....................] - ETA: 8s - loss: 0.4179 - acc: 0.8500
 512/1424 [=========>....................] - ETA: 8s - loss: 0.4218 - acc: 0.8496
 544/1424 [==========>...................] - ETA: 7s - loss: 0.4276 - acc: 0.8456
 576/1424 [===========>..................] - ETA: 7s - loss: 0.4184 - acc: 0.8507
 608/1424 [===========>..................] - ETA: 7s - loss: 0.4207 - acc: 0.8470
 640/1424 [============>.................] - ETA: 6s - loss: 0.4206 - acc: 0.8484
 672/1424 [=============>................] - ETA: 6s - loss: 0.4192 - acc: 0.8482
 704/1424 [=============>................] - ETA: 6s - loss: 0.4216 - acc: 0.8452
 736/1424 [==============>...............] - ETA: 6s - loss: 0.4383 - acc: 0.8410
 768/1424 [===============>..............] - ETA: 5s - loss: 0.4299 - acc: 0.8438
 800/1424 [===============>..............] - ETA: 5s - loss: 0.4332 - acc: 0.8375
 832/1424 [================>.............] - ETA: 5s - loss: 0.4424 - acc: 0.8317
 864/1424 [=================>............] - ETA: 4s - loss: 0.4606 - acc: 0.8194
 896/1424 [=================>............] - ETA: 4s - loss: 0.4669 - acc: 0.8136
 928/1424 [==================>...........] - ETA: 4s - loss: 0.4708 - acc: 0.8082
 960/1424 [===================>..........] - ETA: 4s - loss: 0.4785 - acc: 0.8010
 992/1424 [===================>..........] - ETA: 3s - loss: 0.4798 - acc: 0.7994
1024/1424 [====================>.........] - ETA: 3s - loss: 0.4847 - acc: 0.7949
1056/1424 [=====================>........] - ETA: 3s - loss: 0.4899 - acc: 0.7898
1088/1424 [=====================>........] - ETA: 2s - loss: 0.4955 - acc: 0.7831
1120/1424 [======================>.......] - ETA: 2s - loss: 0.5024 - acc: 0.7759
1152/1424 [=======================>......] - ETA: 2s - loss: 0.4999 - acc: 0.7778
1184/1424 [=======================>......] - ETA: 2s - loss: 0.5024 - acc: 0.7753
1216/1424 [========================>.....] - ETA: 1s - loss: 0.5005 - acc: 0.7771
1248/1424 [=========================>....] - ETA: 1s - loss: 0.4989 - acc: 0.7780
1280/1424 [=========================>....] - ETA: 1s - loss: 0.4974 - acc: 0.7797
1312/1424 [==========================>...] - ETA: 0s - loss: 0.4952 - acc: 0.7820
1344/1424 [===========================>..] - ETA: 0s - loss: 0.4958 - acc: 0.7827
1376/1424 [===========================>..] - ETA: 0s - loss: 0.4944 - acc: 0.7856
1408/1424 [============================>.] - ETA: 0s - loss: 0.4948 - acc: 0.7862
1424/1424 [==============================] - 15s 11ms/step - loss: 0.4946 - acc: 0.7851 - val_loss: 0.4677 - val_acc: 0.8460
Epoch 16/1000

  32/1424 [..............................] - ETA: 12s - loss: 0.4528 - acc: 0.8438
  64/1424 [>.............................] - ETA: 11s - loss: 0.5322 - acc: 0.7031
  96/1424 [=>............................] - ETA: 11s - loss: 0.5190 - acc: 0.7188
 128/1424 [=>............................] - ETA: 11s - loss: 0.5120 - acc: 0.7188
 160/1424 [==>...........................] - ETA: 11s - loss: 0.5113 - acc: 0.7312
 192/1424 [===>..........................] - ETA: 10s - loss: 0.5119 - acc: 0.7396
 224/1424 [===>..........................] - ETA: 10s - loss: 0.5046 - acc: 0.7545
 256/1424 [====>.........................] - ETA: 10s - loss: 0.5089 - acc: 0.7539
 288/1424 [=====>........................] - ETA: 10s - loss: 0.4939 - acc: 0.7708
 320/1424 [=====>........................] - ETA: 9s - loss: 0.4885 - acc: 0.7719 
 352/1424 [======>.......................] - ETA: 9s - loss: 0.4892 - acc: 0.7699
 384/1424 [=======>......................] - ETA: 9s - loss: 0.4935 - acc: 0.7682
 416/1424 [=======>......................] - ETA: 8s - loss: 0.4924 - acc: 0.7716
 448/1424 [========>.....................] - ETA: 8s - loss: 0.4915 - acc: 0.7723
 480/1424 [=========>....................] - ETA: 8s - loss: 0.4880 - acc: 0.7771
 512/1424 [=========>....................] - ETA: 8s - loss: 0.4759 - acc: 0.7910
 544/1424 [==========>...................] - ETA: 7s - loss: 0.4713 - acc: 0.7978
 576/1424 [===========>..................] - ETA: 7s - loss: 0.4740 - acc: 0.7986
 608/1424 [===========>..................] - ETA: 7s - loss: 0.4729 - acc: 0.7977
 640/1424 [============>.................] - ETA: 6s - loss: 0.4717 - acc: 0.7984
 672/1424 [=============>................] - ETA: 6s - loss: 0.4652 - acc: 0.8036
 704/1424 [=============>................] - ETA: 6s - loss: 0.4580 - acc: 0.8054
 736/1424 [==============>...............] - ETA: 6s - loss: 0.4515 - acc: 0.8084
 768/1424 [===============>..............] - ETA: 5s - loss: 0.4496 - acc: 0.8125
 800/1424 [===============>..............] - ETA: 5s - loss: 0.4464 - acc: 0.8163
 832/1424 [================>.............] - ETA: 5s - loss: 0.4484 - acc: 0.8137
 864/1424 [=================>............] - ETA: 4s - loss: 0.4468 - acc: 0.8148
 896/1424 [=================>............] - ETA: 4s - loss: 0.4447 - acc: 0.8136
 928/1424 [==================>...........] - ETA: 4s - loss: 0.4474 - acc: 0.8125
 960/1424 [===================>..........] - ETA: 4s - loss: 0.4455 - acc: 0.8146
 992/1424 [===================>..........] - ETA: 3s - loss: 0.4423 - acc: 0.8155
1024/1424 [====================>.........] - ETA: 3s - loss: 0.4350 - acc: 0.8213
1056/1424 [=====================>........] - ETA: 3s - loss: 0.4389 - acc: 0.8163
1088/1424 [=====================>........] - ETA: 2s - loss: 0.4337 - acc: 0.8199
1120/1424 [======================>.......] - ETA: 2s - loss: 0.4337 - acc: 0.8170
1152/1424 [=======================>......] - ETA: 2s - loss: 0.4362 - acc: 0.8151
1184/1424 [=======================>......] - ETA: 2s - loss: 0.4353 - acc: 0.8159
1216/1424 [========================>.....] - ETA: 1s - loss: 0.4327 - acc: 0.8166
1248/1424 [=========================>....] - ETA: 1s - loss: 0.4313 - acc: 0.8173
1280/1424 [=========================>....] - ETA: 1s - loss: 0.4275 - acc: 0.8195
1312/1424 [==========================>...] - ETA: 0s - loss: 0.4236 - acc: 0.8209
1344/1424 [===========================>..] - ETA: 0s - loss: 0.4192 - acc: 0.8229
1376/1424 [===========================>..] - ETA: 0s - loss: 0.4251 - acc: 0.8212
1408/1424 [============================>.] - ETA: 0s - loss: 0.4249 - acc: 0.8217
1424/1424 [==============================] - 15s 11ms/step - loss: 0.4273 - acc: 0.8216 - val_loss: 0.3689 - val_acc: 0.8503
Epoch 17/1000

  32/1424 [..............................] - ETA: 12s - loss: 0.4381 - acc: 0.9062
  64/1424 [>.............................] - ETA: 12s - loss: 0.4353 - acc: 0.8438
  96/1424 [=>............................] - ETA: 11s - loss: 0.3950 - acc: 0.8646
 128/1424 [=>............................] - ETA: 11s - loss: 0.3924 - acc: 0.8672
 160/1424 [==>...........................] - ETA: 11s - loss: 0.4803 - acc: 0.8625
 192/1424 [===>..........................] - ETA: 10s - loss: 0.4488 - acc: 0.8698
 224/1424 [===>..........................] - ETA: 10s - loss: 0.4344 - acc: 0.8571
 256/1424 [====>.........................] - ETA: 10s - loss: 0.4473 - acc: 0.8438
 288/1424 [=====>........................] - ETA: 10s - loss: 0.4978 - acc: 0.8403
 320/1424 [=====>........................] - ETA: 9s - loss: 0.4810 - acc: 0.8406 
 352/1424 [======>.......................] - ETA: 9s - loss: 0.4626 - acc: 0.8466
 384/1424 [=======>......................] - ETA: 9s - loss: 0.4595 - acc: 0.8438
 416/1424 [=======>......................] - ETA: 8s - loss: 0.4511 - acc: 0.8438
 448/1424 [========>.....................] - ETA: 8s - loss: 0.4466 - acc: 0.8393
 480/1424 [=========>....................] - ETA: 8s - loss: 0.4563 - acc: 0.8292
 512/1424 [=========>....................] - ETA: 8s - loss: 0.4555 - acc: 0.8281
 544/1424 [==========>...................] - ETA: 7s - loss: 0.4515 - acc: 0.8290
 576/1424 [===========>..................] - ETA: 7s - loss: 0.4404 - acc: 0.8316
 608/1424 [===========>..................] - ETA: 7s - loss: 0.4343 - acc: 0.8355
 640/1424 [============>.................] - ETA: 6s - loss: 0.4323 - acc: 0.8328
 672/1424 [=============>................] - ETA: 6s - loss: 0.4379 - acc: 0.8274
 704/1424 [=============>................] - ETA: 6s - loss: 0.4362 - acc: 0.8267
 736/1424 [==============>...............] - ETA: 6s - loss: 0.4286 - acc: 0.8302
 768/1424 [===============>..............] - ETA: 5s - loss: 0.4269 - acc: 0.8307
 800/1424 [===============>..............] - ETA: 5s - loss: 0.4222 - acc: 0.8313
 832/1424 [================>.............] - ETA: 5s - loss: 0.4169 - acc: 0.8353
 864/1424 [=================>............] - ETA: 4s - loss: 0.4213 - acc: 0.8345
 896/1424 [=================>............] - ETA: 4s - loss: 0.4217 - acc: 0.8337
 928/1424 [==================>...........] - ETA: 4s - loss: 0.4185 - acc: 0.8351
 960/1424 [===================>..........] - ETA: 4s - loss: 0.4148 - acc: 0.8354
 992/1424 [===================>..........] - ETA: 3s - loss: 0.4201 - acc: 0.8317
1024/1424 [====================>.........] - ETA: 3s - loss: 0.4175 - acc: 0.8340
1056/1424 [=====================>........] - ETA: 3s - loss: 0.4145 - acc: 0.8343
1088/1424 [=====================>........] - ETA: 2s - loss: 0.4124 - acc: 0.8327
1120/1424 [======================>.......] - ETA: 2s - loss: 0.4151 - acc: 0.8313
1152/1424 [=======================>......] - ETA: 2s - loss: 0.4147 - acc: 0.8299
1184/1424 [=======================>......] - ETA: 2s - loss: 0.4135 - acc: 0.8294
1216/1424 [========================>.....] - ETA: 1s - loss: 0.4126 - acc: 0.8289
1248/1424 [=========================>....] - ETA: 1s - loss: 0.4123 - acc: 0.8293
1280/1424 [=========================>....] - ETA: 1s - loss: 0.4086 - acc: 0.8313
1312/1424 [==========================>...] - ETA: 0s - loss: 0.4078 - acc: 0.8300
1344/1424 [===========================>..] - ETA: 0s - loss: 0.4057 - acc: 0.8318
1376/1424 [===========================>..] - ETA: 0s - loss: 0.4040 - acc: 0.8328
1408/1424 [============================>.] - ETA: 0s - loss: 0.4022 - acc: 0.8338
1424/1424 [==============================] - 15s 11ms/step - loss: 0.4021 - acc: 0.8329 - val_loss: 0.3929 - val_acc: 0.8672
Epoch 18/1000

  32/1424 [..............................] - ETA: 12s - loss: 0.3836 - acc: 0.7500
  64/1424 [>.............................] - ETA: 11s - loss: 0.3736 - acc: 0.7969
  96/1424 [=>............................] - ETA: 11s - loss: 0.3623 - acc: 0.8229
 128/1424 [=>............................] - ETA: 11s - loss: 0.3796 - acc: 0.8359
 160/1424 [==>...........................] - ETA: 11s - loss: 0.3878 - acc: 0.8375
 192/1424 [===>..........................] - ETA: 10s - loss: 0.3661 - acc: 0.8490
 224/1424 [===>..........................] - ETA: 10s - loss: 0.3572 - acc: 0.8571
 256/1424 [====>.........................] - ETA: 10s - loss: 0.3341 - acc: 0.8672
 288/1424 [=====>........................] - ETA: 10s - loss: 0.3350 - acc: 0.8681
 320/1424 [=====>........................] - ETA: 9s - loss: 0.3343 - acc: 0.8719 
 352/1424 [======>.......................] - ETA: 9s - loss: 0.3382 - acc: 0.8665
 384/1424 [=======>......................] - ETA: 9s - loss: 0.3563 - acc: 0.8594
 416/1424 [=======>......................] - ETA: 8s - loss: 0.3561 - acc: 0.8630
 448/1424 [========>.....................] - ETA: 8s - loss: 0.3486 - acc: 0.8661
 480/1424 [=========>....................] - ETA: 8s - loss: 0.3513 - acc: 0.8646
 512/1424 [=========>....................] - ETA: 8s - loss: 0.3534 - acc: 0.8613
 544/1424 [==========>...................] - ETA: 7s - loss: 0.3566 - acc: 0.8566
 576/1424 [===========>..................] - ETA: 7s - loss: 0.3498 - acc: 0.8611
 608/1424 [===========>..................] - ETA: 7s - loss: 0.3516 - acc: 0.8618
 640/1424 [============>.................] - ETA: 6s - loss: 0.3563 - acc: 0.8609
 672/1424 [=============>................] - ETA: 6s - loss: 0.3512 - acc: 0.8631
 704/1424 [=============>................] - ETA: 6s - loss: 0.3545 - acc: 0.8594
 736/1424 [==============>...............] - ETA: 6s - loss: 0.3586 - acc: 0.8573
 768/1424 [===============>..............] - ETA: 5s - loss: 0.3668 - acc: 0.8542
 800/1424 [===============>..............] - ETA: 5s - loss: 0.3726 - acc: 0.8525
 832/1424 [================>.............] - ETA: 5s - loss: 0.3789 - acc: 0.8498
 864/1424 [=================>............] - ETA: 4s - loss: 0.3781 - acc: 0.8472
 896/1424 [=================>............] - ETA: 4s - loss: 0.3766 - acc: 0.8471
 928/1424 [==================>...........] - ETA: 4s - loss: 0.3745 - acc: 0.8481
 960/1424 [===================>..........] - ETA: 4s - loss: 0.3743 - acc: 0.8469
 992/1424 [===================>..........] - ETA: 3s - loss: 0.3735 - acc: 0.8468
1024/1424 [====================>.........] - ETA: 3s - loss: 0.3723 - acc: 0.8457
1056/1424 [=====================>........] - ETA: 3s - loss: 0.3719 - acc: 0.8466
1088/1424 [=====================>........] - ETA: 2s - loss: 0.3697 - acc: 0.8474
1120/1424 [======================>.......] - ETA: 2s - loss: 0.3706 - acc: 0.8464
1152/1424 [=======================>......] - ETA: 2s - loss: 0.3709 - acc: 0.8472
1184/1424 [=======================>......] - ETA: 2s - loss: 0.3695 - acc: 0.8488
1216/1424 [========================>.....] - ETA: 1s - loss: 0.3688 - acc: 0.8495
1248/1424 [=========================>....] - ETA: 1s - loss: 0.3691 - acc: 0.8502
1280/1424 [=========================>....] - ETA: 1s - loss: 0.3716 - acc: 0.8477
1312/1424 [==========================>...] - ETA: 0s - loss: 0.3765 - acc: 0.8453
1344/1424 [===========================>..] - ETA: 0s - loss: 0.3742 - acc: 0.8467
1376/1424 [===========================>..] - ETA: 0s - loss: 0.3744 - acc: 0.8459
1408/1424 [============================>.] - ETA: 0s - loss: 0.3735 - acc: 0.8466
1424/1424 [==============================] - 15s 11ms/step - loss: 0.3731 - acc: 0.8462 - val_loss: 0.3585 - val_acc: 0.8531
Epoch 19/1000

  32/1424 [..............................] - ETA: 12s - loss: 0.3507 - acc: 0.8438
  64/1424 [>.............................] - ETA: 12s - loss: 0.4302 - acc: 0.7656
  96/1424 [=>............................] - ETA: 11s - loss: 0.4210 - acc: 0.8021
 128/1424 [=>............................] - ETA: 11s - loss: 0.4089 - acc: 0.8047
 160/1424 [==>...........................] - ETA: 11s - loss: 0.4364 - acc: 0.8000
 192/1424 [===>..........................] - ETA: 10s - loss: 0.4385 - acc: 0.8021
 224/1424 [===>..........................] - ETA: 10s - loss: 0.4209 - acc: 0.8080
 256/1424 [====>.........................] - ETA: 10s - loss: 0.4064 - acc: 0.8203
 288/1424 [=====>........................] - ETA: 10s - loss: 0.3951 - acc: 0.8264
 320/1424 [=====>........................] - ETA: 9s - loss: 0.3966 - acc: 0.8250 
 352/1424 [======>.......................] - ETA: 9s - loss: 0.3978 - acc: 0.8267
 384/1424 [=======>......................] - ETA: 9s - loss: 0.3963 - acc: 0.8307
 416/1424 [=======>......................] - ETA: 8s - loss: 0.3989 - acc: 0.8317
 448/1424 [========>.....................] - ETA: 8s - loss: 0.4016 - acc: 0.8304
 480/1424 [=========>....................] - ETA: 8s - loss: 0.3953 - acc: 0.8292
 512/1424 [=========>....................] - ETA: 8s - loss: 0.3899 - acc: 0.8359
 544/1424 [==========>...................] - ETA: 7s - loss: 0.3931 - acc: 0.8364
 576/1424 [===========>..................] - ETA: 7s - loss: 0.3881 - acc: 0.8403
 608/1424 [===========>..................] - ETA: 7s - loss: 0.4042 - acc: 0.8306
 640/1424 [============>.................] - ETA: 6s - loss: 0.3993 - acc: 0.8313
 672/1424 [=============>................] - ETA: 6s - loss: 0.3957 - acc: 0.8333
 704/1424 [=============>................] - ETA: 6s - loss: 0.3968 - acc: 0.8324
 736/1424 [==============>...............] - ETA: 6s - loss: 0.3957 - acc: 0.8315
 768/1424 [===============>..............] - ETA: 5s - loss: 0.3909 - acc: 0.8333
 800/1424 [===============>..............] - ETA: 5s - loss: 0.3934 - acc: 0.8313
 832/1424 [================>.............] - ETA: 5s - loss: 0.3920 - acc: 0.8305
 864/1424 [=================>............] - ETA: 4s - loss: 0.3940 - acc: 0.8287
 896/1424 [=================>............] - ETA: 4s - loss: 0.3900 - acc: 0.8315
 928/1424 [==================>...........] - ETA: 4s - loss: 0.3881 - acc: 0.8319
 960/1424 [===================>..........] - ETA: 4s - loss: 0.3844 - acc: 0.8333
 992/1424 [===================>..........] - ETA: 3s - loss: 0.3839 - acc: 0.8357
1024/1424 [====================>.........] - ETA: 3s - loss: 0.3791 - acc: 0.8389
1056/1424 [=====================>........] - ETA: 3s - loss: 0.3767 - acc: 0.8400
1088/1424 [=====================>........] - ETA: 2s - loss: 0.3764 - acc: 0.8419
1120/1424 [======================>.......] - ETA: 2s - loss: 0.3734 - acc: 0.8429
1152/1424 [=======================>......] - ETA: 2s - loss: 0.3691 - acc: 0.8455
1184/1424 [=======================>......] - ETA: 2s - loss: 0.3676 - acc: 0.8471
1216/1424 [========================>.....] - ETA: 1s - loss: 0.3661 - acc: 0.8487
1248/1424 [=========================>....] - ETA: 1s - loss: 0.3646 - acc: 0.8502
1280/1424 [=========================>....] - ETA: 1s - loss: 0.3620 - acc: 0.8516
1312/1424 [==========================>...] - ETA: 0s - loss: 0.3613 - acc: 0.8521
1344/1424 [===========================>..] - ETA: 0s - loss: 0.3566 - acc: 0.8549
1376/1424 [===========================>..] - ETA: 0s - loss: 0.3568 - acc: 0.8554
1408/1424 [============================>.] - ETA: 0s - loss: 0.3594 - acc: 0.8558
1424/1424 [==============================] - 15s 11ms/step - loss: 0.3627 - acc: 0.8546 - val_loss: 0.3398 - val_acc: 0.8644
Epoch 20/1000

  32/1424 [..............................] - ETA: 12s - loss: 0.3954 - acc: 0.8125
  64/1424 [>.............................] - ETA: 11s - loss: 0.4514 - acc: 0.7812
  96/1424 [=>............................] - ETA: 11s - loss: 0.4402 - acc: 0.8021
 128/1424 [=>............................] - ETA: 11s - loss: 0.4953 - acc: 0.7656
 160/1424 [==>...........................] - ETA: 11s - loss: 0.5022 - acc: 0.7562
 192/1424 [===>..........................] - ETA: 10s - loss: 0.5039 - acc: 0.7552
 224/1424 [===>..........................] - ETA: 10s - loss: 0.4820 - acc: 0.7723
 256/1424 [====>.........................] - ETA: 10s - loss: 0.4556 - acc: 0.7891
 288/1424 [=====>........................] - ETA: 10s - loss: 0.4308 - acc: 0.8021
 320/1424 [=====>........................] - ETA: 9s - loss: 0.4323 - acc: 0.8063 
 352/1424 [======>.......................] - ETA: 9s - loss: 0.4264 - acc: 0.8097
 384/1424 [=======>......................] - ETA: 9s - loss: 0.4155 - acc: 0.8125
 416/1424 [=======>......................] - ETA: 8s - loss: 0.4158 - acc: 0.8101
 448/1424 [========>.....................] - ETA: 8s - loss: 0.4081 - acc: 0.8147
 480/1424 [=========>....................] - ETA: 8s - loss: 0.4027 - acc: 0.8187
 512/1424 [=========>....................] - ETA: 8s - loss: 0.4043 - acc: 0.8164
 544/1424 [==========>...................] - ETA: 7s - loss: 0.4033 - acc: 0.8180
 576/1424 [===========>..................] - ETA: 7s - loss: 0.4021 - acc: 0.8194
 608/1424 [===========>..................] - ETA: 7s - loss: 0.3995 - acc: 0.8224
 640/1424 [============>.................] - ETA: 6s - loss: 0.4048 - acc: 0.8234
 672/1424 [=============>................] - ETA: 6s - loss: 0.3967 - acc: 0.8304
 704/1424 [=============>................] - ETA: 6s - loss: 0.3885 - acc: 0.8366
 736/1424 [==============>...............] - ETA: 6s - loss: 0.3893 - acc: 0.8329
 768/1424 [===============>..............] - ETA: 5s - loss: 0.3898 - acc: 0.8333
 800/1424 [===============>..............] - ETA: 5s - loss: 0.3850 - acc: 0.8363
 832/1424 [================>.............] - ETA: 5s - loss: 0.3843 - acc: 0.8365
 864/1424 [=================>............] - ETA: 4s - loss: 0.3816 - acc: 0.8391
 896/1424 [=================>............] - ETA: 4s - loss: 0.3757 - acc: 0.8438
 928/1424 [==================>...........] - ETA: 4s - loss: 0.3759 - acc: 0.8438
 960/1424 [===================>..........] - ETA: 4s - loss: 0.3758 - acc: 0.8427
 992/1424 [===================>..........] - ETA: 3s - loss: 0.3713 - acc: 0.8458
1024/1424 [====================>.........] - ETA: 3s - loss: 0.3664 - acc: 0.8486
1056/1424 [=====================>........] - ETA: 3s - loss: 0.3701 - acc: 0.8466
1088/1424 [=====================>........] - ETA: 2s - loss: 0.3678 - acc: 0.8493
1120/1424 [======================>.......] - ETA: 2s - loss: 0.3677 - acc: 0.8482
1152/1424 [=======================>......] - ETA: 2s - loss: 0.3652 - acc: 0.8498
1184/1424 [=======================>......] - ETA: 2s - loss: 0.3627 - acc: 0.8514
1216/1424 [========================>.....] - ETA: 1s - loss: 0.3627 - acc: 0.8520
1248/1424 [=========================>....] - ETA: 1s - loss: 0.3647 - acc: 0.8518
1280/1424 [=========================>....] - ETA: 1s - loss: 0.3711 - acc: 0.8492
1312/1424 [==========================>...] - ETA: 0s - loss: 0.3689 - acc: 0.8498
1344/1424 [===========================>..] - ETA: 0s - loss: 0.3684 - acc: 0.8512
1376/1424 [===========================>..] - ETA: 0s - loss: 0.3711 - acc: 0.8496
1408/1424 [============================>.] - ETA: 0s - loss: 0.3663 - acc: 0.8523
1424/1424 [==============================] - 15s 11ms/step - loss: 0.3646 - acc: 0.8532 - val_loss: 0.3521 - val_acc: 0.8545
Epoch 21/1000

  32/1424 [..............................] - ETA: 12s - loss: 0.2120 - acc: 0.9688
  64/1424 [>.............................] - ETA: 11s - loss: 0.2402 - acc: 0.9219
  96/1424 [=>............................] - ETA: 11s - loss: 0.4861 - acc: 0.8750
 128/1424 [=>............................] - ETA: 11s - loss: 0.4420 - acc: 0.8750
 160/1424 [==>...........................] - ETA: 11s - loss: 0.4070 - acc: 0.8812
 192/1424 [===>..........................] - ETA: 10s - loss: 0.3696 - acc: 0.8958
 224/1424 [===>..........................] - ETA: 10s - loss: 0.4287 - acc: 0.8839
 256/1424 [====>.........................] - ETA: 10s - loss: 0.4290 - acc: 0.8789
 288/1424 [=====>........................] - ETA: 10s - loss: 0.4217 - acc: 0.8785
 320/1424 [=====>........................] - ETA: 9s - loss: 0.4049 - acc: 0.8844 
 352/1424 [======>.......................] - ETA: 9s - loss: 0.4021 - acc: 0.8778
 384/1424 [=======>......................] - ETA: 9s - loss: 0.4096 - acc: 0.8698
 416/1424 [=======>......................] - ETA: 8s - loss: 0.4019 - acc: 0.8702
 448/1424 [========>.....................] - ETA: 8s - loss: 0.4001 - acc: 0.8661
 480/1424 [=========>....................] - ETA: 8s - loss: 0.3923 - acc: 0.8708
 512/1424 [=========>....................] - ETA: 8s - loss: 0.4188 - acc: 0.8672
 544/1424 [==========>...................] - ETA: 7s - loss: 0.4292 - acc: 0.8640
 576/1424 [===========>..................] - ETA: 7s - loss: 0.4475 - acc: 0.8646
 608/1424 [===========>..................] - ETA: 7s - loss: 0.4632 - acc: 0.8651
 640/1424 [============>.................] - ETA: 6s - loss: 0.4605 - acc: 0.8641
 672/1424 [=============>................] - ETA: 6s - loss: 0.4481 - acc: 0.8646
 704/1424 [=============>................] - ETA: 6s - loss: 0.4446 - acc: 0.8651
 736/1424 [==============>...............] - ETA: 6s - loss: 0.4527 - acc: 0.8573
 768/1424 [===============>..............] - ETA: 5s - loss: 0.4464 - acc: 0.8581
 800/1424 [===============>..............] - ETA: 5s - loss: 0.4437 - acc: 0.8588
 832/1424 [================>.............] - ETA: 5s - loss: 0.4425 - acc: 0.8594
 864/1424 [=================>............] - ETA: 4s - loss: 0.4364 - acc: 0.8611
 896/1424 [=================>............] - ETA: 4s - loss: 0.4397 - acc: 0.8594
 928/1424 [==================>...........] - ETA: 4s - loss: 0.4420 - acc: 0.8567
 960/1424 [===================>..........] - ETA: 4s - loss: 0.4388 - acc: 0.8552
 992/1424 [===================>..........] - ETA: 3s - loss: 0.4398 - acc: 0.8518
1024/1424 [====================>.........] - ETA: 3s - loss: 0.4328 - acc: 0.8545
1056/1424 [=====================>........] - ETA: 3s - loss: 0.4309 - acc: 0.8561
1088/1424 [=====================>........] - ETA: 2s - loss: 0.4295 - acc: 0.8548
1120/1424 [======================>.......] - ETA: 2s - loss: 0.4269 - acc: 0.8554
1152/1424 [=======================>......] - ETA: 2s - loss: 0.4245 - acc: 0.8559
1184/1424 [=======================>......] - ETA: 2s - loss: 0.4260 - acc: 0.8539
1216/1424 [========================>.....] - ETA: 1s - loss: 0.4229 - acc: 0.8553
1248/1424 [=========================>....] - ETA: 1s - loss: 0.4243 - acc: 0.8534
1280/1424 [=========================>....] - ETA: 1s - loss: 0.4272 - acc: 0.8500
1312/1424 [==========================>...] - ETA: 0s - loss: 0.4254 - acc: 0.8506
1344/1424 [===========================>..] - ETA: 0s - loss: 0.4240 - acc: 0.8504
1376/1424 [===========================>..] - ETA: 0s - loss: 0.4269 - acc: 0.8488
1408/1424 [============================>.] - ETA: 0s - loss: 0.4281 - acc: 0.8466
1424/1424 [==============================] - 15s 11ms/step - loss: 0.4255 - acc: 0.8483 - val_loss: 0.3808 - val_acc: 0.8630
Epoch 22/1000

  32/1424 [..............................] - ETA: 12s - loss: 0.3903 - acc: 0.7812
  64/1424 [>.............................] - ETA: 11s - loss: 0.3411 - acc: 0.8281
  96/1424 [=>............................] - ETA: 11s - loss: 0.3597 - acc: 0.8125
 128/1424 [=>............................] - ETA: 11s - loss: 0.3594 - acc: 0.8359
 160/1424 [==>...........................] - ETA: 11s - loss: 0.3554 - acc: 0.8562
 192/1424 [===>..........................] - ETA: 10s - loss: 0.3381 - acc: 0.8750
 224/1424 [===>..........................] - ETA: 10s - loss: 0.3362 - acc: 0.8795
 256/1424 [====>.........................] - ETA: 10s - loss: 0.3557 - acc: 0.8672
 288/1424 [=====>........................] - ETA: 10s - loss: 0.3548 - acc: 0.8681
 320/1424 [=====>........................] - ETA: 9s - loss: 0.3708 - acc: 0.8594 
 352/1424 [======>.......................] - ETA: 9s - loss: 0.3814 - acc: 0.8523
 384/1424 [=======>......................] - ETA: 9s - loss: 0.3773 - acc: 0.8542
 416/1424 [=======>......................] - ETA: 8s - loss: 0.3799 - acc: 0.8534
 448/1424 [========>.....................] - ETA: 8s - loss: 0.3913 - acc: 0.8482
 480/1424 [=========>....................] - ETA: 8s - loss: 0.3857 - acc: 0.8521
 512/1424 [=========>....................] - ETA: 8s - loss: 0.3821 - acc: 0.8516
 544/1424 [==========>...................] - ETA: 7s - loss: 0.3797 - acc: 0.8511
 576/1424 [===========>..................] - ETA: 7s - loss: 0.3778 - acc: 0.8507
 608/1424 [===========>..................] - ETA: 7s - loss: 0.3821 - acc: 0.8503
 640/1424 [============>.................] - ETA: 6s - loss: 0.3782 - acc: 0.8516
 672/1424 [=============>................] - ETA: 6s - loss: 0.3819 - acc: 0.8497
 704/1424 [=============>................] - ETA: 6s - loss: 0.3776 - acc: 0.8523
 736/1424 [==============>...............] - ETA: 6s - loss: 0.3791 - acc: 0.8478
 768/1424 [===============>..............] - ETA: 5s - loss: 0.3737 - acc: 0.8490
 800/1424 [===============>..............] - ETA: 5s - loss: 0.3766 - acc: 0.8475
 832/1424 [================>.............] - ETA: 5s - loss: 0.3791 - acc: 0.8462
 864/1424 [=================>............] - ETA: 4s - loss: 0.3798 - acc: 0.8472
 896/1424 [=================>............] - ETA: 4s - loss: 0.3832 - acc: 0.8449
 928/1424 [==================>...........] - ETA: 4s - loss: 0.3833 - acc: 0.8448
 960/1424 [===================>..........] - ETA: 4s - loss: 0.3817 - acc: 0.8458
 992/1424 [===================>..........] - ETA: 3s - loss: 0.3786 - acc: 0.8468
1024/1424 [====================>.........] - ETA: 3s - loss: 0.3818 - acc: 0.8438
1056/1424 [=====================>........] - ETA: 3s - loss: 0.3784 - acc: 0.8466
1088/1424 [=====================>........] - ETA: 2s - loss: 0.3780 - acc: 0.8456
1120/1424 [======================>.......] - ETA: 2s - loss: 0.3930 - acc: 0.8446
1152/1424 [=======================>......] - ETA: 2s - loss: 0.3914 - acc: 0.8446
1184/1424 [=======================>......] - ETA: 2s - loss: 0.3957 - acc: 0.8429
1216/1424 [========================>.....] - ETA: 1s - loss: 0.3998 - acc: 0.8413
1248/1424 [=========================>....] - ETA: 1s - loss: 0.3998 - acc: 0.8421
1280/1424 [=========================>....] - ETA: 1s - loss: 0.3940 - acc: 0.8453
1312/1424 [==========================>...] - ETA: 0s - loss: 0.3920 - acc: 0.8460
1344/1424 [===========================>..] - ETA: 0s - loss: 0.3899 - acc: 0.8460
1376/1424 [===========================>..] - ETA: 0s - loss: 0.3931 - acc: 0.8430
1408/1424 [============================>.] - ETA: 0s - loss: 0.3913 - acc: 0.8438
1424/1424 [==============================] - 15s 11ms/step - loss: 0.3922 - acc: 0.8434 - val_loss: 0.3587 - val_acc: 0.8446

  32/1424 [..............................] - ETA: 5s
  64/1424 [>.............................] - ETA: 4s
  96/1424 [=>............................] - ETA: 4s
 128/1424 [=>............................] - ETA: 4s
 160/1424 [==>...........................] - ETA: 4s
 192/1424 [===>..........................] - ETA: 4s
 224/1424 [===>..........................] - ETA: 4s
 256/1424 [====>.........................] - ETA: 4s
 288/1424 [=====>........................] - ETA: 4s
 320/1424 [=====>........................] - ETA: 3s
 352/1424 [======>.......................] - ETA: 3s
 384/1424 [=======>......................] - ETA: 3s
 416/1424 [=======>......................] - ETA: 3s
 448/1424 [========>.....................] - ETA: 3s
 480/1424 [=========>....................] - ETA: 3s
 512/1424 [=========>....................] - ETA: 3s
 544/1424 [==========>...................] - ETA: 3s
 576/1424 [===========>..................] - ETA: 3s
 608/1424 [===========>..................] - ETA: 2s
 640/1424 [============>.................] - ETA: 2s
 672/1424 [=============>................] - ETA: 2s
 704/1424 [=============>................] - ETA: 2s
 736/1424 [==============>...............] - ETA: 2s
 768/1424 [===============>..............] - ETA: 2s
 800/1424 [===============>..............] - ETA: 2s
 832/1424 [================>.............] - ETA: 2s
 864/1424 [=================>............] - ETA: 2s
 896/1424 [=================>............] - ETA: 1s
 928/1424 [==================>...........] - ETA: 1s
 960/1424 [===================>..........] - ETA: 1s
 992/1424 [===================>..........] - ETA: 1s
1024/1424 [====================>.........] - ETA: 1s
1056/1424 [=====================>........] - ETA: 1s
1088/1424 [=====================>........] - ETA: 1s
1120/1424 [======================>.......] - ETA: 1s
1152/1424 [=======================>......] - ETA: 0s
1184/1424 [=======================>......] - ETA: 0s
1216/1424 [========================>.....] - ETA: 0s
1248/1424 [=========================>....] - ETA: 0s
1280/1424 [=========================>....] - ETA: 0s
1312/1424 [==========================>...] - ETA: 0s
1344/1424 [===========================>..] - ETA: 0s
1376/1424 [===========================>..] - ETA: 0s
1408/1424 [============================>.] - ETA: 0s
1424/1424 [==============================] - 5s 4ms/step
Test acc: 0.8623595505617978
Test auc: 0.9257334143416236
Test mcc: 0.7251311725414268
Execute epoch: 22
Execute time: 343.115118265152
