_________________________________________________________________
Layer (type)                 Output Shape              Param #   
=================================================================
embedding_1 (Embedding)      (None, None, 128)         2688      
_________________________________________________________________
lstm_1 (LSTM)                (None, None, 64)          49408     
_________________________________________________________________
lstm_2 (LSTM)                (None, None, 64)          33024     
_________________________________________________________________
lstm_3 (LSTM)                (None, 64)                33024     
_________________________________________________________________
dense_1 (Dense)              (None, 16)                1040      
_________________________________________________________________
dense_2 (Dense)              (None, 1)                 17        
=================================================================
Total params: 119,201
Trainable params: 119,201
Non-trainable params: 0
_________________________________________________________________
Train on 1424 samples, validate on 708 samples
Epoch 1/1000

  32/1424 [..............................] - ETA: 2:26 - loss: 0.6932 - acc: 0.5000
  64/1424 [>.............................] - ETA: 1:17 - loss: 0.6931 - acc: 0.5469
  96/1424 [=>............................] - ETA: 54s - loss: 0.6928 - acc: 0.5729 
 128/1424 [=>............................] - ETA: 42s - loss: 0.6930 - acc: 0.5469
 160/1424 [==>...........................] - ETA: 35s - loss: 0.6924 - acc: 0.5687
 192/1424 [===>..........................] - ETA: 30s - loss: 0.6922 - acc: 0.5677
 224/1424 [===>..........................] - ETA: 27s - loss: 0.6920 - acc: 0.5670
 256/1424 [====>.........................] - ETA: 24s - loss: 0.6920 - acc: 0.5625
 288/1424 [=====>........................] - ETA: 22s - loss: 0.6928 - acc: 0.5417
 320/1424 [=====>........................] - ETA: 20s - loss: 0.6930 - acc: 0.5344
 352/1424 [======>.......................] - ETA: 18s - loss: 0.6938 - acc: 0.5170
 384/1424 [=======>......................] - ETA: 17s - loss: 0.6934 - acc: 0.5208
 416/1424 [=======>......................] - ETA: 16s - loss: 0.6930 - acc: 0.5240
 448/1424 [========>.....................] - ETA: 15s - loss: 0.6932 - acc: 0.5179
 480/1424 [=========>....................] - ETA: 14s - loss: 0.6928 - acc: 0.5229
 512/1424 [=========>....................] - ETA: 13s - loss: 0.6930 - acc: 0.5176
 544/1424 [==========>...................] - ETA: 12s - loss: 0.6930 - acc: 0.5165
 576/1424 [===========>..................] - ETA: 12s - loss: 0.6931 - acc: 0.5122
 608/1424 [===========>..................] - ETA: 11s - loss: 0.6929 - acc: 0.5132
 640/1424 [============>.................] - ETA: 10s - loss: 0.6927 - acc: 0.5156
 672/1424 [=============>................] - ETA: 10s - loss: 0.6927 - acc: 0.5134
 704/1424 [=============>................] - ETA: 9s - loss: 0.6925 - acc: 0.5128 
 736/1424 [==============>...............] - ETA: 9s - loss: 0.6925 - acc: 0.5109
 768/1424 [===============>..............] - ETA: 8s - loss: 0.6923 - acc: 0.5104
 800/1424 [===============>..............] - ETA: 7s - loss: 0.6920 - acc: 0.5100
 832/1424 [================>.............] - ETA: 7s - loss: 0.6919 - acc: 0.5084
 864/1424 [=================>............] - ETA: 6s - loss: 0.6917 - acc: 0.5104
 896/1424 [=================>............] - ETA: 6s - loss: 0.6914 - acc: 0.5089
 928/1424 [==================>...........] - ETA: 6s - loss: 0.6913 - acc: 0.5075
 960/1424 [===================>..........] - ETA: 5s - loss: 0.6910 - acc: 0.5052
 992/1424 [===================>..........] - ETA: 5s - loss: 0.6906 - acc: 0.5020
1024/1424 [====================>.........] - ETA: 4s - loss: 0.6899 - acc: 0.5029
1056/1424 [=====================>........] - ETA: 4s - loss: 0.6896 - acc: 0.4972
1088/1424 [=====================>........] - ETA: 3s - loss: 0.6883 - acc: 0.4991
1120/1424 [======================>.......] - ETA: 3s - loss: 0.6870 - acc: 0.5027
1152/1424 [=======================>......] - ETA: 3s - loss: 0.6848 - acc: 0.5052
1184/1424 [=======================>......] - ETA: 2s - loss: 0.6808 - acc: 0.5076
1216/1424 [========================>.....] - ETA: 2s - loss: 0.6833 - acc: 0.5090
1248/1424 [=========================>....] - ETA: 1s - loss: 0.6835 - acc: 0.5096
1280/1424 [=========================>....] - ETA: 1s - loss: 0.6824 - acc: 0.5141
1312/1424 [==========================>...] - ETA: 1s - loss: 0.6811 - acc: 0.5198
1344/1424 [===========================>..] - ETA: 0s - loss: 0.6811 - acc: 0.5231
1376/1424 [===========================>..] - ETA: 0s - loss: 0.6800 - acc: 0.5276
1408/1424 [============================>.] - ETA: 0s - loss: 0.6794 - acc: 0.5327
1424/1424 [==============================] - 19s 13ms/step - loss: 0.6793 - acc: 0.5351 - val_loss: 0.6667 - val_acc: 0.7415
Epoch 2/1000

  32/1424 [..............................] - ETA: 12s - loss: 0.6850 - acc: 0.6875
  64/1424 [>.............................] - ETA: 12s - loss: 0.6703 - acc: 0.6562
  96/1424 [=>............................] - ETA: 11s - loss: 0.6747 - acc: 0.6562
 128/1424 [=>............................] - ETA: 11s - loss: 0.6662 - acc: 0.6953
 160/1424 [==>...........................] - ETA: 11s - loss: 0.6664 - acc: 0.6937
 192/1424 [===>..........................] - ETA: 10s - loss: 0.6610 - acc: 0.7292
 224/1424 [===>..........................] - ETA: 10s - loss: 0.6571 - acc: 0.7500
 256/1424 [====>.........................] - ETA: 10s - loss: 0.6536 - acc: 0.7422
 288/1424 [=====>........................] - ETA: 10s - loss: 0.6481 - acc: 0.7396
 320/1424 [=====>........................] - ETA: 9s - loss: 0.6424 - acc: 0.7344 
 352/1424 [======>.......................] - ETA: 9s - loss: 0.6491 - acc: 0.7216
 384/1424 [=======>......................] - ETA: 9s - loss: 0.6494 - acc: 0.7057
 416/1424 [=======>......................] - ETA: 8s - loss: 0.6543 - acc: 0.6971
 448/1424 [========>.....................] - ETA: 8s - loss: 0.6522 - acc: 0.6987
 480/1424 [=========>....................] - ETA: 8s - loss: 0.6514 - acc: 0.6917
 512/1424 [=========>....................] - ETA: 8s - loss: 0.6489 - acc: 0.7012
 544/1424 [==========>...................] - ETA: 7s - loss: 0.6468 - acc: 0.7132
 576/1424 [===========>..................] - ETA: 7s - loss: 0.6462 - acc: 0.7153
 608/1424 [===========>..................] - ETA: 7s - loss: 0.6451 - acc: 0.7171
 640/1424 [============>.................] - ETA: 6s - loss: 0.6442 - acc: 0.7219
 672/1424 [=============>................] - ETA: 6s - loss: 0.6428 - acc: 0.7217
 704/1424 [=============>................] - ETA: 6s - loss: 0.6405 - acc: 0.7259
 736/1424 [==============>...............] - ETA: 6s - loss: 0.6375 - acc: 0.7310
 768/1424 [===============>..............] - ETA: 5s - loss: 0.6371 - acc: 0.7331
 800/1424 [===============>..............] - ETA: 5s - loss: 0.6346 - acc: 0.7362
 832/1424 [================>.............] - ETA: 5s - loss: 0.6333 - acc: 0.7392
 864/1424 [=================>............] - ETA: 4s - loss: 0.6270 - acc: 0.7465
 896/1424 [=================>............] - ETA: 4s - loss: 0.6219 - acc: 0.7511
 928/1424 [==================>...........] - ETA: 4s - loss: 0.6182 - acc: 0.7543
 960/1424 [===================>..........] - ETA: 4s - loss: 0.6139 - acc: 0.7562
 992/1424 [===================>..........] - ETA: 3s - loss: 0.6534 - acc: 0.7571
1024/1424 [====================>.........] - ETA: 3s - loss: 0.6795 - acc: 0.7568
1056/1424 [=====================>........] - ETA: 3s - loss: 0.6743 - acc: 0.7566
1088/1424 [=====================>........] - ETA: 2s - loss: 0.6703 - acc: 0.7528
1120/1424 [======================>.......] - ETA: 2s - loss: 0.6719 - acc: 0.7545
1152/1424 [=======================>......] - ETA: 2s - loss: 0.6665 - acc: 0.7569
1184/1424 [=======================>......] - ETA: 2s - loss: 0.6637 - acc: 0.7559
1216/1424 [========================>.....] - ETA: 1s - loss: 0.6594 - acc: 0.7574
1248/1424 [=========================>....] - ETA: 1s - loss: 0.6533 - acc: 0.7604
1280/1424 [=========================>....] - ETA: 1s - loss: 0.6517 - acc: 0.7578
1312/1424 [==========================>...] - ETA: 0s - loss: 0.6488 - acc: 0.7599
1344/1424 [===========================>..] - ETA: 0s - loss: 0.6456 - acc: 0.7612
1376/1424 [===========================>..] - ETA: 0s - loss: 0.6452 - acc: 0.7587
1408/1424 [============================>.] - ETA: 0s - loss: 0.6446 - acc: 0.7564
1424/1424 [==============================] - 15s 11ms/step - loss: 0.6445 - acc: 0.7542 - val_loss: 0.5264 - val_acc: 0.7924
Epoch 3/1000

  32/1424 [..............................] - ETA: 12s - loss: 0.5910 - acc: 0.7812
  64/1424 [>.............................] - ETA: 12s - loss: 0.6183 - acc: 0.7188
  96/1424 [=>............................] - ETA: 11s - loss: 0.6247 - acc: 0.6875
 128/1424 [=>............................] - ETA: 11s - loss: 0.6035 - acc: 0.6953
 160/1424 [==>...........................] - ETA: 11s - loss: 0.6142 - acc: 0.6687
 192/1424 [===>..........................] - ETA: 10s - loss: 0.6089 - acc: 0.6875
 224/1424 [===>..........................] - ETA: 10s - loss: 0.6003 - acc: 0.7098
 256/1424 [====>.........................] - ETA: 10s - loss: 0.6002 - acc: 0.7070
 288/1424 [=====>........................] - ETA: 10s - loss: 0.6022 - acc: 0.7049
 320/1424 [=====>........................] - ETA: 9s - loss: 0.6033 - acc: 0.7125 
 352/1424 [======>.......................] - ETA: 9s - loss: 0.6002 - acc: 0.7188
 384/1424 [=======>......................] - ETA: 9s - loss: 0.5920 - acc: 0.7292
 416/1424 [=======>......................] - ETA: 8s - loss: 0.5858 - acc: 0.7404
 448/1424 [========>.....................] - ETA: 8s - loss: 0.5847 - acc: 0.7388
 480/1424 [=========>....................] - ETA: 8s - loss: 0.5861 - acc: 0.7333
 512/1424 [=========>....................] - ETA: 8s - loss: 0.5827 - acc: 0.7402
 544/1424 [==========>...................] - ETA: 7s - loss: 0.5801 - acc: 0.7445
 576/1424 [===========>..................] - ETA: 7s - loss: 0.5815 - acc: 0.7413
 608/1424 [===========>..................] - ETA: 7s - loss: 0.5822 - acc: 0.7368
 640/1424 [============>.................] - ETA: 6s - loss: 0.5802 - acc: 0.7391
 672/1424 [=============>................] - ETA: 6s - loss: 0.5801 - acc: 0.7426
 704/1424 [=============>................] - ETA: 6s - loss: 0.5787 - acc: 0.7472
 736/1424 [==============>...............] - ETA: 6s - loss: 0.5742 - acc: 0.7527
 768/1424 [===============>..............] - ETA: 5s - loss: 0.5690 - acc: 0.7565
 800/1424 [===============>..............] - ETA: 5s - loss: 0.5656 - acc: 0.7588
 832/1424 [================>.............] - ETA: 5s - loss: 0.5632 - acc: 0.7620
 864/1424 [=================>............] - ETA: 4s - loss: 0.5598 - acc: 0.7650
 896/1424 [=================>............] - ETA: 4s - loss: 0.5564 - acc: 0.7723
 928/1424 [==================>...........] - ETA: 4s - loss: 0.5503 - acc: 0.7759
 960/1424 [===================>..........] - ETA: 4s - loss: 0.5459 - acc: 0.7792
 992/1424 [===================>..........] - ETA: 3s - loss: 0.5450 - acc: 0.7802
1024/1424 [====================>.........] - ETA: 3s - loss: 0.5428 - acc: 0.7812
1056/1424 [=====================>........] - ETA: 3s - loss: 0.5414 - acc: 0.7831
1088/1424 [=====================>........] - ETA: 2s - loss: 0.5509 - acc: 0.7849
1120/1424 [======================>.......] - ETA: 2s - loss: 0.5737 - acc: 0.7848
1152/1424 [=======================>......] - ETA: 2s - loss: 0.5822 - acc: 0.7865
1184/1424 [=======================>......] - ETA: 2s - loss: 0.6167 - acc: 0.7855
1216/1424 [========================>.....] - ETA: 1s - loss: 0.6463 - acc: 0.7870
1248/1424 [=========================>....] - ETA: 1s - loss: 0.6418 - acc: 0.7853
1280/1424 [=========================>....] - ETA: 1s - loss: 0.6336 - acc: 0.7867
1312/1424 [==========================>...] - ETA: 0s - loss: 0.6315 - acc: 0.7843
1344/1424 [===========================>..] - ETA: 0s - loss: 0.6350 - acc: 0.7805
1376/1424 [===========================>..] - ETA: 0s - loss: 0.6338 - acc: 0.7776
1408/1424 [============================>.] - ETA: 0s - loss: 0.6319 - acc: 0.7763
1424/1424 [==============================] - 15s 11ms/step - loss: 0.6304 - acc: 0.7760 - val_loss: 0.5814 - val_acc: 0.6624
Epoch 4/1000

  32/1424 [..............................] - ETA: 12s - loss: 0.6132 - acc: 0.6250
  64/1424 [>.............................] - ETA: 12s - loss: 0.5678 - acc: 0.6719
  96/1424 [=>............................] - ETA: 11s - loss: 0.5791 - acc: 0.6875
 128/1424 [=>............................] - ETA: 11s - loss: 0.5780 - acc: 0.6719
 160/1424 [==>...........................] - ETA: 11s - loss: 0.5672 - acc: 0.6875
 192/1424 [===>..........................] - ETA: 10s - loss: 0.5758 - acc: 0.6875
 224/1424 [===>..........................] - ETA: 10s - loss: 0.5609 - acc: 0.7009
 256/1424 [====>.........................] - ETA: 10s - loss: 0.5632 - acc: 0.7031
 288/1424 [=====>........................] - ETA: 10s - loss: 0.5634 - acc: 0.7118
 320/1424 [=====>........................] - ETA: 9s - loss: 0.5559 - acc: 0.7188 
 352/1424 [======>.......................] - ETA: 9s - loss: 0.5510 - acc: 0.7330
 384/1424 [=======>......................] - ETA: 9s - loss: 0.5423 - acc: 0.7474
 416/1424 [=======>......................] - ETA: 8s - loss: 0.5388 - acc: 0.7572
 448/1424 [========>.....................] - ETA: 8s - loss: 0.5402 - acc: 0.7612
 480/1424 [=========>....................] - ETA: 8s - loss: 0.5359 - acc: 0.7646
 512/1424 [=========>....................] - ETA: 8s - loss: 0.5357 - acc: 0.7656
 544/1424 [==========>...................] - ETA: 7s - loss: 0.5354 - acc: 0.7665
 576/1424 [===========>..................] - ETA: 7s - loss: 0.5339 - acc: 0.7691
 608/1424 [===========>..................] - ETA: 7s - loss: 0.5337 - acc: 0.7714
 640/1424 [============>.................] - ETA: 6s - loss: 0.5307 - acc: 0.7781
 672/1424 [=============>................] - ETA: 6s - loss: 0.5289 - acc: 0.7812
 704/1424 [=============>................] - ETA: 6s - loss: 0.5274 - acc: 0.7827
 736/1424 [==============>...............] - ETA: 6s - loss: 0.5272 - acc: 0.7853
 768/1424 [===============>..............] - ETA: 5s - loss: 0.5238 - acc: 0.7917
 800/1424 [===============>..............] - ETA: 5s - loss: 0.5218 - acc: 0.7950
 832/1424 [================>.............] - ETA: 5s - loss: 0.5217 - acc: 0.7957
 864/1424 [=================>............] - ETA: 4s - loss: 0.5208 - acc: 0.7951
 896/1424 [=================>............] - ETA: 4s - loss: 0.5184 - acc: 0.7991
 928/1424 [==================>...........] - ETA: 4s - loss: 0.5216 - acc: 0.7996
 960/1424 [===================>..........] - ETA: 4s - loss: 0.5225 - acc: 0.7990
 992/1424 [===================>..........] - ETA: 3s - loss: 0.5200 - acc: 0.7994
1024/1424 [====================>.........] - ETA: 3s - loss: 0.5305 - acc: 0.7998
1056/1424 [=====================>........] - ETA: 3s - loss: 0.5310 - acc: 0.7983
1088/1424 [=====================>........] - ETA: 2s - loss: 0.5298 - acc: 0.7969
1120/1424 [======================>.......] - ETA: 2s - loss: 0.5301 - acc: 0.7982
1152/1424 [=======================>......] - ETA: 2s - loss: 0.5668 - acc: 0.7986
1184/1424 [=======================>......] - ETA: 2s - loss: 0.5772 - acc: 0.7990
1216/1424 [========================>.....] - ETA: 1s - loss: 0.5837 - acc: 0.8002
1248/1424 [=========================>....] - ETA: 1s - loss: 0.5914 - acc: 0.7973
1280/1424 [=========================>....] - ETA: 1s - loss: 0.5984 - acc: 0.7984
1312/1424 [==========================>...] - ETA: 0s - loss: 0.5971 - acc: 0.7980
1344/1424 [===========================>..] - ETA: 0s - loss: 0.5926 - acc: 0.7999
1376/1424 [===========================>..] - ETA: 0s - loss: 0.5932 - acc: 0.7972
1408/1424 [============================>.] - ETA: 0s - loss: 0.5910 - acc: 0.7947
1424/1424 [==============================] - 15s 11ms/step - loss: 0.5894 - acc: 0.7949 - val_loss: 0.4353 - val_acc: 0.8489
Epoch 5/1000

  32/1424 [..............................] - ETA: 12s - loss: 0.3552 - acc: 0.8750
  64/1424 [>.............................] - ETA: 11s - loss: 0.3665 - acc: 0.8594
  96/1424 [=>............................] - ETA: 11s - loss: 0.3608 - acc: 0.8750
 128/1424 [=>............................] - ETA: 11s - loss: 0.3473 - acc: 0.8750
 160/1424 [==>...........................] - ETA: 11s - loss: 0.3610 - acc: 0.8688
 192/1424 [===>..........................] - ETA: 10s - loss: 0.3790 - acc: 0.8542
 224/1424 [===>..........................] - ETA: 10s - loss: 0.3857 - acc: 0.8571
 256/1424 [====>.........................] - ETA: 10s - loss: 0.3895 - acc: 0.8555
 288/1424 [=====>........................] - ETA: 10s - loss: 0.4428 - acc: 0.8542
 320/1424 [=====>........................] - ETA: 9s - loss: 0.4680 - acc: 0.8313 
 352/1424 [======>.......................] - ETA: 9s - loss: 0.4697 - acc: 0.8267
 384/1424 [=======>......................] - ETA: 9s - loss: 0.4771 - acc: 0.8255
 416/1424 [=======>......................] - ETA: 8s - loss: 0.5472 - acc: 0.8197
 448/1424 [========>.....................] - ETA: 8s - loss: 0.5330 - acc: 0.8214
 480/1424 [=========>....................] - ETA: 8s - loss: 0.5285 - acc: 0.8146
 512/1424 [=========>....................] - ETA: 8s - loss: 0.5180 - acc: 0.8184
 544/1424 [==========>...................] - ETA: 7s - loss: 0.5127 - acc: 0.8180
 576/1424 [===========>..................] - ETA: 7s - loss: 0.5090 - acc: 0.8177
 608/1424 [===========>..................] - ETA: 7s - loss: 0.5027 - acc: 0.8158
 640/1424 [============>.................] - ETA: 6s - loss: 0.5480 - acc: 0.8078
 672/1424 [=============>................] - ETA: 6s - loss: 0.5609 - acc: 0.8125
 704/1424 [=============>................] - ETA: 6s - loss: 0.5576 - acc: 0.8082
 736/1424 [==============>...............] - ETA: 6s - loss: 0.5457 - acc: 0.8139
 768/1424 [===============>..............] - ETA: 5s - loss: 0.5405 - acc: 0.8151
 800/1424 [===============>..............] - ETA: 5s - loss: 0.5318 - acc: 0.8200
 832/1424 [================>.............] - ETA: 5s - loss: 0.5251 - acc: 0.8221
 864/1424 [=================>............] - ETA: 4s - loss: 0.5190 - acc: 0.8252
 896/1424 [=================>............] - ETA: 4s - loss: 0.5145 - acc: 0.8237
 928/1424 [==================>...........] - ETA: 4s - loss: 0.5174 - acc: 0.8190
 960/1424 [===================>..........] - ETA: 4s - loss: 0.5243 - acc: 0.8229
 992/1424 [===================>..........] - ETA: 3s - loss: 0.5587 - acc: 0.8165
1024/1424 [====================>.........] - ETA: 3s - loss: 0.5536 - acc: 0.8174
1056/1424 [=====================>........] - ETA: 3s - loss: 0.5778 - acc: 0.8172
1088/1424 [=====================>........] - ETA: 2s - loss: 0.5747 - acc: 0.8143
1120/1424 [======================>.......] - ETA: 2s - loss: 0.5808 - acc: 0.8152
1152/1424 [=======================>......] - ETA: 2s - loss: 0.5782 - acc: 0.8151
1184/1424 [=======================>......] - ETA: 2s - loss: 0.5732 - acc: 0.8167
1216/1424 [========================>.....] - ETA: 1s - loss: 0.5686 - acc: 0.8183
1248/1424 [=========================>....] - ETA: 1s - loss: 0.5618 - acc: 0.8189
1280/1424 [=========================>....] - ETA: 1s - loss: 0.5678 - acc: 0.8187
1312/1424 [==========================>...] - ETA: 0s - loss: 0.5596 - acc: 0.8209
1344/1424 [===========================>..] - ETA: 0s - loss: 0.5663 - acc: 0.8199
1376/1424 [===========================>..] - ETA: 0s - loss: 0.5732 - acc: 0.8205
1408/1424 [============================>.] - ETA: 0s - loss: 0.5683 - acc: 0.8210
1424/1424 [==============================] - 15s 11ms/step - loss: 0.5640 - acc: 0.8230 - val_loss: 0.4468 - val_acc: 0.8545
Epoch 6/1000

  32/1424 [..............................] - ETA: 12s - loss: 0.3774 - acc: 0.7812
  64/1424 [>.............................] - ETA: 11s - loss: 0.3565 - acc: 0.8281
  96/1424 [=>............................] - ETA: 11s - loss: 0.3730 - acc: 0.8229
 128/1424 [=>............................] - ETA: 11s - loss: 0.5114 - acc: 0.7969
 160/1424 [==>...........................] - ETA: 11s - loss: 0.6045 - acc: 0.7937
 192/1424 [===>..........................] - ETA: 10s - loss: 0.5949 - acc: 0.7812
 224/1424 [===>..........................] - ETA: 10s - loss: 0.5504 - acc: 0.7946
 256/1424 [====>.........................] - ETA: 10s - loss: 0.5405 - acc: 0.7930
 288/1424 [=====>........................] - ETA: 10s - loss: 0.5199 - acc: 0.7951
 320/1424 [=====>........................] - ETA: 9s - loss: 0.5269 - acc: 0.7844 
 352/1424 [======>.......................] - ETA: 9s - loss: 0.5604 - acc: 0.7841
 384/1424 [=======>......................] - ETA: 9s - loss: 0.5464 - acc: 0.7839
 416/1424 [=======>......................] - ETA: 8s - loss: 0.5674 - acc: 0.7933
 448/1424 [========>.....................] - ETA: 8s - loss: 0.5454 - acc: 0.8036
 480/1424 [=========>....................] - ETA: 8s - loss: 0.5430 - acc: 0.8000
 512/1424 [=========>....................] - ETA: 8s - loss: 0.5243 - acc: 0.8105
 544/1424 [==========>...................] - ETA: 7s - loss: 0.5151 - acc: 0.8162
 576/1424 [===========>..................] - ETA: 7s - loss: 0.5036 - acc: 0.8247
 608/1424 [===========>..................] - ETA: 7s - loss: 0.4973 - acc: 0.8257
 640/1424 [============>.................] - ETA: 6s - loss: 0.5208 - acc: 0.8234
 672/1424 [=============>................] - ETA: 6s - loss: 0.5166 - acc: 0.8229
 704/1424 [=============>................] - ETA: 6s - loss: 0.5089 - acc: 0.8253
 736/1424 [==============>...............] - ETA: 6s - loss: 0.5019 - acc: 0.8274
 768/1424 [===============>..............] - ETA: 5s - loss: 0.5162 - acc: 0.8294
 800/1424 [===============>..............] - ETA: 5s - loss: 0.5066 - acc: 0.8325
 832/1424 [================>.............] - ETA: 5s - loss: 0.5010 - acc: 0.8341
 864/1424 [=================>............] - ETA: 4s - loss: 0.4996 - acc: 0.8322
 896/1424 [=================>............] - ETA: 4s - loss: 0.4966 - acc: 0.8304
 928/1424 [==================>...........] - ETA: 4s - loss: 0.4925 - acc: 0.8330
 960/1424 [===================>..........] - ETA: 4s - loss: 0.4897 - acc: 0.8333
 992/1424 [===================>..........] - ETA: 3s - loss: 0.4917 - acc: 0.8306
1024/1424 [====================>.........] - ETA: 3s - loss: 0.4869 - acc: 0.8320
1056/1424 [=====================>........] - ETA: 3s - loss: 0.4848 - acc: 0.8295
1088/1424 [=====================>........] - ETA: 2s - loss: 0.4824 - acc: 0.8300
1120/1424 [======================>.......] - ETA: 2s - loss: 0.4916 - acc: 0.8313
1152/1424 [=======================>......] - ETA: 2s - loss: 0.4923 - acc: 0.8281
1184/1424 [=======================>......] - ETA: 2s - loss: 0.4876 - acc: 0.8311
1216/1424 [========================>.....] - ETA: 1s - loss: 0.4839 - acc: 0.8298
1248/1424 [=========================>....] - ETA: 1s - loss: 0.4809 - acc: 0.8301
1280/1424 [=========================>....] - ETA: 1s - loss: 0.4797 - acc: 0.8297
1312/1424 [==========================>...] - ETA: 0s - loss: 0.4772 - acc: 0.8293
1344/1424 [===========================>..] - ETA: 0s - loss: 0.4714 - acc: 0.8318
1376/1424 [===========================>..] - ETA: 0s - loss: 0.4717 - acc: 0.8299
1408/1424 [============================>.] - ETA: 0s - loss: 0.4706 - acc: 0.8295
1424/1424 [==============================] - 15s 11ms/step - loss: 0.4714 - acc: 0.8294 - val_loss: 0.4351 - val_acc: 0.8531
Epoch 7/1000

  32/1424 [..............................] - ETA: 12s - loss: 0.3674 - acc: 0.8125
  64/1424 [>.............................] - ETA: 12s - loss: 0.4379 - acc: 0.8125
  96/1424 [=>............................] - ETA: 11s - loss: 0.4163 - acc: 0.8333
 128/1424 [=>............................] - ETA: 11s - loss: 0.3840 - acc: 0.8594
 160/1424 [==>...........................] - ETA: 11s - loss: 0.3686 - acc: 0.8625
 192/1424 [===>..........................] - ETA: 10s - loss: 0.3843 - acc: 0.8542
 224/1424 [===>..........................] - ETA: 10s - loss: 0.4648 - acc: 0.8527
 256/1424 [====>.........................] - ETA: 10s - loss: 0.4480 - acc: 0.8516
 288/1424 [=====>........................] - ETA: 10s - loss: 0.4297 - acc: 0.8576
 320/1424 [=====>........................] - ETA: 9s - loss: 0.4825 - acc: 0.8531 
 352/1424 [======>.......................] - ETA: 9s - loss: 0.5360 - acc: 0.8438
 384/1424 [=======>......................] - ETA: 9s - loss: 0.5176 - acc: 0.8464
 416/1424 [=======>......................] - ETA: 8s - loss: 0.5076 - acc: 0.8462
 448/1424 [========>.....................] - ETA: 8s - loss: 0.4928 - acc: 0.8504
 480/1424 [=========>....................] - ETA: 8s - loss: 0.4903 - acc: 0.8479
 512/1424 [=========>....................] - ETA: 8s - loss: 0.4854 - acc: 0.8457
 544/1424 [==========>...................] - ETA: 7s - loss: 0.4790 - acc: 0.8456
 576/1424 [===========>..................] - ETA: 7s - loss: 0.4653 - acc: 0.8507
 608/1424 [===========>..................] - ETA: 7s - loss: 0.4613 - acc: 0.8487
 640/1424 [============>.................] - ETA: 6s - loss: 0.4568 - acc: 0.8469
 672/1424 [=============>................] - ETA: 6s - loss: 0.4771 - acc: 0.8467
 704/1424 [=============>................] - ETA: 6s - loss: 0.4683 - acc: 0.8494
 736/1424 [==============>...............] - ETA: 6s - loss: 0.4594 - acc: 0.8533
 768/1424 [===============>..............] - ETA: 5s - loss: 0.4548 - acc: 0.8529
 800/1424 [===============>..............] - ETA: 5s - loss: 0.4522 - acc: 0.8525
 832/1424 [================>.............] - ETA: 5s - loss: 0.4741 - acc: 0.8462
 864/1424 [=================>............] - ETA: 4s - loss: 0.4882 - acc: 0.8449
 896/1424 [=================>............] - ETA: 4s - loss: 0.4797 - acc: 0.8471
 928/1424 [==================>...........] - ETA: 4s - loss: 0.4747 - acc: 0.8459
 960/1424 [===================>..........] - ETA: 4s - loss: 0.4746 - acc: 0.8448
 992/1424 [===================>..........] - ETA: 3s - loss: 0.4749 - acc: 0.8438
1024/1424 [====================>.........] - ETA: 3s - loss: 0.4798 - acc: 0.8398
1056/1424 [=====================>........] - ETA: 3s - loss: 0.4691 - acc: 0.8438
1088/1424 [=====================>........] - ETA: 2s - loss: 0.4771 - acc: 0.8447
1120/1424 [======================>.......] - ETA: 2s - loss: 0.4739 - acc: 0.8446
1152/1424 [=======================>......] - ETA: 2s - loss: 0.4666 - acc: 0.8472
1184/1424 [=======================>......] - ETA: 2s - loss: 0.4667 - acc: 0.8438
1216/1424 [========================>.....] - ETA: 1s - loss: 0.4773 - acc: 0.8421
1248/1424 [=========================>....] - ETA: 1s - loss: 0.4775 - acc: 0.8421
1280/1424 [=========================>....] - ETA: 1s - loss: 0.4712 - acc: 0.8438
1312/1424 [==========================>...] - ETA: 0s - loss: 0.4712 - acc: 0.8422
1344/1424 [===========================>..] - ETA: 0s - loss: 0.4849 - acc: 0.8408
1376/1424 [===========================>..] - ETA: 0s - loss: 0.4835 - acc: 0.8387
1408/1424 [============================>.] - ETA: 0s - loss: 0.4822 - acc: 0.8374
1424/1424 [==============================] - 15s 11ms/step - loss: 0.4876 - acc: 0.8371 - val_loss: 0.4188 - val_acc: 0.8588
Epoch 8/1000

  32/1424 [..............................] - ETA: 12s - loss: 0.2863 - acc: 0.8438
  64/1424 [>.............................] - ETA: 12s - loss: 0.3539 - acc: 0.8438
  96/1424 [=>............................] - ETA: 11s - loss: 0.3254 - acc: 0.8542
 128/1424 [=>............................] - ETA: 11s - loss: 0.3526 - acc: 0.8281
 160/1424 [==>...........................] - ETA: 11s - loss: 0.3979 - acc: 0.8187
 192/1424 [===>..........................] - ETA: 10s - loss: 0.4343 - acc: 0.7969
 224/1424 [===>..........................] - ETA: 10s - loss: 0.4393 - acc: 0.7991
 256/1424 [====>.........................] - ETA: 10s - loss: 0.4605 - acc: 0.7891
 288/1424 [=====>........................] - ETA: 10s - loss: 0.4712 - acc: 0.7882
 320/1424 [=====>........................] - ETA: 9s - loss: 0.4657 - acc: 0.7937 
 352/1424 [======>.......................] - ETA: 9s - loss: 0.4826 - acc: 0.7784
 384/1424 [=======>......................] - ETA: 9s - loss: 0.4997 - acc: 0.7630
 416/1424 [=======>......................] - ETA: 8s - loss: 0.5001 - acc: 0.7692
 448/1424 [========>.....................] - ETA: 8s - loss: 0.4911 - acc: 0.7746
 480/1424 [=========>....................] - ETA: 8s - loss: 0.4941 - acc: 0.7729
 512/1424 [=========>....................] - ETA: 8s - loss: 0.4926 - acc: 0.7734
 544/1424 [==========>...................] - ETA: 7s - loss: 0.4930 - acc: 0.7739
 576/1424 [===========>..................] - ETA: 7s - loss: 0.4900 - acc: 0.7812
 608/1424 [===========>..................] - ETA: 7s - loss: 0.4897 - acc: 0.7829
 640/1424 [============>.................] - ETA: 6s - loss: 0.4855 - acc: 0.7875
 672/1424 [=============>................] - ETA: 6s - loss: 0.4872 - acc: 0.7887
 704/1424 [=============>................] - ETA: 6s - loss: 0.4893 - acc: 0.7912
 736/1424 [==============>...............] - ETA: 6s - loss: 0.4884 - acc: 0.7921
 768/1424 [===============>..............] - ETA: 5s - loss: 0.4875 - acc: 0.7943
 800/1424 [===============>..............] - ETA: 5s - loss: 0.4873 - acc: 0.7950
 832/1424 [================>.............] - ETA: 5s - loss: 0.4900 - acc: 0.7945
 864/1424 [=================>............] - ETA: 4s - loss: 0.4922 - acc: 0.7917
 896/1424 [=================>............] - ETA: 4s - loss: 0.4958 - acc: 0.7879
 928/1424 [==================>...........] - ETA: 4s - loss: 0.4983 - acc: 0.7856
 960/1424 [===================>..........] - ETA: 4s - loss: 0.4979 - acc: 0.7854
 992/1424 [===================>..........] - ETA: 3s - loss: 0.4963 - acc: 0.7843
1024/1424 [====================>.........] - ETA: 3s - loss: 0.4962 - acc: 0.7832
1056/1424 [=====================>........] - ETA: 3s - loss: 0.5006 - acc: 0.7812
1088/1424 [=====================>........] - ETA: 2s - loss: 0.5002 - acc: 0.7812
1120/1424 [======================>.......] - ETA: 2s - loss: 0.4990 - acc: 0.7830
1152/1424 [=======================>......] - ETA: 2s - loss: 0.4988 - acc: 0.7839
1184/1424 [=======================>......] - ETA: 2s - loss: 0.4975 - acc: 0.7829
1216/1424 [========================>.....] - ETA: 1s - loss: 0.4980 - acc: 0.7829
1248/1424 [=========================>....] - ETA: 1s - loss: 0.4995 - acc: 0.7804
1280/1424 [=========================>....] - ETA: 1s - loss: 0.4990 - acc: 0.7812
1312/1424 [==========================>...] - ETA: 0s - loss: 0.4967 - acc: 0.7858
1344/1424 [===========================>..] - ETA: 0s - loss: 0.4956 - acc: 0.7865
1376/1424 [===========================>..] - ETA: 0s - loss: 0.4944 - acc: 0.7871
1408/1424 [============================>.] - ETA: 0s - loss: 0.4940 - acc: 0.7891
1424/1424 [==============================] - 15s 11ms/step - loss: 0.4925 - acc: 0.7907 - val_loss: 0.4445 - val_acc: 0.8333
Epoch 9/1000

  32/1424 [..............................] - ETA: 12s - loss: 0.4950 - acc: 0.7500
  64/1424 [>.............................] - ETA: 12s - loss: 0.4646 - acc: 0.7969
  96/1424 [=>............................] - ETA: 11s - loss: 0.4367 - acc: 0.8333
 128/1424 [=>............................] - ETA: 11s - loss: 0.4539 - acc: 0.8203
 160/1424 [==>...........................] - ETA: 11s - loss: 0.4481 - acc: 0.8250
 192/1424 [===>..........................] - ETA: 10s - loss: 0.4467 - acc: 0.8229
 224/1424 [===>..........................] - ETA: 10s - loss: 0.4468 - acc: 0.8259
 256/1424 [====>.........................] - ETA: 10s - loss: 0.4599 - acc: 0.8125
 288/1424 [=====>........................] - ETA: 10s - loss: 0.4570 - acc: 0.8125
 320/1424 [=====>........................] - ETA: 9s - loss: 0.4762 - acc: 0.8031 
 352/1424 [======>.......................] - ETA: 9s - loss: 0.4725 - acc: 0.7983
 384/1424 [=======>......................] - ETA: 9s - loss: 0.4720 - acc: 0.7995
 416/1424 [=======>......................] - ETA: 8s - loss: 0.4568 - acc: 0.8077
 448/1424 [========>.....................] - ETA: 8s - loss: 0.4675 - acc: 0.8013
 480/1424 [=========>....................] - ETA: 8s - loss: 0.4687 - acc: 0.8000
 512/1424 [=========>....................] - ETA: 8s - loss: 0.4653 - acc: 0.8008
 544/1424 [==========>...................] - ETA: 7s - loss: 0.4585 - acc: 0.8033
 576/1424 [===========>..................] - ETA: 7s - loss: 0.4535 - acc: 0.8056
 608/1424 [===========>..................] - ETA: 7s - loss: 0.4542 - acc: 0.8043
 640/1424 [============>.................] - ETA: 6s - loss: 0.4531 - acc: 0.8047
 672/1424 [=============>................] - ETA: 6s - loss: 0.4523 - acc: 0.7991
 704/1424 [=============>................] - ETA: 6s - loss: 0.4713 - acc: 0.7997
 736/1424 [==============>...............] - ETA: 6s - loss: 0.4665 - acc: 0.8030
 768/1424 [===============>..............] - ETA: 5s - loss: 0.4641 - acc: 0.8034
 800/1424 [===============>..............] - ETA: 5s - loss: 0.4590 - acc: 0.8037
 832/1424 [================>.............] - ETA: 5s - loss: 0.4509 - acc: 0.8077
 864/1424 [=================>............] - ETA: 4s - loss: 0.4477 - acc: 0.8090
 896/1424 [=================>............] - ETA: 4s - loss: 0.4437 - acc: 0.8114
 928/1424 [==================>...........] - ETA: 4s - loss: 0.4538 - acc: 0.8136
 960/1424 [===================>..........] - ETA: 4s - loss: 0.4522 - acc: 0.8125
 992/1424 [===================>..........] - ETA: 3s - loss: 0.4450 - acc: 0.8155
1024/1424 [====================>.........] - ETA: 3s - loss: 0.4426 - acc: 0.8164
1056/1424 [=====================>........] - ETA: 3s - loss: 0.4390 - acc: 0.8182
1088/1424 [=====================>........] - ETA: 2s - loss: 0.4339 - acc: 0.8199
1120/1424 [======================>.......] - ETA: 2s - loss: 0.4322 - acc: 0.8223
1152/1424 [=======================>......] - ETA: 2s - loss: 0.4349 - acc: 0.8220
1184/1424 [=======================>......] - ETA: 2s - loss: 0.4374 - acc: 0.8226
1216/1424 [========================>.....] - ETA: 1s - loss: 0.4491 - acc: 0.8215
1248/1424 [=========================>....] - ETA: 1s - loss: 0.4437 - acc: 0.8245
1280/1424 [=========================>....] - ETA: 1s - loss: 0.4455 - acc: 0.8250
1312/1424 [==========================>...] - ETA: 0s - loss: 0.4442 - acc: 0.8262
1344/1424 [===========================>..] - ETA: 0s - loss: 0.4455 - acc: 0.8251
1376/1424 [===========================>..] - ETA: 0s - loss: 0.4422 - acc: 0.8263
1408/1424 [============================>.] - ETA: 0s - loss: 0.4446 - acc: 0.8253
1424/1424 [==============================] - 15s 11ms/step - loss: 0.4470 - acc: 0.8244 - val_loss: 0.3915 - val_acc: 0.8602
Epoch 10/1000

  32/1424 [..............................] - ETA: 12s - loss: 0.4355 - acc: 0.7500
  64/1424 [>.............................] - ETA: 12s - loss: 0.4316 - acc: 0.7656
  96/1424 [=>............................] - ETA: 11s - loss: 0.4051 - acc: 0.8229
 128/1424 [=>............................] - ETA: 11s - loss: 0.3672 - acc: 0.8594
 160/1424 [==>...........................] - ETA: 11s - loss: 0.3883 - acc: 0.8438
 192/1424 [===>..........................] - ETA: 10s - loss: 0.4198 - acc: 0.8229
 224/1424 [===>..........................] - ETA: 10s - loss: 0.4370 - acc: 0.8259
 256/1424 [====>.........................] - ETA: 10s - loss: 0.4396 - acc: 0.8203
 288/1424 [=====>........................] - ETA: 10s - loss: 0.4289 - acc: 0.8264
 320/1424 [=====>........................] - ETA: 9s - loss: 0.4287 - acc: 0.8281 
 352/1424 [======>.......................] - ETA: 9s - loss: 0.4335 - acc: 0.8324
 384/1424 [=======>......................] - ETA: 9s - loss: 0.4338 - acc: 0.8203
 416/1424 [=======>......................] - ETA: 8s - loss: 0.4330 - acc: 0.8197
 448/1424 [========>.....................] - ETA: 8s - loss: 0.4328 - acc: 0.8214
 480/1424 [=========>....................] - ETA: 8s - loss: 0.4261 - acc: 0.8250
 512/1424 [=========>....................] - ETA: 8s - loss: 0.4286 - acc: 0.8223
 544/1424 [==========>...................] - ETA: 7s - loss: 0.4356 - acc: 0.8162
 576/1424 [===========>..................] - ETA: 7s - loss: 0.4546 - acc: 0.8194
 608/1424 [===========>..................] - ETA: 7s - loss: 0.4608 - acc: 0.8125
 640/1424 [============>.................] - ETA: 6s - loss: 0.4544 - acc: 0.8156
 672/1424 [=============>................] - ETA: 6s - loss: 0.4540 - acc: 0.8155
 704/1424 [=============>................] - ETA: 6s - loss: 0.4490 - acc: 0.8182
 736/1424 [==============>...............] - ETA: 6s - loss: 0.4434 - acc: 0.8207
 768/1424 [===============>..............] - ETA: 5s - loss: 0.4426 - acc: 0.8216
 800/1424 [===============>..............] - ETA: 5s - loss: 0.4383 - acc: 0.8250
 832/1424 [================>.............] - ETA: 5s - loss: 0.4342 - acc: 0.8245
 864/1424 [=================>............] - ETA: 4s - loss: 0.4308 - acc: 0.8275
 896/1424 [=================>............] - ETA: 4s - loss: 0.4244 - acc: 0.8326
 928/1424 [==================>...........] - ETA: 4s - loss: 0.4226 - acc: 0.8297
 960/1424 [===================>..........] - ETA: 4s - loss: 0.4206 - acc: 0.8313
 992/1424 [===================>..........] - ETA: 3s - loss: 0.4244 - acc: 0.8276
1024/1424 [====================>.........] - ETA: 3s - loss: 0.4292 - acc: 0.8242
1056/1424 [=====================>........] - ETA: 3s - loss: 0.4270 - acc: 0.8258
1088/1424 [=====================>........] - ETA: 2s - loss: 0.4226 - acc: 0.8281
1120/1424 [======================>.......] - ETA: 2s - loss: 0.4219 - acc: 0.8286
1152/1424 [=======================>......] - ETA: 2s - loss: 0.4182 - acc: 0.8307
1184/1424 [=======================>......] - ETA: 2s - loss: 0.4142 - acc: 0.8328
1216/1424 [========================>.....] - ETA: 1s - loss: 0.4095 - acc: 0.8339
1248/1424 [=========================>....] - ETA: 1s - loss: 0.4093 - acc: 0.8333
1280/1424 [=========================>....] - ETA: 1s - loss: 0.4055 - acc: 0.8352
1312/1424 [==========================>...] - ETA: 0s - loss: 0.4032 - acc: 0.8361
1344/1424 [===========================>..] - ETA: 0s - loss: 0.3983 - acc: 0.8378
1376/1424 [===========================>..] - ETA: 0s - loss: 0.3971 - acc: 0.8387
1408/1424 [============================>.] - ETA: 0s - loss: 0.3985 - acc: 0.8374
1424/1424 [==============================] - 15s 11ms/step - loss: 0.3968 - acc: 0.8385 - val_loss: 0.4425 - val_acc: 0.8460
Epoch 11/1000

  32/1424 [..............................] - ETA: 12s - loss: 0.2388 - acc: 0.8750
  64/1424 [>.............................] - ETA: 12s - loss: 0.5876 - acc: 0.8281
  96/1424 [=>............................] - ETA: 11s - loss: 0.5551 - acc: 0.8229
 128/1424 [=>............................] - ETA: 11s - loss: 0.5030 - acc: 0.8281
 160/1424 [==>...........................] - ETA: 11s - loss: 0.5771 - acc: 0.8375
 192/1424 [===>..........................] - ETA: 10s - loss: 0.5042 - acc: 0.8594
 224/1424 [===>..........................] - ETA: 10s - loss: 0.5905 - acc: 0.8348
 256/1424 [====>.........................] - ETA: 10s - loss: 0.6525 - acc: 0.8359
 288/1424 [=====>........................] - ETA: 10s - loss: 0.6985 - acc: 0.8333
 320/1424 [=====>........................] - ETA: 9s - loss: 0.6767 - acc: 0.8438 
 352/1424 [======>.......................] - ETA: 9s - loss: 0.6594 - acc: 0.8409
 384/1424 [=======>......................] - ETA: 9s - loss: 0.6218 - acc: 0.8464
 416/1424 [=======>......................] - ETA: 8s - loss: 0.6315 - acc: 0.8462
 448/1424 [========>.....................] - ETA: 8s - loss: 0.6228 - acc: 0.8460
 480/1424 [=========>....................] - ETA: 8s - loss: 0.6040 - acc: 0.8479
 512/1424 [=========>....................] - ETA: 8s - loss: 0.6122 - acc: 0.8477
 544/1424 [==========>...................] - ETA: 7s - loss: 0.6020 - acc: 0.8456
 576/1424 [===========>..................] - ETA: 7s - loss: 0.5903 - acc: 0.8438
 608/1424 [===========>..................] - ETA: 7s - loss: 0.5745 - acc: 0.8421
 640/1424 [============>.................] - ETA: 6s - loss: 0.5709 - acc: 0.8422
 672/1424 [=============>................] - ETA: 6s - loss: 0.5656 - acc: 0.8408
 704/1424 [=============>................] - ETA: 6s - loss: 0.5523 - acc: 0.8438
 736/1424 [==============>...............] - ETA: 6s - loss: 0.5491 - acc: 0.8410
 768/1424 [===============>..............] - ETA: 5s - loss: 0.5378 - acc: 0.8438
 800/1424 [===============>..............] - ETA: 5s - loss: 0.5297 - acc: 0.8438
 832/1424 [================>.............] - ETA: 5s - loss: 0.5309 - acc: 0.8425
 864/1424 [=================>............] - ETA: 4s - loss: 0.5252 - acc: 0.8414
 896/1424 [=================>............] - ETA: 4s - loss: 0.5233 - acc: 0.8393
 928/1424 [==================>...........] - ETA: 4s - loss: 0.5187 - acc: 0.8362
 960/1424 [===================>..........] - ETA: 4s - loss: 0.5139 - acc: 0.8365
 992/1424 [===================>..........] - ETA: 3s - loss: 0.5250 - acc: 0.8337
1024/1424 [====================>.........] - ETA: 3s - loss: 0.5212 - acc: 0.8350
1056/1424 [=====================>........] - ETA: 3s - loss: 0.5150 - acc: 0.8362
1088/1424 [=====================>........] - ETA: 2s - loss: 0.5138 - acc: 0.8355
1120/1424 [======================>.......] - ETA: 2s - loss: 0.5140 - acc: 0.8330
1152/1424 [=======================>......] - ETA: 2s - loss: 0.5065 - acc: 0.8359
1184/1424 [=======================>......] - ETA: 2s - loss: 0.5113 - acc: 0.8378
1216/1424 [========================>.....] - ETA: 1s - loss: 0.5082 - acc: 0.8380
1248/1424 [=========================>....] - ETA: 1s - loss: 0.5128 - acc: 0.8381
1280/1424 [=========================>....] - ETA: 1s - loss: 0.5124 - acc: 0.8375
1312/1424 [==========================>...] - ETA: 0s - loss: 0.5086 - acc: 0.8377
1344/1424 [===========================>..] - ETA: 0s - loss: 0.5052 - acc: 0.8371
1376/1424 [===========================>..] - ETA: 0s - loss: 0.5144 - acc: 0.8358
1408/1424 [============================>.] - ETA: 0s - loss: 0.5133 - acc: 0.8338
1424/1424 [==============================] - 15s 11ms/step - loss: 0.5336 - acc: 0.8329 - val_loss: 0.4408 - val_acc: 0.8686
Epoch 12/1000

  32/1424 [..............................] - ETA: 12s - loss: 0.5513 - acc: 0.7500
  64/1424 [>.............................] - ETA: 12s - loss: 0.3516 - acc: 0.8594
  96/1424 [=>............................] - ETA: 11s - loss: 0.3553 - acc: 0.8646
 128/1424 [=>............................] - ETA: 11s - loss: 0.5895 - acc: 0.8516
 160/1424 [==>...........................] - ETA: 11s - loss: 0.5702 - acc: 0.8438
 192/1424 [===>..........................] - ETA: 10s - loss: 0.6009 - acc: 0.8385
 224/1424 [===>..........................] - ETA: 10s - loss: 0.5435 - acc: 0.8527
 256/1424 [====>.........................] - ETA: 10s - loss: 0.5951 - acc: 0.8438
 288/1424 [=====>........................] - ETA: 10s - loss: 0.5704 - acc: 0.8368
 320/1424 [=====>........................] - ETA: 9s - loss: 0.5487 - acc: 0.8375 
 352/1424 [======>.......................] - ETA: 9s - loss: 0.5185 - acc: 0.8438
 384/1424 [=======>......................] - ETA: 9s - loss: 0.5097 - acc: 0.8359
 416/1424 [=======>......................] - ETA: 8s - loss: 0.4987 - acc: 0.8341
 448/1424 [========>.....................] - ETA: 8s - loss: 0.4831 - acc: 0.8371
 480/1424 [=========>....................] - ETA: 8s - loss: 0.4794 - acc: 0.8313
 512/1424 [=========>....................] - ETA: 8s - loss: 0.4725 - acc: 0.8340
 544/1424 [==========>...................] - ETA: 7s - loss: 0.4617 - acc: 0.8382
 576/1424 [===========>..................] - ETA: 7s - loss: 0.4444 - acc: 0.8455
 608/1424 [===========>..................] - ETA: 7s - loss: 0.4717 - acc: 0.8388
 640/1424 [============>.................] - ETA: 6s - loss: 0.4759 - acc: 0.8359
 672/1424 [=============>................] - ETA: 6s - loss: 0.4683 - acc: 0.8393
 704/1424 [=============>................] - ETA: 6s - loss: 0.4657 - acc: 0.8381
 736/1424 [==============>...............] - ETA: 6s - loss: 0.4659 - acc: 0.8342
 768/1424 [===============>..............] - ETA: 5s - loss: 0.4607 - acc: 0.8320
 800/1424 [===============>..............] - ETA: 5s - loss: 0.4525 - acc: 0.8337
 832/1424 [================>.............] - ETA: 5s - loss: 0.4744 - acc: 0.8329
 864/1424 [=================>............] - ETA: 4s - loss: 0.4679 - acc: 0.8345
 896/1424 [=================>............] - ETA: 4s - loss: 0.4625 - acc: 0.8359
 928/1424 [==================>...........] - ETA: 4s - loss: 0.4560 - acc: 0.8384
 960/1424 [===================>..........] - ETA: 4s - loss: 0.4524 - acc: 0.8396
 992/1424 [===================>..........] - ETA: 3s - loss: 0.4653 - acc: 0.8397
1024/1424 [====================>.........] - ETA: 3s - loss: 0.4588 - acc: 0.8438
1056/1424 [=====================>........] - ETA: 3s - loss: 0.4588 - acc: 0.8428
1088/1424 [=====================>........] - ETA: 2s - loss: 0.4535 - acc: 0.8428
1120/1424 [======================>.......] - ETA: 2s - loss: 0.4476 - acc: 0.8429
1152/1424 [=======================>......] - ETA: 2s - loss: 0.4423 - acc: 0.8455
1184/1424 [=======================>......] - ETA: 2s - loss: 0.4419 - acc: 0.8429
1216/1424 [========================>.....] - ETA: 1s - loss: 0.4383 - acc: 0.8446
1248/1424 [=========================>....] - ETA: 1s - loss: 0.4405 - acc: 0.8421
1280/1424 [=========================>....] - ETA: 1s - loss: 0.4365 - acc: 0.8438
1312/1424 [==========================>...] - ETA: 0s - loss: 0.4384 - acc: 0.8422
1344/1424 [===========================>..] - ETA: 0s - loss: 0.4391 - acc: 0.8423
1376/1424 [===========================>..] - ETA: 0s - loss: 0.4373 - acc: 0.8430
1408/1424 [============================>.] - ETA: 0s - loss: 0.4387 - acc: 0.8423
1424/1424 [==============================] - 15s 11ms/step - loss: 0.4374 - acc: 0.8427 - val_loss: 0.4060 - val_acc: 0.8644
Epoch 13/1000

  32/1424 [..............................] - ETA: 12s - loss: 0.4001 - acc: 0.8125
  64/1424 [>.............................] - ETA: 12s - loss: 0.4128 - acc: 0.7812
  96/1424 [=>............................] - ETA: 11s - loss: 0.3702 - acc: 0.8125
 128/1424 [=>............................] - ETA: 11s - loss: 0.3509 - acc: 0.8281
 160/1424 [==>...........................] - ETA: 11s - loss: 0.3693 - acc: 0.8125
 192/1424 [===>..........................] - ETA: 10s - loss: 0.3546 - acc: 0.8333
 224/1424 [===>..........................] - ETA: 10s - loss: 0.3567 - acc: 0.8304
 256/1424 [====>.........................] - ETA: 10s - loss: 0.3549 - acc: 0.8398
 288/1424 [=====>........................] - ETA: 10s - loss: 0.4012 - acc: 0.8438
 320/1424 [=====>........................] - ETA: 9s - loss: 0.4050 - acc: 0.8406 
 352/1424 [======>.......................] - ETA: 9s - loss: 0.3995 - acc: 0.8466
 384/1424 [=======>......................] - ETA: 9s - loss: 0.4308 - acc: 0.8464
 416/1424 [=======>......................] - ETA: 8s - loss: 0.4241 - acc: 0.8462
 448/1424 [========>.....................] - ETA: 8s - loss: 0.4226 - acc: 0.8438
 480/1424 [=========>....................] - ETA: 8s - loss: 0.4203 - acc: 0.8438
 512/1424 [=========>....................] - ETA: 8s - loss: 0.4254 - acc: 0.8418
 544/1424 [==========>...................] - ETA: 7s - loss: 0.4258 - acc: 0.8382
 576/1424 [===========>..................] - ETA: 7s - loss: 0.4244 - acc: 0.8385
 608/1424 [===========>..................] - ETA: 7s - loss: 0.4128 - acc: 0.8438
 640/1424 [============>.................] - ETA: 6s - loss: 0.4064 - acc: 0.8453
 672/1424 [=============>................] - ETA: 6s - loss: 0.4206 - acc: 0.8497
 704/1424 [=============>................] - ETA: 6s - loss: 0.4170 - acc: 0.8480
 736/1424 [==============>...............] - ETA: 6s - loss: 0.4112 - acc: 0.8519
 768/1424 [===============>..............] - ETA: 5s - loss: 0.4018 - acc: 0.8568
 800/1424 [===============>..............] - ETA: 5s - loss: 0.4221 - acc: 0.8538
 832/1424 [================>.............] - ETA: 5s - loss: 0.4176 - acc: 0.8546
 864/1424 [=================>............] - ETA: 4s - loss: 0.4173 - acc: 0.8507
 896/1424 [=================>............] - ETA: 4s - loss: 0.4126 - acc: 0.8516
 928/1424 [==================>...........] - ETA: 4s - loss: 0.4137 - acc: 0.8502
 960/1424 [===================>..........] - ETA: 4s - loss: 0.4314 - acc: 0.8469
 992/1424 [===================>..........] - ETA: 3s - loss: 0.4325 - acc: 0.8458
1024/1424 [====================>.........] - ETA: 3s - loss: 0.4358 - acc: 0.8418
1056/1424 [=====================>........] - ETA: 3s - loss: 0.4333 - acc: 0.8419
1088/1424 [=====================>........] - ETA: 2s - loss: 0.4441 - acc: 0.8438
1120/1424 [======================>.......] - ETA: 2s - loss: 0.4372 - acc: 0.8473
1152/1424 [=======================>......] - ETA: 2s - loss: 0.4355 - acc: 0.8472
1184/1424 [=======================>......] - ETA: 2s - loss: 0.4284 - acc: 0.8505
1216/1424 [========================>.....] - ETA: 1s - loss: 0.4247 - acc: 0.8520
1248/1424 [=========================>....] - ETA: 1s - loss: 0.4345 - acc: 0.8518
1280/1424 [=========================>....] - ETA: 1s - loss: 0.4352 - acc: 0.8500
1312/1424 [==========================>...] - ETA: 0s - loss: 0.4327 - acc: 0.8514
1344/1424 [===========================>..] - ETA: 0s - loss: 0.4395 - acc: 0.8504
1376/1424 [===========================>..] - ETA: 0s - loss: 0.4388 - acc: 0.8488
1408/1424 [============================>.] - ETA: 0s - loss: 0.4425 - acc: 0.8459
1424/1424 [==============================] - 15s 11ms/step - loss: 0.4416 - acc: 0.8462 - val_loss: 0.3649 - val_acc: 0.8545
Epoch 14/1000

  32/1424 [..............................] - ETA: 12s - loss: 0.3495 - acc: 0.8750
  64/1424 [>.............................] - ETA: 12s - loss: 0.3659 - acc: 0.8438
  96/1424 [=>............................] - ETA: 11s - loss: 0.4099 - acc: 0.8333
 128/1424 [=>............................] - ETA: 11s - loss: 0.3963 - acc: 0.8438
 160/1424 [==>...........................] - ETA: 11s - loss: 0.3920 - acc: 0.8313
 192/1424 [===>..........................] - ETA: 10s - loss: 0.4019 - acc: 0.8333
 224/1424 [===>..........................] - ETA: 10s - loss: 0.3886 - acc: 0.8438
 256/1424 [====>.........................] - ETA: 10s - loss: 0.3856 - acc: 0.8477
 288/1424 [=====>........................] - ETA: 10s - loss: 0.3974 - acc: 0.8472
 320/1424 [=====>........................] - ETA: 9s - loss: 0.3957 - acc: 0.8438 
 352/1424 [======>.......................] - ETA: 9s - loss: 0.3908 - acc: 0.8438
 384/1424 [=======>......................] - ETA: 9s - loss: 0.3876 - acc: 0.8438
 416/1424 [=======>......................] - ETA: 8s - loss: 0.3807 - acc: 0.8462
 448/1424 [========>.....................] - ETA: 8s - loss: 0.3896 - acc: 0.8460
 480/1424 [=========>....................] - ETA: 8s - loss: 0.3962 - acc: 0.8438
 512/1424 [=========>....................] - ETA: 8s - loss: 0.3904 - acc: 0.8457
 544/1424 [==========>...................] - ETA: 7s - loss: 0.3876 - acc: 0.8474
 576/1424 [===========>..................] - ETA: 7s - loss: 0.3792 - acc: 0.8524
 608/1424 [===========>..................] - ETA: 7s - loss: 0.3796 - acc: 0.8520
 640/1424 [============>.................] - ETA: 6s - loss: 0.3870 - acc: 0.8484
 672/1424 [=============>................] - ETA: 6s - loss: 0.3862 - acc: 0.8482
 704/1424 [=============>................] - ETA: 6s - loss: 0.3843 - acc: 0.8509
 736/1424 [==============>...............] - ETA: 6s - loss: 0.3866 - acc: 0.8478
 768/1424 [===============>..............] - ETA: 5s - loss: 0.3883 - acc: 0.8464
 800/1424 [===============>..............] - ETA: 5s - loss: 0.3893 - acc: 0.8462
 832/1424 [================>.............] - ETA: 5s - loss: 0.3908 - acc: 0.8450
 864/1424 [=================>............] - ETA: 4s - loss: 0.3883 - acc: 0.8461
 896/1424 [=================>............] - ETA: 4s - loss: 0.3865 - acc: 0.8482
 928/1424 [==================>...........] - ETA: 4s - loss: 0.3859 - acc: 0.8470
 960/1424 [===================>..........] - ETA: 4s - loss: 0.3891 - acc: 0.8458
 992/1424 [===================>..........] - ETA: 3s - loss: 0.3911 - acc: 0.8448
1024/1424 [====================>.........] - ETA: 3s - loss: 0.3917 - acc: 0.8467
1056/1424 [=====================>........] - ETA: 3s - loss: 0.3952 - acc: 0.8428
1088/1424 [=====================>........] - ETA: 2s - loss: 0.3932 - acc: 0.8428
1120/1424 [======================>.......] - ETA: 2s - loss: 0.3915 - acc: 0.8438
1152/1424 [=======================>......] - ETA: 2s - loss: 0.3950 - acc: 0.8403
1184/1424 [=======================>......] - ETA: 2s - loss: 0.3933 - acc: 0.8412
1216/1424 [========================>.....] - ETA: 1s - loss: 0.3934 - acc: 0.8405
1248/1424 [=========================>....] - ETA: 1s - loss: 0.3927 - acc: 0.8421
1280/1424 [=========================>....] - ETA: 1s - loss: 0.3956 - acc: 0.8406
1312/1424 [==========================>...] - ETA: 0s - loss: 0.3957 - acc: 0.8399
1344/1424 [===========================>..] - ETA: 0s - loss: 0.3952 - acc: 0.8393
1376/1424 [===========================>..] - ETA: 0s - loss: 0.3944 - acc: 0.8394
1408/1424 [============================>.] - ETA: 0s - loss: 0.3930 - acc: 0.8402
1424/1424 [==============================] - 15s 11ms/step - loss: 0.3943 - acc: 0.8392 - val_loss: 0.3741 - val_acc: 0.8559
Epoch 15/1000

  32/1424 [..............................] - ETA: 12s - loss: 0.8666 - acc: 0.8125
  64/1424 [>.............................] - ETA: 12s - loss: 0.8899 - acc: 0.8281
  96/1424 [=>............................] - ETA: 11s - loss: 0.7041 - acc: 0.8229
 128/1424 [=>............................] - ETA: 11s - loss: 0.6038 - acc: 0.8516
 160/1424 [==>...........................] - ETA: 11s - loss: 0.5578 - acc: 0.8500
 192/1424 [===>..........................] - ETA: 10s - loss: 0.5166 - acc: 0.8594
 224/1424 [===>..........................] - ETA: 10s - loss: 0.5036 - acc: 0.8527
 256/1424 [====>.........................] - ETA: 10s - loss: 0.4725 - acc: 0.8633
 288/1424 [=====>........................] - ETA: 10s - loss: 0.4752 - acc: 0.8472
 320/1424 [=====>........................] - ETA: 9s - loss: 0.4571 - acc: 0.8500 
 352/1424 [======>.......................] - ETA: 9s - loss: 0.4591 - acc: 0.8438
 384/1424 [=======>......................] - ETA: 9s - loss: 0.4467 - acc: 0.8438
 416/1424 [=======>......................] - ETA: 8s - loss: 0.4469 - acc: 0.8413
 448/1424 [========>.....................] - ETA: 8s - loss: 0.4540 - acc: 0.8348
 480/1424 [=========>....................] - ETA: 8s - loss: 0.4491 - acc: 0.8375
 512/1424 [=========>....................] - ETA: 8s - loss: 0.4536 - acc: 0.8320
 544/1424 [==========>...................] - ETA: 7s - loss: 0.4540 - acc: 0.8309
 576/1424 [===========>..................] - ETA: 7s - loss: 0.4455 - acc: 0.8316
 608/1424 [===========>..................] - ETA: 7s - loss: 0.4714 - acc: 0.8289
 640/1424 [============>.................] - ETA: 6s - loss: 0.4624 - acc: 0.8328
 672/1424 [=============>................] - ETA: 6s - loss: 0.4589 - acc: 0.8304
 704/1424 [=============>................] - ETA: 6s - loss: 0.4592 - acc: 0.8295
 736/1424 [==============>...............] - ETA: 6s - loss: 0.4585 - acc: 0.8288
 768/1424 [===============>..............] - ETA: 5s - loss: 0.4471 - acc: 0.8333
 800/1424 [===============>..............] - ETA: 5s - loss: 0.4429 - acc: 0.8350
 832/1424 [================>.............] - ETA: 5s - loss: 0.4585 - acc: 0.8341
 864/1424 [=================>............] - ETA: 4s - loss: 0.4577 - acc: 0.8356
 896/1424 [=================>............] - ETA: 4s - loss: 0.4526 - acc: 0.8359
 928/1424 [==================>...........] - ETA: 4s - loss: 0.4532 - acc: 0.8330
 960/1424 [===================>..........] - ETA: 4s - loss: 0.4489 - acc: 0.8323
 992/1424 [===================>..........] - ETA: 3s - loss: 0.4450 - acc: 0.8337
1024/1424 [====================>.........] - ETA: 3s - loss: 0.4408 - acc: 0.8350
1056/1424 [=====================>........] - ETA: 3s - loss: 0.4366 - acc: 0.8352
1088/1424 [=====================>........] - ETA: 2s - loss: 0.4358 - acc: 0.8318
1120/1424 [======================>.......] - ETA: 2s - loss: 0.4353 - acc: 0.8330
1152/1424 [=======================>......] - ETA: 2s - loss: 0.4308 - acc: 0.8359
1184/1424 [=======================>......] - ETA: 2s - loss: 0.4276 - acc: 0.8370
1216/1424 [========================>.....] - ETA: 1s - loss: 0.4258 - acc: 0.8388
1248/1424 [=========================>....] - ETA: 1s - loss: 0.4225 - acc: 0.8397
1280/1424 [=========================>....] - ETA: 1s - loss: 0.4257 - acc: 0.8406
1312/1424 [==========================>...] - ETA: 0s - loss: 0.4213 - acc: 0.8422
1344/1424 [===========================>..] - ETA: 0s - loss: 0.4194 - acc: 0.8430
1376/1424 [===========================>..] - ETA: 0s - loss: 0.4169 - acc: 0.8445
1408/1424 [============================>.] - ETA: 0s - loss: 0.4162 - acc: 0.8445
1424/1424 [==============================] - 15s 11ms/step - loss: 0.4157 - acc: 0.8441 - val_loss: 0.4126 - val_acc: 0.8672
Epoch 16/1000

  32/1424 [..............................] - ETA: 12s - loss: 0.2955 - acc: 0.8750
  64/1424 [>.............................] - ETA: 12s - loss: 0.4504 - acc: 0.7812
  96/1424 [=>............................] - ETA: 11s - loss: 0.4691 - acc: 0.7604
 128/1424 [=>............................] - ETA: 11s - loss: 0.4612 - acc: 0.7734
 160/1424 [==>...........................] - ETA: 11s - loss: 0.4824 - acc: 0.8000
 192/1424 [===>..........................] - ETA: 10s - loss: 0.4691 - acc: 0.8021
 224/1424 [===>..........................] - ETA: 10s - loss: 0.4461 - acc: 0.8125
 256/1424 [====>.........................] - ETA: 10s - loss: 0.4410 - acc: 0.8125
 288/1424 [=====>........................] - ETA: 10s - loss: 0.4162 - acc: 0.8264
 320/1424 [=====>........................] - ETA: 9s - loss: 0.4120 - acc: 0.8281 
 352/1424 [======>.......................] - ETA: 9s - loss: 0.4467 - acc: 0.8239
 384/1424 [=======>......................] - ETA: 9s - loss: 0.4688 - acc: 0.8151
 416/1424 [=======>......................] - ETA: 8s - loss: 0.4853 - acc: 0.8053
 448/1424 [========>.....................] - ETA: 8s - loss: 0.5148 - acc: 0.7879
 480/1424 [=========>....................] - ETA: 8s - loss: 0.5488 - acc: 0.7708
 512/1424 [=========>....................] - ETA: 8s - loss: 0.5773 - acc: 0.7559
 544/1424 [==========>...................] - ETA: 7s - loss: 0.5935 - acc: 0.7482
 576/1424 [===========>..................] - ETA: 7s - loss: 0.5964 - acc: 0.7465
 608/1424 [===========>..................] - ETA: 7s - loss: 0.6080 - acc: 0.7385
 640/1424 [============>.................] - ETA: 6s - loss: 0.7016 - acc: 0.7203
 672/1424 [=============>................] - ETA: 6s - loss: 0.7318 - acc: 0.7128
 704/1424 [=============>................] - ETA: 6s - loss: 0.7797 - acc: 0.7031
 736/1424 [==============>...............] - ETA: 6s - loss: 0.8252 - acc: 0.6916
 768/1424 [===============>..............] - ETA: 5s - loss: 0.8202 - acc: 0.6875
 800/1424 [===============>..............] - ETA: 5s - loss: 0.8414 - acc: 0.6800
 832/1424 [================>.............] - ETA: 5s - loss: 0.8628 - acc: 0.6695
 864/1424 [=================>............] - ETA: 4s - loss: 0.8608 - acc: 0.6609
 896/1424 [=================>............] - ETA: 4s - loss: 0.8715 - acc: 0.6574
 928/1424 [==================>...........] - ETA: 4s - loss: 0.8650 - acc: 0.6562
 960/1424 [===================>..........] - ETA: 4s - loss: 0.8616 - acc: 0.6500
 992/1424 [===================>..........] - ETA: 3s - loss: 0.8619 - acc: 0.6391
1024/1424 [====================>.........] - ETA: 3s - loss: 0.8594 - acc: 0.6309
1056/1424 [=====================>........] - ETA: 3s - loss: 0.8553 - acc: 0.6259
1088/1424 [=====================>........] - ETA: 2s - loss: 0.8500 - acc: 0.6250
1120/1424 [======================>.......] - ETA: 2s - loss: 0.8466 - acc: 0.6196
1152/1424 [=======================>......] - ETA: 2s - loss: 0.8440 - acc: 0.6137
1184/1424 [=======================>......] - ETA: 2s - loss: 0.8406 - acc: 0.6081
1216/1424 [========================>.....] - ETA: 1s - loss: 0.8367 - acc: 0.6053
1248/1424 [=========================>....] - ETA: 1s - loss: 0.8334 - acc: 0.6002
1280/1424 [=========================>....] - ETA: 1s - loss: 0.8290 - acc: 0.6000
1312/1424 [==========================>...] - ETA: 0s - loss: 0.8251 - acc: 0.5998
1344/1424 [===========================>..] - ETA: 0s - loss: 0.8213 - acc: 0.6004
1376/1424 [===========================>..] - ETA: 0s - loss: 0.8181 - acc: 0.5974
1408/1424 [============================>.] - ETA: 0s - loss: 0.8147 - acc: 0.5973
1424/1424 [==============================] - 15s 11ms/step - loss: 0.8136 - acc: 0.5962 - val_loss: 0.6638 - val_acc: 0.7429
Epoch 17/1000

  32/1424 [..............................] - ETA: 12s - loss: 0.6589 - acc: 0.7500
  64/1424 [>.............................] - ETA: 12s - loss: 0.6618 - acc: 0.7500
  96/1424 [=>............................] - ETA: 11s - loss: 0.6606 - acc: 0.7292
 128/1424 [=>............................] - ETA: 11s - loss: 0.6657 - acc: 0.6875
 160/1424 [==>...........................] - ETA: 11s - loss: 0.6609 - acc: 0.7000
 192/1424 [===>..........................] - ETA: 10s - loss: 0.6618 - acc: 0.7083
 224/1424 [===>..........................] - ETA: 10s - loss: 0.6599 - acc: 0.7277
 256/1424 [====>.........................] - ETA: 10s - loss: 0.6603 - acc: 0.7383
 288/1424 [=====>........................] - ETA: 10s - loss: 0.6623 - acc: 0.7396
 320/1424 [=====>........................] - ETA: 9s - loss: 0.6590 - acc: 0.7469 
 352/1424 [======>.......................] - ETA: 9s - loss: 0.6573 - acc: 0.7528
 384/1424 [=======>......................] - ETA: 9s - loss: 0.6604 - acc: 0.7474
 416/1424 [=======>......................] - ETA: 8s - loss: 0.6596 - acc: 0.7548
 448/1424 [========>.....................] - ETA: 8s - loss: 0.6581 - acc: 0.7478
 480/1424 [=========>....................] - ETA: 8s - loss: 0.6571 - acc: 0.7438
 512/1424 [=========>....................] - ETA: 8s - loss: 0.6572 - acc: 0.7480
 544/1424 [==========>...................] - ETA: 7s - loss: 0.6577 - acc: 0.7390
 576/1424 [===========>..................] - ETA: 7s - loss: 0.6566 - acc: 0.7413
 608/1424 [===========>..................] - ETA: 7s - loss: 0.6557 - acc: 0.7368
 640/1424 [============>.................] - ETA: 6s - loss: 0.6557 - acc: 0.7391
 672/1424 [=============>................] - ETA: 6s - loss: 0.6563 - acc: 0.7396
 704/1424 [=============>................] - ETA: 6s - loss: 0.6555 - acc: 0.7401
 736/1424 [==============>...............] - ETA: 6s - loss: 0.6527 - acc: 0.7473
 768/1424 [===============>..............] - ETA: 5s - loss: 0.6499 - acc: 0.7474
 800/1424 [===============>..............] - ETA: 5s - loss: 0.6507 - acc: 0.7450
 832/1424 [================>.............] - ETA: 5s - loss: 0.6498 - acc: 0.7476
 864/1424 [=================>............] - ETA: 4s - loss: 0.6488 - acc: 0.7465
 896/1424 [=================>............] - ETA: 4s - loss: 0.6499 - acc: 0.7444
 928/1424 [==================>...........] - ETA: 4s - loss: 0.6488 - acc: 0.7457
 960/1424 [===================>..........] - ETA: 4s - loss: 0.6489 - acc: 0.7500
 992/1424 [===================>..........] - ETA: 3s - loss: 0.6490 - acc: 0.7470
1024/1424 [====================>.........] - ETA: 3s - loss: 0.6461 - acc: 0.7520
1056/1424 [=====================>........] - ETA: 3s - loss: 0.6453 - acc: 0.7528
1088/1424 [=====================>........] - ETA: 2s - loss: 0.6448 - acc: 0.7537
1120/1424 [======================>.......] - ETA: 2s - loss: 0.6435 - acc: 0.7536
1152/1424 [=======================>......] - ETA: 2s - loss: 0.6432 - acc: 0.7509
1184/1424 [=======================>......] - ETA: 2s - loss: 0.6433 - acc: 0.7500
1216/1424 [========================>.....] - ETA: 1s - loss: 0.6419 - acc: 0.7508
1248/1424 [=========================>....] - ETA: 1s - loss: 0.6408 - acc: 0.7508
1280/1424 [=========================>....] - ETA: 1s - loss: 0.6395 - acc: 0.7508
1312/1424 [==========================>...] - ETA: 0s - loss: 0.6398 - acc: 0.7508
1344/1424 [===========================>..] - ETA: 0s - loss: 0.6397 - acc: 0.7515
1376/1424 [===========================>..] - ETA: 0s - loss: 0.6392 - acc: 0.7485
1408/1424 [============================>.] - ETA: 0s - loss: 0.6377 - acc: 0.7472
1424/1424 [==============================] - 15s 11ms/step - loss: 0.6372 - acc: 0.7479 - val_loss: 0.5949 - val_acc: 0.7571
Epoch 18/1000

  32/1424 [..............................] - ETA: 12s - loss: 0.6359 - acc: 0.7188
  64/1424 [>.............................] - ETA: 12s - loss: 0.5971 - acc: 0.7812
  96/1424 [=>............................] - ETA: 11s - loss: 0.5986 - acc: 0.7708
 128/1424 [=>............................] - ETA: 11s - loss: 0.5968 - acc: 0.7266
 160/1424 [==>...........................] - ETA: 11s - loss: 0.6031 - acc: 0.7375
 192/1424 [===>..........................] - ETA: 10s - loss: 0.5974 - acc: 0.7448
 224/1424 [===>..........................] - ETA: 10s - loss: 0.5846 - acc: 0.7589
 256/1424 [====>.........................] - ETA: 10s - loss: 0.5874 - acc: 0.7539
 288/1424 [=====>........................] - ETA: 10s - loss: 0.5846 - acc: 0.7535
 320/1424 [=====>........................] - ETA: 9s - loss: 0.5764 - acc: 0.7531 
 352/1424 [======>.......................] - ETA: 9s - loss: 0.5802 - acc: 0.7443
 384/1424 [=======>......................] - ETA: 9s - loss: 0.5879 - acc: 0.7448
 416/1424 [=======>......................] - ETA: 8s - loss: 0.5958 - acc: 0.7356
 448/1424 [========>.....................] - ETA: 8s - loss: 0.5938 - acc: 0.7433
 480/1424 [=========>....................] - ETA: 8s - loss: 0.6017 - acc: 0.7354
 512/1424 [=========>....................] - ETA: 8s - loss: 0.6005 - acc: 0.7344
 544/1424 [==========>...................] - ETA: 7s - loss: 0.6009 - acc: 0.7353
 576/1424 [===========>..................] - ETA: 7s - loss: 0.5984 - acc: 0.7378
 608/1424 [===========>..................] - ETA: 7s - loss: 0.6027 - acc: 0.7385
 640/1424 [============>.................] - ETA: 6s - loss: 0.6022 - acc: 0.7422
 672/1424 [=============>................] - ETA: 6s - loss: 0.5989 - acc: 0.7485
 704/1424 [=============>................] - ETA: 6s - loss: 0.5991 - acc: 0.7472
 736/1424 [==============>...............] - ETA: 6s - loss: 0.6002 - acc: 0.7473
 768/1424 [===============>..............] - ETA: 5s - loss: 0.6006 - acc: 0.7487
 800/1424 [===============>..............] - ETA: 5s - loss: 0.6018 - acc: 0.7488
 832/1424 [================>.............] - ETA: 5s - loss: 0.6049 - acc: 0.7464
 864/1424 [=================>............] - ETA: 4s - loss: 0.6054 - acc: 0.7419
 896/1424 [=================>............] - ETA: 4s - loss: 0.6052 - acc: 0.7455
 928/1424 [==================>...........] - ETA: 4s - loss: 0.6053 - acc: 0.7468
 960/1424 [===================>..........] - ETA: 4s - loss: 0.6048 - acc: 0.7490
 992/1424 [===================>..........] - ETA: 3s - loss: 0.6045 - acc: 0.7520
1024/1424 [====================>.........] - ETA: 3s - loss: 0.6040 - acc: 0.7539
1056/1424 [=====================>........] - ETA: 3s - loss: 0.6020 - acc: 0.7566
1088/1424 [=====================>........] - ETA: 2s - loss: 0.6011 - acc: 0.7583
1120/1424 [======================>.......] - ETA: 2s - loss: 0.6006 - acc: 0.7598
1152/1424 [=======================>......] - ETA: 2s - loss: 0.6009 - acc: 0.7613
1184/1424 [=======================>......] - ETA: 2s - loss: 0.6016 - acc: 0.7618
1216/1424 [========================>.....] - ETA: 1s - loss: 0.6020 - acc: 0.7615
1248/1424 [=========================>....] - ETA: 1s - loss: 0.6016 - acc: 0.7596
1280/1424 [=========================>....] - ETA: 1s - loss: 0.6010 - acc: 0.7578
1312/1424 [==========================>...] - ETA: 0s - loss: 0.6022 - acc: 0.7569
1344/1424 [===========================>..] - ETA: 0s - loss: 0.6012 - acc: 0.7597
1376/1424 [===========================>..] - ETA: 0s - loss: 0.6007 - acc: 0.7602
1408/1424 [============================>.] - ETA: 0s - loss: 0.5996 - acc: 0.7614
1424/1424 [==============================] - 15s 11ms/step - loss: 0.5988 - acc: 0.7612 - val_loss: 0.5518 - val_acc: 0.7895
Epoch 19/1000

  32/1424 [..............................] - ETA: 12s - loss: 0.5297 - acc: 0.6875
  64/1424 [>.............................] - ETA: 12s - loss: 0.5708 - acc: 0.7031
  96/1424 [=>............................] - ETA: 11s - loss: 0.5916 - acc: 0.7083
 128/1424 [=>............................] - ETA: 11s - loss: 0.5759 - acc: 0.7266
 160/1424 [==>...........................] - ETA: 11s - loss: 0.5937 - acc: 0.7250
 192/1424 [===>..........................] - ETA: 10s - loss: 0.5968 - acc: 0.7188
 224/1424 [===>..........................] - ETA: 10s - loss: 0.5976 - acc: 0.7277
 256/1424 [====>.........................] - ETA: 10s - loss: 0.5920 - acc: 0.7266
 288/1424 [=====>........................] - ETA: 10s - loss: 0.5877 - acc: 0.7326
 320/1424 [=====>........................] - ETA: 9s - loss: 0.5878 - acc: 0.7375 
 352/1424 [======>.......................] - ETA: 9s - loss: 0.5842 - acc: 0.7358
 384/1424 [=======>......................] - ETA: 9s - loss: 0.5745 - acc: 0.7448
 416/1424 [=======>......................] - ETA: 8s - loss: 0.5746 - acc: 0.7452
 448/1424 [========>.....................] - ETA: 8s - loss: 0.5792 - acc: 0.7433
 480/1424 [=========>....................] - ETA: 8s - loss: 0.5742 - acc: 0.7479
 512/1424 [=========>....................] - ETA: 8s - loss: 0.5715 - acc: 0.7441
 544/1424 [==========>...................] - ETA: 7s - loss: 0.5755 - acc: 0.7463
 576/1424 [===========>..................] - ETA: 7s - loss: 0.5727 - acc: 0.7483
 608/1424 [===========>..................] - ETA: 7s - loss: 0.5768 - acc: 0.7401
 640/1424 [============>.................] - ETA: 6s - loss: 0.5703 - acc: 0.7453
 672/1424 [=============>................] - ETA: 6s - loss: 0.5674 - acc: 0.7485
 704/1424 [=============>................] - ETA: 6s - loss: 0.5668 - acc: 0.7429
 736/1424 [==============>...............] - ETA: 6s - loss: 0.5662 - acc: 0.7432
 768/1424 [===============>..............] - ETA: 5s - loss: 0.5621 - acc: 0.7474
 800/1424 [===============>..............] - ETA: 5s - loss: 0.5631 - acc: 0.7450
 832/1424 [================>.............] - ETA: 5s - loss: 0.5616 - acc: 0.7440
 864/1424 [=================>............] - ETA: 4s - loss: 0.5679 - acc: 0.7419
 896/1424 [=================>............] - ETA: 4s - loss: 0.5665 - acc: 0.7422
 928/1424 [==================>...........] - ETA: 4s - loss: 0.5726 - acc: 0.7435
 960/1424 [===================>..........] - ETA: 4s - loss: 0.5704 - acc: 0.7469
 992/1424 [===================>..........] - ETA: 3s - loss: 0.5738 - acc: 0.7460
1024/1424 [====================>.........] - ETA: 3s - loss: 0.5724 - acc: 0.7451
1056/1424 [=====================>........] - ETA: 3s - loss: 0.5710 - acc: 0.7443
1088/1424 [=====================>........] - ETA: 2s - loss: 0.5763 - acc: 0.7408
1120/1424 [======================>.......] - ETA: 2s - loss: 0.5760 - acc: 0.7411
1152/1424 [=======================>......] - ETA: 2s - loss: 0.5757 - acc: 0.7413
1184/1424 [=======================>......] - ETA: 2s - loss: 0.5745 - acc: 0.7432
1216/1424 [========================>.....] - ETA: 1s - loss: 0.5747 - acc: 0.7442
1248/1424 [=========================>....] - ETA: 1s - loss: 0.5735 - acc: 0.7460
1280/1424 [=========================>....] - ETA: 1s - loss: 0.5736 - acc: 0.7469
1312/1424 [==========================>...] - ETA: 0s - loss: 0.5733 - acc: 0.7470
1344/1424 [===========================>..] - ETA: 0s - loss: 0.5709 - acc: 0.7493
1376/1424 [===========================>..] - ETA: 0s - loss: 0.5696 - acc: 0.7507
1408/1424 [============================>.] - ETA: 0s - loss: 0.5685 - acc: 0.7521
1424/1424 [==============================] - 15s 11ms/step - loss: 0.5681 - acc: 0.7514 - val_loss: 0.5132 - val_acc: 0.8079
Epoch 20/1000

  32/1424 [..............................] - ETA: 12s - loss: 0.4989 - acc: 0.8750
  64/1424 [>.............................] - ETA: 12s - loss: 0.5188 - acc: 0.8125
  96/1424 [=>............................] - ETA: 11s - loss: 0.5429 - acc: 0.8229
 128/1424 [=>............................] - ETA: 11s - loss: 0.5532 - acc: 0.7969
 160/1424 [==>...........................] - ETA: 11s - loss: 0.5635 - acc: 0.7750
 192/1424 [===>..........................] - ETA: 10s - loss: 0.5637 - acc: 0.7812
 224/1424 [===>..........................] - ETA: 10s - loss: 0.5573 - acc: 0.7812
 256/1424 [====>.........................] - ETA: 10s - loss: 0.5455 - acc: 0.7891
 288/1424 [=====>........................] - ETA: 10s - loss: 0.5300 - acc: 0.8021
 320/1424 [=====>........................] - ETA: 9s - loss: 0.5350 - acc: 0.7969 
 352/1424 [======>.......................] - ETA: 9s - loss: 0.5300 - acc: 0.7955
 384/1424 [=======>......................] - ETA: 9s - loss: 0.5397 - acc: 0.7943
 416/1424 [=======>......................] - ETA: 8s - loss: 0.5389 - acc: 0.7861
 448/1424 [========>.....................] - ETA: 8s - loss: 0.5373 - acc: 0.7879
 480/1424 [=========>....................] - ETA: 8s - loss: 0.5348 - acc: 0.7875
 512/1424 [=========>....................] - ETA: 8s - loss: 0.5317 - acc: 0.7852
 544/1424 [==========>...................] - ETA: 7s - loss: 0.5300 - acc: 0.7831
 576/1424 [===========>..................] - ETA: 7s - loss: 0.5290 - acc: 0.7812
 608/1424 [===========>..................] - ETA: 7s - loss: 0.5270 - acc: 0.7862
 640/1424 [============>.................] - ETA: 6s - loss: 0.5296 - acc: 0.7812
 672/1424 [=============>................] - ETA: 6s - loss: 0.5241 - acc: 0.7872
 704/1424 [=============>................] - ETA: 6s - loss: 0.5189 - acc: 0.7898
 736/1424 [==============>...............] - ETA: 6s - loss: 0.5188 - acc: 0.7908
 768/1424 [===============>..............] - ETA: 5s - loss: 0.5189 - acc: 0.7904
 800/1424 [===============>..............] - ETA: 5s - loss: 0.5169 - acc: 0.7887
 832/1424 [================>.............] - ETA: 5s - loss: 0.5148 - acc: 0.7909
 864/1424 [=================>............] - ETA: 4s - loss: 0.5092 - acc: 0.7917
 896/1424 [=================>............] - ETA: 4s - loss: 0.5059 - acc: 0.7946
 928/1424 [==================>...........] - ETA: 4s - loss: 0.5174 - acc: 0.7920
 960/1424 [===================>..........] - ETA: 4s - loss: 0.5142 - acc: 0.7927
 992/1424 [===================>..........] - ETA: 3s - loss: 0.5418 - acc: 0.7933
1024/1424 [====================>.........] - ETA: 3s - loss: 0.5430 - acc: 0.7969
1056/1424 [=====================>........] - ETA: 3s - loss: 0.5526 - acc: 0.7955
1088/1424 [=====================>........] - ETA: 2s - loss: 0.5485 - acc: 0.7960
1120/1424 [======================>.......] - ETA: 2s - loss: 0.5463 - acc: 0.7955
1152/1424 [=======================>......] - ETA: 2s - loss: 0.5466 - acc: 0.7934
1184/1424 [=======================>......] - ETA: 2s - loss: 0.5442 - acc: 0.7948
1216/1424 [========================>.....] - ETA: 1s - loss: 0.5415 - acc: 0.7952
1248/1424 [=========================>....] - ETA: 1s - loss: 0.5418 - acc: 0.7925
1280/1424 [=========================>....] - ETA: 1s - loss: 0.5424 - acc: 0.7906
1312/1424 [==========================>...] - ETA: 0s - loss: 0.5407 - acc: 0.7904
1344/1424 [===========================>..] - ETA: 0s - loss: 0.5400 - acc: 0.7902
1376/1424 [===========================>..] - ETA: 0s - loss: 0.5431 - acc: 0.7856
1408/1424 [============================>.] - ETA: 0s - loss: 0.5400 - acc: 0.7869
1424/1424 [==============================] - 15s 11ms/step - loss: 0.5397 - acc: 0.7865 - val_loss: 0.4830 - val_acc: 0.7994
Epoch 21/1000

  32/1424 [..............................] - ETA: 12s - loss: 0.4599 - acc: 0.7812
  64/1424 [>.............................] - ETA: 12s - loss: 0.4988 - acc: 0.7812
  96/1424 [=>............................] - ETA: 11s - loss: 0.5178 - acc: 0.7604
 128/1424 [=>............................] - ETA: 11s - loss: 0.5009 - acc: 0.7578
 160/1424 [==>...........................] - ETA: 11s - loss: 0.4838 - acc: 0.7812
 192/1424 [===>..........................] - ETA: 10s - loss: 0.4701 - acc: 0.7917
 224/1424 [===>..........................] - ETA: 10s - loss: 0.4667 - acc: 0.7902
 256/1424 [====>.........................] - ETA: 10s - loss: 0.4818 - acc: 0.7812
 288/1424 [=====>........................] - ETA: 10s - loss: 0.4804 - acc: 0.7778
 320/1424 [=====>........................] - ETA: 9s - loss: 0.5736 - acc: 0.7781 
 352/1424 [======>.......................] - ETA: 9s - loss: 0.5605 - acc: 0.7756
 384/1424 [=======>......................] - ETA: 9s - loss: 0.6410 - acc: 0.7656
 416/1424 [=======>......................] - ETA: 8s - loss: 0.6272 - acc: 0.7644
 448/1424 [========>.....................] - ETA: 8s - loss: 0.7227 - acc: 0.7589
 480/1424 [=========>....................] - ETA: 8s - loss: 0.6991 - acc: 0.7667
 512/1424 [=========>....................] - ETA: 8s - loss: 0.6845 - acc: 0.7715
 544/1424 [==========>...................] - ETA: 7s - loss: 0.6766 - acc: 0.7665
 576/1424 [===========>..................] - ETA: 7s - loss: 0.6651 - acc: 0.7691
 608/1424 [===========>..................] - ETA: 7s - loss: 0.6509 - acc: 0.7714
 640/1424 [============>.................] - ETA: 6s - loss: 0.6859 - acc: 0.7781
 672/1424 [=============>................] - ETA: 6s - loss: 0.6723 - acc: 0.7798
 704/1424 [=============>................] - ETA: 6s - loss: 0.6843 - acc: 0.7812
 736/1424 [==============>...............] - ETA: 6s - loss: 0.6801 - acc: 0.7799
 768/1424 [===============>..............] - ETA: 5s - loss: 0.6695 - acc: 0.7839
 800/1424 [===============>..............] - ETA: 5s - loss: 0.6602 - acc: 0.7850
 832/1424 [================>.............] - ETA: 5s - loss: 0.6554 - acc: 0.7873
 864/1424 [=================>............] - ETA: 4s - loss: 0.6631 - acc: 0.7882
 896/1424 [=================>............] - ETA: 4s - loss: 0.6588 - acc: 0.7902
 928/1424 [==================>...........] - ETA: 4s - loss: 0.6514 - acc: 0.7899
 960/1424 [===================>..........] - ETA: 4s - loss: 0.6455 - acc: 0.7906
 992/1424 [===================>..........] - ETA: 3s - loss: 0.6545 - acc: 0.7913
1024/1424 [====================>.........] - ETA: 3s - loss: 0.6426 - acc: 0.7959
1056/1424 [=====================>........] - ETA: 3s - loss: 0.6320 - acc: 0.8002
1088/1424 [=====================>........] - ETA: 2s - loss: 0.6271 - acc: 0.7987
1120/1424 [======================>.......] - ETA: 2s - loss: 0.6200 - acc: 0.8000
1152/1424 [=======================>......] - ETA: 2s - loss: 0.6156 - acc: 0.7995
1184/1424 [=======================>......] - ETA: 2s - loss: 0.6136 - acc: 0.7973
1216/1424 [========================>.....] - ETA: 1s - loss: 0.6198 - acc: 0.7985
1248/1424 [=========================>....] - ETA: 1s - loss: 0.6142 - acc: 0.7981
1280/1424 [=========================>....] - ETA: 1s - loss: 0.6102 - acc: 0.7977
1312/1424 [==========================>...] - ETA: 0s - loss: 0.6057 - acc: 0.7965
1344/1424 [===========================>..] - ETA: 0s - loss: 0.6065 - acc: 0.7961
1376/1424 [===========================>..] - ETA: 0s - loss: 0.6056 - acc: 0.7972
1408/1424 [============================>.] - ETA: 0s - loss: 0.6006 - acc: 0.7955
1424/1424 [==============================] - 15s 11ms/step - loss: 0.5968 - acc: 0.7971 - val_loss: 0.3980 - val_acc: 0.8404
Epoch 22/1000

  32/1424 [..............................] - ETA: 12s - loss: 0.4397 - acc: 0.7188
  64/1424 [>.............................] - ETA: 12s - loss: 0.3521 - acc: 0.8281
  96/1424 [=>............................] - ETA: 11s - loss: 0.5229 - acc: 0.8125
 128/1424 [=>............................] - ETA: 11s - loss: 0.5145 - acc: 0.7969
 160/1424 [==>...........................] - ETA: 11s - loss: 0.5948 - acc: 0.8000
 192/1424 [===>..........................] - ETA: 10s - loss: 0.6339 - acc: 0.8073
 224/1424 [===>..........................] - ETA: 10s - loss: 0.5944 - acc: 0.8170
 256/1424 [====>.........................] - ETA: 10s - loss: 0.5815 - acc: 0.8164
 288/1424 [=====>........................] - ETA: 10s - loss: 0.6149 - acc: 0.8194
 320/1424 [=====>........................] - ETA: 9s - loss: 0.6103 - acc: 0.8156 
 352/1424 [======>.......................] - ETA: 9s - loss: 0.6130 - acc: 0.8040
 384/1424 [=======>......................] - ETA: 9s - loss: 0.6011 - acc: 0.7995
 416/1424 [=======>......................] - ETA: 8s - loss: 0.5980 - acc: 0.7957
 448/1424 [========>.....................] - ETA: 8s - loss: 0.5962 - acc: 0.7879
 480/1424 [=========>....................] - ETA: 8s - loss: 0.5816 - acc: 0.7958
 512/1424 [=========>....................] - ETA: 8s - loss: 0.5678 - acc: 0.8027
 544/1424 [==========>...................] - ETA: 7s - loss: 0.5571 - acc: 0.8051
 576/1424 [===========>..................] - ETA: 7s - loss: 0.5777 - acc: 0.8056
 608/1424 [===========>..................] - ETA: 7s - loss: 0.5725 - acc: 0.8043
 640/1424 [============>.................] - ETA: 6s - loss: 0.5640 - acc: 0.8031
 672/1424 [=============>................] - ETA: 6s - loss: 0.5623 - acc: 0.8006
 704/1424 [=============>................] - ETA: 6s - loss: 0.5543 - acc: 0.8068
 736/1424 [==============>...............] - ETA: 6s - loss: 0.5529 - acc: 0.8084
 768/1424 [===============>..............] - ETA: 5s - loss: 0.5457 - acc: 0.8099
 800/1424 [===============>..............] - ETA: 5s - loss: 0.5449 - acc: 0.8075
 832/1424 [================>.............] - ETA: 5s - loss: 0.5433 - acc: 0.8041
 864/1424 [=================>............] - ETA: 4s - loss: 0.5403 - acc: 0.8021
 896/1424 [=================>............] - ETA: 4s - loss: 0.5372 - acc: 0.8025
 928/1424 [==================>...........] - ETA: 4s - loss: 0.5355 - acc: 0.8028
 960/1424 [===================>..........] - ETA: 4s - loss: 0.5468 - acc: 0.8042
 992/1424 [===================>..........] - ETA: 3s - loss: 0.5440 - acc: 0.8034
1024/1424 [====================>.........] - ETA: 3s - loss: 0.5592 - acc: 0.7998
1056/1424 [=====================>........] - ETA: 3s - loss: 0.5521 - acc: 0.8030
1088/1424 [=====================>........] - ETA: 2s - loss: 0.5477 - acc: 0.8033
1120/1424 [======================>.......] - ETA: 2s - loss: 0.5436 - acc: 0.8036
1152/1424 [=======================>......] - ETA: 2s - loss: 0.5374 - acc: 0.8073
1184/1424 [=======================>......] - ETA: 2s - loss: 0.5416 - acc: 0.8057
1216/1424 [========================>.....] - ETA: 1s - loss: 0.5451 - acc: 0.8002
1248/1424 [=========================>....] - ETA: 1s - loss: 0.5433 - acc: 0.8005
1280/1424 [=========================>....] - ETA: 1s - loss: 0.5361 - acc: 0.8023
1312/1424 [==========================>...] - ETA: 0s - loss: 0.5324 - acc: 0.8034
1344/1424 [===========================>..] - ETA: 0s - loss: 0.5293 - acc: 0.8051
1376/1424 [===========================>..] - ETA: 0s - loss: 0.5277 - acc: 0.8038
1408/1424 [============================>.] - ETA: 0s - loss: 0.5253 - acc: 0.8061
1424/1424 [==============================] - 15s 11ms/step - loss: 0.5254 - acc: 0.8062 - val_loss: 0.4183 - val_acc: 0.8446
Epoch 23/1000

  32/1424 [..............................] - ETA: 12s - loss: 0.4051 - acc: 0.8125
  64/1424 [>.............................] - ETA: 12s - loss: 0.4144 - acc: 0.8281
  96/1424 [=>............................] - ETA: 11s - loss: 0.4248 - acc: 0.8125
 128/1424 [=>............................] - ETA: 11s - loss: 0.4079 - acc: 0.8203
 160/1424 [==>...........................] - ETA: 11s - loss: 0.4226 - acc: 0.8250
 192/1424 [===>..........................] - ETA: 10s - loss: 0.4446 - acc: 0.8125
 224/1424 [===>..........................] - ETA: 10s - loss: 0.4269 - acc: 0.8304
 256/1424 [====>.........................] - ETA: 10s - loss: 0.4519 - acc: 0.8164
 288/1424 [=====>........................] - ETA: 10s - loss: 0.4492 - acc: 0.8125
 320/1424 [=====>........................] - ETA: 9s - loss: 0.4360 - acc: 0.8250 
 352/1424 [======>.......................] - ETA: 9s - loss: 0.4390 - acc: 0.8239
 384/1424 [=======>......................] - ETA: 9s - loss: 0.4503 - acc: 0.8151
 416/1424 [=======>......................] - ETA: 8s - loss: 0.4402 - acc: 0.8245
 448/1424 [========>.....................] - ETA: 8s - loss: 0.4365 - acc: 0.8259
 480/1424 [=========>....................] - ETA: 8s - loss: 0.4415 - acc: 0.8187
 512/1424 [=========>....................] - ETA: 8s - loss: 0.4357 - acc: 0.8242
 544/1424 [==========>...................] - ETA: 7s - loss: 0.4397 - acc: 0.8162
 576/1424 [===========>..................] - ETA: 7s - loss: 0.4423 - acc: 0.8177
 608/1424 [===========>..................] - ETA: 7s - loss: 0.4390 - acc: 0.8207
 640/1424 [============>.................] - ETA: 6s - loss: 0.4371 - acc: 0.8219
 672/1424 [=============>................] - ETA: 6s - loss: 0.4337 - acc: 0.8244
 704/1424 [=============>................] - ETA: 6s - loss: 0.4388 - acc: 0.8239
 736/1424 [==============>...............] - ETA: 6s - loss: 0.4385 - acc: 0.8220
 768/1424 [===============>..............] - ETA: 5s - loss: 0.4352 - acc: 0.8242
 800/1424 [===============>..............] - ETA: 5s - loss: 0.4288 - acc: 0.8275
 832/1424 [================>.............] - ETA: 5s - loss: 0.4297 - acc: 0.8269
 864/1424 [=================>............] - ETA: 4s - loss: 0.4305 - acc: 0.8264
 896/1424 [=================>............] - ETA: 4s - loss: 0.4475 - acc: 0.8248
 928/1424 [==================>...........] - ETA: 4s - loss: 0.4464 - acc: 0.8244
 960/1424 [===================>..........] - ETA: 4s - loss: 0.4484 - acc: 0.8229
 992/1424 [===================>..........] - ETA: 3s - loss: 0.4484 - acc: 0.8226
1024/1424 [====================>.........] - ETA: 3s - loss: 0.4424 - acc: 0.8262
1056/1424 [=====================>........] - ETA: 3s - loss: 0.4446 - acc: 0.8267
1088/1424 [=====================>........] - ETA: 2s - loss: 0.4404 - acc: 0.8290
1120/1424 [======================>.......] - ETA: 2s - loss: 0.4412 - acc: 0.8286
1152/1424 [=======================>......] - ETA: 2s - loss: 0.4349 - acc: 0.8316
1184/1424 [=======================>......] - ETA: 2s - loss: 0.4356 - acc: 0.8302
1216/1424 [========================>.....] - ETA: 1s - loss: 0.4349 - acc: 0.8289
1248/1424 [=========================>....] - ETA: 1s - loss: 0.4324 - acc: 0.8293
1280/1424 [=========================>....] - ETA: 1s - loss: 0.4339 - acc: 0.8266
1312/1424 [==========================>...] - ETA: 0s - loss: 0.4428 - acc: 0.8285
1344/1424 [===========================>..] - ETA: 0s - loss: 0.4382 - acc: 0.8304
1376/1424 [===========================>..] - ETA: 0s - loss: 0.4382 - acc: 0.8299
1408/1424 [============================>.] - ETA: 0s - loss: 0.4341 - acc: 0.8310
1424/1424 [==============================] - 15s 11ms/step - loss: 0.4370 - acc: 0.8287 - val_loss: 0.4874 - val_acc: 0.8545

  32/1424 [..............................] - ETA: 4s
  64/1424 [>.............................] - ETA: 4s
  96/1424 [=>............................] - ETA: 4s
 128/1424 [=>............................] - ETA: 4s
 160/1424 [==>...........................] - ETA: 4s
 192/1424 [===>..........................] - ETA: 4s
 224/1424 [===>..........................] - ETA: 4s
 256/1424 [====>.........................] - ETA: 4s
 288/1424 [=====>........................] - ETA: 4s
 320/1424 [=====>........................] - ETA: 3s
 352/1424 [======>.......................] - ETA: 3s
 384/1424 [=======>......................] - ETA: 3s
 416/1424 [=======>......................] - ETA: 3s
 448/1424 [========>.....................] - ETA: 3s
 480/1424 [=========>....................] - ETA: 3s
 512/1424 [=========>....................] - ETA: 3s
 544/1424 [==========>...................] - ETA: 3s
 576/1424 [===========>..................] - ETA: 2s
 608/1424 [===========>..................] - ETA: 2s
 640/1424 [============>.................] - ETA: 2s
 672/1424 [=============>................] - ETA: 2s
 704/1424 [=============>................] - ETA: 2s
 736/1424 [==============>...............] - ETA: 2s
 768/1424 [===============>..............] - ETA: 2s
 800/1424 [===============>..............] - ETA: 2s
 832/1424 [================>.............] - ETA: 2s
 864/1424 [=================>............] - ETA: 1s
 896/1424 [=================>............] - ETA: 1s
 928/1424 [==================>...........] - ETA: 1s
 960/1424 [===================>..........] - ETA: 1s
 992/1424 [===================>..........] - ETA: 1s
1024/1424 [====================>.........] - ETA: 1s
1056/1424 [=====================>........] - ETA: 1s
1088/1424 [=====================>........] - ETA: 1s
1120/1424 [======================>.......] - ETA: 1s
1152/1424 [=======================>......] - ETA: 0s
1184/1424 [=======================>......] - ETA: 0s
1216/1424 [========================>.....] - ETA: 0s
1248/1424 [=========================>....] - ETA: 0s
1280/1424 [=========================>....] - ETA: 0s
1312/1424 [==========================>...] - ETA: 0s
1344/1424 [===========================>..] - ETA: 0s
1376/1424 [===========================>..] - ETA: 0s
1408/1424 [============================>.] - ETA: 0s
1424/1424 [==============================] - 5s 4ms/step
Test acc: 0.8476123595505618
Test auc: 0.9181605857846232
Test mcc: 0.697158896907489
Execute epoch: 23
Execute time: 359.123414516449
