_________________________________________________________________
Layer (type)                 Output Shape              Param #   
=================================================================
embedding_1 (Embedding)      (None, None, 128)         2688      
_________________________________________________________________
lstm_1 (LSTM)                (None, None, 64)          49408     
_________________________________________________________________
lstm_2 (LSTM)                (None, None, 64)          33024     
_________________________________________________________________
lstm_3 (LSTM)                (None, 64)                33024     
_________________________________________________________________
dense_1 (Dense)              (None, 16)                1040      
_________________________________________________________________
dense_2 (Dense)              (None, 1)                 17        
=================================================================
Total params: 119,201
Trainable params: 119,201
Non-trainable params: 0
_________________________________________________________________
Train on 1424 samples, validate on 708 samples
Epoch 1/1000

  32/1424 [..............................] - ETA: 2:31 - loss: 0.6932 - acc: 0.5000
  64/1424 [>.............................] - ETA: 1:21 - loss: 0.6931 - acc: 0.5469
  96/1424 [=>............................] - ETA: 57s - loss: 0.6928 - acc: 0.5729 
 128/1424 [=>............................] - ETA: 45s - loss: 0.6930 - acc: 0.5469
 160/1424 [==>...........................] - ETA: 38s - loss: 0.6924 - acc: 0.5687
 192/1424 [===>..........................] - ETA: 33s - loss: 0.6922 - acc: 0.5677
 224/1424 [===>..........................] - ETA: 29s - loss: 0.6920 - acc: 0.5670
 256/1424 [====>.........................] - ETA: 26s - loss: 0.6920 - acc: 0.5625
 288/1424 [=====>........................] - ETA: 24s - loss: 0.6928 - acc: 0.5417
 320/1424 [=====>........................] - ETA: 22s - loss: 0.6930 - acc: 0.5344
 352/1424 [======>.......................] - ETA: 21s - loss: 0.6937 - acc: 0.5170
 384/1424 [=======>......................] - ETA: 19s - loss: 0.6933 - acc: 0.5208
 416/1424 [=======>......................] - ETA: 18s - loss: 0.6930 - acc: 0.5240
 448/1424 [========>.....................] - ETA: 17s - loss: 0.6932 - acc: 0.5179
 480/1424 [=========>....................] - ETA: 16s - loss: 0.6928 - acc: 0.5229
 512/1424 [=========>....................] - ETA: 15s - loss: 0.6931 - acc: 0.5176
 544/1424 [==========>...................] - ETA: 14s - loss: 0.6930 - acc: 0.5165
 576/1424 [===========>..................] - ETA: 13s - loss: 0.6931 - acc: 0.5122
 608/1424 [===========>..................] - ETA: 12s - loss: 0.6929 - acc: 0.5132
 640/1424 [============>.................] - ETA: 12s - loss: 0.6928 - acc: 0.5156
 672/1424 [=============>................] - ETA: 11s - loss: 0.6927 - acc: 0.5134
 704/1424 [=============>................] - ETA: 10s - loss: 0.6925 - acc: 0.5128
 736/1424 [==============>...............] - ETA: 10s - loss: 0.6925 - acc: 0.5109
 768/1424 [===============>..............] - ETA: 9s - loss: 0.6924 - acc: 0.5104 
 800/1424 [===============>..............] - ETA: 9s - loss: 0.6921 - acc: 0.5100
 832/1424 [================>.............] - ETA: 8s - loss: 0.6920 - acc: 0.5084
 864/1424 [=================>............] - ETA: 8s - loss: 0.6917 - acc: 0.5104
 896/1424 [=================>............] - ETA: 7s - loss: 0.6914 - acc: 0.5089
 928/1424 [==================>...........] - ETA: 6s - loss: 0.6913 - acc: 0.5075
 960/1424 [===================>..........] - ETA: 6s - loss: 0.6910 - acc: 0.5052
 992/1424 [===================>..........] - ETA: 5s - loss: 0.6908 - acc: 0.5020
1024/1424 [====================>.........] - ETA: 5s - loss: 0.6900 - acc: 0.5029
1056/1424 [=====================>........] - ETA: 5s - loss: 0.6897 - acc: 0.4972
1088/1424 [=====================>........] - ETA: 4s - loss: 0.6885 - acc: 0.4991
1120/1424 [======================>.......] - ETA: 4s - loss: 0.6872 - acc: 0.5018
1152/1424 [=======================>......] - ETA: 3s - loss: 0.6851 - acc: 0.5043
1184/1424 [=======================>......] - ETA: 3s - loss: 0.6810 - acc: 0.5068
1216/1424 [========================>.....] - ETA: 2s - loss: 0.6824 - acc: 0.5082
1248/1424 [=========================>....] - ETA: 2s - loss: 0.6827 - acc: 0.5096
1280/1424 [=========================>....] - ETA: 1s - loss: 0.6816 - acc: 0.5141
1312/1424 [==========================>...] - ETA: 1s - loss: 0.6803 - acc: 0.5198
1344/1424 [===========================>..] - ETA: 1s - loss: 0.6803 - acc: 0.5231
1376/1424 [===========================>..] - ETA: 0s - loss: 0.6791 - acc: 0.5283
1408/1424 [============================>.] - ETA: 0s - loss: 0.6785 - acc: 0.5334
1424/1424 [==============================] - 21s 15ms/step - loss: 0.6784 - acc: 0.5351 - val_loss: 0.6611 - val_acc: 0.7669
Epoch 2/1000

  32/1424 [..............................] - ETA: 14s - loss: 0.6831 - acc: 0.6562
  64/1424 [>.............................] - ETA: 14s - loss: 0.6655 - acc: 0.6875
  96/1424 [=>............................] - ETA: 14s - loss: 0.6704 - acc: 0.6771
 128/1424 [=>............................] - ETA: 13s - loss: 0.6585 - acc: 0.7109
 160/1424 [==>...........................] - ETA: 13s - loss: 0.6613 - acc: 0.7125
 192/1424 [===>..........................] - ETA: 13s - loss: 0.6526 - acc: 0.7500
 224/1424 [===>..........................] - ETA: 12s - loss: 0.6460 - acc: 0.7634
 256/1424 [====>.........................] - ETA: 12s - loss: 0.6407 - acc: 0.7422
 288/1424 [=====>........................] - ETA: 12s - loss: 0.6321 - acc: 0.7326
 320/1424 [=====>........................] - ETA: 11s - loss: 0.6247 - acc: 0.7188
 352/1424 [======>.......................] - ETA: 11s - loss: 0.6671 - acc: 0.6989
 384/1424 [=======>......................] - ETA: 11s - loss: 0.7031 - acc: 0.6797
 416/1424 [=======>......................] - ETA: 10s - loss: 0.7309 - acc: 0.6683
 448/1424 [========>.....................] - ETA: 10s - loss: 0.7881 - acc: 0.6607
 480/1424 [=========>....................] - ETA: 10s - loss: 0.7782 - acc: 0.6521
 512/1424 [=========>....................] - ETA: 9s - loss: 0.7883 - acc: 0.6543 
 544/1424 [==========>...................] - ETA: 9s - loss: 0.7709 - acc: 0.6691
 576/1424 [===========>..................] - ETA: 9s - loss: 0.7611 - acc: 0.6719
 608/1424 [===========>..................] - ETA: 8s - loss: 0.7740 - acc: 0.6809
 640/1424 [============>.................] - ETA: 8s - loss: 0.7634 - acc: 0.6922
 672/1424 [=============>................] - ETA: 8s - loss: 0.7539 - acc: 0.6935
 704/1424 [=============>................] - ETA: 7s - loss: 0.7427 - acc: 0.7031
 736/1424 [==============>...............] - ETA: 7s - loss: 0.7319 - acc: 0.7106
 768/1424 [===============>..............] - ETA: 6s - loss: 0.7673 - acc: 0.7057
 800/1424 [===============>..............] - ETA: 6s - loss: 0.7575 - acc: 0.7100
 832/1424 [================>.............] - ETA: 6s - loss: 0.7483 - acc: 0.7127
 864/1424 [=================>............] - ETA: 5s - loss: 0.7322 - acc: 0.7188
 896/1424 [=================>............] - ETA: 5s - loss: 0.7211 - acc: 0.7176
 928/1424 [==================>...........] - ETA: 5s - loss: 0.7122 - acc: 0.7166
 960/1424 [===================>..........] - ETA: 4s - loss: 0.7383 - acc: 0.7125
 992/1424 [===================>..........] - ETA: 4s - loss: 0.7605 - acc: 0.7097
1024/1424 [====================>.........] - ETA: 4s - loss: 0.8324 - acc: 0.7021
1056/1424 [=====================>........] - ETA: 3s - loss: 0.8241 - acc: 0.6998
1088/1424 [=====================>........] - ETA: 3s - loss: 0.8327 - acc: 0.6985
1120/1424 [======================>.......] - ETA: 3s - loss: 0.8661 - acc: 0.6955
1152/1424 [=======================>......] - ETA: 2s - loss: 0.8573 - acc: 0.6936
1184/1424 [=======================>......] - ETA: 2s - loss: 0.8634 - acc: 0.6900
1216/1424 [========================>.....] - ETA: 2s - loss: 0.8540 - acc: 0.6916
1248/1424 [=========================>....] - ETA: 1s - loss: 0.8698 - acc: 0.6891
1280/1424 [=========================>....] - ETA: 1s - loss: 0.8760 - acc: 0.6875
1312/1424 [==========================>...] - ETA: 1s - loss: 0.8807 - acc: 0.6883
1344/1424 [===========================>..] - ETA: 0s - loss: 0.8729 - acc: 0.6882
1376/1424 [===========================>..] - ETA: 0s - loss: 0.8672 - acc: 0.6882
1408/1424 [============================>.] - ETA: 0s - loss: 0.8621 - acc: 0.6861
1424/1424 [==============================] - 18s 13ms/step - loss: 0.8706 - acc: 0.6854 - val_loss: 0.5951 - val_acc: 0.8136
Epoch 3/1000

  32/1424 [..............................] - ETA: 14s - loss: 0.6190 - acc: 0.7812
  64/1424 [>.............................] - ETA: 14s - loss: 0.6014 - acc: 0.7812
  96/1424 [=>............................] - ETA: 14s - loss: 0.6154 - acc: 0.7604
 128/1424 [=>............................] - ETA: 13s - loss: 0.5943 - acc: 0.7734
 160/1424 [==>...........................] - ETA: 13s - loss: 0.6007 - acc: 0.7562
 192/1424 [===>..........................] - ETA: 13s - loss: 0.6002 - acc: 0.7656
 224/1424 [===>..........................] - ETA: 12s - loss: 0.6025 - acc: 0.7634
 256/1424 [====>.........................] - ETA: 12s - loss: 0.6008 - acc: 0.7578
 288/1424 [=====>........................] - ETA: 12s - loss: 0.5958 - acc: 0.7500
 320/1424 [=====>........................] - ETA: 11s - loss: 0.6889 - acc: 0.7469
 352/1424 [======>.......................] - ETA: 11s - loss: 0.6766 - acc: 0.7528
 384/1424 [=======>......................] - ETA: 11s - loss: 0.6619 - acc: 0.7630
 416/1424 [=======>......................] - ETA: 10s - loss: 0.6554 - acc: 0.7620
 448/1424 [========>.....................] - ETA: 10s - loss: 0.6478 - acc: 0.7589
 480/1424 [=========>....................] - ETA: 10s - loss: 0.6458 - acc: 0.7542
 512/1424 [=========>....................] - ETA: 9s - loss: 0.6386 - acc: 0.7598 
 544/1424 [==========>...................] - ETA: 9s - loss: 0.6329 - acc: 0.7610
 576/1424 [===========>..................] - ETA: 9s - loss: 0.6353 - acc: 0.7587
 608/1424 [===========>..................] - ETA: 8s - loss: 0.6350 - acc: 0.7582
 640/1424 [============>.................] - ETA: 8s - loss: 0.6317 - acc: 0.7562
 672/1424 [=============>................] - ETA: 8s - loss: 0.6342 - acc: 0.7574
 704/1424 [=============>................] - ETA: 7s - loss: 0.6329 - acc: 0.7599
 736/1424 [==============>...............] - ETA: 7s - loss: 0.6287 - acc: 0.7595
 768/1424 [===============>..............] - ETA: 6s - loss: 0.6245 - acc: 0.7604
 800/1424 [===============>..............] - ETA: 6s - loss: 0.6221 - acc: 0.7650
 832/1424 [================>.............] - ETA: 6s - loss: 0.6203 - acc: 0.7644
 864/1424 [=================>............] - ETA: 5s - loss: 0.6180 - acc: 0.7674
 896/1424 [=================>............] - ETA: 5s - loss: 0.6319 - acc: 0.7723
 928/1424 [==================>...........] - ETA: 5s - loss: 0.6287 - acc: 0.7759
 960/1424 [===================>..........] - ETA: 4s - loss: 0.6256 - acc: 0.7771
 992/1424 [===================>..........] - ETA: 4s - loss: 0.6259 - acc: 0.7772
1024/1424 [====================>.........] - ETA: 4s - loss: 0.6255 - acc: 0.7773
1056/1424 [=====================>........] - ETA: 3s - loss: 0.6255 - acc: 0.7756
1088/1424 [=====================>........] - ETA: 3s - loss: 0.6229 - acc: 0.7767
1120/1424 [======================>.......] - ETA: 3s - loss: 0.6224 - acc: 0.7750
1152/1424 [=======================>......] - ETA: 2s - loss: 0.6231 - acc: 0.7717
1184/1424 [=======================>......] - ETA: 2s - loss: 0.6204 - acc: 0.7745
1216/1424 [========================>.....] - ETA: 2s - loss: 0.6193 - acc: 0.7755
1248/1424 [=========================>....] - ETA: 1s - loss: 0.6183 - acc: 0.7708
1280/1424 [=========================>....] - ETA: 1s - loss: 0.6146 - acc: 0.7727
1312/1424 [==========================>...] - ETA: 1s - loss: 0.6122 - acc: 0.7736
1344/1424 [===========================>..] - ETA: 0s - loss: 0.6121 - acc: 0.7731
1376/1424 [===========================>..] - ETA: 0s - loss: 0.6086 - acc: 0.7733
1408/1424 [============================>.] - ETA: 0s - loss: 0.6069 - acc: 0.7734
1424/1424 [==============================] - 18s 13ms/step - loss: 0.6056 - acc: 0.7739 - val_loss: 0.5214 - val_acc: 0.8051
Epoch 4/1000

  32/1424 [..............................] - ETA: 14s - loss: 0.5391 - acc: 0.7188
  64/1424 [>.............................] - ETA: 14s - loss: 0.5182 - acc: 0.7500
  96/1424 [=>............................] - ETA: 14s - loss: 0.5387 - acc: 0.7604
 128/1424 [=>............................] - ETA: 13s - loss: 0.5481 - acc: 0.7656
 160/1424 [==>...........................] - ETA: 13s - loss: 0.5241 - acc: 0.7812
 192/1424 [===>..........................] - ETA: 13s - loss: 0.6021 - acc: 0.7760
 224/1424 [===>..........................] - ETA: 12s - loss: 0.5749 - acc: 0.7857
 256/1424 [====>.........................] - ETA: 12s - loss: 0.5508 - acc: 0.7852
 288/1424 [=====>........................] - ETA: 12s - loss: 0.5457 - acc: 0.7743
 320/1424 [=====>........................] - ETA: 11s - loss: 0.7880 - acc: 0.7562
 352/1424 [======>.......................] - ETA: 11s - loss: 0.8456 - acc: 0.7443
 384/1424 [=======>......................] - ETA: 11s - loss: 1.0009 - acc: 0.7318
 416/1424 [=======>......................] - ETA: 10s - loss: 1.0928 - acc: 0.7236
 448/1424 [========>.....................] - ETA: 10s - loss: 1.1749 - acc: 0.7210
 480/1424 [=========>....................] - ETA: 10s - loss: 1.3631 - acc: 0.7021
 512/1424 [=========>....................] - ETA: 9s - loss: 1.4998 - acc: 0.6875 
 544/1424 [==========>...................] - ETA: 9s - loss: 1.7341 - acc: 0.6765
 576/1424 [===========>..................] - ETA: 9s - loss: 1.8716 - acc: 0.6615
 608/1424 [===========>..................] - ETA: 8s - loss: 2.0081 - acc: 0.6480
 640/1424 [============>.................] - ETA: 8s - loss: 2.0438 - acc: 0.6422
 672/1424 [=============>................] - ETA: 8s - loss: 2.1181 - acc: 0.6354
 704/1424 [=============>................] - ETA: 7s - loss: 2.2112 - acc: 0.6307
 736/1424 [==============>...............] - ETA: 7s - loss: 2.2407 - acc: 0.6318
 768/1424 [===============>..............] - ETA: 6s - loss: 2.3054 - acc: 0.6276
 800/1424 [===============>..............] - ETA: 6s - loss: 2.3087 - acc: 0.6275
 832/1424 [================>.............] - ETA: 6s - loss: 2.3616 - acc: 0.6190
 864/1424 [=================>............] - ETA: 5s - loss: 2.3612 - acc: 0.6157
 896/1424 [=================>............] - ETA: 5s - loss: 2.3981 - acc: 0.6127
 928/1424 [==================>...........] - ETA: 5s - loss: 2.4186 - acc: 0.6088
 960/1424 [===================>..........] - ETA: 4s - loss: 2.4168 - acc: 0.6115
 992/1424 [===================>..........] - ETA: 4s - loss: 2.4366 - acc: 0.6119
1024/1424 [====================>.........] - ETA: 4s - loss: 2.4536 - acc: 0.6084
1056/1424 [=====================>........] - ETA: 3s - loss: 2.4899 - acc: 0.6051
1088/1424 [=====================>........] - ETA: 3s - loss: 2.5383 - acc: 0.6039
1120/1424 [======================>.......] - ETA: 3s - loss: 2.5852 - acc: 0.6018
1152/1424 [=======================>......] - ETA: 2s - loss: 2.6852 - acc: 0.5972
1184/1424 [=======================>......] - ETA: 2s - loss: 2.6982 - acc: 0.5988
1216/1424 [========================>.....] - ETA: 2s - loss: 2.7045 - acc: 0.5979
1248/1424 [=========================>....] - ETA: 1s - loss: 2.6826 - acc: 0.5986
1280/1424 [=========================>....] - ETA: 1s - loss: 2.7035 - acc: 0.5953
1312/1424 [==========================>...] - ETA: 1s - loss: 2.7576 - acc: 0.5945
1344/1424 [===========================>..] - ETA: 0s - loss: 2.7989 - acc: 0.5923
1376/1424 [===========================>..] - ETA: 0s - loss: 2.8406 - acc: 0.5894
1408/1424 [============================>.] - ETA: 0s - loss: 2.8243 - acc: 0.5902
1424/1424 [==============================] - 18s 13ms/step - loss: 2.8365 - acc: 0.5920 - val_loss: 3.8111 - val_acc: 0.5226
Epoch 5/1000

  32/1424 [..............................] - ETA: 14s - loss: 1.4677 - acc: 0.6250
  64/1424 [>.............................] - ETA: 14s - loss: 2.3494 - acc: 0.6406
  96/1424 [=>............................] - ETA: 14s - loss: 2.5667 - acc: 0.6458
 128/1424 [=>............................] - ETA: 13s - loss: 2.6816 - acc: 0.6484
 160/1424 [==>...........................] - ETA: 13s - loss: 2.7391 - acc: 0.6188
 192/1424 [===>..........................] - ETA: 13s - loss: 2.5526 - acc: 0.6406
 224/1424 [===>..........................] - ETA: 12s - loss: 2.7295 - acc: 0.6473
 256/1424 [====>.........................] - ETA: 12s - loss: 2.6362 - acc: 0.6680
 288/1424 [=====>........................] - ETA: 12s - loss: 2.9929 - acc: 0.6458
 320/1424 [=====>........................] - ETA: 11s - loss: 2.9461 - acc: 0.6438
 352/1424 [======>.......................] - ETA: 11s - loss: 3.0278 - acc: 0.6364
 384/1424 [=======>......................] - ETA: 11s - loss: 2.9854 - acc: 0.6380
 416/1424 [=======>......................] - ETA: 10s - loss: 3.0474 - acc: 0.6370
 448/1424 [========>.....................] - ETA: 10s - loss: 3.0618 - acc: 0.6473
 480/1424 [=========>....................] - ETA: 10s - loss: 2.9590 - acc: 0.6500
 512/1424 [=========>....................] - ETA: 9s - loss: 3.0457 - acc: 0.6445 
 544/1424 [==========>...................] - ETA: 9s - loss: 3.0401 - acc: 0.6434
 576/1424 [===========>..................] - ETA: 9s - loss: 2.9858 - acc: 0.6389
 608/1424 [===========>..................] - ETA: 8s - loss: 2.9949 - acc: 0.6365
 640/1424 [============>.................] - ETA: 8s - loss: 3.1263 - acc: 0.6266
 672/1424 [=============>................] - ETA: 8s - loss: 3.1758 - acc: 0.6295
 704/1424 [=============>................] - ETA: 7s - loss: 3.2089 - acc: 0.6264
 736/1424 [==============>...............] - ETA: 7s - loss: 3.2382 - acc: 0.6264
 768/1424 [===============>..............] - ETA: 6s - loss: 3.1752 - acc: 0.6289
 800/1424 [===============>..............] - ETA: 6s - loss: 3.1334 - acc: 0.6325
 832/1424 [================>.............] - ETA: 6s - loss: 3.1251 - acc: 0.6334
 864/1424 [=================>............] - ETA: 5s - loss: 3.1008 - acc: 0.6354
 896/1424 [=================>............] - ETA: 5s - loss: 3.0612 - acc: 0.6350
 928/1424 [==================>...........] - ETA: 5s - loss: 3.0057 - acc: 0.6379
 960/1424 [===================>..........] - ETA: 4s - loss: 2.9319 - acc: 0.6438
 992/1424 [===================>..........] - ETA: 4s - loss: 2.9989 - acc: 0.6391
1024/1424 [====================>.........] - ETA: 4s - loss: 2.9806 - acc: 0.6416
1056/1424 [=====================>........] - ETA: 3s - loss: 2.9494 - acc: 0.6420
1088/1424 [=====================>........] - ETA: 3s - loss: 2.9339 - acc: 0.6434
1120/1424 [======================>.......] - ETA: 3s - loss: 2.9522 - acc: 0.6446
1152/1424 [=======================>......] - ETA: 2s - loss: 2.9240 - acc: 0.6458
1184/1424 [=======================>......] - ETA: 2s - loss: 2.9159 - acc: 0.6436
1216/1424 [========================>.....] - ETA: 2s - loss: 2.8960 - acc: 0.6464
1248/1424 [=========================>....] - ETA: 1s - loss: 2.9682 - acc: 0.6434
1280/1424 [=========================>....] - ETA: 1s - loss: 2.9952 - acc: 0.6430
1312/1424 [==========================>...] - ETA: 1s - loss: 2.9969 - acc: 0.6410
1344/1424 [===========================>..] - ETA: 0s - loss: 3.1180 - acc: 0.6354
1376/1424 [===========================>..] - ETA: 0s - loss: 3.1573 - acc: 0.6352
1408/1424 [============================>.] - ETA: 0s - loss: 3.2064 - acc: 0.6349
1424/1424 [==============================] - 18s 13ms/step - loss: 3.2694 - acc: 0.6320 - val_loss: 7.7148 - val_acc: 0.5212
Epoch 6/1000

  32/1424 [..............................] - ETA: 14s - loss: 7.0064 - acc: 0.5625
  64/1424 [>.............................] - ETA: 14s - loss: 6.4244 - acc: 0.5781
  96/1424 [=>............................] - ETA: 14s - loss: 6.5081 - acc: 0.5729
 128/1424 [=>............................] - ETA: 13s - loss: 6.4550 - acc: 0.5625
 160/1424 [==>...........................] - ETA: 13s - loss: 6.8818 - acc: 0.5375
 192/1424 [===>..........................] - ETA: 13s - loss: 6.9373 - acc: 0.5365
 224/1424 [===>..........................] - ETA: 12s - loss: 7.1766 - acc: 0.5223
 256/1424 [====>.........................] - ETA: 12s - loss: 7.0302 - acc: 0.5352
 288/1424 [=====>........................] - ETA: 12s - loss: 7.2715 - acc: 0.5174
 320/1424 [=====>........................] - ETA: 11s - loss: 7.2440 - acc: 0.5219
 352/1424 [======>.......................] - ETA: 11s - loss: 7.4490 - acc: 0.5114
 384/1424 [=======>......................] - ETA: 11s - loss: 7.7024 - acc: 0.4974
 416/1424 [=======>......................] - ETA: 10s - loss: 7.6500 - acc: 0.5024
 448/1424 [========>.....................] - ETA: 10s - loss: 7.4262 - acc: 0.5179
 480/1424 [=========>....................] - ETA: 10s - loss: 7.4083 - acc: 0.5188
 512/1424 [=========>....................] - ETA: 9s - loss: 7.2917 - acc: 0.5254 
 544/1424 [==========>...................] - ETA: 9s - loss: 7.3043 - acc: 0.5257
 576/1424 [===========>..................] - ETA: 9s - loss: 7.3192 - acc: 0.5243
 608/1424 [===========>..................] - ETA: 8s - loss: 7.3020 - acc: 0.5263
 640/1424 [============>.................] - ETA: 8s - loss: 7.3869 - acc: 0.5219
 672/1424 [=============>................] - ETA: 8s - loss: 7.3923 - acc: 0.5223
 704/1424 [=============>................] - ETA: 7s - loss: 7.4204 - acc: 0.5213
 736/1424 [==============>...............] - ETA: 7s - loss: 7.4467 - acc: 0.5190
 768/1424 [===============>..............] - ETA: 6s - loss: 7.5534 - acc: 0.5130
 800/1424 [===============>..............] - ETA: 6s - loss: 7.5721 - acc: 0.5125
 832/1424 [================>.............] - ETA: 6s - loss: 7.6652 - acc: 0.5072
 864/1424 [=================>............] - ETA: 5s - loss: 7.6385 - acc: 0.5093
 896/1424 [=================>............] - ETA: 5s - loss: 7.7058 - acc: 0.5056
 928/1424 [==================>...........] - ETA: 5s - loss: 7.7162 - acc: 0.5054
 960/1424 [===================>..........] - ETA: 4s - loss: 7.6845 - acc: 0.5073
 992/1424 [===================>..........] - ETA: 4s - loss: 7.6788 - acc: 0.5081
1024/1424 [====================>.........] - ETA: 4s - loss: 7.7197 - acc: 0.5059
1056/1424 [=====================>........] - ETA: 3s - loss: 7.6982 - acc: 0.5076
1088/1424 [=====================>........] - ETA: 3s - loss: 7.6665 - acc: 0.5092
1120/1424 [======================>.......] - ETA: 3s - loss: 7.5935 - acc: 0.5134
1152/1424 [=======================>......] - ETA: 2s - loss: 7.5771 - acc: 0.5148
1184/1424 [=======================>......] - ETA: 2s - loss: 7.5667 - acc: 0.5152
1216/1424 [========================>.....] - ETA: 2s - loss: 7.5928 - acc: 0.5132
1248/1424 [=========================>....] - ETA: 1s - loss: 7.5906 - acc: 0.5136
1280/1424 [=========================>....] - ETA: 1s - loss: 7.6032 - acc: 0.5125
1312/1424 [==========================>...] - ETA: 1s - loss: 7.6304 - acc: 0.5099
1344/1424 [===========================>..] - ETA: 0s - loss: 7.6395 - acc: 0.5097
1376/1424 [===========================>..] - ETA: 0s - loss: 7.6621 - acc: 0.5080
1408/1424 [============================>.] - ETA: 0s - loss: 7.6328 - acc: 0.5092
1424/1424 [==============================] - 18s 13ms/step - loss: 7.6592 - acc: 0.5077 - val_loss: 7.6421 - val_acc: 0.5254
Epoch 7/1000

  32/1424 [..............................] - ETA: 14s - loss: 6.5095 - acc: 0.5938
  64/1424 [>.............................] - ETA: 14s - loss: 6.5882 - acc: 0.5781
  96/1424 [=>............................] - ETA: 14s - loss: 6.3904 - acc: 0.5938
 128/1424 [=>............................] - ETA: 13s - loss: 6.9593 - acc: 0.5547
 160/1424 [==>...........................] - ETA: 13s - loss: 6.8672 - acc: 0.5625
 192/1424 [===>..........................] - ETA: 13s - loss: 7.0696 - acc: 0.5469
 224/1424 [===>..........................] - ETA: 12s - loss: 7.0608 - acc: 0.5491
 256/1424 [====>.........................] - ETA: 12s - loss: 7.3690 - acc: 0.5312
 288/1424 [=====>........................] - ETA: 12s - loss: 7.4487 - acc: 0.5243
 320/1424 [=====>........................] - ETA: 11s - loss: 7.6009 - acc: 0.5156
 352/1424 [======>.......................] - ETA: 11s - loss: 7.5928 - acc: 0.5170
 384/1424 [=======>......................] - ETA: 11s - loss: 7.3784 - acc: 0.5312
 416/1424 [=======>......................] - ETA: 10s - loss: 7.3508 - acc: 0.5337
 448/1424 [========>.....................] - ETA: 10s - loss: 7.2838 - acc: 0.5357
 480/1424 [=========>....................] - ETA: 10s - loss: 7.3661 - acc: 0.5312
 512/1424 [=========>....................] - ETA: 9s - loss: 7.3437 - acc: 0.5332 
 544/1424 [==========>...................] - ETA: 9s - loss: 7.4240 - acc: 0.5276
 576/1424 [===========>..................] - ETA: 9s - loss: 7.2339 - acc: 0.5399
 608/1424 [===========>..................] - ETA: 8s - loss: 7.1958 - acc: 0.5428
 640/1424 [============>.................] - ETA: 8s - loss: 7.2368 - acc: 0.5406
 672/1424 [=============>................] - ETA: 8s - loss: 7.2978 - acc: 0.5372
 704/1424 [=============>................] - ETA: 7s - loss: 7.1983 - acc: 0.5412
 736/1424 [==============>...............] - ETA: 7s - loss: 7.0819 - acc: 0.5489
 768/1424 [===============>..............] - ETA: 6s - loss: 7.1842 - acc: 0.5430
 800/1424 [===============>..............] - ETA: 6s - loss: 7.1581 - acc: 0.5450
 832/1424 [================>.............] - ETA: 6s - loss: 7.2431 - acc: 0.5397
 864/1424 [=================>............] - ETA: 5s - loss: 7.3092 - acc: 0.5359
 896/1424 [=================>............] - ETA: 5s - loss: 7.2451 - acc: 0.5402
 928/1424 [==================>...........] - ETA: 5s - loss: 7.2906 - acc: 0.5366
 960/1424 [===================>..........] - ETA: 4s - loss: 7.2651 - acc: 0.5385
 992/1424 [===================>..........] - ETA: 4s - loss: 7.2285 - acc: 0.5403
1024/1424 [====================>.........] - ETA: 4s - loss: 7.2566 - acc: 0.5381
1056/1424 [=====================>........] - ETA: 3s - loss: 7.2508 - acc: 0.5388
1088/1424 [=====================>........] - ETA: 3s - loss: 7.2441 - acc: 0.5395
1120/1424 [======================>.......] - ETA: 3s - loss: 7.2402 - acc: 0.5393
1152/1424 [=======================>......] - ETA: 2s - loss: 7.2758 - acc: 0.5373
1184/1424 [=======================>......] - ETA: 2s - loss: 7.3231 - acc: 0.5346
1216/1424 [========================>.....] - ETA: 2s - loss: 7.3552 - acc: 0.5329
1248/1424 [=========================>....] - ETA: 1s - loss: 7.3657 - acc: 0.5321
1280/1424 [=========================>....] - ETA: 1s - loss: 7.4076 - acc: 0.5297
1312/1424 [==========================>...] - ETA: 1s - loss: 7.3854 - acc: 0.5312
1344/1424 [===========================>..] - ETA: 0s - loss: 7.4049 - acc: 0.5283
1376/1424 [===========================>..] - ETA: 0s - loss: 7.4149 - acc: 0.5269
1408/1424 [============================>.] - ETA: 0s - loss: 7.3950 - acc: 0.5284
1424/1424 [==============================] - 18s 13ms/step - loss: 7.3572 - acc: 0.5309 - val_loss: 7.9890 - val_acc: 0.5042
Epoch 8/1000

  32/1424 [..............................] - ETA: 14s - loss: 7.1446 - acc: 0.5312
  64/1424 [>.............................] - ETA: 14s - loss: 7.5854 - acc: 0.5156
  96/1424 [=>............................] - ETA: 14s - loss: 8.0644 - acc: 0.4896
 128/1424 [=>............................] - ETA: 13s - loss: 8.0589 - acc: 0.4922
 160/1424 [==>...........................] - ETA: 13s - loss: 8.3535 - acc: 0.4750
 192/1424 [===>..........................] - ETA: 13s - loss: 8.0498 - acc: 0.4948
 224/1424 [===>..........................] - ETA: 12s - loss: 7.9025 - acc: 0.5045
 256/1424 [====>.........................] - ETA: 12s - loss: 7.7441 - acc: 0.5117
 288/1424 [=====>........................] - ETA: 12s - loss: 7.5988 - acc: 0.5174
 320/1424 [=====>........................] - ETA: 11s - loss: 7.4953 - acc: 0.5219
 352/1424 [======>.......................] - ETA: 11s - loss: 7.4535 - acc: 0.5256
 384/1424 [=======>......................] - ETA: 11s - loss: 7.5620 - acc: 0.5130
 416/1424 [=======>......................] - ETA: 10s - loss: 7.7535 - acc: 0.5024
 448/1424 [========>.....................] - ETA: 10s - loss: 7.6298 - acc: 0.5112
 480/1424 [=========>....................] - ETA: 10s - loss: 7.5306 - acc: 0.5167
 512/1424 [=========>....................] - ETA: 9s - loss: 7.4999 - acc: 0.5195 
 544/1424 [==========>...................] - ETA: 9s - loss: 7.5612 - acc: 0.5165
 576/1424 [===========>..................] - ETA: 9s - loss: 7.5602 - acc: 0.5174
 608/1424 [===========>..................] - ETA: 8s - loss: 7.4534 - acc: 0.5247
 640/1424 [============>.................] - ETA: 8s - loss: 7.4577 - acc: 0.5250
 672/1424 [=============>................] - ETA: 8s - loss: 7.4885 - acc: 0.5223
 704/1424 [=============>................] - ETA: 7s - loss: 7.3764 - acc: 0.5298
 736/1424 [==============>...............] - ETA: 7s - loss: 7.3329 - acc: 0.5326
 768/1424 [===============>..............] - ETA: 6s - loss: 7.3627 - acc: 0.5312
 800/1424 [===============>..............] - ETA: 6s - loss: 7.3723 - acc: 0.5300
 832/1424 [================>.............] - ETA: 6s - loss: 7.3612 - acc: 0.5300
 864/1424 [=================>............] - ETA: 5s - loss: 7.3487 - acc: 0.5312
 896/1424 [=================>............] - ETA: 5s - loss: 7.3740 - acc: 0.5301
 928/1424 [==================>...........] - ETA: 5s - loss: 7.4146 - acc: 0.5280
 960/1424 [===================>..........] - ETA: 4s - loss: 7.4185 - acc: 0.5281
 992/1424 [===================>..........] - ETA: 4s - loss: 7.3802 - acc: 0.5302
1024/1424 [====================>.........] - ETA: 4s - loss: 7.3860 - acc: 0.5293
1056/1424 [=====================>........] - ETA: 3s - loss: 7.3144 - acc: 0.5341
1088/1424 [=====================>........] - ETA: 3s - loss: 7.3065 - acc: 0.5349
1120/1424 [======================>.......] - ETA: 3s - loss: 7.3710 - acc: 0.5312
1152/1424 [=======================>......] - ETA: 2s - loss: 7.4454 - acc: 0.5269
1184/1424 [=======================>......] - ETA: 2s - loss: 7.4639 - acc: 0.5253
1216/1424 [========================>.....] - ETA: 2s - loss: 7.4663 - acc: 0.5255
1248/1424 [=========================>....] - ETA: 1s - loss: 7.4943 - acc: 0.5240
1280/1424 [=========================>....] - ETA: 1s - loss: 7.4865 - acc: 0.5242
1312/1424 [==========================>...] - ETA: 1s - loss: 7.4757 - acc: 0.5252
1344/1424 [===========================>..] - ETA: 0s - loss: 7.4987 - acc: 0.5231
1376/1424 [===========================>..] - ETA: 0s - loss: 7.5111 - acc: 0.5225
1408/1424 [============================>.] - ETA: 0s - loss: 7.4887 - acc: 0.5241
1424/1424 [==============================] - 18s 13ms/step - loss: 7.4950 - acc: 0.5239 - val_loss: 8.1041 - val_acc: 0.4972
Epoch 9/1000

  32/1424 [..............................] - ETA: 14s - loss: 7.0694 - acc: 0.5312
  64/1424 [>.............................] - ETA: 14s - loss: 7.0578 - acc: 0.5469
  96/1424 [=>............................] - ETA: 14s - loss: 7.9057 - acc: 0.4896
 128/1424 [=>............................] - ETA: 13s - loss: 7.8141 - acc: 0.5000
 160/1424 [==>...........................] - ETA: 13s - loss: 8.0258 - acc: 0.4875
 192/1424 [===>..........................] - ETA: 13s - loss: 7.7860 - acc: 0.5000
 224/1424 [===>..........................] - ETA: 12s - loss: 7.5406 - acc: 0.5179
 256/1424 [====>.........................] - ETA: 12s - loss: 7.6033 - acc: 0.5156
 288/1424 [=====>........................] - ETA: 12s - loss: 7.5418 - acc: 0.5208
 320/1424 [=====>........................] - ETA: 11s - loss: 7.5948 - acc: 0.5188
 352/1424 [======>.......................] - ETA: 11s - loss: 7.4971 - acc: 0.5256
 384/1424 [=======>......................] - ETA: 11s - loss: 7.6275 - acc: 0.5182
 416/1424 [=======>......................] - ETA: 10s - loss: 7.7756 - acc: 0.5096
 448/1424 [========>.....................] - ETA: 10s - loss: 7.8313 - acc: 0.5067
 480/1424 [=========>....................] - ETA: 10s - loss: 7.8465 - acc: 0.5062
 512/1424 [=========>....................] - ETA: 9s - loss: 7.6986 - acc: 0.5156 
 544/1424 [==========>...................] - ETA: 9s - loss: 7.6620 - acc: 0.5165
 576/1424 [===========>..................] - ETA: 9s - loss: 7.6264 - acc: 0.5191
 608/1424 [===========>..................] - ETA: 8s - loss: 7.5962 - acc: 0.5197
 640/1424 [============>.................] - ETA: 8s - loss: 7.5945 - acc: 0.5203
 672/1424 [=============>................] - ETA: 8s - loss: 7.5454 - acc: 0.5238
 704/1424 [=============>................] - ETA: 7s - loss: 7.4783 - acc: 0.5270
 736/1424 [==============>...............] - ETA: 7s - loss: 7.4437 - acc: 0.5272
 768/1424 [===============>..............] - ETA: 6s - loss: 7.4078 - acc: 0.5286
 800/1424 [===============>..............] - ETA: 6s - loss: 7.4771 - acc: 0.5238
 832/1424 [================>.............] - ETA: 6s - loss: 7.4415 - acc: 0.5264
 864/1424 [=================>............] - ETA: 5s - loss: 7.4447 - acc: 0.5266
 896/1424 [=================>............] - ETA: 5s - loss: 7.5433 - acc: 0.5201
 928/1424 [==================>...........] - ETA: 5s - loss: 7.5793 - acc: 0.5172
 960/1424 [===================>..........] - ETA: 4s - loss: 7.5805 - acc: 0.5146
 992/1424 [===================>..........] - ETA: 4s - loss: 7.5711 - acc: 0.5141
1024/1424 [====================>.........] - ETA: 4s - loss: 7.5463 - acc: 0.5146
1056/1424 [=====================>........] - ETA: 3s - loss: 7.4976 - acc: 0.5180
1088/1424 [=====================>........] - ETA: 3s - loss: 7.4710 - acc: 0.5193
1120/1424 [======================>.......] - ETA: 3s - loss: 7.4881 - acc: 0.5188
1152/1424 [=======================>......] - ETA: 2s - loss: 7.4511 - acc: 0.5200
1184/1424 [=======================>......] - ETA: 2s - loss: 7.4179 - acc: 0.5194
1216/1424 [========================>.....] - ETA: 2s - loss: 7.3888 - acc: 0.5197
1248/1424 [=========================>....] - ETA: 1s - loss: 7.3042 - acc: 0.5248
1280/1424 [=========================>....] - ETA: 1s - loss: 7.2613 - acc: 0.5281
1312/1424 [==========================>...] - ETA: 1s - loss: 7.1920 - acc: 0.5312
1344/1424 [===========================>..] - ETA: 0s - loss: 7.2124 - acc: 0.5305
1376/1424 [===========================>..] - ETA: 0s - loss: 7.1978 - acc: 0.5312
1408/1424 [============================>.] - ETA: 0s - loss: 7.2980 - acc: 0.5249
1424/1424 [==============================] - 18s 13ms/step - loss: 7.2840 - acc: 0.5260 - val_loss: 7.5808 - val_acc: 0.4901
Epoch 10/1000

  32/1424 [..............................] - ETA: 14s - loss: 7.1233 - acc: 0.4375
  64/1424 [>.............................] - ETA: 14s - loss: 7.4116 - acc: 0.4688
  96/1424 [=>............................] - ETA: 14s - loss: 6.9961 - acc: 0.5000
 128/1424 [=>............................] - ETA: 13s - loss: 6.6927 - acc: 0.5312
 160/1424 [==>...........................] - ETA: 13s - loss: 6.6907 - acc: 0.5312
 192/1424 [===>..........................] - ETA: 13s - loss: 6.7537 - acc: 0.5365
 224/1424 [===>..........................] - ETA: 12s - loss: 6.9588 - acc: 0.5268
 256/1424 [====>.........................] - ETA: 12s - loss: 7.1156 - acc: 0.5195
 288/1424 [=====>........................] - ETA: 12s - loss: 7.1681 - acc: 0.5208
 320/1424 [=====>........................] - ETA: 11s - loss: 7.1564 - acc: 0.5250
 352/1424 [======>.......................] - ETA: 11s - loss: 7.1088 - acc: 0.5284
 384/1424 [=======>......................] - ETA: 11s - loss: 7.2720 - acc: 0.5208
 416/1424 [=======>......................] - ETA: 10s - loss: 7.1144 - acc: 0.5312
 448/1424 [========>.....................] - ETA: 10s - loss: 7.1859 - acc: 0.5268
 480/1424 [=========>....................] - ETA: 10s - loss: 7.1794 - acc: 0.5292
 512/1424 [=========>....................] - ETA: 9s - loss: 7.1666 - acc: 0.5312 
 544/1424 [==========>...................] - ETA: 9s - loss: 7.0722 - acc: 0.5368
 576/1424 [===========>..................] - ETA: 9s - loss: 7.0999 - acc: 0.5365
 608/1424 [===========>..................] - ETA: 8s - loss: 7.1022 - acc: 0.5362
 640/1424 [============>.................] - ETA: 8s - loss: 7.0559 - acc: 0.5391
 672/1424 [=============>................] - ETA: 8s - loss: 7.0856 - acc: 0.5372
 704/1424 [=============>................] - ETA: 7s - loss: 7.0836 - acc: 0.5384
 736/1424 [==============>...............] - ETA: 7s - loss: 7.0641 - acc: 0.5394
 768/1424 [===============>..............] - ETA: 6s - loss: 7.0876 - acc: 0.5378
 800/1424 [===============>..............] - ETA: 6s - loss: 7.1072 - acc: 0.5375
 832/1424 [================>.............] - ETA: 6s - loss: 7.2215 - acc: 0.5312
 864/1424 [=================>............] - ETA: 5s - loss: 7.2053 - acc: 0.5324
 896/1424 [=================>............] - ETA: 5s - loss: 7.1506 - acc: 0.5346
 928/1424 [==================>...........] - ETA: 5s - loss: 7.1817 - acc: 0.5334
 960/1424 [===================>..........] - ETA: 4s - loss: 7.2284 - acc: 0.5312
 992/1424 [===================>..........] - ETA: 4s - loss: 7.2169 - acc: 0.5323
1024/1424 [====================>.........] - ETA: 4s - loss: 7.2311 - acc: 0.5312
1056/1424 [=====================>........] - ETA: 3s - loss: 7.2664 - acc: 0.5294
1088/1424 [=====================>........] - ETA: 3s - loss: 7.2606 - acc: 0.5294
1120/1424 [======================>.......] - ETA: 3s - loss: 7.2452 - acc: 0.5304
1152/1424 [=======================>......] - ETA: 2s - loss: 7.2833 - acc: 0.5278
1184/1424 [=======================>......] - ETA: 2s - loss: 7.2495 - acc: 0.5304
1216/1424 [========================>.....] - ETA: 2s - loss: 7.2072 - acc: 0.5329
1248/1424 [=========================>....] - ETA: 1s - loss: 7.1653 - acc: 0.5353
1280/1424 [=========================>....] - ETA: 1s - loss: 7.2505 - acc: 0.5305
1312/1424 [==========================>...] - ETA: 1s - loss: 7.2705 - acc: 0.5290
1344/1424 [===========================>..] - ETA: 0s - loss: 7.2435 - acc: 0.5298
1376/1424 [===========================>..] - ETA: 0s - loss: 7.2711 - acc: 0.5283
1408/1424 [============================>.] - ETA: 0s - loss: 7.2253 - acc: 0.5291
1424/1424 [==============================] - 18s 13ms/step - loss: 7.2324 - acc: 0.5288 - val_loss: 4.6975 - val_acc: 0.6285
Epoch 11/1000

  32/1424 [..............................] - ETA: 14s - loss: 9.1852 - acc: 0.3750
  64/1424 [>.............................] - ETA: 14s - loss: 9.3996 - acc: 0.3750
  96/1424 [=>............................] - ETA: 14s - loss: 8.0505 - acc: 0.4479
 128/1424 [=>............................] - ETA: 13s - loss: 7.4478 - acc: 0.4766
 160/1424 [==>...........................] - ETA: 13s - loss: 6.6925 - acc: 0.5188
 192/1424 [===>..........................] - ETA: 13s - loss: 6.3512 - acc: 0.5417
 224/1424 [===>..........................] - ETA: 12s - loss: 6.5365 - acc: 0.5312
 256/1424 [====>.........................] - ETA: 12s - loss: 6.5401 - acc: 0.5352
 288/1424 [=====>........................] - ETA: 12s - loss: 6.4990 - acc: 0.5347
 320/1424 [=====>........................] - ETA: 11s - loss: 6.0727 - acc: 0.5594
 352/1424 [======>.......................] - ETA: 11s - loss: 6.0029 - acc: 0.5625
 384/1424 [=======>......................] - ETA: 11s - loss: 6.0843 - acc: 0.5599
 416/1424 [=======>......................] - ETA: 10s - loss: 6.2012 - acc: 0.5529
 448/1424 [========>.....................] - ETA: 10s - loss: 6.2619 - acc: 0.5513
 480/1424 [=========>....................] - ETA: 10s - loss: 6.1971 - acc: 0.5521
 512/1424 [=========>....................] - ETA: 9s - loss: 6.1663 - acc: 0.5527 
 544/1424 [==========>...................] - ETA: 9s - loss: 6.1622 - acc: 0.5551
 576/1424 [===========>..................] - ETA: 9s - loss: 6.2966 - acc: 0.5469
 608/1424 [===========>..................] - ETA: 8s - loss: 6.3410 - acc: 0.5461
 640/1424 [============>.................] - ETA: 8s - loss: 6.3660 - acc: 0.5469
 672/1424 [=============>................] - ETA: 7s - loss: 6.3068 - acc: 0.5521
 704/1424 [=============>................] - ETA: 7s - loss: 6.2296 - acc: 0.5582
 736/1424 [==============>...............] - ETA: 7s - loss: 6.1780 - acc: 0.5639
 768/1424 [===============>..............] - ETA: 6s - loss: 6.2223 - acc: 0.5612
 800/1424 [===============>..............] - ETA: 6s - loss: 6.2998 - acc: 0.5537
 832/1424 [================>.............] - ETA: 6s - loss: 6.2675 - acc: 0.5541
 864/1424 [=================>............] - ETA: 5s - loss: 6.2063 - acc: 0.5579
 896/1424 [=================>............] - ETA: 5s - loss: 6.2543 - acc: 0.5558
 928/1424 [==================>...........] - ETA: 5s - loss: 6.2150 - acc: 0.5582
 960/1424 [===================>..........] - ETA: 4s - loss: 6.1711 - acc: 0.5625
 992/1424 [===================>..........] - ETA: 4s - loss: 6.1531 - acc: 0.5645
1024/1424 [====================>.........] - ETA: 4s - loss: 6.1507 - acc: 0.5664
1056/1424 [=====================>........] - ETA: 3s - loss: 6.1567 - acc: 0.5663
1088/1424 [=====================>........] - ETA: 3s - loss: 6.1265 - acc: 0.5689
1120/1424 [======================>.......] - ETA: 3s - loss: 6.1716 - acc: 0.5652
1152/1424 [=======================>......] - ETA: 2s - loss: 6.2080 - acc: 0.5608
1184/1424 [=======================>......] - ETA: 2s - loss: 6.1912 - acc: 0.5633
1216/1424 [========================>.....] - ETA: 2s - loss: 6.2147 - acc: 0.5625
1248/1424 [=========================>....] - ETA: 1s - loss: 6.2776 - acc: 0.5593
1280/1424 [=========================>....] - ETA: 1s - loss: 6.3125 - acc: 0.5570
1312/1424 [==========================>...] - ETA: 1s - loss: 6.3093 - acc: 0.5579
1344/1424 [===========================>..] - ETA: 0s - loss: 6.3405 - acc: 0.5565
1376/1424 [===========================>..] - ETA: 0s - loss: 6.3469 - acc: 0.5567
1408/1424 [============================>.] - ETA: 0s - loss: 6.3975 - acc: 0.5518
1424/1424 [==============================] - 18s 13ms/step - loss: 6.4072 - acc: 0.5513 - val_loss: 7.2804 - val_acc: 0.5056
Epoch 12/1000

  32/1424 [..............................] - ETA: 14s - loss: 6.3585 - acc: 0.4688
  64/1424 [>.............................] - ETA: 14s - loss: 5.9802 - acc: 0.5469
  96/1424 [=>............................] - ETA: 14s - loss: 6.3272 - acc: 0.5521
 128/1424 [=>............................] - ETA: 13s - loss: 6.3887 - acc: 0.5547
 160/1424 [==>...........................] - ETA: 13s - loss: 6.8220 - acc: 0.5312
 192/1424 [===>..........................] - ETA: 13s - loss: 6.5327 - acc: 0.5521
 224/1424 [===>..........................] - ETA: 12s - loss: 6.4045 - acc: 0.5625
 256/1424 [====>.........................] - ETA: 12s - loss: 6.2507 - acc: 0.5742
 288/1424 [=====>........................] - ETA: 12s - loss: 6.4625 - acc: 0.5625
 320/1424 [=====>........................] - ETA: 11s - loss: 6.6326 - acc: 0.5500
 352/1424 [======>.......................] - ETA: 11s - loss: 6.5950 - acc: 0.5483
 384/1424 [=======>......................] - ETA: 11s - loss: 6.4804 - acc: 0.5495
 416/1424 [=======>......................] - ETA: 10s - loss: 6.4562 - acc: 0.5505
 448/1424 [========>.....................] - ETA: 10s - loss: 6.4681 - acc: 0.5491
 480/1424 [=========>....................] - ETA: 10s - loss: 6.6112 - acc: 0.5417
 512/1424 [=========>....................] - ETA: 9s - loss: 6.6546 - acc: 0.5410 
 544/1424 [==========>...................] - ETA: 9s - loss: 6.7981 - acc: 0.5331
 576/1424 [===========>..................] - ETA: 9s - loss: 6.7888 - acc: 0.5330
 608/1424 [===========>..................] - ETA: 8s - loss: 6.6256 - acc: 0.5411
 640/1424 [============>.................] - ETA: 8s - loss: 6.6037 - acc: 0.5422
 672/1424 [=============>................] - ETA: 8s - loss: 6.6640 - acc: 0.5372
 704/1424 [=============>................] - ETA: 7s - loss: 6.6643 - acc: 0.5369
 736/1424 [==============>...............] - ETA: 7s - loss: 6.6807 - acc: 0.5380
 768/1424 [===============>..............] - ETA: 6s - loss: 6.6969 - acc: 0.5391
 800/1424 [===============>..............] - ETA: 6s - loss: 6.7933 - acc: 0.5337
 832/1424 [================>.............] - ETA: 6s - loss: 6.8805 - acc: 0.5300
 864/1424 [=================>............] - ETA: 5s - loss: 6.8683 - acc: 0.5324
 896/1424 [=================>............] - ETA: 5s - loss: 6.8932 - acc: 0.5324
 928/1424 [==================>...........] - ETA: 5s - loss: 6.9519 - acc: 0.5291
 960/1424 [===================>..........] - ETA: 4s - loss: 6.8898 - acc: 0.5333
 992/1424 [===================>..........] - ETA: 4s - loss: 7.0079 - acc: 0.5272
1024/1424 [====================>.........] - ETA: 4s - loss: 7.0099 - acc: 0.5283
1056/1424 [=====================>........] - ETA: 3s - loss: 6.9518 - acc: 0.5312
1088/1424 [=====================>........] - ETA: 3s - loss: 6.9553 - acc: 0.5322
1120/1424 [======================>.......] - ETA: 3s - loss: 6.9733 - acc: 0.5312
1152/1424 [=======================>......] - ETA: 2s - loss: 6.9510 - acc: 0.5312
1184/1424 [=======================>......] - ETA: 2s - loss: 6.9394 - acc: 0.5321
1216/1424 [========================>.....] - ETA: 2s - loss: 6.9565 - acc: 0.5312
1248/1424 [=========================>....] - ETA: 1s - loss: 6.9840 - acc: 0.5304
1280/1424 [=========================>....] - ETA: 1s - loss: 7.0110 - acc: 0.5289
1312/1424 [==========================>...] - ETA: 1s - loss: 7.0007 - acc: 0.5297
1344/1424 [===========================>..] - ETA: 0s - loss: 6.9922 - acc: 0.5305
1376/1424 [===========================>..] - ETA: 0s - loss: 6.9745 - acc: 0.5320
1408/1424 [============================>.] - ETA: 0s - loss: 6.9540 - acc: 0.5334
1424/1424 [==============================] - 18s 13ms/step - loss: 6.9097 - acc: 0.5365 - val_loss: 7.6926 - val_acc: 0.5226
Epoch 13/1000

  32/1424 [..............................] - ETA: 14s - loss: 9.5999 - acc: 0.3750
  64/1424 [>.............................] - ETA: 14s - loss: 8.1073 - acc: 0.4531
  96/1424 [=>............................] - ETA: 14s - loss: 7.7858 - acc: 0.4688
 128/1424 [=>............................] - ETA: 13s - loss: 7.6170 - acc: 0.4844
 160/1424 [==>...........................] - ETA: 13s - loss: 7.5043 - acc: 0.5000
 192/1424 [===>..........................] - ETA: 13s - loss: 7.1803 - acc: 0.5260
 224/1424 [===>..........................] - ETA: 12s - loss: 7.1644 - acc: 0.5312
 256/1424 [====>.........................] - ETA: 12s - loss: 6.9009 - acc: 0.5508
 288/1424 [=====>........................] - ETA: 12s - loss: 6.9786 - acc: 0.5451
 320/1424 [=====>........................] - ETA: 11s - loss: 7.1516 - acc: 0.5344
 352/1424 [======>.......................] - ETA: 11s - loss: 7.1029 - acc: 0.5312
 384/1424 [=======>......................] - ETA: 11s - loss: 6.9796 - acc: 0.5391
 416/1424 [=======>......................] - ETA: 10s - loss: 6.9488 - acc: 0.5409
 448/1424 [========>.....................] - ETA: 10s - loss: 7.0277 - acc: 0.5379
 480/1424 [=========>....................] - ETA: 10s - loss: 7.1633 - acc: 0.5312
 512/1424 [=========>....................] - ETA: 9s - loss: 7.3484 - acc: 0.5195 
 544/1424 [==========>...................] - ETA: 9s - loss: 7.3310 - acc: 0.5221
 576/1424 [===========>..................] - ETA: 9s - loss: 7.3172 - acc: 0.5226
 608/1424 [===========>..................] - ETA: 8s - loss: 7.2523 - acc: 0.5263
 640/1424 [============>.................] - ETA: 8s - loss: 7.2423 - acc: 0.5281
 672/1424 [=============>................] - ETA: 8s - loss: 7.3761 - acc: 0.5208
 704/1424 [=============>................] - ETA: 7s - loss: 7.4318 - acc: 0.5170
 736/1424 [==============>...............] - ETA: 7s - loss: 7.4597 - acc: 0.5149
 768/1424 [===============>..............] - ETA: 6s - loss: 7.4851 - acc: 0.5143
 800/1424 [===============>..............] - ETA: 6s - loss: 7.4509 - acc: 0.5150
 832/1424 [================>.............] - ETA: 6s - loss: 7.4315 - acc: 0.5144
 864/1424 [=================>............] - ETA: 5s - loss: 7.5291 - acc: 0.5093
 896/1424 [=================>............] - ETA: 5s - loss: 7.5121 - acc: 0.5112
 928/1424 [==================>...........] - ETA: 5s - loss: 7.4753 - acc: 0.5119
 960/1424 [===================>..........] - ETA: 4s - loss: 7.4558 - acc: 0.5125
 992/1424 [===================>..........] - ETA: 4s - loss: 7.4014 - acc: 0.5141
1024/1424 [====================>.........] - ETA: 4s - loss: 7.4069 - acc: 0.5137
1056/1424 [=====================>........] - ETA: 3s - loss: 7.4574 - acc: 0.5104
1088/1424 [=====================>........] - ETA: 3s - loss: 7.4684 - acc: 0.5101
1120/1424 [======================>.......] - ETA: 3s - loss: 7.4422 - acc: 0.5125
1152/1424 [=======================>......] - ETA: 2s - loss: 7.4053 - acc: 0.5139
1184/1424 [=======================>......] - ETA: 2s - loss: 7.3554 - acc: 0.5169
1216/1424 [========================>.....] - ETA: 2s - loss: 7.3785 - acc: 0.5156
1248/1424 [=========================>....] - ETA: 1s - loss: 7.4341 - acc: 0.5128
1280/1424 [=========================>....] - ETA: 1s - loss: 7.4393 - acc: 0.5125
1312/1424 [==========================>...] - ETA: 1s - loss: 7.4198 - acc: 0.5137
1344/1424 [===========================>..] - ETA: 0s - loss: 7.4082 - acc: 0.5126
1376/1424 [===========================>..] - ETA: 0s - loss: 7.3307 - acc: 0.5167
1408/1424 [============================>.] - ETA: 0s - loss: 7.2909 - acc: 0.5192
1424/1424 [==============================] - 18s 13ms/step - loss: 7.3106 - acc: 0.5183 - val_loss: 7.8762 - val_acc: 0.5113

  32/1424 [..............................] - ETA: 5s
  64/1424 [>.............................] - ETA: 4s
  96/1424 [=>............................] - ETA: 4s
 128/1424 [=>............................] - ETA: 4s
 160/1424 [==>...........................] - ETA: 4s
 192/1424 [===>..........................] - ETA: 4s
 224/1424 [===>..........................] - ETA: 4s
 256/1424 [====>.........................] - ETA: 4s
 288/1424 [=====>........................] - ETA: 4s
 320/1424 [=====>........................] - ETA: 3s
 352/1424 [======>.......................] - ETA: 3s
 384/1424 [=======>......................] - ETA: 3s
 416/1424 [=======>......................] - ETA: 3s
 448/1424 [========>.....................] - ETA: 3s
 480/1424 [=========>....................] - ETA: 3s
 512/1424 [=========>....................] - ETA: 3s
 544/1424 [==========>...................] - ETA: 3s
 576/1424 [===========>..................] - ETA: 3s
 608/1424 [===========>..................] - ETA: 2s
 640/1424 [============>.................] - ETA: 2s
 672/1424 [=============>................] - ETA: 2s
 704/1424 [=============>................] - ETA: 2s
 736/1424 [==============>...............] - ETA: 2s
 768/1424 [===============>..............] - ETA: 2s
 800/1424 [===============>..............] - ETA: 2s
 832/1424 [================>.............] - ETA: 2s
 864/1424 [=================>............] - ETA: 1s
 896/1424 [=================>............] - ETA: 1s
 928/1424 [==================>...........] - ETA: 1s
 960/1424 [===================>..........] - ETA: 1s
 992/1424 [===================>..........] - ETA: 1s
1024/1424 [====================>.........] - ETA: 1s
1056/1424 [=====================>........] - ETA: 1s
1088/1424 [=====================>........] - ETA: 1s
1120/1424 [======================>.......] - ETA: 1s
1152/1424 [=======================>......] - ETA: 0s
1184/1424 [=======================>......] - ETA: 0s
1216/1424 [========================>.....] - ETA: 0s
1248/1424 [=========================>....] - ETA: 0s
1280/1424 [=========================>....] - ETA: 0s
1312/1424 [==========================>...] - ETA: 0s
1344/1424 [===========================>..] - ETA: 0s
1376/1424 [===========================>..] - ETA: 0s
1408/1424 [============================>.] - ETA: 0s
1424/1424 [==============================] - 5s 4ms/step
Test acc: 0.8096910112359551
Test auc: 0.8984720205782097
Test mcc: 0.6334069383274016
Execute epoch: 13
Execute time: 238.7507541179657
