_________________________________________________________________
Layer (type)                 Output Shape              Param #   
=================================================================
embedding_1 (Embedding)      (None, None, 128)         2688      
_________________________________________________________________
lstm_1 (LSTM)                (None, None, 64)          49408     
_________________________________________________________________
lstm_2 (LSTM)                (None, None, 64)          33024     
_________________________________________________________________
lstm_3 (LSTM)                (None, 64)                33024     
_________________________________________________________________
dense_1 (Dense)              (None, 16)                1040      
_________________________________________________________________
dense_2 (Dense)              (None, 1)                 17        
=================================================================
Total params: 119,201
Trainable params: 119,201
Non-trainable params: 0
_________________________________________________________________
Train on 1424 samples, validate on 708 samples
Epoch 1/1000

  32/1424 [..............................] - ETA: 2:31 - loss: 0.6932 - acc: 0.5000
  64/1424 [>.............................] - ETA: 1:22 - loss: 0.6931 - acc: 0.5469
  96/1424 [=>............................] - ETA: 58s - loss: 0.6928 - acc: 0.5729 
 128/1424 [=>............................] - ETA: 46s - loss: 0.6930 - acc: 0.5469
 160/1424 [==>...........................] - ETA: 39s - loss: 0.6924 - acc: 0.5687
 192/1424 [===>..........................] - ETA: 34s - loss: 0.6922 - acc: 0.5677
 224/1424 [===>..........................] - ETA: 30s - loss: 0.6920 - acc: 0.5670
 256/1424 [====>.........................] - ETA: 27s - loss: 0.6920 - acc: 0.5625
 288/1424 [=====>........................] - ETA: 25s - loss: 0.6928 - acc: 0.5417
 320/1424 [=====>........................] - ETA: 23s - loss: 0.6930 - acc: 0.5344
 352/1424 [======>.......................] - ETA: 21s - loss: 0.6937 - acc: 0.5170
 384/1424 [=======>......................] - ETA: 20s - loss: 0.6933 - acc: 0.5208
 416/1424 [=======>......................] - ETA: 19s - loss: 0.6930 - acc: 0.5240
 448/1424 [========>.....................] - ETA: 18s - loss: 0.6932 - acc: 0.5179
 480/1424 [=========>....................] - ETA: 17s - loss: 0.6928 - acc: 0.5229
 512/1424 [=========>....................] - ETA: 16s - loss: 0.6931 - acc: 0.5176
 544/1424 [==========>...................] - ETA: 15s - loss: 0.6930 - acc: 0.5165
 576/1424 [===========>..................] - ETA: 14s - loss: 0.6931 - acc: 0.5122
 608/1424 [===========>..................] - ETA: 13s - loss: 0.6929 - acc: 0.5132
 640/1424 [============>.................] - ETA: 12s - loss: 0.6928 - acc: 0.5156
 672/1424 [=============>................] - ETA: 12s - loss: 0.6927 - acc: 0.5134
 704/1424 [=============>................] - ETA: 11s - loss: 0.6925 - acc: 0.5128
 736/1424 [==============>...............] - ETA: 10s - loss: 0.6925 - acc: 0.5109
 768/1424 [===============>..............] - ETA: 10s - loss: 0.6924 - acc: 0.5104
 800/1424 [===============>..............] - ETA: 9s - loss: 0.6921 - acc: 0.5100 
 832/1424 [================>.............] - ETA: 9s - loss: 0.6920 - acc: 0.5084
 864/1424 [=================>............] - ETA: 8s - loss: 0.6917 - acc: 0.5104
 896/1424 [=================>............] - ETA: 7s - loss: 0.6914 - acc: 0.5089
 928/1424 [==================>...........] - ETA: 7s - loss: 0.6913 - acc: 0.5075
 960/1424 [===================>..........] - ETA: 6s - loss: 0.6910 - acc: 0.5052
 992/1424 [===================>..........] - ETA: 6s - loss: 0.6907 - acc: 0.5020
1024/1424 [====================>.........] - ETA: 5s - loss: 0.6900 - acc: 0.5029
1056/1424 [=====================>........] - ETA: 5s - loss: 0.6897 - acc: 0.4972
1088/1424 [=====================>........] - ETA: 4s - loss: 0.6884 - acc: 0.4991
1120/1424 [======================>.......] - ETA: 4s - loss: 0.6871 - acc: 0.5018
1152/1424 [=======================>......] - ETA: 3s - loss: 0.6849 - acc: 0.5043
1184/1424 [=======================>......] - ETA: 3s - loss: 0.6809 - acc: 0.5068
1216/1424 [========================>.....] - ETA: 2s - loss: 0.6827 - acc: 0.5082
1248/1424 [=========================>....] - ETA: 2s - loss: 0.6831 - acc: 0.5096
1280/1424 [=========================>....] - ETA: 2s - loss: 0.6820 - acc: 0.5141
1312/1424 [==========================>...] - ETA: 1s - loss: 0.6806 - acc: 0.5198
1344/1424 [===========================>..] - ETA: 1s - loss: 0.6806 - acc: 0.5231
1376/1424 [===========================>..] - ETA: 0s - loss: 0.6795 - acc: 0.5276
1408/1424 [============================>.] - ETA: 0s - loss: 0.6789 - acc: 0.5327
1424/1424 [==============================] - 23s 16ms/step - loss: 0.6788 - acc: 0.5344 - val_loss: 0.6630 - val_acc: 0.7458
Epoch 2/1000

  32/1424 [..............................] - ETA: 16s - loss: 0.6839 - acc: 0.6875
  64/1424 [>.............................] - ETA: 15s - loss: 0.6681 - acc: 0.6562
  96/1424 [=>............................] - ETA: 15s - loss: 0.6724 - acc: 0.6771
 128/1424 [=>............................] - ETA: 15s - loss: 0.6623 - acc: 0.7109
 160/1424 [==>...........................] - ETA: 14s - loss: 0.6641 - acc: 0.7125
 192/1424 [===>..........................] - ETA: 14s - loss: 0.6568 - acc: 0.7500
 224/1424 [===>..........................] - ETA: 13s - loss: 0.6513 - acc: 0.7679
 256/1424 [====>.........................] - ETA: 13s - loss: 0.6469 - acc: 0.7578
 288/1424 [=====>........................] - ETA: 13s - loss: 0.6391 - acc: 0.7465
 320/1424 [=====>........................] - ETA: 12s - loss: 0.6324 - acc: 0.7375
 352/1424 [======>.......................] - ETA: 12s - loss: 0.6746 - acc: 0.7188
 384/1424 [=======>......................] - ETA: 12s - loss: 0.7089 - acc: 0.7005
 416/1424 [=======>......................] - ETA: 11s - loss: 0.7356 - acc: 0.6875
 448/1424 [========>.....................] - ETA: 11s - loss: 0.7584 - acc: 0.6786
 480/1424 [=========>....................] - ETA: 10s - loss: 0.7510 - acc: 0.6667
 512/1424 [=========>....................] - ETA: 10s - loss: 0.7633 - acc: 0.6680
 544/1424 [==========>...................] - ETA: 10s - loss: 0.7475 - acc: 0.6783
 576/1424 [===========>..................] - ETA: 9s - loss: 0.7392 - acc: 0.6788 
 608/1424 [===========>..................] - ETA: 9s - loss: 0.7534 - acc: 0.6859
 640/1424 [============>.................] - ETA: 9s - loss: 0.7439 - acc: 0.6953
 672/1424 [=============>................] - ETA: 8s - loss: 0.7352 - acc: 0.6979
 704/1424 [=============>................] - ETA: 8s - loss: 0.7246 - acc: 0.7060
 736/1424 [==============>...............] - ETA: 8s - loss: 0.7139 - acc: 0.7133
 768/1424 [===============>..............] - ETA: 7s - loss: 0.7496 - acc: 0.7109
 800/1424 [===============>..............] - ETA: 7s - loss: 0.7393 - acc: 0.7163
 832/1424 [================>.............] - ETA: 6s - loss: 0.7300 - acc: 0.7175
 864/1424 [=================>............] - ETA: 6s - loss: 0.7130 - acc: 0.7234
 896/1424 [=================>............] - ETA: 6s - loss: 0.7153 - acc: 0.7277
 928/1424 [==================>...........] - ETA: 5s - loss: 0.7693 - acc: 0.7274
 960/1424 [===================>..........] - ETA: 5s - loss: 0.7758 - acc: 0.7333
 992/1424 [===================>..........] - ETA: 5s - loss: 0.7768 - acc: 0.7379
1024/1424 [====================>.........] - ETA: 4s - loss: 0.8368 - acc: 0.7393
1056/1424 [=====================>........] - ETA: 4s - loss: 0.8288 - acc: 0.7396
1088/1424 [=====================>........] - ETA: 3s - loss: 0.8187 - acc: 0.7408
1120/1424 [======================>.......] - ETA: 3s - loss: 0.8189 - acc: 0.7438
1152/1424 [=======================>......] - ETA: 3s - loss: 0.8234 - acc: 0.7431
1184/1424 [=======================>......] - ETA: 2s - loss: 0.8404 - acc: 0.7407
1216/1424 [========================>.....] - ETA: 2s - loss: 0.8659 - acc: 0.7410
1248/1424 [=========================>....] - ETA: 2s - loss: 0.8774 - acc: 0.7404
1280/1424 [=========================>....] - ETA: 1s - loss: 0.9107 - acc: 0.7367
1312/1424 [==========================>...] - ETA: 1s - loss: 0.9228 - acc: 0.7348
1344/1424 [===========================>..] - ETA: 0s - loss: 0.9265 - acc: 0.7321
1376/1424 [===========================>..] - ETA: 0s - loss: 0.9400 - acc: 0.7304
1408/1424 [============================>.] - ETA: 0s - loss: 0.9299 - acc: 0.7322
1424/1424 [==============================] - 19s 14ms/step - loss: 0.9260 - acc: 0.7331 - val_loss: 0.5274 - val_acc: 0.8206
Epoch 3/1000

  32/1424 [..............................] - ETA: 16s - loss: 0.5604 - acc: 0.7812
  64/1424 [>.............................] - ETA: 15s - loss: 0.7070 - acc: 0.7344
  96/1424 [=>............................] - ETA: 15s - loss: 0.6748 - acc: 0.7292
 128/1424 [=>............................] - ETA: 15s - loss: 0.7562 - acc: 0.7500
 160/1424 [==>...........................] - ETA: 14s - loss: 0.7646 - acc: 0.7562
 192/1424 [===>..........................] - ETA: 14s - loss: 0.7296 - acc: 0.7552
 224/1424 [===>..........................] - ETA: 13s - loss: 0.7710 - acc: 0.7455
 256/1424 [====>.........................] - ETA: 13s - loss: 0.7999 - acc: 0.7500
 288/1424 [=====>........................] - ETA: 13s - loss: 0.7723 - acc: 0.7465
 320/1424 [=====>........................] - ETA: 12s - loss: 0.7829 - acc: 0.7562
 352/1424 [======>.......................] - ETA: 12s - loss: 0.7575 - acc: 0.7614
 384/1424 [=======>......................] - ETA: 12s - loss: 0.7330 - acc: 0.7734
 416/1424 [=======>......................] - ETA: 11s - loss: 0.7589 - acc: 0.7692
 448/1424 [========>.....................] - ETA: 11s - loss: 0.7426 - acc: 0.7656
 480/1424 [=========>....................] - ETA: 10s - loss: 0.7328 - acc: 0.7583
 512/1424 [=========>....................] - ETA: 10s - loss: 0.7186 - acc: 0.7617
 544/1424 [==========>...................] - ETA: 10s - loss: 0.7077 - acc: 0.7610
 576/1424 [===========>..................] - ETA: 9s - loss: 0.7042 - acc: 0.7535 
 608/1424 [===========>..................] - ETA: 9s - loss: 0.7014 - acc: 0.7484
 640/1424 [============>.................] - ETA: 9s - loss: 0.6959 - acc: 0.7422
 672/1424 [=============>................] - ETA: 8s - loss: 0.6904 - acc: 0.7426
 704/1424 [=============>................] - ETA: 8s - loss: 0.6857 - acc: 0.7415
 736/1424 [==============>...............] - ETA: 8s - loss: 0.6796 - acc: 0.7391
 768/1424 [===============>..............] - ETA: 7s - loss: 0.6704 - acc: 0.7435
 800/1424 [===============>..............] - ETA: 7s - loss: 0.6661 - acc: 0.7400
 832/1424 [================>.............] - ETA: 6s - loss: 0.6635 - acc: 0.7320
 864/1424 [=================>............] - ETA: 6s - loss: 0.6575 - acc: 0.7361
 896/1424 [=================>............] - ETA: 6s - loss: 0.6688 - acc: 0.7366
 928/1424 [==================>...........] - ETA: 5s - loss: 0.6635 - acc: 0.7381
 960/1424 [===================>..........] - ETA: 5s - loss: 0.6590 - acc: 0.7375
 992/1424 [===================>..........] - ETA: 5s - loss: 0.6596 - acc: 0.7329
1024/1424 [====================>.........] - ETA: 4s - loss: 0.6577 - acc: 0.7344
1056/1424 [=====================>........] - ETA: 4s - loss: 0.6593 - acc: 0.7348
1088/1424 [=====================>........] - ETA: 3s - loss: 0.6561 - acc: 0.7344
1120/1424 [======================>.......] - ETA: 3s - loss: 0.6541 - acc: 0.7339
1152/1424 [=======================>......] - ETA: 3s - loss: 0.6530 - acc: 0.7335
1184/1424 [=======================>......] - ETA: 2s - loss: 0.6501 - acc: 0.7323
1216/1424 [========================>.....] - ETA: 2s - loss: 0.6486 - acc: 0.7336
1248/1424 [=========================>....] - ETA: 2s - loss: 0.6461 - acc: 0.7324
1280/1424 [=========================>....] - ETA: 1s - loss: 0.6421 - acc: 0.7352
1312/1424 [==========================>...] - ETA: 1s - loss: 0.6393 - acc: 0.7363
1344/1424 [===========================>..] - ETA: 0s - loss: 0.6395 - acc: 0.7336
1376/1424 [===========================>..] - ETA: 0s - loss: 0.6357 - acc: 0.7347
1408/1424 [============================>.] - ETA: 0s - loss: 0.6335 - acc: 0.7372
1424/1424 [==============================] - 19s 14ms/step - loss: 0.6320 - acc: 0.7381 - val_loss: 0.5373 - val_acc: 0.7966
Epoch 4/1000

  32/1424 [..............................] - ETA: 16s - loss: 0.5660 - acc: 0.6562
  64/1424 [>.............................] - ETA: 15s - loss: 0.5354 - acc: 0.6875
  96/1424 [=>............................] - ETA: 15s - loss: 0.5489 - acc: 0.7188
 128/1424 [=>............................] - ETA: 15s - loss: 0.5340 - acc: 0.7266
 160/1424 [==>...........................] - ETA: 14s - loss: 0.5367 - acc: 0.7375
 192/1424 [===>..........................] - ETA: 14s - loss: 0.5505 - acc: 0.7396
 224/1424 [===>..........................] - ETA: 13s - loss: 0.6089 - acc: 0.7500
 256/1424 [====>.........................] - ETA: 13s - loss: 0.6702 - acc: 0.7539
 288/1424 [=====>........................] - ETA: 13s - loss: 0.6627 - acc: 0.7604
 320/1424 [=====>........................] - ETA: 12s - loss: 0.6429 - acc: 0.7625
 352/1424 [======>.......................] - ETA: 12s - loss: 0.6312 - acc: 0.7670
 384/1424 [=======>......................] - ETA: 12s - loss: 0.6179 - acc: 0.7708
 416/1424 [=======>......................] - ETA: 11s - loss: 0.6098 - acc: 0.7740
 448/1424 [========>.....................] - ETA: 11s - loss: 0.6050 - acc: 0.7812
 480/1424 [=========>....................] - ETA: 10s - loss: 0.5965 - acc: 0.7833
 512/1424 [=========>....................] - ETA: 10s - loss: 0.5908 - acc: 0.7832
 544/1424 [==========>...................] - ETA: 10s - loss: 0.5885 - acc: 0.7849
 576/1424 [===========>..................] - ETA: 9s - loss: 0.5842 - acc: 0.7812 
 608/1424 [===========>..................] - ETA: 9s - loss: 0.5802 - acc: 0.7812
 640/1424 [============>.................] - ETA: 9s - loss: 0.5729 - acc: 0.7859
 672/1424 [=============>................] - ETA: 8s - loss: 0.5678 - acc: 0.7857
 704/1424 [=============>................] - ETA: 8s - loss: 0.5631 - acc: 0.7869
 736/1424 [==============>...............] - ETA: 8s - loss: 0.5606 - acc: 0.7908
 768/1424 [===============>..............] - ETA: 7s - loss: 0.5547 - acc: 0.7943
 800/1424 [===============>..............] - ETA: 7s - loss: 0.5506 - acc: 0.7975
 832/1424 [================>.............] - ETA: 6s - loss: 0.5665 - acc: 0.7993
 864/1424 [=================>............] - ETA: 6s - loss: 0.5641 - acc: 0.7998
 896/1424 [=================>............] - ETA: 6s - loss: 0.5594 - acc: 0.8013
 928/1424 [==================>...........] - ETA: 5s - loss: 0.5601 - acc: 0.8006
 960/1424 [===================>..........] - ETA: 5s - loss: 0.6007 - acc: 0.7990
 992/1424 [===================>..........] - ETA: 5s - loss: 0.6752 - acc: 0.7944
1024/1424 [====================>.........] - ETA: 4s - loss: 0.6796 - acc: 0.7949
1056/1424 [=====================>........] - ETA: 4s - loss: 0.6766 - acc: 0.7964
1088/1424 [=====================>........] - ETA: 3s - loss: 0.6732 - acc: 0.7950
1120/1424 [======================>.......] - ETA: 3s - loss: 0.6652 - acc: 0.7946
1152/1424 [=======================>......] - ETA: 3s - loss: 0.6569 - acc: 0.7969
1184/1424 [=======================>......] - ETA: 2s - loss: 0.6567 - acc: 0.7965
1216/1424 [========================>.....] - ETA: 2s - loss: 0.6479 - acc: 0.7993
1248/1424 [=========================>....] - ETA: 2s - loss: 0.6620 - acc: 0.7981
1280/1424 [=========================>....] - ETA: 1s - loss: 0.6674 - acc: 0.7984
1312/1424 [==========================>...] - ETA: 1s - loss: 0.6655 - acc: 0.7942
1344/1424 [===========================>..] - ETA: 0s - loss: 0.6604 - acc: 0.7932
1376/1424 [===========================>..] - ETA: 0s - loss: 0.6568 - acc: 0.7914
1408/1424 [============================>.] - ETA: 0s - loss: 0.6522 - acc: 0.7912
1424/1424 [==============================] - 19s 14ms/step - loss: 0.6503 - acc: 0.7914 - val_loss: 0.4818 - val_acc: 0.8319
Epoch 5/1000

  32/1424 [..............................] - ETA: 16s - loss: 0.4177 - acc: 0.8750
  64/1424 [>.............................] - ETA: 15s - loss: 0.4245 - acc: 0.8594
  96/1424 [=>............................] - ETA: 15s - loss: 0.4047 - acc: 0.8646
 128/1424 [=>............................] - ETA: 15s - loss: 0.3904 - acc: 0.8594
 160/1424 [==>...........................] - ETA: 14s - loss: 0.3944 - acc: 0.8750
 192/1424 [===>..........................] - ETA: 14s - loss: 0.4123 - acc: 0.8438
 224/1424 [===>..........................] - ETA: 13s - loss: 0.4186 - acc: 0.8438
 256/1424 [====>.........................] - ETA: 13s - loss: 0.4266 - acc: 0.8398
 288/1424 [=====>........................] - ETA: 13s - loss: 0.4243 - acc: 0.8403
 320/1424 [=====>........................] - ETA: 12s - loss: 0.4489 - acc: 0.8219
 352/1424 [======>.......................] - ETA: 12s - loss: 0.4502 - acc: 0.8239
 384/1424 [=======>......................] - ETA: 12s - loss: 0.4558 - acc: 0.8203
 416/1424 [=======>......................] - ETA: 11s - loss: 0.4569 - acc: 0.8197
 448/1424 [========>.....................] - ETA: 11s - loss: 0.4466 - acc: 0.8237
 480/1424 [=========>....................] - ETA: 10s - loss: 0.4503 - acc: 0.8167
 512/1424 [=========>....................] - ETA: 10s - loss: 0.4538 - acc: 0.8164
 544/1424 [==========>...................] - ETA: 10s - loss: 0.4526 - acc: 0.8162
 576/1424 [===========>..................] - ETA: 9s - loss: 0.4539 - acc: 0.8160 
 608/1424 [===========>..................] - ETA: 9s - loss: 0.4509 - acc: 0.8174
 640/1424 [============>.................] - ETA: 9s - loss: 0.4638 - acc: 0.8125
 672/1424 [=============>................] - ETA: 8s - loss: 0.4826 - acc: 0.8140
 704/1424 [=============>................] - ETA: 8s - loss: 0.4822 - acc: 0.8125
 736/1424 [==============>...............] - ETA: 8s - loss: 0.4750 - acc: 0.8179
 768/1424 [===============>..............] - ETA: 7s - loss: 0.4752 - acc: 0.8151
 800/1424 [===============>..............] - ETA: 7s - loss: 0.4702 - acc: 0.8187
 832/1424 [================>.............] - ETA: 6s - loss: 0.4672 - acc: 0.8185
 864/1424 [=================>............] - ETA: 6s - loss: 0.4623 - acc: 0.8206
 896/1424 [=================>............] - ETA: 6s - loss: 0.4618 - acc: 0.8192
 928/1424 [==================>...........] - ETA: 5s - loss: 0.4662 - acc: 0.8125
 960/1424 [===================>..........] - ETA: 5s - loss: 0.4872 - acc: 0.8135
 992/1424 [===================>..........] - ETA: 5s - loss: 0.4931 - acc: 0.8085
1024/1424 [====================>.........] - ETA: 4s - loss: 0.4912 - acc: 0.8076
1056/1424 [=====================>........] - ETA: 4s - loss: 0.5002 - acc: 0.8011
1088/1424 [=====================>........] - ETA: 3s - loss: 0.5111 - acc: 0.7941
1120/1424 [======================>.......] - ETA: 3s - loss: 0.5157 - acc: 0.7893
1152/1424 [=======================>......] - ETA: 3s - loss: 0.5243 - acc: 0.7847
1184/1424 [=======================>......] - ETA: 2s - loss: 0.5309 - acc: 0.7838
1216/1424 [========================>.....] - ETA: 2s - loss: 0.5513 - acc: 0.7722
1248/1424 [=========================>....] - ETA: 2s - loss: 0.5629 - acc: 0.7644
1280/1424 [=========================>....] - ETA: 1s - loss: 0.5712 - acc: 0.7555
1312/1424 [==========================>...] - ETA: 1s - loss: 0.5722 - acc: 0.7508
1344/1424 [===========================>..] - ETA: 0s - loss: 0.5775 - acc: 0.7440
1376/1424 [===========================>..] - ETA: 0s - loss: 0.5800 - acc: 0.7369
1408/1424 [============================>.] - ETA: 0s - loss: 0.5817 - acc: 0.7315
1424/1424 [==============================] - 19s 14ms/step - loss: 0.5829 - acc: 0.7282 - val_loss: 0.6158 - val_acc: 0.5579
Epoch 6/1000

  32/1424 [..............................] - ETA: 16s - loss: 0.6069 - acc: 0.5625
  64/1424 [>.............................] - ETA: 15s - loss: 0.6081 - acc: 0.5938
  96/1424 [=>............................] - ETA: 15s - loss: 0.6144 - acc: 0.5625
 128/1424 [=>............................] - ETA: 15s - loss: 0.6316 - acc: 0.5625
 160/1424 [==>...........................] - ETA: 14s - loss: 0.6280 - acc: 0.5938
 192/1424 [===>..........................] - ETA: 14s - loss: 0.6277 - acc: 0.5990
 224/1424 [===>..........................] - ETA: 13s - loss: 0.6250 - acc: 0.6295
 256/1424 [====>.........................] - ETA: 13s - loss: 0.6235 - acc: 0.6484
 288/1424 [=====>........................] - ETA: 13s - loss: 0.6213 - acc: 0.6632
 320/1424 [=====>........................] - ETA: 12s - loss: 0.6262 - acc: 0.6594
 352/1424 [======>.......................] - ETA: 12s - loss: 0.6258 - acc: 0.6705
 384/1424 [=======>......................] - ETA: 12s - loss: 0.6229 - acc: 0.6797
 416/1424 [=======>......................] - ETA: 11s - loss: 0.6215 - acc: 0.6899
 448/1424 [========>.....................] - ETA: 11s - loss: 0.6236 - acc: 0.6987
 480/1424 [=========>....................] - ETA: 10s - loss: 0.6248 - acc: 0.7021
 512/1424 [=========>....................] - ETA: 10s - loss: 0.6241 - acc: 0.7090
 544/1424 [==========>...................] - ETA: 10s - loss: 0.6245 - acc: 0.7132
 576/1424 [===========>..................] - ETA: 9s - loss: 0.6241 - acc: 0.7153 
 608/1424 [===========>..................] - ETA: 9s - loss: 0.6216 - acc: 0.7171
 640/1424 [============>.................] - ETA: 9s - loss: 0.6202 - acc: 0.7203
 672/1424 [=============>................] - ETA: 8s - loss: 0.6211 - acc: 0.7202
 704/1424 [=============>................] - ETA: 8s - loss: 0.6226 - acc: 0.7202
 736/1424 [==============>...............] - ETA: 8s - loss: 0.6249 - acc: 0.7215
 768/1424 [===============>..............] - ETA: 7s - loss: 0.6228 - acc: 0.7214
 800/1424 [===============>..............] - ETA: 7s - loss: 0.6235 - acc: 0.7188
 832/1424 [================>.............] - ETA: 6s - loss: 0.6201 - acc: 0.7248
 864/1424 [=================>............] - ETA: 6s - loss: 0.6194 - acc: 0.7269
 896/1424 [=================>............] - ETA: 6s - loss: 0.6201 - acc: 0.7232
 928/1424 [==================>...........] - ETA: 5s - loss: 0.6194 - acc: 0.7220
 960/1424 [===================>..........] - ETA: 5s - loss: 0.6186 - acc: 0.7219
 992/1424 [===================>..........] - ETA: 5s - loss: 0.6196 - acc: 0.7188
1024/1424 [====================>.........] - ETA: 4s - loss: 0.6172 - acc: 0.7207
1056/1424 [=====================>........] - ETA: 4s - loss: 0.6170 - acc: 0.7178
1088/1424 [=====================>........] - ETA: 3s - loss: 0.6150 - acc: 0.7188
1120/1424 [======================>.......] - ETA: 3s - loss: 0.6134 - acc: 0.7214
1152/1424 [=======================>......] - ETA: 3s - loss: 0.6141 - acc: 0.7188
1184/1424 [=======================>......] - ETA: 2s - loss: 0.6133 - acc: 0.7171
1216/1424 [========================>.....] - ETA: 2s - loss: 0.6119 - acc: 0.7188
1248/1424 [=========================>....] - ETA: 2s - loss: 0.6108 - acc: 0.7212
1280/1424 [=========================>....] - ETA: 1s - loss: 0.6091 - acc: 0.7250
1312/1424 [==========================>...] - ETA: 1s - loss: 0.6072 - acc: 0.7256
1344/1424 [===========================>..] - ETA: 0s - loss: 0.6059 - acc: 0.7247
1376/1424 [===========================>..] - ETA: 0s - loss: 0.6062 - acc: 0.7231
1408/1424 [============================>.] - ETA: 0s - loss: 0.6047 - acc: 0.7237
1424/1424 [==============================] - 19s 14ms/step - loss: 0.6032 - acc: 0.7254 - val_loss: 0.5606 - val_acc: 0.7528
Epoch 7/1000

  32/1424 [..............................] - ETA: 16s - loss: 0.6370 - acc: 0.6875
  64/1424 [>.............................] - ETA: 15s - loss: 0.7403 - acc: 0.6875
  96/1424 [=>............................] - ETA: 15s - loss: 0.6790 - acc: 0.7188
 128/1424 [=>............................] - ETA: 15s - loss: 0.6369 - acc: 0.7344
 160/1424 [==>...........................] - ETA: 14s - loss: 0.6205 - acc: 0.7625
 192/1424 [===>..........................] - ETA: 14s - loss: 0.6180 - acc: 0.7448
 224/1424 [===>..........................] - ETA: 13s - loss: 0.6069 - acc: 0.7589
 256/1424 [====>.........................] - ETA: 13s - loss: 0.5973 - acc: 0.7734
 288/1424 [=====>........................] - ETA: 13s - loss: 0.5911 - acc: 0.7847
 320/1424 [=====>........................] - ETA: 12s - loss: 0.5922 - acc: 0.7812
 352/1424 [======>.......................] - ETA: 12s - loss: 0.5997 - acc: 0.7784
 384/1424 [=======>......................] - ETA: 12s - loss: 0.5979 - acc: 0.7839
 416/1424 [=======>......................] - ETA: 11s - loss: 0.5974 - acc: 0.7885
 448/1424 [========>.....................] - ETA: 11s - loss: 0.5955 - acc: 0.7946
 480/1424 [=========>....................] - ETA: 10s - loss: 0.5974 - acc: 0.7917
 512/1424 [=========>....................] - ETA: 10s - loss: 0.5986 - acc: 0.7910
 544/1424 [==========>...................] - ETA: 10s - loss: 0.5977 - acc: 0.7941
 576/1424 [===========>..................] - ETA: 9s - loss: 0.5969 - acc: 0.8003 
 608/1424 [===========>..................] - ETA: 9s - loss: 0.5960 - acc: 0.8026
 640/1424 [============>.................] - ETA: 9s - loss: 0.5950 - acc: 0.8000
 672/1424 [=============>................] - ETA: 8s - loss: 0.5933 - acc: 0.8036
 704/1424 [=============>................] - ETA: 8s - loss: 0.5924 - acc: 0.8011
 736/1424 [==============>...............] - ETA: 8s - loss: 0.5921 - acc: 0.7989
 768/1424 [===============>..............] - ETA: 7s - loss: 0.5920 - acc: 0.7982
 800/1424 [===============>..............] - ETA: 7s - loss: 0.5914 - acc: 0.7963
 832/1424 [================>.............] - ETA: 6s - loss: 0.5925 - acc: 0.7909
 864/1424 [=================>............] - ETA: 6s - loss: 0.5912 - acc: 0.7928
 896/1424 [=================>............] - ETA: 6s - loss: 0.5887 - acc: 0.7924
 928/1424 [==================>...........] - ETA: 5s - loss: 0.5881 - acc: 0.7920
 960/1424 [===================>..........] - ETA: 5s - loss: 0.5902 - acc: 0.7875
 992/1424 [===================>..........] - ETA: 5s - loss: 0.5906 - acc: 0.7873
1024/1424 [====================>.........] - ETA: 4s - loss: 0.5903 - acc: 0.7852
1056/1424 [=====================>........] - ETA: 4s - loss: 0.5888 - acc: 0.7850
1088/1424 [=====================>........] - ETA: 3s - loss: 0.5887 - acc: 0.7858
1120/1424 [======================>.......] - ETA: 3s - loss: 0.5874 - acc: 0.7857
1152/1424 [=======================>......] - ETA: 3s - loss: 0.5842 - acc: 0.7873
1184/1424 [=======================>......] - ETA: 2s - loss: 0.5848 - acc: 0.7846
1216/1424 [========================>.....] - ETA: 2s - loss: 0.5848 - acc: 0.7837
1248/1424 [=========================>....] - ETA: 2s - loss: 0.5854 - acc: 0.7829
1280/1424 [=========================>....] - ETA: 1s - loss: 0.5857 - acc: 0.7805
1312/1424 [==========================>...] - ETA: 1s - loss: 0.5845 - acc: 0.7790
1344/1424 [===========================>..] - ETA: 0s - loss: 0.5864 - acc: 0.7768
1376/1424 [===========================>..] - ETA: 0s - loss: 0.5854 - acc: 0.7762
1408/1424 [============================>.] - ETA: 0s - loss: 0.5865 - acc: 0.7749
1424/1424 [==============================] - 19s 14ms/step - loss: 0.5872 - acc: 0.7732 - val_loss: 0.5384 - val_acc: 0.8234
Epoch 8/1000

  32/1424 [..............................] - ETA: 16s - loss: 0.5192 - acc: 0.7812
  64/1424 [>.............................] - ETA: 15s - loss: 0.5293 - acc: 0.8281
  96/1424 [=>............................] - ETA: 15s - loss: 0.5145 - acc: 0.8750
 128/1424 [=>............................] - ETA: 15s - loss: 0.5049 - acc: 0.8906
 160/1424 [==>...........................] - ETA: 14s - loss: 0.5233 - acc: 0.8812
 192/1424 [===>..........................] - ETA: 14s - loss: 0.5359 - acc: 0.8646
 224/1424 [===>..........................] - ETA: 14s - loss: 0.5291 - acc: 0.8571
 256/1424 [====>.........................] - ETA: 13s - loss: 0.5324 - acc: 0.8555
 288/1424 [=====>........................] - ETA: 13s - loss: 0.5398 - acc: 0.8472
 320/1424 [=====>........................] - ETA: 12s - loss: 0.5339 - acc: 0.8500
 352/1424 [======>.......................] - ETA: 12s - loss: 0.5353 - acc: 0.8466
 384/1424 [=======>......................] - ETA: 12s - loss: 0.5334 - acc: 0.8333
 416/1424 [=======>......................] - ETA: 11s - loss: 0.5364 - acc: 0.8317
 448/1424 [========>.....................] - ETA: 11s - loss: 0.5293 - acc: 0.8348
 480/1424 [=========>....................] - ETA: 11s - loss: 0.5312 - acc: 0.8292
 512/1424 [=========>....................] - ETA: 10s - loss: 0.5311 - acc: 0.8301
 544/1424 [==========>...................] - ETA: 10s - loss: 0.5328 - acc: 0.8290
 576/1424 [===========>..................] - ETA: 9s - loss: 0.5281 - acc: 0.8299 
 608/1424 [===========>..................] - ETA: 9s - loss: 0.5257 - acc: 0.8289
 640/1424 [============>.................] - ETA: 9s - loss: 0.5201 - acc: 0.8297
 672/1424 [=============>................] - ETA: 8s - loss: 0.5224 - acc: 0.8259
 704/1424 [=============>................] - ETA: 8s - loss: 0.5203 - acc: 0.8267
 736/1424 [==============>...............] - ETA: 8s - loss: 0.5188 - acc: 0.8261
 768/1424 [===============>..............] - ETA: 7s - loss: 0.5167 - acc: 0.8268
 800/1424 [===============>..............] - ETA: 7s - loss: 0.5120 - acc: 0.8287
 832/1424 [================>.............] - ETA: 6s - loss: 0.5124 - acc: 0.8269
 864/1424 [=================>............] - ETA: 6s - loss: 0.5251 - acc: 0.8252
 896/1424 [=================>............] - ETA: 6s - loss: 0.5266 - acc: 0.8192
 928/1424 [==================>...........] - ETA: 5s - loss: 0.5283 - acc: 0.8179
 960/1424 [===================>..........] - ETA: 5s - loss: 0.5587 - acc: 0.8156
 992/1424 [===================>..........] - ETA: 5s - loss: 0.5556 - acc: 0.8145
1024/1424 [====================>.........] - ETA: 4s - loss: 0.5530 - acc: 0.8115
1056/1424 [=====================>........] - ETA: 4s - loss: 0.6030 - acc: 0.8078
1088/1424 [=====================>........] - ETA: 3s - loss: 0.6277 - acc: 0.8042
1120/1424 [======================>.......] - ETA: 3s - loss: 0.6436 - acc: 0.8080
1152/1424 [=======================>......] - ETA: 3s - loss: 0.7028 - acc: 0.8047
1184/1424 [=======================>......] - ETA: 2s - loss: 0.7875 - acc: 0.8015
1216/1424 [========================>.....] - ETA: 2s - loss: 0.7934 - acc: 0.7993
1248/1424 [=========================>....] - ETA: 2s - loss: 0.7895 - acc: 0.7973
1280/1424 [=========================>....] - ETA: 1s - loss: 0.7807 - acc: 0.7984
1312/1424 [==========================>...] - ETA: 1s - loss: 0.7719 - acc: 0.8003
1344/1424 [===========================>..] - ETA: 0s - loss: 0.7642 - acc: 0.8006
1376/1424 [===========================>..] - ETA: 0s - loss: 0.7556 - acc: 0.8023
1408/1424 [============================>.] - ETA: 0s - loss: 0.7496 - acc: 0.8040
1424/1424 [==============================] - 19s 14ms/step - loss: 0.7456 - acc: 0.8034 - val_loss: 0.4850 - val_acc: 0.7797
Epoch 9/1000

  32/1424 [..............................] - ETA: 16s - loss: 0.4118 - acc: 0.8750
  64/1424 [>.............................] - ETA: 15s - loss: 0.4711 - acc: 0.8438
  96/1424 [=>............................] - ETA: 15s - loss: 0.6870 - acc: 0.7604
 128/1424 [=>............................] - ETA: 15s - loss: 0.6472 - acc: 0.7734
 160/1424 [==>...........................] - ETA: 14s - loss: 0.6399 - acc: 0.7812
 192/1424 [===>..........................] - ETA: 14s - loss: 0.6122 - acc: 0.7812
 224/1424 [===>..........................] - ETA: 13s - loss: 0.6111 - acc: 0.7679
 256/1424 [====>.........................] - ETA: 13s - loss: 0.5957 - acc: 0.7617
 288/1424 [=====>........................] - ETA: 13s - loss: 0.5860 - acc: 0.7743
 320/1424 [=====>........................] - ETA: 12s - loss: 0.5875 - acc: 0.7719
 352/1424 [======>.......................] - ETA: 12s - loss: 0.5824 - acc: 0.7699
 384/1424 [=======>......................] - ETA: 12s - loss: 0.5762 - acc: 0.7734
 416/1424 [=======>......................] - ETA: 11s - loss: 0.5698 - acc: 0.7740
 448/1424 [========>.....................] - ETA: 11s - loss: 0.5677 - acc: 0.7701
 480/1424 [=========>....................] - ETA: 10s - loss: 0.5624 - acc: 0.7688
 512/1424 [=========>....................] - ETA: 10s - loss: 0.5628 - acc: 0.7656
 544/1424 [==========>...................] - ETA: 10s - loss: 0.5613 - acc: 0.7665
 576/1424 [===========>..................] - ETA: 9s - loss: 0.5617 - acc: 0.7656 
 608/1424 [===========>..................] - ETA: 9s - loss: 0.5625 - acc: 0.7648
 640/1424 [============>.................] - ETA: 9s - loss: 0.5609 - acc: 0.7641
 672/1424 [=============>................] - ETA: 8s - loss: 0.5570 - acc: 0.7664
 704/1424 [=============>................] - ETA: 8s - loss: 0.5528 - acc: 0.7699
 736/1424 [==============>...............] - ETA: 8s - loss: 0.5501 - acc: 0.7745
 768/1424 [===============>..............] - ETA: 7s - loss: 0.5490 - acc: 0.7721
 800/1424 [===============>..............] - ETA: 7s - loss: 0.5460 - acc: 0.7738
 832/1424 [================>.............] - ETA: 6s - loss: 0.5406 - acc: 0.7788
 864/1424 [=================>............] - ETA: 6s - loss: 0.5574 - acc: 0.7755
 896/1424 [=================>............] - ETA: 6s - loss: 0.5530 - acc: 0.7768
 928/1424 [==================>...........] - ETA: 5s - loss: 0.5471 - acc: 0.7791
 960/1424 [===================>..........] - ETA: 5s - loss: 0.5439 - acc: 0.7781
 992/1424 [===================>..........] - ETA: 5s - loss: 0.5403 - acc: 0.7792
1024/1424 [====================>.........] - ETA: 4s - loss: 0.5362 - acc: 0.7803
1056/1424 [=====================>........] - ETA: 4s - loss: 0.5338 - acc: 0.7822
1088/1424 [=====================>........] - ETA: 3s - loss: 0.5292 - acc: 0.7831
1120/1424 [======================>.......] - ETA: 3s - loss: 0.5259 - acc: 0.7857
1152/1424 [=======================>......] - ETA: 3s - loss: 0.5242 - acc: 0.7856
1184/1424 [=======================>......] - ETA: 2s - loss: 0.5252 - acc: 0.7855
1216/1424 [========================>.....] - ETA: 2s - loss: 0.5232 - acc: 0.7862
1248/1424 [=========================>....] - ETA: 2s - loss: 0.5196 - acc: 0.7861
1280/1424 [=========================>....] - ETA: 1s - loss: 0.5181 - acc: 0.7859
1312/1424 [==========================>...] - ETA: 1s - loss: 0.5156 - acc: 0.7866
1344/1424 [===========================>..] - ETA: 0s - loss: 0.5167 - acc: 0.7842
1376/1424 [===========================>..] - ETA: 0s - loss: 0.5128 - acc: 0.7856
1408/1424 [============================>.] - ETA: 0s - loss: 0.5133 - acc: 0.7848
1424/1424 [==============================] - 19s 14ms/step - loss: 0.5159 - acc: 0.7844 - val_loss: 0.4925 - val_acc: 0.8249
Epoch 10/1000

  32/1424 [..............................] - ETA: 16s - loss: 0.3929 - acc: 0.7500
  64/1424 [>.............................] - ETA: 15s - loss: 0.6796 - acc: 0.7656
  96/1424 [=>............................] - ETA: 15s - loss: 0.7592 - acc: 0.7708
 128/1424 [=>............................] - ETA: 15s - loss: 0.6613 - acc: 0.7891
 160/1424 [==>...........................] - ETA: 14s - loss: 0.7194 - acc: 0.7812
 192/1424 [===>..........................] - ETA: 14s - loss: 0.6971 - acc: 0.7708
 224/1424 [===>..........................] - ETA: 13s - loss: 0.6779 - acc: 0.7679
 256/1424 [====>.........................] - ETA: 13s - loss: 0.6467 - acc: 0.7734
 288/1424 [=====>........................] - ETA: 13s - loss: 0.6143 - acc: 0.7778
 320/1424 [=====>........................] - ETA: 12s - loss: 0.5964 - acc: 0.7812
 352/1424 [======>.......................] - ETA: 12s - loss: 0.6258 - acc: 0.7841
 384/1424 [=======>......................] - ETA: 12s - loss: 0.6107 - acc: 0.7865
 416/1424 [=======>......................] - ETA: 11s - loss: 0.6404 - acc: 0.7788
 448/1424 [========>.....................] - ETA: 11s - loss: 0.6369 - acc: 0.7790
 480/1424 [=========>....................] - ETA: 10s - loss: 0.6196 - acc: 0.7812
 512/1424 [=========>....................] - ETA: 10s - loss: 0.6123 - acc: 0.7832
 544/1424 [==========>...................] - ETA: 10s - loss: 0.6123 - acc: 0.7812
 576/1424 [===========>..................] - ETA: 9s - loss: 0.5935 - acc: 0.7899 
 608/1424 [===========>..................] - ETA: 9s - loss: 0.5951 - acc: 0.7812
 640/1424 [============>.................] - ETA: 9s - loss: 0.5829 - acc: 0.7812
 672/1424 [=============>................] - ETA: 8s - loss: 0.5768 - acc: 0.7812
 704/1424 [=============>................] - ETA: 8s - loss: 0.5653 - acc: 0.7855
 736/1424 [==============>...............] - ETA: 7s - loss: 0.5560 - acc: 0.7894
 768/1424 [===============>..............] - ETA: 7s - loss: 0.5457 - acc: 0.7930
 800/1424 [===============>..............] - ETA: 7s - loss: 0.5410 - acc: 0.7975
 832/1424 [================>.............] - ETA: 6s - loss: 0.5381 - acc: 0.7921
 864/1424 [=================>............] - ETA: 6s - loss: 0.5320 - acc: 0.7940
 896/1424 [=================>............] - ETA: 6s - loss: 0.5268 - acc: 0.7958
 928/1424 [==================>...........] - ETA: 5s - loss: 0.5247 - acc: 0.7920
 960/1424 [===================>..........] - ETA: 5s - loss: 0.5226 - acc: 0.7948
 992/1424 [===================>..........] - ETA: 5s - loss: 0.5227 - acc: 0.7923
1024/1424 [====================>.........] - ETA: 4s - loss: 0.5258 - acc: 0.7891
1056/1424 [=====================>........] - ETA: 4s - loss: 0.5242 - acc: 0.7888
1088/1424 [=====================>........] - ETA: 3s - loss: 0.5195 - acc: 0.7904
1120/1424 [======================>.......] - ETA: 3s - loss: 0.5181 - acc: 0.7902
1152/1424 [=======================>......] - ETA: 3s - loss: 0.5179 - acc: 0.7882
1184/1424 [=======================>......] - ETA: 2s - loss: 0.5147 - acc: 0.7889
1216/1424 [========================>.....] - ETA: 2s - loss: 0.5079 - acc: 0.7911
1248/1424 [=========================>....] - ETA: 2s - loss: 0.5084 - acc: 0.7893
1280/1424 [=========================>....] - ETA: 1s - loss: 0.5158 - acc: 0.7914
1312/1424 [==========================>...] - ETA: 1s - loss: 0.5121 - acc: 0.7927
1344/1424 [===========================>..] - ETA: 0s - loss: 0.5055 - acc: 0.7954
1376/1424 [===========================>..] - ETA: 0s - loss: 0.5048 - acc: 0.7980
1408/1424 [============================>.] - ETA: 0s - loss: 0.5034 - acc: 0.7962
1424/1424 [==============================] - 19s 14ms/step - loss: 0.5024 - acc: 0.7949 - val_loss: 0.4786 - val_acc: 0.8545
Epoch 11/1000

  32/1424 [..............................] - ETA: 16s - loss: 0.3202 - acc: 0.9375
  64/1424 [>.............................] - ETA: 15s - loss: 0.3838 - acc: 0.8594
  96/1424 [=>............................] - ETA: 15s - loss: 0.4466 - acc: 0.8125
 128/1424 [=>............................] - ETA: 15s - loss: 0.4299 - acc: 0.8203
 160/1424 [==>...........................] - ETA: 14s - loss: 0.4423 - acc: 0.8000
 192/1424 [===>..........................] - ETA: 14s - loss: 0.4158 - acc: 0.8229
 224/1424 [===>..........................] - ETA: 14s - loss: 0.4863 - acc: 0.8125
 256/1424 [====>.........................] - ETA: 13s - loss: 0.4720 - acc: 0.8242
 288/1424 [=====>........................] - ETA: 13s - loss: 0.4564 - acc: 0.8368
 320/1424 [=====>........................] - ETA: 12s - loss: 0.4649 - acc: 0.8281
 352/1424 [======>.......................] - ETA: 12s - loss: 0.4696 - acc: 0.8210
 384/1424 [=======>......................] - ETA: 12s - loss: 0.4518 - acc: 0.8281
 416/1424 [=======>......................] - ETA: 11s - loss: 0.4419 - acc: 0.8341
 448/1424 [========>.....................] - ETA: 11s - loss: 0.4487 - acc: 0.8237
 480/1424 [=========>....................] - ETA: 11s - loss: 0.4403 - acc: 0.8292
 512/1424 [=========>....................] - ETA: 10s - loss: 0.4431 - acc: 0.8242
 544/1424 [==========>...................] - ETA: 10s - loss: 0.4435 - acc: 0.8199
 576/1424 [===========>..................] - ETA: 9s - loss: 0.4404 - acc: 0.8212 
 608/1424 [===========>..................] - ETA: 9s - loss: 0.4414 - acc: 0.8191
 640/1424 [============>.................] - ETA: 9s - loss: 0.4455 - acc: 0.8156
 672/1424 [=============>................] - ETA: 8s - loss: 0.4447 - acc: 0.8155
 704/1424 [=============>................] - ETA: 8s - loss: 0.4420 - acc: 0.8182
 736/1424 [==============>...............] - ETA: 8s - loss: 0.4518 - acc: 0.8139
 768/1424 [===============>..............] - ETA: 7s - loss: 0.4502 - acc: 0.8138
 800/1424 [===============>..............] - ETA: 7s - loss: 0.4481 - acc: 0.8137
 832/1424 [================>.............] - ETA: 6s - loss: 0.4655 - acc: 0.8113
 864/1424 [=================>............] - ETA: 6s - loss: 0.4618 - acc: 0.8148
 896/1424 [=================>............] - ETA: 6s - loss: 0.4635 - acc: 0.8103
 928/1424 [==================>...........] - ETA: 5s - loss: 0.4628 - acc: 0.8103
 960/1424 [===================>..........] - ETA: 5s - loss: 0.4619 - acc: 0.8104
 992/1424 [===================>..........] - ETA: 5s - loss: 0.4616 - acc: 0.8095
1024/1424 [====================>.........] - ETA: 4s - loss: 0.4630 - acc: 0.8086
1056/1424 [=====================>........] - ETA: 4s - loss: 0.4630 - acc: 0.8087
1088/1424 [=====================>........] - ETA: 3s - loss: 0.4640 - acc: 0.8079
1120/1424 [======================>.......] - ETA: 3s - loss: 0.4681 - acc: 0.8045
1152/1424 [=======================>......] - ETA: 3s - loss: 0.4653 - acc: 0.8073
1184/1424 [=======================>......] - ETA: 2s - loss: 0.4631 - acc: 0.8091
1216/1424 [========================>.....] - ETA: 2s - loss: 0.4641 - acc: 0.8067
1248/1424 [=========================>....] - ETA: 2s - loss: 0.4622 - acc: 0.8077
1280/1424 [=========================>....] - ETA: 1s - loss: 0.4637 - acc: 0.8078
1312/1424 [==========================>...] - ETA: 1s - loss: 0.4643 - acc: 0.8072
1344/1424 [===========================>..] - ETA: 0s - loss: 0.4643 - acc: 0.8073
1376/1424 [===========================>..] - ETA: 0s - loss: 0.4629 - acc: 0.8081
1408/1424 [============================>.] - ETA: 0s - loss: 0.4641 - acc: 0.8061
1424/1424 [==============================] - 19s 14ms/step - loss: 0.4660 - acc: 0.8055 - val_loss: 0.4253 - val_acc: 0.8517
Epoch 12/1000

  32/1424 [..............................] - ETA: 16s - loss: 0.5973 - acc: 0.7188
  64/1424 [>.............................] - ETA: 15s - loss: 0.4676 - acc: 0.8125
  96/1424 [=>............................] - ETA: 15s - loss: 0.4616 - acc: 0.8229
 128/1424 [=>............................] - ETA: 15s - loss: 0.4655 - acc: 0.8125
 160/1424 [==>...........................] - ETA: 14s - loss: 0.4882 - acc: 0.8000
 192/1424 [===>..........................] - ETA: 14s - loss: 0.4762 - acc: 0.8073
 224/1424 [===>..........................] - ETA: 13s - loss: 0.4661 - acc: 0.8125
 256/1424 [====>.........................] - ETA: 13s - loss: 0.4684 - acc: 0.8125
 288/1424 [=====>........................] - ETA: 13s - loss: 0.4597 - acc: 0.8125
 320/1424 [=====>........................] - ETA: 12s - loss: 0.4598 - acc: 0.8187
 352/1424 [======>.......................] - ETA: 12s - loss: 0.4428 - acc: 0.8324
 384/1424 [=======>......................] - ETA: 12s - loss: 0.4477 - acc: 0.8177
 416/1424 [=======>......................] - ETA: 11s - loss: 0.4479 - acc: 0.8173
 448/1424 [========>.....................] - ETA: 11s - loss: 0.4425 - acc: 0.8192
 480/1424 [=========>....................] - ETA: 11s - loss: 0.4368 - acc: 0.8208
 512/1424 [=========>....................] - ETA: 10s - loss: 0.4365 - acc: 0.8223
 544/1424 [==========>...................] - ETA: 10s - loss: 0.4413 - acc: 0.8235
 576/1424 [===========>..................] - ETA: 9s - loss: 0.4372 - acc: 0.8247 
 608/1424 [===========>..................] - ETA: 9s - loss: 0.4370 - acc: 0.8224
 640/1424 [============>.................] - ETA: 9s - loss: 0.4481 - acc: 0.8156
 672/1424 [=============>................] - ETA: 8s - loss: 0.4500 - acc: 0.8214
 704/1424 [=============>................] - ETA: 8s - loss: 0.4504 - acc: 0.8196
 736/1424 [==============>...............] - ETA: 8s - loss: 0.4535 - acc: 0.8152
 768/1424 [===============>..............] - ETA: 7s - loss: 0.4526 - acc: 0.8138
 800/1424 [===============>..............] - ETA: 7s - loss: 0.4494 - acc: 0.8175
 832/1424 [================>.............] - ETA: 6s - loss: 0.4482 - acc: 0.8197
 864/1424 [=================>............] - ETA: 6s - loss: 0.4438 - acc: 0.8218
 896/1424 [=================>............] - ETA: 6s - loss: 0.4447 - acc: 0.8192
 928/1424 [==================>...........] - ETA: 5s - loss: 0.4449 - acc: 0.8200
 960/1424 [===================>..........] - ETA: 5s - loss: 0.4429 - acc: 0.8208
 992/1424 [===================>..........] - ETA: 5s - loss: 0.4475 - acc: 0.8196
1024/1424 [====================>.........] - ETA: 4s - loss: 0.4449 - acc: 0.8213
1056/1424 [=====================>........] - ETA: 4s - loss: 0.4480 - acc: 0.8182
1088/1424 [=====================>........] - ETA: 3s - loss: 0.4451 - acc: 0.8199
1120/1424 [======================>.......] - ETA: 3s - loss: 0.4402 - acc: 0.8214
1152/1424 [=======================>......] - ETA: 3s - loss: 0.4364 - acc: 0.8220
1184/1424 [=======================>......] - ETA: 2s - loss: 0.4382 - acc: 0.8193
1216/1424 [========================>.....] - ETA: 2s - loss: 0.4373 - acc: 0.8215
1248/1424 [=========================>....] - ETA: 2s - loss: 0.4357 - acc: 0.8213
1280/1424 [=========================>....] - ETA: 1s - loss: 0.4351 - acc: 0.8211
1312/1424 [==========================>...] - ETA: 1s - loss: 0.4368 - acc: 0.8216
1344/1424 [===========================>..] - ETA: 0s - loss: 0.4351 - acc: 0.8222
1376/1424 [===========================>..] - ETA: 0s - loss: 0.4321 - acc: 0.8241
1408/1424 [============================>.] - ETA: 0s - loss: 0.4341 - acc: 0.8224
1424/1424 [==============================] - 19s 14ms/step - loss: 0.4365 - acc: 0.8209 - val_loss: 0.4213 - val_acc: 0.8460
Epoch 13/1000

  32/1424 [..............................] - ETA: 16s - loss: 0.3967 - acc: 0.8438
  64/1424 [>.............................] - ETA: 15s - loss: 0.4807 - acc: 0.7812
  96/1424 [=>............................] - ETA: 15s - loss: 0.4289 - acc: 0.8021
 128/1424 [=>............................] - ETA: 15s - loss: 0.4326 - acc: 0.8203
 160/1424 [==>...........................] - ETA: 14s - loss: 0.4486 - acc: 0.8063
 192/1424 [===>..........................] - ETA: 14s - loss: 0.4230 - acc: 0.8281
 224/1424 [===>..........................] - ETA: 13s - loss: 0.4215 - acc: 0.8259
 256/1424 [====>.........................] - ETA: 13s - loss: 0.4278 - acc: 0.8320
 288/1424 [=====>........................] - ETA: 13s - loss: 0.4283 - acc: 0.8229
 320/1424 [=====>........................] - ETA: 12s - loss: 0.4351 - acc: 0.8156
 352/1424 [======>.......................] - ETA: 12s - loss: 0.4241 - acc: 0.8239
 384/1424 [=======>......................] - ETA: 12s - loss: 0.4203 - acc: 0.8255
 416/1424 [=======>......................] - ETA: 11s - loss: 0.4244 - acc: 0.8197
 448/1424 [========>.....................] - ETA: 11s - loss: 0.4303 - acc: 0.8192
 480/1424 [=========>....................] - ETA: 11s - loss: 0.4315 - acc: 0.8125
 512/1424 [=========>....................] - ETA: 10s - loss: 0.4342 - acc: 0.8125
 544/1424 [==========>...................] - ETA: 10s - loss: 0.4373 - acc: 0.8070
 576/1424 [===========>..................] - ETA: 9s - loss: 0.4375 - acc: 0.8090 
 608/1424 [===========>..................] - ETA: 9s - loss: 0.4275 - acc: 0.8158
 640/1424 [============>.................] - ETA: 9s - loss: 0.4208 - acc: 0.8187
 672/1424 [=============>................] - ETA: 8s - loss: 0.4136 - acc: 0.8229
 704/1424 [=============>................] - ETA: 8s - loss: 0.4119 - acc: 0.8239
 736/1424 [==============>...............] - ETA: 8s - loss: 0.4083 - acc: 0.8261
 768/1424 [===============>..............] - ETA: 7s - loss: 0.4028 - acc: 0.8320
 800/1424 [===============>..............] - ETA: 7s - loss: 0.4030 - acc: 0.8337
 832/1424 [================>.............] - ETA: 6s - loss: 0.4019 - acc: 0.8329
 864/1424 [=================>............] - ETA: 6s - loss: 0.4074 - acc: 0.8299
 896/1424 [=================>............] - ETA: 6s - loss: 0.4211 - acc: 0.8315
 928/1424 [==================>...........] - ETA: 5s - loss: 0.4391 - acc: 0.8297
 960/1424 [===================>..........] - ETA: 5s - loss: 0.4534 - acc: 0.8281
 992/1424 [===================>..........] - ETA: 5s - loss: 0.4515 - acc: 0.8286
1024/1424 [====================>.........] - ETA: 4s - loss: 0.4535 - acc: 0.8271
1056/1424 [=====================>........] - ETA: 4s - loss: 0.4499 - acc: 0.8267
1088/1424 [=====================>........] - ETA: 3s - loss: 0.4498 - acc: 0.8281
1120/1424 [======================>.......] - ETA: 3s - loss: 0.4443 - acc: 0.8295
1152/1424 [=======================>......] - ETA: 3s - loss: 0.4441 - acc: 0.8290
1184/1424 [=======================>......] - ETA: 2s - loss: 0.4404 - acc: 0.8311
1216/1424 [========================>.....] - ETA: 2s - loss: 0.4340 - acc: 0.8347
1248/1424 [=========================>....] - ETA: 2s - loss: 0.4373 - acc: 0.8333
1280/1424 [=========================>....] - ETA: 1s - loss: 0.4377 - acc: 0.8313
1312/1424 [==========================>...] - ETA: 1s - loss: 0.4354 - acc: 0.8308
1344/1424 [===========================>..] - ETA: 0s - loss: 0.4376 - acc: 0.8289
1376/1424 [===========================>..] - ETA: 0s - loss: 0.4376 - acc: 0.8278
1408/1424 [============================>.] - ETA: 0s - loss: 0.4417 - acc: 0.8260
1424/1424 [==============================] - 19s 14ms/step - loss: 0.4410 - acc: 0.8258 - val_loss: 0.4258 - val_acc: 0.8531
Epoch 14/1000

  32/1424 [..............................] - ETA: 16s - loss: 0.3421 - acc: 0.8125
  64/1424 [>.............................] - ETA: 15s - loss: 0.3644 - acc: 0.8438
  96/1424 [=>............................] - ETA: 15s - loss: 0.4099 - acc: 0.8438
 128/1424 [=>............................] - ETA: 15s - loss: 0.4038 - acc: 0.8359
 160/1424 [==>...........................] - ETA: 14s - loss: 0.3940 - acc: 0.8375
 192/1424 [===>..........................] - ETA: 14s - loss: 0.4193 - acc: 0.8385
 224/1424 [===>..........................] - ETA: 14s - loss: 0.4032 - acc: 0.8438
 256/1424 [====>.........................] - ETA: 13s - loss: 0.4036 - acc: 0.8398
 288/1424 [=====>........................] - ETA: 13s - loss: 0.4635 - acc: 0.8299
 320/1424 [=====>........................] - ETA: 12s - loss: 0.4559 - acc: 0.8344
 352/1424 [======>.......................] - ETA: 12s - loss: 0.4506 - acc: 0.8324
 384/1424 [=======>......................] - ETA: 12s - loss: 0.4462 - acc: 0.8281
 416/1424 [=======>......................] - ETA: 11s - loss: 0.4357 - acc: 0.8317
 448/1424 [========>.....................] - ETA: 11s - loss: 0.4637 - acc: 0.8348
 480/1424 [=========>....................] - ETA: 11s - loss: 0.4626 - acc: 0.8354
 512/1424 [=========>....................] - ETA: 10s - loss: 0.4554 - acc: 0.8379
 544/1424 [==========>...................] - ETA: 10s - loss: 0.4529 - acc: 0.8346
 576/1424 [===========>..................] - ETA: 9s - loss: 0.4437 - acc: 0.8403 
 608/1424 [===========>..................] - ETA: 9s - loss: 0.4460 - acc: 0.8372
 640/1424 [============>.................] - ETA: 9s - loss: 0.4477 - acc: 0.8313
 672/1424 [=============>................] - ETA: 8s - loss: 0.4405 - acc: 0.8348
 704/1424 [=============>................] - ETA: 8s - loss: 0.4367 - acc: 0.8366
 736/1424 [==============>...............] - ETA: 8s - loss: 0.4309 - acc: 0.8410
 768/1424 [===============>..............] - ETA: 7s - loss: 0.4467 - acc: 0.8398
 800/1424 [===============>..............] - ETA: 7s - loss: 0.4468 - acc: 0.8375
 832/1424 [================>.............] - ETA: 6s - loss: 0.4445 - acc: 0.8377
 864/1424 [=================>............] - ETA: 6s - loss: 0.4409 - acc: 0.8391
 896/1424 [=================>............] - ETA: 6s - loss: 0.4379 - acc: 0.8404
 928/1424 [==================>...........] - ETA: 5s - loss: 0.4363 - acc: 0.8394
 960/1424 [===================>..........] - ETA: 5s - loss: 0.4408 - acc: 0.8365
 992/1424 [===================>..........] - ETA: 5s - loss: 0.4567 - acc: 0.8347
1024/1424 [====================>.........] - ETA: 4s - loss: 0.4577 - acc: 0.8340
1056/1424 [=====================>........] - ETA: 4s - loss: 0.4557 - acc: 0.8333
1088/1424 [=====================>........] - ETA: 3s - loss: 0.4518 - acc: 0.8355
1120/1424 [======================>.......] - ETA: 3s - loss: 0.4487 - acc: 0.8366
1152/1424 [=======================>......] - ETA: 3s - loss: 0.4513 - acc: 0.8333
1184/1424 [=======================>......] - ETA: 2s - loss: 0.4498 - acc: 0.8345
1216/1424 [========================>.....] - ETA: 2s - loss: 0.4474 - acc: 0.8347
1248/1424 [=========================>....] - ETA: 2s - loss: 0.4460 - acc: 0.8357
1280/1424 [=========================>....] - ETA: 1s - loss: 0.4507 - acc: 0.8344
1312/1424 [==========================>...] - ETA: 1s - loss: 0.4503 - acc: 0.8331
1344/1424 [===========================>..] - ETA: 0s - loss: 0.4528 - acc: 0.8333
1376/1424 [===========================>..] - ETA: 0s - loss: 0.4511 - acc: 0.8336
1408/1424 [============================>.] - ETA: 0s - loss: 0.4476 - acc: 0.8345
1424/1424 [==============================] - 19s 14ms/step - loss: 0.4496 - acc: 0.8322 - val_loss: 0.4337 - val_acc: 0.8573
Epoch 15/1000

  32/1424 [..............................] - ETA: 16s - loss: 0.4517 - acc: 0.8125
  64/1424 [>.............................] - ETA: 15s - loss: 0.5113 - acc: 0.8438
  96/1424 [=>............................] - ETA: 15s - loss: 0.4582 - acc: 0.8542
 128/1424 [=>............................] - ETA: 15s - loss: 0.4351 - acc: 0.8516
 160/1424 [==>...........................] - ETA: 14s - loss: 0.4211 - acc: 0.8500
 192/1424 [===>..........................] - ETA: 14s - loss: 0.3894 - acc: 0.8594
 224/1424 [===>..........................] - ETA: 13s - loss: 0.3996 - acc: 0.8571
 256/1424 [====>.........................] - ETA: 13s - loss: 0.3940 - acc: 0.8477
 288/1424 [=====>........................] - ETA: 13s - loss: 0.4062 - acc: 0.8438
 320/1424 [=====>........................] - ETA: 12s - loss: 0.3997 - acc: 0.8406
 352/1424 [======>.......................] - ETA: 12s - loss: 0.4063 - acc: 0.8381
 384/1424 [=======>......................] - ETA: 12s - loss: 0.3995 - acc: 0.8411
 416/1424 [=======>......................] - ETA: 11s - loss: 0.3972 - acc: 0.8413
 448/1424 [========>.....................] - ETA: 11s - loss: 0.4156 - acc: 0.8304
 480/1424 [=========>....................] - ETA: 11s - loss: 0.4140 - acc: 0.8333
 512/1424 [=========>....................] - ETA: 10s - loss: 0.4214 - acc: 0.8262
 544/1424 [==========>...................] - ETA: 10s - loss: 0.4265 - acc: 0.8199
 576/1424 [===========>..................] - ETA: 9s - loss: 0.4233 - acc: 0.8212 
 608/1424 [===========>..................] - ETA: 9s - loss: 0.4248 - acc: 0.8191
 640/1424 [============>.................] - ETA: 9s - loss: 0.4459 - acc: 0.8203
 672/1424 [=============>................] - ETA: 8s - loss: 0.4923 - acc: 0.8140
 704/1424 [=============>................] - ETA: 8s - loss: 0.5134 - acc: 0.8125
 736/1424 [==============>...............] - ETA: 8s - loss: 0.5116 - acc: 0.8111
 768/1424 [===============>..............] - ETA: 7s - loss: 0.5001 - acc: 0.8177
 800/1424 [===============>..............] - ETA: 7s - loss: 0.4955 - acc: 0.8187
 832/1424 [================>.............] - ETA: 6s - loss: 0.4934 - acc: 0.8173
 864/1424 [=================>............] - ETA: 6s - loss: 0.4902 - acc: 0.8183
 896/1424 [=================>............] - ETA: 6s - loss: 0.4857 - acc: 0.8192
 928/1424 [==================>...........] - ETA: 5s - loss: 0.4860 - acc: 0.8157
 960/1424 [===================>..........] - ETA: 5s - loss: 0.4804 - acc: 0.8167
 992/1424 [===================>..........] - ETA: 5s - loss: 0.4777 - acc: 0.8185
1024/1424 [====================>.........] - ETA: 4s - loss: 0.4806 - acc: 0.8145
1056/1424 [=====================>........] - ETA: 4s - loss: 0.4875 - acc: 0.8068
1088/1424 [=====================>........] - ETA: 3s - loss: 0.5467 - acc: 0.7950
1120/1424 [======================>.......] - ETA: 3s - loss: 0.6830 - acc: 0.7875
1152/1424 [=======================>......] - ETA: 3s - loss: 0.7493 - acc: 0.7821
1184/1424 [=======================>......] - ETA: 2s - loss: 0.9562 - acc: 0.7703
1216/1424 [========================>.....] - ETA: 2s - loss: 1.0287 - acc: 0.7681
1248/1424 [=========================>....] - ETA: 2s - loss: 1.1161 - acc: 0.7628
1280/1424 [=========================>....] - ETA: 1s - loss: 1.1408 - acc: 0.7594
1312/1424 [==========================>...] - ETA: 1s - loss: 1.3198 - acc: 0.7477
1344/1424 [===========================>..] - ETA: 0s - loss: 1.5168 - acc: 0.7388
1376/1424 [===========================>..] - ETA: 0s - loss: 1.7036 - acc: 0.7311
1408/1424 [============================>.] - ETA: 0s - loss: 1.8137 - acc: 0.7280
1424/1424 [==============================] - 19s 14ms/step - loss: 1.8838 - acc: 0.7254 - val_loss: 8.0590 - val_acc: 0.5000
Epoch 16/1000

  32/1424 [..............................] - ETA: 16s - loss: 9.5701 - acc: 0.4062
  64/1424 [>.............................] - ETA: 15s - loss: 7.8072 - acc: 0.5156
  96/1424 [=>............................] - ETA: 15s - loss: 8.2269 - acc: 0.4896
 128/1424 [=>............................] - ETA: 15s - loss: 8.0590 - acc: 0.5000
 160/1424 [==>...........................] - ETA: 14s - loss: 7.7546 - acc: 0.5188
 192/1424 [===>..........................] - ETA: 14s - loss: 8.0572 - acc: 0.5000
 224/1424 [===>..........................] - ETA: 14s - loss: 7.8416 - acc: 0.5134
 256/1424 [====>.........................] - ETA: 13s - loss: 7.7422 - acc: 0.5195
 288/1424 [=====>........................] - ETA: 13s - loss: 7.7774 - acc: 0.5174
 320/1424 [=====>........................] - ETA: 12s - loss: 7.9567 - acc: 0.5062
 352/1424 [======>.......................] - ETA: 12s - loss: 7.9650 - acc: 0.5057
 384/1424 [=======>......................] - ETA: 12s - loss: 7.9728 - acc: 0.5052
 416/1424 [=======>......................] - ETA: 11s - loss: 7.9794 - acc: 0.5048
 448/1424 [========>.....................] - ETA: 11s - loss: 8.0559 - acc: 0.5000
 480/1424 [=========>....................] - ETA: 11s - loss: 8.0580 - acc: 0.4979
 512/1424 [=========>....................] - ETA: 10s - loss: 8.0892 - acc: 0.4961
 544/1424 [==========>...................] - ETA: 10s - loss: 7.9400 - acc: 0.5055
 576/1424 [===========>..................] - ETA: 9s - loss: 7.7784 - acc: 0.5156 
 608/1424 [===========>..................] - ETA: 9s - loss: 7.7924 - acc: 0.5148
 640/1424 [============>.................] - ETA: 9s - loss: 7.8558 - acc: 0.5109
 672/1424 [=============>................] - ETA: 8s - loss: 7.8410 - acc: 0.5119
 704/1424 [=============>................] - ETA: 8s - loss: 7.8738 - acc: 0.5099
 736/1424 [==============>...............] - ETA: 8s - loss: 7.9256 - acc: 0.5068
 768/1424 [===============>..............] - ETA: 7s - loss: 7.9095 - acc: 0.5078
 800/1424 [===============>..............] - ETA: 7s - loss: 7.9354 - acc: 0.5062
 832/1424 [================>.............] - ETA: 6s - loss: 7.9983 - acc: 0.5024
 864/1424 [=================>............] - ETA: 6s - loss: 8.0378 - acc: 0.5000
 896/1424 [=================>............] - ETA: 6s - loss: 8.0202 - acc: 0.5011
 928/1424 [==================>...........] - ETA: 5s - loss: 7.9864 - acc: 0.5032
 960/1424 [===================>..........] - ETA: 5s - loss: 8.0223 - acc: 0.5010
 992/1424 [===================>..........] - ETA: 5s - loss: 8.1367 - acc: 0.4940
1024/1424 [====================>.........] - ETA: 4s - loss: 8.1813 - acc: 0.4912
1056/1424 [=====================>........] - ETA: 4s - loss: 8.1774 - acc: 0.4915
1088/1424 [=====================>........] - ETA: 3s - loss: 8.1147 - acc: 0.4954
1120/1424 [======================>.......] - ETA: 3s - loss: 8.1273 - acc: 0.4946
1152/1424 [=======================>......] - ETA: 3s - loss: 8.1672 - acc: 0.4922
1184/1424 [=======================>......] - ETA: 2s - loss: 8.2052 - acc: 0.4899
1216/1424 [========================>.....] - ETA: 2s - loss: 8.2276 - acc: 0.4885
1248/1424 [=========================>....] - ETA: 2s - loss: 8.2491 - acc: 0.4872
1280/1424 [=========================>....] - ETA: 1s - loss: 8.2191 - acc: 0.4891
1312/1424 [==========================>...] - ETA: 1s - loss: 8.2029 - acc: 0.4901
1344/1424 [===========================>..] - ETA: 0s - loss: 8.1994 - acc: 0.4903
1376/1424 [===========================>..] - ETA: 0s - loss: 8.1491 - acc: 0.4935
1408/1424 [============================>.] - ETA: 0s - loss: 8.1592 - acc: 0.4922
1424/1424 [==============================] - 19s 14ms/step - loss: 8.1581 - acc: 0.4923 - val_loss: 8.0590 - val_acc: 0.5000
Epoch 17/1000

  32/1424 [..............................] - ETA: 16s - loss: 8.0536 - acc: 0.5000
  64/1424 [>.............................] - ETA: 15s - loss: 7.0489 - acc: 0.5625
  96/1424 [=>............................] - ETA: 15s - loss: 7.2141 - acc: 0.5521
 128/1424 [=>............................] - ETA: 15s - loss: 7.6758 - acc: 0.5234
 160/1424 [==>...........................] - ETA: 14s - loss: 7.5510 - acc: 0.5312
 192/1424 [===>..........................] - ETA: 14s - loss: 7.7187 - acc: 0.5208
 224/1424 [===>..........................] - ETA: 14s - loss: 7.9816 - acc: 0.5045
 256/1424 [====>.........................] - ETA: 13s - loss: 8.3677 - acc: 0.4805
 288/1424 [=====>........................] - ETA: 13s - loss: 8.6692 - acc: 0.4618
 320/1424 [=====>........................] - ETA: 12s - loss: 8.7089 - acc: 0.4594
 352/1424 [======>.......................] - ETA: 12s - loss: 8.7414 - acc: 0.4574
 384/1424 [=======>......................] - ETA: 12s - loss: 8.5586 - acc: 0.4688
 416/1424 [=======>......................] - ETA: 11s - loss: 8.5968 - acc: 0.4663
 448/1424 [========>.....................] - ETA: 11s - loss: 8.4501 - acc: 0.4754
 480/1424 [=========>....................] - ETA: 11s - loss: 8.3229 - acc: 0.4833
 512/1424 [=========>....................] - ETA: 10s - loss: 8.3369 - acc: 0.4824
 544/1424 [==========>...................] - ETA: 10s - loss: 8.3502 - acc: 0.4816
 576/1424 [===========>..................] - ETA: 9s - loss: 8.2500 - acc: 0.4878 
 608/1424 [===========>..................] - ETA: 9s - loss: 8.2397 - acc: 0.4885
 640/1424 [============>.................] - ETA: 9s - loss: 8.3566 - acc: 0.4813
 672/1424 [=============>................] - ETA: 8s - loss: 8.4141 - acc: 0.4777
 704/1424 [=============>................] - ETA: 8s - loss: 8.3751 - acc: 0.4801
 736/1424 [==============>...............] - ETA: 8s - loss: 8.3613 - acc: 0.4810
 768/1424 [===============>..............] - ETA: 7s - loss: 8.3074 - acc: 0.4844
 800/1424 [===============>..............] - ETA: 7s - loss: 8.4382 - acc: 0.4763
 832/1424 [================>.............] - ETA: 6s - loss: 8.3655 - acc: 0.4808
 864/1424 [=================>............] - ETA: 6s - loss: 8.3540 - acc: 0.4815
 896/1424 [=================>............] - ETA: 6s - loss: 8.3968 - acc: 0.4788
 928/1424 [==================>...........] - ETA: 5s - loss: 8.3503 - acc: 0.4817
 960/1424 [===================>..........] - ETA: 5s - loss: 8.3238 - acc: 0.4833
 992/1424 [===================>..........] - ETA: 5s - loss: 8.3474 - acc: 0.4819
1024/1424 [====================>.........] - ETA: 4s - loss: 8.2124 - acc: 0.4902
1056/1424 [=====================>........] - ETA: 4s - loss: 8.2841 - acc: 0.4858
1088/1424 [=====================>........] - ETA: 3s - loss: 8.2772 - acc: 0.4862
1120/1424 [======================>.......] - ETA: 3s - loss: 8.2709 - acc: 0.4866
1152/1424 [=======================>......] - ETA: 3s - loss: 8.2510 - acc: 0.4878
1184/1424 [=======================>......] - ETA: 2s - loss: 8.1914 - acc: 0.4916
1216/1424 [========================>.....] - ETA: 2s - loss: 8.2141 - acc: 0.4901
1248/1424 [=========================>....] - ETA: 2s - loss: 8.1971 - acc: 0.4912
1280/1424 [=========================>....] - ETA: 1s - loss: 8.1432 - acc: 0.4945
1312/1424 [==========================>...] - ETA: 1s - loss: 8.1411 - acc: 0.4947
1344/1424 [===========================>..] - ETA: 0s - loss: 8.1510 - acc: 0.4940
1376/1424 [===========================>..] - ETA: 0s - loss: 8.1487 - acc: 0.4942
1408/1424 [============================>.] - ETA: 0s - loss: 8.1581 - acc: 0.4936
1424/1424 [==============================] - 19s 14ms/step - loss: 8.1568 - acc: 0.4937 - val_loss: 8.0590 - val_acc: 0.5000
Epoch 18/1000

  32/1424 [..............................] - ETA: 16s - loss: 5.5742 - acc: 0.6250
  64/1424 [>.............................] - ETA: 15s - loss: 6.0611 - acc: 0.6094
  96/1424 [=>............................] - ETA: 15s - loss: 6.7292 - acc: 0.5729
 128/1424 [=>............................] - ETA: 15s - loss: 6.6825 - acc: 0.5781
 160/1424 [==>...........................] - ETA: 14s - loss: 7.0586 - acc: 0.5563
 192/1424 [===>..........................] - ETA: 14s - loss: 7.3093 - acc: 0.5417
 224/1424 [===>..........................] - ETA: 13s - loss: 7.0550 - acc: 0.5580
 256/1424 [====>.........................] - ETA: 13s - loss: 7.3694 - acc: 0.5391
 288/1424 [=====>........................] - ETA: 13s - loss: 7.3329 - acc: 0.5417
 320/1424 [=====>........................] - ETA: 12s - loss: 7.3540 - acc: 0.5406
 352/1424 [======>.......................] - ETA: 12s - loss: 7.4181 - acc: 0.5369
 384/1424 [=======>......................] - ETA: 12s - loss: 7.3036 - acc: 0.5443
 416/1424 [=======>......................] - ETA: 11s - loss: 7.5159 - acc: 0.5312
 448/1424 [========>.....................] - ETA: 11s - loss: 7.8057 - acc: 0.5134
 480/1424 [=========>....................] - ETA: 10s - loss: 7.8562 - acc: 0.5104
 512/1424 [=========>....................] - ETA: 10s - loss: 7.8374 - acc: 0.5117
 544/1424 [==========>...................] - ETA: 10s - loss: 7.8208 - acc: 0.5129
 576/1424 [===========>..................] - ETA: 9s - loss: 7.9451 - acc: 0.5052 
 608/1424 [===========>..................] - ETA: 9s - loss: 7.9773 - acc: 0.5033
 640/1424 [============>.................] - ETA: 9s - loss: 7.9814 - acc: 0.5031
 672/1424 [=============>................] - ETA: 8s - loss: 7.8651 - acc: 0.5104
 704/1424 [=============>................] - ETA: 8s - loss: 7.8740 - acc: 0.5099
 736/1424 [==============>...............] - ETA: 8s - loss: 7.8818 - acc: 0.5095
 768/1424 [===============>..............] - ETA: 7s - loss: 7.8693 - acc: 0.5091
 800/1424 [===============>..............] - ETA: 7s - loss: 7.8769 - acc: 0.5088
 832/1424 [================>.............] - ETA: 6s - loss: 7.9420 - acc: 0.5048
 864/1424 [=================>............] - ETA: 6s - loss: 7.9461 - acc: 0.5046
 896/1424 [=================>............] - ETA: 6s - loss: 7.9142 - acc: 0.5067
 928/1424 [==================>...........] - ETA: 5s - loss: 7.9016 - acc: 0.5075
 960/1424 [===================>..........] - ETA: 5s - loss: 7.9403 - acc: 0.5052
 992/1424 [===================>..........] - ETA: 5s - loss: 7.9273 - acc: 0.5060
1024/1424 [====================>.........] - ETA: 4s - loss: 7.9628 - acc: 0.5039
1056/1424 [=====================>........] - ETA: 4s - loss: 7.9352 - acc: 0.5057
1088/1424 [=====================>........] - ETA: 3s - loss: 7.9694 - acc: 0.5028
1120/1424 [======================>.......] - ETA: 3s - loss: 7.9428 - acc: 0.5045
1152/1424 [=======================>......] - ETA: 3s - loss: 7.9319 - acc: 0.5052
1184/1424 [=======================>......] - ETA: 2s - loss: 7.9352 - acc: 0.5051
1216/1424 [========================>.....] - ETA: 2s - loss: 7.9781 - acc: 0.5025
1248/1424 [=========================>....] - ETA: 2s - loss: 8.0315 - acc: 0.4992
1280/1424 [=========================>....] - ETA: 1s - loss: 7.9691 - acc: 0.5031
1312/1424 [==========================>...] - ETA: 1s - loss: 7.9353 - acc: 0.5046
1344/1424 [===========================>..] - ETA: 0s - loss: 7.9503 - acc: 0.5037
1376/1424 [===========================>..] - ETA: 0s - loss: 7.9294 - acc: 0.5051
1408/1424 [============================>.] - ETA: 0s - loss: 7.9438 - acc: 0.5043
1424/1424 [==============================] - 19s 14ms/step - loss: 7.9118 - acc: 0.5056 - val_loss: 8.0590 - val_acc: 0.5000
Epoch 19/1000

  32/1424 [..............................] - ETA: 16s - loss: 4.5277 - acc: 0.7188
  64/1424 [>.............................] - ETA: 15s - loss: 6.7971 - acc: 0.5781
  96/1424 [=>............................] - ETA: 15s - loss: 7.8896 - acc: 0.5104
 128/1424 [=>............................] - ETA: 15s - loss: 8.0565 - acc: 0.5000
 160/1424 [==>...........................] - ETA: 14s - loss: 8.4600 - acc: 0.4750
 192/1424 [===>..........................] - ETA: 14s - loss: 8.4762 - acc: 0.4740
 224/1424 [===>..........................] - ETA: 14s - loss: 8.5614 - acc: 0.4688
 256/1424 [====>.........................] - ETA: 13s - loss: 8.3083 - acc: 0.4844
 288/1424 [=====>........................] - ETA: 13s - loss: 8.3926 - acc: 0.4792
 320/1424 [=====>........................] - ETA: 12s - loss: 8.5601 - acc: 0.4688
 352/1424 [======>.......................] - ETA: 12s - loss: 8.2841 - acc: 0.4858
 384/1424 [=======>......................] - ETA: 12s - loss: 8.0131 - acc: 0.5026
 416/1424 [=======>......................] - ETA: 11s - loss: 7.9779 - acc: 0.5048
 448/1424 [========>.....................] - ETA: 11s - loss: 7.8398 - acc: 0.5134
 480/1424 [=========>....................] - ETA: 11s - loss: 7.7873 - acc: 0.5167
 512/1424 [=========>....................] - ETA: 10s - loss: 7.8669 - acc: 0.5117
 544/1424 [==========>...................] - ETA: 10s - loss: 7.9671 - acc: 0.5055
 576/1424 [===========>..................] - ETA: 9s - loss: 7.9439 - acc: 0.5069 
 608/1424 [===========>..................] - ETA: 9s - loss: 7.9764 - acc: 0.5049
 640/1424 [============>.................] - ETA: 9s - loss: 7.9803 - acc: 0.5047
 672/1424 [=============>................] - ETA: 8s - loss: 8.0555 - acc: 0.5000
 704/1424 [=============>................] - ETA: 8s - loss: 8.0554 - acc: 0.5000
 736/1424 [==============>...............] - ETA: 8s - loss: 8.0556 - acc: 0.5000
 768/1424 [===============>..............] - ETA: 7s - loss: 8.0340 - acc: 0.5013
 800/1424 [===============>..............] - ETA: 7s - loss: 7.9341 - acc: 0.5075
 832/1424 [================>.............] - ETA: 6s - loss: 7.9001 - acc: 0.5096
 864/1424 [=================>............] - ETA: 6s - loss: 7.9060 - acc: 0.5093
 896/1424 [=================>............] - ETA: 6s - loss: 7.9653 - acc: 0.5056
 928/1424 [==================>...........] - ETA: 5s - loss: 8.0901 - acc: 0.4978
 960/1424 [===================>..........] - ETA: 5s - loss: 8.1560 - acc: 0.4938
 992/1424 [===================>..........] - ETA: 5s - loss: 8.1690 - acc: 0.4929
1024/1424 [====================>.........] - ETA: 4s - loss: 8.0874 - acc: 0.4971
1056/1424 [=====================>........] - ETA: 4s - loss: 8.0713 - acc: 0.4981
1088/1424 [=====================>........] - ETA: 3s - loss: 8.0412 - acc: 0.5000
1120/1424 [======================>.......] - ETA: 3s - loss: 8.0561 - acc: 0.4991
1152/1424 [=======================>......] - ETA: 3s - loss: 7.9862 - acc: 0.5035
1184/1424 [=======================>......] - ETA: 2s - loss: 7.9745 - acc: 0.5042
1216/1424 [========================>.....] - ETA: 2s - loss: 7.9501 - acc: 0.5058
1248/1424 [=========================>....] - ETA: 2s - loss: 7.9914 - acc: 0.5032
1280/1424 [=========================>....] - ETA: 1s - loss: 8.0189 - acc: 0.5008
1312/1424 [==========================>...] - ETA: 1s - loss: 8.0197 - acc: 0.5008
1344/1424 [===========================>..] - ETA: 0s - loss: 7.9845 - acc: 0.5030
1376/1424 [===========================>..] - ETA: 0s - loss: 7.9627 - acc: 0.5044
1408/1424 [============================>.] - ETA: 0s - loss: 7.9770 - acc: 0.5028
1424/1424 [==============================] - 19s 14ms/step - loss: 7.9778 - acc: 0.5028 - val_loss: 8.0590 - val_acc: 0.5000
Epoch 20/1000

  32/1424 [..............................] - ETA: 16s - loss: 8.0536 - acc: 0.5000
  64/1424 [>.............................] - ETA: 15s - loss: 8.8091 - acc: 0.4531
  96/1424 [=>............................] - ETA: 15s - loss: 8.3875 - acc: 0.4792
 128/1424 [=>............................] - ETA: 15s - loss: 8.3040 - acc: 0.4844
 160/1424 [==>...........................] - ETA: 14s - loss: 8.1532 - acc: 0.4938
 192/1424 [===>..........................] - ETA: 14s - loss: 7.9687 - acc: 0.5052
 224/1424 [===>..........................] - ETA: 13s - loss: 8.0528 - acc: 0.5000
 256/1424 [====>.........................] - ETA: 13s - loss: 7.9276 - acc: 0.5078
 288/1424 [=====>........................] - ETA: 13s - loss: 7.9976 - acc: 0.5035
 320/1424 [=====>........................] - ETA: 12s - loss: 8.0037 - acc: 0.5031
 352/1424 [======>.......................] - ETA: 12s - loss: 7.9167 - acc: 0.5085
 384/1424 [=======>......................] - ETA: 12s - loss: 8.0107 - acc: 0.5026
 416/1424 [=======>......................] - ETA: 11s - loss: 7.9752 - acc: 0.5048
 448/1424 [========>.....................] - ETA: 11s - loss: 8.0532 - acc: 0.5000
 480/1424 [=========>....................] - ETA: 10s - loss: 8.0868 - acc: 0.4979
 512/1424 [=========>....................] - ETA: 10s - loss: 8.1165 - acc: 0.4961
 544/1424 [==========>...................] - ETA: 10s - loss: 7.9943 - acc: 0.5037
 576/1424 [===========>..................] - ETA: 9s - loss: 7.9693 - acc: 0.5052 
 608/1424 [===========>..................] - ETA: 9s - loss: 7.9225 - acc: 0.5066
 640/1424 [============>.................] - ETA: 9s - loss: 7.8532 - acc: 0.5109
 672/1424 [=============>................] - ETA: 8s - loss: 7.7925 - acc: 0.5134
 704/1424 [=============>................] - ETA: 8s - loss: 7.8044 - acc: 0.5128
 736/1424 [==============>...............] - ETA: 8s - loss: 7.8807 - acc: 0.5082
 768/1424 [===============>..............] - ETA: 7s - loss: 7.9084 - acc: 0.5065
 800/1424 [===============>..............] - ETA: 7s - loss: 7.8737 - acc: 0.5088
 832/1424 [================>.............] - ETA: 6s - loss: 7.7835 - acc: 0.5144
 864/1424 [=================>............] - ETA: 6s - loss: 7.6441 - acc: 0.5231
 896/1424 [=================>............] - ETA: 6s - loss: 7.6769 - acc: 0.5212
 928/1424 [==================>...........] - ETA: 5s - loss: 7.6901 - acc: 0.5205
 960/1424 [===================>..........] - ETA: 5s - loss: 7.7358 - acc: 0.5177
 992/1424 [===================>..........] - ETA: 5s - loss: 7.7137 - acc: 0.5192
1024/1424 [====================>.........] - ETA: 4s - loss: 7.8030 - acc: 0.5137
1056/1424 [=====================>........] - ETA: 4s - loss: 7.8871 - acc: 0.5085
1088/1424 [=====================>........] - ETA: 3s - loss: 7.8624 - acc: 0.5101
1120/1424 [======================>.......] - ETA: 3s - loss: 7.8391 - acc: 0.5116
1152/1424 [=======================>......] - ETA: 3s - loss: 7.8170 - acc: 0.5130
1184/1424 [=======================>......] - ETA: 2s - loss: 7.8780 - acc: 0.5093
1216/1424 [========================>.....] - ETA: 2s - loss: 7.9226 - acc: 0.5066
1248/1424 [=========================>....] - ETA: 2s - loss: 7.9515 - acc: 0.5048
1280/1424 [=========================>....] - ETA: 1s - loss: 7.9801 - acc: 0.5023
1312/1424 [==========================>...] - ETA: 1s - loss: 8.0310 - acc: 0.4992
1344/1424 [===========================>..] - ETA: 0s - loss: 8.0554 - acc: 0.4978
1376/1424 [===========================>..] - ETA: 0s - loss: 8.0325 - acc: 0.4993
1408/1424 [============================>.] - ETA: 0s - loss: 8.0788 - acc: 0.4964
1424/1424 [==============================] - 19s 14ms/step - loss: 8.0673 - acc: 0.4972 - val_loss: 8.0590 - val_acc: 0.5000
Epoch 21/1000

  32/1424 [..............................] - ETA: 16s - loss: 6.5425 - acc: 0.5938
  64/1424 [>.............................] - ETA: 15s - loss: 6.2906 - acc: 0.6094
  96/1424 [=>............................] - ETA: 15s - loss: 6.5470 - acc: 0.5938
 128/1424 [=>............................] - ETA: 15s - loss: 6.6731 - acc: 0.5859
 160/1424 [==>...........................] - ETA: 14s - loss: 7.3478 - acc: 0.5437
 192/1424 [===>..........................] - ETA: 14s - loss: 7.4663 - acc: 0.5365
 224/1424 [===>..........................] - ETA: 13s - loss: 7.6246 - acc: 0.5268
 256/1424 [====>.........................] - ETA: 13s - loss: 7.8686 - acc: 0.5117
 288/1424 [=====>........................] - ETA: 13s - loss: 7.7772 - acc: 0.5174
 320/1424 [=====>........................] - ETA: 12s - loss: 7.5032 - acc: 0.5344
 352/1424 [======>.......................] - ETA: 12s - loss: 7.6906 - acc: 0.5227
 384/1424 [=======>......................] - ETA: 12s - loss: 7.6784 - acc: 0.5234
 416/1424 [=======>......................] - ETA: 11s - loss: 7.5527 - acc: 0.5312
 448/1424 [========>.....................] - ETA: 11s - loss: 7.4086 - acc: 0.5402
 480/1424 [=========>....................] - ETA: 10s - loss: 7.5184 - acc: 0.5333
 512/1424 [=========>....................] - ETA: 10s - loss: 7.5207 - acc: 0.5332
 544/1424 [==========>...................] - ETA: 10s - loss: 7.5527 - acc: 0.5312
 576/1424 [===========>..................] - ETA: 9s - loss: 7.6362 - acc: 0.5260 
 608/1424 [===========>..................] - ETA: 9s - loss: 7.5513 - acc: 0.5312
 640/1424 [============>.................] - ETA: 9s - loss: 7.6262 - acc: 0.5266
 672/1424 [=============>................] - ETA: 8s - loss: 7.6463 - acc: 0.5253
 704/1424 [=============>................] - ETA: 8s - loss: 7.6190 - acc: 0.5270
 736/1424 [==============>...............] - ETA: 8s - loss: 7.7255 - acc: 0.5204
 768/1424 [===============>..............] - ETA: 7s - loss: 7.6972 - acc: 0.5221
 800/1424 [===============>..............] - ETA: 7s - loss: 7.6916 - acc: 0.5225
 832/1424 [================>.............] - ETA: 6s - loss: 7.7445 - acc: 0.5192
 864/1424 [=================>............] - ETA: 6s - loss: 7.7746 - acc: 0.5174
 896/1424 [=================>............] - ETA: 6s - loss: 7.8026 - acc: 0.5156
 928/1424 [==================>...........] - ETA: 5s - loss: 7.7937 - acc: 0.5162
 960/1424 [===================>..........] - ETA: 5s - loss: 7.8361 - acc: 0.5135
 992/1424 [===================>..........] - ETA: 5s - loss: 7.7946 - acc: 0.5161
1024/1424 [====================>.........] - ETA: 4s - loss: 7.8186 - acc: 0.5146
1056/1424 [=====================>........] - ETA: 4s - loss: 7.7952 - acc: 0.5161
1088/1424 [=====================>........] - ETA: 3s - loss: 7.8040 - acc: 0.5147
1120/1424 [======================>.......] - ETA: 3s - loss: 7.7538 - acc: 0.5179
1152/1424 [=======================>......] - ETA: 3s - loss: 7.8038 - acc: 0.5148
1184/1424 [=======================>......] - ETA: 2s - loss: 7.8243 - acc: 0.5135
1216/1424 [========================>.....] - ETA: 2s - loss: 7.8568 - acc: 0.5115
1248/1424 [=========================>....] - ETA: 2s - loss: 7.8749 - acc: 0.5104
1280/1424 [=========================>....] - ETA: 1s - loss: 7.9671 - acc: 0.5047
1312/1424 [==========================>...] - ETA: 1s - loss: 7.9691 - acc: 0.5046
1344/1424 [===========================>..] - ETA: 0s - loss: 7.9352 - acc: 0.5067
1376/1424 [===========================>..] - ETA: 0s - loss: 7.9498 - acc: 0.5058
1408/1424 [============================>.] - ETA: 0s - loss: 7.9522 - acc: 0.5057
1424/1424 [==============================] - 19s 14ms/step - loss: 7.9647 - acc: 0.5049 - val_loss: 8.0590 - val_acc: 0.5000
Epoch 22/1000

  32/1424 [..............................] - ETA: 16s - loss: 8.0536 - acc: 0.5000
  64/1424 [>.............................] - ETA: 15s - loss: 7.5526 - acc: 0.5312
  96/1424 [=>............................] - ETA: 15s - loss: 7.5535 - acc: 0.5312
 128/1424 [=>............................] - ETA: 15s - loss: 6.9244 - acc: 0.5703
 160/1424 [==>...........................] - ETA: 14s - loss: 7.4513 - acc: 0.5375
 192/1424 [===>..........................] - ETA: 14s - loss: 6.8810 - acc: 0.5729
 224/1424 [===>..........................] - ETA: 13s - loss: 6.9783 - acc: 0.5670
 256/1424 [====>.........................] - ETA: 13s - loss: 7.0520 - acc: 0.5625
 288/1424 [=====>........................] - ETA: 13s - loss: 7.1633 - acc: 0.5556
 320/1424 [=====>........................] - ETA: 12s - loss: 7.3536 - acc: 0.5437
 352/1424 [======>.......................] - ETA: 12s - loss: 7.2346 - acc: 0.5511
 384/1424 [=======>......................] - ETA: 12s - loss: 7.4702 - acc: 0.5365
 416/1424 [=======>......................] - ETA: 11s - loss: 7.6701 - acc: 0.5240
 448/1424 [========>.....................] - ETA: 11s - loss: 7.8050 - acc: 0.5156
 480/1424 [=========>....................] - ETA: 10s - loss: 7.7548 - acc: 0.5188
 512/1424 [=========>....................] - ETA: 10s - loss: 7.8046 - acc: 0.5156
 544/1424 [==========>...................] - ETA: 10s - loss: 7.9674 - acc: 0.5055
 576/1424 [===========>..................] - ETA: 9s - loss: 7.9165 - acc: 0.5087 
 608/1424 [===========>..................] - ETA: 9s - loss: 7.9240 - acc: 0.5082
 640/1424 [============>.................] - ETA: 9s - loss: 8.0562 - acc: 0.5000
 672/1424 [=============>................] - ETA: 8s - loss: 7.9841 - acc: 0.5045
 704/1424 [=============>................] - ETA: 8s - loss: 7.9643 - acc: 0.5057
 736/1424 [==============>...............] - ETA: 8s - loss: 8.0561 - acc: 0.5000
 768/1424 [===============>..............] - ETA: 7s - loss: 7.9718 - acc: 0.5052
 800/1424 [===============>..............] - ETA: 7s - loss: 8.1159 - acc: 0.4963
 832/1424 [================>.............] - ETA: 6s - loss: 8.0761 - acc: 0.4976
 864/1424 [=================>............] - ETA: 6s - loss: 8.0379 - acc: 0.5000
 896/1424 [=================>............] - ETA: 6s - loss: 7.9843 - acc: 0.5033
 928/1424 [==================>...........] - ETA: 5s - loss: 8.0560 - acc: 0.4989
 960/1424 [===================>..........] - ETA: 5s - loss: 8.0057 - acc: 0.5021
 992/1424 [===================>..........] - ETA: 5s - loss: 8.0073 - acc: 0.5020
1024/1424 [====================>.........] - ETA: 4s - loss: 7.9928 - acc: 0.5029
1056/1424 [=====================>........] - ETA: 4s - loss: 7.9943 - acc: 0.5028
1088/1424 [=====================>........] - ETA: 3s - loss: 8.0553 - acc: 0.4991
1120/1424 [======================>.......] - ETA: 3s - loss: 8.1128 - acc: 0.4955
1152/1424 [=======================>......] - ETA: 3s - loss: 8.0692 - acc: 0.4983
1184/1424 [=======================>......] - ETA: 2s - loss: 8.0825 - acc: 0.4975
1216/1424 [========================>.....] - ETA: 2s - loss: 8.0950 - acc: 0.4967
1248/1424 [=========================>....] - ETA: 2s - loss: 8.0941 - acc: 0.4968
1280/1424 [=========================>....] - ETA: 1s - loss: 8.0806 - acc: 0.4977
1312/1424 [==========================>...] - ETA: 1s - loss: 8.0799 - acc: 0.4977
1344/1424 [===========================>..] - ETA: 0s - loss: 8.1149 - acc: 0.4955
1376/1424 [===========================>..] - ETA: 0s - loss: 8.1251 - acc: 0.4949
1408/1424 [============================>.] - ETA: 0s - loss: 8.1465 - acc: 0.4936
1424/1424 [==============================] - 19s 14ms/step - loss: 8.1454 - acc: 0.4937 - val_loss: 8.0590 - val_acc: 0.5000

  32/1424 [..............................] - ETA: 5s
  64/1424 [>.............................] - ETA: 4s
  96/1424 [=>............................] - ETA: 4s
 128/1424 [=>............................] - ETA: 4s
 160/1424 [==>...........................] - ETA: 4s
 192/1424 [===>..........................] - ETA: 4s
 224/1424 [===>..........................] - ETA: 4s
 256/1424 [====>.........................] - ETA: 4s
 288/1424 [=====>........................] - ETA: 4s
 320/1424 [=====>........................] - ETA: 3s
 352/1424 [======>.......................] - ETA: 3s
 384/1424 [=======>......................] - ETA: 3s
 416/1424 [=======>......................] - ETA: 3s
 448/1424 [========>.....................] - ETA: 3s
 480/1424 [=========>....................] - ETA: 3s
 512/1424 [=========>....................] - ETA: 3s
 544/1424 [==========>...................] - ETA: 3s
 576/1424 [===========>..................] - ETA: 3s
 608/1424 [===========>..................] - ETA: 2s
 640/1424 [============>.................] - ETA: 2s
 672/1424 [=============>................] - ETA: 2s
 704/1424 [=============>................] - ETA: 2s
 736/1424 [==============>...............] - ETA: 2s
 768/1424 [===============>..............] - ETA: 2s
 800/1424 [===============>..............] - ETA: 2s
 832/1424 [================>.............] - ETA: 2s
 864/1424 [=================>............] - ETA: 1s
 896/1424 [=================>............] - ETA: 1s
 928/1424 [==================>...........] - ETA: 1s
 960/1424 [===================>..........] - ETA: 1s
 992/1424 [===================>..........] - ETA: 1s
1024/1424 [====================>.........] - ETA: 1s
1056/1424 [=====================>........] - ETA: 1s
1088/1424 [=====================>........] - ETA: 1s
1120/1424 [======================>.......] - ETA: 1s
1152/1424 [=======================>......] - ETA: 0s
1184/1424 [=======================>......] - ETA: 0s
1216/1424 [========================>.....] - ETA: 0s
1248/1424 [=========================>....] - ETA: 0s
1280/1424 [=========================>....] - ETA: 0s
1312/1424 [==========================>...] - ETA: 0s
1344/1424 [===========================>..] - ETA: 0s
1376/1424 [===========================>..] - ETA: 0s
1408/1424 [============================>.] - ETA: 0s
1424/1424 [==============================] - 5s 4ms/step
Test acc: 0.8258426966292135
Test auc: 0.903172737028153
Test mcc: 0.6558384138343331
Execute epoch: 22
Execute time: 432.2216475009918
