_________________________________________________________________
Layer (type)                 Output Shape              Param #   
=================================================================
embedding_1 (Embedding)      (None, None, 128)         2688      
_________________________________________________________________
lstm_1 (LSTM)                (None, None, 64)          49408     
_________________________________________________________________
lstm_2 (LSTM)                (None, None, 64)          33024     
_________________________________________________________________
lstm_3 (LSTM)                (None, 64)                33024     
_________________________________________________________________
dense_1 (Dense)              (None, 16)                1040      
_________________________________________________________________
dense_2 (Dense)              (None, 1)                 17        
=================================================================
Total params: 119,201
Trainable params: 119,201
Non-trainable params: 0
_________________________________________________________________
Train on 1424 samples, validate on 708 samples
Epoch 1/1000

  32/1424 [..............................] - ETA: 2:30 - loss: 0.6932 - acc: 0.5000
  64/1424 [>.............................] - ETA: 1:21 - loss: 0.6931 - acc: 0.5469
  96/1424 [=>............................] - ETA: 59s - loss: 0.6928 - acc: 0.5729 
 128/1424 [=>............................] - ETA: 47s - loss: 0.6930 - acc: 0.5469
 160/1424 [==>...........................] - ETA: 40s - loss: 0.6924 - acc: 0.5687
 192/1424 [===>..........................] - ETA: 35s - loss: 0.6922 - acc: 0.5677
 224/1424 [===>..........................] - ETA: 31s - loss: 0.6920 - acc: 0.5670
 256/1424 [====>.........................] - ETA: 28s - loss: 0.6920 - acc: 0.5625
 288/1424 [=====>........................] - ETA: 26s - loss: 0.6928 - acc: 0.5417
 320/1424 [=====>........................] - ETA: 24s - loss: 0.6930 - acc: 0.5344
 352/1424 [======>.......................] - ETA: 22s - loss: 0.6937 - acc: 0.5170
 384/1424 [=======>......................] - ETA: 21s - loss: 0.6933 - acc: 0.5208
 416/1424 [=======>......................] - ETA: 20s - loss: 0.6930 - acc: 0.5240
 448/1424 [========>.....................] - ETA: 19s - loss: 0.6932 - acc: 0.5179
 480/1424 [=========>....................] - ETA: 17s - loss: 0.6928 - acc: 0.5229
 512/1424 [=========>....................] - ETA: 17s - loss: 0.6931 - acc: 0.5176
 544/1424 [==========>...................] - ETA: 16s - loss: 0.6930 - acc: 0.5165
 576/1424 [===========>..................] - ETA: 15s - loss: 0.6931 - acc: 0.5122
 608/1424 [===========>..................] - ETA: 14s - loss: 0.6929 - acc: 0.5132
 640/1424 [============>.................] - ETA: 13s - loss: 0.6928 - acc: 0.5156
 672/1424 [=============>................] - ETA: 12s - loss: 0.6927 - acc: 0.5134
 704/1424 [=============>................] - ETA: 12s - loss: 0.6925 - acc: 0.5128
 736/1424 [==============>...............] - ETA: 11s - loss: 0.6925 - acc: 0.5109
 768/1424 [===============>..............] - ETA: 10s - loss: 0.6924 - acc: 0.5104
 800/1424 [===============>..............] - ETA: 10s - loss: 0.6921 - acc: 0.5100
 832/1424 [================>.............] - ETA: 9s - loss: 0.6920 - acc: 0.5084 
 864/1424 [=================>............] - ETA: 9s - loss: 0.6917 - acc: 0.5104
 896/1424 [=================>............] - ETA: 8s - loss: 0.6914 - acc: 0.5089
 928/1424 [==================>...........] - ETA: 7s - loss: 0.6913 - acc: 0.5075
 960/1424 [===================>..........] - ETA: 7s - loss: 0.6910 - acc: 0.5052
 992/1424 [===================>..........] - ETA: 6s - loss: 0.6907 - acc: 0.5020
1024/1424 [====================>.........] - ETA: 6s - loss: 0.6900 - acc: 0.5029
1056/1424 [=====================>........] - ETA: 5s - loss: 0.6897 - acc: 0.4972
1088/1424 [=====================>........] - ETA: 5s - loss: 0.6884 - acc: 0.4991
1120/1424 [======================>.......] - ETA: 4s - loss: 0.6871 - acc: 0.5018
1152/1424 [=======================>......] - ETA: 4s - loss: 0.6850 - acc: 0.5043
1184/1424 [=======================>......] - ETA: 3s - loss: 0.6810 - acc: 0.5068
1216/1424 [========================>.....] - ETA: 3s - loss: 0.6825 - acc: 0.5082
1248/1424 [=========================>....] - ETA: 2s - loss: 0.6828 - acc: 0.5096
1280/1424 [=========================>....] - ETA: 2s - loss: 0.6817 - acc: 0.5141
1312/1424 [==========================>...] - ETA: 1s - loss: 0.6804 - acc: 0.5198
1344/1424 [===========================>..] - ETA: 1s - loss: 0.6804 - acc: 0.5231
1376/1424 [===========================>..] - ETA: 0s - loss: 0.6792 - acc: 0.5283
1408/1424 [============================>.] - ETA: 0s - loss: 0.6786 - acc: 0.5334
1424/1424 [==============================] - 24s 17ms/step - loss: 0.6785 - acc: 0.5351 - val_loss: 0.6615 - val_acc: 0.7613
Epoch 2/1000

  32/1424 [..............................] - ETA: 17s - loss: 0.6834 - acc: 0.6875
  64/1424 [>.............................] - ETA: 17s - loss: 0.6667 - acc: 0.6875
  96/1424 [=>............................] - ETA: 16s - loss: 0.6711 - acc: 0.6979
 128/1424 [=>............................] - ETA: 16s - loss: 0.6600 - acc: 0.7266
 160/1424 [==>...........................] - ETA: 16s - loss: 0.6640 - acc: 0.7250
 192/1424 [===>..........................] - ETA: 15s - loss: 0.6557 - acc: 0.7604
 224/1424 [===>..........................] - ETA: 15s - loss: 0.6496 - acc: 0.7768
 256/1424 [====>.........................] - ETA: 14s - loss: 0.6447 - acc: 0.7656
 288/1424 [=====>........................] - ETA: 14s - loss: 0.6367 - acc: 0.7535
 320/1424 [=====>........................] - ETA: 14s - loss: 0.6300 - acc: 0.7406
 352/1424 [======>.......................] - ETA: 13s - loss: 0.6722 - acc: 0.7216
 384/1424 [=======>......................] - ETA: 13s - loss: 0.7070 - acc: 0.7005
 416/1424 [=======>......................] - ETA: 12s - loss: 0.7339 - acc: 0.6875
 448/1424 [========>.....................] - ETA: 12s - loss: 0.7567 - acc: 0.6786
 480/1424 [=========>....................] - ETA: 11s - loss: 0.7491 - acc: 0.6667
 512/1424 [=========>....................] - ETA: 11s - loss: 0.7610 - acc: 0.6680
 544/1424 [==========>...................] - ETA: 11s - loss: 0.7451 - acc: 0.6783
 576/1424 [===========>..................] - ETA: 10s - loss: 0.7373 - acc: 0.6771
 608/1424 [===========>..................] - ETA: 10s - loss: 0.7514 - acc: 0.6842
 640/1424 [============>.................] - ETA: 9s - loss: 0.7423 - acc: 0.6937 
 672/1424 [=============>................] - ETA: 9s - loss: 0.7336 - acc: 0.6949
 704/1424 [=============>................] - ETA: 9s - loss: 0.7235 - acc: 0.7045
 736/1424 [==============>...............] - ETA: 8s - loss: 0.7136 - acc: 0.7133
 768/1424 [===============>..............] - ETA: 8s - loss: 0.7224 - acc: 0.7109
 800/1424 [===============>..............] - ETA: 7s - loss: 0.7163 - acc: 0.7113
 832/1424 [================>.............] - ETA: 7s - loss: 0.7113 - acc: 0.7103
 864/1424 [=================>............] - ETA: 7s - loss: 0.7046 - acc: 0.7060
 896/1424 [=================>............] - ETA: 6s - loss: 0.7183 - acc: 0.6964
 928/1424 [==================>...........] - ETA: 6s - loss: 0.7135 - acc: 0.6907
 960/1424 [===================>..........] - ETA: 5s - loss: 0.7291 - acc: 0.6854
 992/1424 [===================>..........] - ETA: 5s - loss: 0.7366 - acc: 0.6835
1024/1424 [====================>.........] - ETA: 5s - loss: 0.7459 - acc: 0.6768
1056/1424 [=====================>........] - ETA: 4s - loss: 0.7413 - acc: 0.6742
1088/1424 [=====================>........] - ETA: 4s - loss: 0.7375 - acc: 0.6719
1120/1424 [======================>.......] - ETA: 3s - loss: 0.7344 - acc: 0.6679
1152/1424 [=======================>......] - ETA: 3s - loss: 0.7318 - acc: 0.6623
1184/1424 [=======================>......] - ETA: 3s - loss: 0.7293 - acc: 0.6571
1216/1424 [========================>.....] - ETA: 2s - loss: 0.7265 - acc: 0.6546
1248/1424 [=========================>....] - ETA: 2s - loss: 0.7222 - acc: 0.6538
1280/1424 [=========================>....] - ETA: 1s - loss: 0.7205 - acc: 0.6484
1312/1424 [==========================>...] - ETA: 1s - loss: 0.7176 - acc: 0.6479
1344/1424 [===========================>..] - ETA: 1s - loss: 0.7165 - acc: 0.6443
1376/1424 [===========================>..] - ETA: 0s - loss: 0.7152 - acc: 0.6424
1408/1424 [============================>.] - ETA: 0s - loss: 0.7131 - acc: 0.6413
1424/1424 [==============================] - 21s 15ms/step - loss: 0.7125 - acc: 0.6397 - val_loss: 0.6382 - val_acc: 0.5184
Epoch 3/1000

  32/1424 [..............................] - ETA: 17s - loss: 0.6267 - acc: 0.5938
  64/1424 [>.............................] - ETA: 17s - loss: 0.6330 - acc: 0.5312
  96/1424 [=>............................] - ETA: 16s - loss: 0.6436 - acc: 0.5312
 128/1424 [=>............................] - ETA: 16s - loss: 0.6296 - acc: 0.5391
 160/1424 [==>...........................] - ETA: 16s - loss: 0.6337 - acc: 0.5437
 192/1424 [===>..........................] - ETA: 15s - loss: 0.6272 - acc: 0.5521
 224/1424 [===>..........................] - ETA: 15s - loss: 0.6242 - acc: 0.5402
 256/1424 [====>.........................] - ETA: 14s - loss: 0.6176 - acc: 0.5469
 288/1424 [=====>........................] - ETA: 14s - loss: 0.6236 - acc: 0.5347
 320/1424 [=====>........................] - ETA: 14s - loss: 0.6688 - acc: 0.5344
 352/1424 [======>.......................] - ETA: 13s - loss: 0.6611 - acc: 0.5369
 384/1424 [=======>......................] - ETA: 13s - loss: 0.7014 - acc: 0.5234
 416/1424 [=======>......................] - ETA: 12s - loss: 0.7223 - acc: 0.5337
 448/1424 [========>.....................] - ETA: 12s - loss: 0.7167 - acc: 0.5357
 480/1424 [=========>....................] - ETA: 11s - loss: 0.7562 - acc: 0.5396
 512/1424 [=========>....................] - ETA: 11s - loss: 0.7514 - acc: 0.5312
 544/1424 [==========>...................] - ETA: 11s - loss: 0.7440 - acc: 0.5276
 576/1424 [===========>..................] - ETA: 10s - loss: 0.7346 - acc: 0.5278
 608/1424 [===========>..................] - ETA: 10s - loss: 0.7758 - acc: 0.5312
 640/1424 [============>.................] - ETA: 9s - loss: 0.8087 - acc: 0.5266 
 672/1424 [=============>................] - ETA: 9s - loss: 0.8535 - acc: 0.5208
 704/1424 [=============>................] - ETA: 9s - loss: 0.9061 - acc: 0.5185
 736/1424 [==============>...............] - ETA: 8s - loss: 0.9271 - acc: 0.5231
 768/1424 [===============>..............] - ETA: 8s - loss: 0.9743 - acc: 0.5208
 800/1424 [===============>..............] - ETA: 7s - loss: 0.9792 - acc: 0.5188
 832/1424 [================>.............] - ETA: 7s - loss: 0.9881 - acc: 0.5252
 864/1424 [=================>............] - ETA: 7s - loss: 1.0112 - acc: 0.5231
 896/1424 [=================>............] - ETA: 6s - loss: 0.9923 - acc: 0.5290
 928/1424 [==================>...........] - ETA: 6s - loss: 0.9934 - acc: 0.5356
 960/1424 [===================>..........] - ETA: 5s - loss: 0.9784 - acc: 0.5469
 992/1424 [===================>..........] - ETA: 5s - loss: 0.9827 - acc: 0.5494
1024/1424 [====================>.........] - ETA: 5s - loss: 0.9842 - acc: 0.5527
1056/1424 [=====================>........] - ETA: 4s - loss: 0.9735 - acc: 0.5597
1088/1424 [=====================>........] - ETA: 4s - loss: 0.9628 - acc: 0.5680
1120/1424 [======================>.......] - ETA: 3s - loss: 0.9531 - acc: 0.5732
1152/1424 [=======================>......] - ETA: 3s - loss: 0.9448 - acc: 0.5773
1184/1424 [=======================>......] - ETA: 3s - loss: 0.9360 - acc: 0.5853
1216/1424 [========================>.....] - ETA: 2s - loss: 0.9277 - acc: 0.5913
1248/1424 [=========================>....] - ETA: 2s - loss: 0.9192 - acc: 0.5921
1280/1424 [=========================>....] - ETA: 1s - loss: 0.9106 - acc: 0.5969
1312/1424 [==========================>...] - ETA: 1s - loss: 0.9030 - acc: 0.6014
1344/1424 [===========================>..] - ETA: 1s - loss: 0.8963 - acc: 0.6042
1376/1424 [===========================>..] - ETA: 0s - loss: 0.8894 - acc: 0.6068
1408/1424 [============================>.] - ETA: 0s - loss: 0.8831 - acc: 0.6101
1424/1424 [==============================] - 21s 15ms/step - loss: 0.8799 - acc: 0.6103 - val_loss: 0.6391 - val_acc: 0.7514
Epoch 4/1000

  32/1424 [..............................] - ETA: 17s - loss: 0.6227 - acc: 0.6562
  64/1424 [>.............................] - ETA: 17s - loss: 0.5773 - acc: 0.6875
  96/1424 [=>............................] - ETA: 16s - loss: 0.5793 - acc: 0.7188
 128/1424 [=>............................] - ETA: 16s - loss: 0.5656 - acc: 0.7266
 160/1424 [==>...........................] - ETA: 16s - loss: 0.5623 - acc: 0.7250
 192/1424 [===>..........................] - ETA: 15s - loss: 0.5635 - acc: 0.7083
 224/1424 [===>..........................] - ETA: 15s - loss: 0.5502 - acc: 0.7098
 256/1424 [====>.........................] - ETA: 14s - loss: 0.6102 - acc: 0.6875
 288/1424 [=====>........................] - ETA: 14s - loss: 0.7647 - acc: 0.6910
 320/1424 [=====>........................] - ETA: 14s - loss: 0.7321 - acc: 0.7000
 352/1424 [======>.......................] - ETA: 13s - loss: 0.7996 - acc: 0.7045
 384/1424 [=======>......................] - ETA: 13s - loss: 0.7658 - acc: 0.7188
 416/1424 [=======>......................] - ETA: 12s - loss: 0.7977 - acc: 0.7212
 448/1424 [========>.....................] - ETA: 12s - loss: 0.8164 - acc: 0.7232
 480/1424 [=========>....................] - ETA: 12s - loss: 0.7914 - acc: 0.7292
 512/1424 [=========>....................] - ETA: 11s - loss: 0.7753 - acc: 0.7305
 544/1424 [==========>...................] - ETA: 11s - loss: 0.7923 - acc: 0.7279
 576/1424 [===========>..................] - ETA: 10s - loss: 0.7743 - acc: 0.7344
 608/1424 [===========>..................] - ETA: 10s - loss: 0.7599 - acc: 0.7368
 640/1424 [============>.................] - ETA: 9s - loss: 0.7680 - acc: 0.7422 
 672/1424 [=============>................] - ETA: 9s - loss: 0.7542 - acc: 0.7440
 704/1424 [=============>................] - ETA: 9s - loss: 0.7438 - acc: 0.7429
 736/1424 [==============>...............] - ETA: 8s - loss: 0.7360 - acc: 0.7473
 768/1424 [===============>..............] - ETA: 8s - loss: 0.7381 - acc: 0.7474
 800/1424 [===============>..............] - ETA: 7s - loss: 0.7291 - acc: 0.7512
 832/1424 [================>.............] - ETA: 7s - loss: 0.7219 - acc: 0.7512
 864/1424 [=================>............] - ETA: 7s - loss: 0.7313 - acc: 0.7535
 896/1424 [=================>............] - ETA: 6s - loss: 0.7232 - acc: 0.7578
 928/1424 [==================>...........] - ETA: 6s - loss: 0.7297 - acc: 0.7586
 960/1424 [===================>..........] - ETA: 5s - loss: 0.7248 - acc: 0.7573
 992/1424 [===================>..........] - ETA: 5s - loss: 0.7376 - acc: 0.7560
1024/1424 [====================>.........] - ETA: 5s - loss: 0.7285 - acc: 0.7598
1056/1424 [=====================>........] - ETA: 4s - loss: 0.7395 - acc: 0.7595
1088/1424 [=====================>........] - ETA: 4s - loss: 0.7353 - acc: 0.7619
1120/1424 [======================>.......] - ETA: 3s - loss: 0.7303 - acc: 0.7625
1152/1424 [=======================>......] - ETA: 3s - loss: 0.7263 - acc: 0.7595
1184/1424 [=======================>......] - ETA: 3s - loss: 0.7238 - acc: 0.7593
1216/1424 [========================>.....] - ETA: 2s - loss: 0.7193 - acc: 0.7623
1248/1424 [=========================>....] - ETA: 2s - loss: 0.7182 - acc: 0.7612
1280/1424 [=========================>....] - ETA: 1s - loss: 0.7157 - acc: 0.7609
1312/1424 [==========================>...] - ETA: 1s - loss: 0.7136 - acc: 0.7561
1344/1424 [===========================>..] - ETA: 1s - loss: 0.7110 - acc: 0.7552
1376/1424 [===========================>..] - ETA: 0s - loss: 0.7079 - acc: 0.7558
1408/1424 [============================>.] - ETA: 0s - loss: 0.7057 - acc: 0.7564
1424/1424 [==============================] - 21s 15ms/step - loss: 0.7045 - acc: 0.7556 - val_loss: 0.5986 - val_acc: 0.8008
Epoch 5/1000

  32/1424 [..............................] - ETA: 17s - loss: 0.5516 - acc: 0.7812
  64/1424 [>.............................] - ETA: 17s - loss: 0.5538 - acc: 0.7969
  96/1424 [=>............................] - ETA: 16s - loss: 0.5584 - acc: 0.7917
 128/1424 [=>............................] - ETA: 16s - loss: 0.5508 - acc: 0.8125
 160/1424 [==>...........................] - ETA: 15s - loss: 0.5557 - acc: 0.8125
 192/1424 [===>..........................] - ETA: 15s - loss: 0.5606 - acc: 0.7917
 224/1424 [===>..........................] - ETA: 15s - loss: 0.5624 - acc: 0.7902
 256/1424 [====>.........................] - ETA: 14s - loss: 0.5652 - acc: 0.7891
 288/1424 [=====>........................] - ETA: 14s - loss: 0.5667 - acc: 0.7743
 320/1424 [=====>........................] - ETA: 13s - loss: 0.5734 - acc: 0.7750
 352/1424 [======>.......................] - ETA: 13s - loss: 0.5759 - acc: 0.7614
 384/1424 [=======>......................] - ETA: 13s - loss: 0.5798 - acc: 0.7578
 416/1424 [=======>......................] - ETA: 12s - loss: 0.5797 - acc: 0.7620
 448/1424 [========>.....................] - ETA: 12s - loss: 0.5770 - acc: 0.7656
 480/1424 [=========>....................] - ETA: 11s - loss: 0.5788 - acc: 0.7562
 512/1424 [=========>....................] - ETA: 11s - loss: 0.5772 - acc: 0.7598
 544/1424 [==========>...................] - ETA: 11s - loss: 0.5754 - acc: 0.7629
 576/1424 [===========>..................] - ETA: 10s - loss: 0.5750 - acc: 0.7639
 608/1424 [===========>..................] - ETA: 10s - loss: 0.5735 - acc: 0.7664
 640/1424 [============>.................] - ETA: 9s - loss: 0.5791 - acc: 0.7594 
 672/1424 [=============>................] - ETA: 9s - loss: 0.5974 - acc: 0.7664
 704/1424 [=============>................] - ETA: 9s - loss: 0.5978 - acc: 0.7599
 736/1424 [==============>...............] - ETA: 8s - loss: 0.5934 - acc: 0.7663
 768/1424 [===============>..............] - ETA: 8s - loss: 0.5930 - acc: 0.7630
 800/1424 [===============>..............] - ETA: 7s - loss: 0.5923 - acc: 0.7638
 832/1424 [================>.............] - ETA: 7s - loss: 0.5911 - acc: 0.7596
 864/1424 [=================>............] - ETA: 7s - loss: 0.5891 - acc: 0.7569
 896/1424 [=================>............] - ETA: 6s - loss: 0.5895 - acc: 0.7545
 928/1424 [==================>...........] - ETA: 6s - loss: 0.5900 - acc: 0.7522
 960/1424 [===================>..........] - ETA: 5s - loss: 0.5863 - acc: 0.7490
 992/1424 [===================>..........] - ETA: 5s - loss: 0.5919 - acc: 0.7440
1024/1424 [====================>.........] - ETA: 5s - loss: 0.5909 - acc: 0.7402
1056/1424 [=====================>........] - ETA: 4s - loss: 0.5934 - acc: 0.7339
1088/1424 [=====================>........] - ETA: 4s - loss: 0.5947 - acc: 0.7289
1120/1424 [======================>.......] - ETA: 3s - loss: 0.5936 - acc: 0.7259
1152/1424 [=======================>......] - ETA: 3s - loss: 0.5940 - acc: 0.7240
1184/1424 [=======================>......] - ETA: 3s - loss: 0.5916 - acc: 0.7247
1216/1424 [========================>.....] - ETA: 2s - loss: 0.5951 - acc: 0.7188
1248/1424 [=========================>....] - ETA: 2s - loss: 0.5959 - acc: 0.7131
1280/1424 [=========================>....] - ETA: 1s - loss: 0.5965 - acc: 0.7094
1312/1424 [==========================>...] - ETA: 1s - loss: 0.5953 - acc: 0.7081
1344/1424 [===========================>..] - ETA: 1s - loss: 0.5961 - acc: 0.7054
1376/1424 [===========================>..] - ETA: 0s - loss: 0.5958 - acc: 0.7028
1408/1424 [============================>.] - ETA: 0s - loss: 0.5959 - acc: 0.6989
1424/1424 [==============================] - 21s 15ms/step - loss: 0.5964 - acc: 0.6966 - val_loss: 0.5718 - val_acc: 0.6977
Epoch 6/1000

  32/1424 [..............................] - ETA: 17s - loss: 0.5747 - acc: 0.6562
  64/1424 [>.............................] - ETA: 17s - loss: 0.5700 - acc: 0.7344
  96/1424 [=>............................] - ETA: 16s - loss: 0.5629 - acc: 0.7188
 128/1424 [=>............................] - ETA: 16s - loss: 0.6044 - acc: 0.7031
 160/1424 [==>...........................] - ETA: 16s - loss: 0.6001 - acc: 0.7188
 192/1424 [===>..........................] - ETA: 15s - loss: 0.5974 - acc: 0.7135
 224/1424 [===>..........................] - ETA: 15s - loss: 0.5916 - acc: 0.7232
 256/1424 [====>.........................] - ETA: 14s - loss: 0.5878 - acc: 0.7305
 288/1424 [=====>........................] - ETA: 14s - loss: 0.5743 - acc: 0.7431
 320/1424 [=====>........................] - ETA: 14s - loss: 0.5834 - acc: 0.7375
 352/1424 [======>.......................] - ETA: 13s - loss: 0.5779 - acc: 0.7500
 384/1424 [=======>......................] - ETA: 13s - loss: 0.5726 - acc: 0.7500
 416/1424 [=======>......................] - ETA: 12s - loss: 0.5697 - acc: 0.7524
 448/1424 [========>.....................] - ETA: 12s - loss: 0.5822 - acc: 0.7545
 480/1424 [=========>....................] - ETA: 11s - loss: 0.5818 - acc: 0.7542
 512/1424 [=========>....................] - ETA: 11s - loss: 0.5803 - acc: 0.7520
 544/1424 [==========>...................] - ETA: 11s - loss: 0.5769 - acc: 0.7574
 576/1424 [===========>..................] - ETA: 10s - loss: 0.5695 - acc: 0.7656
 608/1424 [===========>..................] - ETA: 10s - loss: 0.5634 - acc: 0.7714
 640/1424 [============>.................] - ETA: 9s - loss: 0.5599 - acc: 0.7719 
 672/1424 [=============>................] - ETA: 9s - loss: 0.5616 - acc: 0.7723
 704/1424 [=============>................] - ETA: 9s - loss: 0.5691 - acc: 0.7699
 736/1424 [==============>...............] - ETA: 8s - loss: 0.5745 - acc: 0.7745
 768/1424 [===============>..............] - ETA: 8s - loss: 0.5740 - acc: 0.7760
 800/1424 [===============>..............] - ETA: 7s - loss: 0.5723 - acc: 0.7812
 832/1424 [================>.............] - ETA: 7s - loss: 0.5667 - acc: 0.7849
 864/1424 [=================>............] - ETA: 7s - loss: 0.5645 - acc: 0.7847
 896/1424 [=================>............] - ETA: 6s - loss: 0.5650 - acc: 0.7846
 928/1424 [==================>...........] - ETA: 6s - loss: 0.5655 - acc: 0.7877
 960/1424 [===================>..........] - ETA: 5s - loss: 0.5662 - acc: 0.7865
 992/1424 [===================>..........] - ETA: 5s - loss: 0.5829 - acc: 0.7843
1024/1424 [====================>.........] - ETA: 5s - loss: 0.5801 - acc: 0.7881
1056/1424 [=====================>........] - ETA: 4s - loss: 0.5816 - acc: 0.7869
1088/1424 [=====================>........] - ETA: 4s - loss: 0.5790 - acc: 0.7895
1120/1424 [======================>.......] - ETA: 3s - loss: 0.5770 - acc: 0.7902
1152/1424 [=======================>......] - ETA: 3s - loss: 0.5906 - acc: 0.7873
1184/1424 [=======================>......] - ETA: 3s - loss: 0.5899 - acc: 0.7880
1216/1424 [========================>.....] - ETA: 2s - loss: 0.5873 - acc: 0.7911
1248/1424 [=========================>....] - ETA: 2s - loss: 0.5853 - acc: 0.7941
1280/1424 [=========================>....] - ETA: 1s - loss: 0.5857 - acc: 0.7945
1312/1424 [==========================>...] - ETA: 1s - loss: 0.5837 - acc: 0.7957
1344/1424 [===========================>..] - ETA: 1s - loss: 0.5822 - acc: 0.7984
1376/1424 [===========================>..] - ETA: 0s - loss: 0.5833 - acc: 0.7980
1408/1424 [============================>.] - ETA: 0s - loss: 0.5827 - acc: 0.7990
1424/1424 [==============================] - 21s 15ms/step - loss: 0.5822 - acc: 0.7992 - val_loss: 0.5200 - val_acc: 0.8390
Epoch 7/1000

  32/1424 [..............................] - ETA: 17s - loss: 0.5127 - acc: 0.9062
  64/1424 [>.............................] - ETA: 17s - loss: 0.5211 - acc: 0.8438
  96/1424 [=>............................] - ETA: 16s - loss: 0.6634 - acc: 0.8438
 128/1424 [=>............................] - ETA: 16s - loss: 0.6109 - acc: 0.8516
 160/1424 [==>...........................] - ETA: 16s - loss: 0.5833 - acc: 0.8562
 192/1424 [===>..........................] - ETA: 15s - loss: 0.5811 - acc: 0.8438
 224/1424 [===>..........................] - ETA: 15s - loss: 0.5676 - acc: 0.8348
 256/1424 [====>.........................] - ETA: 14s - loss: 0.5561 - acc: 0.8398
 288/1424 [=====>........................] - ETA: 14s - loss: 0.5470 - acc: 0.8368
 320/1424 [=====>........................] - ETA: 13s - loss: 0.5457 - acc: 0.8250
 352/1424 [======>.......................] - ETA: 13s - loss: 0.5933 - acc: 0.8239
 384/1424 [=======>......................] - ETA: 13s - loss: 0.5861 - acc: 0.8177
 416/1424 [=======>......................] - ETA: 12s - loss: 0.5833 - acc: 0.8173
 448/1424 [========>.....................] - ETA: 12s - loss: 0.5773 - acc: 0.8170
 480/1424 [=========>....................] - ETA: 11s - loss: 0.5874 - acc: 0.8146
 512/1424 [=========>....................] - ETA: 11s - loss: 0.5837 - acc: 0.8164
 544/1424 [==========>...................] - ETA: 11s - loss: 0.5768 - acc: 0.8162
 576/1424 [===========>..................] - ETA: 10s - loss: 0.5715 - acc: 0.8212
 608/1424 [===========>..................] - ETA: 10s - loss: 0.5658 - acc: 0.8240
 640/1424 [============>.................] - ETA: 9s - loss: 0.5624 - acc: 0.8219 
 672/1424 [=============>................] - ETA: 9s - loss: 0.5585 - acc: 0.8229
 704/1424 [=============>................] - ETA: 9s - loss: 0.5536 - acc: 0.8267
 736/1424 [==============>...............] - ETA: 8s - loss: 0.5507 - acc: 0.8288
 768/1424 [===============>..............] - ETA: 8s - loss: 0.5503 - acc: 0.8294
 800/1424 [===============>..............] - ETA: 7s - loss: 0.5496 - acc: 0.8275
 832/1424 [================>.............] - ETA: 7s - loss: 0.5488 - acc: 0.8245
 864/1424 [=================>............] - ETA: 7s - loss: 0.5473 - acc: 0.8252
 896/1424 [=================>............] - ETA: 6s - loss: 0.5425 - acc: 0.8270
 928/1424 [==================>...........] - ETA: 6s - loss: 0.5428 - acc: 0.8265
 960/1424 [===================>..........] - ETA: 5s - loss: 0.5435 - acc: 0.8271
 992/1424 [===================>..........] - ETA: 5s - loss: 0.5466 - acc: 0.8236
1024/1424 [====================>.........] - ETA: 5s - loss: 0.5479 - acc: 0.8223
1056/1424 [=====================>........] - ETA: 4s - loss: 0.5463 - acc: 0.8239
1088/1424 [=====================>........] - ETA: 4s - loss: 0.5491 - acc: 0.8244
1120/1424 [======================>.......] - ETA: 3s - loss: 0.5466 - acc: 0.8241
1152/1424 [=======================>......] - ETA: 3s - loss: 0.5435 - acc: 0.8247
1184/1424 [=======================>......] - ETA: 3s - loss: 0.5441 - acc: 0.8209
1216/1424 [========================>.....] - ETA: 2s - loss: 0.5448 - acc: 0.8191
1248/1424 [=========================>....] - ETA: 2s - loss: 0.5452 - acc: 0.8181
1280/1424 [=========================>....] - ETA: 1s - loss: 0.5441 - acc: 0.8195
1312/1424 [==========================>...] - ETA: 1s - loss: 0.5423 - acc: 0.8194
1344/1424 [===========================>..] - ETA: 1s - loss: 0.5443 - acc: 0.8192
1376/1424 [===========================>..] - ETA: 0s - loss: 0.5431 - acc: 0.8205
1408/1424 [============================>.] - ETA: 0s - loss: 0.5453 - acc: 0.8189
1424/1424 [==============================] - 21s 15ms/step - loss: 0.5464 - acc: 0.8167 - val_loss: 0.5032 - val_acc: 0.8249
Epoch 8/1000

  32/1424 [..............................] - ETA: 17s - loss: 0.4609 - acc: 0.9062
  64/1424 [>.............................] - ETA: 17s - loss: 0.4811 - acc: 0.8594
  96/1424 [=>............................] - ETA: 16s - loss: 0.4661 - acc: 0.8854
 128/1424 [=>............................] - ETA: 16s - loss: 0.4800 - acc: 0.8750
 160/1424 [==>...........................] - ETA: 16s - loss: 0.5006 - acc: 0.8688
 192/1424 [===>..........................] - ETA: 15s - loss: 0.5200 - acc: 0.8542
 224/1424 [===>..........................] - ETA: 15s - loss: 0.5111 - acc: 0.8571
 256/1424 [====>.........................] - ETA: 14s - loss: 0.5170 - acc: 0.8477
 288/1424 [=====>........................] - ETA: 14s - loss: 0.5158 - acc: 0.8438
 320/1424 [=====>........................] - ETA: 14s - loss: 0.5060 - acc: 0.8531
 352/1424 [======>.......................] - ETA: 13s - loss: 0.5025 - acc: 0.8551
 384/1424 [=======>......................] - ETA: 13s - loss: 0.5037 - acc: 0.8542
 416/1424 [=======>......................] - ETA: 12s - loss: 0.5056 - acc: 0.8510
 448/1424 [========>.....................] - ETA: 12s - loss: 0.4937 - acc: 0.8571
 480/1424 [=========>....................] - ETA: 11s - loss: 0.4944 - acc: 0.8542
 512/1424 [=========>....................] - ETA: 11s - loss: 0.4948 - acc: 0.8516
 544/1424 [==========>...................] - ETA: 11s - loss: 0.4984 - acc: 0.8474
 576/1424 [===========>..................] - ETA: 10s - loss: 0.4933 - acc: 0.8507
 608/1424 [===========>..................] - ETA: 10s - loss: 0.4937 - acc: 0.8438
 640/1424 [============>.................] - ETA: 9s - loss: 0.4872 - acc: 0.8484 
 672/1424 [=============>................] - ETA: 9s - loss: 0.4898 - acc: 0.8467
 704/1424 [=============>................] - ETA: 9s - loss: 0.4892 - acc: 0.8438
 736/1424 [==============>...............] - ETA: 8s - loss: 0.4907 - acc: 0.8410
 768/1424 [===============>..............] - ETA: 8s - loss: 0.4899 - acc: 0.8398
 800/1424 [===============>..............] - ETA: 7s - loss: 0.4860 - acc: 0.8400
 832/1424 [================>.............] - ETA: 7s - loss: 0.4882 - acc: 0.8401
 864/1424 [=================>............] - ETA: 7s - loss: 0.4999 - acc: 0.8356
 896/1424 [=================>............] - ETA: 6s - loss: 0.5032 - acc: 0.8315
 928/1424 [==================>...........] - ETA: 6s - loss: 0.5056 - acc: 0.8287
 960/1424 [===================>..........] - ETA: 5s - loss: 0.5042 - acc: 0.8271
 992/1424 [===================>..........] - ETA: 5s - loss: 0.5041 - acc: 0.8266
1024/1424 [====================>.........] - ETA: 5s - loss: 0.5038 - acc: 0.8252
1056/1424 [=====================>........] - ETA: 4s - loss: 0.5088 - acc: 0.8229
1088/1424 [=====================>........] - ETA: 4s - loss: 0.5101 - acc: 0.8208
1120/1424 [======================>.......] - ETA: 3s - loss: 0.5100 - acc: 0.8223
1152/1424 [=======================>......] - ETA: 3s - loss: 0.5100 - acc: 0.8212
1184/1424 [=======================>......] - ETA: 3s - loss: 0.5096 - acc: 0.8193
1216/1424 [========================>.....] - ETA: 2s - loss: 0.5106 - acc: 0.8174
1248/1424 [=========================>....] - ETA: 2s - loss: 0.5136 - acc: 0.8149
1280/1424 [=========================>....] - ETA: 1s - loss: 0.5142 - acc: 0.8133
1312/1424 [==========================>...] - ETA: 1s - loss: 0.5125 - acc: 0.8155
1344/1424 [===========================>..] - ETA: 1s - loss: 0.5114 - acc: 0.8147
1376/1424 [===========================>..] - ETA: 0s - loss: 0.5100 - acc: 0.8154
1408/1424 [============================>.] - ETA: 0s - loss: 0.5099 - acc: 0.8139
1424/1424 [==============================] - 21s 15ms/step - loss: 0.5085 - acc: 0.8153 - val_loss: 0.4577 - val_acc: 0.8291
Epoch 9/1000

  32/1424 [..............................] - ETA: 17s - loss: 0.5449 - acc: 0.6875
  64/1424 [>.............................] - ETA: 17s - loss: 0.4904 - acc: 0.7656
  96/1424 [=>............................] - ETA: 16s - loss: 0.4542 - acc: 0.8021
 128/1424 [=>............................] - ETA: 16s - loss: 0.4824 - acc: 0.7969
 160/1424 [==>...........................] - ETA: 16s - loss: 0.4828 - acc: 0.8187
 192/1424 [===>..........................] - ETA: 15s - loss: 0.4672 - acc: 0.8177
 224/1424 [===>..........................] - ETA: 15s - loss: 0.4737 - acc: 0.8125
 256/1424 [====>.........................] - ETA: 14s - loss: 0.5466 - acc: 0.7969
 288/1424 [=====>........................] - ETA: 14s - loss: 0.5357 - acc: 0.7986
 320/1424 [=====>........................] - ETA: 13s - loss: 0.5535 - acc: 0.7812
 352/1424 [======>.......................] - ETA: 13s - loss: 0.5448 - acc: 0.7784
 384/1424 [=======>......................] - ETA: 13s - loss: 0.5502 - acc: 0.7734
 416/1424 [=======>......................] - ETA: 12s - loss: 0.5431 - acc: 0.7764
 448/1424 [========>.....................] - ETA: 12s - loss: 0.5498 - acc: 0.7634
 480/1424 [=========>....................] - ETA: 11s - loss: 0.5542 - acc: 0.7625
 512/1424 [=========>....................] - ETA: 11s - loss: 0.5520 - acc: 0.7637
 544/1424 [==========>...................] - ETA: 11s - loss: 0.5429 - acc: 0.7684
 576/1424 [===========>..................] - ETA: 10s - loss: 0.5357 - acc: 0.7691
 608/1424 [===========>..................] - ETA: 10s - loss: 0.5351 - acc: 0.7730
 640/1424 [============>.................] - ETA: 9s - loss: 0.5333 - acc: 0.7750 
 672/1424 [=============>................] - ETA: 9s - loss: 0.5306 - acc: 0.7738
 704/1424 [=============>................] - ETA: 9s - loss: 0.5242 - acc: 0.7770
 736/1424 [==============>...............] - ETA: 8s - loss: 0.5213 - acc: 0.7785
 768/1424 [===============>..............] - ETA: 8s - loss: 0.5179 - acc: 0.7812
 800/1424 [===============>..............] - ETA: 7s - loss: 0.5131 - acc: 0.7850
 832/1424 [================>.............] - ETA: 7s - loss: 0.5073 - acc: 0.7885
 864/1424 [=================>............] - ETA: 7s - loss: 0.5057 - acc: 0.7882
 896/1424 [=================>............] - ETA: 6s - loss: 0.5030 - acc: 0.7924
 928/1424 [==================>...........] - ETA: 6s - loss: 0.4996 - acc: 0.7942
 960/1424 [===================>..........] - ETA: 5s - loss: 0.4964 - acc: 0.7948
 992/1424 [===================>..........] - ETA: 5s - loss: 0.4922 - acc: 0.7974
1024/1424 [====================>.........] - ETA: 5s - loss: 0.4883 - acc: 0.7988
1056/1424 [=====================>........] - ETA: 4s - loss: 0.4856 - acc: 0.8011
1088/1424 [=====================>........] - ETA: 4s - loss: 0.4808 - acc: 0.8042
1120/1424 [======================>.......] - ETA: 3s - loss: 0.4779 - acc: 0.8054
1152/1424 [=======================>......] - ETA: 3s - loss: 0.4771 - acc: 0.8064
1184/1424 [=======================>......] - ETA: 3s - loss: 0.4754 - acc: 0.8066
1216/1424 [========================>.....] - ETA: 2s - loss: 0.4841 - acc: 0.8076
1248/1424 [=========================>....] - ETA: 2s - loss: 0.4804 - acc: 0.8101
1280/1424 [=========================>....] - ETA: 1s - loss: 0.4821 - acc: 0.8078
1312/1424 [==========================>...] - ETA: 1s - loss: 0.4828 - acc: 0.8056
1344/1424 [===========================>..] - ETA: 1s - loss: 0.4963 - acc: 0.8006
1376/1424 [===========================>..] - ETA: 0s - loss: 0.4994 - acc: 0.7958
1408/1424 [============================>.] - ETA: 0s - loss: 0.5126 - acc: 0.7855
1424/1424 [==============================] - 21s 15ms/step - loss: 0.5258 - acc: 0.7844 - val_loss: 0.6691 - val_acc: 0.6215
Epoch 10/1000

  32/1424 [..............................] - ETA: 17s - loss: 0.6065 - acc: 0.7500
  64/1424 [>.............................] - ETA: 17s - loss: 0.7387 - acc: 0.6094
  96/1424 [=>............................] - ETA: 16s - loss: 0.7281 - acc: 0.6042
 128/1424 [=>............................] - ETA: 16s - loss: 0.6474 - acc: 0.6484
 160/1424 [==>...........................] - ETA: 16s - loss: 0.6317 - acc: 0.6500
 192/1424 [===>..........................] - ETA: 15s - loss: 0.6632 - acc: 0.6198
 224/1424 [===>..........................] - ETA: 15s - loss: 0.7017 - acc: 0.6116
 256/1424 [====>.........................] - ETA: 14s - loss: 0.6970 - acc: 0.6211
 288/1424 [=====>........................] - ETA: 14s - loss: 0.6810 - acc: 0.6389
 320/1424 [=====>........................] - ETA: 14s - loss: 0.6814 - acc: 0.6500
 352/1424 [======>.......................] - ETA: 13s - loss: 0.6652 - acc: 0.6648
 384/1424 [=======>......................] - ETA: 13s - loss: 0.6657 - acc: 0.6510
 416/1424 [=======>......................] - ETA: 12s - loss: 0.6529 - acc: 0.6659
 448/1424 [========>.....................] - ETA: 12s - loss: 0.6475 - acc: 0.6786
 480/1424 [=========>....................] - ETA: 12s - loss: 0.6425 - acc: 0.6854
 512/1424 [=========>....................] - ETA: 11s - loss: 0.6396 - acc: 0.6875
 544/1424 [==========>...................] - ETA: 11s - loss: 0.6368 - acc: 0.6949
 576/1424 [===========>..................] - ETA: 10s - loss: 0.6308 - acc: 0.7066
 608/1424 [===========>..................] - ETA: 10s - loss: 0.6288 - acc: 0.7023
 640/1424 [============>.................] - ETA: 9s - loss: 0.6223 - acc: 0.7125 
 672/1424 [=============>................] - ETA: 9s - loss: 0.6197 - acc: 0.7143
 704/1424 [=============>................] - ETA: 9s - loss: 0.6155 - acc: 0.7230
 736/1424 [==============>...............] - ETA: 8s - loss: 0.6129 - acc: 0.7296
 768/1424 [===============>..............] - ETA: 8s - loss: 0.6088 - acc: 0.7357
 800/1424 [===============>..............] - ETA: 7s - loss: 0.6080 - acc: 0.7388
 832/1424 [================>.............] - ETA: 7s - loss: 0.6061 - acc: 0.7404
 864/1424 [=================>............] - ETA: 7s - loss: 0.6034 - acc: 0.7431
 896/1424 [=================>............] - ETA: 6s - loss: 0.6008 - acc: 0.7500
 928/1424 [==================>...........] - ETA: 6s - loss: 0.5986 - acc: 0.7543
 960/1424 [===================>..........] - ETA: 5s - loss: 0.5968 - acc: 0.7583
 992/1424 [===================>..........] - ETA: 5s - loss: 0.5977 - acc: 0.7550
1024/1424 [====================>.........] - ETA: 5s - loss: 0.5981 - acc: 0.7539
1056/1424 [=====================>........] - ETA: 4s - loss: 0.5950 - acc: 0.7566
1088/1424 [=====================>........] - ETA: 4s - loss: 0.5935 - acc: 0.7574
1120/1424 [======================>.......] - ETA: 3s - loss: 0.5928 - acc: 0.7616
1152/1424 [=======================>......] - ETA: 3s - loss: 0.5911 - acc: 0.7656
1184/1424 [=======================>......] - ETA: 3s - loss: 0.5888 - acc: 0.7686
1216/1424 [========================>.....] - ETA: 2s - loss: 0.5858 - acc: 0.7730
1248/1424 [=========================>....] - ETA: 2s - loss: 0.5844 - acc: 0.7708
1280/1424 [=========================>....] - ETA: 1s - loss: 0.5828 - acc: 0.7727
1312/1424 [==========================>...] - ETA: 1s - loss: 0.5821 - acc: 0.7713
1344/1424 [===========================>..] - ETA: 1s - loss: 0.5805 - acc: 0.7716
1376/1424 [===========================>..] - ETA: 0s - loss: 0.5803 - acc: 0.7740
1408/1424 [============================>.] - ETA: 0s - loss: 0.5801 - acc: 0.7734
1424/1424 [==============================] - 21s 15ms/step - loss: 0.5803 - acc: 0.7725 - val_loss: 0.5145 - val_acc: 0.8305
Epoch 11/1000

  32/1424 [..............................] - ETA: 17s - loss: 0.5750 - acc: 0.8438
  64/1424 [>.............................] - ETA: 17s - loss: 0.5633 - acc: 0.8281
  96/1424 [=>............................] - ETA: 16s - loss: 0.5683 - acc: 0.8021
 128/1424 [=>............................] - ETA: 16s - loss: 0.5535 - acc: 0.8125
 160/1424 [==>...........................] - ETA: 16s - loss: 0.5548 - acc: 0.8187
 192/1424 [===>..........................] - ETA: 15s - loss: 0.5299 - acc: 0.8438
 224/1424 [===>..........................] - ETA: 15s - loss: 0.5402 - acc: 0.8259
 256/1424 [====>.........................] - ETA: 14s - loss: 0.5381 - acc: 0.8398
 288/1424 [=====>........................] - ETA: 14s - loss: 0.5284 - acc: 0.8507
 320/1424 [=====>........................] - ETA: 14s - loss: 0.5301 - acc: 0.8469
 352/1424 [======>.......................] - ETA: 13s - loss: 0.5332 - acc: 0.8352
 384/1424 [=======>......................] - ETA: 13s - loss: 0.5217 - acc: 0.8438
 416/1424 [=======>......................] - ETA: 12s - loss: 0.5171 - acc: 0.8438
 448/1424 [========>.....................] - ETA: 12s - loss: 0.5184 - acc: 0.8393
 480/1424 [=========>....................] - ETA: 12s - loss: 0.5122 - acc: 0.8417
 512/1424 [=========>....................] - ETA: 11s - loss: 0.5124 - acc: 0.8398
 544/1424 [==========>...................] - ETA: 11s - loss: 0.5100 - acc: 0.8419
 576/1424 [===========>..................] - ETA: 10s - loss: 0.5091 - acc: 0.8403
 608/1424 [===========>..................] - ETA: 10s - loss: 0.5055 - acc: 0.8438
 640/1424 [============>.................] - ETA: 9s - loss: 0.5066 - acc: 0.8453 
 672/1424 [=============>................] - ETA: 9s - loss: 0.5057 - acc: 0.8423
 704/1424 [=============>................] - ETA: 9s - loss: 0.5014 - acc: 0.8452
 736/1424 [==============>...............] - ETA: 8s - loss: 0.5048 - acc: 0.8410
 768/1424 [===============>..............] - ETA: 8s - loss: 0.5025 - acc: 0.8411
 800/1424 [===============>..............] - ETA: 7s - loss: 0.5014 - acc: 0.8400
 832/1424 [================>.............] - ETA: 7s - loss: 0.5111 - acc: 0.8353
 864/1424 [=================>............] - ETA: 7s - loss: 0.5074 - acc: 0.8356
 896/1424 [=================>............] - ETA: 6s - loss: 0.5079 - acc: 0.8326
 928/1424 [==================>...........] - ETA: 6s - loss: 0.5062 - acc: 0.8287
 960/1424 [===================>..........] - ETA: 5s - loss: 0.5039 - acc: 0.8302
 992/1424 [===================>..........] - ETA: 5s - loss: 0.5028 - acc: 0.8306
1024/1424 [====================>.........] - ETA: 5s - loss: 0.5029 - acc: 0.8301
1056/1424 [=====================>........] - ETA: 4s - loss: 0.5032 - acc: 0.8305
1088/1424 [=====================>........] - ETA: 4s - loss: 0.5034 - acc: 0.8300
1120/1424 [======================>.......] - ETA: 3s - loss: 0.5041 - acc: 0.8259
1152/1424 [=======================>......] - ETA: 3s - loss: 0.4998 - acc: 0.8273
1184/1424 [=======================>......] - ETA: 3s - loss: 0.4954 - acc: 0.8302
1216/1424 [========================>.....] - ETA: 2s - loss: 0.4973 - acc: 0.8281
1248/1424 [=========================>....] - ETA: 2s - loss: 0.4948 - acc: 0.8293
1280/1424 [=========================>....] - ETA: 1s - loss: 0.4952 - acc: 0.8305
1312/1424 [==========================>...] - ETA: 1s - loss: 0.4939 - acc: 0.8308
1344/1424 [===========================>..] - ETA: 1s - loss: 0.4953 - acc: 0.8304
1376/1424 [===========================>..] - ETA: 0s - loss: 0.4927 - acc: 0.8314
1408/1424 [============================>.] - ETA: 0s - loss: 0.4936 - acc: 0.8288
1424/1424 [==============================] - 21s 15ms/step - loss: 0.4929 - acc: 0.8294 - val_loss: 0.4468 - val_acc: 0.8263
Epoch 12/1000

  32/1424 [..............................] - ETA: 17s - loss: 0.5537 - acc: 0.7500
  64/1424 [>.............................] - ETA: 17s - loss: 0.4727 - acc: 0.8281
  96/1424 [=>............................] - ETA: 16s - loss: 0.4546 - acc: 0.8229
 128/1424 [=>............................] - ETA: 16s - loss: 0.4657 - acc: 0.8203
 160/1424 [==>...........................] - ETA: 16s - loss: 0.4839 - acc: 0.8187
 192/1424 [===>..........................] - ETA: 15s - loss: 0.4676 - acc: 0.8177
 224/1424 [===>..........................] - ETA: 15s - loss: 0.4663 - acc: 0.8214
 256/1424 [====>.........................] - ETA: 14s - loss: 0.4720 - acc: 0.8164
 288/1424 [=====>........................] - ETA: 14s - loss: 0.4738 - acc: 0.8160
 320/1424 [=====>........................] - ETA: 14s - loss: 0.4945 - acc: 0.8187
 352/1424 [======>.......................] - ETA: 13s - loss: 0.4740 - acc: 0.8295
 384/1424 [=======>......................] - ETA: 13s - loss: 0.4777 - acc: 0.8177
 416/1424 [=======>......................] - ETA: 12s - loss: 0.4760 - acc: 0.8173
 448/1424 [========>.....................] - ETA: 12s - loss: 0.4663 - acc: 0.8237
 480/1424 [=========>....................] - ETA: 11s - loss: 0.4630 - acc: 0.8208
 512/1424 [=========>....................] - ETA: 11s - loss: 0.4601 - acc: 0.8242
 544/1424 [==========>...................] - ETA: 11s - loss: 0.4555 - acc: 0.8290
 576/1424 [===========>..................] - ETA: 10s - loss: 0.4484 - acc: 0.8333
 608/1424 [===========>..................] - ETA: 10s - loss: 0.4508 - acc: 0.8273
 640/1424 [============>.................] - ETA: 9s - loss: 0.4596 - acc: 0.8250 
 672/1424 [=============>................] - ETA: 9s - loss: 0.4599 - acc: 0.8274
 704/1424 [=============>................] - ETA: 9s - loss: 0.4607 - acc: 0.8295
 736/1424 [==============>...............] - ETA: 8s - loss: 0.4626 - acc: 0.8247
 768/1424 [===============>..............] - ETA: 8s - loss: 0.4583 - acc: 0.8281
 800/1424 [===============>..............] - ETA: 7s - loss: 0.4560 - acc: 0.8287
 832/1424 [================>.............] - ETA: 7s - loss: 0.4549 - acc: 0.8281
 864/1424 [=================>............] - ETA: 7s - loss: 0.4525 - acc: 0.8299
 896/1424 [=================>............] - ETA: 6s - loss: 0.4548 - acc: 0.8270
 928/1424 [==================>...........] - ETA: 6s - loss: 0.4570 - acc: 0.8244
 960/1424 [===================>..........] - ETA: 5s - loss: 0.4581 - acc: 0.8187
 992/1424 [===================>..........] - ETA: 5s - loss: 0.4644 - acc: 0.8185
1024/1424 [====================>.........] - ETA: 5s - loss: 0.4617 - acc: 0.8203
1056/1424 [=====================>........] - ETA: 4s - loss: 0.4649 - acc: 0.8191
1088/1424 [=====================>........] - ETA: 4s - loss: 0.4627 - acc: 0.8208
1120/1424 [======================>.......] - ETA: 3s - loss: 0.4592 - acc: 0.8232
1152/1424 [=======================>......] - ETA: 3s - loss: 0.4558 - acc: 0.8264
1184/1424 [=======================>......] - ETA: 3s - loss: 0.4568 - acc: 0.8252
1216/1424 [========================>.....] - ETA: 2s - loss: 0.4546 - acc: 0.8281
1248/1424 [=========================>....] - ETA: 2s - loss: 0.4572 - acc: 0.8253
1280/1424 [=========================>....] - ETA: 1s - loss: 0.4548 - acc: 0.8273
1312/1424 [==========================>...] - ETA: 1s - loss: 0.4688 - acc: 0.8247
1344/1424 [===========================>..] - ETA: 1s - loss: 0.4675 - acc: 0.8244
1376/1424 [===========================>..] - ETA: 0s - loss: 0.4672 - acc: 0.8263
1408/1424 [============================>.] - ETA: 0s - loss: 0.4694 - acc: 0.8246
1424/1424 [==============================] - 21s 15ms/step - loss: 0.4703 - acc: 0.8237 - val_loss: 0.4244 - val_acc: 0.8277
Epoch 13/1000

  32/1424 [..............................] - ETA: 17s - loss: 0.4592 - acc: 0.7812
  64/1424 [>.............................] - ETA: 17s - loss: 0.5246 - acc: 0.6875
  96/1424 [=>............................] - ETA: 16s - loss: 0.4743 - acc: 0.7188
 128/1424 [=>............................] - ETA: 16s - loss: 0.4606 - acc: 0.7578
 160/1424 [==>...........................] - ETA: 16s - loss: 0.4803 - acc: 0.7375
 192/1424 [===>..........................] - ETA: 15s - loss: 0.4561 - acc: 0.7656
 224/1424 [===>..........................] - ETA: 15s - loss: 0.4442 - acc: 0.7812
 256/1424 [====>.........................] - ETA: 14s - loss: 0.4308 - acc: 0.7969
 288/1424 [=====>........................] - ETA: 14s - loss: 0.4284 - acc: 0.7986
 320/1424 [=====>........................] - ETA: 14s - loss: 0.4549 - acc: 0.7937
 352/1424 [======>.......................] - ETA: 13s - loss: 0.4456 - acc: 0.8040
 384/1424 [=======>......................] - ETA: 13s - loss: 0.4461 - acc: 0.8073
 416/1424 [=======>......................] - ETA: 12s - loss: 0.4534 - acc: 0.8053
 448/1424 [========>.....................] - ETA: 12s - loss: 0.4586 - acc: 0.7991
 480/1424 [=========>....................] - ETA: 11s - loss: 0.4677 - acc: 0.8000
 512/1424 [=========>....................] - ETA: 11s - loss: 0.4687 - acc: 0.8008
 544/1424 [==========>...................] - ETA: 11s - loss: 0.4681 - acc: 0.8015
 576/1424 [===========>..................] - ETA: 10s - loss: 0.4678 - acc: 0.8003
 608/1424 [===========>..................] - ETA: 10s - loss: 0.4591 - acc: 0.8059
 640/1424 [============>.................] - ETA: 9s - loss: 0.4516 - acc: 0.8094 
 672/1424 [=============>................] - ETA: 9s - loss: 0.4435 - acc: 0.8170
 704/1424 [=============>................] - ETA: 9s - loss: 0.4437 - acc: 0.8153
 736/1424 [==============>...............] - ETA: 8s - loss: 0.4397 - acc: 0.8193
 768/1424 [===============>..............] - ETA: 8s - loss: 0.4349 - acc: 0.8216
 800/1424 [===============>..............] - ETA: 7s - loss: 0.4341 - acc: 0.8200
 832/1424 [================>.............] - ETA: 7s - loss: 0.4318 - acc: 0.8209
 864/1424 [=================>............] - ETA: 7s - loss: 0.4316 - acc: 0.8206
 896/1424 [=================>............] - ETA: 6s - loss: 0.4290 - acc: 0.8225
 928/1424 [==================>...........] - ETA: 6s - loss: 0.4340 - acc: 0.8179
 960/1424 [===================>..........] - ETA: 5s - loss: 0.4352 - acc: 0.8167
 992/1424 [===================>..........] - ETA: 5s - loss: 0.4343 - acc: 0.8175
1024/1424 [====================>.........] - ETA: 5s - loss: 0.4412 - acc: 0.8154
1056/1424 [=====================>........] - ETA: 4s - loss: 0.4392 - acc: 0.8172
1088/1424 [=====================>........] - ETA: 4s - loss: 0.4522 - acc: 0.8180
1120/1424 [======================>.......] - ETA: 3s - loss: 0.4483 - acc: 0.8187
1152/1424 [=======================>......] - ETA: 3s - loss: 0.4507 - acc: 0.8151
1184/1424 [=======================>......] - ETA: 3s - loss: 0.4496 - acc: 0.8167
1216/1424 [========================>.....] - ETA: 2s - loss: 0.4461 - acc: 0.8183
1248/1424 [=========================>....] - ETA: 2s - loss: 0.4470 - acc: 0.8165
1280/1424 [=========================>....] - ETA: 1s - loss: 0.4456 - acc: 0.8180
1312/1424 [==========================>...] - ETA: 1s - loss: 0.4441 - acc: 0.8178
1344/1424 [===========================>..] - ETA: 1s - loss: 0.4432 - acc: 0.8192
1376/1424 [===========================>..] - ETA: 0s - loss: 0.4432 - acc: 0.8183
1408/1424 [============================>.] - ETA: 0s - loss: 0.4484 - acc: 0.8161
1424/1424 [==============================] - 21s 15ms/step - loss: 0.4479 - acc: 0.8153 - val_loss: 0.3805 - val_acc: 0.8432
Epoch 14/1000

  32/1424 [..............................] - ETA: 17s - loss: 0.4436 - acc: 0.8438
  64/1424 [>.............................] - ETA: 17s - loss: 0.4012 - acc: 0.8750
  96/1424 [=>............................] - ETA: 16s - loss: 0.4439 - acc: 0.8438
 128/1424 [=>............................] - ETA: 16s - loss: 0.4376 - acc: 0.8281
 160/1424 [==>...........................] - ETA: 15s - loss: 0.4356 - acc: 0.8187
 192/1424 [===>..........................] - ETA: 15s - loss: 0.4572 - acc: 0.8229
 224/1424 [===>..........................] - ETA: 15s - loss: 0.4374 - acc: 0.8348
 256/1424 [====>.........................] - ETA: 14s - loss: 0.4307 - acc: 0.8398
 288/1424 [=====>........................] - ETA: 14s - loss: 0.4464 - acc: 0.8299
 320/1424 [=====>........................] - ETA: 13s - loss: 0.4409 - acc: 0.8313
 352/1424 [======>.......................] - ETA: 13s - loss: 0.4325 - acc: 0.8295
 384/1424 [=======>......................] - ETA: 13s - loss: 0.4219 - acc: 0.8333
 416/1424 [=======>......................] - ETA: 12s - loss: 0.4178 - acc: 0.8365
 448/1424 [========>.....................] - ETA: 12s - loss: 0.4250 - acc: 0.8304
 480/1424 [=========>....................] - ETA: 11s - loss: 0.4275 - acc: 0.8250
 512/1424 [=========>....................] - ETA: 11s - loss: 0.4207 - acc: 0.8281
 544/1424 [==========>...................] - ETA: 11s - loss: 0.4157 - acc: 0.8290
 576/1424 [===========>..................] - ETA: 10s - loss: 0.4087 - acc: 0.8368
 608/1424 [===========>..................] - ETA: 10s - loss: 0.4102 - acc: 0.8372
 640/1424 [============>.................] - ETA: 9s - loss: 0.4159 - acc: 0.8328 
 672/1424 [=============>................] - ETA: 9s - loss: 0.4110 - acc: 0.8363
 704/1424 [=============>................] - ETA: 9s - loss: 0.4102 - acc: 0.8366
 736/1424 [==============>...............] - ETA: 8s - loss: 0.4240 - acc: 0.8397
 768/1424 [===============>..............] - ETA: 8s - loss: 0.4274 - acc: 0.8359
 800/1424 [===============>..............] - ETA: 7s - loss: 0.4323 - acc: 0.8350
 832/1424 [================>.............] - ETA: 7s - loss: 0.4490 - acc: 0.8257
 864/1424 [=================>............] - ETA: 7s - loss: 0.4596 - acc: 0.8171
 896/1424 [=================>............] - ETA: 6s - loss: 0.4773 - acc: 0.8058
 928/1424 [==================>...........] - ETA: 6s - loss: 0.4905 - acc: 0.7985
 960/1424 [===================>..........] - ETA: 5s - loss: 0.5209 - acc: 0.7885
 992/1424 [===================>..........] - ETA: 5s - loss: 0.5492 - acc: 0.7772
1024/1424 [====================>.........] - ETA: 5s - loss: 0.5579 - acc: 0.7734
1056/1424 [=====================>........] - ETA: 4s - loss: 0.5640 - acc: 0.7670
1088/1424 [=====================>........] - ETA: 4s - loss: 0.5693 - acc: 0.7638
1120/1424 [======================>.......] - ETA: 3s - loss: 0.5774 - acc: 0.7571
1152/1424 [=======================>......] - ETA: 3s - loss: 0.5965 - acc: 0.7439
1184/1424 [=======================>......] - ETA: 3s - loss: 0.6381 - acc: 0.7373
1216/1424 [========================>.....] - ETA: 2s - loss: 0.6911 - acc: 0.7303
1248/1424 [=========================>....] - ETA: 2s - loss: 0.7043 - acc: 0.7260
1280/1424 [=========================>....] - ETA: 1s - loss: 0.7155 - acc: 0.7219
1312/1424 [==========================>...] - ETA: 1s - loss: 0.7300 - acc: 0.7134
1344/1424 [===========================>..] - ETA: 1s - loss: 0.7288 - acc: 0.7091
1376/1424 [===========================>..] - ETA: 0s - loss: 0.7393 - acc: 0.7057
1408/1424 [============================>.] - ETA: 0s - loss: 0.7475 - acc: 0.7003
1424/1424 [==============================] - 21s 15ms/step - loss: 0.7684 - acc: 0.6966 - val_loss: 8.0363 - val_acc: 0.5014
Epoch 15/1000

  32/1424 [..............................] - ETA: 17s - loss: 5.9503 - acc: 0.4062
  64/1424 [>.............................] - ETA: 17s - loss: 7.0274 - acc: 0.4219
  96/1424 [=>............................] - ETA: 16s - loss: 7.0300 - acc: 0.4688
 128/1424 [=>............................] - ETA: 16s - loss: 7.6609 - acc: 0.4531
 160/1424 [==>...........................] - ETA: 15s - loss: 8.2398 - acc: 0.4313
 192/1424 [===>..........................] - ETA: 15s - loss: 8.1239 - acc: 0.4479
 224/1424 [===>..........................] - ETA: 15s - loss: 8.1131 - acc: 0.4554
 256/1424 [====>.........................] - ETA: 14s - loss: 8.1672 - acc: 0.4570
 288/1424 [=====>........................] - ETA: 14s - loss: 8.0433 - acc: 0.4688
 320/1424 [=====>........................] - ETA: 13s - loss: 8.1938 - acc: 0.4625
 352/1424 [======>.......................] - ETA: 13s - loss: 7.5143 - acc: 0.4716
 384/1424 [=======>......................] - ETA: 13s - loss: 6.9542 - acc: 0.4714
 416/1424 [=======>......................] - ETA: 12s - loss: 6.4859 - acc: 0.4639
 448/1424 [========>.....................] - ETA: 12s - loss: 6.0723 - acc: 0.4732
 480/1424 [=========>....................] - ETA: 11s - loss: 5.7203 - acc: 0.4729
 512/1424 [=========>....................] - ETA: 11s - loss: 5.4122 - acc: 0.4727
 544/1424 [==========>...................] - ETA: 11s - loss: 5.1318 - acc: 0.4835
 576/1424 [===========>..................] - ETA: 10s - loss: 4.8906 - acc: 0.4826
 608/1424 [===========>..................] - ETA: 10s - loss: 4.6685 - acc: 0.4901
 640/1424 [============>.................] - ETA: 9s - loss: 4.4805 - acc: 0.4813 
 672/1424 [=============>................] - ETA: 9s - loss: 4.3046 - acc: 0.4807
 704/1424 [=============>................] - ETA: 9s - loss: 4.1458 - acc: 0.4787
 736/1424 [==============>...............] - ETA: 8s - loss: 3.9996 - acc: 0.4783
 768/1424 [===============>..............] - ETA: 8s - loss: 3.8647 - acc: 0.4792
 800/1424 [===============>..............] - ETA: 7s - loss: 3.7396 - acc: 0.4813
 832/1424 [================>.............] - ETA: 7s - loss: 3.6258 - acc: 0.4808
 864/1424 [=================>............] - ETA: 7s - loss: 3.5171 - acc: 0.4850
 896/1424 [=================>............] - ETA: 6s - loss: 3.4209 - acc: 0.4821
 928/1424 [==================>...........] - ETA: 6s - loss: 3.3298 - acc: 0.4817
 960/1424 [===================>..........] - ETA: 5s - loss: 3.2440 - acc: 0.4823
 992/1424 [===================>..........] - ETA: 5s - loss: 3.1658 - acc: 0.4798
1024/1424 [====================>.........] - ETA: 5s - loss: 3.0925 - acc: 0.4775
1056/1424 [=====================>........] - ETA: 4s - loss: 3.0216 - acc: 0.4782
1088/1424 [=====================>........] - ETA: 4s - loss: 2.9536 - acc: 0.4807
1120/1424 [======================>.......] - ETA: 3s - loss: 2.8882 - acc: 0.4848
1152/1424 [=======================>......] - ETA: 3s - loss: 2.8294 - acc: 0.4844
1184/1424 [=======================>......] - ETA: 3s - loss: 2.7714 - acc: 0.4873
1216/1424 [========================>.....] - ETA: 2s - loss: 2.7215 - acc: 0.4827
1248/1424 [=========================>....] - ETA: 2s - loss: 2.6725 - acc: 0.4808
1280/1424 [=========================>....] - ETA: 1s - loss: 2.6259 - acc: 0.4789
1312/1424 [==========================>...] - ETA: 1s - loss: 2.5770 - acc: 0.4840
1344/1424 [===========================>..] - ETA: 1s - loss: 2.5320 - acc: 0.4866
1376/1424 [===========================>..] - ETA: 0s - loss: 2.4909 - acc: 0.4862
1408/1424 [============================>.] - ETA: 0s - loss: 2.4516 - acc: 0.4858
1424/1424 [==============================] - 21s 15ms/step - loss: 2.4328 - acc: 0.4853 - val_loss: 0.7419 - val_acc: 0.5000
Epoch 16/1000

  32/1424 [..............................] - ETA: 17s - loss: 0.6829 - acc: 0.5938
  64/1424 [>.............................] - ETA: 17s - loss: 0.7511 - acc: 0.4844
  96/1424 [=>............................] - ETA: 16s - loss: 0.7281 - acc: 0.5208
 128/1424 [=>............................] - ETA: 16s - loss: 0.7310 - acc: 0.5156
 160/1424 [==>...........................] - ETA: 16s - loss: 0.7517 - acc: 0.4813
 192/1424 [===>..........................] - ETA: 15s - loss: 0.7400 - acc: 0.5000
 224/1424 [===>..........................] - ETA: 15s - loss: 0.7450 - acc: 0.4911
 256/1424 [====>.........................] - ETA: 14s - loss: 0.7464 - acc: 0.4883
 288/1424 [=====>........................] - ETA: 14s - loss: 0.7452 - acc: 0.4896
 320/1424 [=====>........................] - ETA: 14s - loss: 0.7388 - acc: 0.5000
 352/1424 [======>.......................] - ETA: 13s - loss: 0.7417 - acc: 0.4943
 384/1424 [=======>......................] - ETA: 13s - loss: 0.7381 - acc: 0.5000
 416/1424 [=======>......................] - ETA: 12s - loss: 0.7378 - acc: 0.5000
 448/1424 [========>.....................] - ETA: 12s - loss: 0.7374 - acc: 0.5000
 480/1424 [=========>....................] - ETA: 11s - loss: 0.7383 - acc: 0.4979
 512/1424 [=========>....................] - ETA: 11s - loss: 0.7379 - acc: 0.4980
 544/1424 [==========>...................] - ETA: 11s - loss: 0.7416 - acc: 0.4908
 576/1424 [===========>..................] - ETA: 10s - loss: 0.7478 - acc: 0.4792
 608/1424 [===========>..................] - ETA: 10s - loss: 0.7495 - acc: 0.4753
 640/1424 [============>.................] - ETA: 9s - loss: 0.7451 - acc: 0.4828 
 672/1424 [=============>................] - ETA: 9s - loss: 0.7460 - acc: 0.4807
 704/1424 [=============>................] - ETA: 9s - loss: 0.7444 - acc: 0.4830
 736/1424 [==============>...............] - ETA: 8s - loss: 0.7423 - acc: 0.4864
 768/1424 [===============>..............] - ETA: 8s - loss: 0.7437 - acc: 0.4831
 800/1424 [===============>..............] - ETA: 7s - loss: 0.7430 - acc: 0.4838
 832/1424 [================>.............] - ETA: 7s - loss: 0.7405 - acc: 0.4880
 864/1424 [=================>............] - ETA: 7s - loss: 0.7388 - acc: 0.4907
 896/1424 [=================>............] - ETA: 6s - loss: 0.7400 - acc: 0.4877
 928/1424 [==================>...........] - ETA: 6s - loss: 0.7416 - acc: 0.4838
 960/1424 [===================>..........] - ETA: 5s - loss: 0.7405 - acc: 0.4854
 992/1424 [===================>..........] - ETA: 5s - loss: 0.7375 - acc: 0.4909
1024/1424 [====================>.........] - ETA: 5s - loss: 0.7351 - acc: 0.4951
1056/1424 [=====================>........] - ETA: 4s - loss: 0.7343 - acc: 0.4962
1088/1424 [=====================>........] - ETA: 4s - loss: 0.7353 - acc: 0.4936
1120/1424 [======================>.......] - ETA: 3s - loss: 0.7340 - acc: 0.4955
1152/1424 [=======================>......] - ETA: 3s - loss: 0.7325 - acc: 0.4983
1184/1424 [=======================>......] - ETA: 3s - loss: 0.7309 - acc: 0.5008
1216/1424 [========================>.....] - ETA: 2s - loss: 0.7303 - acc: 0.5016
1248/1424 [=========================>....] - ETA: 2s - loss: 0.7289 - acc: 0.5040
1280/1424 [=========================>....] - ETA: 1s - loss: 0.7294 - acc: 0.5023
1312/1424 [==========================>...] - ETA: 1s - loss: 0.7296 - acc: 0.5015
1344/1424 [===========================>..] - ETA: 1s - loss: 0.7297 - acc: 0.5007
1376/1424 [===========================>..] - ETA: 0s - loss: 0.7301 - acc: 0.4993
1408/1424 [============================>.] - ETA: 0s - loss: 0.7299 - acc: 0.4993
1424/1424 [==============================] - 21s 15ms/step - loss: 0.7295 - acc: 0.5000 - val_loss: 0.7188 - val_acc: 0.5000
Epoch 17/1000

  32/1424 [..............................] - ETA: 17s - loss: 0.7330 - acc: 0.4688
  64/1424 [>.............................] - ETA: 17s - loss: 0.7328 - acc: 0.4688
  96/1424 [=>............................] - ETA: 16s - loss: 0.7326 - acc: 0.4688
 128/1424 [=>............................] - ETA: 16s - loss: 0.7254 - acc: 0.4844
 160/1424 [==>...........................] - ETA: 16s - loss: 0.7238 - acc: 0.4875
 192/1424 [===>..........................] - ETA: 15s - loss: 0.7227 - acc: 0.4896
 224/1424 [===>..........................] - ETA: 15s - loss: 0.7180 - acc: 0.5000
 256/1424 [====>.........................] - ETA: 14s - loss: 0.7110 - acc: 0.5156
 288/1424 [=====>........................] - ETA: 14s - loss: 0.7026 - acc: 0.5347
 320/1424 [=====>........................] - ETA: 14s - loss: 0.7013 - acc: 0.5375
 352/1424 [======>.......................] - ETA: 13s - loss: 0.6989 - acc: 0.5426
 384/1424 [=======>......................] - ETA: 13s - loss: 0.7026 - acc: 0.5339
 416/1424 [=======>......................] - ETA: 12s - loss: 0.7036 - acc: 0.5312
 448/1424 [========>.....................] - ETA: 12s - loss: 0.7082 - acc: 0.5201
 480/1424 [=========>....................] - ETA: 11s - loss: 0.7113 - acc: 0.5125
 512/1424 [=========>....................] - ETA: 11s - loss: 0.7123 - acc: 0.5098
 544/1424 [==========>...................] - ETA: 11s - loss: 0.7117 - acc: 0.5110
 576/1424 [===========>..................] - ETA: 10s - loss: 0.7125 - acc: 0.5087
 608/1424 [===========>..................] - ETA: 10s - loss: 0.7126 - acc: 0.5082
 640/1424 [============>.................] - ETA: 9s - loss: 0.7095 - acc: 0.5156 
 672/1424 [=============>................] - ETA: 9s - loss: 0.7085 - acc: 0.5179
 704/1424 [=============>................] - ETA: 9s - loss: 0.7087 - acc: 0.5170
 736/1424 [==============>...............] - ETA: 8s - loss: 0.7083 - acc: 0.5177
 768/1424 [===============>..............] - ETA: 8s - loss: 0.7090 - acc: 0.5156
 800/1424 [===============>..............] - ETA: 7s - loss: 0.7057 - acc: 0.5238
 832/1424 [================>.............] - ETA: 7s - loss: 0.7074 - acc: 0.5192
 864/1424 [=================>............] - ETA: 7s - loss: 0.7080 - acc: 0.5174
 896/1424 [=================>............] - ETA: 6s - loss: 0.7077 - acc: 0.5179
 928/1424 [==================>...........] - ETA: 6s - loss: 0.7091 - acc: 0.5140
 960/1424 [===================>..........] - ETA: 5s - loss: 0.7096 - acc: 0.5125
 992/1424 [===================>..........] - ETA: 5s - loss: 0.7093 - acc: 0.5131
1024/1424 [====================>.........] - ETA: 5s - loss: 0.7123 - acc: 0.5049
1056/1424 [=====================>........] - ETA: 4s - loss: 0.7105 - acc: 0.5095
1088/1424 [=====================>........] - ETA: 4s - loss: 0.7112 - acc: 0.5074
1120/1424 [======================>.......] - ETA: 3s - loss: 0.7112 - acc: 0.5071
1152/1424 [=======================>......] - ETA: 3s - loss: 0.7112 - acc: 0.5069
1184/1424 [=======================>......] - ETA: 3s - loss: 0.7121 - acc: 0.5042
1216/1424 [========================>.....] - ETA: 2s - loss: 0.7117 - acc: 0.5049
1248/1424 [=========================>....] - ETA: 2s - loss: 0.7119 - acc: 0.5040
1280/1424 [=========================>....] - ETA: 1s - loss: 0.7124 - acc: 0.5023
1312/1424 [==========================>...] - ETA: 1s - loss: 0.7124 - acc: 0.5023
1344/1424 [===========================>..] - ETA: 1s - loss: 0.7123 - acc: 0.5022
1376/1424 [===========================>..] - ETA: 0s - loss: 0.7124 - acc: 0.5015
1408/1424 [============================>.] - ETA: 0s - loss: 0.7126 - acc: 0.5007
1424/1424 [==============================] - 21s 15ms/step - loss: 0.7128 - acc: 0.5000 - val_loss: 0.7079 - val_acc: 0.5000
Epoch 18/1000

  32/1424 [..............................] - ETA: 17s - loss: 0.7617 - acc: 0.3438
  64/1424 [>.............................] - ETA: 17s - loss: 0.7453 - acc: 0.3906
  96/1424 [=>............................] - ETA: 16s - loss: 0.7256 - acc: 0.4479
 128/1424 [=>............................] - ETA: 16s - loss: 0.7289 - acc: 0.4375
 160/1424 [==>...........................] - ETA: 15s - loss: 0.7183 - acc: 0.4688
 192/1424 [===>..........................] - ETA: 15s - loss: 0.7146 - acc: 0.4792
 224/1424 [===>..........................] - ETA: 15s - loss: 0.7237 - acc: 0.4509
 256/1424 [====>.........................] - ETA: 14s - loss: 0.7177 - acc: 0.4688
 288/1424 [=====>........................] - ETA: 14s - loss: 0.7209 - acc: 0.4583
 320/1424 [=====>........................] - ETA: 13s - loss: 0.7224 - acc: 0.4531
 352/1424 [======>.......................] - ETA: 13s - loss: 0.7208 - acc: 0.4574
 384/1424 [=======>......................] - ETA: 13s - loss: 0.7212 - acc: 0.4557
 416/1424 [=======>......................] - ETA: 12s - loss: 0.7184 - acc: 0.4639
 448/1424 [========>.....................] - ETA: 12s - loss: 0.7134 - acc: 0.4799
 480/1424 [=========>....................] - ETA: 11s - loss: 0.7121 - acc: 0.4833
 512/1424 [=========>....................] - ETA: 11s - loss: 0.7123 - acc: 0.4824
 544/1424 [==========>...................] - ETA: 11s - loss: 0.7107 - acc: 0.4871
 576/1424 [===========>..................] - ETA: 10s - loss: 0.7093 - acc: 0.4913
 608/1424 [===========>..................] - ETA: 10s - loss: 0.7085 - acc: 0.4934
 640/1424 [============>.................] - ETA: 9s - loss: 0.7079 - acc: 0.4953 
 672/1424 [=============>................] - ETA: 9s - loss: 0.7090 - acc: 0.4911
 704/1424 [=============>................] - ETA: 9s - loss: 0.7083 - acc: 0.4929
 736/1424 [==============>...............] - ETA: 8s - loss: 0.7073 - acc: 0.4959
 768/1424 [===============>..............] - ETA: 8s - loss: 0.7072 - acc: 0.4961
 800/1424 [===============>..............] - ETA: 7s - loss: 0.7063 - acc: 0.4988
 832/1424 [================>.............] - ETA: 7s - loss: 0.7052 - acc: 0.5024
 864/1424 [=================>............] - ETA: 7s - loss: 0.7044 - acc: 0.5046
 896/1424 [=================>............] - ETA: 6s - loss: 0.7044 - acc: 0.5045
 928/1424 [==================>...........] - ETA: 6s - loss: 0.7044 - acc: 0.5043
 960/1424 [===================>..........] - ETA: 5s - loss: 0.7040 - acc: 0.5052
 992/1424 [===================>..........] - ETA: 5s - loss: 0.7048 - acc: 0.5020
1024/1424 [====================>.........] - ETA: 5s - loss: 0.7045 - acc: 0.5029
1056/1424 [=====================>........] - ETA: 4s - loss: 0.7047 - acc: 0.5019
1088/1424 [=====================>........] - ETA: 4s - loss: 0.7039 - acc: 0.5046
1120/1424 [======================>.......] - ETA: 3s - loss: 0.7046 - acc: 0.5018
1152/1424 [=======================>......] - ETA: 3s - loss: 0.7048 - acc: 0.5009
1184/1424 [=======================>......] - ETA: 3s - loss: 0.7042 - acc: 0.5025
1216/1424 [========================>.....] - ETA: 2s - loss: 0.7033 - acc: 0.5058
1248/1424 [=========================>....] - ETA: 2s - loss: 0.7026 - acc: 0.5080
1280/1424 [=========================>....] - ETA: 1s - loss: 0.7039 - acc: 0.5031
1312/1424 [==========================>...] - ETA: 1s - loss: 0.7044 - acc: 0.5008
1344/1424 [===========================>..] - ETA: 1s - loss: 0.7040 - acc: 0.5022
1376/1424 [===========================>..] - ETA: 0s - loss: 0.7043 - acc: 0.5007
1408/1424 [============================>.] - ETA: 0s - loss: 0.7037 - acc: 0.5028
1424/1424 [==============================] - 21s 15ms/step - loss: 0.7044 - acc: 0.5000 - val_loss: 0.7014 - val_acc: 0.5000
Epoch 19/1000

  32/1424 [..............................] - ETA: 17s - loss: 0.7658 - acc: 0.2500
  64/1424 [>.............................] - ETA: 17s - loss: 0.7216 - acc: 0.4219
  96/1424 [=>............................] - ETA: 16s - loss: 0.7042 - acc: 0.4896
 128/1424 [=>............................] - ETA: 16s - loss: 0.7014 - acc: 0.5000
 160/1424 [==>...........................] - ETA: 16s - loss: 0.6951 - acc: 0.5250
 192/1424 [===>..........................] - ETA: 15s - loss: 0.6922 - acc: 0.5365
 224/1424 [===>..........................] - ETA: 15s - loss: 0.6912 - acc: 0.5402
 256/1424 [====>.........................] - ETA: 14s - loss: 0.6933 - acc: 0.5312
 288/1424 [=====>........................] - ETA: 14s - loss: 0.6925 - acc: 0.5347
 320/1424 [=====>........................] - ETA: 14s - loss: 0.6910 - acc: 0.5406
 352/1424 [======>.......................] - ETA: 13s - loss: 0.6967 - acc: 0.5170
 384/1424 [=======>......................] - ETA: 13s - loss: 0.7007 - acc: 0.5000
 416/1424 [=======>......................] - ETA: 12s - loss: 0.7018 - acc: 0.4952
 448/1424 [========>.....................] - ETA: 12s - loss: 0.7038 - acc: 0.4866
 480/1424 [=========>....................] - ETA: 11s - loss: 0.7026 - acc: 0.4917
 512/1424 [=========>....................] - ETA: 11s - loss: 0.7015 - acc: 0.4961
 544/1424 [==========>...................] - ETA: 11s - loss: 0.7001 - acc: 0.5018
 576/1424 [===========>..................] - ETA: 10s - loss: 0.7009 - acc: 0.4983
 608/1424 [===========>..................] - ETA: 10s - loss: 0.7001 - acc: 0.5016
 640/1424 [============>.................] - ETA: 9s - loss: 0.7004 - acc: 0.5000 
 672/1424 [=============>................] - ETA: 9s - loss: 0.7000 - acc: 0.5015
 704/1424 [=============>................] - ETA: 9s - loss: 0.7000 - acc: 0.5014
 736/1424 [==============>...............] - ETA: 8s - loss: 0.6994 - acc: 0.5041
 768/1424 [===============>..............] - ETA: 8s - loss: 0.6999 - acc: 0.5013
 800/1424 [===============>..............] - ETA: 7s - loss: 0.7005 - acc: 0.4988
 832/1424 [================>.............] - ETA: 7s - loss: 0.7009 - acc: 0.4964
 864/1424 [=================>............] - ETA: 7s - loss: 0.7004 - acc: 0.4988
 896/1424 [=================>............] - ETA: 6s - loss: 0.6998 - acc: 0.5011
 928/1424 [==================>...........] - ETA: 6s - loss: 0.6979 - acc: 0.5097
 960/1424 [===================>..........] - ETA: 5s - loss: 0.6973 - acc: 0.5125
 992/1424 [===================>..........] - ETA: 5s - loss: 0.6971 - acc: 0.5131
1024/1424 [====================>.........] - ETA: 5s - loss: 0.6980 - acc: 0.5088
1056/1424 [=====================>........] - ETA: 4s - loss: 0.6978 - acc: 0.5095
1088/1424 [=====================>........] - ETA: 4s - loss: 0.6984 - acc: 0.5064
1120/1424 [======================>.......] - ETA: 3s - loss: 0.6983 - acc: 0.5071
1152/1424 [=======================>......] - ETA: 3s - loss: 0.6988 - acc: 0.5043
1184/1424 [=======================>......] - ETA: 3s - loss: 0.6990 - acc: 0.5034
1216/1424 [========================>.....] - ETA: 2s - loss: 0.6995 - acc: 0.5008
1248/1424 [=========================>....] - ETA: 2s - loss: 0.6993 - acc: 0.5016
1280/1424 [=========================>....] - ETA: 1s - loss: 0.6988 - acc: 0.5039
1312/1424 [==========================>...] - ETA: 1s - loss: 0.6989 - acc: 0.5030
1344/1424 [===========================>..] - ETA: 1s - loss: 0.6993 - acc: 0.5007
1376/1424 [===========================>..] - ETA: 0s - loss: 0.6996 - acc: 0.4993
1408/1424 [============================>.] - ETA: 0s - loss: 0.6993 - acc: 0.5007
1424/1424 [==============================] - 21s 15ms/step - loss: 0.6994 - acc: 0.5000 - val_loss: 0.6978 - val_acc: 0.5000
Epoch 20/1000

  32/1424 [..............................] - ETA: 17s - loss: 0.6978 - acc: 0.5000
  64/1424 [>.............................] - ETA: 17s - loss: 0.6858 - acc: 0.5625
  96/1424 [=>............................] - ETA: 16s - loss: 0.6957 - acc: 0.5104
 128/1424 [=>............................] - ETA: 16s - loss: 0.6947 - acc: 0.5156
 160/1424 [==>...........................] - ETA: 16s - loss: 0.6965 - acc: 0.5062
 192/1424 [===>..........................] - ETA: 15s - loss: 0.6986 - acc: 0.4948
 224/1424 [===>..........................] - ETA: 15s - loss: 0.6968 - acc: 0.5045
 256/1424 [====>.........................] - ETA: 14s - loss: 0.6976 - acc: 0.5000
 288/1424 [=====>........................] - ETA: 14s - loss: 0.6969 - acc: 0.5035
 320/1424 [=====>........................] - ETA: 14s - loss: 0.6969 - acc: 0.5031
 352/1424 [======>.......................] - ETA: 13s - loss: 0.6975 - acc: 0.5000
 384/1424 [=======>......................] - ETA: 13s - loss: 0.6974 - acc: 0.5000
 416/1424 [=======>......................] - ETA: 12s - loss: 0.6970 - acc: 0.5024
 448/1424 [========>.....................] - ETA: 12s - loss: 0.6958 - acc: 0.5089
 480/1424 [=========>....................] - ETA: 11s - loss: 0.6959 - acc: 0.5083
 512/1424 [=========>....................] - ETA: 11s - loss: 0.6956 - acc: 0.5098
 544/1424 [==========>...................] - ETA: 11s - loss: 0.6973 - acc: 0.5000
 576/1424 [===========>..................] - ETA: 10s - loss: 0.6976 - acc: 0.4983
 608/1424 [===========>..................] - ETA: 10s - loss: 0.6984 - acc: 0.4934
 640/1424 [============>.................] - ETA: 9s - loss: 0.6996 - acc: 0.4859 
 672/1424 [=============>................] - ETA: 9s - loss: 0.7005 - acc: 0.4807
 704/1424 [=============>................] - ETA: 9s - loss: 0.7005 - acc: 0.4801
 736/1424 [==============>...............] - ETA: 8s - loss: 0.6999 - acc: 0.4837
 768/1424 [===============>..............] - ETA: 8s - loss: 0.7002 - acc: 0.4818
 800/1424 [===============>..............] - ETA: 7s - loss: 0.7008 - acc: 0.4775
 832/1424 [================>.............] - ETA: 7s - loss: 0.7018 - acc: 0.4712
 864/1424 [=================>............] - ETA: 7s - loss: 0.7032 - acc: 0.4618
 896/1424 [=================>............] - ETA: 6s - loss: 0.7023 - acc: 0.4676
 928/1424 [==================>...........] - ETA: 6s - loss: 0.7014 - acc: 0.4731
 960/1424 [===================>..........] - ETA: 5s - loss: 0.7011 - acc: 0.4750
 992/1424 [===================>..........] - ETA: 5s - loss: 0.7009 - acc: 0.4758
1024/1424 [====================>.........] - ETA: 5s - loss: 0.7000 - acc: 0.4814
1056/1424 [=====================>........] - ETA: 4s - loss: 0.6991 - acc: 0.4877
1088/1424 [=====================>........] - ETA: 4s - loss: 0.6993 - acc: 0.4862
1120/1424 [======================>.......] - ETA: 3s - loss: 0.6995 - acc: 0.4839
1152/1424 [=======================>......] - ETA: 3s - loss: 0.6997 - acc: 0.4826
1184/1424 [=======================>......] - ETA: 3s - loss: 0.6990 - acc: 0.4873
1216/1424 [========================>.....] - ETA: 2s - loss: 0.6984 - acc: 0.4910
1248/1424 [=========================>....] - ETA: 2s - loss: 0.6985 - acc: 0.4904
1280/1424 [=========================>....] - ETA: 1s - loss: 0.6981 - acc: 0.4930
1312/1424 [==========================>...] - ETA: 1s - loss: 0.6976 - acc: 0.4962
1344/1424 [===========================>..] - ETA: 1s - loss: 0.6974 - acc: 0.4970
1376/1424 [===========================>..] - ETA: 0s - loss: 0.6973 - acc: 0.4978
1408/1424 [============================>.] - ETA: 0s - loss: 0.6969 - acc: 0.5007
1424/1424 [==============================] - 21s 15ms/step - loss: 0.6969 - acc: 0.5000 - val_loss: 0.6955 - val_acc: 0.5000
Epoch 21/1000

  32/1424 [..............................] - ETA: 17s - loss: 0.7127 - acc: 0.3750
  64/1424 [>.............................] - ETA: 17s - loss: 0.7105 - acc: 0.3906
  96/1424 [=>............................] - ETA: 16s - loss: 0.7027 - acc: 0.4479
 128/1424 [=>............................] - ETA: 16s - loss: 0.6998 - acc: 0.4688
 160/1424 [==>...........................] - ETA: 16s - loss: 0.6998 - acc: 0.4688
 192/1424 [===>..........................] - ETA: 15s - loss: 0.6990 - acc: 0.4740
 224/1424 [===>..........................] - ETA: 15s - loss: 0.6973 - acc: 0.4866
 256/1424 [====>.........................] - ETA: 14s - loss: 0.6945 - acc: 0.5078
 288/1424 [=====>........................] - ETA: 14s - loss: 0.6950 - acc: 0.5035
 320/1424 [=====>........................] - ETA: 13s - loss: 0.6971 - acc: 0.4875
 352/1424 [======>.......................] - ETA: 13s - loss: 0.6958 - acc: 0.4972
 384/1424 [=======>......................] - ETA: 13s - loss: 0.6968 - acc: 0.4896
 416/1424 [=======>......................] - ETA: 12s - loss: 0.6970 - acc: 0.4880
 448/1424 [========>.....................] - ETA: 12s - loss: 0.6983 - acc: 0.4777
 480/1424 [=========>....................] - ETA: 11s - loss: 0.6981 - acc: 0.4792
 512/1424 [=========>....................] - ETA: 11s - loss: 0.6975 - acc: 0.4844
 544/1424 [==========>...................] - ETA: 11s - loss: 0.6971 - acc: 0.4871
 576/1424 [===========>..................] - ETA: 10s - loss: 0.6965 - acc: 0.4913
 608/1424 [===========>..................] - ETA: 10s - loss: 0.6977 - acc: 0.4819
 640/1424 [============>.................] - ETA: 9s - loss: 0.6978 - acc: 0.4813 
 672/1424 [=============>................] - ETA: 9s - loss: 0.6980 - acc: 0.4792
 704/1424 [=============>................] - ETA: 9s - loss: 0.6984 - acc: 0.4759
 736/1424 [==============>...............] - ETA: 8s - loss: 0.6977 - acc: 0.4810
 768/1424 [===============>..............] - ETA: 8s - loss: 0.6976 - acc: 0.4818
 800/1424 [===============>..............] - ETA: 7s - loss: 0.6974 - acc: 0.4838
 832/1424 [================>.............] - ETA: 7s - loss: 0.6967 - acc: 0.4892
 864/1424 [=================>............] - ETA: 7s - loss: 0.6966 - acc: 0.4896
 896/1424 [=================>............] - ETA: 6s - loss: 0.6963 - acc: 0.4922
 928/1424 [==================>...........] - ETA: 6s - loss: 0.6966 - acc: 0.4892
 960/1424 [===================>..........] - ETA: 5s - loss: 0.6961 - acc: 0.4938
 992/1424 [===================>..........] - ETA: 5s - loss: 0.6965 - acc: 0.4899
1024/1424 [====================>.........] - ETA: 5s - loss: 0.6962 - acc: 0.4922
1056/1424 [=====================>........] - ETA: 4s - loss: 0.6963 - acc: 0.4915
1088/1424 [=====================>........] - ETA: 4s - loss: 0.6960 - acc: 0.4936
1120/1424 [======================>.......] - ETA: 3s - loss: 0.6963 - acc: 0.4911
1152/1424 [=======================>......] - ETA: 3s - loss: 0.6962 - acc: 0.4922
1184/1424 [=======================>......] - ETA: 3s - loss: 0.6959 - acc: 0.4941
1216/1424 [========================>.....] - ETA: 2s - loss: 0.6957 - acc: 0.4959
1248/1424 [=========================>....] - ETA: 2s - loss: 0.6954 - acc: 0.4984
1280/1424 [=========================>....] - ETA: 1s - loss: 0.6952 - acc: 0.5008
1312/1424 [==========================>...] - ETA: 1s - loss: 0.6953 - acc: 0.4992
1344/1424 [===========================>..] - ETA: 1s - loss: 0.6954 - acc: 0.4978
1376/1424 [===========================>..] - ETA: 0s - loss: 0.6953 - acc: 0.4993
1408/1424 [============================>.] - ETA: 0s - loss: 0.6953 - acc: 0.4993
1424/1424 [==============================] - 21s 15ms/step - loss: 0.6952 - acc: 0.5000 - val_loss: 0.6946 - val_acc: 0.5000
Epoch 22/1000

  32/1424 [..............................] - ETA: 17s - loss: 0.6979 - acc: 0.4688
  64/1424 [>.............................] - ETA: 17s - loss: 0.6996 - acc: 0.4531
  96/1424 [=>............................] - ETA: 16s - loss: 0.6968 - acc: 0.4792
 128/1424 [=>............................] - ETA: 16s - loss: 0.7003 - acc: 0.4453
 160/1424 [==>...........................] - ETA: 16s - loss: 0.6979 - acc: 0.4688
 192/1424 [===>..........................] - ETA: 15s - loss: 0.7005 - acc: 0.4427
 224/1424 [===>..........................] - ETA: 15s - loss: 0.6997 - acc: 0.4509
 256/1424 [====>.........................] - ETA: 14s - loss: 0.6990 - acc: 0.4570
 288/1424 [=====>........................] - ETA: 14s - loss: 0.6989 - acc: 0.4583
 320/1424 [=====>........................] - ETA: 14s - loss: 0.6975 - acc: 0.4719
 352/1424 [======>.......................] - ETA: 13s - loss: 0.6978 - acc: 0.4688
 384/1424 [=======>......................] - ETA: 13s - loss: 0.6970 - acc: 0.4766
 416/1424 [=======>......................] - ETA: 12s - loss: 0.6956 - acc: 0.4904
 448/1424 [========>.....................] - ETA: 12s - loss: 0.6953 - acc: 0.4933
 480/1424 [=========>....................] - ETA: 11s - loss: 0.6956 - acc: 0.4896
 512/1424 [=========>....................] - ETA: 11s - loss: 0.6957 - acc: 0.4883
 544/1424 [==========>...................] - ETA: 11s - loss: 0.6949 - acc: 0.4963
 576/1424 [===========>..................] - ETA: 10s - loss: 0.6944 - acc: 0.5017
 608/1424 [===========>..................] - ETA: 10s - loss: 0.6944 - acc: 0.5016
 640/1424 [============>.................] - ETA: 9s - loss: 0.6938 - acc: 0.5078 
 672/1424 [=============>................] - ETA: 9s - loss: 0.6944 - acc: 0.5015
 704/1424 [=============>................] - ETA: 9s - loss: 0.6947 - acc: 0.4986
 736/1424 [==============>...............] - ETA: 8s - loss: 0.6940 - acc: 0.5054
 768/1424 [===============>..............] - ETA: 8s - loss: 0.6944 - acc: 0.5013
 800/1424 [===============>..............] - ETA: 7s - loss: 0.6937 - acc: 0.5088
 832/1424 [================>.............] - ETA: 7s - loss: 0.6939 - acc: 0.5060
 864/1424 [=================>............] - ETA: 7s - loss: 0.6941 - acc: 0.5035
 896/1424 [=================>............] - ETA: 6s - loss: 0.6946 - acc: 0.4989
 928/1424 [==================>...........] - ETA: 6s - loss: 0.6944 - acc: 0.5011
 960/1424 [===================>..........] - ETA: 5s - loss: 0.6945 - acc: 0.4990
 992/1424 [===================>..........] - ETA: 5s - loss: 0.6946 - acc: 0.4980
1024/1424 [====================>.........] - ETA: 5s - loss: 0.6949 - acc: 0.4951
1056/1424 [=====================>........] - ETA: 4s - loss: 0.6951 - acc: 0.4924
1088/1424 [=====================>........] - ETA: 4s - loss: 0.6948 - acc: 0.4954
1120/1424 [======================>.......] - ETA: 3s - loss: 0.6946 - acc: 0.4982
1152/1424 [=======================>......] - ETA: 3s - loss: 0.6948 - acc: 0.4957
1184/1424 [=======================>......] - ETA: 3s - loss: 0.6947 - acc: 0.4966
1216/1424 [========================>.....] - ETA: 2s - loss: 0.6945 - acc: 0.4984
1248/1424 [=========================>....] - ETA: 2s - loss: 0.6945 - acc: 0.4984
1280/1424 [=========================>....] - ETA: 1s - loss: 0.6945 - acc: 0.4992
1312/1424 [==========================>...] - ETA: 1s - loss: 0.6945 - acc: 0.4985
1344/1424 [===========================>..] - ETA: 1s - loss: 0.6945 - acc: 0.4985
1376/1424 [===========================>..] - ETA: 0s - loss: 0.6945 - acc: 0.4985
1408/1424 [============================>.] - ETA: 0s - loss: 0.6944 - acc: 0.5000
1424/1424 [==============================] - 21s 15ms/step - loss: 0.6944 - acc: 0.5000 - val_loss: 0.6940 - val_acc: 0.5000
Epoch 23/1000

  32/1424 [..............................] - ETA: 17s - loss: 0.6966 - acc: 0.4688
  64/1424 [>.............................] - ETA: 17s - loss: 0.6966 - acc: 0.4688
  96/1424 [=>............................] - ETA: 16s - loss: 0.6991 - acc: 0.4375
 128/1424 [=>............................] - ETA: 16s - loss: 0.6978 - acc: 0.4531
 160/1424 [==>...........................] - ETA: 16s - loss: 0.6975 - acc: 0.4562
 192/1424 [===>..........................] - ETA: 15s - loss: 0.6978 - acc: 0.4531
 224/1424 [===>..........................] - ETA: 15s - loss: 0.6986 - acc: 0.4420
 256/1424 [====>.........................] - ETA: 14s - loss: 0.6974 - acc: 0.4570
 288/1424 [=====>........................] - ETA: 14s - loss: 0.6962 - acc: 0.4722
 320/1424 [=====>........................] - ETA: 13s - loss: 0.6946 - acc: 0.4938
 352/1424 [======>.......................] - ETA: 13s - loss: 0.6945 - acc: 0.4943
 384/1424 [=======>......................] - ETA: 13s - loss: 0.6941 - acc: 0.5000
 416/1424 [=======>......................] - ETA: 12s - loss: 0.6942 - acc: 0.4976
 448/1424 [========>.....................] - ETA: 12s - loss: 0.6940 - acc: 0.5000
 480/1424 [=========>....................] - ETA: 11s - loss: 0.6942 - acc: 0.4979
 512/1424 [=========>....................] - ETA: 11s - loss: 0.6949 - acc: 0.4883
 544/1424 [==========>...................] - ETA: 11s - loss: 0.6950 - acc: 0.4871
 576/1424 [===========>..................] - ETA: 10s - loss: 0.6945 - acc: 0.4931
 608/1424 [===========>..................] - ETA: 10s - loss: 0.6945 - acc: 0.4934
 640/1424 [============>.................] - ETA: 9s - loss: 0.6946 - acc: 0.4922 
 672/1424 [=============>................] - ETA: 9s - loss: 0.6949 - acc: 0.4866
 704/1424 [=============>................] - ETA: 9s - loss: 0.6950 - acc: 0.4858
 736/1424 [==============>...............] - ETA: 8s - loss: 0.6951 - acc: 0.4837
 768/1424 [===============>..............] - ETA: 8s - loss: 0.6951 - acc: 0.4831
 800/1424 [===============>..............] - ETA: 7s - loss: 0.6949 - acc: 0.4863
 832/1424 [================>.............] - ETA: 7s - loss: 0.6948 - acc: 0.4880
 864/1424 [=================>............] - ETA: 7s - loss: 0.6948 - acc: 0.4884
 896/1424 [=================>............] - ETA: 6s - loss: 0.6949 - acc: 0.4855
 928/1424 [==================>...........] - ETA: 6s - loss: 0.6946 - acc: 0.4903
 960/1424 [===================>..........] - ETA: 5s - loss: 0.6946 - acc: 0.4896
 992/1424 [===================>..........] - ETA: 5s - loss: 0.6946 - acc: 0.4899
1024/1424 [====================>.........] - ETA: 5s - loss: 0.6946 - acc: 0.4902
1056/1424 [=====================>........] - ETA: 4s - loss: 0.6943 - acc: 0.4943
1088/1424 [=====================>........] - ETA: 4s - loss: 0.6942 - acc: 0.4954
1120/1424 [======================>.......] - ETA: 3s - loss: 0.6941 - acc: 0.4982
1152/1424 [=======================>......] - ETA: 3s - loss: 0.6939 - acc: 0.5009
1184/1424 [=======================>......] - ETA: 3s - loss: 0.6939 - acc: 0.5000
1216/1424 [========================>.....] - ETA: 2s - loss: 0.6941 - acc: 0.4967
1248/1424 [=========================>....] - ETA: 2s - loss: 0.6940 - acc: 0.4992
1280/1424 [=========================>....] - ETA: 1s - loss: 0.6939 - acc: 0.5000
1312/1424 [==========================>...] - ETA: 1s - loss: 0.6938 - acc: 0.5023
1344/1424 [===========================>..] - ETA: 1s - loss: 0.6936 - acc: 0.5045
1376/1424 [===========================>..] - ETA: 0s - loss: 0.6937 - acc: 0.5036
1408/1424 [============================>.] - ETA: 0s - loss: 0.6938 - acc: 0.5014
1424/1424 [==============================] - 21s 15ms/step - loss: 0.6939 - acc: 0.5000 - val_loss: 0.6936 - val_acc: 0.5000

  32/1424 [..............................] - ETA: 5s
  64/1424 [>.............................] - ETA: 4s
  96/1424 [=>............................] - ETA: 4s
 128/1424 [=>............................] - ETA: 4s
 160/1424 [==>...........................] - ETA: 4s
 192/1424 [===>..........................] - ETA: 4s
 224/1424 [===>..........................] - ETA: 4s
 256/1424 [====>.........................] - ETA: 4s
 288/1424 [=====>........................] - ETA: 4s
 320/1424 [=====>........................] - ETA: 3s
 352/1424 [======>.......................] - ETA: 3s
 384/1424 [=======>......................] - ETA: 3s
 416/1424 [=======>......................] - ETA: 3s
 448/1424 [========>.....................] - ETA: 3s
 480/1424 [=========>....................] - ETA: 3s
 512/1424 [=========>....................] - ETA: 3s
 544/1424 [==========>...................] - ETA: 3s
 576/1424 [===========>..................] - ETA: 3s
 608/1424 [===========>..................] - ETA: 2s
 640/1424 [============>.................] - ETA: 2s
 672/1424 [=============>................] - ETA: 2s
 704/1424 [=============>................] - ETA: 2s
 736/1424 [==============>...............] - ETA: 2s
 768/1424 [===============>..............] - ETA: 2s
 800/1424 [===============>..............] - ETA: 2s
 832/1424 [================>.............] - ETA: 2s
 864/1424 [=================>............] - ETA: 2s
 896/1424 [=================>............] - ETA: 1s
 928/1424 [==================>...........] - ETA: 1s
 960/1424 [===================>..........] - ETA: 1s
 992/1424 [===================>..........] - ETA: 1s
1024/1424 [====================>.........] - ETA: 1s
1056/1424 [=====================>........] - ETA: 1s
1088/1424 [=====================>........] - ETA: 1s
1120/1424 [======================>.......] - ETA: 1s
1152/1424 [=======================>......] - ETA: 0s
1184/1424 [=======================>......] - ETA: 0s
1216/1424 [========================>.....] - ETA: 0s
1248/1424 [=========================>....] - ETA: 0s
1280/1424 [=========================>....] - ETA: 0s
1312/1424 [==========================>...] - ETA: 0s
1344/1424 [===========================>..] - ETA: 0s
1376/1424 [===========================>..] - ETA: 0s
1408/1424 [============================>.] - ETA: 0s
1424/1424 [==============================] - 5s 4ms/step
Test acc: 0.848314606741573
Test auc: 0.9172275438707234
Test mcc: 0.6969042110122264
Execute epoch: 23
Execute time: 486.7216351032257
