_________________________________________________________________
Layer (type)                 Output Shape              Param #   
=================================================================
embedding_1 (Embedding)      (None, None, 128)         2688      
_________________________________________________________________
lstm_1 (LSTM)                (None, None, 64)          49408     
_________________________________________________________________
lstm_2 (LSTM)                (None, None, 64)          33024     
_________________________________________________________________
lstm_3 (LSTM)                (None, 64)                33024     
_________________________________________________________________
dense_1 (Dense)              (None, 16)                1040      
_________________________________________________________________
dense_2 (Dense)              (None, 1)                 17        
=================================================================
Total params: 119,201
Trainable params: 119,201
Non-trainable params: 0
_________________________________________________________________
Train on 1424 samples, validate on 708 samples
Epoch 1/1000

  32/1424 [..............................] - ETA: 2:31 - loss: 0.6932 - acc: 0.5000
  64/1424 [>.............................] - ETA: 1:22 - loss: 0.6931 - acc: 0.5469
  96/1424 [=>............................] - ETA: 59s - loss: 0.6928 - acc: 0.5729 
 128/1424 [=>............................] - ETA: 47s - loss: 0.6930 - acc: 0.5469
 160/1424 [==>...........................] - ETA: 40s - loss: 0.6924 - acc: 0.5687
 192/1424 [===>..........................] - ETA: 35s - loss: 0.6922 - acc: 0.5677
 224/1424 [===>..........................] - ETA: 31s - loss: 0.6920 - acc: 0.5670
 256/1424 [====>.........................] - ETA: 28s - loss: 0.6920 - acc: 0.5625
 288/1424 [=====>........................] - ETA: 26s - loss: 0.6928 - acc: 0.5417
 320/1424 [=====>........................] - ETA: 24s - loss: 0.6930 - acc: 0.5344
 352/1424 [======>.......................] - ETA: 22s - loss: 0.6937 - acc: 0.5170
 384/1424 [=======>......................] - ETA: 21s - loss: 0.6933 - acc: 0.5208
 416/1424 [=======>......................] - ETA: 20s - loss: 0.6930 - acc: 0.5240
 448/1424 [========>.....................] - ETA: 18s - loss: 0.6932 - acc: 0.5179
 480/1424 [=========>....................] - ETA: 17s - loss: 0.6928 - acc: 0.5229
 512/1424 [=========>....................] - ETA: 16s - loss: 0.6931 - acc: 0.5176
 544/1424 [==========>...................] - ETA: 15s - loss: 0.6930 - acc: 0.5165
 576/1424 [===========>..................] - ETA: 15s - loss: 0.6931 - acc: 0.5122
 608/1424 [===========>..................] - ETA: 14s - loss: 0.6929 - acc: 0.5132
 640/1424 [============>.................] - ETA: 13s - loss: 0.6928 - acc: 0.5156
 672/1424 [=============>................] - ETA: 12s - loss: 0.6927 - acc: 0.5134
 704/1424 [=============>................] - ETA: 12s - loss: 0.6925 - acc: 0.5128
 736/1424 [==============>...............] - ETA: 11s - loss: 0.6925 - acc: 0.5109
 768/1424 [===============>..............] - ETA: 10s - loss: 0.6924 - acc: 0.5104
 800/1424 [===============>..............] - ETA: 10s - loss: 0.6921 - acc: 0.5100
 832/1424 [================>.............] - ETA: 9s - loss: 0.6920 - acc: 0.5084 
 864/1424 [=================>............] - ETA: 8s - loss: 0.6917 - acc: 0.5104
 896/1424 [=================>............] - ETA: 8s - loss: 0.6914 - acc: 0.5089
 928/1424 [==================>...........] - ETA: 7s - loss: 0.6913 - acc: 0.5075
 960/1424 [===================>..........] - ETA: 7s - loss: 0.6910 - acc: 0.5052
 992/1424 [===================>..........] - ETA: 6s - loss: 0.6907 - acc: 0.5020
1024/1424 [====================>.........] - ETA: 6s - loss: 0.6900 - acc: 0.5029
1056/1424 [=====================>........] - ETA: 5s - loss: 0.6897 - acc: 0.4972
1088/1424 [=====================>........] - ETA: 5s - loss: 0.6884 - acc: 0.4991
1120/1424 [======================>.......] - ETA: 4s - loss: 0.6871 - acc: 0.5018
1152/1424 [=======================>......] - ETA: 4s - loss: 0.6850 - acc: 0.5043
1184/1424 [=======================>......] - ETA: 3s - loss: 0.6810 - acc: 0.5068
1216/1424 [========================>.....] - ETA: 3s - loss: 0.6825 - acc: 0.5082
1248/1424 [=========================>....] - ETA: 2s - loss: 0.6828 - acc: 0.5096
1280/1424 [=========================>....] - ETA: 2s - loss: 0.6817 - acc: 0.5141
1312/1424 [==========================>...] - ETA: 1s - loss: 0.6804 - acc: 0.5198
1344/1424 [===========================>..] - ETA: 1s - loss: 0.6804 - acc: 0.5231
1376/1424 [===========================>..] - ETA: 0s - loss: 0.6792 - acc: 0.5283
1408/1424 [============================>.] - ETA: 0s - loss: 0.6786 - acc: 0.5334
1424/1424 [==============================] - 24s 17ms/step - loss: 0.6785 - acc: 0.5351 - val_loss: 0.6615 - val_acc: 0.7613
Epoch 2/1000

  32/1424 [..............................] - ETA: 17s - loss: 0.6834 - acc: 0.6875
  64/1424 [>.............................] - ETA: 16s - loss: 0.6667 - acc: 0.6875
  96/1424 [=>............................] - ETA: 16s - loss: 0.6711 - acc: 0.6979
 128/1424 [=>............................] - ETA: 16s - loss: 0.6600 - acc: 0.7266
 160/1424 [==>...........................] - ETA: 15s - loss: 0.6640 - acc: 0.7250
 192/1424 [===>..........................] - ETA: 15s - loss: 0.6557 - acc: 0.7604
 224/1424 [===>..........................] - ETA: 14s - loss: 0.6496 - acc: 0.7768
 256/1424 [====>.........................] - ETA: 14s - loss: 0.6447 - acc: 0.7656
 288/1424 [=====>........................] - ETA: 14s - loss: 0.6367 - acc: 0.7535
 320/1424 [=====>........................] - ETA: 13s - loss: 0.6300 - acc: 0.7406
 352/1424 [======>.......................] - ETA: 13s - loss: 0.6722 - acc: 0.7216
 384/1424 [=======>......................] - ETA: 12s - loss: 0.7070 - acc: 0.7005
 416/1424 [=======>......................] - ETA: 12s - loss: 0.7339 - acc: 0.6875
 448/1424 [========>.....................] - ETA: 12s - loss: 0.7567 - acc: 0.6786
 480/1424 [=========>....................] - ETA: 11s - loss: 0.7491 - acc: 0.6667
 512/1424 [=========>....................] - ETA: 11s - loss: 0.7610 - acc: 0.6680
 544/1424 [==========>...................] - ETA: 10s - loss: 0.7451 - acc: 0.6783
 576/1424 [===========>..................] - ETA: 10s - loss: 0.7373 - acc: 0.6771
 608/1424 [===========>..................] - ETA: 10s - loss: 0.7514 - acc: 0.6842
 640/1424 [============>.................] - ETA: 9s - loss: 0.7423 - acc: 0.6937 
 672/1424 [=============>................] - ETA: 9s - loss: 0.7336 - acc: 0.6949
 704/1424 [=============>................] - ETA: 8s - loss: 0.7235 - acc: 0.7045
 736/1424 [==============>...............] - ETA: 8s - loss: 0.7136 - acc: 0.7133
 768/1424 [===============>..............] - ETA: 8s - loss: 0.7224 - acc: 0.7109
 800/1424 [===============>..............] - ETA: 7s - loss: 0.7163 - acc: 0.7113
 832/1424 [================>.............] - ETA: 7s - loss: 0.7113 - acc: 0.7103
 864/1424 [=================>............] - ETA: 6s - loss: 0.7046 - acc: 0.7060
 896/1424 [=================>............] - ETA: 6s - loss: 0.7183 - acc: 0.6964
 928/1424 [==================>...........] - ETA: 6s - loss: 0.7135 - acc: 0.6907
 960/1424 [===================>..........] - ETA: 5s - loss: 0.7291 - acc: 0.6854
 992/1424 [===================>..........] - ETA: 5s - loss: 0.7364 - acc: 0.6835
1024/1424 [====================>.........] - ETA: 4s - loss: 0.7454 - acc: 0.6768
1056/1424 [=====================>........] - ETA: 4s - loss: 0.7406 - acc: 0.6742
1088/1424 [=====================>........] - ETA: 4s - loss: 0.7367 - acc: 0.6710
1120/1424 [======================>.......] - ETA: 3s - loss: 0.7453 - acc: 0.6670
1152/1424 [=======================>......] - ETA: 3s - loss: 0.7420 - acc: 0.6615
1184/1424 [=======================>......] - ETA: 2s - loss: 0.7405 - acc: 0.6571
1216/1424 [========================>.....] - ETA: 2s - loss: 0.7488 - acc: 0.6538
1248/1424 [=========================>....] - ETA: 2s - loss: 0.7434 - acc: 0.6522
1280/1424 [=========================>....] - ETA: 1s - loss: 0.7406 - acc: 0.6469
1312/1424 [==========================>...] - ETA: 1s - loss: 0.7366 - acc: 0.6463
1344/1424 [===========================>..] - ETA: 0s - loss: 0.7349 - acc: 0.6414
1376/1424 [===========================>..] - ETA: 0s - loss: 0.7339 - acc: 0.6395
1408/1424 [============================>.] - ETA: 0s - loss: 0.7313 - acc: 0.6378
1424/1424 [==============================] - 21s 14ms/step - loss: 0.7304 - acc: 0.6362 - val_loss: 0.6525 - val_acc: 0.5212
Epoch 3/1000

  32/1424 [..............................] - ETA: 17s - loss: 0.6414 - acc: 0.5938
  64/1424 [>.............................] - ETA: 16s - loss: 0.6457 - acc: 0.5312
  96/1424 [=>............................] - ETA: 16s - loss: 0.6548 - acc: 0.5312
 128/1424 [=>............................] - ETA: 16s - loss: 0.6497 - acc: 0.5469
 160/1424 [==>...........................] - ETA: 15s - loss: 0.6532 - acc: 0.5500
 192/1424 [===>..........................] - ETA: 15s - loss: 0.6513 - acc: 0.5573
 224/1424 [===>..........................] - ETA: 14s - loss: 0.6503 - acc: 0.5446
 256/1424 [====>.........................] - ETA: 14s - loss: 0.6481 - acc: 0.5547
 288/1424 [=====>........................] - ETA: 14s - loss: 0.6525 - acc: 0.5486
 320/1424 [=====>........................] - ETA: 13s - loss: 0.6528 - acc: 0.5500
 352/1424 [======>.......................] - ETA: 13s - loss: 0.6511 - acc: 0.5540
 384/1424 [=======>......................] - ETA: 12s - loss: 0.6534 - acc: 0.5391
 416/1424 [=======>......................] - ETA: 12s - loss: 0.6492 - acc: 0.5457
 448/1424 [========>.....................] - ETA: 12s - loss: 0.6498 - acc: 0.5513
 480/1424 [=========>....................] - ETA: 11s - loss: 0.6481 - acc: 0.5542
 512/1424 [=========>....................] - ETA: 11s - loss: 0.6496 - acc: 0.5449
 544/1424 [==========>...................] - ETA: 10s - loss: 0.6503 - acc: 0.5441
 576/1424 [===========>..................] - ETA: 10s - loss: 0.6501 - acc: 0.5451
 608/1424 [===========>..................] - ETA: 10s - loss: 0.6476 - acc: 0.5461
 640/1424 [============>.................] - ETA: 9s - loss: 0.6485 - acc: 0.5422 
 672/1424 [=============>................] - ETA: 9s - loss: 0.6494 - acc: 0.5402
 704/1424 [=============>................] - ETA: 8s - loss: 0.6715 - acc: 0.5398
 736/1424 [==============>...............] - ETA: 8s - loss: 0.6665 - acc: 0.5462
 768/1424 [===============>..............] - ETA: 8s - loss: 0.6631 - acc: 0.5508
 800/1424 [===============>..............] - ETA: 7s - loss: 0.6585 - acc: 0.5513
 832/1424 [================>.............] - ETA: 7s - loss: 0.6563 - acc: 0.5577
 864/1424 [=================>............] - ETA: 6s - loss: 0.6551 - acc: 0.5556
 896/1424 [=================>............] - ETA: 6s - loss: 0.6488 - acc: 0.5580
 928/1424 [==================>...........] - ETA: 6s - loss: 0.6601 - acc: 0.5625
 960/1424 [===================>..........] - ETA: 5s - loss: 0.6542 - acc: 0.5708
 992/1424 [===================>..........] - ETA: 5s - loss: 0.6683 - acc: 0.5706
1024/1424 [====================>.........] - ETA: 4s - loss: 0.6627 - acc: 0.5732
1056/1424 [=====================>........] - ETA: 4s - loss: 0.6726 - acc: 0.5758
1088/1424 [=====================>........] - ETA: 4s - loss: 0.6685 - acc: 0.5818
1120/1424 [======================>.......] - ETA: 3s - loss: 0.6891 - acc: 0.5821
1152/1424 [=======================>......] - ETA: 3s - loss: 0.6985 - acc: 0.5859
1184/1424 [=======================>......] - ETA: 2s - loss: 0.6954 - acc: 0.5904
1216/1424 [========================>.....] - ETA: 2s - loss: 0.7160 - acc: 0.5970
1248/1424 [=========================>....] - ETA: 2s - loss: 0.7357 - acc: 0.5986
1280/1424 [=========================>....] - ETA: 1s - loss: 0.7659 - acc: 0.6008
1312/1424 [==========================>...] - ETA: 1s - loss: 0.7586 - acc: 0.6052
1344/1424 [===========================>..] - ETA: 0s - loss: 0.7513 - acc: 0.6101
1376/1424 [===========================>..] - ETA: 0s - loss: 0.7459 - acc: 0.6148
1408/1424 [============================>.] - ETA: 0s - loss: 0.7517 - acc: 0.6172
1424/1424 [==============================] - 21s 14ms/step - loss: 0.7495 - acc: 0.6187 - val_loss: 0.8347 - val_acc: 0.7599
Epoch 4/1000

  32/1424 [..............................] - ETA: 17s - loss: 1.0437 - acc: 0.6875
  64/1424 [>.............................] - ETA: 17s - loss: 1.2457 - acc: 0.7031
  96/1424 [=>............................] - ETA: 16s - loss: 1.4968 - acc: 0.6979
 128/1424 [=>............................] - ETA: 16s - loss: 1.2442 - acc: 0.7266
 160/1424 [==>...........................] - ETA: 15s - loss: 1.2926 - acc: 0.7312
 192/1424 [===>..........................] - ETA: 15s - loss: 1.2525 - acc: 0.7344
 224/1424 [===>..........................] - ETA: 15s - loss: 1.3514 - acc: 0.7500
 256/1424 [====>.........................] - ETA: 14s - loss: 1.3049 - acc: 0.7461
 288/1424 [=====>........................] - ETA: 14s - loss: 1.2627 - acc: 0.7431
 320/1424 [=====>........................] - ETA: 13s - loss: 1.2684 - acc: 0.7469
 352/1424 [======>.......................] - ETA: 13s - loss: 1.2357 - acc: 0.7500
 384/1424 [=======>......................] - ETA: 12s - loss: 1.2539 - acc: 0.7552
 416/1424 [=======>......................] - ETA: 12s - loss: 1.2699 - acc: 0.7548
 448/1424 [========>.....................] - ETA: 12s - loss: 1.2885 - acc: 0.7567
 480/1424 [=========>....................] - ETA: 11s - loss: 1.2348 - acc: 0.7625
 512/1424 [=========>....................] - ETA: 11s - loss: 1.1930 - acc: 0.7617
 544/1424 [==========>...................] - ETA: 10s - loss: 1.2093 - acc: 0.7592
 576/1424 [===========>..................] - ETA: 10s - loss: 1.1691 - acc: 0.7622
 608/1424 [===========>..................] - ETA: 10s - loss: 1.1356 - acc: 0.7648
 640/1424 [============>.................] - ETA: 9s - loss: 1.1042 - acc: 0.7656 
 672/1424 [=============>................] - ETA: 9s - loss: 1.1016 - acc: 0.7634
 704/1424 [=============>................] - ETA: 8s - loss: 1.0752 - acc: 0.7628
 736/1424 [==============>...............] - ETA: 8s - loss: 1.0545 - acc: 0.7622
 768/1424 [===============>..............] - ETA: 8s - loss: 1.0328 - acc: 0.7617
 800/1424 [===============>..............] - ETA: 7s - loss: 1.0137 - acc: 0.7625
 832/1424 [================>.............] - ETA: 7s - loss: 1.0142 - acc: 0.7608
 864/1424 [=================>............] - ETA: 6s - loss: 1.0149 - acc: 0.7604
 896/1424 [=================>............] - ETA: 6s - loss: 0.9966 - acc: 0.7623
 928/1424 [==================>...........] - ETA: 6s - loss: 0.9977 - acc: 0.7597
 960/1424 [===================>..........] - ETA: 5s - loss: 0.9819 - acc: 0.7625
 992/1424 [===================>..........] - ETA: 5s - loss: 0.9809 - acc: 0.7621
1024/1424 [====================>.........] - ETA: 4s - loss: 0.9663 - acc: 0.7637
1056/1424 [=====================>........] - ETA: 4s - loss: 0.9554 - acc: 0.7623
1088/1424 [=====================>........] - ETA: 4s - loss: 0.9450 - acc: 0.7583
1120/1424 [======================>.......] - ETA: 3s - loss: 0.9350 - acc: 0.7580
1152/1424 [=======================>......] - ETA: 3s - loss: 0.9250 - acc: 0.7578
1184/1424 [=======================>......] - ETA: 2s - loss: 0.9165 - acc: 0.7559
1216/1424 [========================>.....] - ETA: 2s - loss: 0.9069 - acc: 0.7574
1248/1424 [=========================>....] - ETA: 2s - loss: 0.9019 - acc: 0.7516
1280/1424 [=========================>....] - ETA: 1s - loss: 0.8948 - acc: 0.7492
1312/1424 [==========================>...] - ETA: 1s - loss: 0.8889 - acc: 0.7462
1344/1424 [===========================>..] - ETA: 0s - loss: 0.8826 - acc: 0.7433
1376/1424 [===========================>..] - ETA: 0s - loss: 0.8761 - acc: 0.7398
1408/1424 [============================>.] - ETA: 0s - loss: 0.8709 - acc: 0.7365
1424/1424 [==============================] - 21s 14ms/step - loss: 0.8692 - acc: 0.7324 - val_loss: 0.6137 - val_acc: 0.6412
Epoch 5/1000

  32/1424 [..............................] - ETA: 17s - loss: 0.5614 - acc: 0.7500
  64/1424 [>.............................] - ETA: 16s - loss: 0.5756 - acc: 0.6875
  96/1424 [=>............................] - ETA: 16s - loss: 0.5748 - acc: 0.6667
 128/1424 [=>............................] - ETA: 16s - loss: 0.5698 - acc: 0.6719
 160/1424 [==>...........................] - ETA: 15s - loss: 0.5774 - acc: 0.6562
 192/1424 [===>..........................] - ETA: 15s - loss: 0.5886 - acc: 0.6458
 224/1424 [===>..........................] - ETA: 14s - loss: 0.5915 - acc: 0.6384
 256/1424 [====>.........................] - ETA: 14s - loss: 0.5887 - acc: 0.6445
 288/1424 [=====>........................] - ETA: 14s - loss: 0.5892 - acc: 0.6562
 320/1424 [=====>........................] - ETA: 13s - loss: 0.5968 - acc: 0.6438
 352/1424 [======>.......................] - ETA: 13s - loss: 0.5951 - acc: 0.6562
 384/1424 [=======>......................] - ETA: 12s - loss: 0.5931 - acc: 0.6693
 416/1424 [=======>......................] - ETA: 12s - loss: 0.5916 - acc: 0.6731
 448/1424 [========>.....................] - ETA: 12s - loss: 0.5917 - acc: 0.6719
 480/1424 [=========>....................] - ETA: 11s - loss: 0.5907 - acc: 0.6771
 512/1424 [=========>....................] - ETA: 11s - loss: 0.5890 - acc: 0.6816
 544/1424 [==========>...................] - ETA: 10s - loss: 0.5862 - acc: 0.6857
 576/1424 [===========>..................] - ETA: 10s - loss: 0.5854 - acc: 0.6944
 608/1424 [===========>..................] - ETA: 10s - loss: 0.6090 - acc: 0.6990
 640/1424 [============>.................] - ETA: 9s - loss: 0.6151 - acc: 0.6969 
 672/1424 [=============>................] - ETA: 9s - loss: 0.6344 - acc: 0.7024
 704/1424 [=============>................] - ETA: 8s - loss: 0.6330 - acc: 0.6989
 736/1424 [==============>...............] - ETA: 8s - loss: 0.6256 - acc: 0.7065
 768/1424 [===============>..............] - ETA: 8s - loss: 0.6226 - acc: 0.7070
 800/1424 [===============>..............] - ETA: 7s - loss: 0.6379 - acc: 0.7125
 832/1424 [================>.............] - ETA: 7s - loss: 0.6324 - acc: 0.7163
 864/1424 [=================>............] - ETA: 6s - loss: 0.6268 - acc: 0.7211
 896/1424 [=================>............] - ETA: 6s - loss: 0.6262 - acc: 0.7243
 928/1424 [==================>...........] - ETA: 6s - loss: 0.6239 - acc: 0.7252
 960/1424 [===================>..........] - ETA: 5s - loss: 0.6347 - acc: 0.7312
 992/1424 [===================>..........] - ETA: 5s - loss: 0.6475 - acc: 0.7288
1024/1424 [====================>.........] - ETA: 4s - loss: 0.6417 - acc: 0.7305
1056/1424 [=====================>........] - ETA: 4s - loss: 0.6393 - acc: 0.7320
1088/1424 [=====================>........] - ETA: 4s - loss: 0.6363 - acc: 0.7298
1120/1424 [======================>.......] - ETA: 3s - loss: 0.6322 - acc: 0.7312
1152/1424 [=======================>......] - ETA: 3s - loss: 0.6309 - acc: 0.7300
1184/1424 [=======================>......] - ETA: 2s - loss: 0.6277 - acc: 0.7297
1216/1424 [========================>.....] - ETA: 2s - loss: 0.6234 - acc: 0.7336
1248/1424 [=========================>....] - ETA: 2s - loss: 0.6185 - acc: 0.7356
1280/1424 [=========================>....] - ETA: 1s - loss: 0.6143 - acc: 0.7375
1312/1424 [==========================>...] - ETA: 1s - loss: 0.6108 - acc: 0.7401
1344/1424 [===========================>..] - ETA: 0s - loss: 0.6190 - acc: 0.7396
1376/1424 [===========================>..] - ETA: 0s - loss: 0.6137 - acc: 0.7427
1408/1424 [============================>.] - ETA: 0s - loss: 0.6120 - acc: 0.7436
1424/1424 [==============================] - 21s 14ms/step - loss: 0.6218 - acc: 0.7423 - val_loss: 0.5231 - val_acc: 0.8460
Epoch 6/1000

  32/1424 [..............................] - ETA: 17s - loss: 0.4769 - acc: 0.8125
  64/1424 [>.............................] - ETA: 16s - loss: 0.4305 - acc: 0.8125
  96/1424 [=>............................] - ETA: 16s - loss: 0.5799 - acc: 0.8021
 128/1424 [=>............................] - ETA: 16s - loss: 0.5786 - acc: 0.7734
 160/1424 [==>...........................] - ETA: 15s - loss: 0.5491 - acc: 0.7812
 192/1424 [===>..........................] - ETA: 15s - loss: 0.5310 - acc: 0.7812
 224/1424 [===>..........................] - ETA: 14s - loss: 0.5862 - acc: 0.7723
 256/1424 [====>.........................] - ETA: 14s - loss: 0.6355 - acc: 0.7617
 288/1424 [=====>........................] - ETA: 14s - loss: 0.6131 - acc: 0.7778
 320/1424 [=====>........................] - ETA: 13s - loss: 0.6893 - acc: 0.7688
 352/1424 [======>.......................] - ETA: 13s - loss: 0.6610 - acc: 0.7812
 384/1424 [=======>......................] - ETA: 12s - loss: 0.6456 - acc: 0.7812
 416/1424 [=======>......................] - ETA: 12s - loss: 0.6323 - acc: 0.7788
 448/1424 [========>.....................] - ETA: 12s - loss: 0.6612 - acc: 0.7790
 480/1424 [=========>....................] - ETA: 11s - loss: 0.6664 - acc: 0.7729
 512/1424 [=========>....................] - ETA: 11s - loss: 0.6609 - acc: 0.7656
 544/1424 [==========>...................] - ETA: 10s - loss: 0.6503 - acc: 0.7647
 576/1424 [===========>..................] - ETA: 10s - loss: 0.6346 - acc: 0.7708
 608/1424 [===========>..................] - ETA: 10s - loss: 0.6217 - acc: 0.7763
 640/1424 [============>.................] - ETA: 9s - loss: 0.6161 - acc: 0.7766 
 672/1424 [=============>................] - ETA: 9s - loss: 0.6181 - acc: 0.7738
 704/1424 [=============>................] - ETA: 8s - loss: 0.6360 - acc: 0.7713
 736/1424 [==============>...............] - ETA: 8s - loss: 0.6328 - acc: 0.7745
 768/1424 [===============>..............] - ETA: 8s - loss: 0.6279 - acc: 0.7760
 800/1424 [===============>..............] - ETA: 7s - loss: 0.6211 - acc: 0.7800
 832/1424 [================>.............] - ETA: 7s - loss: 0.6246 - acc: 0.7812
 864/1424 [=================>............] - ETA: 7s - loss: 0.6203 - acc: 0.7801
 896/1424 [=================>............] - ETA: 6s - loss: 0.6176 - acc: 0.7790
 928/1424 [==================>...........] - ETA: 6s - loss: 0.6163 - acc: 0.7780
 960/1424 [===================>..........] - ETA: 5s - loss: 0.6144 - acc: 0.7792
 992/1424 [===================>..........] - ETA: 5s - loss: 0.6135 - acc: 0.7782
1024/1424 [====================>.........] - ETA: 5s - loss: 0.6115 - acc: 0.7793
1056/1424 [=====================>........] - ETA: 4s - loss: 0.6102 - acc: 0.7822
1088/1424 [=====================>........] - ETA: 4s - loss: 0.6081 - acc: 0.7858
1120/1424 [======================>.......] - ETA: 3s - loss: 0.6069 - acc: 0.7884
1152/1424 [=======================>......] - ETA: 3s - loss: 0.6075 - acc: 0.7865
1184/1424 [=======================>......] - ETA: 2s - loss: 0.6072 - acc: 0.7846
1216/1424 [========================>.....] - ETA: 2s - loss: 0.6059 - acc: 0.7854
1248/1424 [=========================>....] - ETA: 2s - loss: 0.6052 - acc: 0.7869
1280/1424 [=========================>....] - ETA: 1s - loss: 0.6045 - acc: 0.7875
1312/1424 [==========================>...] - ETA: 1s - loss: 0.6037 - acc: 0.7881
1344/1424 [===========================>..] - ETA: 0s - loss: 0.6031 - acc: 0.7924
1376/1424 [===========================>..] - ETA: 0s - loss: 0.6034 - acc: 0.7922
1408/1424 [============================>.] - ETA: 0s - loss: 0.6030 - acc: 0.7926
1424/1424 [==============================] - 21s 14ms/step - loss: 0.6026 - acc: 0.7928 - val_loss: 0.5721 - val_acc: 0.8362
Epoch 7/1000

  32/1424 [..............................] - ETA: 17s - loss: 0.5563 - acc: 0.9062
  64/1424 [>.............................] - ETA: 16s - loss: 0.5503 - acc: 0.8438
  96/1424 [=>............................] - ETA: 16s - loss: 0.5559 - acc: 0.8229
 128/1424 [=>............................] - ETA: 16s - loss: 0.5467 - acc: 0.8359
 160/1424 [==>...........................] - ETA: 15s - loss: 0.5409 - acc: 0.8438
 192/1424 [===>..........................] - ETA: 15s - loss: 0.5492 - acc: 0.8333
 224/1424 [===>..........................] - ETA: 14s - loss: 0.5501 - acc: 0.8304
 256/1424 [====>.........................] - ETA: 14s - loss: 0.5468 - acc: 0.8320
 288/1424 [=====>........................] - ETA: 14s - loss: 0.5443 - acc: 0.8368
 320/1424 [=====>........................] - ETA: 13s - loss: 0.5493 - acc: 0.8219
 352/1424 [======>.......................] - ETA: 13s - loss: 0.5656 - acc: 0.8068
 384/1424 [=======>......................] - ETA: 12s - loss: 0.5632 - acc: 0.8099
 416/1424 [=======>......................] - ETA: 12s - loss: 0.5616 - acc: 0.8077
 448/1424 [========>.....................] - ETA: 12s - loss: 0.5602 - acc: 0.8080
 480/1424 [=========>....................] - ETA: 11s - loss: 0.5618 - acc: 0.8042
 512/1424 [=========>....................] - ETA: 11s - loss: 0.5587 - acc: 0.8086
 544/1424 [==========>...................] - ETA: 10s - loss: 0.5572 - acc: 0.8088
 576/1424 [===========>..................] - ETA: 10s - loss: 0.5532 - acc: 0.8090
 608/1424 [===========>..................] - ETA: 10s - loss: 0.5521 - acc: 0.8076
 640/1424 [============>.................] - ETA: 9s - loss: 0.5512 - acc: 0.8031 
 672/1424 [=============>................] - ETA: 9s - loss: 0.5514 - acc: 0.8006
 704/1424 [=============>................] - ETA: 8s - loss: 0.5702 - acc: 0.8011
 736/1424 [==============>...............] - ETA: 8s - loss: 0.5641 - acc: 0.8057
 768/1424 [===============>..............] - ETA: 8s - loss: 0.5608 - acc: 0.8021
 800/1424 [===============>..............] - ETA: 7s - loss: 0.5564 - acc: 0.8000
 832/1424 [================>.............] - ETA: 7s - loss: 0.5561 - acc: 0.7957
 864/1424 [=================>............] - ETA: 6s - loss: 0.5654 - acc: 0.7940
 896/1424 [=================>............] - ETA: 6s - loss: 0.5583 - acc: 0.7969
 928/1424 [==================>...........] - ETA: 6s - loss: 0.5589 - acc: 0.7953
 960/1424 [===================>..........] - ETA: 5s - loss: 0.5597 - acc: 0.7948
 992/1424 [===================>..........] - ETA: 5s - loss: 0.5606 - acc: 0.7923
1024/1424 [====================>.........] - ETA: 4s - loss: 0.5617 - acc: 0.7881
1056/1424 [=====================>........] - ETA: 4s - loss: 0.5615 - acc: 0.7841
1088/1424 [=====================>........] - ETA: 4s - loss: 0.5617 - acc: 0.7812
1120/1424 [======================>.......] - ETA: 3s - loss: 0.5586 - acc: 0.7830
1152/1424 [=======================>......] - ETA: 3s - loss: 0.5562 - acc: 0.7821
1184/1424 [=======================>......] - ETA: 2s - loss: 0.5591 - acc: 0.7762
1216/1424 [========================>.....] - ETA: 2s - loss: 0.5593 - acc: 0.7747
1248/1424 [=========================>....] - ETA: 2s - loss: 0.5601 - acc: 0.7716
1280/1424 [=========================>....] - ETA: 1s - loss: 0.5598 - acc: 0.7711
1312/1424 [==========================>...] - ETA: 1s - loss: 0.5575 - acc: 0.7729
1344/1424 [===========================>..] - ETA: 0s - loss: 0.5584 - acc: 0.7731
1376/1424 [===========================>..] - ETA: 0s - loss: 0.5565 - acc: 0.7733
1408/1424 [============================>.] - ETA: 0s - loss: 0.5586 - acc: 0.7706
1424/1424 [==============================] - 21s 14ms/step - loss: 0.5599 - acc: 0.7683 - val_loss: 0.5069 - val_acc: 0.8178
Epoch 8/1000

  32/1424 [..............................] - ETA: 17s - loss: 0.5129 - acc: 0.7500
  64/1424 [>.............................] - ETA: 17s - loss: 0.5010 - acc: 0.7344
  96/1424 [=>............................] - ETA: 16s - loss: 0.4719 - acc: 0.7917
 128/1424 [=>............................] - ETA: 16s - loss: 0.4843 - acc: 0.7891
 160/1424 [==>...........................] - ETA: 15s - loss: 0.4996 - acc: 0.7937
 192/1424 [===>..........................] - ETA: 15s - loss: 0.5083 - acc: 0.8021
 224/1424 [===>..........................] - ETA: 14s - loss: 0.5009 - acc: 0.8036
 256/1424 [====>.........................] - ETA: 14s - loss: 0.5097 - acc: 0.8008
 288/1424 [=====>........................] - ETA: 14s - loss: 0.5080 - acc: 0.8021
 320/1424 [=====>........................] - ETA: 13s - loss: 0.5042 - acc: 0.8031
 352/1424 [======>.......................] - ETA: 13s - loss: 0.5037 - acc: 0.8125
 384/1424 [=======>......................] - ETA: 12s - loss: 0.5043 - acc: 0.8099
 416/1424 [=======>......................] - ETA: 12s - loss: 0.5049 - acc: 0.8149
 448/1424 [========>.....................] - ETA: 12s - loss: 0.5009 - acc: 0.8192
 480/1424 [=========>....................] - ETA: 11s - loss: 0.5019 - acc: 0.8146
 512/1424 [=========>....................] - ETA: 11s - loss: 0.4971 - acc: 0.8145
 544/1424 [==========>...................] - ETA: 10s - loss: 0.4981 - acc: 0.8107
 576/1424 [===========>..................] - ETA: 10s - loss: 0.4940 - acc: 0.8142
 608/1424 [===========>..................] - ETA: 10s - loss: 0.4935 - acc: 0.8109
 640/1424 [============>.................] - ETA: 9s - loss: 0.4858 - acc: 0.8203 
 672/1424 [=============>................] - ETA: 9s - loss: 0.4879 - acc: 0.8170
 704/1424 [=============>................] - ETA: 8s - loss: 0.4856 - acc: 0.8168
 736/1424 [==============>...............] - ETA: 8s - loss: 0.4829 - acc: 0.8207
 768/1424 [===============>..............] - ETA: 8s - loss: 0.4801 - acc: 0.8216
 800/1424 [===============>..............] - ETA: 7s - loss: 0.4788 - acc: 0.8213
 832/1424 [================>.............] - ETA: 7s - loss: 0.4789 - acc: 0.8197
 864/1424 [=================>............] - ETA: 6s - loss: 0.4847 - acc: 0.8148
 896/1424 [=================>............] - ETA: 6s - loss: 0.4885 - acc: 0.8114
 928/1424 [==================>...........] - ETA: 6s - loss: 0.5040 - acc: 0.8103
 960/1424 [===================>..........] - ETA: 5s - loss: 0.5183 - acc: 0.8104
 992/1424 [===================>..........] - ETA: 5s - loss: 0.5134 - acc: 0.8095
1024/1424 [====================>.........] - ETA: 4s - loss: 0.5102 - acc: 0.8086
1056/1424 [=====================>........] - ETA: 4s - loss: 0.5081 - acc: 0.8087
1088/1424 [=====================>........] - ETA: 4s - loss: 0.5204 - acc: 0.8079
1120/1424 [======================>.......] - ETA: 3s - loss: 0.5176 - acc: 0.8089
1152/1424 [=======================>......] - ETA: 3s - loss: 0.5249 - acc: 0.8108
1184/1424 [=======================>......] - ETA: 2s - loss: 0.5240 - acc: 0.8074
1216/1424 [========================>.....] - ETA: 2s - loss: 0.5230 - acc: 0.8059
1248/1424 [=========================>....] - ETA: 2s - loss: 0.5222 - acc: 0.8053
1280/1424 [=========================>....] - ETA: 1s - loss: 0.5200 - acc: 0.8063
1312/1424 [==========================>...] - ETA: 1s - loss: 0.5149 - acc: 0.8087
1344/1424 [===========================>..] - ETA: 0s - loss: 0.5110 - acc: 0.8095
1376/1424 [===========================>..] - ETA: 0s - loss: 0.5071 - acc: 0.8103
1408/1424 [============================>.] - ETA: 0s - loss: 0.5129 - acc: 0.8075
1424/1424 [==============================] - 21s 14ms/step - loss: 0.5095 - acc: 0.8097 - val_loss: 0.4276 - val_acc: 0.8333
Epoch 9/1000

  32/1424 [..............................] - ETA: 17s - loss: 0.4102 - acc: 0.8125
  64/1424 [>.............................] - ETA: 16s - loss: 0.4235 - acc: 0.7969
  96/1424 [=>............................] - ETA: 16s - loss: 0.4614 - acc: 0.7604
 128/1424 [=>............................] - ETA: 16s - loss: 0.5361 - acc: 0.7266
 160/1424 [==>...........................] - ETA: 15s - loss: 0.6822 - acc: 0.6875
 192/1424 [===>..........................] - ETA: 15s - loss: 0.6674 - acc: 0.6875
 224/1424 [===>..........................] - ETA: 14s - loss: 0.6611 - acc: 0.6786
 256/1424 [====>.........................] - ETA: 14s - loss: 0.6841 - acc: 0.6523
 288/1424 [=====>........................] - ETA: 14s - loss: 0.6823 - acc: 0.6528
 320/1424 [=====>........................] - ETA: 13s - loss: 0.7142 - acc: 0.6344
 352/1424 [======>.......................] - ETA: 13s - loss: 0.7106 - acc: 0.6392
 384/1424 [=======>......................] - ETA: 12s - loss: 0.7192 - acc: 0.6328
 416/1424 [=======>......................] - ETA: 12s - loss: 0.7068 - acc: 0.6370
 448/1424 [========>.....................] - ETA: 12s - loss: 0.7099 - acc: 0.6339
 480/1424 [=========>....................] - ETA: 11s - loss: 0.7119 - acc: 0.6396
 512/1424 [=========>....................] - ETA: 11s - loss: 0.7065 - acc: 0.6484
 544/1424 [==========>...................] - ETA: 10s - loss: 0.6921 - acc: 0.6618
 576/1424 [===========>..................] - ETA: 10s - loss: 0.6813 - acc: 0.6701
 608/1424 [===========>..................] - ETA: 10s - loss: 0.6752 - acc: 0.6776
 640/1424 [============>.................] - ETA: 9s - loss: 0.6689 - acc: 0.6828 
 672/1424 [=============>................] - ETA: 9s - loss: 0.6625 - acc: 0.6875
 704/1424 [=============>................] - ETA: 8s - loss: 0.6560 - acc: 0.6903
 736/1424 [==============>...............] - ETA: 8s - loss: 0.6504 - acc: 0.6957
 768/1424 [===============>..............] - ETA: 8s - loss: 0.6436 - acc: 0.7044
 800/1424 [===============>..............] - ETA: 7s - loss: 0.6379 - acc: 0.7125
 832/1424 [================>.............] - ETA: 7s - loss: 0.6325 - acc: 0.7188
 864/1424 [=================>............] - ETA: 6s - loss: 0.6290 - acc: 0.7211
 896/1424 [=================>............] - ETA: 6s - loss: 0.6248 - acc: 0.7221
 928/1424 [==================>...........] - ETA: 6s - loss: 0.6211 - acc: 0.7263
 960/1424 [===================>..........] - ETA: 5s - loss: 0.6189 - acc: 0.7271
 992/1424 [===================>..........] - ETA: 5s - loss: 0.6147 - acc: 0.7308
1024/1424 [====================>.........] - ETA: 4s - loss: 0.6113 - acc: 0.7354
1056/1424 [=====================>........] - ETA: 4s - loss: 0.6082 - acc: 0.7377
1088/1424 [=====================>........] - ETA: 4s - loss: 0.6050 - acc: 0.7408
1120/1424 [======================>.......] - ETA: 3s - loss: 0.6026 - acc: 0.7429
1152/1424 [=======================>......] - ETA: 3s - loss: 0.5999 - acc: 0.7439
1184/1424 [=======================>......] - ETA: 2s - loss: 0.5975 - acc: 0.7466
1216/1424 [========================>.....] - ETA: 2s - loss: 0.5951 - acc: 0.7500
1248/1424 [=========================>....] - ETA: 2s - loss: 0.5936 - acc: 0.7516
1280/1424 [=========================>....] - ETA: 1s - loss: 0.5919 - acc: 0.7523
1312/1424 [==========================>...] - ETA: 1s - loss: 0.5900 - acc: 0.7553
1344/1424 [===========================>..] - ETA: 0s - loss: 0.5890 - acc: 0.7552
1376/1424 [===========================>..] - ETA: 0s - loss: 0.5867 - acc: 0.7580
1408/1424 [============================>.] - ETA: 0s - loss: 0.5849 - acc: 0.7607
1424/1424 [==============================] - 21s 14ms/step - loss: 0.5855 - acc: 0.7605 - val_loss: 0.5062 - val_acc: 0.8121
Epoch 10/1000

  32/1424 [..............................] - ETA: 17s - loss: 0.5510 - acc: 0.7500
  64/1424 [>.............................] - ETA: 16s - loss: 0.5644 - acc: 0.7656
  96/1424 [=>............................] - ETA: 16s - loss: 0.5525 - acc: 0.7917
 128/1424 [=>............................] - ETA: 16s - loss: 0.5316 - acc: 0.8125
 160/1424 [==>...........................] - ETA: 15s - loss: 0.5389 - acc: 0.8000
 192/1424 [===>..........................] - ETA: 15s - loss: 0.5531 - acc: 0.7708
 224/1424 [===>..........................] - ETA: 14s - loss: 0.5500 - acc: 0.7723
 256/1424 [====>.........................] - ETA: 14s - loss: 0.5553 - acc: 0.7617
 288/1424 [=====>........................] - ETA: 14s - loss: 0.5426 - acc: 0.7639
 320/1424 [=====>........................] - ETA: 13s - loss: 0.5410 - acc: 0.7625
 352/1424 [======>.......................] - ETA: 13s - loss: 0.5349 - acc: 0.7699
 384/1424 [=======>......................] - ETA: 12s - loss: 0.5387 - acc: 0.7578
 416/1424 [=======>......................] - ETA: 12s - loss: 0.5353 - acc: 0.7644
 448/1424 [========>.....................] - ETA: 12s - loss: 0.5330 - acc: 0.7656
 480/1424 [=========>....................] - ETA: 11s - loss: 0.5273 - acc: 0.7708
 512/1424 [=========>....................] - ETA: 11s - loss: 0.5303 - acc: 0.7695
 544/1424 [==========>...................] - ETA: 10s - loss: 0.5312 - acc: 0.7702
 576/1424 [===========>..................] - ETA: 10s - loss: 0.5503 - acc: 0.7778
 608/1424 [===========>..................] - ETA: 10s - loss: 0.5502 - acc: 0.7747
 640/1424 [============>.................] - ETA: 9s - loss: 0.5412 - acc: 0.7797 
 672/1424 [=============>................] - ETA: 9s - loss: 0.5389 - acc: 0.7812
 704/1424 [=============>................] - ETA: 8s - loss: 0.5316 - acc: 0.7869
 736/1424 [==============>...............] - ETA: 8s - loss: 0.5281 - acc: 0.7880
 768/1424 [===============>..............] - ETA: 8s - loss: 0.5234 - acc: 0.7917
 800/1424 [===============>..............] - ETA: 7s - loss: 0.5382 - acc: 0.7925
 832/1424 [================>.............] - ETA: 7s - loss: 0.5340 - acc: 0.7921
 864/1424 [=================>............] - ETA: 6s - loss: 0.5468 - acc: 0.7940
 896/1424 [=================>............] - ETA: 6s - loss: 0.5390 - acc: 0.7991
 928/1424 [==================>...........] - ETA: 6s - loss: 0.5339 - acc: 0.8006
 960/1424 [===================>..........] - ETA: 5s - loss: 0.5469 - acc: 0.8010
 992/1424 [===================>..........] - ETA: 5s - loss: 0.5783 - acc: 0.7974
1024/1424 [====================>.........] - ETA: 4s - loss: 0.5899 - acc: 0.7959
1056/1424 [=====================>........] - ETA: 4s - loss: 0.5976 - acc: 0.7973
1088/1424 [=====================>........] - ETA: 4s - loss: 0.6211 - acc: 0.7950
1120/1424 [======================>.......] - ETA: 3s - loss: 0.7118 - acc: 0.7929
1152/1424 [=======================>......] - ETA: 3s - loss: 0.7150 - acc: 0.7934
1184/1424 [=======================>......] - ETA: 2s - loss: 0.7979 - acc: 0.7914
1216/1424 [========================>.....] - ETA: 2s - loss: 0.8227 - acc: 0.7919
1248/1424 [=========================>....] - ETA: 2s - loss: 0.9266 - acc: 0.7885
1280/1424 [=========================>....] - ETA: 1s - loss: 0.9475 - acc: 0.7891
1312/1424 [==========================>...] - ETA: 1s - loss: 0.9499 - acc: 0.7858
1344/1424 [===========================>..] - ETA: 0s - loss: 0.9391 - acc: 0.7842
1376/1424 [===========================>..] - ETA: 0s - loss: 0.9321 - acc: 0.7827
1408/1424 [============================>.] - ETA: 0s - loss: 0.9250 - acc: 0.7791
1424/1424 [==============================] - 21s 14ms/step - loss: 0.9236 - acc: 0.7746 - val_loss: 0.5479 - val_acc: 0.6921
Epoch 11/1000

  32/1424 [..............................] - ETA: 17s - loss: 0.6790 - acc: 0.7188
  64/1424 [>.............................] - ETA: 16s - loss: 0.6351 - acc: 0.7188
  96/1424 [=>............................] - ETA: 16s - loss: 0.6807 - acc: 0.6875
 128/1424 [=>............................] - ETA: 16s - loss: 0.6645 - acc: 0.6797
 160/1424 [==>...........................] - ETA: 15s - loss: 0.6674 - acc: 0.6875
 192/1424 [===>..........................] - ETA: 15s - loss: 0.6220 - acc: 0.7031
 224/1424 [===>..........................] - ETA: 14s - loss: 0.6215 - acc: 0.6964
 256/1424 [====>.........................] - ETA: 14s - loss: 0.6214 - acc: 0.6836
 288/1424 [=====>........................] - ETA: 14s - loss: 0.6140 - acc: 0.6875
 320/1424 [=====>........................] - ETA: 13s - loss: 0.6025 - acc: 0.6969
 352/1424 [======>.......................] - ETA: 13s - loss: 0.5957 - acc: 0.6989
 384/1424 [=======>......................] - ETA: 12s - loss: 0.5775 - acc: 0.7083
 416/1424 [=======>......................] - ETA: 12s - loss: 0.5623 - acc: 0.7188
 448/1424 [========>.....................] - ETA: 12s - loss: 0.5641 - acc: 0.7143
 480/1424 [=========>....................] - ETA: 11s - loss: 0.5516 - acc: 0.7250
 512/1424 [=========>....................] - ETA: 11s - loss: 0.5536 - acc: 0.7246
 544/1424 [==========>...................] - ETA: 10s - loss: 0.5475 - acc: 0.7261
 576/1424 [===========>..................] - ETA: 10s - loss: 0.5451 - acc: 0.7292
 608/1424 [===========>..................] - ETA: 10s - loss: 0.5378 - acc: 0.7368
 640/1424 [============>.................] - ETA: 9s - loss: 0.5345 - acc: 0.7406 
 672/1424 [=============>................] - ETA: 9s - loss: 0.5313 - acc: 0.7455
 704/1424 [=============>................] - ETA: 8s - loss: 0.5239 - acc: 0.7486
 736/1424 [==============>...............] - ETA: 8s - loss: 0.5234 - acc: 0.7446
 768/1424 [===============>..............] - ETA: 8s - loss: 0.5201 - acc: 0.7461
 800/1424 [===============>..............] - ETA: 7s - loss: 0.5142 - acc: 0.7500
 832/1424 [================>.............] - ETA: 7s - loss: 0.5211 - acc: 0.7512
 864/1424 [=================>............] - ETA: 6s - loss: 0.5183 - acc: 0.7523
 896/1424 [=================>............] - ETA: 6s - loss: 0.5177 - acc: 0.7489
 928/1424 [==================>...........] - ETA: 6s - loss: 0.5151 - acc: 0.7511
 960/1424 [===================>..........] - ETA: 5s - loss: 0.5116 - acc: 0.7562
 992/1424 [===================>..........] - ETA: 5s - loss: 0.5081 - acc: 0.7581
1024/1424 [====================>.........] - ETA: 4s - loss: 0.5047 - acc: 0.7607
1056/1424 [=====================>........] - ETA: 4s - loss: 0.5041 - acc: 0.7614
1088/1424 [=====================>........] - ETA: 4s - loss: 0.5024 - acc: 0.7638
1120/1424 [======================>.......] - ETA: 3s - loss: 0.5046 - acc: 0.7598
1152/1424 [=======================>......] - ETA: 3s - loss: 0.5001 - acc: 0.7648
1184/1424 [=======================>......] - ETA: 2s - loss: 0.4970 - acc: 0.7686
1216/1424 [========================>.....] - ETA: 2s - loss: 0.4970 - acc: 0.7689
1248/1424 [=========================>....] - ETA: 2s - loss: 0.4940 - acc: 0.7716
1280/1424 [=========================>....] - ETA: 1s - loss: 0.4939 - acc: 0.7727
1312/1424 [==========================>...] - ETA: 1s - loss: 0.4923 - acc: 0.7752
1344/1424 [===========================>..] - ETA: 0s - loss: 0.4901 - acc: 0.7760
1376/1424 [===========================>..] - ETA: 0s - loss: 0.4888 - acc: 0.7776
1408/1424 [============================>.] - ETA: 0s - loss: 0.4901 - acc: 0.7749
1424/1424 [==============================] - 21s 14ms/step - loss: 0.4916 - acc: 0.7739 - val_loss: 0.4320 - val_acc: 0.8531
Epoch 12/1000

  32/1424 [..............................] - ETA: 17s - loss: 0.5739 - acc: 0.7500
  64/1424 [>.............................] - ETA: 16s - loss: 0.4574 - acc: 0.8438
  96/1424 [=>............................] - ETA: 16s - loss: 0.4325 - acc: 0.8646
 128/1424 [=>............................] - ETA: 16s - loss: 0.4244 - acc: 0.8672
 160/1424 [==>...........................] - ETA: 15s - loss: 0.4580 - acc: 0.8313
 192/1424 [===>..........................] - ETA: 15s - loss: 0.4430 - acc: 0.8333
 224/1424 [===>..........................] - ETA: 14s - loss: 0.4463 - acc: 0.8348
 256/1424 [====>.........................] - ETA: 14s - loss: 0.4553 - acc: 0.8203
 288/1424 [=====>........................] - ETA: 14s - loss: 0.4522 - acc: 0.8229
 320/1424 [=====>........................] - ETA: 13s - loss: 0.4493 - acc: 0.8156
 352/1424 [======>.......................] - ETA: 13s - loss: 0.4842 - acc: 0.8182
 384/1424 [=======>......................] - ETA: 12s - loss: 0.4862 - acc: 0.8099
 416/1424 [=======>......................] - ETA: 12s - loss: 0.4769 - acc: 0.8101
 448/1424 [========>.....................] - ETA: 12s - loss: 0.4658 - acc: 0.8147
 480/1424 [=========>....................] - ETA: 11s - loss: 0.4635 - acc: 0.8146
 512/1424 [=========>....................] - ETA: 11s - loss: 0.4641 - acc: 0.8145
 544/1424 [==========>...................] - ETA: 10s - loss: 0.4714 - acc: 0.8162
 576/1424 [===========>..................] - ETA: 10s - loss: 0.4608 - acc: 0.8212
 608/1424 [===========>..................] - ETA: 10s - loss: 0.4648 - acc: 0.8207
 640/1424 [============>.................] - ETA: 9s - loss: 0.4733 - acc: 0.8172 
 672/1424 [=============>................] - ETA: 9s - loss: 0.4673 - acc: 0.8214
 704/1424 [=============>................] - ETA: 8s - loss: 0.4689 - acc: 0.8196
 736/1424 [==============>...............] - ETA: 8s - loss: 0.4675 - acc: 0.8179
 768/1424 [===============>..............] - ETA: 8s - loss: 0.4660 - acc: 0.8151
 800/1424 [===============>..............] - ETA: 7s - loss: 0.4630 - acc: 0.8150
 832/1424 [================>.............] - ETA: 7s - loss: 0.4631 - acc: 0.8125
 864/1424 [=================>............] - ETA: 6s - loss: 0.4599 - acc: 0.8148
 896/1424 [=================>............] - ETA: 6s - loss: 0.4586 - acc: 0.8136
 928/1424 [==================>...........] - ETA: 6s - loss: 0.4597 - acc: 0.8103
 960/1424 [===================>..........] - ETA: 5s - loss: 0.4607 - acc: 0.8083
 992/1424 [===================>..........] - ETA: 5s - loss: 0.4674 - acc: 0.8034
1024/1424 [====================>.........] - ETA: 4s - loss: 0.4645 - acc: 0.8066
1056/1424 [=====================>........] - ETA: 4s - loss: 0.4675 - acc: 0.8040
1088/1424 [=====================>........] - ETA: 4s - loss: 0.4662 - acc: 0.8042
1120/1424 [======================>.......] - ETA: 3s - loss: 0.4751 - acc: 0.8063
1152/1424 [=======================>......] - ETA: 3s - loss: 0.4708 - acc: 0.8090
1184/1424 [=======================>......] - ETA: 2s - loss: 0.4701 - acc: 0.8074
1216/1424 [========================>.....] - ETA: 2s - loss: 0.4678 - acc: 0.8100
1248/1424 [=========================>....] - ETA: 2s - loss: 0.4683 - acc: 0.8085
1280/1424 [=========================>....] - ETA: 1s - loss: 0.4669 - acc: 0.8086
1312/1424 [==========================>...] - ETA: 1s - loss: 0.4794 - acc: 0.8079
1344/1424 [===========================>..] - ETA: 0s - loss: 0.4761 - acc: 0.8095
1376/1424 [===========================>..] - ETA: 0s - loss: 0.4731 - acc: 0.8110
1408/1424 [============================>.] - ETA: 0s - loss: 0.4723 - acc: 0.8125
1424/1424 [==============================] - 21s 14ms/step - loss: 0.4736 - acc: 0.8118 - val_loss: 0.4524 - val_acc: 0.8573
Epoch 13/1000

  32/1424 [..............................] - ETA: 17s - loss: 0.5620 - acc: 0.7188
  64/1424 [>.............................] - ETA: 16s - loss: 0.5163 - acc: 0.7344
  96/1424 [=>............................] - ETA: 16s - loss: 0.4473 - acc: 0.8021
 128/1424 [=>............................] - ETA: 16s - loss: 0.4213 - acc: 0.8203
 160/1424 [==>...........................] - ETA: 15s - loss: 0.4627 - acc: 0.7875
 192/1424 [===>..........................] - ETA: 15s - loss: 0.4455 - acc: 0.7969
 224/1424 [===>..........................] - ETA: 14s - loss: 0.4379 - acc: 0.8080
 256/1424 [====>.........................] - ETA: 14s - loss: 0.4476 - acc: 0.8164
 288/1424 [=====>........................] - ETA: 14s - loss: 0.4335 - acc: 0.8229
 320/1424 [=====>........................] - ETA: 13s - loss: 0.4485 - acc: 0.8125
 352/1424 [======>.......................] - ETA: 13s - loss: 0.4588 - acc: 0.8125
 384/1424 [=======>......................] - ETA: 12s - loss: 0.4963 - acc: 0.8073
 416/1424 [=======>......................] - ETA: 12s - loss: 0.5602 - acc: 0.8029
 448/1424 [========>.....................] - ETA: 12s - loss: 0.5988 - acc: 0.7924
 480/1424 [=========>....................] - ETA: 11s - loss: 0.6578 - acc: 0.7792
 512/1424 [=========>....................] - ETA: 11s - loss: 0.7784 - acc: 0.7734
 544/1424 [==========>...................] - ETA: 10s - loss: 0.9768 - acc: 0.7610
 576/1424 [===========>..................] - ETA: 10s - loss: 1.1306 - acc: 0.7483
 608/1424 [===========>..................] - ETA: 10s - loss: 1.4362 - acc: 0.7270
 640/1424 [============>.................] - ETA: 9s - loss: 1.6672 - acc: 0.7156 
 672/1424 [=============>................] - ETA: 9s - loss: 1.8654 - acc: 0.7068
 704/1424 [=============>................] - ETA: 8s - loss: 2.1304 - acc: 0.6960
 736/1424 [==============>...............] - ETA: 8s - loss: 2.4159 - acc: 0.6834
 768/1424 [===============>..............] - ETA: 8s - loss: 2.5699 - acc: 0.6771
 800/1424 [===============>..............] - ETA: 7s - loss: 2.7886 - acc: 0.6687
 832/1424 [================>.............] - ETA: 7s - loss: 3.0454 - acc: 0.6587
 864/1424 [=================>............] - ETA: 6s - loss: 3.0987 - acc: 0.6609
 896/1424 [=================>............] - ETA: 6s - loss: 3.3107 - acc: 0.6518
 928/1424 [==================>...........] - ETA: 6s - loss: 3.4370 - acc: 0.6487
 960/1424 [===================>..........] - ETA: 5s - loss: 3.5715 - acc: 0.6448
 992/1424 [===================>..........] - ETA: 5s - loss: 3.7135 - acc: 0.6401
1024/1424 [====================>.........] - ETA: 4s - loss: 3.7842 - acc: 0.6396
1056/1424 [=====================>........] - ETA: 4s - loss: 3.8960 - acc: 0.6364
1088/1424 [=====================>........] - ETA: 4s - loss: 3.9719 - acc: 0.6351
1120/1424 [======================>.......] - ETA: 3s - loss: 4.1004 - acc: 0.6304
1152/1424 [=======================>......] - ETA: 3s - loss: 4.2356 - acc: 0.6250
1184/1424 [=======================>......] - ETA: 2s - loss: 4.4039 - acc: 0.6174
1216/1424 [========================>.....] - ETA: 2s - loss: 4.4585 - acc: 0.6168
1248/1424 [=========================>....] - ETA: 2s - loss: 4.5357 - acc: 0.6146
1280/1424 [=========================>....] - ETA: 1s - loss: 4.5843 - acc: 0.6141
1312/1424 [==========================>...] - ETA: 1s - loss: 4.6912 - acc: 0.6098
1344/1424 [===========================>..] - ETA: 0s - loss: 4.7811 - acc: 0.6064
1376/1424 [===========================>..] - ETA: 0s - loss: 4.9017 - acc: 0.6010
1408/1424 [============================>.] - ETA: 0s - loss: 4.9941 - acc: 0.5973
1424/1424 [==============================] - 21s 14ms/step - loss: 5.0275 - acc: 0.5962 - val_loss: 7.9712 - val_acc: 0.5000
Epoch 14/1000

  32/1424 [..............................] - ETA: 17s - loss: 8.9676 - acc: 0.4375
  64/1424 [>.............................] - ETA: 16s - loss: 8.4694 - acc: 0.4688
  96/1424 [=>............................] - ETA: 16s - loss: 8.4694 - acc: 0.4688
 128/1424 [=>............................] - ETA: 16s - loss: 8.2203 - acc: 0.4844
 160/1424 [==>...........................] - ETA: 15s - loss: 7.8716 - acc: 0.5062
 192/1424 [===>..........................] - ETA: 15s - loss: 7.8882 - acc: 0.5052
 224/1424 [===>..........................] - ETA: 14s - loss: 7.8289 - acc: 0.5089
 256/1424 [====>.........................] - ETA: 14s - loss: 7.7221 - acc: 0.5156
 288/1424 [=====>........................] - ETA: 14s - loss: 7.6944 - acc: 0.5174
 320/1424 [=====>........................] - ETA: 13s - loss: 7.7221 - acc: 0.5156
 352/1424 [======>.......................] - ETA: 13s - loss: 7.8353 - acc: 0.5085
 384/1424 [=======>......................] - ETA: 12s - loss: 8.0127 - acc: 0.4974
 416/1424 [=======>......................] - ETA: 12s - loss: 7.9712 - acc: 0.5000
 448/1424 [========>.....................] - ETA: 12s - loss: 7.9356 - acc: 0.5022
 480/1424 [=========>....................] - ETA: 11s - loss: 8.0708 - acc: 0.4938
 512/1424 [=========>....................] - ETA: 11s - loss: 7.9712 - acc: 0.5000
 544/1424 [==========>...................] - ETA: 10s - loss: 7.9126 - acc: 0.5037
 576/1424 [===========>..................] - ETA: 10s - loss: 7.8605 - acc: 0.5069
 608/1424 [===========>..................] - ETA: 10s - loss: 7.9188 - acc: 0.5033
 640/1424 [============>.................] - ETA: 9s - loss: 7.9961 - acc: 0.4984 
 672/1424 [=============>................] - ETA: 9s - loss: 7.9237 - acc: 0.5030
 704/1424 [=============>................] - ETA: 8s - loss: 7.9033 - acc: 0.5043
 736/1424 [==============>...............] - ETA: 8s - loss: 7.9279 - acc: 0.5027
 768/1424 [===============>..............] - ETA: 8s - loss: 7.9712 - acc: 0.5000
 800/1424 [===============>..............] - ETA: 7s - loss: 7.9712 - acc: 0.5000
 832/1424 [================>.............] - ETA: 7s - loss: 7.9137 - acc: 0.5036
 864/1424 [=================>............] - ETA: 6s - loss: 7.9343 - acc: 0.5023
 896/1424 [=================>............] - ETA: 6s - loss: 7.8822 - acc: 0.5056
 928/1424 [==================>...........] - ETA: 6s - loss: 7.9368 - acc: 0.5022
 960/1424 [===================>..........] - ETA: 5s - loss: 7.9546 - acc: 0.5010
 992/1424 [===================>..........] - ETA: 5s - loss: 7.9230 - acc: 0.5030
1024/1424 [====================>.........] - ETA: 4s - loss: 8.0023 - acc: 0.4980
1056/1424 [=====================>........] - ETA: 4s - loss: 8.0316 - acc: 0.4962
1088/1424 [=====================>........] - ETA: 4s - loss: 8.1031 - acc: 0.4917
1120/1424 [======================>.......] - ETA: 3s - loss: 8.1135 - acc: 0.4911
1152/1424 [=======================>......] - ETA: 3s - loss: 7.9850 - acc: 0.4991
1184/1424 [=======================>......] - ETA: 2s - loss: 7.9712 - acc: 0.5000
1216/1424 [========================>.....] - ETA: 2s - loss: 7.9974 - acc: 0.4984
1248/1424 [=========================>....] - ETA: 2s - loss: 7.9967 - acc: 0.4984
1280/1424 [=========================>....] - ETA: 1s - loss: 8.0210 - acc: 0.4969
1312/1424 [==========================>...] - ETA: 1s - loss: 7.9833 - acc: 0.4992
1344/1424 [===========================>..] - ETA: 0s - loss: 7.9831 - acc: 0.4993
1376/1424 [===========================>..] - ETA: 0s - loss: 7.9828 - acc: 0.4993
1408/1424 [============================>.] - ETA: 0s - loss: 7.9825 - acc: 0.4993
1424/1424 [==============================] - 21s 14ms/step - loss: 7.9712 - acc: 0.5000 - val_loss: 0.6936 - val_acc: 0.5000
Epoch 15/1000

  32/1424 [..............................] - ETA: 17s - loss: 7.9712 - acc: 0.5000
  64/1424 [>.............................] - ETA: 16s - loss: 8.2203 - acc: 0.4844
  96/1424 [=>............................] - ETA: 16s - loss: 7.9712 - acc: 0.5000
 128/1424 [=>............................] - ETA: 16s - loss: 7.7221 - acc: 0.5156
 160/1424 [==>...........................] - ETA: 15s - loss: 7.5726 - acc: 0.5250
 192/1424 [===>..........................] - ETA: 15s - loss: 7.6391 - acc: 0.5208
 224/1424 [===>..........................] - ETA: 14s - loss: 7.4730 - acc: 0.5312
 256/1424 [====>.........................] - ETA: 14s - loss: 7.6598 - acc: 0.5195
 288/1424 [=====>........................] - ETA: 14s - loss: 7.6391 - acc: 0.5208
 320/1424 [=====>........................] - ETA: 13s - loss: 7.5228 - acc: 0.5281
 352/1424 [======>.......................] - ETA: 13s - loss: 7.4730 - acc: 0.5312
 384/1424 [=======>......................] - ETA: 12s - loss: 7.5560 - acc: 0.5260
 416/1424 [=======>......................] - ETA: 12s - loss: 7.7413 - acc: 0.5144
 448/1424 [========>.....................] - ETA: 12s - loss: 7.6509 - acc: 0.5201
 480/1424 [=========>....................] - ETA: 11s - loss: 7.7055 - acc: 0.5167
 512/1424 [=========>....................] - ETA: 11s - loss: 7.7532 - acc: 0.5137
 544/1424 [==========>...................] - ETA: 10s - loss: 7.6195 - acc: 0.5221
 576/1424 [===========>..................] - ETA: 10s - loss: 7.6667 - acc: 0.5191
 608/1424 [===========>..................] - ETA: 10s - loss: 7.5779 - acc: 0.5247
 640/1424 [============>.................] - ETA: 9s - loss: 7.7470 - acc: 0.5141 
 672/1424 [=============>................] - ETA: 9s - loss: 7.7814 - acc: 0.5119
 704/1424 [=============>................] - ETA: 8s - loss: 7.8353 - acc: 0.5085
 736/1424 [==============>...............] - ETA: 8s - loss: 7.8629 - acc: 0.5068
 768/1424 [===============>..............] - ETA: 8s - loss: 7.8674 - acc: 0.5065
 800/1424 [===============>..............] - ETA: 7s - loss: 7.8516 - acc: 0.5075
 832/1424 [================>.............] - ETA: 7s - loss: 7.8754 - acc: 0.5060
 864/1424 [=================>............] - ETA: 6s - loss: 7.8236 - acc: 0.5093
 896/1424 [=================>............] - ETA: 6s - loss: 7.8822 - acc: 0.5056
 928/1424 [==================>...........] - ETA: 6s - loss: 7.9025 - acc: 0.5043
 960/1424 [===================>..........] - ETA: 5s - loss: 7.9048 - acc: 0.5042
 992/1424 [===================>..........] - ETA: 5s - loss: 7.9551 - acc: 0.5010
1024/1424 [====================>.........] - ETA: 4s - loss: 8.0023 - acc: 0.4980
1056/1424 [=====================>........] - ETA: 4s - loss: 8.0014 - acc: 0.4981
1088/1424 [=====================>........] - ETA: 4s - loss: 7.9712 - acc: 0.5000
1120/1424 [======================>.......] - ETA: 3s - loss: 7.9143 - acc: 0.5036
1152/1424 [=======================>......] - ETA: 3s - loss: 7.9297 - acc: 0.5026
1184/1424 [=======================>......] - ETA: 2s - loss: 7.8904 - acc: 0.5051
1216/1424 [========================>.....] - ETA: 2s - loss: 7.9844 - acc: 0.4992
1248/1424 [=========================>....] - ETA: 2s - loss: 8.0224 - acc: 0.4968
1280/1424 [=========================>....] - ETA: 1s - loss: 8.0585 - acc: 0.4945
1312/1424 [==========================>...] - ETA: 1s - loss: 7.9835 - acc: 0.4992
1344/1424 [===========================>..] - ETA: 0s - loss: 7.9476 - acc: 0.5015
1376/1424 [===========================>..] - ETA: 0s - loss: 7.9597 - acc: 0.5007
1408/1424 [============================>.] - ETA: 0s - loss: 7.9713 - acc: 0.5000
1424/1424 [==============================] - 21s 14ms/step - loss: 7.9825 - acc: 0.4993 - val_loss: 0.6936 - val_acc: 0.5000
Epoch 16/1000

  32/1424 [..............................] - ETA: 17s - loss: 6.4766 - acc: 0.5938
  64/1424 [>.............................] - ETA: 16s - loss: 8.2203 - acc: 0.4844
  96/1424 [=>............................] - ETA: 16s - loss: 7.6391 - acc: 0.5208
 128/1424 [=>............................] - ETA: 16s - loss: 7.7221 - acc: 0.5156
 160/1424 [==>...........................] - ETA: 15s - loss: 8.2701 - acc: 0.4813
 192/1424 [===>..........................] - ETA: 15s - loss: 7.9712 - acc: 0.5000
 224/1424 [===>..........................] - ETA: 14s - loss: 8.1135 - acc: 0.4911
 256/1424 [====>.........................] - ETA: 14s - loss: 8.1606 - acc: 0.4883
 288/1424 [=====>........................] - ETA: 14s - loss: 7.3309 - acc: 0.4896
 320/1424 [=====>........................] - ETA: 13s - loss: 6.6667 - acc: 0.5000
 352/1424 [======>.......................] - ETA: 13s - loss: 6.1240 - acc: 0.4943
 384/1424 [=======>......................] - ETA: 12s - loss: 5.6711 - acc: 0.5000
 416/1424 [=======>......................] - ETA: 12s - loss: 5.2883 - acc: 0.5000
 448/1424 [========>.....................] - ETA: 12s - loss: 4.9601 - acc: 0.5000
 480/1424 [=========>....................] - ETA: 11s - loss: 4.6758 - acc: 0.4979
 512/1424 [=========>....................] - ETA: 11s - loss: 4.4269 - acc: 0.4980
 544/1424 [==========>...................] - ETA: 10s - loss: 4.2077 - acc: 0.4908
 576/1424 [===========>..................] - ETA: 10s - loss: 4.0132 - acc: 0.4792
 608/1424 [===========>..................] - ETA: 10s - loss: 3.8387 - acc: 0.4753
 640/1424 [============>.................] - ETA: 9s - loss: 3.6811 - acc: 0.4828 
 672/1424 [=============>................] - ETA: 9s - loss: 3.5390 - acc: 0.4807
 704/1424 [=============>................] - ETA: 8s - loss: 3.4096 - acc: 0.4830
 736/1424 [==============>...............] - ETA: 8s - loss: 3.2914 - acc: 0.4864
 768/1424 [===============>..............] - ETA: 8s - loss: 3.1833 - acc: 0.4831
 800/1424 [===============>..............] - ETA: 7s - loss: 3.0837 - acc: 0.4838
 832/1424 [================>.............] - ETA: 7s - loss: 2.9916 - acc: 0.4880
 864/1424 [=================>............] - ETA: 6s - loss: 2.9064 - acc: 0.4907
 896/1424 [=================>............] - ETA: 6s - loss: 2.8275 - acc: 0.4877
 928/1424 [==================>...........] - ETA: 6s - loss: 2.7542 - acc: 0.4838
 960/1424 [===================>..........] - ETA: 5s - loss: 2.6854 - acc: 0.4854
 992/1424 [===================>..........] - ETA: 5s - loss: 2.6209 - acc: 0.4909
1024/1424 [====================>.........] - ETA: 4s - loss: 2.5605 - acc: 0.4951
1056/1424 [=====================>........] - ETA: 4s - loss: 2.5038 - acc: 0.4962
1088/1424 [=====================>........] - ETA: 4s - loss: 2.4507 - acc: 0.4936
1120/1424 [======================>.......] - ETA: 3s - loss: 2.4004 - acc: 0.4955
1152/1424 [=======================>......] - ETA: 3s - loss: 2.3529 - acc: 0.4983
1184/1424 [=======================>......] - ETA: 2s - loss: 2.3079 - acc: 0.5008
1216/1424 [========================>.....] - ETA: 2s - loss: 2.2654 - acc: 0.5016
1248/1424 [=========================>....] - ETA: 2s - loss: 2.2249 - acc: 0.5040
1280/1424 [=========================>....] - ETA: 1s - loss: 2.1867 - acc: 0.5023
1312/1424 [==========================>...] - ETA: 1s - loss: 2.1504 - acc: 0.5015
1344/1424 [===========================>..] - ETA: 0s - loss: 2.1157 - acc: 0.5007
1376/1424 [===========================>..] - ETA: 0s - loss: 2.0827 - acc: 0.4993
1408/1424 [============================>.] - ETA: 0s - loss: 2.0511 - acc: 0.4993
1424/1424 [==============================] - 21s 14ms/step - loss: 2.0358 - acc: 0.5000 - val_loss: 0.6935 - val_acc: 0.5000
Epoch 17/1000

  32/1424 [..............................] - ETA: 17s - loss: 0.6952 - acc: 0.4688
  64/1424 [>.............................] - ETA: 17s - loss: 0.6952 - acc: 0.4688
  96/1424 [=>............................] - ETA: 16s - loss: 0.6952 - acc: 0.4688
 128/1424 [=>............................] - ETA: 16s - loss: 0.6944 - acc: 0.4844
 160/1424 [==>...........................] - ETA: 15s - loss: 0.6942 - acc: 0.4875
 192/1424 [===>..........................] - ETA: 15s - loss: 0.6941 - acc: 0.4896
 224/1424 [===>..........................] - ETA: 15s - loss: 0.6935 - acc: 0.5000
 256/1424 [====>.........................] - ETA: 14s - loss: 0.6927 - acc: 0.5156
 288/1424 [=====>........................] - ETA: 14s - loss: 0.6917 - acc: 0.5347
 320/1424 [=====>........................] - ETA: 13s - loss: 0.6915 - acc: 0.5375
 352/1424 [======>.......................] - ETA: 13s - loss: 0.6912 - acc: 0.5426
 384/1424 [=======>......................] - ETA: 13s - loss: 0.6917 - acc: 0.5339
 416/1424 [=======>......................] - ETA: 12s - loss: 0.6918 - acc: 0.5312
 448/1424 [========>.....................] - ETA: 12s - loss: 0.6924 - acc: 0.5201
 480/1424 [=========>....................] - ETA: 11s - loss: 0.6929 - acc: 0.5125
 512/1424 [=========>....................] - ETA: 11s - loss: 0.6930 - acc: 0.5098
 544/1424 [==========>...................] - ETA: 11s - loss: 0.6929 - acc: 0.5110
 576/1424 [===========>..................] - ETA: 10s - loss: 0.6931 - acc: 0.5087
 608/1424 [===========>..................] - ETA: 10s - loss: 0.6931 - acc: 0.5082
 640/1424 [============>.................] - ETA: 9s - loss: 0.6927 - acc: 0.5156 
 672/1424 [=============>................] - ETA: 9s - loss: 0.6926 - acc: 0.5179
 704/1424 [=============>................] - ETA: 8s - loss: 0.6926 - acc: 0.5170
 736/1424 [==============>...............] - ETA: 8s - loss: 0.6926 - acc: 0.5177
 768/1424 [===============>..............] - ETA: 8s - loss: 0.6927 - acc: 0.5156
 800/1424 [===============>..............] - ETA: 7s - loss: 0.6922 - acc: 0.5238
 832/1424 [================>.............] - ETA: 7s - loss: 0.6925 - acc: 0.5192
 864/1424 [=================>............] - ETA: 6s - loss: 0.6926 - acc: 0.5174
 896/1424 [=================>............] - ETA: 6s - loss: 0.6926 - acc: 0.5179
 928/1424 [==================>...........] - ETA: 6s - loss: 0.6928 - acc: 0.5140
 960/1424 [===================>..........] - ETA: 5s - loss: 0.6929 - acc: 0.5125
 992/1424 [===================>..........] - ETA: 5s - loss: 0.6928 - acc: 0.5131
1024/1424 [====================>.........] - ETA: 4s - loss: 0.6933 - acc: 0.5049
1056/1424 [=====================>........] - ETA: 4s - loss: 0.6930 - acc: 0.5095
1088/1424 [=====================>........] - ETA: 4s - loss: 0.6931 - acc: 0.5074
1120/1424 [======================>.......] - ETA: 3s - loss: 0.6931 - acc: 0.5071
1152/1424 [=======================>......] - ETA: 3s - loss: 0.6932 - acc: 0.5069
1184/1424 [=======================>......] - ETA: 2s - loss: 0.6933 - acc: 0.5042
1216/1424 [========================>.....] - ETA: 2s - loss: 0.6933 - acc: 0.5049
1248/1424 [=========================>....] - ETA: 2s - loss: 0.6933 - acc: 0.5040
1280/1424 [=========================>....] - ETA: 1s - loss: 0.6934 - acc: 0.5023
1312/1424 [==========================>...] - ETA: 1s - loss: 0.6934 - acc: 0.5023
1344/1424 [===========================>..] - ETA: 0s - loss: 0.6934 - acc: 0.5022
1376/1424 [===========================>..] - ETA: 0s - loss: 0.6934 - acc: 0.5015
1408/1424 [============================>.] - ETA: 0s - loss: 0.6935 - acc: 0.5007
1424/1424 [==============================] - 21s 14ms/step - loss: 0.6935 - acc: 0.5000 - val_loss: 0.6935 - val_acc: 0.5000
Epoch 18/1000

  32/1424 [..............................] - ETA: 17s - loss: 0.7014 - acc: 0.3438
  64/1424 [>.............................] - ETA: 16s - loss: 0.6990 - acc: 0.3906
  96/1424 [=>............................] - ETA: 16s - loss: 0.6961 - acc: 0.4479
 128/1424 [=>............................] - ETA: 16s - loss: 0.6966 - acc: 0.4375
 160/1424 [==>...........................] - ETA: 15s - loss: 0.6951 - acc: 0.4688
 192/1424 [===>..........................] - ETA: 15s - loss: 0.6945 - acc: 0.4792
 224/1424 [===>..........................] - ETA: 15s - loss: 0.6959 - acc: 0.4509
 256/1424 [====>.........................] - ETA: 14s - loss: 0.6950 - acc: 0.4688
 288/1424 [=====>........................] - ETA: 14s - loss: 0.6955 - acc: 0.4583
 320/1424 [=====>........................] - ETA: 13s - loss: 0.6957 - acc: 0.4531
 352/1424 [======>.......................] - ETA: 13s - loss: 0.6955 - acc: 0.4574
 384/1424 [=======>......................] - ETA: 12s - loss: 0.6956 - acc: 0.4557
 416/1424 [=======>......................] - ETA: 12s - loss: 0.6952 - acc: 0.4639
 448/1424 [========>.....................] - ETA: 12s - loss: 0.6945 - acc: 0.4799
 480/1424 [=========>....................] - ETA: 11s - loss: 0.6943 - acc: 0.4833
 512/1424 [=========>....................] - ETA: 11s - loss: 0.6943 - acc: 0.4824
 544/1424 [==========>...................] - ETA: 10s - loss: 0.6941 - acc: 0.4871
 576/1424 [===========>..................] - ETA: 10s - loss: 0.6939 - acc: 0.4913
 608/1424 [===========>..................] - ETA: 10s - loss: 0.6938 - acc: 0.4934
 640/1424 [============>.................] - ETA: 9s - loss: 0.6937 - acc: 0.4953 
 672/1424 [=============>................] - ETA: 9s - loss: 0.6939 - acc: 0.4911
 704/1424 [=============>................] - ETA: 8s - loss: 0.6938 - acc: 0.4929
 736/1424 [==============>...............] - ETA: 8s - loss: 0.6937 - acc: 0.4959
 768/1424 [===============>..............] - ETA: 8s - loss: 0.6937 - acc: 0.4961
 800/1424 [===============>..............] - ETA: 7s - loss: 0.6936 - acc: 0.4988
 832/1424 [================>.............] - ETA: 7s - loss: 0.6934 - acc: 0.5024
 864/1424 [=================>............] - ETA: 6s - loss: 0.6933 - acc: 0.5046
 896/1424 [=================>............] - ETA: 6s - loss: 0.6933 - acc: 0.5045
 928/1424 [==================>...........] - ETA: 6s - loss: 0.6933 - acc: 0.5043
 960/1424 [===================>..........] - ETA: 5s - loss: 0.6933 - acc: 0.5052
 992/1424 [===================>..........] - ETA: 5s - loss: 0.6934 - acc: 0.5020
1024/1424 [====================>.........] - ETA: 4s - loss: 0.6933 - acc: 0.5029
1056/1424 [=====================>........] - ETA: 4s - loss: 0.6934 - acc: 0.5019
1088/1424 [=====================>........] - ETA: 4s - loss: 0.6933 - acc: 0.5046
1120/1424 [======================>.......] - ETA: 3s - loss: 0.6934 - acc: 0.5018
1152/1424 [=======================>......] - ETA: 3s - loss: 0.6934 - acc: 0.5009
1184/1424 [=======================>......] - ETA: 2s - loss: 0.6934 - acc: 0.5025
1216/1424 [========================>.....] - ETA: 2s - loss: 0.6932 - acc: 0.5058
1248/1424 [=========================>....] - ETA: 2s - loss: 0.6931 - acc: 0.5080
1280/1424 [=========================>....] - ETA: 1s - loss: 0.6933 - acc: 0.5031
1312/1424 [==========================>...] - ETA: 1s - loss: 0.6934 - acc: 0.5008
1344/1424 [===========================>..] - ETA: 0s - loss: 0.6934 - acc: 0.5022
1376/1424 [===========================>..] - ETA: 0s - loss: 0.6934 - acc: 0.5007
1408/1424 [============================>.] - ETA: 0s - loss: 0.6933 - acc: 0.5028
1424/1424 [==============================] - 21s 14ms/step - loss: 0.6935 - acc: 0.5000 - val_loss: 0.6934 - val_acc: 0.5000

  32/1424 [..............................] - ETA: 5s
  64/1424 [>.............................] - ETA: 4s
  96/1424 [=>............................] - ETA: 4s
 128/1424 [=>............................] - ETA: 4s
 160/1424 [==>...........................] - ETA: 4s
 192/1424 [===>..........................] - ETA: 4s
 224/1424 [===>..........................] - ETA: 4s
 256/1424 [====>.........................] - ETA: 4s
 288/1424 [=====>........................] - ETA: 4s
 320/1424 [=====>........................] - ETA: 3s
 352/1424 [======>.......................] - ETA: 3s
 384/1424 [=======>......................] - ETA: 3s
 416/1424 [=======>......................] - ETA: 3s
 448/1424 [========>.....................] - ETA: 3s
 480/1424 [=========>....................] - ETA: 3s
 512/1424 [=========>....................] - ETA: 3s
 544/1424 [==========>...................] - ETA: 3s
 576/1424 [===========>..................] - ETA: 3s
 608/1424 [===========>..................] - ETA: 2s
 640/1424 [============>.................] - ETA: 2s
 672/1424 [=============>................] - ETA: 2s
 704/1424 [=============>................] - ETA: 2s
 736/1424 [==============>...............] - ETA: 2s
 768/1424 [===============>..............] - ETA: 2s
 800/1424 [===============>..............] - ETA: 2s
 832/1424 [================>.............] - ETA: 2s
 864/1424 [=================>............] - ETA: 1s
 896/1424 [=================>............] - ETA: 1s
 928/1424 [==================>...........] - ETA: 1s
 960/1424 [===================>..........] - ETA: 1s
 992/1424 [===================>..........] - ETA: 1s
1024/1424 [====================>.........] - ETA: 1s
1056/1424 [=====================>........] - ETA: 1s
1088/1424 [=====================>........] - ETA: 1s
1120/1424 [======================>.......] - ETA: 1s
1152/1424 [=======================>......] - ETA: 0s
1184/1424 [=======================>......] - ETA: 0s
1216/1424 [========================>.....] - ETA: 0s
1248/1424 [=========================>....] - ETA: 0s
1280/1424 [=========================>....] - ETA: 0s
1312/1424 [==========================>...] - ETA: 0s
1344/1424 [===========================>..] - ETA: 0s
1376/1424 [===========================>..] - ETA: 0s
1408/1424 [============================>.] - ETA: 0s
1424/1424 [==============================] - 5s 4ms/step
Test acc: 0.8300561797752809
Test auc: 0.9096586605226612
Test mcc: 0.6792928947798554
Execute epoch: 18
Execute time: 376.26265048980713
