_________________________________________________________________
Layer (type)                 Output Shape              Param #   
=================================================================
embedding_1 (Embedding)      (None, None, 128)         2688      
_________________________________________________________________
lstm_1 (LSTM)                (None, None, 64)          49408     
_________________________________________________________________
lstm_2 (LSTM)                (None, None, 64)          33024     
_________________________________________________________________
lstm_3 (LSTM)                (None, 64)                33024     
_________________________________________________________________
dense_1 (Dense)              (None, 16)                1040      
_________________________________________________________________
dense_2 (Dense)              (None, 1)                 17        
=================================================================
Total params: 119,201
Trainable params: 119,201
Non-trainable params: 0
_________________________________________________________________
Train on 1424 samples, validate on 708 samples
Epoch 1/1000

  32/1424 [..............................] - ETA: 2:34 - loss: 0.6932 - acc: 0.5000
  64/1424 [>.............................] - ETA: 1:24 - loss: 0.6931 - acc: 0.5469
  96/1424 [=>............................] - ETA: 1:01 - loss: 0.6928 - acc: 0.5729
 128/1424 [=>............................] - ETA: 49s - loss: 0.6930 - acc: 0.5469 
 160/1424 [==>...........................] - ETA: 41s - loss: 0.6924 - acc: 0.5687
 192/1424 [===>..........................] - ETA: 36s - loss: 0.6922 - acc: 0.5677
 224/1424 [===>..........................] - ETA: 33s - loss: 0.6920 - acc: 0.5670
 256/1424 [====>.........................] - ETA: 30s - loss: 0.6920 - acc: 0.5625
 288/1424 [=====>........................] - ETA: 27s - loss: 0.6928 - acc: 0.5417
 320/1424 [=====>........................] - ETA: 25s - loss: 0.6930 - acc: 0.5344
 352/1424 [======>.......................] - ETA: 24s - loss: 0.6937 - acc: 0.5170
 384/1424 [=======>......................] - ETA: 22s - loss: 0.6933 - acc: 0.5208
 416/1424 [=======>......................] - ETA: 21s - loss: 0.6930 - acc: 0.5240
 448/1424 [========>.....................] - ETA: 20s - loss: 0.6932 - acc: 0.5179
 480/1424 [=========>....................] - ETA: 18s - loss: 0.6928 - acc: 0.5229
 512/1424 [=========>....................] - ETA: 17s - loss: 0.6931 - acc: 0.5176
 544/1424 [==========>...................] - ETA: 16s - loss: 0.6930 - acc: 0.5165
 576/1424 [===========>..................] - ETA: 16s - loss: 0.6931 - acc: 0.5122
 608/1424 [===========>..................] - ETA: 15s - loss: 0.6929 - acc: 0.5132
 640/1424 [============>.................] - ETA: 14s - loss: 0.6928 - acc: 0.5156
 672/1424 [=============>................] - ETA: 13s - loss: 0.6927 - acc: 0.5134
 704/1424 [=============>................] - ETA: 12s - loss: 0.6925 - acc: 0.5128
 736/1424 [==============>...............] - ETA: 12s - loss: 0.6925 - acc: 0.5109
 768/1424 [===============>..............] - ETA: 11s - loss: 0.6924 - acc: 0.5104
 800/1424 [===============>..............] - ETA: 10s - loss: 0.6921 - acc: 0.5100
 832/1424 [================>.............] - ETA: 10s - loss: 0.6920 - acc: 0.5084
 864/1424 [=================>............] - ETA: 9s - loss: 0.6917 - acc: 0.5104 
 896/1424 [=================>............] - ETA: 9s - loss: 0.6914 - acc: 0.5089
 928/1424 [==================>...........] - ETA: 8s - loss: 0.6913 - acc: 0.5075
 960/1424 [===================>..........] - ETA: 7s - loss: 0.6910 - acc: 0.5052
 992/1424 [===================>..........] - ETA: 7s - loss: 0.6907 - acc: 0.5020
1024/1424 [====================>.........] - ETA: 6s - loss: 0.6900 - acc: 0.5029
1056/1424 [=====================>........] - ETA: 6s - loss: 0.6897 - acc: 0.4972
1088/1424 [=====================>........] - ETA: 5s - loss: 0.6884 - acc: 0.4991
1120/1424 [======================>.......] - ETA: 4s - loss: 0.6871 - acc: 0.5018
1152/1424 [=======================>......] - ETA: 4s - loss: 0.6850 - acc: 0.5043
1184/1424 [=======================>......] - ETA: 3s - loss: 0.6810 - acc: 0.5068
1216/1424 [========================>.....] - ETA: 3s - loss: 0.6826 - acc: 0.5082
1248/1424 [=========================>....] - ETA: 2s - loss: 0.6829 - acc: 0.5096
1280/1424 [=========================>....] - ETA: 2s - loss: 0.6818 - acc: 0.5141
1312/1424 [==========================>...] - ETA: 1s - loss: 0.6805 - acc: 0.5198
1344/1424 [===========================>..] - ETA: 1s - loss: 0.6805 - acc: 0.5231
1376/1424 [===========================>..] - ETA: 0s - loss: 0.6793 - acc: 0.5283
1408/1424 [============================>.] - ETA: 0s - loss: 0.6787 - acc: 0.5334
1424/1424 [==============================] - 26s 18ms/step - loss: 0.6786 - acc: 0.5351 - val_loss: 0.6608 - val_acc: 0.7669
Epoch 2/1000

  32/1424 [..............................] - ETA: 18s - loss: 0.6825 - acc: 0.6875
  64/1424 [>.............................] - ETA: 18s - loss: 0.6660 - acc: 0.6875
  96/1424 [=>............................] - ETA: 17s - loss: 0.6705 - acc: 0.6979
 128/1424 [=>............................] - ETA: 17s - loss: 0.6591 - acc: 0.7266
 160/1424 [==>...........................] - ETA: 17s - loss: 0.6640 - acc: 0.7250
 192/1424 [===>..........................] - ETA: 16s - loss: 0.6557 - acc: 0.7604
 224/1424 [===>..........................] - ETA: 16s - loss: 0.6496 - acc: 0.7768
 256/1424 [====>.........................] - ETA: 15s - loss: 0.6449 - acc: 0.7578
 288/1424 [=====>........................] - ETA: 15s - loss: 0.6372 - acc: 0.7465
 320/1424 [=====>........................] - ETA: 15s - loss: 0.6309 - acc: 0.7344
 352/1424 [======>.......................] - ETA: 14s - loss: 0.6731 - acc: 0.7159
 384/1424 [=======>......................] - ETA: 14s - loss: 0.7087 - acc: 0.6953
 416/1424 [=======>......................] - ETA: 13s - loss: 0.7362 - acc: 0.6827
 448/1424 [========>.....................] - ETA: 13s - loss: 0.7935 - acc: 0.6741
 480/1424 [=========>....................] - ETA: 12s - loss: 0.7859 - acc: 0.6604
 512/1424 [=========>....................] - ETA: 12s - loss: 0.8196 - acc: 0.6602
 544/1424 [==========>...................] - ETA: 11s - loss: 0.8012 - acc: 0.6710
 576/1424 [===========>..................] - ETA: 11s - loss: 0.7902 - acc: 0.6736
 608/1424 [===========>..................] - ETA: 11s - loss: 0.7850 - acc: 0.6809
 640/1424 [============>.................] - ETA: 10s - loss: 0.7766 - acc: 0.6891
 672/1424 [=============>................] - ETA: 10s - loss: 0.7689 - acc: 0.6920
 704/1424 [=============>................] - ETA: 9s - loss: 0.7610 - acc: 0.6974 
 736/1424 [==============>...............] - ETA: 9s - loss: 0.7542 - acc: 0.7065
 768/1424 [===============>..............] - ETA: 8s - loss: 0.7498 - acc: 0.7031
 800/1424 [===============>..............] - ETA: 8s - loss: 0.7459 - acc: 0.6987
 832/1424 [================>.............] - ETA: 8s - loss: 0.7425 - acc: 0.6959
 864/1424 [=================>............] - ETA: 7s - loss: 0.7385 - acc: 0.6921
 896/1424 [=================>............] - ETA: 7s - loss: 0.7359 - acc: 0.6830
 928/1424 [==================>...........] - ETA: 6s - loss: 0.7331 - acc: 0.6778
 960/1424 [===================>..........] - ETA: 6s - loss: 0.7303 - acc: 0.6740
 992/1424 [===================>..........] - ETA: 5s - loss: 0.7251 - acc: 0.6724
1024/1424 [====================>.........] - ETA: 5s - loss: 0.7361 - acc: 0.6660
1056/1424 [=====================>........] - ETA: 5s - loss: 0.7318 - acc: 0.6638
1088/1424 [=====================>........] - ETA: 4s - loss: 0.7562 - acc: 0.6618
1120/1424 [======================>.......] - ETA: 4s - loss: 0.7658 - acc: 0.6580
1152/1424 [=======================>......] - ETA: 3s - loss: 0.7625 - acc: 0.6528
1184/1424 [=======================>......] - ETA: 3s - loss: 0.7604 - acc: 0.6486
1216/1424 [========================>.....] - ETA: 2s - loss: 0.7677 - acc: 0.6464
1248/1424 [=========================>....] - ETA: 2s - loss: 0.7741 - acc: 0.6458
1280/1424 [=========================>....] - ETA: 1s - loss: 0.7708 - acc: 0.6414
1312/1424 [==========================>...] - ETA: 1s - loss: 0.7664 - acc: 0.6410
1344/1424 [===========================>..] - ETA: 1s - loss: 0.7641 - acc: 0.6391
1376/1424 [===========================>..] - ETA: 0s - loss: 0.7613 - acc: 0.6381
1408/1424 [============================>.] - ETA: 0s - loss: 0.7581 - acc: 0.6378
1424/1424 [==============================] - 22s 16ms/step - loss: 0.7569 - acc: 0.6362 - val_loss: 0.6381 - val_acc: 0.6130
Epoch 3/1000

  32/1424 [..............................] - ETA: 18s - loss: 0.6362 - acc: 0.6250
  64/1424 [>.............................] - ETA: 18s - loss: 0.6459 - acc: 0.5625
  96/1424 [=>............................] - ETA: 18s - loss: 0.6511 - acc: 0.5625
 128/1424 [=>............................] - ETA: 17s - loss: 0.6414 - acc: 0.6094
 160/1424 [==>...........................] - ETA: 17s - loss: 0.6432 - acc: 0.6250
 192/1424 [===>..........................] - ETA: 16s - loss: 0.6383 - acc: 0.6354
 224/1424 [===>..........................] - ETA: 16s - loss: 0.6356 - acc: 0.6250
 256/1424 [====>.........................] - ETA: 15s - loss: 0.6285 - acc: 0.6367
 288/1424 [=====>........................] - ETA: 15s - loss: 0.6302 - acc: 0.6354
 320/1424 [=====>........................] - ETA: 15s - loss: 0.6283 - acc: 0.6438
 352/1424 [======>.......................] - ETA: 14s - loss: 0.6229 - acc: 0.6506
 384/1424 [=======>......................] - ETA: 14s - loss: 0.6243 - acc: 0.6484
 416/1424 [=======>......................] - ETA: 13s - loss: 0.6262 - acc: 0.6635
 448/1424 [========>.....................] - ETA: 13s - loss: 0.6243 - acc: 0.6719
 480/1424 [=========>....................] - ETA: 12s - loss: 0.6210 - acc: 0.6833
 512/1424 [=========>....................] - ETA: 12s - loss: 0.6200 - acc: 0.6914
 544/1424 [==========>...................] - ETA: 11s - loss: 0.6186 - acc: 0.7004
 576/1424 [===========>..................] - ETA: 11s - loss: 0.6201 - acc: 0.6997
 608/1424 [===========>..................] - ETA: 11s - loss: 0.6209 - acc: 0.6974
 640/1424 [============>.................] - ETA: 10s - loss: 0.6203 - acc: 0.6984
 672/1424 [=============>................] - ETA: 10s - loss: 0.6208 - acc: 0.7009
 704/1424 [=============>................] - ETA: 9s - loss: 0.6211 - acc: 0.7031 
 736/1424 [==============>...............] - ETA: 9s - loss: 0.6195 - acc: 0.7024
 768/1424 [===============>..............] - ETA: 8s - loss: 0.6170 - acc: 0.7057
 800/1424 [===============>..............] - ETA: 8s - loss: 0.6165 - acc: 0.7063
 832/1424 [================>.............] - ETA: 8s - loss: 0.6166 - acc: 0.6995
 864/1424 [=================>............] - ETA: 7s - loss: 0.6143 - acc: 0.7014
 896/1424 [=================>............] - ETA: 7s - loss: 0.6299 - acc: 0.6987
 928/1424 [==================>...........] - ETA: 6s - loss: 0.6277 - acc: 0.6972
 960/1424 [===================>..........] - ETA: 6s - loss: 0.6260 - acc: 0.6917
 992/1424 [===================>..........] - ETA: 5s - loss: 0.6276 - acc: 0.6835
1024/1424 [====================>.........] - ETA: 5s - loss: 0.6281 - acc: 0.6787
1056/1424 [=====================>........] - ETA: 5s - loss: 0.6295 - acc: 0.6771
1088/1424 [=====================>........] - ETA: 4s - loss: 0.6272 - acc: 0.6756
1120/1424 [======================>.......] - ETA: 4s - loss: 0.6269 - acc: 0.6723
1152/1424 [=======================>......] - ETA: 3s - loss: 0.6280 - acc: 0.6684
1184/1424 [=======================>......] - ETA: 3s - loss: 0.6257 - acc: 0.6664
1216/1424 [========================>.....] - ETA: 2s - loss: 0.6259 - acc: 0.6669
1248/1424 [=========================>....] - ETA: 2s - loss: 0.6246 - acc: 0.6643
1280/1424 [=========================>....] - ETA: 1s - loss: 0.6207 - acc: 0.6664
1312/1424 [==========================>...] - ETA: 1s - loss: 0.6200 - acc: 0.6654
1344/1424 [===========================>..] - ETA: 1s - loss: 0.6318 - acc: 0.6629
1376/1424 [===========================>..] - ETA: 0s - loss: 0.6284 - acc: 0.6635
1408/1424 [============================>.] - ETA: 0s - loss: 0.6270 - acc: 0.6662
1424/1424 [==============================] - 22s 16ms/step - loss: 0.6257 - acc: 0.6678 - val_loss: 0.5631 - val_acc: 0.7726
Epoch 4/1000

  32/1424 [..............................] - ETA: 19s - loss: 0.5588 - acc: 0.6875
  64/1424 [>.............................] - ETA: 18s - loss: 0.7750 - acc: 0.7031
  96/1424 [=>............................] - ETA: 18s - loss: 0.7251 - acc: 0.7292
 128/1424 [=>............................] - ETA: 17s - loss: 0.6782 - acc: 0.7422
 160/1424 [==>...........................] - ETA: 17s - loss: 0.6523 - acc: 0.7500
 192/1424 [===>..........................] - ETA: 16s - loss: 0.6339 - acc: 0.7552
 224/1424 [===>..........................] - ETA: 16s - loss: 0.6110 - acc: 0.7679
 256/1424 [====>.........................] - ETA: 15s - loss: 0.6646 - acc: 0.7695
 288/1424 [=====>........................] - ETA: 15s - loss: 0.6730 - acc: 0.7743
 320/1424 [=====>........................] - ETA: 14s - loss: 0.6559 - acc: 0.7781
 352/1424 [======>.......................] - ETA: 14s - loss: 0.6451 - acc: 0.7841
 384/1424 [=======>......................] - ETA: 14s - loss: 0.6317 - acc: 0.7865
 416/1424 [=======>......................] - ETA: 13s - loss: 0.6237 - acc: 0.7909
 448/1424 [========>.....................] - ETA: 13s - loss: 0.6202 - acc: 0.7991
 480/1424 [=========>....................] - ETA: 12s - loss: 0.6111 - acc: 0.7958
 512/1424 [=========>....................] - ETA: 12s - loss: 0.6080 - acc: 0.7969
 544/1424 [==========>...................] - ETA: 11s - loss: 0.6072 - acc: 0.7978
 576/1424 [===========>..................] - ETA: 11s - loss: 0.6041 - acc: 0.7917
 608/1424 [===========>..................] - ETA: 11s - loss: 0.5994 - acc: 0.7928
 640/1424 [============>.................] - ETA: 10s - loss: 0.5947 - acc: 0.7984
 672/1424 [=============>................] - ETA: 10s - loss: 0.5911 - acc: 0.8021
 704/1424 [=============>................] - ETA: 9s - loss: 0.5890 - acc: 0.8026 
 736/1424 [==============>...............] - ETA: 9s - loss: 0.5869 - acc: 0.8043
 768/1424 [===============>..............] - ETA: 8s - loss: 0.5841 - acc: 0.8086
 800/1424 [===============>..............] - ETA: 8s - loss: 0.5806 - acc: 0.8125
 832/1424 [================>.............] - ETA: 8s - loss: 0.5798 - acc: 0.8125
 864/1424 [=================>............] - ETA: 7s - loss: 0.5965 - acc: 0.8113
 896/1424 [=================>............] - ETA: 7s - loss: 0.6264 - acc: 0.8136
 928/1424 [==================>...........] - ETA: 6s - loss: 0.6310 - acc: 0.8136
 960/1424 [===================>..........] - ETA: 6s - loss: 0.6325 - acc: 0.8104
 992/1424 [===================>..........] - ETA: 5s - loss: 0.6292 - acc: 0.8105
1024/1424 [====================>.........] - ETA: 5s - loss: 0.6226 - acc: 0.8125
1056/1424 [=====================>........] - ETA: 5s - loss: 0.6233 - acc: 0.8106
1088/1424 [=====================>........] - ETA: 4s - loss: 0.6221 - acc: 0.8107
1120/1424 [======================>.......] - ETA: 4s - loss: 0.6192 - acc: 0.8080
1152/1424 [=======================>......] - ETA: 3s - loss: 0.6158 - acc: 0.8099
1184/1424 [=======================>......] - ETA: 3s - loss: 0.6170 - acc: 0.8091
1216/1424 [========================>.....] - ETA: 2s - loss: 0.6250 - acc: 0.8092
1248/1424 [=========================>....] - ETA: 2s - loss: 0.6257 - acc: 0.8077
1280/1424 [=========================>....] - ETA: 1s - loss: 0.6345 - acc: 0.8078
1312/1424 [==========================>...] - ETA: 1s - loss: 0.6325 - acc: 0.8041
1344/1424 [===========================>..] - ETA: 1s - loss: 0.6292 - acc: 0.8051
1376/1424 [===========================>..] - ETA: 0s - loss: 0.6270 - acc: 0.8023
1408/1424 [============================>.] - ETA: 0s - loss: 0.6227 - acc: 0.8033
1424/1424 [==============================] - 22s 16ms/step - loss: 0.6314 - acc: 0.8027 - val_loss: 0.5099 - val_acc: 0.8178
Epoch 5/1000

  32/1424 [..............................] - ETA: 19s - loss: 0.9355 - acc: 0.7812
  64/1424 [>.............................] - ETA: 18s - loss: 0.6286 - acc: 0.8438
  96/1424 [=>............................] - ETA: 18s - loss: 0.5662 - acc: 0.8021
 128/1424 [=>............................] - ETA: 17s - loss: 0.5114 - acc: 0.8203
 160/1424 [==>...........................] - ETA: 17s - loss: 0.4833 - acc: 0.8375
 192/1424 [===>..........................] - ETA: 16s - loss: 0.4749 - acc: 0.8281
 224/1424 [===>..........................] - ETA: 16s - loss: 0.4664 - acc: 0.8304
 256/1424 [====>.........................] - ETA: 15s - loss: 0.4588 - acc: 0.8242
 288/1424 [=====>........................] - ETA: 15s - loss: 0.4629 - acc: 0.8194
 320/1424 [=====>........................] - ETA: 15s - loss: 0.4830 - acc: 0.8031
 352/1424 [======>.......................] - ETA: 14s - loss: 0.4797 - acc: 0.8040
 384/1424 [=======>......................] - ETA: 14s - loss: 0.4784 - acc: 0.8047
 416/1424 [=======>......................] - ETA: 13s - loss: 0.4803 - acc: 0.8005
 448/1424 [========>.....................] - ETA: 13s - loss: 0.4788 - acc: 0.8013
 480/1424 [=========>....................] - ETA: 12s - loss: 0.4804 - acc: 0.8000
 512/1424 [=========>....................] - ETA: 12s - loss: 0.4891 - acc: 0.7969
 544/1424 [==========>...................] - ETA: 11s - loss: 0.4862 - acc: 0.7960
 576/1424 [===========>..................] - ETA: 11s - loss: 0.4833 - acc: 0.8038
 608/1424 [===========>..................] - ETA: 11s - loss: 0.4826 - acc: 0.8026
 640/1424 [============>.................] - ETA: 10s - loss: 0.4985 - acc: 0.7937
 672/1424 [=============>................] - ETA: 10s - loss: 0.5189 - acc: 0.7961
 704/1424 [=============>................] - ETA: 9s - loss: 0.5199 - acc: 0.7912 
 736/1424 [==============>...............] - ETA: 9s - loss: 0.5124 - acc: 0.7962
 768/1424 [===============>..............] - ETA: 8s - loss: 0.5105 - acc: 0.7982
 800/1424 [===============>..............] - ETA: 8s - loss: 0.5037 - acc: 0.8000
 832/1424 [================>.............] - ETA: 8s - loss: 0.5006 - acc: 0.8017
 864/1424 [=================>............] - ETA: 7s - loss: 0.5123 - acc: 0.8021
 896/1424 [=================>............] - ETA: 7s - loss: 0.5119 - acc: 0.8013
 928/1424 [==================>...........] - ETA: 6s - loss: 0.6170 - acc: 0.7931
 960/1424 [===================>..........] - ETA: 6s - loss: 0.8341 - acc: 0.7833
 992/1424 [===================>..........] - ETA: 5s - loss: 0.9762 - acc: 0.7762
1024/1424 [====================>.........] - ETA: 5s - loss: 1.1969 - acc: 0.7656
1056/1424 [=====================>........] - ETA: 5s - loss: 1.3571 - acc: 0.7604
1088/1424 [=====================>........] - ETA: 4s - loss: 1.5369 - acc: 0.7537
1120/1424 [======================>.......] - ETA: 4s - loss: 1.7492 - acc: 0.7446
1152/1424 [=======================>......] - ETA: 3s - loss: 1.9637 - acc: 0.7352
1184/1424 [=======================>......] - ETA: 3s - loss: 2.2069 - acc: 0.7238
1216/1424 [========================>.....] - ETA: 2s - loss: 2.2692 - acc: 0.7229
1248/1424 [=========================>....] - ETA: 2s - loss: 2.3898 - acc: 0.7188
1280/1424 [=========================>....] - ETA: 1s - loss: 2.4920 - acc: 0.7156
1312/1424 [==========================>...] - ETA: 1s - loss: 2.6378 - acc: 0.7096
1344/1424 [===========================>..] - ETA: 1s - loss: 2.7410 - acc: 0.7061
1376/1424 [===========================>..] - ETA: 0s - loss: 2.8279 - acc: 0.7035
1408/1424 [============================>.] - ETA: 0s - loss: 2.9335 - acc: 0.6996
1424/1424 [==============================] - 22s 16ms/step - loss: 2.9677 - acc: 0.6987 - val_loss: 7.9712 - val_acc: 0.5000
Epoch 6/1000

  32/1424 [..............................] - ETA: 18s - loss: 8.9676 - acc: 0.4375
  64/1424 [>.............................] - ETA: 18s - loss: 7.9712 - acc: 0.5000
  96/1424 [=>............................] - ETA: 18s - loss: 7.8051 - acc: 0.5104
 128/1424 [=>............................] - ETA: 17s - loss: 7.5975 - acc: 0.5234
 160/1424 [==>...........................] - ETA: 17s - loss: 7.6723 - acc: 0.5188
 192/1424 [===>..........................] - ETA: 16s - loss: 7.7221 - acc: 0.5156
 224/1424 [===>..........................] - ETA: 16s - loss: 7.9000 - acc: 0.5045
 256/1424 [====>.........................] - ETA: 15s - loss: 7.9712 - acc: 0.5000
 288/1424 [=====>........................] - ETA: 15s - loss: 8.1926 - acc: 0.4861
 320/1424 [=====>........................] - ETA: 15s - loss: 8.1207 - acc: 0.4906
 352/1424 [======>.......................] - ETA: 14s - loss: 8.2882 - acc: 0.4801
 384/1424 [=======>......................] - ETA: 14s - loss: 8.4279 - acc: 0.4714
 416/1424 [=======>......................] - ETA: 13s - loss: 8.3544 - acc: 0.4760
 448/1424 [========>.....................] - ETA: 13s - loss: 8.0424 - acc: 0.4955
 480/1424 [=========>....................] - ETA: 12s - loss: 7.9712 - acc: 0.5000
 512/1424 [=========>....................] - ETA: 12s - loss: 7.8155 - acc: 0.5098
 544/1424 [==========>...................] - ETA: 11s - loss: 8.0298 - acc: 0.4963
 576/1424 [===========>..................] - ETA: 11s - loss: 8.1649 - acc: 0.4878
 608/1424 [===========>..................] - ETA: 11s - loss: 8.2596 - acc: 0.4819
 640/1424 [============>.................] - ETA: 10s - loss: 8.3448 - acc: 0.4766
 672/1424 [=============>................] - ETA: 10s - loss: 8.2559 - acc: 0.4821
 704/1424 [=============>................] - ETA: 9s - loss: 8.1071 - acc: 0.4915 
 736/1424 [==============>...............] - ETA: 9s - loss: 8.0795 - acc: 0.4932
 768/1424 [===============>..............] - ETA: 8s - loss: 8.0750 - acc: 0.4935
 800/1424 [===============>..............] - ETA: 8s - loss: 7.9712 - acc: 0.5000
 832/1424 [================>.............] - ETA: 8s - loss: 8.0287 - acc: 0.4964
 864/1424 [=================>............] - ETA: 7s - loss: 8.0635 - acc: 0.4942
 896/1424 [=================>............] - ETA: 7s - loss: 8.0424 - acc: 0.4955
 928/1424 [==================>...........] - ETA: 6s - loss: 7.9884 - acc: 0.4989
 960/1424 [===================>..........] - ETA: 6s - loss: 7.9712 - acc: 0.5000
 992/1424 [===================>..........] - ETA: 5s - loss: 7.9712 - acc: 0.5000
1024/1424 [====================>.........] - ETA: 5s - loss: 7.9712 - acc: 0.5000
1056/1424 [=====================>........] - ETA: 5s - loss: 7.8957 - acc: 0.5047
1088/1424 [=====================>........] - ETA: 4s - loss: 7.9272 - acc: 0.5028
1120/1424 [======================>.......] - ETA: 4s - loss: 7.9427 - acc: 0.5018
1152/1424 [=======================>......] - ETA: 3s - loss: 7.9435 - acc: 0.5017
1184/1424 [=======================>......] - ETA: 3s - loss: 7.9308 - acc: 0.5025
1216/1424 [========================>.....] - ETA: 2s - loss: 7.9319 - acc: 0.5025
1248/1424 [=========================>....] - ETA: 2s - loss: 7.9329 - acc: 0.5024
1280/1424 [=========================>....] - ETA: 1s - loss: 7.9463 - acc: 0.5016
1312/1424 [==========================>...] - ETA: 1s - loss: 7.9833 - acc: 0.4992
1344/1424 [===========================>..] - ETA: 1s - loss: 7.9475 - acc: 0.5015
1376/1424 [===========================>..] - ETA: 0s - loss: 7.9248 - acc: 0.5029
1408/1424 [============================>.] - ETA: 0s - loss: 7.9372 - acc: 0.5021
1424/1424 [==============================] - 22s 16ms/step - loss: 7.9712 - acc: 0.5000 - val_loss: 7.9712 - val_acc: 0.5000
Epoch 7/1000

  32/1424 [..............................] - ETA: 18s - loss: 5.9784 - acc: 0.6250
  64/1424 [>.............................] - ETA: 18s - loss: 7.4730 - acc: 0.5312
  96/1424 [=>............................] - ETA: 17s - loss: 7.8051 - acc: 0.5104
 128/1424 [=>............................] - ETA: 17s - loss: 8.2203 - acc: 0.4844
 160/1424 [==>...........................] - ETA: 17s - loss: 8.8680 - acc: 0.4437
 192/1424 [===>..........................] - ETA: 16s - loss: 8.3033 - acc: 0.4792
 224/1424 [===>..........................] - ETA: 16s - loss: 8.3270 - acc: 0.4777
 256/1424 [====>.........................] - ETA: 15s - loss: 8.2203 - acc: 0.4844
 288/1424 [=====>........................] - ETA: 15s - loss: 8.1926 - acc: 0.4861
 320/1424 [=====>........................] - ETA: 14s - loss: 8.5192 - acc: 0.4656
 352/1424 [======>.......................] - ETA: 14s - loss: 8.4241 - acc: 0.4716
 384/1424 [=======>......................] - ETA: 14s - loss: 8.2618 - acc: 0.4818
 416/1424 [=======>......................] - ETA: 13s - loss: 8.2395 - acc: 0.4832
 448/1424 [========>.....................] - ETA: 13s - loss: 8.2559 - acc: 0.4821
 480/1424 [=========>....................] - ETA: 12s - loss: 8.1705 - acc: 0.4875
 512/1424 [=========>....................] - ETA: 12s - loss: 8.0646 - acc: 0.4941
 544/1424 [==========>...................] - ETA: 11s - loss: 8.0884 - acc: 0.4926
 576/1424 [===========>..................] - ETA: 11s - loss: 8.1649 - acc: 0.4878
 608/1424 [===========>..................] - ETA: 11s - loss: 8.2858 - acc: 0.4803
 640/1424 [============>.................] - ETA: 10s - loss: 8.3448 - acc: 0.4766
 672/1424 [=============>................] - ETA: 10s - loss: 8.3982 - acc: 0.4732
 704/1424 [=============>................] - ETA: 9s - loss: 8.3788 - acc: 0.4744 
 736/1424 [==============>...............] - ETA: 9s - loss: 8.3178 - acc: 0.4783
 768/1424 [===============>..............] - ETA: 8s - loss: 8.2411 - acc: 0.4831
 800/1424 [===============>..............] - ETA: 8s - loss: 8.1505 - acc: 0.4888
 832/1424 [================>.............] - ETA: 8s - loss: 8.2203 - acc: 0.4844
 864/1424 [=================>............] - ETA: 7s - loss: 8.2111 - acc: 0.4850
 896/1424 [=================>............] - ETA: 7s - loss: 8.1847 - acc: 0.4866
 928/1424 [==================>...........] - ETA: 6s - loss: 8.1258 - acc: 0.4903
 960/1424 [===================>..........] - ETA: 6s - loss: 8.0542 - acc: 0.4948
 992/1424 [===================>..........] - ETA: 5s - loss: 8.0515 - acc: 0.4950
1024/1424 [====================>.........] - ETA: 5s - loss: 8.0646 - acc: 0.4941
1056/1424 [=====================>........] - ETA: 4s - loss: 8.0014 - acc: 0.4981
1088/1424 [=====================>........] - ETA: 4s - loss: 7.9858 - acc: 0.4991
1120/1424 [======================>.......] - ETA: 4s - loss: 8.0281 - acc: 0.4964
1152/1424 [=======================>......] - ETA: 3s - loss: 8.0404 - acc: 0.4957
1184/1424 [=======================>......] - ETA: 3s - loss: 8.0116 - acc: 0.4975
1216/1424 [========================>.....] - ETA: 2s - loss: 8.0105 - acc: 0.4975
1248/1424 [=========================>....] - ETA: 2s - loss: 8.0223 - acc: 0.4968
1280/1424 [=========================>....] - ETA: 1s - loss: 7.9961 - acc: 0.4984
1312/1424 [==========================>...] - ETA: 1s - loss: 8.0563 - acc: 0.4947
1344/1424 [===========================>..] - ETA: 1s - loss: 8.0424 - acc: 0.4955
1376/1424 [===========================>..] - ETA: 0s - loss: 7.9944 - acc: 0.4985
1408/1424 [============================>.] - ETA: 0s - loss: 7.9712 - acc: 0.5000
1424/1424 [==============================] - 22s 16ms/step - loss: 7.9712 - acc: 0.5000 - val_loss: 7.9712 - val_acc: 0.5000
Epoch 8/1000

  32/1424 [..............................] - ETA: 18s - loss: 7.9712 - acc: 0.5000
  64/1424 [>.............................] - ETA: 18s - loss: 9.2167 - acc: 0.4219
  96/1424 [=>............................] - ETA: 18s - loss: 9.2997 - acc: 0.4167
 128/1424 [=>............................] - ETA: 17s - loss: 8.7185 - acc: 0.4531
 160/1424 [==>...........................] - ETA: 17s - loss: 8.4694 - acc: 0.4688
 192/1424 [===>..........................] - ETA: 16s - loss: 8.1373 - acc: 0.4896
 224/1424 [===>..........................] - ETA: 16s - loss: 8.1135 - acc: 0.4911
 256/1424 [====>.........................] - ETA: 15s - loss: 8.2826 - acc: 0.4805
 288/1424 [=====>........................] - ETA: 15s - loss: 8.3033 - acc: 0.4792
 320/1424 [=====>........................] - ETA: 15s - loss: 8.4196 - acc: 0.4719
 352/1424 [======>.......................] - ETA: 14s - loss: 8.3335 - acc: 0.4773
 384/1424 [=======>......................] - ETA: 14s - loss: 8.2203 - acc: 0.4844
 416/1424 [=======>......................] - ETA: 13s - loss: 8.1628 - acc: 0.4880
 448/1424 [========>.....................] - ETA: 13s - loss: 8.4338 - acc: 0.4710
 480/1424 [=========>....................] - ETA: 12s - loss: 8.3698 - acc: 0.4750
 512/1424 [=========>....................] - ETA: 12s - loss: 8.2826 - acc: 0.4805
 544/1424 [==========>...................] - ETA: 11s - loss: 8.2643 - acc: 0.4816
 576/1424 [===========>..................] - ETA: 11s - loss: 8.2480 - acc: 0.4826
 608/1424 [===========>..................] - ETA: 11s - loss: 8.3383 - acc: 0.4770
 640/1424 [============>.................] - ETA: 10s - loss: 8.2950 - acc: 0.4797
 672/1424 [=============>................] - ETA: 10s - loss: 8.3033 - acc: 0.4792
 704/1424 [=============>................] - ETA: 9s - loss: 8.2882 - acc: 0.4801 
 736/1424 [==============>...............] - ETA: 9s - loss: 8.2095 - acc: 0.4851
 768/1424 [===============>..............] - ETA: 8s - loss: 8.1580 - acc: 0.4883
 800/1424 [===============>..............] - ETA: 8s - loss: 8.2103 - acc: 0.4850
 832/1424 [================>.............] - ETA: 8s - loss: 8.2203 - acc: 0.4844
 864/1424 [=================>............] - ETA: 7s - loss: 8.2480 - acc: 0.4826
 896/1424 [=================>............] - ETA: 7s - loss: 8.2025 - acc: 0.4855
 928/1424 [==================>...........] - ETA: 6s - loss: 8.1773 - acc: 0.4871
 960/1424 [===================>..........] - ETA: 6s - loss: 8.1871 - acc: 0.4865
 992/1424 [===================>..........] - ETA: 5s - loss: 8.1640 - acc: 0.4879
1024/1424 [====================>.........] - ETA: 5s - loss: 8.1580 - acc: 0.4883
1056/1424 [=====================>........] - ETA: 5s - loss: 8.1675 - acc: 0.4877
1088/1424 [=====================>........] - ETA: 4s - loss: 8.1470 - acc: 0.4890
1120/1424 [======================>.......] - ETA: 4s - loss: 8.0566 - acc: 0.4946
1152/1424 [=======================>......] - ETA: 3s - loss: 8.0265 - acc: 0.4965
1184/1424 [=======================>......] - ETA: 3s - loss: 7.9981 - acc: 0.4983
1216/1424 [========================>.....] - ETA: 2s - loss: 7.9581 - acc: 0.5008
1248/1424 [=========================>....] - ETA: 2s - loss: 7.9201 - acc: 0.5032
1280/1424 [=========================>....] - ETA: 1s - loss: 7.9463 - acc: 0.5016
1312/1424 [==========================>...] - ETA: 1s - loss: 7.9347 - acc: 0.5023
1344/1424 [===========================>..] - ETA: 1s - loss: 7.9475 - acc: 0.5015
1376/1424 [===========================>..] - ETA: 0s - loss: 7.9480 - acc: 0.5015
1408/1424 [============================>.] - ETA: 0s - loss: 7.9599 - acc: 0.5007
1424/1424 [==============================] - 22s 16ms/step - loss: 7.9712 - acc: 0.5000 - val_loss: 7.9712 - val_acc: 0.5000
Epoch 9/1000

  32/1424 [..............................] - ETA: 18s - loss: 10.9604 - acc: 0.3125
  64/1424 [>.............................] - ETA: 18s - loss: 9.2167 - acc: 0.4219 
  96/1424 [=>............................] - ETA: 17s - loss: 8.3033 - acc: 0.4792
 128/1424 [=>............................] - ETA: 17s - loss: 8.3448 - acc: 0.4766
 160/1424 [==>...........................] - ETA: 17s - loss: 7.7719 - acc: 0.5125
 192/1424 [===>..........................] - ETA: 16s - loss: 7.9712 - acc: 0.5000
 224/1424 [===>..........................] - ETA: 16s - loss: 8.0424 - acc: 0.4955
 256/1424 [====>.........................] - ETA: 15s - loss: 7.9089 - acc: 0.5039
 288/1424 [=====>........................] - ETA: 15s - loss: 7.8051 - acc: 0.5104
 320/1424 [=====>........................] - ETA: 15s - loss: 7.7719 - acc: 0.5125
 352/1424 [======>.......................] - ETA: 14s - loss: 8.0165 - acc: 0.4972
 384/1424 [=======>......................] - ETA: 14s - loss: 7.8882 - acc: 0.5052
 416/1424 [=======>......................] - ETA: 13s - loss: 7.7796 - acc: 0.5120
 448/1424 [========>.....................] - ETA: 13s - loss: 7.7933 - acc: 0.5112
 480/1424 [=========>....................] - ETA: 12s - loss: 7.6723 - acc: 0.5188
 512/1424 [=========>....................] - ETA: 12s - loss: 7.8155 - acc: 0.5098
 544/1424 [==========>...................] - ETA: 11s - loss: 7.9419 - acc: 0.5018
 576/1424 [===========>..................] - ETA: 11s - loss: 8.0542 - acc: 0.4948
 608/1424 [===========>..................] - ETA: 11s - loss: 8.1023 - acc: 0.4918
 640/1424 [============>.................] - ETA: 10s - loss: 8.0957 - acc: 0.4922
 672/1424 [=============>................] - ETA: 10s - loss: 8.0661 - acc: 0.4940
 704/1424 [=============>................] - ETA: 9s - loss: 8.0844 - acc: 0.4929 
 736/1424 [==============>...............] - ETA: 9s - loss: 8.0362 - acc: 0.4959
 768/1424 [===============>..............] - ETA: 8s - loss: 8.0542 - acc: 0.4948
 800/1424 [===============>..............] - ETA: 8s - loss: 8.0908 - acc: 0.4925
 832/1424 [================>.............] - ETA: 8s - loss: 8.0095 - acc: 0.4976
 864/1424 [=================>............] - ETA: 7s - loss: 8.0265 - acc: 0.4965
 896/1424 [=================>............] - ETA: 7s - loss: 7.9890 - acc: 0.4989
 928/1424 [==================>...........] - ETA: 6s - loss: 7.9712 - acc: 0.5000
 960/1424 [===================>..........] - ETA: 6s - loss: 7.9712 - acc: 0.5000
 992/1424 [===================>..........] - ETA: 5s - loss: 7.9873 - acc: 0.4990
1024/1424 [====================>.........] - ETA: 5s - loss: 7.9712 - acc: 0.5000
1056/1424 [=====================>........] - ETA: 5s - loss: 8.0165 - acc: 0.4972
1088/1424 [=====================>........] - ETA: 4s - loss: 8.0005 - acc: 0.4982
1120/1424 [======================>.......] - ETA: 4s - loss: 8.0281 - acc: 0.4964
1152/1424 [=======================>......] - ETA: 3s - loss: 8.0404 - acc: 0.4957
1184/1424 [=======================>......] - ETA: 3s - loss: 8.0385 - acc: 0.4958
1216/1424 [========================>.....] - ETA: 2s - loss: 8.0236 - acc: 0.4967
1248/1424 [=========================>....] - ETA: 2s - loss: 8.0734 - acc: 0.4936
1280/1424 [=========================>....] - ETA: 1s - loss: 8.0708 - acc: 0.4938
1312/1424 [==========================>...] - ETA: 1s - loss: 8.1049 - acc: 0.4916
1344/1424 [===========================>..] - ETA: 1s - loss: 8.0779 - acc: 0.4933
1376/1424 [===========================>..] - ETA: 0s - loss: 8.0523 - acc: 0.4949
1408/1424 [============================>.] - ETA: 0s - loss: 7.9599 - acc: 0.5007
1424/1424 [==============================] - 22s 16ms/step - loss: 7.9712 - acc: 0.5000 - val_loss: 7.9712 - val_acc: 0.5000
Epoch 10/1000

  32/1424 [..............................] - ETA: 18s - loss: 6.9748 - acc: 0.5625
  64/1424 [>.............................] - ETA: 18s - loss: 6.4766 - acc: 0.5938
  96/1424 [=>............................] - ETA: 17s - loss: 7.3069 - acc: 0.5417
 128/1424 [=>............................] - ETA: 17s - loss: 7.7221 - acc: 0.5156
 160/1424 [==>...........................] - ETA: 17s - loss: 8.1705 - acc: 0.4875
 192/1424 [===>..........................] - ETA: 16s - loss: 7.9712 - acc: 0.5000
 224/1424 [===>..........................] - ETA: 16s - loss: 8.0424 - acc: 0.4955
 256/1424 [====>.........................] - ETA: 15s - loss: 7.8466 - acc: 0.5078
 288/1424 [=====>........................] - ETA: 15s - loss: 7.8051 - acc: 0.5104
 320/1424 [=====>........................] - ETA: 15s - loss: 7.8716 - acc: 0.5062
 352/1424 [======>.......................] - ETA: 14s - loss: 7.9712 - acc: 0.5000
 384/1424 [=======>......................] - ETA: 14s - loss: 7.8051 - acc: 0.5104
 416/1424 [=======>......................] - ETA: 13s - loss: 8.0862 - acc: 0.4928
 448/1424 [========>.....................] - ETA: 13s - loss: 8.0068 - acc: 0.4978
 480/1424 [=========>....................] - ETA: 12s - loss: 8.0376 - acc: 0.4958
 512/1424 [=========>....................] - ETA: 12s - loss: 8.0023 - acc: 0.4980
 544/1424 [==========>...................] - ETA: 11s - loss: 8.1470 - acc: 0.4890
 576/1424 [===========>..................] - ETA: 11s - loss: 8.1373 - acc: 0.4896
 608/1424 [===========>..................] - ETA: 11s - loss: 8.1810 - acc: 0.4868
 640/1424 [============>.................] - ETA: 10s - loss: 8.2452 - acc: 0.4828
 672/1424 [=============>................] - ETA: 10s - loss: 8.2559 - acc: 0.4821
 704/1424 [=============>................] - ETA: 9s - loss: 8.3335 - acc: 0.4773 
 736/1424 [==============>...............] - ETA: 9s - loss: 8.3178 - acc: 0.4783
 768/1424 [===============>..............] - ETA: 8s - loss: 8.3448 - acc: 0.4766
 800/1424 [===============>..............] - ETA: 8s - loss: 8.3698 - acc: 0.4750
 832/1424 [================>.............] - ETA: 8s - loss: 8.2395 - acc: 0.4832
 864/1424 [=================>............] - ETA: 7s - loss: 8.2480 - acc: 0.4826
 896/1424 [=================>............] - ETA: 7s - loss: 8.3093 - acc: 0.4788
 928/1424 [==================>...........] - ETA: 6s - loss: 8.2804 - acc: 0.4806
 960/1424 [===================>..........] - ETA: 6s - loss: 8.2369 - acc: 0.4833
 992/1424 [===================>..........] - ETA: 5s - loss: 8.2605 - acc: 0.4819
1024/1424 [====================>.........] - ETA: 5s - loss: 8.1892 - acc: 0.4863
1056/1424 [=====================>........] - ETA: 5s - loss: 8.2278 - acc: 0.4839
1088/1424 [=====================>........] - ETA: 4s - loss: 8.1910 - acc: 0.4862
1120/1424 [======================>.......] - ETA: 4s - loss: 8.1989 - acc: 0.4857
1152/1424 [=======================>......] - ETA: 3s - loss: 8.1649 - acc: 0.4878
1184/1424 [=======================>......] - ETA: 3s - loss: 8.1732 - acc: 0.4873
1216/1424 [========================>.....] - ETA: 2s - loss: 8.1547 - acc: 0.4885
1248/1424 [=========================>....] - ETA: 2s - loss: 8.2011 - acc: 0.4856
1280/1424 [=========================>....] - ETA: 1s - loss: 8.1207 - acc: 0.4906
1312/1424 [==========================>...] - ETA: 1s - loss: 8.1413 - acc: 0.4893
1344/1424 [===========================>..] - ETA: 1s - loss: 8.0898 - acc: 0.4926
1376/1424 [===========================>..] - ETA: 0s - loss: 8.0523 - acc: 0.4949
1408/1424 [============================>.] - ETA: 0s - loss: 8.0165 - acc: 0.4972
1424/1424 [==============================] - 22s 16ms/step - loss: 7.9712 - acc: 0.5000 - val_loss: 7.9712 - val_acc: 0.5000
Epoch 11/1000

  32/1424 [..............................] - ETA: 19s - loss: 5.4802 - acc: 0.6562
  64/1424 [>.............................] - ETA: 18s - loss: 6.4766 - acc: 0.5938
  96/1424 [=>............................] - ETA: 18s - loss: 6.8087 - acc: 0.5729
 128/1424 [=>............................] - ETA: 17s - loss: 6.8502 - acc: 0.5703
 160/1424 [==>...........................] - ETA: 17s - loss: 6.6759 - acc: 0.5813
 192/1424 [===>..........................] - ETA: 16s - loss: 7.0578 - acc: 0.5573
 224/1424 [===>..........................] - ETA: 16s - loss: 7.2595 - acc: 0.5446
 256/1424 [====>.........................] - ETA: 15s - loss: 7.1616 - acc: 0.5508
 288/1424 [=====>........................] - ETA: 15s - loss: 7.0855 - acc: 0.5556
 320/1424 [=====>........................] - ETA: 15s - loss: 7.3734 - acc: 0.5375
 352/1424 [======>.......................] - ETA: 14s - loss: 7.3824 - acc: 0.5369
 384/1424 [=======>......................] - ETA: 14s - loss: 7.5145 - acc: 0.5286
 416/1424 [=======>......................] - ETA: 13s - loss: 7.7029 - acc: 0.5168
 448/1424 [========>.....................] - ETA: 13s - loss: 7.6509 - acc: 0.5201
 480/1424 [=========>....................] - ETA: 12s - loss: 7.8051 - acc: 0.5104
 512/1424 [=========>....................] - ETA: 12s - loss: 7.7532 - acc: 0.5137
 544/1424 [==========>...................] - ETA: 11s - loss: 7.7367 - acc: 0.5147
 576/1424 [===========>..................] - ETA: 11s - loss: 7.8051 - acc: 0.5104
 608/1424 [===========>..................] - ETA: 11s - loss: 7.8139 - acc: 0.5099
 640/1424 [============>.................] - ETA: 10s - loss: 7.7221 - acc: 0.5156
 672/1424 [=============>................] - ETA: 10s - loss: 7.8051 - acc: 0.5104
 704/1424 [=============>................] - ETA: 9s - loss: 7.7900 - acc: 0.5114 
 736/1424 [==============>...............] - ETA: 9s - loss: 7.7979 - acc: 0.5109
 768/1424 [===============>..............] - ETA: 8s - loss: 7.7429 - acc: 0.5143
 800/1424 [===============>..............] - ETA: 8s - loss: 7.7321 - acc: 0.5150
 832/1424 [================>.............] - ETA: 8s - loss: 7.7221 - acc: 0.5156
 864/1424 [=================>............] - ETA: 7s - loss: 7.7682 - acc: 0.5127
 896/1424 [=================>............] - ETA: 7s - loss: 7.7577 - acc: 0.5134
 928/1424 [==================>...........] - ETA: 6s - loss: 7.7994 - acc: 0.5108
 960/1424 [===================>..........] - ETA: 6s - loss: 7.8383 - acc: 0.5083
 992/1424 [===================>..........] - ETA: 5s - loss: 7.8908 - acc: 0.5050
1024/1424 [====================>.........] - ETA: 5s - loss: 7.8933 - acc: 0.5049
1056/1424 [=====================>........] - ETA: 5s - loss: 7.8504 - acc: 0.5076
1088/1424 [=====================>........] - ETA: 4s - loss: 7.9126 - acc: 0.5037
1120/1424 [======================>.......] - ETA: 4s - loss: 7.9427 - acc: 0.5018
1152/1424 [=======================>......] - ETA: 3s - loss: 7.9435 - acc: 0.5017
1184/1424 [=======================>......] - ETA: 3s - loss: 7.9577 - acc: 0.5008
1216/1424 [========================>.....] - ETA: 2s - loss: 7.9712 - acc: 0.5000
1248/1424 [=========================>....] - ETA: 2s - loss: 7.9712 - acc: 0.5000
1280/1424 [=========================>....] - ETA: 1s - loss: 7.9587 - acc: 0.5008
1312/1424 [==========================>...] - ETA: 1s - loss: 7.9955 - acc: 0.4985
1344/1424 [===========================>..] - ETA: 1s - loss: 7.9593 - acc: 0.5007
1376/1424 [===========================>..] - ETA: 0s - loss: 8.0060 - acc: 0.4978
1408/1424 [============================>.] - ETA: 0s - loss: 7.9485 - acc: 0.5014
1424/1424 [==============================] - 22s 16ms/step - loss: 7.9712 - acc: 0.5000 - val_loss: 7.9712 - val_acc: 0.5000
Epoch 12/1000

  32/1424 [..............................] - ETA: 19s - loss: 7.9712 - acc: 0.5000
  64/1424 [>.............................] - ETA: 18s - loss: 8.7185 - acc: 0.4531
  96/1424 [=>............................] - ETA: 18s - loss: 8.8015 - acc: 0.4479
 128/1424 [=>............................] - ETA: 17s - loss: 8.8430 - acc: 0.4453
 160/1424 [==>...........................] - ETA: 17s - loss: 8.2701 - acc: 0.4813
 192/1424 [===>..........................] - ETA: 16s - loss: 8.4694 - acc: 0.4688
 224/1424 [===>..........................] - ETA: 16s - loss: 8.7541 - acc: 0.4509
 256/1424 [====>.........................] - ETA: 15s - loss: 8.8430 - acc: 0.4453
 288/1424 [=====>........................] - ETA: 15s - loss: 8.8015 - acc: 0.4479
 320/1424 [=====>........................] - ETA: 15s - loss: 8.6687 - acc: 0.4562
 352/1424 [======>.......................] - ETA: 14s - loss: 8.7411 - acc: 0.4517
 384/1424 [=======>......................] - ETA: 14s - loss: 8.7600 - acc: 0.4505
 416/1424 [=======>......................] - ETA: 13s - loss: 8.6610 - acc: 0.4567
 448/1424 [========>.....................] - ETA: 13s - loss: 8.6117 - acc: 0.4598
 480/1424 [=========>....................] - ETA: 12s - loss: 8.5026 - acc: 0.4667
 512/1424 [=========>....................] - ETA: 12s - loss: 8.5628 - acc: 0.4629
 544/1424 [==========>...................] - ETA: 11s - loss: 8.3522 - acc: 0.4761
 576/1424 [===========>..................] - ETA: 11s - loss: 8.2756 - acc: 0.4809
 608/1424 [===========>..................] - ETA: 11s - loss: 8.3645 - acc: 0.4753
 640/1424 [============>.................] - ETA: 10s - loss: 8.3947 - acc: 0.4734
 672/1424 [=============>................] - ETA: 10s - loss: 8.1847 - acc: 0.4866
 704/1424 [=============>................] - ETA: 9s - loss: 8.1750 - acc: 0.4872 
 736/1424 [==============>...............] - ETA: 9s - loss: 8.1878 - acc: 0.4864
 768/1424 [===============>..............] - ETA: 8s - loss: 8.1580 - acc: 0.4883
 800/1424 [===============>..............] - ETA: 8s - loss: 8.0708 - acc: 0.4938
 832/1424 [================>.............] - ETA: 8s - loss: 8.0478 - acc: 0.4952
 864/1424 [=================>............] - ETA: 7s - loss: 8.0450 - acc: 0.4954
 896/1424 [=================>............] - ETA: 7s - loss: 8.0424 - acc: 0.4955
 928/1424 [==================>...........] - ETA: 6s - loss: 7.9712 - acc: 0.5000
 960/1424 [===================>..........] - ETA: 6s - loss: 8.0708 - acc: 0.4938
 992/1424 [===================>..........] - ETA: 5s - loss: 8.0194 - acc: 0.4970
1024/1424 [====================>.........] - ETA: 5s - loss: 8.0646 - acc: 0.4941
1056/1424 [=====================>........] - ETA: 5s - loss: 8.0618 - acc: 0.4943
1088/1424 [=====================>........] - ETA: 4s - loss: 7.9858 - acc: 0.4991
1120/1424 [======================>.......] - ETA: 4s - loss: 7.9712 - acc: 0.5000
1152/1424 [=======================>......] - ETA: 3s - loss: 7.9712 - acc: 0.5000
1184/1424 [=======================>......] - ETA: 3s - loss: 7.9443 - acc: 0.5017
1216/1424 [========================>.....] - ETA: 2s - loss: 7.9188 - acc: 0.5033
1248/1424 [=========================>....] - ETA: 2s - loss: 7.9329 - acc: 0.5024
1280/1424 [=========================>....] - ETA: 1s - loss: 7.9214 - acc: 0.5031
1312/1424 [==========================>...] - ETA: 1s - loss: 7.9104 - acc: 0.5038
1344/1424 [===========================>..] - ETA: 1s - loss: 7.9237 - acc: 0.5030
1376/1424 [===========================>..] - ETA: 0s - loss: 7.8901 - acc: 0.5051
1408/1424 [============================>.] - ETA: 0s - loss: 7.9259 - acc: 0.5028
1424/1424 [==============================] - 22s 16ms/step - loss: 7.9712 - acc: 0.5000 - val_loss: 7.9712 - val_acc: 0.5000
Epoch 13/1000

  32/1424 [..............................] - ETA: 18s - loss: 7.9712 - acc: 0.5000
  64/1424 [>.............................] - ETA: 18s - loss: 8.2203 - acc: 0.4844
  96/1424 [=>............................] - ETA: 18s - loss: 7.9712 - acc: 0.5000
 128/1424 [=>............................] - ETA: 17s - loss: 7.5975 - acc: 0.5234
 160/1424 [==>...........................] - ETA: 17s - loss: 7.3734 - acc: 0.5375
 192/1424 [===>..........................] - ETA: 16s - loss: 7.4730 - acc: 0.5312
 224/1424 [===>..........................] - ETA: 16s - loss: 7.6153 - acc: 0.5223
 256/1424 [====>.........................] - ETA: 15s - loss: 7.8466 - acc: 0.5078
 288/1424 [=====>........................] - ETA: 15s - loss: 7.9712 - acc: 0.5000
 320/1424 [=====>........................] - ETA: 15s - loss: 7.8716 - acc: 0.5062
 352/1424 [======>.......................] - ETA: 14s - loss: 7.8806 - acc: 0.5057
 384/1424 [=======>......................] - ETA: 14s - loss: 7.9712 - acc: 0.5000
 416/1424 [=======>......................] - ETA: 13s - loss: 7.9329 - acc: 0.5024
 448/1424 [========>.....................] - ETA: 13s - loss: 7.9000 - acc: 0.5045
 480/1424 [=========>....................] - ETA: 12s - loss: 7.8051 - acc: 0.5104
 512/1424 [=========>....................] - ETA: 12s - loss: 7.6598 - acc: 0.5195
 544/1424 [==========>...................] - ETA: 11s - loss: 7.6488 - acc: 0.5202
 576/1424 [===========>..................] - ETA: 11s - loss: 7.6114 - acc: 0.5226
 608/1424 [===========>..................] - ETA: 11s - loss: 7.7614 - acc: 0.5132
 640/1424 [============>.................] - ETA: 10s - loss: 7.8217 - acc: 0.5094
 672/1424 [=============>................] - ETA: 10s - loss: 7.8051 - acc: 0.5104
 704/1424 [=============>................] - ETA: 9s - loss: 7.8353 - acc: 0.5085 
 736/1424 [==============>...............] - ETA: 9s - loss: 7.9062 - acc: 0.5041
 768/1424 [===============>..............] - ETA: 8s - loss: 7.8882 - acc: 0.5052
 800/1424 [===============>..............] - ETA: 8s - loss: 7.9114 - acc: 0.5038
 832/1424 [================>.............] - ETA: 8s - loss: 8.0095 - acc: 0.4976
 864/1424 [=================>............] - ETA: 7s - loss: 7.8974 - acc: 0.5046
 896/1424 [=================>............] - ETA: 7s - loss: 7.9534 - acc: 0.5011
 928/1424 [==================>...........] - ETA: 6s - loss: 7.9197 - acc: 0.5032
 960/1424 [===================>..........] - ETA: 6s - loss: 7.9048 - acc: 0.5042
 992/1424 [===================>..........] - ETA: 5s - loss: 7.9391 - acc: 0.5020
1024/1424 [====================>.........] - ETA: 5s - loss: 7.8778 - acc: 0.5059
1056/1424 [=====================>........] - ETA: 5s - loss: 7.8655 - acc: 0.5066
1088/1424 [=====================>........] - ETA: 4s - loss: 7.8247 - acc: 0.5092
1120/1424 [======================>.......] - ETA: 4s - loss: 7.8431 - acc: 0.5080
1152/1424 [=======================>......] - ETA: 3s - loss: 7.8743 - acc: 0.5061
1184/1424 [=======================>......] - ETA: 3s - loss: 7.9443 - acc: 0.5017
1216/1424 [========================>.....] - ETA: 2s - loss: 7.9056 - acc: 0.5041
1248/1424 [=========================>....] - ETA: 2s - loss: 7.8945 - acc: 0.5048
1280/1424 [=========================>....] - ETA: 1s - loss: 7.8591 - acc: 0.5070
1312/1424 [==========================>...] - ETA: 1s - loss: 7.8861 - acc: 0.5053
1344/1424 [===========================>..] - ETA: 1s - loss: 7.9000 - acc: 0.5045
1376/1424 [===========================>..] - ETA: 0s - loss: 7.9480 - acc: 0.5015
1408/1424 [============================>.] - ETA: 0s - loss: 7.9712 - acc: 0.5000
1424/1424 [==============================] - 22s 16ms/step - loss: 7.9712 - acc: 0.5000 - val_loss: 7.9712 - val_acc: 0.5000
Epoch 14/1000

  32/1424 [..............................] - ETA: 18s - loss: 8.9676 - acc: 0.4375
  64/1424 [>.............................] - ETA: 18s - loss: 8.4694 - acc: 0.4688
  96/1424 [=>............................] - ETA: 18s - loss: 8.4694 - acc: 0.4688
 128/1424 [=>............................] - ETA: 17s - loss: 8.2203 - acc: 0.4844
 160/1424 [==>...........................] - ETA: 17s - loss: 7.8716 - acc: 0.5062
 192/1424 [===>..........................] - ETA: 16s - loss: 7.8882 - acc: 0.5052
 224/1424 [===>..........................] - ETA: 16s - loss: 7.8289 - acc: 0.5089
 256/1424 [====>.........................] - ETA: 15s - loss: 7.7221 - acc: 0.5156
 288/1424 [=====>........................] - ETA: 15s - loss: 7.6944 - acc: 0.5174
 320/1424 [=====>........................] - ETA: 14s - loss: 7.7221 - acc: 0.5156
 352/1424 [======>.......................] - ETA: 14s - loss: 7.8353 - acc: 0.5085
 384/1424 [=======>......................] - ETA: 14s - loss: 8.0127 - acc: 0.4974
 416/1424 [=======>......................] - ETA: 13s - loss: 7.9712 - acc: 0.5000
 448/1424 [========>.....................] - ETA: 13s - loss: 7.9356 - acc: 0.5022
 480/1424 [=========>....................] - ETA: 12s - loss: 8.0708 - acc: 0.4938
 512/1424 [=========>....................] - ETA: 12s - loss: 7.9712 - acc: 0.5000
 544/1424 [==========>...................] - ETA: 11s - loss: 7.9126 - acc: 0.5037
 576/1424 [===========>..................] - ETA: 11s - loss: 7.8605 - acc: 0.5069
 608/1424 [===========>..................] - ETA: 11s - loss: 7.9188 - acc: 0.5033
 640/1424 [============>.................] - ETA: 10s - loss: 7.9961 - acc: 0.4984
 672/1424 [=============>................] - ETA: 10s - loss: 7.9237 - acc: 0.5030
 704/1424 [=============>................] - ETA: 9s - loss: 7.9033 - acc: 0.5043 
 736/1424 [==============>...............] - ETA: 9s - loss: 7.9279 - acc: 0.5027
 768/1424 [===============>..............] - ETA: 8s - loss: 7.9712 - acc: 0.5000
 800/1424 [===============>..............] - ETA: 8s - loss: 7.9712 - acc: 0.5000
 832/1424 [================>.............] - ETA: 8s - loss: 7.9137 - acc: 0.5036
 864/1424 [=================>............] - ETA: 7s - loss: 7.9343 - acc: 0.5023
 896/1424 [=================>............] - ETA: 7s - loss: 7.8822 - acc: 0.5056
 928/1424 [==================>...........] - ETA: 6s - loss: 7.9368 - acc: 0.5022
 960/1424 [===================>..........] - ETA: 6s - loss: 7.9546 - acc: 0.5010
 992/1424 [===================>..........] - ETA: 5s - loss: 7.9230 - acc: 0.5030
1024/1424 [====================>.........] - ETA: 5s - loss: 8.0023 - acc: 0.4980
1056/1424 [=====================>........] - ETA: 5s - loss: 8.0316 - acc: 0.4962
1088/1424 [=====================>........] - ETA: 4s - loss: 8.1031 - acc: 0.4917
1120/1424 [======================>.......] - ETA: 4s - loss: 8.1135 - acc: 0.4911
1152/1424 [=======================>......] - ETA: 3s - loss: 7.9850 - acc: 0.4991
1184/1424 [=======================>......] - ETA: 3s - loss: 7.9712 - acc: 0.5000
1216/1424 [========================>.....] - ETA: 2s - loss: 7.9974 - acc: 0.4984
1248/1424 [=========================>....] - ETA: 2s - loss: 7.9967 - acc: 0.4984
1280/1424 [=========================>....] - ETA: 1s - loss: 8.0210 - acc: 0.4969
1312/1424 [==========================>...] - ETA: 1s - loss: 7.9833 - acc: 0.4992
1344/1424 [===========================>..] - ETA: 1s - loss: 7.9831 - acc: 0.4993
1376/1424 [===========================>..] - ETA: 0s - loss: 7.9828 - acc: 0.4993
1408/1424 [============================>.] - ETA: 0s - loss: 7.9825 - acc: 0.4993
1424/1424 [==============================] - 22s 16ms/step - loss: 7.9712 - acc: 0.5000 - val_loss: 7.9712 - val_acc: 0.5000

  32/1424 [..............................] - ETA: 5s
  64/1424 [>.............................] - ETA: 4s
  96/1424 [=>............................] - ETA: 4s
 128/1424 [=>............................] - ETA: 4s
 160/1424 [==>...........................] - ETA: 4s
 192/1424 [===>..........................] - ETA: 4s
 224/1424 [===>..........................] - ETA: 4s
 256/1424 [====>.........................] - ETA: 4s
 288/1424 [=====>........................] - ETA: 4s
 320/1424 [=====>........................] - ETA: 4s
 352/1424 [======>.......................] - ETA: 3s
 384/1424 [=======>......................] - ETA: 3s
 416/1424 [=======>......................] - ETA: 3s
 448/1424 [========>.....................] - ETA: 3s
 480/1424 [=========>....................] - ETA: 3s
 512/1424 [=========>....................] - ETA: 3s
 544/1424 [==========>...................] - ETA: 3s
 576/1424 [===========>..................] - ETA: 3s
 608/1424 [===========>..................] - ETA: 2s
 640/1424 [============>.................] - ETA: 2s
 672/1424 [=============>................] - ETA: 2s
 704/1424 [=============>................] - ETA: 2s
 736/1424 [==============>...............] - ETA: 2s
 768/1424 [===============>..............] - ETA: 2s
 800/1424 [===============>..............] - ETA: 2s
 832/1424 [================>.............] - ETA: 2s
 864/1424 [=================>............] - ETA: 2s
 896/1424 [=================>............] - ETA: 1s
 928/1424 [==================>...........] - ETA: 1s
 960/1424 [===================>..........] - ETA: 1s
 992/1424 [===================>..........] - ETA: 1s
1024/1424 [====================>.........] - ETA: 1s
1056/1424 [=====================>........] - ETA: 1s
1088/1424 [=====================>........] - ETA: 1s
1120/1424 [======================>.......] - ETA: 1s
1152/1424 [=======================>......] - ETA: 0s
1184/1424 [=======================>......] - ETA: 0s
1216/1424 [========================>.....] - ETA: 0s
1248/1424 [=========================>....] - ETA: 0s
1280/1424 [=========================>....] - ETA: 0s
1312/1424 [==========================>...] - ETA: 0s
1344/1424 [===========================>..] - ETA: 0s
1376/1424 [===========================>..] - ETA: 0s
1408/1424 [============================>.] - ETA: 0s
1424/1424 [==============================] - 5s 4ms/step
Test acc: 0.8012640449438202
Test auc: 0.908909070824391
Test mcc: 0.6280749223836478
Execute epoch: 14
Execute time: 317.34063363075256
