_________________________________________________________________
Layer (type)                 Output Shape              Param #   
=================================================================
embedding_1 (Embedding)      (None, None, 128)         2688      
_________________________________________________________________
lstm_1 (LSTM)                (None, None, 64)          49408     
_________________________________________________________________
lstm_2 (LSTM)                (None, None, 64)          33024     
_________________________________________________________________
lstm_3 (LSTM)                (None, 64)                33024     
_________________________________________________________________
dense_1 (Dense)              (None, 16)                1040      
_________________________________________________________________
dense_2 (Dense)              (None, 1)                 17        
=================================================================
Total params: 119,201
Trainable params: 119,201
Non-trainable params: 0
_________________________________________________________________
Train on 1424 samples, validate on 708 samples
Epoch 1/1000

  32/1424 [..............................] - ETA: 2:16 - loss: 0.6932 - acc: 0.4688
  64/1424 [>.............................] - ETA: 1:08 - loss: 0.6932 - acc: 0.5312
  96/1424 [=>............................] - ETA: 45s - loss: 0.6928 - acc: 0.5625 
 128/1424 [=>............................] - ETA: 33s - loss: 0.6931 - acc: 0.5391
 160/1424 [==>...........................] - ETA: 26s - loss: 0.6925 - acc: 0.5625
 192/1424 [===>..........................] - ETA: 22s - loss: 0.6923 - acc: 0.5625
 224/1424 [===>..........................] - ETA: 18s - loss: 0.6921 - acc: 0.5625
 256/1424 [====>.........................] - ETA: 16s - loss: 0.6921 - acc: 0.5586
 288/1424 [=====>........................] - ETA: 14s - loss: 0.6928 - acc: 0.5382
 320/1424 [=====>........................] - ETA: 12s - loss: 0.6930 - acc: 0.5312
 352/1424 [======>.......................] - ETA: 11s - loss: 0.6936 - acc: 0.5142
 384/1424 [=======>......................] - ETA: 10s - loss: 0.6933 - acc: 0.5182
 416/1424 [=======>......................] - ETA: 9s - loss: 0.6930 - acc: 0.5216 
 448/1424 [========>.....................] - ETA: 8s - loss: 0.6932 - acc: 0.5156
 480/1424 [=========>....................] - ETA: 7s - loss: 0.6928 - acc: 0.5208
 512/1424 [=========>....................] - ETA: 7s - loss: 0.6929 - acc: 0.5156
 544/1424 [==========>...................] - ETA: 6s - loss: 0.6928 - acc: 0.5147
 576/1424 [===========>..................] - ETA: 6s - loss: 0.6929 - acc: 0.5104
 608/1424 [===========>..................] - ETA: 5s - loss: 0.6928 - acc: 0.5115
 640/1424 [============>.................] - ETA: 5s - loss: 0.6926 - acc: 0.5141
 672/1424 [=============>................] - ETA: 4s - loss: 0.6926 - acc: 0.5119
 704/1424 [=============>................] - ETA: 4s - loss: 0.6924 - acc: 0.5114
 736/1424 [==============>...............] - ETA: 4s - loss: 0.6924 - acc: 0.5095
 768/1424 [===============>..............] - ETA: 3s - loss: 0.6923 - acc: 0.5091
 800/1424 [===============>..............] - ETA: 3s - loss: 0.6920 - acc: 0.5088
 832/1424 [================>.............] - ETA: 3s - loss: 0.6919 - acc: 0.5072
 864/1424 [=================>............] - ETA: 2s - loss: 0.6916 - acc: 0.5093
 896/1424 [=================>............] - ETA: 2s - loss: 0.6913 - acc: 0.5078
 928/1424 [==================>...........] - ETA: 2s - loss: 0.6912 - acc: 0.5065
 960/1424 [===================>..........] - ETA: 2s - loss: 0.6909 - acc: 0.5042
 992/1424 [===================>..........] - ETA: 2s - loss: 0.6906 - acc: 0.5010
1024/1424 [====================>.........] - ETA: 1s - loss: 0.6898 - acc: 0.5020
1056/1424 [=====================>........] - ETA: 1s - loss: 0.6891 - acc: 0.4962
1088/1424 [=====================>........] - ETA: 1s - loss: 0.6879 - acc: 0.4972
1120/1424 [======================>.......] - ETA: 1s - loss: 0.6861 - acc: 0.4982
1152/1424 [=======================>......] - ETA: 1s - loss: 0.6849 - acc: 0.5000
1184/1424 [=======================>......] - ETA: 1s - loss: 0.6817 - acc: 0.5008
1216/1424 [========================>.....] - ETA: 0s - loss: 0.6801 - acc: 0.5000
1248/1424 [=========================>....] - ETA: 0s - loss: 0.6796 - acc: 0.5008
1280/1424 [=========================>....] - ETA: 0s - loss: 0.6785 - acc: 0.5047
1312/1424 [==========================>...] - ETA: 0s - loss: 0.6784 - acc: 0.5084
1344/1424 [===========================>..] - ETA: 0s - loss: 0.6779 - acc: 0.5126
1376/1424 [===========================>..] - ETA: 0s - loss: 0.6764 - acc: 0.5189
1408/1424 [============================>.] - ETA: 0s - loss: 0.6747 - acc: 0.5241
1424/1424 [==============================] - 8s 6ms/step - loss: 0.6743 - acc: 0.5267 - val_loss: 0.6283 - val_acc: 0.8347
Epoch 2/1000

  32/1424 [..............................] - ETA: 2s - loss: 0.6619 - acc: 0.6562
  64/1424 [>.............................] - ETA: 2s - loss: 0.6326 - acc: 0.7188
  96/1424 [=>............................] - ETA: 2s - loss: 0.6574 - acc: 0.7083
 128/1424 [=>............................] - ETA: 2s - loss: 0.6328 - acc: 0.7344
 160/1424 [==>...........................] - ETA: 2s - loss: 0.6135 - acc: 0.7375
 192/1424 [===>..........................] - ETA: 2s - loss: 0.5878 - acc: 0.7708
 224/1424 [===>..........................] - ETA: 2s - loss: 0.6136 - acc: 0.7768
 256/1424 [====>.........................] - ETA: 2s - loss: 0.6032 - acc: 0.7617
 288/1424 [=====>........................] - ETA: 1s - loss: 0.5914 - acc: 0.7604
 320/1424 [=====>........................] - ETA: 1s - loss: 0.5853 - acc: 0.7656
 352/1424 [======>.......................] - ETA: 1s - loss: 0.5914 - acc: 0.7699
 384/1424 [=======>......................] - ETA: 1s - loss: 0.6012 - acc: 0.7656
 416/1424 [=======>......................] - ETA: 1s - loss: 0.6249 - acc: 0.7668
 448/1424 [========>.....................] - ETA: 1s - loss: 0.6246 - acc: 0.7656
 480/1424 [=========>....................] - ETA: 1s - loss: 0.6235 - acc: 0.7688
 512/1424 [=========>....................] - ETA: 1s - loss: 0.6241 - acc: 0.7676
 544/1424 [==========>...................] - ETA: 1s - loss: 0.6250 - acc: 0.7684
 576/1424 [===========>..................] - ETA: 1s - loss: 0.6261 - acc: 0.7691
 608/1424 [===========>..................] - ETA: 1s - loss: 0.6265 - acc: 0.7730
 640/1424 [============>.................] - ETA: 1s - loss: 0.6275 - acc: 0.7703
 672/1424 [=============>................] - ETA: 1s - loss: 0.6283 - acc: 0.7664
 704/1424 [=============>................] - ETA: 1s - loss: 0.6281 - acc: 0.7656
 736/1424 [==============>...............] - ETA: 1s - loss: 0.6276 - acc: 0.7690
 768/1424 [===============>..............] - ETA: 1s - loss: 0.6277 - acc: 0.7643
 800/1424 [===============>..............] - ETA: 1s - loss: 0.6266 - acc: 0.7662
 832/1424 [================>.............] - ETA: 1s - loss: 0.6256 - acc: 0.7668
 864/1424 [=================>............] - ETA: 0s - loss: 0.6246 - acc: 0.7674
 896/1424 [=================>............] - ETA: 0s - loss: 0.6224 - acc: 0.7679
 928/1424 [==================>...........] - ETA: 0s - loss: 0.6207 - acc: 0.7694
 960/1424 [===================>..........] - ETA: 0s - loss: 0.6204 - acc: 0.7677
 992/1424 [===================>..........] - ETA: 0s - loss: 0.6187 - acc: 0.7671
1024/1424 [====================>.........] - ETA: 0s - loss: 0.6150 - acc: 0.7666
1056/1424 [=====================>........] - ETA: 0s - loss: 0.6161 - acc: 0.7614
1088/1424 [=====================>........] - ETA: 0s - loss: 0.6149 - acc: 0.7583
1120/1424 [======================>.......] - ETA: 0s - loss: 0.6116 - acc: 0.7607
1152/1424 [=======================>......] - ETA: 0s - loss: 0.6095 - acc: 0.7587
1184/1424 [=======================>......] - ETA: 0s - loss: 0.6198 - acc: 0.7584
1216/1424 [========================>.....] - ETA: 0s - loss: 0.6163 - acc: 0.7582
1248/1424 [=========================>....] - ETA: 0s - loss: 0.6210 - acc: 0.7612
1280/1424 [=========================>....] - ETA: 0s - loss: 0.6225 - acc: 0.7609
1312/1424 [==========================>...] - ETA: 0s - loss: 0.6205 - acc: 0.7591
1344/1424 [===========================>..] - ETA: 0s - loss: 0.6171 - acc: 0.7589
1376/1424 [===========================>..] - ETA: 0s - loss: 0.6218 - acc: 0.7558
1408/1424 [============================>.] - ETA: 0s - loss: 0.6228 - acc: 0.7514
1424/1424 [==============================] - 5s 4ms/step - loss: 0.6229 - acc: 0.7493 - val_loss: 0.6820 - val_acc: 0.6073
Epoch 3/1000

  32/1424 [..............................] - ETA: 2s - loss: 0.6833 - acc: 0.5938
  64/1424 [>.............................] - ETA: 2s - loss: 0.6222 - acc: 0.6406
  96/1424 [=>............................] - ETA: 2s - loss: 0.6537 - acc: 0.6146
 128/1424 [=>............................] - ETA: 2s - loss: 0.6390 - acc: 0.6172
 160/1424 [==>...........................] - ETA: 2s - loss: 0.6449 - acc: 0.5938
 192/1424 [===>..........................] - ETA: 2s - loss: 0.6341 - acc: 0.6250
 224/1424 [===>..........................] - ETA: 2s - loss: 0.6228 - acc: 0.6473
 256/1424 [====>.........................] - ETA: 2s - loss: 0.6205 - acc: 0.6562
 288/1424 [=====>........................] - ETA: 1s - loss: 0.6148 - acc: 0.6597
 320/1424 [=====>........................] - ETA: 1s - loss: 0.6180 - acc: 0.6687
 352/1424 [======>.......................] - ETA: 1s - loss: 0.6152 - acc: 0.6818
 384/1424 [=======>......................] - ETA: 1s - loss: 0.6109 - acc: 0.6927
 416/1424 [=======>......................] - ETA: 1s - loss: 0.6060 - acc: 0.7019
 448/1424 [========>.....................] - ETA: 1s - loss: 0.6045 - acc: 0.7098
 480/1424 [=========>....................] - ETA: 1s - loss: 0.6040 - acc: 0.7063
 512/1424 [=========>....................] - ETA: 1s - loss: 0.6021 - acc: 0.7070
 544/1424 [==========>...................] - ETA: 1s - loss: 0.5994 - acc: 0.7151
 576/1424 [===========>..................] - ETA: 1s - loss: 0.5986 - acc: 0.7240
 608/1424 [===========>..................] - ETA: 1s - loss: 0.5973 - acc: 0.7253
 640/1424 [============>.................] - ETA: 1s - loss: 0.5984 - acc: 0.7281
 672/1424 [=============>................] - ETA: 1s - loss: 0.5973 - acc: 0.7292
 704/1424 [=============>................] - ETA: 1s - loss: 0.5949 - acc: 0.7330
 736/1424 [==============>...............] - ETA: 1s - loss: 0.5919 - acc: 0.7378
 768/1424 [===============>..............] - ETA: 1s - loss: 0.5873 - acc: 0.7435
 800/1424 [===============>..............] - ETA: 1s - loss: 0.5843 - acc: 0.7462
 832/1424 [================>.............] - ETA: 1s - loss: 0.5822 - acc: 0.7524
 864/1424 [=================>............] - ETA: 0s - loss: 0.5792 - acc: 0.7558
 896/1424 [=================>............] - ETA: 0s - loss: 0.5812 - acc: 0.7612
 928/1424 [==================>...........] - ETA: 0s - loss: 0.5762 - acc: 0.7651
 960/1424 [===================>..........] - ETA: 0s - loss: 0.5723 - acc: 0.7677
 992/1424 [===================>..........] - ETA: 0s - loss: 0.5718 - acc: 0.7671
1024/1424 [====================>.........] - ETA: 0s - loss: 0.5685 - acc: 0.7705
1056/1424 [=====================>........] - ETA: 0s - loss: 0.5657 - acc: 0.7718
1088/1424 [=====================>........] - ETA: 0s - loss: 0.5608 - acc: 0.7757
1120/1424 [======================>.......] - ETA: 0s - loss: 0.5575 - acc: 0.7768
1152/1424 [=======================>......] - ETA: 0s - loss: 0.5559 - acc: 0.7778
1184/1424 [=======================>......] - ETA: 0s - loss: 0.5533 - acc: 0.7779
1216/1424 [========================>.....] - ETA: 0s - loss: 0.5507 - acc: 0.7796
1248/1424 [=========================>....] - ETA: 0s - loss: 0.5489 - acc: 0.7804
1280/1424 [=========================>....] - ETA: 0s - loss: 0.5515 - acc: 0.7789
1312/1424 [==========================>...] - ETA: 0s - loss: 0.5477 - acc: 0.7805
1344/1424 [===========================>..] - ETA: 0s - loss: 0.5466 - acc: 0.7805
1376/1424 [===========================>..] - ETA: 0s - loss: 0.5435 - acc: 0.7820
1408/1424 [============================>.] - ETA: 0s - loss: 0.5415 - acc: 0.7812
1424/1424 [==============================] - 5s 4ms/step - loss: 0.5397 - acc: 0.7816 - val_loss: 1.3683 - val_acc: 0.8192
Epoch 4/1000

  32/1424 [..............................] - ETA: 2s - loss: 0.6695 - acc: 0.6875
  64/1424 [>.............................] - ETA: 2s - loss: 0.4800 - acc: 0.8125
  96/1424 [=>............................] - ETA: 2s - loss: 0.4928 - acc: 0.7917
 128/1424 [=>............................] - ETA: 2s - loss: 0.4559 - acc: 0.8047
 160/1424 [==>...........................] - ETA: 2s - loss: 0.4578 - acc: 0.8125
 192/1424 [===>..........................] - ETA: 2s - loss: 0.4410 - acc: 0.8281
 224/1424 [===>..........................] - ETA: 2s - loss: 0.4414 - acc: 0.8259
 256/1424 [====>.........................] - ETA: 2s - loss: 0.4393 - acc: 0.8242
 288/1424 [=====>........................] - ETA: 1s - loss: 0.4399 - acc: 0.8299
 320/1424 [=====>........................] - ETA: 1s - loss: 0.4442 - acc: 0.8281
 352/1424 [======>.......................] - ETA: 1s - loss: 0.4412 - acc: 0.8295
 384/1424 [=======>......................] - ETA: 1s - loss: 0.4320 - acc: 0.8281
 416/1424 [=======>......................] - ETA: 1s - loss: 0.4218 - acc: 0.8365
 448/1424 [========>.....................] - ETA: 1s - loss: 0.4322 - acc: 0.8281
 480/1424 [=========>....................] - ETA: 1s - loss: 0.4319 - acc: 0.8250
 512/1424 [=========>....................] - ETA: 1s - loss: 0.4323 - acc: 0.8242
 544/1424 [==========>...................] - ETA: 1s - loss: 0.4393 - acc: 0.8254
 576/1424 [===========>..................] - ETA: 1s - loss: 0.4401 - acc: 0.8177
 608/1424 [===========>..................] - ETA: 1s - loss: 0.4393 - acc: 0.8174
 640/1424 [============>.................] - ETA: 1s - loss: 0.4318 - acc: 0.8219
 672/1424 [=============>................] - ETA: 1s - loss: 0.4345 - acc: 0.8185
 704/1424 [=============>................] - ETA: 1s - loss: 0.4435 - acc: 0.8139
 736/1424 [==============>...............] - ETA: 1s - loss: 0.4473 - acc: 0.8139
 768/1424 [===============>..............] - ETA: 1s - loss: 0.4478 - acc: 0.8125
 800/1424 [===============>..............] - ETA: 1s - loss: 0.4467 - acc: 0.8125
 832/1424 [================>.............] - ETA: 1s - loss: 0.4493 - acc: 0.8149
 864/1424 [=================>............] - ETA: 0s - loss: 0.4507 - acc: 0.8137
 896/1424 [=================>............] - ETA: 0s - loss: 0.4499 - acc: 0.8158
 928/1424 [==================>...........] - ETA: 0s - loss: 0.4525 - acc: 0.8114
 960/1424 [===================>..........] - ETA: 0s - loss: 0.4542 - acc: 0.8104
 992/1424 [===================>..........] - ETA: 0s - loss: 0.4518 - acc: 0.8105
1024/1424 [====================>.........] - ETA: 0s - loss: 0.4479 - acc: 0.8145
1056/1424 [=====================>........] - ETA: 0s - loss: 0.4494 - acc: 0.8125
1088/1424 [=====================>........] - ETA: 0s - loss: 0.4483 - acc: 0.8143
1120/1424 [======================>.......] - ETA: 0s - loss: 0.4513 - acc: 0.8134
1152/1424 [=======================>......] - ETA: 0s - loss: 0.4529 - acc: 0.8125
1184/1424 [=======================>......] - ETA: 0s - loss: 0.4547 - acc: 0.8125
1216/1424 [========================>.....] - ETA: 0s - loss: 0.4514 - acc: 0.8141
1248/1424 [=========================>....] - ETA: 0s - loss: 0.4563 - acc: 0.8117
1280/1424 [=========================>....] - ETA: 0s - loss: 0.4624 - acc: 0.8125
1312/1424 [==========================>...] - ETA: 0s - loss: 0.4637 - acc: 0.8102
1344/1424 [===========================>..] - ETA: 0s - loss: 0.4640 - acc: 0.8095
1376/1424 [===========================>..] - ETA: 0s - loss: 0.4637 - acc: 0.8089
1408/1424 [============================>.] - ETA: 0s - loss: 0.4642 - acc: 0.8068
1424/1424 [==============================] - 5s 4ms/step - loss: 0.4646 - acc: 0.8069 - val_loss: 0.4469 - val_acc: 0.8333
Epoch 5/1000

  32/1424 [..............................] - ETA: 2s - loss: 0.4035 - acc: 0.8750
  64/1424 [>.............................] - ETA: 2s - loss: 0.4162 - acc: 0.8750
  96/1424 [=>............................] - ETA: 2s - loss: 0.4064 - acc: 0.8750
 128/1424 [=>............................] - ETA: 2s - loss: 0.4129 - acc: 0.8438
 160/1424 [==>...........................] - ETA: 2s - loss: 0.4224 - acc: 0.8500
 192/1424 [===>..........................] - ETA: 2s - loss: 0.4295 - acc: 0.8438
 224/1424 [===>..........................] - ETA: 2s - loss: 0.4416 - acc: 0.8393
 256/1424 [====>.........................] - ETA: 2s - loss: 0.4401 - acc: 0.8477
 288/1424 [=====>........................] - ETA: 1s - loss: 0.4324 - acc: 0.8542
 320/1424 [=====>........................] - ETA: 1s - loss: 0.4605 - acc: 0.8250
 352/1424 [======>.......................] - ETA: 1s - loss: 0.4625 - acc: 0.8210
 384/1424 [=======>......................] - ETA: 1s - loss: 0.4648 - acc: 0.8177
 416/1424 [=======>......................] - ETA: 1s - loss: 0.4633 - acc: 0.8149
 448/1424 [========>.....................] - ETA: 1s - loss: 0.4590 - acc: 0.8170
 480/1424 [=========>....................] - ETA: 1s - loss: 0.4597 - acc: 0.8146
 512/1424 [=========>....................] - ETA: 1s - loss: 0.4547 - acc: 0.8164
 544/1424 [==========>...................] - ETA: 1s - loss: 0.4547 - acc: 0.8162
 576/1424 [===========>..................] - ETA: 1s - loss: 0.4572 - acc: 0.8125
 608/1424 [===========>..................] - ETA: 1s - loss: 0.4574 - acc: 0.8092
 640/1424 [============>.................] - ETA: 1s - loss: 0.4772 - acc: 0.8078
 672/1424 [=============>................] - ETA: 1s - loss: 0.4712 - acc: 0.8110
 704/1424 [=============>................] - ETA: 1s - loss: 0.4742 - acc: 0.8068
 736/1424 [==============>...............] - ETA: 1s - loss: 0.4660 - acc: 0.8111
 768/1424 [===============>..............] - ETA: 1s - loss: 0.4664 - acc: 0.8099
 800/1424 [===============>..............] - ETA: 1s - loss: 0.4641 - acc: 0.8125
 832/1424 [================>.............] - ETA: 1s - loss: 0.4648 - acc: 0.8137
 864/1424 [=================>............] - ETA: 0s - loss: 0.4654 - acc: 0.8137
 896/1424 [=================>............] - ETA: 0s - loss: 0.4675 - acc: 0.8125
 928/1424 [==================>...........] - ETA: 0s - loss: 0.4724 - acc: 0.8093
 960/1424 [===================>..........] - ETA: 0s - loss: 0.4688 - acc: 0.8104
 992/1424 [===================>..........] - ETA: 0s - loss: 0.4712 - acc: 0.8065
1024/1424 [====================>.........] - ETA: 0s - loss: 0.4693 - acc: 0.8066
1056/1424 [=====================>........] - ETA: 0s - loss: 0.4719 - acc: 0.8059
1088/1424 [=====================>........] - ETA: 0s - loss: 0.4712 - acc: 0.8070
1120/1424 [======================>.......] - ETA: 0s - loss: 0.4701 - acc: 0.8071
1152/1424 [=======================>......] - ETA: 0s - loss: 0.4692 - acc: 0.8073
1184/1424 [=======================>......] - ETA: 0s - loss: 0.4696 - acc: 0.8074
1216/1424 [========================>.....] - ETA: 0s - loss: 0.4682 - acc: 0.8067
1248/1424 [=========================>....] - ETA: 0s - loss: 0.4684 - acc: 0.8061
1280/1424 [=========================>....] - ETA: 0s - loss: 0.4709 - acc: 0.8055
1312/1424 [==========================>...] - ETA: 0s - loss: 0.4667 - acc: 0.8072
1344/1424 [===========================>..] - ETA: 0s - loss: 0.4680 - acc: 0.8058
1376/1424 [===========================>..] - ETA: 0s - loss: 0.4670 - acc: 0.8060
1408/1424 [============================>.] - ETA: 0s - loss: 0.4665 - acc: 0.8054
1424/1424 [==============================] - 5s 4ms/step - loss: 0.4642 - acc: 0.8069 - val_loss: 0.4596 - val_acc: 0.8559
Epoch 6/1000

  32/1424 [..............................] - ETA: 2s - loss: 0.4416 - acc: 0.8750
  64/1424 [>.............................] - ETA: 2s - loss: 0.3680 - acc: 0.8906
  96/1424 [=>............................] - ETA: 2s - loss: 0.3924 - acc: 0.8750
 128/1424 [=>............................] - ETA: 2s - loss: 0.4602 - acc: 0.8359
 160/1424 [==>...........................] - ETA: 2s - loss: 0.4409 - acc: 0.8375
 192/1424 [===>..........................] - ETA: 2s - loss: 0.4234 - acc: 0.8385
 224/1424 [===>..........................] - ETA: 2s - loss: 0.4344 - acc: 0.8259
 256/1424 [====>.........................] - ETA: 2s - loss: 0.4413 - acc: 0.8281
 288/1424 [=====>........................] - ETA: 1s - loss: 0.4485 - acc: 0.8264
 320/1424 [=====>........................] - ETA: 1s - loss: 0.4431 - acc: 0.8250
 352/1424 [======>.......................] - ETA: 1s - loss: 0.4426 - acc: 0.8324
 384/1424 [=======>......................] - ETA: 1s - loss: 0.4433 - acc: 0.8281
 416/1424 [=======>......................] - ETA: 1s - loss: 0.4385 - acc: 0.8317
 448/1424 [========>.....................] - ETA: 1s - loss: 0.4336 - acc: 0.8304
 480/1424 [=========>....................] - ETA: 1s - loss: 0.4349 - acc: 0.8271
 512/1424 [=========>....................] - ETA: 1s - loss: 0.4337 - acc: 0.8242
 544/1424 [==========>...................] - ETA: 1s - loss: 0.4345 - acc: 0.8199
 576/1424 [===========>..................] - ETA: 1s - loss: 0.4318 - acc: 0.8212
 608/1424 [===========>..................] - ETA: 1s - loss: 0.4289 - acc: 0.8224
 640/1424 [============>.................] - ETA: 1s - loss: 0.4334 - acc: 0.8219
 672/1424 [=============>................] - ETA: 1s - loss: 0.4384 - acc: 0.8140
 704/1424 [=============>................] - ETA: 1s - loss: 0.4404 - acc: 0.8139
 736/1424 [==============>...............] - ETA: 1s - loss: 0.4421 - acc: 0.8125
 768/1424 [===============>..............] - ETA: 1s - loss: 0.4409 - acc: 0.8112
 800/1424 [===============>..............] - ETA: 1s - loss: 0.4360 - acc: 0.8137
 832/1424 [================>.............] - ETA: 1s - loss: 0.4322 - acc: 0.8149
 864/1424 [=================>............] - ETA: 0s - loss: 0.4306 - acc: 0.8125
 896/1424 [=================>............] - ETA: 0s - loss: 0.4303 - acc: 0.8125
 928/1424 [==================>...........] - ETA: 0s - loss: 0.4312 - acc: 0.8136
 960/1424 [===================>..........] - ETA: 0s - loss: 0.4306 - acc: 0.8135
 992/1424 [===================>..........] - ETA: 0s - loss: 0.4336 - acc: 0.8115
1024/1424 [====================>.........] - ETA: 0s - loss: 0.4330 - acc: 0.8135
1056/1424 [=====================>........] - ETA: 0s - loss: 0.4329 - acc: 0.8125
1088/1424 [=====================>........] - ETA: 0s - loss: 0.4361 - acc: 0.8116
1120/1424 [======================>.......] - ETA: 0s - loss: 0.4405 - acc: 0.8125
1152/1424 [=======================>......] - ETA: 0s - loss: 0.4471 - acc: 0.8082
1184/1424 [=======================>......] - ETA: 0s - loss: 0.4465 - acc: 0.8083
1216/1424 [========================>.....] - ETA: 0s - loss: 0.4440 - acc: 0.8100
1248/1424 [=========================>....] - ETA: 0s - loss: 0.4413 - acc: 0.8109
1280/1424 [=========================>....] - ETA: 0s - loss: 0.4442 - acc: 0.8102
1312/1424 [==========================>...] - ETA: 0s - loss: 0.4439 - acc: 0.8087
1344/1424 [===========================>..] - ETA: 0s - loss: 0.4427 - acc: 0.8095
1376/1424 [===========================>..] - ETA: 0s - loss: 0.4435 - acc: 0.8089
1408/1424 [============================>.] - ETA: 0s - loss: 0.4454 - acc: 0.8089
1424/1424 [==============================] - 5s 4ms/step - loss: 0.4462 - acc: 0.8090 - val_loss: 0.4052 - val_acc: 0.8362
Epoch 7/1000

  32/1424 [..............................] - ETA: 2s - loss: 0.4318 - acc: 0.8438
  64/1424 [>.............................] - ETA: 2s - loss: 0.5050 - acc: 0.8125
  96/1424 [=>............................] - ETA: 2s - loss: 0.4736 - acc: 0.8021
 128/1424 [=>............................] - ETA: 2s - loss: 0.4533 - acc: 0.8281
 160/1424 [==>...........................] - ETA: 2s - loss: 0.4450 - acc: 0.8250
 192/1424 [===>..........................] - ETA: 2s - loss: 0.4565 - acc: 0.8229
 224/1424 [===>..........................] - ETA: 2s - loss: 0.4591 - acc: 0.8170
 256/1424 [====>.........................] - ETA: 2s - loss: 0.4600 - acc: 0.8086
 288/1424 [=====>........................] - ETA: 1s - loss: 0.4462 - acc: 0.8194
 320/1424 [=====>........................] - ETA: 1s - loss: 0.4584 - acc: 0.8031
 352/1424 [======>.......................] - ETA: 1s - loss: 0.4656 - acc: 0.8068
 384/1424 [=======>......................] - ETA: 1s - loss: 0.4601 - acc: 0.8099
 416/1424 [=======>......................] - ETA: 1s - loss: 0.4510 - acc: 0.8077
 448/1424 [========>.....................] - ETA: 1s - loss: 0.4456 - acc: 0.8103
 480/1424 [=========>....................] - ETA: 1s - loss: 0.4509 - acc: 0.8021
 512/1424 [=========>....................] - ETA: 1s - loss: 0.4433 - acc: 0.8086
 544/1424 [==========>...................] - ETA: 1s - loss: 0.4438 - acc: 0.8088
 576/1424 [===========>..................] - ETA: 1s - loss: 0.4355 - acc: 0.8142
 608/1424 [===========>..................] - ETA: 1s - loss: 0.4380 - acc: 0.8109
 640/1424 [============>.................] - ETA: 1s - loss: 0.4389 - acc: 0.8063
 672/1424 [=============>................] - ETA: 1s - loss: 0.4319 - acc: 0.8110
 704/1424 [=============>................] - ETA: 1s - loss: 0.4280 - acc: 0.8139
 736/1424 [==============>...............] - ETA: 1s - loss: 0.4239 - acc: 0.8166
 768/1424 [===============>..............] - ETA: 1s - loss: 0.4243 - acc: 0.8177
 800/1424 [===============>..............] - ETA: 1s - loss: 0.4209 - acc: 0.8200
 832/1424 [================>.............] - ETA: 1s - loss: 0.4284 - acc: 0.8149
 864/1424 [=================>............] - ETA: 0s - loss: 0.4247 - acc: 0.8160
 896/1424 [=================>............] - ETA: 0s - loss: 0.4176 - acc: 0.8192
 928/1424 [==================>...........] - ETA: 0s - loss: 0.4161 - acc: 0.8190
 960/1424 [===================>..........] - ETA: 0s - loss: 0.4237 - acc: 0.8177
 992/1424 [===================>..........] - ETA: 0s - loss: 0.4325 - acc: 0.8125
1024/1424 [====================>.........] - ETA: 0s - loss: 0.4374 - acc: 0.8086
1056/1424 [=====================>........] - ETA: 0s - loss: 0.4358 - acc: 0.8097
1088/1424 [=====================>........] - ETA: 0s - loss: 0.4321 - acc: 0.8134
1120/1424 [======================>.......] - ETA: 0s - loss: 0.4329 - acc: 0.8125
1152/1424 [=======================>......] - ETA: 0s - loss: 0.4288 - acc: 0.8134
1184/1424 [=======================>......] - ETA: 0s - loss: 0.4299 - acc: 0.8108
1216/1424 [========================>.....] - ETA: 0s - loss: 0.4315 - acc: 0.8100
1248/1424 [=========================>....] - ETA: 0s - loss: 0.4352 - acc: 0.8069
1280/1424 [=========================>....] - ETA: 0s - loss: 0.4311 - acc: 0.8109
1312/1424 [==========================>...] - ETA: 0s - loss: 0.4293 - acc: 0.8125
1344/1424 [===========================>..] - ETA: 0s - loss: 0.4360 - acc: 0.8110
1376/1424 [===========================>..] - ETA: 0s - loss: 0.4387 - acc: 0.8096
1408/1424 [============================>.] - ETA: 0s - loss: 0.4412 - acc: 0.8068
1424/1424 [==============================] - 5s 4ms/step - loss: 0.4428 - acc: 0.8055 - val_loss: 0.4237 - val_acc: 0.8362
Epoch 8/1000

  32/1424 [..............................] - ETA: 2s - loss: 0.2907 - acc: 0.8750
  64/1424 [>.............................] - ETA: 2s - loss: 0.3897 - acc: 0.7969
  96/1424 [=>............................] - ETA: 2s - loss: 0.3714 - acc: 0.8125
 128/1424 [=>............................] - ETA: 2s - loss: 0.3886 - acc: 0.8047
 160/1424 [==>...........................] - ETA: 2s - loss: 0.3885 - acc: 0.8187
 192/1424 [===>..........................] - ETA: 2s - loss: 0.3794 - acc: 0.8229
 224/1424 [===>..........................] - ETA: 2s - loss: 0.3728 - acc: 0.8304
 256/1424 [====>.........................] - ETA: 2s - loss: 0.3949 - acc: 0.8242
 288/1424 [=====>........................] - ETA: 1s - loss: 0.3981 - acc: 0.8194
 320/1424 [=====>........................] - ETA: 1s - loss: 0.3928 - acc: 0.8250
 352/1424 [======>.......................] - ETA: 1s - loss: 0.3951 - acc: 0.8267
 384/1424 [=======>......................] - ETA: 1s - loss: 0.3998 - acc: 0.8307
 416/1424 [=======>......................] - ETA: 1s - loss: 0.4029 - acc: 0.8269
 448/1424 [========>.....................] - ETA: 1s - loss: 0.4063 - acc: 0.8237
 480/1424 [=========>....................] - ETA: 1s - loss: 0.4128 - acc: 0.8208
 512/1424 [=========>....................] - ETA: 1s - loss: 0.4080 - acc: 0.8223
 544/1424 [==========>...................] - ETA: 1s - loss: 0.4061 - acc: 0.8235
 576/1424 [===========>..................] - ETA: 1s - loss: 0.4009 - acc: 0.8264
 608/1424 [===========>..................] - ETA: 1s - loss: 0.3961 - acc: 0.8306
 640/1424 [============>.................] - ETA: 1s - loss: 0.3956 - acc: 0.8313
 672/1424 [=============>................] - ETA: 1s - loss: 0.3994 - acc: 0.8289
 704/1424 [=============>................] - ETA: 1s - loss: 0.3944 - acc: 0.8310
 736/1424 [==============>...............] - ETA: 1s - loss: 0.3921 - acc: 0.8356
 768/1424 [===============>..............] - ETA: 1s - loss: 0.3922 - acc: 0.8359
 800/1424 [===============>..............] - ETA: 1s - loss: 0.3952 - acc: 0.8337
 832/1424 [================>.............] - ETA: 1s - loss: 0.4019 - acc: 0.8305
 864/1424 [=================>............] - ETA: 0s - loss: 0.4109 - acc: 0.8264
 896/1424 [=================>............] - ETA: 0s - loss: 0.4215 - acc: 0.8181
 928/1424 [==================>...........] - ETA: 0s - loss: 0.4205 - acc: 0.8179
 960/1424 [===================>..........] - ETA: 0s - loss: 0.4201 - acc: 0.8156
 992/1424 [===================>..........] - ETA: 0s - loss: 0.4191 - acc: 0.8165
1024/1424 [====================>.........] - ETA: 0s - loss: 0.4256 - acc: 0.8115
1056/1424 [=====================>........] - ETA: 0s - loss: 0.4317 - acc: 0.8087
1088/1424 [=====================>........] - ETA: 0s - loss: 0.4346 - acc: 0.8088
1120/1424 [======================>.......] - ETA: 0s - loss: 0.4333 - acc: 0.8098
1152/1424 [=======================>......] - ETA: 0s - loss: 0.4369 - acc: 0.8090
1184/1424 [=======================>......] - ETA: 0s - loss: 0.4402 - acc: 0.8057
1216/1424 [========================>.....] - ETA: 0s - loss: 0.4398 - acc: 0.8059
1248/1424 [=========================>....] - ETA: 0s - loss: 0.4443 - acc: 0.8021
1280/1424 [=========================>....] - ETA: 0s - loss: 0.4447 - acc: 0.8016
1312/1424 [==========================>...] - ETA: 0s - loss: 0.4425 - acc: 0.8034
1344/1424 [===========================>..] - ETA: 0s - loss: 0.4401 - acc: 0.8051
1376/1424 [===========================>..] - ETA: 0s - loss: 0.4394 - acc: 0.8067
1408/1424 [============================>.] - ETA: 0s - loss: 0.4394 - acc: 0.8075
1424/1424 [==============================] - 5s 4ms/step - loss: 0.4374 - acc: 0.8097 - val_loss: 0.4160 - val_acc: 0.8460
Epoch 9/1000

  32/1424 [..............................] - ETA: 2s - loss: 0.4510 - acc: 0.8125
  64/1424 [>.............................] - ETA: 2s - loss: 0.3966 - acc: 0.8438
  96/1424 [=>............................] - ETA: 2s - loss: 0.3857 - acc: 0.8438
 128/1424 [=>............................] - ETA: 2s - loss: 0.4137 - acc: 0.8125
 160/1424 [==>...........................] - ETA: 2s - loss: 0.4284 - acc: 0.8125
 192/1424 [===>..........................] - ETA: 2s - loss: 0.4293 - acc: 0.8125
 224/1424 [===>..........................] - ETA: 2s - loss: 0.4368 - acc: 0.8036
 256/1424 [====>.........................] - ETA: 2s - loss: 0.4702 - acc: 0.7891
 288/1424 [=====>........................] - ETA: 1s - loss: 0.4616 - acc: 0.7882
 320/1424 [=====>........................] - ETA: 1s - loss: 0.4802 - acc: 0.7781
 352/1424 [======>.......................] - ETA: 1s - loss: 0.4756 - acc: 0.7812
 384/1424 [=======>......................] - ETA: 1s - loss: 0.4670 - acc: 0.7891
 416/1424 [=======>......................] - ETA: 1s - loss: 0.4596 - acc: 0.7909
 448/1424 [========>.....................] - ETA: 1s - loss: 0.4707 - acc: 0.7857
 480/1424 [=========>....................] - ETA: 1s - loss: 0.4727 - acc: 0.7875
 512/1424 [=========>....................] - ETA: 1s - loss: 0.4676 - acc: 0.7930
 544/1424 [==========>...................] - ETA: 1s - loss: 0.4656 - acc: 0.7923
 576/1424 [===========>..................] - ETA: 1s - loss: 0.4634 - acc: 0.7951
 608/1424 [===========>..................] - ETA: 1s - loss: 0.4633 - acc: 0.7944
 640/1424 [============>.................] - ETA: 1s - loss: 0.4591 - acc: 0.7984
 672/1424 [=============>................] - ETA: 1s - loss: 0.4607 - acc: 0.7932
 704/1424 [=============>................] - ETA: 1s - loss: 0.4595 - acc: 0.7940
 736/1424 [==============>...............] - ETA: 1s - loss: 0.4570 - acc: 0.7948
 768/1424 [===============>..............] - ETA: 1s - loss: 0.4551 - acc: 0.7969
 800/1424 [===============>..............] - ETA: 1s - loss: 0.4487 - acc: 0.8025
 832/1424 [================>.............] - ETA: 1s - loss: 0.4462 - acc: 0.8041
 864/1424 [=================>............] - ETA: 0s - loss: 0.4483 - acc: 0.8009
 896/1424 [=================>............] - ETA: 0s - loss: 0.4467 - acc: 0.8002
 928/1424 [==================>...........] - ETA: 0s - loss: 0.4426 - acc: 0.8028
 960/1424 [===================>..........] - ETA: 0s - loss: 0.4393 - acc: 0.8031
 992/1424 [===================>..........] - ETA: 0s - loss: 0.4334 - acc: 0.8054
1024/1424 [====================>.........] - ETA: 0s - loss: 0.4331 - acc: 0.8047
1056/1424 [=====================>........] - ETA: 0s - loss: 0.4307 - acc: 0.8059
1088/1424 [=====================>........] - ETA: 0s - loss: 0.4302 - acc: 0.8061
1120/1424 [======================>.......] - ETA: 0s - loss: 0.4265 - acc: 0.8071
1152/1424 [=======================>......] - ETA: 0s - loss: 0.4301 - acc: 0.8064
1184/1424 [=======================>......] - ETA: 0s - loss: 0.4323 - acc: 0.8066
1216/1424 [========================>.....] - ETA: 0s - loss: 0.4338 - acc: 0.8084
1248/1424 [=========================>....] - ETA: 0s - loss: 0.4339 - acc: 0.8077
1280/1424 [=========================>....] - ETA: 0s - loss: 0.4308 - acc: 0.8102
1312/1424 [==========================>...] - ETA: 0s - loss: 0.4277 - acc: 0.8117
1344/1424 [===========================>..] - ETA: 0s - loss: 0.4280 - acc: 0.8118
1376/1424 [===========================>..] - ETA: 0s - loss: 0.4255 - acc: 0.8140
1408/1424 [============================>.] - ETA: 0s - loss: 0.4274 - acc: 0.8125
1424/1424 [==============================] - 5s 4ms/step - loss: 0.4315 - acc: 0.8111 - val_loss: 0.4452 - val_acc: 0.8602
Epoch 10/1000

  32/1424 [..............................] - ETA: 2s - loss: 0.4880 - acc: 0.7500
  64/1424 [>.............................] - ETA: 2s - loss: 0.5088 - acc: 0.7656
  96/1424 [=>............................] - ETA: 2s - loss: 0.5006 - acc: 0.7604
 128/1424 [=>............................] - ETA: 2s - loss: 0.4667 - acc: 0.7812
 160/1424 [==>...........................] - ETA: 2s - loss: 0.4788 - acc: 0.7875
 192/1424 [===>..........................] - ETA: 2s - loss: 0.4983 - acc: 0.7708
 224/1424 [===>..........................] - ETA: 2s - loss: 0.4913 - acc: 0.7723
 256/1424 [====>.........................] - ETA: 2s - loss: 0.4971 - acc: 0.7695
 288/1424 [=====>........................] - ETA: 1s - loss: 0.4873 - acc: 0.7778
 320/1424 [=====>........................] - ETA: 1s - loss: 0.4807 - acc: 0.7812
 352/1424 [======>.......................] - ETA: 1s - loss: 0.4780 - acc: 0.7898
 384/1424 [=======>......................] - ETA: 1s - loss: 0.4873 - acc: 0.7760
 416/1424 [=======>......................] - ETA: 1s - loss: 0.4833 - acc: 0.7788
 448/1424 [========>.....................] - ETA: 1s - loss: 0.4761 - acc: 0.7857
 480/1424 [=========>....................] - ETA: 1s - loss: 0.4711 - acc: 0.7896
 512/1424 [=========>....................] - ETA: 1s - loss: 0.4706 - acc: 0.7910
 544/1424 [==========>...................] - ETA: 1s - loss: 0.4704 - acc: 0.7904
 576/1424 [===========>..................] - ETA: 1s - loss: 0.4680 - acc: 0.7917
 608/1424 [===========>..................] - ETA: 1s - loss: 0.4759 - acc: 0.7829
 640/1424 [============>.................] - ETA: 1s - loss: 0.4688 - acc: 0.7906
 672/1424 [=============>................] - ETA: 1s - loss: 0.4719 - acc: 0.7902
 704/1424 [=============>................] - ETA: 1s - loss: 0.4656 - acc: 0.7955
 736/1424 [==============>...............] - ETA: 1s - loss: 0.4614 - acc: 0.7976
 768/1424 [===============>..............] - ETA: 1s - loss: 0.4593 - acc: 0.7969
 800/1424 [===============>..............] - ETA: 1s - loss: 0.4570 - acc: 0.7987
 832/1424 [================>.............] - ETA: 1s - loss: 0.4550 - acc: 0.7993
 864/1424 [=================>............] - ETA: 0s - loss: 0.4545 - acc: 0.7986
 896/1424 [=================>............] - ETA: 0s - loss: 0.4470 - acc: 0.8047
 928/1424 [==================>...........] - ETA: 0s - loss: 0.4503 - acc: 0.8017
 960/1424 [===================>..........] - ETA: 0s - loss: 0.4473 - acc: 0.8042
 992/1424 [===================>..........] - ETA: 0s - loss: 0.4488 - acc: 0.8034
1024/1424 [====================>.........] - ETA: 0s - loss: 0.4468 - acc: 0.8037
1056/1424 [=====================>........] - ETA: 0s - loss: 0.4440 - acc: 0.8049
1088/1424 [=====================>........] - ETA: 0s - loss: 0.4412 - acc: 0.8070
1120/1424 [======================>.......] - ETA: 0s - loss: 0.4367 - acc: 0.8107
1152/1424 [=======================>......] - ETA: 0s - loss: 0.4365 - acc: 0.8108
1184/1424 [=======================>......] - ETA: 0s - loss: 0.4339 - acc: 0.8117
1216/1424 [========================>.....] - ETA: 0s - loss: 0.4295 - acc: 0.8133
1248/1424 [=========================>....] - ETA: 0s - loss: 0.4289 - acc: 0.8133
1280/1424 [=========================>....] - ETA: 0s - loss: 0.4230 - acc: 0.8164
1312/1424 [==========================>...] - ETA: 0s - loss: 0.4243 - acc: 0.8140
1344/1424 [===========================>..] - ETA: 0s - loss: 0.4196 - acc: 0.8162
1376/1424 [===========================>..] - ETA: 0s - loss: 0.4191 - acc: 0.8183
1408/1424 [============================>.] - ETA: 0s - loss: 0.4194 - acc: 0.8210
1424/1424 [==============================] - 5s 4ms/step - loss: 0.4175 - acc: 0.8216 - val_loss: 0.6043 - val_acc: 0.8178
Epoch 11/1000

  32/1424 [..............................] - ETA: 2s - loss: 0.2884 - acc: 0.8750
  64/1424 [>.............................] - ETA: 2s - loss: 0.5651 - acc: 0.7969
  96/1424 [=>............................] - ETA: 2s - loss: 0.5874 - acc: 0.7708
 128/1424 [=>............................] - ETA: 2s - loss: 0.5342 - acc: 0.7969
 160/1424 [==>...........................] - ETA: 2s - loss: 0.5117 - acc: 0.7875
 192/1424 [===>..........................] - ETA: 2s - loss: 0.4553 - acc: 0.8229
 224/1424 [===>..........................] - ETA: 2s - loss: 0.4682 - acc: 0.8125
 256/1424 [====>.........................] - ETA: 2s - loss: 0.4498 - acc: 0.8203
 288/1424 [=====>........................] - ETA: 1s - loss: 0.4279 - acc: 0.8299
 320/1424 [=====>........................] - ETA: 1s - loss: 0.4317 - acc: 0.8250
 352/1424 [======>.......................] - ETA: 1s - loss: 0.4328 - acc: 0.8210
 384/1424 [=======>......................] - ETA: 1s - loss: 0.4227 - acc: 0.8229
 416/1424 [=======>......................] - ETA: 1s - loss: 0.4116 - acc: 0.8293
 448/1424 [========>.....................] - ETA: 1s - loss: 0.4199 - acc: 0.8259
 480/1424 [=========>....................] - ETA: 1s - loss: 0.4119 - acc: 0.8292
 512/1424 [=========>....................] - ETA: 1s - loss: 0.4076 - acc: 0.8320
 544/1424 [==========>...................] - ETA: 1s - loss: 0.4039 - acc: 0.8327
 576/1424 [===========>..................] - ETA: 1s - loss: 0.4043 - acc: 0.8299
 608/1424 [===========>..................] - ETA: 1s - loss: 0.4026 - acc: 0.8240
 640/1424 [============>.................] - ETA: 1s - loss: 0.4041 - acc: 0.8234
 672/1424 [=============>................] - ETA: 1s - loss: 0.4092 - acc: 0.8199
 704/1424 [=============>................] - ETA: 1s - loss: 0.4068 - acc: 0.8239
 736/1424 [==============>...............] - ETA: 1s - loss: 0.4048 - acc: 0.8247
 768/1424 [===============>..............] - ETA: 1s - loss: 0.4027 - acc: 0.8281
 800/1424 [===============>..............] - ETA: 1s - loss: 0.4025 - acc: 0.8275
 832/1424 [================>.............] - ETA: 1s - loss: 0.4149 - acc: 0.8257
 864/1424 [=================>............] - ETA: 0s - loss: 0.4151 - acc: 0.8252
 896/1424 [=================>............] - ETA: 0s - loss: 0.4222 - acc: 0.8203
 928/1424 [==================>...........] - ETA: 0s - loss: 0.4241 - acc: 0.8157
 960/1424 [===================>..........] - ETA: 0s - loss: 0.4242 - acc: 0.8156
 992/1424 [===================>..........] - ETA: 0s - loss: 0.4269 - acc: 0.8155
1024/1424 [====================>.........] - ETA: 0s - loss: 0.4256 - acc: 0.8164
1056/1424 [=====================>........] - ETA: 0s - loss: 0.4209 - acc: 0.8191
1088/1424 [=====================>........] - ETA: 0s - loss: 0.4221 - acc: 0.8189
1120/1424 [======================>.......] - ETA: 0s - loss: 0.4252 - acc: 0.8152
1152/1424 [=======================>......] - ETA: 0s - loss: 0.4229 - acc: 0.8168
1184/1424 [=======================>......] - ETA: 0s - loss: 0.4211 - acc: 0.8176
1216/1424 [========================>.....] - ETA: 0s - loss: 0.4201 - acc: 0.8174
1248/1424 [=========================>....] - ETA: 0s - loss: 0.4199 - acc: 0.8181
1280/1424 [=========================>....] - ETA: 0s - loss: 0.4213 - acc: 0.8180
1312/1424 [==========================>...] - ETA: 0s - loss: 0.4188 - acc: 0.8194
1344/1424 [===========================>..] - ETA: 0s - loss: 0.4199 - acc: 0.8185
1376/1424 [===========================>..] - ETA: 0s - loss: 0.4209 - acc: 0.8176
1408/1424 [============================>.] - ETA: 0s - loss: 0.4247 - acc: 0.8146
1424/1424 [==============================] - 5s 4ms/step - loss: 0.4263 - acc: 0.8132 - val_loss: 0.3980 - val_acc: 0.8475
Epoch 12/1000

  32/1424 [..............................] - ETA: 2s - loss: 0.5466 - acc: 0.7500
  64/1424 [>.............................] - ETA: 2s - loss: 0.4052 - acc: 0.8438
  96/1424 [=>............................] - ETA: 2s - loss: 0.4131 - acc: 0.8229
 128/1424 [=>............................] - ETA: 2s - loss: 0.4124 - acc: 0.8125
 160/1424 [==>...........................] - ETA: 2s - loss: 0.4104 - acc: 0.8187
 192/1424 [===>..........................] - ETA: 2s - loss: 0.3850 - acc: 0.8333
 224/1424 [===>..........................] - ETA: 2s - loss: 0.3852 - acc: 0.8259
 256/1424 [====>.........................] - ETA: 2s - loss: 0.3849 - acc: 0.8242
 288/1424 [=====>........................] - ETA: 1s - loss: 0.3993 - acc: 0.8160
 320/1424 [=====>........................] - ETA: 1s - loss: 0.3944 - acc: 0.8187
 352/1424 [======>.......................] - ETA: 1s - loss: 0.3841 - acc: 0.8267
 384/1424 [=======>......................] - ETA: 1s - loss: 0.3900 - acc: 0.8125
 416/1424 [=======>......................] - ETA: 1s - loss: 0.3858 - acc: 0.8149
 448/1424 [========>.....................] - ETA: 1s - loss: 0.3787 - acc: 0.8214
 480/1424 [=========>....................] - ETA: 1s - loss: 0.3843 - acc: 0.8208
 512/1424 [=========>....................] - ETA: 1s - loss: 0.3861 - acc: 0.8203
 544/1424 [==========>...................] - ETA: 1s - loss: 0.3816 - acc: 0.8254
 576/1424 [===========>..................] - ETA: 1s - loss: 0.3736 - acc: 0.8316
 608/1424 [===========>..................] - ETA: 1s - loss: 0.3754 - acc: 0.8306
 640/1424 [============>.................] - ETA: 1s - loss: 0.3891 - acc: 0.8250
 672/1424 [=============>................] - ETA: 1s - loss: 0.3939 - acc: 0.8259
 704/1424 [=============>................] - ETA: 1s - loss: 0.4000 - acc: 0.8239
 736/1424 [==============>...............] - ETA: 1s - loss: 0.4010 - acc: 0.8234
 768/1424 [===============>..............] - ETA: 1s - loss: 0.4004 - acc: 0.8229
 800/1424 [===============>..............] - ETA: 1s - loss: 0.3985 - acc: 0.8250
 832/1424 [================>.............] - ETA: 1s - loss: 0.3982 - acc: 0.8257
 864/1424 [=================>............] - ETA: 0s - loss: 0.3978 - acc: 0.8241
 896/1424 [=================>............] - ETA: 0s - loss: 0.3976 - acc: 0.8259
 928/1424 [==================>...........] - ETA: 0s - loss: 0.3993 - acc: 0.8244
 960/1424 [===================>..........] - ETA: 0s - loss: 0.4018 - acc: 0.8250
 992/1424 [===================>..........] - ETA: 0s - loss: 0.4063 - acc: 0.8236
1024/1424 [====================>.........] - ETA: 0s - loss: 0.4119 - acc: 0.8232
1056/1424 [=====================>........] - ETA: 0s - loss: 0.4131 - acc: 0.8220
1088/1424 [=====================>........] - ETA: 0s - loss: 0.4127 - acc: 0.8217
1120/1424 [======================>.......] - ETA: 0s - loss: 0.4112 - acc: 0.8223
1152/1424 [=======================>......] - ETA: 0s - loss: 0.4084 - acc: 0.8238
1184/1424 [=======================>......] - ETA: 0s - loss: 0.4096 - acc: 0.8226
1216/1424 [========================>.....] - ETA: 0s - loss: 0.4093 - acc: 0.8248
1248/1424 [=========================>....] - ETA: 0s - loss: 0.4115 - acc: 0.8229
1280/1424 [=========================>....] - ETA: 0s - loss: 0.4095 - acc: 0.8250
1312/1424 [==========================>...] - ETA: 0s - loss: 0.4126 - acc: 0.8239
1344/1424 [===========================>..] - ETA: 0s - loss: 0.4107 - acc: 0.8244
1376/1424 [===========================>..] - ETA: 0s - loss: 0.4074 - acc: 0.8270
1408/1424 [============================>.] - ETA: 0s - loss: 0.4099 - acc: 0.8253
1424/1424 [==============================] - 5s 4ms/step - loss: 0.4128 - acc: 0.8237 - val_loss: 0.3952 - val_acc: 0.8333
Epoch 13/1000

  32/1424 [..............................] - ETA: 2s - loss: 0.4218 - acc: 0.8438
  64/1424 [>.............................] - ETA: 2s - loss: 0.4567 - acc: 0.8125
  96/1424 [=>............................] - ETA: 2s - loss: 0.4205 - acc: 0.8333
 128/1424 [=>............................] - ETA: 2s - loss: 0.4215 - acc: 0.8203
 160/1424 [==>...........................] - ETA: 2s - loss: 0.4693 - acc: 0.7937
 192/1424 [===>..........................] - ETA: 2s - loss: 0.4514 - acc: 0.8073
 224/1424 [===>..........................] - ETA: 2s - loss: 0.4528 - acc: 0.7991
 256/1424 [====>.........................] - ETA: 2s - loss: 0.4390 - acc: 0.8086
 288/1424 [=====>........................] - ETA: 1s - loss: 0.4226 - acc: 0.8194
 320/1424 [=====>........................] - ETA: 1s - loss: 0.4479 - acc: 0.8031
 352/1424 [======>.......................] - ETA: 1s - loss: 0.4451 - acc: 0.8040
 384/1424 [=======>......................] - ETA: 1s - loss: 0.4349 - acc: 0.8125
 416/1424 [=======>......................] - ETA: 1s - loss: 0.4340 - acc: 0.8077
 448/1424 [========>.....................] - ETA: 1s - loss: 0.4325 - acc: 0.8058
 480/1424 [=========>....................] - ETA: 1s - loss: 0.4376 - acc: 0.8000
 512/1424 [=========>....................] - ETA: 1s - loss: 0.4484 - acc: 0.8008
 544/1424 [==========>...................] - ETA: 1s - loss: 0.4509 - acc: 0.7996
 576/1424 [===========>..................] - ETA: 1s - loss: 0.4480 - acc: 0.8038
 608/1424 [===========>..................] - ETA: 1s - loss: 0.4428 - acc: 0.8076
 640/1424 [============>.................] - ETA: 1s - loss: 0.4322 - acc: 0.8125
 672/1424 [=============>................] - ETA: 1s - loss: 0.4263 - acc: 0.8125
 704/1424 [=============>................] - ETA: 1s - loss: 0.4268 - acc: 0.8111
 736/1424 [==============>...............] - ETA: 1s - loss: 0.4235 - acc: 0.8139
 768/1424 [===============>..............] - ETA: 1s - loss: 0.4169 - acc: 0.8190
 800/1424 [===============>..............] - ETA: 1s - loss: 0.4235 - acc: 0.8187
 832/1424 [================>.............] - ETA: 1s - loss: 0.4228 - acc: 0.8185
 864/1424 [=================>............] - ETA: 0s - loss: 0.4216 - acc: 0.8194
 896/1424 [=================>............] - ETA: 0s - loss: 0.4175 - acc: 0.8225
 928/1424 [==================>...........] - ETA: 0s - loss: 0.4215 - acc: 0.8200
 960/1424 [===================>..........] - ETA: 0s - loss: 0.4243 - acc: 0.8167
 992/1424 [===================>..........] - ETA: 0s - loss: 0.4258 - acc: 0.8175
1024/1424 [====================>.........] - ETA: 0s - loss: 0.4299 - acc: 0.8154
1056/1424 [=====================>........] - ETA: 0s - loss: 0.4285 - acc: 0.8144
1088/1424 [=====================>........] - ETA: 0s - loss: 0.4254 - acc: 0.8143
1120/1424 [======================>.......] - ETA: 0s - loss: 0.4201 - acc: 0.8179
1152/1424 [=======================>......] - ETA: 0s - loss: 0.4214 - acc: 0.8186
1184/1424 [=======================>......] - ETA: 0s - loss: 0.4177 - acc: 0.8201
1216/1424 [========================>.....] - ETA: 0s - loss: 0.4130 - acc: 0.8224
1248/1424 [=========================>....] - ETA: 0s - loss: 0.4134 - acc: 0.8221
1280/1424 [=========================>....] - ETA: 0s - loss: 0.4100 - acc: 0.8250
1312/1424 [==========================>...] - ETA: 0s - loss: 0.4105 - acc: 0.8232
1344/1424 [===========================>..] - ETA: 0s - loss: 0.4127 - acc: 0.8222
1376/1424 [===========================>..] - ETA: 0s - loss: 0.4137 - acc: 0.8205
1408/1424 [============================>.] - ETA: 0s - loss: 0.4188 - acc: 0.8175
1424/1424 [==============================] - 5s 4ms/step - loss: 0.4195 - acc: 0.8167 - val_loss: 0.3607 - val_acc: 0.8503
Epoch 14/1000

  32/1424 [..............................] - ETA: 2s - loss: 0.3316 - acc: 0.8750
  64/1424 [>.............................] - ETA: 2s - loss: 0.3665 - acc: 0.8750
  96/1424 [=>............................] - ETA: 2s - loss: 0.4200 - acc: 0.8333
 128/1424 [=>............................] - ETA: 2s - loss: 0.3977 - acc: 0.8281
 160/1424 [==>...........................] - ETA: 2s - loss: 0.4097 - acc: 0.8187
 192/1424 [===>..........................] - ETA: 2s - loss: 0.4087 - acc: 0.8333
 224/1424 [===>..........................] - ETA: 2s - loss: 0.4006 - acc: 0.8259
 256/1424 [====>.........................] - ETA: 2s - loss: 0.4022 - acc: 0.8242
 288/1424 [=====>........................] - ETA: 1s - loss: 0.4084 - acc: 0.8229
 320/1424 [=====>........................] - ETA: 1s - loss: 0.4148 - acc: 0.8187
 352/1424 [======>.......................] - ETA: 1s - loss: 0.3997 - acc: 0.8239
 384/1424 [=======>......................] - ETA: 1s - loss: 0.4088 - acc: 0.8255
 416/1424 [=======>......................] - ETA: 1s - loss: 0.4075 - acc: 0.8269
 448/1424 [========>.....................] - ETA: 1s - loss: 0.4086 - acc: 0.8259
 480/1424 [=========>....................] - ETA: 1s - loss: 0.4099 - acc: 0.8208
 512/1424 [=========>....................] - ETA: 1s - loss: 0.4061 - acc: 0.8223
 544/1424 [==========>...................] - ETA: 1s - loss: 0.4029 - acc: 0.8217
 576/1424 [===========>..................] - ETA: 1s - loss: 0.3922 - acc: 0.8281
 608/1424 [===========>..................] - ETA: 1s - loss: 0.3958 - acc: 0.8289
 640/1424 [============>.................] - ETA: 1s - loss: 0.3980 - acc: 0.8234
 672/1424 [=============>................] - ETA: 1s - loss: 0.3926 - acc: 0.8259
 704/1424 [=============>................] - ETA: 1s - loss: 0.3915 - acc: 0.8281
 736/1424 [==============>...............] - ETA: 1s - loss: 0.3906 - acc: 0.8288
 768/1424 [===============>..............] - ETA: 1s - loss: 0.3932 - acc: 0.8294
 800/1424 [===============>..............] - ETA: 1s - loss: 0.3950 - acc: 0.8287
 832/1424 [================>.............] - ETA: 1s - loss: 0.4017 - acc: 0.8257
 864/1424 [=================>............] - ETA: 0s - loss: 0.3974 - acc: 0.8287
 896/1424 [=================>............] - ETA: 0s - loss: 0.3944 - acc: 0.8292
 928/1424 [==================>...........] - ETA: 0s - loss: 0.3979 - acc: 0.8287
 960/1424 [===================>..........] - ETA: 0s - loss: 0.4001 - acc: 0.8281
 992/1424 [===================>..........] - ETA: 0s - loss: 0.4034 - acc: 0.8276
1024/1424 [====================>.........] - ETA: 0s - loss: 0.4021 - acc: 0.8291
1056/1424 [=====================>........] - ETA: 0s - loss: 0.4021 - acc: 0.8286
1088/1424 [=====================>........] - ETA: 0s - loss: 0.4038 - acc: 0.8272
1120/1424 [======================>.......] - ETA: 0s - loss: 0.4037 - acc: 0.8268
1152/1424 [=======================>......] - ETA: 0s - loss: 0.4111 - acc: 0.8238
1184/1424 [=======================>......] - ETA: 0s - loss: 0.4068 - acc: 0.8269
1216/1424 [========================>.....] - ETA: 0s - loss: 0.4093 - acc: 0.8248
1248/1424 [=========================>....] - ETA: 0s - loss: 0.4074 - acc: 0.8269
1280/1424 [=========================>....] - ETA: 0s - loss: 0.4093 - acc: 0.8273
1312/1424 [==========================>...] - ETA: 0s - loss: 0.4127 - acc: 0.8247
1344/1424 [===========================>..] - ETA: 0s - loss: 0.4148 - acc: 0.8229
1376/1424 [===========================>..] - ETA: 0s - loss: 0.4118 - acc: 0.8241
1408/1424 [============================>.] - ETA: 0s - loss: 0.4125 - acc: 0.8239
1424/1424 [==============================] - 5s 4ms/step - loss: 0.4131 - acc: 0.8230 - val_loss: 0.3872 - val_acc: 0.8489
Epoch 15/1000

  32/1424 [..............................] - ETA: 2s - loss: 0.4386 - acc: 0.8438
  64/1424 [>.............................] - ETA: 2s - loss: 0.4203 - acc: 0.8438
  96/1424 [=>............................] - ETA: 2s - loss: 0.3845 - acc: 0.8542
 128/1424 [=>............................] - ETA: 2s - loss: 0.3856 - acc: 0.8359
 160/1424 [==>...........................] - ETA: 2s - loss: 0.4138 - acc: 0.8125
 192/1424 [===>..........................] - ETA: 2s - loss: 0.3993 - acc: 0.8229
 224/1424 [===>..........................] - ETA: 2s - loss: 0.4192 - acc: 0.8036
 256/1424 [====>.........................] - ETA: 2s - loss: 0.4083 - acc: 0.8125
 288/1424 [=====>........................] - ETA: 1s - loss: 0.4169 - acc: 0.7986
 320/1424 [=====>........................] - ETA: 1s - loss: 0.4084 - acc: 0.8031
 352/1424 [======>.......................] - ETA: 1s - loss: 0.4144 - acc: 0.7955
 384/1424 [=======>......................] - ETA: 1s - loss: 0.4050 - acc: 0.7969
 416/1424 [=======>......................] - ETA: 1s - loss: 0.4066 - acc: 0.8005
 448/1424 [========>.....................] - ETA: 1s - loss: 0.4190 - acc: 0.7969
 480/1424 [=========>....................] - ETA: 1s - loss: 0.4161 - acc: 0.7979
 512/1424 [=========>....................] - ETA: 1s - loss: 0.4210 - acc: 0.7969
 544/1424 [==========>...................] - ETA: 1s - loss: 0.4199 - acc: 0.7996
 576/1424 [===========>..................] - ETA: 1s - loss: 0.4139 - acc: 0.8021
 608/1424 [===========>..................] - ETA: 1s - loss: 0.4201 - acc: 0.7993
 640/1424 [============>.................] - ETA: 1s - loss: 0.4165 - acc: 0.8063
 672/1424 [=============>................] - ETA: 1s - loss: 0.4212 - acc: 0.8036
 704/1424 [=============>................] - ETA: 1s - loss: 0.4234 - acc: 0.8026
 736/1424 [==============>...............] - ETA: 1s - loss: 0.4296 - acc: 0.8003
 768/1424 [===============>..............] - ETA: 1s - loss: 0.4208 - acc: 0.8060
 800/1424 [===============>..............] - ETA: 1s - loss: 0.4210 - acc: 0.8087
 832/1424 [================>.............] - ETA: 1s - loss: 0.4267 - acc: 0.8065
 864/1424 [=================>............] - ETA: 0s - loss: 0.4265 - acc: 0.8079
 896/1424 [=================>............] - ETA: 0s - loss: 0.4230 - acc: 0.8080
 928/1424 [==================>...........] - ETA: 0s - loss: 0.4243 - acc: 0.8060
 960/1424 [===================>..........] - ETA: 0s - loss: 0.4251 - acc: 0.8042
 992/1424 [===================>..........] - ETA: 0s - loss: 0.4193 - acc: 0.8085
1024/1424 [====================>.........] - ETA: 0s - loss: 0.4180 - acc: 0.8096
1056/1424 [=====================>........] - ETA: 0s - loss: 0.4131 - acc: 0.8134
1088/1424 [=====================>........] - ETA: 0s - loss: 0.4171 - acc: 0.8107
1120/1424 [======================>.......] - ETA: 0s - loss: 0.4207 - acc: 0.8089
1152/1424 [=======================>......] - ETA: 0s - loss: 0.4193 - acc: 0.8108
1184/1424 [=======================>......] - ETA: 0s - loss: 0.4183 - acc: 0.8125
1216/1424 [========================>.....] - ETA: 0s - loss: 0.4165 - acc: 0.8133
1248/1424 [=========================>....] - ETA: 0s - loss: 0.4157 - acc: 0.8141
1280/1424 [=========================>....] - ETA: 0s - loss: 0.4127 - acc: 0.8141
1312/1424 [==========================>...] - ETA: 0s - loss: 0.4106 - acc: 0.8148
1344/1424 [===========================>..] - ETA: 0s - loss: 0.4097 - acc: 0.8162
1376/1424 [===========================>..] - ETA: 0s - loss: 0.4072 - acc: 0.8183
1408/1424 [============================>.] - ETA: 0s - loss: 0.4081 - acc: 0.8182
1424/1424 [==============================] - 5s 4ms/step - loss: 0.4111 - acc: 0.8160 - val_loss: 0.3984 - val_acc: 0.8531
Epoch 16/1000

  32/1424 [..............................] - ETA: 2s - loss: 0.3005 - acc: 0.8750
  64/1424 [>.............................] - ETA: 2s - loss: 0.4537 - acc: 0.7656
  96/1424 [=>............................] - ETA: 2s - loss: 0.4842 - acc: 0.7812
 128/1424 [=>............................] - ETA: 2s - loss: 0.4757 - acc: 0.7891
 160/1424 [==>...........................] - ETA: 2s - loss: 0.4619 - acc: 0.8000
 192/1424 [===>..........................] - ETA: 2s - loss: 0.4412 - acc: 0.8073
 224/1424 [===>..........................] - ETA: 2s - loss: 0.4439 - acc: 0.8036
 256/1424 [====>.........................] - ETA: 2s - loss: 0.4596 - acc: 0.7969
 288/1424 [=====>........................] - ETA: 1s - loss: 0.4405 - acc: 0.8090
 320/1424 [=====>........................] - ETA: 1s - loss: 0.4345 - acc: 0.8094
 352/1424 [======>.......................] - ETA: 1s - loss: 0.4484 - acc: 0.8097
 384/1424 [=======>......................] - ETA: 1s - loss: 0.4689 - acc: 0.8021
 416/1424 [=======>......................] - ETA: 1s - loss: 0.4662 - acc: 0.8053
 448/1424 [========>.....................] - ETA: 1s - loss: 0.4625 - acc: 0.8058
 480/1424 [=========>....................] - ETA: 1s - loss: 0.4531 - acc: 0.8125
 512/1424 [=========>....................] - ETA: 1s - loss: 0.4448 - acc: 0.8184
 544/1424 [==========>...................] - ETA: 1s - loss: 0.4432 - acc: 0.8217
 576/1424 [===========>..................] - ETA: 1s - loss: 0.4393 - acc: 0.8229
 608/1424 [===========>..................] - ETA: 1s - loss: 0.4378 - acc: 0.8240
 640/1424 [============>.................] - ETA: 1s - loss: 0.4366 - acc: 0.8234
 672/1424 [=============>................] - ETA: 1s - loss: 0.4328 - acc: 0.8244
 704/1424 [=============>................] - ETA: 1s - loss: 0.4264 - acc: 0.8267
 736/1424 [==============>...............] - ETA: 1s - loss: 0.4208 - acc: 0.8288
 768/1424 [===============>..............] - ETA: 1s - loss: 0.4204 - acc: 0.8268
 800/1424 [===============>..............] - ETA: 1s - loss: 0.4145 - acc: 0.8300
 832/1424 [================>.............] - ETA: 1s - loss: 0.4154 - acc: 0.8293
 864/1424 [=================>............] - ETA: 0s - loss: 0.4138 - acc: 0.8310
 896/1424 [=================>............] - ETA: 0s - loss: 0.4118 - acc: 0.8292
 928/1424 [==================>...........] - ETA: 0s - loss: 0.4236 - acc: 0.8244
 960/1424 [===================>..........] - ETA: 0s - loss: 0.4201 - acc: 0.8271
 992/1424 [===================>..........] - ETA: 0s - loss: 0.4179 - acc: 0.8276
1024/1424 [====================>.........] - ETA: 0s - loss: 0.4134 - acc: 0.8301
1056/1424 [=====================>........] - ETA: 0s - loss: 0.4175 - acc: 0.8267
1088/1424 [=====================>........] - ETA: 0s - loss: 0.4130 - acc: 0.8300
1120/1424 [======================>.......] - ETA: 0s - loss: 0.4110 - acc: 0.8286
1152/1424 [=======================>......] - ETA: 0s - loss: 0.4134 - acc: 0.8273
1184/1424 [=======================>......] - ETA: 0s - loss: 0.4096 - acc: 0.8285
1216/1424 [========================>.....] - ETA: 0s - loss: 0.4083 - acc: 0.8273
1248/1424 [=========================>....] - ETA: 0s - loss: 0.4098 - acc: 0.8269
1280/1424 [=========================>....] - ETA: 0s - loss: 0.4081 - acc: 0.8289
1312/1424 [==========================>...] - ETA: 0s - loss: 0.4051 - acc: 0.8293
1344/1424 [===========================>..] - ETA: 0s - loss: 0.4012 - acc: 0.8311
1376/1424 [===========================>..] - ETA: 0s - loss: 0.4055 - acc: 0.8299
1408/1424 [============================>.] - ETA: 0s - loss: 0.4052 - acc: 0.8303
1424/1424 [==============================] - 5s 4ms/step - loss: 0.4066 - acc: 0.8294 - val_loss: 0.4451 - val_acc: 0.8475
Epoch 17/1000

  32/1424 [..............................] - ETA: 2s - loss: 0.4316 - acc: 0.8438
  64/1424 [>.............................] - ETA: 2s - loss: 0.5114 - acc: 0.7969
  96/1424 [=>............................] - ETA: 2s - loss: 0.4501 - acc: 0.8333
 128/1424 [=>............................] - ETA: 2s - loss: 0.4381 - acc: 0.8281
 160/1424 [==>...........................] - ETA: 2s - loss: 0.4579 - acc: 0.8250
 192/1424 [===>..........................] - ETA: 2s - loss: 0.4403 - acc: 0.8385
 224/1424 [===>..........................] - ETA: 2s - loss: 0.4453 - acc: 0.8348
 256/1424 [====>.........................] - ETA: 2s - loss: 0.4424 - acc: 0.8359
 288/1424 [=====>........................] - ETA: 1s - loss: 0.4440 - acc: 0.8299
 320/1424 [=====>........................] - ETA: 1s - loss: 0.4320 - acc: 0.8281
 352/1424 [======>.......................] - ETA: 1s - loss: 0.4137 - acc: 0.8324
 384/1424 [=======>......................] - ETA: 1s - loss: 0.4114 - acc: 0.8281
 416/1424 [=======>......................] - ETA: 1s - loss: 0.4120 - acc: 0.8269
 448/1424 [========>.....................] - ETA: 1s - loss: 0.4132 - acc: 0.8237
 480/1424 [=========>....................] - ETA: 1s - loss: 0.4209 - acc: 0.8125
 512/1424 [=========>....................] - ETA: 1s - loss: 0.4234 - acc: 0.8125
 544/1424 [==========>...................] - ETA: 1s - loss: 0.4318 - acc: 0.8051
 576/1424 [===========>..................] - ETA: 1s - loss: 0.4223 - acc: 0.8090
 608/1424 [===========>..................] - ETA: 1s - loss: 0.4184 - acc: 0.8125
 640/1424 [============>.................] - ETA: 1s - loss: 0.4184 - acc: 0.8141
 672/1424 [=============>................] - ETA: 1s - loss: 0.4238 - acc: 0.8110
 704/1424 [=============>................] - ETA: 1s - loss: 0.4229 - acc: 0.8125
 736/1424 [==============>...............] - ETA: 1s - loss: 0.4134 - acc: 0.8193
 768/1424 [===============>..............] - ETA: 1s - loss: 0.4124 - acc: 0.8190
 800/1424 [===============>..............] - ETA: 1s - loss: 0.4052 - acc: 0.8225
 832/1424 [================>.............] - ETA: 1s - loss: 0.4003 - acc: 0.8269
 864/1424 [=================>............] - ETA: 0s - loss: 0.4091 - acc: 0.8252
 896/1424 [=================>............] - ETA: 0s - loss: 0.4113 - acc: 0.8248
 928/1424 [==================>...........] - ETA: 0s - loss: 0.4090 - acc: 0.8276
 960/1424 [===================>..........] - ETA: 0s - loss: 0.4086 - acc: 0.8271
 992/1424 [===================>..........] - ETA: 0s - loss: 0.4120 - acc: 0.8236
1024/1424 [====================>.........] - ETA: 0s - loss: 0.4104 - acc: 0.8252
1056/1424 [=====================>........] - ETA: 0s - loss: 0.4083 - acc: 0.8267
1088/1424 [=====================>........] - ETA: 0s - loss: 0.4052 - acc: 0.8281
1120/1424 [======================>.......] - ETA: 0s - loss: 0.4085 - acc: 0.8277
1152/1424 [=======================>......] - ETA: 0s - loss: 0.4063 - acc: 0.8290
1184/1424 [=======================>......] - ETA: 0s - loss: 0.4058 - acc: 0.8269
1216/1424 [========================>.....] - ETA: 0s - loss: 0.4012 - acc: 0.8281
1248/1424 [=========================>....] - ETA: 0s - loss: 0.4073 - acc: 0.8245
1280/1424 [=========================>....] - ETA: 0s - loss: 0.4055 - acc: 0.8250
1312/1424 [==========================>...] - ETA: 0s - loss: 0.4030 - acc: 0.8262
1344/1424 [===========================>..] - ETA: 0s - loss: 0.3993 - acc: 0.8289
1376/1424 [===========================>..] - ETA: 0s - loss: 0.4014 - acc: 0.8263
1408/1424 [============================>.] - ETA: 0s - loss: 0.4025 - acc: 0.8253
1424/1424 [==============================] - 5s 4ms/step - loss: 0.4021 - acc: 0.8258 - val_loss: 8.0590 - val_acc: 0.5000
Epoch 18/1000

  32/1424 [..............................] - ETA: 2s - loss: 0.4242 - acc: 0.7812
  64/1424 [>.............................] - ETA: 2s - loss: 0.3792 - acc: 0.8281
  96/1424 [=>............................] - ETA: 2s - loss: 0.3988 - acc: 0.7917
 128/1424 [=>............................] - ETA: 2s - loss: 0.4373 - acc: 0.7891
 160/1424 [==>...........................] - ETA: 2s - loss: 0.4327 - acc: 0.8000
 192/1424 [===>..........................] - ETA: 2s - loss: 0.4164 - acc: 0.8073
 224/1424 [===>..........................] - ETA: 2s - loss: 0.4065 - acc: 0.8125
 256/1424 [====>.........................] - ETA: 2s - loss: 0.3835 - acc: 0.8281
 288/1424 [=====>........................] - ETA: 1s - loss: 0.3802 - acc: 0.8333
 320/1424 [=====>........................] - ETA: 1s - loss: 0.3768 - acc: 0.8375
 352/1424 [======>.......................] - ETA: 1s - loss: 0.4029 - acc: 0.8210
 384/1424 [=======>......................] - ETA: 1s - loss: 0.4208 - acc: 0.8047
 416/1424 [=======>......................] - ETA: 1s - loss: 0.4174 - acc: 0.8077
 448/1424 [========>.....................] - ETA: 1s - loss: 0.4093 - acc: 0.8147
 480/1424 [=========>....................] - ETA: 1s - loss: 0.4246 - acc: 0.8104
 512/1424 [=========>....................] - ETA: 1s - loss: 0.4135 - acc: 0.8125
 544/1424 [==========>...................] - ETA: 1s - loss: 0.4151 - acc: 0.8107
 576/1424 [===========>..................] - ETA: 1s - loss: 0.4124 - acc: 0.8142
 608/1424 [===========>..................] - ETA: 1s - loss: 0.4120 - acc: 0.8141
 640/1424 [============>.................] - ETA: 1s - loss: 0.4091 - acc: 0.8141
 672/1424 [=============>................] - ETA: 1s - loss: 0.4013 - acc: 0.8199
 704/1424 [=============>................] - ETA: 1s - loss: 0.3934 - acc: 0.8253
 736/1424 [==============>...............] - ETA: 1s - loss: 0.3924 - acc: 0.8247
 768/1424 [===============>..............] - ETA: 1s - loss: 0.3976 - acc: 0.8229
 800/1424 [===============>..............] - ETA: 1s - loss: 0.4180 - acc: 0.8213
 832/1424 [================>.............] - ETA: 1s - loss: 0.4201 - acc: 0.8209
 864/1424 [=================>............] - ETA: 0s - loss: 0.4190 - acc: 0.8183
 896/1424 [=================>............] - ETA: 0s - loss: 0.4299 - acc: 0.8181
 928/1424 [==================>...........] - ETA: 0s - loss: 0.4356 - acc: 0.8200
 960/1424 [===================>..........] - ETA: 0s - loss: 0.4357 - acc: 0.8187
 992/1424 [===================>..........] - ETA: 0s - loss: 0.4331 - acc: 0.8216
1024/1424 [====================>.........] - ETA: 0s - loss: 0.4347 - acc: 0.8213
1056/1424 [=====================>........] - ETA: 0s - loss: 0.4321 - acc: 0.8210
1088/1424 [=====================>........] - ETA: 0s - loss: 0.4378 - acc: 0.8171
1120/1424 [======================>.......] - ETA: 0s - loss: 0.4373 - acc: 0.8161
1152/1424 [=======================>......] - ETA: 0s - loss: 0.4337 - acc: 0.8177
1184/1424 [=======================>......] - ETA: 0s - loss: 0.4314 - acc: 0.8184
1216/1424 [========================>.....] - ETA: 0s - loss: 0.4303 - acc: 0.8174
1248/1424 [=========================>....] - ETA: 0s - loss: 0.4313 - acc: 0.8149
1280/1424 [=========================>....] - ETA: 0s - loss: 0.4307 - acc: 0.8141
1312/1424 [==========================>...] - ETA: 0s - loss: 0.4312 - acc: 0.8140
1344/1424 [===========================>..] - ETA: 0s - loss: 0.4294 - acc: 0.8147
1376/1424 [===========================>..] - ETA: 0s - loss: 0.4311 - acc: 0.8132
1408/1424 [============================>.] - ETA: 0s - loss: 0.4308 - acc: 0.8132
1424/1424 [==============================] - 5s 4ms/step - loss: 0.4323 - acc: 0.8118 - val_loss: 0.9274 - val_acc: 0.7811
Epoch 19/1000

  32/1424 [..............................] - ETA: 2s - loss: 0.5368 - acc: 0.6875
  64/1424 [>.............................] - ETA: 2s - loss: 0.5061 - acc: 0.7031
  96/1424 [=>............................] - ETA: 2s - loss: 0.6034 - acc: 0.7292
 128/1424 [=>............................] - ETA: 2s - loss: 0.6060 - acc: 0.7578
 160/1424 [==>...........................] - ETA: 2s - loss: 0.5994 - acc: 0.7688
 192/1424 [===>..........................] - ETA: 2s - loss: 0.5667 - acc: 0.7708
 224/1424 [===>..........................] - ETA: 2s - loss: 0.5346 - acc: 0.7857
 256/1424 [====>.........................] - ETA: 2s - loss: 0.5329 - acc: 0.7930
 288/1424 [=====>........................] - ETA: 1s - loss: 0.5115 - acc: 0.8021
 320/1424 [=====>........................] - ETA: 1s - loss: 0.5051 - acc: 0.8000
 352/1424 [======>.......................] - ETA: 1s - loss: 0.5090 - acc: 0.7983
 384/1424 [=======>......................] - ETA: 1s - loss: 0.5044 - acc: 0.7943
 416/1424 [=======>......................] - ETA: 1s - loss: 0.5009 - acc: 0.7957
 448/1424 [========>.....................] - ETA: 1s - loss: 0.5015 - acc: 0.7924
 480/1424 [=========>....................] - ETA: 1s - loss: 0.4928 - acc: 0.7958
 512/1424 [=========>....................] - ETA: 1s - loss: 0.4910 - acc: 0.7969
 544/1424 [==========>...................] - ETA: 1s - loss: 0.4852 - acc: 0.7996
 576/1424 [===========>..................] - ETA: 1s - loss: 0.4893 - acc: 0.7934
 608/1424 [===========>..................] - ETA: 1s - loss: 0.4923 - acc: 0.7878
 640/1424 [============>.................] - ETA: 1s - loss: 0.4889 - acc: 0.7891
 672/1424 [=============>................] - ETA: 1s - loss: 0.4783 - acc: 0.7961
 704/1424 [=============>................] - ETA: 1s - loss: 0.4826 - acc: 0.7912
 736/1424 [==============>...............] - ETA: 1s - loss: 0.4791 - acc: 0.7948
 768/1424 [===============>..............] - ETA: 1s - loss: 0.4801 - acc: 0.7930
 800/1424 [===============>..............] - ETA: 1s - loss: 0.4773 - acc: 0.7937
 832/1424 [================>.............] - ETA: 1s - loss: 0.4742 - acc: 0.7969
 864/1424 [=================>............] - ETA: 0s - loss: 0.4762 - acc: 0.7975
 896/1424 [=================>............] - ETA: 0s - loss: 0.4709 - acc: 0.8002
 928/1424 [==================>...........] - ETA: 0s - loss: 0.4699 - acc: 0.7996
 960/1424 [===================>..........] - ETA: 0s - loss: 0.4666 - acc: 0.8010
 992/1424 [===================>..........] - ETA: 0s - loss: 0.4632 - acc: 0.8034
1024/1424 [====================>.........] - ETA: 0s - loss: 0.4612 - acc: 0.8037
1056/1424 [=====================>........] - ETA: 0s - loss: 0.4573 - acc: 0.8049
1088/1424 [=====================>........] - ETA: 0s - loss: 0.4585 - acc: 0.8015
1120/1424 [======================>.......] - ETA: 0s - loss: 0.4566 - acc: 0.8036
1152/1424 [=======================>......] - ETA: 0s - loss: 0.4526 - acc: 0.8073
1184/1424 [=======================>......] - ETA: 0s - loss: 0.4503 - acc: 0.8100
1216/1424 [========================>.....] - ETA: 0s - loss: 0.4479 - acc: 0.8117
1248/1424 [=========================>....] - ETA: 0s - loss: 0.4441 - acc: 0.8141
1280/1424 [=========================>....] - ETA: 0s - loss: 0.4411 - acc: 0.8148
1312/1424 [==========================>...] - ETA: 0s - loss: 0.4407 - acc: 0.8148
1344/1424 [===========================>..] - ETA: 0s - loss: 0.4373 - acc: 0.8162
1376/1424 [===========================>..] - ETA: 0s - loss: 0.4361 - acc: 0.8147
1408/1424 [============================>.] - ETA: 0s - loss: 0.4339 - acc: 0.8153
1424/1424 [==============================] - 5s 4ms/step - loss: 0.4367 - acc: 0.8132 - val_loss: 0.4675 - val_acc: 0.8390
Epoch 20/1000

  32/1424 [..............................] - ETA: 2s - loss: 0.2992 - acc: 0.8438
  64/1424 [>.............................] - ETA: 2s - loss: 0.3586 - acc: 0.8281
  96/1424 [=>............................] - ETA: 2s - loss: 0.3834 - acc: 0.8333
 128/1424 [=>............................] - ETA: 2s - loss: 0.4210 - acc: 0.8203
 160/1424 [==>...........................] - ETA: 2s - loss: 0.5356 - acc: 0.7937
 192/1424 [===>..........................] - ETA: 2s - loss: 0.5272 - acc: 0.7865
 224/1424 [===>..........................] - ETA: 2s - loss: 0.4971 - acc: 0.8036
 256/1424 [====>.........................] - ETA: 2s - loss: 0.4706 - acc: 0.8125
 288/1424 [=====>........................] - ETA: 1s - loss: 0.4486 - acc: 0.8160
 320/1424 [=====>........................] - ETA: 1s - loss: 0.4603 - acc: 0.8094
 352/1424 [======>.......................] - ETA: 1s - loss: 0.4625 - acc: 0.8040
 384/1424 [=======>......................] - ETA: 1s - loss: 0.4503 - acc: 0.8125
 416/1424 [=======>......................] - ETA: 1s - loss: 0.4453 - acc: 0.8125
 448/1424 [========>.....................] - ETA: 1s - loss: 0.4468 - acc: 0.8103
 480/1424 [=========>....................] - ETA: 1s - loss: 0.4369 - acc: 0.8167
 512/1424 [=========>....................] - ETA: 1s - loss: 0.4478 - acc: 0.8105
 544/1424 [==========>...................] - ETA: 1s - loss: 0.4461 - acc: 0.8107
 576/1424 [===========>..................] - ETA: 1s - loss: 0.4490 - acc: 0.8073
 608/1424 [===========>..................] - ETA: 1s - loss: 0.4452 - acc: 0.8125
 640/1424 [============>.................] - ETA: 1s - loss: 0.4446 - acc: 0.8141
 672/1424 [=============>................] - ETA: 1s - loss: 0.4410 - acc: 0.8140
 704/1424 [=============>................] - ETA: 1s - loss: 0.4340 - acc: 0.8196
 736/1424 [==============>...............] - ETA: 1s - loss: 0.4339 - acc: 0.8179
 768/1424 [===============>..............] - ETA: 1s - loss: 0.4362 - acc: 0.8177
 800/1424 [===============>..............] - ETA: 1s - loss: 0.4318 - acc: 0.8187
 832/1424 [================>.............] - ETA: 1s - loss: 0.4309 - acc: 0.8209
 864/1424 [=================>............] - ETA: 0s - loss: 0.4268 - acc: 0.8241
 896/1424 [=================>............] - ETA: 0s - loss: 0.4257 - acc: 0.8259
 928/1424 [==================>...........] - ETA: 0s - loss: 0.4249 - acc: 0.8244
 960/1424 [===================>..........] - ETA: 0s - loss: 0.4274 - acc: 0.8208
 992/1424 [===================>..........] - ETA: 0s - loss: 0.4225 - acc: 0.8236
1024/1424 [====================>.........] - ETA: 0s - loss: 0.4173 - acc: 0.8271
1056/1424 [=====================>........] - ETA: 0s - loss: 0.4206 - acc: 0.8267
1088/1424 [=====================>........] - ETA: 0s - loss: 0.4199 - acc: 0.8254
1120/1424 [======================>.......] - ETA: 0s - loss: 0.4187 - acc: 0.8259
1152/1424 [=======================>......] - ETA: 0s - loss: 0.4188 - acc: 0.8247
1184/1424 [=======================>......] - ETA: 0s - loss: 0.4152 - acc: 0.8277
1216/1424 [========================>.....] - ETA: 0s - loss: 0.4185 - acc: 0.8240
1248/1424 [=========================>....] - ETA: 0s - loss: 0.4218 - acc: 0.8237
1280/1424 [=========================>....] - ETA: 0s - loss: 0.4273 - acc: 0.8203
1312/1424 [==========================>...] - ETA: 0s - loss: 0.4267 - acc: 0.8201
1344/1424 [===========================>..] - ETA: 0s - loss: 0.4264 - acc: 0.8222
1376/1424 [===========================>..] - ETA: 0s - loss: 0.4301 - acc: 0.8198
1408/1424 [============================>.] - ETA: 0s - loss: 0.4248 - acc: 0.8224
1424/1424 [==============================] - 5s 4ms/step - loss: 0.4253 - acc: 0.8216 - val_loss: 0.5019 - val_acc: 0.8079
Epoch 21/1000

  32/1424 [..............................] - ETA: 2s - loss: 0.2294 - acc: 0.9375
  64/1424 [>.............................] - ETA: 2s - loss: 0.3334 - acc: 0.8438
  96/1424 [=>............................] - ETA: 2s - loss: 0.4773 - acc: 0.7917
 128/1424 [=>............................] - ETA: 2s - loss: 0.4505 - acc: 0.8125
 160/1424 [==>...........................] - ETA: 2s - loss: 0.4107 - acc: 0.8375
 192/1424 [===>..........................] - ETA: 2s - loss: 0.3902 - acc: 0.8281
 224/1424 [===>..........................] - ETA: 2s - loss: 0.3870 - acc: 0.8393
 256/1424 [====>.........................] - ETA: 2s - loss: 0.4215 - acc: 0.8242
 288/1424 [=====>........................] - ETA: 1s - loss: 0.4253 - acc: 0.8229
 320/1424 [=====>........................] - ETA: 1s - loss: 0.4277 - acc: 0.8187
 352/1424 [======>.......................] - ETA: 1s - loss: 0.4230 - acc: 0.8210
 384/1424 [=======>......................] - ETA: 1s - loss: 0.4191 - acc: 0.8229
 416/1424 [=======>......................] - ETA: 1s - loss: 0.4162 - acc: 0.8245
 448/1424 [========>.....................] - ETA: 1s - loss: 0.4192 - acc: 0.8192
 480/1424 [=========>....................] - ETA: 1s - loss: 0.4200 - acc: 0.8187
 512/1424 [=========>....................] - ETA: 1s - loss: 0.4237 - acc: 0.8203
 544/1424 [==========>...................] - ETA: 1s - loss: 0.4255 - acc: 0.8199
 576/1424 [===========>..................] - ETA: 1s - loss: 0.4228 - acc: 0.8247
 608/1424 [===========>..................] - ETA: 1s - loss: 0.4215 - acc: 0.8240
 640/1424 [============>.................] - ETA: 1s - loss: 0.4201 - acc: 0.8266
 672/1424 [=============>................] - ETA: 1s - loss: 0.4154 - acc: 0.8274
 704/1424 [=============>................] - ETA: 1s - loss: 0.4133 - acc: 0.8310
 736/1424 [==============>...............] - ETA: 1s - loss: 0.4208 - acc: 0.8261
 768/1424 [===============>..............] - ETA: 1s - loss: 0.4176 - acc: 0.8281
 800/1424 [===============>..............] - ETA: 1s - loss: 0.4157 - acc: 0.8287
 832/1424 [================>.............] - ETA: 1s - loss: 0.4183 - acc: 0.8281
 864/1424 [=================>............] - ETA: 0s - loss: 0.4184 - acc: 0.8275
 896/1424 [=================>............] - ETA: 0s - loss: 0.4172 - acc: 0.8259
 928/1424 [==================>...........] - ETA: 0s - loss: 0.4147 - acc: 0.8287
 960/1424 [===================>..........] - ETA: 0s - loss: 0.4145 - acc: 0.8292
 992/1424 [===================>..........] - ETA: 0s - loss: 0.4130 - acc: 0.8296
1024/1424 [====================>.........] - ETA: 0s - loss: 0.4076 - acc: 0.8330
1056/1424 [=====================>........] - ETA: 0s - loss: 0.4066 - acc: 0.8333
1088/1424 [=====================>........] - ETA: 0s - loss: 0.4105 - acc: 0.8327
1120/1424 [======================>.......] - ETA: 0s - loss: 0.4080 - acc: 0.8321
1152/1424 [=======================>......] - ETA: 0s - loss: 0.4069 - acc: 0.8325
1184/1424 [=======================>......] - ETA: 0s - loss: 0.4081 - acc: 0.8328
1216/1424 [========================>.....] - ETA: 0s - loss: 0.4060 - acc: 0.8339
1248/1424 [=========================>....] - ETA: 0s - loss: 0.4042 - acc: 0.8333
1280/1424 [=========================>....] - ETA: 0s - loss: 0.4079 - acc: 0.8305
1312/1424 [==========================>...] - ETA: 0s - loss: 0.4085 - acc: 0.8308
1344/1424 [===========================>..] - ETA: 0s - loss: 0.4062 - acc: 0.8326
1376/1424 [===========================>..] - ETA: 0s - loss: 0.4072 - acc: 0.8314
1408/1424 [============================>.] - ETA: 0s - loss: 0.4087 - acc: 0.8310
1424/1424 [==============================] - 5s 4ms/step - loss: 0.4061 - acc: 0.8322 - val_loss: 0.3752 - val_acc: 0.8460
Epoch 22/1000

  32/1424 [..............................] - ETA: 2s - loss: 0.4190 - acc: 0.8750
  64/1424 [>.............................] - ETA: 2s - loss: 0.3401 - acc: 0.9062
  96/1424 [=>............................] - ETA: 2s - loss: 0.3771 - acc: 0.8750
 128/1424 [=>............................] - ETA: 2s - loss: 0.3563 - acc: 0.8828
 160/1424 [==>...........................] - ETA: 2s - loss: 0.3419 - acc: 0.8812
 192/1424 [===>..........................] - ETA: 2s - loss: 0.3219 - acc: 0.8906
 224/1424 [===>..........................] - ETA: 2s - loss: 0.3211 - acc: 0.8929
 256/1424 [====>.........................] - ETA: 2s - loss: 0.3408 - acc: 0.8789
 288/1424 [=====>........................] - ETA: 1s - loss: 0.3561 - acc: 0.8681
 320/1424 [=====>........................] - ETA: 1s - loss: 0.3701 - acc: 0.8656
 352/1424 [======>.......................] - ETA: 1s - loss: 0.3732 - acc: 0.8665
 384/1424 [=======>......................] - ETA: 1s - loss: 0.3707 - acc: 0.8698
 416/1424 [=======>......................] - ETA: 1s - loss: 0.3704 - acc: 0.8678
 448/1424 [========>.....................] - ETA: 1s - loss: 0.3780 - acc: 0.8594
 480/1424 [=========>....................] - ETA: 1s - loss: 0.3823 - acc: 0.8583
 512/1424 [=========>....................] - ETA: 1s - loss: 0.3745 - acc: 0.8613
 544/1424 [==========>...................] - ETA: 1s - loss: 0.3719 - acc: 0.8640
 576/1424 [===========>..................] - ETA: 1s - loss: 0.3651 - acc: 0.8681
 608/1424 [===========>..................] - ETA: 1s - loss: 0.3750 - acc: 0.8635
 640/1424 [============>.................] - ETA: 1s - loss: 0.3711 - acc: 0.8656
 672/1424 [=============>................] - ETA: 1s - loss: 0.3824 - acc: 0.8586
 704/1424 [=============>................] - ETA: 1s - loss: 0.3809 - acc: 0.8580
 736/1424 [==============>...............] - ETA: 1s - loss: 0.3821 - acc: 0.8587
 768/1424 [===============>..............] - ETA: 1s - loss: 0.3873 - acc: 0.8529
 800/1424 [===============>..............] - ETA: 1s - loss: 0.3866 - acc: 0.8525
 832/1424 [================>.............] - ETA: 1s - loss: 0.3866 - acc: 0.8510
 864/1424 [=================>............] - ETA: 0s - loss: 0.3924 - acc: 0.8472
 896/1424 [=================>............] - ETA: 0s - loss: 0.3989 - acc: 0.8449
 928/1424 [==================>...........] - ETA: 0s - loss: 0.3999 - acc: 0.8438
 960/1424 [===================>..........] - ETA: 0s - loss: 0.3987 - acc: 0.8427
 992/1424 [===================>..........] - ETA: 0s - loss: 0.3958 - acc: 0.8448
1024/1424 [====================>.........] - ETA: 0s - loss: 0.3977 - acc: 0.8428
1056/1424 [=====================>........] - ETA: 0s - loss: 0.3973 - acc: 0.8438
1088/1424 [=====================>........] - ETA: 0s - loss: 0.3985 - acc: 0.8419
1120/1424 [======================>.......] - ETA: 0s - loss: 0.4013 - acc: 0.8411
1152/1424 [=======================>......] - ETA: 0s - loss: 0.3984 - acc: 0.8429
1184/1424 [=======================>......] - ETA: 0s - loss: 0.4014 - acc: 0.8404
1216/1424 [========================>.....] - ETA: 0s - loss: 0.4044 - acc: 0.8372
1248/1424 [=========================>....] - ETA: 0s - loss: 0.4054 - acc: 0.8357
1280/1424 [=========================>....] - ETA: 0s - loss: 0.4009 - acc: 0.8383
1312/1424 [==========================>...] - ETA: 0s - loss: 0.3974 - acc: 0.8407
1344/1424 [===========================>..] - ETA: 0s - loss: 0.3954 - acc: 0.8430
1376/1424 [===========================>..] - ETA: 0s - loss: 0.3991 - acc: 0.8401
1408/1424 [============================>.] - ETA: 0s - loss: 0.4010 - acc: 0.8395
1424/1424 [==============================] - 5s 4ms/step - loss: 0.4018 - acc: 0.8385 - val_loss: 0.3873 - val_acc: 0.8376
Epoch 23/1000

  32/1424 [..............................] - ETA: 2s - loss: 0.4027 - acc: 0.8750
  64/1424 [>.............................] - ETA: 2s - loss: 0.4144 - acc: 0.8281
  96/1424 [=>............................] - ETA: 2s - loss: 0.4113 - acc: 0.8229
 128/1424 [=>............................] - ETA: 2s - loss: 0.4269 - acc: 0.7969
 160/1424 [==>...........................] - ETA: 2s - loss: 0.4208 - acc: 0.8000
 192/1424 [===>..........................] - ETA: 2s - loss: 0.4375 - acc: 0.8021
 224/1424 [===>..........................] - ETA: 2s - loss: 0.4006 - acc: 0.8304
 256/1424 [====>.........................] - ETA: 2s - loss: 0.4197 - acc: 0.8203
 288/1424 [=====>........................] - ETA: 1s - loss: 0.4269 - acc: 0.8125
 320/1424 [=====>........................] - ETA: 1s - loss: 0.4284 - acc: 0.8125
 352/1424 [======>.......................] - ETA: 1s - loss: 0.4260 - acc: 0.8153
 384/1424 [=======>......................] - ETA: 1s - loss: 0.4300 - acc: 0.8125
 416/1424 [=======>......................] - ETA: 1s - loss: 0.4178 - acc: 0.8173
 448/1424 [========>.....................] - ETA: 1s - loss: 0.4072 - acc: 0.8237
 480/1424 [=========>....................] - ETA: 1s - loss: 0.4090 - acc: 0.8250
 512/1424 [=========>....................] - ETA: 1s - loss: 0.4132 - acc: 0.8223
 544/1424 [==========>...................] - ETA: 1s - loss: 0.4159 - acc: 0.8199
 576/1424 [===========>..................] - ETA: 1s - loss: 0.4178 - acc: 0.8194
 608/1424 [===========>..................] - ETA: 1s - loss: 0.4196 - acc: 0.8174
 640/1424 [============>.................] - ETA: 1s - loss: 0.4159 - acc: 0.8187
 672/1424 [=============>................] - ETA: 1s - loss: 0.4140 - acc: 0.8214
 704/1424 [=============>................] - ETA: 1s - loss: 0.4153 - acc: 0.8210
 736/1424 [==============>...............] - ETA: 1s - loss: 0.4183 - acc: 0.8193
 768/1424 [===============>..............] - ETA: 1s - loss: 0.4174 - acc: 0.8203
 800/1424 [===============>..............] - ETA: 1s - loss: 0.4173 - acc: 0.8200
 832/1424 [================>.............] - ETA: 1s - loss: 0.4141 - acc: 0.8245
 864/1424 [=================>............] - ETA: 0s - loss: 0.4109 - acc: 0.8252
 896/1424 [=================>............] - ETA: 0s - loss: 0.4090 - acc: 0.8270
 928/1424 [==================>...........] - ETA: 0s - loss: 0.4049 - acc: 0.8287
 960/1424 [===================>..........] - ETA: 0s - loss: 0.4060 - acc: 0.8292
 992/1424 [===================>..........] - ETA: 0s - loss: 0.4055 - acc: 0.8296
1024/1424 [====================>.........] - ETA: 0s - loss: 0.4038 - acc: 0.8301
1056/1424 [=====================>........] - ETA: 0s - loss: 0.4037 - acc: 0.8295
1088/1424 [=====================>........] - ETA: 0s - loss: 0.4009 - acc: 0.8327
1120/1424 [======================>.......] - ETA: 0s - loss: 0.3994 - acc: 0.8339
1152/1424 [=======================>......] - ETA: 0s - loss: 0.4019 - acc: 0.8351
1184/1424 [=======================>......] - ETA: 0s - loss: 0.4005 - acc: 0.8353
1216/1424 [========================>.....] - ETA: 0s - loss: 0.3972 - acc: 0.8372
1248/1424 [=========================>....] - ETA: 0s - loss: 0.3966 - acc: 0.8373
1280/1424 [=========================>....] - ETA: 0s - loss: 0.3982 - acc: 0.8359
1312/1424 [==========================>...] - ETA: 0s - loss: 0.3956 - acc: 0.8377
1344/1424 [===========================>..] - ETA: 0s - loss: 0.3920 - acc: 0.8393
1376/1424 [===========================>..] - ETA: 0s - loss: 0.3930 - acc: 0.8394
1408/1424 [============================>.] - ETA: 0s - loss: 0.3897 - acc: 0.8409
1424/1424 [==============================] - 5s 4ms/step - loss: 0.3957 - acc: 0.8385 - val_loss: 0.4028 - val_acc: 0.8489

  32/1424 [..............................] - ETA: 5s
  64/1424 [>.............................] - ETA: 4s
  96/1424 [=>............................] - ETA: 4s
 128/1424 [=>............................] - ETA: 4s
 160/1424 [==>...........................] - ETA: 4s
 192/1424 [===>..........................] - ETA: 4s
 224/1424 [===>..........................] - ETA: 4s
 256/1424 [====>.........................] - ETA: 4s
 288/1424 [=====>........................] - ETA: 4s
 320/1424 [=====>........................] - ETA: 3s
 352/1424 [======>.......................] - ETA: 3s
 384/1424 [=======>......................] - ETA: 3s
 416/1424 [=======>......................] - ETA: 3s
 448/1424 [========>.....................] - ETA: 3s
 480/1424 [=========>....................] - ETA: 3s
 512/1424 [=========>....................] - ETA: 3s
 544/1424 [==========>...................] - ETA: 3s
 576/1424 [===========>..................] - ETA: 3s
 608/1424 [===========>..................] - ETA: 2s
 640/1424 [============>.................] - ETA: 2s
 672/1424 [=============>................] - ETA: 2s
 704/1424 [=============>................] - ETA: 2s
 736/1424 [==============>...............] - ETA: 2s
 768/1424 [===============>..............] - ETA: 2s
 800/1424 [===============>..............] - ETA: 2s
 832/1424 [================>.............] - ETA: 2s
 864/1424 [=================>............] - ETA: 1s
 896/1424 [=================>............] - ETA: 1s
 928/1424 [==================>...........] - ETA: 1s
 960/1424 [===================>..........] - ETA: 1s
 992/1424 [===================>..........] - ETA: 1s
1024/1424 [====================>.........] - ETA: 1s
1056/1424 [=====================>........] - ETA: 1s
1088/1424 [=====================>........] - ETA: 1s
1120/1424 [======================>.......] - ETA: 1s
1152/1424 [=======================>......] - ETA: 0s
1184/1424 [=======================>......] - ETA: 0s
1216/1424 [========================>.....] - ETA: 0s
1248/1424 [=========================>....] - ETA: 0s
1280/1424 [=========================>....] - ETA: 0s
1312/1424 [==========================>...] - ETA: 0s
1344/1424 [===========================>..] - ETA: 0s
1376/1424 [===========================>..] - ETA: 0s
1408/1424 [============================>.] - ETA: 0s
1424/1424 [==============================] - 5s 4ms/step
Test acc: 0.848314606741573
Test auc: 0.9195078746370408
Test mcc: 0.6976234916506672
Execute epoch: 23
Execute time: 123.15264916419983
