_________________________________________________________________
Layer (type)                 Output Shape              Param #   
=================================================================
embedding_1 (Embedding)      (None, None, 128)         2688      
_________________________________________________________________
lstm_1 (LSTM)                (None, None, 64)          49408     
_________________________________________________________________
lstm_2 (LSTM)                (None, None, 64)          33024     
_________________________________________________________________
lstm_3 (LSTM)                (None, 64)                33024     
_________________________________________________________________
dense_1 (Dense)              (None, 16)                1040      
_________________________________________________________________
dense_2 (Dense)              (None, 1)                 17        
=================================================================
Total params: 119,201
Trainable params: 119,201
Non-trainable params: 0
_________________________________________________________________
Train on 1424 samples, validate on 708 samples
Epoch 1/1000

  32/1424 [..............................] - ETA: 2:16 - loss: 0.6932 - acc: 0.4688
  64/1424 [>.............................] - ETA: 1:08 - loss: 0.6932 - acc: 0.5312
  96/1424 [=>............................] - ETA: 45s - loss: 0.6928 - acc: 0.5625 
 128/1424 [=>............................] - ETA: 33s - loss: 0.6931 - acc: 0.5391
 160/1424 [==>...........................] - ETA: 26s - loss: 0.6925 - acc: 0.5625
 192/1424 [===>..........................] - ETA: 22s - loss: 0.6923 - acc: 0.5625
 224/1424 [===>..........................] - ETA: 18s - loss: 0.6921 - acc: 0.5625
 256/1424 [====>.........................] - ETA: 16s - loss: 0.6921 - acc: 0.5586
 288/1424 [=====>........................] - ETA: 14s - loss: 0.6928 - acc: 0.5382
 320/1424 [=====>........................] - ETA: 12s - loss: 0.6930 - acc: 0.5312
 352/1424 [======>.......................] - ETA: 11s - loss: 0.6936 - acc: 0.5142
 384/1424 [=======>......................] - ETA: 10s - loss: 0.6933 - acc: 0.5182
 416/1424 [=======>......................] - ETA: 9s - loss: 0.6930 - acc: 0.5216 
 448/1424 [========>.....................] - ETA: 8s - loss: 0.6932 - acc: 0.5156
 480/1424 [=========>....................] - ETA: 7s - loss: 0.6928 - acc: 0.5208
 512/1424 [=========>....................] - ETA: 7s - loss: 0.6929 - acc: 0.5156
 544/1424 [==========>...................] - ETA: 6s - loss: 0.6928 - acc: 0.5147
 576/1424 [===========>..................] - ETA: 6s - loss: 0.6929 - acc: 0.5104
 608/1424 [===========>..................] - ETA: 5s - loss: 0.6928 - acc: 0.5115
 640/1424 [============>.................] - ETA: 5s - loss: 0.6926 - acc: 0.5141
 672/1424 [=============>................] - ETA: 4s - loss: 0.6926 - acc: 0.5119
 704/1424 [=============>................] - ETA: 4s - loss: 0.6924 - acc: 0.5114
 736/1424 [==============>...............] - ETA: 4s - loss: 0.6924 - acc: 0.5095
 768/1424 [===============>..............] - ETA: 3s - loss: 0.6923 - acc: 0.5091
 800/1424 [===============>..............] - ETA: 3s - loss: 0.6920 - acc: 0.5088
 832/1424 [================>.............] - ETA: 3s - loss: 0.6919 - acc: 0.5072
 864/1424 [=================>............] - ETA: 2s - loss: 0.6916 - acc: 0.5093
 896/1424 [=================>............] - ETA: 2s - loss: 0.6913 - acc: 0.5078
 928/1424 [==================>...........] - ETA: 2s - loss: 0.6912 - acc: 0.5065
 960/1424 [===================>..........] - ETA: 2s - loss: 0.6909 - acc: 0.5042
 992/1424 [===================>..........] - ETA: 2s - loss: 0.6906 - acc: 0.5010
1024/1424 [====================>.........] - ETA: 1s - loss: 0.6898 - acc: 0.5020
1056/1424 [=====================>........] - ETA: 1s - loss: 0.6891 - acc: 0.4962
1088/1424 [=====================>........] - ETA: 1s - loss: 0.6879 - acc: 0.4972
1120/1424 [======================>.......] - ETA: 1s - loss: 0.6861 - acc: 0.4982
1152/1424 [=======================>......] - ETA: 1s - loss: 0.6849 - acc: 0.5000
1184/1424 [=======================>......] - ETA: 1s - loss: 0.6817 - acc: 0.5008
1216/1424 [========================>.....] - ETA: 0s - loss: 0.6801 - acc: 0.5000
1248/1424 [=========================>....] - ETA: 0s - loss: 0.6796 - acc: 0.5008
1280/1424 [=========================>....] - ETA: 0s - loss: 0.6785 - acc: 0.5047
1312/1424 [==========================>...] - ETA: 0s - loss: 0.6784 - acc: 0.5084
1344/1424 [===========================>..] - ETA: 0s - loss: 0.6779 - acc: 0.5126
1376/1424 [===========================>..] - ETA: 0s - loss: 0.6764 - acc: 0.5189
1408/1424 [============================>.] - ETA: 0s - loss: 0.6747 - acc: 0.5241
1424/1424 [==============================] - 8s 6ms/step - loss: 0.6743 - acc: 0.5267 - val_loss: 0.6283 - val_acc: 0.8347
Epoch 2/1000

  32/1424 [..............................] - ETA: 2s - loss: 0.6619 - acc: 0.6562
  64/1424 [>.............................] - ETA: 2s - loss: 0.6326 - acc: 0.7188
  96/1424 [=>............................] - ETA: 2s - loss: 0.6574 - acc: 0.7083
 128/1424 [=>............................] - ETA: 2s - loss: 0.6328 - acc: 0.7344
 160/1424 [==>...........................] - ETA: 2s - loss: 0.6135 - acc: 0.7375
 192/1424 [===>..........................] - ETA: 2s - loss: 0.5878 - acc: 0.7708
 224/1424 [===>..........................] - ETA: 2s - loss: 0.6136 - acc: 0.7768
 256/1424 [====>.........................] - ETA: 2s - loss: 0.6032 - acc: 0.7617
 288/1424 [=====>........................] - ETA: 1s - loss: 0.5914 - acc: 0.7604
 320/1424 [=====>........................] - ETA: 1s - loss: 0.5853 - acc: 0.7656
 352/1424 [======>.......................] - ETA: 1s - loss: 0.5914 - acc: 0.7699
 384/1424 [=======>......................] - ETA: 1s - loss: 0.6012 - acc: 0.7656
 416/1424 [=======>......................] - ETA: 1s - loss: 0.6249 - acc: 0.7668
 448/1424 [========>.....................] - ETA: 1s - loss: 0.6246 - acc: 0.7656
 480/1424 [=========>....................] - ETA: 1s - loss: 0.6235 - acc: 0.7688
 512/1424 [=========>....................] - ETA: 1s - loss: 0.6241 - acc: 0.7676
 544/1424 [==========>...................] - ETA: 1s - loss: 0.6250 - acc: 0.7684
 576/1424 [===========>..................] - ETA: 1s - loss: 0.6261 - acc: 0.7691
 608/1424 [===========>..................] - ETA: 1s - loss: 0.6265 - acc: 0.7730
 640/1424 [============>.................] - ETA: 1s - loss: 0.6275 - acc: 0.7703
 672/1424 [=============>................] - ETA: 1s - loss: 0.6283 - acc: 0.7664
 704/1424 [=============>................] - ETA: 1s - loss: 0.6281 - acc: 0.7656
 736/1424 [==============>...............] - ETA: 1s - loss: 0.6276 - acc: 0.7690
 768/1424 [===============>..............] - ETA: 1s - loss: 0.6277 - acc: 0.7643
 800/1424 [===============>..............] - ETA: 1s - loss: 0.6266 - acc: 0.7662
 832/1424 [================>.............] - ETA: 1s - loss: 0.6256 - acc: 0.7668
 864/1424 [=================>............] - ETA: 0s - loss: 0.6246 - acc: 0.7674
 896/1424 [=================>............] - ETA: 0s - loss: 0.6224 - acc: 0.7679
 928/1424 [==================>...........] - ETA: 0s - loss: 0.6207 - acc: 0.7694
 960/1424 [===================>..........] - ETA: 0s - loss: 0.6204 - acc: 0.7677
 992/1424 [===================>..........] - ETA: 0s - loss: 0.6187 - acc: 0.7671
1024/1424 [====================>.........] - ETA: 0s - loss: 0.6150 - acc: 0.7666
1056/1424 [=====================>........] - ETA: 0s - loss: 0.6161 - acc: 0.7614
1088/1424 [=====================>........] - ETA: 0s - loss: 0.6149 - acc: 0.7583
1120/1424 [======================>.......] - ETA: 0s - loss: 0.6116 - acc: 0.7607
1152/1424 [=======================>......] - ETA: 0s - loss: 0.6095 - acc: 0.7587
1184/1424 [=======================>......] - ETA: 0s - loss: 0.6198 - acc: 0.7584
1216/1424 [========================>.....] - ETA: 0s - loss: 0.6163 - acc: 0.7582
1248/1424 [=========================>....] - ETA: 0s - loss: 0.6211 - acc: 0.7612
1280/1424 [=========================>....] - ETA: 0s - loss: 0.6226 - acc: 0.7609
1312/1424 [==========================>...] - ETA: 0s - loss: 0.6206 - acc: 0.7591
1344/1424 [===========================>..] - ETA: 0s - loss: 0.6172 - acc: 0.7589
1376/1424 [===========================>..] - ETA: 0s - loss: 0.6218 - acc: 0.7558
1408/1424 [============================>.] - ETA: 0s - loss: 0.6229 - acc: 0.7514
1424/1424 [==============================] - 5s 4ms/step - loss: 0.6229 - acc: 0.7493 - val_loss: 0.7274 - val_acc: 0.6045
Epoch 3/1000

  32/1424 [..............................] - ETA: 2s - loss: 0.6834 - acc: 0.5938
  64/1424 [>.............................] - ETA: 2s - loss: 0.6223 - acc: 0.6406
  96/1424 [=>............................] - ETA: 2s - loss: 0.6538 - acc: 0.6146
 128/1424 [=>............................] - ETA: 2s - loss: 0.6391 - acc: 0.6172
 160/1424 [==>...........................] - ETA: 2s - loss: 0.6449 - acc: 0.5938
 192/1424 [===>..........................] - ETA: 2s - loss: 0.6342 - acc: 0.6250
 224/1424 [===>..........................] - ETA: 2s - loss: 0.6228 - acc: 0.6473
 256/1424 [====>.........................] - ETA: 2s - loss: 0.6206 - acc: 0.6562
 288/1424 [=====>........................] - ETA: 1s - loss: 0.6148 - acc: 0.6597
 320/1424 [=====>........................] - ETA: 1s - loss: 0.6180 - acc: 0.6687
 352/1424 [======>.......................] - ETA: 1s - loss: 0.6153 - acc: 0.6818
 384/1424 [=======>......................] - ETA: 1s - loss: 0.6109 - acc: 0.6927
 416/1424 [=======>......................] - ETA: 1s - loss: 0.6061 - acc: 0.7019
 448/1424 [========>.....................] - ETA: 1s - loss: 0.6046 - acc: 0.7098
 480/1424 [=========>....................] - ETA: 1s - loss: 0.6041 - acc: 0.7063
 512/1424 [=========>....................] - ETA: 1s - loss: 0.6021 - acc: 0.7070
 544/1424 [==========>...................] - ETA: 1s - loss: 0.5995 - acc: 0.7151
 576/1424 [===========>..................] - ETA: 1s - loss: 0.5986 - acc: 0.7240
 608/1424 [===========>..................] - ETA: 1s - loss: 0.5973 - acc: 0.7253
 640/1424 [============>.................] - ETA: 1s - loss: 0.5985 - acc: 0.7281
 672/1424 [=============>................] - ETA: 1s - loss: 0.5973 - acc: 0.7292
 704/1424 [=============>................] - ETA: 1s - loss: 0.5949 - acc: 0.7330
 736/1424 [==============>...............] - ETA: 1s - loss: 0.5920 - acc: 0.7378
 768/1424 [===============>..............] - ETA: 1s - loss: 0.5873 - acc: 0.7435
 800/1424 [===============>..............] - ETA: 1s - loss: 0.5844 - acc: 0.7462
 832/1424 [================>.............] - ETA: 1s - loss: 0.5822 - acc: 0.7524
 864/1424 [=================>............] - ETA: 0s - loss: 0.5793 - acc: 0.7558
 896/1424 [=================>............] - ETA: 0s - loss: 0.5813 - acc: 0.7612
 928/1424 [==================>...........] - ETA: 0s - loss: 0.5762 - acc: 0.7651
 960/1424 [===================>..........] - ETA: 0s - loss: 0.5724 - acc: 0.7677
 992/1424 [===================>..........] - ETA: 0s - loss: 0.5718 - acc: 0.7671
1024/1424 [====================>.........] - ETA: 0s - loss: 0.5686 - acc: 0.7705
1056/1424 [=====================>........] - ETA: 0s - loss: 0.5658 - acc: 0.7718
1088/1424 [=====================>........] - ETA: 0s - loss: 0.5609 - acc: 0.7757
1120/1424 [======================>.......] - ETA: 0s - loss: 0.5575 - acc: 0.7768
1152/1424 [=======================>......] - ETA: 0s - loss: 0.5560 - acc: 0.7778
1184/1424 [=======================>......] - ETA: 0s - loss: 0.5534 - acc: 0.7779
1216/1424 [========================>.....] - ETA: 0s - loss: 0.5508 - acc: 0.7796
1248/1424 [=========================>....] - ETA: 0s - loss: 0.5490 - acc: 0.7804
1280/1424 [=========================>....] - ETA: 0s - loss: 0.5515 - acc: 0.7789
1312/1424 [==========================>...] - ETA: 0s - loss: 0.5478 - acc: 0.7805
1344/1424 [===========================>..] - ETA: 0s - loss: 0.5467 - acc: 0.7805
1376/1424 [===========================>..] - ETA: 0s - loss: 0.5435 - acc: 0.7820
1408/1424 [============================>.] - ETA: 0s - loss: 0.5415 - acc: 0.7812
1424/1424 [==============================] - 5s 4ms/step - loss: 0.5398 - acc: 0.7816 - val_loss: 1.3569 - val_acc: 0.8206
Epoch 4/1000

  32/1424 [..............................] - ETA: 2s - loss: 0.6697 - acc: 0.6875
  64/1424 [>.............................] - ETA: 2s - loss: 0.4800 - acc: 0.8125
  96/1424 [=>............................] - ETA: 2s - loss: 0.4928 - acc: 0.7917
 128/1424 [=>............................] - ETA: 2s - loss: 0.4559 - acc: 0.8047
 160/1424 [==>...........................] - ETA: 2s - loss: 0.4579 - acc: 0.8125
 192/1424 [===>..........................] - ETA: 2s - loss: 0.4410 - acc: 0.8281
 224/1424 [===>..........................] - ETA: 2s - loss: 0.4415 - acc: 0.8259
 256/1424 [====>.........................] - ETA: 2s - loss: 0.4394 - acc: 0.8242
 288/1424 [=====>........................] - ETA: 1s - loss: 0.4399 - acc: 0.8299
 320/1424 [=====>........................] - ETA: 1s - loss: 0.4443 - acc: 0.8281
 352/1424 [======>.......................] - ETA: 1s - loss: 0.4412 - acc: 0.8295
 384/1424 [=======>......................] - ETA: 1s - loss: 0.4321 - acc: 0.8281
 416/1424 [=======>......................] - ETA: 1s - loss: 0.4219 - acc: 0.8365
 448/1424 [========>.....................] - ETA: 1s - loss: 0.4323 - acc: 0.8281
 480/1424 [=========>....................] - ETA: 1s - loss: 0.4320 - acc: 0.8250
 512/1424 [=========>....................] - ETA: 1s - loss: 0.4323 - acc: 0.8242
 544/1424 [==========>...................] - ETA: 1s - loss: 0.4394 - acc: 0.8254
 576/1424 [===========>..................] - ETA: 1s - loss: 0.4401 - acc: 0.8177
 608/1424 [===========>..................] - ETA: 1s - loss: 0.4393 - acc: 0.8174
 640/1424 [============>.................] - ETA: 1s - loss: 0.4318 - acc: 0.8219
 672/1424 [=============>................] - ETA: 1s - loss: 0.4345 - acc: 0.8185
 704/1424 [=============>................] - ETA: 1s - loss: 0.4435 - acc: 0.8139
 736/1424 [==============>...............] - ETA: 1s - loss: 0.4473 - acc: 0.8139
 768/1424 [===============>..............] - ETA: 1s - loss: 0.4478 - acc: 0.8125
 800/1424 [===============>..............] - ETA: 1s - loss: 0.4467 - acc: 0.8125
 832/1424 [================>.............] - ETA: 1s - loss: 0.4493 - acc: 0.8149
 864/1424 [=================>............] - ETA: 0s - loss: 0.4507 - acc: 0.8137
 896/1424 [=================>............] - ETA: 0s - loss: 0.4499 - acc: 0.8158
 928/1424 [==================>...........] - ETA: 0s - loss: 0.4525 - acc: 0.8114
 960/1424 [===================>..........] - ETA: 0s - loss: 0.4542 - acc: 0.8104
 992/1424 [===================>..........] - ETA: 0s - loss: 0.4519 - acc: 0.8105
1024/1424 [====================>.........] - ETA: 0s - loss: 0.4479 - acc: 0.8145
1056/1424 [=====================>........] - ETA: 0s - loss: 0.4495 - acc: 0.8125
1088/1424 [=====================>........] - ETA: 0s - loss: 0.4484 - acc: 0.8143
1120/1424 [======================>.......] - ETA: 0s - loss: 0.4513 - acc: 0.8134
1152/1424 [=======================>......] - ETA: 0s - loss: 0.4528 - acc: 0.8125
1184/1424 [=======================>......] - ETA: 0s - loss: 0.4546 - acc: 0.8125
1216/1424 [========================>.....] - ETA: 0s - loss: 0.4513 - acc: 0.8133
1248/1424 [=========================>....] - ETA: 0s - loss: 0.4562 - acc: 0.8109
1280/1424 [=========================>....] - ETA: 0s - loss: 0.4625 - acc: 0.8117
1312/1424 [==========================>...] - ETA: 0s - loss: 0.4638 - acc: 0.8095
1344/1424 [===========================>..] - ETA: 0s - loss: 0.4641 - acc: 0.8088
1376/1424 [===========================>..] - ETA: 0s - loss: 0.4638 - acc: 0.8081
1408/1424 [============================>.] - ETA: 0s - loss: 0.4643 - acc: 0.8061
1424/1424 [==============================] - 5s 4ms/step - loss: 0.4647 - acc: 0.8062 - val_loss: 0.4464 - val_acc: 0.8333
Epoch 5/1000

  32/1424 [..............................] - ETA: 2s - loss: 0.4039 - acc: 0.8750
  64/1424 [>.............................] - ETA: 2s - loss: 0.4168 - acc: 0.8750
  96/1424 [=>............................] - ETA: 2s - loss: 0.4071 - acc: 0.8750
 128/1424 [=>............................] - ETA: 2s - loss: 0.4133 - acc: 0.8438
 160/1424 [==>...........................] - ETA: 2s - loss: 0.4229 - acc: 0.8500
 192/1424 [===>..........................] - ETA: 2s - loss: 0.4301 - acc: 0.8438
 224/1424 [===>..........................] - ETA: 2s - loss: 0.4424 - acc: 0.8393
 256/1424 [====>.........................] - ETA: 2s - loss: 0.4409 - acc: 0.8477
 288/1424 [=====>........................] - ETA: 1s - loss: 0.4332 - acc: 0.8542
 320/1424 [=====>........................] - ETA: 1s - loss: 0.4612 - acc: 0.8250
 352/1424 [======>.......................] - ETA: 1s - loss: 0.4631 - acc: 0.8210
 384/1424 [=======>......................] - ETA: 1s - loss: 0.4653 - acc: 0.8177
 416/1424 [=======>......................] - ETA: 1s - loss: 0.4639 - acc: 0.8149
 448/1424 [========>.....................] - ETA: 1s - loss: 0.4597 - acc: 0.8170
 480/1424 [=========>....................] - ETA: 1s - loss: 0.4603 - acc: 0.8146
 512/1424 [=========>....................] - ETA: 1s - loss: 0.4554 - acc: 0.8164
 544/1424 [==========>...................] - ETA: 1s - loss: 0.4554 - acc: 0.8162
 576/1424 [===========>..................] - ETA: 1s - loss: 0.4578 - acc: 0.8125
 608/1424 [===========>..................] - ETA: 1s - loss: 0.4580 - acc: 0.8109
 640/1424 [============>.................] - ETA: 1s - loss: 0.4776 - acc: 0.8094
 672/1424 [=============>................] - ETA: 1s - loss: 0.4717 - acc: 0.8125
 704/1424 [=============>................] - ETA: 1s - loss: 0.4748 - acc: 0.8082
 736/1424 [==============>...............] - ETA: 1s - loss: 0.4665 - acc: 0.8139
 768/1424 [===============>..............] - ETA: 1s - loss: 0.4669 - acc: 0.8125
 800/1424 [===============>..............] - ETA: 1s - loss: 0.4646 - acc: 0.8150
 832/1424 [================>.............] - ETA: 1s - loss: 0.4652 - acc: 0.8161
 864/1424 [=================>............] - ETA: 0s - loss: 0.4658 - acc: 0.8160
 896/1424 [=================>............] - ETA: 0s - loss: 0.4679 - acc: 0.8147
 928/1424 [==================>...........] - ETA: 0s - loss: 0.4727 - acc: 0.8114
 960/1424 [===================>..........] - ETA: 0s - loss: 0.4690 - acc: 0.8125
 992/1424 [===================>..........] - ETA: 0s - loss: 0.4715 - acc: 0.8085
1024/1424 [====================>.........] - ETA: 0s - loss: 0.4696 - acc: 0.8086
1056/1424 [=====================>........] - ETA: 0s - loss: 0.4722 - acc: 0.8078
1088/1424 [=====================>........] - ETA: 0s - loss: 0.4715 - acc: 0.8088
1120/1424 [======================>.......] - ETA: 0s - loss: 0.4704 - acc: 0.8089
1152/1424 [=======================>......] - ETA: 0s - loss: 0.4695 - acc: 0.8090
1184/1424 [=======================>......] - ETA: 0s - loss: 0.4699 - acc: 0.8091
1216/1424 [========================>.....] - ETA: 0s - loss: 0.4684 - acc: 0.8084
1248/1424 [=========================>....] - ETA: 0s - loss: 0.4686 - acc: 0.8077
1280/1424 [=========================>....] - ETA: 0s - loss: 0.4711 - acc: 0.8070
1312/1424 [==========================>...] - ETA: 0s - loss: 0.4668 - acc: 0.8087
1344/1424 [===========================>..] - ETA: 0s - loss: 0.4681 - acc: 0.8073
1376/1424 [===========================>..] - ETA: 0s - loss: 0.4671 - acc: 0.8074
1408/1424 [============================>.] - ETA: 0s - loss: 0.4666 - acc: 0.8068
1424/1424 [==============================] - 5s 4ms/step - loss: 0.4643 - acc: 0.8083 - val_loss: 0.4926 - val_acc: 0.8559
Epoch 6/1000

  32/1424 [..............................] - ETA: 2s - loss: 0.4423 - acc: 0.8750
  64/1424 [>.............................] - ETA: 2s - loss: 0.3680 - acc: 0.8906
  96/1424 [=>............................] - ETA: 2s - loss: 0.3925 - acc: 0.8854
 128/1424 [=>............................] - ETA: 2s - loss: 0.4603 - acc: 0.8438
 160/1424 [==>...........................] - ETA: 2s - loss: 0.4410 - acc: 0.8375
 192/1424 [===>..........................] - ETA: 2s - loss: 0.4234 - acc: 0.8385
 224/1424 [===>..........................] - ETA: 2s - loss: 0.4343 - acc: 0.8259
 256/1424 [====>.........................] - ETA: 2s - loss: 0.4413 - acc: 0.8281
 288/1424 [=====>........................] - ETA: 1s - loss: 0.4484 - acc: 0.8264
 320/1424 [=====>........................] - ETA: 1s - loss: 0.4432 - acc: 0.8250
 352/1424 [======>.......................] - ETA: 1s - loss: 0.4423 - acc: 0.8324
 384/1424 [=======>......................] - ETA: 1s - loss: 0.4430 - acc: 0.8281
 416/1424 [=======>......................] - ETA: 1s - loss: 0.4382 - acc: 0.8317
 448/1424 [========>.....................] - ETA: 1s - loss: 0.4334 - acc: 0.8304
 480/1424 [=========>....................] - ETA: 1s - loss: 0.4348 - acc: 0.8271
 512/1424 [=========>....................] - ETA: 1s - loss: 0.4335 - acc: 0.8242
 544/1424 [==========>...................] - ETA: 1s - loss: 0.4343 - acc: 0.8199
 576/1424 [===========>..................] - ETA: 1s - loss: 0.4316 - acc: 0.8212
 608/1424 [===========>..................] - ETA: 1s - loss: 0.4287 - acc: 0.8224
 640/1424 [============>.................] - ETA: 1s - loss: 0.4334 - acc: 0.8219
 672/1424 [=============>................] - ETA: 1s - loss: 0.4383 - acc: 0.8140
 704/1424 [=============>................] - ETA: 1s - loss: 0.4401 - acc: 0.8139
 736/1424 [==============>...............] - ETA: 1s - loss: 0.4420 - acc: 0.8125
 768/1424 [===============>..............] - ETA: 1s - loss: 0.4408 - acc: 0.8112
 800/1424 [===============>..............] - ETA: 1s - loss: 0.4359 - acc: 0.8137
 832/1424 [================>.............] - ETA: 1s - loss: 0.4321 - acc: 0.8149
 864/1424 [=================>............] - ETA: 0s - loss: 0.4304 - acc: 0.8125
 896/1424 [=================>............] - ETA: 0s - loss: 0.4301 - acc: 0.8125
 928/1424 [==================>...........] - ETA: 0s - loss: 0.4310 - acc: 0.8136
 960/1424 [===================>..........] - ETA: 0s - loss: 0.4305 - acc: 0.8135
 992/1424 [===================>..........] - ETA: 0s - loss: 0.4335 - acc: 0.8115
1024/1424 [====================>.........] - ETA: 0s - loss: 0.4329 - acc: 0.8135
1056/1424 [=====================>........] - ETA: 0s - loss: 0.4329 - acc: 0.8125
1088/1424 [=====================>........] - ETA: 0s - loss: 0.4361 - acc: 0.8116
1120/1424 [======================>.......] - ETA: 0s - loss: 0.4404 - acc: 0.8125
1152/1424 [=======================>......] - ETA: 0s - loss: 0.4471 - acc: 0.8082
1184/1424 [=======================>......] - ETA: 0s - loss: 0.4465 - acc: 0.8083
1216/1424 [========================>.....] - ETA: 0s - loss: 0.4439 - acc: 0.8100
1248/1424 [=========================>....] - ETA: 0s - loss: 0.4412 - acc: 0.8109
1280/1424 [=========================>....] - ETA: 0s - loss: 0.4442 - acc: 0.8102
1312/1424 [==========================>...] - ETA: 0s - loss: 0.4439 - acc: 0.8087
1344/1424 [===========================>..] - ETA: 0s - loss: 0.4427 - acc: 0.8095
1376/1424 [===========================>..] - ETA: 0s - loss: 0.4434 - acc: 0.8089
1408/1424 [============================>.] - ETA: 0s - loss: 0.4454 - acc: 0.8089
1424/1424 [==============================] - 5s 4ms/step - loss: 0.4461 - acc: 0.8090 - val_loss: 0.4269 - val_acc: 0.8347
Epoch 7/1000

  32/1424 [..............................] - ETA: 2s - loss: 0.4323 - acc: 0.8438
  64/1424 [>.............................] - ETA: 2s - loss: 0.5059 - acc: 0.8125
  96/1424 [=>............................] - ETA: 2s - loss: 0.4738 - acc: 0.8229
 128/1424 [=>............................] - ETA: 2s - loss: 0.4537 - acc: 0.8438
 160/1424 [==>...........................] - ETA: 2s - loss: 0.4453 - acc: 0.8375
 192/1424 [===>..........................] - ETA: 2s - loss: 0.4568 - acc: 0.8333
 224/1424 [===>..........................] - ETA: 2s - loss: 0.4593 - acc: 0.8259
 256/1424 [====>.........................] - ETA: 2s - loss: 0.4603 - acc: 0.8164
 288/1424 [=====>........................] - ETA: 1s - loss: 0.4465 - acc: 0.8264
 320/1424 [=====>........................] - ETA: 1s - loss: 0.4584 - acc: 0.8094
 352/1424 [======>.......................] - ETA: 1s - loss: 0.4655 - acc: 0.8125
 384/1424 [=======>......................] - ETA: 1s - loss: 0.4602 - acc: 0.8151
 416/1424 [=======>......................] - ETA: 1s - loss: 0.4512 - acc: 0.8125
 448/1424 [========>.....................] - ETA: 1s - loss: 0.4458 - acc: 0.8147
 480/1424 [=========>....................] - ETA: 1s - loss: 0.4512 - acc: 0.8063
 512/1424 [=========>....................] - ETA: 1s - loss: 0.4435 - acc: 0.8125
 544/1424 [==========>...................] - ETA: 1s - loss: 0.4441 - acc: 0.8125
 576/1424 [===========>..................] - ETA: 1s - loss: 0.4359 - acc: 0.8177
 608/1424 [===========>..................] - ETA: 1s - loss: 0.4383 - acc: 0.8141
 640/1424 [============>.................] - ETA: 1s - loss: 0.4392 - acc: 0.8094
 672/1424 [=============>................] - ETA: 1s - loss: 0.4323 - acc: 0.8140
 704/1424 [=============>................] - ETA: 1s - loss: 0.4284 - acc: 0.8168
 736/1424 [==============>...............] - ETA: 1s - loss: 0.4243 - acc: 0.8193
 768/1424 [===============>..............] - ETA: 1s - loss: 0.4247 - acc: 0.8203
 800/1424 [===============>..............] - ETA: 1s - loss: 0.4213 - acc: 0.8225
 832/1424 [================>.............] - ETA: 1s - loss: 0.4287 - acc: 0.8173
 864/1424 [=================>............] - ETA: 0s - loss: 0.4249 - acc: 0.8183
 896/1424 [=================>............] - ETA: 0s - loss: 0.4178 - acc: 0.8214
 928/1424 [==================>...........] - ETA: 0s - loss: 0.4164 - acc: 0.8211
 960/1424 [===================>..........] - ETA: 0s - loss: 0.4239 - acc: 0.8198
 992/1424 [===================>..........] - ETA: 0s - loss: 0.4328 - acc: 0.8145
1024/1424 [====================>.........] - ETA: 0s - loss: 0.4377 - acc: 0.8096
1056/1424 [=====================>........] - ETA: 0s - loss: 0.4361 - acc: 0.8106
1088/1424 [=====================>........] - ETA: 0s - loss: 0.4323 - acc: 0.8143
1120/1424 [======================>.......] - ETA: 0s - loss: 0.4331 - acc: 0.8134
1152/1424 [=======================>......] - ETA: 0s - loss: 0.4290 - acc: 0.8142
1184/1424 [=======================>......] - ETA: 0s - loss: 0.4301 - acc: 0.8117
1216/1424 [========================>.....] - ETA: 0s - loss: 0.4317 - acc: 0.8109
1248/1424 [=========================>....] - ETA: 0s - loss: 0.4354 - acc: 0.8077
1280/1424 [=========================>....] - ETA: 0s - loss: 0.4313 - acc: 0.8117
1312/1424 [==========================>...] - ETA: 0s - loss: 0.4294 - acc: 0.8133
1344/1424 [===========================>..] - ETA: 0s - loss: 0.4361 - acc: 0.8118
1376/1424 [===========================>..] - ETA: 0s - loss: 0.4387 - acc: 0.8103
1408/1424 [============================>.] - ETA: 0s - loss: 0.4412 - acc: 0.8075
1424/1424 [==============================] - 5s 4ms/step - loss: 0.4428 - acc: 0.8062 - val_loss: 0.4741 - val_acc: 0.8305
Epoch 8/1000

  32/1424 [..............................] - ETA: 2s - loss: 0.2904 - acc: 0.9062
  64/1424 [>.............................] - ETA: 2s - loss: 0.3898 - acc: 0.8125
  96/1424 [=>............................] - ETA: 2s - loss: 0.3715 - acc: 0.8229
 128/1424 [=>............................] - ETA: 2s - loss: 0.3883 - acc: 0.8125
 160/1424 [==>...........................] - ETA: 2s - loss: 0.3884 - acc: 0.8250
 192/1424 [===>..........................] - ETA: 2s - loss: 0.3792 - acc: 0.8281
 224/1424 [===>..........................] - ETA: 2s - loss: 0.3725 - acc: 0.8348
 256/1424 [====>.........................] - ETA: 2s - loss: 0.3947 - acc: 0.8281
 288/1424 [=====>........................] - ETA: 1s - loss: 0.3978 - acc: 0.8229
 320/1424 [=====>........................] - ETA: 1s - loss: 0.3926 - acc: 0.8281
 352/1424 [======>.......................] - ETA: 1s - loss: 0.3950 - acc: 0.8295
 384/1424 [=======>......................] - ETA: 1s - loss: 0.3998 - acc: 0.8333
 416/1424 [=======>......................] - ETA: 1s - loss: 0.4029 - acc: 0.8293
 448/1424 [========>.....................] - ETA: 1s - loss: 0.4061 - acc: 0.8259
 480/1424 [=========>....................] - ETA: 1s - loss: 0.4125 - acc: 0.8229
 512/1424 [=========>....................] - ETA: 1s - loss: 0.4079 - acc: 0.8242
 544/1424 [==========>...................] - ETA: 1s - loss: 0.4059 - acc: 0.8254
 576/1424 [===========>..................] - ETA: 1s - loss: 0.4006 - acc: 0.8281
 608/1424 [===========>..................] - ETA: 1s - loss: 0.3959 - acc: 0.8322
 640/1424 [============>.................] - ETA: 1s - loss: 0.3954 - acc: 0.8328
 672/1424 [=============>................] - ETA: 1s - loss: 0.3992 - acc: 0.8304
 704/1424 [=============>................] - ETA: 1s - loss: 0.3943 - acc: 0.8324
 736/1424 [==============>...............] - ETA: 1s - loss: 0.3919 - acc: 0.8370
 768/1424 [===============>..............] - ETA: 1s - loss: 0.3920 - acc: 0.8372
 800/1424 [===============>..............] - ETA: 1s - loss: 0.3951 - acc: 0.8350
 832/1424 [================>.............] - ETA: 1s - loss: 0.4018 - acc: 0.8317
 864/1424 [=================>............] - ETA: 0s - loss: 0.4107 - acc: 0.8275
 896/1424 [=================>............] - ETA: 0s - loss: 0.4213 - acc: 0.8192
 928/1424 [==================>...........] - ETA: 0s - loss: 0.4203 - acc: 0.8200
 960/1424 [===================>..........] - ETA: 0s - loss: 0.4200 - acc: 0.8177
 992/1424 [===================>..........] - ETA: 0s - loss: 0.4191 - acc: 0.8185
1024/1424 [====================>.........] - ETA: 0s - loss: 0.4256 - acc: 0.8135
1056/1424 [=====================>........] - ETA: 0s - loss: 0.4317 - acc: 0.8106
1088/1424 [=====================>........] - ETA: 0s - loss: 0.4347 - acc: 0.8107
1120/1424 [======================>.......] - ETA: 0s - loss: 0.4333 - acc: 0.8116
1152/1424 [=======================>......] - ETA: 0s - loss: 0.4368 - acc: 0.8108
1184/1424 [=======================>......] - ETA: 0s - loss: 0.4401 - acc: 0.8074
1216/1424 [========================>.....] - ETA: 0s - loss: 0.4396 - acc: 0.8076
1248/1424 [=========================>....] - ETA: 0s - loss: 0.4440 - acc: 0.8037
1280/1424 [=========================>....] - ETA: 0s - loss: 0.4444 - acc: 0.8031
1312/1424 [==========================>...] - ETA: 0s - loss: 0.4423 - acc: 0.8049
1344/1424 [===========================>..] - ETA: 0s - loss: 0.4399 - acc: 0.8065
1376/1424 [===========================>..] - ETA: 0s - loss: 0.4393 - acc: 0.8081
1408/1424 [============================>.] - ETA: 0s - loss: 0.4392 - acc: 0.8089
1424/1424 [==============================] - 5s 4ms/step - loss: 0.4372 - acc: 0.8111 - val_loss: 0.4157 - val_acc: 0.8503
Epoch 9/1000

  32/1424 [..............................] - ETA: 2s - loss: 0.4381 - acc: 0.8125
  64/1424 [>.............................] - ETA: 2s - loss: 0.3883 - acc: 0.8438
  96/1424 [=>............................] - ETA: 2s - loss: 0.3784 - acc: 0.8438
 128/1424 [=>............................] - ETA: 2s - loss: 0.4084 - acc: 0.8125
 160/1424 [==>...........................] - ETA: 2s - loss: 0.4207 - acc: 0.8125
 192/1424 [===>..........................] - ETA: 2s - loss: 0.4228 - acc: 0.8125
 224/1424 [===>..........................] - ETA: 2s - loss: 0.4316 - acc: 0.8036
 256/1424 [====>.........................] - ETA: 2s - loss: 0.4756 - acc: 0.7891
 288/1424 [=====>........................] - ETA: 1s - loss: 0.4653 - acc: 0.7917
 320/1424 [=====>........................] - ETA: 1s - loss: 0.4839 - acc: 0.7781
 352/1424 [======>.......................] - ETA: 1s - loss: 0.4783 - acc: 0.7812
 384/1424 [=======>......................] - ETA: 1s - loss: 0.4691 - acc: 0.7891
 416/1424 [=======>......................] - ETA: 1s - loss: 0.4617 - acc: 0.7885
 448/1424 [========>.....................] - ETA: 1s - loss: 0.4728 - acc: 0.7835
 480/1424 [=========>....................] - ETA: 1s - loss: 0.4747 - acc: 0.7854
 512/1424 [=========>....................] - ETA: 1s - loss: 0.4688 - acc: 0.7930
 544/1424 [==========>...................] - ETA: 1s - loss: 0.4663 - acc: 0.7923
 576/1424 [===========>..................] - ETA: 1s - loss: 0.4641 - acc: 0.7951
 608/1424 [===========>..................] - ETA: 1s - loss: 0.4639 - acc: 0.7961
 640/1424 [============>.................] - ETA: 1s - loss: 0.4595 - acc: 0.8000
 672/1424 [=============>................] - ETA: 1s - loss: 0.4609 - acc: 0.7946
 704/1424 [=============>................] - ETA: 1s - loss: 0.4599 - acc: 0.7955
 736/1424 [==============>...............] - ETA: 1s - loss: 0.4575 - acc: 0.7962
 768/1424 [===============>..............] - ETA: 1s - loss: 0.4556 - acc: 0.7982
 800/1424 [===============>..............] - ETA: 1s - loss: 0.4494 - acc: 0.8037
 832/1424 [================>.............] - ETA: 1s - loss: 0.4467 - acc: 0.8053
 864/1424 [=================>............] - ETA: 0s - loss: 0.4487 - acc: 0.8032
 896/1424 [=================>............] - ETA: 0s - loss: 0.4474 - acc: 0.8025
 928/1424 [==================>...........] - ETA: 0s - loss: 0.4435 - acc: 0.8050
 960/1424 [===================>..........] - ETA: 0s - loss: 0.4403 - acc: 0.8052
 992/1424 [===================>..........] - ETA: 0s - loss: 0.4343 - acc: 0.8085
1024/1424 [====================>.........] - ETA: 0s - loss: 0.4340 - acc: 0.8076
1056/1424 [=====================>........] - ETA: 0s - loss: 0.4315 - acc: 0.8087
1088/1424 [=====================>........] - ETA: 0s - loss: 0.4308 - acc: 0.8088
1120/1424 [======================>.......] - ETA: 0s - loss: 0.4269 - acc: 0.8098
1152/1424 [=======================>......] - ETA: 0s - loss: 0.4303 - acc: 0.8090
1184/1424 [=======================>......] - ETA: 0s - loss: 0.4324 - acc: 0.8091
1216/1424 [========================>.....] - ETA: 0s - loss: 0.4339 - acc: 0.8109
1248/1424 [=========================>....] - ETA: 0s - loss: 0.4336 - acc: 0.8101
1280/1424 [=========================>....] - ETA: 0s - loss: 0.4301 - acc: 0.8125
1312/1424 [==========================>...] - ETA: 0s - loss: 0.4270 - acc: 0.8133
1344/1424 [===========================>..] - ETA: 0s - loss: 0.4266 - acc: 0.8132
1376/1424 [===========================>..] - ETA: 0s - loss: 0.4240 - acc: 0.8147
1408/1424 [============================>.] - ETA: 0s - loss: 0.4251 - acc: 0.8139
1424/1424 [==============================] - 5s 4ms/step - loss: 0.4289 - acc: 0.8125 - val_loss: 0.4107 - val_acc: 0.8489
Epoch 10/1000

  32/1424 [..............................] - ETA: 2s - loss: 0.4939 - acc: 0.7500
  64/1424 [>.............................] - ETA: 2s - loss: 0.5230 - acc: 0.7500
  96/1424 [=>............................] - ETA: 2s - loss: 0.5098 - acc: 0.7604
 128/1424 [=>............................] - ETA: 2s - loss: 0.4720 - acc: 0.7812
 160/1424 [==>...........................] - ETA: 2s - loss: 0.4815 - acc: 0.7875
 192/1424 [===>..........................] - ETA: 2s - loss: 0.5044 - acc: 0.7760
 224/1424 [===>..........................] - ETA: 2s - loss: 0.4954 - acc: 0.7768
 256/1424 [====>.........................] - ETA: 2s - loss: 0.5020 - acc: 0.7734
 288/1424 [=====>........................] - ETA: 1s - loss: 0.4920 - acc: 0.7812
 320/1424 [=====>........................] - ETA: 1s - loss: 0.4851 - acc: 0.7844
 352/1424 [======>.......................] - ETA: 1s - loss: 0.4812 - acc: 0.7926
 384/1424 [=======>......................] - ETA: 1s - loss: 0.4928 - acc: 0.7786
 416/1424 [=======>......................] - ETA: 1s - loss: 0.4870 - acc: 0.7812
 448/1424 [========>.....................] - ETA: 1s - loss: 0.4793 - acc: 0.7879
 480/1424 [=========>....................] - ETA: 1s - loss: 0.4740 - acc: 0.7917
 512/1424 [=========>....................] - ETA: 1s - loss: 0.4732 - acc: 0.7930
 544/1424 [==========>...................] - ETA: 1s - loss: 0.4723 - acc: 0.7941
 576/1424 [===========>..................] - ETA: 1s - loss: 0.4702 - acc: 0.7951
 608/1424 [===========>..................] - ETA: 1s - loss: 0.4782 - acc: 0.7862
 640/1424 [============>.................] - ETA: 1s - loss: 0.4708 - acc: 0.7937
 672/1424 [=============>................] - ETA: 1s - loss: 0.4735 - acc: 0.7917
 704/1424 [=============>................] - ETA: 1s - loss: 0.4669 - acc: 0.7969
 736/1424 [==============>...............] - ETA: 1s - loss: 0.4621 - acc: 0.8016
 768/1424 [===============>..............] - ETA: 1s - loss: 0.4603 - acc: 0.8008
 800/1424 [===============>..............] - ETA: 1s - loss: 0.4579 - acc: 0.8025
 832/1424 [================>.............] - ETA: 1s - loss: 0.4557 - acc: 0.8029
 864/1424 [=================>............] - ETA: 0s - loss: 0.4550 - acc: 0.8021
 896/1424 [=================>............] - ETA: 0s - loss: 0.4475 - acc: 0.8080
 928/1424 [==================>...........] - ETA: 0s - loss: 0.4509 - acc: 0.8060
 960/1424 [===================>..........] - ETA: 0s - loss: 0.4480 - acc: 0.8083
 992/1424 [===================>..........] - ETA: 0s - loss: 0.4493 - acc: 0.8075
1024/1424 [====================>.........] - ETA: 0s - loss: 0.4474 - acc: 0.8076
1056/1424 [=====================>........] - ETA: 0s - loss: 0.4448 - acc: 0.8087
1088/1424 [=====================>........] - ETA: 0s - loss: 0.4420 - acc: 0.8107
1120/1424 [======================>.......] - ETA: 0s - loss: 0.4377 - acc: 0.8152
1152/1424 [=======================>......] - ETA: 0s - loss: 0.4373 - acc: 0.8151
1184/1424 [=======================>......] - ETA: 0s - loss: 0.4345 - acc: 0.8159
1216/1424 [========================>.....] - ETA: 0s - loss: 0.4303 - acc: 0.8174
1248/1424 [=========================>....] - ETA: 0s - loss: 0.4294 - acc: 0.8173
1280/1424 [=========================>....] - ETA: 0s - loss: 0.4235 - acc: 0.8203
1312/1424 [==========================>...] - ETA: 0s - loss: 0.4247 - acc: 0.8186
1344/1424 [===========================>..] - ETA: 0s - loss: 0.4202 - acc: 0.8207
1376/1424 [===========================>..] - ETA: 0s - loss: 0.4190 - acc: 0.8227
1408/1424 [============================>.] - ETA: 0s - loss: 0.4192 - acc: 0.8253
1424/1424 [==============================] - 5s 4ms/step - loss: 0.4171 - acc: 0.8265 - val_loss: 0.5596 - val_acc: 0.8150
Epoch 11/1000

  32/1424 [..............................] - ETA: 2s - loss: 0.2850 - acc: 0.8750
  64/1424 [>.............................] - ETA: 2s - loss: 0.5484 - acc: 0.7969
  96/1424 [=>............................] - ETA: 2s - loss: 0.5760 - acc: 0.7708
 128/1424 [=>............................] - ETA: 2s - loss: 0.5256 - acc: 0.7969
 160/1424 [==>...........................] - ETA: 2s - loss: 0.5081 - acc: 0.7812
 192/1424 [===>..........................] - ETA: 2s - loss: 0.4519 - acc: 0.8177
 224/1424 [===>..........................] - ETA: 2s - loss: 0.4655 - acc: 0.8080
 256/1424 [====>.........................] - ETA: 2s - loss: 0.4474 - acc: 0.8164
 288/1424 [=====>........................] - ETA: 1s - loss: 0.4237 - acc: 0.8264
 320/1424 [=====>........................] - ETA: 1s - loss: 0.4282 - acc: 0.8250
 352/1424 [======>.......................] - ETA: 1s - loss: 0.4296 - acc: 0.8239
 384/1424 [=======>......................] - ETA: 1s - loss: 0.4189 - acc: 0.8255
 416/1424 [=======>......................] - ETA: 1s - loss: 0.4077 - acc: 0.8317
 448/1424 [========>.....................] - ETA: 1s - loss: 0.4158 - acc: 0.8281
 480/1424 [=========>....................] - ETA: 1s - loss: 0.4080 - acc: 0.8292
 512/1424 [=========>....................] - ETA: 1s - loss: 0.4037 - acc: 0.8340
 544/1424 [==========>...................] - ETA: 1s - loss: 0.4005 - acc: 0.8364
 576/1424 [===========>..................] - ETA: 1s - loss: 0.4004 - acc: 0.8333
 608/1424 [===========>..................] - ETA: 1s - loss: 0.3987 - acc: 0.8306
 640/1424 [============>.................] - ETA: 1s - loss: 0.4000 - acc: 0.8297
 672/1424 [=============>................] - ETA: 1s - loss: 0.4053 - acc: 0.8244
 704/1424 [=============>................] - ETA: 1s - loss: 0.4033 - acc: 0.8281
 736/1424 [==============>...............] - ETA: 1s - loss: 0.4016 - acc: 0.8288
 768/1424 [===============>..............] - ETA: 1s - loss: 0.3999 - acc: 0.8320
 800/1424 [===============>..............] - ETA: 1s - loss: 0.4000 - acc: 0.8313
 832/1424 [================>.............] - ETA: 1s - loss: 0.4117 - acc: 0.8293
 864/1424 [=================>............] - ETA: 0s - loss: 0.4120 - acc: 0.8287
 896/1424 [=================>............] - ETA: 0s - loss: 0.4193 - acc: 0.8237
 928/1424 [==================>...........] - ETA: 0s - loss: 0.4214 - acc: 0.8200
 960/1424 [===================>..........] - ETA: 0s - loss: 0.4217 - acc: 0.8208
 992/1424 [===================>..........] - ETA: 0s - loss: 0.4246 - acc: 0.8206
1024/1424 [====================>.........] - ETA: 0s - loss: 0.4234 - acc: 0.8203
1056/1424 [=====================>........] - ETA: 0s - loss: 0.4186 - acc: 0.8229
1088/1424 [=====================>........] - ETA: 0s - loss: 0.4196 - acc: 0.8226
1120/1424 [======================>.......] - ETA: 0s - loss: 0.4226 - acc: 0.8187
1152/1424 [=======================>......] - ETA: 0s - loss: 0.4206 - acc: 0.8203
1184/1424 [=======================>......] - ETA: 0s - loss: 0.4187 - acc: 0.8209
1216/1424 [========================>.....] - ETA: 0s - loss: 0.4180 - acc: 0.8207
1248/1424 [=========================>....] - ETA: 0s - loss: 0.4177 - acc: 0.8213
1280/1424 [=========================>....] - ETA: 0s - loss: 0.4193 - acc: 0.8211
1312/1424 [==========================>...] - ETA: 0s - loss: 0.4167 - acc: 0.8224
1344/1424 [===========================>..] - ETA: 0s - loss: 0.4177 - acc: 0.8214
1376/1424 [===========================>..] - ETA: 0s - loss: 0.4186 - acc: 0.8205
1408/1424 [============================>.] - ETA: 0s - loss: 0.4223 - acc: 0.8175
1424/1424 [==============================] - 5s 4ms/step - loss: 0.4239 - acc: 0.8160 - val_loss: 0.3971 - val_acc: 0.8475
Epoch 12/1000

  32/1424 [..............................] - ETA: 2s - loss: 0.5497 - acc: 0.7500
  64/1424 [>.............................] - ETA: 2s - loss: 0.4080 - acc: 0.8438
  96/1424 [=>............................] - ETA: 2s - loss: 0.4128 - acc: 0.8229
 128/1424 [=>............................] - ETA: 2s - loss: 0.4109 - acc: 0.8125
 160/1424 [==>...........................] - ETA: 2s - loss: 0.4105 - acc: 0.8187
 192/1424 [===>..........................] - ETA: 2s - loss: 0.3852 - acc: 0.8333
 224/1424 [===>..........................] - ETA: 2s - loss: 0.3859 - acc: 0.8259
 256/1424 [====>.........................] - ETA: 2s - loss: 0.3857 - acc: 0.8242
 288/1424 [=====>........................] - ETA: 1s - loss: 0.4005 - acc: 0.8125
 320/1424 [=====>........................] - ETA: 1s - loss: 0.3952 - acc: 0.8156
 352/1424 [======>.......................] - ETA: 1s - loss: 0.3847 - acc: 0.8239
 384/1424 [=======>......................] - ETA: 1s - loss: 0.3900 - acc: 0.8099
 416/1424 [=======>......................] - ETA: 1s - loss: 0.3853 - acc: 0.8125
 448/1424 [========>.....................] - ETA: 1s - loss: 0.3780 - acc: 0.8192
 480/1424 [=========>....................] - ETA: 1s - loss: 0.3832 - acc: 0.8187
 512/1424 [=========>....................] - ETA: 1s - loss: 0.3849 - acc: 0.8184
 544/1424 [==========>...................] - ETA: 1s - loss: 0.3794 - acc: 0.8235
 576/1424 [===========>..................] - ETA: 1s - loss: 0.3715 - acc: 0.8299
 608/1424 [===========>..................] - ETA: 1s - loss: 0.3735 - acc: 0.8289
 640/1424 [============>.................] - ETA: 1s - loss: 0.3876 - acc: 0.8234
 672/1424 [=============>................] - ETA: 1s - loss: 0.3927 - acc: 0.8244
 704/1424 [=============>................] - ETA: 1s - loss: 0.3995 - acc: 0.8224
 736/1424 [==============>...............] - ETA: 1s - loss: 0.4004 - acc: 0.8207
 768/1424 [===============>..............] - ETA: 1s - loss: 0.3994 - acc: 0.8203
 800/1424 [===============>..............] - ETA: 1s - loss: 0.3973 - acc: 0.8225
 832/1424 [================>.............] - ETA: 1s - loss: 0.3971 - acc: 0.8233
 864/1424 [=================>............] - ETA: 0s - loss: 0.3967 - acc: 0.8218
 896/1424 [=================>............] - ETA: 0s - loss: 0.3962 - acc: 0.8237
 928/1424 [==================>...........] - ETA: 0s - loss: 0.3980 - acc: 0.8222
 960/1424 [===================>..........] - ETA: 0s - loss: 0.4001 - acc: 0.8229
 992/1424 [===================>..........] - ETA: 0s - loss: 0.4052 - acc: 0.8216
1024/1424 [====================>.........] - ETA: 0s - loss: 0.4111 - acc: 0.8213
1056/1424 [=====================>........] - ETA: 0s - loss: 0.4126 - acc: 0.8201
1088/1424 [=====================>........] - ETA: 0s - loss: 0.4122 - acc: 0.8199
1120/1424 [======================>.......] - ETA: 0s - loss: 0.4108 - acc: 0.8205
1152/1424 [=======================>......] - ETA: 0s - loss: 0.4080 - acc: 0.8220
1184/1424 [=======================>......] - ETA: 0s - loss: 0.4092 - acc: 0.8209
1216/1424 [========================>.....] - ETA: 0s - loss: 0.4088 - acc: 0.8232
1248/1424 [=========================>....] - ETA: 0s - loss: 0.4109 - acc: 0.8213
1280/1424 [=========================>....] - ETA: 0s - loss: 0.4090 - acc: 0.8227
1312/1424 [==========================>...] - ETA: 0s - loss: 0.4125 - acc: 0.8216
1344/1424 [===========================>..] - ETA: 0s - loss: 0.4107 - acc: 0.8214
1376/1424 [===========================>..] - ETA: 0s - loss: 0.4076 - acc: 0.8241
1408/1424 [============================>.] - ETA: 0s - loss: 0.4097 - acc: 0.8224
1424/1424 [==============================] - 5s 4ms/step - loss: 0.4126 - acc: 0.8209 - val_loss: 0.3957 - val_acc: 0.8362
Epoch 13/1000

  32/1424 [..............................] - ETA: 2s - loss: 0.4245 - acc: 0.8438
  64/1424 [>.............................] - ETA: 2s - loss: 0.4596 - acc: 0.8125
  96/1424 [=>............................] - ETA: 2s - loss: 0.4249 - acc: 0.8333
 128/1424 [=>............................] - ETA: 2s - loss: 0.4249 - acc: 0.8203
 160/1424 [==>...........................] - ETA: 2s - loss: 0.4711 - acc: 0.7937
 192/1424 [===>..........................] - ETA: 2s - loss: 0.4535 - acc: 0.8073
 224/1424 [===>..........................] - ETA: 2s - loss: 0.4559 - acc: 0.7991
 256/1424 [====>.........................] - ETA: 2s - loss: 0.4425 - acc: 0.8086
 288/1424 [=====>........................] - ETA: 1s - loss: 0.4257 - acc: 0.8194
 320/1424 [=====>........................] - ETA: 1s - loss: 0.4497 - acc: 0.8000
 352/1424 [======>.......................] - ETA: 1s - loss: 0.4463 - acc: 0.8011
 384/1424 [=======>......................] - ETA: 1s - loss: 0.4363 - acc: 0.8099
 416/1424 [=======>......................] - ETA: 1s - loss: 0.4353 - acc: 0.8053
 448/1424 [========>.....................] - ETA: 1s - loss: 0.4335 - acc: 0.8058
 480/1424 [=========>....................] - ETA: 1s - loss: 0.4387 - acc: 0.8000
 512/1424 [=========>....................] - ETA: 1s - loss: 0.4492 - acc: 0.8008
 544/1424 [==========>...................] - ETA: 1s - loss: 0.4516 - acc: 0.7996
 576/1424 [===========>..................] - ETA: 1s - loss: 0.4488 - acc: 0.8021
 608/1424 [===========>..................] - ETA: 1s - loss: 0.4434 - acc: 0.8059
 640/1424 [============>.................] - ETA: 1s - loss: 0.4325 - acc: 0.8109
 672/1424 [=============>................] - ETA: 1s - loss: 0.4263 - acc: 0.8110
 704/1424 [=============>................] - ETA: 1s - loss: 0.4267 - acc: 0.8097
 736/1424 [==============>...............] - ETA: 1s - loss: 0.4234 - acc: 0.8125
 768/1424 [===============>..............] - ETA: 1s - loss: 0.4165 - acc: 0.8177
 800/1424 [===============>..............] - ETA: 1s - loss: 0.4231 - acc: 0.8175
 832/1424 [================>.............] - ETA: 1s - loss: 0.4223 - acc: 0.8173
 864/1424 [=================>............] - ETA: 0s - loss: 0.4210 - acc: 0.8183
 896/1424 [=================>............] - ETA: 0s - loss: 0.4169 - acc: 0.8214
 928/1424 [==================>...........] - ETA: 0s - loss: 0.4212 - acc: 0.8179
 960/1424 [===================>..........] - ETA: 0s - loss: 0.4241 - acc: 0.8146
 992/1424 [===================>..........] - ETA: 0s - loss: 0.4256 - acc: 0.8155
1024/1424 [====================>.........] - ETA: 0s - loss: 0.4305 - acc: 0.8135
1056/1424 [=====================>........] - ETA: 0s - loss: 0.4288 - acc: 0.8125
1088/1424 [=====================>........] - ETA: 0s - loss: 0.4257 - acc: 0.8125
1120/1424 [======================>.......] - ETA: 0s - loss: 0.4203 - acc: 0.8161
1152/1424 [=======================>......] - ETA: 0s - loss: 0.4215 - acc: 0.8168
1184/1424 [=======================>......] - ETA: 0s - loss: 0.4177 - acc: 0.8184
1216/1424 [========================>.....] - ETA: 0s - loss: 0.4131 - acc: 0.8207
1248/1424 [=========================>....] - ETA: 0s - loss: 0.4136 - acc: 0.8213
1280/1424 [=========================>....] - ETA: 0s - loss: 0.4104 - acc: 0.8242
1312/1424 [==========================>...] - ETA: 0s - loss: 0.4107 - acc: 0.8224
1344/1424 [===========================>..] - ETA: 0s - loss: 0.4127 - acc: 0.8214
1376/1424 [===========================>..] - ETA: 0s - loss: 0.4136 - acc: 0.8198
1408/1424 [============================>.] - ETA: 0s - loss: 0.4183 - acc: 0.8168
1424/1424 [==============================] - 5s 4ms/step - loss: 0.4190 - acc: 0.8160 - val_loss: 0.3599 - val_acc: 0.8517
Epoch 14/1000

  32/1424 [..............................] - ETA: 2s - loss: 0.3366 - acc: 0.8750
  64/1424 [>.............................] - ETA: 2s - loss: 0.3669 - acc: 0.8594
  96/1424 [=>............................] - ETA: 2s - loss: 0.4208 - acc: 0.8125
 128/1424 [=>............................] - ETA: 2s - loss: 0.3990 - acc: 0.8125
 160/1424 [==>...........................] - ETA: 2s - loss: 0.4094 - acc: 0.8063
 192/1424 [===>..........................] - ETA: 2s - loss: 0.4088 - acc: 0.8229
 224/1424 [===>..........................] - ETA: 2s - loss: 0.3994 - acc: 0.8170
 256/1424 [====>.........................] - ETA: 2s - loss: 0.4005 - acc: 0.8203
 288/1424 [=====>........................] - ETA: 1s - loss: 0.4066 - acc: 0.8194
 320/1424 [=====>........................] - ETA: 1s - loss: 0.4122 - acc: 0.8156
 352/1424 [======>.......................] - ETA: 1s - loss: 0.3972 - acc: 0.8210
 384/1424 [=======>......................] - ETA: 1s - loss: 0.4052 - acc: 0.8229
 416/1424 [=======>......................] - ETA: 1s - loss: 0.4045 - acc: 0.8245
 448/1424 [========>.....................] - ETA: 1s - loss: 0.4055 - acc: 0.8259
 480/1424 [=========>....................] - ETA: 1s - loss: 0.4064 - acc: 0.8208
 512/1424 [=========>....................] - ETA: 1s - loss: 0.4026 - acc: 0.8203
 544/1424 [==========>...................] - ETA: 1s - loss: 0.3991 - acc: 0.8199
 576/1424 [===========>..................] - ETA: 1s - loss: 0.3883 - acc: 0.8264
 608/1424 [===========>..................] - ETA: 1s - loss: 0.3920 - acc: 0.8273
 640/1424 [============>.................] - ETA: 1s - loss: 0.3940 - acc: 0.8219
 672/1424 [=============>................] - ETA: 1s - loss: 0.3888 - acc: 0.8244
 704/1424 [=============>................] - ETA: 1s - loss: 0.3877 - acc: 0.8267
 736/1424 [==============>...............] - ETA: 1s - loss: 0.3871 - acc: 0.8274
 768/1424 [===============>..............] - ETA: 1s - loss: 0.3900 - acc: 0.8281
 800/1424 [===============>..............] - ETA: 1s - loss: 0.3918 - acc: 0.8275
 832/1424 [================>.............] - ETA: 1s - loss: 0.3995 - acc: 0.8245
 864/1424 [=================>............] - ETA: 0s - loss: 0.3951 - acc: 0.8275
 896/1424 [=================>............] - ETA: 0s - loss: 0.3920 - acc: 0.8281
 928/1424 [==================>...........] - ETA: 0s - loss: 0.3956 - acc: 0.8276
 960/1424 [===================>..........] - ETA: 0s - loss: 0.3983 - acc: 0.8271
 992/1424 [===================>..........] - ETA: 0s - loss: 0.4018 - acc: 0.8266
1024/1424 [====================>.........] - ETA: 0s - loss: 0.4007 - acc: 0.8271
1056/1424 [=====================>........] - ETA: 0s - loss: 0.4006 - acc: 0.8267
1088/1424 [=====================>........] - ETA: 0s - loss: 0.4022 - acc: 0.8272
1120/1424 [======================>.......] - ETA: 0s - loss: 0.4020 - acc: 0.8268
1152/1424 [=======================>......] - ETA: 0s - loss: 0.4098 - acc: 0.8229
1184/1424 [=======================>......] - ETA: 0s - loss: 0.4055 - acc: 0.8260
1216/1424 [========================>.....] - ETA: 0s - loss: 0.4075 - acc: 0.8232
1248/1424 [=========================>....] - ETA: 0s - loss: 0.4057 - acc: 0.8253
1280/1424 [=========================>....] - ETA: 0s - loss: 0.4073 - acc: 0.8258
1312/1424 [==========================>...] - ETA: 0s - loss: 0.4107 - acc: 0.8232
1344/1424 [===========================>..] - ETA: 0s - loss: 0.4125 - acc: 0.8214
1376/1424 [===========================>..] - ETA: 0s - loss: 0.4094 - acc: 0.8227
1408/1424 [============================>.] - ETA: 0s - loss: 0.4101 - acc: 0.8224
1424/1424 [==============================] - 5s 4ms/step - loss: 0.4107 - acc: 0.8216 - val_loss: 8.0176 - val_acc: 0.4972
Epoch 15/1000

  32/1424 [..............................] - ETA: 2s - loss: 0.4373 - acc: 0.8438
  64/1424 [>.............................] - ETA: 2s - loss: 0.4175 - acc: 0.8438
  96/1424 [=>............................] - ETA: 2s - loss: 0.3832 - acc: 0.8542
 128/1424 [=>............................] - ETA: 2s - loss: 0.3838 - acc: 0.8438
 160/1424 [==>...........................] - ETA: 2s - loss: 0.4142 - acc: 0.8187
 192/1424 [===>..........................] - ETA: 2s - loss: 0.3994 - acc: 0.8281
 224/1424 [===>..........................] - ETA: 2s - loss: 0.4186 - acc: 0.8080
 256/1424 [====>.........................] - ETA: 2s - loss: 0.4096 - acc: 0.8164
 288/1424 [=====>........................] - ETA: 1s - loss: 0.4171 - acc: 0.8021
 320/1424 [=====>........................] - ETA: 1s - loss: 0.4079 - acc: 0.8031
 352/1424 [======>.......................] - ETA: 1s - loss: 0.4138 - acc: 0.7955
 384/1424 [=======>......................] - ETA: 1s - loss: 0.4039 - acc: 0.7969
 416/1424 [=======>......................] - ETA: 1s - loss: 0.4052 - acc: 0.8005
 448/1424 [========>.....................] - ETA: 1s - loss: 0.4176 - acc: 0.7969
 480/1424 [=========>....................] - ETA: 1s - loss: 0.4144 - acc: 0.7979
 512/1424 [=========>....................] - ETA: 1s - loss: 0.4195 - acc: 0.7969
 544/1424 [==========>...................] - ETA: 1s - loss: 0.4187 - acc: 0.7996
 576/1424 [===========>..................] - ETA: 1s - loss: 0.4124 - acc: 0.8021
 608/1424 [===========>..................] - ETA: 1s - loss: 0.4181 - acc: 0.7977
 640/1424 [============>.................] - ETA: 1s - loss: 0.4140 - acc: 0.8047
 672/1424 [=============>................] - ETA: 1s - loss: 0.4187 - acc: 0.8006
 704/1424 [=============>................] - ETA: 1s - loss: 0.4209 - acc: 0.8011
 736/1424 [==============>...............] - ETA: 1s - loss: 0.4272 - acc: 0.7989
 768/1424 [===============>..............] - ETA: 1s - loss: 0.4186 - acc: 0.8047
 800/1424 [===============>..............] - ETA: 1s - loss: 0.4180 - acc: 0.8075
 832/1424 [================>.............] - ETA: 1s - loss: 0.4237 - acc: 0.8053
 864/1424 [=================>............] - ETA: 0s - loss: 0.4238 - acc: 0.8079
 896/1424 [=================>............] - ETA: 0s - loss: 0.4206 - acc: 0.8080
 928/1424 [==================>...........] - ETA: 0s - loss: 0.4218 - acc: 0.8060
 960/1424 [===================>..........] - ETA: 0s - loss: 0.4226 - acc: 0.8042
 992/1424 [===================>..........] - ETA: 0s - loss: 0.4165 - acc: 0.8085
1024/1424 [====================>.........] - ETA: 0s - loss: 0.4153 - acc: 0.8105
1056/1424 [=====================>........] - ETA: 0s - loss: 0.4103 - acc: 0.8144
1088/1424 [=====================>........] - ETA: 0s - loss: 0.4144 - acc: 0.8116
1120/1424 [======================>.......] - ETA: 0s - loss: 0.4182 - acc: 0.8089
1152/1424 [=======================>......] - ETA: 0s - loss: 0.4168 - acc: 0.8108
1184/1424 [=======================>......] - ETA: 0s - loss: 0.4161 - acc: 0.8117
1216/1424 [========================>.....] - ETA: 0s - loss: 0.4134 - acc: 0.8133
1248/1424 [=========================>....] - ETA: 0s - loss: 0.4126 - acc: 0.8141
1280/1424 [=========================>....] - ETA: 0s - loss: 0.4096 - acc: 0.8148
1312/1424 [==========================>...] - ETA: 0s - loss: 0.4076 - acc: 0.8155
1344/1424 [===========================>..] - ETA: 0s - loss: 0.4066 - acc: 0.8170
1376/1424 [===========================>..] - ETA: 0s - loss: 0.4047 - acc: 0.8190
1408/1424 [============================>.] - ETA: 0s - loss: 0.4059 - acc: 0.8182
1424/1424 [==============================] - 5s 4ms/step - loss: 0.4085 - acc: 0.8167 - val_loss: 0.3955 - val_acc: 0.8545
Epoch 16/1000

  32/1424 [..............................] - ETA: 2s - loss: 0.3011 - acc: 0.8438
  64/1424 [>.............................] - ETA: 2s - loss: 0.4574 - acc: 0.7812
  96/1424 [=>............................] - ETA: 2s - loss: 0.4894 - acc: 0.7708
 128/1424 [=>............................] - ETA: 2s - loss: 0.4828 - acc: 0.7656
 160/1424 [==>...........................] - ETA: 2s - loss: 0.4690 - acc: 0.7750
 192/1424 [===>..........................] - ETA: 2s - loss: 0.4455 - acc: 0.7917
 224/1424 [===>..........................] - ETA: 2s - loss: 0.4475 - acc: 0.7902
 256/1424 [====>.........................] - ETA: 2s - loss: 0.4617 - acc: 0.7852
 288/1424 [=====>........................] - ETA: 1s - loss: 0.4430 - acc: 0.7986
 320/1424 [=====>........................] - ETA: 1s - loss: 0.4368 - acc: 0.8000
 352/1424 [======>.......................] - ETA: 1s - loss: 0.4493 - acc: 0.8011
 384/1424 [=======>......................] - ETA: 1s - loss: 0.4700 - acc: 0.7943
 416/1424 [=======>......................] - ETA: 1s - loss: 0.4660 - acc: 0.7981
 448/1424 [========>.....................] - ETA: 1s - loss: 0.4627 - acc: 0.7969
 480/1424 [=========>....................] - ETA: 1s - loss: 0.4538 - acc: 0.8042
 512/1424 [=========>....................] - ETA: 1s - loss: 0.4454 - acc: 0.8105
 544/1424 [==========>...................] - ETA: 1s - loss: 0.4438 - acc: 0.8143
 576/1424 [===========>..................] - ETA: 1s - loss: 0.4397 - acc: 0.8160
 608/1424 [===========>..................] - ETA: 1s - loss: 0.4384 - acc: 0.8174
 640/1424 [============>.................] - ETA: 1s - loss: 0.4371 - acc: 0.8172
 672/1424 [=============>................] - ETA: 1s - loss: 0.4334 - acc: 0.8185
 704/1424 [=============>................] - ETA: 1s - loss: 0.4269 - acc: 0.8210
 736/1424 [==============>...............] - ETA: 1s - loss: 0.4212 - acc: 0.8234
 768/1424 [===============>..............] - ETA: 1s - loss: 0.4205 - acc: 0.8216
 800/1424 [===============>..............] - ETA: 1s - loss: 0.4145 - acc: 0.8250
 832/1424 [================>.............] - ETA: 1s - loss: 0.4152 - acc: 0.8245
 864/1424 [=================>............] - ETA: 0s - loss: 0.4134 - acc: 0.8275
 896/1424 [=================>............] - ETA: 0s - loss: 0.4111 - acc: 0.8259
 928/1424 [==================>...........] - ETA: 0s - loss: 0.4243 - acc: 0.8211
 960/1424 [===================>..........] - ETA: 0s - loss: 0.4210 - acc: 0.8240
 992/1424 [===================>..........] - ETA: 0s - loss: 0.4186 - acc: 0.8246
1024/1424 [====================>.........] - ETA: 0s - loss: 0.4137 - acc: 0.8271
1056/1424 [=====================>........] - ETA: 0s - loss: 0.4183 - acc: 0.8239
1088/1424 [=====================>........] - ETA: 0s - loss: 0.4138 - acc: 0.8272
1120/1424 [======================>.......] - ETA: 0s - loss: 0.4121 - acc: 0.8259
1152/1424 [=======================>......] - ETA: 0s - loss: 0.4140 - acc: 0.8247
1184/1424 [=======================>......] - ETA: 0s - loss: 0.4104 - acc: 0.8260
1216/1424 [========================>.....] - ETA: 0s - loss: 0.4090 - acc: 0.8248
1248/1424 [=========================>....] - ETA: 0s - loss: 0.4106 - acc: 0.8237
1280/1424 [=========================>....] - ETA: 0s - loss: 0.4087 - acc: 0.8258
1312/1424 [==========================>...] - ETA: 0s - loss: 0.4058 - acc: 0.8262
1344/1424 [===========================>..] - ETA: 0s - loss: 0.4020 - acc: 0.8281
1376/1424 [===========================>..] - ETA: 0s - loss: 0.4065 - acc: 0.8263
1408/1424 [============================>.] - ETA: 0s - loss: 0.4060 - acc: 0.8267
1424/1424 [==============================] - 5s 4ms/step - loss: 0.4073 - acc: 0.8265 - val_loss: 0.3747 - val_acc: 0.8517
Epoch 17/1000

  32/1424 [..............................] - ETA: 2s - loss: 0.4346 - acc: 0.8438
  64/1424 [>.............................] - ETA: 2s - loss: 0.5273 - acc: 0.7812
  96/1424 [=>............................] - ETA: 2s - loss: 0.4601 - acc: 0.8229
 128/1424 [=>............................] - ETA: 2s - loss: 0.4480 - acc: 0.8203
 160/1424 [==>...........................] - ETA: 2s - loss: 0.4644 - acc: 0.8187
 192/1424 [===>..........................] - ETA: 2s - loss: 0.4443 - acc: 0.8333
 224/1424 [===>..........................] - ETA: 2s - loss: 0.4470 - acc: 0.8259
 256/1424 [====>.........................] - ETA: 2s - loss: 0.4431 - acc: 0.8242
 288/1424 [=====>........................] - ETA: 1s - loss: 0.4438 - acc: 0.8194
 320/1424 [=====>........................] - ETA: 1s - loss: 0.4330 - acc: 0.8187
 352/1424 [======>.......................] - ETA: 1s - loss: 0.4153 - acc: 0.8239
 384/1424 [=======>......................] - ETA: 1s - loss: 0.4121 - acc: 0.8229
 416/1424 [=======>......................] - ETA: 1s - loss: 0.4117 - acc: 0.8245
 448/1424 [========>.....................] - ETA: 1s - loss: 0.4114 - acc: 0.8214
 480/1424 [=========>....................] - ETA: 1s - loss: 0.4181 - acc: 0.8104
 512/1424 [=========>....................] - ETA: 1s - loss: 0.4201 - acc: 0.8105
 544/1424 [==========>...................] - ETA: 1s - loss: 0.4282 - acc: 0.8051
 576/1424 [===========>..................] - ETA: 1s - loss: 0.4188 - acc: 0.8090
 608/1424 [===========>..................] - ETA: 1s - loss: 0.4149 - acc: 0.8125
 640/1424 [============>.................] - ETA: 1s - loss: 0.4150 - acc: 0.8141
 672/1424 [=============>................] - ETA: 1s - loss: 0.4203 - acc: 0.8110
 704/1424 [=============>................] - ETA: 1s - loss: 0.4193 - acc: 0.8125
 736/1424 [==============>...............] - ETA: 1s - loss: 0.4098 - acc: 0.8193
 768/1424 [===============>..............] - ETA: 1s - loss: 0.4088 - acc: 0.8190
 800/1424 [===============>..............] - ETA: 1s - loss: 0.4018 - acc: 0.8213
 832/1424 [================>.............] - ETA: 1s - loss: 0.3969 - acc: 0.8257
 864/1424 [=================>............] - ETA: 0s - loss: 0.4062 - acc: 0.8229
 896/1424 [=================>............] - ETA: 0s - loss: 0.4086 - acc: 0.8225
 928/1424 [==================>...........] - ETA: 0s - loss: 0.4063 - acc: 0.8254
 960/1424 [===================>..........] - ETA: 0s - loss: 0.4059 - acc: 0.8250
 992/1424 [===================>..........] - ETA: 0s - loss: 0.4094 - acc: 0.8216
1024/1424 [====================>.........] - ETA: 0s - loss: 0.4078 - acc: 0.8232
1056/1424 [=====================>........] - ETA: 0s - loss: 0.4056 - acc: 0.8248
1088/1424 [=====================>........] - ETA: 0s - loss: 0.4024 - acc: 0.8272
1120/1424 [======================>.......] - ETA: 0s - loss: 0.4052 - acc: 0.8268
1152/1424 [=======================>......] - ETA: 0s - loss: 0.4032 - acc: 0.8281
1184/1424 [=======================>......] - ETA: 0s - loss: 0.4027 - acc: 0.8269
1216/1424 [========================>.....] - ETA: 0s - loss: 0.3987 - acc: 0.8273
1248/1424 [=========================>....] - ETA: 0s - loss: 0.4046 - acc: 0.8237
1280/1424 [=========================>....] - ETA: 0s - loss: 0.4026 - acc: 0.8242
1312/1424 [==========================>...] - ETA: 0s - loss: 0.4002 - acc: 0.8255
1344/1424 [===========================>..] - ETA: 0s - loss: 0.3968 - acc: 0.8281
1376/1424 [===========================>..] - ETA: 0s - loss: 0.3991 - acc: 0.8256
1408/1424 [============================>.] - ETA: 0s - loss: 0.3995 - acc: 0.8253
1424/1424 [==============================] - 5s 4ms/step - loss: 0.3992 - acc: 0.8258 - val_loss: 8.0590 - val_acc: 0.5000
Epoch 18/1000

  32/1424 [..............................] - ETA: 2s - loss: 0.4126 - acc: 0.8125
  64/1424 [>.............................] - ETA: 2s - loss: 0.3723 - acc: 0.8438
  96/1424 [=>............................] - ETA: 2s - loss: 0.3921 - acc: 0.8229
 128/1424 [=>............................] - ETA: 2s - loss: 0.4313 - acc: 0.8125
 160/1424 [==>...........................] - ETA: 2s - loss: 0.4218 - acc: 0.8187
 192/1424 [===>..........................] - ETA: 2s - loss: 0.4089 - acc: 0.8177
 224/1424 [===>..........................] - ETA: 2s - loss: 0.4027 - acc: 0.8170
 256/1424 [====>.........................] - ETA: 2s - loss: 0.3803 - acc: 0.8320
 288/1424 [=====>........................] - ETA: 1s - loss: 0.3771 - acc: 0.8368
 320/1424 [=====>........................] - ETA: 1s - loss: 0.3747 - acc: 0.8375
 352/1424 [======>.......................] - ETA: 1s - loss: 0.4012 - acc: 0.8210
 384/1424 [=======>......................] - ETA: 1s - loss: 0.4189 - acc: 0.8073
 416/1424 [=======>......................] - ETA: 1s - loss: 0.4151 - acc: 0.8125
 448/1424 [========>.....................] - ETA: 1s - loss: 0.4084 - acc: 0.8170
 480/1424 [=========>....................] - ETA: 1s - loss: 0.4241 - acc: 0.8125
 512/1424 [=========>....................] - ETA: 1s - loss: 0.4130 - acc: 0.8145
 544/1424 [==========>...................] - ETA: 1s - loss: 0.4147 - acc: 0.8125
 576/1424 [===========>..................] - ETA: 1s - loss: 0.4126 - acc: 0.8160
 608/1424 [===========>..................] - ETA: 1s - loss: 0.4119 - acc: 0.8158
 640/1424 [============>.................] - ETA: 1s - loss: 0.4095 - acc: 0.8156
 672/1424 [=============>................] - ETA: 1s - loss: 0.4018 - acc: 0.8229
 704/1424 [=============>................] - ETA: 1s - loss: 0.3944 - acc: 0.8267
 736/1424 [==============>...............] - ETA: 1s - loss: 0.3936 - acc: 0.8261
 768/1424 [===============>..............] - ETA: 1s - loss: 0.3967 - acc: 0.8242
 800/1424 [===============>..............] - ETA: 1s - loss: 0.4169 - acc: 0.8225
 832/1424 [================>.............] - ETA: 1s - loss: 0.4184 - acc: 0.8233
 864/1424 [=================>............] - ETA: 0s - loss: 0.4175 - acc: 0.8206
 896/1424 [=================>............] - ETA: 0s - loss: 0.4314 - acc: 0.8214
 928/1424 [==================>...........] - ETA: 0s - loss: 0.4565 - acc: 0.8222
 960/1424 [===================>..........] - ETA: 0s - loss: 0.4539 - acc: 0.8219
 992/1424 [===================>..........] - ETA: 0s - loss: 0.4489 - acc: 0.8246
1024/1424 [====================>.........] - ETA: 0s - loss: 0.4460 - acc: 0.8262
1056/1424 [=====================>........] - ETA: 0s - loss: 0.4410 - acc: 0.8277
1088/1424 [=====================>........] - ETA: 0s - loss: 0.4424 - acc: 0.8254
1120/1424 [======================>.......] - ETA: 0s - loss: 0.4416 - acc: 0.8250
1152/1424 [=======================>......] - ETA: 0s - loss: 0.4372 - acc: 0.8273
1184/1424 [=======================>......] - ETA: 0s - loss: 0.4340 - acc: 0.8285
1216/1424 [========================>.....] - ETA: 0s - loss: 0.4317 - acc: 0.8298
1248/1424 [=========================>....] - ETA: 0s - loss: 0.4316 - acc: 0.8285
1280/1424 [=========================>....] - ETA: 0s - loss: 0.4314 - acc: 0.8273
1312/1424 [==========================>...] - ETA: 0s - loss: 0.4298 - acc: 0.8277
1344/1424 [===========================>..] - ETA: 0s - loss: 0.4260 - acc: 0.8296
1376/1424 [===========================>..] - ETA: 0s - loss: 0.4262 - acc: 0.8299
1408/1424 [============================>.] - ETA: 0s - loss: 0.4358 - acc: 0.8295
1424/1424 [==============================] - 5s 4ms/step - loss: 0.4356 - acc: 0.8294 - val_loss: 0.3648 - val_acc: 0.8588
Epoch 19/1000

  32/1424 [..............................] - ETA: 2s - loss: 0.5180 - acc: 0.7188
  64/1424 [>.............................] - ETA: 2s - loss: 0.5207 - acc: 0.7188
  96/1424 [=>............................] - ETA: 2s - loss: 0.4754 - acc: 0.7500
 128/1424 [=>............................] - ETA: 2s - loss: 0.4616 - acc: 0.7734
 160/1424 [==>...........................] - ETA: 2s - loss: 0.4647 - acc: 0.7875
 192/1424 [===>..........................] - ETA: 2s - loss: 0.4589 - acc: 0.7917
 224/1424 [===>..........................] - ETA: 2s - loss: 0.4361 - acc: 0.8036
 256/1424 [====>.........................] - ETA: 2s - loss: 0.4409 - acc: 0.8047
 288/1424 [=====>........................] - ETA: 1s - loss: 0.4264 - acc: 0.8125
 320/1424 [=====>........................] - ETA: 1s - loss: 0.4209 - acc: 0.8094
 352/1424 [======>.......................] - ETA: 1s - loss: 0.4301 - acc: 0.8040
 384/1424 [=======>......................] - ETA: 1s - loss: 0.4295 - acc: 0.7995
 416/1424 [=======>......................] - ETA: 1s - loss: 0.4317 - acc: 0.7981
 448/1424 [========>.....................] - ETA: 1s - loss: 0.4321 - acc: 0.8013
 480/1424 [=========>....................] - ETA: 1s - loss: 0.4203 - acc: 0.8083
 512/1424 [=========>....................] - ETA: 1s - loss: 0.4219 - acc: 0.8066
 544/1424 [==========>...................] - ETA: 1s - loss: 0.4188 - acc: 0.8107
 576/1424 [===========>..................] - ETA: 1s - loss: 0.4241 - acc: 0.8038
 608/1424 [===========>..................] - ETA: 1s - loss: 0.4277 - acc: 0.8026
 640/1424 [============>.................] - ETA: 1s - loss: 0.4258 - acc: 0.8047
 672/1424 [=============>................] - ETA: 1s - loss: 0.4143 - acc: 0.8125
 704/1424 [=============>................] - ETA: 1s - loss: 0.4222 - acc: 0.8068
 736/1424 [==============>...............] - ETA: 1s - loss: 0.4180 - acc: 0.8098
 768/1424 [===============>..............] - ETA: 1s - loss: 0.4207 - acc: 0.8099
 800/1424 [===============>..............] - ETA: 1s - loss: 0.4196 - acc: 0.8100
 832/1424 [================>.............] - ETA: 1s - loss: 0.4183 - acc: 0.8137
 864/1424 [=================>............] - ETA: 0s - loss: 0.4221 - acc: 0.8148
 896/1424 [=================>............] - ETA: 0s - loss: 0.4172 - acc: 0.8170
 928/1424 [==================>...........] - ETA: 0s - loss: 0.4160 - acc: 0.8190
 960/1424 [===================>..........] - ETA: 0s - loss: 0.4113 - acc: 0.8219
 992/1424 [===================>..........] - ETA: 0s - loss: 0.4079 - acc: 0.8246
1024/1424 [====================>.........] - ETA: 0s - loss: 0.4048 - acc: 0.8262
1056/1424 [=====================>........] - ETA: 0s - loss: 0.4008 - acc: 0.8277
1088/1424 [=====================>........] - ETA: 0s - loss: 0.4039 - acc: 0.8263
1120/1424 [======================>.......] - ETA: 0s - loss: 0.4018 - acc: 0.8268
1152/1424 [=======================>......] - ETA: 0s - loss: 0.3991 - acc: 0.8290
1184/1424 [=======================>......] - ETA: 0s - loss: 0.3985 - acc: 0.8294
1216/1424 [========================>.....] - ETA: 0s - loss: 0.3966 - acc: 0.8306
1248/1424 [=========================>....] - ETA: 0s - loss: 0.3922 - acc: 0.8325
1280/1424 [=========================>....] - ETA: 0s - loss: 0.3890 - acc: 0.8344
1312/1424 [==========================>...] - ETA: 0s - loss: 0.3903 - acc: 0.8338
1344/1424 [===========================>..] - ETA: 0s - loss: 0.3873 - acc: 0.8356
1376/1424 [===========================>..] - ETA: 0s - loss: 0.3884 - acc: 0.8343
1408/1424 [============================>.] - ETA: 0s - loss: 0.3872 - acc: 0.8352
1424/1424 [==============================] - 5s 4ms/step - loss: 0.3895 - acc: 0.8343 - val_loss: 0.3836 - val_acc: 0.8588
Epoch 20/1000

  32/1424 [..............................] - ETA: 2s - loss: 0.2946 - acc: 0.8125
  64/1424 [>.............................] - ETA: 2s - loss: 0.3645 - acc: 0.7969
  96/1424 [=>............................] - ETA: 2s - loss: 0.3813 - acc: 0.8125
 128/1424 [=>............................] - ETA: 2s - loss: 0.4160 - acc: 0.8125
 160/1424 [==>...........................] - ETA: 2s - loss: 0.4584 - acc: 0.7875
 192/1424 [===>..........................] - ETA: 2s - loss: 0.4533 - acc: 0.7917
 224/1424 [===>..........................] - ETA: 2s - loss: 0.4316 - acc: 0.8080
 256/1424 [====>.........................] - ETA: 2s - loss: 0.4098 - acc: 0.8203
 288/1424 [=====>........................] - ETA: 1s - loss: 0.3910 - acc: 0.8333
 320/1424 [=====>........................] - ETA: 1s - loss: 0.4113 - acc: 0.8219
 352/1424 [======>.......................] - ETA: 1s - loss: 0.4170 - acc: 0.8153
 384/1424 [=======>......................] - ETA: 1s - loss: 0.4035 - acc: 0.8255
 416/1424 [=======>......................] - ETA: 1s - loss: 0.4007 - acc: 0.8245
 448/1424 [========>.....................] - ETA: 1s - loss: 0.4012 - acc: 0.8214
 480/1424 [=========>....................] - ETA: 1s - loss: 0.3949 - acc: 0.8250
 512/1424 [=========>....................] - ETA: 1s - loss: 0.4067 - acc: 0.8223
 544/1424 [==========>...................] - ETA: 1s - loss: 0.4066 - acc: 0.8199
 576/1424 [===========>..................] - ETA: 1s - loss: 0.4100 - acc: 0.8160
 608/1424 [===========>..................] - ETA: 1s - loss: 0.4072 - acc: 0.8174
 640/1424 [============>.................] - ETA: 1s - loss: 0.4077 - acc: 0.8187
 672/1424 [=============>................] - ETA: 1s - loss: 0.4046 - acc: 0.8199
 704/1424 [=============>................] - ETA: 1s - loss: 0.3974 - acc: 0.8267
 736/1424 [==============>...............] - ETA: 1s - loss: 0.3958 - acc: 0.8247
 768/1424 [===============>..............] - ETA: 1s - loss: 0.3973 - acc: 0.8242
 800/1424 [===============>..............] - ETA: 1s - loss: 0.3914 - acc: 0.8287
 832/1424 [================>.............] - ETA: 1s - loss: 0.3912 - acc: 0.8293
 864/1424 [=================>............] - ETA: 0s - loss: 0.3869 - acc: 0.8322
 896/1424 [=================>............] - ETA: 0s - loss: 0.3843 - acc: 0.8337
 928/1424 [==================>...........] - ETA: 0s - loss: 0.3859 - acc: 0.8319
 960/1424 [===================>..........] - ETA: 0s - loss: 0.3879 - acc: 0.8313
 992/1424 [===================>..........] - ETA: 0s - loss: 0.3835 - acc: 0.8337
1024/1424 [====================>.........] - ETA: 0s - loss: 0.3802 - acc: 0.8369
1056/1424 [=====================>........] - ETA: 0s - loss: 0.3863 - acc: 0.8371
1088/1424 [=====================>........] - ETA: 0s - loss: 0.3837 - acc: 0.8392
1120/1424 [======================>.......] - ETA: 0s - loss: 0.3832 - acc: 0.8393
1152/1424 [=======================>......] - ETA: 0s - loss: 0.3814 - acc: 0.8385
1184/1424 [=======================>......] - ETA: 0s - loss: 0.3784 - acc: 0.8412
1216/1424 [========================>.....] - ETA: 0s - loss: 0.3819 - acc: 0.8405
1248/1424 [=========================>....] - ETA: 0s - loss: 0.3869 - acc: 0.8389
1280/1424 [=========================>....] - ETA: 0s - loss: 0.3935 - acc: 0.8359
1312/1424 [==========================>...] - ETA: 0s - loss: 0.3923 - acc: 0.8369
1344/1424 [===========================>..] - ETA: 0s - loss: 0.3930 - acc: 0.8385
1376/1424 [===========================>..] - ETA: 0s - loss: 0.3957 - acc: 0.8372
1408/1424 [============================>.] - ETA: 0s - loss: 0.3906 - acc: 0.8402
1424/1424 [==============================] - 5s 4ms/step - loss: 0.3920 - acc: 0.8399 - val_loss: 0.4178 - val_acc: 0.8305
Epoch 21/1000

  32/1424 [..............................] - ETA: 2s - loss: 0.2353 - acc: 0.9062
  64/1424 [>.............................] - ETA: 2s - loss: 0.3168 - acc: 0.8438
  96/1424 [=>............................] - ETA: 2s - loss: 0.4516 - acc: 0.7812
 128/1424 [=>............................] - ETA: 2s - loss: 0.4457 - acc: 0.7969
 160/1424 [==>...........................] - ETA: 2s - loss: 0.4104 - acc: 0.8250
 192/1424 [===>..........................] - ETA: 2s - loss: 0.3873 - acc: 0.8333
 224/1424 [===>..........................] - ETA: 2s - loss: 0.3822 - acc: 0.8438
 256/1424 [====>.........................] - ETA: 2s - loss: 0.4126 - acc: 0.8320
 288/1424 [=====>........................] - ETA: 1s - loss: 0.4170 - acc: 0.8299
 320/1424 [=====>........................] - ETA: 1s - loss: 0.4180 - acc: 0.8219
 352/1424 [======>.......................] - ETA: 1s - loss: 0.4133 - acc: 0.8239
 384/1424 [=======>......................] - ETA: 1s - loss: 0.4133 - acc: 0.8255
 416/1424 [=======>......................] - ETA: 1s - loss: 0.4100 - acc: 0.8269
 448/1424 [========>.....................] - ETA: 1s - loss: 0.4110 - acc: 0.8259
 480/1424 [=========>....................] - ETA: 1s - loss: 0.4121 - acc: 0.8271
 512/1424 [=========>....................] - ETA: 1s - loss: 0.4136 - acc: 0.8281
 544/1424 [==========>...................] - ETA: 1s - loss: 0.4169 - acc: 0.8254
 576/1424 [===========>..................] - ETA: 1s - loss: 0.4134 - acc: 0.8281
 608/1424 [===========>..................] - ETA: 1s - loss: 0.4113 - acc: 0.8273
 640/1424 [============>.................] - ETA: 1s - loss: 0.4102 - acc: 0.8297
 672/1424 [=============>................] - ETA: 1s - loss: 0.4059 - acc: 0.8304
 704/1424 [=============>................] - ETA: 1s - loss: 0.4045 - acc: 0.8310
 736/1424 [==============>...............] - ETA: 1s - loss: 0.4122 - acc: 0.8247
 768/1424 [===============>..............] - ETA: 1s - loss: 0.4088 - acc: 0.8268
 800/1424 [===============>..............] - ETA: 1s - loss: 0.4077 - acc: 0.8250
 832/1424 [================>.............] - ETA: 1s - loss: 0.4104 - acc: 0.8257
 864/1424 [=================>............] - ETA: 0s - loss: 0.4094 - acc: 0.8252
 896/1424 [=================>............] - ETA: 0s - loss: 0.4092 - acc: 0.8248
 928/1424 [==================>...........] - ETA: 0s - loss: 0.4065 - acc: 0.8276
 960/1424 [===================>..........] - ETA: 0s - loss: 0.4061 - acc: 0.8281
 992/1424 [===================>..........] - ETA: 0s - loss: 0.4045 - acc: 0.8286
1024/1424 [====================>.........] - ETA: 0s - loss: 0.4002 - acc: 0.8320
1056/1424 [=====================>........] - ETA: 0s - loss: 0.3995 - acc: 0.8343
1088/1424 [=====================>........] - ETA: 0s - loss: 0.4037 - acc: 0.8327
1120/1424 [======================>.......] - ETA: 0s - loss: 0.4002 - acc: 0.8339
1152/1424 [=======================>......] - ETA: 0s - loss: 0.3982 - acc: 0.8342
1184/1424 [=======================>......] - ETA: 0s - loss: 0.3986 - acc: 0.8336
1216/1424 [========================>.....] - ETA: 0s - loss: 0.3960 - acc: 0.8347
1248/1424 [=========================>....] - ETA: 0s - loss: 0.3952 - acc: 0.8333
1280/1424 [=========================>....] - ETA: 0s - loss: 0.3988 - acc: 0.8305
1312/1424 [==========================>...] - ETA: 0s - loss: 0.3990 - acc: 0.8308
1344/1424 [===========================>..] - ETA: 0s - loss: 0.3973 - acc: 0.8318
1376/1424 [===========================>..] - ETA: 0s - loss: 0.3972 - acc: 0.8307
1408/1424 [============================>.] - ETA: 0s - loss: 0.3990 - acc: 0.8303
1424/1424 [==============================] - 5s 4ms/step - loss: 0.3962 - acc: 0.8315 - val_loss: 7.0142 - val_acc: 0.5169
Epoch 22/1000

  32/1424 [..............................] - ETA: 2s - loss: 0.3630 - acc: 0.9062
  64/1424 [>.............................] - ETA: 2s - loss: 0.3035 - acc: 0.9375
  96/1424 [=>............................] - ETA: 2s - loss: 0.3309 - acc: 0.9062
 128/1424 [=>............................] - ETA: 2s - loss: 0.3276 - acc: 0.8984
 160/1424 [==>...........................] - ETA: 2s - loss: 0.3221 - acc: 0.8812
 192/1424 [===>..........................] - ETA: 2s - loss: 0.3000 - acc: 0.8854
 224/1424 [===>..........................] - ETA: 2s - loss: 0.3019 - acc: 0.8884
 256/1424 [====>.........................] - ETA: 2s - loss: 0.3303 - acc: 0.8750
 288/1424 [=====>........................] - ETA: 1s - loss: 0.3385 - acc: 0.8681
 320/1424 [=====>........................] - ETA: 1s - loss: 0.3571 - acc: 0.8625
 352/1424 [======>.......................] - ETA: 1s - loss: 0.3569 - acc: 0.8636
 384/1424 [=======>......................] - ETA: 1s - loss: 0.3543 - acc: 0.8672
 416/1424 [=======>......................] - ETA: 1s - loss: 0.3525 - acc: 0.8678
 448/1424 [========>.....................] - ETA: 1s - loss: 0.3603 - acc: 0.8616
 480/1424 [=========>....................] - ETA: 1s - loss: 0.3639 - acc: 0.8604
 512/1424 [=========>....................] - ETA: 1s - loss: 0.3581 - acc: 0.8633
 544/1424 [==========>...................] - ETA: 1s - loss: 0.3553 - acc: 0.8640
 576/1424 [===========>..................] - ETA: 1s - loss: 0.3467 - acc: 0.8681
 608/1424 [===========>..................] - ETA: 1s - loss: 0.3569 - acc: 0.8635
 640/1424 [============>.................] - ETA: 1s - loss: 0.3514 - acc: 0.8672
 672/1424 [=============>................] - ETA: 1s - loss: 0.3608 - acc: 0.8601
 704/1424 [=============>................] - ETA: 1s - loss: 0.3597 - acc: 0.8608
 736/1424 [==============>...............] - ETA: 1s - loss: 0.3607 - acc: 0.8601
 768/1424 [===============>..............] - ETA: 1s - loss: 0.3648 - acc: 0.8555
 800/1424 [===============>..............] - ETA: 1s - loss: 0.3662 - acc: 0.8550
 832/1424 [================>.............] - ETA: 1s - loss: 0.3676 - acc: 0.8510
 864/1424 [=================>............] - ETA: 0s - loss: 0.3735 - acc: 0.8507
 896/1424 [=================>............] - ETA: 0s - loss: 0.3795 - acc: 0.8482
 928/1424 [==================>...........] - ETA: 0s - loss: 0.3817 - acc: 0.8470
 960/1424 [===================>..........] - ETA: 0s - loss: 0.3829 - acc: 0.8458
 992/1424 [===================>..........] - ETA: 0s - loss: 0.3801 - acc: 0.8468
1024/1424 [====================>.........] - ETA: 0s - loss: 0.3811 - acc: 0.8447
1056/1424 [=====================>........] - ETA: 0s - loss: 0.3801 - acc: 0.8466
1088/1424 [=====================>........] - ETA: 0s - loss: 0.3819 - acc: 0.8447
1120/1424 [======================>.......] - ETA: 0s - loss: 0.3832 - acc: 0.8429
1152/1424 [=======================>......] - ETA: 0s - loss: 0.3801 - acc: 0.8446
1184/1424 [=======================>......] - ETA: 0s - loss: 0.3832 - acc: 0.8421
1216/1424 [========================>.....] - ETA: 0s - loss: 0.3863 - acc: 0.8380
1248/1424 [=========================>....] - ETA: 0s - loss: 0.3875 - acc: 0.8373
1280/1424 [=========================>....] - ETA: 0s - loss: 0.3833 - acc: 0.8383
1312/1424 [==========================>...] - ETA: 0s - loss: 0.3808 - acc: 0.8407
1344/1424 [===========================>..] - ETA: 0s - loss: 0.3783 - acc: 0.8430
1376/1424 [===========================>..] - ETA: 0s - loss: 0.3822 - acc: 0.8408
1408/1424 [============================>.] - ETA: 0s - loss: 0.3871 - acc: 0.8395
1424/1424 [==============================] - 5s 4ms/step - loss: 0.3873 - acc: 0.8385 - val_loss: 0.3705 - val_acc: 0.8602
Epoch 23/1000

  32/1424 [..............................] - ETA: 2s - loss: 0.3794 - acc: 0.8750
  64/1424 [>.............................] - ETA: 2s - loss: 0.3890 - acc: 0.8594
  96/1424 [=>............................] - ETA: 2s - loss: 0.3816 - acc: 0.8438
 128/1424 [=>............................] - ETA: 2s - loss: 0.4736 - acc: 0.8203
 160/1424 [==>...........................] - ETA: 2s - loss: 0.4579 - acc: 0.8375
 192/1424 [===>..........................] - ETA: 2s - loss: 0.4602 - acc: 0.8333
 224/1424 [===>..........................] - ETA: 2s - loss: 0.4228 - acc: 0.8482
 256/1424 [====>.........................] - ETA: 2s - loss: 0.4426 - acc: 0.8320
 288/1424 [=====>........................] - ETA: 1s - loss: 0.4471 - acc: 0.8264
 320/1424 [=====>........................] - ETA: 1s - loss: 0.4512 - acc: 0.8187
 352/1424 [======>.......................] - ETA: 1s - loss: 0.4507 - acc: 0.8153
 384/1424 [=======>......................] - ETA: 1s - loss: 0.4538 - acc: 0.8125
 416/1424 [=======>......................] - ETA: 1s - loss: 0.4421 - acc: 0.8197
 448/1424 [========>.....................] - ETA: 1s - loss: 0.4310 - acc: 0.8259
 480/1424 [=========>....................] - ETA: 1s - loss: 0.4315 - acc: 0.8250
 512/1424 [=========>....................] - ETA: 1s - loss: 0.4320 - acc: 0.8223
 544/1424 [==========>...................] - ETA: 1s - loss: 0.4330 - acc: 0.8199
 576/1424 [===========>..................] - ETA: 1s - loss: 0.4345 - acc: 0.8194
 608/1424 [===========>..................] - ETA: 1s - loss: 0.4350 - acc: 0.8174
 640/1424 [============>.................] - ETA: 1s - loss: 0.4310 - acc: 0.8172
 672/1424 [=============>................] - ETA: 1s - loss: 0.4288 - acc: 0.8185
 704/1424 [=============>................] - ETA: 1s - loss: 0.4291 - acc: 0.8168
 736/1424 [==============>...............] - ETA: 1s - loss: 0.4325 - acc: 0.8166
 768/1424 [===============>..............] - ETA: 1s - loss: 0.4316 - acc: 0.8164
 800/1424 [===============>..............] - ETA: 1s - loss: 0.4298 - acc: 0.8175
 832/1424 [================>.............] - ETA: 1s - loss: 0.4260 - acc: 0.8209
 864/1424 [=================>............] - ETA: 0s - loss: 0.4219 - acc: 0.8218
 896/1424 [=================>............] - ETA: 0s - loss: 0.4196 - acc: 0.8237
 928/1424 [==================>...........] - ETA: 0s - loss: 0.4151 - acc: 0.8254
 960/1424 [===================>..........] - ETA: 0s - loss: 0.4160 - acc: 0.8250
 992/1424 [===================>..........] - ETA: 0s - loss: 0.4142 - acc: 0.8266
1024/1424 [====================>.........] - ETA: 0s - loss: 0.4114 - acc: 0.8271
1056/1424 [=====================>........] - ETA: 0s - loss: 0.4103 - acc: 0.8267
1088/1424 [=====================>........] - ETA: 0s - loss: 0.4074 - acc: 0.8281
1120/1424 [======================>.......] - ETA: 0s - loss: 0.4063 - acc: 0.8286
1152/1424 [=======================>......] - ETA: 0s - loss: 0.4095 - acc: 0.8299
1184/1424 [=======================>......] - ETA: 0s - loss: 0.4074 - acc: 0.8311
1216/1424 [========================>.....] - ETA: 0s - loss: 0.4033 - acc: 0.8339
1248/1424 [=========================>....] - ETA: 0s - loss: 0.4028 - acc: 0.8341
1280/1424 [=========================>....] - ETA: 0s - loss: 0.4049 - acc: 0.8336
1312/1424 [==========================>...] - ETA: 0s - loss: 0.4021 - acc: 0.8354
1344/1424 [===========================>..] - ETA: 0s - loss: 0.3981 - acc: 0.8371
1376/1424 [===========================>..] - ETA: 0s - loss: 0.3988 - acc: 0.8372
1408/1424 [============================>.] - ETA: 0s - loss: 0.3955 - acc: 0.8388
1424/1424 [==============================] - 5s 4ms/step - loss: 0.4007 - acc: 0.8364 - val_loss: 0.3855 - val_acc: 0.8489

  32/1424 [..............................] - ETA: 5s
  64/1424 [>.............................] - ETA: 4s
  96/1424 [=>............................] - ETA: 4s
 128/1424 [=>............................] - ETA: 4s
 160/1424 [==>...........................] - ETA: 4s
 192/1424 [===>..........................] - ETA: 4s
 224/1424 [===>..........................] - ETA: 4s
 256/1424 [====>.........................] - ETA: 4s
 288/1424 [=====>........................] - ETA: 4s
 320/1424 [=====>........................] - ETA: 3s
 352/1424 [======>.......................] - ETA: 3s
 384/1424 [=======>......................] - ETA: 3s
 416/1424 [=======>......................] - ETA: 3s
 448/1424 [========>.....................] - ETA: 3s
 480/1424 [=========>....................] - ETA: 3s
 512/1424 [=========>....................] - ETA: 3s
 544/1424 [==========>...................] - ETA: 3s
 576/1424 [===========>..................] - ETA: 3s
 608/1424 [===========>..................] - ETA: 2s
 640/1424 [============>.................] - ETA: 2s
 672/1424 [=============>................] - ETA: 2s
 704/1424 [=============>................] - ETA: 2s
 736/1424 [==============>...............] - ETA: 2s
 768/1424 [===============>..............] - ETA: 2s
 800/1424 [===============>..............] - ETA: 2s
 832/1424 [================>.............] - ETA: 2s
 864/1424 [=================>............] - ETA: 2s
 896/1424 [=================>............] - ETA: 1s
 928/1424 [==================>...........] - ETA: 1s
 960/1424 [===================>..........] - ETA: 1s
 992/1424 [===================>..........] - ETA: 1s
1024/1424 [====================>.........] - ETA: 1s
1056/1424 [=====================>........] - ETA: 1s
1088/1424 [=====================>........] - ETA: 1s
1120/1424 [======================>.......] - ETA: 1s
1152/1424 [=======================>......] - ETA: 0s
1184/1424 [=======================>......] - ETA: 0s
1216/1424 [========================>.....] - ETA: 0s
1248/1424 [=========================>....] - ETA: 0s
1280/1424 [=========================>....] - ETA: 0s
1312/1424 [==========================>...] - ETA: 0s
1344/1424 [===========================>..] - ETA: 0s
1376/1424 [===========================>..] - ETA: 0s
1408/1424 [============================>.] - ETA: 0s
1424/1424 [==============================] - 5s 4ms/step
Test acc: 0.8476123595505618
Test auc: 0.918961463199091
Test mcc: 0.6958021127300125
Execute epoch: 23
Execute time: 123.52268266677856
