_________________________________________________________________
Layer (type)                 Output Shape              Param #   
=================================================================
embedding_1 (Embedding)      (None, None, 128)         2688      
_________________________________________________________________
lstm_1 (LSTM)                (None, None, 64)          49408     
_________________________________________________________________
lstm_2 (LSTM)                (None, None, 64)          33024     
_________________________________________________________________
lstm_3 (LSTM)                (None, 64)                33024     
_________________________________________________________________
dense_1 (Dense)              (None, 16)                1040      
_________________________________________________________________
dense_2 (Dense)              (None, 1)                 17        
=================================================================
Total params: 119,201
Trainable params: 119,201
Non-trainable params: 0
_________________________________________________________________
Train on 1424 samples, validate on 708 samples
Epoch 1/1000

  32/1424 [..............................] - ETA: 2:23 - loss: 0.6932 - acc: 0.4688
  64/1424 [>.............................] - ETA: 1:13 - loss: 0.6931 - acc: 0.5469
  96/1424 [=>............................] - ETA: 49s - loss: 0.6928 - acc: 0.5729 
 128/1424 [=>............................] - ETA: 37s - loss: 0.6930 - acc: 0.5469
 160/1424 [==>...........................] - ETA: 30s - loss: 0.6924 - acc: 0.5687
 192/1424 [===>..........................] - ETA: 25s - loss: 0.6922 - acc: 0.5677
 224/1424 [===>..........................] - ETA: 22s - loss: 0.6921 - acc: 0.5670
 256/1424 [====>.........................] - ETA: 19s - loss: 0.6921 - acc: 0.5625
 288/1424 [=====>........................] - ETA: 17s - loss: 0.6928 - acc: 0.5417
 320/1424 [=====>........................] - ETA: 15s - loss: 0.6930 - acc: 0.5344
 352/1424 [======>.......................] - ETA: 14s - loss: 0.6936 - acc: 0.5170
 384/1424 [=======>......................] - ETA: 13s - loss: 0.6933 - acc: 0.5208
 416/1424 [=======>......................] - ETA: 12s - loss: 0.6930 - acc: 0.5240
 448/1424 [========>.....................] - ETA: 11s - loss: 0.6932 - acc: 0.5179
 480/1424 [=========>....................] - ETA: 10s - loss: 0.6928 - acc: 0.5229
 512/1424 [=========>....................] - ETA: 9s - loss: 0.6930 - acc: 0.5176 
 544/1424 [==========>...................] - ETA: 9s - loss: 0.6930 - acc: 0.5165
 576/1424 [===========>..................] - ETA: 8s - loss: 0.6930 - acc: 0.5122
 608/1424 [===========>..................] - ETA: 7s - loss: 0.6929 - acc: 0.5132
 640/1424 [============>.................] - ETA: 7s - loss: 0.6927 - acc: 0.5156
 672/1424 [=============>................] - ETA: 6s - loss: 0.6927 - acc: 0.5134
 704/1424 [=============>................] - ETA: 6s - loss: 0.6925 - acc: 0.5128
 736/1424 [==============>...............] - ETA: 6s - loss: 0.6925 - acc: 0.5109
 768/1424 [===============>..............] - ETA: 5s - loss: 0.6923 - acc: 0.5104
 800/1424 [===============>..............] - ETA: 5s - loss: 0.6920 - acc: 0.5100
 832/1424 [================>.............] - ETA: 4s - loss: 0.6920 - acc: 0.5084
 864/1424 [=================>............] - ETA: 4s - loss: 0.6916 - acc: 0.5104
 896/1424 [=================>............] - ETA: 4s - loss: 0.6913 - acc: 0.5089
 928/1424 [==================>...........] - ETA: 3s - loss: 0.6912 - acc: 0.5075
 960/1424 [===================>..........] - ETA: 3s - loss: 0.6908 - acc: 0.5052
 992/1424 [===================>..........] - ETA: 3s - loss: 0.6905 - acc: 0.5020
1024/1424 [====================>.........] - ETA: 3s - loss: 0.6897 - acc: 0.5029
1056/1424 [=====================>........] - ETA: 2s - loss: 0.6892 - acc: 0.4972
1088/1424 [=====================>........] - ETA: 2s - loss: 0.6876 - acc: 0.5000
1120/1424 [======================>.......] - ETA: 2s - loss: 0.6859 - acc: 0.5027
1152/1424 [=======================>......] - ETA: 1s - loss: 0.6834 - acc: 0.5052
1184/1424 [=======================>......] - ETA: 1s - loss: 0.6795 - acc: 0.5084
1216/1424 [========================>.....] - ETA: 1s - loss: 0.6793 - acc: 0.5099
1248/1424 [=========================>....] - ETA: 1s - loss: 0.6783 - acc: 0.5128
1280/1424 [=========================>....] - ETA: 0s - loss: 0.6773 - acc: 0.5172
1312/1424 [==========================>...] - ETA: 0s - loss: 0.6757 - acc: 0.5244
1344/1424 [===========================>..] - ETA: 0s - loss: 0.6756 - acc: 0.5290
1376/1424 [===========================>..] - ETA: 0s - loss: 0.6744 - acc: 0.5327
1408/1424 [============================>.] - ETA: 0s - loss: 0.6732 - acc: 0.5384
1424/1424 [==============================] - 12s 9ms/step - loss: 0.6730 - acc: 0.5407 - val_loss: 0.6294 - val_acc: 0.7980
Epoch 2/1000

  32/1424 [..............................] - ETA: 6s - loss: 0.7356 - acc: 0.6875
  64/1424 [>.............................] - ETA: 5s - loss: 0.6727 - acc: 0.7188
  96/1424 [=>............................] - ETA: 5s - loss: 0.6727 - acc: 0.7083
 128/1424 [=>............................] - ETA: 5s - loss: 0.6457 - acc: 0.7500
 160/1424 [==>...........................] - ETA: 5s - loss: 0.6362 - acc: 0.7562
 192/1424 [===>..........................] - ETA: 5s - loss: 0.6154 - acc: 0.7812
 224/1424 [===>..........................] - ETA: 5s - loss: 0.6040 - acc: 0.7812
 256/1424 [====>.........................] - ETA: 5s - loss: 0.5992 - acc: 0.7656
 288/1424 [=====>........................] - ETA: 4s - loss: 0.5906 - acc: 0.7500
 320/1424 [=====>........................] - ETA: 4s - loss: 0.5848 - acc: 0.7344
 352/1424 [======>.......................] - ETA: 4s - loss: 0.6262 - acc: 0.7159
 384/1424 [=======>......................] - ETA: 4s - loss: 0.6622 - acc: 0.7109
 416/1424 [=======>......................] - ETA: 4s - loss: 0.6899 - acc: 0.7043
 448/1424 [========>.....................] - ETA: 4s - loss: 0.6811 - acc: 0.7076
 480/1424 [=========>....................] - ETA: 4s - loss: 0.6761 - acc: 0.7125
 512/1424 [=========>....................] - ETA: 4s - loss: 0.6958 - acc: 0.7188
 544/1424 [==========>...................] - ETA: 3s - loss: 0.6864 - acc: 0.7279
 576/1424 [===========>..................] - ETA: 3s - loss: 0.6799 - acc: 0.7344
 608/1424 [===========>..................] - ETA: 3s - loss: 0.6757 - acc: 0.7368
 640/1424 [============>.................] - ETA: 3s - loss: 0.6652 - acc: 0.7453
 672/1424 [=============>................] - ETA: 3s - loss: 0.6602 - acc: 0.7470
 704/1424 [=============>................] - ETA: 3s - loss: 0.6504 - acc: 0.7528
 736/1424 [==============>...............] - ETA: 3s - loss: 0.6411 - acc: 0.7595
 768/1424 [===============>..............] - ETA: 2s - loss: 0.6603 - acc: 0.7578
 800/1424 [===============>..............] - ETA: 2s - loss: 0.6532 - acc: 0.7638
 832/1424 [================>.............] - ETA: 2s - loss: 0.6482 - acc: 0.7632
 864/1424 [=================>............] - ETA: 2s - loss: 0.6360 - acc: 0.7674
 896/1424 [=================>............] - ETA: 2s - loss: 0.6251 - acc: 0.7712
 928/1424 [==================>...........] - ETA: 2s - loss: 0.6161 - acc: 0.7748
 960/1424 [===================>..........] - ETA: 2s - loss: 0.6413 - acc: 0.7771
 992/1424 [===================>..........] - ETA: 1s - loss: 0.6642 - acc: 0.7762
1024/1424 [====================>.........] - ETA: 1s - loss: 0.7271 - acc: 0.7764
1056/1424 [=====================>........] - ETA: 1s - loss: 0.8187 - acc: 0.7718
1088/1424 [=====================>........] - ETA: 1s - loss: 0.8862 - acc: 0.7684
1120/1424 [======================>.......] - ETA: 1s - loss: 0.9106 - acc: 0.7688
1152/1424 [=======================>......] - ETA: 1s - loss: 0.9334 - acc: 0.7630
1184/1424 [=======================>......] - ETA: 1s - loss: 0.9856 - acc: 0.7593
1216/1424 [========================>.....] - ETA: 0s - loss: 1.0455 - acc: 0.7549
1248/1424 [=========================>....] - ETA: 0s - loss: 1.0892 - acc: 0.7508
1280/1424 [=========================>....] - ETA: 0s - loss: 1.1321 - acc: 0.7445
1312/1424 [==========================>...] - ETA: 0s - loss: 1.1267 - acc: 0.7431
1344/1424 [===========================>..] - ETA: 0s - loss: 1.1287 - acc: 0.7374
1376/1424 [===========================>..] - ETA: 0s - loss: 1.1290 - acc: 0.7355
1408/1424 [============================>.] - ETA: 0s - loss: 1.1145 - acc: 0.7358
1424/1424 [==============================] - 9s 6ms/step - loss: 1.1089 - acc: 0.7346 - val_loss: 0.6185 - val_acc: 0.6681
Epoch 3/1000

  32/1424 [..............................] - ETA: 6s - loss: 0.6120 - acc: 0.6562
  64/1424 [>.............................] - ETA: 5s - loss: 0.6179 - acc: 0.5938
  96/1424 [=>............................] - ETA: 5s - loss: 0.6301 - acc: 0.6042
 128/1424 [=>............................] - ETA: 5s - loss: 0.6175 - acc: 0.6406
 160/1424 [==>...........................] - ETA: 5s - loss: 0.6175 - acc: 0.6562
 192/1424 [===>..........................] - ETA: 5s - loss: 0.6169 - acc: 0.6615
 224/1424 [===>..........................] - ETA: 5s - loss: 0.6135 - acc: 0.6652
 256/1424 [====>.........................] - ETA: 5s - loss: 0.6085 - acc: 0.6797
 288/1424 [=====>........................] - ETA: 5s - loss: 0.6101 - acc: 0.6771
 320/1424 [=====>........................] - ETA: 4s - loss: 0.6247 - acc: 0.6844
 352/1424 [======>.......................] - ETA: 4s - loss: 0.6223 - acc: 0.6960
 384/1424 [=======>......................] - ETA: 4s - loss: 0.6200 - acc: 0.6927
 416/1424 [=======>......................] - ETA: 4s - loss: 0.6154 - acc: 0.7067
 448/1424 [========>.....................] - ETA: 4s - loss: 0.6150 - acc: 0.7188
 480/1424 [=========>....................] - ETA: 4s - loss: 0.6162 - acc: 0.7208
 512/1424 [=========>....................] - ETA: 4s - loss: 0.6167 - acc: 0.7188
 544/1424 [==========>...................] - ETA: 3s - loss: 0.6162 - acc: 0.7279
 576/1424 [===========>..................] - ETA: 3s - loss: 0.6181 - acc: 0.7222
 608/1424 [===========>..................] - ETA: 3s - loss: 0.6187 - acc: 0.7220
 640/1424 [============>.................] - ETA: 3s - loss: 0.6185 - acc: 0.7250
 672/1424 [=============>................] - ETA: 3s - loss: 0.6205 - acc: 0.7217
 704/1424 [=============>................] - ETA: 3s - loss: 0.6207 - acc: 0.7230
 736/1424 [==============>...............] - ETA: 3s - loss: 0.6187 - acc: 0.7337
 768/1424 [===============>..............] - ETA: 2s - loss: 0.6163 - acc: 0.7396
 800/1424 [===============>..............] - ETA: 2s - loss: 0.6155 - acc: 0.7412
 832/1424 [================>.............] - ETA: 2s - loss: 0.6137 - acc: 0.7488
 864/1424 [=================>............] - ETA: 2s - loss: 0.6118 - acc: 0.7546
 896/1424 [=================>............] - ETA: 2s - loss: 0.6266 - acc: 0.7623
 928/1424 [==================>...........] - ETA: 2s - loss: 0.6240 - acc: 0.7672
 960/1424 [===================>..........] - ETA: 2s - loss: 0.6219 - acc: 0.7719
 992/1424 [===================>..........] - ETA: 1s - loss: 0.6223 - acc: 0.7702
1024/1424 [====================>.........] - ETA: 1s - loss: 0.6215 - acc: 0.7734
1056/1424 [=====================>........] - ETA: 1s - loss: 0.6190 - acc: 0.7765
1088/1424 [=====================>........] - ETA: 1s - loss: 0.6167 - acc: 0.7794
1120/1424 [======================>.......] - ETA: 1s - loss: 0.6147 - acc: 0.7795
1152/1424 [=======================>......] - ETA: 1s - loss: 0.6137 - acc: 0.7804
1184/1424 [=======================>......] - ETA: 1s - loss: 0.6100 - acc: 0.7846
1216/1424 [========================>.....] - ETA: 0s - loss: 0.6084 - acc: 0.7870
1248/1424 [=========================>....] - ETA: 0s - loss: 0.6065 - acc: 0.7853
1280/1424 [=========================>....] - ETA: 0s - loss: 0.6020 - acc: 0.7867
1312/1424 [==========================>...] - ETA: 0s - loss: 0.6009 - acc: 0.7866
1344/1424 [===========================>..] - ETA: 0s - loss: 0.6010 - acc: 0.7872
1376/1424 [===========================>..] - ETA: 0s - loss: 0.5973 - acc: 0.7878
1408/1424 [============================>.] - ETA: 0s - loss: 0.5955 - acc: 0.7884
1424/1424 [==============================] - 9s 6ms/step - loss: 0.5938 - acc: 0.7893 - val_loss: 0.6355 - val_acc: 0.8305
Epoch 4/1000

  32/1424 [..............................] - ETA: 6s - loss: 0.5091 - acc: 0.7500
  64/1424 [>.............................] - ETA: 5s - loss: 0.4514 - acc: 0.7812
  96/1424 [=>............................] - ETA: 5s - loss: 0.4807 - acc: 0.7500
 128/1424 [=>............................] - ETA: 5s - loss: 0.4791 - acc: 0.7578
 160/1424 [==>...........................] - ETA: 5s - loss: 0.4892 - acc: 0.7688
 192/1424 [===>..........................] - ETA: 5s - loss: 0.4961 - acc: 0.7708
 224/1424 [===>..........................] - ETA: 5s - loss: 0.4860 - acc: 0.7857
 256/1424 [====>.........................] - ETA: 5s - loss: 0.5392 - acc: 0.8008
 288/1424 [=====>........................] - ETA: 4s - loss: 0.5516 - acc: 0.8021
 320/1424 [=====>........................] - ETA: 4s - loss: 0.5421 - acc: 0.8000
 352/1424 [======>.......................] - ETA: 4s - loss: 0.5298 - acc: 0.7983
 384/1424 [=======>......................] - ETA: 4s - loss: 0.5176 - acc: 0.8021
 416/1424 [=======>......................] - ETA: 4s - loss: 0.5451 - acc: 0.8077
 448/1424 [========>.....................] - ETA: 4s - loss: 0.5399 - acc: 0.8036
 480/1424 [=========>....................] - ETA: 4s - loss: 0.5358 - acc: 0.8042
 512/1424 [=========>....................] - ETA: 4s - loss: 0.5341 - acc: 0.7949
 544/1424 [==========>...................] - ETA: 3s - loss: 0.5898 - acc: 0.7941
 576/1424 [===========>..................] - ETA: 3s - loss: 0.5812 - acc: 0.7882
 608/1424 [===========>..................] - ETA: 3s - loss: 0.5724 - acc: 0.7928
 640/1424 [============>.................] - ETA: 3s - loss: 0.5627 - acc: 0.7984
 672/1424 [=============>................] - ETA: 3s - loss: 0.5798 - acc: 0.7961
 704/1424 [=============>................] - ETA: 3s - loss: 0.5771 - acc: 0.7940
 736/1424 [==============>...............] - ETA: 3s - loss: 0.5735 - acc: 0.7935
 768/1424 [===============>..............] - ETA: 2s - loss: 0.5678 - acc: 0.7969
 800/1424 [===============>..............] - ETA: 2s - loss: 0.5623 - acc: 0.8013
 832/1424 [================>.............] - ETA: 2s - loss: 0.5604 - acc: 0.8017
 864/1424 [=================>............] - ETA: 2s - loss: 0.5590 - acc: 0.7998
 896/1424 [=================>............] - ETA: 2s - loss: 0.5561 - acc: 0.8025
 928/1424 [==================>...........] - ETA: 2s - loss: 0.5645 - acc: 0.8028
 960/1424 [===================>..........] - ETA: 2s - loss: 0.5796 - acc: 0.8021
 992/1424 [===================>..........] - ETA: 1s - loss: 0.5842 - acc: 0.8024
1024/1424 [====================>.........] - ETA: 1s - loss: 0.5927 - acc: 0.8047
1056/1424 [=====================>........] - ETA: 1s - loss: 0.5920 - acc: 0.8049
1088/1424 [=====================>........] - ETA: 1s - loss: 0.6050 - acc: 0.8042
1120/1424 [======================>.......] - ETA: 1s - loss: 0.6023 - acc: 0.8027
1152/1424 [=======================>......] - ETA: 1s - loss: 0.5992 - acc: 0.8056
1184/1424 [=======================>......] - ETA: 1s - loss: 0.5977 - acc: 0.8041
1216/1424 [========================>.....] - ETA: 0s - loss: 0.5925 - acc: 0.8051
1248/1424 [=========================>....] - ETA: 0s - loss: 0.5984 - acc: 0.8021
1280/1424 [=========================>....] - ETA: 0s - loss: 0.5978 - acc: 0.8023
1312/1424 [==========================>...] - ETA: 0s - loss: 0.5980 - acc: 0.8003
1344/1424 [===========================>..] - ETA: 0s - loss: 0.5969 - acc: 0.8006
1376/1424 [===========================>..] - ETA: 0s - loss: 0.5960 - acc: 0.7980
1408/1424 [============================>.] - ETA: 0s - loss: 0.5953 - acc: 0.7969
1424/1424 [==============================] - 9s 6ms/step - loss: 0.5949 - acc: 0.7978 - val_loss: 0.5538 - val_acc: 0.8277
Epoch 5/1000

  32/1424 [..............................] - ETA: 6s - loss: 0.4865 - acc: 0.8750
  64/1424 [>.............................] - ETA: 6s - loss: 0.4971 - acc: 0.8750
  96/1424 [=>............................] - ETA: 5s - loss: 0.5011 - acc: 0.8958
 128/1424 [=>............................] - ETA: 5s - loss: 0.4992 - acc: 0.8750
 160/1424 [==>...........................] - ETA: 5s - loss: 0.5085 - acc: 0.8812
 192/1424 [===>..........................] - ETA: 5s - loss: 0.5254 - acc: 0.8594
 224/1424 [===>..........................] - ETA: 5s - loss: 0.5316 - acc: 0.8527
 256/1424 [====>.........................] - ETA: 5s - loss: 0.5378 - acc: 0.8438
 288/1424 [=====>........................] - ETA: 5s - loss: 0.5381 - acc: 0.8368
 320/1424 [=====>........................] - ETA: 4s - loss: 0.5459 - acc: 0.8156
 352/1424 [======>.......................] - ETA: 4s - loss: 0.5508 - acc: 0.8097
 384/1424 [=======>......................] - ETA: 4s - loss: 0.5537 - acc: 0.8099
 416/1424 [=======>......................] - ETA: 4s - loss: 0.5568 - acc: 0.7981
 448/1424 [========>.....................] - ETA: 4s - loss: 0.5563 - acc: 0.7969
 480/1424 [=========>....................] - ETA: 4s - loss: 0.5540 - acc: 0.7958
 512/1424 [=========>....................] - ETA: 4s - loss: 0.5551 - acc: 0.7910
 544/1424 [==========>...................] - ETA: 3s - loss: 0.5638 - acc: 0.7904
 576/1424 [===========>..................] - ETA: 3s - loss: 0.5635 - acc: 0.7917
 608/1424 [===========>..................] - ETA: 3s - loss: 0.5643 - acc: 0.7911
 640/1424 [============>.................] - ETA: 3s - loss: 0.5782 - acc: 0.7859
 672/1424 [=============>................] - ETA: 3s - loss: 0.5777 - acc: 0.7827
 704/1424 [=============>................] - ETA: 3s - loss: 0.5792 - acc: 0.7741
 736/1424 [==============>...............] - ETA: 3s - loss: 0.5767 - acc: 0.7785
 768/1424 [===============>..............] - ETA: 2s - loss: 0.5767 - acc: 0.7734
 800/1424 [===============>..............] - ETA: 2s - loss: 0.5774 - acc: 0.7762
 832/1424 [================>.............] - ETA: 2s - loss: 0.5759 - acc: 0.7764
 864/1424 [=================>............] - ETA: 2s - loss: 0.5731 - acc: 0.7812
 896/1424 [=================>............] - ETA: 2s - loss: 0.5727 - acc: 0.7812
 928/1424 [==================>...........] - ETA: 2s - loss: 0.5731 - acc: 0.7802
 960/1424 [===================>..........] - ETA: 2s - loss: 0.5700 - acc: 0.7844
 992/1424 [===================>..........] - ETA: 1s - loss: 0.5750 - acc: 0.7812
1024/1424 [====================>.........] - ETA: 1s - loss: 0.5745 - acc: 0.7822
1056/1424 [=====================>........] - ETA: 1s - loss: 0.5759 - acc: 0.7803
1088/1424 [=====================>........] - ETA: 1s - loss: 0.5764 - acc: 0.7785
1120/1424 [======================>.......] - ETA: 1s - loss: 0.5756 - acc: 0.7786
1152/1424 [=======================>......] - ETA: 1s - loss: 0.5755 - acc: 0.7778
1184/1424 [=======================>......] - ETA: 1s - loss: 0.5739 - acc: 0.7787
1216/1424 [========================>.....] - ETA: 0s - loss: 0.5741 - acc: 0.7796
1248/1424 [=========================>....] - ETA: 0s - loss: 0.5726 - acc: 0.7812
1280/1424 [=========================>....] - ETA: 0s - loss: 0.5723 - acc: 0.7797
1312/1424 [==========================>...] - ETA: 0s - loss: 0.5706 - acc: 0.7828
1344/1424 [===========================>..] - ETA: 0s - loss: 0.5710 - acc: 0.7835
1376/1424 [===========================>..] - ETA: 0s - loss: 0.5697 - acc: 0.7849
1408/1424 [============================>.] - ETA: 0s - loss: 0.5688 - acc: 0.7848
1424/1424 [==============================] - 9s 6ms/step - loss: 0.5686 - acc: 0.7851 - val_loss: 0.5343 - val_acc: 0.8347
Epoch 6/1000

  32/1424 [..............................] - ETA: 6s - loss: 0.5185 - acc: 0.8750
  64/1424 [>.............................] - ETA: 5s - loss: 0.5192 - acc: 0.8906
  96/1424 [=>............................] - ETA: 5s - loss: 0.5137 - acc: 0.8750
 128/1424 [=>............................] - ETA: 5s - loss: 0.5614 - acc: 0.8281
 160/1424 [==>...........................] - ETA: 5s - loss: 0.5484 - acc: 0.8187
 192/1424 [===>..........................] - ETA: 5s - loss: 0.5499 - acc: 0.8021
 224/1424 [===>..........................] - ETA: 5s - loss: 0.5423 - acc: 0.7991
 256/1424 [====>.........................] - ETA: 5s - loss: 0.5476 - acc: 0.8008
 288/1424 [=====>........................] - ETA: 5s - loss: 0.5357 - acc: 0.8090
 320/1424 [=====>........................] - ETA: 4s - loss: 0.5417 - acc: 0.7969
 352/1424 [======>.......................] - ETA: 4s - loss: 0.5376 - acc: 0.7983
 384/1424 [=======>......................] - ETA: 4s - loss: 0.5310 - acc: 0.8047
 416/1424 [=======>......................] - ETA: 4s - loss: 0.5283 - acc: 0.8053
 448/1424 [========>.....................] - ETA: 4s - loss: 0.5333 - acc: 0.8080
 480/1424 [=========>....................] - ETA: 4s - loss: 0.5356 - acc: 0.8021
 512/1424 [=========>....................] - ETA: 4s - loss: 0.5330 - acc: 0.8047
 544/1424 [==========>...................] - ETA: 3s - loss: 0.5292 - acc: 0.8070
 576/1424 [===========>..................] - ETA: 3s - loss: 0.5219 - acc: 0.8108
 608/1424 [===========>..................] - ETA: 3s - loss: 0.5171 - acc: 0.8092
 640/1424 [============>.................] - ETA: 3s - loss: 0.5148 - acc: 0.8109
 672/1424 [=============>................] - ETA: 3s - loss: 0.5216 - acc: 0.8065
 704/1424 [=============>................] - ETA: 3s - loss: 0.5306 - acc: 0.8040
 736/1424 [==============>...............] - ETA: 3s - loss: 0.5354 - acc: 0.8016
 768/1424 [===============>..............] - ETA: 2s - loss: 0.5333 - acc: 0.8047
 800/1424 [===============>..............] - ETA: 2s - loss: 0.5321 - acc: 0.8087
 832/1424 [================>.............] - ETA: 2s - loss: 0.5268 - acc: 0.8101
 864/1424 [=================>............] - ETA: 2s - loss: 0.5242 - acc: 0.8113
 896/1424 [=================>............] - ETA: 2s - loss: 0.5249 - acc: 0.8092
 928/1424 [==================>...........] - ETA: 2s - loss: 0.5246 - acc: 0.8114
 960/1424 [===================>..........] - ETA: 2s - loss: 0.5255 - acc: 0.8104
 992/1424 [===================>..........] - ETA: 1s - loss: 0.5278 - acc: 0.8095
1024/1424 [====================>.........] - ETA: 1s - loss: 0.5243 - acc: 0.8125
1056/1424 [=====================>........] - ETA: 1s - loss: 0.5250 - acc: 0.8144
1088/1424 [=====================>........] - ETA: 1s - loss: 0.5243 - acc: 0.8153
1120/1424 [======================>.......] - ETA: 1s - loss: 0.5227 - acc: 0.8179
1152/1424 [=======================>......] - ETA: 1s - loss: 0.5372 - acc: 0.8160
1184/1424 [=======================>......] - ETA: 1s - loss: 0.5368 - acc: 0.8167
1216/1424 [========================>.....] - ETA: 0s - loss: 0.5344 - acc: 0.8191
1248/1424 [=========================>....] - ETA: 0s - loss: 0.5340 - acc: 0.8189
1280/1424 [=========================>....] - ETA: 0s - loss: 0.5332 - acc: 0.8180
1312/1424 [==========================>...] - ETA: 0s - loss: 0.5323 - acc: 0.8178
1344/1424 [===========================>..] - ETA: 0s - loss: 0.5301 - acc: 0.8214
1376/1424 [===========================>..] - ETA: 0s - loss: 0.5297 - acc: 0.8227
1408/1424 [============================>.] - ETA: 0s - loss: 0.5293 - acc: 0.8203
1424/1424 [==============================] - 9s 6ms/step - loss: 0.5301 - acc: 0.8202 - val_loss: 0.4872 - val_acc: 0.8432
Epoch 7/1000

  32/1424 [..............................] - ETA: 6s - loss: 0.4804 - acc: 0.8438
  64/1424 [>.............................] - ETA: 5s - loss: 0.5015 - acc: 0.8281
  96/1424 [=>............................] - ETA: 5s - loss: 0.5035 - acc: 0.8229
 128/1424 [=>............................] - ETA: 5s - loss: 0.4861 - acc: 0.8438
 160/1424 [==>...........................] - ETA: 5s - loss: 0.4614 - acc: 0.8500
 192/1424 [===>..........................] - ETA: 5s - loss: 0.4743 - acc: 0.8438
 224/1424 [===>..........................] - ETA: 5s - loss: 0.4735 - acc: 0.8482
 256/1424 [====>.........................] - ETA: 5s - loss: 0.4758 - acc: 0.8438
 288/1424 [=====>........................] - ETA: 4s - loss: 0.4683 - acc: 0.8507
 320/1424 [=====>........................] - ETA: 4s - loss: 0.4736 - acc: 0.8438
 352/1424 [======>.......................] - ETA: 4s - loss: 0.5000 - acc: 0.8466
 384/1424 [=======>......................] - ETA: 4s - loss: 0.4978 - acc: 0.8516
 416/1424 [=======>......................] - ETA: 4s - loss: 0.4949 - acc: 0.8462
 448/1424 [========>.....................] - ETA: 4s - loss: 0.4901 - acc: 0.8460
 480/1424 [=========>....................] - ETA: 4s - loss: 0.5008 - acc: 0.8417
 512/1424 [=========>....................] - ETA: 4s - loss: 0.4997 - acc: 0.8398
 544/1424 [==========>...................] - ETA: 3s - loss: 0.5006 - acc: 0.8401
 576/1424 [===========>..................] - ETA: 3s - loss: 0.4963 - acc: 0.8438
 608/1424 [===========>..................] - ETA: 3s - loss: 0.4962 - acc: 0.8372
 640/1424 [============>.................] - ETA: 3s - loss: 0.4944 - acc: 0.8344
 672/1424 [=============>................] - ETA: 3s - loss: 0.4933 - acc: 0.8348
 704/1424 [=============>................] - ETA: 3s - loss: 0.4891 - acc: 0.8352
 736/1424 [==============>...............] - ETA: 3s - loss: 0.4864 - acc: 0.8383
 768/1424 [===============>..............] - ETA: 2s - loss: 0.4853 - acc: 0.8398
 800/1424 [===============>..............] - ETA: 2s - loss: 0.4850 - acc: 0.8387
 832/1424 [================>.............] - ETA: 2s - loss: 0.4877 - acc: 0.8353
 864/1424 [=================>............] - ETA: 2s - loss: 0.4870 - acc: 0.8333
 896/1424 [=================>............] - ETA: 2s - loss: 0.4833 - acc: 0.8348
 928/1424 [==================>...........] - ETA: 2s - loss: 0.4828 - acc: 0.8362
 960/1424 [===================>..........] - ETA: 2s - loss: 0.4843 - acc: 0.8365
 992/1424 [===================>..........] - ETA: 1s - loss: 0.4860 - acc: 0.8347
1024/1424 [====================>.........] - ETA: 1s - loss: 0.4887 - acc: 0.8320
1056/1424 [=====================>........] - ETA: 1s - loss: 0.4862 - acc: 0.8343
1088/1424 [=====================>........] - ETA: 1s - loss: 0.4826 - acc: 0.8364
1120/1424 [======================>.......] - ETA: 1s - loss: 0.4803 - acc: 0.8357
1152/1424 [=======================>......] - ETA: 1s - loss: 0.4759 - acc: 0.8377
1184/1424 [=======================>......] - ETA: 1s - loss: 0.4782 - acc: 0.8345
1216/1424 [========================>.....] - ETA: 0s - loss: 0.4772 - acc: 0.8339
1248/1424 [=========================>....] - ETA: 0s - loss: 0.4779 - acc: 0.8317
1280/1424 [=========================>....] - ETA: 0s - loss: 0.4761 - acc: 0.8336
1312/1424 [==========================>...] - ETA: 0s - loss: 0.4754 - acc: 0.8323
1344/1424 [===========================>..] - ETA: 0s - loss: 0.4767 - acc: 0.8318
1376/1424 [===========================>..] - ETA: 0s - loss: 0.4750 - acc: 0.8314
1408/1424 [============================>.] - ETA: 0s - loss: 0.4786 - acc: 0.8288
1424/1424 [==============================] - 9s 6ms/step - loss: 0.4786 - acc: 0.8287 - val_loss: 0.4202 - val_acc: 0.8362
Epoch 8/1000

  32/1424 [..............................] - ETA: 6s - loss: 0.3319 - acc: 0.8750
  64/1424 [>.............................] - ETA: 6s - loss: 0.3903 - acc: 0.8125
  96/1424 [=>............................] - ETA: 5s - loss: 0.3788 - acc: 0.8229
 128/1424 [=>............................] - ETA: 5s - loss: 0.3707 - acc: 0.8359
 160/1424 [==>...........................] - ETA: 5s - loss: 0.3903 - acc: 0.8313
 192/1424 [===>..........................] - ETA: 5s - loss: 0.4885 - acc: 0.8125
 224/1424 [===>..........................] - ETA: 5s - loss: 0.4752 - acc: 0.8170
 256/1424 [====>.........................] - ETA: 5s - loss: 0.4805 - acc: 0.8086
 288/1424 [=====>........................] - ETA: 5s - loss: 0.4770 - acc: 0.8021
 320/1424 [=====>........................] - ETA: 4s - loss: 0.5089 - acc: 0.8094
 352/1424 [======>.......................] - ETA: 4s - loss: 0.4997 - acc: 0.8125
 384/1424 [=======>......................] - ETA: 4s - loss: 0.4992 - acc: 0.8073
 416/1424 [=======>......................] - ETA: 4s - loss: 0.4959 - acc: 0.8125
 448/1424 [========>.....................] - ETA: 4s - loss: 0.4878 - acc: 0.8147
 480/1424 [=========>....................] - ETA: 4s - loss: 0.4842 - acc: 0.8187
 512/1424 [=========>....................] - ETA: 4s - loss: 0.4794 - acc: 0.8242
 544/1424 [==========>...................] - ETA: 3s - loss: 0.4812 - acc: 0.8254
 576/1424 [===========>..................] - ETA: 3s - loss: 0.4709 - acc: 0.8281
 608/1424 [===========>..................] - ETA: 3s - loss: 0.4927 - acc: 0.8273
 640/1424 [============>.................] - ETA: 3s - loss: 0.4820 - acc: 0.8313
 672/1424 [=============>................] - ETA: 3s - loss: 0.4822 - acc: 0.8304
 704/1424 [=============>................] - ETA: 3s - loss: 0.4789 - acc: 0.8324
 736/1424 [==============>...............] - ETA: 3s - loss: 0.4718 - acc: 0.8342
 768/1424 [===============>..............] - ETA: 2s - loss: 0.4677 - acc: 0.8320
 800/1424 [===============>..............] - ETA: 2s - loss: 0.4630 - acc: 0.8300
 832/1424 [================>.............] - ETA: 2s - loss: 0.4784 - acc: 0.8305
 864/1424 [=================>............] - ETA: 2s - loss: 0.4825 - acc: 0.8299
 896/1424 [=================>............] - ETA: 2s - loss: 0.4875 - acc: 0.8214
 928/1424 [==================>...........] - ETA: 2s - loss: 0.4844 - acc: 0.8200
 960/1424 [===================>..........] - ETA: 2s - loss: 0.5038 - acc: 0.8167
 992/1424 [===================>..........] - ETA: 1s - loss: 0.5075 - acc: 0.8155
1024/1424 [====================>.........] - ETA: 1s - loss: 0.5071 - acc: 0.8125
1056/1424 [=====================>........] - ETA: 1s - loss: 0.5119 - acc: 0.8125
1088/1424 [=====================>........] - ETA: 1s - loss: 0.5107 - acc: 0.8125
1120/1424 [======================>.......] - ETA: 1s - loss: 0.5107 - acc: 0.8125
1152/1424 [=======================>......] - ETA: 1s - loss: 0.5083 - acc: 0.8151
1184/1424 [=======================>......] - ETA: 1s - loss: 0.5101 - acc: 0.8091
1216/1424 [========================>.....] - ETA: 0s - loss: 0.5107 - acc: 0.8059
1248/1424 [=========================>....] - ETA: 0s - loss: 0.5133 - acc: 0.8029
1280/1424 [=========================>....] - ETA: 0s - loss: 0.5114 - acc: 0.8031
1312/1424 [==========================>...] - ETA: 0s - loss: 0.5082 - acc: 0.8049
1344/1424 [===========================>..] - ETA: 0s - loss: 0.5045 - acc: 0.8065
1376/1424 [===========================>..] - ETA: 0s - loss: 0.5019 - acc: 0.8081
1408/1424 [============================>.] - ETA: 0s - loss: 0.5011 - acc: 0.8082
1424/1424 [==============================] - 9s 6ms/step - loss: 0.4991 - acc: 0.8104 - val_loss: 0.4575 - val_acc: 0.8545
Epoch 9/1000

  32/1424 [..............................] - ETA: 6s - loss: 0.4244 - acc: 0.8125
  64/1424 [>.............................] - ETA: 5s - loss: 0.4364 - acc: 0.8125
  96/1424 [=>............................] - ETA: 5s - loss: 0.4257 - acc: 0.8438
 128/1424 [=>............................] - ETA: 5s - loss: 0.4537 - acc: 0.8359
 160/1424 [==>...........................] - ETA: 5s - loss: 0.4618 - acc: 0.8375
 192/1424 [===>..........................] - ETA: 5s - loss: 0.4545 - acc: 0.8438
 224/1424 [===>..........................] - ETA: 5s - loss: 0.4614 - acc: 0.8393
 256/1424 [====>.........................] - ETA: 5s - loss: 0.4681 - acc: 0.8281
 288/1424 [=====>........................] - ETA: 5s - loss: 0.4639 - acc: 0.8264
 320/1424 [=====>........................] - ETA: 4s - loss: 0.4772 - acc: 0.8125
 352/1424 [======>.......................] - ETA: 4s - loss: 0.4792 - acc: 0.8097
 384/1424 [=======>......................] - ETA: 4s - loss: 0.4734 - acc: 0.8125
 416/1424 [=======>......................] - ETA: 4s - loss: 0.4651 - acc: 0.8197
 448/1424 [========>.....................] - ETA: 4s - loss: 0.4788 - acc: 0.8147
 480/1424 [=========>....................] - ETA: 4s - loss: 0.4781 - acc: 0.8146
 512/1424 [=========>....................] - ETA: 4s - loss: 0.4735 - acc: 0.8203
 544/1424 [==========>...................] - ETA: 3s - loss: 0.4710 - acc: 0.8235
 576/1424 [===========>..................] - ETA: 3s - loss: 0.4658 - acc: 0.8264
 608/1424 [===========>..................] - ETA: 3s - loss: 0.4673 - acc: 0.8257
 640/1424 [============>.................] - ETA: 3s - loss: 0.4647 - acc: 0.8281
 672/1424 [=============>................] - ETA: 3s - loss: 0.4656 - acc: 0.8259
 704/1424 [=============>................] - ETA: 3s - loss: 0.4651 - acc: 0.8239
 736/1424 [==============>...............] - ETA: 3s - loss: 0.4611 - acc: 0.8234
 768/1424 [===============>..............] - ETA: 2s - loss: 0.4600 - acc: 0.8229
 800/1424 [===============>..............] - ETA: 2s - loss: 0.4555 - acc: 0.8263
 832/1424 [================>.............] - ETA: 2s - loss: 0.4527 - acc: 0.8293
 864/1424 [=================>............] - ETA: 2s - loss: 0.4509 - acc: 0.8299
 896/1424 [=================>............] - ETA: 2s - loss: 0.4483 - acc: 0.8304
 928/1424 [==================>...........] - ETA: 2s - loss: 0.4427 - acc: 0.8330
 960/1424 [===================>..........] - ETA: 2s - loss: 0.4421 - acc: 0.8323
 992/1424 [===================>..........] - ETA: 1s - loss: 0.4371 - acc: 0.8367
1024/1424 [====================>.........] - ETA: 1s - loss: 0.4339 - acc: 0.8379
1056/1424 [=====================>........] - ETA: 1s - loss: 0.4302 - acc: 0.8390
1088/1424 [=====================>........] - ETA: 1s - loss: 0.4261 - acc: 0.8410
1120/1424 [======================>.......] - ETA: 1s - loss: 0.4314 - acc: 0.8402
1152/1424 [=======================>......] - ETA: 1s - loss: 0.4440 - acc: 0.8403
1184/1424 [=======================>......] - ETA: 1s - loss: 0.4438 - acc: 0.8395
1216/1424 [========================>.....] - ETA: 0s - loss: 0.4453 - acc: 0.8372
1248/1424 [=========================>....] - ETA: 0s - loss: 0.4443 - acc: 0.8373
1280/1424 [=========================>....] - ETA: 0s - loss: 0.4439 - acc: 0.8375
1312/1424 [==========================>...] - ETA: 0s - loss: 0.4425 - acc: 0.8377
1344/1424 [===========================>..] - ETA: 0s - loss: 0.4492 - acc: 0.8348
1376/1424 [===========================>..] - ETA: 0s - loss: 0.4495 - acc: 0.8343
1408/1424 [============================>.] - ETA: 0s - loss: 0.4512 - acc: 0.8324
1424/1424 [==============================] - 9s 6ms/step - loss: 0.4579 - acc: 0.8315 - val_loss: 0.4621 - val_acc: 0.8446
Epoch 10/1000

  32/1424 [..............................] - ETA: 6s - loss: 0.4769 - acc: 0.7500
  64/1424 [>.............................] - ETA: 5s - loss: 0.5036 - acc: 0.7656
  96/1424 [=>............................] - ETA: 5s - loss: 0.4813 - acc: 0.7812
 128/1424 [=>............................] - ETA: 5s - loss: 0.4479 - acc: 0.8281
 160/1424 [==>...........................] - ETA: 5s - loss: 0.4634 - acc: 0.8063
 192/1424 [===>..........................] - ETA: 5s - loss: 0.4849 - acc: 0.7812
 224/1424 [===>..........................] - ETA: 5s - loss: 0.4834 - acc: 0.7902
 256/1424 [====>.........................] - ETA: 5s - loss: 0.4774 - acc: 0.8008
 288/1424 [=====>........................] - ETA: 4s - loss: 0.4661 - acc: 0.8125
 320/1424 [=====>........................] - ETA: 4s - loss: 0.4635 - acc: 0.8094
 352/1424 [======>.......................] - ETA: 4s - loss: 0.4679 - acc: 0.8125
 384/1424 [=======>......................] - ETA: 4s - loss: 0.4662 - acc: 0.8125
 416/1424 [=======>......................] - ETA: 4s - loss: 0.4658 - acc: 0.8149
 448/1424 [========>.....................] - ETA: 4s - loss: 0.4629 - acc: 0.8147
 480/1424 [=========>....................] - ETA: 4s - loss: 0.4592 - acc: 0.8167
 512/1424 [=========>....................] - ETA: 4s - loss: 0.4620 - acc: 0.8125
 544/1424 [==========>...................] - ETA: 3s - loss: 0.4654 - acc: 0.8088
 576/1424 [===========>..................] - ETA: 3s - loss: 0.4615 - acc: 0.8142
 608/1424 [===========>..................] - ETA: 3s - loss: 0.4681 - acc: 0.8043
 640/1424 [============>.................] - ETA: 3s - loss: 0.4643 - acc: 0.8063
 672/1424 [=============>................] - ETA: 3s - loss: 0.4695 - acc: 0.8021
 704/1424 [=============>................] - ETA: 3s - loss: 0.4643 - acc: 0.8054
 736/1424 [==============>...............] - ETA: 3s - loss: 0.4612 - acc: 0.8084
 768/1424 [===============>..............] - ETA: 2s - loss: 0.4569 - acc: 0.8138
 800/1424 [===============>..............] - ETA: 2s - loss: 0.4543 - acc: 0.8175
 832/1424 [================>.............] - ETA: 2s - loss: 0.4512 - acc: 0.8173
 864/1424 [=================>............] - ETA: 2s - loss: 0.4475 - acc: 0.8218
 896/1424 [=================>............] - ETA: 2s - loss: 0.4461 - acc: 0.8259
 928/1424 [==================>...........] - ETA: 2s - loss: 0.4450 - acc: 0.8233
 960/1424 [===================>..........] - ETA: 2s - loss: 0.4435 - acc: 0.8250
 992/1424 [===================>..........] - ETA: 1s - loss: 0.4466 - acc: 0.8206
1024/1424 [====================>.........] - ETA: 1s - loss: 0.4501 - acc: 0.8154
1056/1424 [=====================>........] - ETA: 1s - loss: 0.4481 - acc: 0.8172
1088/1424 [=====================>........] - ETA: 1s - loss: 0.4461 - acc: 0.8180
1120/1424 [======================>.......] - ETA: 1s - loss: 0.4455 - acc: 0.8187
1152/1424 [=======================>......] - ETA: 1s - loss: 0.4450 - acc: 0.8194
1184/1424 [=======================>......] - ETA: 1s - loss: 0.4434 - acc: 0.8201
1216/1424 [========================>.....] - ETA: 0s - loss: 0.4402 - acc: 0.8224
1248/1424 [=========================>....] - ETA: 0s - loss: 0.4383 - acc: 0.8213
1280/1424 [=========================>....] - ETA: 0s - loss: 0.4365 - acc: 0.8219
1312/1424 [==========================>...] - ETA: 0s - loss: 0.4349 - acc: 0.8239
1344/1424 [===========================>..] - ETA: 0s - loss: 0.4301 - acc: 0.8259
1376/1424 [===========================>..] - ETA: 0s - loss: 0.4312 - acc: 0.8263
1408/1424 [============================>.] - ETA: 0s - loss: 0.4309 - acc: 0.8267
1424/1424 [==============================] - 9s 6ms/step - loss: 0.4295 - acc: 0.8279 - val_loss: 0.4379 - val_acc: 0.8573
Epoch 11/1000

  32/1424 [..............................] - ETA: 6s - loss: 0.2977 - acc: 0.8750
  64/1424 [>.............................] - ETA: 5s - loss: 0.4100 - acc: 0.8281
  96/1424 [=>............................] - ETA: 5s - loss: 0.4482 - acc: 0.7917
 128/1424 [=>............................] - ETA: 5s - loss: 0.4202 - acc: 0.8047
 160/1424 [==>...........................] - ETA: 5s - loss: 0.4258 - acc: 0.7937
 192/1424 [===>..........................] - ETA: 5s - loss: 0.4039 - acc: 0.8125
 224/1424 [===>..........................] - ETA: 5s - loss: 0.4314 - acc: 0.7946
 256/1424 [====>.........................] - ETA: 5s - loss: 0.4280 - acc: 0.8008
 288/1424 [=====>........................] - ETA: 4s - loss: 0.4149 - acc: 0.8090
 320/1424 [=====>........................] - ETA: 4s - loss: 0.4151 - acc: 0.8125
 352/1424 [======>.......................] - ETA: 4s - loss: 0.4186 - acc: 0.8097
 384/1424 [=======>......................] - ETA: 4s - loss: 0.4040 - acc: 0.8177
 416/1424 [=======>......................] - ETA: 4s - loss: 0.4029 - acc: 0.8197
 448/1424 [========>.....................] - ETA: 4s - loss: 0.4084 - acc: 0.8170
 480/1424 [=========>....................] - ETA: 4s - loss: 0.4314 - acc: 0.8187
 512/1424 [=========>....................] - ETA: 4s - loss: 0.4276 - acc: 0.8184
 544/1424 [==========>...................] - ETA: 3s - loss: 0.4220 - acc: 0.8235
 576/1424 [===========>..................] - ETA: 3s - loss: 0.4103 - acc: 0.8299
 608/1424 [===========>..................] - ETA: 3s - loss: 0.4069 - acc: 0.8306
 640/1424 [============>.................] - ETA: 3s - loss: 0.4085 - acc: 0.8328
 672/1424 [=============>................] - ETA: 3s - loss: 0.4111 - acc: 0.8289
 704/1424 [=============>................] - ETA: 3s - loss: 0.4048 - acc: 0.8324
 736/1424 [==============>...............] - ETA: 3s - loss: 0.4058 - acc: 0.8329
 768/1424 [===============>..............] - ETA: 2s - loss: 0.4024 - acc: 0.8359
 800/1424 [===============>..............] - ETA: 2s - loss: 0.3989 - acc: 0.8387
 832/1424 [================>.............] - ETA: 2s - loss: 0.4100 - acc: 0.8365
 864/1424 [=================>............] - ETA: 2s - loss: 0.4052 - acc: 0.8403
 896/1424 [=================>............] - ETA: 2s - loss: 0.4071 - acc: 0.8371
 928/1424 [==================>...........] - ETA: 2s - loss: 0.4068 - acc: 0.8341
 960/1424 [===================>..........] - ETA: 2s - loss: 0.4052 - acc: 0.8344
 992/1424 [===================>..........] - ETA: 1s - loss: 0.4027 - acc: 0.8357
1024/1424 [====================>.........] - ETA: 1s - loss: 0.4022 - acc: 0.8369
1056/1424 [=====================>........] - ETA: 1s - loss: 0.3997 - acc: 0.8371
1088/1424 [=====================>........] - ETA: 1s - loss: 0.4002 - acc: 0.8373
1120/1424 [======================>.......] - ETA: 1s - loss: 0.4171 - acc: 0.8321
1152/1424 [=======================>......] - ETA: 1s - loss: 0.4131 - acc: 0.8351
1184/1424 [=======================>......] - ETA: 1s - loss: 0.4098 - acc: 0.8378
1216/1424 [========================>.....] - ETA: 0s - loss: 0.4066 - acc: 0.8405
1248/1424 [=========================>....] - ETA: 0s - loss: 0.4118 - acc: 0.8405
1280/1424 [=========================>....] - ETA: 0s - loss: 0.4240 - acc: 0.8406
1312/1424 [==========================>...] - ETA: 0s - loss: 0.4223 - acc: 0.8399
1344/1424 [===========================>..] - ETA: 0s - loss: 0.4219 - acc: 0.8393
1376/1424 [===========================>..] - ETA: 0s - loss: 0.4337 - acc: 0.8372
1408/1424 [============================>.] - ETA: 0s - loss: 0.4350 - acc: 0.8352
1424/1424 [==============================] - 9s 6ms/step - loss: 0.4450 - acc: 0.8343 - val_loss: 0.4173 - val_acc: 0.8616
Epoch 12/1000

  32/1424 [..............................] - ETA: 6s - loss: 0.5761 - acc: 0.7500
  64/1424 [>.............................] - ETA: 6s - loss: 0.6255 - acc: 0.8438
  96/1424 [=>............................] - ETA: 5s - loss: 0.8489 - acc: 0.8333
 128/1424 [=>............................] - ETA: 5s - loss: 0.9504 - acc: 0.8438
 160/1424 [==>...........................] - ETA: 5s - loss: 0.8436 - acc: 0.8500
 192/1424 [===>..........................] - ETA: 5s - loss: 0.7464 - acc: 0.8542
 224/1424 [===>..........................] - ETA: 5s - loss: 0.6836 - acc: 0.8527
 256/1424 [====>.........................] - ETA: 5s - loss: 0.7160 - acc: 0.8477
 288/1424 [=====>........................] - ETA: 5s - loss: 0.6843 - acc: 0.8438
 320/1424 [=====>........................] - ETA: 4s - loss: 0.6520 - acc: 0.8438
 352/1424 [======>.......................] - ETA: 4s - loss: 0.6472 - acc: 0.8523
 384/1424 [=======>......................] - ETA: 4s - loss: 0.6342 - acc: 0.8385
 416/1424 [=======>......................] - ETA: 4s - loss: 0.6160 - acc: 0.8365
 448/1424 [========>.....................] - ETA: 4s - loss: 0.5955 - acc: 0.8326
 480/1424 [=========>....................] - ETA: 4s - loss: 0.5911 - acc: 0.8250
 512/1424 [=========>....................] - ETA: 4s - loss: 0.5848 - acc: 0.8223
 544/1424 [==========>...................] - ETA: 3s - loss: 0.5888 - acc: 0.8235
 576/1424 [===========>..................] - ETA: 3s - loss: 0.5770 - acc: 0.8264
 608/1424 [===========>..................] - ETA: 3s - loss: 0.5738 - acc: 0.8224
 640/1424 [============>.................] - ETA: 3s - loss: 0.5759 - acc: 0.8172
 672/1424 [=============>................] - ETA: 3s - loss: 0.5757 - acc: 0.8110
 704/1424 [=============>................] - ETA: 3s - loss: 0.5741 - acc: 0.8054
 736/1424 [==============>...............] - ETA: 3s - loss: 0.5697 - acc: 0.8030
 768/1424 [===============>..............] - ETA: 2s - loss: 0.5700 - acc: 0.7943
 800/1424 [===============>..............] - ETA: 2s - loss: 0.5647 - acc: 0.7950
 832/1424 [================>.............] - ETA: 2s - loss: 0.5620 - acc: 0.7945
 864/1424 [=================>............] - ETA: 2s - loss: 0.5558 - acc: 0.7986
 896/1424 [=================>............] - ETA: 2s - loss: 0.5513 - acc: 0.7991
 928/1424 [==================>...........] - ETA: 2s - loss: 0.5486 - acc: 0.7985
 960/1424 [===================>..........] - ETA: 2s - loss: 0.5459 - acc: 0.7979
 992/1424 [===================>..........] - ETA: 1s - loss: 0.5473 - acc: 0.7954
1024/1424 [====================>.........] - ETA: 1s - loss: 0.5438 - acc: 0.7979
1056/1424 [=====================>........] - ETA: 1s - loss: 0.5434 - acc: 0.7983
1088/1424 [=====================>........] - ETA: 1s - loss: 0.5390 - acc: 0.8006
1120/1424 [======================>.......] - ETA: 1s - loss: 0.5345 - acc: 0.8027
1152/1424 [=======================>......] - ETA: 1s - loss: 0.5305 - acc: 0.8064
1184/1424 [=======================>......] - ETA: 1s - loss: 0.5293 - acc: 0.8049
1216/1424 [========================>.....] - ETA: 0s - loss: 0.5256 - acc: 0.8092
1248/1424 [=========================>....] - ETA: 0s - loss: 0.5247 - acc: 0.8077
1280/1424 [=========================>....] - ETA: 0s - loss: 0.5224 - acc: 0.8086
1312/1424 [==========================>...] - ETA: 0s - loss: 0.5237 - acc: 0.8087
1344/1424 [===========================>..] - ETA: 0s - loss: 0.5207 - acc: 0.8103
1376/1424 [===========================>..] - ETA: 0s - loss: 0.5179 - acc: 0.8118
1408/1424 [============================>.] - ETA: 0s - loss: 0.5175 - acc: 0.8097
1424/1424 [==============================] - 9s 6ms/step - loss: 0.5190 - acc: 0.8083 - val_loss: 0.4402 - val_acc: 0.8432
Epoch 13/1000

  32/1424 [..............................] - ETA: 6s - loss: 0.4797 - acc: 0.8438
  64/1424 [>.............................] - ETA: 5s - loss: 0.4853 - acc: 0.7969
  96/1424 [=>............................] - ETA: 5s - loss: 0.4511 - acc: 0.8229
 128/1424 [=>............................] - ETA: 5s - loss: 0.4446 - acc: 0.8281
 160/1424 [==>...........................] - ETA: 5s - loss: 0.4549 - acc: 0.8187
 192/1424 [===>..........................] - ETA: 5s - loss: 0.4355 - acc: 0.8333
 224/1424 [===>..........................] - ETA: 5s - loss: 0.4472 - acc: 0.8348
 256/1424 [====>.........................] - ETA: 5s - loss: 0.4427 - acc: 0.8438
 288/1424 [=====>........................] - ETA: 5s - loss: 0.4356 - acc: 0.8472
 320/1424 [=====>........................] - ETA: 4s - loss: 0.4571 - acc: 0.8375
 352/1424 [======>.......................] - ETA: 4s - loss: 0.4524 - acc: 0.8352
 384/1424 [=======>......................] - ETA: 4s - loss: 0.4455 - acc: 0.8385
 416/1424 [=======>......................] - ETA: 4s - loss: 0.4458 - acc: 0.8389
 448/1424 [========>.....................] - ETA: 4s - loss: 0.4449 - acc: 0.8348
 480/1424 [=========>....................] - ETA: 4s - loss: 0.4507 - acc: 0.8292
 512/1424 [=========>....................] - ETA: 4s - loss: 0.4539 - acc: 0.8242
 544/1424 [==========>...................] - ETA: 3s - loss: 0.4535 - acc: 0.8199
 576/1424 [===========>..................] - ETA: 3s - loss: 0.4517 - acc: 0.8194
 608/1424 [===========>..................] - ETA: 3s - loss: 0.4418 - acc: 0.8257
 640/1424 [============>.................] - ETA: 3s - loss: 0.4353 - acc: 0.8313
 672/1424 [=============>................] - ETA: 3s - loss: 0.4306 - acc: 0.8363
 704/1424 [=============>................] - ETA: 3s - loss: 0.4288 - acc: 0.8381
 736/1424 [==============>...............] - ETA: 3s - loss: 0.4239 - acc: 0.8410
 768/1424 [===============>..............] - ETA: 2s - loss: 0.4198 - acc: 0.8438
 800/1424 [===============>..............] - ETA: 2s - loss: 0.4192 - acc: 0.8438
 832/1424 [================>.............] - ETA: 2s - loss: 0.4182 - acc: 0.8438
 864/1424 [=================>............] - ETA: 2s - loss: 0.4206 - acc: 0.8426
 896/1424 [=================>............] - ETA: 2s - loss: 0.4172 - acc: 0.8449
 928/1424 [==================>...........] - ETA: 2s - loss: 0.4195 - acc: 0.8416
 960/1424 [===================>..........] - ETA: 2s - loss: 0.4210 - acc: 0.8385
 992/1424 [===================>..........] - ETA: 1s - loss: 0.4218 - acc: 0.8377
1024/1424 [====================>.........] - ETA: 1s - loss: 0.4249 - acc: 0.8379
1056/1424 [=====================>........] - ETA: 1s - loss: 0.4232 - acc: 0.8371
1088/1424 [=====================>........] - ETA: 1s - loss: 0.4223 - acc: 0.8364
1120/1424 [======================>.......] - ETA: 1s - loss: 0.4171 - acc: 0.8393
1152/1424 [=======================>......] - ETA: 1s - loss: 0.4195 - acc: 0.8377
1184/1424 [=======================>......] - ETA: 1s - loss: 0.4154 - acc: 0.8395
1216/1424 [========================>.....] - ETA: 0s - loss: 0.4102 - acc: 0.8429
1248/1424 [=========================>....] - ETA: 0s - loss: 0.4160 - acc: 0.8421
1280/1424 [=========================>....] - ETA: 0s - loss: 0.4166 - acc: 0.8414
1312/1424 [==========================>...] - ETA: 0s - loss: 0.4152 - acc: 0.8415
1344/1424 [===========================>..] - ETA: 0s - loss: 0.4151 - acc: 0.8415
1376/1424 [===========================>..] - ETA: 0s - loss: 0.4166 - acc: 0.8394
1408/1424 [============================>.] - ETA: 0s - loss: 0.4205 - acc: 0.8366
1424/1424 [==============================] - 9s 6ms/step - loss: 0.4196 - acc: 0.8364 - val_loss: 0.3776 - val_acc: 0.8559
Epoch 14/1000

  32/1424 [..............................] - ETA: 6s - loss: 0.8574 - acc: 0.8125
  64/1424 [>.............................] - ETA: 5s - loss: 0.6277 - acc: 0.7969
  96/1424 [=>............................] - ETA: 5s - loss: 0.5721 - acc: 0.8021
 128/1424 [=>............................] - ETA: 5s - loss: 0.5264 - acc: 0.8125
 160/1424 [==>...........................] - ETA: 5s - loss: 0.4791 - acc: 0.8313
 192/1424 [===>..........................] - ETA: 5s - loss: 0.4677 - acc: 0.8385
 224/1424 [===>..........................] - ETA: 5s - loss: 0.4385 - acc: 0.8482
 256/1424 [====>.........................] - ETA: 5s - loss: 0.4477 - acc: 0.8438
 288/1424 [=====>........................] - ETA: 4s - loss: 0.4529 - acc: 0.8368
 320/1424 [=====>........................] - ETA: 4s - loss: 0.4469 - acc: 0.8406
 352/1424 [======>.......................] - ETA: 4s - loss: 0.4341 - acc: 0.8438
 384/1424 [=======>......................] - ETA: 4s - loss: 0.4402 - acc: 0.8411
 416/1424 [=======>......................] - ETA: 4s - loss: 0.4281 - acc: 0.8438
 448/1424 [========>.....................] - ETA: 4s - loss: 0.4572 - acc: 0.8415
 480/1424 [=========>....................] - ETA: 4s - loss: 0.4547 - acc: 0.8375
 512/1424 [=========>....................] - ETA: 4s - loss: 0.4435 - acc: 0.8398
 544/1424 [==========>...................] - ETA: 3s - loss: 0.4392 - acc: 0.8419
 576/1424 [===========>..................] - ETA: 3s - loss: 0.4277 - acc: 0.8438
 608/1424 [===========>..................] - ETA: 3s - loss: 0.4242 - acc: 0.8421
 640/1424 [============>.................] - ETA: 3s - loss: 0.4245 - acc: 0.8375
 672/1424 [=============>................] - ETA: 3s - loss: 0.4171 - acc: 0.8393
 704/1424 [=============>................] - ETA: 3s - loss: 0.4167 - acc: 0.8395
 736/1424 [==============>...............] - ETA: 3s - loss: 0.4164 - acc: 0.8370
 768/1424 [===============>..............] - ETA: 2s - loss: 0.4165 - acc: 0.8372
 800/1424 [===============>..............] - ETA: 2s - loss: 0.4127 - acc: 0.8375
 832/1424 [================>.............] - ETA: 2s - loss: 0.4327 - acc: 0.8341
 864/1424 [=================>............] - ETA: 2s - loss: 0.4275 - acc: 0.8368
 896/1424 [=================>............] - ETA: 2s - loss: 0.4261 - acc: 0.8382
 928/1424 [==================>...........] - ETA: 2s - loss: 0.4261 - acc: 0.8373
 960/1424 [===================>..........] - ETA: 2s - loss: 0.4356 - acc: 0.8302
 992/1424 [===================>..........] - ETA: 1s - loss: 0.4364 - acc: 0.8296
1024/1424 [====================>.........] - ETA: 1s - loss: 0.4347 - acc: 0.8291
1056/1424 [=====================>........] - ETA: 1s - loss: 0.4356 - acc: 0.8286
1088/1424 [=====================>........] - ETA: 1s - loss: 0.4332 - acc: 0.8281
1120/1424 [======================>.......] - ETA: 1s - loss: 0.4302 - acc: 0.8286
1152/1424 [=======================>......] - ETA: 1s - loss: 0.4357 - acc: 0.8264
1184/1424 [=======================>......] - ETA: 1s - loss: 0.4323 - acc: 0.8285
1216/1424 [========================>.....] - ETA: 0s - loss: 0.4333 - acc: 0.8265
1248/1424 [=========================>....] - ETA: 0s - loss: 0.4314 - acc: 0.8285
1280/1424 [=========================>....] - ETA: 0s - loss: 0.4335 - acc: 0.8273
1312/1424 [==========================>...] - ETA: 0s - loss: 0.4310 - acc: 0.8270
1344/1424 [===========================>..] - ETA: 0s - loss: 0.4288 - acc: 0.8266
1376/1424 [===========================>..] - ETA: 0s - loss: 0.4254 - acc: 0.8270
1408/1424 [============================>.] - ETA: 0s - loss: 0.4217 - acc: 0.8288
1424/1424 [==============================] - 9s 6ms/step - loss: 0.4227 - acc: 0.8279 - val_loss: 0.4346 - val_acc: 0.8545
Epoch 15/1000

  32/1424 [..............................] - ETA: 6s - loss: 0.5163 - acc: 0.8125
  64/1424 [>.............................] - ETA: 5s - loss: 0.7381 - acc: 0.7969
  96/1424 [=>............................] - ETA: 5s - loss: 0.5673 - acc: 0.8229
 128/1424 [=>............................] - ETA: 5s - loss: 0.5111 - acc: 0.8203
 160/1424 [==>...........................] - ETA: 5s - loss: 0.5638 - acc: 0.8125
 192/1424 [===>..........................] - ETA: 5s - loss: 0.5242 - acc: 0.8229
 224/1424 [===>..........................] - ETA: 5s - loss: 0.5322 - acc: 0.8214
 256/1424 [====>.........................] - ETA: 5s - loss: 0.4937 - acc: 0.8320
 288/1424 [=====>........................] - ETA: 4s - loss: 0.4970 - acc: 0.8194
 320/1424 [=====>........................] - ETA: 4s - loss: 0.4753 - acc: 0.8250
 352/1424 [======>.......................] - ETA: 4s - loss: 0.5262 - acc: 0.8210
 384/1424 [=======>......................] - ETA: 4s - loss: 0.5036 - acc: 0.8255
 416/1424 [=======>......................] - ETA: 4s - loss: 0.4912 - acc: 0.8269
 448/1424 [========>.....................] - ETA: 4s - loss: 0.5033 - acc: 0.8147
 480/1424 [=========>....................] - ETA: 4s - loss: 0.4976 - acc: 0.8146
 512/1424 [=========>....................] - ETA: 4s - loss: 0.4967 - acc: 0.8125
 544/1424 [==========>...................] - ETA: 3s - loss: 0.5064 - acc: 0.8070
 576/1424 [===========>..................] - ETA: 3s - loss: 0.4924 - acc: 0.8125
 608/1424 [===========>..................] - ETA: 3s - loss: 0.4962 - acc: 0.8092
 640/1424 [============>.................] - ETA: 3s - loss: 0.5069 - acc: 0.8109
 672/1424 [=============>................] - ETA: 3s - loss: 0.5110 - acc: 0.8036
 704/1424 [=============>................] - ETA: 3s - loss: 0.5235 - acc: 0.7940
 736/1424 [==============>...............] - ETA: 3s - loss: 0.5538 - acc: 0.7867
 768/1424 [===============>..............] - ETA: 2s - loss: 0.5653 - acc: 0.7773
 800/1424 [===============>..............] - ETA: 2s - loss: 0.5854 - acc: 0.7662
 832/1424 [================>.............] - ETA: 2s - loss: 0.6081 - acc: 0.7572
 864/1424 [=================>............] - ETA: 2s - loss: 0.6323 - acc: 0.7442
 896/1424 [=================>............] - ETA: 2s - loss: 0.6405 - acc: 0.7388
 928/1424 [==================>...........] - ETA: 2s - loss: 0.6483 - acc: 0.7317
 960/1424 [===================>..........] - ETA: 2s - loss: 0.6567 - acc: 0.7240
 992/1424 [===================>..........] - ETA: 1s - loss: 0.6583 - acc: 0.7198
1024/1424 [====================>.........] - ETA: 1s - loss: 0.6615 - acc: 0.7158
1056/1424 [=====================>........] - ETA: 1s - loss: 0.6653 - acc: 0.7093
1088/1424 [=====================>........] - ETA: 1s - loss: 0.6693 - acc: 0.7013
1120/1424 [======================>.......] - ETA: 1s - loss: 0.6744 - acc: 0.6920
1152/1424 [=======================>......] - ETA: 1s - loss: 0.6749 - acc: 0.6875
1184/1424 [=======================>......] - ETA: 1s - loss: 0.6777 - acc: 0.6799
1216/1424 [========================>.....] - ETA: 0s - loss: 0.6772 - acc: 0.6793
1248/1424 [=========================>....] - ETA: 0s - loss: 0.6891 - acc: 0.6747
1280/1424 [=========================>....] - ETA: 0s - loss: 0.6895 - acc: 0.6719
1312/1424 [==========================>...] - ETA: 0s - loss: 0.6880 - acc: 0.6654
1344/1424 [===========================>..] - ETA: 0s - loss: 0.7019 - acc: 0.6600
1376/1424 [===========================>..] - ETA: 0s - loss: 0.7037 - acc: 0.6562
1408/1424 [============================>.] - ETA: 0s - loss: 0.7015 - acc: 0.6520
1424/1424 [==============================] - 9s 6ms/step - loss: 0.7115 - acc: 0.6510 - val_loss: 0.9450 - val_acc: 0.5636
Epoch 16/1000

  32/1424 [..............................] - ETA: 6s - loss: 0.7589 - acc: 0.5312
  64/1424 [>.............................] - ETA: 5s - loss: 0.7227 - acc: 0.5781
  96/1424 [=>............................] - ETA: 5s - loss: 0.8476 - acc: 0.5312
 128/1424 [=>............................] - ETA: 5s - loss: 0.8417 - acc: 0.5469
 160/1424 [==>...........................] - ETA: 5s - loss: 0.8308 - acc: 0.5625
 192/1424 [===>..........................] - ETA: 5s - loss: 0.9429 - acc: 0.5625
 224/1424 [===>..........................] - ETA: 5s - loss: 0.8957 - acc: 0.5848
 256/1424 [====>.........................] - ETA: 5s - loss: 0.8650 - acc: 0.5859
 288/1424 [=====>........................] - ETA: 4s - loss: 0.8482 - acc: 0.5938
 320/1424 [=====>........................] - ETA: 4s - loss: 0.8371 - acc: 0.6062
 352/1424 [======>.......................] - ETA: 4s - loss: 0.8212 - acc: 0.6080
 384/1424 [=======>......................] - ETA: 4s - loss: 0.8075 - acc: 0.6094
 416/1424 [=======>......................] - ETA: 4s - loss: 0.7964 - acc: 0.6130
 448/1424 [========>.....................] - ETA: 4s - loss: 0.7856 - acc: 0.6228
 480/1424 [=========>....................] - ETA: 4s - loss: 0.7759 - acc: 0.6250
 512/1424 [=========>....................] - ETA: 4s - loss: 0.7694 - acc: 0.6309
 544/1424 [==========>...................] - ETA: 3s - loss: 0.7636 - acc: 0.6324
 576/1424 [===========>..................] - ETA: 3s - loss: 0.7584 - acc: 0.6267
 608/1424 [===========>..................] - ETA: 3s - loss: 0.7526 - acc: 0.6332
 640/1424 [============>.................] - ETA: 3s - loss: 0.7480 - acc: 0.6391
 672/1424 [=============>................] - ETA: 3s - loss: 0.7432 - acc: 0.6414
 704/1424 [=============>................] - ETA: 3s - loss: 0.7372 - acc: 0.6463
 736/1424 [==============>...............] - ETA: 3s - loss: 0.7331 - acc: 0.6495
 768/1424 [===============>..............] - ETA: 2s - loss: 0.7299 - acc: 0.6497
 800/1424 [===============>..............] - ETA: 2s - loss: 0.7256 - acc: 0.6550
 832/1424 [================>.............] - ETA: 2s - loss: 0.7219 - acc: 0.6599
 864/1424 [=================>............] - ETA: 2s - loss: 0.7192 - acc: 0.6551
 896/1424 [=================>............] - ETA: 2s - loss: 0.7171 - acc: 0.6574
 928/1424 [==================>...........] - ETA: 2s - loss: 0.7160 - acc: 0.6530
 960/1424 [===================>..........] - ETA: 2s - loss: 0.7136 - acc: 0.6531
 992/1424 [===================>..........] - ETA: 1s - loss: 0.7111 - acc: 0.6583
1024/1424 [====================>.........] - ETA: 1s - loss: 0.7081 - acc: 0.6631
1056/1424 [=====================>........] - ETA: 1s - loss: 0.7064 - acc: 0.6667
1088/1424 [=====================>........] - ETA: 1s - loss: 0.7035 - acc: 0.6627
1120/1424 [======================>.......] - ETA: 1s - loss: 0.7023 - acc: 0.6634
1152/1424 [=======================>......] - ETA: 1s - loss: 0.7005 - acc: 0.6641
1184/1424 [=======================>......] - ETA: 1s - loss: 0.6985 - acc: 0.6639
1216/1424 [========================>.....] - ETA: 0s - loss: 0.6957 - acc: 0.6686
1248/1424 [=========================>....] - ETA: 0s - loss: 0.6933 - acc: 0.6707
1280/1424 [=========================>....] - ETA: 0s - loss: 0.6912 - acc: 0.6734
1312/1424 [==========================>...] - ETA: 0s - loss: 0.6887 - acc: 0.6761
1344/1424 [===========================>..] - ETA: 0s - loss: 0.6875 - acc: 0.6786
1376/1424 [===========================>..] - ETA: 0s - loss: 0.6897 - acc: 0.6751
1408/1424 [============================>.] - ETA: 0s - loss: 0.6881 - acc: 0.6768
1424/1424 [==============================] - 9s 6ms/step - loss: 0.6871 - acc: 0.6756 - val_loss: 0.6015 - val_acc: 0.7867
Epoch 17/1000

  32/1424 [..............................] - ETA: 6s - loss: 0.5763 - acc: 0.7812
  64/1424 [>.............................] - ETA: 5s - loss: 0.6529 - acc: 0.7812
  96/1424 [=>............................] - ETA: 5s - loss: 0.6409 - acc: 0.7500
 128/1424 [=>............................] - ETA: 5s - loss: 0.6379 - acc: 0.7344
 160/1424 [==>...........................] - ETA: 5s - loss: 0.6390 - acc: 0.7312
 192/1424 [===>..........................] - ETA: 5s - loss: 0.6329 - acc: 0.7344
 224/1424 [===>..........................] - ETA: 5s - loss: 0.6261 - acc: 0.7500
 256/1424 [====>.........................] - ETA: 5s - loss: 0.6303 - acc: 0.7266
 288/1424 [=====>........................] - ETA: 4s - loss: 0.6294 - acc: 0.7292
 320/1424 [=====>........................] - ETA: 4s - loss: 0.6263 - acc: 0.7312
 352/1424 [======>.......................] - ETA: 4s - loss: 0.6222 - acc: 0.7386
 384/1424 [=======>......................] - ETA: 4s - loss: 0.6213 - acc: 0.7318
 416/1424 [=======>......................] - ETA: 4s - loss: 0.6227 - acc: 0.7284
 448/1424 [========>.....................] - ETA: 4s - loss: 0.6223 - acc: 0.7277
 480/1424 [=========>....................] - ETA: 4s - loss: 0.6226 - acc: 0.7208
 512/1424 [=========>....................] - ETA: 3s - loss: 0.6224 - acc: 0.7207
 544/1424 [==========>...................] - ETA: 3s - loss: 0.6229 - acc: 0.7206
 576/1424 [===========>..................] - ETA: 3s - loss: 0.6208 - acc: 0.7240
 608/1424 [===========>..................] - ETA: 3s - loss: 0.6216 - acc: 0.7237
 640/1424 [============>.................] - ETA: 3s - loss: 0.6192 - acc: 0.7297
 672/1424 [=============>................] - ETA: 3s - loss: 0.6212 - acc: 0.7277
 704/1424 [=============>................] - ETA: 3s - loss: 0.6209 - acc: 0.7273
 736/1424 [==============>...............] - ETA: 3s - loss: 0.6187 - acc: 0.7310
 768/1424 [===============>..............] - ETA: 2s - loss: 0.6158 - acc: 0.7344
 800/1424 [===============>..............] - ETA: 2s - loss: 0.6154 - acc: 0.7362
 832/1424 [================>.............] - ETA: 2s - loss: 0.6131 - acc: 0.7368
 864/1424 [=================>............] - ETA: 2s - loss: 0.6120 - acc: 0.7326
 896/1424 [=================>............] - ETA: 2s - loss: 0.6101 - acc: 0.7333
 928/1424 [==================>...........] - ETA: 2s - loss: 0.6084 - acc: 0.7381
 960/1424 [===================>..........] - ETA: 2s - loss: 0.6083 - acc: 0.7396
 992/1424 [===================>..........] - ETA: 1s - loss: 0.6093 - acc: 0.7369
1024/1424 [====================>.........] - ETA: 1s - loss: 0.6071 - acc: 0.7363
1056/1424 [=====================>........] - ETA: 1s - loss: 0.6053 - acc: 0.7405
1088/1424 [=====================>........] - ETA: 1s - loss: 0.6046 - acc: 0.7426
1120/1424 [======================>.......] - ETA: 1s - loss: 0.6043 - acc: 0.7429
1152/1424 [=======================>......] - ETA: 1s - loss: 0.6048 - acc: 0.7396
1184/1424 [=======================>......] - ETA: 1s - loss: 0.6044 - acc: 0.7399
1216/1424 [========================>.....] - ETA: 0s - loss: 0.6028 - acc: 0.7410
1248/1424 [=========================>....] - ETA: 0s - loss: 0.6053 - acc: 0.7412
1280/1424 [=========================>....] - ETA: 0s - loss: 0.6028 - acc: 0.7430
1312/1424 [==========================>...] - ETA: 0s - loss: 0.6028 - acc: 0.7439
1344/1424 [===========================>..] - ETA: 0s - loss: 0.6023 - acc: 0.7448
1376/1424 [===========================>..] - ETA: 0s - loss: 0.6023 - acc: 0.7449
1408/1424 [============================>.] - ETA: 0s - loss: 0.6009 - acc: 0.7464
1424/1424 [==============================] - 9s 6ms/step - loss: 0.6007 - acc: 0.7465 - val_loss: 0.5752 - val_acc: 0.7910
Epoch 18/1000

  32/1424 [..............................] - ETA: 6s - loss: 0.6008 - acc: 0.6250
  64/1424 [>.............................] - ETA: 6s - loss: 0.5856 - acc: 0.6875
  96/1424 [=>............................] - ETA: 5s - loss: 0.5838 - acc: 0.7188
 128/1424 [=>............................] - ETA: 5s - loss: 0.5936 - acc: 0.6953
 160/1424 [==>...........................] - ETA: 5s - loss: 0.5870 - acc: 0.7188
 192/1424 [===>..........................] - ETA: 5s - loss: 0.5780 - acc: 0.7448
 224/1424 [===>..........................] - ETA: 5s - loss: 0.5717 - acc: 0.7545
 256/1424 [====>.........................] - ETA: 5s - loss: 0.5686 - acc: 0.7695
 288/1424 [=====>........................] - ETA: 5s - loss: 0.5701 - acc: 0.7639
 320/1424 [=====>........................] - ETA: 4s - loss: 0.5606 - acc: 0.7688
 352/1424 [======>.......................] - ETA: 4s - loss: 0.5638 - acc: 0.7642
 384/1424 [=======>......................] - ETA: 4s - loss: 0.5783 - acc: 0.7604
 416/1424 [=======>......................] - ETA: 4s - loss: 0.5814 - acc: 0.7500
 448/1424 [========>.....................] - ETA: 4s - loss: 0.5803 - acc: 0.7522
 480/1424 [=========>....................] - ETA: 4s - loss: 0.5826 - acc: 0.7458
 512/1424 [=========>....................] - ETA: 4s - loss: 0.5815 - acc: 0.7441
 544/1424 [==========>...................] - ETA: 3s - loss: 0.5799 - acc: 0.7482
 576/1424 [===========>..................] - ETA: 3s - loss: 0.5838 - acc: 0.7535
 608/1424 [===========>..................] - ETA: 3s - loss: 0.5829 - acc: 0.7549
 640/1424 [============>.................] - ETA: 3s - loss: 0.5815 - acc: 0.7578
 672/1424 [=============>................] - ETA: 3s - loss: 0.5789 - acc: 0.7574
 704/1424 [=============>................] - ETA: 3s - loss: 0.5772 - acc: 0.7585
 736/1424 [==============>...............] - ETA: 3s - loss: 0.5776 - acc: 0.7609
 768/1424 [===============>..............] - ETA: 2s - loss: 0.5767 - acc: 0.7604
 800/1424 [===============>..............] - ETA: 2s - loss: 0.5773 - acc: 0.7588
 832/1424 [================>.............] - ETA: 2s - loss: 0.5817 - acc: 0.7596
 864/1424 [=================>............] - ETA: 2s - loss: 0.5823 - acc: 0.7569
 896/1424 [=================>............] - ETA: 2s - loss: 0.5837 - acc: 0.7589
 928/1424 [==================>...........] - ETA: 2s - loss: 0.5825 - acc: 0.7586
 960/1424 [===================>..........] - ETA: 2s - loss: 0.5809 - acc: 0.7573
 992/1424 [===================>..........] - ETA: 1s - loss: 0.5812 - acc: 0.7560
1024/1424 [====================>.........] - ETA: 1s - loss: 0.5797 - acc: 0.7588
1056/1424 [=====================>........] - ETA: 1s - loss: 0.5770 - acc: 0.7633
1088/1424 [=====================>........] - ETA: 1s - loss: 0.5746 - acc: 0.7656
1120/1424 [======================>.......] - ETA: 1s - loss: 0.5724 - acc: 0.7661
1152/1424 [=======================>......] - ETA: 1s - loss: 0.5722 - acc: 0.7639
1184/1424 [=======================>......] - ETA: 1s - loss: 0.5721 - acc: 0.7635
1216/1424 [========================>.....] - ETA: 0s - loss: 0.5756 - acc: 0.7656
1248/1424 [=========================>....] - ETA: 0s - loss: 0.5754 - acc: 0.7644
1280/1424 [=========================>....] - ETA: 0s - loss: 0.5748 - acc: 0.7625
1312/1424 [==========================>...] - ETA: 0s - loss: 0.5743 - acc: 0.7622
1344/1424 [===========================>..] - ETA: 0s - loss: 0.5724 - acc: 0.7649
1376/1424 [===========================>..] - ETA: 0s - loss: 0.5708 - acc: 0.7667
1408/1424 [============================>.] - ETA: 0s - loss: 0.5694 - acc: 0.7670
1424/1424 [==============================] - 9s 6ms/step - loss: 0.5677 - acc: 0.7676 - val_loss: 0.5095 - val_acc: 0.7867
Epoch 19/1000

  32/1424 [..............................] - ETA: 6s - loss: 0.4667 - acc: 0.7188
  64/1424 [>.............................] - ETA: 6s - loss: 0.5813 - acc: 0.7031
  96/1424 [=>............................] - ETA: 5s - loss: 0.6145 - acc: 0.7083
 128/1424 [=>............................] - ETA: 5s - loss: 0.5907 - acc: 0.7266
 160/1424 [==>...........................] - ETA: 5s - loss: 0.5824 - acc: 0.7312
 192/1424 [===>..........................] - ETA: 5s - loss: 0.5757 - acc: 0.7292
 224/1424 [===>..........................] - ETA: 5s - loss: 0.5564 - acc: 0.7411
 256/1424 [====>.........................] - ETA: 5s - loss: 0.5554 - acc: 0.7344
 288/1424 [=====>........................] - ETA: 5s - loss: 0.5498 - acc: 0.7431
 320/1424 [=====>........................] - ETA: 4s - loss: 0.5523 - acc: 0.7438
 352/1424 [======>.......................] - ETA: 4s - loss: 0.5611 - acc: 0.7330
 384/1424 [=======>......................] - ETA: 4s - loss: 0.5554 - acc: 0.7396
 416/1424 [=======>......................] - ETA: 4s - loss: 0.5566 - acc: 0.7380
 448/1424 [========>.....................] - ETA: 4s - loss: 0.5615 - acc: 0.7299
 480/1424 [=========>....................] - ETA: 4s - loss: 0.5582 - acc: 0.7333
 512/1424 [=========>....................] - ETA: 4s - loss: 0.5527 - acc: 0.7383
 544/1424 [==========>...................] - ETA: 3s - loss: 0.5531 - acc: 0.7353
 576/1424 [===========>..................] - ETA: 3s - loss: 0.5489 - acc: 0.7378
 608/1424 [===========>..................] - ETA: 3s - loss: 0.5547 - acc: 0.7368
 640/1424 [============>.................] - ETA: 3s - loss: 0.5475 - acc: 0.7422
 672/1424 [=============>................] - ETA: 3s - loss: 0.5467 - acc: 0.7485
 704/1424 [=============>................] - ETA: 3s - loss: 0.5465 - acc: 0.7472
 736/1424 [==============>...............] - ETA: 3s - loss: 0.5438 - acc: 0.7486
 768/1424 [===============>..............] - ETA: 2s - loss: 0.5371 - acc: 0.7539
 800/1424 [===============>..............] - ETA: 2s - loss: 0.5421 - acc: 0.7525
 832/1424 [================>.............] - ETA: 2s - loss: 0.5363 - acc: 0.7584
 864/1424 [=================>............] - ETA: 2s - loss: 0.5425 - acc: 0.7558
 896/1424 [=================>............] - ETA: 2s - loss: 0.5393 - acc: 0.7567
 928/1424 [==================>...........] - ETA: 2s - loss: 0.5467 - acc: 0.7586
 960/1424 [===================>..........] - ETA: 2s - loss: 0.5444 - acc: 0.7625
 992/1424 [===================>..........] - ETA: 1s - loss: 0.5454 - acc: 0.7611
1024/1424 [====================>.........] - ETA: 1s - loss: 0.5450 - acc: 0.7588
1056/1424 [=====================>........] - ETA: 1s - loss: 0.5434 - acc: 0.7595
1088/1424 [=====================>........] - ETA: 1s - loss: 0.5475 - acc: 0.7564
1120/1424 [======================>.......] - ETA: 1s - loss: 0.5488 - acc: 0.7518
1152/1424 [=======================>......] - ETA: 1s - loss: 0.5504 - acc: 0.7483
1184/1424 [=======================>......] - ETA: 1s - loss: 0.5501 - acc: 0.7475
1216/1424 [========================>.....] - ETA: 0s - loss: 0.5518 - acc: 0.7459
1248/1424 [=========================>....] - ETA: 0s - loss: 0.5504 - acc: 0.7468
1280/1424 [=========================>....] - ETA: 0s - loss: 0.5480 - acc: 0.7492
1312/1424 [==========================>...] - ETA: 0s - loss: 0.5469 - acc: 0.7500
1344/1424 [===========================>..] - ETA: 0s - loss: 0.5443 - acc: 0.7507
1376/1424 [===========================>..] - ETA: 0s - loss: 0.5444 - acc: 0.7493
1408/1424 [============================>.] - ETA: 0s - loss: 0.5429 - acc: 0.7514
1424/1424 [==============================] - 9s 6ms/step - loss: 0.5417 - acc: 0.7521 - val_loss: 0.4902 - val_acc: 0.8150
Epoch 20/1000

  32/1424 [..............................] - ETA: 6s - loss: 0.4865 - acc: 0.7500
  64/1424 [>.............................] - ETA: 5s - loss: 0.4880 - acc: 0.7656
  96/1424 [=>............................] - ETA: 5s - loss: 0.5006 - acc: 0.7604
 128/1424 [=>............................] - ETA: 5s - loss: 0.5087 - acc: 0.7578
 160/1424 [==>...........................] - ETA: 5s - loss: 0.5570 - acc: 0.7438
 192/1424 [===>..........................] - ETA: 5s - loss: 0.5660 - acc: 0.7448
 224/1424 [===>..........................] - ETA: 5s - loss: 0.5530 - acc: 0.7589
 256/1424 [====>.........................] - ETA: 5s - loss: 0.5437 - acc: 0.7656
 288/1424 [=====>........................] - ETA: 4s - loss: 0.5344 - acc: 0.7743
 320/1424 [=====>........................] - ETA: 4s - loss: 0.5350 - acc: 0.7656
 352/1424 [======>.......................] - ETA: 4s - loss: 0.5293 - acc: 0.7699
 384/1424 [=======>......................] - ETA: 4s - loss: 0.5284 - acc: 0.7786
 416/1424 [=======>......................] - ETA: 4s - loss: 0.5281 - acc: 0.7788
 448/1424 [========>.....................] - ETA: 4s - loss: 0.5271 - acc: 0.7790
 480/1424 [=========>....................] - ETA: 4s - loss: 0.5209 - acc: 0.7833
 512/1424 [=========>....................] - ETA: 4s - loss: 0.5215 - acc: 0.7812
 544/1424 [==========>...................] - ETA: 3s - loss: 0.5211 - acc: 0.7794
 576/1424 [===========>..................] - ETA: 3s - loss: 0.5227 - acc: 0.7795
 608/1424 [===========>..................] - ETA: 3s - loss: 0.5225 - acc: 0.7829
 640/1424 [============>.................] - ETA: 3s - loss: 0.5241 - acc: 0.7766
 672/1424 [=============>................] - ETA: 3s - loss: 0.5248 - acc: 0.7798
 704/1424 [=============>................] - ETA: 3s - loss: 0.5197 - acc: 0.7827
 736/1424 [==============>...............] - ETA: 3s - loss: 0.5200 - acc: 0.7812
 768/1424 [===============>..............] - ETA: 2s - loss: 0.5207 - acc: 0.7799
 800/1424 [===============>..............] - ETA: 2s - loss: 0.5163 - acc: 0.7837
 832/1424 [================>.............] - ETA: 2s - loss: 0.5166 - acc: 0.7825
 864/1424 [=================>............] - ETA: 2s - loss: 0.5118 - acc: 0.7847
 896/1424 [=================>............] - ETA: 2s - loss: 0.5091 - acc: 0.7868
 928/1424 [==================>...........] - ETA: 2s - loss: 0.5139 - acc: 0.7866
 960/1424 [===================>..........] - ETA: 2s - loss: 0.5128 - acc: 0.7865
 992/1424 [===================>..........] - ETA: 1s - loss: 0.5095 - acc: 0.7873
1024/1424 [====================>.........] - ETA: 1s - loss: 0.5082 - acc: 0.7910
1056/1424 [=====================>........] - ETA: 1s - loss: 0.5173 - acc: 0.7879
1088/1424 [=====================>........] - ETA: 1s - loss: 0.5169 - acc: 0.7868
1120/1424 [======================>.......] - ETA: 1s - loss: 0.5169 - acc: 0.7875
1152/1424 [=======================>......] - ETA: 1s - loss: 0.5224 - acc: 0.7847
1184/1424 [=======================>......] - ETA: 1s - loss: 0.5192 - acc: 0.7863
1216/1424 [========================>.....] - ETA: 0s - loss: 0.5185 - acc: 0.7862
1248/1424 [=========================>....] - ETA: 0s - loss: 0.5183 - acc: 0.7861
1280/1424 [=========================>....] - ETA: 0s - loss: 0.5208 - acc: 0.7852
1312/1424 [==========================>...] - ETA: 0s - loss: 0.5197 - acc: 0.7858
1344/1424 [===========================>..] - ETA: 0s - loss: 0.5200 - acc: 0.7887
1376/1424 [===========================>..] - ETA: 0s - loss: 0.5216 - acc: 0.7856
1408/1424 [============================>.] - ETA: 0s - loss: 0.5196 - acc: 0.7869
1424/1424 [==============================] - 9s 6ms/step - loss: 0.5201 - acc: 0.7851 - val_loss: 0.5135 - val_acc: 0.7613
Epoch 21/1000

  32/1424 [..............................] - ETA: 6s - loss: 0.4791 - acc: 0.8438
  64/1424 [>.............................] - ETA: 6s - loss: 0.5449 - acc: 0.7812
  96/1424 [=>............................] - ETA: 5s - loss: 0.5574 - acc: 0.7396
 128/1424 [=>............................] - ETA: 5s - loss: 0.5247 - acc: 0.7656
 160/1424 [==>...........................] - ETA: 5s - loss: 0.5115 - acc: 0.7875
 192/1424 [===>..........................] - ETA: 5s - loss: 0.5001 - acc: 0.7865
 224/1424 [===>..........................] - ETA: 5s - loss: 0.5156 - acc: 0.7812
 256/1424 [====>.........................] - ETA: 5s - loss: 0.5335 - acc: 0.7734
 288/1424 [=====>........................] - ETA: 4s - loss: 0.5110 - acc: 0.7917
 320/1424 [=====>........................] - ETA: 4s - loss: 0.5045 - acc: 0.7969
 352/1424 [======>.......................] - ETA: 4s - loss: 0.4992 - acc: 0.8040
 384/1424 [=======>......................] - ETA: 4s - loss: 0.5025 - acc: 0.7969
 416/1424 [=======>......................] - ETA: 4s - loss: 0.4994 - acc: 0.7957
 448/1424 [========>.....................] - ETA: 4s - loss: 0.5021 - acc: 0.7924
 480/1424 [=========>....................] - ETA: 4s - loss: 0.4957 - acc: 0.7958
 512/1424 [=========>....................] - ETA: 4s - loss: 0.4993 - acc: 0.7969
 544/1424 [==========>...................] - ETA: 3s - loss: 0.5093 - acc: 0.7849
 576/1424 [===========>..................] - ETA: 3s - loss: 0.5113 - acc: 0.7812
 608/1424 [===========>..................] - ETA: 3s - loss: 0.5113 - acc: 0.7829
 640/1424 [============>.................] - ETA: 3s - loss: 0.5111 - acc: 0.7859
 672/1424 [=============>................] - ETA: 3s - loss: 0.5098 - acc: 0.7857
 704/1424 [=============>................] - ETA: 3s - loss: 0.5109 - acc: 0.7841
 736/1424 [==============>...............] - ETA: 3s - loss: 0.5135 - acc: 0.7826
 768/1424 [===============>..............] - ETA: 2s - loss: 0.5132 - acc: 0.7826
 800/1424 [===============>..............] - ETA: 2s - loss: 0.5136 - acc: 0.7825
 832/1424 [================>.............] - ETA: 2s - loss: 0.5138 - acc: 0.7837
 864/1424 [=================>............] - ETA: 2s - loss: 0.5137 - acc: 0.7812
 896/1424 [=================>............] - ETA: 2s - loss: 0.5197 - acc: 0.7790
 928/1424 [==================>...........] - ETA: 2s - loss: 0.5176 - acc: 0.7812
 960/1424 [===================>..........] - ETA: 2s - loss: 0.5165 - acc: 0.7833
 992/1424 [===================>..........] - ETA: 1s - loss: 0.5132 - acc: 0.7863
1024/1424 [====================>.........] - ETA: 1s - loss: 0.5107 - acc: 0.7871
1056/1424 [=====================>........] - ETA: 1s - loss: 0.5089 - acc: 0.7888
1088/1424 [=====================>........] - ETA: 1s - loss: 0.5099 - acc: 0.7886
1120/1424 [======================>.......] - ETA: 1s - loss: 0.5082 - acc: 0.7893
1152/1424 [=======================>......] - ETA: 1s - loss: 0.5058 - acc: 0.7899
1184/1424 [=======================>......] - ETA: 1s - loss: 0.5072 - acc: 0.7880
1216/1424 [========================>.....] - ETA: 0s - loss: 0.5064 - acc: 0.7878
1248/1424 [=========================>....] - ETA: 0s - loss: 0.5051 - acc: 0.7893
1280/1424 [=========================>....] - ETA: 0s - loss: 0.5049 - acc: 0.7891
1312/1424 [==========================>...] - ETA: 0s - loss: 0.5040 - acc: 0.7889
1344/1424 [===========================>..] - ETA: 0s - loss: 0.5040 - acc: 0.7879
1376/1424 [===========================>..] - ETA: 0s - loss: 0.5071 - acc: 0.7863
1408/1424 [============================>.] - ETA: 0s - loss: 0.5098 - acc: 0.7841
1424/1424 [==============================] - 9s 6ms/step - loss: 0.5078 - acc: 0.7858 - val_loss: 0.4632 - val_acc: 0.8008
Epoch 22/1000

  32/1424 [..............................] - ETA: 6s - loss: 0.3658 - acc: 0.8750
  64/1424 [>.............................] - ETA: 6s - loss: 0.3334 - acc: 0.8906
  96/1424 [=>............................] - ETA: 5s - loss: 0.3982 - acc: 0.8333
 128/1424 [=>............................] - ETA: 5s - loss: 0.4202 - acc: 0.8203
 160/1424 [==>...........................] - ETA: 5s - loss: 0.4137 - acc: 0.8250
 192/1424 [===>..........................] - ETA: 5s - loss: 0.4030 - acc: 0.8281
 224/1424 [===>..........................] - ETA: 5s - loss: 0.4046 - acc: 0.8214
 256/1424 [====>.........................] - ETA: 5s - loss: 0.4318 - acc: 0.8086
 288/1424 [=====>........................] - ETA: 4s - loss: 0.4472 - acc: 0.8056
 320/1424 [=====>........................] - ETA: 4s - loss: 0.4676 - acc: 0.8000
 352/1424 [======>.......................] - ETA: 4s - loss: 0.4821 - acc: 0.7926
 384/1424 [=======>......................] - ETA: 4s - loss: 0.4918 - acc: 0.7891
 416/1424 [=======>......................] - ETA: 4s - loss: 0.4868 - acc: 0.7957
 448/1424 [========>.....................] - ETA: 4s - loss: 0.4932 - acc: 0.7924
 480/1424 [=========>....................] - ETA: 4s - loss: 0.4893 - acc: 0.7937
 512/1424 [=========>....................] - ETA: 4s - loss: 0.4855 - acc: 0.7949
 544/1424 [==========>...................] - ETA: 3s - loss: 0.4853 - acc: 0.7960
 576/1424 [===========>..................] - ETA: 3s - loss: 0.4842 - acc: 0.7951
 608/1424 [===========>..................] - ETA: 3s - loss: 0.4905 - acc: 0.7928
 640/1424 [============>.................] - ETA: 3s - loss: 0.4866 - acc: 0.7953
 672/1424 [=============>................] - ETA: 3s - loss: 0.4910 - acc: 0.7932
 704/1424 [=============>................] - ETA: 3s - loss: 0.4878 - acc: 0.7955
 736/1424 [==============>...............] - ETA: 3s - loss: 0.4956 - acc: 0.7948
 768/1424 [===============>..............] - ETA: 2s - loss: 0.4926 - acc: 0.7969
 800/1424 [===============>..............] - ETA: 2s - loss: 0.4934 - acc: 0.7975
 832/1424 [================>.............] - ETA: 2s - loss: 0.4935 - acc: 0.7981
 864/1424 [=================>............] - ETA: 2s - loss: 0.5026 - acc: 0.7951
 896/1424 [=================>............] - ETA: 2s - loss: 0.5024 - acc: 0.7935
 928/1424 [==================>...........] - ETA: 2s - loss: 0.5041 - acc: 0.7920
 960/1424 [===================>..........] - ETA: 2s - loss: 0.5018 - acc: 0.7917
 992/1424 [===================>..........] - ETA: 1s - loss: 0.4975 - acc: 0.7954
1024/1424 [====================>.........] - ETA: 1s - loss: 0.4981 - acc: 0.7939
1056/1424 [=====================>........] - ETA: 1s - loss: 0.4952 - acc: 0.7955
1088/1424 [=====================>........] - ETA: 1s - loss: 0.4961 - acc: 0.7950
1120/1424 [======================>.......] - ETA: 1s - loss: 0.4989 - acc: 0.7946
1152/1424 [=======================>......] - ETA: 1s - loss: 0.4937 - acc: 0.7969
1184/1424 [=======================>......] - ETA: 1s - loss: 0.4973 - acc: 0.7948
1216/1424 [========================>.....] - ETA: 0s - loss: 0.5037 - acc: 0.7887
1248/1424 [=========================>....] - ETA: 0s - loss: 0.5044 - acc: 0.7885
1280/1424 [=========================>....] - ETA: 0s - loss: 0.5022 - acc: 0.7883
1312/1424 [==========================>...] - ETA: 0s - loss: 0.5011 - acc: 0.7866
1344/1424 [===========================>..] - ETA: 0s - loss: 0.5002 - acc: 0.7857
1376/1424 [===========================>..] - ETA: 0s - loss: 0.5012 - acc: 0.7842
1408/1424 [============================>.] - ETA: 0s - loss: 0.4992 - acc: 0.7855
1424/1424 [==============================] - 9s 6ms/step - loss: 0.4987 - acc: 0.7851 - val_loss: 0.4491 - val_acc: 0.8107
Epoch 23/1000

  32/1424 [..............................] - ETA: 6s - loss: 0.4451 - acc: 0.8125
  64/1424 [>.............................] - ETA: 6s - loss: 0.4517 - acc: 0.7656
  96/1424 [=>............................] - ETA: 5s - loss: 0.4760 - acc: 0.7708
 128/1424 [=>............................] - ETA: 5s - loss: 0.4609 - acc: 0.7812
 160/1424 [==>...........................] - ETA: 5s - loss: 0.5422 - acc: 0.7688
 192/1424 [===>..........................] - ETA: 5s - loss: 0.5517 - acc: 0.7656
 224/1424 [===>..........................] - ETA: 5s - loss: 0.5298 - acc: 0.7768
 256/1424 [====>.........................] - ETA: 5s - loss: 0.5465 - acc: 0.7578
 288/1424 [=====>........................] - ETA: 5s - loss: 0.5397 - acc: 0.7535
 320/1424 [=====>........................] - ETA: 4s - loss: 0.5211 - acc: 0.7688
 352/1424 [======>.......................] - ETA: 4s - loss: 0.5252 - acc: 0.7614
 384/1424 [=======>......................] - ETA: 4s - loss: 0.5253 - acc: 0.7604
 416/1424 [=======>......................] - ETA: 4s - loss: 0.5243 - acc: 0.7620
 448/1424 [========>.....................] - ETA: 4s - loss: 0.5225 - acc: 0.7656
 480/1424 [=========>....................] - ETA: 4s - loss: 0.5313 - acc: 0.7521
 512/1424 [=========>....................] - ETA: 4s - loss: 0.5335 - acc: 0.7480
 544/1424 [==========>...................] - ETA: 3s - loss: 0.5392 - acc: 0.7426
 576/1424 [===========>..................] - ETA: 3s - loss: 0.5377 - acc: 0.7465
 608/1424 [===========>..................] - ETA: 3s - loss: 0.5322 - acc: 0.7533
 640/1424 [============>.................] - ETA: 3s - loss: 0.5251 - acc: 0.7578
 672/1424 [=============>................] - ETA: 3s - loss: 0.5231 - acc: 0.7589
 704/1424 [=============>................] - ETA: 3s - loss: 0.5282 - acc: 0.7557
 736/1424 [==============>...............] - ETA: 3s - loss: 0.5266 - acc: 0.7582
 768/1424 [===============>..............] - ETA: 2s - loss: 0.5244 - acc: 0.7604
 800/1424 [===============>..............] - ETA: 2s - loss: 0.5207 - acc: 0.7625
 832/1424 [================>.............] - ETA: 2s - loss: 0.5210 - acc: 0.7596
 864/1424 [=================>............] - ETA: 2s - loss: 0.5208 - acc: 0.7627
 896/1424 [=================>............] - ETA: 2s - loss: 0.5161 - acc: 0.7667
 928/1424 [==================>...........] - ETA: 2s - loss: 0.5179 - acc: 0.7651
 960/1424 [===================>..........] - ETA: 2s - loss: 0.5202 - acc: 0.7646
 992/1424 [===================>..........] - ETA: 1s - loss: 0.5200 - acc: 0.7641
1024/1424 [====================>.........] - ETA: 1s - loss: 0.5162 - acc: 0.7646
1056/1424 [=====================>........] - ETA: 1s - loss: 0.5181 - acc: 0.7652
1088/1424 [=====================>........] - ETA: 1s - loss: 0.5158 - acc: 0.7675
1120/1424 [======================>.......] - ETA: 1s - loss: 0.5191 - acc: 0.7670
1152/1424 [=======================>......] - ETA: 1s - loss: 0.5150 - acc: 0.7708
1184/1424 [=======================>......] - ETA: 1s - loss: 0.5164 - acc: 0.7694
1216/1424 [========================>.....] - ETA: 0s - loss: 0.5158 - acc: 0.7689
1248/1424 [=========================>....] - ETA: 0s - loss: 0.5154 - acc: 0.7684
1280/1424 [=========================>....] - ETA: 0s - loss: 0.5158 - acc: 0.7664
1312/1424 [==========================>...] - ETA: 0s - loss: 0.5138 - acc: 0.7675
1344/1424 [===========================>..] - ETA: 0s - loss: 0.5098 - acc: 0.7708
1376/1424 [===========================>..] - ETA: 0s - loss: 0.5094 - acc: 0.7703
1408/1424 [============================>.] - ETA: 0s - loss: 0.5072 - acc: 0.7706
1424/1424 [==============================] - 9s 6ms/step - loss: 0.5096 - acc: 0.7683 - val_loss: 0.4831 - val_acc: 0.7797

  32/1424 [..............................] - ETA: 5s
  64/1424 [>.............................] - ETA: 5s
  96/1424 [=>............................] - ETA: 4s
 128/1424 [=>............................] - ETA: 4s
 160/1424 [==>...........................] - ETA: 4s
 192/1424 [===>..........................] - ETA: 4s
 224/1424 [===>..........................] - ETA: 4s
 256/1424 [====>.........................] - ETA: 4s
 288/1424 [=====>........................] - ETA: 4s
 320/1424 [=====>........................] - ETA: 4s
 352/1424 [======>.......................] - ETA: 3s
 384/1424 [=======>......................] - ETA: 3s
 416/1424 [=======>......................] - ETA: 3s
 448/1424 [========>.....................] - ETA: 3s
 480/1424 [=========>....................] - ETA: 3s
 512/1424 [=========>....................] - ETA: 3s
 544/1424 [==========>...................] - ETA: 3s
 576/1424 [===========>..................] - ETA: 3s
 608/1424 [===========>..................] - ETA: 3s
 640/1424 [============>.................] - ETA: 2s
 672/1424 [=============>................] - ETA: 2s
 704/1424 [=============>................] - ETA: 2s
 736/1424 [==============>...............] - ETA: 2s
 768/1424 [===============>..............] - ETA: 2s
 800/1424 [===============>..............] - ETA: 2s
 832/1424 [================>.............] - ETA: 2s
 864/1424 [=================>............] - ETA: 2s
 896/1424 [=================>............] - ETA: 1s
 928/1424 [==================>...........] - ETA: 1s
 960/1424 [===================>..........] - ETA: 1s
 992/1424 [===================>..........] - ETA: 1s
1024/1424 [====================>.........] - ETA: 1s
1056/1424 [=====================>........] - ETA: 1s
1088/1424 [=====================>........] - ETA: 1s
1120/1424 [======================>.......] - ETA: 1s
1152/1424 [=======================>......] - ETA: 1s
1184/1424 [=======================>......] - ETA: 0s
1216/1424 [========================>.....] - ETA: 0s
1248/1424 [=========================>....] - ETA: 0s
1280/1424 [=========================>....] - ETA: 0s
1312/1424 [==========================>...] - ETA: 0s
1344/1424 [===========================>..] - ETA: 0s
1376/1424 [===========================>..] - ETA: 0s
1408/1424 [============================>.] - ETA: 0s
1424/1424 [==============================] - 5s 4ms/step
Test acc: 0.8433988764044944
Test auc: 0.9109073191516223
Test mcc: 0.6868038494015901
Execute epoch: 23
Execute time: 213.8166081905365
