_________________________________________________________________
Layer (type)                 Output Shape              Param #   
=================================================================
embedding_1 (Embedding)      (None, None, 128)         2688      
_________________________________________________________________
lstm_1 (LSTM)                (None, None, 64)          49408     
_________________________________________________________________
lstm_2 (LSTM)                (None, None, 64)          33024     
_________________________________________________________________
lstm_3 (LSTM)                (None, 64)                33024     
_________________________________________________________________
dense_1 (Dense)              (None, 16)                1040      
_________________________________________________________________
dense_2 (Dense)              (None, 1)                 17        
=================================================================
Total params: 119,201
Trainable params: 119,201
Non-trainable params: 0
_________________________________________________________________
Train on 1424 samples, validate on 708 samples
Epoch 1/1000

  32/1424 [..............................] - ETA: 2:21 - loss: 0.6932 - acc: 0.4688
  64/1424 [>.............................] - ETA: 1:12 - loss: 0.6931 - acc: 0.5469
  96/1424 [=>............................] - ETA: 48s - loss: 0.6928 - acc: 0.5729 
 128/1424 [=>............................] - ETA: 37s - loss: 0.6930 - acc: 0.5469
 160/1424 [==>...........................] - ETA: 30s - loss: 0.6924 - acc: 0.5687
 192/1424 [===>..........................] - ETA: 25s - loss: 0.6922 - acc: 0.5677
 224/1424 [===>..........................] - ETA: 21s - loss: 0.6921 - acc: 0.5670
 256/1424 [====>.........................] - ETA: 19s - loss: 0.6921 - acc: 0.5625
 288/1424 [=====>........................] - ETA: 17s - loss: 0.6928 - acc: 0.5417
 320/1424 [=====>........................] - ETA: 15s - loss: 0.6930 - acc: 0.5344
 352/1424 [======>.......................] - ETA: 14s - loss: 0.6936 - acc: 0.5170
 384/1424 [=======>......................] - ETA: 12s - loss: 0.6933 - acc: 0.5208
 416/1424 [=======>......................] - ETA: 11s - loss: 0.6930 - acc: 0.5240
 448/1424 [========>.....................] - ETA: 11s - loss: 0.6932 - acc: 0.5179
 480/1424 [=========>....................] - ETA: 10s - loss: 0.6928 - acc: 0.5229
 512/1424 [=========>....................] - ETA: 9s - loss: 0.6930 - acc: 0.5176 
 544/1424 [==========>...................] - ETA: 8s - loss: 0.6930 - acc: 0.5165
 576/1424 [===========>..................] - ETA: 8s - loss: 0.6930 - acc: 0.5122
 608/1424 [===========>..................] - ETA: 7s - loss: 0.6929 - acc: 0.5132
 640/1424 [============>.................] - ETA: 7s - loss: 0.6927 - acc: 0.5156
 672/1424 [=============>................] - ETA: 6s - loss: 0.6927 - acc: 0.5134
 704/1424 [=============>................] - ETA: 6s - loss: 0.6925 - acc: 0.5128
 736/1424 [==============>...............] - ETA: 5s - loss: 0.6925 - acc: 0.5109
 768/1424 [===============>..............] - ETA: 5s - loss: 0.6923 - acc: 0.5104
 800/1424 [===============>..............] - ETA: 5s - loss: 0.6920 - acc: 0.5100
 832/1424 [================>.............] - ETA: 4s - loss: 0.6920 - acc: 0.5084
 864/1424 [=================>............] - ETA: 4s - loss: 0.6916 - acc: 0.5104
 896/1424 [=================>............] - ETA: 4s - loss: 0.6913 - acc: 0.5089
 928/1424 [==================>...........] - ETA: 3s - loss: 0.6912 - acc: 0.5075
 960/1424 [===================>..........] - ETA: 3s - loss: 0.6908 - acc: 0.5052
 992/1424 [===================>..........] - ETA: 3s - loss: 0.6905 - acc: 0.5020
1024/1424 [====================>.........] - ETA: 2s - loss: 0.6897 - acc: 0.5029
1056/1424 [=====================>........] - ETA: 2s - loss: 0.6892 - acc: 0.4972
1088/1424 [=====================>........] - ETA: 2s - loss: 0.6876 - acc: 0.5000
1120/1424 [======================>.......] - ETA: 2s - loss: 0.6859 - acc: 0.5027
1152/1424 [=======================>......] - ETA: 1s - loss: 0.6834 - acc: 0.5052
1184/1424 [=======================>......] - ETA: 1s - loss: 0.6795 - acc: 0.5084
1216/1424 [========================>.....] - ETA: 1s - loss: 0.6793 - acc: 0.5099
1248/1424 [=========================>....] - ETA: 1s - loss: 0.6783 - acc: 0.5128
1280/1424 [=========================>....] - ETA: 0s - loss: 0.6773 - acc: 0.5172
1312/1424 [==========================>...] - ETA: 0s - loss: 0.6757 - acc: 0.5244
1344/1424 [===========================>..] - ETA: 0s - loss: 0.6756 - acc: 0.5290
1376/1424 [===========================>..] - ETA: 0s - loss: 0.6744 - acc: 0.5327
1408/1424 [============================>.] - ETA: 0s - loss: 0.6732 - acc: 0.5384
1424/1424 [==============================] - 12s 9ms/step - loss: 0.6730 - acc: 0.5407 - val_loss: 0.6294 - val_acc: 0.7980
Epoch 2/1000

  32/1424 [..............................] - ETA: 5s - loss: 0.7356 - acc: 0.6875
  64/1424 [>.............................] - ETA: 5s - loss: 0.6727 - acc: 0.7188
  96/1424 [=>............................] - ETA: 5s - loss: 0.6727 - acc: 0.7083
 128/1424 [=>............................] - ETA: 5s - loss: 0.6457 - acc: 0.7500
 160/1424 [==>...........................] - ETA: 5s - loss: 0.6362 - acc: 0.7562
 192/1424 [===>..........................] - ETA: 5s - loss: 0.6154 - acc: 0.7812
 224/1424 [===>..........................] - ETA: 5s - loss: 0.6040 - acc: 0.7812
 256/1424 [====>.........................] - ETA: 5s - loss: 0.5992 - acc: 0.7656
 288/1424 [=====>........................] - ETA: 4s - loss: 0.5906 - acc: 0.7500
 320/1424 [=====>........................] - ETA: 4s - loss: 0.5848 - acc: 0.7344
 352/1424 [======>.......................] - ETA: 4s - loss: 0.6262 - acc: 0.7159
 384/1424 [=======>......................] - ETA: 4s - loss: 0.6622 - acc: 0.7109
 416/1424 [=======>......................] - ETA: 4s - loss: 0.6899 - acc: 0.7043
 448/1424 [========>.....................] - ETA: 4s - loss: 0.6811 - acc: 0.7076
 480/1424 [=========>....................] - ETA: 4s - loss: 0.6761 - acc: 0.7125
 512/1424 [=========>....................] - ETA: 3s - loss: 0.6958 - acc: 0.7188
 544/1424 [==========>...................] - ETA: 3s - loss: 0.6864 - acc: 0.7279
 576/1424 [===========>..................] - ETA: 3s - loss: 0.6799 - acc: 0.7344
 608/1424 [===========>..................] - ETA: 3s - loss: 0.6757 - acc: 0.7368
 640/1424 [============>.................] - ETA: 3s - loss: 0.6652 - acc: 0.7453
 672/1424 [=============>................] - ETA: 3s - loss: 0.6602 - acc: 0.7470
 704/1424 [=============>................] - ETA: 3s - loss: 0.6504 - acc: 0.7528
 736/1424 [==============>...............] - ETA: 2s - loss: 0.6411 - acc: 0.7595
 768/1424 [===============>..............] - ETA: 2s - loss: 0.6603 - acc: 0.7578
 800/1424 [===============>..............] - ETA: 2s - loss: 0.6532 - acc: 0.7638
 832/1424 [================>.............] - ETA: 2s - loss: 0.6482 - acc: 0.7632
 864/1424 [=================>............] - ETA: 2s - loss: 0.6360 - acc: 0.7674
 896/1424 [=================>............] - ETA: 2s - loss: 0.6251 - acc: 0.7712
 928/1424 [==================>...........] - ETA: 2s - loss: 0.6161 - acc: 0.7748
 960/1424 [===================>..........] - ETA: 2s - loss: 0.6413 - acc: 0.7771
 992/1424 [===================>..........] - ETA: 1s - loss: 0.6642 - acc: 0.7762
1024/1424 [====================>.........] - ETA: 1s - loss: 0.7271 - acc: 0.7764
1056/1424 [=====================>........] - ETA: 1s - loss: 0.8187 - acc: 0.7718
1088/1424 [=====================>........] - ETA: 1s - loss: 0.8862 - acc: 0.7684
1120/1424 [======================>.......] - ETA: 1s - loss: 0.9106 - acc: 0.7688
1152/1424 [=======================>......] - ETA: 1s - loss: 0.9334 - acc: 0.7630
1184/1424 [=======================>......] - ETA: 1s - loss: 0.9856 - acc: 0.7593
1216/1424 [========================>.....] - ETA: 0s - loss: 1.0455 - acc: 0.7549
1248/1424 [=========================>....] - ETA: 0s - loss: 1.0892 - acc: 0.7508
1280/1424 [=========================>....] - ETA: 0s - loss: 1.1323 - acc: 0.7445
1312/1424 [==========================>...] - ETA: 0s - loss: 1.1268 - acc: 0.7431
1344/1424 [===========================>..] - ETA: 0s - loss: 1.1289 - acc: 0.7374
1376/1424 [===========================>..] - ETA: 0s - loss: 1.1292 - acc: 0.7355
1408/1424 [============================>.] - ETA: 0s - loss: 1.1147 - acc: 0.7358
1424/1424 [==============================] - 9s 6ms/step - loss: 1.1091 - acc: 0.7346 - val_loss: 0.6185 - val_acc: 0.6681
Epoch 3/1000

  32/1424 [..............................] - ETA: 5s - loss: 0.6120 - acc: 0.6562
  64/1424 [>.............................] - ETA: 5s - loss: 0.6179 - acc: 0.5938
  96/1424 [=>............................] - ETA: 5s - loss: 0.6301 - acc: 0.6042
 128/1424 [=>............................] - ETA: 5s - loss: 0.6175 - acc: 0.6406
 160/1424 [==>...........................] - ETA: 5s - loss: 0.6175 - acc: 0.6562
 192/1424 [===>..........................] - ETA: 5s - loss: 0.6169 - acc: 0.6615
 224/1424 [===>..........................] - ETA: 5s - loss: 0.6135 - acc: 0.6652
 256/1424 [====>.........................] - ETA: 5s - loss: 0.6085 - acc: 0.6797
 288/1424 [=====>........................] - ETA: 4s - loss: 0.6101 - acc: 0.6771
 320/1424 [=====>........................] - ETA: 4s - loss: 0.6247 - acc: 0.6844
 352/1424 [======>.......................] - ETA: 4s - loss: 0.6223 - acc: 0.6960
 384/1424 [=======>......................] - ETA: 4s - loss: 0.6200 - acc: 0.6927
 416/1424 [=======>......................] - ETA: 4s - loss: 0.6154 - acc: 0.7067
 448/1424 [========>.....................] - ETA: 4s - loss: 0.6150 - acc: 0.7188
 480/1424 [=========>....................] - ETA: 4s - loss: 0.6162 - acc: 0.7208
 512/1424 [=========>....................] - ETA: 3s - loss: 0.6167 - acc: 0.7188
 544/1424 [==========>...................] - ETA: 3s - loss: 0.6162 - acc: 0.7279
 576/1424 [===========>..................] - ETA: 3s - loss: 0.6181 - acc: 0.7222
 608/1424 [===========>..................] - ETA: 3s - loss: 0.6187 - acc: 0.7220
 640/1424 [============>.................] - ETA: 3s - loss: 0.6185 - acc: 0.7250
 672/1424 [=============>................] - ETA: 3s - loss: 0.6205 - acc: 0.7217
 704/1424 [=============>................] - ETA: 3s - loss: 0.6207 - acc: 0.7230
 736/1424 [==============>...............] - ETA: 3s - loss: 0.6187 - acc: 0.7337
 768/1424 [===============>..............] - ETA: 2s - loss: 0.6163 - acc: 0.7396
 800/1424 [===============>..............] - ETA: 2s - loss: 0.6155 - acc: 0.7412
 832/1424 [================>.............] - ETA: 2s - loss: 0.6137 - acc: 0.7488
 864/1424 [=================>............] - ETA: 2s - loss: 0.6118 - acc: 0.7546
 896/1424 [=================>............] - ETA: 2s - loss: 0.6266 - acc: 0.7623
 928/1424 [==================>...........] - ETA: 2s - loss: 0.6240 - acc: 0.7672
 960/1424 [===================>..........] - ETA: 2s - loss: 0.6219 - acc: 0.7719
 992/1424 [===================>..........] - ETA: 1s - loss: 0.6222 - acc: 0.7702
1024/1424 [====================>.........] - ETA: 1s - loss: 0.6215 - acc: 0.7734
1056/1424 [=====================>........] - ETA: 1s - loss: 0.6190 - acc: 0.7765
1088/1424 [=====================>........] - ETA: 1s - loss: 0.6167 - acc: 0.7794
1120/1424 [======================>.......] - ETA: 1s - loss: 0.6147 - acc: 0.7795
1152/1424 [=======================>......] - ETA: 1s - loss: 0.6137 - acc: 0.7804
1184/1424 [=======================>......] - ETA: 1s - loss: 0.6100 - acc: 0.7846
1216/1424 [========================>.....] - ETA: 0s - loss: 0.6083 - acc: 0.7870
1248/1424 [=========================>....] - ETA: 0s - loss: 0.6065 - acc: 0.7853
1280/1424 [=========================>....] - ETA: 0s - loss: 0.6020 - acc: 0.7867
1312/1424 [==========================>...] - ETA: 0s - loss: 0.6009 - acc: 0.7866
1344/1424 [===========================>..] - ETA: 0s - loss: 0.6010 - acc: 0.7872
1376/1424 [===========================>..] - ETA: 0s - loss: 0.5973 - acc: 0.7878
1408/1424 [============================>.] - ETA: 0s - loss: 0.5956 - acc: 0.7884
1424/1424 [==============================] - 9s 6ms/step - loss: 0.5938 - acc: 0.7893 - val_loss: 0.6129 - val_acc: 0.8319
Epoch 4/1000

  32/1424 [..............................] - ETA: 6s - loss: 0.5093 - acc: 0.7500
  64/1424 [>.............................] - ETA: 5s - loss: 0.4515 - acc: 0.7812
  96/1424 [=>............................] - ETA: 5s - loss: 0.4808 - acc: 0.7500
 128/1424 [=>............................] - ETA: 5s - loss: 0.4794 - acc: 0.7578
 160/1424 [==>...........................] - ETA: 5s - loss: 0.4894 - acc: 0.7688
 192/1424 [===>..........................] - ETA: 5s - loss: 0.4963 - acc: 0.7708
 224/1424 [===>..........................] - ETA: 5s - loss: 0.4862 - acc: 0.7857
 256/1424 [====>.........................] - ETA: 5s - loss: 0.5396 - acc: 0.8008
 288/1424 [=====>........................] - ETA: 4s - loss: 0.5520 - acc: 0.8021
 320/1424 [=====>........................] - ETA: 4s - loss: 0.5425 - acc: 0.8000
 352/1424 [======>.......................] - ETA: 4s - loss: 0.5303 - acc: 0.7983
 384/1424 [=======>......................] - ETA: 4s - loss: 0.5179 - acc: 0.8021
 416/1424 [=======>......................] - ETA: 4s - loss: 0.5455 - acc: 0.8077
 448/1424 [========>.....................] - ETA: 4s - loss: 0.5403 - acc: 0.8036
 480/1424 [=========>....................] - ETA: 4s - loss: 0.5360 - acc: 0.8042
 512/1424 [=========>....................] - ETA: 3s - loss: 0.5344 - acc: 0.7949
 544/1424 [==========>...................] - ETA: 3s - loss: 0.5894 - acc: 0.7941
 576/1424 [===========>..................] - ETA: 3s - loss: 0.5809 - acc: 0.7882
 608/1424 [===========>..................] - ETA: 3s - loss: 0.5722 - acc: 0.7928
 640/1424 [============>.................] - ETA: 3s - loss: 0.5626 - acc: 0.7984
 672/1424 [=============>................] - ETA: 3s - loss: 0.5796 - acc: 0.7961
 704/1424 [=============>................] - ETA: 3s - loss: 0.5769 - acc: 0.7940
 736/1424 [==============>...............] - ETA: 2s - loss: 0.5733 - acc: 0.7935
 768/1424 [===============>..............] - ETA: 2s - loss: 0.5676 - acc: 0.7969
 800/1424 [===============>..............] - ETA: 2s - loss: 0.5620 - acc: 0.8000
 832/1424 [================>.............] - ETA: 2s - loss: 0.5601 - acc: 0.8005
 864/1424 [=================>............] - ETA: 2s - loss: 0.5587 - acc: 0.7986
 896/1424 [=================>............] - ETA: 2s - loss: 0.5556 - acc: 0.8013
 928/1424 [==================>...........] - ETA: 2s - loss: 0.5638 - acc: 0.8017
 960/1424 [===================>..........] - ETA: 2s - loss: 0.5788 - acc: 0.8010
 992/1424 [===================>..........] - ETA: 1s - loss: 0.5837 - acc: 0.8014
1024/1424 [====================>.........] - ETA: 1s - loss: 0.5921 - acc: 0.8037
1056/1424 [=====================>........] - ETA: 1s - loss: 0.5914 - acc: 0.8040
1088/1424 [=====================>........] - ETA: 1s - loss: 0.6042 - acc: 0.8033
1120/1424 [======================>.......] - ETA: 1s - loss: 0.6015 - acc: 0.8018
1152/1424 [=======================>......] - ETA: 1s - loss: 0.6040 - acc: 0.8038
1184/1424 [=======================>......] - ETA: 1s - loss: 0.6024 - acc: 0.8032
1216/1424 [========================>.....] - ETA: 0s - loss: 0.5976 - acc: 0.8051
1248/1424 [=========================>....] - ETA: 0s - loss: 0.6003 - acc: 0.8037
1280/1424 [=========================>....] - ETA: 0s - loss: 0.5995 - acc: 0.8063
1312/1424 [==========================>...] - ETA: 0s - loss: 0.6002 - acc: 0.8034
1344/1424 [===========================>..] - ETA: 0s - loss: 0.5992 - acc: 0.8021
1376/1424 [===========================>..] - ETA: 0s - loss: 0.5989 - acc: 0.8001
1408/1424 [============================>.] - ETA: 0s - loss: 0.5985 - acc: 0.7990
1424/1424 [==============================] - 9s 6ms/step - loss: 0.5983 - acc: 0.7999 - val_loss: 0.5680 - val_acc: 0.8362
Epoch 5/1000

  32/1424 [..............................] - ETA: 6s - loss: 0.5105 - acc: 0.8438
  64/1424 [>.............................] - ETA: 5s - loss: 0.5184 - acc: 0.8594
  96/1424 [=>............................] - ETA: 5s - loss: 0.5222 - acc: 0.8854
 128/1424 [=>............................] - ETA: 5s - loss: 0.5217 - acc: 0.8672
 160/1424 [==>...........................] - ETA: 5s - loss: 0.5305 - acc: 0.8750
 192/1424 [===>..........................] - ETA: 5s - loss: 0.5437 - acc: 0.8594
 224/1424 [===>..........................] - ETA: 5s - loss: 0.5475 - acc: 0.8571
 256/1424 [====>.........................] - ETA: 5s - loss: 0.5517 - acc: 0.8555
 288/1424 [=====>........................] - ETA: 4s - loss: 0.5526 - acc: 0.8576
 320/1424 [=====>........................] - ETA: 4s - loss: 0.5587 - acc: 0.8406
 352/1424 [======>.......................] - ETA: 4s - loss: 0.5622 - acc: 0.8324
 384/1424 [=======>......................] - ETA: 4s - loss: 0.5648 - acc: 0.8281
 416/1424 [=======>......................] - ETA: 4s - loss: 0.5670 - acc: 0.8149
 448/1424 [========>.....................] - ETA: 4s - loss: 0.5665 - acc: 0.8147
 480/1424 [=========>....................] - ETA: 4s - loss: 0.5650 - acc: 0.8146
 512/1424 [=========>....................] - ETA: 3s - loss: 0.5655 - acc: 0.8105
 544/1424 [==========>...................] - ETA: 3s - loss: 0.5672 - acc: 0.8070
 576/1424 [===========>..................] - ETA: 3s - loss: 0.5677 - acc: 0.8073
 608/1424 [===========>..................] - ETA: 3s - loss: 0.5676 - acc: 0.8076
 640/1424 [============>.................] - ETA: 3s - loss: 0.5784 - acc: 0.8016
 672/1424 [=============>................] - ETA: 3s - loss: 0.5779 - acc: 0.7991
 704/1424 [=============>................] - ETA: 3s - loss: 0.5793 - acc: 0.7898
 736/1424 [==============>...............] - ETA: 3s - loss: 0.5768 - acc: 0.7935
 768/1424 [===============>..............] - ETA: 2s - loss: 0.5770 - acc: 0.7878
 800/1424 [===============>..............] - ETA: 2s - loss: 0.5774 - acc: 0.7913
 832/1424 [================>.............] - ETA: 2s - loss: 0.5758 - acc: 0.7933
 864/1424 [=================>............] - ETA: 2s - loss: 0.5727 - acc: 0.7975
 896/1424 [=================>............] - ETA: 2s - loss: 0.5723 - acc: 0.7980
 928/1424 [==================>...........] - ETA: 2s - loss: 0.5727 - acc: 0.7963
 960/1424 [===================>..........] - ETA: 2s - loss: 0.5689 - acc: 0.8010
 992/1424 [===================>..........] - ETA: 1s - loss: 0.5746 - acc: 0.7964
1024/1424 [====================>.........] - ETA: 1s - loss: 0.5738 - acc: 0.7969
1056/1424 [=====================>........] - ETA: 1s - loss: 0.5751 - acc: 0.7945
1088/1424 [=====================>........] - ETA: 1s - loss: 0.5755 - acc: 0.7923
1120/1424 [======================>.......] - ETA: 1s - loss: 0.5742 - acc: 0.7920
1152/1424 [=======================>......] - ETA: 1s - loss: 0.5740 - acc: 0.7925
1184/1424 [=======================>......] - ETA: 1s - loss: 0.5722 - acc: 0.7931
1216/1424 [========================>.....] - ETA: 0s - loss: 0.5727 - acc: 0.7928
1248/1424 [=========================>....] - ETA: 0s - loss: 0.5713 - acc: 0.7933
1280/1424 [=========================>....] - ETA: 0s - loss: 0.5710 - acc: 0.7906
1312/1424 [==========================>...] - ETA: 0s - loss: 0.5692 - acc: 0.7927
1344/1424 [===========================>..] - ETA: 0s - loss: 0.5693 - acc: 0.7932
1376/1424 [===========================>..] - ETA: 0s - loss: 0.5679 - acc: 0.7951
1408/1424 [============================>.] - ETA: 0s - loss: 0.5669 - acc: 0.7955
1424/1424 [==============================] - 9s 6ms/step - loss: 0.5664 - acc: 0.7956 - val_loss: 0.5272 - val_acc: 0.8333
Epoch 6/1000

  32/1424 [..............................] - ETA: 6s - loss: 0.5090 - acc: 0.8750
  64/1424 [>.............................] - ETA: 5s - loss: 0.5073 - acc: 0.8750
  96/1424 [=>............................] - ETA: 5s - loss: 0.5039 - acc: 0.8646
 128/1424 [=>............................] - ETA: 5s - loss: 0.5585 - acc: 0.8281
 160/1424 [==>...........................] - ETA: 5s - loss: 0.5440 - acc: 0.8250
 192/1424 [===>..........................] - ETA: 5s - loss: 0.5453 - acc: 0.8073
 224/1424 [===>..........................] - ETA: 5s - loss: 0.5385 - acc: 0.8080
 256/1424 [====>.........................] - ETA: 5s - loss: 0.5440 - acc: 0.8008
 288/1424 [=====>........................] - ETA: 4s - loss: 0.5315 - acc: 0.8056
 320/1424 [=====>........................] - ETA: 4s - loss: 0.5382 - acc: 0.7937
 352/1424 [======>.......................] - ETA: 4s - loss: 0.5331 - acc: 0.7955
 384/1424 [=======>......................] - ETA: 4s - loss: 0.5277 - acc: 0.8047
 416/1424 [=======>......................] - ETA: 4s - loss: 0.5250 - acc: 0.8053
 448/1424 [========>.....................] - ETA: 4s - loss: 0.5291 - acc: 0.8103
 480/1424 [=========>....................] - ETA: 4s - loss: 0.5301 - acc: 0.8063
 512/1424 [=========>....................] - ETA: 3s - loss: 0.5273 - acc: 0.8105
 544/1424 [==========>...................] - ETA: 3s - loss: 0.5236 - acc: 0.8107
 576/1424 [===========>..................] - ETA: 3s - loss: 0.5166 - acc: 0.8142
 608/1424 [===========>..................] - ETA: 3s - loss: 0.5116 - acc: 0.8141
 640/1424 [============>.................] - ETA: 3s - loss: 0.5094 - acc: 0.8172
 672/1424 [=============>................] - ETA: 3s - loss: 0.5156 - acc: 0.8125
 704/1424 [=============>................] - ETA: 3s - loss: 0.5233 - acc: 0.8097
 736/1424 [==============>...............] - ETA: 3s - loss: 0.5293 - acc: 0.8084
 768/1424 [===============>..............] - ETA: 2s - loss: 0.5276 - acc: 0.8112
 800/1424 [===============>..............] - ETA: 2s - loss: 0.5259 - acc: 0.8150
 832/1424 [================>.............] - ETA: 2s - loss: 0.5205 - acc: 0.8173
 864/1424 [=================>............] - ETA: 2s - loss: 0.5180 - acc: 0.8171
 896/1424 [=================>............] - ETA: 2s - loss: 0.5186 - acc: 0.8136
 928/1424 [==================>...........] - ETA: 2s - loss: 0.5182 - acc: 0.8168
 960/1424 [===================>..........] - ETA: 2s - loss: 0.5188 - acc: 0.8156
 992/1424 [===================>..........] - ETA: 1s - loss: 0.5218 - acc: 0.8155
1024/1424 [====================>.........] - ETA: 1s - loss: 0.5183 - acc: 0.8164
1056/1424 [=====================>........] - ETA: 1s - loss: 0.5180 - acc: 0.8172
1088/1424 [=====================>........] - ETA: 1s - loss: 0.5173 - acc: 0.8189
1120/1424 [======================>.......] - ETA: 1s - loss: 0.5154 - acc: 0.8214
1152/1424 [=======================>......] - ETA: 1s - loss: 0.5299 - acc: 0.8186
1184/1424 [=======================>......] - ETA: 1s - loss: 0.5295 - acc: 0.8184
1216/1424 [========================>.....] - ETA: 0s - loss: 0.5274 - acc: 0.8199
1248/1424 [=========================>....] - ETA: 0s - loss: 0.5271 - acc: 0.8189
1280/1424 [=========================>....] - ETA: 0s - loss: 0.5264 - acc: 0.8180
1312/1424 [==========================>...] - ETA: 0s - loss: 0.5253 - acc: 0.8186
1344/1424 [===========================>..] - ETA: 0s - loss: 0.5226 - acc: 0.8222
1376/1424 [===========================>..] - ETA: 0s - loss: 0.5223 - acc: 0.8241
1408/1424 [============================>.] - ETA: 0s - loss: 0.5223 - acc: 0.8232
1424/1424 [==============================] - 9s 6ms/step - loss: 0.5235 - acc: 0.8230 - val_loss: 0.4788 - val_acc: 0.8475
Epoch 7/1000

  32/1424 [..............................] - ETA: 6s - loss: 0.4925 - acc: 0.8438
  64/1424 [>.............................] - ETA: 5s - loss: 0.5223 - acc: 0.8281
  96/1424 [=>............................] - ETA: 5s - loss: 0.5201 - acc: 0.8333
 128/1424 [=>............................] - ETA: 5s - loss: 0.5014 - acc: 0.8516
 160/1424 [==>...........................] - ETA: 5s - loss: 0.4718 - acc: 0.8562
 192/1424 [===>..........................] - ETA: 5s - loss: 0.4840 - acc: 0.8438
 224/1424 [===>..........................] - ETA: 5s - loss: 0.4806 - acc: 0.8482
 256/1424 [====>.........................] - ETA: 5s - loss: 0.4811 - acc: 0.8438
 288/1424 [=====>........................] - ETA: 4s - loss: 0.4728 - acc: 0.8472
 320/1424 [=====>........................] - ETA: 4s - loss: 0.4764 - acc: 0.8406
 352/1424 [======>.......................] - ETA: 4s - loss: 0.5018 - acc: 0.8409
 384/1424 [=======>......................] - ETA: 4s - loss: 0.4969 - acc: 0.8490
 416/1424 [=======>......................] - ETA: 4s - loss: 0.4944 - acc: 0.8438
 448/1424 [========>.....................] - ETA: 4s - loss: 0.4903 - acc: 0.8438
 480/1424 [=========>....................] - ETA: 4s - loss: 0.4987 - acc: 0.8396
 512/1424 [=========>....................] - ETA: 3s - loss: 0.4979 - acc: 0.8398
 544/1424 [==========>...................] - ETA: 3s - loss: 0.4981 - acc: 0.8401
 576/1424 [===========>..................] - ETA: 3s - loss: 0.4945 - acc: 0.8438
 608/1424 [===========>..................] - ETA: 3s - loss: 0.4951 - acc: 0.8388
 640/1424 [============>.................] - ETA: 3s - loss: 0.4932 - acc: 0.8375
 672/1424 [=============>................] - ETA: 3s - loss: 0.4914 - acc: 0.8378
 704/1424 [=============>................] - ETA: 3s - loss: 0.4873 - acc: 0.8409
 736/1424 [==============>...............] - ETA: 3s - loss: 0.4853 - acc: 0.8438
 768/1424 [===============>..............] - ETA: 2s - loss: 0.4839 - acc: 0.8451
 800/1424 [===============>..............] - ETA: 2s - loss: 0.4833 - acc: 0.8438
 832/1424 [================>.............] - ETA: 2s - loss: 0.4866 - acc: 0.8389
 864/1424 [=================>............] - ETA: 2s - loss: 0.4859 - acc: 0.8391
 896/1424 [=================>............] - ETA: 2s - loss: 0.4816 - acc: 0.8404
 928/1424 [==================>...........] - ETA: 2s - loss: 0.4817 - acc: 0.8394
 960/1424 [===================>..........] - ETA: 2s - loss: 0.4833 - acc: 0.8406
 992/1424 [===================>..........] - ETA: 1s - loss: 0.4846 - acc: 0.8397
1024/1424 [====================>.........] - ETA: 1s - loss: 0.4880 - acc: 0.8369
1056/1424 [=====================>........] - ETA: 1s - loss: 0.4855 - acc: 0.8400
1088/1424 [=====================>........] - ETA: 1s - loss: 0.4815 - acc: 0.8419
1120/1424 [======================>.......] - ETA: 1s - loss: 0.4789 - acc: 0.8411
1152/1424 [=======================>......] - ETA: 1s - loss: 0.4750 - acc: 0.8429
1184/1424 [=======================>......] - ETA: 1s - loss: 0.4771 - acc: 0.8395
1216/1424 [========================>.....] - ETA: 0s - loss: 0.4766 - acc: 0.8388
1248/1424 [=========================>....] - ETA: 0s - loss: 0.4763 - acc: 0.8357
1280/1424 [=========================>....] - ETA: 0s - loss: 0.4752 - acc: 0.8352
1312/1424 [==========================>...] - ETA: 0s - loss: 0.4750 - acc: 0.8338
1344/1424 [===========================>..] - ETA: 0s - loss: 0.4756 - acc: 0.8333
1376/1424 [===========================>..] - ETA: 0s - loss: 0.4747 - acc: 0.8336
1408/1424 [============================>.] - ETA: 0s - loss: 0.4783 - acc: 0.8317
1424/1424 [==============================] - 9s 6ms/step - loss: 0.4783 - acc: 0.8322 - val_loss: 0.4273 - val_acc: 0.8291
Epoch 8/1000

  32/1424 [..............................] - ETA: 6s - loss: 0.3549 - acc: 0.8750
  64/1424 [>.............................] - ETA: 5s - loss: 0.4252 - acc: 0.8125
  96/1424 [=>............................] - ETA: 5s - loss: 0.4143 - acc: 0.8229
 128/1424 [=>............................] - ETA: 5s - loss: 0.3924 - acc: 0.8359
 160/1424 [==>...........................] - ETA: 5s - loss: 0.4060 - acc: 0.8313
 192/1424 [===>..........................] - ETA: 5s - loss: 0.4166 - acc: 0.8281
 224/1424 [===>..........................] - ETA: 5s - loss: 0.4132 - acc: 0.8304
 256/1424 [====>.........................] - ETA: 5s - loss: 0.4248 - acc: 0.8203
 288/1424 [=====>........................] - ETA: 4s - loss: 0.4288 - acc: 0.8090
 320/1424 [=====>........................] - ETA: 4s - loss: 0.4157 - acc: 0.8156
 352/1424 [======>.......................] - ETA: 4s - loss: 0.4148 - acc: 0.8153
 384/1424 [=======>......................] - ETA: 4s - loss: 0.4220 - acc: 0.8125
 416/1424 [=======>......................] - ETA: 4s - loss: 0.4245 - acc: 0.8149
 448/1424 [========>.....................] - ETA: 4s - loss: 0.4231 - acc: 0.8170
 480/1424 [=========>....................] - ETA: 4s - loss: 0.4244 - acc: 0.8187
 512/1424 [=========>....................] - ETA: 3s - loss: 0.4259 - acc: 0.8223
 544/1424 [==========>...................] - ETA: 3s - loss: 0.4298 - acc: 0.8235
 576/1424 [===========>..................] - ETA: 3s - loss: 0.4219 - acc: 0.8299
 608/1424 [===========>..................] - ETA: 3s - loss: 0.4194 - acc: 0.8306
 640/1424 [============>.................] - ETA: 3s - loss: 0.4121 - acc: 0.8344
 672/1424 [=============>................] - ETA: 3s - loss: 0.4198 - acc: 0.8318
 704/1424 [=============>................] - ETA: 3s - loss: 0.4186 - acc: 0.8338
 736/1424 [==============>...............] - ETA: 2s - loss: 0.4146 - acc: 0.8356
 768/1424 [===============>..............] - ETA: 2s - loss: 0.4130 - acc: 0.8333
 800/1424 [===============>..............] - ETA: 2s - loss: 0.4104 - acc: 0.8313
 832/1424 [================>.............] - ETA: 2s - loss: 0.4092 - acc: 0.8317
 864/1424 [=================>............] - ETA: 2s - loss: 0.4157 - acc: 0.8299
 896/1424 [=================>............] - ETA: 2s - loss: 0.4215 - acc: 0.8237
 928/1424 [==================>...........] - ETA: 2s - loss: 0.4226 - acc: 0.8222
 960/1424 [===================>..........] - ETA: 2s - loss: 0.4380 - acc: 0.8208
 992/1424 [===================>..........] - ETA: 1s - loss: 0.4385 - acc: 0.8185
1024/1424 [====================>.........] - ETA: 1s - loss: 0.4405 - acc: 0.8154
1056/1424 [=====================>........] - ETA: 1s - loss: 0.4440 - acc: 0.8163
1088/1424 [=====================>........] - ETA: 1s - loss: 0.4463 - acc: 0.8125
1120/1424 [======================>.......] - ETA: 1s - loss: 0.4452 - acc: 0.8125
1152/1424 [=======================>......] - ETA: 1s - loss: 0.4436 - acc: 0.8125
1184/1424 [=======================>......] - ETA: 1s - loss: 0.4413 - acc: 0.8117
1216/1424 [========================>.....] - ETA: 0s - loss: 0.4411 - acc: 0.8117
1248/1424 [=========================>....] - ETA: 0s - loss: 0.4447 - acc: 0.8093
1280/1424 [=========================>....] - ETA: 0s - loss: 0.4438 - acc: 0.8086
1312/1424 [==========================>...] - ETA: 0s - loss: 0.4400 - acc: 0.8117
1344/1424 [===========================>..] - ETA: 0s - loss: 0.4359 - acc: 0.8132
1376/1424 [===========================>..] - ETA: 0s - loss: 0.4342 - acc: 0.8154
1408/1424 [============================>.] - ETA: 0s - loss: 0.4344 - acc: 0.8146
1424/1424 [==============================] - 9s 6ms/step - loss: 0.4319 - acc: 0.8167 - val_loss: 0.4040 - val_acc: 0.8517
Epoch 9/1000

  32/1424 [..............................] - ETA: 6s - loss: 0.4398 - acc: 0.8125
  64/1424 [>.............................] - ETA: 5s - loss: 0.4350 - acc: 0.7969
  96/1424 [=>............................] - ETA: 5s - loss: 0.3975 - acc: 0.8229
 128/1424 [=>............................] - ETA: 5s - loss: 0.4266 - acc: 0.8281
 160/1424 [==>...........................] - ETA: 5s - loss: 0.4239 - acc: 0.8187
 192/1424 [===>..........................] - ETA: 5s - loss: 0.4116 - acc: 0.8281
 224/1424 [===>..........................] - ETA: 5s - loss: 0.4200 - acc: 0.8214
 256/1424 [====>.........................] - ETA: 5s - loss: 0.4391 - acc: 0.8047
 288/1424 [=====>........................] - ETA: 4s - loss: 0.4358 - acc: 0.8056
 320/1424 [=====>........................] - ETA: 4s - loss: 0.4550 - acc: 0.7875
 352/1424 [======>.......................] - ETA: 4s - loss: 0.4565 - acc: 0.7869
 384/1424 [=======>......................] - ETA: 4s - loss: 0.4502 - acc: 0.7865
 416/1424 [=======>......................] - ETA: 4s - loss: 0.4391 - acc: 0.7957
 448/1424 [========>.....................] - ETA: 4s - loss: 0.4622 - acc: 0.7924
 480/1424 [=========>....................] - ETA: 4s - loss: 0.4614 - acc: 0.7958
 512/1424 [=========>....................] - ETA: 3s - loss: 0.4518 - acc: 0.8027
 544/1424 [==========>...................] - ETA: 3s - loss: 0.4475 - acc: 0.8051
 576/1424 [===========>..................] - ETA: 3s - loss: 0.4415 - acc: 0.8108
 608/1424 [===========>..................] - ETA: 3s - loss: 0.4416 - acc: 0.8109
 640/1424 [============>.................] - ETA: 3s - loss: 0.4394 - acc: 0.8125
 672/1424 [=============>................] - ETA: 3s - loss: 0.4390 - acc: 0.8095
 704/1424 [=============>................] - ETA: 3s - loss: 0.4384 - acc: 0.8097
 736/1424 [==============>...............] - ETA: 3s - loss: 0.4324 - acc: 0.8139
 768/1424 [===============>..............] - ETA: 2s - loss: 0.4320 - acc: 0.8138
 800/1424 [===============>..............] - ETA: 2s - loss: 0.4296 - acc: 0.8175
 832/1424 [================>.............] - ETA: 2s - loss: 0.4264 - acc: 0.8185
 864/1424 [=================>............] - ETA: 2s - loss: 0.4269 - acc: 0.8194
 896/1424 [=================>............] - ETA: 2s - loss: 0.4240 - acc: 0.8225
 928/1424 [==================>...........] - ETA: 2s - loss: 0.4215 - acc: 0.8254
 960/1424 [===================>..........] - ETA: 2s - loss: 0.4201 - acc: 0.8250
 992/1424 [===================>..........] - ETA: 1s - loss: 0.4159 - acc: 0.8276
1024/1424 [====================>.........] - ETA: 1s - loss: 0.4140 - acc: 0.8281
1056/1424 [=====================>........] - ETA: 1s - loss: 0.4111 - acc: 0.8295
1088/1424 [=====================>........] - ETA: 1s - loss: 0.4073 - acc: 0.8318
1120/1424 [======================>.......] - ETA: 1s - loss: 0.4060 - acc: 0.8321
1152/1424 [=======================>......] - ETA: 1s - loss: 0.4055 - acc: 0.8325
1184/1424 [=======================>......] - ETA: 1s - loss: 0.4064 - acc: 0.8311
1216/1424 [========================>.....] - ETA: 0s - loss: 0.4097 - acc: 0.8289
1248/1424 [=========================>....] - ETA: 0s - loss: 0.4136 - acc: 0.8293
1280/1424 [=========================>....] - ETA: 0s - loss: 0.4120 - acc: 0.8305
1312/1424 [==========================>...] - ETA: 0s - loss: 0.4103 - acc: 0.8316
1344/1424 [===========================>..] - ETA: 0s - loss: 0.4156 - acc: 0.8304
1376/1424 [===========================>..] - ETA: 0s - loss: 0.4164 - acc: 0.8307
1408/1424 [============================>.] - ETA: 0s - loss: 0.4188 - acc: 0.8281
1424/1424 [==============================] - 9s 6ms/step - loss: 0.4250 - acc: 0.8279 - val_loss: 0.4266 - val_acc: 0.8489
Epoch 10/1000

  32/1424 [..............................] - ETA: 6s - loss: 0.4697 - acc: 0.8438
  64/1424 [>.............................] - ETA: 6s - loss: 0.5084 - acc: 0.7812
  96/1424 [=>............................] - ETA: 5s - loss: 0.4863 - acc: 0.7917
 128/1424 [=>............................] - ETA: 5s - loss: 0.4493 - acc: 0.8359
 160/1424 [==>...........................] - ETA: 5s - loss: 0.4615 - acc: 0.8250
 192/1424 [===>..........................] - ETA: 5s - loss: 0.4877 - acc: 0.8021
 224/1424 [===>..........................] - ETA: 5s - loss: 0.4844 - acc: 0.8080
 256/1424 [====>.........................] - ETA: 5s - loss: 0.4839 - acc: 0.8008
 288/1424 [=====>........................] - ETA: 4s - loss: 0.4770 - acc: 0.8056
 320/1424 [=====>........................] - ETA: 4s - loss: 0.4789 - acc: 0.8063
 352/1424 [======>.......................] - ETA: 4s - loss: 0.4780 - acc: 0.8125
 384/1424 [=======>......................] - ETA: 4s - loss: 0.4789 - acc: 0.8125
 416/1424 [=======>......................] - ETA: 4s - loss: 0.4773 - acc: 0.8173
 448/1424 [========>.....................] - ETA: 4s - loss: 0.4766 - acc: 0.8170
 480/1424 [=========>....................] - ETA: 4s - loss: 0.4783 - acc: 0.8146
 512/1424 [=========>....................] - ETA: 3s - loss: 0.4824 - acc: 0.8125
 544/1424 [==========>...................] - ETA: 3s - loss: 0.4838 - acc: 0.8143
 576/1424 [===========>..................] - ETA: 3s - loss: 0.4819 - acc: 0.8194
 608/1424 [===========>..................] - ETA: 3s - loss: 0.4865 - acc: 0.8125
 640/1424 [============>.................] - ETA: 3s - loss: 0.4828 - acc: 0.8172
 672/1424 [=============>................] - ETA: 3s - loss: 0.4871 - acc: 0.8140
 704/1424 [=============>................] - ETA: 3s - loss: 0.4820 - acc: 0.8182
 736/1424 [==============>...............] - ETA: 2s - loss: 0.4802 - acc: 0.8193
 768/1424 [===============>..............] - ETA: 2s - loss: 0.4763 - acc: 0.8242
 800/1424 [===============>..............] - ETA: 2s - loss: 0.4752 - acc: 0.8237
 832/1424 [================>.............] - ETA: 2s - loss: 0.4733 - acc: 0.8233
 864/1424 [=================>............] - ETA: 2s - loss: 0.4700 - acc: 0.8264
 896/1424 [=================>............] - ETA: 2s - loss: 0.4690 - acc: 0.8292
 928/1424 [==================>...........] - ETA: 2s - loss: 0.4683 - acc: 0.8265
 960/1424 [===================>..........] - ETA: 2s - loss: 0.4688 - acc: 0.8281
 992/1424 [===================>..........] - ETA: 1s - loss: 0.4707 - acc: 0.8266
1024/1424 [====================>.........] - ETA: 1s - loss: 0.4737 - acc: 0.8213
1056/1424 [=====================>........] - ETA: 1s - loss: 0.4714 - acc: 0.8229
1088/1424 [=====================>........] - ETA: 1s - loss: 0.4707 - acc: 0.8217
1120/1424 [======================>.......] - ETA: 1s - loss: 0.4696 - acc: 0.8232
1152/1424 [=======================>......] - ETA: 1s - loss: 0.4695 - acc: 0.8229
1184/1424 [=======================>......] - ETA: 1s - loss: 0.4677 - acc: 0.8235
1216/1424 [========================>.....] - ETA: 0s - loss: 0.4639 - acc: 0.8257
1248/1424 [=========================>....] - ETA: 0s - loss: 0.4626 - acc: 0.8245
1280/1424 [=========================>....] - ETA: 0s - loss: 0.4607 - acc: 0.8258
1312/1424 [==========================>...] - ETA: 0s - loss: 0.4611 - acc: 0.8247
1344/1424 [===========================>..] - ETA: 0s - loss: 0.4583 - acc: 0.8259
1376/1424 [===========================>..] - ETA: 0s - loss: 0.4589 - acc: 0.8270
1408/1424 [============================>.] - ETA: 0s - loss: 0.4587 - acc: 0.8260
1424/1424 [==============================] - 9s 6ms/step - loss: 0.4576 - acc: 0.8272 - val_loss: 0.4312 - val_acc: 0.8249
Epoch 11/1000

  32/1424 [..............................] - ETA: 6s - loss: 0.4365 - acc: 0.8438
  64/1424 [>.............................] - ETA: 5s - loss: 0.4993 - acc: 0.8125
  96/1424 [=>............................] - ETA: 5s - loss: 0.5170 - acc: 0.7604
 128/1424 [=>............................] - ETA: 5s - loss: 0.4985 - acc: 0.7812
 160/1424 [==>...........................] - ETA: 5s - loss: 0.4958 - acc: 0.7688
 192/1424 [===>..........................] - ETA: 5s - loss: 0.4675 - acc: 0.7969
 224/1424 [===>..........................] - ETA: 5s - loss: 0.4946 - acc: 0.7589
 256/1424 [====>.........................] - ETA: 5s - loss: 0.4853 - acc: 0.7734
 288/1424 [=====>........................] - ETA: 4s - loss: 0.4692 - acc: 0.7882
 320/1424 [=====>........................] - ETA: 4s - loss: 0.4667 - acc: 0.7937
 352/1424 [======>.......................] - ETA: 4s - loss: 0.4664 - acc: 0.7926
 384/1424 [=======>......................] - ETA: 4s - loss: 0.4512 - acc: 0.8021
 416/1424 [=======>......................] - ETA: 4s - loss: 0.4484 - acc: 0.8005
 448/1424 [========>.....................] - ETA: 4s - loss: 0.4497 - acc: 0.8058
 480/1424 [=========>....................] - ETA: 4s - loss: 0.4395 - acc: 0.8104
 512/1424 [=========>....................] - ETA: 3s - loss: 0.4355 - acc: 0.8125
 544/1424 [==========>...................] - ETA: 3s - loss: 0.4315 - acc: 0.8143
 576/1424 [===========>..................] - ETA: 3s - loss: 0.4210 - acc: 0.8212
 608/1424 [===========>..................] - ETA: 3s - loss: 0.4177 - acc: 0.8224
 640/1424 [============>.................] - ETA: 3s - loss: 0.4196 - acc: 0.8234
 672/1424 [=============>................] - ETA: 3s - loss: 0.4247 - acc: 0.8199
 704/1424 [=============>................] - ETA: 3s - loss: 0.4182 - acc: 0.8239
 736/1424 [==============>...............] - ETA: 2s - loss: 0.4182 - acc: 0.8247
 768/1424 [===============>..............] - ETA: 2s - loss: 0.4158 - acc: 0.8281
 800/1424 [===============>..............] - ETA: 2s - loss: 0.4140 - acc: 0.8287
 832/1424 [================>.............] - ETA: 2s - loss: 0.4291 - acc: 0.8269
 864/1424 [=================>............] - ETA: 2s - loss: 0.4250 - acc: 0.8287
 896/1424 [=================>............] - ETA: 2s - loss: 0.4284 - acc: 0.8248
 928/1424 [==================>...........] - ETA: 2s - loss: 0.4292 - acc: 0.8233
 960/1424 [===================>..........] - ETA: 2s - loss: 0.4285 - acc: 0.8240
 992/1424 [===================>..........] - ETA: 1s - loss: 0.4304 - acc: 0.8226
1024/1424 [====================>.........] - ETA: 1s - loss: 0.4304 - acc: 0.8223
1056/1424 [=====================>........] - ETA: 1s - loss: 0.4286 - acc: 0.8220
1088/1424 [=====================>........] - ETA: 1s - loss: 0.4297 - acc: 0.8199
1120/1424 [======================>.......] - ETA: 1s - loss: 0.4328 - acc: 0.8161
1152/1424 [=======================>......] - ETA: 1s - loss: 0.4296 - acc: 0.8177
1184/1424 [=======================>......] - ETA: 1s - loss: 0.4247 - acc: 0.8209
1216/1424 [========================>.....] - ETA: 0s - loss: 0.4226 - acc: 0.8224
1248/1424 [=========================>....] - ETA: 0s - loss: 0.4223 - acc: 0.8229
1280/1424 [=========================>....] - ETA: 0s - loss: 0.4220 - acc: 0.8250
1312/1424 [==========================>...] - ETA: 0s - loss: 0.4208 - acc: 0.8255
1344/1424 [===========================>..] - ETA: 0s - loss: 0.4225 - acc: 0.8244
1376/1424 [===========================>..] - ETA: 0s - loss: 0.4230 - acc: 0.8234
1408/1424 [============================>.] - ETA: 0s - loss: 0.4254 - acc: 0.8210
1424/1424 [==============================] - 9s 6ms/step - loss: 0.4265 - acc: 0.8195 - val_loss: 0.3799 - val_acc: 0.8531
Epoch 12/1000

  32/1424 [..............................] - ETA: 6s - loss: 0.5426 - acc: 0.7812
  64/1424 [>.............................] - ETA: 5s - loss: 0.4092 - acc: 0.8438
  96/1424 [=>............................] - ETA: 5s - loss: 0.3919 - acc: 0.8646
 128/1424 [=>............................] - ETA: 5s - loss: 0.3844 - acc: 0.8750
 160/1424 [==>...........................] - ETA: 5s - loss: 0.3869 - acc: 0.8750
 192/1424 [===>..........................] - ETA: 5s - loss: 0.3762 - acc: 0.8750
 224/1424 [===>..........................] - ETA: 5s - loss: 0.3743 - acc: 0.8661
 256/1424 [====>.........................] - ETA: 5s - loss: 0.3943 - acc: 0.8555
 288/1424 [=====>........................] - ETA: 4s - loss: 0.4058 - acc: 0.8472
 320/1424 [=====>........................] - ETA: 4s - loss: 0.3992 - acc: 0.8500
 352/1424 [======>.......................] - ETA: 4s - loss: 0.3878 - acc: 0.8580
 384/1424 [=======>......................] - ETA: 4s - loss: 0.3996 - acc: 0.8464
 416/1424 [=======>......................] - ETA: 4s - loss: 0.3938 - acc: 0.8486
 448/1424 [========>.....................] - ETA: 4s - loss: 0.3824 - acc: 0.8549
 480/1424 [=========>....................] - ETA: 4s - loss: 0.3814 - acc: 0.8542
 512/1424 [=========>....................] - ETA: 3s - loss: 0.3822 - acc: 0.8516
 544/1424 [==========>...................] - ETA: 3s - loss: 0.3873 - acc: 0.8529
 576/1424 [===========>..................] - ETA: 3s - loss: 0.3787 - acc: 0.8559
 608/1424 [===========>..................] - ETA: 3s - loss: 0.3871 - acc: 0.8536
 640/1424 [============>.................] - ETA: 3s - loss: 0.3947 - acc: 0.8500
 672/1424 [=============>................] - ETA: 3s - loss: 0.3928 - acc: 0.8512
 704/1424 [=============>................] - ETA: 3s - loss: 0.3956 - acc: 0.8480
 736/1424 [==============>...............] - ETA: 3s - loss: 0.3958 - acc: 0.8478
 768/1424 [===============>..............] - ETA: 2s - loss: 0.3959 - acc: 0.8438
 800/1424 [===============>..............] - ETA: 2s - loss: 0.3947 - acc: 0.8438
 832/1424 [================>.............] - ETA: 2s - loss: 0.3975 - acc: 0.8425
 864/1424 [=================>............] - ETA: 2s - loss: 0.3932 - acc: 0.8449
 896/1424 [=================>............] - ETA: 2s - loss: 0.3937 - acc: 0.8426
 928/1424 [==================>...........] - ETA: 2s - loss: 0.3913 - acc: 0.8438
 960/1424 [===================>..........] - ETA: 2s - loss: 0.3929 - acc: 0.8406
 992/1424 [===================>..........] - ETA: 1s - loss: 0.3981 - acc: 0.8387
1024/1424 [====================>.........] - ETA: 1s - loss: 0.3965 - acc: 0.8398
1056/1424 [=====================>........] - ETA: 1s - loss: 0.3976 - acc: 0.8400
1088/1424 [=====================>........] - ETA: 1s - loss: 0.3941 - acc: 0.8419
1120/1424 [======================>.......] - ETA: 1s - loss: 0.3905 - acc: 0.8429
1152/1424 [=======================>......] - ETA: 1s - loss: 0.3861 - acc: 0.8455
1184/1424 [=======================>......] - ETA: 1s - loss: 0.3895 - acc: 0.8429
1216/1424 [========================>.....] - ETA: 0s - loss: 0.3881 - acc: 0.8454
1248/1424 [=========================>....] - ETA: 0s - loss: 0.3900 - acc: 0.8438
1280/1424 [=========================>....] - ETA: 0s - loss: 0.3882 - acc: 0.8438
1312/1424 [==========================>...] - ETA: 0s - loss: 0.3926 - acc: 0.8438
1344/1424 [===========================>..] - ETA: 0s - loss: 0.3898 - acc: 0.8452
1376/1424 [===========================>..] - ETA: 0s - loss: 0.3892 - acc: 0.8445
1408/1424 [============================>.] - ETA: 0s - loss: 0.3932 - acc: 0.8423
1424/1424 [==============================] - 9s 6ms/step - loss: 0.3950 - acc: 0.8420 - val_loss: 0.3616 - val_acc: 0.8602
Epoch 13/1000

  32/1424 [..............................] - ETA: 6s - loss: 0.4032 - acc: 0.8438
  64/1424 [>.............................] - ETA: 5s - loss: 0.4416 - acc: 0.8125
  96/1424 [=>............................] - ETA: 5s - loss: 0.3863 - acc: 0.8333
 128/1424 [=>............................] - ETA: 5s - loss: 0.3813 - acc: 0.8359
 160/1424 [==>...........................] - ETA: 5s - loss: 0.4019 - acc: 0.8375
 192/1424 [===>..........................] - ETA: 5s - loss: 0.3788 - acc: 0.8490
 224/1424 [===>..........................] - ETA: 5s - loss: 0.3990 - acc: 0.8482
 256/1424 [====>.........................] - ETA: 5s - loss: 0.3967 - acc: 0.8477
 288/1424 [=====>........................] - ETA: 4s - loss: 0.3870 - acc: 0.8507
 320/1424 [=====>........................] - ETA: 4s - loss: 0.4194 - acc: 0.8344
 352/1424 [======>.......................] - ETA: 4s - loss: 0.4152 - acc: 0.8295
 384/1424 [=======>......................] - ETA: 4s - loss: 0.4099 - acc: 0.8307
 416/1424 [=======>......................] - ETA: 4s - loss: 0.4096 - acc: 0.8293
 448/1424 [========>.....................] - ETA: 4s - loss: 0.4084 - acc: 0.8259
 480/1424 [=========>....................] - ETA: 4s - loss: 0.4114 - acc: 0.8208
 512/1424 [=========>....................] - ETA: 3s - loss: 0.4146 - acc: 0.8184
 544/1424 [==========>...................] - ETA: 3s - loss: 0.4123 - acc: 0.8217
 576/1424 [===========>..................] - ETA: 3s - loss: 0.4114 - acc: 0.8229
 608/1424 [===========>..................] - ETA: 3s - loss: 0.4024 - acc: 0.8289
 640/1424 [============>.................] - ETA: 3s - loss: 0.3949 - acc: 0.8344
 672/1424 [=============>................] - ETA: 3s - loss: 0.3901 - acc: 0.8393
 704/1424 [=============>................] - ETA: 3s - loss: 0.3907 - acc: 0.8366
 736/1424 [==============>...............] - ETA: 3s - loss: 0.3880 - acc: 0.8410
 768/1424 [===============>..............] - ETA: 2s - loss: 0.3833 - acc: 0.8438
 800/1424 [===============>..............] - ETA: 2s - loss: 0.3884 - acc: 0.8400
 832/1424 [================>.............] - ETA: 2s - loss: 0.3890 - acc: 0.8389
 864/1424 [=================>............] - ETA: 2s - loss: 0.3903 - acc: 0.8380
 896/1424 [=================>............] - ETA: 2s - loss: 0.3863 - acc: 0.8415
 928/1424 [==================>...........] - ETA: 2s - loss: 0.3900 - acc: 0.8373
 960/1424 [===================>..........] - ETA: 2s - loss: 0.3929 - acc: 0.8333
 992/1424 [===================>..........] - ETA: 1s - loss: 0.3938 - acc: 0.8337
1024/1424 [====================>.........] - ETA: 1s - loss: 0.3979 - acc: 0.8320
1056/1424 [=====================>........] - ETA: 1s - loss: 0.3957 - acc: 0.8324
1088/1424 [=====================>........] - ETA: 1s - loss: 0.3939 - acc: 0.8336
1120/1424 [======================>.......] - ETA: 1s - loss: 0.3898 - acc: 0.8357
1152/1424 [=======================>......] - ETA: 1s - loss: 0.3908 - acc: 0.8359
1184/1424 [=======================>......] - ETA: 1s - loss: 0.3867 - acc: 0.8378
1216/1424 [========================>.....] - ETA: 0s - loss: 0.3816 - acc: 0.8405
1248/1424 [=========================>....] - ETA: 0s - loss: 0.3863 - acc: 0.8405
1280/1424 [=========================>....] - ETA: 0s - loss: 0.3867 - acc: 0.8398
1312/1424 [==========================>...] - ETA: 0s - loss: 0.3872 - acc: 0.8384
1344/1424 [===========================>..] - ETA: 0s - loss: 0.3871 - acc: 0.8385
1376/1424 [===========================>..] - ETA: 0s - loss: 0.3875 - acc: 0.8379
1408/1424 [============================>.] - ETA: 0s - loss: 0.3937 - acc: 0.8345
1424/1424 [==============================] - 9s 6ms/step - loss: 0.3929 - acc: 0.8343 - val_loss: 0.3587 - val_acc: 0.8573
Epoch 14/1000

  32/1424 [..............................] - ETA: 6s - loss: 0.3630 - acc: 0.8125
  64/1424 [>.............................] - ETA: 5s - loss: 0.3834 - acc: 0.8125
  96/1424 [=>............................] - ETA: 5s - loss: 0.4422 - acc: 0.8021
 128/1424 [=>............................] - ETA: 5s - loss: 0.4348 - acc: 0.8125
 160/1424 [==>...........................] - ETA: 5s - loss: 0.4174 - acc: 0.8125
 192/1424 [===>..........................] - ETA: 5s - loss: 0.4186 - acc: 0.8177
 224/1424 [===>..........................] - ETA: 5s - loss: 0.3928 - acc: 0.8348
 256/1424 [====>.........................] - ETA: 5s - loss: 0.4034 - acc: 0.8320
 288/1424 [=====>........................] - ETA: 4s - loss: 0.4202 - acc: 0.8264
 320/1424 [=====>........................] - ETA: 4s - loss: 0.4165 - acc: 0.8313
 352/1424 [======>.......................] - ETA: 4s - loss: 0.4058 - acc: 0.8324
 384/1424 [=======>......................] - ETA: 4s - loss: 0.4095 - acc: 0.8307
 416/1424 [=======>......................] - ETA: 4s - loss: 0.3983 - acc: 0.8341
 448/1424 [========>.....................] - ETA: 4s - loss: 0.4083 - acc: 0.8348
 480/1424 [=========>....................] - ETA: 4s - loss: 0.4105 - acc: 0.8313
 512/1424 [=========>....................] - ETA: 3s - loss: 0.4014 - acc: 0.8359
 544/1424 [==========>...................] - ETA: 3s - loss: 0.4019 - acc: 0.8327
 576/1424 [===========>..................] - ETA: 3s - loss: 0.3934 - acc: 0.8385
 608/1424 [===========>..................] - ETA: 3s - loss: 0.3945 - acc: 0.8388
 640/1424 [============>.................] - ETA: 3s - loss: 0.3961 - acc: 0.8375
 672/1424 [=============>................] - ETA: 3s - loss: 0.3906 - acc: 0.8423
 704/1424 [=============>................] - ETA: 3s - loss: 0.3890 - acc: 0.8438
 736/1424 [==============>...............] - ETA: 2s - loss: 0.3894 - acc: 0.8410
 768/1424 [===============>..............] - ETA: 2s - loss: 0.3924 - acc: 0.8411
 800/1424 [===============>..............] - ETA: 2s - loss: 0.3908 - acc: 0.8413
 832/1424 [================>.............] - ETA: 2s - loss: 0.3925 - acc: 0.8377
 864/1424 [=================>............] - ETA: 2s - loss: 0.3900 - acc: 0.8414
 896/1424 [=================>............] - ETA: 2s - loss: 0.3890 - acc: 0.8438
 928/1424 [==================>...........] - ETA: 2s - loss: 0.3899 - acc: 0.8427
 960/1424 [===================>..........] - ETA: 2s - loss: 0.3980 - acc: 0.8365
 992/1424 [===================>..........] - ETA: 1s - loss: 0.3983 - acc: 0.8367
1024/1424 [====================>.........] - ETA: 1s - loss: 0.3970 - acc: 0.8369
1056/1424 [=====================>........] - ETA: 1s - loss: 0.3999 - acc: 0.8333
1088/1424 [=====================>........] - ETA: 1s - loss: 0.3991 - acc: 0.8327
1120/1424 [======================>.......] - ETA: 1s - loss: 0.3977 - acc: 0.8330
1152/1424 [=======================>......] - ETA: 1s - loss: 0.4036 - acc: 0.8299
1184/1424 [=======================>......] - ETA: 1s - loss: 0.4008 - acc: 0.8319
1216/1424 [========================>.....] - ETA: 0s - loss: 0.4029 - acc: 0.8314
1248/1424 [=========================>....] - ETA: 0s - loss: 0.4018 - acc: 0.8333
1280/1424 [=========================>....] - ETA: 0s - loss: 0.4032 - acc: 0.8328
1312/1424 [==========================>...] - ETA: 0s - loss: 0.4022 - acc: 0.8316
1344/1424 [===========================>..] - ETA: 0s - loss: 0.4035 - acc: 0.8304
1376/1424 [===========================>..] - ETA: 0s - loss: 0.4020 - acc: 0.8314
1408/1424 [============================>.] - ETA: 0s - loss: 0.4000 - acc: 0.8331
1424/1424 [==============================] - 9s 6ms/step - loss: 0.4008 - acc: 0.8315 - val_loss: 0.3644 - val_acc: 0.8573
Epoch 15/1000

  32/1424 [..............................] - ETA: 6s - loss: 0.4689 - acc: 0.8125
  64/1424 [>.............................] - ETA: 5s - loss: 0.4331 - acc: 0.8281
  96/1424 [=>............................] - ETA: 5s - loss: 0.3948 - acc: 0.8438
 128/1424 [=>............................] - ETA: 5s - loss: 0.3859 - acc: 0.8359
 160/1424 [==>...........................] - ETA: 5s - loss: 0.3966 - acc: 0.8313
 192/1424 [===>..........................] - ETA: 5s - loss: 0.3811 - acc: 0.8438
 224/1424 [===>..........................] - ETA: 5s - loss: 0.4063 - acc: 0.8304
 256/1424 [====>.........................] - ETA: 5s - loss: 0.3883 - acc: 0.8438
 288/1424 [=====>........................] - ETA: 4s - loss: 0.4047 - acc: 0.8333
 320/1424 [=====>........................] - ETA: 4s - loss: 0.3936 - acc: 0.8375
 352/1424 [======>.......................] - ETA: 4s - loss: 0.4487 - acc: 0.8267
 384/1424 [=======>......................] - ETA: 4s - loss: 0.4338 - acc: 0.8281
 416/1424 [=======>......................] - ETA: 4s - loss: 0.4287 - acc: 0.8317
 448/1424 [========>.....................] - ETA: 4s - loss: 0.4320 - acc: 0.8304
 480/1424 [=========>....................] - ETA: 4s - loss: 0.4278 - acc: 0.8333
 512/1424 [=========>....................] - ETA: 3s - loss: 0.4340 - acc: 0.8281
 544/1424 [==========>...................] - ETA: 3s - loss: 0.4390 - acc: 0.8290
 576/1424 [===========>..................] - ETA: 3s - loss: 0.4295 - acc: 0.8299
 608/1424 [===========>..................] - ETA: 3s - loss: 0.4324 - acc: 0.8240
 640/1424 [============>.................] - ETA: 3s - loss: 0.4518 - acc: 0.8266
 672/1424 [=============>................] - ETA: 3s - loss: 0.4473 - acc: 0.8244
 704/1424 [=============>................] - ETA: 3s - loss: 0.4506 - acc: 0.8224
 736/1424 [==============>...............] - ETA: 3s - loss: 0.4648 - acc: 0.8166
 768/1424 [===============>..............] - ETA: 2s - loss: 0.4551 - acc: 0.8203
 800/1424 [===============>..............] - ETA: 2s - loss: 0.4522 - acc: 0.8187
 832/1424 [================>.............] - ETA: 2s - loss: 0.4561 - acc: 0.8149
 864/1424 [=================>............] - ETA: 2s - loss: 0.4560 - acc: 0.8160
 896/1424 [=================>............] - ETA: 2s - loss: 0.4522 - acc: 0.8170
 928/1424 [==================>...........] - ETA: 2s - loss: 0.4495 - acc: 0.8157
 960/1424 [===================>..........] - ETA: 2s - loss: 0.4478 - acc: 0.8156
 992/1424 [===================>..........] - ETA: 1s - loss: 0.4429 - acc: 0.8185
1024/1424 [====================>.........] - ETA: 1s - loss: 0.4405 - acc: 0.8193
1056/1424 [=====================>........] - ETA: 1s - loss: 0.4360 - acc: 0.8220
1088/1424 [=====================>........] - ETA: 1s - loss: 0.4356 - acc: 0.8189
1120/1424 [======================>.......] - ETA: 1s - loss: 0.4355 - acc: 0.8179
1152/1424 [=======================>......] - ETA: 1s - loss: 0.4306 - acc: 0.8212
1184/1424 [=======================>......] - ETA: 1s - loss: 0.4283 - acc: 0.8226
1216/1424 [========================>.....] - ETA: 0s - loss: 0.4260 - acc: 0.8240
1248/1424 [=========================>....] - ETA: 0s - loss: 0.4235 - acc: 0.8253
1280/1424 [=========================>....] - ETA: 0s - loss: 0.4227 - acc: 0.8250
1312/1424 [==========================>...] - ETA: 0s - loss: 0.4187 - acc: 0.8270
1344/1424 [===========================>..] - ETA: 0s - loss: 0.4169 - acc: 0.8281
1376/1424 [===========================>..] - ETA: 0s - loss: 0.4141 - acc: 0.8299
1408/1424 [============================>.] - ETA: 0s - loss: 0.4125 - acc: 0.8310
1424/1424 [==============================] - 9s 6ms/step - loss: 0.4135 - acc: 0.8301 - val_loss: 0.3656 - val_acc: 0.8602
Epoch 16/1000

  32/1424 [..............................] - ETA: 6s - loss: 0.3100 - acc: 0.8750
  64/1424 [>.............................] - ETA: 5s - loss: 0.4365 - acc: 0.7969
  96/1424 [=>............................] - ETA: 5s - loss: 0.5072 - acc: 0.7708
 128/1424 [=>............................] - ETA: 5s - loss: 0.4896 - acc: 0.7812
 160/1424 [==>...........................] - ETA: 5s - loss: 0.4571 - acc: 0.8000
 192/1424 [===>..........................] - ETA: 5s - loss: 0.4446 - acc: 0.8125
 224/1424 [===>..........................] - ETA: 5s - loss: 0.4300 - acc: 0.8170
 256/1424 [====>.........................] - ETA: 5s - loss: 0.4349 - acc: 0.8125
 288/1424 [=====>........................] - ETA: 4s - loss: 0.4072 - acc: 0.8333
 320/1424 [=====>........................] - ETA: 4s - loss: 0.3909 - acc: 0.8469
 352/1424 [======>.......................] - ETA: 4s - loss: 0.4103 - acc: 0.8438
 384/1424 [=======>......................] - ETA: 4s - loss: 0.4238 - acc: 0.8333
 416/1424 [=======>......................] - ETA: 4s - loss: 0.4290 - acc: 0.8317
 448/1424 [========>.....................] - ETA: 4s - loss: 0.4189 - acc: 0.8348
 480/1424 [=========>....................] - ETA: 4s - loss: 0.4070 - acc: 0.8396
 512/1424 [=========>....................] - ETA: 3s - loss: 0.3965 - acc: 0.8438
 544/1424 [==========>...................] - ETA: 3s - loss: 0.3926 - acc: 0.8456
 576/1424 [===========>..................] - ETA: 3s - loss: 0.3943 - acc: 0.8455
 608/1424 [===========>..................] - ETA: 3s - loss: 0.3921 - acc: 0.8454
 640/1424 [============>.................] - ETA: 3s - loss: 0.3960 - acc: 0.8406
 672/1424 [=============>................] - ETA: 3s - loss: 0.3866 - acc: 0.8452
 704/1424 [=============>................] - ETA: 3s - loss: 0.3820 - acc: 0.8466
 736/1424 [==============>...............] - ETA: 3s - loss: 0.3752 - acc: 0.8505
 768/1424 [===============>..............] - ETA: 2s - loss: 0.3718 - acc: 0.8529
 800/1424 [===============>..............] - ETA: 2s - loss: 0.3697 - acc: 0.8550
 832/1424 [================>.............] - ETA: 2s - loss: 0.3740 - acc: 0.8522
 864/1424 [=================>............] - ETA: 2s - loss: 0.3754 - acc: 0.8519
 896/1424 [=================>............] - ETA: 2s - loss: 0.3774 - acc: 0.8493
 928/1424 [==================>...........] - ETA: 2s - loss: 0.3971 - acc: 0.8459
 960/1424 [===================>..........] - ETA: 2s - loss: 0.3955 - acc: 0.8469
 992/1424 [===================>..........] - ETA: 1s - loss: 0.3927 - acc: 0.8478
1024/1424 [====================>.........] - ETA: 1s - loss: 0.3858 - acc: 0.8516
1056/1424 [=====================>........] - ETA: 1s - loss: 0.3860 - acc: 0.8513
1088/1424 [=====================>........] - ETA: 1s - loss: 0.3799 - acc: 0.8539
1120/1424 [======================>.......] - ETA: 1s - loss: 0.3777 - acc: 0.8536
1152/1424 [=======================>......] - ETA: 1s - loss: 0.3940 - acc: 0.8498
1184/1424 [=======================>......] - ETA: 1s - loss: 0.3916 - acc: 0.8497
1216/1424 [========================>.....] - ETA: 0s - loss: 0.3941 - acc: 0.8495
1248/1424 [=========================>....] - ETA: 0s - loss: 0.3945 - acc: 0.8494
1280/1424 [=========================>....] - ETA: 0s - loss: 0.4031 - acc: 0.8508
1312/1424 [==========================>...] - ETA: 0s - loss: 0.3989 - acc: 0.8529
1344/1424 [===========================>..] - ETA: 0s - loss: 0.4091 - acc: 0.8512
1376/1424 [===========================>..] - ETA: 0s - loss: 0.4170 - acc: 0.8488
1408/1424 [============================>.] - ETA: 0s - loss: 0.4152 - acc: 0.8501
1424/1424 [==============================] - 9s 6ms/step - loss: 0.4170 - acc: 0.8490 - val_loss: 0.3893 - val_acc: 0.8672
Epoch 17/1000

  32/1424 [..............................] - ETA: 6s - loss: 0.3892 - acc: 0.8438
  64/1424 [>.............................] - ETA: 5s - loss: 0.4234 - acc: 0.8438
  96/1424 [=>............................] - ETA: 5s - loss: 0.3905 - acc: 0.8542
 128/1424 [=>............................] - ETA: 5s - loss: 0.3822 - acc: 0.8594
 160/1424 [==>...........................] - ETA: 5s - loss: 0.3865 - acc: 0.8562
 192/1424 [===>..........................] - ETA: 5s - loss: 0.3739 - acc: 0.8646
 224/1424 [===>..........................] - ETA: 5s - loss: 0.3877 - acc: 0.8527
 256/1424 [====>.........................] - ETA: 5s - loss: 0.4050 - acc: 0.8398
 288/1424 [=====>........................] - ETA: 4s - loss: 0.4223 - acc: 0.8264
 320/1424 [=====>........................] - ETA: 4s - loss: 0.4112 - acc: 0.8313
 352/1424 [======>.......................] - ETA: 4s - loss: 0.3967 - acc: 0.8352
 384/1424 [=======>......................] - ETA: 4s - loss: 0.4049 - acc: 0.8359
 416/1424 [=======>......................] - ETA: 4s - loss: 0.4010 - acc: 0.8389
 448/1424 [========>.....................] - ETA: 4s - loss: 0.3970 - acc: 0.8371
 480/1424 [=========>....................] - ETA: 4s - loss: 0.4003 - acc: 0.8333
 512/1424 [=========>....................] - ETA: 3s - loss: 0.4026 - acc: 0.8359
 544/1424 [==========>...................] - ETA: 3s - loss: 0.4042 - acc: 0.8364
 576/1424 [===========>..................] - ETA: 3s - loss: 0.3952 - acc: 0.8403
 608/1424 [===========>..................] - ETA: 3s - loss: 0.3924 - acc: 0.8421
 640/1424 [============>.................] - ETA: 3s - loss: 0.3957 - acc: 0.8391
 672/1424 [=============>................] - ETA: 3s - loss: 0.4004 - acc: 0.8363
 704/1424 [=============>................] - ETA: 3s - loss: 0.3999 - acc: 0.8352
 736/1424 [==============>...............] - ETA: 2s - loss: 0.3956 - acc: 0.8410
 768/1424 [===============>..............] - ETA: 2s - loss: 0.3927 - acc: 0.8385
 800/1424 [===============>..............] - ETA: 2s - loss: 0.3882 - acc: 0.8400
 832/1424 [================>.............] - ETA: 2s - loss: 0.3853 - acc: 0.8425
 864/1424 [=================>............] - ETA: 2s - loss: 0.3913 - acc: 0.8391
 896/1424 [=================>............] - ETA: 2s - loss: 0.3939 - acc: 0.8359
 928/1424 [==================>...........] - ETA: 2s - loss: 0.3914 - acc: 0.8373
 960/1424 [===================>..........] - ETA: 2s - loss: 0.3892 - acc: 0.8375
 992/1424 [===================>..........] - ETA: 1s - loss: 0.3929 - acc: 0.8347
1024/1424 [====================>.........] - ETA: 1s - loss: 0.3906 - acc: 0.8369
1056/1424 [=====================>........] - ETA: 1s - loss: 0.3876 - acc: 0.8381
1088/1424 [=====================>........] - ETA: 1s - loss: 0.3850 - acc: 0.8392
1120/1424 [======================>.......] - ETA: 1s - loss: 0.3865 - acc: 0.8375
1152/1424 [=======================>......] - ETA: 1s - loss: 0.3870 - acc: 0.8359
1184/1424 [=======================>......] - ETA: 1s - loss: 0.3860 - acc: 0.8353
1216/1424 [========================>.....] - ETA: 0s - loss: 0.3838 - acc: 0.8363
1248/1424 [=========================>....] - ETA: 0s - loss: 0.3854 - acc: 0.8357
1280/1424 [=========================>....] - ETA: 0s - loss: 0.3840 - acc: 0.8367
1312/1424 [==========================>...] - ETA: 0s - loss: 0.3850 - acc: 0.8369
1344/1424 [===========================>..] - ETA: 0s - loss: 0.3818 - acc: 0.8400
1376/1424 [===========================>..] - ETA: 0s - loss: 0.3822 - acc: 0.8394
1408/1424 [============================>.] - ETA: 0s - loss: 0.3813 - acc: 0.8395
1424/1424 [==============================] - 9s 6ms/step - loss: 0.3817 - acc: 0.8378 - val_loss: 0.3799 - val_acc: 0.8644
Epoch 18/1000

  32/1424 [..............................] - ETA: 6s - loss: 0.3250 - acc: 0.8750
  64/1424 [>.............................] - ETA: 6s - loss: 0.3437 - acc: 0.8750
  96/1424 [=>............................] - ETA: 5s - loss: 0.3249 - acc: 0.8750
 128/1424 [=>............................] - ETA: 5s - loss: 0.3669 - acc: 0.8594
 160/1424 [==>...........................] - ETA: 5s - loss: 0.3668 - acc: 0.8562
 192/1424 [===>..........................] - ETA: 5s - loss: 0.3532 - acc: 0.8698
 224/1424 [===>..........................] - ETA: 5s - loss: 0.3509 - acc: 0.8705
 256/1424 [====>.........................] - ETA: 5s - loss: 0.3371 - acc: 0.8711
 288/1424 [=====>........................] - ETA: 4s - loss: 0.3543 - acc: 0.8646
 320/1424 [=====>........................] - ETA: 4s - loss: 0.3510 - acc: 0.8656
 352/1424 [======>.......................] - ETA: 4s - loss: 0.3501 - acc: 0.8636
 384/1424 [=======>......................] - ETA: 4s - loss: 0.3623 - acc: 0.8594
 416/1424 [=======>......................] - ETA: 4s - loss: 0.3657 - acc: 0.8582
 448/1424 [========>.....................] - ETA: 4s - loss: 0.3599 - acc: 0.8594
 480/1424 [=========>....................] - ETA: 4s - loss: 0.3683 - acc: 0.8542
 512/1424 [=========>....................] - ETA: 3s - loss: 0.3630 - acc: 0.8555
 544/1424 [==========>...................] - ETA: 3s - loss: 0.3639 - acc: 0.8529
 576/1424 [===========>..................] - ETA: 3s - loss: 0.3594 - acc: 0.8559
 608/1424 [===========>..................] - ETA: 3s - loss: 0.3616 - acc: 0.8553
 640/1424 [============>.................] - ETA: 3s - loss: 0.3626 - acc: 0.8547
 672/1424 [=============>................] - ETA: 3s - loss: 0.3566 - acc: 0.8571
 704/1424 [=============>................] - ETA: 3s - loss: 0.3530 - acc: 0.8608
 736/1424 [==============>...............] - ETA: 3s - loss: 0.3590 - acc: 0.8573
 768/1424 [===============>..............] - ETA: 2s - loss: 0.3628 - acc: 0.8568
 800/1424 [===============>..............] - ETA: 2s - loss: 0.3622 - acc: 0.8562
 832/1424 [================>.............] - ETA: 2s - loss: 0.3683 - acc: 0.8522
 864/1424 [=================>............] - ETA: 2s - loss: 0.3722 - acc: 0.8507
 896/1424 [=================>............] - ETA: 2s - loss: 0.3719 - acc: 0.8516
 928/1424 [==================>...........] - ETA: 2s - loss: 0.3695 - acc: 0.8524
 960/1424 [===================>..........] - ETA: 2s - loss: 0.3735 - acc: 0.8510
 992/1424 [===================>..........] - ETA: 1s - loss: 0.3742 - acc: 0.8518
1024/1424 [====================>.........] - ETA: 1s - loss: 0.3723 - acc: 0.8516
1056/1424 [=====================>........] - ETA: 1s - loss: 0.3731 - acc: 0.8532
1088/1424 [=====================>........] - ETA: 1s - loss: 0.3710 - acc: 0.8529
1120/1424 [======================>.......] - ETA: 1s - loss: 0.3698 - acc: 0.8527
1152/1424 [=======================>......] - ETA: 1s - loss: 0.3709 - acc: 0.8516
1184/1424 [=======================>......] - ETA: 1s - loss: 0.3692 - acc: 0.8522
1216/1424 [========================>.....] - ETA: 0s - loss: 0.3731 - acc: 0.8495
1248/1424 [=========================>....] - ETA: 0s - loss: 0.3785 - acc: 0.8462
1280/1424 [=========================>....] - ETA: 0s - loss: 0.3786 - acc: 0.8461
1312/1424 [==========================>...] - ETA: 0s - loss: 0.3837 - acc: 0.8422
1344/1424 [===========================>..] - ETA: 0s - loss: 0.3865 - acc: 0.8385
1376/1424 [===========================>..] - ETA: 0s - loss: 0.3882 - acc: 0.8365
1408/1424 [============================>.] - ETA: 0s - loss: 0.3945 - acc: 0.8317
1424/1424 [==============================] - 9s 6ms/step - loss: 0.3937 - acc: 0.8329 - val_loss: 0.5379 - val_acc: 0.7119
Epoch 19/1000

  32/1424 [..............................] - ETA: 6s - loss: 0.3727 - acc: 0.8125
  64/1424 [>.............................] - ETA: 5s - loss: 0.5892 - acc: 0.6719
  96/1424 [=>............................] - ETA: 5s - loss: 0.6160 - acc: 0.6667
 128/1424 [=>............................] - ETA: 5s - loss: 0.5833 - acc: 0.6953
 160/1424 [==>...........................] - ETA: 5s - loss: 0.5999 - acc: 0.7063
 192/1424 [===>..........................] - ETA: 5s - loss: 0.5853 - acc: 0.7083
 224/1424 [===>..........................] - ETA: 5s - loss: 0.5640 - acc: 0.7188
 256/1424 [====>.........................] - ETA: 5s - loss: 0.5542 - acc: 0.7305
 288/1424 [=====>........................] - ETA: 4s - loss: 0.5439 - acc: 0.7396
 320/1424 [=====>........................] - ETA: 4s - loss: 0.5415 - acc: 0.7375
 352/1424 [======>.......................] - ETA: 4s - loss: 0.5370 - acc: 0.7415
 384/1424 [=======>......................] - ETA: 4s - loss: 0.5298 - acc: 0.7474
 416/1424 [=======>......................] - ETA: 4s - loss: 0.5290 - acc: 0.7476
 448/1424 [========>.....................] - ETA: 4s - loss: 0.5269 - acc: 0.7522
 480/1424 [=========>....................] - ETA: 4s - loss: 0.5222 - acc: 0.7542
 512/1424 [=========>....................] - ETA: 3s - loss: 0.5156 - acc: 0.7617
 544/1424 [==========>...................] - ETA: 3s - loss: 0.5158 - acc: 0.7610
 576/1424 [===========>..................] - ETA: 3s - loss: 0.5141 - acc: 0.7656
 608/1424 [===========>..................] - ETA: 3s - loss: 0.5183 - acc: 0.7582
 640/1424 [============>.................] - ETA: 3s - loss: 0.5124 - acc: 0.7625
 672/1424 [=============>................] - ETA: 3s - loss: 0.5081 - acc: 0.7693
 704/1424 [=============>................] - ETA: 3s - loss: 0.5093 - acc: 0.7670
 736/1424 [==============>...............] - ETA: 2s - loss: 0.5079 - acc: 0.7677
 768/1424 [===============>..............] - ETA: 2s - loss: 0.5023 - acc: 0.7734
 800/1424 [===============>..............] - ETA: 2s - loss: 0.5026 - acc: 0.7700
 832/1424 [================>.............] - ETA: 2s - loss: 0.4983 - acc: 0.7740
 864/1424 [=================>............] - ETA: 2s - loss: 0.5006 - acc: 0.7731
 896/1424 [=================>............] - ETA: 2s - loss: 0.4965 - acc: 0.7779
 928/1424 [==================>...........] - ETA: 2s - loss: 0.5090 - acc: 0.7812
 960/1424 [===================>..........] - ETA: 2s - loss: 0.5050 - acc: 0.7833
 992/1424 [===================>..........] - ETA: 1s - loss: 0.5023 - acc: 0.7863
1024/1424 [====================>.........] - ETA: 1s - loss: 0.4971 - acc: 0.7891
1056/1424 [=====================>........] - ETA: 1s - loss: 0.4959 - acc: 0.7888
1088/1424 [=====================>........] - ETA: 1s - loss: 0.4953 - acc: 0.7904
1120/1424 [======================>.......] - ETA: 1s - loss: 0.4944 - acc: 0.7902
1152/1424 [=======================>......] - ETA: 1s - loss: 0.4909 - acc: 0.7925
1184/1424 [=======================>......] - ETA: 1s - loss: 0.4889 - acc: 0.7931
1216/1424 [========================>.....] - ETA: 0s - loss: 0.4975 - acc: 0.7961
1248/1424 [=========================>....] - ETA: 0s - loss: 0.4948 - acc: 0.7981
1280/1424 [=========================>....] - ETA: 0s - loss: 0.4912 - acc: 0.8016
1312/1424 [==========================>...] - ETA: 0s - loss: 0.4893 - acc: 0.8026
1344/1424 [===========================>..] - ETA: 0s - loss: 0.4839 - acc: 0.8065
1376/1424 [===========================>..] - ETA: 0s - loss: 0.4809 - acc: 0.8067
1408/1424 [============================>.] - ETA: 0s - loss: 0.4774 - acc: 0.8097
1424/1424 [==============================] - 9s 6ms/step - loss: 0.4786 - acc: 0.8076 - val_loss: 0.4132 - val_acc: 0.8362
Epoch 20/1000

  32/1424 [..............................] - ETA: 5s - loss: 0.3564 - acc: 0.8125
  64/1424 [>.............................] - ETA: 5s - loss: 0.4039 - acc: 0.7812
  96/1424 [=>............................] - ETA: 5s - loss: 0.4346 - acc: 0.7604
 128/1424 [=>............................] - ETA: 5s - loss: 0.4568 - acc: 0.7578
 160/1424 [==>...........................] - ETA: 5s - loss: 0.5665 - acc: 0.7500
 192/1424 [===>..........................] - ETA: 5s - loss: 0.5459 - acc: 0.7656
 224/1424 [===>..........................] - ETA: 5s - loss: 0.5129 - acc: 0.7857
 256/1424 [====>.........................] - ETA: 5s - loss: 0.4956 - acc: 0.7930
 288/1424 [=====>........................] - ETA: 4s - loss: 0.4761 - acc: 0.7986
 320/1424 [=====>........................] - ETA: 4s - loss: 0.4813 - acc: 0.7875
 352/1424 [======>.......................] - ETA: 4s - loss: 0.4742 - acc: 0.7926
 384/1424 [=======>......................] - ETA: 4s - loss: 0.4645 - acc: 0.8021
 416/1424 [=======>......................] - ETA: 4s - loss: 0.4605 - acc: 0.8029
 448/1424 [========>.....................] - ETA: 4s - loss: 0.4567 - acc: 0.8058
 480/1424 [=========>....................] - ETA: 4s - loss: 0.4484 - acc: 0.8104
 512/1424 [=========>....................] - ETA: 3s - loss: 0.4504 - acc: 0.8086
 544/1424 [==========>...................] - ETA: 3s - loss: 0.4516 - acc: 0.8051
 576/1424 [===========>..................] - ETA: 3s - loss: 0.4514 - acc: 0.8056
 608/1424 [===========>..................] - ETA: 3s - loss: 0.4481 - acc: 0.8092
 640/1424 [============>.................] - ETA: 3s - loss: 0.4496 - acc: 0.8109
 672/1424 [=============>................] - ETA: 3s - loss: 0.4425 - acc: 0.8170
 704/1424 [=============>................] - ETA: 3s - loss: 0.4355 - acc: 0.8224
 736/1424 [==============>...............] - ETA: 3s - loss: 0.4327 - acc: 0.8261
 768/1424 [===============>..............] - ETA: 2s - loss: 0.4331 - acc: 0.8268
 800/1424 [===============>..............] - ETA: 2s - loss: 0.4264 - acc: 0.8300
 832/1424 [================>.............] - ETA: 2s - loss: 0.4248 - acc: 0.8305
 864/1424 [=================>............] - ETA: 2s - loss: 0.4202 - acc: 0.8333
 896/1424 [=================>............] - ETA: 2s - loss: 0.4148 - acc: 0.8359
 928/1424 [==================>...........] - ETA: 2s - loss: 0.4139 - acc: 0.8341
 960/1424 [===================>..........] - ETA: 2s - loss: 0.4140 - acc: 0.8323
 992/1424 [===================>..........] - ETA: 1s - loss: 0.4083 - acc: 0.8357
1024/1424 [====================>.........] - ETA: 1s - loss: 0.4026 - acc: 0.8389
1056/1424 [=====================>........] - ETA: 1s - loss: 0.4250 - acc: 0.8362
1088/1424 [=====================>........] - ETA: 1s - loss: 0.4233 - acc: 0.8355
1120/1424 [======================>.......] - ETA: 1s - loss: 0.4224 - acc: 0.8366
1152/1424 [=======================>......] - ETA: 1s - loss: 0.4322 - acc: 0.8368
1184/1424 [=======================>......] - ETA: 1s - loss: 0.4290 - acc: 0.8378
1216/1424 [========================>.....] - ETA: 0s - loss: 0.4273 - acc: 0.8388
1248/1424 [=========================>....] - ETA: 0s - loss: 0.4275 - acc: 0.8405
1280/1424 [=========================>....] - ETA: 0s - loss: 0.4305 - acc: 0.8398
1312/1424 [==========================>...] - ETA: 0s - loss: 0.4284 - acc: 0.8407
1344/1424 [===========================>..] - ETA: 0s - loss: 0.4277 - acc: 0.8393
1376/1424 [===========================>..] - ETA: 0s - loss: 0.4301 - acc: 0.8358
1408/1424 [============================>.] - ETA: 0s - loss: 0.4260 - acc: 0.8381
1424/1424 [==============================] - 9s 6ms/step - loss: 0.4258 - acc: 0.8364 - val_loss: 0.3929 - val_acc: 0.8376
Epoch 21/1000

  32/1424 [..............................] - ETA: 6s - loss: 0.2991 - acc: 0.9688
  64/1424 [>.............................] - ETA: 5s - loss: 0.3589 - acc: 0.8906
  96/1424 [=>............................] - ETA: 5s - loss: 0.4439 - acc: 0.8229
 128/1424 [=>............................] - ETA: 5s - loss: 0.4105 - acc: 0.8359
 160/1424 [==>...........................] - ETA: 5s - loss: 0.3884 - acc: 0.8438
 192/1424 [===>..........................] - ETA: 5s - loss: 0.3672 - acc: 0.8542
 224/1424 [===>..........................] - ETA: 5s - loss: 0.3876 - acc: 0.8527
 256/1424 [====>.........................] - ETA: 5s - loss: 0.4069 - acc: 0.8438
 288/1424 [=====>........................] - ETA: 4s - loss: 0.4022 - acc: 0.8438
 320/1424 [=====>........................] - ETA: 4s - loss: 0.3980 - acc: 0.8438
 352/1424 [======>.......................] - ETA: 4s - loss: 0.3939 - acc: 0.8466
 384/1424 [=======>......................] - ETA: 4s - loss: 0.4057 - acc: 0.8411
 416/1424 [=======>......................] - ETA: 4s - loss: 0.4014 - acc: 0.8438
 448/1424 [========>.....................] - ETA: 4s - loss: 0.3948 - acc: 0.8482
 480/1424 [=========>....................] - ETA: 4s - loss: 0.3920 - acc: 0.8521
 512/1424 [=========>....................] - ETA: 3s - loss: 0.3940 - acc: 0.8516
 544/1424 [==========>...................] - ETA: 3s - loss: 0.3972 - acc: 0.8474
 576/1424 [===========>..................] - ETA: 3s - loss: 0.4197 - acc: 0.8455
 608/1424 [===========>..................] - ETA: 3s - loss: 0.4146 - acc: 0.8470
 640/1424 [============>.................] - ETA: 3s - loss: 0.4160 - acc: 0.8469
 672/1424 [=============>................] - ETA: 3s - loss: 0.4098 - acc: 0.8497
 704/1424 [=============>................] - ETA: 3s - loss: 0.4080 - acc: 0.8494
 736/1424 [==============>...............] - ETA: 3s - loss: 0.4137 - acc: 0.8410
 768/1424 [===============>..............] - ETA: 2s - loss: 0.4125 - acc: 0.8398
 800/1424 [===============>..............] - ETA: 2s - loss: 0.4098 - acc: 0.8400
 832/1424 [================>.............] - ETA: 2s - loss: 0.4270 - acc: 0.8401
 864/1424 [=================>............] - ETA: 2s - loss: 0.4219 - acc: 0.8426
 896/1424 [=================>............] - ETA: 2s - loss: 0.4216 - acc: 0.8426
 928/1424 [==================>...........] - ETA: 2s - loss: 0.4214 - acc: 0.8405
 960/1424 [===================>..........] - ETA: 2s - loss: 0.4227 - acc: 0.8385
 992/1424 [===================>..........] - ETA: 1s - loss: 0.4223 - acc: 0.8367
1024/1424 [====================>.........] - ETA: 1s - loss: 0.4193 - acc: 0.8359
1056/1424 [=====================>........] - ETA: 1s - loss: 0.4145 - acc: 0.8390
1088/1424 [=====================>........] - ETA: 1s - loss: 0.4161 - acc: 0.8373
1120/1424 [======================>.......] - ETA: 1s - loss: 0.4134 - acc: 0.8384
1152/1424 [=======================>......] - ETA: 1s - loss: 0.4112 - acc: 0.8377
1184/1424 [=======================>......] - ETA: 1s - loss: 0.4124 - acc: 0.8361
1216/1424 [========================>.....] - ETA: 0s - loss: 0.4102 - acc: 0.8355
1248/1424 [=========================>....] - ETA: 0s - loss: 0.4087 - acc: 0.8349
1280/1424 [=========================>....] - ETA: 0s - loss: 0.4106 - acc: 0.8336
1312/1424 [==========================>...] - ETA: 0s - loss: 0.4099 - acc: 0.8346
1344/1424 [===========================>..] - ETA: 0s - loss: 0.4060 - acc: 0.8371
1376/1424 [===========================>..] - ETA: 0s - loss: 0.4062 - acc: 0.8358
1408/1424 [============================>.] - ETA: 0s - loss: 0.4045 - acc: 0.8374
1424/1424 [==============================] - 9s 6ms/step - loss: 0.4017 - acc: 0.8385 - val_loss: 0.3639 - val_acc: 0.8545
Epoch 22/1000

  32/1424 [..............................] - ETA: 6s - loss: 0.3371 - acc: 0.9062
  64/1424 [>.............................] - ETA: 5s - loss: 0.2711 - acc: 0.9062
  96/1424 [=>............................] - ETA: 5s - loss: 0.3242 - acc: 0.8646
 128/1424 [=>............................] - ETA: 5s - loss: 0.3201 - acc: 0.8672
 160/1424 [==>...........................] - ETA: 5s - loss: 0.2944 - acc: 0.8812
 192/1424 [===>..........................] - ETA: 5s - loss: 0.2798 - acc: 0.8906
 224/1424 [===>..........................] - ETA: 5s - loss: 0.2765 - acc: 0.8929
 256/1424 [====>.........................] - ETA: 5s - loss: 0.3369 - acc: 0.8828
 288/1424 [=====>........................] - ETA: 4s - loss: 0.3358 - acc: 0.8854
 320/1424 [=====>........................] - ETA: 4s - loss: 0.3523 - acc: 0.8719
 352/1424 [======>.......................] - ETA: 4s - loss: 0.3703 - acc: 0.8636
 384/1424 [=======>......................] - ETA: 4s - loss: 0.3807 - acc: 0.8594
 416/1424 [=======>......................] - ETA: 4s - loss: 0.3777 - acc: 0.8630
 448/1424 [========>.....................] - ETA: 4s - loss: 0.3885 - acc: 0.8549
 480/1424 [=========>....................] - ETA: 4s - loss: 0.3921 - acc: 0.8521
 512/1424 [=========>....................] - ETA: 3s - loss: 0.3941 - acc: 0.8516
 544/1424 [==========>...................] - ETA: 3s - loss: 0.3891 - acc: 0.8529
 576/1424 [===========>..................] - ETA: 3s - loss: 0.3843 - acc: 0.8542
 608/1424 [===========>..................] - ETA: 3s - loss: 0.4001 - acc: 0.8454
 640/1424 [============>.................] - ETA: 3s - loss: 0.3959 - acc: 0.8438
 672/1424 [=============>................] - ETA: 3s - loss: 0.4008 - acc: 0.8393
 704/1424 [=============>................] - ETA: 3s - loss: 0.3973 - acc: 0.8423
 736/1424 [==============>...............] - ETA: 3s - loss: 0.4001 - acc: 0.8383
 768/1424 [===============>..............] - ETA: 2s - loss: 0.3959 - acc: 0.8411
 800/1424 [===============>..............] - ETA: 2s - loss: 0.3979 - acc: 0.8400
 832/1424 [================>.............] - ETA: 2s - loss: 0.3975 - acc: 0.8389
 864/1424 [=================>............] - ETA: 2s - loss: 0.4033 - acc: 0.8356
 896/1424 [=================>............] - ETA: 2s - loss: 0.4031 - acc: 0.8359
 928/1424 [==================>...........] - ETA: 2s - loss: 0.4060 - acc: 0.8330
 960/1424 [===================>..........] - ETA: 2s - loss: 0.4043 - acc: 0.8323
 992/1424 [===================>..........] - ETA: 1s - loss: 0.4009 - acc: 0.8347
1024/1424 [====================>.........] - ETA: 1s - loss: 0.4015 - acc: 0.8340
1056/1424 [=====================>........] - ETA: 1s - loss: 0.4000 - acc: 0.8362
1088/1424 [=====================>........] - ETA: 1s - loss: 0.4000 - acc: 0.8355
1120/1424 [======================>.......] - ETA: 1s - loss: 0.4012 - acc: 0.8357
1152/1424 [=======================>......] - ETA: 1s - loss: 0.3986 - acc: 0.8351
1184/1424 [=======================>......] - ETA: 1s - loss: 0.4008 - acc: 0.8345
1216/1424 [========================>.....] - ETA: 0s - loss: 0.4074 - acc: 0.8273
1248/1424 [=========================>....] - ETA: 0s - loss: 0.4080 - acc: 0.8269
1280/1424 [=========================>....] - ETA: 0s - loss: 0.4039 - acc: 0.8281
1312/1424 [==========================>...] - ETA: 0s - loss: 0.4026 - acc: 0.8285
1344/1424 [===========================>..] - ETA: 0s - loss: 0.4019 - acc: 0.8281
1376/1424 [===========================>..] - ETA: 0s - loss: 0.4056 - acc: 0.8256
1408/1424 [============================>.] - ETA: 0s - loss: 0.4037 - acc: 0.8274
1424/1424 [==============================] - 9s 6ms/step - loss: 0.4039 - acc: 0.8272 - val_loss: 0.3936 - val_acc: 0.8418
Epoch 23/1000

  32/1424 [..............................] - ETA: 6s - loss: 0.3680 - acc: 0.8438
  64/1424 [>.............................] - ETA: 5s - loss: 0.4306 - acc: 0.8281
  96/1424 [=>............................] - ETA: 5s - loss: 0.4399 - acc: 0.8229
 128/1424 [=>............................] - ETA: 5s - loss: 0.4161 - acc: 0.8281
 160/1424 [==>...........................] - ETA: 5s - loss: 0.4310 - acc: 0.8187
 192/1424 [===>..........................] - ETA: 5s - loss: 0.4500 - acc: 0.8229
 224/1424 [===>..........................] - ETA: 5s - loss: 0.4207 - acc: 0.8348
 256/1424 [====>.........................] - ETA: 5s - loss: 0.4415 - acc: 0.8203
 288/1424 [=====>........................] - ETA: 4s - loss: 0.4399 - acc: 0.8229
 320/1424 [=====>........................] - ETA: 4s - loss: 0.4237 - acc: 0.8313
 352/1424 [======>.......................] - ETA: 4s - loss: 0.4249 - acc: 0.8267
 384/1424 [=======>......................] - ETA: 4s - loss: 0.4290 - acc: 0.8255
 416/1424 [=======>......................] - ETA: 4s - loss: 0.4153 - acc: 0.8341
 448/1424 [========>.....................] - ETA: 4s - loss: 0.4051 - acc: 0.8393
 480/1424 [=========>....................] - ETA: 4s - loss: 0.4136 - acc: 0.8313
 512/1424 [=========>....................] - ETA: 3s - loss: 0.4069 - acc: 0.8340
 544/1424 [==========>...................] - ETA: 3s - loss: 0.4173 - acc: 0.8235
 576/1424 [===========>..................] - ETA: 3s - loss: 0.4232 - acc: 0.8212
 608/1424 [===========>..................] - ETA: 3s - loss: 0.4195 - acc: 0.8240
 640/1424 [============>.................] - ETA: 3s - loss: 0.4105 - acc: 0.8281
 672/1424 [=============>................] - ETA: 3s - loss: 0.4049 - acc: 0.8304
 704/1424 [=============>................] - ETA: 3s - loss: 0.4115 - acc: 0.8267
 736/1424 [==============>...............] - ETA: 3s - loss: 0.4123 - acc: 0.8261
 768/1424 [===============>..............] - ETA: 2s - loss: 0.4081 - acc: 0.8294
 800/1424 [===============>..............] - ETA: 2s - loss: 0.4052 - acc: 0.8313
 832/1424 [================>.............] - ETA: 2s - loss: 0.4045 - acc: 0.8293
 864/1424 [=================>............] - ETA: 2s - loss: 0.4000 - acc: 0.8322
 896/1424 [=================>............] - ETA: 2s - loss: 0.3965 - acc: 0.8337
 928/1424 [==================>...........] - ETA: 2s - loss: 0.3969 - acc: 0.8341
 960/1424 [===================>..........] - ETA: 2s - loss: 0.3972 - acc: 0.8344
 992/1424 [===================>..........] - ETA: 1s - loss: 0.3964 - acc: 0.8357
1024/1424 [====================>.........] - ETA: 1s - loss: 0.3933 - acc: 0.8379
1056/1424 [=====================>........] - ETA: 1s - loss: 0.3948 - acc: 0.8371
1088/1424 [=====================>........] - ETA: 1s - loss: 0.3909 - acc: 0.8392
1120/1424 [======================>.......] - ETA: 1s - loss: 0.3953 - acc: 0.8375
1152/1424 [=======================>......] - ETA: 1s - loss: 0.3932 - acc: 0.8394
1184/1424 [=======================>......] - ETA: 1s - loss: 0.3949 - acc: 0.8378
1216/1424 [========================>.....] - ETA: 0s - loss: 0.3936 - acc: 0.8380
1248/1424 [=========================>....] - ETA: 0s - loss: 0.3934 - acc: 0.8381
1280/1424 [=========================>....] - ETA: 0s - loss: 0.3943 - acc: 0.8383
1312/1424 [==========================>...] - ETA: 0s - loss: 0.3901 - acc: 0.8415
1344/1424 [===========================>..] - ETA: 0s - loss: 0.3842 - acc: 0.8438
1376/1424 [===========================>..] - ETA: 0s - loss: 0.3830 - acc: 0.8438
1408/1424 [============================>.] - ETA: 0s - loss: 0.3786 - acc: 0.8466
1424/1424 [==============================] - 9s 6ms/step - loss: 0.3840 - acc: 0.8441 - val_loss: 0.3765 - val_acc: 0.8446

  32/1424 [..............................] - ETA: 5s
  64/1424 [>.............................] - ETA: 4s
  96/1424 [=>............................] - ETA: 4s
 128/1424 [=>............................] - ETA: 4s
 160/1424 [==>...........................] - ETA: 4s
 192/1424 [===>..........................] - ETA: 4s
 224/1424 [===>..........................] - ETA: 4s
 256/1424 [====>.........................] - ETA: 4s
 288/1424 [=====>........................] - ETA: 4s
 320/1424 [=====>........................] - ETA: 3s
 352/1424 [======>.......................] - ETA: 3s
 384/1424 [=======>......................] - ETA: 3s
 416/1424 [=======>......................] - ETA: 3s
 448/1424 [========>.....................] - ETA: 3s
 480/1424 [=========>....................] - ETA: 3s
 512/1424 [=========>....................] - ETA: 3s
 544/1424 [==========>...................] - ETA: 3s
 576/1424 [===========>..................] - ETA: 3s
 608/1424 [===========>..................] - ETA: 2s
 640/1424 [============>.................] - ETA: 2s
 672/1424 [=============>................] - ETA: 2s
 704/1424 [=============>................] - ETA: 2s
 736/1424 [==============>...............] - ETA: 2s
 768/1424 [===============>..............] - ETA: 2s
 800/1424 [===============>..............] - ETA: 2s
 832/1424 [================>.............] - ETA: 2s
 864/1424 [=================>............] - ETA: 2s
 896/1424 [=================>............] - ETA: 1s
 928/1424 [==================>...........] - ETA: 1s
 960/1424 [===================>..........] - ETA: 1s
 992/1424 [===================>..........] - ETA: 1s
1024/1424 [====================>.........] - ETA: 1s
1056/1424 [=====================>........] - ETA: 1s
1088/1424 [=====================>........] - ETA: 1s
1120/1424 [======================>.......] - ETA: 1s
1152/1424 [=======================>......] - ETA: 0s
1184/1424 [=======================>......] - ETA: 0s
1216/1424 [========================>.....] - ETA: 0s
1248/1424 [=========================>....] - ETA: 0s
1280/1424 [=========================>....] - ETA: 0s
1312/1424 [==========================>...] - ETA: 0s
1344/1424 [===========================>..] - ETA: 0s
1376/1424 [===========================>..] - ETA: 0s
1408/1424 [============================>.] - ETA: 0s
1424/1424 [==============================] - 5s 4ms/step
Test acc: 0.8539325842696629
Test auc: 0.9162294060093423
Test mcc: 0.7080439675238747
Execute epoch: 23
Execute time: 210.66550159454346
