_________________________________________________________________
Layer (type)                 Output Shape              Param #   
=================================================================
embedding_1 (Embedding)      (None, None, 128)         2688      
_________________________________________________________________
lstm_1 (LSTM)                (None, None, 64)          49408     
_________________________________________________________________
lstm_2 (LSTM)                (None, None, 64)          33024     
_________________________________________________________________
lstm_3 (LSTM)                (None, 64)                33024     
_________________________________________________________________
dense_1 (Dense)              (None, 16)                1040      
_________________________________________________________________
dense_2 (Dense)              (None, 1)                 17        
=================================================================
Total params: 119,201
Trainable params: 119,201
Non-trainable params: 0
_________________________________________________________________
Train on 1424 samples, validate on 708 samples
Epoch 1/1000

  32/1424 [..............................] - ETA: 2:25 - loss: 0.6932 - acc: 0.4688
  64/1424 [>.............................] - ETA: 1:14 - loss: 0.6931 - acc: 0.5469
  96/1424 [=>............................] - ETA: 50s - loss: 0.6928 - acc: 0.5729 
 128/1424 [=>............................] - ETA: 38s - loss: 0.6930 - acc: 0.5469
 160/1424 [==>...........................] - ETA: 31s - loss: 0.6924 - acc: 0.5687
 192/1424 [===>..........................] - ETA: 26s - loss: 0.6922 - acc: 0.5677
 224/1424 [===>..........................] - ETA: 22s - loss: 0.6921 - acc: 0.5670
 256/1424 [====>.........................] - ETA: 19s - loss: 0.6921 - acc: 0.5625
 288/1424 [=====>........................] - ETA: 17s - loss: 0.6928 - acc: 0.5417
 320/1424 [=====>........................] - ETA: 16s - loss: 0.6930 - acc: 0.5344
 352/1424 [======>.......................] - ETA: 14s - loss: 0.6936 - acc: 0.5170
 384/1424 [=======>......................] - ETA: 13s - loss: 0.6933 - acc: 0.5208
 416/1424 [=======>......................] - ETA: 12s - loss: 0.6930 - acc: 0.5240
 448/1424 [========>.....................] - ETA: 11s - loss: 0.6932 - acc: 0.5179
 480/1424 [=========>....................] - ETA: 10s - loss: 0.6928 - acc: 0.5229
 512/1424 [=========>....................] - ETA: 9s - loss: 0.6930 - acc: 0.5176 
 544/1424 [==========>...................] - ETA: 9s - loss: 0.6930 - acc: 0.5165
 576/1424 [===========>..................] - ETA: 8s - loss: 0.6930 - acc: 0.5122
 608/1424 [===========>..................] - ETA: 7s - loss: 0.6929 - acc: 0.5132
 640/1424 [============>.................] - ETA: 7s - loss: 0.6927 - acc: 0.5156
 672/1424 [=============>................] - ETA: 6s - loss: 0.6927 - acc: 0.5134
 704/1424 [=============>................] - ETA: 6s - loss: 0.6925 - acc: 0.5128
 736/1424 [==============>...............] - ETA: 6s - loss: 0.6925 - acc: 0.5109
 768/1424 [===============>..............] - ETA: 5s - loss: 0.6923 - acc: 0.5104
 800/1424 [===============>..............] - ETA: 5s - loss: 0.6920 - acc: 0.5100
 832/1424 [================>.............] - ETA: 4s - loss: 0.6920 - acc: 0.5084
 864/1424 [=================>............] - ETA: 4s - loss: 0.6916 - acc: 0.5104
 896/1424 [=================>............] - ETA: 4s - loss: 0.6913 - acc: 0.5089
 928/1424 [==================>...........] - ETA: 3s - loss: 0.6912 - acc: 0.5075
 960/1424 [===================>..........] - ETA: 3s - loss: 0.6908 - acc: 0.5052
 992/1424 [===================>..........] - ETA: 3s - loss: 0.6905 - acc: 0.5020
1024/1424 [====================>.........] - ETA: 3s - loss: 0.6897 - acc: 0.5029
1056/1424 [=====================>........] - ETA: 2s - loss: 0.6892 - acc: 0.4972
1088/1424 [=====================>........] - ETA: 2s - loss: 0.6876 - acc: 0.5000
1120/1424 [======================>.......] - ETA: 2s - loss: 0.6859 - acc: 0.5027
1152/1424 [=======================>......] - ETA: 1s - loss: 0.6834 - acc: 0.5052
1184/1424 [=======================>......] - ETA: 1s - loss: 0.6795 - acc: 0.5084
1216/1424 [========================>.....] - ETA: 1s - loss: 0.6793 - acc: 0.5099
1248/1424 [=========================>....] - ETA: 1s - loss: 0.6783 - acc: 0.5128
1280/1424 [=========================>....] - ETA: 0s - loss: 0.6773 - acc: 0.5172
1312/1424 [==========================>...] - ETA: 0s - loss: 0.6757 - acc: 0.5244
1344/1424 [===========================>..] - ETA: 0s - loss: 0.6756 - acc: 0.5290
1376/1424 [===========================>..] - ETA: 0s - loss: 0.6744 - acc: 0.5327
1408/1424 [============================>.] - ETA: 0s - loss: 0.6732 - acc: 0.5384
1424/1424 [==============================] - 12s 9ms/step - loss: 0.6730 - acc: 0.5407 - val_loss: 0.6294 - val_acc: 0.7980
Epoch 2/1000

  32/1424 [..............................] - ETA: 6s - loss: 0.7356 - acc: 0.6875
  64/1424 [>.............................] - ETA: 5s - loss: 0.6727 - acc: 0.7188
  96/1424 [=>............................] - ETA: 5s - loss: 0.6727 - acc: 0.7083
 128/1424 [=>............................] - ETA: 5s - loss: 0.6457 - acc: 0.7500
 160/1424 [==>...........................] - ETA: 5s - loss: 0.6362 - acc: 0.7562
 192/1424 [===>..........................] - ETA: 5s - loss: 0.6154 - acc: 0.7812
 224/1424 [===>..........................] - ETA: 5s - loss: 0.6040 - acc: 0.7812
 256/1424 [====>.........................] - ETA: 5s - loss: 0.5992 - acc: 0.7656
 288/1424 [=====>........................] - ETA: 4s - loss: 0.5906 - acc: 0.7500
 320/1424 [=====>........................] - ETA: 4s - loss: 0.5848 - acc: 0.7344
 352/1424 [======>.......................] - ETA: 4s - loss: 0.6262 - acc: 0.7159
 384/1424 [=======>......................] - ETA: 4s - loss: 0.6622 - acc: 0.7109
 416/1424 [=======>......................] - ETA: 4s - loss: 0.6899 - acc: 0.7043
 448/1424 [========>.....................] - ETA: 4s - loss: 0.6811 - acc: 0.7076
 480/1424 [=========>....................] - ETA: 4s - loss: 0.6761 - acc: 0.7125
 512/1424 [=========>....................] - ETA: 3s - loss: 0.6958 - acc: 0.7188
 544/1424 [==========>...................] - ETA: 3s - loss: 0.6864 - acc: 0.7279
 576/1424 [===========>..................] - ETA: 3s - loss: 0.6799 - acc: 0.7344
 608/1424 [===========>..................] - ETA: 3s - loss: 0.6757 - acc: 0.7368
 640/1424 [============>.................] - ETA: 3s - loss: 0.6652 - acc: 0.7453
 672/1424 [=============>................] - ETA: 3s - loss: 0.6602 - acc: 0.7470
 704/1424 [=============>................] - ETA: 3s - loss: 0.6504 - acc: 0.7528
 736/1424 [==============>...............] - ETA: 2s - loss: 0.6411 - acc: 0.7595
 768/1424 [===============>..............] - ETA: 2s - loss: 0.6603 - acc: 0.7578
 800/1424 [===============>..............] - ETA: 2s - loss: 0.6532 - acc: 0.7638
 832/1424 [================>.............] - ETA: 2s - loss: 0.6482 - acc: 0.7632
 864/1424 [=================>............] - ETA: 2s - loss: 0.6360 - acc: 0.7674
 896/1424 [=================>............] - ETA: 2s - loss: 0.6251 - acc: 0.7712
 928/1424 [==================>...........] - ETA: 2s - loss: 0.6161 - acc: 0.7748
 960/1424 [===================>..........] - ETA: 2s - loss: 0.6413 - acc: 0.7771
 992/1424 [===================>..........] - ETA: 1s - loss: 0.6642 - acc: 0.7762
1024/1424 [====================>.........] - ETA: 1s - loss: 0.7271 - acc: 0.7764
1056/1424 [=====================>........] - ETA: 1s - loss: 0.8184 - acc: 0.7718
1088/1424 [=====================>........] - ETA: 1s - loss: 0.9065 - acc: 0.7675
1120/1424 [======================>.......] - ETA: 1s - loss: 0.9015 - acc: 0.7696
1152/1424 [=======================>......] - ETA: 1s - loss: 0.9233 - acc: 0.7639
1184/1424 [=======================>......] - ETA: 1s - loss: 0.9758 - acc: 0.7601
1216/1424 [========================>.....] - ETA: 0s - loss: 1.0362 - acc: 0.7558
1248/1424 [=========================>....] - ETA: 0s - loss: 1.1020 - acc: 0.7516
1280/1424 [=========================>....] - ETA: 0s - loss: 1.1489 - acc: 0.7453
1312/1424 [==========================>...] - ETA: 0s - loss: 1.1432 - acc: 0.7439
1344/1424 [===========================>..] - ETA: 0s - loss: 1.1453 - acc: 0.7381
1376/1424 [===========================>..] - ETA: 0s - loss: 1.1457 - acc: 0.7362
1408/1424 [============================>.] - ETA: 0s - loss: 1.1309 - acc: 0.7365
1424/1424 [==============================] - 9s 6ms/step - loss: 1.1251 - acc: 0.7346 - val_loss: 0.6221 - val_acc: 0.6610
Epoch 3/1000

  32/1424 [..............................] - ETA: 6s - loss: 0.6100 - acc: 0.6562
  64/1424 [>.............................] - ETA: 5s - loss: 0.6188 - acc: 0.5938
  96/1424 [=>............................] - ETA: 5s - loss: 0.6305 - acc: 0.6042
 128/1424 [=>............................] - ETA: 5s - loss: 0.6179 - acc: 0.6328
 160/1424 [==>...........................] - ETA: 5s - loss: 0.6184 - acc: 0.6500
 192/1424 [===>..........................] - ETA: 5s - loss: 0.6174 - acc: 0.6562
 224/1424 [===>..........................] - ETA: 5s - loss: 0.6141 - acc: 0.6607
 256/1424 [====>.........................] - ETA: 5s - loss: 0.6092 - acc: 0.6719
 288/1424 [=====>........................] - ETA: 4s - loss: 0.6110 - acc: 0.6736
 320/1424 [=====>........................] - ETA: 4s - loss: 0.6250 - acc: 0.6813
 352/1424 [======>.......................] - ETA: 4s - loss: 0.6230 - acc: 0.6903
 384/1424 [=======>......................] - ETA: 4s - loss: 0.6214 - acc: 0.6875
 416/1424 [=======>......................] - ETA: 4s - loss: 0.6171 - acc: 0.6995
 448/1424 [========>.....................] - ETA: 4s - loss: 0.6168 - acc: 0.7076
 480/1424 [=========>....................] - ETA: 4s - loss: 0.6179 - acc: 0.7104
 512/1424 [=========>....................] - ETA: 3s - loss: 0.6189 - acc: 0.7090
 544/1424 [==========>...................] - ETA: 3s - loss: 0.6187 - acc: 0.7151
 576/1424 [===========>..................] - ETA: 3s - loss: 0.6205 - acc: 0.7118
 608/1424 [===========>..................] - ETA: 3s - loss: 0.6211 - acc: 0.7138
 640/1424 [============>.................] - ETA: 3s - loss: 0.6214 - acc: 0.7188
 672/1424 [=============>................] - ETA: 3s - loss: 0.6235 - acc: 0.7143
 704/1424 [=============>................] - ETA: 3s - loss: 0.6239 - acc: 0.7159
 736/1424 [==============>...............] - ETA: 2s - loss: 0.6221 - acc: 0.7255
 768/1424 [===============>..............] - ETA: 2s - loss: 0.6202 - acc: 0.7318
 800/1424 [===============>..............] - ETA: 2s - loss: 0.6197 - acc: 0.7338
 832/1424 [================>.............] - ETA: 2s - loss: 0.6182 - acc: 0.7392
 864/1424 [=================>............] - ETA: 2s - loss: 0.6170 - acc: 0.7442
 896/1424 [=================>............] - ETA: 2s - loss: 0.6323 - acc: 0.7522
 928/1424 [==================>...........] - ETA: 2s - loss: 0.6303 - acc: 0.7575
 960/1424 [===================>..........] - ETA: 2s - loss: 0.6279 - acc: 0.7625
 992/1424 [===================>..........] - ETA: 1s - loss: 0.6283 - acc: 0.7631
1024/1424 [====================>.........] - ETA: 1s - loss: 0.6275 - acc: 0.7656
1056/1424 [=====================>........] - ETA: 1s - loss: 0.6256 - acc: 0.7689
1088/1424 [=====================>........] - ETA: 1s - loss: 0.6236 - acc: 0.7702
1120/1424 [======================>.......] - ETA: 1s - loss: 0.6219 - acc: 0.7705
1152/1424 [=======================>......] - ETA: 1s - loss: 0.6207 - acc: 0.7726
1184/1424 [=======================>......] - ETA: 1s - loss: 0.6172 - acc: 0.7762
1216/1424 [========================>.....] - ETA: 0s - loss: 0.6155 - acc: 0.7763
1248/1424 [=========================>....] - ETA: 0s - loss: 0.6137 - acc: 0.7740
1280/1424 [=========================>....] - ETA: 0s - loss: 0.6095 - acc: 0.7750
1312/1424 [==========================>...] - ETA: 0s - loss: 0.6085 - acc: 0.7736
1344/1424 [===========================>..] - ETA: 0s - loss: 0.6091 - acc: 0.7738
1376/1424 [===========================>..] - ETA: 0s - loss: 0.6052 - acc: 0.7740
1408/1424 [============================>.] - ETA: 0s - loss: 0.6036 - acc: 0.7763
1424/1424 [==============================] - 9s 6ms/step - loss: 0.6018 - acc: 0.7774 - val_loss: 0.6443 - val_acc: 0.8192
Epoch 4/1000

  32/1424 [..............................] - ETA: 6s - loss: 0.5028 - acc: 0.7188
  64/1424 [>.............................] - ETA: 5s - loss: 0.4530 - acc: 0.7500
  96/1424 [=>............................] - ETA: 5s - loss: 0.4935 - acc: 0.7188
 128/1424 [=>............................] - ETA: 5s - loss: 0.5035 - acc: 0.7266
 160/1424 [==>...........................] - ETA: 5s - loss: 0.5122 - acc: 0.7375
 192/1424 [===>..........................] - ETA: 5s - loss: 0.5150 - acc: 0.7500
 224/1424 [===>..........................] - ETA: 5s - loss: 0.5049 - acc: 0.7679
 256/1424 [====>.........................] - ETA: 5s - loss: 0.5643 - acc: 0.7773
 288/1424 [=====>........................] - ETA: 4s - loss: 0.5928 - acc: 0.7743
 320/1424 [=====>........................] - ETA: 4s - loss: 0.5829 - acc: 0.7750
 352/1424 [======>.......................] - ETA: 4s - loss: 0.5770 - acc: 0.7812
 384/1424 [=======>......................] - ETA: 4s - loss: 0.5676 - acc: 0.7865
 416/1424 [=======>......................] - ETA: 4s - loss: 0.5612 - acc: 0.7885
 448/1424 [========>.....................] - ETA: 4s - loss: 0.5612 - acc: 0.7879
 480/1424 [=========>....................] - ETA: 4s - loss: 0.5573 - acc: 0.7937
 512/1424 [=========>....................] - ETA: 3s - loss: 0.5565 - acc: 0.7949
 544/1424 [==========>...................] - ETA: 3s - loss: 0.5629 - acc: 0.7960
 576/1424 [===========>..................] - ETA: 3s - loss: 0.5604 - acc: 0.7917
 608/1424 [===========>..................] - ETA: 3s - loss: 0.5569 - acc: 0.7961
 640/1424 [============>.................] - ETA: 3s - loss: 0.5535 - acc: 0.8016
 672/1424 [=============>................] - ETA: 3s - loss: 0.5524 - acc: 0.7946
 704/1424 [=============>................] - ETA: 3s - loss: 0.5524 - acc: 0.7955
 736/1424 [==============>...............] - ETA: 2s - loss: 0.5745 - acc: 0.7935
 768/1424 [===============>..............] - ETA: 2s - loss: 0.5699 - acc: 0.7956
 800/1424 [===============>..............] - ETA: 2s - loss: 0.5858 - acc: 0.7963
 832/1424 [================>.............] - ETA: 2s - loss: 0.6014 - acc: 0.7945
 864/1424 [=================>............] - ETA: 2s - loss: 0.6023 - acc: 0.7917
 896/1424 [=================>............] - ETA: 2s - loss: 0.5984 - acc: 0.7924
 928/1424 [==================>...........] - ETA: 2s - loss: 0.5959 - acc: 0.7920
 960/1424 [===================>..........] - ETA: 2s - loss: 0.5934 - acc: 0.7927
 992/1424 [===================>..........] - ETA: 1s - loss: 0.5886 - acc: 0.7933
1024/1424 [====================>.........] - ETA: 1s - loss: 0.5982 - acc: 0.7959
1056/1424 [=====================>........] - ETA: 1s - loss: 0.5968 - acc: 0.7955
1088/1424 [=====================>........] - ETA: 1s - loss: 0.5951 - acc: 0.7960
1120/1424 [======================>.......] - ETA: 1s - loss: 0.5920 - acc: 0.7964
1152/1424 [=======================>......] - ETA: 1s - loss: 0.6144 - acc: 0.7977
1184/1424 [=======================>......] - ETA: 1s - loss: 0.6113 - acc: 0.7981
1216/1424 [========================>.....] - ETA: 0s - loss: 0.6041 - acc: 0.8018
1248/1424 [=========================>....] - ETA: 0s - loss: 0.6103 - acc: 0.8005
1280/1424 [=========================>....] - ETA: 0s - loss: 0.6070 - acc: 0.8031
1312/1424 [==========================>...] - ETA: 0s - loss: 0.6060 - acc: 0.8018
1344/1424 [===========================>..] - ETA: 0s - loss: 0.6036 - acc: 0.8013
1376/1424 [===========================>..] - ETA: 0s - loss: 0.6008 - acc: 0.8009
1408/1424 [============================>.] - ETA: 0s - loss: 0.5988 - acc: 0.7997
1424/1424 [==============================] - 9s 6ms/step - loss: 0.5973 - acc: 0.8006 - val_loss: 0.5020 - val_acc: 0.8531
Epoch 5/1000

  32/1424 [..............................] - ETA: 6s - loss: 0.3926 - acc: 0.8750
  64/1424 [>.............................] - ETA: 5s - loss: 0.3740 - acc: 0.8906
  96/1424 [=>............................] - ETA: 5s - loss: 0.3814 - acc: 0.8750
 128/1424 [=>............................] - ETA: 5s - loss: 0.3712 - acc: 0.8828
 160/1424 [==>...........................] - ETA: 5s - loss: 0.3775 - acc: 0.8750
 192/1424 [===>..........................] - ETA: 5s - loss: 0.3906 - acc: 0.8646
 224/1424 [===>..........................] - ETA: 5s - loss: 0.3913 - acc: 0.8661
 256/1424 [====>.........................] - ETA: 5s - loss: 0.4687 - acc: 0.8633
 288/1424 [=====>........................] - ETA: 4s - loss: 0.5113 - acc: 0.8542
 320/1424 [=====>........................] - ETA: 4s - loss: 0.5084 - acc: 0.8500
 352/1424 [======>.......................] - ETA: 4s - loss: 0.4998 - acc: 0.8523
 384/1424 [=======>......................] - ETA: 4s - loss: 0.5101 - acc: 0.8438
 416/1424 [=======>......................] - ETA: 4s - loss: 0.5774 - acc: 0.8389
 448/1424 [========>.....................] - ETA: 4s - loss: 0.5928 - acc: 0.8393
 480/1424 [=========>....................] - ETA: 4s - loss: 0.5816 - acc: 0.8313
 512/1424 [=========>....................] - ETA: 3s - loss: 0.5709 - acc: 0.8320
 544/1424 [==========>...................] - ETA: 3s - loss: 0.6159 - acc: 0.8309
 576/1424 [===========>..................] - ETA: 3s - loss: 0.6075 - acc: 0.8281
 608/1424 [===========>..................] - ETA: 3s - loss: 0.6636 - acc: 0.8289
 640/1424 [============>.................] - ETA: 3s - loss: 0.7034 - acc: 0.8234
 672/1424 [=============>................] - ETA: 3s - loss: 0.7074 - acc: 0.8274
 704/1424 [=============>................] - ETA: 3s - loss: 0.7158 - acc: 0.8267
 736/1424 [==============>...............] - ETA: 2s - loss: 0.7201 - acc: 0.8274
 768/1424 [===============>..............] - ETA: 2s - loss: 0.7106 - acc: 0.8216
 800/1424 [===============>..............] - ETA: 2s - loss: 0.7181 - acc: 0.8225
 832/1424 [================>.............] - ETA: 2s - loss: 0.7049 - acc: 0.8233
 864/1424 [=================>............] - ETA: 2s - loss: 0.6910 - acc: 0.8275
 896/1424 [=================>............] - ETA: 2s - loss: 0.6988 - acc: 0.8281
 928/1424 [==================>...........] - ETA: 2s - loss: 0.6952 - acc: 0.8254
 960/1424 [===================>..........] - ETA: 2s - loss: 0.6991 - acc: 0.8271
 992/1424 [===================>..........] - ETA: 1s - loss: 0.7124 - acc: 0.8236
1024/1424 [====================>.........] - ETA: 1s - loss: 0.7029 - acc: 0.8242
1056/1424 [=====================>........] - ETA: 1s - loss: 0.7088 - acc: 0.8248
1088/1424 [=====================>........] - ETA: 1s - loss: 0.7006 - acc: 0.8226
1120/1424 [======================>.......] - ETA: 1s - loss: 0.7040 - acc: 0.8223
1152/1424 [=======================>......] - ETA: 1s - loss: 0.7119 - acc: 0.8194
1184/1424 [=======================>......] - ETA: 1s - loss: 0.7164 - acc: 0.8193
1216/1424 [========================>.....] - ETA: 0s - loss: 0.7215 - acc: 0.8166
1248/1424 [=========================>....] - ETA: 0s - loss: 0.7143 - acc: 0.8165
1280/1424 [=========================>....] - ETA: 0s - loss: 0.7183 - acc: 0.8164
1312/1424 [==========================>...] - ETA: 0s - loss: 0.7325 - acc: 0.8163
1344/1424 [===========================>..] - ETA: 0s - loss: 0.7377 - acc: 0.8147
1376/1424 [===========================>..] - ETA: 0s - loss: 0.7288 - acc: 0.8154
1408/1424 [============================>.] - ETA: 0s - loss: 0.7238 - acc: 0.8132
1424/1424 [==============================] - 9s 6ms/step - loss: 0.7208 - acc: 0.8132 - val_loss: 0.5025 - val_acc: 0.8333
Epoch 6/1000

  32/1424 [..............................] - ETA: 6s - loss: 0.4613 - acc: 0.8438
  64/1424 [>.............................] - ETA: 5s - loss: 0.4183 - acc: 0.8594
  96/1424 [=>............................] - ETA: 5s - loss: 0.4182 - acc: 0.8333
 128/1424 [=>............................] - ETA: 5s - loss: 0.4642 - acc: 0.8203
 160/1424 [==>...........................] - ETA: 5s - loss: 0.4977 - acc: 0.8187
 192/1424 [===>..........................] - ETA: 5s - loss: 0.4946 - acc: 0.8073
 224/1424 [===>..........................] - ETA: 5s - loss: 0.4737 - acc: 0.8170
 256/1424 [====>.........................] - ETA: 5s - loss: 0.4805 - acc: 0.8125
 288/1424 [=====>........................] - ETA: 4s - loss: 0.4832 - acc: 0.8056
 320/1424 [=====>........................] - ETA: 4s - loss: 0.4975 - acc: 0.7969
 352/1424 [======>.......................] - ETA: 4s - loss: 0.4942 - acc: 0.8040
 384/1424 [=======>......................] - ETA: 4s - loss: 0.4922 - acc: 0.8047
 416/1424 [=======>......................] - ETA: 4s - loss: 0.4908 - acc: 0.8053
 448/1424 [========>.....................] - ETA: 4s - loss: 0.4798 - acc: 0.8147
 480/1424 [=========>....................] - ETA: 4s - loss: 0.4826 - acc: 0.8083
 512/1424 [=========>....................] - ETA: 3s - loss: 0.4755 - acc: 0.8105
 544/1424 [==========>...................] - ETA: 3s - loss: 0.4744 - acc: 0.8070
 576/1424 [===========>..................] - ETA: 3s - loss: 0.4667 - acc: 0.8125
 608/1424 [===========>..................] - ETA: 3s - loss: 0.4588 - acc: 0.8125
 640/1424 [============>.................] - ETA: 3s - loss: 0.4850 - acc: 0.8078
 672/1424 [=============>................] - ETA: 3s - loss: 0.5164 - acc: 0.8065
 704/1424 [=============>................] - ETA: 3s - loss: 0.5128 - acc: 0.8082
 736/1424 [==============>...............] - ETA: 2s - loss: 0.5080 - acc: 0.8125
 768/1424 [===============>..............] - ETA: 2s - loss: 0.5055 - acc: 0.8099
 800/1424 [===============>..............] - ETA: 2s - loss: 0.5003 - acc: 0.8125
 832/1424 [================>.............] - ETA: 2s - loss: 0.4946 - acc: 0.8137
 864/1424 [=================>............] - ETA: 2s - loss: 0.4907 - acc: 0.8148
 896/1424 [=================>............] - ETA: 2s - loss: 0.4885 - acc: 0.8170
 928/1424 [==================>...........] - ETA: 2s - loss: 0.4905 - acc: 0.8157
 960/1424 [===================>..........] - ETA: 2s - loss: 0.4914 - acc: 0.8115
 992/1424 [===================>..........] - ETA: 1s - loss: 0.5079 - acc: 0.8095
1024/1424 [====================>.........] - ETA: 1s - loss: 0.5049 - acc: 0.8086
1056/1424 [=====================>........] - ETA: 1s - loss: 0.5044 - acc: 0.8059
1088/1424 [=====================>........] - ETA: 1s - loss: 0.5029 - acc: 0.8051
1120/1424 [======================>.......] - ETA: 1s - loss: 0.5130 - acc: 0.8063
1152/1424 [=======================>......] - ETA: 1s - loss: 0.5177 - acc: 0.8056
1184/1424 [=======================>......] - ETA: 1s - loss: 0.5162 - acc: 0.8057
1216/1424 [========================>.....] - ETA: 0s - loss: 0.5130 - acc: 0.8043
1248/1424 [=========================>....] - ETA: 0s - loss: 0.5106 - acc: 0.8045
1280/1424 [=========================>....] - ETA: 0s - loss: 0.5097 - acc: 0.8039
1312/1424 [==========================>...] - ETA: 0s - loss: 0.5080 - acc: 0.8049
1344/1424 [===========================>..] - ETA: 0s - loss: 0.5050 - acc: 0.8065
1376/1424 [===========================>..] - ETA: 0s - loss: 0.5054 - acc: 0.8067
1408/1424 [============================>.] - ETA: 0s - loss: 0.5050 - acc: 0.8061
1424/1424 [==============================] - 9s 6ms/step - loss: 0.5049 - acc: 0.8062 - val_loss: 0.4975 - val_acc: 0.8475
Epoch 7/1000

  32/1424 [..............................] - ETA: 5s - loss: 0.4422 - acc: 0.8125
  64/1424 [>.............................] - ETA: 5s - loss: 0.4765 - acc: 0.7656
  96/1424 [=>............................] - ETA: 5s - loss: 0.4677 - acc: 0.7917
 128/1424 [=>............................] - ETA: 5s - loss: 0.4457 - acc: 0.8125
 160/1424 [==>...........................] - ETA: 5s - loss: 0.4292 - acc: 0.8313
 192/1424 [===>..........................] - ETA: 5s - loss: 0.4352 - acc: 0.8229
 224/1424 [===>..........................] - ETA: 5s - loss: 0.4603 - acc: 0.8214
 256/1424 [====>.........................] - ETA: 5s - loss: 0.4624 - acc: 0.8125
 288/1424 [=====>........................] - ETA: 4s - loss: 0.4572 - acc: 0.8160
 320/1424 [=====>........................] - ETA: 4s - loss: 0.4637 - acc: 0.8063
 352/1424 [======>.......................] - ETA: 4s - loss: 0.4785 - acc: 0.8097
 384/1424 [=======>......................] - ETA: 4s - loss: 0.4788 - acc: 0.8125
 416/1424 [=======>......................] - ETA: 4s - loss: 0.4785 - acc: 0.8077
 448/1424 [========>.....................] - ETA: 4s - loss: 0.4774 - acc: 0.8080
 480/1424 [=========>....................] - ETA: 4s - loss: 0.4855 - acc: 0.8083
 512/1424 [=========>....................] - ETA: 3s - loss: 0.4864 - acc: 0.8105
 544/1424 [==========>...................] - ETA: 3s - loss: 0.4909 - acc: 0.8051
 576/1424 [===========>..................] - ETA: 3s - loss: 0.4852 - acc: 0.8125
 608/1424 [===========>..................] - ETA: 3s - loss: 0.4841 - acc: 0.8109
 640/1424 [============>.................] - ETA: 3s - loss: 0.4841 - acc: 0.8109
 672/1424 [=============>................] - ETA: 3s - loss: 0.4854 - acc: 0.8065
 704/1424 [=============>................] - ETA: 3s - loss: 0.4832 - acc: 0.8125
 736/1424 [==============>...............] - ETA: 2s - loss: 0.4838 - acc: 0.8111
 768/1424 [===============>..............] - ETA: 2s - loss: 0.4845 - acc: 0.8099
 800/1424 [===============>..............] - ETA: 2s - loss: 0.4854 - acc: 0.8075
 832/1424 [================>.............] - ETA: 2s - loss: 0.4885 - acc: 0.8053
 864/1424 [=================>............] - ETA: 2s - loss: 0.4884 - acc: 0.8056
 896/1424 [=================>............] - ETA: 2s - loss: 0.4857 - acc: 0.8069
 928/1424 [==================>...........] - ETA: 2s - loss: 0.4870 - acc: 0.8071
 960/1424 [===================>..........] - ETA: 2s - loss: 0.4896 - acc: 0.8063
 992/1424 [===================>..........] - ETA: 1s - loss: 0.4908 - acc: 0.8075
1024/1424 [====================>.........] - ETA: 1s - loss: 0.4944 - acc: 0.8027
1056/1424 [=====================>........] - ETA: 1s - loss: 0.4935 - acc: 0.8040
1088/1424 [=====================>........] - ETA: 1s - loss: 0.4911 - acc: 0.8042
1120/1424 [======================>.......] - ETA: 1s - loss: 0.4889 - acc: 0.8063
1152/1424 [=======================>......] - ETA: 1s - loss: 0.4857 - acc: 0.8073
1184/1424 [=======================>......] - ETA: 1s - loss: 0.4875 - acc: 0.8049
1216/1424 [========================>.....] - ETA: 0s - loss: 0.4869 - acc: 0.8043
1248/1424 [=========================>....] - ETA: 0s - loss: 0.4880 - acc: 0.8021
1280/1424 [=========================>....] - ETA: 0s - loss: 0.4874 - acc: 0.8039
1312/1424 [==========================>...] - ETA: 0s - loss: 0.4868 - acc: 0.8026
1344/1424 [===========================>..] - ETA: 0s - loss: 0.4876 - acc: 0.8028
1376/1424 [===========================>..] - ETA: 0s - loss: 0.4864 - acc: 0.8031
1408/1424 [============================>.] - ETA: 0s - loss: 0.4894 - acc: 0.8018
1424/1424 [==============================] - 9s 6ms/step - loss: 0.4896 - acc: 0.8020 - val_loss: 0.4548 - val_acc: 0.8503
Epoch 8/1000

  32/1424 [..............................] - ETA: 5s - loss: 0.4079 - acc: 0.8750
  64/1424 [>.............................] - ETA: 5s - loss: 0.4277 - acc: 0.8125
  96/1424 [=>............................] - ETA: 5s - loss: 0.4085 - acc: 0.8438
 128/1424 [=>............................] - ETA: 5s - loss: 0.4108 - acc: 0.8438
 160/1424 [==>...........................] - ETA: 5s - loss: 0.4291 - acc: 0.8375
 192/1424 [===>..........................] - ETA: 5s - loss: 0.4366 - acc: 0.8385
 224/1424 [===>..........................] - ETA: 5s - loss: 0.4296 - acc: 0.8348
 256/1424 [====>.........................] - ETA: 5s - loss: 0.4397 - acc: 0.8281
 288/1424 [=====>........................] - ETA: 4s - loss: 0.4413 - acc: 0.8229
 320/1424 [=====>........................] - ETA: 4s - loss: 0.4370 - acc: 0.8187
 352/1424 [======>.......................] - ETA: 4s - loss: 0.4367 - acc: 0.8239
 384/1424 [=======>......................] - ETA: 4s - loss: 0.4393 - acc: 0.8151
 416/1424 [=======>......................] - ETA: 4s - loss: 0.4442 - acc: 0.8197
 448/1424 [========>.....................] - ETA: 4s - loss: 0.4428 - acc: 0.8214
 480/1424 [=========>....................] - ETA: 4s - loss: 0.4426 - acc: 0.8271
 512/1424 [=========>....................] - ETA: 3s - loss: 0.4442 - acc: 0.8301
 544/1424 [==========>...................] - ETA: 3s - loss: 0.4490 - acc: 0.8254
 576/1424 [===========>..................] - ETA: 3s - loss: 0.4431 - acc: 0.8299
 608/1424 [===========>..................] - ETA: 3s - loss: 0.4472 - acc: 0.8289
 640/1424 [============>.................] - ETA: 3s - loss: 0.4413 - acc: 0.8328
 672/1424 [=============>................] - ETA: 3s - loss: 0.4473 - acc: 0.8318
 704/1424 [=============>................] - ETA: 3s - loss: 0.4459 - acc: 0.8324
 736/1424 [==============>...............] - ETA: 2s - loss: 0.4434 - acc: 0.8329
 768/1424 [===============>..............] - ETA: 2s - loss: 0.4423 - acc: 0.8307
 800/1424 [===============>..............] - ETA: 2s - loss: 0.4379 - acc: 0.8313
 832/1424 [================>.............] - ETA: 2s - loss: 0.4373 - acc: 0.8305
 864/1424 [=================>............] - ETA: 2s - loss: 0.4465 - acc: 0.8299
 896/1424 [=================>............] - ETA: 2s - loss: 0.4541 - acc: 0.8225
 928/1424 [==================>...........] - ETA: 2s - loss: 0.4554 - acc: 0.8211
 960/1424 [===================>..........] - ETA: 2s - loss: 0.4544 - acc: 0.8208
 992/1424 [===================>..........] - ETA: 1s - loss: 0.4544 - acc: 0.8175
1024/1424 [====================>.........] - ETA: 1s - loss: 0.4549 - acc: 0.8145
1056/1424 [=====================>........] - ETA: 1s - loss: 0.4615 - acc: 0.8153
1088/1424 [=====================>........] - ETA: 1s - loss: 0.4619 - acc: 0.8153
1120/1424 [======================>.......] - ETA: 1s - loss: 0.4612 - acc: 0.8152
1152/1424 [=======================>......] - ETA: 1s - loss: 0.4593 - acc: 0.8168
1184/1424 [=======================>......] - ETA: 1s - loss: 0.4581 - acc: 0.8159
1216/1424 [========================>.....] - ETA: 0s - loss: 0.4583 - acc: 0.8150
1248/1424 [=========================>....] - ETA: 0s - loss: 0.4619 - acc: 0.8117
1280/1424 [=========================>....] - ETA: 0s - loss: 0.4611 - acc: 0.8117
1312/1424 [==========================>...] - ETA: 0s - loss: 0.4594 - acc: 0.8148
1344/1424 [===========================>..] - ETA: 0s - loss: 0.4565 - acc: 0.8162
1376/1424 [===========================>..] - ETA: 0s - loss: 0.4544 - acc: 0.8183
1408/1424 [============================>.] - ETA: 0s - loss: 0.4540 - acc: 0.8175
1424/1424 [==============================] - 9s 6ms/step - loss: 0.4523 - acc: 0.8188 - val_loss: 0.4352 - val_acc: 0.8475
Epoch 9/1000

  32/1424 [..............................] - ETA: 6s - loss: 0.4419 - acc: 0.7812
  64/1424 [>.............................] - ETA: 5s - loss: 0.4351 - acc: 0.7812
  96/1424 [=>............................] - ETA: 5s - loss: 0.4138 - acc: 0.8125
 128/1424 [=>............................] - ETA: 5s - loss: 0.4390 - acc: 0.8203
 160/1424 [==>...........................] - ETA: 5s - loss: 0.4395 - acc: 0.8250
 192/1424 [===>..........................] - ETA: 5s - loss: 0.4305 - acc: 0.8229
 224/1424 [===>..........................] - ETA: 5s - loss: 0.4381 - acc: 0.8125
 256/1424 [====>.........................] - ETA: 5s - loss: 0.5032 - acc: 0.8008
 288/1424 [=====>........................] - ETA: 4s - loss: 0.4906 - acc: 0.8056
 320/1424 [=====>........................] - ETA: 4s - loss: 0.5037 - acc: 0.7875
 352/1424 [======>.......................] - ETA: 4s - loss: 0.4992 - acc: 0.7869
 384/1424 [=======>......................] - ETA: 4s - loss: 0.4882 - acc: 0.7917
 416/1424 [=======>......................] - ETA: 4s - loss: 0.4784 - acc: 0.7933
 448/1424 [========>.....................] - ETA: 4s - loss: 0.4995 - acc: 0.7879
 480/1424 [=========>....................] - ETA: 4s - loss: 0.5284 - acc: 0.7896
 512/1424 [=========>....................] - ETA: 3s - loss: 0.5207 - acc: 0.7930
 544/1424 [==========>...................] - ETA: 3s - loss: 0.5121 - acc: 0.7996
 576/1424 [===========>..................] - ETA: 3s - loss: 0.5016 - acc: 0.8038
 608/1424 [===========>..................] - ETA: 3s - loss: 0.4989 - acc: 0.8026
 640/1424 [============>.................] - ETA: 3s - loss: 0.4943 - acc: 0.8031
 672/1424 [=============>................] - ETA: 3s - loss: 0.4920 - acc: 0.8036
 704/1424 [=============>................] - ETA: 3s - loss: 0.4892 - acc: 0.8040
 736/1424 [==============>...............] - ETA: 2s - loss: 0.4833 - acc: 0.8071
 768/1424 [===============>..............] - ETA: 2s - loss: 0.4813 - acc: 0.8073
 800/1424 [===============>..............] - ETA: 2s - loss: 0.4741 - acc: 0.8100
 832/1424 [================>.............] - ETA: 2s - loss: 0.4693 - acc: 0.8101
 864/1424 [=================>............] - ETA: 2s - loss: 0.4669 - acc: 0.8079
 896/1424 [=================>............] - ETA: 2s - loss: 0.4641 - acc: 0.8092
 928/1424 [==================>...........] - ETA: 2s - loss: 0.4597 - acc: 0.8114
 960/1424 [===================>..........] - ETA: 2s - loss: 0.4557 - acc: 0.8125
 992/1424 [===================>..........] - ETA: 1s - loss: 0.4512 - acc: 0.8155
1024/1424 [====================>.........] - ETA: 1s - loss: 0.4481 - acc: 0.8164
1056/1424 [=====================>........] - ETA: 1s - loss: 0.4447 - acc: 0.8172
1088/1424 [=====================>........] - ETA: 1s - loss: 0.4401 - acc: 0.8199
1120/1424 [======================>.......] - ETA: 1s - loss: 0.4361 - acc: 0.8214
1152/1424 [=======================>......] - ETA: 1s - loss: 0.4359 - acc: 0.8220
1184/1424 [=======================>......] - ETA: 1s - loss: 0.4357 - acc: 0.8209
1216/1424 [========================>.....] - ETA: 0s - loss: 0.4361 - acc: 0.8199
1248/1424 [=========================>....] - ETA: 0s - loss: 0.4343 - acc: 0.8213
1280/1424 [=========================>....] - ETA: 0s - loss: 0.4335 - acc: 0.8203
1312/1424 [==========================>...] - ETA: 0s - loss: 0.4426 - acc: 0.8224
1344/1424 [===========================>..] - ETA: 0s - loss: 0.4470 - acc: 0.8214
1376/1424 [===========================>..] - ETA: 0s - loss: 0.4456 - acc: 0.8227
1408/1424 [============================>.] - ETA: 0s - loss: 0.4442 - acc: 0.8232
1424/1424 [==============================] - 9s 6ms/step - loss: 0.4533 - acc: 0.8223 - val_loss: 0.4456 - val_acc: 0.8616
Epoch 10/1000

  32/1424 [..............................] - ETA: 6s - loss: 0.4810 - acc: 0.8125
  64/1424 [>.............................] - ETA: 5s - loss: 0.5048 - acc: 0.7969
  96/1424 [=>............................] - ETA: 5s - loss: 0.4698 - acc: 0.8021
 128/1424 [=>............................] - ETA: 5s - loss: 0.4325 - acc: 0.8359
 160/1424 [==>...........................] - ETA: 5s - loss: 0.4502 - acc: 0.8187
 192/1424 [===>..........................] - ETA: 5s - loss: 0.4854 - acc: 0.7917
 224/1424 [===>..........................] - ETA: 5s - loss: 0.4762 - acc: 0.8036
 256/1424 [====>.........................] - ETA: 5s - loss: 0.4672 - acc: 0.8047
 288/1424 [=====>........................] - ETA: 4s - loss: 0.4584 - acc: 0.8125
 320/1424 [=====>........................] - ETA: 4s - loss: 0.4520 - acc: 0.8063
 352/1424 [======>.......................] - ETA: 4s - loss: 0.4608 - acc: 0.8125
 384/1424 [=======>......................] - ETA: 4s - loss: 0.4559 - acc: 0.8125
 416/1424 [=======>......................] - ETA: 4s - loss: 0.4886 - acc: 0.8125
 448/1424 [========>.....................] - ETA: 4s - loss: 0.4824 - acc: 0.8147
 480/1424 [=========>....................] - ETA: 4s - loss: 0.4756 - acc: 0.8167
 512/1424 [=========>....................] - ETA: 3s - loss: 0.4778 - acc: 0.8145
 544/1424 [==========>...................] - ETA: 3s - loss: 0.4781 - acc: 0.8107
 576/1424 [===========>..................] - ETA: 3s - loss: 0.4729 - acc: 0.8160
 608/1424 [===========>..................] - ETA: 3s - loss: 0.4787 - acc: 0.8043
 640/1424 [============>.................] - ETA: 3s - loss: 0.4708 - acc: 0.8094
 672/1424 [=============>................] - ETA: 3s - loss: 0.4755 - acc: 0.8080
 704/1424 [=============>................] - ETA: 3s - loss: 0.4679 - acc: 0.8125
 736/1424 [==============>...............] - ETA: 2s - loss: 0.4632 - acc: 0.8152
 768/1424 [===============>..............] - ETA: 2s - loss: 0.4572 - acc: 0.8203
 800/1424 [===============>..............] - ETA: 2s - loss: 0.4544 - acc: 0.8200
 832/1424 [================>.............] - ETA: 2s - loss: 0.4500 - acc: 0.8197
 864/1424 [=================>............] - ETA: 2s - loss: 0.4449 - acc: 0.8229
 896/1424 [=================>............] - ETA: 2s - loss: 0.4443 - acc: 0.8248
 928/1424 [==================>...........] - ETA: 2s - loss: 0.4513 - acc: 0.8222
 960/1424 [===================>..........] - ETA: 2s - loss: 0.4509 - acc: 0.8229
 992/1424 [===================>..........] - ETA: 1s - loss: 0.4528 - acc: 0.8206
1024/1424 [====================>.........] - ETA: 1s - loss: 0.4569 - acc: 0.8154
1056/1424 [=====================>........] - ETA: 1s - loss: 0.4550 - acc: 0.8172
1088/1424 [=====================>........] - ETA: 1s - loss: 0.4551 - acc: 0.8162
1120/1424 [======================>.......] - ETA: 1s - loss: 0.4551 - acc: 0.8143
1152/1424 [=======================>......] - ETA: 1s - loss: 0.4558 - acc: 0.8151
1184/1424 [=======================>......] - ETA: 1s - loss: 0.4565 - acc: 0.8150
1216/1424 [========================>.....] - ETA: 0s - loss: 0.4551 - acc: 0.8141
1248/1424 [=========================>....] - ETA: 0s - loss: 0.4542 - acc: 0.8133
1280/1424 [=========================>....] - ETA: 0s - loss: 0.4551 - acc: 0.8141
1312/1424 [==========================>...] - ETA: 0s - loss: 0.4561 - acc: 0.8140
1344/1424 [===========================>..] - ETA: 0s - loss: 0.4558 - acc: 0.8147
1376/1424 [===========================>..] - ETA: 0s - loss: 0.4591 - acc: 0.8140
1408/1424 [============================>.] - ETA: 0s - loss: 0.4601 - acc: 0.8118
1424/1424 [==============================] - 9s 6ms/step - loss: 0.4609 - acc: 0.8111 - val_loss: 0.4277 - val_acc: 0.8503
Epoch 11/1000

  32/1424 [..............................] - ETA: 5s - loss: 0.4422 - acc: 0.8750
  64/1424 [>.............................] - ETA: 5s - loss: 0.4749 - acc: 0.8281
  96/1424 [=>............................] - ETA: 5s - loss: 0.5013 - acc: 0.8021
 128/1424 [=>............................] - ETA: 5s - loss: 0.4857 - acc: 0.8125
 160/1424 [==>...........................] - ETA: 5s - loss: 0.4717 - acc: 0.8125
 192/1424 [===>..........................] - ETA: 5s - loss: 0.4503 - acc: 0.8333
 224/1424 [===>..........................] - ETA: 5s - loss: 0.4766 - acc: 0.7991
 256/1424 [====>.........................] - ETA: 5s - loss: 0.4674 - acc: 0.8086
 288/1424 [=====>........................] - ETA: 4s - loss: 0.4570 - acc: 0.8160
 320/1424 [=====>........................] - ETA: 4s - loss: 0.4595 - acc: 0.8125
 352/1424 [======>.......................] - ETA: 4s - loss: 0.4592 - acc: 0.8097
 384/1424 [=======>......................] - ETA: 4s - loss: 0.4495 - acc: 0.8177
 416/1424 [=======>......................] - ETA: 4s - loss: 0.4518 - acc: 0.8149
 448/1424 [========>.....................] - ETA: 4s - loss: 0.4528 - acc: 0.8147
 480/1424 [=========>....................] - ETA: 4s - loss: 0.4443 - acc: 0.8187
 512/1424 [=========>....................] - ETA: 3s - loss: 0.4402 - acc: 0.8242
 544/1424 [==========>...................] - ETA: 3s - loss: 0.4386 - acc: 0.8254
 576/1424 [===========>..................] - ETA: 3s - loss: 0.4342 - acc: 0.8212
 608/1424 [===========>..................] - ETA: 3s - loss: 0.4292 - acc: 0.8224
 640/1424 [============>.................] - ETA: 3s - loss: 0.4277 - acc: 0.8219
 672/1424 [=============>................] - ETA: 3s - loss: 0.4299 - acc: 0.8185
 704/1424 [=============>................] - ETA: 3s - loss: 0.4234 - acc: 0.8239
 736/1424 [==============>...............] - ETA: 2s - loss: 0.4230 - acc: 0.8207
 768/1424 [===============>..............] - ETA: 2s - loss: 0.4184 - acc: 0.8242
 800/1424 [===============>..............] - ETA: 2s - loss: 0.4164 - acc: 0.8250
 832/1424 [================>.............] - ETA: 2s - loss: 0.4273 - acc: 0.8233
 864/1424 [=================>............] - ETA: 2s - loss: 0.4239 - acc: 0.8252
 896/1424 [=================>............] - ETA: 2s - loss: 0.4249 - acc: 0.8214
 928/1424 [==================>...........] - ETA: 2s - loss: 0.4235 - acc: 0.8211
 960/1424 [===================>..........] - ETA: 2s - loss: 0.4371 - acc: 0.8208
 992/1424 [===================>..........] - ETA: 1s - loss: 0.4347 - acc: 0.8206
1024/1424 [====================>.........] - ETA: 1s - loss: 0.4329 - acc: 0.8213
1056/1424 [=====================>........] - ETA: 1s - loss: 0.4324 - acc: 0.8201
1088/1424 [=====================>........] - ETA: 1s - loss: 0.4509 - acc: 0.8171
1120/1424 [======================>.......] - ETA: 1s - loss: 0.5134 - acc: 0.8116
1152/1424 [=======================>......] - ETA: 1s - loss: 0.5336 - acc: 0.8116
1184/1424 [=======================>......] - ETA: 1s - loss: 0.5373 - acc: 0.8142
1216/1424 [========================>.....] - ETA: 0s - loss: 0.5407 - acc: 0.8141
1248/1424 [=========================>....] - ETA: 0s - loss: 0.5606 - acc: 0.8149
1280/1424 [=========================>....] - ETA: 0s - loss: 0.5808 - acc: 0.8141
1312/1424 [==========================>...] - ETA: 0s - loss: 0.5766 - acc: 0.8140
1344/1424 [===========================>..] - ETA: 0s - loss: 0.5743 - acc: 0.8140
1376/1424 [===========================>..] - ETA: 0s - loss: 0.5830 - acc: 0.8140
1408/1424 [============================>.] - ETA: 0s - loss: 0.5875 - acc: 0.8104
1424/1424 [==============================] - 9s 6ms/step - loss: 0.5931 - acc: 0.8097 - val_loss: 1.4223 - val_acc: 0.6540
Epoch 12/1000

  32/1424 [..............................] - ETA: 6s - loss: 1.0592 - acc: 0.6562
  64/1424 [>.............................] - ETA: 5s - loss: 1.0334 - acc: 0.7031
  96/1424 [=>............................] - ETA: 5s - loss: 1.0170 - acc: 0.6458
 128/1424 [=>............................] - ETA: 5s - loss: 1.2689 - acc: 0.6016
 160/1424 [==>...........................] - ETA: 5s - loss: 1.3599 - acc: 0.5625
 192/1424 [===>..........................] - ETA: 5s - loss: 1.2724 - acc: 0.5729
 224/1424 [===>..........................] - ETA: 5s - loss: 1.2034 - acc: 0.5804
 256/1424 [====>.........................] - ETA: 5s - loss: 1.1788 - acc: 0.5742
 288/1424 [=====>........................] - ETA: 4s - loss: 1.2847 - acc: 0.5660
 320/1424 [=====>........................] - ETA: 4s - loss: 1.3380 - acc: 0.5531
 352/1424 [======>.......................] - ETA: 4s - loss: 1.2986 - acc: 0.5597
 384/1424 [=======>......................] - ETA: 4s - loss: 1.3180 - acc: 0.5495
 416/1424 [=======>......................] - ETA: 4s - loss: 1.4166 - acc: 0.5433
 448/1424 [========>.....................] - ETA: 4s - loss: 1.4762 - acc: 0.5424
 480/1424 [=========>....................] - ETA: 4s - loss: 1.6791 - acc: 0.5354
 512/1424 [=========>....................] - ETA: 3s - loss: 1.8217 - acc: 0.5391
 544/1424 [==========>...................] - ETA: 3s - loss: 2.0501 - acc: 0.5276
 576/1424 [===========>..................] - ETA: 3s - loss: 2.2179 - acc: 0.5243
 608/1424 [===========>..................] - ETA: 3s - loss: 2.3134 - acc: 0.5296
 640/1424 [============>.................] - ETA: 3s - loss: 2.4075 - acc: 0.5312
 672/1424 [=============>................] - ETA: 3s - loss: 2.6286 - acc: 0.5193
 704/1424 [=============>................] - ETA: 3s - loss: 2.7336 - acc: 0.5227
 736/1424 [==============>...............] - ETA: 2s - loss: 2.8325 - acc: 0.5272
 768/1424 [===============>..............] - ETA: 2s - loss: 2.9084 - acc: 0.5299
 800/1424 [===============>..............] - ETA: 2s - loss: 3.0529 - acc: 0.5238
 832/1424 [================>.............] - ETA: 2s - loss: 3.1027 - acc: 0.5288
 864/1424 [=================>............] - ETA: 2s - loss: 3.0670 - acc: 0.5394
 896/1424 [=================>............] - ETA: 2s - loss: 3.0556 - acc: 0.5424
 928/1424 [==================>...........] - ETA: 2s - loss: 3.0821 - acc: 0.5453
 960/1424 [===================>..........] - ETA: 2s - loss: 3.1067 - acc: 0.5458
 992/1424 [===================>..........] - ETA: 1s - loss: 3.2181 - acc: 0.5474
1024/1424 [====================>.........] - ETA: 1s - loss: 3.1887 - acc: 0.5537
1056/1424 [=====================>........] - ETA: 1s - loss: 3.2336 - acc: 0.5540
1088/1424 [=====================>........] - ETA: 1s - loss: 3.2674 - acc: 0.5570
1120/1424 [======================>.......] - ETA: 1s - loss: 3.3227 - acc: 0.5554
1152/1424 [=======================>......] - ETA: 1s - loss: 3.3118 - acc: 0.5564
1184/1424 [=======================>......] - ETA: 1s - loss: 3.3281 - acc: 0.5574
1216/1424 [========================>.....] - ETA: 0s - loss: 3.3074 - acc: 0.5625
1248/1424 [=========================>....] - ETA: 0s - loss: 3.3037 - acc: 0.5657
1280/1424 [=========================>....] - ETA: 0s - loss: 3.2581 - acc: 0.5695
1312/1424 [==========================>...] - ETA: 0s - loss: 3.2680 - acc: 0.5709
1344/1424 [===========================>..] - ETA: 0s - loss: 3.2761 - acc: 0.5714
1376/1424 [===========================>..] - ETA: 0s - loss: 3.2328 - acc: 0.5770
1408/1424 [============================>.] - ETA: 0s - loss: 3.2056 - acc: 0.5781
1424/1424 [==============================] - 9s 6ms/step - loss: 3.1894 - acc: 0.5787 - val_loss: 2.3537 - val_acc: 0.6949
Epoch 13/1000

  32/1424 [..............................] - ETA: 6s - loss: 1.8740 - acc: 0.6250
  64/1424 [>.............................] - ETA: 5s - loss: 2.2526 - acc: 0.5938
  96/1424 [=>............................] - ETA: 5s - loss: 2.0193 - acc: 0.6146
 128/1424 [=>............................] - ETA: 5s - loss: 1.8973 - acc: 0.6328
 160/1424 [==>...........................] - ETA: 5s - loss: 2.2315 - acc: 0.6188
 192/1424 [===>..........................] - ETA: 5s - loss: 2.3489 - acc: 0.6042
 224/1424 [===>..........................] - ETA: 5s - loss: 2.2961 - acc: 0.6205
 256/1424 [====>.........................] - ETA: 5s - loss: 2.2554 - acc: 0.6250
 288/1424 [=====>........................] - ETA: 4s - loss: 2.1618 - acc: 0.6319
 320/1424 [=====>........................] - ETA: 4s - loss: 2.1539 - acc: 0.6344
 352/1424 [======>.......................] - ETA: 4s - loss: 2.1427 - acc: 0.6364
 384/1424 [=======>......................] - ETA: 4s - loss: 2.1230 - acc: 0.6354
 416/1424 [=======>......................] - ETA: 4s - loss: 2.0495 - acc: 0.6394
 448/1424 [========>.....................] - ETA: 4s - loss: 1.9435 - acc: 0.6406
 480/1424 [=========>....................] - ETA: 4s - loss: 1.9863 - acc: 0.6312
 512/1424 [=========>....................] - ETA: 3s - loss: 1.9912 - acc: 0.6348
 544/1424 [==========>...................] - ETA: 3s - loss: 1.9656 - acc: 0.6305
 576/1424 [===========>..................] - ETA: 3s - loss: 1.9135 - acc: 0.6319
 608/1424 [===========>..................] - ETA: 3s - loss: 1.8511 - acc: 0.6316
 640/1424 [============>.................] - ETA: 3s - loss: 1.8310 - acc: 0.6375
 672/1424 [=============>................] - ETA: 3s - loss: 1.7702 - acc: 0.6414
 704/1424 [=============>................] - ETA: 3s - loss: 1.7341 - acc: 0.6420
 736/1424 [==============>...............] - ETA: 2s - loss: 1.6822 - acc: 0.6440
 768/1424 [===============>..............] - ETA: 2s - loss: 1.6529 - acc: 0.6510
 800/1424 [===============>..............] - ETA: 2s - loss: 1.6079 - acc: 0.6575
 832/1424 [================>.............] - ETA: 2s - loss: 1.5646 - acc: 0.6599
 864/1424 [=================>............] - ETA: 2s - loss: 1.5269 - acc: 0.6632
 896/1424 [=================>............] - ETA: 2s - loss: 1.4929 - acc: 0.6652
 928/1424 [==================>...........] - ETA: 2s - loss: 1.4754 - acc: 0.6659
 960/1424 [===================>..........] - ETA: 2s - loss: 1.4458 - acc: 0.6667
 992/1424 [===================>..........] - ETA: 1s - loss: 1.4181 - acc: 0.6663
1024/1424 [====================>.........] - ETA: 1s - loss: 1.4054 - acc: 0.6709
1056/1424 [=====================>........] - ETA: 1s - loss: 1.3787 - acc: 0.6742
1088/1424 [=====================>........] - ETA: 1s - loss: 1.3658 - acc: 0.6792
1120/1424 [======================>.......] - ETA: 1s - loss: 1.3395 - acc: 0.6866
1152/1424 [=======================>......] - ETA: 1s - loss: 1.3186 - acc: 0.6875
1184/1424 [=======================>......] - ETA: 1s - loss: 1.2978 - acc: 0.6850
1216/1424 [========================>.....] - ETA: 0s - loss: 1.2758 - acc: 0.6867
1248/1424 [=========================>....] - ETA: 0s - loss: 1.2593 - acc: 0.6851
1280/1424 [=========================>....] - ETA: 0s - loss: 1.2408 - acc: 0.6883
1312/1424 [==========================>...] - ETA: 0s - loss: 1.2365 - acc: 0.6860
1344/1424 [===========================>..] - ETA: 0s - loss: 1.2318 - acc: 0.6845
1376/1424 [===========================>..] - ETA: 0s - loss: 1.2173 - acc: 0.6810
1408/1424 [============================>.] - ETA: 0s - loss: 1.2034 - acc: 0.6768
1424/1424 [==============================] - 9s 6ms/step - loss: 1.1951 - acc: 0.6784 - val_loss: 0.7421 - val_acc: 0.6667
Epoch 14/1000

  32/1424 [..............................] - ETA: 5s - loss: 1.1163 - acc: 0.5312
  64/1424 [>.............................] - ETA: 5s - loss: 0.8272 - acc: 0.6094
  96/1424 [=>............................] - ETA: 5s - loss: 0.9060 - acc: 0.6354
 128/1424 [=>............................] - ETA: 5s - loss: 0.8887 - acc: 0.6328
 160/1424 [==>...........................] - ETA: 5s - loss: 0.7979 - acc: 0.6813
 192/1424 [===>..........................] - ETA: 5s - loss: 0.9143 - acc: 0.6667
 224/1424 [===>..........................] - ETA: 5s - loss: 0.8567 - acc: 0.6830
 256/1424 [====>.........................] - ETA: 5s - loss: 0.8128 - acc: 0.6953
 288/1424 [=====>........................] - ETA: 4s - loss: 0.7863 - acc: 0.7049
 320/1424 [=====>........................] - ETA: 4s - loss: 0.7668 - acc: 0.7188
 352/1424 [======>.......................] - ETA: 4s - loss: 0.7425 - acc: 0.7273
 384/1424 [=======>......................] - ETA: 4s - loss: 0.7240 - acc: 0.7318
 416/1424 [=======>......................] - ETA: 4s - loss: 0.7080 - acc: 0.7404
 448/1424 [========>.....................] - ETA: 4s - loss: 0.7340 - acc: 0.7388
 480/1424 [=========>....................] - ETA: 4s - loss: 0.7280 - acc: 0.7354
 512/1424 [=========>....................] - ETA: 3s - loss: 0.7158 - acc: 0.7363
 544/1424 [==========>...................] - ETA: 3s - loss: 0.7074 - acc: 0.7298
 576/1424 [===========>..................] - ETA: 3s - loss: 0.6973 - acc: 0.7309
 608/1424 [===========>..................] - ETA: 3s - loss: 0.6909 - acc: 0.7319
 640/1424 [============>.................] - ETA: 3s - loss: 0.6837 - acc: 0.7359
 672/1424 [=============>................] - ETA: 3s - loss: 0.6777 - acc: 0.7366
 704/1424 [=============>................] - ETA: 3s - loss: 0.6717 - acc: 0.7386
 736/1424 [==============>...............] - ETA: 2s - loss: 0.6700 - acc: 0.7378
 768/1424 [===============>..............] - ETA: 2s - loss: 0.6678 - acc: 0.7383
 800/1424 [===============>..............] - ETA: 2s - loss: 0.6605 - acc: 0.7438
 832/1424 [================>.............] - ETA: 2s - loss: 0.6582 - acc: 0.7392
 864/1424 [=================>............] - ETA: 2s - loss: 0.6539 - acc: 0.7431
 896/1424 [=================>............] - ETA: 2s - loss: 0.6490 - acc: 0.7444
 928/1424 [==================>...........] - ETA: 2s - loss: 0.6453 - acc: 0.7446
 960/1424 [===================>..........] - ETA: 2s - loss: 0.6434 - acc: 0.7458
 992/1424 [===================>..........] - ETA: 1s - loss: 0.6571 - acc: 0.7470
1024/1424 [====================>.........] - ETA: 1s - loss: 0.6537 - acc: 0.7471
1056/1424 [=====================>........] - ETA: 1s - loss: 0.6500 - acc: 0.7481
1088/1424 [=====================>........] - ETA: 1s - loss: 0.6445 - acc: 0.7509
1120/1424 [======================>.......] - ETA: 1s - loss: 0.6394 - acc: 0.7518
1152/1424 [=======================>......] - ETA: 1s - loss: 0.6395 - acc: 0.7483
1184/1424 [=======================>......] - ETA: 1s - loss: 0.6338 - acc: 0.7534
1216/1424 [========================>.....] - ETA: 0s - loss: 0.6309 - acc: 0.7533
1248/1424 [=========================>....] - ETA: 0s - loss: 0.6288 - acc: 0.7548
1280/1424 [=========================>....] - ETA: 0s - loss: 0.6266 - acc: 0.7539
1312/1424 [==========================>...] - ETA: 0s - loss: 0.6235 - acc: 0.7530
1344/1424 [===========================>..] - ETA: 0s - loss: 0.6203 - acc: 0.7545
1376/1424 [===========================>..] - ETA: 0s - loss: 0.6162 - acc: 0.7573
1408/1424 [============================>.] - ETA: 0s - loss: 0.6111 - acc: 0.7599
1424/1424 [==============================] - 9s 6ms/step - loss: 0.6107 - acc: 0.7591 - val_loss: 0.5230 - val_acc: 0.8107
Epoch 15/1000

  32/1424 [..............................] - ETA: 6s - loss: 1.0298 - acc: 0.7188
  64/1424 [>.............................] - ETA: 5s - loss: 0.7812 - acc: 0.7500
  96/1424 [=>............................] - ETA: 5s - loss: 0.6878 - acc: 0.7500
 128/1424 [=>............................] - ETA: 5s - loss: 0.6314 - acc: 0.7578
 160/1424 [==>...........................] - ETA: 5s - loss: 0.6160 - acc: 0.7500
 192/1424 [===>..........................] - ETA: 5s - loss: 0.5854 - acc: 0.7604
 224/1424 [===>..........................] - ETA: 5s - loss: 0.5813 - acc: 0.7455
 256/1424 [====>.........................] - ETA: 5s - loss: 0.5595 - acc: 0.7695
 288/1424 [=====>........................] - ETA: 4s - loss: 0.5542 - acc: 0.7674
 320/1424 [=====>........................] - ETA: 4s - loss: 0.5334 - acc: 0.7719
 352/1424 [======>.......................] - ETA: 4s - loss: 0.5963 - acc: 0.7642
 384/1424 [=======>......................] - ETA: 4s - loss: 0.5846 - acc: 0.7630
 416/1424 [=======>......................] - ETA: 4s - loss: 0.5723 - acc: 0.7644
 448/1424 [========>.....................] - ETA: 4s - loss: 0.5614 - acc: 0.7634
 480/1424 [=========>....................] - ETA: 4s - loss: 0.5798 - acc: 0.7708
 512/1424 [=========>....................] - ETA: 3s - loss: 0.6204 - acc: 0.7676
 544/1424 [==========>...................] - ETA: 3s - loss: 0.6439 - acc: 0.7610
 576/1424 [===========>..................] - ETA: 3s - loss: 0.6315 - acc: 0.7656
 608/1424 [===========>..................] - ETA: 3s - loss: 0.6425 - acc: 0.7664
 640/1424 [============>.................] - ETA: 3s - loss: 0.6381 - acc: 0.7672
 672/1424 [=============>................] - ETA: 3s - loss: 0.6735 - acc: 0.7664
 704/1424 [=============>................] - ETA: 3s - loss: 0.6675 - acc: 0.7642
 736/1424 [==============>...............] - ETA: 2s - loss: 0.6762 - acc: 0.7636
 768/1424 [===============>..............] - ETA: 2s - loss: 0.6664 - acc: 0.7695
 800/1424 [===============>..............] - ETA: 2s - loss: 0.6580 - acc: 0.7688
 832/1424 [================>.............] - ETA: 2s - loss: 0.6541 - acc: 0.7680
 864/1424 [=================>............] - ETA: 2s - loss: 0.6555 - acc: 0.7650
 896/1424 [=================>............] - ETA: 2s - loss: 0.6495 - acc: 0.7656
 928/1424 [==================>...........] - ETA: 2s - loss: 0.6449 - acc: 0.7651
 960/1424 [===================>..........] - ETA: 2s - loss: 0.6419 - acc: 0.7604
 992/1424 [===================>..........] - ETA: 1s - loss: 0.6373 - acc: 0.7631
1024/1424 [====================>.........] - ETA: 1s - loss: 0.6335 - acc: 0.7627
1056/1424 [=====================>........] - ETA: 1s - loss: 0.6308 - acc: 0.7614
1088/1424 [=====================>........] - ETA: 1s - loss: 0.6317 - acc: 0.7574
1120/1424 [======================>.......] - ETA: 1s - loss: 0.6307 - acc: 0.7545
1152/1424 [=======================>......] - ETA: 1s - loss: 0.6267 - acc: 0.7535
1184/1424 [=======================>......] - ETA: 1s - loss: 0.6259 - acc: 0.7492
1216/1424 [========================>.....] - ETA: 0s - loss: 0.6228 - acc: 0.7508
1248/1424 [=========================>....] - ETA: 0s - loss: 0.6200 - acc: 0.7508
1280/1424 [=========================>....] - ETA: 0s - loss: 0.6183 - acc: 0.7508
1312/1424 [==========================>...] - ETA: 0s - loss: 0.6170 - acc: 0.7492
1344/1424 [===========================>..] - ETA: 0s - loss: 0.6183 - acc: 0.7455
1376/1424 [===========================>..] - ETA: 0s - loss: 0.6165 - acc: 0.7442
1408/1424 [============================>.] - ETA: 0s - loss: 0.6154 - acc: 0.7443
1424/1424 [==============================] - 9s 6ms/step - loss: 0.6150 - acc: 0.7437 - val_loss: 0.5906 - val_acc: 0.7175
Epoch 16/1000

  32/1424 [..............................] - ETA: 5s - loss: 0.6018 - acc: 0.6562
  64/1424 [>.............................] - ETA: 5s - loss: 0.5883 - acc: 0.7031
  96/1424 [=>............................] - ETA: 5s - loss: 0.5988 - acc: 0.6875
 128/1424 [=>............................] - ETA: 5s - loss: 0.5876 - acc: 0.6953
 160/1424 [==>...........................] - ETA: 5s - loss: 0.5632 - acc: 0.7188
 192/1424 [===>..........................] - ETA: 5s - loss: 0.5611 - acc: 0.7188
 224/1424 [===>..........................] - ETA: 5s - loss: 0.5630 - acc: 0.7143
 256/1424 [====>.........................] - ETA: 5s - loss: 0.5660 - acc: 0.7188
 288/1424 [=====>........................] - ETA: 4s - loss: 0.5577 - acc: 0.7326
 320/1424 [=====>........................] - ETA: 4s - loss: 0.5578 - acc: 0.7250
 352/1424 [======>.......................] - ETA: 4s - loss: 0.5557 - acc: 0.7188
 384/1424 [=======>......................] - ETA: 4s - loss: 0.5576 - acc: 0.7188
 416/1424 [=======>......................] - ETA: 4s - loss: 0.5593 - acc: 0.7188
 448/1424 [========>.....................] - ETA: 4s - loss: 0.5566 - acc: 0.7165
 480/1424 [=========>....................] - ETA: 4s - loss: 0.5518 - acc: 0.7208
 512/1424 [=========>....................] - ETA: 3s - loss: 0.5502 - acc: 0.7305
 544/1424 [==========>...................] - ETA: 3s - loss: 0.5453 - acc: 0.7371
 576/1424 [===========>..................] - ETA: 3s - loss: 0.5445 - acc: 0.7413
 608/1424 [===========>..................] - ETA: 3s - loss: 0.5444 - acc: 0.7418
 640/1424 [============>.................] - ETA: 3s - loss: 0.5482 - acc: 0.7375
 672/1424 [=============>................] - ETA: 3s - loss: 0.5502 - acc: 0.7351
 704/1424 [=============>................] - ETA: 3s - loss: 0.5479 - acc: 0.7372
 736/1424 [==============>...............] - ETA: 2s - loss: 0.5438 - acc: 0.7418
 768/1424 [===============>..............] - ETA: 2s - loss: 0.5444 - acc: 0.7448
 800/1424 [===============>..............] - ETA: 2s - loss: 0.5444 - acc: 0.7412
 832/1424 [================>.............] - ETA: 2s - loss: 0.5481 - acc: 0.7428
 864/1424 [=================>............] - ETA: 2s - loss: 0.5531 - acc: 0.7454
 896/1424 [=================>............] - ETA: 2s - loss: 0.5510 - acc: 0.7455
 928/1424 [==================>...........] - ETA: 2s - loss: 0.5484 - acc: 0.7457
 960/1424 [===================>..........] - ETA: 2s - loss: 0.5478 - acc: 0.7490
 992/1424 [===================>..........] - ETA: 1s - loss: 0.5523 - acc: 0.7490
1024/1424 [====================>.........] - ETA: 1s - loss: 0.5511 - acc: 0.7500
1056/1424 [=====================>........] - ETA: 1s - loss: 0.5524 - acc: 0.7500
1088/1424 [=====================>........] - ETA: 1s - loss: 0.5499 - acc: 0.7537
1120/1424 [======================>.......] - ETA: 1s - loss: 0.5499 - acc: 0.7536
1152/1424 [=======================>......] - ETA: 1s - loss: 0.5526 - acc: 0.7500
1184/1424 [=======================>......] - ETA: 1s - loss: 0.5515 - acc: 0.7517
1216/1424 [========================>.....] - ETA: 0s - loss: 0.5497 - acc: 0.7541
1248/1424 [=========================>....] - ETA: 0s - loss: 0.5493 - acc: 0.7564
1280/1424 [=========================>....] - ETA: 0s - loss: 0.5465 - acc: 0.7594
1312/1424 [==========================>...] - ETA: 0s - loss: 0.5457 - acc: 0.7591
1344/1424 [===========================>..] - ETA: 0s - loss: 0.5433 - acc: 0.7634
1376/1424 [===========================>..] - ETA: 0s - loss: 0.5462 - acc: 0.7616
1408/1424 [============================>.] - ETA: 0s - loss: 0.5451 - acc: 0.7621
1424/1424 [==============================] - 9s 6ms/step - loss: 0.5453 - acc: 0.7605 - val_loss: 0.5443 - val_acc: 0.8107
Epoch 17/1000

  32/1424 [..............................] - ETA: 6s - loss: 0.5192 - acc: 0.8438
  64/1424 [>.............................] - ETA: 5s - loss: 0.5193 - acc: 0.8125
  96/1424 [=>............................] - ETA: 5s - loss: 0.5174 - acc: 0.8333
 128/1424 [=>............................] - ETA: 5s - loss: 0.5170 - acc: 0.8047
 160/1424 [==>...........................] - ETA: 5s - loss: 0.5122 - acc: 0.8063
 192/1424 [===>..........................] - ETA: 5s - loss: 0.5019 - acc: 0.8177
 224/1424 [===>..........................] - ETA: 5s - loss: 0.4984 - acc: 0.8125
 256/1424 [====>.........................] - ETA: 5s - loss: 0.5052 - acc: 0.7891
 288/1424 [=====>........................] - ETA: 4s - loss: 0.5114 - acc: 0.7743
 320/1424 [=====>........................] - ETA: 4s - loss: 0.5072 - acc: 0.7688
 352/1424 [======>.......................] - ETA: 4s - loss: 0.4971 - acc: 0.7784
 384/1424 [=======>......................] - ETA: 4s - loss: 0.4973 - acc: 0.7786
 416/1424 [=======>......................] - ETA: 4s - loss: 0.4996 - acc: 0.7740
 448/1424 [========>.....................] - ETA: 4s - loss: 0.4949 - acc: 0.7768
 480/1424 [=========>....................] - ETA: 4s - loss: 0.4980 - acc: 0.7792
 512/1424 [=========>....................] - ETA: 3s - loss: 0.5017 - acc: 0.7793
 544/1424 [==========>...................] - ETA: 3s - loss: 0.5070 - acc: 0.7739
 576/1424 [===========>..................] - ETA: 3s - loss: 0.5039 - acc: 0.7778
 608/1424 [===========>..................] - ETA: 3s - loss: 0.5048 - acc: 0.7829
 640/1424 [============>.................] - ETA: 3s - loss: 0.5136 - acc: 0.7750
 672/1424 [=============>................] - ETA: 3s - loss: 0.5211 - acc: 0.7723
 704/1424 [=============>................] - ETA: 3s - loss: 0.5211 - acc: 0.7713
 736/1424 [==============>...............] - ETA: 2s - loss: 0.5173 - acc: 0.7745
 768/1424 [===============>..............] - ETA: 2s - loss: 0.5128 - acc: 0.7799
 800/1424 [===============>..............] - ETA: 2s - loss: 0.5083 - acc: 0.7825
 832/1424 [================>.............] - ETA: 2s - loss: 0.5052 - acc: 0.7861
 864/1424 [=================>............] - ETA: 2s - loss: 0.5066 - acc: 0.7847
 896/1424 [=================>............] - ETA: 2s - loss: 0.5072 - acc: 0.7857
 928/1424 [==================>...........] - ETA: 2s - loss: 0.5068 - acc: 0.7856
 960/1424 [===================>..........] - ETA: 2s - loss: 0.5073 - acc: 0.7844
 992/1424 [===================>..........] - ETA: 1s - loss: 0.5084 - acc: 0.7823
1024/1424 [====================>.........] - ETA: 1s - loss: 0.5055 - acc: 0.7832
1056/1424 [=====================>........] - ETA: 1s - loss: 0.5033 - acc: 0.7850
1088/1424 [=====================>........] - ETA: 1s - loss: 0.4998 - acc: 0.7840
1120/1424 [======================>.......] - ETA: 1s - loss: 0.4999 - acc: 0.7839
1152/1424 [=======================>......] - ETA: 1s - loss: 0.4991 - acc: 0.7839
1184/1424 [=======================>......] - ETA: 1s - loss: 0.5003 - acc: 0.7838
1216/1424 [========================>.....] - ETA: 0s - loss: 0.4983 - acc: 0.7854
1248/1424 [=========================>....] - ETA: 0s - loss: 0.5064 - acc: 0.7869
1280/1424 [=========================>....] - ETA: 0s - loss: 0.5076 - acc: 0.7891
1312/1424 [==========================>...] - ETA: 0s - loss: 0.5072 - acc: 0.7889
1344/1424 [===========================>..] - ETA: 0s - loss: 0.5069 - acc: 0.7894
1376/1424 [===========================>..] - ETA: 0s - loss: 0.5053 - acc: 0.7892
1408/1424 [============================>.] - ETA: 0s - loss: 0.5040 - acc: 0.7898
1424/1424 [==============================] - 9s 6ms/step - loss: 0.5043 - acc: 0.7893 - val_loss: 0.4788 - val_acc: 0.8305
Epoch 18/1000

  32/1424 [..............................] - ETA: 6s - loss: 0.4958 - acc: 0.7188
  64/1424 [>.............................] - ETA: 5s - loss: 0.5266 - acc: 0.7500
  96/1424 [=>............................] - ETA: 5s - loss: 0.5318 - acc: 0.7188
 128/1424 [=>............................] - ETA: 5s - loss: 0.5284 - acc: 0.7188
 160/1424 [==>...........................] - ETA: 5s - loss: 0.5119 - acc: 0.7500
 192/1424 [===>..........................] - ETA: 5s - loss: 0.5148 - acc: 0.7656
 224/1424 [===>..........................] - ETA: 5s - loss: 0.4982 - acc: 0.7812
 256/1424 [====>.........................] - ETA: 5s - loss: 0.4918 - acc: 0.7773
 288/1424 [=====>........................] - ETA: 4s - loss: 0.5014 - acc: 0.7743
 320/1424 [=====>........................] - ETA: 4s - loss: 0.4907 - acc: 0.7781
 352/1424 [======>.......................] - ETA: 4s - loss: 0.4836 - acc: 0.7898
 384/1424 [=======>......................] - ETA: 4s - loss: 0.4921 - acc: 0.7865
 416/1424 [=======>......................] - ETA: 4s - loss: 0.4995 - acc: 0.7788
 448/1424 [========>.....................] - ETA: 4s - loss: 0.4895 - acc: 0.7902
 480/1424 [=========>....................] - ETA: 4s - loss: 0.5316 - acc: 0.7875
 512/1424 [=========>....................] - ETA: 3s - loss: 0.5239 - acc: 0.7949
 544/1424 [==========>...................] - ETA: 3s - loss: 0.5221 - acc: 0.7886
 576/1424 [===========>..................] - ETA: 3s - loss: 0.5195 - acc: 0.7934
 608/1424 [===========>..................] - ETA: 3s - loss: 0.5128 - acc: 0.7977
 640/1424 [============>.................] - ETA: 3s - loss: 0.5103 - acc: 0.7984
 672/1424 [=============>................] - ETA: 3s - loss: 0.5071 - acc: 0.7991
 704/1424 [=============>................] - ETA: 3s - loss: 0.5058 - acc: 0.7969
 736/1424 [==============>...............] - ETA: 2s - loss: 0.5068 - acc: 0.7935
 768/1424 [===============>..............] - ETA: 2s - loss: 0.5106 - acc: 0.7891
 800/1424 [===============>..............] - ETA: 2s - loss: 0.5108 - acc: 0.7875
 832/1424 [================>.............] - ETA: 2s - loss: 0.5185 - acc: 0.7861
 864/1424 [=================>............] - ETA: 2s - loss: 0.5172 - acc: 0.7847
 896/1424 [=================>............] - ETA: 2s - loss: 0.5176 - acc: 0.7868
 928/1424 [==================>...........] - ETA: 2s - loss: 0.5120 - acc: 0.7899
 960/1424 [===================>..........] - ETA: 2s - loss: 0.5121 - acc: 0.7885
 992/1424 [===================>..........] - ETA: 1s - loss: 0.5114 - acc: 0.7893
1024/1424 [====================>.........] - ETA: 1s - loss: 0.5068 - acc: 0.7939
1056/1424 [=====================>........] - ETA: 1s - loss: 0.5173 - acc: 0.7973
1088/1424 [=====================>........] - ETA: 1s - loss: 0.5121 - acc: 0.8006
1120/1424 [======================>.......] - ETA: 1s - loss: 0.5099 - acc: 0.8000
1152/1424 [=======================>......] - ETA: 1s - loss: 0.5076 - acc: 0.7986
1184/1424 [=======================>......] - ETA: 1s - loss: 0.5110 - acc: 0.7990
1216/1424 [========================>.....] - ETA: 0s - loss: 0.5080 - acc: 0.8002
1248/1424 [=========================>....] - ETA: 0s - loss: 0.5092 - acc: 0.7973
1280/1424 [=========================>....] - ETA: 0s - loss: 0.5078 - acc: 0.7969
1312/1424 [==========================>...] - ETA: 0s - loss: 0.5077 - acc: 0.7965
1344/1424 [===========================>..] - ETA: 0s - loss: 0.5043 - acc: 0.7991
1376/1424 [===========================>..] - ETA: 0s - loss: 0.5016 - acc: 0.8009
1408/1424 [============================>.] - ETA: 0s - loss: 0.5003 - acc: 0.8018
1424/1424 [==============================] - 9s 6ms/step - loss: 0.5005 - acc: 0.8006 - val_loss: 0.4617 - val_acc: 0.8305
Epoch 19/1000

  32/1424 [..............................] - ETA: 6s - loss: 0.5532 - acc: 0.7812
  64/1424 [>.............................] - ETA: 5s - loss: 0.5525 - acc: 0.7656
  96/1424 [=>............................] - ETA: 5s - loss: 0.5242 - acc: 0.7812
 128/1424 [=>............................] - ETA: 5s - loss: 0.5061 - acc: 0.7812
 160/1424 [==>...........................] - ETA: 5s - loss: 0.5077 - acc: 0.7812
 192/1424 [===>..........................] - ETA: 5s - loss: 0.4820 - acc: 0.8021
 224/1424 [===>..........................] - ETA: 5s - loss: 0.4726 - acc: 0.8080
 256/1424 [====>.........................] - ETA: 5s - loss: 0.4763 - acc: 0.8047
 288/1424 [=====>........................] - ETA: 4s - loss: 0.4875 - acc: 0.8056
 320/1424 [=====>........................] - ETA: 4s - loss: 0.4858 - acc: 0.8094
 352/1424 [======>.......................] - ETA: 4s - loss: 0.4843 - acc: 0.8097
 384/1424 [=======>......................] - ETA: 4s - loss: 0.4795 - acc: 0.8073
 416/1424 [=======>......................] - ETA: 4s - loss: 0.4802 - acc: 0.8053
 448/1424 [========>.....................] - ETA: 4s - loss: 0.4765 - acc: 0.8103
 480/1424 [=========>....................] - ETA: 4s - loss: 0.4678 - acc: 0.8146
 512/1424 [=========>....................] - ETA: 3s - loss: 0.4664 - acc: 0.8145
 544/1424 [==========>...................] - ETA: 3s - loss: 0.4740 - acc: 0.8088
 576/1424 [===========>..................] - ETA: 3s - loss: 0.4762 - acc: 0.8090
 608/1424 [===========>..................] - ETA: 3s - loss: 0.4851 - acc: 0.7993
 640/1424 [============>.................] - ETA: 3s - loss: 0.4804 - acc: 0.8000
 672/1424 [=============>................] - ETA: 3s - loss: 0.4763 - acc: 0.8036
 704/1424 [=============>................] - ETA: 3s - loss: 0.4766 - acc: 0.7997
 736/1424 [==============>...............] - ETA: 2s - loss: 0.4760 - acc: 0.7962
 768/1424 [===============>..............] - ETA: 2s - loss: 0.4727 - acc: 0.7969
 800/1424 [===============>..............] - ETA: 2s - loss: 0.4835 - acc: 0.7937
 832/1424 [================>.............] - ETA: 2s - loss: 0.4789 - acc: 0.7969
 864/1424 [=================>............] - ETA: 2s - loss: 0.4865 - acc: 0.7928
 896/1424 [=================>............] - ETA: 2s - loss: 0.4855 - acc: 0.7902
 928/1424 [==================>...........] - ETA: 2s - loss: 0.4993 - acc: 0.7931
 960/1424 [===================>..........] - ETA: 2s - loss: 0.4957 - acc: 0.7969
 992/1424 [===================>..........] - ETA: 1s - loss: 0.4939 - acc: 0.7994
1024/1424 [====================>.........] - ETA: 1s - loss: 0.4878 - acc: 0.8037
1056/1424 [=====================>........] - ETA: 1s - loss: 0.4880 - acc: 0.8030
1088/1424 [=====================>........] - ETA: 1s - loss: 0.4888 - acc: 0.8042
1120/1424 [======================>.......] - ETA: 1s - loss: 0.4894 - acc: 0.8045
1152/1424 [=======================>......] - ETA: 1s - loss: 0.4854 - acc: 0.8064
1184/1424 [=======================>......] - ETA: 1s - loss: 0.4844 - acc: 0.8057
1216/1424 [========================>.....] - ETA: 0s - loss: 0.4870 - acc: 0.8076
1248/1424 [=========================>....] - ETA: 0s - loss: 0.4854 - acc: 0.8077
1280/1424 [=========================>....] - ETA: 0s - loss: 0.4850 - acc: 0.8063
1312/1424 [==========================>...] - ETA: 0s - loss: 0.4836 - acc: 0.8049
1344/1424 [===========================>..] - ETA: 0s - loss: 0.4803 - acc: 0.8073
1376/1424 [===========================>..] - ETA: 0s - loss: 0.4809 - acc: 0.8052
1408/1424 [============================>.] - ETA: 0s - loss: 0.4798 - acc: 0.8047
1424/1424 [==============================] - 9s 6ms/step - loss: 0.4823 - acc: 0.8020 - val_loss: 0.5083 - val_acc: 0.8037
Epoch 20/1000

  32/1424 [..............................] - ETA: 6s - loss: 0.3567 - acc: 0.8750
  64/1424 [>.............................] - ETA: 5s - loss: 0.4285 - acc: 0.8281
  96/1424 [=>............................] - ETA: 5s - loss: 0.4876 - acc: 0.7917
 128/1424 [=>............................] - ETA: 5s - loss: 0.4967 - acc: 0.7734
 160/1424 [==>...........................] - ETA: 5s - loss: 0.5656 - acc: 0.7562
 192/1424 [===>..........................] - ETA: 5s - loss: 0.5603 - acc: 0.7552
 224/1424 [===>..........................] - ETA: 5s - loss: 0.5429 - acc: 0.7679
 256/1424 [====>.........................] - ETA: 5s - loss: 0.5249 - acc: 0.7734
 288/1424 [=====>........................] - ETA: 4s - loss: 0.5102 - acc: 0.7743
 320/1424 [=====>........................] - ETA: 4s - loss: 0.5083 - acc: 0.7719
 352/1424 [======>.......................] - ETA: 4s - loss: 0.5006 - acc: 0.7812
 384/1424 [=======>......................] - ETA: 4s - loss: 0.5036 - acc: 0.7812
 416/1424 [=======>......................] - ETA: 4s - loss: 0.5033 - acc: 0.7788
 448/1424 [========>.....................] - ETA: 4s - loss: 0.5009 - acc: 0.7857
 480/1424 [=========>....................] - ETA: 4s - loss: 0.4942 - acc: 0.7875
 512/1424 [=========>....................] - ETA: 3s - loss: 0.5002 - acc: 0.7793
 544/1424 [==========>...................] - ETA: 3s - loss: 0.5046 - acc: 0.7776
 576/1424 [===========>..................] - ETA: 3s - loss: 0.5037 - acc: 0.7795
 608/1424 [===========>..................] - ETA: 3s - loss: 0.4995 - acc: 0.7829
 640/1424 [============>.................] - ETA: 3s - loss: 0.5042 - acc: 0.7812
 672/1424 [=============>................] - ETA: 3s - loss: 0.5001 - acc: 0.7857
 704/1424 [=============>................] - ETA: 3s - loss: 0.5057 - acc: 0.7898
 736/1424 [==============>...............] - ETA: 2s - loss: 0.5055 - acc: 0.7880
 768/1424 [===============>..............] - ETA: 2s - loss: 0.5044 - acc: 0.7904
 800/1424 [===============>..............] - ETA: 2s - loss: 0.5034 - acc: 0.7887
 832/1424 [================>.............] - ETA: 2s - loss: 0.4996 - acc: 0.7897
 864/1424 [=================>............] - ETA: 2s - loss: 0.4971 - acc: 0.7917
 896/1424 [=================>............] - ETA: 2s - loss: 0.4962 - acc: 0.7891
 928/1424 [==================>...........] - ETA: 2s - loss: 0.4944 - acc: 0.7899
 960/1424 [===================>..........] - ETA: 2s - loss: 0.4924 - acc: 0.7917
 992/1424 [===================>..........] - ETA: 1s - loss: 0.4877 - acc: 0.7944
1024/1424 [====================>.........] - ETA: 1s - loss: 0.4824 - acc: 0.7979
1056/1424 [=====================>........] - ETA: 1s - loss: 0.4851 - acc: 0.7983
1088/1424 [=====================>........] - ETA: 1s - loss: 0.4852 - acc: 0.7987
1120/1424 [======================>.......] - ETA: 1s - loss: 0.4855 - acc: 0.7982
1152/1424 [=======================>......] - ETA: 1s - loss: 0.4851 - acc: 0.7977
1184/1424 [=======================>......] - ETA: 1s - loss: 0.4819 - acc: 0.8007
1216/1424 [========================>.....] - ETA: 0s - loss: 0.4820 - acc: 0.7993
1248/1424 [=========================>....] - ETA: 0s - loss: 0.4847 - acc: 0.7997
1280/1424 [=========================>....] - ETA: 0s - loss: 0.4866 - acc: 0.7984
1312/1424 [==========================>...] - ETA: 0s - loss: 0.4850 - acc: 0.7988
1344/1424 [===========================>..] - ETA: 0s - loss: 0.4840 - acc: 0.7999
1376/1424 [===========================>..] - ETA: 0s - loss: 0.4856 - acc: 0.7980
1408/1424 [============================>.] - ETA: 0s - loss: 0.4820 - acc: 0.7997
1424/1424 [==============================] - 9s 6ms/step - loss: 0.4809 - acc: 0.7985 - val_loss: 0.4858 - val_acc: 0.8206

  32/1424 [..............................] - ETA: 5s
  64/1424 [>.............................] - ETA: 4s
  96/1424 [=>............................] - ETA: 4s
 128/1424 [=>............................] - ETA: 4s
 160/1424 [==>...........................] - ETA: 4s
 192/1424 [===>..........................] - ETA: 4s
 224/1424 [===>..........................] - ETA: 4s
 256/1424 [====>.........................] - ETA: 4s
 288/1424 [=====>........................] - ETA: 4s
 320/1424 [=====>........................] - ETA: 3s
 352/1424 [======>.......................] - ETA: 3s
 384/1424 [=======>......................] - ETA: 3s
 416/1424 [=======>......................] - ETA: 3s
 448/1424 [========>.....................] - ETA: 3s
 480/1424 [=========>....................] - ETA: 3s
 512/1424 [=========>....................] - ETA: 3s
 544/1424 [==========>...................] - ETA: 3s
 576/1424 [===========>..................] - ETA: 3s
 608/1424 [===========>..................] - ETA: 2s
 640/1424 [============>.................] - ETA: 2s
 672/1424 [=============>................] - ETA: 2s
 704/1424 [=============>................] - ETA: 2s
 736/1424 [==============>...............] - ETA: 2s
 768/1424 [===============>..............] - ETA: 2s
 800/1424 [===============>..............] - ETA: 2s
 832/1424 [================>.............] - ETA: 2s
 864/1424 [=================>............] - ETA: 1s
 896/1424 [=================>............] - ETA: 1s
 928/1424 [==================>...........] - ETA: 1s
 960/1424 [===================>..........] - ETA: 1s
 992/1424 [===================>..........] - ETA: 1s
1024/1424 [====================>.........] - ETA: 1s
1056/1424 [=====================>........] - ETA: 1s
1088/1424 [=====================>........] - ETA: 1s
1120/1424 [======================>.......] - ETA: 1s
1152/1424 [=======================>......] - ETA: 0s
1184/1424 [=======================>......] - ETA: 0s
1216/1424 [========================>.....] - ETA: 0s
1248/1424 [=========================>....] - ETA: 0s
1280/1424 [=========================>....] - ETA: 0s
1312/1424 [==========================>...] - ETA: 0s
1344/1424 [===========================>..] - ETA: 0s
1376/1424 [===========================>..] - ETA: 0s
1408/1424 [============================>.] - ETA: 0s
1424/1424 [==============================] - 5s 4ms/step
Test acc: 0.8398876404494382
Test auc: 0.9112781687918192
Test mcc: 0.6820420088810877
Execute epoch: 20
Execute time: 183.20567107200623
