_________________________________________________________________
Layer (type)                 Output Shape              Param #   
=================================================================
embedding_1 (Embedding)      (None, None, 128)         2688      
_________________________________________________________________
lstm_1 (LSTM)                (None, None, 64)          49408     
_________________________________________________________________
lstm_2 (LSTM)                (None, None, 64)          33024     
_________________________________________________________________
lstm_3 (LSTM)                (None, 64)                33024     
_________________________________________________________________
dense_1 (Dense)              (None, 16)                1040      
_________________________________________________________________
dense_2 (Dense)              (None, 1)                 17        
=================================================================
Total params: 119,201
Trainable params: 119,201
Non-trainable params: 0
_________________________________________________________________
Train on 1424 samples, validate on 708 samples
Epoch 1/1000

  32/1424 [..............................] - ETA: 2:25 - loss: 0.6932 - acc: 0.5000
  64/1424 [>.............................] - ETA: 1:14 - loss: 0.6931 - acc: 0.5469
  96/1424 [=>............................] - ETA: 51s - loss: 0.6928 - acc: 0.5729 
 128/1424 [=>............................] - ETA: 39s - loss: 0.6930 - acc: 0.5469
 160/1424 [==>...........................] - ETA: 31s - loss: 0.6924 - acc: 0.5687
 192/1424 [===>..........................] - ETA: 26s - loss: 0.6922 - acc: 0.5677
 224/1424 [===>..........................] - ETA: 23s - loss: 0.6920 - acc: 0.5670
 256/1424 [====>.........................] - ETA: 20s - loss: 0.6919 - acc: 0.5625
 288/1424 [=====>........................] - ETA: 18s - loss: 0.6928 - acc: 0.5417
 320/1424 [=====>........................] - ETA: 16s - loss: 0.6930 - acc: 0.5344
 352/1424 [======>.......................] - ETA: 15s - loss: 0.6938 - acc: 0.5170
 384/1424 [=======>......................] - ETA: 14s - loss: 0.6934 - acc: 0.5208
 416/1424 [=======>......................] - ETA: 13s - loss: 0.6930 - acc: 0.5240
 448/1424 [========>.....................] - ETA: 12s - loss: 0.6933 - acc: 0.5179
 480/1424 [=========>....................] - ETA: 11s - loss: 0.6929 - acc: 0.5229
 512/1424 [=========>....................] - ETA: 10s - loss: 0.6931 - acc: 0.5176
 544/1424 [==========>...................] - ETA: 9s - loss: 0.6930 - acc: 0.5165 
 576/1424 [===========>..................] - ETA: 9s - loss: 0.6931 - acc: 0.5122
 608/1424 [===========>..................] - ETA: 8s - loss: 0.6929 - acc: 0.5132
 640/1424 [============>.................] - ETA: 8s - loss: 0.6927 - acc: 0.5156
 672/1424 [=============>................] - ETA: 7s - loss: 0.6927 - acc: 0.5134
 704/1424 [=============>................] - ETA: 7s - loss: 0.6925 - acc: 0.5128
 736/1424 [==============>...............] - ETA: 6s - loss: 0.6925 - acc: 0.5109
 768/1424 [===============>..............] - ETA: 6s - loss: 0.6923 - acc: 0.5104
 800/1424 [===============>..............] - ETA: 5s - loss: 0.6920 - acc: 0.5100
 832/1424 [================>.............] - ETA: 5s - loss: 0.6920 - acc: 0.5084
 864/1424 [=================>............] - ETA: 5s - loss: 0.6917 - acc: 0.5104
 896/1424 [=================>............] - ETA: 4s - loss: 0.6914 - acc: 0.5089
 928/1424 [==================>...........] - ETA: 4s - loss: 0.6913 - acc: 0.5075
 960/1424 [===================>..........] - ETA: 4s - loss: 0.6910 - acc: 0.5052
 992/1424 [===================>..........] - ETA: 3s - loss: 0.6906 - acc: 0.5020
1024/1424 [====================>.........] - ETA: 3s - loss: 0.6899 - acc: 0.5029
1056/1424 [=====================>........] - ETA: 3s - loss: 0.6896 - acc: 0.4972
1088/1424 [=====================>........] - ETA: 2s - loss: 0.6883 - acc: 0.4991
1120/1424 [======================>.......] - ETA: 2s - loss: 0.6869 - acc: 0.5009
1152/1424 [=======================>......] - ETA: 2s - loss: 0.6847 - acc: 0.5052
1184/1424 [=======================>......] - ETA: 1s - loss: 0.6812 - acc: 0.5084
1216/1424 [========================>.....] - ETA: 1s - loss: 0.6834 - acc: 0.5099
1248/1424 [=========================>....] - ETA: 1s - loss: 0.6839 - acc: 0.5112
1280/1424 [=========================>....] - ETA: 1s - loss: 0.6827 - acc: 0.5148
1312/1424 [==========================>...] - ETA: 0s - loss: 0.6812 - acc: 0.5221
1344/1424 [===========================>..] - ETA: 0s - loss: 0.6810 - acc: 0.5260
1376/1424 [===========================>..] - ETA: 0s - loss: 0.6797 - acc: 0.5298
1408/1424 [============================>.] - ETA: 0s - loss: 0.6792 - acc: 0.5348
1424/1424 [==============================] - 14s 10ms/step - loss: 0.6790 - acc: 0.5365 - val_loss: 0.6552 - val_acc: 0.7302
Epoch 2/1000

  32/1424 [..............................] - ETA: 7s - loss: 0.6873 - acc: 0.6562
  64/1424 [>.............................] - ETA: 7s - loss: 0.6683 - acc: 0.6094
  96/1424 [=>............................] - ETA: 7s - loss: 0.6704 - acc: 0.6146
 128/1424 [=>............................] - ETA: 6s - loss: 0.6548 - acc: 0.6562
 160/1424 [==>...........................] - ETA: 6s - loss: 0.6515 - acc: 0.6750
 192/1424 [===>..........................] - ETA: 6s - loss: 0.6403 - acc: 0.7188
 224/1424 [===>..........................] - ETA: 6s - loss: 0.6344 - acc: 0.7411
 256/1424 [====>.........................] - ETA: 6s - loss: 0.6263 - acc: 0.7422
 288/1424 [=====>........................] - ETA: 6s - loss: 0.6148 - acc: 0.7361
 320/1424 [=====>........................] - ETA: 5s - loss: 0.6059 - acc: 0.7219
 352/1424 [======>.......................] - ETA: 5s - loss: 0.6474 - acc: 0.7017
 384/1424 [=======>......................] - ETA: 5s - loss: 0.6858 - acc: 0.6823
 416/1424 [=======>......................] - ETA: 5s - loss: 0.7124 - acc: 0.6731
 448/1424 [========>.....................] - ETA: 5s - loss: 0.7022 - acc: 0.6719
 480/1424 [=========>....................] - ETA: 5s - loss: 0.6951 - acc: 0.6708
 512/1424 [=========>....................] - ETA: 4s - loss: 0.7119 - acc: 0.6797
 544/1424 [==========>...................] - ETA: 4s - loss: 0.7016 - acc: 0.6912
 576/1424 [===========>..................] - ETA: 4s - loss: 0.6948 - acc: 0.6979
 608/1424 [===========>..................] - ETA: 4s - loss: 0.6980 - acc: 0.7023
 640/1424 [============>.................] - ETA: 4s - loss: 0.6910 - acc: 0.7109
 672/1424 [=============>................] - ETA: 3s - loss: 0.6850 - acc: 0.7128
 704/1424 [=============>................] - ETA: 3s - loss: 0.6776 - acc: 0.7188
 736/1424 [==============>...............] - ETA: 3s - loss: 0.6704 - acc: 0.7269
 768/1424 [===============>..............] - ETA: 3s - loss: 0.6663 - acc: 0.7240
 800/1424 [===============>..............] - ETA: 3s - loss: 0.6602 - acc: 0.7250
 832/1424 [================>.............] - ETA: 3s - loss: 0.6545 - acc: 0.7236
 864/1424 [=================>............] - ETA: 2s - loss: 0.6472 - acc: 0.7257
 896/1424 [=================>............] - ETA: 2s - loss: 0.6391 - acc: 0.7288
 928/1424 [==================>...........] - ETA: 2s - loss: 0.6307 - acc: 0.7317
 960/1424 [===================>..........] - ETA: 2s - loss: 0.6271 - acc: 0.7354
 992/1424 [===================>..........] - ETA: 2s - loss: 0.6284 - acc: 0.7379
1024/1424 [====================>.........] - ETA: 2s - loss: 0.6370 - acc: 0.7412
1056/1424 [=====================>........] - ETA: 1s - loss: 0.6340 - acc: 0.7434
1088/1424 [=====================>........] - ETA: 1s - loss: 0.6599 - acc: 0.7408
1120/1424 [======================>.......] - ETA: 1s - loss: 0.6568 - acc: 0.7438
1152/1424 [=======================>......] - ETA: 1s - loss: 0.6531 - acc: 0.7465
1184/1424 [=======================>......] - ETA: 1s - loss: 0.6511 - acc: 0.7449
1216/1424 [========================>.....] - ETA: 1s - loss: 0.6475 - acc: 0.7467
1248/1424 [=========================>....] - ETA: 0s - loss: 0.6428 - acc: 0.7468
1280/1424 [=========================>....] - ETA: 0s - loss: 0.6412 - acc: 0.7453
1312/1424 [==========================>...] - ETA: 0s - loss: 0.6393 - acc: 0.7485
1344/1424 [===========================>..] - ETA: 0s - loss: 0.6365 - acc: 0.7493
1376/1424 [===========================>..] - ETA: 0s - loss: 0.6357 - acc: 0.7464
1408/1424 [============================>.] - ETA: 0s - loss: 0.6347 - acc: 0.7457
1424/1424 [==============================] - 10s 7ms/step - loss: 0.6336 - acc: 0.7437 - val_loss: 0.5759 - val_acc: 0.7712
Epoch 3/1000

  32/1424 [..............................] - ETA: 7s - loss: 0.6397 - acc: 0.7812
  64/1424 [>.............................] - ETA: 7s - loss: 0.6146 - acc: 0.7344
  96/1424 [=>............................] - ETA: 7s - loss: 0.6201 - acc: 0.6979
 128/1424 [=>............................] - ETA: 6s - loss: 0.6049 - acc: 0.7109
 160/1424 [==>...........................] - ETA: 6s - loss: 0.6111 - acc: 0.6813
 192/1424 [===>..........................] - ETA: 6s - loss: 0.6070 - acc: 0.7188
 224/1424 [===>..........................] - ETA: 6s - loss: 0.5987 - acc: 0.7366
 256/1424 [====>.........................] - ETA: 6s - loss: 0.5967 - acc: 0.7305
 288/1424 [=====>........................] - ETA: 6s - loss: 0.5932 - acc: 0.7257
 320/1424 [=====>........................] - ETA: 5s - loss: 0.6004 - acc: 0.7344
 352/1424 [======>.......................] - ETA: 5s - loss: 0.5949 - acc: 0.7443
 384/1424 [=======>......................] - ETA: 5s - loss: 0.5869 - acc: 0.7500
 416/1424 [=======>......................] - ETA: 5s - loss: 0.5786 - acc: 0.7596
 448/1424 [========>.....................] - ETA: 5s - loss: 0.5746 - acc: 0.7656
 480/1424 [=========>....................] - ETA: 5s - loss: 0.5735 - acc: 0.7625
 512/1424 [=========>....................] - ETA: 4s - loss: 0.5692 - acc: 0.7695
 544/1424 [==========>...................] - ETA: 4s - loss: 0.5656 - acc: 0.7757
 576/1424 [===========>..................] - ETA: 4s - loss: 0.5670 - acc: 0.7708
 608/1424 [===========>..................] - ETA: 4s - loss: 0.5667 - acc: 0.7697
 640/1424 [============>.................] - ETA: 4s - loss: 0.5635 - acc: 0.7688
 672/1424 [=============>................] - ETA: 4s - loss: 0.5652 - acc: 0.7664
 704/1424 [=============>................] - ETA: 3s - loss: 0.5638 - acc: 0.7670
 736/1424 [==============>...............] - ETA: 3s - loss: 0.5556 - acc: 0.7758
 768/1424 [===============>..............] - ETA: 3s - loss: 0.5487 - acc: 0.7786
 800/1424 [===============>..............] - ETA: 3s - loss: 0.5441 - acc: 0.7812
 832/1424 [================>.............] - ETA: 3s - loss: 0.5603 - acc: 0.7812
 864/1424 [=================>............] - ETA: 2s - loss: 0.5562 - acc: 0.7859
 896/1424 [=================>............] - ETA: 2s - loss: 0.5647 - acc: 0.7902
 928/1424 [==================>...........] - ETA: 2s - loss: 0.5567 - acc: 0.7942
 960/1424 [===================>..........] - ETA: 2s - loss: 0.5467 - acc: 0.7990
 992/1424 [===================>..........] - ETA: 2s - loss: 0.5440 - acc: 0.7974
1024/1424 [====================>.........] - ETA: 2s - loss: 0.5405 - acc: 0.7998
1056/1424 [=====================>........] - ETA: 1s - loss: 0.5376 - acc: 0.8040
1088/1424 [=====================>........] - ETA: 1s - loss: 0.5309 - acc: 0.8061
1120/1424 [======================>.......] - ETA: 1s - loss: 0.5256 - acc: 0.8080
1152/1424 [=======================>......] - ETA: 1s - loss: 0.5226 - acc: 0.8082
1184/1424 [=======================>......] - ETA: 1s - loss: 0.5154 - acc: 0.8108
1216/1424 [========================>.....] - ETA: 1s - loss: 0.5120 - acc: 0.8133
1248/1424 [=========================>....] - ETA: 0s - loss: 0.5107 - acc: 0.8117
1280/1424 [=========================>....] - ETA: 0s - loss: 0.5052 - acc: 0.8133
1312/1424 [==========================>...] - ETA: 0s - loss: 0.5042 - acc: 0.8110
1344/1424 [===========================>..] - ETA: 0s - loss: 0.5028 - acc: 0.8095
1376/1424 [===========================>..] - ETA: 0s - loss: 0.4997 - acc: 0.8103
1408/1424 [============================>.] - ETA: 0s - loss: 0.5083 - acc: 0.8104
1424/1424 [==============================] - 10s 7ms/step - loss: 0.5065 - acc: 0.8118 - val_loss: 0.4192 - val_acc: 0.8573
Epoch 4/1000

  32/1424 [..............................] - ETA: 7s - loss: 0.5177 - acc: 0.7500
  64/1424 [>.............................] - ETA: 7s - loss: 0.4287 - acc: 0.8125
  96/1424 [=>............................] - ETA: 7s - loss: 0.4335 - acc: 0.7812
 128/1424 [=>............................] - ETA: 6s - loss: 0.5394 - acc: 0.7969
 160/1424 [==>...........................] - ETA: 6s - loss: 0.5167 - acc: 0.7937
 192/1424 [===>..........................] - ETA: 6s - loss: 0.5012 - acc: 0.7865
 224/1424 [===>..........................] - ETA: 6s - loss: 0.4763 - acc: 0.8036
 256/1424 [====>.........................] - ETA: 6s - loss: 0.4708 - acc: 0.8086
 288/1424 [=====>........................] - ETA: 6s - loss: 0.4764 - acc: 0.8056
 320/1424 [=====>........................] - ETA: 5s - loss: 0.4721 - acc: 0.8063
 352/1424 [======>.......................] - ETA: 5s - loss: 0.4588 - acc: 0.8097
 384/1424 [=======>......................] - ETA: 5s - loss: 0.4539 - acc: 0.8125
 416/1424 [=======>......................] - ETA: 5s - loss: 0.4421 - acc: 0.8173
 448/1424 [========>.....................] - ETA: 5s - loss: 0.4364 - acc: 0.8170
 480/1424 [=========>....................] - ETA: 5s - loss: 0.4582 - acc: 0.8167
 512/1424 [=========>....................] - ETA: 4s - loss: 0.4549 - acc: 0.8184
 544/1424 [==========>...................] - ETA: 4s - loss: 0.4829 - acc: 0.8180
 576/1424 [===========>..................] - ETA: 4s - loss: 0.4770 - acc: 0.8194
 608/1424 [===========>..................] - ETA: 4s - loss: 0.4728 - acc: 0.8191
 640/1424 [============>.................] - ETA: 4s - loss: 0.4628 - acc: 0.8250
 672/1424 [=============>................] - ETA: 3s - loss: 0.4552 - acc: 0.8274
 704/1424 [=============>................] - ETA: 3s - loss: 0.4562 - acc: 0.8281
 736/1424 [==============>...............] - ETA: 3s - loss: 0.4563 - acc: 0.8261
 768/1424 [===============>..............] - ETA: 3s - loss: 0.4567 - acc: 0.8229
 800/1424 [===============>..............] - ETA: 3s - loss: 0.4521 - acc: 0.8237
 832/1424 [================>.............] - ETA: 3s - loss: 0.4556 - acc: 0.8221
 864/1424 [=================>............] - ETA: 2s - loss: 0.4534 - acc: 0.8218
 896/1424 [=================>............] - ETA: 2s - loss: 0.4522 - acc: 0.8225
 928/1424 [==================>...........] - ETA: 2s - loss: 0.4581 - acc: 0.8190
 960/1424 [===================>..........] - ETA: 2s - loss: 0.4599 - acc: 0.8167
 992/1424 [===================>..........] - ETA: 2s - loss: 0.4593 - acc: 0.8175
1024/1424 [====================>.........] - ETA: 2s - loss: 0.4559 - acc: 0.8193
1056/1424 [=====================>........] - ETA: 1s - loss: 0.4580 - acc: 0.8191
1088/1424 [=====================>........] - ETA: 1s - loss: 0.4577 - acc: 0.8180
1120/1424 [======================>.......] - ETA: 1s - loss: 0.4569 - acc: 0.8179
1152/1424 [=======================>......] - ETA: 1s - loss: 0.4694 - acc: 0.8177
1184/1424 [=======================>......] - ETA: 1s - loss: 0.4693 - acc: 0.8184
1216/1424 [========================>.....] - ETA: 1s - loss: 0.4647 - acc: 0.8183
1248/1424 [=========================>....] - ETA: 0s - loss: 0.4676 - acc: 0.8165
1280/1424 [=========================>....] - ETA: 0s - loss: 0.4774 - acc: 0.8172
1312/1424 [==========================>...] - ETA: 0s - loss: 0.4784 - acc: 0.8140
1344/1424 [===========================>..] - ETA: 0s - loss: 0.4774 - acc: 0.8132
1376/1424 [===========================>..] - ETA: 0s - loss: 0.4790 - acc: 0.8110
1408/1424 [============================>.] - ETA: 0s - loss: 0.4778 - acc: 0.8104
1424/1424 [==============================] - 10s 7ms/step - loss: 0.4756 - acc: 0.8118 - val_loss: 0.4077 - val_acc: 0.8503
Epoch 5/1000

  32/1424 [..............................] - ETA: 7s - loss: 0.3148 - acc: 0.8750
  64/1424 [>.............................] - ETA: 7s - loss: 0.3065 - acc: 0.8750
  96/1424 [=>............................] - ETA: 7s - loss: 0.3098 - acc: 0.8646
 128/1424 [=>............................] - ETA: 6s - loss: 0.3062 - acc: 0.8672
 160/1424 [==>...........................] - ETA: 6s - loss: 0.3036 - acc: 0.8688
 192/1424 [===>..........................] - ETA: 6s - loss: 0.3287 - acc: 0.8542
 224/1424 [===>..........................] - ETA: 6s - loss: 0.3316 - acc: 0.8661
 256/1424 [====>.........................] - ETA: 6s - loss: 0.3322 - acc: 0.8672
 288/1424 [=====>........................] - ETA: 6s - loss: 0.3351 - acc: 0.8646
 320/1424 [=====>........................] - ETA: 5s - loss: 0.3538 - acc: 0.8500
 352/1424 [======>.......................] - ETA: 5s - loss: 0.3581 - acc: 0.8494
 384/1424 [=======>......................] - ETA: 5s - loss: 0.3753 - acc: 0.8464
 416/1424 [=======>......................] - ETA: 5s - loss: 0.4027 - acc: 0.8389
 448/1424 [========>.....................] - ETA: 5s - loss: 0.3962 - acc: 0.8415
 480/1424 [=========>....................] - ETA: 5s - loss: 0.3986 - acc: 0.8354
 512/1424 [=========>....................] - ETA: 4s - loss: 0.4048 - acc: 0.8379
 544/1424 [==========>...................] - ETA: 4s - loss: 0.4623 - acc: 0.8346
 576/1424 [===========>..................] - ETA: 4s - loss: 0.5008 - acc: 0.8229
 608/1424 [===========>..................] - ETA: 4s - loss: 0.5390 - acc: 0.8224
 640/1424 [============>.................] - ETA: 4s - loss: 0.6564 - acc: 0.8141
 672/1424 [=============>................] - ETA: 4s - loss: 0.7697 - acc: 0.8065
 704/1424 [=============>................] - ETA: 3s - loss: 0.8509 - acc: 0.8040
 736/1424 [==============>...............] - ETA: 3s - loss: 0.9081 - acc: 0.8003
 768/1424 [===============>..............] - ETA: 3s - loss: 1.0044 - acc: 0.7917
 800/1424 [===============>..............] - ETA: 3s - loss: 1.0785 - acc: 0.7875
 832/1424 [================>.............] - ETA: 3s - loss: 1.1287 - acc: 0.7837
 864/1424 [=================>............] - ETA: 2s - loss: 1.2022 - acc: 0.7789
 896/1424 [=================>............] - ETA: 2s - loss: 1.3202 - acc: 0.7701
 928/1424 [==================>...........] - ETA: 2s - loss: 1.4785 - acc: 0.7619
 960/1424 [===================>..........] - ETA: 2s - loss: 1.5429 - acc: 0.7604
 992/1424 [===================>..........] - ETA: 2s - loss: 1.6376 - acc: 0.7571
1024/1424 [====================>.........] - ETA: 2s - loss: 1.7506 - acc: 0.7510
1056/1424 [=====================>........] - ETA: 1s - loss: 1.8567 - acc: 0.7453
1088/1424 [=====================>........] - ETA: 1s - loss: 1.9147 - acc: 0.7426
1120/1424 [======================>.......] - ETA: 1s - loss: 1.9800 - acc: 0.7402
1152/1424 [=======================>......] - ETA: 1s - loss: 2.0292 - acc: 0.7378
1184/1424 [=======================>......] - ETA: 1s - loss: 2.0476 - acc: 0.7365
1216/1424 [========================>.....] - ETA: 1s - loss: 2.1323 - acc: 0.7311
1248/1424 [=========================>....] - ETA: 0s - loss: 2.2314 - acc: 0.7276
1280/1424 [=========================>....] - ETA: 0s - loss: 2.3692 - acc: 0.7211
1312/1424 [==========================>...] - ETA: 0s - loss: 2.4478 - acc: 0.7195
1344/1424 [===========================>..] - ETA: 0s - loss: 2.5475 - acc: 0.7150
1376/1424 [===========================>..] - ETA: 0s - loss: 2.6337 - acc: 0.7122
1408/1424 [============================>.] - ETA: 0s - loss: 2.7308 - acc: 0.7081
1424/1424 [==============================] - 10s 7ms/step - loss: 2.7636 - acc: 0.7065 - val_loss: 7.1044 - val_acc: 0.5042
Epoch 6/1000

  32/1424 [..............................] - ETA: 7s - loss: 6.5853 - acc: 0.5312
  64/1424 [>.............................] - ETA: 7s - loss: 7.1982 - acc: 0.5000
  96/1424 [=>............................] - ETA: 7s - loss: 6.9257 - acc: 0.5104
 128/1424 [=>............................] - ETA: 6s - loss: 6.9394 - acc: 0.5000
 160/1424 [==>...........................] - ETA: 6s - loss: 6.9193 - acc: 0.5000
 192/1424 [===>..........................] - ETA: 6s - loss: 6.9997 - acc: 0.5000
 224/1424 [===>..........................] - ETA: 6s - loss: 6.7421 - acc: 0.5134
 256/1424 [====>.........................] - ETA: 6s - loss: 6.6374 - acc: 0.5156
 288/1424 [=====>........................] - ETA: 6s - loss: 6.3577 - acc: 0.5417
 320/1424 [=====>........................] - ETA: 5s - loss: 6.4633 - acc: 0.5344
 352/1424 [======>.......................] - ETA: 5s - loss: 6.3906 - acc: 0.5426
 384/1424 [=======>......................] - ETA: 5s - loss: 6.1265 - acc: 0.5599
 416/1424 [=======>......................] - ETA: 5s - loss: 5.9964 - acc: 0.5577
 448/1424 [========>.....................] - ETA: 5s - loss: 6.0268 - acc: 0.5491
 480/1424 [=========>....................] - ETA: 5s - loss: 5.9884 - acc: 0.5500
 512/1424 [=========>....................] - ETA: 4s - loss: 6.0817 - acc: 0.5469
 544/1424 [==========>...................] - ETA: 4s - loss: 5.8963 - acc: 0.5515
 576/1424 [===========>..................] - ETA: 4s - loss: 5.7429 - acc: 0.5573
 608/1424 [===========>..................] - ETA: 4s - loss: 5.5976 - acc: 0.5641
 640/1424 [============>.................] - ETA: 4s - loss: 5.5617 - acc: 0.5672
 672/1424 [=============>................] - ETA: 3s - loss: 5.5980 - acc: 0.5640
 704/1424 [=============>................] - ETA: 3s - loss: 5.5441 - acc: 0.5625
 736/1424 [==============>...............] - ETA: 3s - loss: 5.4113 - acc: 0.5679
 768/1424 [===============>..............] - ETA: 3s - loss: 5.3235 - acc: 0.5729
 800/1424 [===============>..............] - ETA: 3s - loss: 5.2247 - acc: 0.5800
 832/1424 [================>.............] - ETA: 3s - loss: 5.0831 - acc: 0.5853
 864/1424 [=================>............] - ETA: 2s - loss: 4.9373 - acc: 0.5914
 896/1424 [=================>............] - ETA: 2s - loss: 4.8430 - acc: 0.5971
 928/1424 [==================>...........] - ETA: 2s - loss: 4.7636 - acc: 0.5970
 960/1424 [===================>..........] - ETA: 2s - loss: 4.7194 - acc: 0.5979
 992/1424 [===================>..........] - ETA: 2s - loss: 4.6127 - acc: 0.6028
1024/1424 [====================>.........] - ETA: 2s - loss: 4.5274 - acc: 0.6064
1056/1424 [=====================>........] - ETA: 1s - loss: 4.4481 - acc: 0.6080
1088/1424 [=====================>........] - ETA: 1s - loss: 4.3574 - acc: 0.6131
1120/1424 [======================>.......] - ETA: 1s - loss: 4.2872 - acc: 0.6170
1152/1424 [=======================>......] - ETA: 1s - loss: 4.2469 - acc: 0.6198
1184/1424 [=======================>......] - ETA: 1s - loss: 4.2006 - acc: 0.6182
1216/1424 [========================>.....] - ETA: 1s - loss: 4.1252 - acc: 0.6217
1248/1424 [=========================>....] - ETA: 0s - loss: 4.0726 - acc: 0.6234
1280/1424 [=========================>....] - ETA: 0s - loss: 3.9961 - acc: 0.6250
1312/1424 [==========================>...] - ETA: 0s - loss: 3.9216 - acc: 0.6280
1344/1424 [===========================>..] - ETA: 0s - loss: 3.8482 - acc: 0.6324
1376/1424 [===========================>..] - ETA: 0s - loss: 3.7743 - acc: 0.6315
1408/1424 [============================>.] - ETA: 0s - loss: 3.7129 - acc: 0.6314
1424/1424 [==============================] - 10s 7ms/step - loss: 3.6802 - acc: 0.6313 - val_loss: 1.4172 - val_acc: 0.6850
Epoch 7/1000

  32/1424 [..............................] - ETA: 7s - loss: 1.0072 - acc: 0.6562
  64/1424 [>.............................] - ETA: 7s - loss: 1.4296 - acc: 0.7188
  96/1424 [=>............................] - ETA: 7s - loss: 1.1203 - acc: 0.7083
 128/1424 [=>............................] - ETA: 6s - loss: 0.9369 - acc: 0.7422
 160/1424 [==>...........................] - ETA: 6s - loss: 0.8242 - acc: 0.7688
 192/1424 [===>..........................] - ETA: 6s - loss: 0.9627 - acc: 0.7292
 224/1424 [===>..........................] - ETA: 6s - loss: 1.0479 - acc: 0.7054
 256/1424 [====>.........................] - ETA: 6s - loss: 1.0031 - acc: 0.6875
 288/1424 [=====>........................] - ETA: 6s - loss: 1.0398 - acc: 0.6806
 320/1424 [=====>........................] - ETA: 5s - loss: 1.0084 - acc: 0.6875
 352/1424 [======>.......................] - ETA: 5s - loss: 1.0223 - acc: 0.6761
 384/1424 [=======>......................] - ETA: 5s - loss: 0.9997 - acc: 0.6615
 416/1424 [=======>......................] - ETA: 5s - loss: 1.0043 - acc: 0.6587
 448/1424 [========>.....................] - ETA: 5s - loss: 1.0128 - acc: 0.6562
 480/1424 [=========>....................] - ETA: 5s - loss: 1.0183 - acc: 0.6542
 512/1424 [=========>....................] - ETA: 4s - loss: 1.0534 - acc: 0.6504
 544/1424 [==========>...................] - ETA: 4s - loss: 1.0323 - acc: 0.6471
 576/1424 [===========>..................] - ETA: 4s - loss: 1.0156 - acc: 0.6510
 608/1424 [===========>..................] - ETA: 4s - loss: 0.9881 - acc: 0.6579
 640/1424 [============>.................] - ETA: 4s - loss: 0.9671 - acc: 0.6562
 672/1424 [=============>................] - ETA: 3s - loss: 0.9572 - acc: 0.6503
 704/1424 [=============>................] - ETA: 3s - loss: 0.9432 - acc: 0.6477
 736/1424 [==============>...............] - ETA: 3s - loss: 0.9523 - acc: 0.6427
 768/1424 [===============>..............] - ETA: 3s - loss: 0.9430 - acc: 0.6354
 800/1424 [===============>..............] - ETA: 3s - loss: 0.9366 - acc: 0.6288
 832/1424 [================>.............] - ETA: 3s - loss: 0.9272 - acc: 0.6262
 864/1424 [=================>............] - ETA: 2s - loss: 0.9173 - acc: 0.6250
 896/1424 [=================>............] - ETA: 2s - loss: 0.9043 - acc: 0.6272
 928/1424 [==================>...........] - ETA: 2s - loss: 0.9138 - acc: 0.6218
 960/1424 [===================>..........] - ETA: 2s - loss: 0.9056 - acc: 0.6208
 992/1424 [===================>..........] - ETA: 2s - loss: 0.8949 - acc: 0.6210
1024/1424 [====================>.........] - ETA: 2s - loss: 0.8872 - acc: 0.6191
1056/1424 [=====================>........] - ETA: 1s - loss: 0.8789 - acc: 0.6165
1088/1424 [=====================>........] - ETA: 1s - loss: 0.8840 - acc: 0.6204
1120/1424 [======================>.......] - ETA: 1s - loss: 0.8750 - acc: 0.6241
1152/1424 [=======================>......] - ETA: 1s - loss: 0.8655 - acc: 0.6276
1184/1424 [=======================>......] - ETA: 1s - loss: 0.8599 - acc: 0.6267
1216/1424 [========================>.....] - ETA: 1s - loss: 0.8920 - acc: 0.6258
1248/1424 [=========================>....] - ETA: 0s - loss: 0.8854 - acc: 0.6258
1280/1424 [=========================>....] - ETA: 0s - loss: 0.8766 - acc: 0.6297
1312/1424 [==========================>...] - ETA: 0s - loss: 0.8693 - acc: 0.6326
1344/1424 [===========================>..] - ETA: 0s - loss: 0.8629 - acc: 0.6339
1376/1424 [===========================>..] - ETA: 0s - loss: 0.8559 - acc: 0.6381
1408/1424 [============================>.] - ETA: 0s - loss: 0.8501 - acc: 0.6385
1424/1424 [==============================] - 10s 7ms/step - loss: 0.8470 - acc: 0.6397 - val_loss: 0.6275 - val_acc: 0.7203
Epoch 8/1000

  32/1424 [..............................] - ETA: 7s - loss: 0.5677 - acc: 0.6562
  64/1424 [>.............................] - ETA: 7s - loss: 0.5990 - acc: 0.6875
  96/1424 [=>............................] - ETA: 7s - loss: 0.5767 - acc: 0.7396
 128/1424 [=>............................] - ETA: 6s - loss: 0.5810 - acc: 0.7188
 160/1424 [==>...........................] - ETA: 6s - loss: 0.5897 - acc: 0.7188
 192/1424 [===>..........................] - ETA: 6s - loss: 0.5936 - acc: 0.6979
 224/1424 [===>..........................] - ETA: 6s - loss: 0.5800 - acc: 0.7098
 256/1424 [====>.........................] - ETA: 6s - loss: 0.5890 - acc: 0.6953
 288/1424 [=====>........................] - ETA: 6s - loss: 0.5896 - acc: 0.7049
 320/1424 [=====>........................] - ETA: 5s - loss: 0.6354 - acc: 0.7000
 352/1424 [======>.......................] - ETA: 5s - loss: 0.6290 - acc: 0.7074
 384/1424 [=======>......................] - ETA: 5s - loss: 0.6650 - acc: 0.7057
 416/1424 [=======>......................] - ETA: 5s - loss: 0.6962 - acc: 0.6971
 448/1424 [========>.....................] - ETA: 5s - loss: 0.6854 - acc: 0.7009
 480/1424 [=========>....................] - ETA: 5s - loss: 0.6765 - acc: 0.6979
 512/1424 [=========>....................] - ETA: 4s - loss: 0.6689 - acc: 0.6992
 544/1424 [==========>...................] - ETA: 4s - loss: 0.6673 - acc: 0.6967
 576/1424 [===========>..................] - ETA: 4s - loss: 0.6615 - acc: 0.6979
 608/1424 [===========>..................] - ETA: 4s - loss: 0.6556 - acc: 0.7039
 640/1424 [============>.................] - ETA: 4s - loss: 0.6533 - acc: 0.7047
 672/1424 [=============>................] - ETA: 3s - loss: 0.6523 - acc: 0.6994
 704/1424 [=============>................] - ETA: 3s - loss: 0.6484 - acc: 0.7017
 736/1424 [==============>...............] - ETA: 3s - loss: 0.6449 - acc: 0.7038
 768/1424 [===============>..............] - ETA: 3s - loss: 0.6427 - acc: 0.7018
 800/1424 [===============>..............] - ETA: 3s - loss: 0.6425 - acc: 0.6987
 832/1424 [================>.............] - ETA: 3s - loss: 0.6400 - acc: 0.6995
 864/1424 [=================>............] - ETA: 2s - loss: 0.6387 - acc: 0.6991
 896/1424 [=================>............] - ETA: 2s - loss: 0.6413 - acc: 0.6931
 928/1424 [==================>...........] - ETA: 2s - loss: 0.6419 - acc: 0.6853
 960/1424 [===================>..........] - ETA: 2s - loss: 0.6402 - acc: 0.6833
 992/1424 [===================>..........] - ETA: 2s - loss: 0.6394 - acc: 0.6825
1024/1424 [====================>.........] - ETA: 2s - loss: 0.6380 - acc: 0.6807
1056/1424 [=====================>........] - ETA: 1s - loss: 0.6365 - acc: 0.6818
1088/1424 [=====================>........] - ETA: 1s - loss: 0.6341 - acc: 0.6847
1120/1424 [======================>.......] - ETA: 1s - loss: 0.6332 - acc: 0.6857
1152/1424 [=======================>......] - ETA: 1s - loss: 0.6310 - acc: 0.6849
1184/1424 [=======================>......] - ETA: 1s - loss: 0.6293 - acc: 0.6833
1216/1424 [========================>.....] - ETA: 1s - loss: 0.6291 - acc: 0.6842
1248/1424 [=========================>....] - ETA: 0s - loss: 0.6286 - acc: 0.6835
1280/1424 [=========================>....] - ETA: 0s - loss: 0.6286 - acc: 0.6813
1312/1424 [==========================>...] - ETA: 0s - loss: 0.6278 - acc: 0.6814
1344/1424 [===========================>..] - ETA: 0s - loss: 0.6275 - acc: 0.6801
1376/1424 [===========================>..] - ETA: 0s - loss: 0.6246 - acc: 0.6846
1408/1424 [============================>.] - ETA: 0s - loss: 0.6231 - acc: 0.6847
1424/1424 [==============================] - 10s 7ms/step - loss: 0.6221 - acc: 0.6854 - val_loss: 0.5846 - val_acc: 0.7754
Epoch 9/1000

  32/1424 [..............................] - ETA: 7s - loss: 0.6030 - acc: 0.6875
  64/1424 [>.............................] - ETA: 7s - loss: 0.5979 - acc: 0.6250
  96/1424 [=>............................] - ETA: 7s - loss: 0.5936 - acc: 0.6771
 128/1424 [=>............................] - ETA: 6s - loss: 0.5949 - acc: 0.6875
 160/1424 [==>...........................] - ETA: 6s - loss: 0.5982 - acc: 0.6875
 192/1424 [===>..........................] - ETA: 6s - loss: 0.5790 - acc: 0.7031
 224/1424 [===>..........................] - ETA: 6s - loss: 0.6548 - acc: 0.6964
 256/1424 [====>.........................] - ETA: 6s - loss: 0.6508 - acc: 0.6875
 288/1424 [=====>........................] - ETA: 6s - loss: 0.6489 - acc: 0.6910
 320/1424 [=====>........................] - ETA: 5s - loss: 0.6532 - acc: 0.6875
 352/1424 [======>.......................] - ETA: 5s - loss: 0.6479 - acc: 0.6875
 384/1424 [=======>......................] - ETA: 5s - loss: 0.6416 - acc: 0.6901
 416/1424 [=======>......................] - ETA: 5s - loss: 0.6307 - acc: 0.7019
 448/1424 [========>.....................] - ETA: 5s - loss: 0.6320 - acc: 0.6964
 480/1424 [=========>....................] - ETA: 5s - loss: 0.6301 - acc: 0.6896
 512/1424 [=========>....................] - ETA: 4s - loss: 0.6270 - acc: 0.6973
 544/1424 [==========>...................] - ETA: 4s - loss: 0.6235 - acc: 0.6985
 576/1424 [===========>..................] - ETA: 4s - loss: 0.6465 - acc: 0.6997
 608/1424 [===========>..................] - ETA: 4s - loss: 0.6424 - acc: 0.7039
 640/1424 [============>.................] - ETA: 4s - loss: 0.6387 - acc: 0.7063
 672/1424 [=============>................] - ETA: 3s - loss: 0.6357 - acc: 0.7054
 704/1424 [=============>................] - ETA: 3s - loss: 0.6360 - acc: 0.7003
 736/1424 [==============>...............] - ETA: 3s - loss: 0.6317 - acc: 0.6997
 768/1424 [===============>..............] - ETA: 3s - loss: 0.6296 - acc: 0.6966
 800/1424 [===============>..............] - ETA: 3s - loss: 0.6270 - acc: 0.6987
 832/1424 [================>.............] - ETA: 3s - loss: 0.6207 - acc: 0.6995
 864/1424 [=================>............] - ETA: 2s - loss: 0.6199 - acc: 0.6956
 896/1424 [=================>............] - ETA: 2s - loss: 0.6180 - acc: 0.6987
 928/1424 [==================>...........] - ETA: 2s - loss: 0.6136 - acc: 0.7004
 960/1424 [===================>..........] - ETA: 2s - loss: 0.6117 - acc: 0.7021
 992/1424 [===================>..........] - ETA: 2s - loss: 0.6085 - acc: 0.7046
1024/1424 [====================>.........] - ETA: 2s - loss: 0.6073 - acc: 0.7051
1056/1424 [=====================>........] - ETA: 1s - loss: 0.6041 - acc: 0.7055
1088/1424 [=====================>........] - ETA: 1s - loss: 0.6014 - acc: 0.7059
1120/1424 [======================>.......] - ETA: 1s - loss: 0.6010 - acc: 0.7045
1152/1424 [=======================>......] - ETA: 1s - loss: 0.5991 - acc: 0.7040
1184/1424 [=======================>......] - ETA: 1s - loss: 0.5987 - acc: 0.7035
1216/1424 [========================>.....] - ETA: 1s - loss: 0.6056 - acc: 0.7048
1248/1424 [=========================>....] - ETA: 0s - loss: 0.6013 - acc: 0.7083
1280/1424 [=========================>....] - ETA: 0s - loss: 0.6008 - acc: 0.7094
1312/1424 [==========================>...] - ETA: 0s - loss: 0.5975 - acc: 0.7119
1344/1424 [===========================>..] - ETA: 0s - loss: 0.5946 - acc: 0.7150
1376/1424 [===========================>..] - ETA: 0s - loss: 0.5924 - acc: 0.7144
1408/1424 [============================>.] - ETA: 0s - loss: 0.5917 - acc: 0.7152
1424/1424 [==============================] - 10s 7ms/step - loss: 0.5927 - acc: 0.7149 - val_loss: 0.5851 - val_acc: 0.7556
Epoch 10/1000

  32/1424 [..............................] - ETA: 7s - loss: 0.6508 - acc: 0.5625
  64/1424 [>.............................] - ETA: 7s - loss: 0.6170 - acc: 0.6250
  96/1424 [=>............................] - ETA: 7s - loss: 0.6006 - acc: 0.6354
 128/1424 [=>............................] - ETA: 6s - loss: 0.7050 - acc: 0.6250
 160/1424 [==>...........................] - ETA: 6s - loss: 0.6885 - acc: 0.6188
 192/1424 [===>..........................] - ETA: 6s - loss: 0.6729 - acc: 0.6250
 224/1424 [===>..........................] - ETA: 6s - loss: 0.6686 - acc: 0.6250
 256/1424 [====>.........................] - ETA: 6s - loss: 0.6494 - acc: 0.6367
 288/1424 [=====>........................] - ETA: 6s - loss: 0.6402 - acc: 0.6458
 320/1424 [=====>........................] - ETA: 5s - loss: 0.6228 - acc: 0.6625
 352/1424 [======>.......................] - ETA: 5s - loss: 0.6339 - acc: 0.6676
 384/1424 [=======>......................] - ETA: 5s - loss: 0.6303 - acc: 0.6641
 416/1424 [=======>......................] - ETA: 5s - loss: 0.6169 - acc: 0.6755
 448/1424 [========>.....................] - ETA: 5s - loss: 0.6170 - acc: 0.6674
 480/1424 [=========>....................] - ETA: 5s - loss: 0.6116 - acc: 0.6750
 512/1424 [=========>....................] - ETA: 4s - loss: 0.6077 - acc: 0.6777
 544/1424 [==========>...................] - ETA: 4s - loss: 0.6030 - acc: 0.6857
 576/1424 [===========>..................] - ETA: 4s - loss: 0.6207 - acc: 0.6892
 608/1424 [===========>..................] - ETA: 4s - loss: 0.6242 - acc: 0.6809
 640/1424 [============>.................] - ETA: 4s - loss: 0.6160 - acc: 0.6844
 672/1424 [=============>................] - ETA: 3s - loss: 0.6129 - acc: 0.6875
 704/1424 [=============>................] - ETA: 3s - loss: 0.6071 - acc: 0.6918
 736/1424 [==============>...............] - ETA: 3s - loss: 0.6025 - acc: 0.6970
 768/1424 [===============>..............] - ETA: 3s - loss: 0.5957 - acc: 0.7031
 800/1424 [===============>..............] - ETA: 3s - loss: 0.5928 - acc: 0.7063
 832/1424 [================>.............] - ETA: 3s - loss: 0.5936 - acc: 0.7067
 864/1424 [=================>............] - ETA: 2s - loss: 0.5940 - acc: 0.7060
 896/1424 [=================>............] - ETA: 2s - loss: 0.5919 - acc: 0.7076
 928/1424 [==================>...........] - ETA: 2s - loss: 0.5891 - acc: 0.7091
 960/1424 [===================>..........] - ETA: 2s - loss: 0.5851 - acc: 0.7146
 992/1424 [===================>..........] - ETA: 2s - loss: 0.5883 - acc: 0.7097
1024/1424 [====================>.........] - ETA: 2s - loss: 0.5906 - acc: 0.7070
1056/1424 [=====================>........] - ETA: 1s - loss: 0.5865 - acc: 0.7083
1088/1424 [=====================>........] - ETA: 1s - loss: 0.5850 - acc: 0.7068
1120/1424 [======================>.......] - ETA: 1s - loss: 0.5836 - acc: 0.7107
1152/1424 [=======================>......] - ETA: 1s - loss: 0.5803 - acc: 0.7144
1184/1424 [=======================>......] - ETA: 1s - loss: 0.5799 - acc: 0.7154
1216/1424 [========================>.....] - ETA: 1s - loss: 0.5779 - acc: 0.7163
1248/1424 [=========================>....] - ETA: 0s - loss: 0.5777 - acc: 0.7147
1280/1424 [=========================>....] - ETA: 0s - loss: 0.5776 - acc: 0.7156
1312/1424 [==========================>...] - ETA: 0s - loss: 0.5762 - acc: 0.7165
1344/1424 [===========================>..] - ETA: 0s - loss: 0.5723 - acc: 0.7210
1376/1424 [===========================>..] - ETA: 0s - loss: 0.5715 - acc: 0.7217
1408/1424 [============================>.] - ETA: 0s - loss: 0.5699 - acc: 0.7216
1424/1424 [==============================] - 10s 7ms/step - loss: 0.5704 - acc: 0.7205 - val_loss: 0.5733 - val_acc: 0.7881
Epoch 11/1000

  32/1424 [..............................] - ETA: 7s - loss: 0.5236 - acc: 0.7812
  64/1424 [>.............................] - ETA: 7s - loss: 0.5631 - acc: 0.7812
  96/1424 [=>............................] - ETA: 7s - loss: 0.7167 - acc: 0.7604
 128/1424 [=>............................] - ETA: 6s - loss: 0.6652 - acc: 0.7656
 160/1424 [==>...........................] - ETA: 6s - loss: 0.6426 - acc: 0.7562
 192/1424 [===>..........................] - ETA: 6s - loss: 0.6198 - acc: 0.7656
 224/1424 [===>..........................] - ETA: 6s - loss: 0.6898 - acc: 0.7411
 256/1424 [====>.........................] - ETA: 6s - loss: 0.7412 - acc: 0.7305
 288/1424 [=====>........................] - ETA: 6s - loss: 0.7191 - acc: 0.7222
 320/1424 [=====>........................] - ETA: 5s - loss: 0.7010 - acc: 0.7156
 352/1424 [======>.......................] - ETA: 5s - loss: 0.6897 - acc: 0.7159
 384/1424 [=======>......................] - ETA: 5s - loss: 0.6675 - acc: 0.7292
 416/1424 [=======>......................] - ETA: 5s - loss: 0.6587 - acc: 0.7308
 448/1424 [========>.....................] - ETA: 5s - loss: 0.6467 - acc: 0.7299
 480/1424 [=========>....................] - ETA: 5s - loss: 0.6311 - acc: 0.7396
 512/1424 [=========>....................] - ETA: 4s - loss: 0.6205 - acc: 0.7402
 544/1424 [==========>...................] - ETA: 4s - loss: 0.6118 - acc: 0.7445
 576/1424 [===========>..................] - ETA: 4s - loss: 0.6005 - acc: 0.7517
 608/1424 [===========>..................] - ETA: 4s - loss: 0.5897 - acc: 0.7566
 640/1424 [============>.................] - ETA: 4s - loss: 0.5903 - acc: 0.7547
 672/1424 [=============>................] - ETA: 3s - loss: 0.5892 - acc: 0.7500
 704/1424 [=============>................] - ETA: 3s - loss: 0.5804 - acc: 0.7528
 736/1424 [==============>...............] - ETA: 3s - loss: 0.5946 - acc: 0.7527
 768/1424 [===============>..............] - ETA: 3s - loss: 0.6114 - acc: 0.7526
 800/1424 [===============>..............] - ETA: 3s - loss: 0.6079 - acc: 0.7512
 832/1424 [================>.............] - ETA: 3s - loss: 0.6103 - acc: 0.7488
 864/1424 [=================>............] - ETA: 2s - loss: 0.6081 - acc: 0.7512
 896/1424 [=================>............] - ETA: 2s - loss: 0.6023 - acc: 0.7511
 928/1424 [==================>...........] - ETA: 2s - loss: 0.5994 - acc: 0.7500
 960/1424 [===================>..........] - ETA: 2s - loss: 0.5929 - acc: 0.7542
 992/1424 [===================>..........] - ETA: 2s - loss: 0.5865 - acc: 0.7581
1024/1424 [====================>.........] - ETA: 2s - loss: 0.5834 - acc: 0.7578
1056/1424 [=====================>........] - ETA: 1s - loss: 0.5825 - acc: 0.7557
1088/1424 [=====================>........] - ETA: 1s - loss: 0.5817 - acc: 0.7564
1120/1424 [======================>.......] - ETA: 1s - loss: 0.5958 - acc: 0.7545
1152/1424 [=======================>......] - ETA: 1s - loss: 0.5911 - acc: 0.7561
1184/1424 [=======================>......] - ETA: 1s - loss: 0.5838 - acc: 0.7601
1216/1424 [========================>.....] - ETA: 1s - loss: 0.5812 - acc: 0.7599
1248/1424 [=========================>....] - ETA: 0s - loss: 0.5791 - acc: 0.7588
1280/1424 [=========================>....] - ETA: 0s - loss: 0.5778 - acc: 0.7586
1312/1424 [==========================>...] - ETA: 0s - loss: 0.5762 - acc: 0.7584
1344/1424 [===========================>..] - ETA: 0s - loss: 0.5749 - acc: 0.7574
1376/1424 [===========================>..] - ETA: 0s - loss: 0.5725 - acc: 0.7587
1408/1424 [============================>.] - ETA: 0s - loss: 0.5721 - acc: 0.7585
1424/1424 [==============================] - 10s 7ms/step - loss: 0.5804 - acc: 0.7591 - val_loss: 0.5576 - val_acc: 0.7966
Epoch 12/1000

  32/1424 [..............................] - ETA: 7s - loss: 0.5782 - acc: 0.6250
  64/1424 [>.............................] - ETA: 7s - loss: 0.4659 - acc: 0.7500
  96/1424 [=>............................] - ETA: 7s - loss: 0.4647 - acc: 0.7708
 128/1424 [=>............................] - ETA: 6s - loss: 0.4573 - acc: 0.7891
 160/1424 [==>...........................] - ETA: 6s - loss: 0.5157 - acc: 0.7625
 192/1424 [===>..........................] - ETA: 6s - loss: 0.4774 - acc: 0.7917
 224/1424 [===>..........................] - ETA: 6s - loss: 0.5372 - acc: 0.7902
 256/1424 [====>.........................] - ETA: 6s - loss: 0.5160 - acc: 0.7891
 288/1424 [=====>........................] - ETA: 6s - loss: 0.5125 - acc: 0.7847
 320/1424 [=====>........................] - ETA: 5s - loss: 0.5079 - acc: 0.7875
 352/1424 [======>.......................] - ETA: 5s - loss: 0.4994 - acc: 0.7926
 384/1424 [=======>......................] - ETA: 5s - loss: 0.5086 - acc: 0.7812
 416/1424 [=======>......................] - ETA: 5s - loss: 0.5110 - acc: 0.7812
 448/1424 [========>.....................] - ETA: 5s - loss: 0.4980 - acc: 0.7902
 480/1424 [=========>....................] - ETA: 5s - loss: 0.4927 - acc: 0.7958
 512/1424 [=========>....................] - ETA: 4s - loss: 0.5005 - acc: 0.7930
 544/1424 [==========>...................] - ETA: 4s - loss: 0.5048 - acc: 0.7923
 576/1424 [===========>..................] - ETA: 4s - loss: 0.4962 - acc: 0.8003
 608/1424 [===========>..................] - ETA: 4s - loss: 0.5247 - acc: 0.7928
 640/1424 [============>.................] - ETA: 4s - loss: 0.5279 - acc: 0.7891
 672/1424 [=============>................] - ETA: 3s - loss: 0.5250 - acc: 0.7872
 704/1424 [=============>................] - ETA: 3s - loss: 0.5275 - acc: 0.7798
 736/1424 [==============>...............] - ETA: 3s - loss: 0.5282 - acc: 0.7758
 768/1424 [===============>..............] - ETA: 3s - loss: 0.5293 - acc: 0.7734
 800/1424 [===============>..............] - ETA: 3s - loss: 0.5280 - acc: 0.7725
 832/1424 [================>.............] - ETA: 3s - loss: 0.5252 - acc: 0.7740
 864/1424 [=================>............] - ETA: 2s - loss: 0.5204 - acc: 0.7789
 896/1424 [=================>............] - ETA: 2s - loss: 0.5197 - acc: 0.7757
 928/1424 [==================>...........] - ETA: 2s - loss: 0.5186 - acc: 0.7748
 960/1424 [===================>..........] - ETA: 2s - loss: 0.5204 - acc: 0.7740
 992/1424 [===================>..........] - ETA: 2s - loss: 0.5388 - acc: 0.7681
1024/1424 [====================>.........] - ETA: 2s - loss: 0.5374 - acc: 0.7686
1056/1424 [=====================>........] - ETA: 1s - loss: 0.5391 - acc: 0.7661
1088/1424 [=====================>........] - ETA: 1s - loss: 0.5354 - acc: 0.7702
1120/1424 [======================>.......] - ETA: 1s - loss: 0.5480 - acc: 0.7696
1152/1424 [=======================>......] - ETA: 1s - loss: 0.5445 - acc: 0.7717
1184/1424 [=======================>......] - ETA: 1s - loss: 0.5441 - acc: 0.7703
1216/1424 [========================>.....] - ETA: 1s - loss: 0.5427 - acc: 0.7714
1248/1424 [=========================>....] - ETA: 0s - loss: 0.5431 - acc: 0.7692
1280/1424 [=========================>....] - ETA: 0s - loss: 0.5428 - acc: 0.7672
1312/1424 [==========================>...] - ETA: 0s - loss: 0.5462 - acc: 0.7645
1344/1424 [===========================>..] - ETA: 0s - loss: 0.5448 - acc: 0.7649
1376/1424 [===========================>..] - ETA: 0s - loss: 0.5430 - acc: 0.7638
1408/1424 [============================>.] - ETA: 0s - loss: 0.5429 - acc: 0.7621
1424/1424 [==============================] - 10s 7ms/step - loss: 0.5435 - acc: 0.7605 - val_loss: 0.5406 - val_acc: 0.8037
Epoch 13/1000

  32/1424 [..............................] - ETA: 7s - loss: 0.5078 - acc: 0.7188
  64/1424 [>.............................] - ETA: 7s - loss: 0.6036 - acc: 0.6562
  96/1424 [=>............................] - ETA: 7s - loss: 0.5512 - acc: 0.6875
 128/1424 [=>............................] - ETA: 6s - loss: 0.5288 - acc: 0.7188
 160/1424 [==>...........................] - ETA: 6s - loss: 0.5374 - acc: 0.7000
 192/1424 [===>..........................] - ETA: 6s - loss: 0.5162 - acc: 0.7135
 224/1424 [===>..........................] - ETA: 6s - loss: 0.5699 - acc: 0.7321
 256/1424 [====>.........................] - ETA: 6s - loss: 0.5562 - acc: 0.7539
 288/1424 [=====>........................] - ETA: 6s - loss: 0.5411 - acc: 0.7708
 320/1424 [=====>........................] - ETA: 5s - loss: 0.5423 - acc: 0.7594
 352/1424 [======>.......................] - ETA: 5s - loss: 0.5408 - acc: 0.7500
 384/1424 [=======>......................] - ETA: 5s - loss: 0.5288 - acc: 0.7526
 416/1424 [=======>......................] - ETA: 5s - loss: 0.5290 - acc: 0.7452
 448/1424 [========>.....................] - ETA: 5s - loss: 0.5350 - acc: 0.7411
 480/1424 [=========>....................] - ETA: 5s - loss: 0.5438 - acc: 0.7333
 512/1424 [=========>....................] - ETA: 4s - loss: 0.5420 - acc: 0.7344
 544/1424 [==========>...................] - ETA: 4s - loss: 0.5425 - acc: 0.7316
 576/1424 [===========>..................] - ETA: 4s - loss: 0.5453 - acc: 0.7292
 608/1424 [===========>..................] - ETA: 4s - loss: 0.5314 - acc: 0.7385
 640/1424 [============>.................] - ETA: 4s - loss: 0.5250 - acc: 0.7438
 672/1424 [=============>................] - ETA: 4s - loss: 0.5223 - acc: 0.7470
 704/1424 [=============>................] - ETA: 3s - loss: 0.5235 - acc: 0.7457
 736/1424 [==============>...............] - ETA: 3s - loss: 0.5196 - acc: 0.7473
 768/1424 [===============>..............] - ETA: 3s - loss: 0.5138 - acc: 0.7526
 800/1424 [===============>..............] - ETA: 3s - loss: 0.5093 - acc: 0.7588
 832/1424 [================>.............] - ETA: 3s - loss: 0.5071 - acc: 0.7596
 864/1424 [=================>............] - ETA: 2s - loss: 0.5080 - acc: 0.7593
 896/1424 [=================>............] - ETA: 2s - loss: 0.5049 - acc: 0.7600
 928/1424 [==================>...........] - ETA: 2s - loss: 0.5028 - acc: 0.7619
 960/1424 [===================>..........] - ETA: 2s - loss: 0.5031 - acc: 0.7625
 992/1424 [===================>..........] - ETA: 2s - loss: 0.5052 - acc: 0.7611
1024/1424 [====================>.........] - ETA: 2s - loss: 0.5076 - acc: 0.7588
1056/1424 [=====================>........] - ETA: 1s - loss: 0.5074 - acc: 0.7604
1088/1424 [=====================>........] - ETA: 1s - loss: 0.5070 - acc: 0.7601
1120/1424 [======================>.......] - ETA: 1s - loss: 0.5032 - acc: 0.7634
1152/1424 [=======================>......] - ETA: 1s - loss: 0.5049 - acc: 0.7630
1184/1424 [=======================>......] - ETA: 1s - loss: 0.5019 - acc: 0.7660
1216/1424 [========================>.....] - ETA: 1s - loss: 0.4987 - acc: 0.7664
1248/1424 [=========================>....] - ETA: 0s - loss: 0.5072 - acc: 0.7676
1280/1424 [=========================>....] - ETA: 0s - loss: 0.5089 - acc: 0.7664
1312/1424 [==========================>...] - ETA: 0s - loss: 0.5074 - acc: 0.7668
1344/1424 [===========================>..] - ETA: 0s - loss: 0.5066 - acc: 0.7679
1376/1424 [===========================>..] - ETA: 0s - loss: 0.5073 - acc: 0.7667
1408/1424 [============================>.] - ETA: 0s - loss: 0.5118 - acc: 0.7621
1424/1424 [==============================] - 10s 7ms/step - loss: 0.5119 - acc: 0.7619 - val_loss: 0.5125 - val_acc: 0.7881
Epoch 14/1000

  32/1424 [..............................] - ETA: 7s - loss: 0.5311 - acc: 0.6250
  64/1424 [>.............................] - ETA: 7s - loss: 0.5002 - acc: 0.7031
  96/1424 [=>............................] - ETA: 7s - loss: 0.5172 - acc: 0.6979
 128/1424 [=>............................] - ETA: 6s - loss: 0.5377 - acc: 0.6875
 160/1424 [==>...........................] - ETA: 6s - loss: 0.5251 - acc: 0.7125
 192/1424 [===>..........................] - ETA: 6s - loss: 0.5192 - acc: 0.7344
 224/1424 [===>..........................] - ETA: 6s - loss: 0.5115 - acc: 0.7500
 256/1424 [====>.........................] - ETA: 6s - loss: 0.5049 - acc: 0.7578
 288/1424 [=====>........................] - ETA: 6s - loss: 0.5106 - acc: 0.7569
 320/1424 [=====>........................] - ETA: 5s - loss: 0.5091 - acc: 0.7469
 352/1424 [======>.......................] - ETA: 5s - loss: 0.5005 - acc: 0.7528
 384/1424 [=======>......................] - ETA: 5s - loss: 0.5041 - acc: 0.7578
 416/1424 [=======>......................] - ETA: 5s - loss: 0.4961 - acc: 0.7668
 448/1424 [========>.....................] - ETA: 5s - loss: 0.4935 - acc: 0.7656
 480/1424 [=========>....................] - ETA: 5s - loss: 0.4967 - acc: 0.7688
 512/1424 [=========>....................] - ETA: 4s - loss: 0.4933 - acc: 0.7773
 544/1424 [==========>...................] - ETA: 4s - loss: 0.4947 - acc: 0.7702
 576/1424 [===========>..................] - ETA: 4s - loss: 0.4897 - acc: 0.7760
 608/1424 [===========>..................] - ETA: 4s - loss: 0.4887 - acc: 0.7780
 640/1424 [============>.................] - ETA: 4s - loss: 0.4920 - acc: 0.7719
 672/1424 [=============>................] - ETA: 3s - loss: 0.4944 - acc: 0.7708
 704/1424 [=============>................] - ETA: 3s - loss: 0.4926 - acc: 0.7713
 736/1424 [==============>...............] - ETA: 3s - loss: 0.4936 - acc: 0.7663
 768/1424 [===============>..............] - ETA: 3s - loss: 0.4948 - acc: 0.7643
 800/1424 [===============>..............] - ETA: 3s - loss: 0.4914 - acc: 0.7662
 832/1424 [================>.............] - ETA: 3s - loss: 0.4925 - acc: 0.7656
 864/1424 [=================>............] - ETA: 2s - loss: 0.4892 - acc: 0.7674
 896/1424 [=================>............] - ETA: 2s - loss: 0.4896 - acc: 0.7667
 928/1424 [==================>...........] - ETA: 2s - loss: 0.4889 - acc: 0.7662
 960/1424 [===================>..........] - ETA: 2s - loss: 0.4950 - acc: 0.7635
 992/1424 [===================>..........] - ETA: 2s - loss: 0.4965 - acc: 0.7651
1024/1424 [====================>.........] - ETA: 2s - loss: 0.4982 - acc: 0.7646
1056/1424 [=====================>........] - ETA: 1s - loss: 0.4997 - acc: 0.7633
1088/1424 [=====================>........] - ETA: 1s - loss: 0.4977 - acc: 0.7638
1120/1424 [======================>.......] - ETA: 1s - loss: 0.4991 - acc: 0.7634
1152/1424 [=======================>......] - ETA: 1s - loss: 0.4991 - acc: 0.7656
1184/1424 [=======================>......] - ETA: 1s - loss: 0.5108 - acc: 0.7652
1216/1424 [========================>.....] - ETA: 1s - loss: 0.5096 - acc: 0.7640
1248/1424 [=========================>....] - ETA: 0s - loss: 0.5088 - acc: 0.7668
1280/1424 [=========================>....] - ETA: 0s - loss: 0.5088 - acc: 0.7656
1312/1424 [==========================>...] - ETA: 0s - loss: 0.5065 - acc: 0.7683
1344/1424 [===========================>..] - ETA: 0s - loss: 0.5050 - acc: 0.7693
1376/1424 [===========================>..] - ETA: 0s - loss: 0.5022 - acc: 0.7725
1408/1424 [============================>.] - ETA: 0s - loss: 0.5017 - acc: 0.7720
1424/1424 [==============================] - 10s 7ms/step - loss: 0.5043 - acc: 0.7683 - val_loss: 0.4779 - val_acc: 0.8150

  32/1424 [..............................] - ETA: 5s
  64/1424 [>.............................] - ETA: 5s
  96/1424 [=>............................] - ETA: 4s
 128/1424 [=>............................] - ETA: 4s
 160/1424 [==>...........................] - ETA: 4s
 192/1424 [===>..........................] - ETA: 4s
 224/1424 [===>..........................] - ETA: 4s
 256/1424 [====>.........................] - ETA: 4s
 288/1424 [=====>........................] - ETA: 4s
 320/1424 [=====>........................] - ETA: 4s
 352/1424 [======>.......................] - ETA: 3s
 384/1424 [=======>......................] - ETA: 3s
 416/1424 [=======>......................] - ETA: 3s
 448/1424 [========>.....................] - ETA: 3s
 480/1424 [=========>....................] - ETA: 3s
 512/1424 [=========>....................] - ETA: 3s
 544/1424 [==========>...................] - ETA: 3s
 576/1424 [===========>..................] - ETA: 3s
 608/1424 [===========>..................] - ETA: 2s
 640/1424 [============>.................] - ETA: 2s
 672/1424 [=============>................] - ETA: 2s
 704/1424 [=============>................] - ETA: 2s
 736/1424 [==============>...............] - ETA: 2s
 768/1424 [===============>..............] - ETA: 2s
 800/1424 [===============>..............] - ETA: 2s
 832/1424 [================>.............] - ETA: 2s
 864/1424 [=================>............] - ETA: 2s
 896/1424 [=================>............] - ETA: 1s
 928/1424 [==================>...........] - ETA: 1s
 960/1424 [===================>..........] - ETA: 1s
 992/1424 [===================>..........] - ETA: 1s
1024/1424 [====================>.........] - ETA: 1s
1056/1424 [=====================>........] - ETA: 1s
1088/1424 [=====================>........] - ETA: 1s
1120/1424 [======================>.......] - ETA: 1s
1152/1424 [=======================>......] - ETA: 0s
1184/1424 [=======================>......] - ETA: 0s
1216/1424 [========================>.....] - ETA: 0s
1248/1424 [=========================>....] - ETA: 0s
1280/1424 [=========================>....] - ETA: 0s
1312/1424 [==========================>...] - ETA: 0s
1344/1424 [===========================>..] - ETA: 0s
1376/1424 [===========================>..] - ETA: 0s
1408/1424 [============================>.] - ETA: 0s
1424/1424 [==============================] - 5s 4ms/step
Test acc: 0.8412921348314607
Test auc: 0.9148742267390481
Test mcc: 0.6841407090860687
Execute epoch: 14
Execute time: 150.27088332176208
