_________________________________________________________________
Layer (type)                 Output Shape              Param #   
=================================================================
embedding_1 (Embedding)      (None, None, 128)         2688      
_________________________________________________________________
lstm_1 (LSTM)                (None, None, 64)          49408     
_________________________________________________________________
lstm_2 (LSTM)                (None, None, 64)          33024     
_________________________________________________________________
lstm_3 (LSTM)                (None, 64)                33024     
_________________________________________________________________
dense_1 (Dense)              (None, 16)                1040      
_________________________________________________________________
dense_2 (Dense)              (None, 1)                 17        
=================================================================
Total params: 119,201
Trainable params: 119,201
Non-trainable params: 0
_________________________________________________________________
Train on 1424 samples, validate on 708 samples
Epoch 1/1000

  32/1424 [..............................] - ETA: 2:26 - loss: 0.6932 - acc: 0.5000
  64/1424 [>.............................] - ETA: 1:15 - loss: 0.6931 - acc: 0.5469
  96/1424 [=>............................] - ETA: 51s - loss: 0.6928 - acc: 0.5729 
 128/1424 [=>............................] - ETA: 39s - loss: 0.6930 - acc: 0.5469
 160/1424 [==>...........................] - ETA: 31s - loss: 0.6924 - acc: 0.5687
 192/1424 [===>..........................] - ETA: 27s - loss: 0.6922 - acc: 0.5677
 224/1424 [===>..........................] - ETA: 23s - loss: 0.6920 - acc: 0.5670
 256/1424 [====>.........................] - ETA: 20s - loss: 0.6919 - acc: 0.5625
 288/1424 [=====>........................] - ETA: 18s - loss: 0.6928 - acc: 0.5417
 320/1424 [=====>........................] - ETA: 16s - loss: 0.6930 - acc: 0.5344
 352/1424 [======>.......................] - ETA: 15s - loss: 0.6938 - acc: 0.5170
 384/1424 [=======>......................] - ETA: 14s - loss: 0.6934 - acc: 0.5208
 416/1424 [=======>......................] - ETA: 13s - loss: 0.6930 - acc: 0.5240
 448/1424 [========>.....................] - ETA: 12s - loss: 0.6933 - acc: 0.5179
 480/1424 [=========>....................] - ETA: 11s - loss: 0.6929 - acc: 0.5229
 512/1424 [=========>....................] - ETA: 10s - loss: 0.6931 - acc: 0.5176
 544/1424 [==========>...................] - ETA: 9s - loss: 0.6930 - acc: 0.5165 
 576/1424 [===========>..................] - ETA: 9s - loss: 0.6931 - acc: 0.5122
 608/1424 [===========>..................] - ETA: 8s - loss: 0.6929 - acc: 0.5132
 640/1424 [============>.................] - ETA: 8s - loss: 0.6927 - acc: 0.5156
 672/1424 [=============>................] - ETA: 7s - loss: 0.6927 - acc: 0.5134
 704/1424 [=============>................] - ETA: 7s - loss: 0.6925 - acc: 0.5128
 736/1424 [==============>...............] - ETA: 6s - loss: 0.6925 - acc: 0.5109
 768/1424 [===============>..............] - ETA: 6s - loss: 0.6923 - acc: 0.5104
 800/1424 [===============>..............] - ETA: 5s - loss: 0.6920 - acc: 0.5100
 832/1424 [================>.............] - ETA: 5s - loss: 0.6920 - acc: 0.5084
 864/1424 [=================>............] - ETA: 5s - loss: 0.6917 - acc: 0.5104
 896/1424 [=================>............] - ETA: 4s - loss: 0.6914 - acc: 0.5089
 928/1424 [==================>...........] - ETA: 4s - loss: 0.6913 - acc: 0.5075
 960/1424 [===================>..........] - ETA: 3s - loss: 0.6910 - acc: 0.5052
 992/1424 [===================>..........] - ETA: 3s - loss: 0.6906 - acc: 0.5020
1024/1424 [====================>.........] - ETA: 3s - loss: 0.6899 - acc: 0.5029
1056/1424 [=====================>........] - ETA: 3s - loss: 0.6896 - acc: 0.4972
1088/1424 [=====================>........] - ETA: 2s - loss: 0.6883 - acc: 0.4991
1120/1424 [======================>.......] - ETA: 2s - loss: 0.6869 - acc: 0.5009
1152/1424 [=======================>......] - ETA: 2s - loss: 0.6847 - acc: 0.5052
1184/1424 [=======================>......] - ETA: 1s - loss: 0.6812 - acc: 0.5084
1216/1424 [========================>.....] - ETA: 1s - loss: 0.6834 - acc: 0.5099
1248/1424 [=========================>....] - ETA: 1s - loss: 0.6839 - acc: 0.5112
1280/1424 [=========================>....] - ETA: 1s - loss: 0.6827 - acc: 0.5148
1312/1424 [==========================>...] - ETA: 0s - loss: 0.6812 - acc: 0.5221
1344/1424 [===========================>..] - ETA: 0s - loss: 0.6810 - acc: 0.5260
1376/1424 [===========================>..] - ETA: 0s - loss: 0.6797 - acc: 0.5298
1408/1424 [============================>.] - ETA: 0s - loss: 0.6792 - acc: 0.5348
1424/1424 [==============================] - 14s 10ms/step - loss: 0.6790 - acc: 0.5365 - val_loss: 0.6552 - val_acc: 0.7302
Epoch 2/1000

  32/1424 [..............................] - ETA: 7s - loss: 0.6873 - acc: 0.6562
  64/1424 [>.............................] - ETA: 7s - loss: 0.6683 - acc: 0.6094
  96/1424 [=>............................] - ETA: 6s - loss: 0.6704 - acc: 0.6146
 128/1424 [=>............................] - ETA: 6s - loss: 0.6548 - acc: 0.6562
 160/1424 [==>...........................] - ETA: 6s - loss: 0.6515 - acc: 0.6750
 192/1424 [===>..........................] - ETA: 6s - loss: 0.6403 - acc: 0.7188
 224/1424 [===>..........................] - ETA: 6s - loss: 0.6344 - acc: 0.7411
 256/1424 [====>.........................] - ETA: 6s - loss: 0.6263 - acc: 0.7422
 288/1424 [=====>........................] - ETA: 5s - loss: 0.6148 - acc: 0.7361
 320/1424 [=====>........................] - ETA: 5s - loss: 0.6059 - acc: 0.7219
 352/1424 [======>.......................] - ETA: 5s - loss: 0.6474 - acc: 0.7017
 384/1424 [=======>......................] - ETA: 5s - loss: 0.6858 - acc: 0.6823
 416/1424 [=======>......................] - ETA: 5s - loss: 0.7124 - acc: 0.6731
 448/1424 [========>.....................] - ETA: 5s - loss: 0.7022 - acc: 0.6719
 480/1424 [=========>....................] - ETA: 4s - loss: 0.6951 - acc: 0.6708
 512/1424 [=========>....................] - ETA: 4s - loss: 0.7119 - acc: 0.6797
 544/1424 [==========>...................] - ETA: 4s - loss: 0.7016 - acc: 0.6912
 576/1424 [===========>..................] - ETA: 4s - loss: 0.6948 - acc: 0.6979
 608/1424 [===========>..................] - ETA: 4s - loss: 0.6980 - acc: 0.7023
 640/1424 [============>.................] - ETA: 4s - loss: 0.6910 - acc: 0.7109
 672/1424 [=============>................] - ETA: 3s - loss: 0.6850 - acc: 0.7128
 704/1424 [=============>................] - ETA: 3s - loss: 0.6776 - acc: 0.7188
 736/1424 [==============>...............] - ETA: 3s - loss: 0.6704 - acc: 0.7269
 768/1424 [===============>..............] - ETA: 3s - loss: 0.6663 - acc: 0.7240
 800/1424 [===============>..............] - ETA: 3s - loss: 0.6602 - acc: 0.7250
 832/1424 [================>.............] - ETA: 3s - loss: 0.6545 - acc: 0.7236
 864/1424 [=================>............] - ETA: 2s - loss: 0.6472 - acc: 0.7257
 896/1424 [=================>............] - ETA: 2s - loss: 0.6391 - acc: 0.7288
 928/1424 [==================>...........] - ETA: 2s - loss: 0.6307 - acc: 0.7317
 960/1424 [===================>..........] - ETA: 2s - loss: 0.6271 - acc: 0.7354
 992/1424 [===================>..........] - ETA: 2s - loss: 0.6284 - acc: 0.7379
1024/1424 [====================>.........] - ETA: 2s - loss: 0.6371 - acc: 0.7412
1056/1424 [=====================>........] - ETA: 1s - loss: 0.6340 - acc: 0.7434
1088/1424 [=====================>........] - ETA: 1s - loss: 0.6599 - acc: 0.7408
1120/1424 [======================>.......] - ETA: 1s - loss: 0.6568 - acc: 0.7438
1152/1424 [=======================>......] - ETA: 1s - loss: 0.6532 - acc: 0.7465
1184/1424 [=======================>......] - ETA: 1s - loss: 0.6511 - acc: 0.7449
1216/1424 [========================>.....] - ETA: 1s - loss: 0.6475 - acc: 0.7467
1248/1424 [=========================>....] - ETA: 0s - loss: 0.6427 - acc: 0.7468
1280/1424 [=========================>....] - ETA: 0s - loss: 0.6408 - acc: 0.7461
1312/1424 [==========================>...] - ETA: 0s - loss: 0.6381 - acc: 0.7485
1344/1424 [===========================>..] - ETA: 0s - loss: 0.6355 - acc: 0.7478
1376/1424 [===========================>..] - ETA: 0s - loss: 0.6347 - acc: 0.7478
1408/1424 [============================>.] - ETA: 0s - loss: 0.6328 - acc: 0.7479
1424/1424 [==============================] - 10s 7ms/step - loss: 0.6317 - acc: 0.7472 - val_loss: 0.5200 - val_acc: 0.8333
Epoch 3/1000

  32/1424 [..............................] - ETA: 7s - loss: 0.5894 - acc: 0.7812
  64/1424 [>.............................] - ETA: 7s - loss: 0.5781 - acc: 0.7500
  96/1424 [=>............................] - ETA: 6s - loss: 0.5858 - acc: 0.7396
 128/1424 [=>............................] - ETA: 6s - loss: 0.5620 - acc: 0.7734
 160/1424 [==>...........................] - ETA: 6s - loss: 0.5624 - acc: 0.7750
 192/1424 [===>..........................] - ETA: 6s - loss: 0.5592 - acc: 0.7760
 224/1424 [===>..........................] - ETA: 6s - loss: 0.5504 - acc: 0.7723
 256/1424 [====>.........................] - ETA: 6s - loss: 0.5446 - acc: 0.7734
 288/1424 [=====>........................] - ETA: 5s - loss: 0.5459 - acc: 0.7639
 320/1424 [=====>........................] - ETA: 5s - loss: 0.5537 - acc: 0.7719
 352/1424 [======>.......................] - ETA: 5s - loss: 0.5446 - acc: 0.7812
 384/1424 [=======>......................] - ETA: 5s - loss: 0.5390 - acc: 0.7812
 416/1424 [=======>......................] - ETA: 5s - loss: 0.5271 - acc: 0.7861
 448/1424 [========>.....................] - ETA: 5s - loss: 0.5239 - acc: 0.7879
 480/1424 [=========>....................] - ETA: 4s - loss: 0.5227 - acc: 0.7833
 512/1424 [=========>....................] - ETA: 4s - loss: 0.5175 - acc: 0.7852
 544/1424 [==========>...................] - ETA: 4s - loss: 0.5141 - acc: 0.7868
 576/1424 [===========>..................] - ETA: 4s - loss: 0.5153 - acc: 0.7830
 608/1424 [===========>..................] - ETA: 4s - loss: 0.5142 - acc: 0.7796
 640/1424 [============>.................] - ETA: 4s - loss: 0.5110 - acc: 0.7828
 672/1424 [=============>................] - ETA: 3s - loss: 0.5155 - acc: 0.7812
 704/1424 [=============>................] - ETA: 3s - loss: 0.5355 - acc: 0.7812
 736/1424 [==============>...............] - ETA: 3s - loss: 0.5251 - acc: 0.7867
 768/1424 [===============>..............] - ETA: 3s - loss: 0.5173 - acc: 0.7891
 800/1424 [===============>..............] - ETA: 3s - loss: 0.5113 - acc: 0.7913
 832/1424 [================>.............] - ETA: 3s - loss: 0.5206 - acc: 0.7957
 864/1424 [=================>............] - ETA: 2s - loss: 0.5265 - acc: 0.7998
 896/1424 [=================>............] - ETA: 2s - loss: 0.5330 - acc: 0.8047
 928/1424 [==================>...........] - ETA: 2s - loss: 0.5408 - acc: 0.8071
 960/1424 [===================>..........] - ETA: 2s - loss: 0.5303 - acc: 0.8104
 992/1424 [===================>..........] - ETA: 2s - loss: 0.5491 - acc: 0.8075
1024/1424 [====================>.........] - ETA: 2s - loss: 0.5426 - acc: 0.8066
1056/1424 [=====================>........] - ETA: 1s - loss: 0.5381 - acc: 0.8097
1088/1424 [=====================>........] - ETA: 1s - loss: 0.5323 - acc: 0.8125
1120/1424 [======================>.......] - ETA: 1s - loss: 0.5275 - acc: 0.8125
1152/1424 [=======================>......] - ETA: 1s - loss: 0.5265 - acc: 0.8116
1184/1424 [=======================>......] - ETA: 1s - loss: 0.5221 - acc: 0.8133
1216/1424 [========================>.....] - ETA: 1s - loss: 0.5196 - acc: 0.8150
1248/1424 [=========================>....] - ETA: 0s - loss: 0.5193 - acc: 0.8125
1280/1424 [=========================>....] - ETA: 0s - loss: 0.5147 - acc: 0.8133
1312/1424 [==========================>...] - ETA: 0s - loss: 0.5131 - acc: 0.8117
1344/1424 [===========================>..] - ETA: 0s - loss: 0.5119 - acc: 0.8095
1376/1424 [===========================>..] - ETA: 0s - loss: 0.5093 - acc: 0.8089
1408/1424 [============================>.] - ETA: 0s - loss: 0.5075 - acc: 0.8097
1424/1424 [==============================] - 10s 7ms/step - loss: 0.5063 - acc: 0.8104 - val_loss: 0.4920 - val_acc: 0.8432
Epoch 4/1000

  32/1424 [..............................] - ETA: 7s - loss: 0.5456 - acc: 0.6875
  64/1424 [>.............................] - ETA: 7s - loss: 0.4625 - acc: 0.7500
  96/1424 [=>............................] - ETA: 6s - loss: 0.4390 - acc: 0.7917
 128/1424 [=>............................] - ETA: 6s - loss: 0.4215 - acc: 0.7969
 160/1424 [==>...........................] - ETA: 6s - loss: 0.4183 - acc: 0.8000
 192/1424 [===>..........................] - ETA: 6s - loss: 0.4161 - acc: 0.8021
 224/1424 [===>..........................] - ETA: 6s - loss: 0.4017 - acc: 0.8259
 256/1424 [====>.........................] - ETA: 6s - loss: 0.4041 - acc: 0.8359
 288/1424 [=====>........................] - ETA: 5s - loss: 0.4133 - acc: 0.8333
 320/1424 [=====>........................] - ETA: 5s - loss: 0.4126 - acc: 0.8344
 352/1424 [======>.......................] - ETA: 5s - loss: 0.4023 - acc: 0.8438
 384/1424 [=======>......................] - ETA: 5s - loss: 0.3994 - acc: 0.8464
 416/1424 [=======>......................] - ETA: 5s - loss: 0.3963 - acc: 0.8438
 448/1424 [========>.....................] - ETA: 5s - loss: 0.3965 - acc: 0.8438
 480/1424 [=========>....................] - ETA: 4s - loss: 0.3902 - acc: 0.8479
 512/1424 [=========>....................] - ETA: 4s - loss: 0.3888 - acc: 0.8496
 544/1424 [==========>...................] - ETA: 4s - loss: 0.4144 - acc: 0.8493
 576/1424 [===========>..................] - ETA: 4s - loss: 0.4104 - acc: 0.8490
 608/1424 [===========>..................] - ETA: 4s - loss: 0.4078 - acc: 0.8470
 640/1424 [============>.................] - ETA: 4s - loss: 0.4007 - acc: 0.8484
 672/1424 [=============>................] - ETA: 3s - loss: 0.4217 - acc: 0.8482
 704/1424 [=============>................] - ETA: 3s - loss: 0.4460 - acc: 0.8452
 736/1424 [==============>...............] - ETA: 3s - loss: 0.4486 - acc: 0.8451
 768/1424 [===============>..............] - ETA: 3s - loss: 0.4450 - acc: 0.8451
 800/1424 [===============>..............] - ETA: 3s - loss: 0.4398 - acc: 0.8462
 832/1424 [================>.............] - ETA: 3s - loss: 0.4589 - acc: 0.8462
 864/1424 [=================>............] - ETA: 2s - loss: 0.4764 - acc: 0.8449
 896/1424 [=================>............] - ETA: 2s - loss: 0.4715 - acc: 0.8471
 928/1424 [==================>...........] - ETA: 2s - loss: 0.4765 - acc: 0.8459
 960/1424 [===================>..........] - ETA: 2s - loss: 0.4760 - acc: 0.8448
 992/1424 [===================>..........] - ETA: 2s - loss: 0.4752 - acc: 0.8448
1024/1424 [====================>.........] - ETA: 2s - loss: 0.4806 - acc: 0.8467
1056/1424 [=====================>........] - ETA: 1s - loss: 0.4822 - acc: 0.8438
1088/1424 [=====================>........] - ETA: 1s - loss: 0.4799 - acc: 0.8438
1120/1424 [======================>.......] - ETA: 1s - loss: 0.4792 - acc: 0.8429
1152/1424 [=======================>......] - ETA: 1s - loss: 0.4893 - acc: 0.8429
1184/1424 [=======================>......] - ETA: 1s - loss: 0.4860 - acc: 0.8438
1216/1424 [========================>.....] - ETA: 1s - loss: 0.4809 - acc: 0.8454
1248/1424 [=========================>....] - ETA: 0s - loss: 0.4835 - acc: 0.8446
1280/1424 [=========================>....] - ETA: 0s - loss: 0.4931 - acc: 0.8461
1312/1424 [==========================>...] - ETA: 0s - loss: 0.4948 - acc: 0.8438
1344/1424 [===========================>..] - ETA: 0s - loss: 0.4930 - acc: 0.8430
1376/1424 [===========================>..] - ETA: 0s - loss: 0.4941 - acc: 0.8387
1408/1424 [============================>.] - ETA: 0s - loss: 0.4932 - acc: 0.8366
1424/1424 [==============================] - 10s 7ms/step - loss: 0.4917 - acc: 0.8378 - val_loss: 0.4160 - val_acc: 0.8531
Epoch 5/1000

  32/1424 [..............................] - ETA: 7s - loss: 0.3227 - acc: 0.9062
  64/1424 [>.............................] - ETA: 7s - loss: 0.3331 - acc: 0.9062
  96/1424 [=>............................] - ETA: 6s - loss: 0.3327 - acc: 0.8958
 128/1424 [=>............................] - ETA: 6s - loss: 0.3280 - acc: 0.8906
 160/1424 [==>...........................] - ETA: 6s - loss: 0.3324 - acc: 0.8812
 192/1424 [===>..........................] - ETA: 6s - loss: 0.3525 - acc: 0.8646
 224/1424 [===>..........................] - ETA: 6s - loss: 0.3551 - acc: 0.8705
 256/1424 [====>.........................] - ETA: 6s - loss: 0.3562 - acc: 0.8711
 288/1424 [=====>........................] - ETA: 5s - loss: 0.3550 - acc: 0.8750
 320/1424 [=====>........................] - ETA: 5s - loss: 0.3713 - acc: 0.8625
 352/1424 [======>.......................] - ETA: 5s - loss: 0.3732 - acc: 0.8608
 384/1424 [=======>......................] - ETA: 5s - loss: 0.3829 - acc: 0.8568
 416/1424 [=======>......................] - ETA: 5s - loss: 0.4188 - acc: 0.8486
 448/1424 [========>.....................] - ETA: 5s - loss: 0.4121 - acc: 0.8482
 480/1424 [=========>....................] - ETA: 4s - loss: 0.4109 - acc: 0.8458
 512/1424 [=========>....................] - ETA: 4s - loss: 0.4151 - acc: 0.8477
 544/1424 [==========>...................] - ETA: 4s - loss: 0.4123 - acc: 0.8511
 576/1424 [===========>..................] - ETA: 4s - loss: 0.4167 - acc: 0.8455
 608/1424 [===========>..................] - ETA: 4s - loss: 0.4176 - acc: 0.8438
 640/1424 [============>.................] - ETA: 4s - loss: 0.4351 - acc: 0.8375
 672/1424 [=============>................] - ETA: 3s - loss: 0.4582 - acc: 0.8378
 704/1424 [=============>................] - ETA: 3s - loss: 0.4593 - acc: 0.8310
 736/1424 [==============>...............] - ETA: 3s - loss: 0.4503 - acc: 0.8356
 768/1424 [===============>..............] - ETA: 3s - loss: 0.4506 - acc: 0.8307
 800/1424 [===============>..............] - ETA: 3s - loss: 0.4501 - acc: 0.8325
 832/1424 [================>.............] - ETA: 3s - loss: 0.4491 - acc: 0.8317
 864/1424 [=================>............] - ETA: 2s - loss: 0.4452 - acc: 0.8356
 896/1424 [=================>............] - ETA: 2s - loss: 0.4446 - acc: 0.8348
 928/1424 [==================>...........] - ETA: 2s - loss: 0.4467 - acc: 0.8319
 960/1424 [===================>..........] - ETA: 2s - loss: 0.4414 - acc: 0.8354
 992/1424 [===================>..........] - ETA: 2s - loss: 0.4456 - acc: 0.8327
1024/1424 [====================>.........] - ETA: 2s - loss: 0.4443 - acc: 0.8330
1056/1424 [=====================>........] - ETA: 1s - loss: 0.4485 - acc: 0.8314
1088/1424 [=====================>........] - ETA: 1s - loss: 0.4503 - acc: 0.8272
1120/1424 [======================>.......] - ETA: 1s - loss: 0.4474 - acc: 0.8295
1152/1424 [=======================>......] - ETA: 1s - loss: 0.4484 - acc: 0.8290
1184/1424 [=======================>......] - ETA: 1s - loss: 0.4484 - acc: 0.8302
1216/1424 [========================>.....] - ETA: 1s - loss: 0.4479 - acc: 0.8306
1248/1424 [=========================>....] - ETA: 0s - loss: 0.4451 - acc: 0.8317
1280/1424 [=========================>....] - ETA: 0s - loss: 0.4455 - acc: 0.8305
1312/1424 [==========================>...] - ETA: 0s - loss: 0.4428 - acc: 0.8323
1344/1424 [===========================>..] - ETA: 0s - loss: 0.4426 - acc: 0.8304
1376/1424 [===========================>..] - ETA: 0s - loss: 0.4399 - acc: 0.8307
1408/1424 [============================>.] - ETA: 0s - loss: 0.4382 - acc: 0.8317
1424/1424 [==============================] - 10s 7ms/step - loss: 0.4368 - acc: 0.8329 - val_loss: 0.3918 - val_acc: 0.8446
Epoch 6/1000

  32/1424 [..............................] - ETA: 7s - loss: 0.3413 - acc: 0.8750
  64/1424 [>.............................] - ETA: 7s - loss: 0.2976 - acc: 0.8750
  96/1424 [=>............................] - ETA: 6s - loss: 0.3274 - acc: 0.8646
 128/1424 [=>............................] - ETA: 6s - loss: 0.4068 - acc: 0.8359
 160/1424 [==>...........................] - ETA: 6s - loss: 0.4856 - acc: 0.8375
 192/1424 [===>..........................] - ETA: 6s - loss: 0.4715 - acc: 0.8281
 224/1424 [===>..........................] - ETA: 6s - loss: 0.4480 - acc: 0.8304
 256/1424 [====>.........................] - ETA: 6s - loss: 0.4450 - acc: 0.8281
 288/1424 [=====>........................] - ETA: 5s - loss: 0.4368 - acc: 0.8333
 320/1424 [=====>........................] - ETA: 5s - loss: 0.4421 - acc: 0.8344
 352/1424 [======>.......................] - ETA: 5s - loss: 0.4462 - acc: 0.8324
 384/1424 [=======>......................] - ETA: 5s - loss: 0.4359 - acc: 0.8359
 416/1424 [=======>......................] - ETA: 5s - loss: 0.4359 - acc: 0.8293
 448/1424 [========>.....................] - ETA: 5s - loss: 0.4334 - acc: 0.8304
 480/1424 [=========>....................] - ETA: 4s - loss: 0.4419 - acc: 0.8271
 512/1424 [=========>....................] - ETA: 4s - loss: 0.4365 - acc: 0.8262
 544/1424 [==========>...................] - ETA: 4s - loss: 0.4319 - acc: 0.8254
 576/1424 [===========>..................] - ETA: 4s - loss: 0.4216 - acc: 0.8316
 608/1424 [===========>..................] - ETA: 4s - loss: 0.4181 - acc: 0.8289
 640/1424 [============>.................] - ETA: 4s - loss: 0.4151 - acc: 0.8313
 672/1424 [=============>................] - ETA: 3s - loss: 0.4187 - acc: 0.8304
 704/1424 [=============>................] - ETA: 3s - loss: 0.4206 - acc: 0.8295
 736/1424 [==============>...............] - ETA: 3s - loss: 0.4260 - acc: 0.8288
 768/1424 [===============>..............] - ETA: 3s - loss: 0.4267 - acc: 0.8281
 800/1424 [===============>..............] - ETA: 3s - loss: 0.4218 - acc: 0.8300
 832/1424 [================>.............] - ETA: 3s - loss: 0.4170 - acc: 0.8317
 864/1424 [=================>............] - ETA: 2s - loss: 0.4148 - acc: 0.8333
 896/1424 [=================>............] - ETA: 2s - loss: 0.4155 - acc: 0.8304
 928/1424 [==================>...........] - ETA: 2s - loss: 0.4120 - acc: 0.8341
 960/1424 [===================>..........] - ETA: 2s - loss: 0.4109 - acc: 0.8354
 992/1424 [===================>..........] - ETA: 2s - loss: 0.4125 - acc: 0.8327
1024/1424 [====================>.........] - ETA: 2s - loss: 0.4104 - acc: 0.8340
1056/1424 [=====================>........] - ETA: 1s - loss: 0.4068 - acc: 0.8362
1088/1424 [=====================>........] - ETA: 1s - loss: 0.4057 - acc: 0.8373
1120/1424 [======================>.......] - ETA: 1s - loss: 0.4024 - acc: 0.8384
1152/1424 [=======================>......] - ETA: 1s - loss: 0.4058 - acc: 0.8368
1184/1424 [=======================>......] - ETA: 1s - loss: 0.4027 - acc: 0.8378
1216/1424 [========================>.....] - ETA: 1s - loss: 0.4004 - acc: 0.8380
1248/1424 [=========================>....] - ETA: 0s - loss: 0.3974 - acc: 0.8381
1280/1424 [=========================>....] - ETA: 0s - loss: 0.3985 - acc: 0.8375
1312/1424 [==========================>...] - ETA: 0s - loss: 0.3977 - acc: 0.8377
1344/1424 [===========================>..] - ETA: 0s - loss: 0.3924 - acc: 0.8400
1376/1424 [===========================>..] - ETA: 0s - loss: 0.3931 - acc: 0.8394
1408/1424 [============================>.] - ETA: 0s - loss: 0.3953 - acc: 0.8388
1424/1424 [==============================] - 10s 7ms/step - loss: 0.3974 - acc: 0.8385 - val_loss: 0.4142 - val_acc: 0.8658
Epoch 7/1000

  32/1424 [..............................] - ETA: 7s - loss: 0.3116 - acc: 0.8750
  64/1424 [>.............................] - ETA: 7s - loss: 0.3807 - acc: 0.8594
  96/1424 [=>............................] - ETA: 6s - loss: 0.3599 - acc: 0.8438
 128/1424 [=>............................] - ETA: 6s - loss: 0.3324 - acc: 0.8594
 160/1424 [==>...........................] - ETA: 6s - loss: 0.3257 - acc: 0.8625
 192/1424 [===>..........................] - ETA: 6s - loss: 0.3480 - acc: 0.8542
 224/1424 [===>..........................] - ETA: 6s - loss: 0.4391 - acc: 0.8527
 256/1424 [====>.........................] - ETA: 6s - loss: 0.4357 - acc: 0.8438
 288/1424 [=====>........................] - ETA: 5s - loss: 0.4131 - acc: 0.8507
 320/1424 [=====>........................] - ETA: 5s - loss: 0.4488 - acc: 0.8438
 352/1424 [======>.......................] - ETA: 5s - loss: 0.4588 - acc: 0.8438
 384/1424 [=======>......................] - ETA: 5s - loss: 0.4501 - acc: 0.8464
 416/1424 [=======>......................] - ETA: 5s - loss: 0.4463 - acc: 0.8462
 448/1424 [========>.....................] - ETA: 5s - loss: 0.4353 - acc: 0.8504
 480/1424 [=========>....................] - ETA: 4s - loss: 0.4370 - acc: 0.8458
 512/1424 [=========>....................] - ETA: 4s - loss: 0.4330 - acc: 0.8457
 544/1424 [==========>...................] - ETA: 4s - loss: 0.4345 - acc: 0.8438
 576/1424 [===========>..................] - ETA: 4s - loss: 0.4281 - acc: 0.8472
 608/1424 [===========>..................] - ETA: 4s - loss: 0.4264 - acc: 0.8470
 640/1424 [============>.................] - ETA: 4s - loss: 0.4266 - acc: 0.8438
 672/1424 [=============>................] - ETA: 3s - loss: 0.4253 - acc: 0.8438
 704/1424 [=============>................] - ETA: 3s - loss: 0.4421 - acc: 0.8438
 736/1424 [==============>...............] - ETA: 3s - loss: 0.4358 - acc: 0.8478
 768/1424 [===============>..............] - ETA: 3s - loss: 0.4329 - acc: 0.8490
 800/1424 [===============>..............] - ETA: 3s - loss: 0.4310 - acc: 0.8475
 832/1424 [================>.............] - ETA: 3s - loss: 0.4355 - acc: 0.8425
 864/1424 [=================>............] - ETA: 2s - loss: 0.4345 - acc: 0.8414
 896/1424 [=================>............] - ETA: 2s - loss: 0.4288 - acc: 0.8438
 928/1424 [==================>...........] - ETA: 2s - loss: 0.4260 - acc: 0.8459
 960/1424 [===================>..........] - ETA: 2s - loss: 0.4260 - acc: 0.8458
 992/1424 [===================>..........] - ETA: 2s - loss: 0.4290 - acc: 0.8438
1024/1424 [====================>.........] - ETA: 2s - loss: 0.4319 - acc: 0.8398
1056/1424 [=====================>........] - ETA: 1s - loss: 0.4249 - acc: 0.8428
1088/1424 [=====================>........] - ETA: 1s - loss: 0.4186 - acc: 0.8447
1120/1424 [======================>.......] - ETA: 1s - loss: 0.4176 - acc: 0.8438
1152/1424 [=======================>......] - ETA: 1s - loss: 0.4122 - acc: 0.8455
1184/1424 [=======================>......] - ETA: 1s - loss: 0.4141 - acc: 0.8429
1216/1424 [========================>.....] - ETA: 1s - loss: 0.4144 - acc: 0.8413
1248/1424 [=========================>....] - ETA: 0s - loss: 0.4129 - acc: 0.8421
1280/1424 [=========================>....] - ETA: 0s - loss: 0.4099 - acc: 0.8430
1312/1424 [==========================>...] - ETA: 0s - loss: 0.4085 - acc: 0.8422
1344/1424 [===========================>..] - ETA: 0s - loss: 0.4115 - acc: 0.8415
1376/1424 [===========================>..] - ETA: 0s - loss: 0.4119 - acc: 0.8394
1408/1424 [============================>.] - ETA: 0s - loss: 0.4133 - acc: 0.8381
1424/1424 [==============================] - 10s 7ms/step - loss: 0.4135 - acc: 0.8378 - val_loss: 0.4079 - val_acc: 0.8630
Epoch 8/1000

  32/1424 [..............................] - ETA: 7s - loss: 0.2370 - acc: 0.9062
  64/1424 [>.............................] - ETA: 7s - loss: 0.3434 - acc: 0.8594
  96/1424 [=>............................] - ETA: 6s - loss: 0.2977 - acc: 0.8958
 128/1424 [=>............................] - ETA: 6s - loss: 0.2823 - acc: 0.8906
 160/1424 [==>...........................] - ETA: 6s - loss: 0.3083 - acc: 0.8875
 192/1424 [===>..........................] - ETA: 6s - loss: 0.3292 - acc: 0.8646
 224/1424 [===>..........................] - ETA: 6s - loss: 0.3231 - acc: 0.8661
 256/1424 [====>.........................] - ETA: 6s - loss: 0.3485 - acc: 0.8555
 288/1424 [=====>........................] - ETA: 5s - loss: 0.3613 - acc: 0.8403
 320/1424 [=====>........................] - ETA: 5s - loss: 0.3467 - acc: 0.8469
 352/1424 [======>.......................] - ETA: 5s - loss: 0.3392 - acc: 0.8523
 384/1424 [=======>......................] - ETA: 5s - loss: 0.3858 - acc: 0.8464
 416/1424 [=======>......................] - ETA: 5s - loss: 0.4258 - acc: 0.8389
 448/1424 [========>.....................] - ETA: 5s - loss: 0.4200 - acc: 0.8415
 480/1424 [=========>....................] - ETA: 4s - loss: 0.4146 - acc: 0.8458
 512/1424 [=========>....................] - ETA: 4s - loss: 0.4073 - acc: 0.8496
 544/1424 [==========>...................] - ETA: 4s - loss: 0.4032 - acc: 0.8511
 576/1424 [===========>..................] - ETA: 4s - loss: 0.3938 - acc: 0.8542
 608/1424 [===========>..................] - ETA: 4s - loss: 0.3919 - acc: 0.8520
 640/1424 [============>.................] - ETA: 4s - loss: 0.3841 - acc: 0.8531
 672/1424 [=============>................] - ETA: 3s - loss: 0.3914 - acc: 0.8512
 704/1424 [=============>................] - ETA: 3s - loss: 0.3900 - acc: 0.8509
 736/1424 [==============>...............] - ETA: 3s - loss: 0.3835 - acc: 0.8519
 768/1424 [===============>..............] - ETA: 3s - loss: 0.3803 - acc: 0.8516
 800/1424 [===============>..............] - ETA: 3s - loss: 0.3774 - acc: 0.8525
 832/1424 [================>.............] - ETA: 3s - loss: 0.3783 - acc: 0.8534
 864/1424 [=================>............] - ETA: 2s - loss: 0.3824 - acc: 0.8530
 896/1424 [=================>............] - ETA: 2s - loss: 0.3897 - acc: 0.8482
 928/1424 [==================>...........] - ETA: 2s - loss: 0.3918 - acc: 0.8459
 960/1424 [===================>..........] - ETA: 2s - loss: 0.3916 - acc: 0.8438
 992/1424 [===================>..........] - ETA: 2s - loss: 0.3896 - acc: 0.8427
1024/1424 [====================>.........] - ETA: 2s - loss: 0.3932 - acc: 0.8389
1056/1424 [=====================>........] - ETA: 1s - loss: 0.3929 - acc: 0.8371
1088/1424 [=====================>........] - ETA: 1s - loss: 0.3914 - acc: 0.8392
1120/1424 [======================>.......] - ETA: 1s - loss: 0.3924 - acc: 0.8402
1152/1424 [=======================>......] - ETA: 1s - loss: 0.3939 - acc: 0.8403
1184/1424 [=======================>......] - ETA: 1s - loss: 0.4093 - acc: 0.8353
1216/1424 [========================>.....] - ETA: 1s - loss: 0.4102 - acc: 0.8339
1248/1424 [=========================>....] - ETA: 0s - loss: 0.4143 - acc: 0.8309
1280/1424 [=========================>....] - ETA: 0s - loss: 0.4151 - acc: 0.8320
1312/1424 [==========================>...] - ETA: 0s - loss: 0.4111 - acc: 0.8338
1344/1424 [===========================>..] - ETA: 0s - loss: 0.4126 - acc: 0.8318
1376/1424 [===========================>..] - ETA: 0s - loss: 0.4199 - acc: 0.8336
1408/1424 [============================>.] - ETA: 0s - loss: 0.4204 - acc: 0.8338
1424/1424 [==============================] - 10s 7ms/step - loss: 0.4173 - acc: 0.8357 - val_loss: 0.5073 - val_acc: 0.8291
Epoch 9/1000

  32/1424 [..............................] - ETA: 7s - loss: 0.8685 - acc: 0.7812
  64/1424 [>.............................] - ETA: 7s - loss: 0.5726 - acc: 0.8438
  96/1424 [=>............................] - ETA: 6s - loss: 0.4898 - acc: 0.8646
 128/1424 [=>............................] - ETA: 6s - loss: 0.4940 - acc: 0.8516
 160/1424 [==>...........................] - ETA: 6s - loss: 0.4673 - acc: 0.8500
 192/1424 [===>..........................] - ETA: 6s - loss: 0.4449 - acc: 0.8542
 224/1424 [===>..........................] - ETA: 6s - loss: 0.5047 - acc: 0.8482
 256/1424 [====>.........................] - ETA: 6s - loss: 0.5194 - acc: 0.8281
 288/1424 [=====>........................] - ETA: 5s - loss: 0.4931 - acc: 0.8333
 320/1424 [=====>........................] - ETA: 5s - loss: 0.5128 - acc: 0.8281
 352/1424 [======>.......................] - ETA: 5s - loss: 0.5090 - acc: 0.8210
 384/1424 [=======>......................] - ETA: 5s - loss: 0.4909 - acc: 0.8281
 416/1424 [=======>......................] - ETA: 5s - loss: 0.4686 - acc: 0.8365
 448/1424 [========>.....................] - ETA: 5s - loss: 0.5202 - acc: 0.8237
 480/1424 [=========>....................] - ETA: 4s - loss: 0.5154 - acc: 0.8250
 512/1424 [=========>....................] - ETA: 4s - loss: 0.5296 - acc: 0.8262
 544/1424 [==========>...................] - ETA: 4s - loss: 0.5148 - acc: 0.8309
 576/1424 [===========>..................] - ETA: 4s - loss: 0.5246 - acc: 0.8333
 608/1424 [===========>..................] - ETA: 4s - loss: 0.5301 - acc: 0.8355
 640/1424 [============>.................] - ETA: 4s - loss: 0.5425 - acc: 0.8359
 672/1424 [=============>................] - ETA: 3s - loss: 0.5406 - acc: 0.8274
 704/1424 [=============>................] - ETA: 3s - loss: 0.5332 - acc: 0.8295
 736/1424 [==============>...............] - ETA: 3s - loss: 0.5241 - acc: 0.8302
 768/1424 [===============>..............] - ETA: 3s - loss: 0.5229 - acc: 0.8281
 800/1424 [===============>..............] - ETA: 3s - loss: 0.5149 - acc: 0.8313
 832/1424 [================>.............] - ETA: 3s - loss: 0.5220 - acc: 0.8329
 864/1424 [=================>............] - ETA: 2s - loss: 0.5155 - acc: 0.8310
 896/1424 [=================>............] - ETA: 2s - loss: 0.5483 - acc: 0.8281
 928/1424 [==================>...........] - ETA: 2s - loss: 0.5594 - acc: 0.8287
 960/1424 [===================>..........] - ETA: 2s - loss: 0.6865 - acc: 0.8208
 992/1424 [===================>..........] - ETA: 2s - loss: 0.8332 - acc: 0.8125
1024/1424 [====================>.........] - ETA: 2s - loss: 1.0324 - acc: 0.8027
1056/1424 [=====================>........] - ETA: 1s - loss: 1.1410 - acc: 0.7983
1088/1424 [=====================>........] - ETA: 1s - loss: 1.3445 - acc: 0.7895
1120/1424 [======================>.......] - ETA: 1s - loss: 1.4952 - acc: 0.7830
1152/1424 [=======================>......] - ETA: 1s - loss: 1.6635 - acc: 0.7760
1184/1424 [=======================>......] - ETA: 1s - loss: 1.8364 - acc: 0.7686
1216/1424 [========================>.....] - ETA: 1s - loss: 2.0265 - acc: 0.7599
1248/1424 [=========================>....] - ETA: 0s - loss: 2.1166 - acc: 0.7572
1280/1424 [=========================>....] - ETA: 0s - loss: 2.2398 - acc: 0.7523
1312/1424 [==========================>...] - ETA: 0s - loss: 2.3449 - acc: 0.7485
1344/1424 [===========================>..] - ETA: 0s - loss: 2.5049 - acc: 0.7411
1376/1424 [===========================>..] - ETA: 0s - loss: 2.6341 - acc: 0.7355
1408/1424 [============================>.] - ETA: 0s - loss: 2.8490 - acc: 0.7244
1424/1424 [==============================] - 10s 7ms/step - loss: 2.8962 - acc: 0.7226 - val_loss: 8.0590 - val_acc: 0.5000
Epoch 10/1000

  32/1424 [..............................] - ETA: 7s - loss: 8.5627 - acc: 0.4688
  64/1424 [>.............................] - ETA: 7s - loss: 9.3183 - acc: 0.4219
  96/1424 [=>............................] - ETA: 6s - loss: 8.7270 - acc: 0.4583
 128/1424 [=>............................] - ETA: 6s - loss: 8.4327 - acc: 0.4766
 160/1424 [==>...........................] - ETA: 6s - loss: 8.0547 - acc: 0.5000
 192/1424 [===>..........................] - ETA: 6s - loss: 8.2233 - acc: 0.4896
 224/1424 [===>..........................] - ETA: 6s - loss: 8.0559 - acc: 0.5000
 256/1424 [====>.........................] - ETA: 6s - loss: 8.3075 - acc: 0.4844
 288/1424 [=====>........................] - ETA: 5s - loss: 8.3358 - acc: 0.4826
 320/1424 [=====>........................] - ETA: 5s - loss: 8.2074 - acc: 0.4906
 352/1424 [======>.......................] - ETA: 5s - loss: 8.1476 - acc: 0.4943
 384/1424 [=======>......................] - ETA: 5s - loss: 8.3077 - acc: 0.4844
 416/1424 [=======>......................] - ETA: 5s - loss: 8.0173 - acc: 0.5024
 448/1424 [========>.....................] - ETA: 5s - loss: 8.1279 - acc: 0.4955
 480/1424 [=========>....................] - ETA: 4s - loss: 8.0897 - acc: 0.4979
 512/1424 [=========>....................] - ETA: 4s - loss: 8.1189 - acc: 0.4961
 544/1424 [==========>...................] - ETA: 4s - loss: 7.9673 - acc: 0.5055
 576/1424 [===========>..................] - ETA: 4s - loss: 7.9444 - acc: 0.5069
 608/1424 [===========>..................] - ETA: 4s - loss: 7.8971 - acc: 0.5099
 640/1424 [============>.................] - ETA: 4s - loss: 7.8546 - acc: 0.5125
 672/1424 [=============>................] - ETA: 3s - loss: 7.7683 - acc: 0.5179
 704/1424 [=============>................] - ETA: 3s - loss: 7.6900 - acc: 0.5227
 736/1424 [==============>...............] - ETA: 3s - loss: 7.7493 - acc: 0.5190
 768/1424 [===============>..............] - ETA: 3s - loss: 7.7203 - acc: 0.5208
 800/1424 [===============>..............] - ETA: 3s - loss: 7.6935 - acc: 0.5225
 832/1424 [================>.............] - ETA: 3s - loss: 7.8238 - acc: 0.5144
 864/1424 [=================>............] - ETA: 2s - loss: 7.8139 - acc: 0.5150
 896/1424 [=================>............] - ETA: 2s - loss: 7.7507 - acc: 0.5190
 928/1424 [==================>...........] - ETA: 2s - loss: 7.7959 - acc: 0.5162
 960/1424 [===================>..........] - ETA: 2s - loss: 7.8214 - acc: 0.5146
 992/1424 [===================>..........] - ETA: 2s - loss: 7.8127 - acc: 0.5151
1024/1424 [====================>.........] - ETA: 2s - loss: 7.8989 - acc: 0.5098
1056/1424 [=====================>........] - ETA: 1s - loss: 7.8427 - acc: 0.5133
1088/1424 [=====================>........] - ETA: 1s - loss: 7.8787 - acc: 0.5110
1120/1424 [======================>.......] - ETA: 1s - loss: 7.8695 - acc: 0.5116
1152/1424 [=======================>......] - ETA: 1s - loss: 7.9165 - acc: 0.5087
1184/1424 [=======================>......] - ETA: 1s - loss: 7.9068 - acc: 0.5093
1216/1424 [========================>.....] - ETA: 1s - loss: 7.9108 - acc: 0.5090
1248/1424 [=========================>....] - ETA: 0s - loss: 7.8629 - acc: 0.5120
1280/1424 [=========================>....] - ETA: 0s - loss: 7.9308 - acc: 0.5078
1312/1424 [==========================>...] - ETA: 0s - loss: 7.9093 - acc: 0.5091
1344/1424 [===========================>..] - ETA: 0s - loss: 7.9609 - acc: 0.5060
1376/1424 [===========================>..] - ETA: 0s - loss: 7.9982 - acc: 0.5036
1408/1424 [============================>.] - ETA: 0s - loss: 8.0339 - acc: 0.5014
1424/1424 [==============================] - 10s 7ms/step - loss: 8.0795 - acc: 0.4986 - val_loss: 7.9712 - val_acc: 0.5000
Epoch 11/1000

  32/1424 [..............................] - ETA: 7s - loss: 10.5775 - acc: 0.3438
  64/1424 [>.............................] - ETA: 7s - loss: 9.5701 - acc: 0.4062 
  96/1424 [=>............................] - ETA: 6s - loss: 9.0664 - acc: 0.4375
 128/1424 [=>............................] - ETA: 6s - loss: 9.0651 - acc: 0.4375
 160/1424 [==>...........................] - ETA: 6s - loss: 9.2668 - acc: 0.4250
 192/1424 [===>..........................] - ETA: 6s - loss: 8.8967 - acc: 0.4479
 224/1424 [===>..........................] - ETA: 6s - loss: 8.7763 - acc: 0.4554
 256/1424 [====>.........................] - ETA: 6s - loss: 8.8755 - acc: 0.4492
 288/1424 [=====>........................] - ETA: 5s - loss: 8.9527 - acc: 0.4444
 320/1424 [=====>........................] - ETA: 5s - loss: 8.7116 - acc: 0.4594
 352/1424 [======>.......................] - ETA: 5s - loss: 8.7434 - acc: 0.4574
 384/1424 [=======>......................] - ETA: 5s - loss: 8.6024 - acc: 0.4661
 416/1424 [=======>......................] - ETA: 5s - loss: 8.3669 - acc: 0.4808
 448/1424 [========>.....................] - ETA: 5s - loss: 8.3809 - acc: 0.4799
 480/1424 [=========>....................] - ETA: 4s - loss: 8.2583 - acc: 0.4875
 512/1424 [=========>....................] - ETA: 4s - loss: 8.3088 - acc: 0.4844
 544/1424 [==========>...................] - ETA: 4s - loss: 8.3238 - acc: 0.4835
 576/1424 [===========>..................] - ETA: 4s - loss: 8.2808 - acc: 0.4861
 608/1424 [===========>..................] - ETA: 4s - loss: 8.3215 - acc: 0.4836
 640/1424 [============>.................] - ETA: 4s - loss: 8.4092 - acc: 0.4781
 672/1424 [=============>................] - ETA: 3s - loss: 8.3680 - acc: 0.4807
 704/1424 [=============>................] - ETA: 3s - loss: 8.3537 - acc: 0.4815
 736/1424 [==============>...............] - ETA: 3s - loss: 8.3409 - acc: 0.4823
 768/1424 [===============>..............] - ETA: 3s - loss: 8.3921 - acc: 0.4792
 800/1424 [===============>..............] - ETA: 3s - loss: 8.3989 - acc: 0.4788
 832/1424 [================>.............] - ETA: 3s - loss: 8.4052 - acc: 0.4784
 864/1424 [=================>............] - ETA: 2s - loss: 8.3551 - acc: 0.4815
 896/1424 [=================>............] - ETA: 2s - loss: 8.3625 - acc: 0.4810
 928/1424 [==================>...........] - ETA: 2s - loss: 8.3345 - acc: 0.4828
 960/1424 [===================>..........] - ETA: 2s - loss: 8.2749 - acc: 0.4865
 992/1424 [===================>..........] - ETA: 2s - loss: 8.2192 - acc: 0.4899
1024/1424 [====================>.........] - ETA: 2s - loss: 8.2142 - acc: 0.4902
1056/1424 [=====================>........] - ETA: 1s - loss: 8.2553 - acc: 0.4877
1088/1424 [=====================>........] - ETA: 1s - loss: 8.2049 - acc: 0.4908
1120/1424 [======================>.......] - ETA: 1s - loss: 8.1862 - acc: 0.4920
1152/1424 [=======================>......] - ETA: 1s - loss: 8.1827 - acc: 0.4922
1184/1424 [=======================>......] - ETA: 1s - loss: 8.1657 - acc: 0.4932
1216/1424 [========================>.....] - ETA: 1s - loss: 8.1497 - acc: 0.4942
1248/1424 [=========================>....] - ETA: 0s - loss: 8.1344 - acc: 0.4952
1280/1424 [=========================>....] - ETA: 0s - loss: 8.1451 - acc: 0.4945
1312/1424 [==========================>...] - ETA: 0s - loss: 8.1062 - acc: 0.4970
1344/1424 [===========================>..] - ETA: 0s - loss: 8.1170 - acc: 0.4963
1376/1424 [===========================>..] - ETA: 0s - loss: 8.0920 - acc: 0.4978
1408/1424 [============================>.] - ETA: 0s - loss: 8.1371 - acc: 0.4950
1424/1424 [==============================] - 10s 7ms/step - loss: 8.1134 - acc: 0.4965 - val_loss: 7.9712 - val_acc: 0.5000
Epoch 12/1000

  32/1424 [..............................] - ETA: 7s - loss: 9.0554 - acc: 0.4375
  64/1424 [>.............................] - ETA: 7s - loss: 8.0508 - acc: 0.5000
  96/1424 [=>............................] - ETA: 6s - loss: 7.7178 - acc: 0.5208
 128/1424 [=>............................] - ETA: 6s - loss: 7.4253 - acc: 0.5391
 160/1424 [==>...........................] - ETA: 6s - loss: 7.9550 - acc: 0.5062
 192/1424 [===>..........................] - ETA: 6s - loss: 7.7205 - acc: 0.5208
 224/1424 [===>..........................] - ETA: 6s - loss: 7.4803 - acc: 0.5357
 256/1424 [====>.........................] - ETA: 6s - loss: 7.3637 - acc: 0.5430
 288/1424 [=====>........................] - ETA: 5s - loss: 7.3850 - acc: 0.5417
 320/1424 [=====>........................] - ETA: 5s - loss: 7.5028 - acc: 0.5344
 352/1424 [======>.......................] - ETA: 5s - loss: 7.4155 - acc: 0.5398
 384/1424 [=======>......................] - ETA: 5s - loss: 7.3432 - acc: 0.5443
 416/1424 [=======>......................] - ETA: 5s - loss: 7.4370 - acc: 0.5385
 448/1424 [========>.....................] - ETA: 5s - loss: 7.5170 - acc: 0.5335
 480/1424 [=========>....................] - ETA: 4s - loss: 7.6200 - acc: 0.5271
 512/1424 [=========>....................] - ETA: 4s - loss: 7.5530 - acc: 0.5312
 544/1424 [==========>...................] - ETA: 4s - loss: 7.7605 - acc: 0.5184
 576/1424 [===========>..................] - ETA: 4s - loss: 7.8331 - acc: 0.5139
 608/1424 [===========>..................] - ETA: 4s - loss: 7.7651 - acc: 0.5181
 640/1424 [============>.................] - ETA: 4s - loss: 7.7043 - acc: 0.5219
 672/1424 [=============>................] - ETA: 3s - loss: 7.9130 - acc: 0.5089
 704/1424 [=============>................] - ETA: 3s - loss: 7.9650 - acc: 0.5057
 736/1424 [==============>...............] - ETA: 3s - loss: 7.9472 - acc: 0.5068
 768/1424 [===============>..............] - ETA: 3s - loss: 7.9518 - acc: 0.5065
 800/1424 [===============>..............] - ETA: 3s - loss: 8.0367 - acc: 0.5012
 832/1424 [================>.............] - ETA: 3s - loss: 8.0761 - acc: 0.4988
 864/1424 [=================>............] - ETA: 2s - loss: 8.0755 - acc: 0.4988
 896/1424 [=================>............] - ETA: 2s - loss: 8.0749 - acc: 0.4989
 928/1424 [==================>...........] - ETA: 2s - loss: 8.1264 - acc: 0.4957
 960/1424 [===================>..........] - ETA: 2s - loss: 8.0235 - acc: 0.5021
 992/1424 [===================>..........] - ETA: 2s - loss: 8.0733 - acc: 0.4990
1024/1424 [====================>.........] - ETA: 2s - loss: 8.0257 - acc: 0.5020
1056/1424 [=====================>........] - ETA: 1s - loss: 8.0114 - acc: 0.5028
1088/1424 [=====================>........] - ETA: 1s - loss: 8.0721 - acc: 0.4991
1120/1424 [======================>.......] - ETA: 1s - loss: 8.1003 - acc: 0.4973
1152/1424 [=======================>......] - ETA: 1s - loss: 8.0990 - acc: 0.4974
1184/1424 [=======================>......] - ETA: 1s - loss: 8.1116 - acc: 0.4966
1216/1424 [========================>.....] - ETA: 1s - loss: 8.1367 - acc: 0.4951
1248/1424 [=========================>....] - ETA: 0s - loss: 8.1346 - acc: 0.4952
1280/1424 [=========================>....] - ETA: 0s - loss: 8.1453 - acc: 0.4945
1312/1424 [==========================>...] - ETA: 0s - loss: 8.1555 - acc: 0.4939
1344/1424 [===========================>..] - ETA: 0s - loss: 8.1412 - acc: 0.4948
1376/1424 [===========================>..] - ETA: 0s - loss: 8.1976 - acc: 0.4913
1408/1424 [============================>.] - ETA: 0s - loss: 8.1601 - acc: 0.4936
1424/1424 [==============================] - 10s 7ms/step - loss: 8.1137 - acc: 0.4965 - val_loss: 7.9712 - val_acc: 0.5000
Epoch 13/1000

  32/1424 [..............................] - ETA: 7s - loss: 8.0590 - acc: 0.5000
  64/1424 [>.............................] - ETA: 7s - loss: 7.5554 - acc: 0.5312
  96/1424 [=>............................] - ETA: 6s - loss: 7.7233 - acc: 0.5208
 128/1424 [=>............................] - ETA: 6s - loss: 8.0590 - acc: 0.5000
 160/1424 [==>...........................] - ETA: 6s - loss: 8.2605 - acc: 0.4875
 192/1424 [===>..........................] - ETA: 6s - loss: 8.1421 - acc: 0.4948
 224/1424 [===>..........................] - ETA: 6s - loss: 8.0575 - acc: 0.5000
 256/1424 [====>.........................] - ETA: 6s - loss: 7.9933 - acc: 0.5039
 288/1424 [=====>........................] - ETA: 5s - loss: 7.9441 - acc: 0.5069
 320/1424 [=====>........................] - ETA: 5s - loss: 8.0563 - acc: 0.5000
 352/1424 [======>.......................] - ETA: 5s - loss: 8.0566 - acc: 0.5000
 384/1424 [=======>......................] - ETA: 5s - loss: 8.0143 - acc: 0.5026
 416/1424 [=======>......................] - ETA: 5s - loss: 8.0565 - acc: 0.5000
 448/1424 [========>.....................] - ETA: 5s - loss: 8.1638 - acc: 0.4933
 480/1424 [=========>....................] - ETA: 4s - loss: 8.2240 - acc: 0.4896
 512/1424 [=========>....................] - ETA: 4s - loss: 8.3711 - acc: 0.4805
 544/1424 [==========>...................] - ETA: 4s - loss: 8.3824 - acc: 0.4798
 576/1424 [===========>..................] - ETA: 4s - loss: 8.4204 - acc: 0.4774
 608/1424 [===========>..................] - ETA: 4s - loss: 8.2423 - acc: 0.4885
 640/1424 [============>.................] - ETA: 4s - loss: 8.1828 - acc: 0.4922
 672/1424 [=============>................] - ETA: 3s - loss: 8.1769 - acc: 0.4926
 704/1424 [=============>................] - ETA: 3s - loss: 8.1486 - acc: 0.4943
 736/1424 [==============>...............] - ETA: 3s - loss: 8.0790 - acc: 0.4986
 768/1424 [===============>..............] - ETA: 3s - loss: 8.0992 - acc: 0.4974
 800/1424 [===============>..............] - ETA: 3s - loss: 8.0573 - acc: 0.5000
 832/1424 [================>.............] - ETA: 3s - loss: 7.9797 - acc: 0.5048
 864/1424 [=================>............] - ETA: 2s - loss: 8.0945 - acc: 0.4977
 896/1424 [=================>............] - ETA: 2s - loss: 8.0213 - acc: 0.5022
 928/1424 [==================>...........] - ETA: 2s - loss: 8.0745 - acc: 0.4989
 960/1424 [===================>..........] - ETA: 2s - loss: 8.0236 - acc: 0.5021
 992/1424 [===================>..........] - ETA: 2s - loss: 7.9760 - acc: 0.5050
1024/1424 [====================>.........] - ETA: 2s - loss: 8.0416 - acc: 0.5010
1056/1424 [=====================>........] - ETA: 1s - loss: 8.0420 - acc: 0.5009
1088/1424 [=====================>........] - ETA: 1s - loss: 8.1016 - acc: 0.4972
1120/1424 [======================>.......] - ETA: 1s - loss: 8.0858 - acc: 0.4982
1152/1424 [=======================>......] - ETA: 1s - loss: 8.0571 - acc: 0.5000
1184/1424 [=======================>......] - ETA: 1s - loss: 7.9891 - acc: 0.5042
1216/1424 [========================>.....] - ETA: 1s - loss: 8.0307 - acc: 0.5016
1248/1424 [=========================>....] - ETA: 0s - loss: 8.0443 - acc: 0.5008
1280/1424 [=========================>....] - ETA: 0s - loss: 8.0824 - acc: 0.4984
1312/1424 [==========================>...] - ETA: 0s - loss: 8.0695 - acc: 0.4992
1344/1424 [===========================>..] - ETA: 0s - loss: 8.0928 - acc: 0.4978
1376/1424 [===========================>..] - ETA: 0s - loss: 8.0452 - acc: 0.5007
1408/1424 [============================>.] - ETA: 0s - loss: 8.0226 - acc: 0.5021
1424/1424 [==============================] - 10s 7ms/step - loss: 8.0117 - acc: 0.5028 - val_loss: 7.9712 - val_acc: 0.5000
Epoch 14/1000

  32/1424 [..............................] - ETA: 7s - loss: 6.5480 - acc: 0.5938
  64/1424 [>.............................] - ETA: 7s - loss: 7.5526 - acc: 0.5312
  96/1424 [=>............................] - ETA: 6s - loss: 7.5535 - acc: 0.5312
 128/1424 [=>............................] - ETA: 6s - loss: 7.6799 - acc: 0.5234
 160/1424 [==>...........................] - ETA: 6s - loss: 8.1576 - acc: 0.4938
 192/1424 [===>..........................] - ETA: 6s - loss: 8.2233 - acc: 0.4896
 224/1424 [===>..........................] - ETA: 6s - loss: 8.2718 - acc: 0.4866
 256/1424 [====>.........................] - ETA: 6s - loss: 8.3711 - acc: 0.4805
 288/1424 [=====>........................] - ETA: 5s - loss: 8.4478 - acc: 0.4757
 320/1424 [=====>........................] - ETA: 5s - loss: 8.3585 - acc: 0.4813
 352/1424 [======>.......................] - ETA: 5s - loss: 8.2397 - acc: 0.4886
 384/1424 [=======>......................] - ETA: 5s - loss: 8.0148 - acc: 0.5026
 416/1424 [=======>......................] - ETA: 5s - loss: 8.0182 - acc: 0.5024
 448/1424 [========>.....................] - ETA: 5s - loss: 8.0211 - acc: 0.5022
 480/1424 [=========>....................] - ETA: 4s - loss: 7.8557 - acc: 0.5125
 512/1424 [=========>....................] - ETA: 4s - loss: 7.9940 - acc: 0.5039
 544/1424 [==========>...................] - ETA: 4s - loss: 8.0571 - acc: 0.5000
 576/1424 [===========>..................] - ETA: 4s - loss: 8.1132 - acc: 0.4965
 608/1424 [===========>..................] - ETA: 4s - loss: 8.0835 - acc: 0.4984
 640/1424 [============>.................] - ETA: 4s - loss: 7.9816 - acc: 0.5047
 672/1424 [=============>................] - ETA: 3s - loss: 8.0092 - acc: 0.5030
 704/1424 [=============>................] - ETA: 3s - loss: 8.0344 - acc: 0.5014
 736/1424 [==============>...............] - ETA: 3s - loss: 8.0569 - acc: 0.5000
 768/1424 [===============>..............] - ETA: 3s - loss: 8.0150 - acc: 0.5026
 800/1424 [===============>..............] - ETA: 3s - loss: 8.0766 - acc: 0.4988
 832/1424 [================>.............] - ETA: 3s - loss: 8.1340 - acc: 0.4952
 864/1424 [=================>............] - ETA: 2s - loss: 8.1126 - acc: 0.4965
 896/1424 [=================>............] - ETA: 2s - loss: 8.1824 - acc: 0.4922
 928/1424 [==================>...........] - ETA: 2s - loss: 8.1261 - acc: 0.4957
 960/1424 [===================>..........] - ETA: 2s - loss: 8.1236 - acc: 0.4958
 992/1424 [===================>..........] - ETA: 2s - loss: 8.1378 - acc: 0.4950
1024/1424 [====================>.........] - ETA: 2s - loss: 8.0566 - acc: 0.5000
1056/1424 [=====================>........] - ETA: 1s - loss: 8.0262 - acc: 0.5019
1088/1424 [=====================>........] - ETA: 1s - loss: 7.9531 - acc: 0.5064
1120/1424 [======================>.......] - ETA: 1s - loss: 7.9560 - acc: 0.5062
1152/1424 [=======================>......] - ETA: 1s - loss: 8.0847 - acc: 0.4983
1184/1424 [=======================>......] - ETA: 1s - loss: 8.1246 - acc: 0.4958
1216/1424 [========================>.....] - ETA: 1s - loss: 8.0831 - acc: 0.4984
1248/1424 [=========================>....] - ETA: 0s - loss: 8.0825 - acc: 0.4984
1280/1424 [=========================>....] - ETA: 0s - loss: 8.0567 - acc: 0.5000
1312/1424 [==========================>...] - ETA: 0s - loss: 8.0936 - acc: 0.4977
1344/1424 [===========================>..] - ETA: 0s - loss: 8.0807 - acc: 0.4985
1376/1424 [===========================>..] - ETA: 0s - loss: 8.0685 - acc: 0.4993
1408/1424 [============================>.] - ETA: 0s - loss: 8.0682 - acc: 0.4993
1424/1424 [==============================] - 10s 7ms/step - loss: 8.0795 - acc: 0.4986 - val_loss: 7.9712 - val_acc: 0.5000
Epoch 15/1000

  32/1424 [..............................] - ETA: 7s - loss: 8.5572 - acc: 0.4688
  64/1424 [>.............................] - ETA: 7s - loss: 8.0563 - acc: 0.5000
  96/1424 [=>............................] - ETA: 6s - loss: 8.2251 - acc: 0.4896
 128/1424 [=>............................] - ETA: 6s - loss: 8.4354 - acc: 0.4766
 160/1424 [==>...........................] - ETA: 6s - loss: 8.4609 - acc: 0.4750
 192/1424 [===>..........................] - ETA: 6s - loss: 8.3091 - acc: 0.4844
 224/1424 [===>..........................] - ETA: 6s - loss: 8.4892 - acc: 0.4732
 256/1424 [====>.........................] - ETA: 6s - loss: 8.3095 - acc: 0.4844
 288/1424 [=====>........................] - ETA: 5s - loss: 8.2817 - acc: 0.4861
 320/1424 [=====>........................] - ETA: 5s - loss: 8.4105 - acc: 0.4781
 352/1424 [======>.......................] - ETA: 5s - loss: 8.4697 - acc: 0.4744
 384/1424 [=======>......................] - ETA: 5s - loss: 8.3935 - acc: 0.4792
 416/1424 [=======>......................] - ETA: 5s - loss: 8.1740 - acc: 0.4928
 448/1424 [========>.....................] - ETA: 5s - loss: 8.2737 - acc: 0.4866
 480/1424 [=========>....................] - ETA: 4s - loss: 8.2258 - acc: 0.4896
 512/1424 [=========>....................] - ETA: 4s - loss: 8.2147 - acc: 0.4902
 544/1424 [==========>...................] - ETA: 4s - loss: 8.3241 - acc: 0.4835
 576/1424 [===========>..................] - ETA: 4s - loss: 8.3091 - acc: 0.4844
 608/1424 [===========>..................] - ETA: 4s - loss: 8.3754 - acc: 0.4803
 640/1424 [============>.................] - ETA: 4s - loss: 8.2334 - acc: 0.4891
 672/1424 [=============>................] - ETA: 3s - loss: 8.2011 - acc: 0.4911
 704/1424 [=============>................] - ETA: 3s - loss: 8.1260 - acc: 0.4957
 736/1424 [==============>...............] - ETA: 3s - loss: 8.0793 - acc: 0.4986
 768/1424 [===============>..............] - ETA: 3s - loss: 8.0574 - acc: 0.5000
 800/1424 [===============>..............] - ETA: 3s - loss: 8.0976 - acc: 0.4975
 832/1424 [================>.............] - ETA: 3s - loss: 8.0767 - acc: 0.4988
 864/1424 [=================>............] - ETA: 2s - loss: 8.1134 - acc: 0.4965
 896/1424 [=================>............] - ETA: 2s - loss: 8.0753 - acc: 0.4989
 928/1424 [==================>...........] - ETA: 2s - loss: 8.0917 - acc: 0.4978
 960/1424 [===================>..........] - ETA: 2s - loss: 8.0736 - acc: 0.4990
 992/1424 [===================>..........] - ETA: 2s - loss: 8.0244 - acc: 0.5020
1024/1424 [====================>.........] - ETA: 2s - loss: 7.9783 - acc: 0.5049
1056/1424 [=====================>........] - ETA: 1s - loss: 7.9958 - acc: 0.5038
1088/1424 [=====================>........] - ETA: 1s - loss: 8.0273 - acc: 0.5018
1120/1424 [======================>.......] - ETA: 1s - loss: 8.0714 - acc: 0.4991
1152/1424 [=======================>......] - ETA: 1s - loss: 8.0431 - acc: 0.5009
1184/1424 [=======================>......] - ETA: 1s - loss: 8.0843 - acc: 0.4983
1216/1424 [========================>.....] - ETA: 1s - loss: 8.0173 - acc: 0.5025
1248/1424 [=========================>....] - ETA: 0s - loss: 7.9924 - acc: 0.5040
1280/1424 [=========================>....] - ETA: 0s - loss: 7.9563 - acc: 0.5062
1312/1424 [==========================>...] - ETA: 0s - loss: 8.0079 - acc: 0.5030
1344/1424 [===========================>..] - ETA: 0s - loss: 8.0331 - acc: 0.5015
1376/1424 [===========================>..] - ETA: 0s - loss: 8.0103 - acc: 0.5029
1408/1424 [============================>.] - ETA: 0s - loss: 7.9885 - acc: 0.5043
1424/1424 [==============================] - 10s 7ms/step - loss: 7.9780 - acc: 0.5049 - val_loss: 7.9712 - val_acc: 0.5000

  32/1424 [..............................] - ETA: 4s
  64/1424 [>.............................] - ETA: 4s
  96/1424 [=>............................] - ETA: 4s
 128/1424 [=>............................] - ETA: 4s
 160/1424 [==>...........................] - ETA: 4s
 192/1424 [===>..........................] - ETA: 4s
 224/1424 [===>..........................] - ETA: 4s
 256/1424 [====>.........................] - ETA: 4s
 288/1424 [=====>........................] - ETA: 3s
 320/1424 [=====>........................] - ETA: 3s
 352/1424 [======>.......................] - ETA: 3s
 384/1424 [=======>......................] - ETA: 3s
 416/1424 [=======>......................] - ETA: 3s
 448/1424 [========>.....................] - ETA: 3s
 480/1424 [=========>....................] - ETA: 3s
 512/1424 [=========>....................] - ETA: 3s
 544/1424 [==========>...................] - ETA: 3s
 576/1424 [===========>..................] - ETA: 2s
 608/1424 [===========>..................] - ETA: 2s
 640/1424 [============>.................] - ETA: 2s
 672/1424 [=============>................] - ETA: 2s
 704/1424 [=============>................] - ETA: 2s
 736/1424 [==============>...............] - ETA: 2s
 768/1424 [===============>..............] - ETA: 2s
 800/1424 [===============>..............] - ETA: 2s
 832/1424 [================>.............] - ETA: 2s
 864/1424 [=================>............] - ETA: 1s
 896/1424 [=================>............] - ETA: 1s
 928/1424 [==================>...........] - ETA: 1s
 960/1424 [===================>..........] - ETA: 1s
 992/1424 [===================>..........] - ETA: 1s
1024/1424 [====================>.........] - ETA: 1s
1056/1424 [=====================>........] - ETA: 1s
1088/1424 [=====================>........] - ETA: 1s
1120/1424 [======================>.......] - ETA: 1s
1152/1424 [=======================>......] - ETA: 0s
1184/1424 [=======================>......] - ETA: 0s
1216/1424 [========================>.....] - ETA: 0s
1248/1424 [=========================>....] - ETA: 0s
1280/1424 [=========================>....] - ETA: 0s
1312/1424 [==========================>...] - ETA: 0s
1344/1424 [===========================>..] - ETA: 0s
1376/1424 [===========================>..] - ETA: 0s
1408/1424 [============================>.] - ETA: 0s
1424/1424 [==============================] - 5s 4ms/step
Test acc: 0.8349719101123596
Test auc: 0.9123808546900644
Test mcc: 0.6718076642926712
Execute epoch: 15
Execute time: 157.39699506759644
