_________________________________________________________________
Layer (type)                 Output Shape              Param #   
=================================================================
embedding_1 (Embedding)      (None, None, 128)         2688      
_________________________________________________________________
lstm_1 (LSTM)                (None, None, 64)          49408     
_________________________________________________________________
lstm_2 (LSTM)                (None, None, 64)          33024     
_________________________________________________________________
lstm_3 (LSTM)                (None, 64)                33024     
_________________________________________________________________
dense_1 (Dense)              (None, 16)                1040      
_________________________________________________________________
dense_2 (Dense)              (None, 1)                 17        
=================================================================
Total params: 119,201
Trainable params: 119,201
Non-trainable params: 0
_________________________________________________________________
Train on 1424 samples, validate on 708 samples
Epoch 1/1000

  32/1424 [..............................] - ETA: 2:21 - loss: 0.6932 - acc: 0.5000
  64/1424 [>.............................] - ETA: 1:13 - loss: 0.6931 - acc: 0.5625
  96/1424 [=>............................] - ETA: 50s - loss: 0.6928 - acc: 0.5833 
 128/1424 [=>............................] - ETA: 39s - loss: 0.6930 - acc: 0.5547
 160/1424 [==>...........................] - ETA: 32s - loss: 0.6924 - acc: 0.5750
 192/1424 [===>..........................] - ETA: 27s - loss: 0.6922 - acc: 0.5729
 224/1424 [===>..........................] - ETA: 23s - loss: 0.6920 - acc: 0.5714
 256/1424 [====>.........................] - ETA: 21s - loss: 0.6919 - acc: 0.5664
 288/1424 [=====>........................] - ETA: 19s - loss: 0.6928 - acc: 0.5451
 320/1424 [=====>........................] - ETA: 17s - loss: 0.6930 - acc: 0.5375
 352/1424 [======>.......................] - ETA: 16s - loss: 0.6938 - acc: 0.5199
 384/1424 [=======>......................] - ETA: 14s - loss: 0.6933 - acc: 0.5234
 416/1424 [=======>......................] - ETA: 13s - loss: 0.6930 - acc: 0.5264
 448/1424 [========>.....................] - ETA: 12s - loss: 0.6932 - acc: 0.5201
 480/1424 [=========>....................] - ETA: 11s - loss: 0.6928 - acc: 0.5250
 512/1424 [=========>....................] - ETA: 11s - loss: 0.6930 - acc: 0.5195
 544/1424 [==========>...................] - ETA: 10s - loss: 0.6930 - acc: 0.5184
 576/1424 [===========>..................] - ETA: 9s - loss: 0.6931 - acc: 0.5139 
 608/1424 [===========>..................] - ETA: 9s - loss: 0.6929 - acc: 0.5148
 640/1424 [============>.................] - ETA: 8s - loss: 0.6928 - acc: 0.5172
 672/1424 [=============>................] - ETA: 8s - loss: 0.6927 - acc: 0.5149
 704/1424 [=============>................] - ETA: 7s - loss: 0.6925 - acc: 0.5142
 736/1424 [==============>...............] - ETA: 7s - loss: 0.6925 - acc: 0.5122
 768/1424 [===============>..............] - ETA: 6s - loss: 0.6924 - acc: 0.5117
 800/1424 [===============>..............] - ETA: 6s - loss: 0.6921 - acc: 0.5112
 832/1424 [================>.............] - ETA: 5s - loss: 0.6920 - acc: 0.5096
 864/1424 [=================>............] - ETA: 5s - loss: 0.6917 - acc: 0.5116
 896/1424 [=================>............] - ETA: 5s - loss: 0.6914 - acc: 0.5100
 928/1424 [==================>...........] - ETA: 4s - loss: 0.6913 - acc: 0.5086
 960/1424 [===================>..........] - ETA: 4s - loss: 0.6910 - acc: 0.5062
 992/1424 [===================>..........] - ETA: 4s - loss: 0.6907 - acc: 0.5030
1024/1424 [====================>.........] - ETA: 3s - loss: 0.6900 - acc: 0.5039
1056/1424 [=====================>........] - ETA: 3s - loss: 0.6897 - acc: 0.4981
1088/1424 [=====================>........] - ETA: 3s - loss: 0.6885 - acc: 0.4991
1120/1424 [======================>.......] - ETA: 2s - loss: 0.6871 - acc: 0.5000
1152/1424 [=======================>......] - ETA: 2s - loss: 0.6851 - acc: 0.5017
1184/1424 [=======================>......] - ETA: 2s - loss: 0.6814 - acc: 0.5042
1216/1424 [========================>.....] - ETA: 1s - loss: 0.6847 - acc: 0.5041
1248/1424 [=========================>....] - ETA: 1s - loss: 0.6848 - acc: 0.5048
1280/1424 [=========================>....] - ETA: 1s - loss: 0.6835 - acc: 0.5102
1312/1424 [==========================>...] - ETA: 0s - loss: 0.6820 - acc: 0.5152
1344/1424 [===========================>..] - ETA: 0s - loss: 0.6818 - acc: 0.5186
1376/1424 [===========================>..] - ETA: 0s - loss: 0.6805 - acc: 0.5233
1408/1424 [============================>.] - ETA: 0s - loss: 0.6795 - acc: 0.5291
1424/1424 [==============================] - 15s 10ms/step - loss: 0.6793 - acc: 0.5316 - val_loss: 0.6527 - val_acc: 0.7839
Epoch 2/1000

  32/1424 [..............................] - ETA: 8s - loss: 0.6928 - acc: 0.6875
  64/1424 [>.............................] - ETA: 8s - loss: 0.6652 - acc: 0.7031
  96/1424 [=>............................] - ETA: 8s - loss: 0.6680 - acc: 0.6979
 128/1424 [=>............................] - ETA: 8s - loss: 0.6530 - acc: 0.7266
 160/1424 [==>...........................] - ETA: 7s - loss: 0.6494 - acc: 0.7250
 192/1424 [===>..........................] - ETA: 7s - loss: 0.6380 - acc: 0.7656
 224/1424 [===>..........................] - ETA: 7s - loss: 0.6317 - acc: 0.7857
 256/1424 [====>.........................] - ETA: 7s - loss: 0.6243 - acc: 0.7617
 288/1424 [=====>........................] - ETA: 7s - loss: 0.6140 - acc: 0.7465
 320/1424 [=====>........................] - ETA: 6s - loss: 0.6050 - acc: 0.7281
 352/1424 [======>.......................] - ETA: 6s - loss: 0.6505 - acc: 0.7045
 384/1424 [=======>......................] - ETA: 6s - loss: 0.6871 - acc: 0.6849
 416/1424 [=======>......................] - ETA: 6s - loss: 0.7137 - acc: 0.6755
 448/1424 [========>.....................] - ETA: 6s - loss: 0.7364 - acc: 0.6719
 480/1424 [=========>....................] - ETA: 5s - loss: 0.7272 - acc: 0.6667
 512/1424 [=========>....................] - ETA: 5s - loss: 0.7416 - acc: 0.6738
 544/1424 [==========>...................] - ETA: 5s - loss: 0.7292 - acc: 0.6857
 576/1424 [===========>..................] - ETA: 5s - loss: 0.7197 - acc: 0.6892
 608/1424 [===========>..................] - ETA: 5s - loss: 0.7349 - acc: 0.6957
 640/1424 [============>.................] - ETA: 4s - loss: 0.7307 - acc: 0.7047
 672/1424 [=============>................] - ETA: 4s - loss: 0.7227 - acc: 0.7054
 704/1424 [=============>................] - ETA: 4s - loss: 0.7121 - acc: 0.7131
 736/1424 [==============>...............] - ETA: 4s - loss: 0.7036 - acc: 0.7215
 768/1424 [===============>..............] - ETA: 4s - loss: 0.7200 - acc: 0.7174
 800/1424 [===============>..............] - ETA: 3s - loss: 0.7135 - acc: 0.7200
 832/1424 [================>.............] - ETA: 3s - loss: 0.7079 - acc: 0.7200
 864/1424 [=================>............] - ETA: 3s - loss: 0.6972 - acc: 0.7234
 896/1424 [=================>............] - ETA: 3s - loss: 0.6897 - acc: 0.7210
 928/1424 [==================>...........] - ETA: 3s - loss: 0.6816 - acc: 0.7231
 960/1424 [===================>..........] - ETA: 2s - loss: 0.7075 - acc: 0.7208
 992/1424 [===================>..........] - ETA: 2s - loss: 0.7327 - acc: 0.7177
1024/1424 [====================>.........] - ETA: 2s - loss: 0.7695 - acc: 0.7197
1056/1424 [=====================>........] - ETA: 2s - loss: 0.7754 - acc: 0.7197
1088/1424 [=====================>........] - ETA: 2s - loss: 0.7806 - acc: 0.7224
1120/1424 [======================>.......] - ETA: 1s - loss: 0.7992 - acc: 0.7250
1152/1424 [=======================>......] - ETA: 1s - loss: 0.8029 - acc: 0.7274
1184/1424 [=======================>......] - ETA: 1s - loss: 0.7982 - acc: 0.7289
1216/1424 [========================>.....] - ETA: 1s - loss: 0.7980 - acc: 0.7319
1248/1424 [=========================>....] - ETA: 1s - loss: 0.8117 - acc: 0.7324
1280/1424 [=========================>....] - ETA: 0s - loss: 0.8443 - acc: 0.7297
1312/1424 [==========================>...] - ETA: 0s - loss: 0.8712 - acc: 0.7279
1344/1424 [===========================>..] - ETA: 0s - loss: 0.8958 - acc: 0.7262
1376/1424 [===========================>..] - ETA: 0s - loss: 0.9274 - acc: 0.7246
1408/1424 [============================>.] - ETA: 0s - loss: 0.9516 - acc: 0.7237
1424/1424 [==============================] - 12s 8ms/step - loss: 0.9472 - acc: 0.7240 - val_loss: 0.5124 - val_acc: 0.8531
Epoch 3/1000

  32/1424 [..............................] - ETA: 8s - loss: 0.5600 - acc: 0.8125
  64/1424 [>.............................] - ETA: 8s - loss: 0.5227 - acc: 0.8125
  96/1424 [=>............................] - ETA: 8s - loss: 0.5428 - acc: 0.7812
 128/1424 [=>............................] - ETA: 8s - loss: 0.5330 - acc: 0.7812
 160/1424 [==>...........................] - ETA: 7s - loss: 0.5589 - acc: 0.7688
 192/1424 [===>..........................] - ETA: 7s - loss: 0.5453 - acc: 0.7865
 224/1424 [===>..........................] - ETA: 7s - loss: 0.5337 - acc: 0.7946
 256/1424 [====>.........................] - ETA: 7s - loss: 0.5398 - acc: 0.7852
 288/1424 [=====>........................] - ETA: 7s - loss: 0.5472 - acc: 0.7708
 320/1424 [=====>........................] - ETA: 6s - loss: 0.5967 - acc: 0.7719
 352/1424 [======>.......................] - ETA: 6s - loss: 0.5900 - acc: 0.7699
 384/1424 [=======>......................] - ETA: 6s - loss: 0.5801 - acc: 0.7760
 416/1424 [=======>......................] - ETA: 6s - loss: 0.5728 - acc: 0.7764
 448/1424 [========>.....................] - ETA: 6s - loss: 0.5708 - acc: 0.7768
 480/1424 [=========>....................] - ETA: 5s - loss: 0.5723 - acc: 0.7708
 512/1424 [=========>....................] - ETA: 5s - loss: 0.5710 - acc: 0.7773
 544/1424 [==========>...................] - ETA: 5s - loss: 0.5711 - acc: 0.7794
 576/1424 [===========>..................] - ETA: 5s - loss: 0.5747 - acc: 0.7760
 608/1424 [===========>..................] - ETA: 5s - loss: 0.5754 - acc: 0.7763
 640/1424 [============>.................] - ETA: 4s - loss: 0.5760 - acc: 0.7766
 672/1424 [=============>................] - ETA: 4s - loss: 0.5784 - acc: 0.7738
 704/1424 [=============>................] - ETA: 4s - loss: 0.5791 - acc: 0.7756
 736/1424 [==============>...............] - ETA: 4s - loss: 0.5785 - acc: 0.7745
 768/1424 [===============>..............] - ETA: 4s - loss: 0.5758 - acc: 0.7773
 800/1424 [===============>..............] - ETA: 3s - loss: 0.5761 - acc: 0.7800
 832/1424 [================>.............] - ETA: 3s - loss: 0.5950 - acc: 0.7812
 864/1424 [=================>............] - ETA: 3s - loss: 0.5926 - acc: 0.7847
 896/1424 [=================>............] - ETA: 3s - loss: 0.5919 - acc: 0.7879
 928/1424 [==================>...........] - ETA: 3s - loss: 0.5893 - acc: 0.7909
 960/1424 [===================>..........] - ETA: 2s - loss: 0.5874 - acc: 0.7927
 992/1424 [===================>..........] - ETA: 2s - loss: 0.5886 - acc: 0.7903
1024/1424 [====================>.........] - ETA: 2s - loss: 0.5876 - acc: 0.7910
1056/1424 [=====================>........] - ETA: 2s - loss: 0.5882 - acc: 0.7926
1088/1424 [=====================>........] - ETA: 2s - loss: 0.5868 - acc: 0.7950
1120/1424 [======================>.......] - ETA: 1s - loss: 0.5860 - acc: 0.7946
1152/1424 [=======================>......] - ETA: 1s - loss: 0.5864 - acc: 0.7951
1184/1424 [=======================>......] - ETA: 1s - loss: 0.5854 - acc: 0.7965
1216/1424 [========================>.....] - ETA: 1s - loss: 0.5844 - acc: 0.7961
1248/1424 [=========================>....] - ETA: 1s - loss: 0.5826 - acc: 0.7933
1280/1424 [=========================>....] - ETA: 0s - loss: 0.5802 - acc: 0.7961
1312/1424 [==========================>...] - ETA: 0s - loss: 0.5784 - acc: 0.7957
1344/1424 [===========================>..] - ETA: 0s - loss: 0.5777 - acc: 0.7954
1376/1424 [===========================>..] - ETA: 0s - loss: 0.5760 - acc: 0.7958
1408/1424 [============================>.] - ETA: 0s - loss: 0.5740 - acc: 0.7969
1424/1424 [==============================] - 12s 8ms/step - loss: 0.5729 - acc: 0.7978 - val_loss: 0.4740 - val_acc: 0.8446
Epoch 4/1000

  32/1424 [..............................] - ETA: 8s - loss: 0.5371 - acc: 0.6875
  64/1424 [>.............................] - ETA: 8s - loss: 0.4805 - acc: 0.7812
  96/1424 [=>............................] - ETA: 8s - loss: 0.4876 - acc: 0.7708
 128/1424 [=>............................] - ETA: 8s - loss: 0.4802 - acc: 0.7812
 160/1424 [==>...........................] - ETA: 7s - loss: 0.4793 - acc: 0.7812
 192/1424 [===>..........................] - ETA: 7s - loss: 0.5758 - acc: 0.7760
 224/1424 [===>..........................] - ETA: 7s - loss: 0.6232 - acc: 0.7768
 256/1424 [====>.........................] - ETA: 7s - loss: 0.7175 - acc: 0.7734
 288/1424 [=====>........................] - ETA: 7s - loss: 0.6946 - acc: 0.7778
 320/1424 [=====>........................] - ETA: 6s - loss: 0.6709 - acc: 0.7812
 352/1424 [======>.......................] - ETA: 6s - loss: 0.6442 - acc: 0.7898
 384/1424 [=======>......................] - ETA: 6s - loss: 0.7027 - acc: 0.7917
 416/1424 [=======>......................] - ETA: 6s - loss: 0.6760 - acc: 0.7957
 448/1424 [========>.....................] - ETA: 6s - loss: 0.6595 - acc: 0.7991
 480/1424 [=========>....................] - ETA: 5s - loss: 0.6791 - acc: 0.7958
 512/1424 [=========>....................] - ETA: 5s - loss: 0.6695 - acc: 0.7891
 544/1424 [==========>...................] - ETA: 5s - loss: 0.7097 - acc: 0.7868
 576/1424 [===========>..................] - ETA: 5s - loss: 0.7004 - acc: 0.7795
 608/1424 [===========>..................] - ETA: 5s - loss: 0.6941 - acc: 0.7747
 640/1424 [============>.................] - ETA: 4s - loss: 0.6942 - acc: 0.7734
 672/1424 [=============>................] - ETA: 4s - loss: 0.7074 - acc: 0.7723
 704/1424 [=============>................] - ETA: 4s - loss: 0.7161 - acc: 0.7727
 736/1424 [==============>...............] - ETA: 4s - loss: 0.7084 - acc: 0.7772
 768/1424 [===============>..............] - ETA: 4s - loss: 0.6978 - acc: 0.7773
 800/1424 [===============>..............] - ETA: 3s - loss: 0.6881 - acc: 0.7800
 832/1424 [================>.............] - ETA: 3s - loss: 0.7008 - acc: 0.7788
 864/1424 [=================>............] - ETA: 3s - loss: 0.6928 - acc: 0.7789
 896/1424 [=================>............] - ETA: 3s - loss: 0.6857 - acc: 0.7824
 928/1424 [==================>...........] - ETA: 3s - loss: 0.6813 - acc: 0.7812
 960/1424 [===================>..........] - ETA: 2s - loss: 0.6815 - acc: 0.7760
 992/1424 [===================>..........] - ETA: 2s - loss: 0.6774 - acc: 0.7772
1024/1424 [====================>.........] - ETA: 2s - loss: 0.6709 - acc: 0.7734
1056/1424 [=====================>........] - ETA: 2s - loss: 0.6712 - acc: 0.7680
1088/1424 [=====================>........] - ETA: 2s - loss: 0.6713 - acc: 0.7638
1120/1424 [======================>.......] - ETA: 1s - loss: 0.6667 - acc: 0.7625
1152/1424 [=======================>......] - ETA: 1s - loss: 0.6630 - acc: 0.7622
1184/1424 [=======================>......] - ETA: 1s - loss: 0.6591 - acc: 0.7618
1216/1424 [========================>.....] - ETA: 1s - loss: 0.6518 - acc: 0.7656
1248/1424 [=========================>....] - ETA: 1s - loss: 0.6524 - acc: 0.7644
1280/1424 [=========================>....] - ETA: 0s - loss: 0.6598 - acc: 0.7656
1312/1424 [==========================>...] - ETA: 0s - loss: 0.6589 - acc: 0.7645
1344/1424 [===========================>..] - ETA: 0s - loss: 0.6563 - acc: 0.7634
1376/1424 [===========================>..] - ETA: 0s - loss: 0.6534 - acc: 0.7624
1408/1424 [============================>.] - ETA: 0s - loss: 0.6505 - acc: 0.7628
1424/1424 [==============================] - 12s 8ms/step - loss: 0.6488 - acc: 0.7640 - val_loss: 0.4916 - val_acc: 0.8460
Epoch 5/1000

  32/1424 [..............................] - ETA: 8s - loss: 0.4321 - acc: 0.8750
  64/1424 [>.............................] - ETA: 8s - loss: 0.4345 - acc: 0.8750
  96/1424 [=>............................] - ETA: 8s - loss: 0.4283 - acc: 0.8854
 128/1424 [=>............................] - ETA: 8s - loss: 0.4231 - acc: 0.8828
 160/1424 [==>...........................] - ETA: 7s - loss: 0.4305 - acc: 0.8875
 192/1424 [===>..........................] - ETA: 7s - loss: 0.4442 - acc: 0.8646
 224/1424 [===>..........................] - ETA: 7s - loss: 0.4557 - acc: 0.8616
 256/1424 [====>.........................] - ETA: 7s - loss: 0.4592 - acc: 0.8633
 288/1424 [=====>........................] - ETA: 7s - loss: 0.4607 - acc: 0.8611
 320/1424 [=====>........................] - ETA: 6s - loss: 0.4738 - acc: 0.8438
 352/1424 [======>.......................] - ETA: 6s - loss: 0.4734 - acc: 0.8438
 384/1424 [=======>......................] - ETA: 6s - loss: 0.4774 - acc: 0.8411
 416/1424 [=======>......................] - ETA: 6s - loss: 0.4790 - acc: 0.8389
 448/1424 [========>.....................] - ETA: 6s - loss: 0.4757 - acc: 0.8393
 480/1424 [=========>....................] - ETA: 5s - loss: 0.4747 - acc: 0.8354
 512/1424 [=========>....................] - ETA: 5s - loss: 0.4756 - acc: 0.8340
 544/1424 [==========>...................] - ETA: 5s - loss: 0.4712 - acc: 0.8364
 576/1424 [===========>..................] - ETA: 5s - loss: 0.4708 - acc: 0.8351
 608/1424 [===========>..................] - ETA: 5s - loss: 0.4683 - acc: 0.8339
 640/1424 [============>.................] - ETA: 4s - loss: 0.4841 - acc: 0.8297
 672/1424 [=============>................] - ETA: 4s - loss: 0.4847 - acc: 0.8289
 704/1424 [=============>................] - ETA: 4s - loss: 0.4924 - acc: 0.8210
 736/1424 [==============>...............] - ETA: 4s - loss: 0.4893 - acc: 0.8207
 768/1424 [===============>..............] - ETA: 4s - loss: 0.4923 - acc: 0.8138
 800/1424 [===============>..............] - ETA: 3s - loss: 0.5081 - acc: 0.8075
 832/1424 [================>.............] - ETA: 3s - loss: 0.5156 - acc: 0.7969
 864/1424 [=================>............] - ETA: 3s - loss: 0.5221 - acc: 0.7882
 896/1424 [=================>............] - ETA: 3s - loss: 0.5398 - acc: 0.7801
 928/1424 [==================>...........] - ETA: 3s - loss: 0.5450 - acc: 0.7759
 960/1424 [===================>..........] - ETA: 2s - loss: 0.5428 - acc: 0.7719
 992/1424 [===================>..........] - ETA: 2s - loss: 0.5666 - acc: 0.7621
1024/1424 [====================>.........] - ETA: 2s - loss: 0.5675 - acc: 0.7578
1056/1424 [=====================>........] - ETA: 2s - loss: 0.5743 - acc: 0.7500
1088/1424 [=====================>........] - ETA: 2s - loss: 0.5796 - acc: 0.7436
1120/1424 [======================>.......] - ETA: 1s - loss: 0.5801 - acc: 0.7402
1152/1424 [=======================>......] - ETA: 1s - loss: 0.5804 - acc: 0.7370
1184/1424 [=======================>......] - ETA: 1s - loss: 0.5793 - acc: 0.7365
1216/1424 [========================>.....] - ETA: 1s - loss: 0.5835 - acc: 0.7286
1248/1424 [=========================>....] - ETA: 1s - loss: 0.5848 - acc: 0.7244
1280/1424 [=========================>....] - ETA: 0s - loss: 0.5863 - acc: 0.7211
1312/1424 [==========================>...] - ETA: 0s - loss: 0.5863 - acc: 0.7203
1344/1424 [===========================>..] - ETA: 0s - loss: 0.5873 - acc: 0.7195
1376/1424 [===========================>..] - ETA: 0s - loss: 0.5873 - acc: 0.7195
1408/1424 [============================>.] - ETA: 0s - loss: 0.5873 - acc: 0.7195
1424/1424 [==============================] - 12s 8ms/step - loss: 0.5875 - acc: 0.7205 - val_loss: 0.6018 - val_acc: 0.7288
Epoch 6/1000

  32/1424 [..............................] - ETA: 8s - loss: 0.5891 - acc: 0.7812
  64/1424 [>.............................] - ETA: 8s - loss: 0.5816 - acc: 0.7969
  96/1424 [=>............................] - ETA: 8s - loss: 0.5869 - acc: 0.7917
 128/1424 [=>............................] - ETA: 8s - loss: 0.6131 - acc: 0.7422
 160/1424 [==>...........................] - ETA: 7s - loss: 0.6089 - acc: 0.7438
 192/1424 [===>..........................] - ETA: 7s - loss: 0.6102 - acc: 0.7344
 224/1424 [===>..........................] - ETA: 7s - loss: 0.6079 - acc: 0.7500
 256/1424 [====>.........................] - ETA: 7s - loss: 0.6071 - acc: 0.7578
 288/1424 [=====>........................] - ETA: 7s - loss: 0.6032 - acc: 0.7639
 320/1424 [=====>........................] - ETA: 6s - loss: 0.6095 - acc: 0.7469
 352/1424 [======>.......................] - ETA: 6s - loss: 0.6104 - acc: 0.7500
 384/1424 [=======>......................] - ETA: 6s - loss: 0.6063 - acc: 0.7552
 416/1424 [=======>......................] - ETA: 6s - loss: 0.6056 - acc: 0.7596
 448/1424 [========>.....................] - ETA: 6s - loss: 0.6071 - acc: 0.7589
 480/1424 [=========>....................] - ETA: 5s - loss: 0.6089 - acc: 0.7500
 512/1424 [=========>....................] - ETA: 5s - loss: 0.6088 - acc: 0.7520
 544/1424 [==========>...................] - ETA: 5s - loss: 0.6084 - acc: 0.7555
 576/1424 [===========>..................] - ETA: 5s - loss: 0.6068 - acc: 0.7604
 608/1424 [===========>..................] - ETA: 5s - loss: 0.6042 - acc: 0.7615
 640/1424 [============>.................] - ETA: 4s - loss: 0.6027 - acc: 0.7641
 672/1424 [=============>................] - ETA: 4s - loss: 0.6041 - acc: 0.7634
 704/1424 [=============>................] - ETA: 4s - loss: 0.6072 - acc: 0.7599
 736/1424 [==============>...............] - ETA: 4s - loss: 0.6087 - acc: 0.7595
 768/1424 [===============>..............] - ETA: 4s - loss: 0.6085 - acc: 0.7591
 800/1424 [===============>..............] - ETA: 3s - loss: 0.6087 - acc: 0.7575
 832/1424 [================>.............] - ETA: 3s - loss: 0.6062 - acc: 0.7620
 864/1424 [=================>............] - ETA: 3s - loss: 0.6053 - acc: 0.7639
 896/1424 [=================>............] - ETA: 3s - loss: 0.6057 - acc: 0.7623
 928/1424 [==================>...........] - ETA: 3s - loss: 0.6064 - acc: 0.7608
 960/1424 [===================>..........] - ETA: 2s - loss: 0.6060 - acc: 0.7604
 992/1424 [===================>..........] - ETA: 2s - loss: 0.6071 - acc: 0.7540
1024/1424 [====================>.........] - ETA: 2s - loss: 0.6057 - acc: 0.7568
1056/1424 [=====================>........] - ETA: 2s - loss: 0.6055 - acc: 0.7538
1088/1424 [=====================>........] - ETA: 2s - loss: 0.6038 - acc: 0.7574
1120/1424 [======================>.......] - ETA: 1s - loss: 0.6018 - acc: 0.7607
1152/1424 [=======================>......] - ETA: 1s - loss: 0.6027 - acc: 0.7587
1184/1424 [=======================>......] - ETA: 1s - loss: 0.6026 - acc: 0.7576
1216/1424 [========================>.....] - ETA: 1s - loss: 0.6009 - acc: 0.7582
1248/1424 [=========================>....] - ETA: 1s - loss: 0.6003 - acc: 0.7596
1280/1424 [=========================>....] - ETA: 0s - loss: 0.5992 - acc: 0.7609
1312/1424 [==========================>...] - ETA: 0s - loss: 0.5977 - acc: 0.7622
1344/1424 [===========================>..] - ETA: 0s - loss: 0.5963 - acc: 0.7641
1376/1424 [===========================>..] - ETA: 0s - loss: 0.5962 - acc: 0.7645
1408/1424 [============================>.] - ETA: 0s - loss: 0.5957 - acc: 0.7649
1424/1424 [==============================] - 12s 8ms/step - loss: 0.5946 - acc: 0.7654 - val_loss: 0.5557 - val_acc: 0.7740
Epoch 7/1000

  32/1424 [..............................] - ETA: 8s - loss: 0.5651 - acc: 0.7188
  64/1424 [>.............................] - ETA: 8s - loss: 0.5543 - acc: 0.7656
  96/1424 [=>............................] - ETA: 8s - loss: 0.5406 - acc: 0.7917
 128/1424 [=>............................] - ETA: 8s - loss: 0.5367 - acc: 0.7969
 160/1424 [==>...........................] - ETA: 7s - loss: 0.5347 - acc: 0.8063
 192/1424 [===>..........................] - ETA: 7s - loss: 0.5490 - acc: 0.7865
 224/1424 [===>..........................] - ETA: 7s - loss: 0.5491 - acc: 0.7768
 256/1424 [====>.........................] - ETA: 7s - loss: 0.5412 - acc: 0.7734
 288/1424 [=====>........................] - ETA: 7s - loss: 0.5329 - acc: 0.7743
 320/1424 [=====>........................] - ETA: 6s - loss: 0.5342 - acc: 0.7719
 352/1424 [======>.......................] - ETA: 6s - loss: 0.5517 - acc: 0.7727
 384/1424 [=======>......................] - ETA: 6s - loss: 0.5502 - acc: 0.7708
 416/1424 [=======>......................] - ETA: 6s - loss: 0.5519 - acc: 0.7668
 448/1424 [========>.....................] - ETA: 6s - loss: 0.5472 - acc: 0.7701
 480/1424 [=========>....................] - ETA: 5s - loss: 0.5525 - acc: 0.7708
 512/1424 [=========>....................] - ETA: 5s - loss: 0.5531 - acc: 0.7754
 544/1424 [==========>...................] - ETA: 5s - loss: 0.5536 - acc: 0.7739
 576/1424 [===========>..................] - ETA: 5s - loss: 0.5518 - acc: 0.7812
 608/1424 [===========>..................] - ETA: 5s - loss: 0.5497 - acc: 0.7812
 640/1424 [============>.................] - ETA: 4s - loss: 0.5495 - acc: 0.7766
 672/1424 [=============>................] - ETA: 4s - loss: 0.5468 - acc: 0.7812
 704/1424 [=============>................] - ETA: 4s - loss: 0.5453 - acc: 0.7812
 736/1424 [==============>...............] - ETA: 4s - loss: 0.5450 - acc: 0.7812
 768/1424 [===============>..............] - ETA: 4s - loss: 0.5452 - acc: 0.7826
 800/1424 [===============>..............] - ETA: 3s - loss: 0.5471 - acc: 0.7788
 832/1424 [================>.............] - ETA: 3s - loss: 0.5493 - acc: 0.7716
 864/1424 [=================>............] - ETA: 3s - loss: 0.5472 - acc: 0.7731
 896/1424 [=================>............] - ETA: 3s - loss: 0.5440 - acc: 0.7757
 928/1424 [==================>...........] - ETA: 3s - loss: 0.5609 - acc: 0.7737
 960/1424 [===================>..........] - ETA: 2s - loss: 0.5616 - acc: 0.7729
 992/1424 [===================>..........] - ETA: 2s - loss: 0.5631 - acc: 0.7702
1024/1424 [====================>.........] - ETA: 2s - loss: 0.5633 - acc: 0.7686
1056/1424 [=====================>........] - ETA: 2s - loss: 0.5599 - acc: 0.7718
1088/1424 [=====================>........] - ETA: 2s - loss: 0.5566 - acc: 0.7748
1120/1424 [======================>.......] - ETA: 1s - loss: 0.5551 - acc: 0.7750
1152/1424 [=======================>......] - ETA: 1s - loss: 0.5500 - acc: 0.7786
1184/1424 [=======================>......] - ETA: 1s - loss: 0.5507 - acc: 0.7779
1216/1424 [========================>.....] - ETA: 1s - loss: 0.5502 - acc: 0.7780
1248/1424 [=========================>....] - ETA: 1s - loss: 0.5518 - acc: 0.7756
1280/1424 [=========================>....] - ETA: 0s - loss: 0.5498 - acc: 0.7773
1312/1424 [==========================>...] - ETA: 0s - loss: 0.5485 - acc: 0.7752
1344/1424 [===========================>..] - ETA: 0s - loss: 0.5507 - acc: 0.7746
1376/1424 [===========================>..] - ETA: 0s - loss: 0.5502 - acc: 0.7740
1408/1424 [============================>.] - ETA: 0s - loss: 0.5524 - acc: 0.7741
1424/1424 [==============================] - 12s 8ms/step - loss: 0.5539 - acc: 0.7718 - val_loss: 0.4996 - val_acc: 0.8249
Epoch 8/1000

  32/1424 [..............................] - ETA: 8s - loss: 0.5199 - acc: 0.7500
  64/1424 [>.............................] - ETA: 8s - loss: 0.5166 - acc: 0.7969
  96/1424 [=>............................] - ETA: 8s - loss: 0.4878 - acc: 0.8333
 128/1424 [=>............................] - ETA: 8s - loss: 0.4729 - acc: 0.8516
 160/1424 [==>...........................] - ETA: 7s - loss: 0.4823 - acc: 0.8500
 192/1424 [===>..........................] - ETA: 7s - loss: 0.4957 - acc: 0.8333
 224/1424 [===>..........................] - ETA: 7s - loss: 0.4786 - acc: 0.8348
 256/1424 [====>.........................] - ETA: 7s - loss: 0.5476 - acc: 0.8242
 288/1424 [=====>........................] - ETA: 7s - loss: 0.5401 - acc: 0.8090
 320/1424 [=====>........................] - ETA: 6s - loss: 0.5248 - acc: 0.8187
 352/1424 [======>.......................] - ETA: 6s - loss: 0.5206 - acc: 0.8182
 384/1424 [=======>......................] - ETA: 6s - loss: 0.5159 - acc: 0.8151
 416/1424 [=======>......................] - ETA: 6s - loss: 0.5491 - acc: 0.8125
 448/1424 [========>.....................] - ETA: 6s - loss: 0.7035 - acc: 0.8036
 480/1424 [=========>....................] - ETA: 5s - loss: 0.7286 - acc: 0.7958
 512/1424 [=========>....................] - ETA: 5s - loss: 0.7135 - acc: 0.7988
 544/1424 [==========>...................] - ETA: 5s - loss: 0.7045 - acc: 0.8015
 576/1424 [===========>..................] - ETA: 5s - loss: 0.6872 - acc: 0.8021
 608/1424 [===========>..................] - ETA: 5s - loss: 0.6745 - acc: 0.8026
 640/1424 [============>.................] - ETA: 4s - loss: 0.6615 - acc: 0.8063
 672/1424 [=============>................] - ETA: 4s - loss: 0.6620 - acc: 0.8021
 704/1424 [=============>................] - ETA: 4s - loss: 0.6582 - acc: 0.7969
 736/1424 [==============>...............] - ETA: 4s - loss: 0.6516 - acc: 0.7962
 768/1424 [===============>..............] - ETA: 4s - loss: 0.6465 - acc: 0.7930
 800/1424 [===============>..............] - ETA: 3s - loss: 0.6392 - acc: 0.7913
 832/1424 [================>.............] - ETA: 3s - loss: 0.6368 - acc: 0.7897
 864/1424 [=================>............] - ETA: 3s - loss: 0.6377 - acc: 0.7870
 896/1424 [=================>............] - ETA: 3s - loss: 0.6386 - acc: 0.7779
 928/1424 [==================>...........] - ETA: 3s - loss: 0.6379 - acc: 0.7759
 960/1424 [===================>..........] - ETA: 2s - loss: 0.6333 - acc: 0.7771
 992/1424 [===================>..........] - ETA: 2s - loss: 0.6294 - acc: 0.7772
1024/1424 [====================>.........] - ETA: 2s - loss: 0.6263 - acc: 0.7783
1056/1424 [=====================>........] - ETA: 2s - loss: 0.6245 - acc: 0.7784
1088/1424 [=====================>........] - ETA: 2s - loss: 0.6228 - acc: 0.7822
1120/1424 [======================>.......] - ETA: 1s - loss: 0.6215 - acc: 0.7830
1152/1424 [=======================>......] - ETA: 1s - loss: 0.6194 - acc: 0.7839
1184/1424 [=======================>......] - ETA: 1s - loss: 0.6187 - acc: 0.7787
1216/1424 [========================>.....] - ETA: 1s - loss: 0.6171 - acc: 0.7804
1248/1424 [=========================>....] - ETA: 1s - loss: 0.6179 - acc: 0.7788
1280/1424 [=========================>....] - ETA: 0s - loss: 0.6154 - acc: 0.7797
1312/1424 [==========================>...] - ETA: 0s - loss: 0.6133 - acc: 0.7805
1344/1424 [===========================>..] - ETA: 0s - loss: 0.6110 - acc: 0.7790
1376/1424 [===========================>..] - ETA: 0s - loss: 0.6085 - acc: 0.7805
1408/1424 [============================>.] - ETA: 0s - loss: 0.6070 - acc: 0.7805
1424/1424 [==============================] - 12s 8ms/step - loss: 0.6053 - acc: 0.7823 - val_loss: 0.5234 - val_acc: 0.8362
Epoch 9/1000

  32/1424 [..............................] - ETA: 8s - loss: 0.5402 - acc: 0.7812
  64/1424 [>.............................] - ETA: 8s - loss: 0.5257 - acc: 0.8125
  96/1424 [=>............................] - ETA: 8s - loss: 0.5093 - acc: 0.8333
 128/1424 [=>............................] - ETA: 8s - loss: 0.5287 - acc: 0.8047
 160/1424 [==>...........................] - ETA: 7s - loss: 0.5278 - acc: 0.8187
 192/1424 [===>..........................] - ETA: 7s - loss: 0.5156 - acc: 0.8229
 224/1424 [===>..........................] - ETA: 7s - loss: 0.5201 - acc: 0.8080
 256/1424 [====>.........................] - ETA: 7s - loss: 0.5224 - acc: 0.8008
 288/1424 [=====>........................] - ETA: 7s - loss: 0.5148 - acc: 0.8090
 320/1424 [=====>........................] - ETA: 6s - loss: 0.5253 - acc: 0.7969
 352/1424 [======>.......................] - ETA: 6s - loss: 0.5185 - acc: 0.8011
 384/1424 [=======>......................] - ETA: 6s - loss: 0.5198 - acc: 0.7943
 416/1424 [=======>......................] - ETA: 6s - loss: 0.5145 - acc: 0.7981
 448/1424 [========>.....................] - ETA: 6s - loss: 0.5223 - acc: 0.7924
 480/1424 [=========>....................] - ETA: 5s - loss: 0.5251 - acc: 0.7896
 512/1424 [=========>....................] - ETA: 5s - loss: 0.5239 - acc: 0.7930
 544/1424 [==========>...................] - ETA: 5s - loss: 0.5173 - acc: 0.7960
 576/1424 [===========>..................] - ETA: 5s - loss: 0.5136 - acc: 0.7969
 608/1424 [===========>..................] - ETA: 5s - loss: 0.5164 - acc: 0.7944
 640/1424 [============>.................] - ETA: 4s - loss: 0.5146 - acc: 0.7953
 672/1424 [=============>................] - ETA: 4s - loss: 0.5120 - acc: 0.7961
 704/1424 [=============>................] - ETA: 4s - loss: 0.5070 - acc: 0.7997
 736/1424 [==============>...............] - ETA: 4s - loss: 0.5066 - acc: 0.8016
 768/1424 [===============>..............] - ETA: 4s - loss: 0.5043 - acc: 0.7995
 800/1424 [===============>..............] - ETA: 3s - loss: 0.5015 - acc: 0.8013
 832/1424 [================>.............] - ETA: 3s - loss: 0.4985 - acc: 0.8029
 864/1424 [=================>............] - ETA: 3s - loss: 0.4989 - acc: 0.7975
 896/1424 [=================>............] - ETA: 3s - loss: 0.4983 - acc: 0.7969
 928/1424 [==================>...........] - ETA: 3s - loss: 0.4959 - acc: 0.7996
 960/1424 [===================>..........] - ETA: 2s - loss: 0.4930 - acc: 0.7990
 992/1424 [===================>..........] - ETA: 2s - loss: 0.4900 - acc: 0.8004
1024/1424 [====================>.........] - ETA: 2s - loss: 0.4876 - acc: 0.8027
1056/1424 [=====================>........] - ETA: 2s - loss: 0.4843 - acc: 0.8059
1088/1424 [=====================>........] - ETA: 2s - loss: 0.4802 - acc: 0.8107
1120/1424 [======================>.......] - ETA: 1s - loss: 0.4780 - acc: 0.8116
1152/1424 [=======================>......] - ETA: 1s - loss: 0.4800 - acc: 0.8116
1184/1424 [=======================>......] - ETA: 1s - loss: 0.4802 - acc: 0.8108
1216/1424 [========================>.....] - ETA: 1s - loss: 0.4795 - acc: 0.8100
1248/1424 [=========================>....] - ETA: 1s - loss: 0.4899 - acc: 0.8109
1280/1424 [=========================>....] - ETA: 0s - loss: 0.4907 - acc: 0.8102
1312/1424 [==========================>...] - ETA: 0s - loss: 0.4877 - acc: 0.8133
1344/1424 [===========================>..] - ETA: 0s - loss: 0.4967 - acc: 0.8118
1376/1424 [===========================>..] - ETA: 0s - loss: 0.4966 - acc: 0.8132
1408/1424 [============================>.] - ETA: 0s - loss: 0.4975 - acc: 0.8132
1424/1424 [==============================] - 12s 8ms/step - loss: 0.5025 - acc: 0.8118 - val_loss: 0.4541 - val_acc: 0.8234
Epoch 10/1000

  32/1424 [..............................] - ETA: 8s - loss: 0.5109 - acc: 0.8125
  64/1424 [>.............................] - ETA: 8s - loss: 0.4948 - acc: 0.7969
  96/1424 [=>............................] - ETA: 8s - loss: 0.4819 - acc: 0.8438
 128/1424 [=>............................] - ETA: 8s - loss: 0.4640 - acc: 0.8438
 160/1424 [==>...........................] - ETA: 7s - loss: 0.4757 - acc: 0.8250
 192/1424 [===>..........................] - ETA: 7s - loss: 0.5726 - acc: 0.8073
 224/1424 [===>..........................] - ETA: 7s - loss: 0.5735 - acc: 0.7946
 256/1424 [====>.........................] - ETA: 7s - loss: 0.5690 - acc: 0.7773
 288/1424 [=====>........................] - ETA: 7s - loss: 0.5499 - acc: 0.7847
 320/1424 [=====>........................] - ETA: 6s - loss: 0.5407 - acc: 0.7812
 352/1424 [======>.......................] - ETA: 6s - loss: 0.5402 - acc: 0.7869
 384/1424 [=======>......................] - ETA: 6s - loss: 0.5370 - acc: 0.7865
 416/1424 [=======>......................] - ETA: 6s - loss: 0.5360 - acc: 0.7837
 448/1424 [========>.....................] - ETA: 6s - loss: 0.5338 - acc: 0.7835
 480/1424 [=========>....................] - ETA: 5s - loss: 0.5225 - acc: 0.7854
 512/1424 [=========>....................] - ETA: 5s - loss: 0.5484 - acc: 0.7832
 544/1424 [==========>...................] - ETA: 5s - loss: 0.5444 - acc: 0.7812
 576/1424 [===========>..................] - ETA: 5s - loss: 0.5589 - acc: 0.7882
 608/1424 [===========>..................] - ETA: 5s - loss: 0.5599 - acc: 0.7796
 640/1424 [============>.................] - ETA: 4s - loss: 0.5497 - acc: 0.7828
 672/1424 [=============>................] - ETA: 4s - loss: 0.5479 - acc: 0.7842
 704/1424 [=============>................] - ETA: 4s - loss: 0.5390 - acc: 0.7869
 736/1424 [==============>...............] - ETA: 4s - loss: 0.5307 - acc: 0.7867
 768/1424 [===============>..............] - ETA: 4s - loss: 0.5225 - acc: 0.7930
 800/1424 [===============>..............] - ETA: 3s - loss: 0.5164 - acc: 0.7987
 832/1424 [================>.............] - ETA: 3s - loss: 0.5103 - acc: 0.7981
 864/1424 [=================>............] - ETA: 3s - loss: 0.5043 - acc: 0.8021
 896/1424 [=================>............] - ETA: 3s - loss: 0.4983 - acc: 0.8080
 928/1424 [==================>...........] - ETA: 3s - loss: 0.4943 - acc: 0.8082
 960/1424 [===================>..........] - ETA: 2s - loss: 0.4939 - acc: 0.8094
 992/1424 [===================>..........] - ETA: 2s - loss: 0.5093 - acc: 0.8085
1024/1424 [====================>.........] - ETA: 2s - loss: 0.5118 - acc: 0.8057
1056/1424 [=====================>........] - ETA: 2s - loss: 0.5086 - acc: 0.8068
1088/1424 [=====================>........] - ETA: 2s - loss: 0.5019 - acc: 0.8097
1120/1424 [======================>.......] - ETA: 1s - loss: 0.4974 - acc: 0.8125
1152/1424 [=======================>......] - ETA: 1s - loss: 0.5064 - acc: 0.8134
1184/1424 [=======================>......] - ETA: 1s - loss: 0.5043 - acc: 0.8142
1216/1424 [========================>.....] - ETA: 1s - loss: 0.4976 - acc: 0.8166
1248/1424 [=========================>....] - ETA: 1s - loss: 0.5094 - acc: 0.8125
1280/1424 [=========================>....] - ETA: 0s - loss: 0.5037 - acc: 0.8141
1312/1424 [==========================>...] - ETA: 0s - loss: 0.5009 - acc: 0.8140
1344/1424 [===========================>..] - ETA: 0s - loss: 0.4973 - acc: 0.8155
1376/1424 [===========================>..] - ETA: 0s - loss: 0.4967 - acc: 0.8161
1408/1424 [============================>.] - ETA: 0s - loss: 0.4947 - acc: 0.8161
1424/1424 [==============================] - 12s 8ms/step - loss: 0.4928 - acc: 0.8167 - val_loss: 0.4539 - val_acc: 0.8390
Epoch 11/1000

  32/1424 [..............................] - ETA: 8s - loss: 0.3299 - acc: 0.8438
  64/1424 [>.............................] - ETA: 8s - loss: 0.3626 - acc: 0.8125
  96/1424 [=>............................] - ETA: 8s - loss: 0.4257 - acc: 0.7917
 128/1424 [=>............................] - ETA: 8s - loss: 0.4109 - acc: 0.8125
 160/1424 [==>...........................] - ETA: 7s - loss: 0.4110 - acc: 0.8063
 192/1424 [===>..........................] - ETA: 7s - loss: 0.4636 - acc: 0.8281
 224/1424 [===>..........................] - ETA: 7s - loss: 0.5365 - acc: 0.8170
 256/1424 [====>.........................] - ETA: 7s - loss: 0.5641 - acc: 0.8242
 288/1424 [=====>........................] - ETA: 7s - loss: 0.5563 - acc: 0.8264
 320/1424 [=====>........................] - ETA: 6s - loss: 0.5442 - acc: 0.8187
 352/1424 [======>.......................] - ETA: 6s - loss: 0.5344 - acc: 0.8153
 384/1424 [=======>......................] - ETA: 6s - loss: 0.5298 - acc: 0.8229
 416/1424 [=======>......................] - ETA: 6s - loss: 0.5119 - acc: 0.8269
 448/1424 [========>.....................] - ETA: 6s - loss: 0.5064 - acc: 0.8259
 480/1424 [=========>....................] - ETA: 5s - loss: 0.4918 - acc: 0.8313
 512/1424 [=========>....................] - ETA: 5s - loss: 0.4872 - acc: 0.8301
 544/1424 [==========>...................] - ETA: 5s - loss: 0.4823 - acc: 0.8327
 576/1424 [===========>..................] - ETA: 5s - loss: 0.4719 - acc: 0.8368
 608/1424 [===========>..................] - ETA: 5s - loss: 0.4951 - acc: 0.8355
 640/1424 [============>.................] - ETA: 4s - loss: 0.4972 - acc: 0.8359
 672/1424 [=============>................] - ETA: 4s - loss: 0.4992 - acc: 0.8304
 704/1424 [=============>................] - ETA: 4s - loss: 0.4935 - acc: 0.8281
 736/1424 [==============>...............] - ETA: 4s - loss: 0.4986 - acc: 0.8234
 768/1424 [===============>..............] - ETA: 4s - loss: 0.4972 - acc: 0.8190
 800/1424 [===============>..............] - ETA: 3s - loss: 0.5040 - acc: 0.8100
 832/1424 [================>.............] - ETA: 3s - loss: 0.5395 - acc: 0.8005
 864/1424 [=================>............] - ETA: 3s - loss: 0.5817 - acc: 0.7905
 896/1424 [=================>............] - ETA: 3s - loss: 0.6599 - acc: 0.7790
 928/1424 [==================>...........] - ETA: 3s - loss: 0.7728 - acc: 0.7705
 960/1424 [===================>..........] - ETA: 2s - loss: 0.9201 - acc: 0.7635
 992/1424 [===================>..........] - ETA: 2s - loss: 1.0840 - acc: 0.7581
1024/1424 [====================>.........] - ETA: 2s - loss: 1.2714 - acc: 0.7500
1056/1424 [=====================>........] - ETA: 2s - loss: 1.4696 - acc: 0.7405
1088/1424 [=====================>........] - ETA: 2s - loss: 1.6041 - acc: 0.7371
1120/1424 [======================>.......] - ETA: 1s - loss: 1.7565 - acc: 0.7321
1152/1424 [=======================>......] - ETA: 1s - loss: 1.9176 - acc: 0.7266
1184/1424 [=======================>......] - ETA: 1s - loss: 2.0834 - acc: 0.7204
1216/1424 [========================>.....] - ETA: 1s - loss: 2.2098 - acc: 0.7163
1248/1424 [=========================>....] - ETA: 1s - loss: 2.3469 - acc: 0.7115
1280/1424 [=========================>....] - ETA: 0s - loss: 2.4897 - acc: 0.7063
1312/1424 [==========================>...] - ETA: 0s - loss: 2.5887 - acc: 0.7035
1344/1424 [===========================>..] - ETA: 0s - loss: 2.7549 - acc: 0.6964
1376/1424 [===========================>..] - ETA: 0s - loss: 2.8314 - acc: 0.6948
1408/1424 [============================>.] - ETA: 0s - loss: 2.9960 - acc: 0.6875
1424/1424 [==============================] - 12s 8ms/step - loss: 3.0414 - acc: 0.6861 - val_loss: 0.7005 - val_acc: 0.5000
Epoch 12/1000

  32/1424 [..............................] - ETA: 8s - loss: 8.0590 - acc: 0.5000
  64/1424 [>.............................] - ETA: 8s - loss: 7.3035 - acc: 0.5469
  96/1424 [=>............................] - ETA: 8s - loss: 7.2196 - acc: 0.5521
 128/1424 [=>............................] - ETA: 8s - loss: 7.1776 - acc: 0.5547
 160/1424 [==>...........................] - ETA: 7s - loss: 7.7568 - acc: 0.5188
 192/1424 [===>..........................] - ETA: 7s - loss: 7.5554 - acc: 0.5312
 224/1424 [===>..........................] - ETA: 7s - loss: 7.2675 - acc: 0.5491
 256/1424 [====>.........................] - ETA: 7s - loss: 7.2399 - acc: 0.5508
 288/1424 [=====>........................] - ETA: 7s - loss: 7.2749 - acc: 0.5486
 320/1424 [=====>........................] - ETA: 6s - loss: 7.4037 - acc: 0.5406
 352/1424 [======>.......................] - ETA: 6s - loss: 7.3259 - acc: 0.5455
 384/1424 [=======>......................] - ETA: 6s - loss: 7.3446 - acc: 0.5443
 416/1424 [=======>......................] - ETA: 6s - loss: 7.4383 - acc: 0.5385
 448/1424 [========>.....................] - ETA: 6s - loss: 7.4826 - acc: 0.5357
 480/1424 [=========>....................] - ETA: 5s - loss: 7.5882 - acc: 0.5292
 512/1424 [=========>....................] - ETA: 5s - loss: 7.5232 - acc: 0.5332
 544/1424 [==========>...................] - ETA: 5s - loss: 7.7325 - acc: 0.5202
 576/1424 [===========>..................] - ETA: 5s - loss: 7.8066 - acc: 0.5156
 608/1424 [===========>..................] - ETA: 5s - loss: 7.7138 - acc: 0.5214
 640/1424 [============>.................] - ETA: 4s - loss: 7.6807 - acc: 0.5234
 672/1424 [=============>................] - ETA: 4s - loss: 7.8906 - acc: 0.5104
 704/1424 [=============>................] - ETA: 4s - loss: 7.8983 - acc: 0.5099
 736/1424 [==============>...............] - ETA: 4s - loss: 7.8834 - acc: 0.5109
 768/1424 [===============>..............] - ETA: 4s - loss: 7.9324 - acc: 0.5078
 800/1424 [===============>..............] - ETA: 3s - loss: 8.0181 - acc: 0.5025
 832/1424 [================>.............] - ETA: 3s - loss: 8.0390 - acc: 0.5012
 864/1424 [=================>............] - ETA: 3s - loss: 8.0398 - acc: 0.5012
 896/1424 [=================>............] - ETA: 3s - loss: 8.0405 - acc: 0.5011
 928/1424 [==================>...........] - ETA: 3s - loss: 8.1106 - acc: 0.4968
 960/1424 [===================>..........] - ETA: 2s - loss: 8.0081 - acc: 0.5031
 992/1424 [===================>..........] - ETA: 2s - loss: 8.0585 - acc: 0.5000
1024/1424 [====================>.........] - ETA: 2s - loss: 8.0113 - acc: 0.5029
1056/1424 [=====================>........] - ETA: 2s - loss: 8.0128 - acc: 0.5028
1088/1424 [=====================>........] - ETA: 2s - loss: 8.0882 - acc: 0.4982
1120/1424 [======================>.......] - ETA: 1s - loss: 8.1018 - acc: 0.4973
1152/1424 [=======================>......] - ETA: 1s - loss: 8.1006 - acc: 0.4974
1184/1424 [=======================>......] - ETA: 1s - loss: 8.1267 - acc: 0.4958
1216/1424 [========================>.....] - ETA: 1s - loss: 8.1514 - acc: 0.4942
1248/1424 [=========================>....] - ETA: 1s - loss: 8.1361 - acc: 0.4952
1280/1424 [=========================>....] - ETA: 0s - loss: 8.1468 - acc: 0.4945
1312/1424 [==========================>...] - ETA: 0s - loss: 8.1569 - acc: 0.4939
1344/1424 [===========================>..] - ETA: 0s - loss: 8.1545 - acc: 0.4940
1376/1424 [===========================>..] - ETA: 0s - loss: 8.1874 - acc: 0.4920
1408/1424 [============================>.] - ETA: 0s - loss: 8.1501 - acc: 0.4943
1424/1424 [==============================] - 12s 8ms/step - loss: 8.1038 - acc: 0.4972 - val_loss: 8.0590 - val_acc: 0.5000
Epoch 13/1000

  32/1424 [..............................] - ETA: 8s - loss: 8.0590 - acc: 0.5000
  64/1424 [>.............................] - ETA: 8s - loss: 7.8072 - acc: 0.5156
  96/1424 [=>............................] - ETA: 8s - loss: 8.0590 - acc: 0.5000
 128/1424 [=>............................] - ETA: 8s - loss: 8.4368 - acc: 0.4766
 160/1424 [==>...........................] - ETA: 7s - loss: 8.6635 - acc: 0.4625
 192/1424 [===>..........................] - ETA: 7s - loss: 8.5627 - acc: 0.4688
 224/1424 [===>..........................] - ETA: 7s - loss: 8.4188 - acc: 0.4777
 256/1424 [====>.........................] - ETA: 7s - loss: 8.1850 - acc: 0.4922
 288/1424 [=====>........................] - ETA: 7s - loss: 8.0590 - acc: 0.5000
 320/1424 [=====>........................] - ETA: 6s - loss: 8.1598 - acc: 0.4938
 352/1424 [======>.......................] - ETA: 6s - loss: 8.1506 - acc: 0.4943
 384/1424 [=======>......................] - ETA: 6s - loss: 8.0590 - acc: 0.5000
 416/1424 [=======>......................] - ETA: 6s - loss: 8.0978 - acc: 0.4976
 448/1424 [========>.....................] - ETA: 6s - loss: 8.1310 - acc: 0.4955
 480/1424 [=========>....................] - ETA: 5s - loss: 8.2269 - acc: 0.4896
 512/1424 [=========>....................] - ETA: 5s - loss: 8.3739 - acc: 0.4805
 544/1424 [==========>...................] - ETA: 5s - loss: 8.3850 - acc: 0.4798
 576/1424 [===========>..................] - ETA: 5s - loss: 8.4228 - acc: 0.4774
 608/1424 [===========>..................] - ETA: 5s - loss: 8.2711 - acc: 0.4868
 640/1424 [============>.................] - ETA: 4s - loss: 8.2102 - acc: 0.4906
 672/1424 [=============>................] - ETA: 4s - loss: 8.2269 - acc: 0.4896
 704/1424 [=============>................] - ETA: 4s - loss: 8.1964 - acc: 0.4915
 736/1424 [==============>...............] - ETA: 4s - loss: 8.1247 - acc: 0.4959
 768/1424 [===============>..............] - ETA: 4s - loss: 8.1430 - acc: 0.4948
 800/1424 [===============>..............] - ETA: 3s - loss: 8.1195 - acc: 0.4963
 832/1424 [================>.............] - ETA: 3s - loss: 8.0203 - acc: 0.5024
 864/1424 [=================>............] - ETA: 3s - loss: 8.1521 - acc: 0.4942
 896/1424 [=================>............] - ETA: 3s - loss: 8.0948 - acc: 0.4978
 928/1424 [==================>...........] - ETA: 3s - loss: 8.1283 - acc: 0.4957
 960/1424 [===================>..........] - ETA: 2s - loss: 8.1428 - acc: 0.4948
 992/1424 [===================>..........] - ETA: 2s - loss: 8.1076 - acc: 0.4970
1024/1424 [====================>.........] - ETA: 2s - loss: 8.1691 - acc: 0.4932
1056/1424 [=====================>........] - ETA: 2s - loss: 8.1810 - acc: 0.4924
1088/1424 [=====================>........] - ETA: 2s - loss: 8.2365 - acc: 0.4890
1120/1424 [======================>.......] - ETA: 1s - loss: 8.2170 - acc: 0.4902
1152/1424 [=======================>......] - ETA: 1s - loss: 8.1847 - acc: 0.4922
1184/1424 [=======================>......] - ETA: 1s - loss: 8.1132 - acc: 0.4966
1216/1424 [========================>.....] - ETA: 1s - loss: 8.1383 - acc: 0.4951
1248/1424 [=========================>....] - ETA: 1s - loss: 8.1492 - acc: 0.4944
1280/1424 [=========================>....] - ETA: 0s - loss: 8.1847 - acc: 0.4922
1312/1424 [==========================>...] - ETA: 0s - loss: 8.1571 - acc: 0.4939
1344/1424 [===========================>..] - ETA: 0s - loss: 8.1427 - acc: 0.4948
1376/1424 [===========================>..] - ETA: 0s - loss: 8.0939 - acc: 0.4978
1408/1424 [============================>.] - ETA: 0s - loss: 8.0703 - acc: 0.4993
1424/1424 [==============================] - 12s 8ms/step - loss: 8.0701 - acc: 0.4993 - val_loss: 0.7007 - val_acc: 0.5000
Epoch 14/1000

  32/1424 [..............................] - ETA: 8s - loss: 6.5480 - acc: 0.5938
  64/1424 [>.............................] - ETA: 8s - loss: 7.3035 - acc: 0.5469
  96/1424 [=>............................] - ETA: 8s - loss: 7.3875 - acc: 0.5417
 128/1424 [=>............................] - ETA: 8s - loss: 7.6813 - acc: 0.5234
 160/1424 [==>...........................] - ETA: 7s - loss: 8.0590 - acc: 0.5000
 192/1424 [===>..........................] - ETA: 7s - loss: 8.0590 - acc: 0.5000
 224/1424 [===>..........................] - ETA: 7s - loss: 8.1310 - acc: 0.4955
 256/1424 [====>.........................] - ETA: 7s - loss: 8.2479 - acc: 0.4883
 288/1424 [=====>........................] - ETA: 7s - loss: 8.2829 - acc: 0.4861
 320/1424 [=====>........................] - ETA: 6s - loss: 8.2605 - acc: 0.4875
 352/1424 [======>.......................] - ETA: 6s - loss: 8.1506 - acc: 0.4943
 384/1424 [=======>......................] - ETA: 6s - loss: 7.9751 - acc: 0.5052
 416/1424 [=======>......................] - ETA: 6s - loss: 8.0203 - acc: 0.5024
 448/1424 [========>.....................] - ETA: 6s - loss: 8.0590 - acc: 0.5000
 480/1424 [=========>....................] - ETA: 5s - loss: 7.9247 - acc: 0.5083
 512/1424 [=========>....................] - ETA: 5s - loss: 8.0276 - acc: 0.5020
 544/1424 [==========>...................] - ETA: 5s - loss: 8.0887 - acc: 0.4982
 576/1424 [===========>..................] - ETA: 5s - loss: 8.1430 - acc: 0.4948
 608/1424 [===========>..................] - ETA: 5s - loss: 8.0856 - acc: 0.4984
 640/1424 [============>.................] - ETA: 4s - loss: 8.0087 - acc: 0.5031
 672/1424 [=============>................] - ETA: 4s - loss: 8.0830 - acc: 0.4985
 704/1424 [=============>................] - ETA: 4s - loss: 8.1048 - acc: 0.4972
 736/1424 [==============>...............] - ETA: 4s - loss: 8.0809 - acc: 0.4986
 768/1424 [===============>..............] - ETA: 4s - loss: 8.0796 - acc: 0.4987
 800/1424 [===============>..............] - ETA: 3s - loss: 8.0788 - acc: 0.4988
 832/1424 [================>.............] - ETA: 3s - loss: 8.1361 - acc: 0.4952
 864/1424 [=================>............] - ETA: 3s - loss: 8.1146 - acc: 0.4965
 896/1424 [=================>............] - ETA: 3s - loss: 8.1666 - acc: 0.4933
 928/1424 [==================>...........] - ETA: 3s - loss: 8.1280 - acc: 0.4957
 960/1424 [===================>..........] - ETA: 2s - loss: 8.1089 - acc: 0.4969
 992/1424 [===================>..........] - ETA: 2s - loss: 8.1235 - acc: 0.4960
1024/1424 [====================>.........] - ETA: 2s - loss: 8.0428 - acc: 0.5010
1056/1424 [=====================>........] - ETA: 2s - loss: 8.0128 - acc: 0.5028
1088/1424 [=====================>........] - ETA: 2s - loss: 7.9400 - acc: 0.5074
1120/1424 [======================>.......] - ETA: 1s - loss: 7.9291 - acc: 0.5080
1152/1424 [=======================>......] - ETA: 1s - loss: 8.0586 - acc: 0.5000
1184/1424 [=======================>......] - ETA: 1s - loss: 8.0857 - acc: 0.4983
1216/1424 [========================>.....] - ETA: 1s - loss: 8.0585 - acc: 0.5000
1248/1424 [=========================>....] - ETA: 1s - loss: 8.0585 - acc: 0.5000
1280/1424 [=========================>....] - ETA: 0s - loss: 8.0333 - acc: 0.5016
1312/1424 [==========================>...] - ETA: 0s - loss: 8.0708 - acc: 0.4992
1344/1424 [===========================>..] - ETA: 0s - loss: 8.0705 - acc: 0.4993
1376/1424 [===========================>..] - ETA: 0s - loss: 8.0703 - acc: 0.4993
1408/1424 [============================>.] - ETA: 0s - loss: 8.0700 - acc: 0.4993
1424/1424 [==============================] - 12s 8ms/step - loss: 8.0812 - acc: 0.4986 - val_loss: 0.7007 - val_acc: 0.5000
Epoch 15/1000

  32/1424 [..............................] - ETA: 8s - loss: 8.0590 - acc: 0.5000
  64/1424 [>.............................] - ETA: 8s - loss: 7.8072 - acc: 0.5156
  96/1424 [=>............................] - ETA: 8s - loss: 8.0590 - acc: 0.5000
 128/1424 [=>............................] - ETA: 8s - loss: 8.1850 - acc: 0.4922
 160/1424 [==>...........................] - ETA: 7s - loss: 8.3613 - acc: 0.4813
 192/1424 [===>..........................] - ETA: 7s - loss: 8.3109 - acc: 0.4844
 224/1424 [===>..........................] - ETA: 7s - loss: 8.4188 - acc: 0.4777
 256/1424 [====>.........................] - ETA: 7s - loss: 8.2479 - acc: 0.4883
 288/1424 [=====>........................] - ETA: 7s - loss: 8.2829 - acc: 0.4861
 320/1424 [=====>........................] - ETA: 6s - loss: 8.3613 - acc: 0.4813
 352/1424 [======>.......................] - ETA: 6s - loss: 8.4254 - acc: 0.4773
 384/1424 [=======>......................] - ETA: 6s - loss: 8.3529 - acc: 0.4818
 416/1424 [=======>......................] - ETA: 6s - loss: 8.1753 - acc: 0.4928
 448/1424 [========>.....................] - ETA: 6s - loss: 8.2749 - acc: 0.4866
 480/1424 [=========>....................] - ETA: 5s - loss: 8.2602 - acc: 0.4875
 512/1424 [=========>....................] - ETA: 5s - loss: 8.2161 - acc: 0.4902
 544/1424 [==========>...................] - ETA: 5s - loss: 8.3550 - acc: 0.4816
 576/1424 [===========>..................] - ETA: 5s - loss: 8.3106 - acc: 0.4844
 608/1424 [===========>..................] - ETA: 5s - loss: 8.4034 - acc: 0.4786
 640/1424 [============>.................] - ETA: 4s - loss: 8.2600 - acc: 0.4875
 672/1424 [=============>................] - ETA: 4s - loss: 8.2501 - acc: 0.4881
 704/1424 [=============>................] - ETA: 4s - loss: 8.1957 - acc: 0.4915
 736/1424 [==============>...............] - ETA: 4s - loss: 8.1459 - acc: 0.4946
 768/1424 [===============>..............] - ETA: 4s - loss: 8.1423 - acc: 0.4948
 800/1424 [===============>..............] - ETA: 3s - loss: 8.1591 - acc: 0.4938
 832/1424 [================>.............] - ETA: 3s - loss: 8.1359 - acc: 0.4952
 864/1424 [=================>............] - ETA: 3s - loss: 8.1890 - acc: 0.4919
 896/1424 [=================>............] - ETA: 3s - loss: 8.1304 - acc: 0.4955
 928/1424 [==================>...........] - ETA: 3s - loss: 8.1106 - acc: 0.4968
 960/1424 [===================>..........] - ETA: 2s - loss: 8.1089 - acc: 0.4969
 992/1424 [===================>..........] - ETA: 2s - loss: 8.0585 - acc: 0.5000
1024/1424 [====================>.........] - ETA: 2s - loss: 8.0269 - acc: 0.5020
1056/1424 [=====================>........] - ETA: 2s - loss: 8.0279 - acc: 0.5019
1088/1424 [=====================>........] - ETA: 2s - loss: 8.0584 - acc: 0.5000
1120/1424 [======================>.......] - ETA: 1s - loss: 8.1160 - acc: 0.4964
1152/1424 [=======================>......] - ETA: 1s - loss: 8.1004 - acc: 0.4974
1184/1424 [=======================>......] - ETA: 1s - loss: 8.1401 - acc: 0.4949
1216/1424 [========================>.....] - ETA: 1s - loss: 8.0585 - acc: 0.5000
1248/1424 [=========================>....] - ETA: 1s - loss: 8.0197 - acc: 0.5024
1280/1424 [=========================>....] - ETA: 0s - loss: 7.9829 - acc: 0.5047
1312/1424 [==========================>...] - ETA: 0s - loss: 8.0585 - acc: 0.5000
1344/1424 [===========================>..] - ETA: 0s - loss: 8.0945 - acc: 0.4978
1376/1424 [===========================>..] - ETA: 0s - loss: 8.0936 - acc: 0.4978
1408/1424 [============================>.] - ETA: 0s - loss: 8.0813 - acc: 0.4986
1424/1424 [==============================] - 12s 8ms/step - loss: 8.0697 - acc: 0.4993 - val_loss: 0.7007 - val_acc: 0.5000
Epoch 16/1000

  32/1424 [..............................] - ETA: 8s - loss: 9.5701 - acc: 0.4062
  64/1424 [>.............................] - ETA: 8s - loss: 7.8072 - acc: 0.5156
  96/1424 [=>............................] - ETA: 8s - loss: 8.3948 - acc: 0.4792
 128/1424 [=>............................] - ETA: 8s - loss: 8.3109 - acc: 0.4844
 160/1424 [==>...........................] - ETA: 7s - loss: 7.7568 - acc: 0.5188
 192/1424 [===>..........................] - ETA: 7s - loss: 8.0590 - acc: 0.5000
 224/1424 [===>..........................] - ETA: 7s - loss: 7.9151 - acc: 0.5089
 256/1424 [====>.........................] - ETA: 7s - loss: 7.8702 - acc: 0.5117
 288/1424 [=====>........................] - ETA: 7s - loss: 7.8912 - acc: 0.5104
 320/1424 [=====>........................] - ETA: 6s - loss: 8.0590 - acc: 0.5000
 352/1424 [======>.......................] - ETA: 6s - loss: 7.9675 - acc: 0.5057
 384/1424 [=======>......................] - ETA: 6s - loss: 8.0590 - acc: 0.5000
 416/1424 [=======>......................] - ETA: 6s - loss: 8.0590 - acc: 0.5000
 448/1424 [========>.....................] - ETA: 6s - loss: 8.0590 - acc: 0.5000
 480/1424 [=========>....................] - ETA: 5s - loss: 7.9919 - acc: 0.5042
 512/1424 [=========>....................] - ETA: 5s - loss: 7.9961 - acc: 0.5039
 544/1424 [==========>...................] - ETA: 5s - loss: 7.8813 - acc: 0.5110
 576/1424 [===========>..................] - ETA: 5s - loss: 7.6953 - acc: 0.5226
 608/1424 [===========>..................] - ETA: 5s - loss: 7.6084 - acc: 0.5280
 640/1424 [============>.................] - ETA: 4s - loss: 7.7316 - acc: 0.5203
 672/1424 [=============>................] - ETA: 4s - loss: 7.6993 - acc: 0.5223
 704/1424 [=============>................] - ETA: 4s - loss: 7.7385 - acc: 0.5199
 736/1424 [==============>...............] - ETA: 4s - loss: 7.7963 - acc: 0.5163
 768/1424 [===============>..............] - ETA: 4s - loss: 7.7442 - acc: 0.5195
 800/1424 [===============>..............] - ETA: 3s - loss: 7.7768 - acc: 0.5175
 832/1424 [================>.............] - ETA: 3s - loss: 7.8457 - acc: 0.5132
 864/1424 [=================>............] - ETA: 3s - loss: 7.8909 - acc: 0.5104
 896/1424 [=================>............] - ETA: 3s - loss: 7.8430 - acc: 0.5134
 928/1424 [==================>...........] - ETA: 3s - loss: 7.7810 - acc: 0.5172
 960/1424 [===================>..........] - ETA: 2s - loss: 7.8070 - acc: 0.5156
 992/1424 [===================>..........] - ETA: 2s - loss: 7.8964 - acc: 0.5101
1024/1424 [====================>.........] - ETA: 2s - loss: 7.9644 - acc: 0.5059
1056/1424 [=====================>........] - ETA: 2s - loss: 7.9826 - acc: 0.5047
1088/1424 [=====================>........] - ETA: 2s - loss: 7.9256 - acc: 0.5083
1120/1424 [======================>.......] - ETA: 1s - loss: 7.9582 - acc: 0.5062
1152/1424 [=======================>......] - ETA: 1s - loss: 8.0029 - acc: 0.5035
1184/1424 [=======================>......] - ETA: 1s - loss: 8.0453 - acc: 0.5008
1216/1424 [========================>.....] - ETA: 1s - loss: 8.0589 - acc: 0.5000
1248/1424 [=========================>....] - ETA: 1s - loss: 8.0977 - acc: 0.4976
1280/1424 [=========================>....] - ETA: 0s - loss: 8.0840 - acc: 0.4984
1312/1424 [==========================>...] - ETA: 0s - loss: 8.0588 - acc: 0.5000
1344/1424 [===========================>..] - ETA: 0s - loss: 8.0587 - acc: 0.5000
1376/1424 [===========================>..] - ETA: 0s - loss: 8.0352 - acc: 0.5015
1408/1424 [============================>.] - ETA: 0s - loss: 8.0471 - acc: 0.5007
1424/1424 [==============================] - 12s 8ms/step - loss: 8.0586 - acc: 0.5000 - val_loss: 0.7007 - val_acc: 0.5000
Epoch 17/1000

  32/1424 [..............................] - ETA: 8s - loss: 7.5554 - acc: 0.5312
  64/1424 [>.............................] - ETA: 8s - loss: 7.5554 - acc: 0.5312
  96/1424 [=>............................] - ETA: 8s - loss: 7.5554 - acc: 0.5312
 128/1424 [=>............................] - ETA: 8s - loss: 7.8072 - acc: 0.5156
 160/1424 [==>...........................] - ETA: 7s - loss: 7.8576 - acc: 0.5125
 192/1424 [===>..........................] - ETA: 7s - loss: 7.8912 - acc: 0.5104
 224/1424 [===>..........................] - ETA: 7s - loss: 7.9871 - acc: 0.5045
 256/1424 [====>.........................] - ETA: 7s - loss: 8.2479 - acc: 0.4883
 288/1424 [=====>........................] - ETA: 7s - loss: 8.5068 - acc: 0.4722
 320/1424 [=====>........................] - ETA: 6s - loss: 8.6126 - acc: 0.4656
 352/1424 [======>.......................] - ETA: 6s - loss: 8.6996 - acc: 0.4602
 384/1424 [=======>......................] - ETA: 6s - loss: 8.5203 - acc: 0.4714
 416/1424 [=======>......................] - ETA: 6s - loss: 8.4848 - acc: 0.4736
 448/1424 [========>.....................] - ETA: 6s - loss: 8.3105 - acc: 0.4844
 480/1424 [=========>....................] - ETA: 5s - loss: 8.1930 - acc: 0.4917
 512/1424 [=========>....................] - ETA: 5s - loss: 8.1531 - acc: 0.4941
 544/1424 [==========>...................] - ETA: 5s - loss: 8.1772 - acc: 0.4926
 576/1424 [===========>..................] - ETA: 5s - loss: 8.1427 - acc: 0.4948
 608/1424 [===========>..................] - ETA: 5s - loss: 8.1383 - acc: 0.4951
 640/1424 [============>.................] - ETA: 4s - loss: 8.2602 - acc: 0.4875
 672/1424 [=============>................] - ETA: 4s - loss: 8.2986 - acc: 0.4851
 704/1424 [=============>................] - ETA: 4s - loss: 8.2877 - acc: 0.4858
 736/1424 [==============>...............] - ETA: 4s - loss: 8.2997 - acc: 0.4851
 768/1424 [===============>..............] - ETA: 4s - loss: 8.2687 - acc: 0.4870
 800/1424 [===============>..............] - ETA: 3s - loss: 8.4013 - acc: 0.4788
 832/1424 [================>.............] - ETA: 3s - loss: 8.3301 - acc: 0.4832
 864/1424 [=================>............] - ETA: 3s - loss: 8.3014 - acc: 0.4850
 896/1424 [=================>............] - ETA: 3s - loss: 8.3107 - acc: 0.4844
 928/1424 [==================>...........] - ETA: 3s - loss: 8.2499 - acc: 0.4881
 960/1424 [===================>..........] - ETA: 2s - loss: 8.2268 - acc: 0.4896
 992/1424 [===================>..........] - ETA: 2s - loss: 8.2376 - acc: 0.4889
1024/1424 [====================>.........] - ETA: 2s - loss: 8.1061 - acc: 0.4971
1056/1424 [=====================>........] - ETA: 2s - loss: 8.1810 - acc: 0.4924
1088/1424 [=====================>........] - ETA: 2s - loss: 8.1624 - acc: 0.4936
1120/1424 [======================>.......] - ETA: 1s - loss: 8.1595 - acc: 0.4938
1152/1424 [=======================>......] - ETA: 1s - loss: 8.1567 - acc: 0.4939
1184/1424 [=======================>......] - ETA: 1s - loss: 8.1132 - acc: 0.4966
1216/1424 [========================>.....] - ETA: 1s - loss: 8.1250 - acc: 0.4959
1248/1424 [=========================>....] - ETA: 1s - loss: 8.1104 - acc: 0.4968
1280/1424 [=========================>....] - ETA: 0s - loss: 8.0840 - acc: 0.4984
1312/1424 [==========================>...] - ETA: 0s - loss: 8.0834 - acc: 0.4985
1344/1424 [===========================>..] - ETA: 0s - loss: 8.0828 - acc: 0.4985
1376/1424 [===========================>..] - ETA: 0s - loss: 8.0705 - acc: 0.4993
1408/1424 [============================>.] - ETA: 0s - loss: 8.0588 - acc: 0.5000
1424/1424 [==============================] - 12s 8ms/step - loss: 8.0475 - acc: 0.5007 - val_loss: 0.7007 - val_acc: 0.5000
Epoch 18/1000

  32/1424 [..............................] - ETA: 8s - loss: 5.5406 - acc: 0.6562
  64/1424 [>.............................] - ETA: 8s - loss: 6.2961 - acc: 0.6094
  96/1424 [=>............................] - ETA: 8s - loss: 7.2196 - acc: 0.5521
 128/1424 [=>............................] - ETA: 8s - loss: 7.1762 - acc: 0.5547
 160/1424 [==>...........................] - ETA: 7s - loss: 7.6550 - acc: 0.5250
 192/1424 [===>..........................] - ETA: 7s - loss: 7.8893 - acc: 0.5104
 224/1424 [===>..........................] - ETA: 7s - loss: 7.4099 - acc: 0.5402
 256/1424 [====>.........................] - ETA: 7s - loss: 7.6799 - acc: 0.5234
 288/1424 [=====>........................] - ETA: 7s - loss: 7.4982 - acc: 0.5347
 320/1424 [=====>........................] - ETA: 6s - loss: 7.4032 - acc: 0.5406
 352/1424 [======>.......................] - ETA: 6s - loss: 7.4628 - acc: 0.5369
 384/1424 [=======>......................] - ETA: 6s - loss: 7.4285 - acc: 0.5391
 416/1424 [=======>......................] - ETA: 6s - loss: 7.5545 - acc: 0.5312
 448/1424 [========>.....................] - ETA: 6s - loss: 7.8064 - acc: 0.5156
 480/1424 [=========>....................] - ETA: 5s - loss: 7.8568 - acc: 0.5125
 512/1424 [=========>....................] - ETA: 5s - loss: 7.8065 - acc: 0.5156
 544/1424 [==========>...................] - ETA: 5s - loss: 7.8806 - acc: 0.5110
 576/1424 [===========>..................] - ETA: 5s - loss: 7.9465 - acc: 0.5069
 608/1424 [===========>..................] - ETA: 5s - loss: 7.9524 - acc: 0.5066
 640/1424 [============>.................] - ETA: 4s - loss: 7.9829 - acc: 0.5047
 672/1424 [=============>................] - ETA: 4s - loss: 7.9383 - acc: 0.5074
 704/1424 [=============>................] - ETA: 4s - loss: 7.9667 - acc: 0.5057
 736/1424 [==============>...............] - ETA: 4s - loss: 8.0145 - acc: 0.5027
 768/1424 [===============>..............] - ETA: 4s - loss: 8.0164 - acc: 0.5026
 800/1424 [===============>..............] - ETA: 3s - loss: 8.0584 - acc: 0.5000
 832/1424 [================>.............] - ETA: 3s - loss: 8.1165 - acc: 0.4964
 864/1424 [=================>............] - ETA: 3s - loss: 8.1517 - acc: 0.4942
 896/1424 [=================>............] - ETA: 3s - loss: 8.1484 - acc: 0.4944
 928/1424 [==================>...........] - ETA: 3s - loss: 8.1453 - acc: 0.4946
 960/1424 [===================>..........] - ETA: 2s - loss: 8.1592 - acc: 0.4938
 992/1424 [===================>..........] - ETA: 2s - loss: 8.1073 - acc: 0.4970
1024/1424 [====================>.........] - ETA: 2s - loss: 8.1215 - acc: 0.4961
1056/1424 [=====================>........] - ETA: 2s - loss: 8.1043 - acc: 0.4972
1088/1424 [=====================>........] - ETA: 2s - loss: 8.1474 - acc: 0.4945
1120/1424 [======================>.......] - ETA: 1s - loss: 8.1018 - acc: 0.4973
1152/1424 [=======================>......] - ETA: 1s - loss: 8.0866 - acc: 0.4983
1184/1424 [=======================>......] - ETA: 1s - loss: 8.1131 - acc: 0.4966
1216/1424 [========================>.....] - ETA: 1s - loss: 8.1647 - acc: 0.4934
1248/1424 [=========================>....] - ETA: 1s - loss: 8.2007 - acc: 0.4912
1280/1424 [=========================>....] - ETA: 0s - loss: 8.1216 - acc: 0.4961
1312/1424 [==========================>...] - ETA: 0s - loss: 8.0709 - acc: 0.4992
1344/1424 [===========================>..] - ETA: 0s - loss: 8.0946 - acc: 0.4978
1376/1424 [===========================>..] - ETA: 0s - loss: 8.0704 - acc: 0.4993
1408/1424 [============================>.] - ETA: 0s - loss: 8.1045 - acc: 0.4972
1424/1424 [==============================] - 12s 8ms/step - loss: 8.0699 - acc: 0.4993 - val_loss: 0.7007 - val_acc: 0.5000
Epoch 19/1000

  32/1424 [..............................] - ETA: 8s - loss: 4.0295 - acc: 0.7500
  64/1424 [>.............................] - ETA: 8s - loss: 6.7998 - acc: 0.5781
  96/1424 [=>............................] - ETA: 8s - loss: 7.8912 - acc: 0.5104
 128/1424 [=>............................] - ETA: 8s - loss: 8.0590 - acc: 0.5000
 160/1424 [==>...........................] - ETA: 7s - loss: 8.4620 - acc: 0.4750
 192/1424 [===>..........................] - ETA: 7s - loss: 8.6467 - acc: 0.4635
 224/1424 [===>..........................] - ETA: 7s - loss: 8.6347 - acc: 0.4643
 256/1424 [====>.........................] - ETA: 7s - loss: 8.4998 - acc: 0.4727
 288/1424 [=====>........................] - ETA: 7s - loss: 8.5627 - acc: 0.4688
 320/1424 [=====>........................] - ETA: 6s - loss: 8.6635 - acc: 0.4625
 352/1424 [======>.......................] - ETA: 6s - loss: 8.2880 - acc: 0.4858
 384/1424 [=======>......................] - ETA: 6s - loss: 8.0171 - acc: 0.5026
 416/1424 [=======>......................] - ETA: 6s - loss: 7.9424 - acc: 0.5072
 448/1424 [========>.....................] - ETA: 6s - loss: 7.7349 - acc: 0.5201
 480/1424 [=========>....................] - ETA: 5s - loss: 7.8236 - acc: 0.5146
 512/1424 [=========>....................] - ETA: 5s - loss: 7.9013 - acc: 0.5098
 544/1424 [==========>...................] - ETA: 5s - loss: 7.9995 - acc: 0.5037
 576/1424 [===========>..................] - ETA: 5s - loss: 7.9468 - acc: 0.5069
 608/1424 [===========>..................] - ETA: 5s - loss: 8.0057 - acc: 0.5033
 640/1424 [============>.................] - ETA: 4s - loss: 7.9832 - acc: 0.5047
 672/1424 [=============>................] - ETA: 4s - loss: 7.9868 - acc: 0.5045
 704/1424 [=============>................] - ETA: 4s - loss: 8.0128 - acc: 0.5028
 736/1424 [==============>...............] - ETA: 4s - loss: 8.0586 - acc: 0.5000
 768/1424 [===============>..............] - ETA: 4s - loss: 8.0166 - acc: 0.5026
 800/1424 [===============>..............] - ETA: 3s - loss: 7.9780 - acc: 0.5050
 832/1424 [================>.............] - ETA: 3s - loss: 7.9424 - acc: 0.5072
 864/1424 [=================>............] - ETA: 3s - loss: 7.9840 - acc: 0.5046
 896/1424 [=================>............] - ETA: 3s - loss: 8.0227 - acc: 0.5022
 928/1424 [==================>...........] - ETA: 3s - loss: 8.1629 - acc: 0.4935
 960/1424 [===================>..........] - ETA: 2s - loss: 8.2098 - acc: 0.4906
 992/1424 [===================>..........] - ETA: 2s - loss: 8.2212 - acc: 0.4899
1024/1424 [====================>.........] - ETA: 2s - loss: 8.1531 - acc: 0.4941
1056/1424 [=====================>........] - ETA: 2s - loss: 8.1807 - acc: 0.4924
1088/1424 [=====================>........] - ETA: 2s - loss: 8.1326 - acc: 0.4954
1120/1424 [======================>.......] - ETA: 1s - loss: 8.1449 - acc: 0.4946
1152/1424 [=======================>......] - ETA: 1s - loss: 8.1006 - acc: 0.4974
1184/1424 [=======================>......] - ETA: 1s - loss: 8.0993 - acc: 0.4975
1216/1424 [========================>.....] - ETA: 1s - loss: 8.0583 - acc: 0.5000
1248/1424 [=========================>....] - ETA: 1s - loss: 8.0713 - acc: 0.4992
1280/1424 [=========================>....] - ETA: 0s - loss: 8.1087 - acc: 0.4969
1312/1424 [==========================>...] - ETA: 0s - loss: 8.0952 - acc: 0.4977
1344/1424 [===========================>..] - ETA: 0s - loss: 8.0464 - acc: 0.5007
1376/1424 [===========================>..] - ETA: 0s - loss: 8.0233 - acc: 0.5022
1408/1424 [============================>.] - ETA: 0s - loss: 8.0470 - acc: 0.5007
1424/1424 [==============================] - 12s 8ms/step - loss: 8.0358 - acc: 0.5014 - val_loss: 0.7007 - val_acc: 0.5000
Epoch 20/1000

  32/1424 [..............................] - ETA: 8s - loss: 8.0590 - acc: 0.5000
  64/1424 [>.............................] - ETA: 8s - loss: 9.0664 - acc: 0.4375
  96/1424 [=>............................] - ETA: 8s - loss: 8.3930 - acc: 0.4792
 128/1424 [=>............................] - ETA: 8s - loss: 8.3095 - acc: 0.4844
 160/1424 [==>...........................] - ETA: 7s - loss: 8.1587 - acc: 0.4938
 192/1424 [===>..........................] - ETA: 7s - loss: 7.9742 - acc: 0.5052
 224/1424 [===>..........................] - ETA: 7s - loss: 8.1302 - acc: 0.4955
 256/1424 [====>.........................] - ETA: 7s - loss: 8.0584 - acc: 0.5000
 288/1424 [=====>........................] - ETA: 7s - loss: 8.1698 - acc: 0.4931
 320/1424 [=====>........................] - ETA: 6s - loss: 8.1587 - acc: 0.4938
 352/1424 [======>.......................] - ETA: 6s - loss: 8.1038 - acc: 0.4972
 384/1424 [=======>......................] - ETA: 6s - loss: 8.0581 - acc: 0.5000
 416/1424 [=======>......................] - ETA: 6s - loss: 8.0969 - acc: 0.4976
 448/1424 [========>.....................] - ETA: 6s - loss: 8.2022 - acc: 0.4911
 480/1424 [=========>....................] - ETA: 5s - loss: 8.2258 - acc: 0.4896
 512/1424 [=========>....................] - ETA: 5s - loss: 8.2469 - acc: 0.4883
 544/1424 [==========>...................] - ETA: 5s - loss: 8.0877 - acc: 0.4982
 576/1424 [===========>..................] - ETA: 5s - loss: 8.0858 - acc: 0.4983
 608/1424 [===========>..................] - ETA: 5s - loss: 8.0049 - acc: 0.5033
 640/1424 [============>.................] - ETA: 4s - loss: 7.8817 - acc: 0.5109
 672/1424 [=============>................] - ETA: 4s - loss: 7.7702 - acc: 0.5179
 704/1424 [=============>................] - ETA: 4s - loss: 7.7604 - acc: 0.5185
 736/1424 [==============>...............] - ETA: 4s - loss: 7.8172 - acc: 0.5149
 768/1424 [===============>..............] - ETA: 4s - loss: 7.7853 - acc: 0.5169
 800/1424 [===============>..............] - ETA: 3s - loss: 7.7157 - acc: 0.5212
 832/1424 [================>.............] - ETA: 3s - loss: 7.6126 - acc: 0.5276
 864/1424 [=================>............] - ETA: 3s - loss: 7.4613 - acc: 0.5370
 896/1424 [=================>............] - ETA: 3s - loss: 7.5546 - acc: 0.5312
 928/1424 [==================>...........] - ETA: 3s - loss: 7.6586 - acc: 0.5248
 960/1424 [===================>..........] - ETA: 2s - loss: 7.6888 - acc: 0.5229
 992/1424 [===================>..........] - ETA: 2s - loss: 7.7007 - acc: 0.5222
1024/1424 [====================>.........] - ETA: 2s - loss: 7.7906 - acc: 0.5166
1056/1424 [=====================>........] - ETA: 2s - loss: 7.8903 - acc: 0.5104
1088/1424 [=====================>........] - ETA: 2s - loss: 7.8657 - acc: 0.5119
1120/1424 [======================>.......] - ETA: 1s - loss: 7.8280 - acc: 0.5143
1152/1424 [=======================>......] - ETA: 1s - loss: 7.8064 - acc: 0.5156
1184/1424 [=======================>......] - ETA: 1s - loss: 7.8813 - acc: 0.5110
1216/1424 [========================>.....] - ETA: 1s - loss: 7.9390 - acc: 0.5074
1248/1424 [=========================>....] - ETA: 1s - loss: 7.9292 - acc: 0.5080
1280/1424 [=========================>....] - ETA: 0s - loss: 7.9702 - acc: 0.5055
1312/1424 [==========================>...] - ETA: 0s - loss: 8.0092 - acc: 0.5030
1344/1424 [===========================>..] - ETA: 0s - loss: 8.0224 - acc: 0.5022
1376/1424 [===========================>..] - ETA: 0s - loss: 8.0350 - acc: 0.5015
1408/1424 [============================>.] - ETA: 0s - loss: 8.0813 - acc: 0.4986
1424/1424 [==============================] - 12s 8ms/step - loss: 8.0697 - acc: 0.4993 - val_loss: 0.7007 - val_acc: 0.5000

  32/1424 [..............................] - ETA: 4s
  64/1424 [>.............................] - ETA: 4s
  96/1424 [=>............................] - ETA: 4s
 128/1424 [=>............................] - ETA: 4s
 160/1424 [==>...........................] - ETA: 4s
 192/1424 [===>..........................] - ETA: 4s
 224/1424 [===>..........................] - ETA: 4s
 256/1424 [====>.........................] - ETA: 4s
 288/1424 [=====>........................] - ETA: 4s
 320/1424 [=====>........................] - ETA: 3s
 352/1424 [======>.......................] - ETA: 3s
 384/1424 [=======>......................] - ETA: 3s
 416/1424 [=======>......................] - ETA: 3s
 448/1424 [========>.....................] - ETA: 3s
 480/1424 [=========>....................] - ETA: 3s
 512/1424 [=========>....................] - ETA: 3s
 544/1424 [==========>...................] - ETA: 3s
 576/1424 [===========>..................] - ETA: 3s
 608/1424 [===========>..................] - ETA: 2s
 640/1424 [============>.................] - ETA: 2s
 672/1424 [=============>................] - ETA: 2s
 704/1424 [=============>................] - ETA: 2s
 736/1424 [==============>...............] - ETA: 2s
 768/1424 [===============>..............] - ETA: 2s
 800/1424 [===============>..............] - ETA: 2s
 832/1424 [================>.............] - ETA: 2s
 864/1424 [=================>............] - ETA: 1s
 896/1424 [=================>............] - ETA: 1s
 928/1424 [==================>...........] - ETA: 1s
 960/1424 [===================>..........] - ETA: 1s
 992/1424 [===================>..........] - ETA: 1s
1024/1424 [====================>.........] - ETA: 1s
1056/1424 [=====================>........] - ETA: 1s
1088/1424 [=====================>........] - ETA: 1s
1120/1424 [======================>.......] - ETA: 1s
1152/1424 [=======================>......] - ETA: 0s
1184/1424 [=======================>......] - ETA: 0s
1216/1424 [========================>.....] - ETA: 0s
1248/1424 [=========================>....] - ETA: 0s
1280/1424 [=========================>....] - ETA: 0s
1312/1424 [==========================>...] - ETA: 0s
1344/1424 [===========================>..] - ETA: 0s
1376/1424 [===========================>..] - ETA: 0s
1408/1424 [============================>.] - ETA: 0s
1424/1424 [==============================] - 5s 4ms/step
Test acc: 0.8279494382022472
Test auc: 0.9116095663426336
Test mcc: 0.6652563397739968
Execute epoch: 20
Execute time: 237.1416928768158
