_________________________________________________________________
Layer (type)                 Output Shape              Param #   
=================================================================
embedding_1 (Embedding)      (None, None, 128)         2688      
_________________________________________________________________
lstm_1 (LSTM)                (None, None, 64)          49408     
_________________________________________________________________
lstm_2 (LSTM)                (None, None, 64)          33024     
_________________________________________________________________
lstm_3 (LSTM)                (None, 64)                33024     
_________________________________________________________________
dense_1 (Dense)              (None, 16)                1040      
_________________________________________________________________
dense_2 (Dense)              (None, 1)                 17        
=================================================================
Total params: 119,201
Trainable params: 119,201
Non-trainable params: 0
_________________________________________________________________
Train on 1424 samples, validate on 708 samples
Epoch 1/1000

  32/1424 [..............................] - ETA: 2:22 - loss: 0.6932 - acc: 0.5000
  64/1424 [>.............................] - ETA: 1:13 - loss: 0.6931 - acc: 0.5625
  96/1424 [=>............................] - ETA: 50s - loss: 0.6928 - acc: 0.5833 
 128/1424 [=>............................] - ETA: 39s - loss: 0.6930 - acc: 0.5547
 160/1424 [==>...........................] - ETA: 32s - loss: 0.6924 - acc: 0.5750
 192/1424 [===>..........................] - ETA: 27s - loss: 0.6922 - acc: 0.5729
 224/1424 [===>..........................] - ETA: 23s - loss: 0.6920 - acc: 0.5714
 256/1424 [====>.........................] - ETA: 21s - loss: 0.6919 - acc: 0.5664
 288/1424 [=====>........................] - ETA: 19s - loss: 0.6928 - acc: 0.5451
 320/1424 [=====>........................] - ETA: 17s - loss: 0.6930 - acc: 0.5375
 352/1424 [======>.......................] - ETA: 16s - loss: 0.6938 - acc: 0.5199
 384/1424 [=======>......................] - ETA: 14s - loss: 0.6933 - acc: 0.5234
 416/1424 [=======>......................] - ETA: 13s - loss: 0.6930 - acc: 0.5264
 448/1424 [========>.....................] - ETA: 12s - loss: 0.6932 - acc: 0.5201
 480/1424 [=========>....................] - ETA: 11s - loss: 0.6928 - acc: 0.5250
 512/1424 [=========>....................] - ETA: 11s - loss: 0.6930 - acc: 0.5195
 544/1424 [==========>...................] - ETA: 10s - loss: 0.6930 - acc: 0.5184
 576/1424 [===========>..................] - ETA: 9s - loss: 0.6931 - acc: 0.5139 
 608/1424 [===========>..................] - ETA: 9s - loss: 0.6929 - acc: 0.5148
 640/1424 [============>.................] - ETA: 8s - loss: 0.6928 - acc: 0.5172
 672/1424 [=============>................] - ETA: 8s - loss: 0.6927 - acc: 0.5149
 704/1424 [=============>................] - ETA: 7s - loss: 0.6925 - acc: 0.5142
 736/1424 [==============>...............] - ETA: 7s - loss: 0.6925 - acc: 0.5122
 768/1424 [===============>..............] - ETA: 6s - loss: 0.6924 - acc: 0.5117
 800/1424 [===============>..............] - ETA: 6s - loss: 0.6921 - acc: 0.5112
 832/1424 [================>.............] - ETA: 5s - loss: 0.6920 - acc: 0.5096
 864/1424 [=================>............] - ETA: 5s - loss: 0.6917 - acc: 0.5116
 896/1424 [=================>............] - ETA: 5s - loss: 0.6914 - acc: 0.5100
 928/1424 [==================>...........] - ETA: 4s - loss: 0.6913 - acc: 0.5086
 960/1424 [===================>..........] - ETA: 4s - loss: 0.6910 - acc: 0.5062
 992/1424 [===================>..........] - ETA: 4s - loss: 0.6907 - acc: 0.5030
1024/1424 [====================>.........] - ETA: 3s - loss: 0.6900 - acc: 0.5039
1056/1424 [=====================>........] - ETA: 3s - loss: 0.6897 - acc: 0.4981
1088/1424 [=====================>........] - ETA: 3s - loss: 0.6885 - acc: 0.4991
1120/1424 [======================>.......] - ETA: 2s - loss: 0.6871 - acc: 0.5000
1152/1424 [=======================>......] - ETA: 2s - loss: 0.6851 - acc: 0.5017
1184/1424 [=======================>......] - ETA: 2s - loss: 0.6814 - acc: 0.5042
1216/1424 [========================>.....] - ETA: 1s - loss: 0.6847 - acc: 0.5041
1248/1424 [=========================>....] - ETA: 1s - loss: 0.6848 - acc: 0.5048
1280/1424 [=========================>....] - ETA: 1s - loss: 0.6835 - acc: 0.5102
1312/1424 [==========================>...] - ETA: 0s - loss: 0.6820 - acc: 0.5152
1344/1424 [===========================>..] - ETA: 0s - loss: 0.6818 - acc: 0.5186
1376/1424 [===========================>..] - ETA: 0s - loss: 0.6804 - acc: 0.5240
1408/1424 [============================>.] - ETA: 0s - loss: 0.6795 - acc: 0.5298
1424/1424 [==============================] - 15s 10ms/step - loss: 0.6792 - acc: 0.5323 - val_loss: 0.6529 - val_acc: 0.7825
Epoch 2/1000

  32/1424 [..............................] - ETA: 8s - loss: 0.6926 - acc: 0.6875
  64/1424 [>.............................] - ETA: 8s - loss: 0.6652 - acc: 0.7031
  96/1424 [=>............................] - ETA: 8s - loss: 0.6681 - acc: 0.6979
 128/1424 [=>............................] - ETA: 8s - loss: 0.6532 - acc: 0.7266
 160/1424 [==>...........................] - ETA: 7s - loss: 0.6497 - acc: 0.7250
 192/1424 [===>..........................] - ETA: 7s - loss: 0.6384 - acc: 0.7656
 224/1424 [===>..........................] - ETA: 7s - loss: 0.6322 - acc: 0.7857
 256/1424 [====>.........................] - ETA: 7s - loss: 0.6249 - acc: 0.7617
 288/1424 [=====>........................] - ETA: 7s - loss: 0.6144 - acc: 0.7465
 320/1424 [=====>........................] - ETA: 6s - loss: 0.6055 - acc: 0.7281
 352/1424 [======>.......................] - ETA: 6s - loss: 0.6514 - acc: 0.7045
 384/1424 [=======>......................] - ETA: 6s - loss: 0.6881 - acc: 0.6849
 416/1424 [=======>......................] - ETA: 6s - loss: 0.7145 - acc: 0.6755
 448/1424 [========>.....................] - ETA: 6s - loss: 0.7371 - acc: 0.6719
 480/1424 [=========>....................] - ETA: 5s - loss: 0.7279 - acc: 0.6667
 512/1424 [=========>....................] - ETA: 5s - loss: 0.7422 - acc: 0.6738
 544/1424 [==========>...................] - ETA: 5s - loss: 0.7299 - acc: 0.6838
 576/1424 [===========>..................] - ETA: 5s - loss: 0.7205 - acc: 0.6875
 608/1424 [===========>..................] - ETA: 5s - loss: 0.7356 - acc: 0.6941
 640/1424 [============>.................] - ETA: 4s - loss: 0.7304 - acc: 0.7031
 672/1424 [=============>................] - ETA: 4s - loss: 0.7223 - acc: 0.7054
 704/1424 [=============>................] - ETA: 4s - loss: 0.7115 - acc: 0.7145
 736/1424 [==============>...............] - ETA: 4s - loss: 0.7027 - acc: 0.7228
 768/1424 [===============>..............] - ETA: 4s - loss: 0.7280 - acc: 0.7174
 800/1424 [===============>..............] - ETA: 3s - loss: 0.7223 - acc: 0.7175
 832/1424 [================>.............] - ETA: 3s - loss: 0.7177 - acc: 0.7163
 864/1424 [=================>............] - ETA: 3s - loss: 0.7109 - acc: 0.7130
 896/1424 [=================>............] - ETA: 3s - loss: 0.7073 - acc: 0.7031
 928/1424 [==================>...........] - ETA: 3s - loss: 0.7023 - acc: 0.6972
 960/1424 [===================>..........] - ETA: 2s - loss: 0.7166 - acc: 0.6917
 992/1424 [===================>..........] - ETA: 2s - loss: 0.7245 - acc: 0.6895
1024/1424 [====================>.........] - ETA: 2s - loss: 0.7526 - acc: 0.6816
1056/1424 [=====================>........] - ETA: 2s - loss: 0.7477 - acc: 0.6790
1088/1424 [=====================>........] - ETA: 2s - loss: 0.7731 - acc: 0.6746
1120/1424 [======================>.......] - ETA: 1s - loss: 0.7702 - acc: 0.6705
1152/1424 [=======================>......] - ETA: 1s - loss: 0.7666 - acc: 0.6649
1184/1424 [=======================>......] - ETA: 1s - loss: 0.7635 - acc: 0.6605
1216/1424 [========================>.....] - ETA: 1s - loss: 0.7602 - acc: 0.6579
1248/1424 [=========================>....] - ETA: 1s - loss: 0.7558 - acc: 0.6571
1280/1424 [=========================>....] - ETA: 0s - loss: 0.7537 - acc: 0.6531
1312/1424 [==========================>...] - ETA: 0s - loss: 0.7509 - acc: 0.6517
1344/1424 [===========================>..] - ETA: 0s - loss: 0.7493 - acc: 0.6473
1376/1424 [===========================>..] - ETA: 0s - loss: 0.7474 - acc: 0.6461
1408/1424 [============================>.] - ETA: 0s - loss: 0.7452 - acc: 0.6470
1424/1424 [==============================] - 12s 8ms/step - loss: 0.7441 - acc: 0.6454 - val_loss: 0.6860 - val_acc: 0.5692
Epoch 3/1000

  32/1424 [..............................] - ETA: 8s - loss: 0.6611 - acc: 0.6250
  64/1424 [>.............................] - ETA: 8s - loss: 0.6674 - acc: 0.5312
  96/1424 [=>............................] - ETA: 8s - loss: 0.6705 - acc: 0.5417
 128/1424 [=>............................] - ETA: 8s - loss: 0.6657 - acc: 0.5703
 160/1424 [==>...........................] - ETA: 7s - loss: 0.6666 - acc: 0.5813
 192/1424 [===>..........................] - ETA: 7s - loss: 0.6647 - acc: 0.5885
 224/1424 [===>..........................] - ETA: 7s - loss: 0.6633 - acc: 0.5804
 256/1424 [====>.........................] - ETA: 7s - loss: 0.6596 - acc: 0.5859
 288/1424 [=====>........................] - ETA: 7s - loss: 0.6614 - acc: 0.5799
 320/1424 [=====>........................] - ETA: 6s - loss: 0.6609 - acc: 0.5875
 352/1424 [======>.......................] - ETA: 6s - loss: 0.6599 - acc: 0.5938
 384/1424 [=======>......................] - ETA: 6s - loss: 0.6600 - acc: 0.5885
 416/1424 [=======>......................] - ETA: 6s - loss: 0.6565 - acc: 0.6034
 448/1424 [========>.....................] - ETA: 6s - loss: 0.6556 - acc: 0.6094
 480/1424 [=========>....................] - ETA: 5s - loss: 0.6548 - acc: 0.6208
 512/1424 [=========>....................] - ETA: 5s - loss: 0.6557 - acc: 0.6191
 544/1424 [==========>...................] - ETA: 5s - loss: 0.6553 - acc: 0.6250
 576/1424 [===========>..................] - ETA: 5s - loss: 0.6555 - acc: 0.6285
 608/1424 [===========>..................] - ETA: 5s - loss: 0.6552 - acc: 0.6283
 640/1424 [============>.................] - ETA: 4s - loss: 0.6552 - acc: 0.6375
 672/1424 [=============>................] - ETA: 4s - loss: 0.6555 - acc: 0.6384
 704/1424 [=============>................] - ETA: 4s - loss: 0.6548 - acc: 0.6392
 736/1424 [==============>...............] - ETA: 4s - loss: 0.6516 - acc: 0.6508
 768/1424 [===============>..............] - ETA: 4s - loss: 0.6487 - acc: 0.6576
 800/1424 [===============>..............] - ETA: 3s - loss: 0.6467 - acc: 0.6625
 832/1424 [================>.............] - ETA: 3s - loss: 0.6445 - acc: 0.6719
 864/1424 [=================>............] - ETA: 3s - loss: 0.6431 - acc: 0.6736
 896/1424 [=================>............] - ETA: 3s - loss: 0.6385 - acc: 0.6819
 928/1424 [==================>...........] - ETA: 3s - loss: 0.6327 - acc: 0.6897
 960/1424 [===================>..........] - ETA: 2s - loss: 0.6450 - acc: 0.6979
 992/1424 [===================>..........] - ETA: 2s - loss: 0.6428 - acc: 0.7006
1024/1424 [====================>.........] - ETA: 2s - loss: 0.6374 - acc: 0.7041
1056/1424 [=====================>........] - ETA: 2s - loss: 0.6341 - acc: 0.7083
1088/1424 [=====================>........] - ETA: 2s - loss: 0.6296 - acc: 0.7142
1120/1424 [======================>.......] - ETA: 1s - loss: 0.6239 - acc: 0.7188
1152/1424 [=======================>......] - ETA: 1s - loss: 0.6199 - acc: 0.7214
1184/1424 [=======================>......] - ETA: 1s - loss: 0.6279 - acc: 0.7230
1216/1424 [========================>.....] - ETA: 1s - loss: 0.6481 - acc: 0.7262
1248/1424 [=========================>....] - ETA: 1s - loss: 0.6664 - acc: 0.7252
1280/1424 [=========================>....] - ETA: 0s - loss: 0.7059 - acc: 0.7258
1312/1424 [==========================>...] - ETA: 0s - loss: 0.7356 - acc: 0.7279
1344/1424 [===========================>..] - ETA: 0s - loss: 0.7369 - acc: 0.7292
1376/1424 [===========================>..] - ETA: 0s - loss: 0.7415 - acc: 0.7289
1408/1424 [============================>.] - ETA: 0s - loss: 0.7458 - acc: 0.7308
1424/1424 [==============================] - 12s 8ms/step - loss: 0.7443 - acc: 0.7310 - val_loss: 1.1643 - val_acc: 0.7444
Epoch 4/1000

  32/1424 [..............................] - ETA: 8s - loss: 0.9751 - acc: 0.6562
  64/1424 [>.............................] - ETA: 8s - loss: 1.1825 - acc: 0.6562
  96/1424 [=>............................] - ETA: 8s - loss: 1.2193 - acc: 0.6458
 128/1424 [=>............................] - ETA: 8s - loss: 1.2160 - acc: 0.6406
 160/1424 [==>...........................] - ETA: 7s - loss: 1.3699 - acc: 0.6375
 192/1424 [===>..........................] - ETA: 7s - loss: 1.4763 - acc: 0.6146
 224/1424 [===>..........................] - ETA: 7s - loss: 1.4810 - acc: 0.6161
 256/1424 [====>.........................] - ETA: 7s - loss: 1.5892 - acc: 0.5898
 288/1424 [=====>........................] - ETA: 7s - loss: 1.6566 - acc: 0.5799
 320/1424 [=====>........................] - ETA: 6s - loss: 1.5879 - acc: 0.5875
 352/1424 [======>.......................] - ETA: 6s - loss: 1.6286 - acc: 0.5852
 384/1424 [=======>......................] - ETA: 6s - loss: 1.5416 - acc: 0.5938
 416/1424 [=======>......................] - ETA: 6s - loss: 1.5523 - acc: 0.5865
 448/1424 [========>.....................] - ETA: 6s - loss: 1.5592 - acc: 0.5737
 480/1424 [=========>....................] - ETA: 5s - loss: 1.5574 - acc: 0.5771
 512/1424 [=========>....................] - ETA: 5s - loss: 1.5182 - acc: 0.5820
 544/1424 [==========>...................] - ETA: 5s - loss: 1.5289 - acc: 0.5790
 576/1424 [===========>..................] - ETA: 5s - loss: 1.4974 - acc: 0.5833
 608/1424 [===========>..................] - ETA: 5s - loss: 1.4471 - acc: 0.5839
 640/1424 [============>.................] - ETA: 4s - loss: 1.4205 - acc: 0.5906
 672/1424 [=============>................] - ETA: 4s - loss: 1.3965 - acc: 0.5982
 704/1424 [=============>................] - ETA: 4s - loss: 1.3853 - acc: 0.5952
 736/1424 [==============>...............] - ETA: 4s - loss: 1.3497 - acc: 0.5938
 768/1424 [===============>..............] - ETA: 4s - loss: 1.3221 - acc: 0.5911
 800/1424 [===============>..............] - ETA: 3s - loss: 1.2901 - acc: 0.5938
 832/1424 [================>.............] - ETA: 3s - loss: 1.2634 - acc: 0.5950
 864/1424 [=================>............] - ETA: 3s - loss: 1.2530 - acc: 0.6007
 896/1424 [=================>............] - ETA: 3s - loss: 1.2283 - acc: 0.6060
 928/1424 [==================>...........] - ETA: 3s - loss: 1.2051 - acc: 0.6099
 960/1424 [===================>..........] - ETA: 2s - loss: 1.2024 - acc: 0.6073
 992/1424 [===================>..........] - ETA: 2s - loss: 1.1997 - acc: 0.6119
1024/1424 [====================>.........] - ETA: 2s - loss: 1.1782 - acc: 0.6162
1056/1424 [=====================>........] - ETA: 2s - loss: 1.1778 - acc: 0.6165
1088/1424 [=====================>........] - ETA: 2s - loss: 1.1624 - acc: 0.6158
1120/1424 [======================>.......] - ETA: 1s - loss: 1.1445 - acc: 0.6205
1152/1424 [=======================>......] - ETA: 1s - loss: 1.1293 - acc: 0.6233
1184/1424 [=======================>......] - ETA: 1s - loss: 1.1230 - acc: 0.6258
1216/1424 [========================>.....] - ETA: 1s - loss: 1.1059 - acc: 0.6324
1248/1424 [=========================>....] - ETA: 1s - loss: 1.0952 - acc: 0.6338
1280/1424 [=========================>....] - ETA: 0s - loss: 1.0946 - acc: 0.6367
1312/1424 [==========================>...] - ETA: 0s - loss: 1.0831 - acc: 0.6364
1344/1424 [===========================>..] - ETA: 0s - loss: 1.0762 - acc: 0.6339
1376/1424 [===========================>..] - ETA: 0s - loss: 1.0641 - acc: 0.6374
1408/1424 [============================>.] - ETA: 0s - loss: 1.0529 - acc: 0.6406
1424/1424 [==============================] - 12s 8ms/step - loss: 1.0478 - acc: 0.6440 - val_loss: 0.5903 - val_acc: 0.8319
Epoch 5/1000

  32/1424 [..............................] - ETA: 8s - loss: 0.4851 - acc: 0.8750
  64/1424 [>.............................] - ETA: 8s - loss: 0.4775 - acc: 0.8438
  96/1424 [=>............................] - ETA: 8s - loss: 0.4882 - acc: 0.8333
 128/1424 [=>............................] - ETA: 8s - loss: 0.4757 - acc: 0.8281
 160/1424 [==>...........................] - ETA: 7s - loss: 0.4671 - acc: 0.8438
 192/1424 [===>..........................] - ETA: 7s - loss: 0.4710 - acc: 0.8333
 224/1424 [===>..........................] - ETA: 7s - loss: 0.4754 - acc: 0.8259
 256/1424 [====>.........................] - ETA: 7s - loss: 0.5388 - acc: 0.8281
 288/1424 [=====>........................] - ETA: 7s - loss: 0.5352 - acc: 0.8160
 320/1424 [=====>........................] - ETA: 6s - loss: 0.5400 - acc: 0.8063
 352/1424 [======>.......................] - ETA: 6s - loss: 0.5359 - acc: 0.8068
 384/1424 [=======>......................] - ETA: 6s - loss: 0.5772 - acc: 0.8047
 416/1424 [=======>......................] - ETA: 6s - loss: 0.6458 - acc: 0.8005
 448/1424 [========>.....................] - ETA: 6s - loss: 0.6579 - acc: 0.8013
 480/1424 [=========>....................] - ETA: 5s - loss: 0.6494 - acc: 0.8000
 512/1424 [=========>....................] - ETA: 5s - loss: 0.6668 - acc: 0.8008
 544/1424 [==========>...................] - ETA: 5s - loss: 0.6808 - acc: 0.8015
 576/1424 [===========>..................] - ETA: 5s - loss: 0.6890 - acc: 0.7934
 608/1424 [===========>..................] - ETA: 5s - loss: 0.6828 - acc: 0.7928
 640/1424 [============>.................] - ETA: 4s - loss: 0.7255 - acc: 0.7875
 672/1424 [=============>................] - ETA: 4s - loss: 0.7353 - acc: 0.7857
 704/1424 [=============>................] - ETA: 4s - loss: 0.7214 - acc: 0.7855
 736/1424 [==============>...............] - ETA: 4s - loss: 0.7282 - acc: 0.7880
 768/1424 [===============>..............] - ETA: 4s - loss: 0.7220 - acc: 0.7852
 800/1424 [===============>..............] - ETA: 3s - loss: 0.7113 - acc: 0.7875
 832/1424 [================>.............] - ETA: 3s - loss: 0.7022 - acc: 0.7885
 864/1424 [=================>............] - ETA: 3s - loss: 0.6957 - acc: 0.7882
 896/1424 [=================>............] - ETA: 3s - loss: 0.7061 - acc: 0.7857
 928/1424 [==================>...........] - ETA: 3s - loss: 0.7017 - acc: 0.7823
 960/1424 [===================>..........] - ETA: 2s - loss: 0.6949 - acc: 0.7844
 992/1424 [===================>..........] - ETA: 2s - loss: 0.7052 - acc: 0.7792
1024/1424 [====================>.........] - ETA: 2s - loss: 0.6991 - acc: 0.7793
1056/1424 [=====================>........] - ETA: 2s - loss: 0.7105 - acc: 0.7756
1088/1424 [=====================>........] - ETA: 2s - loss: 0.7055 - acc: 0.7730
1120/1424 [======================>.......] - ETA: 1s - loss: 0.6988 - acc: 0.7750
1152/1424 [=======================>......] - ETA: 1s - loss: 0.6948 - acc: 0.7734
1184/1424 [=======================>......] - ETA: 1s - loss: 0.6896 - acc: 0.7736
1216/1424 [========================>.....] - ETA: 1s - loss: 0.6856 - acc: 0.7738
1248/1424 [=========================>....] - ETA: 1s - loss: 0.6845 - acc: 0.7716
1280/1424 [=========================>....] - ETA: 0s - loss: 0.6808 - acc: 0.7695
1312/1424 [==========================>...] - ETA: 0s - loss: 0.6863 - acc: 0.7713
1344/1424 [===========================>..] - ETA: 0s - loss: 0.6930 - acc: 0.7716
1376/1424 [===========================>..] - ETA: 0s - loss: 0.7181 - acc: 0.7718
1408/1424 [============================>.] - ETA: 0s - loss: 0.7249 - acc: 0.7692
1424/1424 [==============================] - 12s 8ms/step - loss: 0.7248 - acc: 0.7690 - val_loss: 2.2793 - val_acc: 0.6045
Epoch 6/1000

  32/1424 [..............................] - ETA: 8s - loss: 2.1860 - acc: 0.4688
  64/1424 [>.............................] - ETA: 8s - loss: 2.3444 - acc: 0.5312
  96/1424 [=>............................] - ETA: 8s - loss: 2.3581 - acc: 0.5625
 128/1424 [=>............................] - ETA: 8s - loss: 2.7857 - acc: 0.5781
 160/1424 [==>...........................] - ETA: 7s - loss: 2.7462 - acc: 0.5625
 192/1424 [===>..........................] - ETA: 7s - loss: 3.2534 - acc: 0.5573
 224/1424 [===>..........................] - ETA: 7s - loss: 3.7936 - acc: 0.5357
 256/1424 [====>.........................] - ETA: 7s - loss: 4.2127 - acc: 0.5273
 288/1424 [=====>........................] - ETA: 7s - loss: 4.8113 - acc: 0.5104
 320/1424 [=====>........................] - ETA: 6s - loss: 4.9517 - acc: 0.5094
 352/1424 [======>.......................] - ETA: 6s - loss: 5.3205 - acc: 0.5000
 384/1424 [=======>......................] - ETA: 6s - loss: 5.5145 - acc: 0.4948
 416/1424 [=======>......................] - ETA: 6s - loss: 5.4571 - acc: 0.5048
 448/1424 [========>.....................] - ETA: 6s - loss: 5.3889 - acc: 0.5201
 480/1424 [=========>....................] - ETA: 5s - loss: 5.4625 - acc: 0.5250
 512/1424 [=========>....................] - ETA: 5s - loss: 5.4013 - acc: 0.5371
 544/1424 [==========>...................] - ETA: 5s - loss: 5.5078 - acc: 0.5312
 576/1424 [===========>..................] - ETA: 5s - loss: 5.6132 - acc: 0.5243
 608/1424 [===========>..................] - ETA: 5s - loss: 5.6676 - acc: 0.5214
 640/1424 [============>.................] - ETA: 4s - loss: 5.7650 - acc: 0.5188
 672/1424 [=============>................] - ETA: 4s - loss: 5.7274 - acc: 0.5223
 704/1424 [=============>................] - ETA: 4s - loss: 5.7167 - acc: 0.5284
 736/1424 [==============>...............] - ETA: 4s - loss: 5.7417 - acc: 0.5299
 768/1424 [===============>..............] - ETA: 4s - loss: 5.7749 - acc: 0.5299
 800/1424 [===============>..............] - ETA: 3s - loss: 5.7518 - acc: 0.5337
 832/1424 [================>.............] - ETA: 3s - loss: 5.8188 - acc: 0.5337
 864/1424 [=================>............] - ETA: 3s - loss: 5.8864 - acc: 0.5312
 896/1424 [=================>............] - ETA: 3s - loss: 5.9110 - acc: 0.5324
 928/1424 [==================>...........] - ETA: 3s - loss: 5.9350 - acc: 0.5312
 960/1424 [===================>..........] - ETA: 2s - loss: 5.9219 - acc: 0.5333
 992/1424 [===================>..........] - ETA: 2s - loss: 5.9409 - acc: 0.5343
1024/1424 [====================>.........] - ETA: 2s - loss: 5.9427 - acc: 0.5371
1056/1424 [=====================>........] - ETA: 2s - loss: 5.9032 - acc: 0.5407
1088/1424 [=====================>........] - ETA: 2s - loss: 5.8611 - acc: 0.5386
1120/1424 [======================>.......] - ETA: 1s - loss: 5.8643 - acc: 0.5393
1152/1424 [=======================>......] - ETA: 1s - loss: 5.8839 - acc: 0.5391
1184/1424 [=======================>......] - ETA: 1s - loss: 5.9286 - acc: 0.5380
1216/1424 [========================>.....] - ETA: 1s - loss: 5.9196 - acc: 0.5395
1248/1424 [=========================>....] - ETA: 1s - loss: 5.9751 - acc: 0.5377
1280/1424 [=========================>....] - ETA: 0s - loss: 6.0139 - acc: 0.5367
1312/1424 [==========================>...] - ETA: 0s - loss: 6.0365 - acc: 0.5351
1344/1424 [===========================>..] - ETA: 0s - loss: 6.0591 - acc: 0.5357
1376/1424 [===========================>..] - ETA: 0s - loss: 6.0818 - acc: 0.5356
1408/1424 [============================>.] - ETA: 0s - loss: 6.1364 - acc: 0.5341
1424/1424 [==============================] - 12s 8ms/step - loss: 6.1683 - acc: 0.5330 - val_loss: 7.9712 - val_acc: 0.5000
Epoch 7/1000

  32/1424 [..............................] - ETA: 8s - loss: 5.5418 - acc: 0.6250
  64/1424 [>.............................] - ETA: 8s - loss: 6.5183 - acc: 0.5625
  96/1424 [=>............................] - ETA: 8s - loss: 7.6742 - acc: 0.5000
 128/1424 [=>............................] - ETA: 8s - loss: 7.7484 - acc: 0.5000
 160/1424 [==>...........................] - ETA: 7s - loss: 8.1915 - acc: 0.4750
 192/1424 [===>..........................] - ETA: 7s - loss: 7.8672 - acc: 0.4948
 224/1424 [===>..........................] - ETA: 7s - loss: 7.7466 - acc: 0.5000
 256/1424 [====>.........................] - ETA: 7s - loss: 7.5413 - acc: 0.5078
 288/1424 [=====>........................] - ETA: 7s - loss: 7.2571 - acc: 0.5208
 320/1424 [=====>........................] - ETA: 6s - loss: 7.6082 - acc: 0.4906
 352/1424 [======>.......................] - ETA: 6s - loss: 7.3416 - acc: 0.5057
 384/1424 [=======>......................] - ETA: 6s - loss: 6.9639 - acc: 0.5156
 416/1424 [=======>......................] - ETA: 6s - loss: 6.9050 - acc: 0.5144
 448/1424 [========>.....................] - ETA: 6s - loss: 6.7670 - acc: 0.5156
 480/1424 [=========>....................] - ETA: 5s - loss: 6.6768 - acc: 0.5208
 512/1424 [=========>....................] - ETA: 5s - loss: 6.4430 - acc: 0.5254
 544/1424 [==========>...................] - ETA: 5s - loss: 6.4147 - acc: 0.5221
 576/1424 [===========>..................] - ETA: 5s - loss: 6.2148 - acc: 0.5208
 608/1424 [===========>..................] - ETA: 5s - loss: 6.1640 - acc: 0.5164
 640/1424 [============>.................] - ETA: 4s - loss: 6.0331 - acc: 0.5172
 672/1424 [=============>................] - ETA: 4s - loss: 5.9330 - acc: 0.5179
 704/1424 [=============>................] - ETA: 4s - loss: 5.8349 - acc: 0.5213
 736/1424 [==============>...............] - ETA: 4s - loss: 5.7259 - acc: 0.5245
 768/1424 [===============>..............] - ETA: 4s - loss: 5.6334 - acc: 0.5260
 800/1424 [===============>..............] - ETA: 3s - loss: 5.4766 - acc: 0.5350
 832/1424 [================>.............] - ETA: 3s - loss: 5.3935 - acc: 0.5337
 864/1424 [=================>............] - ETA: 3s - loss: 5.4242 - acc: 0.5336
 896/1424 [=================>............] - ETA: 3s - loss: 5.3994 - acc: 0.5368
 928/1424 [==================>...........] - ETA: 3s - loss: 5.3330 - acc: 0.5409
 960/1424 [===================>..........] - ETA: 2s - loss: 5.2837 - acc: 0.5437
 992/1424 [===================>..........] - ETA: 2s - loss: 5.1563 - acc: 0.5514
1024/1424 [====================>.........] - ETA: 2s - loss: 5.0624 - acc: 0.5518
1056/1424 [=====================>........] - ETA: 2s - loss: 5.0277 - acc: 0.5521
1088/1424 [=====================>........] - ETA: 2s - loss: 4.9352 - acc: 0.5579
1120/1424 [======================>.......] - ETA: 1s - loss: 4.8790 - acc: 0.5625
1152/1424 [=======================>......] - ETA: 1s - loss: 4.8044 - acc: 0.5660
1184/1424 [=======================>......] - ETA: 1s - loss: 4.7488 - acc: 0.5650
1216/1424 [========================>.....] - ETA: 1s - loss: 4.7001 - acc: 0.5666
1248/1424 [=========================>....] - ETA: 1s - loss: 4.7168 - acc: 0.5681
1280/1424 [=========================>....] - ETA: 0s - loss: 4.7212 - acc: 0.5687
1312/1424 [==========================>...] - ETA: 0s - loss: 4.7195 - acc: 0.5701
1344/1424 [===========================>..] - ETA: 0s - loss: 4.7209 - acc: 0.5692
1376/1424 [===========================>..] - ETA: 0s - loss: 4.7562 - acc: 0.5661
1408/1424 [============================>.] - ETA: 0s - loss: 4.7941 - acc: 0.5632
1424/1424 [==============================] - 12s 8ms/step - loss: 4.8444 - acc: 0.5611 - val_loss: 5.3308 - val_acc: 0.4944
Epoch 8/1000

  32/1424 [..............................] - ETA: 8s - loss: 4.5136 - acc: 0.5625
  64/1424 [>.............................] - ETA: 8s - loss: 4.0030 - acc: 0.5938
  96/1424 [=>............................] - ETA: 8s - loss: 3.9860 - acc: 0.5833
 128/1424 [=>............................] - ETA: 8s - loss: 4.0817 - acc: 0.5781
 160/1424 [==>...........................] - ETA: 7s - loss: 4.2926 - acc: 0.5500
 192/1424 [===>..........................] - ETA: 7s - loss: 4.6682 - acc: 0.5365
 224/1424 [===>..........................] - ETA: 7s - loss: 4.6552 - acc: 0.5312
 256/1424 [====>.........................] - ETA: 7s - loss: 4.3748 - acc: 0.5430
 288/1424 [=====>........................] - ETA: 7s - loss: 4.2624 - acc: 0.5660
 320/1424 [=====>........................] - ETA: 6s - loss: 4.1913 - acc: 0.5719
 352/1424 [======>.......................] - ETA: 6s - loss: 4.2131 - acc: 0.5767
 384/1424 [=======>......................] - ETA: 6s - loss: 4.2547 - acc: 0.5729
 416/1424 [=======>......................] - ETA: 6s - loss: 4.3296 - acc: 0.5601
 448/1424 [========>.....................] - ETA: 6s - loss: 4.2377 - acc: 0.5692
 480/1424 [=========>....................] - ETA: 5s - loss: 4.2793 - acc: 0.5708
 512/1424 [=========>....................] - ETA: 5s - loss: 4.2787 - acc: 0.5781
 544/1424 [==========>...................] - ETA: 5s - loss: 4.2757 - acc: 0.5790
 576/1424 [===========>..................] - ETA: 5s - loss: 4.2983 - acc: 0.5799
 608/1424 [===========>..................] - ETA: 5s - loss: 4.3006 - acc: 0.5806
 640/1424 [============>.................] - ETA: 4s - loss: 4.2246 - acc: 0.5875
 672/1424 [=============>................] - ETA: 4s - loss: 4.2530 - acc: 0.5833
 704/1424 [=============>................] - ETA: 4s - loss: 4.2330 - acc: 0.5866
 736/1424 [==============>...............] - ETA: 4s - loss: 4.3345 - acc: 0.5802
 768/1424 [===============>..............] - ETA: 4s - loss: 4.2538 - acc: 0.5794
 800/1424 [===============>..............] - ETA: 3s - loss: 4.2570 - acc: 0.5750
 832/1424 [================>.............] - ETA: 3s - loss: 4.2138 - acc: 0.5757
 864/1424 [=================>............] - ETA: 3s - loss: 4.2579 - acc: 0.5706
 896/1424 [=================>............] - ETA: 3s - loss: 4.1952 - acc: 0.5737
 928/1424 [==================>...........] - ETA: 3s - loss: 4.1841 - acc: 0.5754
 960/1424 [===================>..........] - ETA: 2s - loss: 4.1557 - acc: 0.5760
 992/1424 [===================>..........] - ETA: 2s - loss: 4.1018 - acc: 0.5766
1024/1424 [====================>.........] - ETA: 2s - loss: 4.0371 - acc: 0.5781
1056/1424 [=====================>........] - ETA: 2s - loss: 4.0014 - acc: 0.5805
1088/1424 [=====================>........] - ETA: 2s - loss: 4.0191 - acc: 0.5800
1120/1424 [======================>.......] - ETA: 1s - loss: 4.0873 - acc: 0.5759
1152/1424 [=======================>......] - ETA: 1s - loss: 4.1515 - acc: 0.5729
1184/1424 [=======================>......] - ETA: 1s - loss: 4.1859 - acc: 0.5693
1216/1424 [========================>.....] - ETA: 1s - loss: 4.1472 - acc: 0.5683
1248/1424 [=========================>....] - ETA: 1s - loss: 4.1996 - acc: 0.5649
1280/1424 [=========================>....] - ETA: 0s - loss: 4.1840 - acc: 0.5664
1312/1424 [==========================>...] - ETA: 0s - loss: 4.1379 - acc: 0.5655
1344/1424 [===========================>..] - ETA: 0s - loss: 4.1759 - acc: 0.5640
1376/1424 [===========================>..] - ETA: 0s - loss: 4.1897 - acc: 0.5654
1408/1424 [============================>.] - ETA: 0s - loss: 4.2060 - acc: 0.5646
1424/1424 [==============================] - 12s 8ms/step - loss: 4.1643 - acc: 0.5653 - val_loss: 4.1710 - val_acc: 0.5537
Epoch 9/1000

  32/1424 [..............................] - ETA: 8s - loss: 3.6783 - acc: 0.7188
  64/1424 [>.............................] - ETA: 8s - loss: 3.9352 - acc: 0.5938
  96/1424 [=>............................] - ETA: 8s - loss: 4.3649 - acc: 0.5729
 128/1424 [=>............................] - ETA: 7s - loss: 4.2557 - acc: 0.5625
 160/1424 [==>...........................] - ETA: 7s - loss: 4.9100 - acc: 0.5188
 192/1424 [===>..........................] - ETA: 7s - loss: 4.8181 - acc: 0.5312
 224/1424 [===>..........................] - ETA: 7s - loss: 4.5263 - acc: 0.5357
 256/1424 [====>.........................] - ETA: 7s - loss: 4.5903 - acc: 0.5312
 288/1424 [=====>........................] - ETA: 7s - loss: 4.5125 - acc: 0.5243
 320/1424 [=====>........................] - ETA: 6s - loss: 4.2304 - acc: 0.5281
 352/1424 [======>.......................] - ETA: 6s - loss: 4.1021 - acc: 0.5483
 384/1424 [=======>......................] - ETA: 6s - loss: 4.1644 - acc: 0.5391
 416/1424 [=======>......................] - ETA: 6s - loss: 4.2692 - acc: 0.5264
 448/1424 [========>.....................] - ETA: 6s - loss: 4.1853 - acc: 0.5335
 480/1424 [=========>....................] - ETA: 5s - loss: 4.1114 - acc: 0.5292
 512/1424 [=========>....................] - ETA: 5s - loss: 4.0492 - acc: 0.5371
 544/1424 [==========>...................] - ETA: 5s - loss: 3.8980 - acc: 0.5478
 576/1424 [===========>..................] - ETA: 5s - loss: 3.8086 - acc: 0.5556
 608/1424 [===========>..................] - ETA: 5s - loss: 3.6838 - acc: 0.5641
 640/1424 [============>.................] - ETA: 4s - loss: 3.5995 - acc: 0.5656
 672/1424 [=============>................] - ETA: 4s - loss: 3.6134 - acc: 0.5670
 704/1424 [=============>................] - ETA: 4s - loss: 3.6044 - acc: 0.5653
 736/1424 [==============>...............] - ETA: 4s - loss: 3.5404 - acc: 0.5666
 768/1424 [===============>..............] - ETA: 4s - loss: 3.4811 - acc: 0.5664
 800/1424 [===============>..............] - ETA: 3s - loss: 3.4403 - acc: 0.5700
 832/1424 [================>.............] - ETA: 3s - loss: 3.3792 - acc: 0.5781
 864/1424 [=================>............] - ETA: 3s - loss: 3.3288 - acc: 0.5787
 896/1424 [=================>............] - ETA: 3s - loss: 3.2625 - acc: 0.5848
 928/1424 [==================>...........] - ETA: 3s - loss: 3.2305 - acc: 0.5905
 960/1424 [===================>..........] - ETA: 2s - loss: 3.1546 - acc: 0.5990
 992/1424 [===================>..........] - ETA: 2s - loss: 3.0979 - acc: 0.6048
1024/1424 [====================>.........] - ETA: 2s - loss: 3.0162 - acc: 0.6074
1056/1424 [=====================>........] - ETA: 2s - loss: 2.9986 - acc: 0.6080
1088/1424 [=====================>........] - ETA: 2s - loss: 2.9637 - acc: 0.6121
1120/1424 [======================>.......] - ETA: 1s - loss: 2.9144 - acc: 0.6152
1152/1424 [=======================>......] - ETA: 1s - loss: 2.8749 - acc: 0.6189
1184/1424 [=======================>......] - ETA: 1s - loss: 2.8589 - acc: 0.6191
1216/1424 [========================>.....] - ETA: 1s - loss: 2.8512 - acc: 0.6176
1248/1424 [=========================>....] - ETA: 1s - loss: 2.8041 - acc: 0.6210
1280/1424 [=========================>....] - ETA: 0s - loss: 2.7812 - acc: 0.6234
1312/1424 [==========================>...] - ETA: 0s - loss: 2.7775 - acc: 0.6242
1344/1424 [===========================>..] - ETA: 0s - loss: 2.7658 - acc: 0.6265
1376/1424 [===========================>..] - ETA: 0s - loss: 2.7334 - acc: 0.6301
1408/1424 [============================>.] - ETA: 0s - loss: 2.7360 - acc: 0.6278
1424/1424 [==============================] - 12s 8ms/step - loss: 2.7243 - acc: 0.6285 - val_loss: 1.7176 - val_acc: 0.7669
Epoch 10/1000

  32/1424 [..............................] - ETA: 8s - loss: 2.4204 - acc: 0.6562
  64/1424 [>.............................] - ETA: 8s - loss: 2.0721 - acc: 0.6719
  96/1424 [=>............................] - ETA: 8s - loss: 2.3181 - acc: 0.6875
 128/1424 [=>............................] - ETA: 8s - loss: 2.4896 - acc: 0.6797
 160/1424 [==>...........................] - ETA: 7s - loss: 2.4344 - acc: 0.6687
 192/1424 [===>..........................] - ETA: 7s - loss: 2.7520 - acc: 0.6354
 224/1424 [===>..........................] - ETA: 7s - loss: 2.6506 - acc: 0.6295
 256/1424 [====>.........................] - ETA: 7s - loss: 2.6289 - acc: 0.6289
 288/1424 [=====>........................] - ETA: 7s - loss: 2.6707 - acc: 0.6319
 320/1424 [=====>........................] - ETA: 6s - loss: 2.8611 - acc: 0.6281
 352/1424 [======>.......................] - ETA: 6s - loss: 3.0660 - acc: 0.6165
 384/1424 [=======>......................] - ETA: 6s - loss: 2.9405 - acc: 0.6172
 416/1424 [=======>......................] - ETA: 6s - loss: 3.0043 - acc: 0.6226
 448/1424 [========>.....................] - ETA: 6s - loss: 3.0297 - acc: 0.6250
 480/1424 [=========>....................] - ETA: 5s - loss: 2.9498 - acc: 0.6333
 512/1424 [=========>....................] - ETA: 5s - loss: 2.9019 - acc: 0.6328
 544/1424 [==========>...................] - ETA: 5s - loss: 2.8722 - acc: 0.6342
 576/1424 [===========>..................] - ETA: 5s - loss: 2.8674 - acc: 0.6406
 608/1424 [===========>..................] - ETA: 5s - loss: 2.9753 - acc: 0.6365
 640/1424 [============>.................] - ETA: 4s - loss: 2.9433 - acc: 0.6406
 672/1424 [=============>................] - ETA: 4s - loss: 3.0156 - acc: 0.6339
 704/1424 [=============>................] - ETA: 4s - loss: 3.0313 - acc: 0.6378
 736/1424 [==============>...............] - ETA: 4s - loss: 3.0584 - acc: 0.6359
 768/1424 [===============>..............] - ETA: 4s - loss: 3.0275 - acc: 0.6406
 800/1424 [===============>..............] - ETA: 3s - loss: 3.0385 - acc: 0.6425
 832/1424 [================>.............] - ETA: 3s - loss: 3.1090 - acc: 0.6382
 864/1424 [=================>............] - ETA: 3s - loss: 3.1017 - acc: 0.6366
 896/1424 [=================>............] - ETA: 3s - loss: 3.1188 - acc: 0.6373
 928/1424 [==================>...........] - ETA: 3s - loss: 3.1179 - acc: 0.6347
 960/1424 [===================>..........] - ETA: 2s - loss: 3.2092 - acc: 0.6292
 992/1424 [===================>..........] - ETA: 2s - loss: 3.2205 - acc: 0.6250
1024/1424 [====================>.........] - ETA: 2s - loss: 3.2342 - acc: 0.6182
1056/1424 [=====================>........] - ETA: 2s - loss: 3.2430 - acc: 0.6165
1088/1424 [=====================>........] - ETA: 2s - loss: 3.3218 - acc: 0.6112
1120/1424 [======================>.......] - ETA: 1s - loss: 3.2989 - acc: 0.6089
1152/1424 [=======================>......] - ETA: 1s - loss: 3.3553 - acc: 0.6042
1184/1424 [=======================>......] - ETA: 1s - loss: 3.3628 - acc: 0.6022
1216/1424 [========================>.....] - ETA: 1s - loss: 3.3926 - acc: 0.5987
1248/1424 [=========================>....] - ETA: 1s - loss: 3.3701 - acc: 0.5994
1280/1424 [=========================>....] - ETA: 0s - loss: 3.4414 - acc: 0.5922
1312/1424 [==========================>...] - ETA: 0s - loss: 3.4876 - acc: 0.5915
1344/1424 [===========================>..] - ETA: 0s - loss: 3.5619 - acc: 0.5863
1376/1424 [===========================>..] - ETA: 0s - loss: 3.5951 - acc: 0.5821
1408/1424 [============================>.] - ETA: 0s - loss: 3.6262 - acc: 0.5781
1424/1424 [==============================] - 12s 8ms/step - loss: 3.6937 - acc: 0.5744 - val_loss: 4.8784 - val_acc: 0.5014
Epoch 11/1000

  32/1424 [..............................] - ETA: 8s - loss: 6.3965 - acc: 0.3438
  64/1424 [>.............................] - ETA: 8s - loss: 5.5522 - acc: 0.4062
  96/1424 [=>............................] - ETA: 8s - loss: 5.1095 - acc: 0.4375
 128/1424 [=>............................] - ETA: 8s - loss: 5.0080 - acc: 0.4375
 160/1424 [==>...........................] - ETA: 7s - loss: 5.2767 - acc: 0.4250
 192/1424 [===>..........................] - ETA: 7s - loss: 4.9098 - acc: 0.4479
 224/1424 [===>..........................] - ETA: 7s - loss: 4.8134 - acc: 0.4598
 256/1424 [====>.........................] - ETA: 7s - loss: 4.8396 - acc: 0.4531
 288/1424 [=====>........................] - ETA: 7s - loss: 4.7498 - acc: 0.4479
 320/1424 [=====>........................] - ETA: 6s - loss: 4.5742 - acc: 0.4656
 352/1424 [======>.......................] - ETA: 6s - loss: 4.5970 - acc: 0.4688
 384/1424 [=======>......................] - ETA: 6s - loss: 4.5871 - acc: 0.4792
 416/1424 [=======>......................] - ETA: 6s - loss: 4.3792 - acc: 0.4904
 448/1424 [========>.....................] - ETA: 6s - loss: 4.2590 - acc: 0.4866
 480/1424 [=========>....................] - ETA: 5s - loss: 4.1120 - acc: 0.4958
 512/1424 [=========>....................] - ETA: 5s - loss: 4.0368 - acc: 0.4941
 544/1424 [==========>...................] - ETA: 5s - loss: 3.9270 - acc: 0.4945
 576/1424 [===========>..................] - ETA: 5s - loss: 3.9478 - acc: 0.4965
 608/1424 [===========>..................] - ETA: 5s - loss: 3.8351 - acc: 0.4967
 640/1424 [============>.................] - ETA: 4s - loss: 3.8639 - acc: 0.4906
 672/1424 [=============>................] - ETA: 4s - loss: 3.8128 - acc: 0.4955
 704/1424 [=============>................] - ETA: 4s - loss: 3.7256 - acc: 0.4957
 736/1424 [==============>...............] - ETA: 4s - loss: 3.6994 - acc: 0.4986
 768/1424 [===============>..............] - ETA: 4s - loss: 3.6865 - acc: 0.4948
 800/1424 [===============>..............] - ETA: 3s - loss: 3.6080 - acc: 0.4938
 832/1424 [================>.............] - ETA: 3s - loss: 3.5144 - acc: 0.4940
 864/1424 [=================>............] - ETA: 3s - loss: 3.4636 - acc: 0.4965
 896/1424 [=================>............] - ETA: 3s - loss: 3.4457 - acc: 0.4955
 928/1424 [==================>...........] - ETA: 3s - loss: 3.3683 - acc: 0.4989
 960/1424 [===================>..........] - ETA: 2s - loss: 3.3402 - acc: 0.5042
 992/1424 [===================>..........] - ETA: 2s - loss: 3.3017 - acc: 0.5071
1024/1424 [====================>.........] - ETA: 2s - loss: 3.2497 - acc: 0.5088
1056/1424 [=====================>........] - ETA: 2s - loss: 3.2112 - acc: 0.5057
1088/1424 [=====================>........] - ETA: 2s - loss: 3.1786 - acc: 0.5092
1120/1424 [======================>.......] - ETA: 1s - loss: 3.1141 - acc: 0.5107
1152/1424 [=======================>......] - ETA: 1s - loss: 3.0763 - acc: 0.5130
1184/1424 [=======================>......] - ETA: 1s - loss: 3.0484 - acc: 0.5144
1216/1424 [========================>.....] - ETA: 1s - loss: 2.9986 - acc: 0.5164
1248/1424 [=========================>....] - ETA: 1s - loss: 2.9631 - acc: 0.5176
1280/1424 [=========================>....] - ETA: 0s - loss: 2.9544 - acc: 0.5164
1312/1424 [==========================>...] - ETA: 0s - loss: 2.8970 - acc: 0.5206
1344/1424 [===========================>..] - ETA: 0s - loss: 2.8798 - acc: 0.5186
1376/1424 [===========================>..] - ETA: 0s - loss: 2.8384 - acc: 0.5211
1408/1424 [============================>.] - ETA: 0s - loss: 2.7889 - acc: 0.5192
1424/1424 [==============================] - 12s 8ms/step - loss: 2.7786 - acc: 0.5197 - val_loss: 1.2334 - val_acc: 0.5706
Epoch 12/1000

  32/1424 [..............................] - ETA: 8s - loss: 1.1530 - acc: 0.5312
  64/1424 [>.............................] - ETA: 8s - loss: 1.1024 - acc: 0.6250
  96/1424 [=>............................] - ETA: 8s - loss: 1.1068 - acc: 0.6146
 128/1424 [=>............................] - ETA: 7s - loss: 1.3338 - acc: 0.6094
 160/1424 [==>...........................] - ETA: 7s - loss: 1.2956 - acc: 0.5813
 192/1424 [===>..........................] - ETA: 7s - loss: 1.1753 - acc: 0.5990
 224/1424 [===>..........................] - ETA: 7s - loss: 1.1524 - acc: 0.6250
 256/1424 [====>.........................] - ETA: 7s - loss: 1.1504 - acc: 0.6250
 288/1424 [=====>........................] - ETA: 7s - loss: 1.0871 - acc: 0.6285
 320/1424 [=====>........................] - ETA: 6s - loss: 1.0908 - acc: 0.6219
 352/1424 [======>.......................] - ETA: 6s - loss: 1.0879 - acc: 0.6250
 384/1424 [=======>......................] - ETA: 6s - loss: 1.0619 - acc: 0.6172
 416/1424 [=======>......................] - ETA: 6s - loss: 1.0619 - acc: 0.6202
 448/1424 [========>.....................] - ETA: 6s - loss: 1.0281 - acc: 0.6205
 480/1424 [=========>....................] - ETA: 5s - loss: 1.0728 - acc: 0.6042
 512/1424 [=========>....................] - ETA: 5s - loss: 1.1077 - acc: 0.6016
 544/1424 [==========>...................] - ETA: 5s - loss: 1.0762 - acc: 0.5974
 576/1424 [===========>..................] - ETA: 5s - loss: 1.1020 - acc: 0.5955
 608/1424 [===========>..................] - ETA: 5s - loss: 1.1331 - acc: 0.5938
 640/1424 [============>.................] - ETA: 4s - loss: 1.1857 - acc: 0.5859
 672/1424 [=============>................] - ETA: 4s - loss: 1.1581 - acc: 0.5818
 704/1424 [=============>................] - ETA: 4s - loss: 1.1764 - acc: 0.5838
 736/1424 [==============>...............] - ETA: 4s - loss: 1.1806 - acc: 0.5815
 768/1424 [===============>..............] - ETA: 4s - loss: 1.2115 - acc: 0.5768
 800/1424 [===============>..............] - ETA: 3s - loss: 1.2464 - acc: 0.5713
 832/1424 [================>.............] - ETA: 3s - loss: 1.2705 - acc: 0.5685
 864/1424 [=================>............] - ETA: 3s - loss: 1.3178 - acc: 0.5660
 896/1424 [=================>............] - ETA: 3s - loss: 1.3430 - acc: 0.5692
 928/1424 [==================>...........] - ETA: 3s - loss: 1.3948 - acc: 0.5625
 960/1424 [===================>..........] - ETA: 2s - loss: 1.3998 - acc: 0.5677
 992/1424 [===================>..........] - ETA: 2s - loss: 1.4089 - acc: 0.5625
1024/1424 [====================>.........] - ETA: 2s - loss: 1.4076 - acc: 0.5635
1056/1424 [=====================>........] - ETA: 2s - loss: 1.4150 - acc: 0.5597
1088/1424 [=====================>........] - ETA: 2s - loss: 1.4506 - acc: 0.5570
1120/1424 [======================>.......] - ETA: 1s - loss: 1.4861 - acc: 0.5554
1152/1424 [=======================>......] - ETA: 1s - loss: 1.4865 - acc: 0.5538
1184/1424 [=======================>......] - ETA: 1s - loss: 1.4819 - acc: 0.5515
1216/1424 [========================>.....] - ETA: 1s - loss: 1.4635 - acc: 0.5526
1248/1424 [=========================>....] - ETA: 1s - loss: 1.4808 - acc: 0.5529
1280/1424 [=========================>....] - ETA: 0s - loss: 1.4620 - acc: 0.5516
1312/1424 [==========================>...] - ETA: 0s - loss: 1.4426 - acc: 0.5511
1344/1424 [===========================>..] - ETA: 0s - loss: 1.4236 - acc: 0.5506
1376/1424 [===========================>..] - ETA: 0s - loss: 1.4100 - acc: 0.5501
1408/1424 [============================>.] - ETA: 0s - loss: 1.3928 - acc: 0.5518
1424/1424 [==============================] - 12s 8ms/step - loss: 1.3840 - acc: 0.5548 - val_loss: 0.6601 - val_acc: 0.5734
Epoch 13/1000

  32/1424 [..............................] - ETA: 8s - loss: 0.6117 - acc: 0.6250
  64/1424 [>.............................] - ETA: 8s - loss: 0.8691 - acc: 0.6094
  96/1424 [=>............................] - ETA: 8s - loss: 0.7813 - acc: 0.6146
 128/1424 [=>............................] - ETA: 8s - loss: 0.7479 - acc: 0.5781
 160/1424 [==>...........................] - ETA: 7s - loss: 0.8277 - acc: 0.5625
 192/1424 [===>..........................] - ETA: 7s - loss: 0.9538 - acc: 0.5677
 224/1424 [===>..........................] - ETA: 7s - loss: 0.9725 - acc: 0.5759
 256/1424 [====>.........................] - ETA: 7s - loss: 0.9923 - acc: 0.5820
 288/1424 [=====>........................] - ETA: 7s - loss: 0.9526 - acc: 0.5868
 320/1424 [=====>........................] - ETA: 6s - loss: 0.9269 - acc: 0.5719
 352/1424 [======>.......................] - ETA: 6s - loss: 0.9008 - acc: 0.5739
 384/1424 [=======>......................] - ETA: 6s - loss: 0.8758 - acc: 0.5885
 416/1424 [=======>......................] - ETA: 6s - loss: 0.8784 - acc: 0.5841
 448/1424 [========>.....................] - ETA: 6s - loss: 0.8648 - acc: 0.5781
 480/1424 [=========>....................] - ETA: 5s - loss: 0.8825 - acc: 0.5729
 512/1424 [=========>....................] - ETA: 5s - loss: 0.8686 - acc: 0.5664
 544/1424 [==========>...................] - ETA: 5s - loss: 0.8565 - acc: 0.5625
 576/1424 [===========>..................] - ETA: 5s - loss: 0.8450 - acc: 0.5590
 608/1424 [===========>..................] - ETA: 5s - loss: 0.8577 - acc: 0.5641
 640/1424 [============>.................] - ETA: 4s - loss: 0.8474 - acc: 0.5656
 672/1424 [=============>................] - ETA: 4s - loss: 0.8384 - acc: 0.5640
 704/1424 [=============>................] - ETA: 4s - loss: 0.8515 - acc: 0.5653
 736/1424 [==============>...............] - ETA: 4s - loss: 0.8406 - acc: 0.5707
 768/1424 [===============>..............] - ETA: 4s - loss: 0.8449 - acc: 0.5729
 800/1424 [===============>..............] - ETA: 3s - loss: 0.8555 - acc: 0.5763
 832/1424 [================>.............] - ETA: 3s - loss: 0.8651 - acc: 0.5805
 864/1424 [=================>............] - ETA: 3s - loss: 0.8572 - acc: 0.5752
 896/1424 [=================>............] - ETA: 3s - loss: 0.8834 - acc: 0.5781
 928/1424 [==================>...........] - ETA: 3s - loss: 0.8970 - acc: 0.5765
 960/1424 [===================>..........] - ETA: 2s - loss: 0.8891 - acc: 0.5750
 992/1424 [===================>..........] - ETA: 2s - loss: 0.8816 - acc: 0.5746
1024/1424 [====================>.........] - ETA: 2s - loss: 0.8766 - acc: 0.5703
1056/1424 [=====================>........] - ETA: 2s - loss: 0.8702 - acc: 0.5682
1088/1424 [=====================>........] - ETA: 2s - loss: 0.8627 - acc: 0.5699
1120/1424 [======================>.......] - ETA: 1s - loss: 0.8561 - acc: 0.5723
1152/1424 [=======================>......] - ETA: 1s - loss: 0.8496 - acc: 0.5764
1184/1424 [=======================>......] - ETA: 1s - loss: 0.8432 - acc: 0.5802
1216/1424 [========================>.....] - ETA: 1s - loss: 0.8511 - acc: 0.5798
1248/1424 [=========================>....] - ETA: 1s - loss: 0.8452 - acc: 0.5825
1280/1424 [=========================>....] - ETA: 0s - loss: 0.8409 - acc: 0.5781
1312/1424 [==========================>...] - ETA: 0s - loss: 0.8477 - acc: 0.5793
1344/1424 [===========================>..] - ETA: 0s - loss: 0.8417 - acc: 0.5833
1376/1424 [===========================>..] - ETA: 0s - loss: 0.8473 - acc: 0.5858
1408/1424 [============================>.] - ETA: 0s - loss: 0.8431 - acc: 0.5852
1424/1424 [==============================] - 12s 8ms/step - loss: 0.8410 - acc: 0.5850 - val_loss: 0.6451 - val_acc: 0.6624
Epoch 14/1000

  32/1424 [..............................] - ETA: 8s - loss: 0.6149 - acc: 0.6250
  64/1424 [>.............................] - ETA: 8s - loss: 0.8579 - acc: 0.6094
  96/1424 [=>............................] - ETA: 8s - loss: 0.7939 - acc: 0.6042
 128/1424 [=>............................] - ETA: 8s - loss: 0.8777 - acc: 0.5859
 160/1424 [==>...........................] - ETA: 7s - loss: 0.8818 - acc: 0.5875
 192/1424 [===>..........................] - ETA: 7s - loss: 0.8360 - acc: 0.6042
 224/1424 [===>..........................] - ETA: 7s - loss: 0.8122 - acc: 0.5982
 256/1424 [====>.........................] - ETA: 7s - loss: 0.7903 - acc: 0.6055
 288/1424 [=====>........................] - ETA: 7s - loss: 0.7739 - acc: 0.6007
 320/1424 [=====>........................] - ETA: 6s - loss: 0.7584 - acc: 0.6031
 352/1424 [======>.......................] - ETA: 6s - loss: 0.7595 - acc: 0.6136
 384/1424 [=======>......................] - ETA: 6s - loss: 0.7889 - acc: 0.6172
 416/1424 [=======>......................] - ETA: 6s - loss: 0.7788 - acc: 0.6130
 448/1424 [========>.....................] - ETA: 6s - loss: 0.7663 - acc: 0.6094
 480/1424 [=========>....................] - ETA: 5s - loss: 0.7570 - acc: 0.6167
 512/1424 [=========>....................] - ETA: 5s - loss: 0.7513 - acc: 0.6113
 544/1424 [==========>...................] - ETA: 5s - loss: 0.7456 - acc: 0.6085
 576/1424 [===========>..................] - ETA: 5s - loss: 0.7379 - acc: 0.6163
 608/1424 [===========>..................] - ETA: 5s - loss: 0.7589 - acc: 0.6184
 640/1424 [============>.................] - ETA: 4s - loss: 0.7770 - acc: 0.6234
 672/1424 [=============>................] - ETA: 4s - loss: 0.7705 - acc: 0.6265
 704/1424 [=============>................] - ETA: 4s - loss: 0.7653 - acc: 0.6222
 736/1424 [==============>...............] - ETA: 4s - loss: 0.7596 - acc: 0.6236
 768/1424 [===============>..............] - ETA: 4s - loss: 0.7541 - acc: 0.6250
 800/1424 [===============>..............] - ETA: 3s - loss: 0.7696 - acc: 0.6225
 832/1424 [================>.............] - ETA: 3s - loss: 0.7653 - acc: 0.6190
 864/1424 [=================>............] - ETA: 3s - loss: 0.7602 - acc: 0.6181
 896/1424 [=================>............] - ETA: 3s - loss: 0.7733 - acc: 0.6183
 928/1424 [==================>...........] - ETA: 3s - loss: 0.7691 - acc: 0.6175
 960/1424 [===================>..........] - ETA: 2s - loss: 0.7656 - acc: 0.6167
 992/1424 [===================>..........] - ETA: 2s - loss: 0.7615 - acc: 0.6159
1024/1424 [====================>.........] - ETA: 2s - loss: 0.7573 - acc: 0.6162
1056/1424 [=====================>........] - ETA: 2s - loss: 0.7531 - acc: 0.6184
1088/1424 [=====================>........] - ETA: 2s - loss: 0.7496 - acc: 0.6222
1120/1424 [======================>.......] - ETA: 1s - loss: 0.7461 - acc: 0.6259
1152/1424 [=======================>......] - ETA: 1s - loss: 0.7438 - acc: 0.6250
1184/1424 [=======================>......] - ETA: 1s - loss: 0.7415 - acc: 0.6267
1216/1424 [========================>.....] - ETA: 1s - loss: 0.7388 - acc: 0.6250
1248/1424 [=========================>....] - ETA: 1s - loss: 0.7368 - acc: 0.6250
1280/1424 [=========================>....] - ETA: 0s - loss: 0.7351 - acc: 0.6258
1312/1424 [==========================>...] - ETA: 0s - loss: 0.7337 - acc: 0.6227
1344/1424 [===========================>..] - ETA: 0s - loss: 0.7320 - acc: 0.6235
1376/1424 [===========================>..] - ETA: 0s - loss: 0.7399 - acc: 0.6272
1408/1424 [============================>.] - ETA: 0s - loss: 0.7381 - acc: 0.6271
1424/1424 [==============================] - 12s 8ms/step - loss: 0.7371 - acc: 0.6264 - val_loss: 0.6466 - val_acc: 0.6949

  32/1424 [..............................] - ETA: 4s
  64/1424 [>.............................] - ETA: 4s
  96/1424 [=>............................] - ETA: 4s
 128/1424 [=>............................] - ETA: 4s
 160/1424 [==>...........................] - ETA: 4s
 192/1424 [===>..........................] - ETA: 4s
 224/1424 [===>..........................] - ETA: 4s
 256/1424 [====>.........................] - ETA: 4s
 288/1424 [=====>........................] - ETA: 4s
 320/1424 [=====>........................] - ETA: 3s
 352/1424 [======>.......................] - ETA: 3s
 384/1424 [=======>......................] - ETA: 3s
 416/1424 [=======>......................] - ETA: 3s
 448/1424 [========>.....................] - ETA: 3s
 480/1424 [=========>....................] - ETA: 3s
 512/1424 [=========>....................] - ETA: 3s
 544/1424 [==========>...................] - ETA: 3s
 576/1424 [===========>..................] - ETA: 3s
 608/1424 [===========>..................] - ETA: 2s
 640/1424 [============>.................] - ETA: 2s
 672/1424 [=============>................] - ETA: 2s
 704/1424 [=============>................] - ETA: 2s
 736/1424 [==============>...............] - ETA: 2s
 768/1424 [===============>..............] - ETA: 2s
 800/1424 [===============>..............] - ETA: 2s
 832/1424 [================>.............] - ETA: 2s
 864/1424 [=================>............] - ETA: 1s
 896/1424 [=================>............] - ETA: 1s
 928/1424 [==================>...........] - ETA: 1s
 960/1424 [===================>..........] - ETA: 1s
 992/1424 [===================>..........] - ETA: 1s
1024/1424 [====================>.........] - ETA: 1s
1056/1424 [=====================>........] - ETA: 1s
1088/1424 [=====================>........] - ETA: 1s
1120/1424 [======================>.......] - ETA: 1s
1152/1424 [=======================>......] - ETA: 0s
1184/1424 [=======================>......] - ETA: 0s
1216/1424 [========================>.....] - ETA: 0s
1248/1424 [=========================>....] - ETA: 0s
1280/1424 [=========================>....] - ETA: 0s
1312/1424 [==========================>...] - ETA: 0s
1344/1424 [===========================>..] - ETA: 0s
1376/1424 [===========================>..] - ETA: 0s
1408/1424 [============================>.] - ETA: 0s
1424/1424 [==============================] - 5s 4ms/step
Test acc: 0.8188202247191011
Test auc: 0.8849419265244287
Test mcc: 0.6388615103459547
Execute epoch: 14
Execute time: 167.52899193763733
