_________________________________________________________________
Layer (type)                 Output Shape              Param #   
=================================================================
embedding_1 (Embedding)      (None, None, 128)         2688      
_________________________________________________________________
lstm_1 (LSTM)                (None, None, 64)          49408     
_________________________________________________________________
lstm_2 (LSTM)                (None, None, 64)          33024     
_________________________________________________________________
lstm_3 (LSTM)                (None, 64)                33024     
_________________________________________________________________
dense_1 (Dense)              (None, 16)                1040      
_________________________________________________________________
dense_2 (Dense)              (None, 1)                 17        
=================================================================
Total params: 119,201
Trainable params: 119,201
Non-trainable params: 0
_________________________________________________________________
Train on 1424 samples, validate on 708 samples
Epoch 1/1000

  32/1424 [..............................] - ETA: 2:23 - loss: 0.6932 - acc: 0.5000
  64/1424 [>.............................] - ETA: 1:14 - loss: 0.6931 - acc: 0.5469
  96/1424 [=>............................] - ETA: 51s - loss: 0.6928 - acc: 0.5729 
 128/1424 [=>............................] - ETA: 40s - loss: 0.6930 - acc: 0.5469
 160/1424 [==>...........................] - ETA: 33s - loss: 0.6924 - acc: 0.5687
 192/1424 [===>..........................] - ETA: 28s - loss: 0.6922 - acc: 0.5677
 224/1424 [===>..........................] - ETA: 24s - loss: 0.6920 - acc: 0.5670
 256/1424 [====>.........................] - ETA: 22s - loss: 0.6920 - acc: 0.5625
 288/1424 [=====>........................] - ETA: 20s - loss: 0.6928 - acc: 0.5417
 320/1424 [=====>........................] - ETA: 18s - loss: 0.6930 - acc: 0.5344
 352/1424 [======>.......................] - ETA: 16s - loss: 0.6937 - acc: 0.5170
 384/1424 [=======>......................] - ETA: 15s - loss: 0.6933 - acc: 0.5208
 416/1424 [=======>......................] - ETA: 14s - loss: 0.6930 - acc: 0.5240
 448/1424 [========>.....................] - ETA: 13s - loss: 0.6932 - acc: 0.5179
 480/1424 [=========>....................] - ETA: 12s - loss: 0.6928 - acc: 0.5229
 512/1424 [=========>....................] - ETA: 11s - loss: 0.6930 - acc: 0.5176
 544/1424 [==========>...................] - ETA: 11s - loss: 0.6930 - acc: 0.5165
 576/1424 [===========>..................] - ETA: 10s - loss: 0.6930 - acc: 0.5122
 608/1424 [===========>..................] - ETA: 9s - loss: 0.6929 - acc: 0.5132 
 640/1424 [============>.................] - ETA: 9s - loss: 0.6927 - acc: 0.5156
 672/1424 [=============>................] - ETA: 8s - loss: 0.6926 - acc: 0.5134
 704/1424 [=============>................] - ETA: 8s - loss: 0.6925 - acc: 0.5128
 736/1424 [==============>...............] - ETA: 7s - loss: 0.6925 - acc: 0.5109
 768/1424 [===============>..............] - ETA: 7s - loss: 0.6923 - acc: 0.5104
 800/1424 [===============>..............] - ETA: 6s - loss: 0.6920 - acc: 0.5100
 832/1424 [================>.............] - ETA: 6s - loss: 0.6919 - acc: 0.5084
 864/1424 [=================>............] - ETA: 5s - loss: 0.6916 - acc: 0.5104
 896/1424 [=================>............] - ETA: 5s - loss: 0.6913 - acc: 0.5089
 928/1424 [==================>...........] - ETA: 5s - loss: 0.6912 - acc: 0.5075
 960/1424 [===================>..........] - ETA: 4s - loss: 0.6909 - acc: 0.5052
 992/1424 [===================>..........] - ETA: 4s - loss: 0.6906 - acc: 0.5020
1024/1424 [====================>.........] - ETA: 4s - loss: 0.6899 - acc: 0.5029
1056/1424 [=====================>........] - ETA: 3s - loss: 0.6896 - acc: 0.4972
1088/1424 [=====================>........] - ETA: 3s - loss: 0.6883 - acc: 0.4982
1120/1424 [======================>.......] - ETA: 2s - loss: 0.6869 - acc: 0.5000
1152/1424 [=======================>......] - ETA: 2s - loss: 0.6846 - acc: 0.5017
1184/1424 [=======================>......] - ETA: 2s - loss: 0.6805 - acc: 0.5042
1216/1424 [========================>.....] - ETA: 2s - loss: 0.6825 - acc: 0.5033
1248/1424 [=========================>....] - ETA: 1s - loss: 0.6875 - acc: 0.5032
1280/1424 [=========================>....] - ETA: 1s - loss: 0.6984 - acc: 0.5055
1312/1424 [==========================>...] - ETA: 1s - loss: 0.6969 - acc: 0.5046
1344/1424 [===========================>..] - ETA: 0s - loss: 0.6963 - acc: 0.5060
1376/1424 [===========================>..] - ETA: 0s - loss: 0.6941 - acc: 0.5131
1408/1424 [============================>.] - ETA: 0s - loss: 0.6910 - acc: 0.5213
1424/1424 [==============================] - 16s 11ms/step - loss: 0.6902 - acc: 0.5253 - val_loss: 0.6005 - val_acc: 0.8249
Epoch 2/1000

  32/1424 [..............................] - ETA: 9s - loss: 1.0588 - acc: 0.9062
  64/1424 [>.............................] - ETA: 9s - loss: 0.8143 - acc: 0.8125
  96/1424 [=>............................] - ETA: 9s - loss: 0.7613 - acc: 0.7917
 128/1424 [=>............................] - ETA: 9s - loss: 0.7041 - acc: 0.7969
 160/1424 [==>...........................] - ETA: 8s - loss: 0.7151 - acc: 0.7937
 192/1424 [===>..........................] - ETA: 8s - loss: 0.6861 - acc: 0.8125
 224/1424 [===>..........................] - ETA: 8s - loss: 0.6699 - acc: 0.8214
 256/1424 [====>.........................] - ETA: 8s - loss: 0.6588 - acc: 0.8086
 288/1424 [=====>........................] - ETA: 8s - loss: 0.6469 - acc: 0.8056
 320/1424 [=====>........................] - ETA: 7s - loss: 0.6363 - acc: 0.8063
 352/1424 [======>.......................] - ETA: 7s - loss: 0.6786 - acc: 0.8040
 384/1424 [=======>......................] - ETA: 7s - loss: 0.7098 - acc: 0.7943
 416/1424 [=======>......................] - ETA: 7s - loss: 0.7349 - acc: 0.7837
 448/1424 [========>.....................] - ETA: 6s - loss: 0.7253 - acc: 0.7835
 480/1424 [=========>....................] - ETA: 6s - loss: 0.7179 - acc: 0.7833
 512/1424 [=========>....................] - ETA: 6s - loss: 0.7089 - acc: 0.7891
 544/1424 [==========>...................] - ETA: 6s - loss: 0.7022 - acc: 0.7941
 576/1424 [===========>..................] - ETA: 6s - loss: 0.6977 - acc: 0.7951
 608/1424 [===========>..................] - ETA: 5s - loss: 0.6932 - acc: 0.7961
 640/1424 [============>.................] - ETA: 5s - loss: 0.6891 - acc: 0.8000
 672/1424 [=============>................] - ETA: 5s - loss: 0.6836 - acc: 0.7976
 704/1424 [=============>................] - ETA: 5s - loss: 0.6776 - acc: 0.7997
 736/1424 [==============>...............] - ETA: 4s - loss: 0.6717 - acc: 0.8016
 768/1424 [===============>..............] - ETA: 4s - loss: 0.6760 - acc: 0.8008
 800/1424 [===============>..............] - ETA: 4s - loss: 0.6723 - acc: 0.8050
 832/1424 [================>.............] - ETA: 4s - loss: 0.6706 - acc: 0.8017
 864/1424 [=================>............] - ETA: 3s - loss: 0.6662 - acc: 0.8021
 896/1424 [=================>............] - ETA: 3s - loss: 0.6639 - acc: 0.8002
 928/1424 [==================>...........] - ETA: 3s - loss: 0.6622 - acc: 0.7996
 960/1424 [===================>..........] - ETA: 3s - loss: 0.6612 - acc: 0.7948
 992/1424 [===================>..........] - ETA: 3s - loss: 0.6584 - acc: 0.7903
1024/1424 [====================>.........] - ETA: 2s - loss: 0.6578 - acc: 0.7842
1056/1424 [=====================>........] - ETA: 2s - loss: 0.6561 - acc: 0.7794
1088/1424 [=====================>........] - ETA: 2s - loss: 0.6836 - acc: 0.7767
1120/1424 [======================>.......] - ETA: 2s - loss: 0.6812 - acc: 0.7732
1152/1424 [=======================>......] - ETA: 1s - loss: 0.6799 - acc: 0.7682
1184/1424 [=======================>......] - ETA: 1s - loss: 0.6780 - acc: 0.7652
1216/1424 [========================>.....] - ETA: 1s - loss: 0.6750 - acc: 0.7648
1248/1424 [=========================>....] - ETA: 1s - loss: 0.6960 - acc: 0.7636
1280/1424 [=========================>....] - ETA: 1s - loss: 0.6946 - acc: 0.7602
1312/1424 [==========================>...] - ETA: 0s - loss: 0.6909 - acc: 0.7591
1344/1424 [===========================>..] - ETA: 0s - loss: 0.6889 - acc: 0.7567
1376/1424 [===========================>..] - ETA: 0s - loss: 0.6862 - acc: 0.7544
1408/1424 [============================>.] - ETA: 0s - loss: 0.7053 - acc: 0.7543
1424/1424 [==============================] - 13s 9ms/step - loss: 0.7045 - acc: 0.7542 - val_loss: 1.0666 - val_acc: 0.7712
Epoch 3/1000

  32/1424 [..............................] - ETA: 9s - loss: 0.5160 - acc: 0.8125
  64/1424 [>.............................] - ETA: 9s - loss: 1.0103 - acc: 0.7656
  96/1424 [=>............................] - ETA: 9s - loss: 1.0372 - acc: 0.7500
 128/1424 [=>............................] - ETA: 9s - loss: 1.1327 - acc: 0.7578
 160/1424 [==>...........................] - ETA: 9s - loss: 1.1716 - acc: 0.7312
 192/1424 [===>..........................] - ETA: 8s - loss: 1.3077 - acc: 0.7188
 224/1424 [===>..........................] - ETA: 8s - loss: 1.1925 - acc: 0.7411
 256/1424 [====>.........................] - ETA: 8s - loss: 1.1798 - acc: 0.7188
 288/1424 [=====>........................] - ETA: 8s - loss: 1.1173 - acc: 0.7049
 320/1424 [=====>........................] - ETA: 7s - loss: 1.0928 - acc: 0.6937
 352/1424 [======>.......................] - ETA: 7s - loss: 1.0604 - acc: 0.6761
 384/1424 [=======>......................] - ETA: 7s - loss: 1.0099 - acc: 0.6823
 416/1424 [=======>......................] - ETA: 7s - loss: 0.9944 - acc: 0.6683
 448/1424 [========>.....................] - ETA: 6s - loss: 0.9713 - acc: 0.6562
 480/1424 [=========>....................] - ETA: 6s - loss: 0.9552 - acc: 0.6438
 512/1424 [=========>....................] - ETA: 6s - loss: 0.9297 - acc: 0.6465
 544/1424 [==========>...................] - ETA: 6s - loss: 0.9099 - acc: 0.6415
 576/1424 [===========>..................] - ETA: 6s - loss: 0.9009 - acc: 0.6319
 608/1424 [===========>..................] - ETA: 5s - loss: 0.8927 - acc: 0.6250
 640/1424 [============>.................] - ETA: 5s - loss: 0.8801 - acc: 0.6234
 672/1424 [=============>................] - ETA: 5s - loss: 0.8700 - acc: 0.6220
 704/1424 [=============>................] - ETA: 5s - loss: 0.8597 - acc: 0.6193
 736/1424 [==============>...............] - ETA: 4s - loss: 0.8501 - acc: 0.6128
 768/1424 [===============>..............] - ETA: 4s - loss: 0.8379 - acc: 0.6120
 800/1424 [===============>..............] - ETA: 4s - loss: 0.8293 - acc: 0.6112
 832/1424 [================>.............] - ETA: 4s - loss: 0.8225 - acc: 0.6046
 864/1424 [=================>............] - ETA: 3s - loss: 0.8123 - acc: 0.6076
 896/1424 [=================>............] - ETA: 3s - loss: 0.8088 - acc: 0.6060
 928/1424 [==================>...........] - ETA: 3s - loss: 0.8005 - acc: 0.6099
 960/1424 [===================>..........] - ETA: 3s - loss: 0.7939 - acc: 0.6083
 992/1424 [===================>..........] - ETA: 3s - loss: 0.7898 - acc: 0.6038
1024/1424 [====================>.........] - ETA: 2s - loss: 0.7853 - acc: 0.6045
1056/1424 [=====================>........] - ETA: 2s - loss: 0.7806 - acc: 0.6061
1088/1424 [=====================>........] - ETA: 2s - loss: 0.7752 - acc: 0.6094
1120/1424 [======================>.......] - ETA: 2s - loss: 0.7705 - acc: 0.6116
1152/1424 [=======================>......] - ETA: 1s - loss: 0.7666 - acc: 0.6146
1184/1424 [=======================>......] - ETA: 1s - loss: 0.7616 - acc: 0.6174
1216/1424 [========================>.....] - ETA: 1s - loss: 0.7584 - acc: 0.6209
1248/1424 [=========================>....] - ETA: 1s - loss: 0.7535 - acc: 0.6202
1280/1424 [=========================>....] - ETA: 1s - loss: 0.7485 - acc: 0.6258
1312/1424 [==========================>...] - ETA: 0s - loss: 0.7441 - acc: 0.6280
1344/1424 [===========================>..] - ETA: 0s - loss: 0.7410 - acc: 0.6295
1376/1424 [===========================>..] - ETA: 0s - loss: 0.7365 - acc: 0.6337
1408/1424 [============================>.] - ETA: 0s - loss: 0.7331 - acc: 0.6385
1424/1424 [==============================] - 13s 9ms/step - loss: 0.7308 - acc: 0.6419 - val_loss: 0.5588 - val_acc: 0.8093
Epoch 4/1000

  32/1424 [..............................] - ETA: 9s - loss: 0.5803 - acc: 0.6875
  64/1424 [>.............................] - ETA: 9s - loss: 0.5501 - acc: 0.7344
  96/1424 [=>............................] - ETA: 9s - loss: 0.5506 - acc: 0.7188
 128/1424 [=>............................] - ETA: 9s - loss: 0.5448 - acc: 0.7422
 160/1424 [==>...........................] - ETA: 9s - loss: 0.5424 - acc: 0.7500
 192/1424 [===>..........................] - ETA: 8s - loss: 0.5384 - acc: 0.7604
 224/1424 [===>..........................] - ETA: 8s - loss: 0.5260 - acc: 0.7768
 256/1424 [====>.........................] - ETA: 8s - loss: 0.5140 - acc: 0.7891
 288/1424 [=====>........................] - ETA: 8s - loss: 0.5086 - acc: 0.7847
 320/1424 [=====>........................] - ETA: 7s - loss: 0.6009 - acc: 0.7812
 352/1424 [======>.......................] - ETA: 7s - loss: 0.5806 - acc: 0.7812
 384/1424 [=======>......................] - ETA: 7s - loss: 0.6812 - acc: 0.7865
 416/1424 [=======>......................] - ETA: 7s - loss: 0.6590 - acc: 0.7957
 448/1424 [========>.....................] - ETA: 6s - loss: 0.6445 - acc: 0.8013
 480/1424 [=========>....................] - ETA: 6s - loss: 0.6322 - acc: 0.8000
 512/1424 [=========>....................] - ETA: 6s - loss: 0.6207 - acc: 0.8027
 544/1424 [==========>...................] - ETA: 6s - loss: 0.6434 - acc: 0.7996
 576/1424 [===========>..................] - ETA: 6s - loss: 0.6313 - acc: 0.8003
 608/1424 [===========>..................] - ETA: 5s - loss: 0.6251 - acc: 0.7993
 640/1424 [============>.................] - ETA: 5s - loss: 0.6161 - acc: 0.8016
 672/1424 [=============>................] - ETA: 5s - loss: 0.6078 - acc: 0.8036
 704/1424 [=============>................] - ETA: 5s - loss: 0.6265 - acc: 0.7983
 736/1424 [==============>...............] - ETA: 4s - loss: 0.6228 - acc: 0.7976
 768/1424 [===============>..............] - ETA: 4s - loss: 0.6196 - acc: 0.7904
 800/1424 [===============>..............] - ETA: 4s - loss: 0.6140 - acc: 0.7875
 832/1424 [================>.............] - ETA: 4s - loss: 0.6109 - acc: 0.7861
 864/1424 [=================>............] - ETA: 3s - loss: 0.6064 - acc: 0.7870
 896/1424 [=================>............] - ETA: 3s - loss: 0.6194 - acc: 0.7868
 928/1424 [==================>...........] - ETA: 3s - loss: 0.6176 - acc: 0.7856
 960/1424 [===================>..........] - ETA: 3s - loss: 0.6162 - acc: 0.7823
 992/1424 [===================>..........] - ETA: 3s - loss: 0.6204 - acc: 0.7812
1024/1424 [====================>.........] - ETA: 2s - loss: 0.6145 - acc: 0.7783
1056/1424 [=====================>........] - ETA: 2s - loss: 0.6341 - acc: 0.7708
1088/1424 [=====================>........] - ETA: 2s - loss: 0.6504 - acc: 0.7592
1120/1424 [======================>.......] - ETA: 2s - loss: 0.6665 - acc: 0.7536
1152/1424 [=======================>......] - ETA: 1s - loss: 0.6736 - acc: 0.7465
1184/1424 [=======================>......] - ETA: 1s - loss: 0.7028 - acc: 0.7407
1216/1424 [========================>.....] - ETA: 1s - loss: 0.7054 - acc: 0.7352
1248/1424 [=========================>....] - ETA: 1s - loss: 0.7218 - acc: 0.7260
1280/1424 [=========================>....] - ETA: 1s - loss: 0.7567 - acc: 0.7227
1312/1424 [==========================>...] - ETA: 0s - loss: 0.7854 - acc: 0.7157
1344/1424 [===========================>..] - ETA: 0s - loss: 0.7856 - acc: 0.7121
1376/1424 [===========================>..] - ETA: 0s - loss: 0.7918 - acc: 0.7086
1408/1424 [============================>.] - ETA: 0s - loss: 0.7914 - acc: 0.7038
1424/1424 [==============================] - 13s 9ms/step - loss: 0.7929 - acc: 0.6994 - val_loss: 0.6569 - val_acc: 0.5127
Epoch 5/1000

  32/1424 [..............................] - ETA: 9s - loss: 0.5855 - acc: 0.5938
  64/1424 [>.............................] - ETA: 9s - loss: 0.6130 - acc: 0.5312
  96/1424 [=>............................] - ETA: 9s - loss: 0.6115 - acc: 0.5208
 128/1424 [=>............................] - ETA: 9s - loss: 0.6021 - acc: 0.5391
 160/1424 [==>...........................] - ETA: 9s - loss: 0.6117 - acc: 0.5250
 192/1424 [===>..........................] - ETA: 8s - loss: 0.6276 - acc: 0.5052
 224/1424 [===>..........................] - ETA: 8s - loss: 0.6313 - acc: 0.5089
 256/1424 [====>.........................] - ETA: 8s - loss: 0.6323 - acc: 0.5078
 288/1424 [=====>........................] - ETA: 8s - loss: 0.6332 - acc: 0.5208
 320/1424 [=====>........................] - ETA: 7s - loss: 0.6393 - acc: 0.5188
 352/1424 [======>.......................] - ETA: 7s - loss: 0.6387 - acc: 0.5369
 384/1424 [=======>......................] - ETA: 7s - loss: 0.6416 - acc: 0.5443
 416/1424 [=======>......................] - ETA: 7s - loss: 0.6433 - acc: 0.5481
 448/1424 [========>.....................] - ETA: 6s - loss: 0.6444 - acc: 0.5513
 480/1424 [=========>....................] - ETA: 6s - loss: 0.6448 - acc: 0.5646
 512/1424 [=========>....................] - ETA: 6s - loss: 0.6455 - acc: 0.5742
 544/1424 [==========>...................] - ETA: 6s - loss: 0.6454 - acc: 0.5809
 576/1424 [===========>..................] - ETA: 6s - loss: 0.6464 - acc: 0.5816
 608/1424 [===========>..................] - ETA: 5s - loss: 0.6467 - acc: 0.5905
 640/1424 [============>.................] - ETA: 5s - loss: 0.6495 - acc: 0.5906
 672/1424 [=============>................] - ETA: 5s - loss: 0.6506 - acc: 0.5938
 704/1424 [=============>................] - ETA: 5s - loss: 0.6514 - acc: 0.5994
 736/1424 [==============>...............] - ETA: 4s - loss: 0.6513 - acc: 0.6087
 768/1424 [===============>..............] - ETA: 4s - loss: 0.6519 - acc: 0.6094
 800/1424 [===============>..............] - ETA: 4s - loss: 0.6522 - acc: 0.6138
 832/1424 [================>.............] - ETA: 4s - loss: 0.6527 - acc: 0.6202
 864/1424 [=================>............] - ETA: 3s - loss: 0.6523 - acc: 0.6250
 896/1424 [=================>............] - ETA: 3s - loss: 0.6532 - acc: 0.6194
 928/1424 [==================>...........] - ETA: 3s - loss: 0.6539 - acc: 0.6218
 960/1424 [===================>..........] - ETA: 3s - loss: 0.6535 - acc: 0.6250
 992/1424 [===================>..........] - ETA: 3s - loss: 0.6541 - acc: 0.6270
1024/1424 [====================>.........] - ETA: 2s - loss: 0.6549 - acc: 0.6260
1056/1424 [=====================>........] - ETA: 2s - loss: 0.6557 - acc: 0.6241
1088/1424 [=====================>........] - ETA: 2s - loss: 0.6556 - acc: 0.6278
1120/1424 [======================>.......] - ETA: 2s - loss: 0.6555 - acc: 0.6321
1152/1424 [=======================>......] - ETA: 1s - loss: 0.6558 - acc: 0.6337
1184/1424 [=======================>......] - ETA: 1s - loss: 0.6556 - acc: 0.6343
1216/1424 [========================>.....] - ETA: 1s - loss: 0.6559 - acc: 0.6332
1248/1424 [=========================>....] - ETA: 1s - loss: 0.6564 - acc: 0.6338
1280/1424 [=========================>....] - ETA: 1s - loss: 0.6561 - acc: 0.6367
1312/1424 [==========================>...] - ETA: 0s - loss: 0.6561 - acc: 0.6380
1344/1424 [===========================>..] - ETA: 0s - loss: 0.6565 - acc: 0.6369
1376/1424 [===========================>..] - ETA: 0s - loss: 0.6559 - acc: 0.6403
1408/1424 [============================>.] - ETA: 0s - loss: 0.6562 - acc: 0.6413
1424/1424 [==============================] - 13s 9ms/step - loss: 0.6560 - acc: 0.6433 - val_loss: 0.6555 - val_acc: 0.7585
Epoch 6/1000

  32/1424 [..............................] - ETA: 9s - loss: 0.6481 - acc: 0.8125
  64/1424 [>.............................] - ETA: 9s - loss: 0.6501 - acc: 0.7656
  96/1424 [=>............................] - ETA: 9s - loss: 0.6536 - acc: 0.7396
 128/1424 [=>............................] - ETA: 9s - loss: 0.6620 - acc: 0.7109
 160/1424 [==>...........................] - ETA: 9s - loss: 0.6607 - acc: 0.7125
 192/1424 [===>..........................] - ETA: 8s - loss: 0.6602 - acc: 0.7135
 224/1424 [===>..........................] - ETA: 8s - loss: 0.6584 - acc: 0.7143
 256/1424 [====>.........................] - ETA: 8s - loss: 0.6594 - acc: 0.7031
 288/1424 [=====>........................] - ETA: 8s - loss: 0.6592 - acc: 0.7014
 320/1424 [=====>........................] - ETA: 7s - loss: 0.6616 - acc: 0.6875
 352/1424 [======>.......................] - ETA: 7s - loss: 0.6613 - acc: 0.6875
 384/1424 [=======>......................] - ETA: 7s - loss: 0.6593 - acc: 0.6901
 416/1424 [=======>......................] - ETA: 7s - loss: 0.6584 - acc: 0.6923
 448/1424 [========>.....................] - ETA: 6s - loss: 0.6594 - acc: 0.6964
 480/1424 [=========>....................] - ETA: 6s - loss: 0.6595 - acc: 0.6937
 512/1424 [=========>....................] - ETA: 6s - loss: 0.6589 - acc: 0.6934
 544/1424 [==========>...................] - ETA: 6s - loss: 0.6593 - acc: 0.6949
 576/1424 [===========>..................] - ETA: 6s - loss: 0.6585 - acc: 0.6979
 608/1424 [===========>..................] - ETA: 5s - loss: 0.6565 - acc: 0.6957
 640/1424 [============>.................] - ETA: 5s - loss: 0.6559 - acc: 0.6984
 672/1424 [=============>................] - ETA: 5s - loss: 0.6560 - acc: 0.6935
 704/1424 [=============>................] - ETA: 5s - loss: 0.6579 - acc: 0.6932
 736/1424 [==============>...............] - ETA: 4s - loss: 0.6584 - acc: 0.6929
 768/1424 [===============>..............] - ETA: 4s - loss: 0.6576 - acc: 0.6888
 800/1424 [===============>..............] - ETA: 4s - loss: 0.6580 - acc: 0.6875
 832/1424 [================>.............] - ETA: 4s - loss: 0.6565 - acc: 0.6923
 864/1424 [=================>............] - ETA: 3s - loss: 0.6553 - acc: 0.6944
 896/1424 [=================>............] - ETA: 3s - loss: 0.6556 - acc: 0.6886
 928/1424 [==================>...........] - ETA: 3s - loss: 0.6561 - acc: 0.6875
 960/1424 [===================>..........] - ETA: 3s - loss: 0.6562 - acc: 0.6906
 992/1424 [===================>..........] - ETA: 3s - loss: 0.6562 - acc: 0.6895
1024/1424 [====================>.........] - ETA: 2s - loss: 0.6555 - acc: 0.6904
1056/1424 [=====================>........] - ETA: 2s - loss: 0.6554 - acc: 0.6922
1088/1424 [=====================>........] - ETA: 2s - loss: 0.6547 - acc: 0.6903
1120/1424 [======================>.......] - ETA: 2s - loss: 0.6544 - acc: 0.6902
1152/1424 [=======================>......] - ETA: 1s - loss: 0.6545 - acc: 0.6910
1184/1424 [=======================>......] - ETA: 1s - loss: 0.6544 - acc: 0.6883
1216/1424 [========================>.....] - ETA: 1s - loss: 0.6530 - acc: 0.6924
1248/1424 [=========================>....] - ETA: 1s - loss: 0.6524 - acc: 0.6931
1280/1424 [=========================>....] - ETA: 1s - loss: 0.6519 - acc: 0.6906
1312/1424 [==========================>...] - ETA: 0s - loss: 0.6518 - acc: 0.6913
1344/1424 [===========================>..] - ETA: 0s - loss: 0.6518 - acc: 0.6882
1376/1424 [===========================>..] - ETA: 0s - loss: 0.6526 - acc: 0.6846
1408/1424 [============================>.] - ETA: 0s - loss: 0.6515 - acc: 0.6875
1424/1424 [==============================] - 13s 9ms/step - loss: 0.6505 - acc: 0.6882 - val_loss: 0.6248 - val_acc: 0.7203
Epoch 7/1000

  32/1424 [..............................] - ETA: 9s - loss: 0.6396 - acc: 0.6875
  64/1424 [>.............................] - ETA: 9s - loss: 0.6335 - acc: 0.7031
  96/1424 [=>............................] - ETA: 9s - loss: 0.6206 - acc: 0.7188
 128/1424 [=>............................] - ETA: 9s - loss: 0.6054 - acc: 0.7266
 160/1424 [==>...........................] - ETA: 9s - loss: 0.6084 - acc: 0.7438
 192/1424 [===>..........................] - ETA: 8s - loss: 0.6173 - acc: 0.7188
 224/1424 [===>..........................] - ETA: 8s - loss: 0.6135 - acc: 0.7143
 256/1424 [====>.........................] - ETA: 8s - loss: 0.6131 - acc: 0.7227
 288/1424 [=====>........................] - ETA: 8s - loss: 0.6146 - acc: 0.7222
 320/1424 [=====>........................] - ETA: 7s - loss: 0.6155 - acc: 0.7188
 352/1424 [======>.......................] - ETA: 7s - loss: 0.6165 - acc: 0.7216
 384/1424 [=======>......................] - ETA: 7s - loss: 0.6162 - acc: 0.7292
 416/1424 [=======>......................] - ETA: 7s - loss: 0.6172 - acc: 0.7284
 448/1424 [========>.....................] - ETA: 6s - loss: 0.6166 - acc: 0.7277
 480/1424 [=========>....................] - ETA: 6s - loss: 0.6171 - acc: 0.7271
 512/1424 [=========>....................] - ETA: 6s - loss: 0.6179 - acc: 0.7285
 544/1424 [==========>...................] - ETA: 6s - loss: 0.6182 - acc: 0.7261
 576/1424 [===========>..................] - ETA: 6s - loss: 0.6162 - acc: 0.7292
 608/1424 [===========>..................] - ETA: 5s - loss: 0.6154 - acc: 0.7303
 640/1424 [============>.................] - ETA: 5s - loss: 0.6144 - acc: 0.7312
 672/1424 [=============>................] - ETA: 5s - loss: 0.6143 - acc: 0.7307
 704/1424 [=============>................] - ETA: 5s - loss: 0.6124 - acc: 0.7287
 736/1424 [==============>...............] - ETA: 4s - loss: 0.6159 - acc: 0.7215
 768/1424 [===============>..............] - ETA: 4s - loss: 0.6202 - acc: 0.7174
 800/1424 [===============>..............] - ETA: 4s - loss: 0.6223 - acc: 0.7075
 832/1424 [================>.............] - ETA: 4s - loss: 0.6219 - acc: 0.7031
 864/1424 [=================>............] - ETA: 3s - loss: 0.6343 - acc: 0.7025
 896/1424 [=================>............] - ETA: 3s - loss: 0.6509 - acc: 0.7009
 928/1424 [==================>...........] - ETA: 3s - loss: 0.6861 - acc: 0.6950
 960/1424 [===================>..........] - ETA: 3s - loss: 0.7493 - acc: 0.6885
 992/1424 [===================>..........] - ETA: 3s - loss: 0.7775 - acc: 0.6865
1024/1424 [====================>.........] - ETA: 2s - loss: 0.7744 - acc: 0.6846
1056/1424 [=====================>........] - ETA: 2s - loss: 0.7656 - acc: 0.6894
1088/1424 [=====================>........] - ETA: 2s - loss: 0.7873 - acc: 0.6884
1120/1424 [======================>.......] - ETA: 2s - loss: 0.8046 - acc: 0.6875
1152/1424 [=======================>......] - ETA: 1s - loss: 0.8212 - acc: 0.6884
1184/1424 [=======================>......] - ETA: 1s - loss: 0.8598 - acc: 0.6858
1216/1424 [========================>.....] - ETA: 1s - loss: 0.8935 - acc: 0.6793
1248/1424 [=========================>....] - ETA: 1s - loss: 0.9621 - acc: 0.6763
1280/1424 [=========================>....] - ETA: 1s - loss: 0.9945 - acc: 0.6766
1312/1424 [==========================>...] - ETA: 0s - loss: 1.0748 - acc: 0.6723
1344/1424 [===========================>..] - ETA: 0s - loss: 1.1045 - acc: 0.6719
1376/1424 [===========================>..] - ETA: 0s - loss: 1.1442 - acc: 0.6693
1408/1424 [============================>.] - ETA: 0s - loss: 1.1884 - acc: 0.6662
1424/1424 [==============================] - 13s 9ms/step - loss: 1.2083 - acc: 0.6643 - val_loss: 2.1199 - val_acc: 0.6610
Epoch 8/1000

  32/1424 [..............................] - ETA: 9s - loss: 2.1566 - acc: 0.5938
  64/1424 [>.............................] - ETA: 9s - loss: 2.4696 - acc: 0.6562
  96/1424 [=>............................] - ETA: 9s - loss: 2.8976 - acc: 0.6667
 128/1424 [=>............................] - ETA: 9s - loss: 3.1540 - acc: 0.6406
 160/1424 [==>...........................] - ETA: 8s - loss: 3.4921 - acc: 0.6125
 192/1424 [===>..........................] - ETA: 8s - loss: 3.7273 - acc: 0.6042
 224/1424 [===>..........................] - ETA: 8s - loss: 3.6008 - acc: 0.6205
 256/1424 [====>.........................] - ETA: 8s - loss: 3.4683 - acc: 0.6133
 288/1424 [=====>........................] - ETA: 8s - loss: 3.3511 - acc: 0.6215
 320/1424 [=====>........................] - ETA: 7s - loss: 3.2550 - acc: 0.6281
 352/1424 [======>.......................] - ETA: 7s - loss: 3.2158 - acc: 0.6193
 384/1424 [=======>......................] - ETA: 7s - loss: 3.3519 - acc: 0.6094
 416/1424 [=======>......................] - ETA: 7s - loss: 3.2832 - acc: 0.6178
 448/1424 [========>.....................] - ETA: 6s - loss: 3.3265 - acc: 0.6116
 480/1424 [=========>....................] - ETA: 6s - loss: 3.3385 - acc: 0.6104
 512/1424 [=========>....................] - ETA: 6s - loss: 3.2405 - acc: 0.6133
 544/1424 [==========>...................] - ETA: 6s - loss: 3.2114 - acc: 0.6085
 576/1424 [===========>..................] - ETA: 6s - loss: 3.0970 - acc: 0.6059
 608/1424 [===========>..................] - ETA: 5s - loss: 3.0060 - acc: 0.6168
 640/1424 [============>.................] - ETA: 5s - loss: 2.9785 - acc: 0.6172
 672/1424 [=============>................] - ETA: 5s - loss: 2.9333 - acc: 0.6131
 704/1424 [=============>................] - ETA: 5s - loss: 2.8391 - acc: 0.6222
 736/1424 [==============>...............] - ETA: 4s - loss: 2.7852 - acc: 0.6196
 768/1424 [===============>..............] - ETA: 4s - loss: 2.8135 - acc: 0.6185
 800/1424 [===============>..............] - ETA: 4s - loss: 2.7879 - acc: 0.6188
 832/1424 [================>.............] - ETA: 4s - loss: 2.8141 - acc: 0.6154
 864/1424 [=================>............] - ETA: 3s - loss: 2.8086 - acc: 0.6134
 896/1424 [=================>............] - ETA: 3s - loss: 2.7629 - acc: 0.6138
 928/1424 [==================>...........] - ETA: 3s - loss: 2.7335 - acc: 0.6175
 960/1424 [===================>..........] - ETA: 3s - loss: 2.6784 - acc: 0.6198
 992/1424 [===================>..........] - ETA: 3s - loss: 2.6411 - acc: 0.6200
1024/1424 [====================>.........] - ETA: 2s - loss: 2.5905 - acc: 0.6221
1056/1424 [=====================>........] - ETA: 2s - loss: 2.6145 - acc: 0.6231
1088/1424 [=====================>........] - ETA: 2s - loss: 2.5546 - acc: 0.6250
1120/1424 [======================>.......] - ETA: 2s - loss: 2.5119 - acc: 0.6277
1152/1424 [=======================>......] - ETA: 1s - loss: 2.4565 - acc: 0.6311
1184/1424 [=======================>......] - ETA: 1s - loss: 2.4273 - acc: 0.6351
1216/1424 [========================>.....] - ETA: 1s - loss: 2.3906 - acc: 0.6365
1248/1424 [=========================>....] - ETA: 1s - loss: 2.3811 - acc: 0.6362
1280/1424 [=========================>....] - ETA: 1s - loss: 2.3358 - acc: 0.6375
1312/1424 [==========================>...] - ETA: 0s - loss: 2.2903 - acc: 0.6425
1344/1424 [===========================>..] - ETA: 0s - loss: 2.2709 - acc: 0.6443
1376/1424 [===========================>..] - ETA: 0s - loss: 2.2323 - acc: 0.6439
1408/1424 [============================>.] - ETA: 0s - loss: 2.2303 - acc: 0.6413
1424/1424 [==============================] - 13s 9ms/step - loss: 2.2124 - acc: 0.6412 - val_loss: 0.8703 - val_acc: 0.6992
Epoch 9/1000

  32/1424 [..............................] - ETA: 10s - loss: 0.4963 - acc: 0.6562
  64/1424 [>.............................] - ETA: 9s - loss: 0.7396 - acc: 0.7031 
  96/1424 [=>............................] - ETA: 9s - loss: 1.0351 - acc: 0.6667
 128/1424 [=>............................] - ETA: 9s - loss: 1.0533 - acc: 0.6406
 160/1424 [==>...........................] - ETA: 9s - loss: 1.1630 - acc: 0.6250
 192/1424 [===>..........................] - ETA: 8s - loss: 1.2159 - acc: 0.6354
 224/1424 [===>..........................] - ETA: 8s - loss: 1.1130 - acc: 0.6607
 256/1424 [====>.........................] - ETA: 8s - loss: 1.2848 - acc: 0.6680
 288/1424 [=====>........................] - ETA: 8s - loss: 1.3257 - acc: 0.6667
 320/1424 [=====>........................] - ETA: 7s - loss: 1.2575 - acc: 0.6562
 352/1424 [======>.......................] - ETA: 7s - loss: 1.3175 - acc: 0.6477
 384/1424 [=======>......................] - ETA: 7s - loss: 1.3900 - acc: 0.6510
 416/1424 [=======>......................] - ETA: 7s - loss: 1.3211 - acc: 0.6611
 448/1424 [========>.....................] - ETA: 6s - loss: 1.4482 - acc: 0.6540
 480/1424 [=========>....................] - ETA: 6s - loss: 1.4557 - acc: 0.6521
 512/1424 [=========>....................] - ETA: 6s - loss: 1.4297 - acc: 0.6504
 544/1424 [==========>...................] - ETA: 6s - loss: 1.4068 - acc: 0.6526
 576/1424 [===========>..................] - ETA: 6s - loss: 1.3502 - acc: 0.6597
 608/1424 [===========>..................] - ETA: 5s - loss: 1.3376 - acc: 0.6579
 640/1424 [============>.................] - ETA: 5s - loss: 1.3284 - acc: 0.6547
 672/1424 [=============>................] - ETA: 5s - loss: 1.3399 - acc: 0.6562
 704/1424 [=============>................] - ETA: 5s - loss: 1.3037 - acc: 0.6605
 736/1424 [==============>...............] - ETA: 4s - loss: 1.3543 - acc: 0.6617
 768/1424 [===============>..............] - ETA: 4s - loss: 1.3434 - acc: 0.6576
 800/1424 [===============>..............] - ETA: 4s - loss: 1.3493 - acc: 0.6625
 832/1424 [================>.............] - ETA: 4s - loss: 1.3532 - acc: 0.6659
 864/1424 [=================>............] - ETA: 3s - loss: 1.3398 - acc: 0.6690
 896/1424 [=================>............] - ETA: 3s - loss: 1.3289 - acc: 0.6696
 928/1424 [==================>...........] - ETA: 3s - loss: 1.3115 - acc: 0.6703
 960/1424 [===================>..........] - ETA: 3s - loss: 1.3152 - acc: 0.6708
 992/1424 [===================>..........] - ETA: 3s - loss: 1.3019 - acc: 0.6734
1024/1424 [====================>.........] - ETA: 2s - loss: 1.3534 - acc: 0.6709
1056/1424 [=====================>........] - ETA: 2s - loss: 1.3818 - acc: 0.6733
1088/1424 [=====================>........] - ETA: 2s - loss: 1.4679 - acc: 0.6719
1120/1424 [======================>.......] - ETA: 2s - loss: 1.5097 - acc: 0.6714
1152/1424 [=======================>......] - ETA: 1s - loss: 1.5849 - acc: 0.6701
1184/1424 [=======================>......] - ETA: 1s - loss: 1.6707 - acc: 0.6672
1216/1424 [========================>.....] - ETA: 1s - loss: 1.7574 - acc: 0.6653
1248/1424 [=========================>....] - ETA: 1s - loss: 1.8223 - acc: 0.6635
1280/1424 [=========================>....] - ETA: 1s - loss: 1.9316 - acc: 0.6586
1312/1424 [==========================>...] - ETA: 0s - loss: 2.0087 - acc: 0.6578
1344/1424 [===========================>..] - ETA: 0s - loss: 2.1313 - acc: 0.6540
1376/1424 [===========================>..] - ETA: 0s - loss: 2.2286 - acc: 0.6497
1408/1424 [============================>.] - ETA: 0s - loss: 2.3650 - acc: 0.6428
1424/1424 [==============================] - 13s 9ms/step - loss: 2.4180 - acc: 0.6419 - val_loss: 6.7518 - val_acc: 0.5042
Epoch 10/1000

  32/1424 [..............................] - ETA: 9s - loss: 5.2983 - acc: 0.5312
  64/1424 [>.............................] - ETA: 9s - loss: 7.1147 - acc: 0.4531
  96/1424 [=>............................] - ETA: 9s - loss: 6.9862 - acc: 0.4688
 128/1424 [=>............................] - ETA: 9s - loss: 7.1729 - acc: 0.4609
 160/1424 [==>...........................] - ETA: 8s - loss: 6.7689 - acc: 0.4938
 192/1424 [===>..........................] - ETA: 8s - loss: 6.9950 - acc: 0.4896
 224/1424 [===>..........................] - ETA: 8s - loss: 7.0182 - acc: 0.4911
 256/1424 [====>.........................] - ETA: 8s - loss: 7.0555 - acc: 0.4922
 288/1424 [=====>........................] - ETA: 8s - loss: 7.1139 - acc: 0.4965
 320/1424 [=====>........................] - ETA: 7s - loss: 7.1808 - acc: 0.4938
 352/1424 [======>.......................] - ETA: 7s - loss: 7.1558 - acc: 0.4943
 384/1424 [=======>......................] - ETA: 7s - loss: 7.4303 - acc: 0.4792
 416/1424 [=======>......................] - ETA: 7s - loss: 7.2901 - acc: 0.4856
 448/1424 [========>.....................] - ETA: 6s - loss: 7.3288 - acc: 0.4799
 480/1424 [=========>....................] - ETA: 6s - loss: 7.3811 - acc: 0.4792
 512/1424 [=========>....................] - ETA: 6s - loss: 7.2628 - acc: 0.4805
 544/1424 [==========>...................] - ETA: 6s - loss: 7.2016 - acc: 0.4853
 576/1424 [===========>..................] - ETA: 6s - loss: 7.1792 - acc: 0.4844
 608/1424 [===========>..................] - ETA: 5s - loss: 7.1403 - acc: 0.4901
 640/1424 [============>.................] - ETA: 5s - loss: 7.0727 - acc: 0.4922
 672/1424 [=============>................] - ETA: 5s - loss: 7.0162 - acc: 0.4940
 704/1424 [=============>................] - ETA: 5s - loss: 6.9553 - acc: 0.4986
 736/1424 [==============>...............] - ETA: 4s - loss: 6.9820 - acc: 0.4986
 768/1424 [===============>..............] - ETA: 4s - loss: 6.9878 - acc: 0.4974
 800/1424 [===============>..............] - ETA: 4s - loss: 6.9659 - acc: 0.4975
 832/1424 [================>.............] - ETA: 4s - loss: 7.0478 - acc: 0.4916
 864/1424 [=================>............] - ETA: 3s - loss: 7.0491 - acc: 0.4919
 896/1424 [=================>............] - ETA: 3s - loss: 6.9865 - acc: 0.4955
 928/1424 [==================>...........] - ETA: 3s - loss: 7.0045 - acc: 0.4957
 960/1424 [===================>..........] - ETA: 3s - loss: 7.0753 - acc: 0.4917
 992/1424 [===================>..........] - ETA: 3s - loss: 7.0286 - acc: 0.4950
1024/1424 [====================>.........] - ETA: 2s - loss: 7.0604 - acc: 0.4941
1056/1424 [=====================>........] - ETA: 2s - loss: 6.9759 - acc: 0.4962
1088/1424 [=====================>........] - ETA: 2s - loss: 6.9411 - acc: 0.4954
1120/1424 [======================>.......] - ETA: 2s - loss: 6.8863 - acc: 0.4973
1152/1424 [=======================>......] - ETA: 1s - loss: 6.9316 - acc: 0.4957
1184/1424 [=======================>......] - ETA: 1s - loss: 6.9172 - acc: 0.4941
1216/1424 [========================>.....] - ETA: 1s - loss: 6.8568 - acc: 0.4984
1248/1424 [=========================>....] - ETA: 1s - loss: 6.8166 - acc: 0.5000
1280/1424 [=========================>....] - ETA: 1s - loss: 6.8228 - acc: 0.4992
1312/1424 [==========================>...] - ETA: 0s - loss: 6.8403 - acc: 0.4970
1344/1424 [===========================>..] - ETA: 0s - loss: 6.7787 - acc: 0.5007
1376/1424 [===========================>..] - ETA: 0s - loss: 6.7741 - acc: 0.5007
1408/1424 [============================>.] - ETA: 0s - loss: 6.7538 - acc: 0.5007
1424/1424 [==============================] - 13s 9ms/step - loss: 6.7586 - acc: 0.5007 - val_loss: 6.2992 - val_acc: 0.5254
Epoch 11/1000

  32/1424 [..............................] - ETA: 9s - loss: 7.7950 - acc: 0.4375
  64/1424 [>.............................] - ETA: 9s - loss: 6.1986 - acc: 0.5625
  96/1424 [=>............................] - ETA: 9s - loss: 6.1375 - acc: 0.5521
 128/1424 [=>............................] - ETA: 9s - loss: 6.2010 - acc: 0.5234
 160/1424 [==>...........................] - ETA: 9s - loss: 6.0652 - acc: 0.5375
 192/1424 [===>..........................] - ETA: 8s - loss: 5.8234 - acc: 0.5521
 224/1424 [===>..........................] - ETA: 8s - loss: 5.5766 - acc: 0.5625
 256/1424 [====>.........................] - ETA: 8s - loss: 5.7672 - acc: 0.5586
 288/1424 [=====>........................] - ETA: 8s - loss: 5.8320 - acc: 0.5521
 320/1424 [=====>........................] - ETA: 7s - loss: 5.8058 - acc: 0.5437
 352/1424 [======>.......................] - ETA: 7s - loss: 5.9136 - acc: 0.5426
 384/1424 [=======>......................] - ETA: 7s - loss: 6.0260 - acc: 0.5365
 416/1424 [=======>......................] - ETA: 7s - loss: 6.1944 - acc: 0.5240
 448/1424 [========>.....................] - ETA: 6s - loss: 6.1537 - acc: 0.5290
 480/1424 [=========>....................] - ETA: 6s - loss: 6.1900 - acc: 0.5271
 512/1424 [=========>....................] - ETA: 6s - loss: 6.2468 - acc: 0.5234
 544/1424 [==========>...................] - ETA: 6s - loss: 6.2585 - acc: 0.5239
 576/1424 [===========>..................] - ETA: 6s - loss: 6.3112 - acc: 0.5191
 608/1424 [===========>..................] - ETA: 5s - loss: 6.2075 - acc: 0.5263
 640/1424 [============>.................] - ETA: 5s - loss: 6.3794 - acc: 0.5172
 672/1424 [=============>................] - ETA: 5s - loss: 6.4423 - acc: 0.5134
 704/1424 [=============>................] - ETA: 5s - loss: 6.3852 - acc: 0.5156
 736/1424 [==============>...............] - ETA: 4s - loss: 6.4323 - acc: 0.5149
 768/1424 [===============>..............] - ETA: 4s - loss: 6.4589 - acc: 0.5169
 800/1424 [===============>..............] - ETA: 4s - loss: 6.3873 - acc: 0.5212
 832/1424 [================>.............] - ETA: 4s - loss: 6.4696 - acc: 0.5168
 864/1424 [=================>............] - ETA: 3s - loss: 6.4607 - acc: 0.5197
 896/1424 [=================>............] - ETA: 3s - loss: 6.4670 - acc: 0.5212
 928/1424 [==================>...........] - ETA: 3s - loss: 6.4260 - acc: 0.5205
 960/1424 [===================>..........] - ETA: 3s - loss: 6.4568 - acc: 0.5188
 992/1424 [===================>..........] - ETA: 3s - loss: 6.4641 - acc: 0.5181
1024/1424 [====================>.........] - ETA: 2s - loss: 6.4954 - acc: 0.5166
1056/1424 [=====================>........] - ETA: 2s - loss: 6.5151 - acc: 0.5180
1088/1424 [=====================>........] - ETA: 2s - loss: 6.4785 - acc: 0.5211
1120/1424 [======================>.......] - ETA: 2s - loss: 6.4643 - acc: 0.5232
1152/1424 [=======================>......] - ETA: 1s - loss: 6.4696 - acc: 0.5234
1184/1424 [=======================>......] - ETA: 1s - loss: 6.5105 - acc: 0.5228
1216/1424 [========================>.....] - ETA: 1s - loss: 6.5063 - acc: 0.5214
1248/1424 [=========================>....] - ETA: 1s - loss: 6.5248 - acc: 0.5200
1280/1424 [=========================>....] - ETA: 1s - loss: 6.4816 - acc: 0.5227
1312/1424 [==========================>...] - ETA: 0s - loss: 6.4742 - acc: 0.5221
1344/1424 [===========================>..] - ETA: 0s - loss: 6.4554 - acc: 0.5223
1376/1424 [===========================>..] - ETA: 0s - loss: 6.4160 - acc: 0.5247
1408/1424 [============================>.] - ETA: 0s - loss: 6.4222 - acc: 0.5249
1424/1424 [==============================] - 13s 9ms/step - loss: 6.4063 - acc: 0.5267 - val_loss: 6.3453 - val_acc: 0.5155
Epoch 12/1000

  32/1424 [..............................] - ETA: 9s - loss: 5.9347 - acc: 0.5312
  64/1424 [>.............................] - ETA: 9s - loss: 6.9946 - acc: 0.5000
  96/1424 [=>............................] - ETA: 9s - loss: 7.4870 - acc: 0.4792
 128/1424 [=>............................] - ETA: 9s - loss: 7.7647 - acc: 0.4609
 160/1424 [==>...........................] - ETA: 9s - loss: 7.3292 - acc: 0.4938
 192/1424 [===>..........................] - ETA: 8s - loss: 7.1056 - acc: 0.5104
 224/1424 [===>..........................] - ETA: 8s - loss: 6.7603 - acc: 0.5312
 256/1424 [====>.........................] - ETA: 8s - loss: 6.6638 - acc: 0.5273
 288/1424 [=====>........................] - ETA: 8s - loss: 6.8276 - acc: 0.5139
 320/1424 [=====>........................] - ETA: 7s - loss: 6.9984 - acc: 0.5094
 352/1424 [======>.......................] - ETA: 7s - loss: 7.0113 - acc: 0.5000
 384/1424 [=======>......................] - ETA: 7s - loss: 6.6947 - acc: 0.5156
 416/1424 [=======>......................] - ETA: 7s - loss: 6.7778 - acc: 0.5048
 448/1424 [========>.....................] - ETA: 6s - loss: 6.7380 - acc: 0.5045
 480/1424 [=========>....................] - ETA: 6s - loss: 6.7630 - acc: 0.5042
 512/1424 [=========>....................] - ETA: 6s - loss: 6.7082 - acc: 0.5039
 544/1424 [==========>...................] - ETA: 6s - loss: 6.6776 - acc: 0.5074
 576/1424 [===========>..................] - ETA: 6s - loss: 6.6175 - acc: 0.5087
 608/1424 [===========>..................] - ETA: 5s - loss: 6.5659 - acc: 0.5132
 640/1424 [============>.................] - ETA: 5s - loss: 6.6307 - acc: 0.5094
 672/1424 [=============>................] - ETA: 5s - loss: 6.5444 - acc: 0.5164
 704/1424 [=============>................] - ETA: 5s - loss: 6.6946 - acc: 0.5099
 736/1424 [==============>...............] - ETA: 4s - loss: 6.6731 - acc: 0.5109
 768/1424 [===============>..............] - ETA: 4s - loss: 6.5958 - acc: 0.5156
 800/1424 [===============>..............] - ETA: 4s - loss: 6.5470 - acc: 0.5162
 832/1424 [================>.............] - ETA: 4s - loss: 6.5141 - acc: 0.5168
 864/1424 [=================>............] - ETA: 3s - loss: 6.4821 - acc: 0.5197
 896/1424 [=================>............] - ETA: 3s - loss: 6.5616 - acc: 0.5123
 928/1424 [==================>...........] - ETA: 3s - loss: 6.4964 - acc: 0.5172
 960/1424 [===================>..........] - ETA: 3s - loss: 6.4761 - acc: 0.5167
 992/1424 [===================>..........] - ETA: 3s - loss: 6.5101 - acc: 0.5171
1024/1424 [====================>.........] - ETA: 2s - loss: 6.5186 - acc: 0.5156
1056/1424 [=====================>........] - ETA: 2s - loss: 6.5686 - acc: 0.5133
1088/1424 [=====================>........] - ETA: 2s - loss: 6.5690 - acc: 0.5147
1120/1424 [======================>.......] - ETA: 2s - loss: 6.5653 - acc: 0.5134
1152/1424 [=======================>......] - ETA: 1s - loss: 6.5957 - acc: 0.5095
1184/1424 [=======================>......] - ETA: 1s - loss: 6.6505 - acc: 0.5042
1216/1424 [========================>.....] - ETA: 1s - loss: 6.6709 - acc: 0.5041
1248/1424 [=========================>....] - ETA: 1s - loss: 6.6248 - acc: 0.5064
1280/1424 [=========================>....] - ETA: 1s - loss: 6.6472 - acc: 0.5070
1312/1424 [==========================>...] - ETA: 0s - loss: 6.6442 - acc: 0.5061
1344/1424 [===========================>..] - ETA: 0s - loss: 6.6409 - acc: 0.5052
1376/1424 [===========================>..] - ETA: 0s - loss: 6.6219 - acc: 0.5058
1408/1424 [============================>.] - ETA: 0s - loss: 6.5674 - acc: 0.5085
1424/1424 [==============================] - 13s 9ms/step - loss: 6.6177 - acc: 0.5063 - val_loss: 6.6745 - val_acc: 0.5000
Epoch 13/1000

  32/1424 [..............................] - ETA: 9s - loss: 7.7777 - acc: 0.4375
  64/1424 [>.............................] - ETA: 9s - loss: 6.8158 - acc: 0.4844
  96/1424 [=>............................] - ETA: 9s - loss: 6.9573 - acc: 0.4896
 128/1424 [=>............................] - ETA: 9s - loss: 6.4904 - acc: 0.5312
 160/1424 [==>...........................] - ETA: 8s - loss: 6.2625 - acc: 0.5375
 192/1424 [===>..........................] - ETA: 8s - loss: 6.8489 - acc: 0.4948
 224/1424 [===>..........................] - ETA: 8s - loss: 6.9797 - acc: 0.4777
 256/1424 [====>.........................] - ETA: 8s - loss: 6.8233 - acc: 0.4805
 288/1424 [=====>........................] - ETA: 8s - loss: 6.9036 - acc: 0.4722
 320/1424 [=====>........................] - ETA: 7s - loss: 6.6513 - acc: 0.4969
 352/1424 [======>.......................] - ETA: 7s - loss: 6.5150 - acc: 0.5057
 384/1424 [=======>......................] - ETA: 7s - loss: 6.3712 - acc: 0.5182
 416/1424 [=======>......................] - ETA: 7s - loss: 6.5041 - acc: 0.5120
 448/1424 [========>.....................] - ETA: 6s - loss: 6.5464 - acc: 0.5045
 480/1424 [=========>....................] - ETA: 6s - loss: 6.4289 - acc: 0.5104
 512/1424 [=========>....................] - ETA: 6s - loss: 6.2275 - acc: 0.5234
 544/1424 [==========>...................] - ETA: 6s - loss: 6.2860 - acc: 0.5221
 576/1424 [===========>..................] - ETA: 6s - loss: 6.3946 - acc: 0.5156
 608/1424 [===========>..................] - ETA: 5s - loss: 6.5881 - acc: 0.5049
 640/1424 [============>.................] - ETA: 5s - loss: 6.6905 - acc: 0.5000
 672/1424 [=============>................] - ETA: 5s - loss: 6.6383 - acc: 0.5045
 704/1424 [=============>................] - ETA: 5s - loss: 6.7046 - acc: 0.5014
 736/1424 [==============>...............] - ETA: 4s - loss: 6.7764 - acc: 0.4973
 768/1424 [===============>..............] - ETA: 4s - loss: 6.7746 - acc: 0.4974
 800/1424 [===============>..............] - ETA: 4s - loss: 6.7935 - acc: 0.4963
 832/1424 [================>.............] - ETA: 4s - loss: 6.8003 - acc: 0.4964
 864/1424 [=================>............] - ETA: 3s - loss: 6.7210 - acc: 0.5035
 896/1424 [=================>............] - ETA: 3s - loss: 6.8063 - acc: 0.4978
 928/1424 [==================>...........] - ETA: 3s - loss: 6.8191 - acc: 0.4978
 960/1424 [===================>..........] - ETA: 3s - loss: 6.8768 - acc: 0.4938
 992/1424 [===================>..........] - ETA: 3s - loss: 6.8276 - acc: 0.4929
1024/1424 [====================>.........] - ETA: 2s - loss: 6.7587 - acc: 0.4971
1056/1424 [=====================>........] - ETA: 2s - loss: 6.7707 - acc: 0.4953
1088/1424 [=====================>........] - ETA: 2s - loss: 6.6983 - acc: 0.4963
1120/1424 [======================>.......] - ETA: 2s - loss: 6.7259 - acc: 0.4911
1152/1424 [=======================>......] - ETA: 1s - loss: 6.7501 - acc: 0.4896
1184/1424 [=======================>......] - ETA: 1s - loss: 6.7487 - acc: 0.4890
1216/1424 [========================>.....] - ETA: 1s - loss: 6.6929 - acc: 0.4934
1248/1424 [=========================>....] - ETA: 1s - loss: 6.7063 - acc: 0.4920
1280/1424 [=========================>....] - ETA: 1s - loss: 6.6668 - acc: 0.4961
1312/1424 [==========================>...] - ETA: 0s - loss: 6.6640 - acc: 0.4954
1344/1424 [===========================>..] - ETA: 0s - loss: 6.6393 - acc: 0.4970
1376/1424 [===========================>..] - ETA: 0s - loss: 6.6429 - acc: 0.4964
1408/1424 [============================>.] - ETA: 0s - loss: 6.6645 - acc: 0.4929
1424/1424 [==============================] - 13s 9ms/step - loss: 6.6620 - acc: 0.4923 - val_loss: 6.6292 - val_acc: 0.5000

  32/1424 [..............................] - ETA: 5s
  64/1424 [>.............................] - ETA: 4s
  96/1424 [=>............................] - ETA: 4s
 128/1424 [=>............................] - ETA: 4s
 160/1424 [==>...........................] - ETA: 4s
 192/1424 [===>..........................] - ETA: 4s
 224/1424 [===>..........................] - ETA: 4s
 256/1424 [====>.........................] - ETA: 4s
 288/1424 [=====>........................] - ETA: 3s
 320/1424 [=====>........................] - ETA: 3s
 352/1424 [======>.......................] - ETA: 3s
 384/1424 [=======>......................] - ETA: 3s
 416/1424 [=======>......................] - ETA: 3s
 448/1424 [========>.....................] - ETA: 3s
 480/1424 [=========>....................] - ETA: 3s
 512/1424 [=========>....................] - ETA: 3s
 544/1424 [==========>...................] - ETA: 3s
 576/1424 [===========>..................] - ETA: 2s
 608/1424 [===========>..................] - ETA: 2s
 640/1424 [============>.................] - ETA: 2s
 672/1424 [=============>................] - ETA: 2s
 704/1424 [=============>................] - ETA: 2s
 736/1424 [==============>...............] - ETA: 2s
 768/1424 [===============>..............] - ETA: 2s
 800/1424 [===============>..............] - ETA: 2s
 832/1424 [================>.............] - ETA: 2s
 864/1424 [=================>............] - ETA: 1s
 896/1424 [=================>............] - ETA: 1s
 928/1424 [==================>...........] - ETA: 1s
 960/1424 [===================>..........] - ETA: 1s
 992/1424 [===================>..........] - ETA: 1s
1024/1424 [====================>.........] - ETA: 1s
1056/1424 [=====================>........] - ETA: 1s
1088/1424 [=====================>........] - ETA: 1s
1120/1424 [======================>.......] - ETA: 1s
1152/1424 [=======================>......] - ETA: 0s
1184/1424 [=======================>......] - ETA: 0s
1216/1424 [========================>.....] - ETA: 0s
1248/1424 [=========================>....] - ETA: 0s
1280/1424 [=========================>....] - ETA: 0s
1312/1424 [==========================>...] - ETA: 0s
1344/1424 [===========================>..] - ETA: 0s
1376/1424 [===========================>..] - ETA: 0s
1408/1424 [============================>.] - ETA: 0s
1424/1424 [==============================] - 5s 4ms/step
Test acc: 0.8223314606741573
Test auc: 0.8914022061608383
Test mcc: 0.6480782226044601
Execute epoch: 13
Execute time: 172.35468935966492
