_________________________________________________________________
Layer (type)                 Output Shape              Param #   
=================================================================
embedding_1 (Embedding)      (None, None, 128)         2688      
_________________________________________________________________
lstm_1 (LSTM)                (None, None, 64)          49408     
_________________________________________________________________
lstm_2 (LSTM)                (None, None, 64)          33024     
_________________________________________________________________
lstm_3 (LSTM)                (None, 64)                33024     
_________________________________________________________________
dense_1 (Dense)              (None, 16)                1040      
_________________________________________________________________
dense_2 (Dense)              (None, 1)                 17        
=================================================================
Total params: 119,201
Trainable params: 119,201
Non-trainable params: 0
_________________________________________________________________
Train on 1424 samples, validate on 708 samples
Epoch 1/1000

  32/1424 [..............................] - ETA: 2:22 - loss: 0.6932 - acc: 0.5000
  64/1424 [>.............................] - ETA: 1:14 - loss: 0.6931 - acc: 0.5469
  96/1424 [=>............................] - ETA: 51s - loss: 0.6928 - acc: 0.5729 
 128/1424 [=>............................] - ETA: 40s - loss: 0.6930 - acc: 0.5469
 160/1424 [==>...........................] - ETA: 33s - loss: 0.6924 - acc: 0.5687
 192/1424 [===>..........................] - ETA: 28s - loss: 0.6922 - acc: 0.5677
 224/1424 [===>..........................] - ETA: 25s - loss: 0.6920 - acc: 0.5670
 256/1424 [====>.........................] - ETA: 22s - loss: 0.6920 - acc: 0.5625
 288/1424 [=====>........................] - ETA: 20s - loss: 0.6928 - acc: 0.5417
 320/1424 [=====>........................] - ETA: 18s - loss: 0.6930 - acc: 0.5344
 352/1424 [======>.......................] - ETA: 17s - loss: 0.6937 - acc: 0.5170
 384/1424 [=======>......................] - ETA: 15s - loss: 0.6933 - acc: 0.5208
 416/1424 [=======>......................] - ETA: 14s - loss: 0.6930 - acc: 0.5240
 448/1424 [========>.....................] - ETA: 13s - loss: 0.6932 - acc: 0.5179
 480/1424 [=========>....................] - ETA: 12s - loss: 0.6928 - acc: 0.5229
 512/1424 [=========>....................] - ETA: 11s - loss: 0.6930 - acc: 0.5176
 544/1424 [==========>...................] - ETA: 11s - loss: 0.6930 - acc: 0.5165
 576/1424 [===========>..................] - ETA: 10s - loss: 0.6930 - acc: 0.5122
 608/1424 [===========>..................] - ETA: 9s - loss: 0.6929 - acc: 0.5132 
 640/1424 [============>.................] - ETA: 9s - loss: 0.6927 - acc: 0.5156
 672/1424 [=============>................] - ETA: 8s - loss: 0.6926 - acc: 0.5134
 704/1424 [=============>................] - ETA: 8s - loss: 0.6925 - acc: 0.5128
 736/1424 [==============>...............] - ETA: 7s - loss: 0.6925 - acc: 0.5109
 768/1424 [===============>..............] - ETA: 7s - loss: 0.6923 - acc: 0.5104
 800/1424 [===============>..............] - ETA: 6s - loss: 0.6920 - acc: 0.5100
 832/1424 [================>.............] - ETA: 6s - loss: 0.6919 - acc: 0.5084
 864/1424 [=================>............] - ETA: 6s - loss: 0.6916 - acc: 0.5104
 896/1424 [=================>............] - ETA: 5s - loss: 0.6913 - acc: 0.5089
 928/1424 [==================>...........] - ETA: 5s - loss: 0.6912 - acc: 0.5075
 960/1424 [===================>..........] - ETA: 4s - loss: 0.6909 - acc: 0.5052
 992/1424 [===================>..........] - ETA: 4s - loss: 0.6906 - acc: 0.5020
1024/1424 [====================>.........] - ETA: 4s - loss: 0.6899 - acc: 0.5029
1056/1424 [=====================>........] - ETA: 3s - loss: 0.6896 - acc: 0.4972
1088/1424 [=====================>........] - ETA: 3s - loss: 0.6883 - acc: 0.4982
1120/1424 [======================>.......] - ETA: 3s - loss: 0.6869 - acc: 0.5000
1152/1424 [=======================>......] - ETA: 2s - loss: 0.6846 - acc: 0.5017
1184/1424 [=======================>......] - ETA: 2s - loss: 0.6805 - acc: 0.5042
1216/1424 [========================>.....] - ETA: 2s - loss: 0.6825 - acc: 0.5033
1248/1424 [=========================>....] - ETA: 1s - loss: 0.6876 - acc: 0.5032
1280/1424 [=========================>....] - ETA: 1s - loss: 0.6986 - acc: 0.5055
1312/1424 [==========================>...] - ETA: 1s - loss: 0.6970 - acc: 0.5046
1344/1424 [===========================>..] - ETA: 0s - loss: 0.6964 - acc: 0.5060
1376/1424 [===========================>..] - ETA: 0s - loss: 0.6943 - acc: 0.5131
1408/1424 [============================>.] - ETA: 0s - loss: 0.6911 - acc: 0.5213
1424/1424 [==============================] - 16s 11ms/step - loss: 0.6903 - acc: 0.5253 - val_loss: 0.5987 - val_acc: 0.8220
Epoch 2/1000

  32/1424 [..............................] - ETA: 9s - loss: 1.0547 - acc: 0.9062
  64/1424 [>.............................] - ETA: 9s - loss: 0.8116 - acc: 0.8125
  96/1424 [=>............................] - ETA: 9s - loss: 0.7599 - acc: 0.7917
 128/1424 [=>............................] - ETA: 9s - loss: 0.7025 - acc: 0.7969
 160/1424 [==>...........................] - ETA: 9s - loss: 0.7169 - acc: 0.7937
 192/1424 [===>..........................] - ETA: 8s - loss: 0.6875 - acc: 0.8125
 224/1424 [===>..........................] - ETA: 8s - loss: 0.6712 - acc: 0.8214
 256/1424 [====>.........................] - ETA: 8s - loss: 0.6602 - acc: 0.8086
 288/1424 [=====>........................] - ETA: 8s - loss: 0.6485 - acc: 0.8056
 320/1424 [=====>........................] - ETA: 7s - loss: 0.6384 - acc: 0.8094
 352/1424 [======>.......................] - ETA: 7s - loss: 0.6809 - acc: 0.8068
 384/1424 [=======>......................] - ETA: 7s - loss: 0.7121 - acc: 0.7995
 416/1424 [=======>......................] - ETA: 7s - loss: 0.7303 - acc: 0.7933
 448/1424 [========>.....................] - ETA: 6s - loss: 0.7212 - acc: 0.7924
 480/1424 [=========>....................] - ETA: 6s - loss: 0.7142 - acc: 0.7917
 512/1424 [=========>....................] - ETA: 6s - loss: 0.7051 - acc: 0.7969
 544/1424 [==========>...................] - ETA: 6s - loss: 0.6983 - acc: 0.8015
 576/1424 [===========>..................] - ETA: 6s - loss: 0.6938 - acc: 0.8003
 608/1424 [===========>..................] - ETA: 5s - loss: 0.6896 - acc: 0.7977
 640/1424 [============>.................] - ETA: 5s - loss: 0.6849 - acc: 0.8016
 672/1424 [=============>................] - ETA: 5s - loss: 0.6792 - acc: 0.8006
 704/1424 [=============>................] - ETA: 5s - loss: 0.6730 - acc: 0.8026
 736/1424 [==============>...............] - ETA: 4s - loss: 0.6669 - acc: 0.8043
 768/1424 [===============>..............] - ETA: 4s - loss: 0.7048 - acc: 0.8021
 800/1424 [===============>..............] - ETA: 4s - loss: 0.6989 - acc: 0.8037
 832/1424 [================>.............] - ETA: 4s - loss: 0.6952 - acc: 0.8005
 864/1424 [=================>............] - ETA: 4s - loss: 0.6843 - acc: 0.8067
 896/1424 [=================>............] - ETA: 3s - loss: 0.6747 - acc: 0.8080
 928/1424 [==================>...........] - ETA: 3s - loss: 0.6855 - acc: 0.8071
 960/1424 [===================>..........] - ETA: 3s - loss: 0.6807 - acc: 0.8042
 992/1424 [===================>..........] - ETA: 3s - loss: 0.6895 - acc: 0.8044
1024/1424 [====================>.........] - ETA: 2s - loss: 0.7255 - acc: 0.8047
1056/1424 [=====================>........] - ETA: 2s - loss: 0.7330 - acc: 0.8011
1088/1424 [=====================>........] - ETA: 2s - loss: 0.7575 - acc: 0.7996
1120/1424 [======================>.......] - ETA: 2s - loss: 0.7988 - acc: 0.8009
1152/1424 [=======================>......] - ETA: 1s - loss: 0.8189 - acc: 0.7995
1184/1424 [=======================>......] - ETA: 1s - loss: 0.8470 - acc: 0.7965
1216/1424 [========================>.....] - ETA: 1s - loss: 0.8599 - acc: 0.7969
1248/1424 [=========================>....] - ETA: 1s - loss: 0.8579 - acc: 0.7997
1280/1424 [=========================>....] - ETA: 1s - loss: 0.8742 - acc: 0.7945
1312/1424 [==========================>...] - ETA: 0s - loss: 0.8774 - acc: 0.7965
1344/1424 [===========================>..] - ETA: 0s - loss: 0.8672 - acc: 0.7969
1376/1424 [===========================>..] - ETA: 0s - loss: 0.8587 - acc: 0.7972
1408/1424 [============================>.] - ETA: 0s - loss: 0.8621 - acc: 0.7962
1424/1424 [==============================] - 13s 9ms/step - loss: 0.8597 - acc: 0.7956 - val_loss: 0.5389 - val_acc: 0.8192
Epoch 3/1000

  32/1424 [..............................] - ETA: 10s - loss: 0.5478 - acc: 0.8125
  64/1424 [>.............................] - ETA: 9s - loss: 0.5449 - acc: 0.7500 
  96/1424 [=>............................] - ETA: 9s - loss: 0.5548 - acc: 0.7500
 128/1424 [=>............................] - ETA: 9s - loss: 0.5279 - acc: 0.7891
 160/1424 [==>...........................] - ETA: 9s - loss: 0.5314 - acc: 0.7875
 192/1424 [===>..........................] - ETA: 8s - loss: 0.5246 - acc: 0.7812
 224/1424 [===>..........................] - ETA: 8s - loss: 0.5969 - acc: 0.7679
 256/1424 [====>.........................] - ETA: 8s - loss: 0.6435 - acc: 0.7695
 288/1424 [=====>........................] - ETA: 8s - loss: 0.6368 - acc: 0.7604
 320/1424 [=====>........................] - ETA: 7s - loss: 0.6779 - acc: 0.7656
 352/1424 [======>.......................] - ETA: 7s - loss: 0.6584 - acc: 0.7727
 384/1424 [=======>......................] - ETA: 7s - loss: 0.6533 - acc: 0.7682
 416/1424 [=======>......................] - ETA: 7s - loss: 0.6323 - acc: 0.7740
 448/1424 [========>.....................] - ETA: 6s - loss: 0.6223 - acc: 0.7790
 480/1424 [=========>....................] - ETA: 6s - loss: 0.6446 - acc: 0.7771
 512/1424 [=========>....................] - ETA: 6s - loss: 0.6358 - acc: 0.7715
 544/1424 [==========>...................] - ETA: 6s - loss: 0.6265 - acc: 0.7776
 576/1424 [===========>..................] - ETA: 6s - loss: 0.6192 - acc: 0.7726
 608/1424 [===========>..................] - ETA: 5s - loss: 0.6089 - acc: 0.7747
 640/1424 [============>.................] - ETA: 5s - loss: 0.6025 - acc: 0.7750
 672/1424 [=============>................] - ETA: 5s - loss: 0.6029 - acc: 0.7723
 704/1424 [=============>................] - ETA: 5s - loss: 0.6202 - acc: 0.7713
 736/1424 [==============>...............] - ETA: 4s - loss: 0.6065 - acc: 0.7785
 768/1424 [===============>..............] - ETA: 4s - loss: 0.5963 - acc: 0.7826
 800/1424 [===============>..............] - ETA: 4s - loss: 0.5878 - acc: 0.7850
 832/1424 [================>.............] - ETA: 4s - loss: 0.5803 - acc: 0.7897
 864/1424 [=================>............] - ETA: 4s - loss: 0.5738 - acc: 0.7928
 896/1424 [=================>............] - ETA: 3s - loss: 0.6004 - acc: 0.7946
 928/1424 [==================>...........] - ETA: 3s - loss: 0.5906 - acc: 0.7996
 960/1424 [===================>..........] - ETA: 3s - loss: 0.5821 - acc: 0.8021
 992/1424 [===================>..........] - ETA: 3s - loss: 0.6114 - acc: 0.7984
1024/1424 [====================>.........] - ETA: 2s - loss: 0.6207 - acc: 0.7998
1056/1424 [=====================>........] - ETA: 2s - loss: 0.6177 - acc: 0.7973
1088/1424 [=====================>........] - ETA: 2s - loss: 0.6113 - acc: 0.7996
1120/1424 [======================>.......] - ETA: 2s - loss: 0.6059 - acc: 0.7991
1152/1424 [=======================>......] - ETA: 1s - loss: 0.6047 - acc: 0.7969
1184/1424 [=======================>......] - ETA: 1s - loss: 0.5981 - acc: 0.7981
1216/1424 [========================>.....] - ETA: 1s - loss: 0.5947 - acc: 0.7985
1248/1424 [=========================>....] - ETA: 1s - loss: 0.6033 - acc: 0.7965
1280/1424 [=========================>....] - ETA: 1s - loss: 0.5965 - acc: 0.7984
1312/1424 [==========================>...] - ETA: 0s - loss: 0.5912 - acc: 0.7980
1344/1424 [===========================>..] - ETA: 0s - loss: 0.5873 - acc: 0.7984
1376/1424 [===========================>..] - ETA: 0s - loss: 0.5823 - acc: 0.7994
1408/1424 [============================>.] - ETA: 0s - loss: 0.5793 - acc: 0.7983
1424/1424 [==============================] - 13s 9ms/step - loss: 0.5766 - acc: 0.7992 - val_loss: 0.5014 - val_acc: 0.8489
Epoch 4/1000

  32/1424 [..............................] - ETA: 10s - loss: 1.2625 - acc: 0.6562
  64/1424 [>.............................] - ETA: 9s - loss: 0.8302 - acc: 0.7188 
  96/1424 [=>............................] - ETA: 9s - loss: 0.7019 - acc: 0.7396
 128/1424 [=>............................] - ETA: 9s - loss: 0.6299 - acc: 0.7578
 160/1424 [==>...........................] - ETA: 9s - loss: 0.5913 - acc: 0.7688
 192/1424 [===>..........................] - ETA: 8s - loss: 0.6070 - acc: 0.7708
 224/1424 [===>..........................] - ETA: 8s - loss: 0.5693 - acc: 0.7902
 256/1424 [====>.........................] - ETA: 8s - loss: 0.6104 - acc: 0.7891
 288/1424 [=====>........................] - ETA: 8s - loss: 0.6019 - acc: 0.7917
 320/1424 [=====>........................] - ETA: 7s - loss: 0.5834 - acc: 0.7937
 352/1424 [======>.......................] - ETA: 7s - loss: 0.5633 - acc: 0.8011
 384/1424 [=======>......................] - ETA: 7s - loss: 0.5454 - acc: 0.8047
 416/1424 [=======>......................] - ETA: 7s - loss: 0.5330 - acc: 0.8101
 448/1424 [========>.....................] - ETA: 6s - loss: 0.5267 - acc: 0.8125
 480/1424 [=========>....................] - ETA: 6s - loss: 0.5172 - acc: 0.8146
 512/1424 [=========>....................] - ETA: 6s - loss: 0.5222 - acc: 0.8125
 544/1424 [==========>...................] - ETA: 6s - loss: 0.5349 - acc: 0.8088
 576/1424 [===========>..................] - ETA: 6s - loss: 0.5298 - acc: 0.8090
 608/1424 [===========>..................] - ETA: 5s - loss: 0.5281 - acc: 0.8059
 640/1424 [============>.................] - ETA: 5s - loss: 0.5244 - acc: 0.8078
 672/1424 [=============>................] - ETA: 5s - loss: 0.5223 - acc: 0.8080
 704/1424 [=============>................] - ETA: 5s - loss: 0.5231 - acc: 0.8040
 736/1424 [==============>...............] - ETA: 4s - loss: 0.5241 - acc: 0.8057
 768/1424 [===============>..............] - ETA: 4s - loss: 0.5247 - acc: 0.8034
 800/1424 [===============>..............] - ETA: 4s - loss: 0.5239 - acc: 0.8087
 832/1424 [================>.............] - ETA: 4s - loss: 0.5245 - acc: 0.8101
 864/1424 [=================>............] - ETA: 4s - loss: 0.5249 - acc: 0.8102
 896/1424 [=================>............] - ETA: 3s - loss: 0.5249 - acc: 0.8125
 928/1424 [==================>...........] - ETA: 3s - loss: 0.5263 - acc: 0.8114
 960/1424 [===================>..........] - ETA: 3s - loss: 0.5287 - acc: 0.8104
 992/1424 [===================>..........] - ETA: 3s - loss: 0.5290 - acc: 0.8105
1024/1424 [====================>.........] - ETA: 2s - loss: 0.5286 - acc: 0.8105
1056/1424 [=====================>........] - ETA: 2s - loss: 0.5309 - acc: 0.8087
1088/1424 [=====================>........] - ETA: 2s - loss: 0.5327 - acc: 0.8061
1120/1424 [======================>.......] - ETA: 2s - loss: 0.5330 - acc: 0.8054
1152/1424 [=======================>......] - ETA: 1s - loss: 0.5329 - acc: 0.8073
1184/1424 [=======================>......] - ETA: 1s - loss: 0.5337 - acc: 0.8066
1216/1424 [========================>.....] - ETA: 1s - loss: 0.5314 - acc: 0.8109
1248/1424 [=========================>....] - ETA: 1s - loss: 0.5340 - acc: 0.8093
1280/1424 [=========================>....] - ETA: 1s - loss: 0.5334 - acc: 0.8117
1312/1424 [==========================>...] - ETA: 0s - loss: 0.5350 - acc: 0.8095
1344/1424 [===========================>..] - ETA: 0s - loss: 0.5353 - acc: 0.8073
1376/1424 [===========================>..] - ETA: 0s - loss: 0.5358 - acc: 0.8060
1408/1424 [============================>.] - ETA: 0s - loss: 0.5363 - acc: 0.8054
1424/1424 [==============================] - 13s 9ms/step - loss: 0.5361 - acc: 0.8055 - val_loss: 0.5036 - val_acc: 0.8390
Epoch 5/1000

  32/1424 [..............................] - ETA: 9s - loss: 0.4538 - acc: 0.9062
  64/1424 [>.............................] - ETA: 9s - loss: 0.4532 - acc: 0.8906
  96/1424 [=>............................] - ETA: 9s - loss: 0.4537 - acc: 0.8750
 128/1424 [=>............................] - ETA: 9s - loss: 0.4485 - acc: 0.8594
 160/1424 [==>...........................] - ETA: 9s - loss: 0.4487 - acc: 0.8688
 192/1424 [===>..........................] - ETA: 8s - loss: 0.4659 - acc: 0.8438
 224/1424 [===>..........................] - ETA: 8s - loss: 0.4674 - acc: 0.8527
 256/1424 [====>.........................] - ETA: 8s - loss: 0.4678 - acc: 0.8516
 288/1424 [=====>........................] - ETA: 8s - loss: 0.4696 - acc: 0.8438
 320/1424 [=====>........................] - ETA: 7s - loss: 0.4870 - acc: 0.8281
 352/1424 [======>.......................] - ETA: 7s - loss: 0.4915 - acc: 0.8182
 384/1424 [=======>......................] - ETA: 7s - loss: 0.4937 - acc: 0.8151
 416/1424 [=======>......................] - ETA: 7s - loss: 0.4889 - acc: 0.8149
 448/1424 [========>.....................] - ETA: 6s - loss: 0.4828 - acc: 0.8192
 480/1424 [=========>....................] - ETA: 6s - loss: 0.4833 - acc: 0.8146
 512/1424 [=========>....................] - ETA: 6s - loss: 0.4823 - acc: 0.8184
 544/1424 [==========>...................] - ETA: 6s - loss: 0.4799 - acc: 0.8217
 576/1424 [===========>..................] - ETA: 6s - loss: 0.4797 - acc: 0.8177
 608/1424 [===========>..................] - ETA: 5s - loss: 0.4756 - acc: 0.8174
 640/1424 [============>.................] - ETA: 5s - loss: 0.4926 - acc: 0.8109
 672/1424 [=============>................] - ETA: 5s - loss: 0.4871 - acc: 0.8140
 704/1424 [=============>................] - ETA: 5s - loss: 0.5068 - acc: 0.8111
 736/1424 [==============>...............] - ETA: 4s - loss: 0.5167 - acc: 0.8166
 768/1424 [===============>..............] - ETA: 4s - loss: 0.5141 - acc: 0.8164
 800/1424 [===============>..............] - ETA: 4s - loss: 0.5238 - acc: 0.8200
 832/1424 [================>.............] - ETA: 4s - loss: 0.5168 - acc: 0.8221
 864/1424 [=================>............] - ETA: 4s - loss: 0.5291 - acc: 0.8241
 896/1424 [=================>............] - ETA: 3s - loss: 0.5282 - acc: 0.8237
 928/1424 [==================>...........] - ETA: 3s - loss: 0.5377 - acc: 0.8179
 960/1424 [===================>..........] - ETA: 3s - loss: 0.5280 - acc: 0.8219
 992/1424 [===================>..........] - ETA: 3s - loss: 0.5492 - acc: 0.8135
1024/1424 [====================>.........] - ETA: 2s - loss: 0.5446 - acc: 0.8145
1056/1424 [=====================>........] - ETA: 2s - loss: 0.5439 - acc: 0.8125
1088/1424 [=====================>........] - ETA: 2s - loss: 0.5460 - acc: 0.8088
1120/1424 [======================>.......] - ETA: 2s - loss: 0.5417 - acc: 0.8089
1152/1424 [=======================>......] - ETA: 1s - loss: 0.5404 - acc: 0.8064
1184/1424 [=======================>......] - ETA: 1s - loss: 0.5390 - acc: 0.8057
1216/1424 [========================>.....] - ETA: 1s - loss: 0.5405 - acc: 0.8026
1248/1424 [=========================>....] - ETA: 1s - loss: 0.5383 - acc: 0.8013
1280/1424 [=========================>....] - ETA: 1s - loss: 0.5369 - acc: 0.8000
1312/1424 [==========================>...] - ETA: 0s - loss: 0.5326 - acc: 0.8018
1344/1424 [===========================>..] - ETA: 0s - loss: 0.5307 - acc: 0.8013
1376/1424 [===========================>..] - ETA: 0s - loss: 0.5264 - acc: 0.8023
1408/1424 [============================>.] - ETA: 0s - loss: 0.5246 - acc: 0.8026
1424/1424 [==============================] - 13s 9ms/step - loss: 0.5231 - acc: 0.8034 - val_loss: 0.4107 - val_acc: 0.8559
Epoch 6/1000

  32/1424 [..............................] - ETA: 9s - loss: 0.4270 - acc: 0.8750
  64/1424 [>.............................] - ETA: 9s - loss: 0.3633 - acc: 0.8750
  96/1424 [=>............................] - ETA: 9s - loss: 0.3752 - acc: 0.8542
 128/1424 [=>............................] - ETA: 9s - loss: 0.5267 - acc: 0.8203
 160/1424 [==>...........................] - ETA: 9s - loss: 0.5046 - acc: 0.8187
 192/1424 [===>..........................] - ETA: 8s - loss: 0.5084 - acc: 0.8125
 224/1424 [===>..........................] - ETA: 8s - loss: 0.4974 - acc: 0.8125
 256/1424 [====>.........................] - ETA: 8s - loss: 0.5072 - acc: 0.7969
 288/1424 [=====>........................] - ETA: 8s - loss: 0.5149 - acc: 0.7882
 320/1424 [=====>........................] - ETA: 7s - loss: 0.5667 - acc: 0.7562
 352/1424 [======>.......................] - ETA: 7s - loss: 0.5798 - acc: 0.7443
 384/1424 [=======>......................] - ETA: 7s - loss: 0.5802 - acc: 0.7396
 416/1424 [=======>......................] - ETA: 7s - loss: 0.5952 - acc: 0.7188
 448/1424 [========>.....................] - ETA: 6s - loss: 0.6308 - acc: 0.6942
 480/1424 [=========>....................] - ETA: 6s - loss: 0.6526 - acc: 0.6771
 512/1424 [=========>....................] - ETA: 6s - loss: 0.6638 - acc: 0.6562
 544/1424 [==========>...................] - ETA: 6s - loss: 0.6533 - acc: 0.6618
 576/1424 [===========>..................] - ETA: 6s - loss: 0.6462 - acc: 0.6615
 608/1424 [===========>..................] - ETA: 5s - loss: 0.6393 - acc: 0.6628
 640/1424 [============>.................] - ETA: 5s - loss: 0.6371 - acc: 0.6625
 672/1424 [=============>................] - ETA: 5s - loss: 0.6416 - acc: 0.6503
 704/1424 [=============>................] - ETA: 5s - loss: 0.6467 - acc: 0.6364
 736/1424 [==============>...............] - ETA: 4s - loss: 0.6624 - acc: 0.6345
 768/1424 [===============>..............] - ETA: 4s - loss: 0.6600 - acc: 0.6367
 800/1424 [===============>..............] - ETA: 4s - loss: 0.6611 - acc: 0.6338
 832/1424 [================>.............] - ETA: 4s - loss: 0.6588 - acc: 0.6418
 864/1424 [=================>............] - ETA: 4s - loss: 0.6579 - acc: 0.6481
 896/1424 [=================>............] - ETA: 3s - loss: 0.6580 - acc: 0.6462
 928/1424 [==================>...........] - ETA: 3s - loss: 0.6579 - acc: 0.6487
 960/1424 [===================>..........] - ETA: 3s - loss: 0.6576 - acc: 0.6510
 992/1424 [===================>..........] - ETA: 3s - loss: 0.6578 - acc: 0.6522
1024/1424 [====================>.........] - ETA: 2s - loss: 0.6578 - acc: 0.6533
1056/1424 [=====================>........] - ETA: 2s - loss: 0.6573 - acc: 0.6572
1088/1424 [=====================>........] - ETA: 2s - loss: 0.6573 - acc: 0.6535
1120/1424 [======================>.......] - ETA: 2s - loss: 0.6574 - acc: 0.6527
1152/1424 [=======================>......] - ETA: 1s - loss: 0.6579 - acc: 0.6510
1184/1424 [=======================>......] - ETA: 1s - loss: 0.6579 - acc: 0.6503
1216/1424 [========================>.....] - ETA: 1s - loss: 0.6578 - acc: 0.6505
1248/1424 [=========================>....] - ETA: 1s - loss: 0.6577 - acc: 0.6498
1280/1424 [=========================>....] - ETA: 1s - loss: 0.6572 - acc: 0.6500
1312/1424 [==========================>...] - ETA: 0s - loss: 0.6577 - acc: 0.6463
1344/1424 [===========================>..] - ETA: 0s - loss: 0.6572 - acc: 0.6488
1376/1424 [===========================>..] - ETA: 0s - loss: 0.6574 - acc: 0.6490
1408/1424 [============================>.] - ETA: 0s - loss: 0.6575 - acc: 0.6477
1424/1424 [==============================] - 13s 9ms/step - loss: 0.6576 - acc: 0.6475 - val_loss: 0.6508 - val_acc: 0.6582
Epoch 7/1000

  32/1424 [..............................] - ETA: 9s - loss: 0.6346 - acc: 0.7812
  64/1424 [>.............................] - ETA: 9s - loss: 0.6383 - acc: 0.7500
  96/1424 [=>............................] - ETA: 9s - loss: 0.6378 - acc: 0.7292
 128/1424 [=>............................] - ETA: 9s - loss: 0.6399 - acc: 0.7031
 160/1424 [==>...........................] - ETA: 9s - loss: 0.6440 - acc: 0.6813
 192/1424 [===>..........................] - ETA: 8s - loss: 0.6420 - acc: 0.6927
 224/1424 [===>..........................] - ETA: 8s - loss: 0.6403 - acc: 0.6964
 256/1424 [====>.........................] - ETA: 8s - loss: 0.6381 - acc: 0.7070
 288/1424 [=====>........................] - ETA: 8s - loss: 0.6364 - acc: 0.7222
 320/1424 [=====>........................] - ETA: 7s - loss: 0.6371 - acc: 0.7219
 352/1424 [======>.......................] - ETA: 7s - loss: 0.6388 - acc: 0.7244
 384/1424 [=======>......................] - ETA: 7s - loss: 0.6383 - acc: 0.7318
 416/1424 [=======>......................] - ETA: 7s - loss: 0.6373 - acc: 0.7356
 448/1424 [========>.....................] - ETA: 7s - loss: 0.6358 - acc: 0.7433
 480/1424 [=========>....................] - ETA: 6s - loss: 0.6362 - acc: 0.7417
 512/1424 [=========>....................] - ETA: 6s - loss: 0.6360 - acc: 0.7422
 544/1424 [==========>...................] - ETA: 6s - loss: 0.6360 - acc: 0.7426
 576/1424 [===========>..................] - ETA: 6s - loss: 0.6362 - acc: 0.7413
 608/1424 [===========>..................] - ETA: 5s - loss: 0.6343 - acc: 0.7451
 640/1424 [============>.................] - ETA: 5s - loss: 0.6335 - acc: 0.7453
 672/1424 [=============>................] - ETA: 5s - loss: 0.6327 - acc: 0.7470
 704/1424 [=============>................] - ETA: 5s - loss: 0.6321 - acc: 0.7457
 736/1424 [==============>...............] - ETA: 4s - loss: 0.6318 - acc: 0.7473
 768/1424 [===============>..............] - ETA: 4s - loss: 0.6321 - acc: 0.7435
 800/1424 [===============>..............] - ETA: 4s - loss: 0.6315 - acc: 0.7425
 832/1424 [================>.............] - ETA: 4s - loss: 0.6318 - acc: 0.7368
 864/1424 [=================>............] - ETA: 4s - loss: 0.6304 - acc: 0.7338
 896/1424 [=================>............] - ETA: 3s - loss: 0.6289 - acc: 0.7355
 928/1424 [==================>...........] - ETA: 3s - loss: 0.6294 - acc: 0.7317
 960/1424 [===================>..........] - ETA: 3s - loss: 0.6304 - acc: 0.7281
 992/1424 [===================>..........] - ETA: 3s - loss: 0.6303 - acc: 0.7268
1024/1424 [====================>.........] - ETA: 2s - loss: 0.6302 - acc: 0.7217
1056/1424 [=====================>........] - ETA: 2s - loss: 0.6284 - acc: 0.7216
1088/1424 [=====================>........] - ETA: 2s - loss: 0.6276 - acc: 0.7224
1120/1424 [======================>.......] - ETA: 2s - loss: 0.6265 - acc: 0.7214
1152/1424 [=======================>......] - ETA: 1s - loss: 0.6245 - acc: 0.7231
1184/1424 [=======================>......] - ETA: 1s - loss: 0.6248 - acc: 0.7179
1216/1424 [========================>.....] - ETA: 1s - loss: 0.6240 - acc: 0.7163
1248/1424 [=========================>....] - ETA: 1s - loss: 0.6236 - acc: 0.7139
1280/1424 [=========================>....] - ETA: 1s - loss: 0.6233 - acc: 0.7125
1312/1424 [==========================>...] - ETA: 0s - loss: 0.6226 - acc: 0.7142
1344/1424 [===========================>..] - ETA: 0s - loss: 0.6222 - acc: 0.7150
1376/1424 [===========================>..] - ETA: 0s - loss: 0.6214 - acc: 0.7166
1408/1424 [============================>.] - ETA: 0s - loss: 0.6222 - acc: 0.7166
1424/1424 [==============================] - 13s 9ms/step - loss: 0.6225 - acc: 0.7156 - val_loss: 0.5802 - val_acc: 0.7938
Epoch 8/1000

  32/1424 [..............................] - ETA: 10s - loss: 0.5596 - acc: 0.7500
  64/1424 [>.............................] - ETA: 9s - loss: 0.5706 - acc: 0.7500 
  96/1424 [=>............................] - ETA: 9s - loss: 0.5638 - acc: 0.7812
 128/1424 [=>............................] - ETA: 9s - loss: 0.5641 - acc: 0.7969
 160/1424 [==>...........................] - ETA: 9s - loss: 0.5712 - acc: 0.8000
 192/1424 [===>..........................] - ETA: 8s - loss: 0.5810 - acc: 0.7969
 224/1424 [===>..........................] - ETA: 8s - loss: 0.5745 - acc: 0.7902
 256/1424 [====>.........................] - ETA: 8s - loss: 0.5753 - acc: 0.7891
 288/1424 [=====>........................] - ETA: 8s - loss: 0.5783 - acc: 0.7778
 320/1424 [=====>........................] - ETA: 7s - loss: 0.5754 - acc: 0.7844
 352/1424 [======>.......................] - ETA: 7s - loss: 0.5766 - acc: 0.7784
 384/1424 [=======>......................] - ETA: 7s - loss: 0.5784 - acc: 0.7708
 416/1424 [=======>......................] - ETA: 7s - loss: 0.5802 - acc: 0.7716
 448/1424 [========>.....................] - ETA: 7s - loss: 0.5730 - acc: 0.7857
 480/1424 [=========>....................] - ETA: 6s - loss: 0.5748 - acc: 0.7792
 512/1424 [=========>....................] - ETA: 6s - loss: 0.5728 - acc: 0.7793
 544/1424 [==========>...................] - ETA: 6s - loss: 0.6010 - acc: 0.7757
 576/1424 [===========>..................] - ETA: 6s - loss: 0.5977 - acc: 0.7778
 608/1424 [===========>..................] - ETA: 5s - loss: 0.5920 - acc: 0.7796
 640/1424 [============>.................] - ETA: 5s - loss: 0.5870 - acc: 0.7828
 672/1424 [=============>................] - ETA: 5s - loss: 0.5895 - acc: 0.7798
 704/1424 [=============>................] - ETA: 5s - loss: 0.5873 - acc: 0.7812
 736/1424 [==============>...............] - ETA: 4s - loss: 0.5881 - acc: 0.7785
 768/1424 [===============>..............] - ETA: 4s - loss: 0.5850 - acc: 0.7799
 800/1424 [===============>..............] - ETA: 4s - loss: 0.5825 - acc: 0.7762
 832/1424 [================>.............] - ETA: 4s - loss: 0.5820 - acc: 0.7752
 864/1424 [=================>............] - ETA: 4s - loss: 0.5864 - acc: 0.7766
 896/1424 [=================>............] - ETA: 3s - loss: 0.5883 - acc: 0.7734
 928/1424 [==================>...........] - ETA: 3s - loss: 0.5893 - acc: 0.7705
 960/1424 [===================>..........] - ETA: 3s - loss: 0.5880 - acc: 0.7698
 992/1424 [===================>..........] - ETA: 3s - loss: 0.5861 - acc: 0.7692
1024/1424 [====================>.........] - ETA: 2s - loss: 0.5853 - acc: 0.7666
1056/1424 [=====================>........] - ETA: 2s - loss: 0.5904 - acc: 0.7670
1088/1424 [=====================>........] - ETA: 2s - loss: 0.5900 - acc: 0.7665
1120/1424 [======================>.......] - ETA: 2s - loss: 0.5885 - acc: 0.7696
1152/1424 [=======================>......] - ETA: 1s - loss: 0.5877 - acc: 0.7717
1184/1424 [=======================>......] - ETA: 1s - loss: 0.5858 - acc: 0.7728
1216/1424 [========================>.....] - ETA: 1s - loss: 0.5864 - acc: 0.7714
1248/1424 [=========================>....] - ETA: 1s - loss: 0.5874 - acc: 0.7684
1280/1424 [=========================>....] - ETA: 1s - loss: 0.5872 - acc: 0.7680
1312/1424 [==========================>...] - ETA: 0s - loss: 0.5860 - acc: 0.7706
1344/1424 [===========================>..] - ETA: 0s - loss: 0.5854 - acc: 0.7708
1376/1424 [===========================>..] - ETA: 0s - loss: 0.5843 - acc: 0.7703
1408/1424 [============================>.] - ETA: 0s - loss: 0.5842 - acc: 0.7685
1424/1424 [==============================] - 13s 9ms/step - loss: 0.5836 - acc: 0.7683 - val_loss: 0.5447 - val_acc: 0.8065
Epoch 9/1000

  32/1424 [..............................] - ETA: 10s - loss: 0.5823 - acc: 0.6875
  64/1424 [>.............................] - ETA: 9s - loss: 0.5770 - acc: 0.7656 
  96/1424 [=>............................] - ETA: 9s - loss: 0.5568 - acc: 0.7708
 128/1424 [=>............................] - ETA: 9s - loss: 0.5764 - acc: 0.7422
 160/1424 [==>...........................] - ETA: 9s - loss: 0.5880 - acc: 0.7312
 192/1424 [===>..........................] - ETA: 8s - loss: 0.5788 - acc: 0.7448
 224/1424 [===>..........................] - ETA: 8s - loss: 0.5745 - acc: 0.7455
 256/1424 [====>.........................] - ETA: 8s - loss: 0.5823 - acc: 0.7383
 288/1424 [=====>........................] - ETA: 8s - loss: 0.5848 - acc: 0.7326
 320/1424 [=====>........................] - ETA: 7s - loss: 0.5933 - acc: 0.7188
 352/1424 [======>.......................] - ETA: 7s - loss: 0.5811 - acc: 0.7358
 384/1424 [=======>......................] - ETA: 7s - loss: 0.5783 - acc: 0.7396
 416/1424 [=======>......................] - ETA: 7s - loss: 0.5706 - acc: 0.7524
 448/1424 [========>.....................] - ETA: 6s - loss: 0.5833 - acc: 0.7500
 480/1424 [=========>....................] - ETA: 6s - loss: 0.5817 - acc: 0.7521
 512/1424 [=========>....................] - ETA: 6s - loss: 0.5786 - acc: 0.7578
 544/1424 [==========>...................] - ETA: 6s - loss: 0.5753 - acc: 0.7592
 576/1424 [===========>..................] - ETA: 6s - loss: 0.5710 - acc: 0.7587
 608/1424 [===========>..................] - ETA: 5s - loss: 0.5699 - acc: 0.7615
 640/1424 [============>.................] - ETA: 5s - loss: 0.5696 - acc: 0.7625
 672/1424 [=============>................] - ETA: 5s - loss: 0.5672 - acc: 0.7604
 704/1424 [=============>................] - ETA: 5s - loss: 0.5627 - acc: 0.7628
 736/1424 [==============>...............] - ETA: 4s - loss: 0.5613 - acc: 0.7622
 768/1424 [===============>..............] - ETA: 4s - loss: 0.5593 - acc: 0.7630
 800/1424 [===============>..............] - ETA: 4s - loss: 0.5556 - acc: 0.7675
 832/1424 [================>.............] - ETA: 4s - loss: 0.5518 - acc: 0.7716
 864/1424 [=================>............] - ETA: 4s - loss: 0.5492 - acc: 0.7766
 896/1424 [=================>............] - ETA: 3s - loss: 0.5476 - acc: 0.7790
 928/1424 [==================>...........] - ETA: 3s - loss: 0.5443 - acc: 0.7802
 960/1424 [===================>..........] - ETA: 3s - loss: 0.5444 - acc: 0.7771
 992/1424 [===================>..........] - ETA: 3s - loss: 0.5401 - acc: 0.7782
1024/1424 [====================>.........] - ETA: 2s - loss: 0.5384 - acc: 0.7783
1056/1424 [=====================>........] - ETA: 2s - loss: 0.5342 - acc: 0.7822
1088/1424 [=====================>........] - ETA: 2s - loss: 0.5297 - acc: 0.7849
1120/1424 [======================>.......] - ETA: 2s - loss: 0.5268 - acc: 0.7857
1152/1424 [=======================>......] - ETA: 1s - loss: 0.5243 - acc: 0.7891
1184/1424 [=======================>......] - ETA: 1s - loss: 0.5221 - acc: 0.7889
1216/1424 [========================>.....] - ETA: 1s - loss: 0.5302 - acc: 0.7903
1248/1424 [=========================>....] - ETA: 1s - loss: 0.5287 - acc: 0.7909
1280/1424 [=========================>....] - ETA: 1s - loss: 0.5331 - acc: 0.7914
1312/1424 [==========================>...] - ETA: 0s - loss: 0.5304 - acc: 0.7927
1344/1424 [===========================>..] - ETA: 0s - loss: 0.5449 - acc: 0.7932
1376/1424 [===========================>..] - ETA: 0s - loss: 0.5420 - acc: 0.7936
1408/1424 [============================>.] - ETA: 0s - loss: 0.5415 - acc: 0.7947
1424/1424 [==============================] - 13s 9ms/step - loss: 0.5450 - acc: 0.7942 - val_loss: 0.4937 - val_acc: 0.8319
Epoch 10/1000

  32/1424 [..............................] - ETA: 10s - loss: 0.5314 - acc: 0.8125
  64/1424 [>.............................] - ETA: 9s - loss: 0.5548 - acc: 0.8125 
  96/1424 [=>............................] - ETA: 9s - loss: 0.5176 - acc: 0.8125
 128/1424 [=>............................] - ETA: 9s - loss: 0.4788 - acc: 0.8438
 160/1424 [==>...........................] - ETA: 9s - loss: 0.4880 - acc: 0.8313
 192/1424 [===>..........................] - ETA: 8s - loss: 0.6029 - acc: 0.7969
 224/1424 [===>..........................] - ETA: 8s - loss: 0.6071 - acc: 0.7857
 256/1424 [====>.........................] - ETA: 8s - loss: 0.5901 - acc: 0.7812
 288/1424 [=====>........................] - ETA: 8s - loss: 0.5805 - acc: 0.7882
 320/1424 [=====>........................] - ETA: 7s - loss: 0.5837 - acc: 0.7844
 352/1424 [======>.......................] - ETA: 7s - loss: 0.5704 - acc: 0.7955
 384/1424 [=======>......................] - ETA: 7s - loss: 0.5696 - acc: 0.7865
 416/1424 [=======>......................] - ETA: 7s - loss: 0.5642 - acc: 0.7861
 448/1424 [========>.....................] - ETA: 7s - loss: 0.5615 - acc: 0.7857
 480/1424 [=========>....................] - ETA: 6s - loss: 0.5569 - acc: 0.7854
 512/1424 [=========>....................] - ETA: 6s - loss: 0.5575 - acc: 0.7852
 544/1424 [==========>...................] - ETA: 6s - loss: 0.5891 - acc: 0.7831
 576/1424 [===========>..................] - ETA: 6s - loss: 0.5816 - acc: 0.7882
 608/1424 [===========>..................] - ETA: 5s - loss: 0.5772 - acc: 0.7862
 640/1424 [============>.................] - ETA: 5s - loss: 0.5680 - acc: 0.7922
 672/1424 [=============>................] - ETA: 5s - loss: 0.5657 - acc: 0.7917
 704/1424 [=============>................] - ETA: 5s - loss: 0.5597 - acc: 0.7955
 736/1424 [==============>...............] - ETA: 4s - loss: 0.5558 - acc: 0.7976
 768/1424 [===============>..............] - ETA: 4s - loss: 0.5507 - acc: 0.7982
 800/1424 [===============>..............] - ETA: 4s - loss: 0.5489 - acc: 0.8013
 832/1424 [================>.............] - ETA: 4s - loss: 0.5444 - acc: 0.8029
 864/1424 [=================>............] - ETA: 4s - loss: 0.5411 - acc: 0.8021
 896/1424 [=================>............] - ETA: 3s - loss: 0.5395 - acc: 0.8025
 928/1424 [==================>...........] - ETA: 3s - loss: 0.5369 - acc: 0.8050
 960/1424 [===================>..........] - ETA: 3s - loss: 0.5366 - acc: 0.8052
 992/1424 [===================>..........] - ETA: 3s - loss: 0.5373 - acc: 0.8075
1024/1424 [====================>.........] - ETA: 2s - loss: 0.5388 - acc: 0.8027
1056/1424 [=====================>........] - ETA: 2s - loss: 0.5363 - acc: 0.8040
1088/1424 [=====================>........] - ETA: 2s - loss: 0.5352 - acc: 0.8024
1120/1424 [======================>.......] - ETA: 2s - loss: 0.5350 - acc: 0.8018
1152/1424 [=======================>......] - ETA: 1s - loss: 0.5326 - acc: 0.8021
1184/1424 [=======================>......] - ETA: 1s - loss: 0.5281 - acc: 0.8049
1216/1424 [========================>.....] - ETA: 1s - loss: 0.5241 - acc: 0.8067
1248/1424 [=========================>....] - ETA: 1s - loss: 0.5237 - acc: 0.8053
1280/1424 [=========================>....] - ETA: 1s - loss: 0.5203 - acc: 0.8078
1312/1424 [==========================>...] - ETA: 0s - loss: 0.5198 - acc: 0.8049
1344/1424 [===========================>..] - ETA: 0s - loss: 0.5175 - acc: 0.8043
1376/1424 [===========================>..] - ETA: 0s - loss: 0.5165 - acc: 0.8074
1408/1424 [============================>.] - ETA: 0s - loss: 0.5171 - acc: 0.8054
1424/1424 [==============================] - 13s 9ms/step - loss: 0.5172 - acc: 0.8055 - val_loss: 0.4540 - val_acc: 0.8234
Epoch 11/1000

  32/1424 [..............................] - ETA: 10s - loss: 0.4875 - acc: 0.7812
  64/1424 [>.............................] - ETA: 9s - loss: 0.5118 - acc: 0.7500 
  96/1424 [=>............................] - ETA: 9s - loss: 0.5270 - acc: 0.7188
 128/1424 [=>............................] - ETA: 9s - loss: 0.5115 - acc: 0.7188
 160/1424 [==>...........................] - ETA: 9s - loss: 0.5025 - acc: 0.7188
 192/1424 [===>..........................] - ETA: 8s - loss: 0.4754 - acc: 0.7604
 224/1424 [===>..........................] - ETA: 8s - loss: 0.4855 - acc: 0.7500
 256/1424 [====>.........................] - ETA: 8s - loss: 0.4794 - acc: 0.7617
 288/1424 [=====>........................] - ETA: 8s - loss: 0.4665 - acc: 0.7743
 320/1424 [=====>........................] - ETA: 7s - loss: 0.4770 - acc: 0.7688
 352/1424 [======>.......................] - ETA: 7s - loss: 0.4874 - acc: 0.7614
 384/1424 [=======>......................] - ETA: 7s - loss: 0.4766 - acc: 0.7734
 416/1424 [=======>......................] - ETA: 7s - loss: 0.4736 - acc: 0.7764
 448/1424 [========>.....................] - ETA: 6s - loss: 0.4748 - acc: 0.7768
 480/1424 [=========>....................] - ETA: 6s - loss: 0.4767 - acc: 0.7792
 512/1424 [=========>....................] - ETA: 6s - loss: 0.5145 - acc: 0.7832
 544/1424 [==========>...................] - ETA: 6s - loss: 0.5196 - acc: 0.7794
 576/1424 [===========>..................] - ETA: 6s - loss: 0.5162 - acc: 0.7812
 608/1424 [===========>..................] - ETA: 5s - loss: 0.5077 - acc: 0.7895
 640/1424 [============>.................] - ETA: 5s - loss: 0.5026 - acc: 0.7906
 672/1424 [=============>................] - ETA: 5s - loss: 0.5018 - acc: 0.7902
 704/1424 [=============>................] - ETA: 5s - loss: 0.4948 - acc: 0.7940
 736/1424 [==============>...............] - ETA: 4s - loss: 0.4994 - acc: 0.7908
 768/1424 [===============>..............] - ETA: 4s - loss: 0.4994 - acc: 0.7878
 800/1424 [===============>..............] - ETA: 4s - loss: 0.4978 - acc: 0.7850
 832/1424 [================>.............] - ETA: 4s - loss: 0.5086 - acc: 0.7825
 864/1424 [=================>............] - ETA: 4s - loss: 0.5059 - acc: 0.7847
 896/1424 [=================>............] - ETA: 3s - loss: 0.5063 - acc: 0.7846
 928/1424 [==================>...........] - ETA: 3s - loss: 0.5061 - acc: 0.7834
 960/1424 [===================>..........] - ETA: 3s - loss: 0.5008 - acc: 0.7875
 992/1424 [===================>..........] - ETA: 3s - loss: 0.4979 - acc: 0.7903
1024/1424 [====================>.........] - ETA: 2s - loss: 0.4997 - acc: 0.7900
1056/1424 [=====================>........] - ETA: 2s - loss: 0.5006 - acc: 0.7888
1088/1424 [=====================>........] - ETA: 2s - loss: 0.5009 - acc: 0.7895
1120/1424 [======================>.......] - ETA: 2s - loss: 0.5014 - acc: 0.7866
1152/1424 [=======================>......] - ETA: 1s - loss: 0.4988 - acc: 0.7882
1184/1424 [=======================>......] - ETA: 1s - loss: 0.4963 - acc: 0.7880
1216/1424 [========================>.....] - ETA: 1s - loss: 0.4979 - acc: 0.7887
1248/1424 [=========================>....] - ETA: 1s - loss: 0.4946 - acc: 0.7917
1280/1424 [=========================>....] - ETA: 1s - loss: 0.4933 - acc: 0.7945
1312/1424 [==========================>...] - ETA: 0s - loss: 0.4910 - acc: 0.7965
1344/1424 [===========================>..] - ETA: 0s - loss: 0.4923 - acc: 0.7932
1376/1424 [===========================>..] - ETA: 0s - loss: 0.4926 - acc: 0.7943
1408/1424 [============================>.] - ETA: 0s - loss: 0.4928 - acc: 0.7940
1424/1424 [==============================] - 13s 9ms/step - loss: 0.4930 - acc: 0.7928 - val_loss: 0.4497 - val_acc: 0.8333
Epoch 12/1000

  32/1424 [..............................] - ETA: 9s - loss: 0.5343 - acc: 0.8125
  64/1424 [>.............................] - ETA: 9s - loss: 0.4675 - acc: 0.8438
  96/1424 [=>............................] - ETA: 9s - loss: 0.4533 - acc: 0.8646
 128/1424 [=>............................] - ETA: 9s - loss: 0.4584 - acc: 0.8516
 160/1424 [==>...........................] - ETA: 9s - loss: 0.4657 - acc: 0.8313
 192/1424 [===>..........................] - ETA: 8s - loss: 0.4619 - acc: 0.8385
 224/1424 [===>..........................] - ETA: 8s - loss: 0.4676 - acc: 0.8170
 256/1424 [====>.........................] - ETA: 8s - loss: 0.4778 - acc: 0.8086
 288/1424 [=====>........................] - ETA: 8s - loss: 0.4736 - acc: 0.8090
 320/1424 [=====>........................] - ETA: 7s - loss: 0.4918 - acc: 0.8125
 352/1424 [======>.......................] - ETA: 7s - loss: 0.4738 - acc: 0.8295
 384/1424 [=======>......................] - ETA: 7s - loss: 0.4740 - acc: 0.8255
 416/1424 [=======>......................] - ETA: 7s - loss: 0.4725 - acc: 0.8221
 448/1424 [========>.....................] - ETA: 7s - loss: 0.4672 - acc: 0.8214
 480/1424 [=========>....................] - ETA: 6s - loss: 0.4619 - acc: 0.8208
 512/1424 [=========>....................] - ETA: 6s - loss: 0.4597 - acc: 0.8242
 544/1424 [==========>...................] - ETA: 6s - loss: 0.4613 - acc: 0.8272
 576/1424 [===========>..................] - ETA: 6s - loss: 0.4568 - acc: 0.8281
 608/1424 [===========>..................] - ETA: 5s - loss: 0.4573 - acc: 0.8289
 640/1424 [============>.................] - ETA: 5s - loss: 0.4608 - acc: 0.8266
 672/1424 [=============>................] - ETA: 5s - loss: 0.4638 - acc: 0.8274
 704/1424 [=============>................] - ETA: 5s - loss: 0.4656 - acc: 0.8267
 736/1424 [==============>...............] - ETA: 4s - loss: 0.4674 - acc: 0.8220
 768/1424 [===============>..............] - ETA: 4s - loss: 0.4674 - acc: 0.8203
 800/1424 [===============>..............] - ETA: 4s - loss: 0.4654 - acc: 0.8213
 832/1424 [================>.............] - ETA: 4s - loss: 0.4644 - acc: 0.8197
 864/1424 [=================>............] - ETA: 4s - loss: 0.4603 - acc: 0.8218
 896/1424 [=================>............] - ETA: 3s - loss: 0.4607 - acc: 0.8203
 928/1424 [==================>...........] - ETA: 3s - loss: 0.4622 - acc: 0.8200
 960/1424 [===================>..........] - ETA: 3s - loss: 0.4639 - acc: 0.8177
 992/1424 [===================>..........] - ETA: 3s - loss: 0.4661 - acc: 0.8175
1024/1424 [====================>.........] - ETA: 2s - loss: 0.4649 - acc: 0.8174
1056/1424 [=====================>........] - ETA: 2s - loss: 0.4673 - acc: 0.8163
1088/1424 [=====================>........] - ETA: 2s - loss: 0.4643 - acc: 0.8171
1120/1424 [======================>.......] - ETA: 2s - loss: 0.4603 - acc: 0.8205
1152/1424 [=======================>......] - ETA: 1s - loss: 0.4567 - acc: 0.8220
1184/1424 [=======================>......] - ETA: 1s - loss: 0.4588 - acc: 0.8193
1216/1424 [========================>.....] - ETA: 1s - loss: 0.4581 - acc: 0.8199
1248/1424 [=========================>....] - ETA: 1s - loss: 0.4600 - acc: 0.8165
1280/1424 [=========================>....] - ETA: 1s - loss: 0.4559 - acc: 0.8195
1312/1424 [==========================>...] - ETA: 0s - loss: 0.4592 - acc: 0.8178
1344/1424 [===========================>..] - ETA: 0s - loss: 0.4588 - acc: 0.8192
1376/1424 [===========================>..] - ETA: 0s - loss: 0.4567 - acc: 0.8205
1408/1424 [============================>.] - ETA: 0s - loss: 0.4591 - acc: 0.8196
1424/1424 [==============================] - 13s 9ms/step - loss: 0.4601 - acc: 0.8195 - val_loss: 0.4148 - val_acc: 0.8319
Epoch 13/1000

  32/1424 [..............................] - ETA: 10s - loss: 0.3924 - acc: 0.8125
  64/1424 [>.............................] - ETA: 9s - loss: 0.5152 - acc: 0.7500 
  96/1424 [=>............................] - ETA: 9s - loss: 0.4531 - acc: 0.7917
 128/1424 [=>............................] - ETA: 9s - loss: 0.4429 - acc: 0.8125
 160/1424 [==>...........................] - ETA: 9s - loss: 0.4530 - acc: 0.8000
 192/1424 [===>..........................] - ETA: 8s - loss: 0.4424 - acc: 0.8125
 224/1424 [===>..........................] - ETA: 8s - loss: 0.4441 - acc: 0.8125
 256/1424 [====>.........................] - ETA: 8s - loss: 0.4476 - acc: 0.8086
 288/1424 [=====>........................] - ETA: 8s - loss: 0.4464 - acc: 0.8125
 320/1424 [=====>........................] - ETA: 7s - loss: 0.4700 - acc: 0.8031
 352/1424 [======>.......................] - ETA: 7s - loss: 0.4596 - acc: 0.8097
 384/1424 [=======>......................] - ETA: 7s - loss: 0.4564 - acc: 0.8099
 416/1424 [=======>......................] - ETA: 7s - loss: 0.4601 - acc: 0.8101
 448/1424 [========>.....................] - ETA: 6s - loss: 0.4636 - acc: 0.8036
 480/1424 [=========>....................] - ETA: 6s - loss: 0.4636 - acc: 0.8000
 512/1424 [=========>....................] - ETA: 6s - loss: 0.4638 - acc: 0.7988
 544/1424 [==========>...................] - ETA: 6s - loss: 0.4686 - acc: 0.7923
 576/1424 [===========>..................] - ETA: 6s - loss: 0.4646 - acc: 0.7951
 608/1424 [===========>..................] - ETA: 5s - loss: 0.4559 - acc: 0.8010
 640/1424 [============>.................] - ETA: 5s - loss: 0.4509 - acc: 0.8063
 672/1424 [=============>................] - ETA: 5s - loss: 0.4435 - acc: 0.8110
 704/1424 [=============>................] - ETA: 5s - loss: 0.4420 - acc: 0.8125
 736/1424 [==============>...............] - ETA: 4s - loss: 0.4370 - acc: 0.8166
 768/1424 [===============>..............] - ETA: 4s - loss: 0.4318 - acc: 0.8203
 800/1424 [===============>..............] - ETA: 4s - loss: 0.4303 - acc: 0.8213
 832/1424 [================>.............] - ETA: 4s - loss: 0.4309 - acc: 0.8209
 864/1424 [=================>............] - ETA: 4s - loss: 0.4312 - acc: 0.8206
 896/1424 [=================>............] - ETA: 3s - loss: 0.4290 - acc: 0.8225
 928/1424 [==================>...........] - ETA: 3s - loss: 0.4358 - acc: 0.8179
 960/1424 [===================>..........] - ETA: 3s - loss: 0.4348 - acc: 0.8156
 992/1424 [===================>..........] - ETA: 3s - loss: 0.4334 - acc: 0.8165
1024/1424 [====================>.........] - ETA: 2s - loss: 0.4354 - acc: 0.8164
1056/1424 [=====================>........] - ETA: 2s - loss: 0.4340 - acc: 0.8163
1088/1424 [=====================>........] - ETA: 2s - loss: 0.4346 - acc: 0.8162
1120/1424 [======================>.......] - ETA: 2s - loss: 0.4323 - acc: 0.8179
1152/1424 [=======================>......] - ETA: 1s - loss: 0.4331 - acc: 0.8160
1184/1424 [=======================>......] - ETA: 1s - loss: 0.4282 - acc: 0.8193
1216/1424 [========================>.....] - ETA: 1s - loss: 0.4242 - acc: 0.8224
1248/1424 [=========================>....] - ETA: 1s - loss: 0.4286 - acc: 0.8213
1280/1424 [=========================>....] - ETA: 1s - loss: 0.4290 - acc: 0.8211
1312/1424 [==========================>...] - ETA: 0s - loss: 0.4276 - acc: 0.8224
1344/1424 [===========================>..] - ETA: 0s - loss: 0.4299 - acc: 0.8214
1376/1424 [===========================>..] - ETA: 0s - loss: 0.4293 - acc: 0.8212
1408/1424 [============================>.] - ETA: 0s - loss: 0.4334 - acc: 0.8196
1424/1424 [==============================] - 13s 9ms/step - loss: 0.4335 - acc: 0.8195 - val_loss: 0.4017 - val_acc: 0.8347
Epoch 14/1000

  32/1424 [..............................] - ETA: 9s - loss: 0.4068 - acc: 0.8438
  64/1424 [>.............................] - ETA: 9s - loss: 0.4141 - acc: 0.8125
  96/1424 [=>............................] - ETA: 9s - loss: 0.4531 - acc: 0.8125
 128/1424 [=>............................] - ETA: 9s - loss: 0.4339 - acc: 0.8125
 160/1424 [==>...........................] - ETA: 9s - loss: 0.5017 - acc: 0.8187
 192/1424 [===>..........................] - ETA: 8s - loss: 0.5094 - acc: 0.8125
 224/1424 [===>..........................] - ETA: 8s - loss: 0.5081 - acc: 0.7991
 256/1424 [====>.........................] - ETA: 8s - loss: 0.5159 - acc: 0.7930
 288/1424 [=====>........................] - ETA: 8s - loss: 0.5551 - acc: 0.7569
 320/1424 [=====>........................] - ETA: 7s - loss: 0.5563 - acc: 0.7500
 352/1424 [======>.......................] - ETA: 7s - loss: 0.5797 - acc: 0.7386
 384/1424 [=======>......................] - ETA: 7s - loss: 0.7233 - acc: 0.7240
 416/1424 [=======>......................] - ETA: 7s - loss: 1.0612 - acc: 0.7043
 448/1424 [========>.....................] - ETA: 6s - loss: 1.2990 - acc: 0.6875
 480/1424 [=========>....................] - ETA: 6s - loss: 1.3568 - acc: 0.6792
 512/1424 [=========>....................] - ETA: 6s - loss: 1.3388 - acc: 0.6641
 544/1424 [==========>...................] - ETA: 6s - loss: 1.3199 - acc: 0.6544
 576/1424 [===========>..................] - ETA: 6s - loss: 1.2878 - acc: 0.6493
 608/1424 [===========>..................] - ETA: 5s - loss: 1.2521 - acc: 0.6497
 640/1424 [============>.................] - ETA: 5s - loss: 1.2200 - acc: 0.6516
 672/1424 [=============>................] - ETA: 5s - loss: 1.1887 - acc: 0.6518
 704/1424 [=============>................] - ETA: 5s - loss: 1.1606 - acc: 0.6562
 736/1424 [==============>...............] - ETA: 4s - loss: 1.1384 - acc: 0.6549
 768/1424 [===============>..............] - ETA: 4s - loss: 1.1129 - acc: 0.6589
 800/1424 [===============>..............] - ETA: 4s - loss: 1.0902 - acc: 0.6625
 832/1424 [================>.............] - ETA: 4s - loss: 1.0690 - acc: 0.6635
 864/1424 [=================>............] - ETA: 4s - loss: 1.0467 - acc: 0.6713
 896/1424 [=================>............] - ETA: 3s - loss: 1.0292 - acc: 0.6719
 928/1424 [==================>...........] - ETA: 3s - loss: 1.0120 - acc: 0.6746
 960/1424 [===================>..........] - ETA: 3s - loss: 0.9986 - acc: 0.6781
 992/1424 [===================>..........] - ETA: 3s - loss: 0.9844 - acc: 0.6804
1024/1424 [====================>.........] - ETA: 2s - loss: 0.9739 - acc: 0.6826
1056/1424 [=====================>........] - ETA: 2s - loss: 0.9614 - acc: 0.6847
1088/1424 [=====================>........] - ETA: 2s - loss: 0.9473 - acc: 0.6903
1120/1424 [======================>.......] - ETA: 2s - loss: 0.9338 - acc: 0.6946
1152/1424 [=======================>......] - ETA: 1s - loss: 0.9233 - acc: 0.6953
1184/1424 [=======================>......] - ETA: 1s - loss: 0.9146 - acc: 0.6968
1216/1424 [========================>.....] - ETA: 1s - loss: 0.9043 - acc: 0.6990
1248/1424 [=========================>....] - ETA: 1s - loss: 0.8944 - acc: 0.7003
1280/1424 [=========================>....] - ETA: 1s - loss: 0.8850 - acc: 0.7023
1312/1424 [==========================>...] - ETA: 0s - loss: 0.8766 - acc: 0.7035
1344/1424 [===========================>..] - ETA: 0s - loss: 0.8688 - acc: 0.7039
1376/1424 [===========================>..] - ETA: 0s - loss: 0.8598 - acc: 0.7064
1408/1424 [============================>.] - ETA: 0s - loss: 0.8508 - acc: 0.7088
1424/1424 [==============================] - 13s 9ms/step - loss: 0.8487 - acc: 0.7072 - val_loss: 0.5280 - val_acc: 0.7966
Epoch 15/1000

  32/1424 [..............................] - ETA: 9s - loss: 0.5514 - acc: 0.6875
  64/1424 [>.............................] - ETA: 9s - loss: 0.5782 - acc: 0.6719
  96/1424 [=>............................] - ETA: 9s - loss: 0.5576 - acc: 0.7188
 128/1424 [=>............................] - ETA: 9s - loss: 0.5351 - acc: 0.7422
 160/1424 [==>...........................] - ETA: 9s - loss: 0.5235 - acc: 0.7562
 192/1424 [===>..........................] - ETA: 8s - loss: 0.5903 - acc: 0.7656
 224/1424 [===>..........................] - ETA: 8s - loss: 0.5814 - acc: 0.7634
 256/1424 [====>.........................] - ETA: 8s - loss: 0.5671 - acc: 0.7734
 288/1424 [=====>........................] - ETA: 8s - loss: 0.5685 - acc: 0.7639
 320/1424 [=====>........................] - ETA: 7s - loss: 0.5566 - acc: 0.7781
 352/1424 [======>.......................] - ETA: 7s - loss: 0.5797 - acc: 0.7812
 384/1424 [=======>......................] - ETA: 7s - loss: 0.5798 - acc: 0.7839
 416/1424 [=======>......................] - ETA: 7s - loss: 0.6136 - acc: 0.7788
 448/1424 [========>.....................] - ETA: 7s - loss: 0.6036 - acc: 0.7790
 480/1424 [=========>....................] - ETA: 6s - loss: 0.5979 - acc: 0.7833
 512/1424 [=========>....................] - ETA: 6s - loss: 0.6070 - acc: 0.7793
 544/1424 [==========>...................] - ETA: 6s - loss: 0.6135 - acc: 0.7739
 576/1424 [===========>..................] - ETA: 6s - loss: 0.6057 - acc: 0.7760
 608/1424 [===========>..................] - ETA: 5s - loss: 0.5999 - acc: 0.7763
 640/1424 [============>.................] - ETA: 5s - loss: 0.5927 - acc: 0.7766
 672/1424 [=============>................] - ETA: 5s - loss: 0.5855 - acc: 0.7812
 704/1424 [=============>................] - ETA: 5s - loss: 0.5819 - acc: 0.7784
 736/1424 [==============>...............] - ETA: 4s - loss: 0.5831 - acc: 0.7745
 768/1424 [===============>..............] - ETA: 4s - loss: 0.5760 - acc: 0.7773
 800/1424 [===============>..............] - ETA: 4s - loss: 0.5734 - acc: 0.7762
 832/1424 [================>.............] - ETA: 4s - loss: 0.5748 - acc: 0.7752
 864/1424 [=================>............] - ETA: 4s - loss: 0.5749 - acc: 0.7778
 896/1424 [=================>............] - ETA: 3s - loss: 0.5709 - acc: 0.7790
 928/1424 [==================>...........] - ETA: 3s - loss: 0.5688 - acc: 0.7780
 960/1424 [===================>..........] - ETA: 3s - loss: 0.5654 - acc: 0.7792
 992/1424 [===================>..........] - ETA: 3s - loss: 0.5630 - acc: 0.7812
1024/1424 [====================>.........] - ETA: 2s - loss: 0.5624 - acc: 0.7803
1056/1424 [=====================>........] - ETA: 2s - loss: 0.5608 - acc: 0.7794
1088/1424 [=====================>........] - ETA: 2s - loss: 0.5587 - acc: 0.7785
1120/1424 [======================>.......] - ETA: 2s - loss: 0.5575 - acc: 0.7777
1152/1424 [=======================>......] - ETA: 1s - loss: 0.5531 - acc: 0.7786
1184/1424 [=======================>......] - ETA: 1s - loss: 0.5508 - acc: 0.7779
1216/1424 [========================>.....] - ETA: 1s - loss: 0.5492 - acc: 0.7780
1248/1424 [=========================>....] - ETA: 1s - loss: 0.5485 - acc: 0.7796
1280/1424 [=========================>....] - ETA: 1s - loss: 0.5468 - acc: 0.7797
1312/1424 [==========================>...] - ETA: 0s - loss: 0.5433 - acc: 0.7820
1344/1424 [===========================>..] - ETA: 0s - loss: 0.5444 - acc: 0.7812
1376/1424 [===========================>..] - ETA: 0s - loss: 0.5429 - acc: 0.7827
1408/1424 [============================>.] - ETA: 0s - loss: 0.5408 - acc: 0.7841
1424/1424 [==============================] - 13s 9ms/step - loss: 0.5405 - acc: 0.7830 - val_loss: 0.4804 - val_acc: 0.8121
Epoch 16/1000

  32/1424 [..............................] - ETA: 9s - loss: 0.5125 - acc: 0.7812
  64/1424 [>.............................] - ETA: 9s - loss: 0.5827 - acc: 0.7031
  96/1424 [=>............................] - ETA: 9s - loss: 0.6568 - acc: 0.7292
 128/1424 [=>............................] - ETA: 9s - loss: 0.6143 - acc: 0.7344
 160/1424 [==>...........................] - ETA: 9s - loss: 0.5809 - acc: 0.7438
 192/1424 [===>..........................] - ETA: 8s - loss: 0.5971 - acc: 0.7500
 224/1424 [===>..........................] - ETA: 8s - loss: 0.5784 - acc: 0.7455
 256/1424 [====>.........................] - ETA: 8s - loss: 0.5782 - acc: 0.7422
 288/1424 [=====>........................] - ETA: 8s - loss: 0.5498 - acc: 0.7674
 320/1424 [=====>........................] - ETA: 7s - loss: 0.5383 - acc: 0.7719
 352/1424 [======>.......................] - ETA: 7s - loss: 0.5825 - acc: 0.7699
 384/1424 [=======>......................] - ETA: 7s - loss: 0.5789 - acc: 0.7682
 416/1424 [=======>......................] - ETA: 7s - loss: 0.5813 - acc: 0.7620
 448/1424 [========>.....................] - ETA: 7s - loss: 0.6048 - acc: 0.7656
 480/1424 [=========>....................] - ETA: 6s - loss: 0.6018 - acc: 0.7646
 512/1424 [=========>....................] - ETA: 6s - loss: 0.5917 - acc: 0.7734
 544/1424 [==========>...................] - ETA: 6s - loss: 0.5830 - acc: 0.7739
 576/1424 [===========>..................] - ETA: 6s - loss: 0.5805 - acc: 0.7708
 608/1424 [===========>..................] - ETA: 5s - loss: 0.5708 - acc: 0.7763
 640/1424 [============>.................] - ETA: 5s - loss: 0.5664 - acc: 0.7781
 672/1424 [=============>................] - ETA: 5s - loss: 0.5606 - acc: 0.7827
 704/1424 [=============>................] - ETA: 5s - loss: 0.5534 - acc: 0.7855
 736/1424 [==============>...............] - ETA: 4s - loss: 0.5469 - acc: 0.7894
 768/1424 [===============>..............] - ETA: 4s - loss: 0.5425 - acc: 0.7891
 800/1424 [===============>..............] - ETA: 4s - loss: 0.5402 - acc: 0.7913
 832/1424 [================>.............] - ETA: 4s - loss: 0.5397 - acc: 0.7861
 864/1424 [=================>............] - ETA: 4s - loss: 0.5381 - acc: 0.7859
 896/1424 [=================>............] - ETA: 3s - loss: 0.5332 - acc: 0.7891
 928/1424 [==================>...........] - ETA: 3s - loss: 0.5315 - acc: 0.7888
 960/1424 [===================>..........] - ETA: 3s - loss: 0.5292 - acc: 0.7885
 992/1424 [===================>..........] - ETA: 3s - loss: 0.5267 - acc: 0.7903
1024/1424 [====================>.........] - ETA: 2s - loss: 0.5215 - acc: 0.7939
1056/1424 [=====================>........] - ETA: 2s - loss: 0.5214 - acc: 0.7898
1088/1424 [=====================>........] - ETA: 2s - loss: 0.5164 - acc: 0.7914
1120/1424 [======================>.......] - ETA: 2s - loss: 0.5170 - acc: 0.7875
1152/1424 [=======================>......] - ETA: 1s - loss: 0.5187 - acc: 0.7882
1184/1424 [=======================>......] - ETA: 1s - loss: 0.5194 - acc: 0.7855
1216/1424 [========================>.....] - ETA: 1s - loss: 0.5170 - acc: 0.7862
1248/1424 [=========================>....] - ETA: 1s - loss: 0.5161 - acc: 0.7869
1280/1424 [=========================>....] - ETA: 1s - loss: 0.5166 - acc: 0.7867
1312/1424 [==========================>...] - ETA: 0s - loss: 0.5137 - acc: 0.7881
1344/1424 [===========================>..] - ETA: 0s - loss: 0.5099 - acc: 0.7894
1376/1424 [===========================>..] - ETA: 0s - loss: 0.5152 - acc: 0.7892
1408/1424 [============================>.] - ETA: 0s - loss: 0.5152 - acc: 0.7891
1424/1424 [==============================] - 13s 9ms/step - loss: 0.5164 - acc: 0.7879 - val_loss: 0.4533 - val_acc: 0.8192
Epoch 17/1000

  32/1424 [..............................] - ETA: 10s - loss: 0.5458 - acc: 0.7812
  64/1424 [>.............................] - ETA: 9s - loss: 0.5368 - acc: 0.7812 
  96/1424 [=>............................] - ETA: 9s - loss: 0.4999 - acc: 0.8021
 128/1424 [=>............................] - ETA: 9s - loss: 0.4892 - acc: 0.7891
 160/1424 [==>...........................] - ETA: 9s - loss: 0.4989 - acc: 0.7937
 192/1424 [===>..........................] - ETA: 8s - loss: 0.4948 - acc: 0.7969
 224/1424 [===>..........................] - ETA: 8s - loss: 0.4853 - acc: 0.7902
 256/1424 [====>.........................] - ETA: 8s - loss: 0.4832 - acc: 0.7891
 288/1424 [=====>........................] - ETA: 8s - loss: 0.4803 - acc: 0.7882
 320/1424 [=====>........................] - ETA: 7s - loss: 0.4829 - acc: 0.7875
 352/1424 [======>.......................] - ETA: 7s - loss: 0.4699 - acc: 0.7983
 384/1424 [=======>......................] - ETA: 7s - loss: 0.4737 - acc: 0.7943
 416/1424 [=======>......................] - ETA: 7s - loss: 0.4753 - acc: 0.7933
 448/1424 [========>.....................] - ETA: 6s - loss: 0.4695 - acc: 0.7924
 480/1424 [=========>....................] - ETA: 6s - loss: 0.4771 - acc: 0.7854
 512/1424 [=========>....................] - ETA: 6s - loss: 0.4774 - acc: 0.7852
 544/1424 [==========>...................] - ETA: 6s - loss: 0.4772 - acc: 0.7868
 576/1424 [===========>..................] - ETA: 6s - loss: 0.4737 - acc: 0.7899
 608/1424 [===========>..................] - ETA: 5s - loss: 0.4729 - acc: 0.7928
 640/1424 [============>.................] - ETA: 5s - loss: 0.4694 - acc: 0.7969
 672/1424 [=============>................] - ETA: 5s - loss: 0.4662 - acc: 0.7991
 704/1424 [=============>................] - ETA: 5s - loss: 0.4665 - acc: 0.7997
 736/1424 [==============>...............] - ETA: 4s - loss: 0.4728 - acc: 0.7989
 768/1424 [===============>..............] - ETA: 4s - loss: 0.4702 - acc: 0.8008
 800/1424 [===============>..............] - ETA: 4s - loss: 0.4693 - acc: 0.8013
 832/1424 [================>.............] - ETA: 4s - loss: 0.4682 - acc: 0.8017
 864/1424 [=================>............] - ETA: 4s - loss: 0.4694 - acc: 0.8056
 896/1424 [=================>............] - ETA: 3s - loss: 0.4728 - acc: 0.8047
 928/1424 [==================>...........] - ETA: 3s - loss: 0.4703 - acc: 0.8050
 960/1424 [===================>..........] - ETA: 3s - loss: 0.4690 - acc: 0.8052
 992/1424 [===================>..........] - ETA: 3s - loss: 0.4720 - acc: 0.8004
1024/1424 [====================>.........] - ETA: 2s - loss: 0.4697 - acc: 0.8018
1056/1424 [=====================>........] - ETA: 2s - loss: 0.4689 - acc: 0.8030
1088/1424 [=====================>........] - ETA: 2s - loss: 0.4679 - acc: 0.8051
1120/1424 [======================>.......] - ETA: 2s - loss: 0.4672 - acc: 0.8036
1152/1424 [=======================>......] - ETA: 1s - loss: 0.4682 - acc: 0.8047
1184/1424 [=======================>......] - ETA: 1s - loss: 0.4683 - acc: 0.8049
1216/1424 [========================>.....] - ETA: 1s - loss: 0.4669 - acc: 0.8043
1248/1424 [=========================>....] - ETA: 1s - loss: 0.4749 - acc: 0.8053
1280/1424 [=========================>....] - ETA: 1s - loss: 0.4749 - acc: 0.8047
1312/1424 [==========================>...] - ETA: 0s - loss: 0.4757 - acc: 0.8034
1344/1424 [===========================>..] - ETA: 0s - loss: 0.4763 - acc: 0.8021
1376/1424 [===========================>..] - ETA: 0s - loss: 0.4760 - acc: 0.8023
1408/1424 [============================>.] - ETA: 0s - loss: 0.4761 - acc: 0.8018
1424/1424 [==============================] - 13s 9ms/step - loss: 0.4761 - acc: 0.8013 - val_loss: 0.4687 - val_acc: 0.8234
Epoch 18/1000

  32/1424 [..............................] - ETA: 9s - loss: 0.4885 - acc: 0.8125
  64/1424 [>.............................] - ETA: 9s - loss: 0.4650 - acc: 0.8438
  96/1424 [=>............................] - ETA: 9s - loss: 0.4676 - acc: 0.8229
 128/1424 [=>............................] - ETA: 9s - loss: 0.4782 - acc: 0.8281
 160/1424 [==>...........................] - ETA: 9s - loss: 0.4775 - acc: 0.8375
 192/1424 [===>..........................] - ETA: 8s - loss: 0.4743 - acc: 0.8333
 224/1424 [===>..........................] - ETA: 8s - loss: 0.4666 - acc: 0.8438
 256/1424 [====>.........................] - ETA: 8s - loss: 0.4655 - acc: 0.8516
 288/1424 [=====>........................] - ETA: 8s - loss: 0.4718 - acc: 0.8438
 320/1424 [=====>........................] - ETA: 7s - loss: 0.4687 - acc: 0.8406
 352/1424 [======>.......................] - ETA: 7s - loss: 0.4673 - acc: 0.8409
 384/1424 [=======>......................] - ETA: 7s - loss: 0.4789 - acc: 0.8255
 416/1424 [=======>......................] - ETA: 7s - loss: 0.4864 - acc: 0.8125
 448/1424 [========>.....................] - ETA: 6s - loss: 0.4742 - acc: 0.8214
 480/1424 [=========>....................] - ETA: 6s - loss: 0.4782 - acc: 0.8187
 512/1424 [=========>....................] - ETA: 6s - loss: 0.4743 - acc: 0.8164
 544/1424 [==========>...................] - ETA: 6s - loss: 0.4720 - acc: 0.8162
 576/1424 [===========>..................] - ETA: 6s - loss: 0.4697 - acc: 0.8177
 608/1424 [===========>..................] - ETA: 5s - loss: 0.4715 - acc: 0.8158
 640/1424 [============>.................] - ETA: 5s - loss: 0.4712 - acc: 0.8156
 672/1424 [=============>................] - ETA: 5s - loss: 0.4702 - acc: 0.8170
 704/1424 [=============>................] - ETA: 5s - loss: 0.4695 - acc: 0.8153
 736/1424 [==============>...............] - ETA: 4s - loss: 0.4700 - acc: 0.8139
 768/1424 [===============>..............] - ETA: 4s - loss: 0.4751 - acc: 0.8073
 800/1424 [===============>..............] - ETA: 4s - loss: 0.4765 - acc: 0.8063
 832/1424 [================>.............] - ETA: 4s - loss: 0.4810 - acc: 0.8017
 864/1424 [=================>............] - ETA: 4s - loss: 0.4808 - acc: 0.8021
 896/1424 [=================>............] - ETA: 3s - loss: 0.4809 - acc: 0.8036
 928/1424 [==================>...........] - ETA: 3s - loss: 0.4789 - acc: 0.8060
 960/1424 [===================>..........] - ETA: 3s - loss: 0.4794 - acc: 0.8052
 992/1424 [===================>..........] - ETA: 3s - loss: 0.4795 - acc: 0.8024
1024/1424 [====================>.........] - ETA: 2s - loss: 0.4785 - acc: 0.8018
1056/1424 [=====================>........] - ETA: 2s - loss: 0.4766 - acc: 0.8021
1088/1424 [=====================>........] - ETA: 2s - loss: 0.4726 - acc: 0.8042
1120/1424 [======================>.......] - ETA: 2s - loss: 0.4725 - acc: 0.8036
1152/1424 [=======================>......] - ETA: 1s - loss: 0.4745 - acc: 0.8012
1184/1424 [=======================>......] - ETA: 1s - loss: 0.4735 - acc: 0.8024
1216/1424 [========================>.....] - ETA: 1s - loss: 0.4715 - acc: 0.8043
1248/1424 [=========================>....] - ETA: 1s - loss: 0.4732 - acc: 0.8029
1280/1424 [=========================>....] - ETA: 1s - loss: 0.4745 - acc: 0.8016
1312/1424 [==========================>...] - ETA: 0s - loss: 0.4877 - acc: 0.8003
1344/1424 [===========================>..] - ETA: 0s - loss: 0.4850 - acc: 0.8028
1376/1424 [===========================>..] - ETA: 0s - loss: 0.4847 - acc: 0.8016
1408/1424 [============================>.] - ETA: 0s - loss: 0.4833 - acc: 0.8026
1424/1424 [==============================] - 13s 9ms/step - loss: 0.4833 - acc: 0.8027 - val_loss: 0.4459 - val_acc: 0.8362
Epoch 19/1000

  32/1424 [..............................] - ETA: 9s - loss: 0.5154 - acc: 0.7812
  64/1424 [>.............................] - ETA: 9s - loss: 0.5035 - acc: 0.7812
  96/1424 [=>............................] - ETA: 9s - loss: 0.4839 - acc: 0.8021
 128/1424 [=>............................] - ETA: 9s - loss: 0.4751 - acc: 0.7891
 160/1424 [==>...........................] - ETA: 9s - loss: 0.4993 - acc: 0.7688
 192/1424 [===>..........................] - ETA: 8s - loss: 0.5058 - acc: 0.7604
 224/1424 [===>..........................] - ETA: 8s - loss: 0.4917 - acc: 0.7723
 256/1424 [====>.........................] - ETA: 8s - loss: 0.4849 - acc: 0.7773
 288/1424 [=====>........................] - ETA: 8s - loss: 0.4756 - acc: 0.7882
 320/1424 [=====>........................] - ETA: 7s - loss: 0.4674 - acc: 0.7969
 352/1424 [======>.......................] - ETA: 7s - loss: 0.4684 - acc: 0.7955
 384/1424 [=======>......................] - ETA: 7s - loss: 0.4633 - acc: 0.7969
 416/1424 [=======>......................] - ETA: 7s - loss: 0.4673 - acc: 0.7981
 448/1424 [========>.....................] - ETA: 6s - loss: 0.4712 - acc: 0.7946
 480/1424 [=========>....................] - ETA: 6s - loss: 0.4658 - acc: 0.8000
 512/1424 [=========>....................] - ETA: 6s - loss: 0.4618 - acc: 0.8027
 544/1424 [==========>...................] - ETA: 6s - loss: 0.4652 - acc: 0.8015
 576/1424 [===========>..................] - ETA: 6s - loss: 0.4647 - acc: 0.8056
 608/1424 [===========>..................] - ETA: 5s - loss: 0.4771 - acc: 0.7977
 640/1424 [============>.................] - ETA: 5s - loss: 0.4728 - acc: 0.8000
 672/1424 [=============>................] - ETA: 5s - loss: 0.4722 - acc: 0.8006
 704/1424 [=============>................] - ETA: 5s - loss: 0.4748 - acc: 0.7983
 736/1424 [==============>...............] - ETA: 4s - loss: 0.4762 - acc: 0.7935
 768/1424 [===============>..............] - ETA: 4s - loss: 0.4722 - acc: 0.7930
 800/1424 [===============>..............] - ETA: 4s - loss: 0.4727 - acc: 0.7913
 832/1424 [================>.............] - ETA: 4s - loss: 0.4702 - acc: 0.7945
 864/1424 [=================>............] - ETA: 4s - loss: 0.4745 - acc: 0.7928
 896/1424 [=================>............] - ETA: 3s - loss: 0.4700 - acc: 0.7969
 928/1424 [==================>...........] - ETA: 3s - loss: 0.4683 - acc: 0.7974
 960/1424 [===================>..........] - ETA: 3s - loss: 0.4639 - acc: 0.8010
 992/1424 [===================>..........] - ETA: 3s - loss: 0.4671 - acc: 0.8004
1024/1424 [====================>.........] - ETA: 2s - loss: 0.4619 - acc: 0.8047
1056/1424 [=====================>........] - ETA: 2s - loss: 0.4610 - acc: 0.8059
1088/1424 [=====================>........] - ETA: 2s - loss: 0.4615 - acc: 0.8070
1120/1424 [======================>.......] - ETA: 2s - loss: 0.4591 - acc: 0.8080
1152/1424 [=======================>......] - ETA: 1s - loss: 0.4563 - acc: 0.8125
1184/1424 [=======================>......] - ETA: 1s - loss: 0.4538 - acc: 0.8133
1216/1424 [========================>.....] - ETA: 1s - loss: 0.4535 - acc: 0.8125
1248/1424 [=========================>....] - ETA: 1s - loss: 0.4544 - acc: 0.8117
1280/1424 [=========================>....] - ETA: 1s - loss: 0.4522 - acc: 0.8141
1312/1424 [==========================>...] - ETA: 0s - loss: 0.4515 - acc: 0.8133
1344/1424 [===========================>..] - ETA: 0s - loss: 0.4476 - acc: 0.8162
1376/1424 [===========================>..] - ETA: 0s - loss: 0.4484 - acc: 0.8147
1408/1424 [============================>.] - ETA: 0s - loss: 0.4478 - acc: 0.8139
1424/1424 [==============================] - 13s 9ms/step - loss: 0.4487 - acc: 0.8132 - val_loss: 0.4102 - val_acc: 0.8404
Epoch 20/1000

  32/1424 [..............................] - ETA: 10s - loss: 0.5413 - acc: 0.7188
  64/1424 [>.............................] - ETA: 9s - loss: 0.4732 - acc: 0.7500 
  96/1424 [=>............................] - ETA: 9s - loss: 0.4673 - acc: 0.7812
 128/1424 [=>............................] - ETA: 9s - loss: 0.4840 - acc: 0.7656
 160/1424 [==>...........................] - ETA: 9s - loss: 0.5108 - acc: 0.7500
 192/1424 [===>..........................] - ETA: 8s - loss: 0.5025 - acc: 0.7552
 224/1424 [===>..........................] - ETA: 8s - loss: 0.4907 - acc: 0.7634
 256/1424 [====>.........................] - ETA: 8s - loss: 0.4689 - acc: 0.7773
 288/1424 [=====>........................] - ETA: 8s - loss: 0.4486 - acc: 0.7917
 320/1424 [=====>........................] - ETA: 7s - loss: 0.4577 - acc: 0.7844
 352/1424 [======>.......................] - ETA: 7s - loss: 0.4552 - acc: 0.7869
 384/1424 [=======>......................] - ETA: 7s - loss: 0.4500 - acc: 0.7943
 416/1424 [=======>......................] - ETA: 7s - loss: 0.4543 - acc: 0.7933
 448/1424 [========>.....................] - ETA: 7s - loss: 0.4511 - acc: 0.7946
 480/1424 [=========>....................] - ETA: 6s - loss: 0.4444 - acc: 0.7979
 512/1424 [=========>....................] - ETA: 6s - loss: 0.4512 - acc: 0.7969
 544/1424 [==========>...................] - ETA: 6s - loss: 0.4514 - acc: 0.7960
 576/1424 [===========>..................] - ETA: 6s - loss: 0.4494 - acc: 0.7969
 608/1424 [===========>..................] - ETA: 5s - loss: 0.4499 - acc: 0.7961
 640/1424 [============>.................] - ETA: 5s - loss: 0.4542 - acc: 0.7953
 672/1424 [=============>................] - ETA: 5s - loss: 0.4512 - acc: 0.8006
 704/1424 [=============>................] - ETA: 5s - loss: 0.4482 - acc: 0.8011
 736/1424 [==============>...............] - ETA: 4s - loss: 0.4471 - acc: 0.8003
 768/1424 [===============>..............] - ETA: 4s - loss: 0.4448 - acc: 0.8034
 800/1424 [===============>..............] - ETA: 4s - loss: 0.4433 - acc: 0.8050
 832/1424 [================>.............] - ETA: 4s - loss: 0.4453 - acc: 0.8017
 864/1424 [=================>............] - ETA: 4s - loss: 0.4422 - acc: 0.8044
 896/1424 [=================>............] - ETA: 3s - loss: 0.4409 - acc: 0.8058
 928/1424 [==================>...........] - ETA: 3s - loss: 0.4441 - acc: 0.8006
 960/1424 [===================>..........] - ETA: 3s - loss: 0.4437 - acc: 0.8000
 992/1424 [===================>..........] - ETA: 3s - loss: 0.4413 - acc: 0.8034
1024/1424 [====================>.........] - ETA: 2s - loss: 0.4370 - acc: 0.8057
1056/1424 [=====================>........] - ETA: 2s - loss: 0.4373 - acc: 0.8049
1088/1424 [=====================>........] - ETA: 2s - loss: 0.4364 - acc: 0.8051
1120/1424 [======================>.......] - ETA: 2s - loss: 0.4354 - acc: 0.8054
1152/1424 [=======================>......] - ETA: 1s - loss: 0.4357 - acc: 0.8047
1184/1424 [=======================>......] - ETA: 1s - loss: 0.4332 - acc: 0.8057
1216/1424 [========================>.....] - ETA: 1s - loss: 0.4372 - acc: 0.8010
1248/1424 [=========================>....] - ETA: 1s - loss: 0.4403 - acc: 0.8005
1280/1424 [=========================>....] - ETA: 1s - loss: 0.4445 - acc: 0.7992
1312/1424 [==========================>...] - ETA: 0s - loss: 0.4437 - acc: 0.7988
1344/1424 [===========================>..] - ETA: 0s - loss: 0.4446 - acc: 0.7976
1376/1424 [===========================>..] - ETA: 0s - loss: 0.4478 - acc: 0.7965
1408/1424 [============================>.] - ETA: 0s - loss: 0.4441 - acc: 0.7997
1424/1424 [==============================] - 13s 9ms/step - loss: 0.4451 - acc: 0.7992 - val_loss: 0.4391 - val_acc: 0.8136
Epoch 21/1000

  32/1424 [..............................] - ETA: 10s - loss: 0.3480 - acc: 0.9062
  64/1424 [>.............................] - ETA: 9s - loss: 0.4331 - acc: 0.8125 
  96/1424 [=>............................] - ETA: 9s - loss: 0.4863 - acc: 0.7604
 128/1424 [=>............................] - ETA: 9s - loss: 0.4618 - acc: 0.7891
 160/1424 [==>...........................] - ETA: 9s - loss: 0.4381 - acc: 0.8063
 192/1424 [===>..........................] - ETA: 8s - loss: 0.4193 - acc: 0.8125
 224/1424 [===>..........................] - ETA: 8s - loss: 0.4425 - acc: 0.7991
 256/1424 [====>.........................] - ETA: 8s - loss: 0.4905 - acc: 0.7891
 288/1424 [=====>........................] - ETA: 8s - loss: 0.4807 - acc: 0.7917
 320/1424 [=====>........................] - ETA: 7s - loss: 0.4792 - acc: 0.8031
 352/1424 [======>.......................] - ETA: 7s - loss: 0.4792 - acc: 0.7955
 384/1424 [=======>......................] - ETA: 7s - loss: 0.4922 - acc: 0.7839
 416/1424 [=======>......................] - ETA: 7s - loss: 0.4864 - acc: 0.7885
 448/1424 [========>.....................] - ETA: 7s - loss: 0.4896 - acc: 0.7857
 480/1424 [=========>....................] - ETA: 6s - loss: 0.4829 - acc: 0.7875
 512/1424 [=========>....................] - ETA: 6s - loss: 0.4806 - acc: 0.7910
 544/1424 [==========>...................] - ETA: 6s - loss: 0.4858 - acc: 0.7849
 576/1424 [===========>..................] - ETA: 6s - loss: 0.4854 - acc: 0.7865
 608/1424 [===========>..................] - ETA: 5s - loss: 0.4815 - acc: 0.7911
 640/1424 [============>.................] - ETA: 5s - loss: 0.4822 - acc: 0.7922
 672/1424 [=============>................] - ETA: 5s - loss: 0.4783 - acc: 0.7961
 704/1424 [=============>................] - ETA: 5s - loss: 0.4742 - acc: 0.7997
 736/1424 [==============>...............] - ETA: 4s - loss: 0.4763 - acc: 0.7935
 768/1424 [===============>..............] - ETA: 4s - loss: 0.4757 - acc: 0.7930
 800/1424 [===============>..............] - ETA: 4s - loss: 0.4760 - acc: 0.7925
 832/1424 [================>.............] - ETA: 4s - loss: 0.4757 - acc: 0.7933
 864/1424 [=================>............] - ETA: 4s - loss: 0.4752 - acc: 0.7928
 896/1424 [=================>............] - ETA: 3s - loss: 0.4769 - acc: 0.7902
 928/1424 [==================>...........] - ETA: 3s - loss: 0.4776 - acc: 0.7899
 960/1424 [===================>..........] - ETA: 3s - loss: 0.4772 - acc: 0.7917
 992/1424 [===================>..........] - ETA: 3s - loss: 0.4758 - acc: 0.7913
1024/1424 [====================>.........] - ETA: 2s - loss: 0.4710 - acc: 0.7949
1056/1424 [=====================>........] - ETA: 2s - loss: 0.4660 - acc: 0.7983
1088/1424 [=====================>........] - ETA: 2s - loss: 0.4674 - acc: 0.7978
1120/1424 [======================>.......] - ETA: 2s - loss: 0.4659 - acc: 0.7973
1152/1424 [=======================>......] - ETA: 1s - loss: 0.4649 - acc: 0.7986
1184/1424 [=======================>......] - ETA: 1s - loss: 0.4686 - acc: 0.7965
1216/1424 [========================>.....] - ETA: 1s - loss: 0.4676 - acc: 0.7985
1248/1424 [=========================>....] - ETA: 1s - loss: 0.4657 - acc: 0.7989
1280/1424 [=========================>....] - ETA: 1s - loss: 0.4656 - acc: 0.7969
1312/1424 [==========================>...] - ETA: 0s - loss: 0.4626 - acc: 0.7988
1344/1424 [===========================>..] - ETA: 0s - loss: 0.4625 - acc: 0.7991
1376/1424 [===========================>..] - ETA: 0s - loss: 0.4680 - acc: 0.7965
1408/1424 [============================>.] - ETA: 0s - loss: 0.4704 - acc: 0.7940
1424/1424 [==============================] - 13s 9ms/step - loss: 0.4676 - acc: 0.7956 - val_loss: 0.4316 - val_acc: 0.8249
Epoch 22/1000

  32/1424 [..............................] - ETA: 9s - loss: 0.4420 - acc: 0.7500
  64/1424 [>.............................] - ETA: 9s - loss: 0.4024 - acc: 0.8125
  96/1424 [=>............................] - ETA: 9s - loss: 0.4166 - acc: 0.8021
 128/1424 [=>............................] - ETA: 9s - loss: 0.4245 - acc: 0.7969
 160/1424 [==>...........................] - ETA: 9s - loss: 0.4266 - acc: 0.8063
 192/1424 [===>..........................] - ETA: 8s - loss: 0.4121 - acc: 0.8177
 224/1424 [===>..........................] - ETA: 8s - loss: 0.4196 - acc: 0.8259
 256/1424 [====>.........................] - ETA: 8s - loss: 0.4365 - acc: 0.8164
 288/1424 [=====>........................] - ETA: 8s - loss: 0.4397 - acc: 0.8194
 320/1424 [=====>........................] - ETA: 7s - loss: 0.4473 - acc: 0.8187
 352/1424 [======>.......................] - ETA: 7s - loss: 0.4551 - acc: 0.8040
 384/1424 [=======>......................] - ETA: 7s - loss: 0.4549 - acc: 0.7969
 416/1424 [=======>......................] - ETA: 7s - loss: 0.4527 - acc: 0.7981
 448/1424 [========>.....................] - ETA: 6s - loss: 0.4641 - acc: 0.7835
 480/1424 [=========>....................] - ETA: 6s - loss: 0.4582 - acc: 0.7875
 512/1424 [=========>....................] - ETA: 6s - loss: 0.4504 - acc: 0.7930
 544/1424 [==========>...................] - ETA: 6s - loss: 0.4445 - acc: 0.7941
 576/1424 [===========>..................] - ETA: 6s - loss: 0.4411 - acc: 0.7969
 608/1424 [===========>..................] - ETA: 5s - loss: 0.4458 - acc: 0.7928
 640/1424 [============>.................] - ETA: 5s - loss: 0.4437 - acc: 0.7937
 672/1424 [=============>................] - ETA: 5s - loss: 0.4466 - acc: 0.7946
 704/1424 [=============>................] - ETA: 5s - loss: 0.4408 - acc: 0.8011
 736/1424 [==============>...............] - ETA: 4s - loss: 0.4449 - acc: 0.7989
 768/1424 [===============>..............] - ETA: 4s - loss: 0.4398 - acc: 0.8008
 800/1424 [===============>..............] - ETA: 4s - loss: 0.4419 - acc: 0.7975
 832/1424 [================>.............] - ETA: 4s - loss: 0.4418 - acc: 0.8005
 864/1424 [=================>............] - ETA: 4s - loss: 0.4446 - acc: 0.7975
 896/1424 [=================>............] - ETA: 3s - loss: 0.4482 - acc: 0.7969
 928/1424 [==================>...........] - ETA: 3s - loss: 0.4518 - acc: 0.7953
 960/1424 [===================>..........] - ETA: 3s - loss: 0.4494 - acc: 0.7990
 992/1424 [===================>..........] - ETA: 3s - loss: 0.4482 - acc: 0.7984
1024/1424 [====================>.........] - ETA: 2s - loss: 0.4532 - acc: 0.7939
1056/1424 [=====================>........] - ETA: 2s - loss: 0.4486 - acc: 0.7964
1088/1424 [=====================>........] - ETA: 2s - loss: 0.4463 - acc: 0.7960
1120/1424 [======================>.......] - ETA: 2s - loss: 0.4474 - acc: 0.7964
1152/1424 [=======================>......] - ETA: 1s - loss: 0.4451 - acc: 0.7986
1184/1424 [=======================>......] - ETA: 1s - loss: 0.4492 - acc: 0.7973
1216/1424 [========================>.....] - ETA: 1s - loss: 0.4541 - acc: 0.7952
1248/1424 [=========================>....] - ETA: 1s - loss: 0.4546 - acc: 0.7949
1280/1424 [=========================>....] - ETA: 1s - loss: 0.4495 - acc: 0.7969
1312/1424 [==========================>...] - ETA: 0s - loss: 0.4497 - acc: 0.7980
1344/1424 [===========================>..] - ETA: 0s - loss: 0.4483 - acc: 0.7999
1376/1424 [===========================>..] - ETA: 0s - loss: 0.4485 - acc: 0.7980
1408/1424 [============================>.] - ETA: 0s - loss: 0.4472 - acc: 0.7990
1424/1424 [==============================] - 13s 9ms/step - loss: 0.4474 - acc: 0.7992 - val_loss: 0.4173 - val_acc: 0.8291
Epoch 23/1000

  32/1424 [..............................] - ETA: 10s - loss: 0.3483 - acc: 0.7812
  64/1424 [>.............................] - ETA: 9s - loss: 0.3291 - acc: 0.8594 
  96/1424 [=>............................] - ETA: 9s - loss: 0.3363 - acc: 0.8750
 128/1424 [=>............................] - ETA: 9s - loss: 0.3406 - acc: 0.8594
 160/1424 [==>...........................] - ETA: 9s - loss: 0.3777 - acc: 0.8438
 192/1424 [===>..........................] - ETA: 8s - loss: 0.4036 - acc: 0.8229
 224/1424 [===>..........................] - ETA: 8s - loss: 0.3848 - acc: 0.8304
 256/1424 [====>.........................] - ETA: 8s - loss: 0.4195 - acc: 0.8086
 288/1424 [=====>........................] - ETA: 8s - loss: 0.4185 - acc: 0.8090
 320/1424 [=====>........................] - ETA: 7s - loss: 0.4029 - acc: 0.8219
 352/1424 [======>.......................] - ETA: 7s - loss: 0.4122 - acc: 0.8210
 384/1424 [=======>......................] - ETA: 7s - loss: 0.4236 - acc: 0.8177
 416/1424 [=======>......................] - ETA: 7s - loss: 0.4187 - acc: 0.8173
 448/1424 [========>.....................] - ETA: 6s - loss: 0.4161 - acc: 0.8214
 480/1424 [=========>....................] - ETA: 6s - loss: 0.4163 - acc: 0.8229
 512/1424 [=========>....................] - ETA: 6s - loss: 0.4130 - acc: 0.8242
 544/1424 [==========>...................] - ETA: 6s - loss: 0.4134 - acc: 0.8180
 576/1424 [===========>..................] - ETA: 6s - loss: 0.4166 - acc: 0.8160
 608/1424 [===========>..................] - ETA: 5s - loss: 0.4152 - acc: 0.8158
 640/1424 [============>.................] - ETA: 5s - loss: 0.4120 - acc: 0.8172
 672/1424 [=============>................] - ETA: 5s - loss: 0.4106 - acc: 0.8170
 704/1424 [=============>................] - ETA: 5s - loss: 0.4163 - acc: 0.8111
 736/1424 [==============>...............] - ETA: 4s - loss: 0.4187 - acc: 0.8111
 768/1424 [===============>..............] - ETA: 4s - loss: 0.4148 - acc: 0.8164
 800/1424 [===============>..............] - ETA: 4s - loss: 0.4161 - acc: 0.8213
 832/1424 [================>.............] - ETA: 4s - loss: 0.4162 - acc: 0.8233
 864/1424 [=================>............] - ETA: 4s - loss: 0.4148 - acc: 0.8241
 896/1424 [=================>............] - ETA: 3s - loss: 0.4186 - acc: 0.8248
 928/1424 [==================>...........] - ETA: 3s - loss: 0.4223 - acc: 0.8233
 960/1424 [===================>..........] - ETA: 3s - loss: 0.4271 - acc: 0.8198
 992/1424 [===================>..........] - ETA: 3s - loss: 0.4286 - acc: 0.8185
1024/1424 [====================>.........] - ETA: 2s - loss: 0.4261 - acc: 0.8223
1056/1424 [=====================>........] - ETA: 2s - loss: 0.4289 - acc: 0.8172
1088/1424 [=====================>........] - ETA: 2s - loss: 0.4260 - acc: 0.8180
1120/1424 [======================>.......] - ETA: 2s - loss: 0.4337 - acc: 0.8152
1152/1424 [=======================>......] - ETA: 1s - loss: 0.4284 - acc: 0.8168
1184/1424 [=======================>......] - ETA: 1s - loss: 0.4300 - acc: 0.8142
1216/1424 [========================>.....] - ETA: 1s - loss: 0.4297 - acc: 0.8133
1248/1424 [=========================>....] - ETA: 1s - loss: 0.4298 - acc: 0.8125
1280/1424 [=========================>....] - ETA: 1s - loss: 0.4290 - acc: 0.8125
1312/1424 [==========================>...] - ETA: 0s - loss: 0.4279 - acc: 0.8140
1344/1424 [===========================>..] - ETA: 0s - loss: 0.4240 - acc: 0.8162
1376/1424 [===========================>..] - ETA: 0s - loss: 0.4238 - acc: 0.8154
1408/1424 [============================>.] - ETA: 0s - loss: 0.4197 - acc: 0.8175
1424/1424 [==============================] - 13s 9ms/step - loss: 0.4251 - acc: 0.8146 - val_loss: 0.4030 - val_acc: 0.8432

  32/1424 [..............................] - ETA: 4s
  64/1424 [>.............................] - ETA: 4s
  96/1424 [=>............................] - ETA: 4s
 128/1424 [=>............................] - ETA: 4s
 160/1424 [==>...........................] - ETA: 4s
 192/1424 [===>..........................] - ETA: 4s
 224/1424 [===>..........................] - ETA: 4s
 256/1424 [====>.........................] - ETA: 4s
 288/1424 [=====>........................] - ETA: 4s
 320/1424 [=====>........................] - ETA: 3s
 352/1424 [======>.......................] - ETA: 3s
 384/1424 [=======>......................] - ETA: 3s
 416/1424 [=======>......................] - ETA: 3s
 448/1424 [========>.....................] - ETA: 3s
 480/1424 [=========>....................] - ETA: 3s
 512/1424 [=========>....................] - ETA: 3s
 544/1424 [==========>...................] - ETA: 3s
 576/1424 [===========>..................] - ETA: 3s
 608/1424 [===========>..................] - ETA: 2s
 640/1424 [============>.................] - ETA: 2s
 672/1424 [=============>................] - ETA: 2s
 704/1424 [=============>................] - ETA: 2s
 736/1424 [==============>...............] - ETA: 2s
 768/1424 [===============>..............] - ETA: 2s
 800/1424 [===============>..............] - ETA: 2s
 832/1424 [================>.............] - ETA: 2s
 864/1424 [=================>............] - ETA: 2s
 896/1424 [=================>............] - ETA: 1s
 928/1424 [==================>...........] - ETA: 1s
 960/1424 [===================>..........] - ETA: 1s
 992/1424 [===================>..........] - ETA: 1s
1024/1424 [====================>.........] - ETA: 1s
1056/1424 [=====================>........] - ETA: 1s
1088/1424 [=====================>........] - ETA: 1s
1120/1424 [======================>.......] - ETA: 1s
1152/1424 [=======================>......] - ETA: 0s
1184/1424 [=======================>......] - ETA: 0s
1216/1424 [========================>.....] - ETA: 0s
1248/1424 [=========================>....] - ETA: 0s
1280/1424 [=========================>....] - ETA: 0s
1312/1424 [==========================>...] - ETA: 0s
1344/1424 [===========================>..] - ETA: 0s
1376/1424 [===========================>..] - ETA: 0s
1408/1424 [============================>.] - ETA: 0s
1424/1424 [==============================] - 5s 4ms/step
Test acc: 0.8321629213483146
Test auc: 0.9061760273324075
Test mcc: 0.6738035304349047
Execute epoch: 23
Execute time: 303.3429832458496
