tr_x shape: (48000, 28, 28)
va_x shape: (12000, 28, 28)
te_x shape: (10000, 28, 28)
_________________________________________________________________
Layer (type)                 Output Shape              Param #   
=================================================================
lstm_1 (LSTM)                (None, None, 50)          15800     
_________________________________________________________________
lstm_2 (LSTM)                (None, 50)                20200     
_________________________________________________________________
dense_1 (Dense)              (None, 16)                816       
_________________________________________________________________
dense_2 (Dense)              (None, 10)                170       
=================================================================
Total params: 36,986
Trainable params: 36,986
Non-trainable params: 0
_________________________________________________________________
Train on 48000 samples, validate on 12000 samples
Epoch 1/1000

  128/48000 [..............................] - ETA: 8:52 - loss: 2.3032 - acc: 0.1094
  896/48000 [..............................] - ETA: 1:17 - loss: 2.2926 - acc: 0.1406
 1792/48000 [>.............................] - ETA: 39s - loss: 2.2815 - acc: 0.1691 
 2688/48000 [>.............................] - ETA: 26s - loss: 2.2693 - acc: 0.1912
 3584/48000 [=>............................] - ETA: 20s - loss: 2.2543 - acc: 0.2154
 4480/48000 [=>............................] - ETA: 16s - loss: 2.2336 - acc: 0.2250
 5376/48000 [==>...........................] - ETA: 13s - loss: 2.2108 - acc: 0.2312
 6272/48000 [==>...........................] - ETA: 12s - loss: 2.1740 - acc: 0.2430
 7168/48000 [===>..........................] - ETA: 10s - loss: 2.1413 - acc: 0.2464
 8064/48000 [====>.........................] - ETA: 9s - loss: 2.1065 - acc: 0.2532 
 8960/48000 [====>.........................] - ETA: 8s - loss: 2.0750 - acc: 0.2598
 9856/48000 [=====>........................] - ETA: 7s - loss: 2.0413 - acc: 0.2664
10752/48000 [=====>........................] - ETA: 7s - loss: 2.0108 - acc: 0.2723
11520/48000 [======>.......................] - ETA: 6s - loss: 1.9860 - acc: 0.2780
12416/48000 [======>.......................] - ETA: 6s - loss: 1.9583 - acc: 0.2854
13312/48000 [=======>......................] - ETA: 5s - loss: 1.9333 - acc: 0.2917
14208/48000 [=======>......................] - ETA: 5s - loss: 1.9098 - acc: 0.2967
15104/48000 [========>.....................] - ETA: 5s - loss: 1.8890 - acc: 0.3012
16000/48000 [=========>....................] - ETA: 4s - loss: 1.8677 - acc: 0.3050
16896/48000 [=========>....................] - ETA: 4s - loss: 1.8483 - acc: 0.3095
17664/48000 [==========>...................] - ETA: 4s - loss: 1.8326 - acc: 0.3141
18560/48000 [==========>...................] - ETA: 4s - loss: 1.8145 - acc: 0.3193
19456/48000 [===========>..................] - ETA: 3s - loss: 1.7990 - acc: 0.3238
20352/48000 [===========>..................] - ETA: 3s - loss: 1.7858 - acc: 0.3277
21248/48000 [============>.................] - ETA: 3s - loss: 1.7709 - acc: 0.3312
22144/48000 [============>.................] - ETA: 3s - loss: 1.7549 - acc: 0.3357
23040/48000 [=============>................] - ETA: 3s - loss: 1.7435 - acc: 0.3390
23936/48000 [=============>................] - ETA: 2s - loss: 1.7317 - acc: 0.3431
24832/48000 [==============>...............] - ETA: 2s - loss: 1.7217 - acc: 0.3454
25728/48000 [===============>..............] - ETA: 2s - loss: 1.7114 - acc: 0.3488
26624/48000 [===============>..............] - ETA: 2s - loss: 1.7018 - acc: 0.3520
27520/48000 [================>.............] - ETA: 2s - loss: 1.6915 - acc: 0.3543
28416/48000 [================>.............] - ETA: 2s - loss: 1.6806 - acc: 0.3569
29312/48000 [=================>............] - ETA: 2s - loss: 1.6712 - acc: 0.3593
30208/48000 [=================>............] - ETA: 1s - loss: 1.6622 - acc: 0.3625
31104/48000 [==================>...........] - ETA: 1s - loss: 1.6542 - acc: 0.3647
32000/48000 [===================>..........] - ETA: 1s - loss: 1.6468 - acc: 0.3661
32896/48000 [===================>..........] - ETA: 1s - loss: 1.6387 - acc: 0.3691
33792/48000 [====================>.........] - ETA: 1s - loss: 1.6312 - acc: 0.3716
34688/48000 [====================>.........] - ETA: 1s - loss: 1.6234 - acc: 0.3741
35584/48000 [=====================>........] - ETA: 1s - loss: 1.6156 - acc: 0.3763
36352/48000 [=====================>........] - ETA: 1s - loss: 1.6083 - acc: 0.3784
37248/48000 [======================>.......] - ETA: 1s - loss: 1.6022 - acc: 0.3802
38144/48000 [======================>.......] - ETA: 0s - loss: 1.5968 - acc: 0.3813
39040/48000 [=======================>......] - ETA: 0s - loss: 1.5903 - acc: 0.3838
39936/48000 [=======================>......] - ETA: 0s - loss: 1.5851 - acc: 0.3854
40832/48000 [========================>.....] - ETA: 0s - loss: 1.5813 - acc: 0.3866
41728/48000 [=========================>....] - ETA: 0s - loss: 1.5760 - acc: 0.3883
42624/48000 [=========================>....] - ETA: 0s - loss: 1.5706 - acc: 0.3903
43520/48000 [==========================>...] - ETA: 0s - loss: 1.5659 - acc: 0.3914
44416/48000 [==========================>...] - ETA: 0s - loss: 1.5612 - acc: 0.3933
45312/48000 [===========================>..] - ETA: 0s - loss: 1.5568 - acc: 0.3946
46208/48000 [===========================>..] - ETA: 0s - loss: 1.5529 - acc: 0.3958
47104/48000 [============================>.] - ETA: 0s - loss: 1.5473 - acc: 0.3980
48000/48000 [==============================] - 6s 115us/step - loss: 1.5428 - acc: 0.3993 - val_loss: 2.3305 - val_acc: 0.2839
Epoch 2/1000

  128/48000 [..............................] - ETA: 3s - loss: 1.3143 - acc: 0.5156
 1024/48000 [..............................] - ETA: 3s - loss: 1.3021 - acc: 0.4824
 1920/48000 [>.............................] - ETA: 2s - loss: 1.2944 - acc: 0.4859
 2816/48000 [>.............................] - ETA: 2s - loss: 1.2880 - acc: 0.4851
 3712/48000 [=>............................] - ETA: 2s - loss: 1.3111 - acc: 0.4787
 4608/48000 [=>............................] - ETA: 2s - loss: 1.3031 - acc: 0.4844
 5504/48000 [==>...........................] - ETA: 2s - loss: 1.2971 - acc: 0.4880
 6400/48000 [===>..........................] - ETA: 2s - loss: 1.2948 - acc: 0.4888
 7296/48000 [===>..........................] - ETA: 2s - loss: 1.2935 - acc: 0.4886
 8192/48000 [====>.........................] - ETA: 2s - loss: 1.2909 - acc: 0.4912
 9088/48000 [====>.........................] - ETA: 2s - loss: 1.2911 - acc: 0.4901
 9984/48000 [=====>........................] - ETA: 2s - loss: 1.2896 - acc: 0.4907
10880/48000 [=====>........................] - ETA: 2s - loss: 1.2914 - acc: 0.4899
11776/48000 [======>.......................] - ETA: 2s - loss: 1.2982 - acc: 0.4883
12672/48000 [======>.......................] - ETA: 2s - loss: 1.2963 - acc: 0.4878
13568/48000 [=======>......................] - ETA: 2s - loss: 1.2961 - acc: 0.4872
14464/48000 [========>.....................] - ETA: 2s - loss: 1.2985 - acc: 0.4854
15360/48000 [========>.....................] - ETA: 2s - loss: 1.2981 - acc: 0.4856
16256/48000 [=========>....................] - ETA: 2s - loss: 1.2993 - acc: 0.4840
17152/48000 [=========>....................] - ETA: 1s - loss: 1.2997 - acc: 0.4831
18048/48000 [==========>...................] - ETA: 1s - loss: 1.2964 - acc: 0.4849
18944/48000 [==========>...................] - ETA: 1s - loss: 1.2965 - acc: 0.4849
19840/48000 [===========>..................] - ETA: 1s - loss: 1.2946 - acc: 0.4852
20736/48000 [===========>..................] - ETA: 1s - loss: 1.2941 - acc: 0.4848
21632/48000 [============>.................] - ETA: 1s - loss: 1.2938 - acc: 0.4853
22528/48000 [=============>................] - ETA: 1s - loss: 1.2918 - acc: 0.4863
23424/48000 [=============>................] - ETA: 1s - loss: 1.2897 - acc: 0.4880
24320/48000 [==============>...............] - ETA: 1s - loss: 1.2890 - acc: 0.4875
25216/48000 [==============>...............] - ETA: 1s - loss: 1.2887 - acc: 0.4876
26112/48000 [===============>..............] - ETA: 1s - loss: 1.2876 - acc: 0.4875
27008/48000 [===============>..............] - ETA: 1s - loss: 1.2868 - acc: 0.4870
27904/48000 [================>.............] - ETA: 1s - loss: 1.2860 - acc: 0.4873
28800/48000 [=================>............] - ETA: 1s - loss: 1.2842 - acc: 0.4883
29696/48000 [=================>............] - ETA: 1s - loss: 1.2837 - acc: 0.4879
30592/48000 [==================>...........] - ETA: 1s - loss: 1.2823 - acc: 0.4884
31488/48000 [==================>...........] - ETA: 1s - loss: 1.2821 - acc: 0.4886
32384/48000 [===================>..........] - ETA: 1s - loss: 1.2808 - acc: 0.4893
33280/48000 [===================>..........] - ETA: 0s - loss: 1.2804 - acc: 0.4897
34176/48000 [====================>.........] - ETA: 0s - loss: 1.2799 - acc: 0.4899
35072/48000 [====================>.........] - ETA: 0s - loss: 1.2803 - acc: 0.4896
35968/48000 [=====================>........] - ETA: 0s - loss: 1.2795 - acc: 0.4901
36864/48000 [======================>.......] - ETA: 0s - loss: 1.2794 - acc: 0.4905
37760/48000 [======================>.......] - ETA: 0s - loss: 1.2782 - acc: 0.4909
38656/48000 [=======================>......] - ETA: 0s - loss: 1.2775 - acc: 0.4908
39552/48000 [=======================>......] - ETA: 0s - loss: 1.2765 - acc: 0.4910
40448/48000 [========================>.....] - ETA: 0s - loss: 1.2751 - acc: 0.4912
41344/48000 [========================>.....] - ETA: 0s - loss: 1.2745 - acc: 0.4911
42240/48000 [=========================>....] - ETA: 0s - loss: 1.2741 - acc: 0.4913
43136/48000 [=========================>....] - ETA: 0s - loss: 1.2740 - acc: 0.4915
44032/48000 [==========================>...] - ETA: 0s - loss: 1.2728 - acc: 0.4928
44928/48000 [===========================>..] - ETA: 0s - loss: 1.2728 - acc: 0.4926
45824/48000 [===========================>..] - ETA: 0s - loss: 1.2717 - acc: 0.4930
46720/48000 [============================>.] - ETA: 0s - loss: 1.2716 - acc: 0.4932
47616/48000 [============================>.] - ETA: 0s - loss: 1.2697 - acc: 0.4939
48000/48000 [==============================] - 4s 83us/step - loss: 1.2691 - acc: 0.4940 - val_loss: 1.9866 - val_acc: 0.2982
Epoch 3/1000

  128/48000 [..............................] - ETA: 3s - loss: 1.1733 - acc: 0.5078
 1024/48000 [..............................] - ETA: 3s - loss: 1.2048 - acc: 0.5146
 1920/48000 [>.............................] - ETA: 2s - loss: 1.2123 - acc: 0.5161
 2816/48000 [>.............................] - ETA: 2s - loss: 1.2072 - acc: 0.5146
 3712/48000 [=>............................] - ETA: 2s - loss: 1.2084 - acc: 0.5132
 4608/48000 [=>............................] - ETA: 2s - loss: 1.2137 - acc: 0.5091
 5504/48000 [==>...........................] - ETA: 2s - loss: 1.2217 - acc: 0.5045
 6400/48000 [===>..........................] - ETA: 2s - loss: 1.2216 - acc: 0.5078
 7296/48000 [===>..........................] - ETA: 2s - loss: 1.2258 - acc: 0.5075
 8192/48000 [====>.........................] - ETA: 2s - loss: 1.2213 - acc: 0.5110
 9088/48000 [====>.........................] - ETA: 2s - loss: 1.2237 - acc: 0.5121
 9984/48000 [=====>........................] - ETA: 2s - loss: 1.2228 - acc: 0.5135
10880/48000 [=====>........................] - ETA: 2s - loss: 1.2271 - acc: 0.5122
11776/48000 [======>.......................] - ETA: 2s - loss: 1.2284 - acc: 0.5112
12672/48000 [======>.......................] - ETA: 2s - loss: 1.2290 - acc: 0.5109
13568/48000 [=======>......................] - ETA: 2s - loss: 1.2260 - acc: 0.5131
14464/48000 [========>.....................] - ETA: 2s - loss: 1.2262 - acc: 0.5138
15360/48000 [========>.....................] - ETA: 2s - loss: 1.2233 - acc: 0.5146
16256/48000 [=========>....................] - ETA: 2s - loss: 1.2237 - acc: 0.5141
17152/48000 [=========>....................] - ETA: 1s - loss: 1.2235 - acc: 0.5141
18048/48000 [==========>...................] - ETA: 1s - loss: 1.2231 - acc: 0.5143
18944/48000 [==========>...................] - ETA: 1s - loss: 1.2220 - acc: 0.5148
19840/48000 [===========>..................] - ETA: 1s - loss: 1.2224 - acc: 0.5139
20736/48000 [===========>..................] - ETA: 1s - loss: 1.2239 - acc: 0.5130
21632/48000 [============>.................] - ETA: 1s - loss: 1.2243 - acc: 0.5119
22528/48000 [=============>................] - ETA: 1s - loss: 1.2221 - acc: 0.5124
23424/48000 [=============>................] - ETA: 1s - loss: 1.2237 - acc: 0.5120
24320/48000 [==============>...............] - ETA: 1s - loss: 1.2249 - acc: 0.5110
25216/48000 [==============>...............] - ETA: 1s - loss: 1.2238 - acc: 0.5114
26112/48000 [===============>..............] - ETA: 1s - loss: 1.2223 - acc: 0.5127
27008/48000 [===============>..............] - ETA: 1s - loss: 1.2214 - acc: 0.5129
27904/48000 [================>.............] - ETA: 1s - loss: 1.2208 - acc: 0.5137
28800/48000 [=================>............] - ETA: 1s - loss: 1.2205 - acc: 0.5142
29696/48000 [=================>............] - ETA: 1s - loss: 1.2205 - acc: 0.5145
30592/48000 [==================>...........] - ETA: 1s - loss: 1.2200 - acc: 0.5143
31488/48000 [==================>...........] - ETA: 1s - loss: 1.2198 - acc: 0.5145
32384/48000 [===================>..........] - ETA: 1s - loss: 1.2195 - acc: 0.5150
33280/48000 [===================>..........] - ETA: 0s - loss: 1.2182 - acc: 0.5150
34176/48000 [====================>.........] - ETA: 0s - loss: 1.2172 - acc: 0.5156
35072/48000 [====================>.........] - ETA: 0s - loss: 1.2156 - acc: 0.5169
35840/48000 [=====================>........] - ETA: 0s - loss: 1.2144 - acc: 0.5177
36736/48000 [=====================>........] - ETA: 0s - loss: 1.2144 - acc: 0.5177
37632/48000 [======================>.......] - ETA: 0s - loss: 1.2133 - acc: 0.5181
38528/48000 [=======================>......] - ETA: 0s - loss: 1.2120 - acc: 0.5193
39424/48000 [=======================>......] - ETA: 0s - loss: 1.2121 - acc: 0.5197
40320/48000 [========================>.....] - ETA: 0s - loss: 1.2111 - acc: 0.5200
41216/48000 [========================>.....] - ETA: 0s - loss: 1.2121 - acc: 0.5199
42112/48000 [=========================>....] - ETA: 0s - loss: 1.2115 - acc: 0.5202
43008/48000 [=========================>....] - ETA: 0s - loss: 1.2104 - acc: 0.5206
43904/48000 [==========================>...] - ETA: 0s - loss: 1.2102 - acc: 0.5202
44800/48000 [===========================>..] - ETA: 0s - loss: 1.2095 - acc: 0.5208
45696/48000 [===========================>..] - ETA: 0s - loss: 1.2090 - acc: 0.5209
46592/48000 [============================>.] - ETA: 0s - loss: 1.2076 - acc: 0.5215
47488/48000 [============================>.] - ETA: 0s - loss: 1.2072 - acc: 0.5216
48000/48000 [==============================] - 4s 83us/step - loss: 1.2059 - acc: 0.5220 - val_loss: 2.1568 - val_acc: 0.3099
Epoch 4/1000

  128/48000 [..............................] - ETA: 3s - loss: 1.1777 - acc: 0.5078
 1024/48000 [..............................] - ETA: 3s - loss: 1.2001 - acc: 0.5107
 1920/48000 [>.............................] - ETA: 2s - loss: 1.1880 - acc: 0.5240
 2816/48000 [>.............................] - ETA: 2s - loss: 1.1846 - acc: 0.5234
 3712/48000 [=>............................] - ETA: 2s - loss: 1.1860 - acc: 0.5253
 4608/48000 [=>............................] - ETA: 2s - loss: 1.1914 - acc: 0.5232
 5504/48000 [==>...........................] - ETA: 2s - loss: 1.1946 - acc: 0.5240
 6400/48000 [===>..........................] - ETA: 2s - loss: 1.1942 - acc: 0.5236
 7296/48000 [===>..........................] - ETA: 2s - loss: 1.1937 - acc: 0.5237
 8192/48000 [====>.........................] - ETA: 2s - loss: 1.1878 - acc: 0.5278
 9088/48000 [====>.........................] - ETA: 2s - loss: 1.1841 - acc: 0.5300
 9984/48000 [=====>........................] - ETA: 2s - loss: 1.1821 - acc: 0.5296
10880/48000 [=====>........................] - ETA: 2s - loss: 1.1797 - acc: 0.5292
11776/48000 [======>.......................] - ETA: 2s - loss: 1.1788 - acc: 0.5301
12672/48000 [======>.......................] - ETA: 2s - loss: 1.1779 - acc: 0.5318
13568/48000 [=======>......................] - ETA: 2s - loss: 1.1784 - acc: 0.5302
14464/48000 [========>.....................] - ETA: 2s - loss: 1.1796 - acc: 0.5287
15360/48000 [========>.....................] - ETA: 2s - loss: 1.1779 - acc: 0.5287
16256/48000 [=========>....................] - ETA: 2s - loss: 1.1787 - acc: 0.5281
17152/48000 [=========>....................] - ETA: 1s - loss: 1.1779 - acc: 0.5286
18048/48000 [==========>...................] - ETA: 1s - loss: 1.1757 - acc: 0.5295
18944/48000 [==========>...................] - ETA: 1s - loss: 1.1730 - acc: 0.5304
19840/48000 [===========>..................] - ETA: 1s - loss: 1.1743 - acc: 0.5306
20736/48000 [===========>..................] - ETA: 1s - loss: 1.1742 - acc: 0.5310
21632/48000 [============>.................] - ETA: 1s - loss: 1.1728 - acc: 0.5311
22528/48000 [=============>................] - ETA: 1s - loss: 1.1709 - acc: 0.5314
23424/48000 [=============>................] - ETA: 1s - loss: 1.1717 - acc: 0.5312
24320/48000 [==============>...............] - ETA: 1s - loss: 1.1706 - acc: 0.5324
25216/48000 [==============>...............] - ETA: 1s - loss: 1.1724 - acc: 0.5316
26112/48000 [===============>..............] - ETA: 1s - loss: 1.1729 - acc: 0.5306
27008/48000 [===============>..............] - ETA: 1s - loss: 1.1719 - acc: 0.5307
27904/48000 [================>.............] - ETA: 1s - loss: 1.1714 - acc: 0.5309
28800/48000 [=================>............] - ETA: 1s - loss: 1.1703 - acc: 0.5315
29696/48000 [=================>............] - ETA: 1s - loss: 1.1705 - acc: 0.5313
30592/48000 [==================>...........] - ETA: 1s - loss: 1.1704 - acc: 0.5317
31488/48000 [==================>...........] - ETA: 1s - loss: 1.1695 - acc: 0.5323
32384/48000 [===================>..........] - ETA: 1s - loss: 1.1683 - acc: 0.5329
33280/48000 [===================>..........] - ETA: 0s - loss: 1.1684 - acc: 0.5329
34176/48000 [====================>.........] - ETA: 0s - loss: 1.1678 - acc: 0.5331
35072/48000 [====================>.........] - ETA: 0s - loss: 1.1677 - acc: 0.5325
35968/48000 [=====================>........] - ETA: 0s - loss: 1.1690 - acc: 0.5327
36864/48000 [======================>.......] - ETA: 0s - loss: 1.1694 - acc: 0.5326
37760/48000 [======================>.......] - ETA: 0s - loss: 1.1694 - acc: 0.5327
38528/48000 [=======================>......] - ETA: 0s - loss: 1.1701 - acc: 0.5324
39424/48000 [=======================>......] - ETA: 0s - loss: 1.1692 - acc: 0.5332
40320/48000 [========================>.....] - ETA: 0s - loss: 1.1695 - acc: 0.5329
41216/48000 [========================>.....] - ETA: 0s - loss: 1.1691 - acc: 0.5330
42112/48000 [=========================>....] - ETA: 0s - loss: 1.1690 - acc: 0.5331
43008/48000 [=========================>....] - ETA: 0s - loss: 1.1686 - acc: 0.5336
43904/48000 [==========================>...] - ETA: 0s - loss: 1.1694 - acc: 0.5335
44800/48000 [===========================>..] - ETA: 0s - loss: 1.1692 - acc: 0.5340
45696/48000 [===========================>..] - ETA: 0s - loss: 1.1684 - acc: 0.5341
46592/48000 [============================>.] - ETA: 0s - loss: 1.1697 - acc: 0.5335
47488/48000 [============================>.] - ETA: 0s - loss: 1.1691 - acc: 0.5335
48000/48000 [==============================] - 4s 83us/step - loss: 1.1691 - acc: 0.5334 - val_loss: 2.1774 - val_acc: 0.3187
Epoch 5/1000

  128/48000 [..............................] - ETA: 3s - loss: 1.2306 - acc: 0.5000
 1024/48000 [..............................] - ETA: 3s - loss: 1.1720 - acc: 0.5371
 1920/48000 [>.............................] - ETA: 2s - loss: 1.1620 - acc: 0.5385
 2816/48000 [>.............................] - ETA: 2s - loss: 1.1500 - acc: 0.5465
 3712/48000 [=>............................] - ETA: 2s - loss: 1.1557 - acc: 0.5412
 4608/48000 [=>............................] - ETA: 2s - loss: 1.1466 - acc: 0.5441
 5504/48000 [==>...........................] - ETA: 2s - loss: 1.1432 - acc: 0.5507
 6400/48000 [===>..........................] - ETA: 2s - loss: 1.1460 - acc: 0.5514
 7296/48000 [===>..........................] - ETA: 2s - loss: 1.1493 - acc: 0.5511
 8192/48000 [====>.........................] - ETA: 2s - loss: 1.1505 - acc: 0.5496
 9088/48000 [====>.........................] - ETA: 2s - loss: 1.1481 - acc: 0.5505
 9984/48000 [=====>........................] - ETA: 2s - loss: 1.1481 - acc: 0.5500
10880/48000 [=====>........................] - ETA: 2s - loss: 1.1526 - acc: 0.5472
11776/48000 [======>.......................] - ETA: 2s - loss: 1.1509 - acc: 0.5480
12672/48000 [======>.......................] - ETA: 2s - loss: 1.1489 - acc: 0.5463
13568/48000 [=======>......................] - ETA: 2s - loss: 1.1478 - acc: 0.5468
14336/48000 [=======>......................] - ETA: 2s - loss: 1.1451 - acc: 0.5483
15232/48000 [========>.....................] - ETA: 2s - loss: 1.1454 - acc: 0.5477
16128/48000 [=========>....................] - ETA: 2s - loss: 1.1453 - acc: 0.5472
17024/48000 [=========>....................] - ETA: 1s - loss: 1.1457 - acc: 0.5478
17920/48000 [==========>...................] - ETA: 1s - loss: 1.1471 - acc: 0.5477
18816/48000 [==========>...................] - ETA: 1s - loss: 1.1454 - acc: 0.5487
19712/48000 [===========>..................] - ETA: 1s - loss: 1.1459 - acc: 0.5494
20608/48000 [===========>..................] - ETA: 1s - loss: 1.1468 - acc: 0.5479
21504/48000 [============>.................] - ETA: 1s - loss: 1.1459 - acc: 0.5480
22400/48000 [=============>................] - ETA: 1s - loss: 1.1449 - acc: 0.5480
23296/48000 [=============>................] - ETA: 1s - loss: 1.1444 - acc: 0.5488
24192/48000 [==============>...............] - ETA: 1s - loss: 1.1456 - acc: 0.5479
25088/48000 [==============>...............] - ETA: 1s - loss: 1.1455 - acc: 0.5477
25984/48000 [===============>..............] - ETA: 1s - loss: 1.1446 - acc: 0.5483
26880/48000 [===============>..............] - ETA: 1s - loss: 1.1448 - acc: 0.5482
27776/48000 [================>.............] - ETA: 1s - loss: 1.1437 - acc: 0.5484
28672/48000 [================>.............] - ETA: 1s - loss: 1.1432 - acc: 0.5485
29568/48000 [=================>............] - ETA: 1s - loss: 1.1421 - acc: 0.5488
30464/48000 [==================>...........] - ETA: 1s - loss: 1.1412 - acc: 0.5493
31360/48000 [==================>...........] - ETA: 1s - loss: 1.1408 - acc: 0.5493
32256/48000 [===================>..........] - ETA: 1s - loss: 1.1405 - acc: 0.5494
33152/48000 [===================>..........] - ETA: 0s - loss: 1.1414 - acc: 0.5487
34048/48000 [====================>.........] - ETA: 0s - loss: 1.1419 - acc: 0.5484
34944/48000 [====================>.........] - ETA: 0s - loss: 1.1425 - acc: 0.5479
35840/48000 [=====================>........] - ETA: 0s - loss: 1.1428 - acc: 0.5474
36736/48000 [=====================>........] - ETA: 0s - loss: 1.1424 - acc: 0.5471
37632/48000 [======================>.......] - ETA: 0s - loss: 1.1430 - acc: 0.5471
38528/48000 [=======================>......] - ETA: 0s - loss: 1.1420 - acc: 0.5468
39424/48000 [=======================>......] - ETA: 0s - loss: 1.1416 - acc: 0.5470
40320/48000 [========================>.....] - ETA: 0s - loss: 1.1421 - acc: 0.5465
41216/48000 [========================>.....] - ETA: 0s - loss: 1.1414 - acc: 0.5465
42112/48000 [=========================>....] - ETA: 0s - loss: 1.1429 - acc: 0.5459
43008/48000 [=========================>....] - ETA: 0s - loss: 1.1430 - acc: 0.5460
43904/48000 [==========================>...] - ETA: 0s - loss: 1.1421 - acc: 0.5468
44800/48000 [===========================>..] - ETA: 0s - loss: 1.1411 - acc: 0.5468
45696/48000 [===========================>..] - ETA: 0s - loss: 1.1410 - acc: 0.5468
46592/48000 [============================>.] - ETA: 0s - loss: 1.1408 - acc: 0.5466
47488/48000 [============================>.] - ETA: 0s - loss: 1.1412 - acc: 0.5464
48000/48000 [==============================] - 4s 84us/step - loss: 1.1402 - acc: 0.5469 - val_loss: 2.2291 - val_acc: 0.3196
Epoch 6/1000

  128/48000 [..............................] - ETA: 3s - loss: 1.1666 - acc: 0.5547
 1024/48000 [..............................] - ETA: 3s - loss: 1.1176 - acc: 0.5322
 1920/48000 [>.............................] - ETA: 2s - loss: 1.0859 - acc: 0.5469
 2816/48000 [>.............................] - ETA: 2s - loss: 1.1016 - acc: 0.5380
 3712/48000 [=>............................] - ETA: 2s - loss: 1.1078 - acc: 0.5431
 4608/48000 [=>............................] - ETA: 2s - loss: 1.1046 - acc: 0.5499
 5504/48000 [==>...........................] - ETA: 2s - loss: 1.1040 - acc: 0.5489
 6400/48000 [===>..........................] - ETA: 2s - loss: 1.1112 - acc: 0.5483
 7296/48000 [===>..........................] - ETA: 2s - loss: 1.1141 - acc: 0.5507
 8192/48000 [====>.........................] - ETA: 2s - loss: 1.1164 - acc: 0.5530
 9088/48000 [====>.........................] - ETA: 2s - loss: 1.1143 - acc: 0.5518
 9984/48000 [=====>........................] - ETA: 2s - loss: 1.1148 - acc: 0.5523
10880/48000 [=====>........................] - ETA: 2s - loss: 1.1153 - acc: 0.5528
11776/48000 [======>.......................] - ETA: 2s - loss: 1.1160 - acc: 0.5540
12672/48000 [======>.......................] - ETA: 2s - loss: 1.1128 - acc: 0.5535
13568/48000 [=======>......................] - ETA: 2s - loss: 1.1133 - acc: 0.5530
14464/48000 [========>.....................] - ETA: 2s - loss: 1.1128 - acc: 0.5525
15360/48000 [========>.....................] - ETA: 2s - loss: 1.1118 - acc: 0.5540
16256/48000 [=========>....................] - ETA: 2s - loss: 1.1127 - acc: 0.5535
17152/48000 [=========>....................] - ETA: 1s - loss: 1.1154 - acc: 0.5528
18048/48000 [==========>...................] - ETA: 1s - loss: 1.1147 - acc: 0.5543
18944/48000 [==========>...................] - ETA: 1s - loss: 1.1140 - acc: 0.5551
19840/48000 [===========>..................] - ETA: 1s - loss: 1.1159 - acc: 0.5545
20736/48000 [===========>..................] - ETA: 1s - loss: 1.1154 - acc: 0.5545
21632/48000 [============>.................] - ETA: 1s - loss: 1.1151 - acc: 0.5551
22528/48000 [=============>................] - ETA: 1s - loss: 1.1163 - acc: 0.5550
23296/48000 [=============>................] - ETA: 1s - loss: 1.1158 - acc: 0.5559
24192/48000 [==============>...............] - ETA: 1s - loss: 1.1158 - acc: 0.5558
25088/48000 [==============>...............] - ETA: 1s - loss: 1.1152 - acc: 0.5560
25984/48000 [===============>..............] - ETA: 1s - loss: 1.1169 - acc: 0.5555
26880/48000 [===============>..............] - ETA: 1s - loss: 1.1179 - acc: 0.5545
27776/48000 [================>.............] - ETA: 1s - loss: 1.1171 - acc: 0.5542
28672/48000 [================>.............] - ETA: 1s - loss: 1.1170 - acc: 0.5546
29440/48000 [=================>............] - ETA: 1s - loss: 1.1178 - acc: 0.5540
30336/48000 [=================>............] - ETA: 1s - loss: 1.1175 - acc: 0.5540
31232/48000 [==================>...........] - ETA: 1s - loss: 1.1160 - acc: 0.5544
32128/48000 [===================>..........] - ETA: 1s - loss: 1.1154 - acc: 0.5542
33024/48000 [===================>..........] - ETA: 0s - loss: 1.1156 - acc: 0.5542
33920/48000 [====================>.........] - ETA: 0s - loss: 1.1172 - acc: 0.5542
34816/48000 [====================>.........] - ETA: 0s - loss: 1.1155 - acc: 0.5550
35712/48000 [=====================>........] - ETA: 0s - loss: 1.1163 - acc: 0.5547
36608/48000 [=====================>........] - ETA: 0s - loss: 1.1158 - acc: 0.5542
37504/48000 [======================>.......] - ETA: 0s - loss: 1.1158 - acc: 0.5539
38400/48000 [=======================>......] - ETA: 0s - loss: 1.1161 - acc: 0.5535
39296/48000 [=======================>......] - ETA: 0s - loss: 1.1159 - acc: 0.5537
40192/48000 [========================>.....] - ETA: 0s - loss: 1.1151 - acc: 0.5538
41088/48000 [========================>.....] - ETA: 0s - loss: 1.1129 - acc: 0.5547
41984/48000 [=========================>....] - ETA: 0s - loss: 1.1135 - acc: 0.5545
42880/48000 [=========================>....] - ETA: 0s - loss: 1.1133 - acc: 0.5547
43776/48000 [==========================>...] - ETA: 0s - loss: 1.1136 - acc: 0.5547
44672/48000 [==========================>...] - ETA: 0s - loss: 1.1125 - acc: 0.5551
45568/48000 [===========================>..] - ETA: 0s - loss: 1.1130 - acc: 0.5551
46464/48000 [============================>.] - ETA: 0s - loss: 1.1137 - acc: 0.5550
47360/48000 [============================>.] - ETA: 0s - loss: 1.1133 - acc: 0.5554
48000/48000 [==============================] - 4s 84us/step - loss: 1.1133 - acc: 0.5553 - val_loss: 2.2787 - val_acc: 0.3453
Epoch 7/1000

  128/48000 [..............................] - ETA: 3s - loss: 1.1043 - acc: 0.5234
 1024/48000 [..............................] - ETA: 3s - loss: 1.1094 - acc: 0.5557
 1920/48000 [>.............................] - ETA: 2s - loss: 1.1031 - acc: 0.5656
 2816/48000 [>.............................] - ETA: 2s - loss: 1.1166 - acc: 0.5607
 3712/48000 [=>............................] - ETA: 2s - loss: 1.1060 - acc: 0.5668
 4608/48000 [=>............................] - ETA: 2s - loss: 1.1071 - acc: 0.5614
 5504/48000 [==>...........................] - ETA: 2s - loss: 1.1035 - acc: 0.5618
 6400/48000 [===>..........................] - ETA: 2s - loss: 1.1031 - acc: 0.5630
 7296/48000 [===>..........................] - ETA: 2s - loss: 1.1002 - acc: 0.5622
 8192/48000 [====>.........................] - ETA: 2s - loss: 1.1024 - acc: 0.5588
 9088/48000 [====>.........................] - ETA: 2s - loss: 1.1037 - acc: 0.5608
 9984/48000 [=====>........................] - ETA: 2s - loss: 1.1034 - acc: 0.5603
10880/48000 [=====>........................] - ETA: 2s - loss: 1.1023 - acc: 0.5609
11776/48000 [======>.......................] - ETA: 2s - loss: 1.0958 - acc: 0.5646
12672/48000 [======>.......................] - ETA: 2s - loss: 1.0950 - acc: 0.5653
13568/48000 [=======>......................] - ETA: 2s - loss: 1.0925 - acc: 0.5663
14464/48000 [========>.....................] - ETA: 2s - loss: 1.0958 - acc: 0.5639
15360/48000 [========>.....................] - ETA: 2s - loss: 1.0971 - acc: 0.5643
16256/48000 [=========>....................] - ETA: 2s - loss: 1.0969 - acc: 0.5645
17152/48000 [=========>....................] - ETA: 1s - loss: 1.0955 - acc: 0.5651
18048/48000 [==========>...................] - ETA: 1s - loss: 1.0992 - acc: 0.5647
18944/48000 [==========>...................] - ETA: 1s - loss: 1.0980 - acc: 0.5654
19840/48000 [===========>..................] - ETA: 1s - loss: 1.0967 - acc: 0.5662
20736/48000 [===========>..................] - ETA: 1s - loss: 1.0967 - acc: 0.5657
21632/48000 [============>.................] - ETA: 1s - loss: 1.0953 - acc: 0.5653
22528/48000 [=============>................] - ETA: 1s - loss: 1.0942 - acc: 0.5663
23424/48000 [=============>................] - ETA: 1s - loss: 1.0940 - acc: 0.5661
24320/48000 [==============>...............] - ETA: 1s - loss: 1.0939 - acc: 0.5657
25216/48000 [==============>...............] - ETA: 1s - loss: 1.0951 - acc: 0.5651
26112/48000 [===============>..............] - ETA: 1s - loss: 1.0971 - acc: 0.5640
26880/48000 [===============>..............] - ETA: 1s - loss: 1.0965 - acc: 0.5645
27776/48000 [================>.............] - ETA: 1s - loss: 1.0959 - acc: 0.5643
28672/48000 [================>.............] - ETA: 1s - loss: 1.0954 - acc: 0.5645
29568/48000 [=================>............] - ETA: 1s - loss: 1.0954 - acc: 0.5647
30464/48000 [==================>...........] - ETA: 1s - loss: 1.0957 - acc: 0.5651
31360/48000 [==================>...........] - ETA: 1s - loss: 1.0967 - acc: 0.5648
32256/48000 [===================>..........] - ETA: 1s - loss: 1.0960 - acc: 0.5652
33152/48000 [===================>..........] - ETA: 0s - loss: 1.0963 - acc: 0.5652
34048/48000 [====================>.........] - ETA: 0s - loss: 1.0953 - acc: 0.5656
34944/48000 [====================>.........] - ETA: 0s - loss: 1.0943 - acc: 0.5659
35840/48000 [=====================>........] - ETA: 0s - loss: 1.0935 - acc: 0.5660
36736/48000 [=====================>........] - ETA: 0s - loss: 1.0926 - acc: 0.5663
37632/48000 [======================>.......] - ETA: 0s - loss: 1.0914 - acc: 0.5666
38528/48000 [=======================>......] - ETA: 0s - loss: 1.0914 - acc: 0.5662
39424/48000 [=======================>......] - ETA: 0s - loss: 1.0911 - acc: 0.5666
40320/48000 [========================>.....] - ETA: 0s - loss: 1.0921 - acc: 0.5663
41216/48000 [========================>.....] - ETA: 0s - loss: 1.0911 - acc: 0.5666
42112/48000 [=========================>....] - ETA: 0s - loss: 1.0922 - acc: 0.5660
43008/48000 [=========================>....] - ETA: 0s - loss: 1.0925 - acc: 0.5660
43776/48000 [==========================>...] - ETA: 0s - loss: 1.0929 - acc: 0.5655
44672/48000 [==========================>...] - ETA: 0s - loss: 1.0926 - acc: 0.5653
45440/48000 [===========================>..] - ETA: 0s - loss: 1.0922 - acc: 0.5652
46336/48000 [===========================>..] - ETA: 0s - loss: 1.0924 - acc: 0.5647
47232/48000 [============================>.] - ETA: 0s - loss: 1.0918 - acc: 0.5646
48000/48000 [==============================] - 4s 83us/step - loss: 1.0921 - acc: 0.5645 - val_loss: 2.0362 - val_acc: 0.3882
Epoch 8/1000

  128/48000 [..............................] - ETA: 3s - loss: 0.9574 - acc: 0.6406
  896/48000 [..............................] - ETA: 3s - loss: 1.0256 - acc: 0.6105
 1792/48000 [>.............................] - ETA: 3s - loss: 1.0499 - acc: 0.5882
 2688/48000 [>.............................] - ETA: 2s - loss: 1.0577 - acc: 0.5804
 3584/48000 [=>............................] - ETA: 2s - loss: 1.0641 - acc: 0.5812
 4480/48000 [=>............................] - ETA: 2s - loss: 1.0657 - acc: 0.5821
 5376/48000 [==>...........................] - ETA: 2s - loss: 1.0623 - acc: 0.5831
 6272/48000 [==>...........................] - ETA: 2s - loss: 1.0625 - acc: 0.5808
 7168/48000 [===>..........................] - ETA: 2s - loss: 1.0600 - acc: 0.5827
 8064/48000 [====>.........................] - ETA: 2s - loss: 1.0641 - acc: 0.5799
 8960/48000 [====>.........................] - ETA: 2s - loss: 1.0622 - acc: 0.5798
 9856/48000 [=====>........................] - ETA: 2s - loss: 1.0657 - acc: 0.5779
10752/48000 [=====>........................] - ETA: 2s - loss: 1.0695 - acc: 0.5771
11648/48000 [======>.......................] - ETA: 2s - loss: 1.0682 - acc: 0.5786
12544/48000 [======>.......................] - ETA: 2s - loss: 1.0674 - acc: 0.5790
13440/48000 [=======>......................] - ETA: 2s - loss: 1.0687 - acc: 0.5785
14336/48000 [=======>......................] - ETA: 2s - loss: 1.0703 - acc: 0.5777
15232/48000 [========>.....................] - ETA: 2s - loss: 1.0754 - acc: 0.5756
16128/48000 [=========>....................] - ETA: 2s - loss: 1.0758 - acc: 0.5748
17024/48000 [=========>....................] - ETA: 1s - loss: 1.0745 - acc: 0.5739
17920/48000 [==========>...................] - ETA: 1s - loss: 1.0748 - acc: 0.5730
18816/48000 [==========>...................] - ETA: 1s - loss: 1.0752 - acc: 0.5717
19712/48000 [===========>..................] - ETA: 1s - loss: 1.0759 - acc: 0.5725
20608/48000 [===========>..................] - ETA: 1s - loss: 1.0754 - acc: 0.5727
21504/48000 [============>.................] - ETA: 1s - loss: 1.0740 - acc: 0.5740
22400/48000 [=============>................] - ETA: 1s - loss: 1.0751 - acc: 0.5735
23296/48000 [=============>................] - ETA: 1s - loss: 1.0725 - acc: 0.5743
24192/48000 [==============>...............] - ETA: 1s - loss: 1.0728 - acc: 0.5736
25088/48000 [==============>...............] - ETA: 1s - loss: 1.0713 - acc: 0.5737
25984/48000 [===============>..............] - ETA: 1s - loss: 1.0709 - acc: 0.5740
26880/48000 [===============>..............] - ETA: 1s - loss: 1.0705 - acc: 0.5741
27776/48000 [================>.............] - ETA: 1s - loss: 1.0698 - acc: 0.5741
28672/48000 [================>.............] - ETA: 1s - loss: 1.0685 - acc: 0.5749
29568/48000 [=================>............] - ETA: 1s - loss: 1.0691 - acc: 0.5747
30464/48000 [==================>...........] - ETA: 1s - loss: 1.0686 - acc: 0.5752
31360/48000 [==================>...........] - ETA: 1s - loss: 1.0700 - acc: 0.5750
32256/48000 [===================>..........] - ETA: 1s - loss: 1.0696 - acc: 0.5752
33152/48000 [===================>..........] - ETA: 0s - loss: 1.0701 - acc: 0.5745
34048/48000 [====================>.........] - ETA: 0s - loss: 1.0704 - acc: 0.5747
34944/48000 [====================>.........] - ETA: 0s - loss: 1.0693 - acc: 0.5751
35840/48000 [=====================>........] - ETA: 0s - loss: 1.0698 - acc: 0.5753
36736/48000 [=====================>........] - ETA: 0s - loss: 1.0697 - acc: 0.5750
37632/48000 [======================>.......] - ETA: 0s - loss: 1.0689 - acc: 0.5751
38528/48000 [=======================>......] - ETA: 0s - loss: 1.0685 - acc: 0.5754
39424/48000 [=======================>......] - ETA: 0s - loss: 1.0694 - acc: 0.5749
40320/48000 [========================>.....] - ETA: 0s - loss: 1.0710 - acc: 0.5743
41216/48000 [========================>.....] - ETA: 0s - loss: 1.0716 - acc: 0.5742
42112/48000 [=========================>....] - ETA: 0s - loss: 1.0726 - acc: 0.5733
43008/48000 [=========================>....] - ETA: 0s - loss: 1.0725 - acc: 0.5738
43904/48000 [==========================>...] - ETA: 0s - loss: 1.0715 - acc: 0.5738
44800/48000 [===========================>..] - ETA: 0s - loss: 1.0716 - acc: 0.5741
45696/48000 [===========================>..] - ETA: 0s - loss: 1.0711 - acc: 0.5746
46464/48000 [============================>.] - ETA: 0s - loss: 1.0714 - acc: 0.5745
47360/48000 [============================>.] - ETA: 0s - loss: 1.0714 - acc: 0.5745
48000/48000 [==============================] - 4s 83us/step - loss: 1.0711 - acc: 0.5748 - val_loss: 2.1449 - val_acc: 0.3745
Epoch 9/1000

  128/48000 [..............................] - ETA: 3s - loss: 1.0354 - acc: 0.5859
 1024/48000 [..............................] - ETA: 3s - loss: 1.0781 - acc: 0.5654
 1920/48000 [>.............................] - ETA: 2s - loss: 1.0691 - acc: 0.5745
 2816/48000 [>.............................] - ETA: 2s - loss: 1.0700 - acc: 0.5774
 3712/48000 [=>............................] - ETA: 2s - loss: 1.0611 - acc: 0.5787
 4608/48000 [=>............................] - ETA: 2s - loss: 1.0674 - acc: 0.5755
 5376/48000 [==>...........................] - ETA: 2s - loss: 1.0668 - acc: 0.5744
 6272/48000 [==>...........................] - ETA: 2s - loss: 1.0642 - acc: 0.5751
 7168/48000 [===>..........................] - ETA: 2s - loss: 1.0560 - acc: 0.5762
 8064/48000 [====>.........................] - ETA: 2s - loss: 1.0587 - acc: 0.5768
 8960/48000 [====>.........................] - ETA: 2s - loss: 1.0600 - acc: 0.5763
 9856/48000 [=====>........................] - ETA: 2s - loss: 1.0618 - acc: 0.5759
10752/48000 [=====>........................] - ETA: 2s - loss: 1.0601 - acc: 0.5767
11648/48000 [======>.......................] - ETA: 2s - loss: 1.0613 - acc: 0.5755
12544/48000 [======>.......................] - ETA: 2s - loss: 1.0610 - acc: 0.5772
13440/48000 [=======>......................] - ETA: 2s - loss: 1.0627 - acc: 0.5775
14336/48000 [=======>......................] - ETA: 2s - loss: 1.0608 - acc: 0.5776
15232/48000 [========>.....................] - ETA: 2s - loss: 1.0576 - acc: 0.5781
16128/48000 [=========>....................] - ETA: 2s - loss: 1.0615 - acc: 0.5761
17024/48000 [=========>....................] - ETA: 1s - loss: 1.0592 - acc: 0.5774
17920/48000 [==========>...................] - ETA: 1s - loss: 1.0609 - acc: 0.5777
18816/48000 [==========>...................] - ETA: 1s - loss: 1.0605 - acc: 0.5786
19712/48000 [===========>..................] - ETA: 1s - loss: 1.0620 - acc: 0.5784
20608/48000 [===========>..................] - ETA: 1s - loss: 1.0622 - acc: 0.5775
21504/48000 [============>.................] - ETA: 1s - loss: 1.0610 - acc: 0.5779
22400/48000 [=============>................] - ETA: 1s - loss: 1.0630 - acc: 0.5771
23296/48000 [=============>................] - ETA: 1s - loss: 1.0629 - acc: 0.5772
24192/48000 [==============>...............] - ETA: 1s - loss: 1.0604 - acc: 0.5781
24960/48000 [==============>...............] - ETA: 1s - loss: 1.0599 - acc: 0.5785
25856/48000 [===============>..............] - ETA: 1s - loss: 1.0607 - acc: 0.5792
26752/48000 [===============>..............] - ETA: 1s - loss: 1.0596 - acc: 0.5792
27648/48000 [================>.............] - ETA: 1s - loss: 1.0586 - acc: 0.5795
28544/48000 [================>.............] - ETA: 1s - loss: 1.0583 - acc: 0.5796
29440/48000 [=================>............] - ETA: 1s - loss: 1.0562 - acc: 0.5810
30336/48000 [=================>............] - ETA: 1s - loss: 1.0554 - acc: 0.5812
31232/48000 [==================>...........] - ETA: 1s - loss: 1.0551 - acc: 0.5811
32128/48000 [===================>..........] - ETA: 1s - loss: 1.0550 - acc: 0.5818
33024/48000 [===================>..........] - ETA: 0s - loss: 1.0535 - acc: 0.5827
33920/48000 [====================>.........] - ETA: 0s - loss: 1.0540 - acc: 0.5823
34816/48000 [====================>.........] - ETA: 0s - loss: 1.0555 - acc: 0.5821
35712/48000 [=====================>........] - ETA: 0s - loss: 1.0556 - acc: 0.5819
36608/48000 [=====================>........] - ETA: 0s - loss: 1.0545 - acc: 0.5824
37504/48000 [======================>.......] - ETA: 0s - loss: 1.0569 - acc: 0.5813
38400/48000 [=======================>......] - ETA: 0s - loss: 1.0560 - acc: 0.5818
39296/48000 [=======================>......] - ETA: 0s - loss: 1.0554 - acc: 0.5819
40192/48000 [========================>.....] - ETA: 0s - loss: 1.0554 - acc: 0.5820
41088/48000 [========================>.....] - ETA: 0s - loss: 1.0561 - acc: 0.5818
41984/48000 [=========================>....] - ETA: 0s - loss: 1.0553 - acc: 0.5823
42752/48000 [=========================>....] - ETA: 0s - loss: 1.0549 - acc: 0.5827
43648/48000 [==========================>...] - ETA: 0s - loss: 1.0558 - acc: 0.5820
44544/48000 [==========================>...] - ETA: 0s - loss: 1.0559 - acc: 0.5815
45440/48000 [===========================>..] - ETA: 0s - loss: 1.0558 - acc: 0.5814
46336/48000 [===========================>..] - ETA: 0s - loss: 1.0559 - acc: 0.5813
47232/48000 [============================>.] - ETA: 0s - loss: 1.0556 - acc: 0.5815
48000/48000 [==============================] - 4s 84us/step - loss: 1.0567 - acc: 0.5807 - val_loss: 2.0269 - val_acc: 0.4234
Epoch 10/1000

  128/48000 [..............................] - ETA: 3s - loss: 1.0799 - acc: 0.5703
 1024/48000 [..............................] - ETA: 3s - loss: 1.0039 - acc: 0.6084
 1920/48000 [>.............................] - ETA: 2s - loss: 0.9953 - acc: 0.6026
 2816/48000 [>.............................] - ETA: 2s - loss: 1.0110 - acc: 0.6026
 3712/48000 [=>............................] - ETA: 2s - loss: 1.0323 - acc: 0.5935
 4608/48000 [=>............................] - ETA: 2s - loss: 1.0351 - acc: 0.5935
 5504/48000 [==>...........................] - ETA: 2s - loss: 1.0404 - acc: 0.5887
 6400/48000 [===>..........................] - ETA: 2s - loss: 1.0368 - acc: 0.5894
 7296/48000 [===>..........................] - ETA: 2s - loss: 1.0487 - acc: 0.5851
 8192/48000 [====>.........................] - ETA: 2s - loss: 1.0469 - acc: 0.5868
 9088/48000 [====>.........................] - ETA: 2s - loss: 1.0421 - acc: 0.5879
 9984/48000 [=====>........................] - ETA: 2s - loss: 1.0413 - acc: 0.5887
10752/48000 [=====>........................] - ETA: 2s - loss: 1.0387 - acc: 0.5895
11648/48000 [======>.......................] - ETA: 2s - loss: 1.0411 - acc: 0.5895
12544/48000 [======>.......................] - ETA: 2s - loss: 1.0405 - acc: 0.5897
13440/48000 [=======>......................] - ETA: 2s - loss: 1.0426 - acc: 0.5882
14336/48000 [=======>......................] - ETA: 2s - loss: 1.0442 - acc: 0.5866
15232/48000 [========>.....................] - ETA: 2s - loss: 1.0437 - acc: 0.5851
16128/48000 [=========>....................] - ETA: 2s - loss: 1.0447 - acc: 0.5844
17024/48000 [=========>....................] - ETA: 1s - loss: 1.0446 - acc: 0.5844
17920/48000 [==========>...................] - ETA: 1s - loss: 1.0456 - acc: 0.5845
18816/48000 [==========>...................] - ETA: 1s - loss: 1.0460 - acc: 0.5841
19712/48000 [===========>..................] - ETA: 1s - loss: 1.0473 - acc: 0.5839
20608/48000 [===========>..................] - ETA: 1s - loss: 1.0467 - acc: 0.5838
21504/48000 [============>.................] - ETA: 1s - loss: 1.0456 - acc: 0.5838
22400/48000 [=============>................] - ETA: 1s - loss: 1.0443 - acc: 0.5833
23296/48000 [=============>................] - ETA: 1s - loss: 1.0439 - acc: 0.5834
24192/48000 [==============>...............] - ETA: 1s - loss: 1.0444 - acc: 0.5833
25088/48000 [==============>...............] - ETA: 1s - loss: 1.0433 - acc: 0.5829
25984/48000 [===============>..............] - ETA: 1s - loss: 1.0434 - acc: 0.5835
26880/48000 [===============>..............] - ETA: 1s - loss: 1.0431 - acc: 0.5838
27776/48000 [================>.............] - ETA: 1s - loss: 1.0438 - acc: 0.5834
28672/48000 [================>.............] - ETA: 1s - loss: 1.0432 - acc: 0.5842
29568/48000 [=================>............] - ETA: 1s - loss: 1.0440 - acc: 0.5839
30464/48000 [==================>...........] - ETA: 1s - loss: 1.0452 - acc: 0.5836
31360/48000 [==================>...........] - ETA: 1s - loss: 1.0450 - acc: 0.5834
32256/48000 [===================>..........] - ETA: 1s - loss: 1.0441 - acc: 0.5835
33152/48000 [===================>..........] - ETA: 0s - loss: 1.0441 - acc: 0.5838
34048/48000 [====================>.........] - ETA: 0s - loss: 1.0446 - acc: 0.5838
34944/48000 [====================>.........] - ETA: 0s - loss: 1.0436 - acc: 0.5843
35840/48000 [=====================>........] - ETA: 0s - loss: 1.0428 - acc: 0.5841
36736/48000 [=====================>........] - ETA: 0s - loss: 1.0431 - acc: 0.5840
37632/48000 [======================>.......] - ETA: 0s - loss: 1.0438 - acc: 0.5835
38528/48000 [=======================>......] - ETA: 0s - loss: 1.0439 - acc: 0.5838
39424/48000 [=======================>......] - ETA: 0s - loss: 1.0424 - acc: 0.5844
40320/48000 [========================>.....] - ETA: 0s - loss: 1.0414 - acc: 0.5850
41216/48000 [========================>.....] - ETA: 0s - loss: 1.0408 - acc: 0.5855
42112/48000 [=========================>....] - ETA: 0s - loss: 1.0401 - acc: 0.5858
43008/48000 [=========================>....] - ETA: 0s - loss: 1.0398 - acc: 0.5858
43776/48000 [==========================>...] - ETA: 0s - loss: 1.0398 - acc: 0.5858
44672/48000 [==========================>...] - ETA: 0s - loss: 1.0400 - acc: 0.5858
45568/48000 [===========================>..] - ETA: 0s - loss: 1.0402 - acc: 0.5857
46464/48000 [============================>.] - ETA: 0s - loss: 1.0389 - acc: 0.5862
47360/48000 [============================>.] - ETA: 0s - loss: 1.0379 - acc: 0.5867
48000/48000 [==============================] - 4s 84us/step - loss: 1.0376 - acc: 0.5870 - val_loss: 2.2784 - val_acc: 0.3799
Epoch 11/1000

  128/48000 [..............................] - ETA: 3s - loss: 1.0422 - acc: 0.5391
  896/48000 [..............................] - ETA: 3s - loss: 1.0952 - acc: 0.5725
 1792/48000 [>.............................] - ETA: 3s - loss: 1.0837 - acc: 0.5826
 2560/48000 [>.............................] - ETA: 2s - loss: 1.0660 - acc: 0.5840
 3456/48000 [=>............................] - ETA: 2s - loss: 1.0601 - acc: 0.5810
 4352/48000 [=>............................] - ETA: 2s - loss: 1.0444 - acc: 0.5848
 5248/48000 [==>...........................] - ETA: 2s - loss: 1.0431 - acc: 0.5857
 6144/48000 [==>...........................] - ETA: 2s - loss: 1.0426 - acc: 0.5820
 7040/48000 [===>..........................] - ETA: 2s - loss: 1.0387 - acc: 0.5832
 7936/48000 [===>..........................] - ETA: 2s - loss: 1.0398 - acc: 0.5829
 8832/48000 [====>.........................] - ETA: 2s - loss: 1.0350 - acc: 0.5873
 9728/48000 [=====>........................] - ETA: 2s - loss: 1.0333 - acc: 0.5910
10624/48000 [=====>........................] - ETA: 2s - loss: 1.0331 - acc: 0.5906
11520/48000 [======>.......................] - ETA: 2s - loss: 1.0340 - acc: 0.5891
12416/48000 [======>.......................] - ETA: 2s - loss: 1.0314 - acc: 0.5898
13312/48000 [=======>......................] - ETA: 2s - loss: 1.0333 - acc: 0.5894
14208/48000 [=======>......................] - ETA: 2s - loss: 1.0327 - acc: 0.5913
15104/48000 [========>.....................] - ETA: 2s - loss: 1.0325 - acc: 0.5900
16000/48000 [=========>....................] - ETA: 2s - loss: 1.0359 - acc: 0.5884
16896/48000 [=========>....................] - ETA: 2s - loss: 1.0338 - acc: 0.5889
17792/48000 [==========>...................] - ETA: 1s - loss: 1.0331 - acc: 0.5878
18688/48000 [==========>...................] - ETA: 1s - loss: 1.0319 - acc: 0.5885
19584/48000 [===========>..................] - ETA: 1s - loss: 1.0312 - acc: 0.5891
20480/48000 [===========>..................] - ETA: 1s - loss: 1.0308 - acc: 0.5892
21376/48000 [============>.................] - ETA: 1s - loss: 1.0289 - acc: 0.5893
22272/48000 [============>.................] - ETA: 1s - loss: 1.0292 - acc: 0.5896
23168/48000 [=============>................] - ETA: 1s - loss: 1.0294 - acc: 0.5896
24064/48000 [==============>...............] - ETA: 1s - loss: 1.0286 - acc: 0.5901
24960/48000 [==============>...............] - ETA: 1s - loss: 1.0278 - acc: 0.5902
25856/48000 [===============>..............] - ETA: 1s - loss: 1.0264 - acc: 0.5905
26752/48000 [===============>..............] - ETA: 1s - loss: 1.0254 - acc: 0.5908
27520/48000 [================>.............] - ETA: 1s - loss: 1.0257 - acc: 0.5904
28416/48000 [================>.............] - ETA: 1s - loss: 1.0259 - acc: 0.5902
29312/48000 [=================>............] - ETA: 1s - loss: 1.0239 - acc: 0.5904
30208/48000 [=================>............] - ETA: 1s - loss: 1.0234 - acc: 0.5903
31104/48000 [==================>...........] - ETA: 1s - loss: 1.0246 - acc: 0.5904
32000/48000 [===================>..........] - ETA: 1s - loss: 1.0248 - acc: 0.5903
32896/48000 [===================>..........] - ETA: 0s - loss: 1.0251 - acc: 0.5901
33792/48000 [====================>.........] - ETA: 0s - loss: 1.0260 - acc: 0.5896
34688/48000 [====================>.........] - ETA: 0s - loss: 1.0254 - acc: 0.5896
35584/48000 [=====================>........] - ETA: 0s - loss: 1.0247 - acc: 0.5900
36352/48000 [=====================>........] - ETA: 0s - loss: 1.0239 - acc: 0.5903
37248/48000 [======================>.......] - ETA: 0s - loss: 1.0232 - acc: 0.5909
38144/48000 [======================>.......] - ETA: 0s - loss: 1.0238 - acc: 0.5903
39040/48000 [=======================>......] - ETA: 0s - loss: 1.0228 - acc: 0.5913
39808/48000 [=======================>......] - ETA: 0s - loss: 1.0230 - acc: 0.5915
40704/48000 [========================>.....] - ETA: 0s - loss: 1.0224 - acc: 0.5919
41600/48000 [=========================>....] - ETA: 0s - loss: 1.0220 - acc: 0.5918
42496/48000 [=========================>....] - ETA: 0s - loss: 1.0224 - acc: 0.5920
43392/48000 [==========================>...] - ETA: 0s - loss: 1.0216 - acc: 0.5926
44288/48000 [==========================>...] - ETA: 0s - loss: 1.0209 - acc: 0.5926
45184/48000 [===========================>..] - ETA: 0s - loss: 1.0223 - acc: 0.5919
46080/48000 [===========================>..] - ETA: 0s - loss: 1.0226 - acc: 0.5916
46976/48000 [============================>.] - ETA: 0s - loss: 1.0222 - acc: 0.5919
47872/48000 [============================>.] - ETA: 0s - loss: 1.0224 - acc: 0.5920
48000/48000 [==============================] - 4s 83us/step - loss: 1.0227 - acc: 0.5919 - val_loss: 2.5023 - val_acc: 0.3590
Epoch 12/1000

  128/48000 [..............................] - ETA: 3s - loss: 0.9793 - acc: 0.5703
 1024/48000 [..............................] - ETA: 3s - loss: 1.0539 - acc: 0.5850
 1920/48000 [>.............................] - ETA: 2s - loss: 1.0306 - acc: 0.5911
 2688/48000 [>.............................] - ETA: 2s - loss: 1.0238 - acc: 0.5952
 3584/48000 [=>............................] - ETA: 2s - loss: 1.0101 - acc: 0.6060
 4480/48000 [=>............................] - ETA: 2s - loss: 1.0094 - acc: 0.6025
 5376/48000 [==>...........................] - ETA: 2s - loss: 1.0153 - acc: 0.5993
 6272/48000 [==>...........................] - ETA: 2s - loss: 1.0200 - acc: 0.5979
 7168/48000 [===>..........................] - ETA: 2s - loss: 1.0193 - acc: 0.5967
 8064/48000 [====>.........................] - ETA: 2s - loss: 1.0198 - acc: 0.5973
 8960/48000 [====>.........................] - ETA: 2s - loss: 1.0189 - acc: 0.5971
 9856/48000 [=====>........................] - ETA: 2s - loss: 1.0245 - acc: 0.5948
10752/48000 [=====>........................] - ETA: 2s - loss: 1.0228 - acc: 0.5949
11648/48000 [======>.......................] - ETA: 2s - loss: 1.0226 - acc: 0.5955
12544/48000 [======>.......................] - ETA: 2s - loss: 1.0208 - acc: 0.5945
13440/48000 [=======>......................] - ETA: 2s - loss: 1.0190 - acc: 0.5963
14336/48000 [=======>......................] - ETA: 2s - loss: 1.0168 - acc: 0.5958
15232/48000 [========>.....................] - ETA: 2s - loss: 1.0182 - acc: 0.5951
16128/48000 [=========>....................] - ETA: 2s - loss: 1.0196 - acc: 0.5950
17024/48000 [=========>....................] - ETA: 1s - loss: 1.0140 - acc: 0.5961
17920/48000 [==========>...................] - ETA: 1s - loss: 1.0155 - acc: 0.5961
18816/48000 [==========>...................] - ETA: 1s - loss: 1.0145 - acc: 0.5967
19712/48000 [===========>..................] - ETA: 1s - loss: 1.0160 - acc: 0.5962
20608/48000 [===========>..................] - ETA: 1s - loss: 1.0146 - acc: 0.5964
21504/48000 [============>.................] - ETA: 1s - loss: 1.0121 - acc: 0.5980
22272/48000 [============>.................] - ETA: 1s - loss: 1.0126 - acc: 0.5977
23168/48000 [=============>................] - ETA: 1s - loss: 1.0124 - acc: 0.5979
24064/48000 [==============>...............] - ETA: 1s - loss: 1.0122 - acc: 0.5989
24960/48000 [==============>...............] - ETA: 1s - loss: 1.0122 - acc: 0.5986
25856/48000 [===============>..............] - ETA: 1s - loss: 1.0106 - acc: 0.5987
26752/48000 [===============>..............] - ETA: 1s - loss: 1.0113 - acc: 0.5990
27648/48000 [================>.............] - ETA: 1s - loss: 1.0102 - acc: 0.5986
28544/48000 [================>.............] - ETA: 1s - loss: 1.0099 - acc: 0.5988
29440/48000 [=================>............] - ETA: 1s - loss: 1.0095 - acc: 0.5993
30336/48000 [=================>............] - ETA: 1s - loss: 1.0105 - acc: 0.5989
31232/48000 [==================>...........] - ETA: 1s - loss: 1.0115 - acc: 0.5987
32128/48000 [===================>..........] - ETA: 1s - loss: 1.0115 - acc: 0.5989
33024/48000 [===================>..........] - ETA: 0s - loss: 1.0118 - acc: 0.5989
33920/48000 [====================>.........] - ETA: 0s - loss: 1.0131 - acc: 0.5987
34816/48000 [====================>.........] - ETA: 0s - loss: 1.0129 - acc: 0.5984
35712/48000 [=====================>........] - ETA: 0s - loss: 1.0137 - acc: 0.5978
36608/48000 [=====================>........] - ETA: 0s - loss: 1.0150 - acc: 0.5978
37504/48000 [======================>.......] - ETA: 0s - loss: 1.0159 - acc: 0.5977
38400/48000 [=======================>......] - ETA: 0s - loss: 1.0152 - acc: 0.5980
39296/48000 [=======================>......] - ETA: 0s - loss: 1.0139 - acc: 0.5987
40192/48000 [========================>.....] - ETA: 0s - loss: 1.0133 - acc: 0.5990
41088/48000 [========================>.....] - ETA: 0s - loss: 1.0139 - acc: 0.5986
41984/48000 [=========================>....] - ETA: 0s - loss: 1.0132 - acc: 0.5987
42880/48000 [=========================>....] - ETA: 0s - loss: 1.0128 - acc: 0.5990
43776/48000 [==========================>...] - ETA: 0s - loss: 1.0122 - acc: 0.5990
44672/48000 [==========================>...] - ETA: 0s - loss: 1.0122 - acc: 0.5991
45568/48000 [===========================>..] - ETA: 0s - loss: 1.0122 - acc: 0.5990
46464/48000 [============================>.] - ETA: 0s - loss: 1.0122 - acc: 0.5991
47360/48000 [============================>.] - ETA: 0s - loss: 1.0128 - acc: 0.5989
48000/48000 [==============================] - 4s 84us/step - loss: 1.0128 - acc: 0.5985 - val_loss: 2.4960 - val_acc: 0.3378

   32/10000 [..............................] - ETA: 3s
  224/10000 [..............................] - ETA: 2s
  416/10000 [>.............................] - ETA: 2s
  608/10000 [>.............................] - ETA: 2s
  800/10000 [=>............................] - ETA: 2s
  992/10000 [=>............................] - ETA: 2s
 1184/10000 [==>...........................] - ETA: 2s
 1376/10000 [===>..........................] - ETA: 2s
 1568/10000 [===>..........................] - ETA: 2s
 1760/10000 [====>.........................] - ETA: 2s
 1952/10000 [====>.........................] - ETA: 2s
 2144/10000 [=====>........................] - ETA: 2s
 2336/10000 [======>.......................] - ETA: 2s
 2528/10000 [======>.......................] - ETA: 2s
 2720/10000 [=======>......................] - ETA: 2s
 2912/10000 [=======>......................] - ETA: 2s
 3104/10000 [========>.....................] - ETA: 2s
 3296/10000 [========>.....................] - ETA: 2s
 3488/10000 [=========>....................] - ETA: 1s
 3680/10000 [==========>...................] - ETA: 1s
 3872/10000 [==========>...................] - ETA: 1s
 4064/10000 [===========>..................] - ETA: 1s
 4256/10000 [===========>..................] - ETA: 1s
 4448/10000 [============>.................] - ETA: 1s
 4640/10000 [============>.................] - ETA: 1s
 4832/10000 [=============>................] - ETA: 1s
 5024/10000 [==============>...............] - ETA: 1s
 5216/10000 [==============>...............] - ETA: 1s
 5408/10000 [===============>..............] - ETA: 1s
 5600/10000 [===============>..............] - ETA: 1s
 5792/10000 [================>.............] - ETA: 1s
 5984/10000 [================>.............] - ETA: 1s
 6176/10000 [=================>............] - ETA: 1s
 6368/10000 [==================>...........] - ETA: 1s
 6560/10000 [==================>...........] - ETA: 1s
 6752/10000 [===================>..........] - ETA: 0s
 6944/10000 [===================>..........] - ETA: 0s
 7136/10000 [====================>.........] - ETA: 0s
 7328/10000 [====================>.........] - ETA: 0s
 7520/10000 [=====================>........] - ETA: 0s
 7712/10000 [======================>.......] - ETA: 0s
 7904/10000 [======================>.......] - ETA: 0s
 8096/10000 [=======================>......] - ETA: 0s
 8288/10000 [=======================>......] - ETA: 0s
 8480/10000 [========================>.....] - ETA: 0s
 8672/10000 [=========================>....] - ETA: 0s
 8864/10000 [=========================>....] - ETA: 0s
 9056/10000 [==========================>...] - ETA: 0s
 9248/10000 [==========================>...] - ETA: 0s
 9440/10000 [===========================>..] - ETA: 0s
 9632/10000 [===========================>..] - ETA: 0s
 9824/10000 [============================>.] - ETA: 0s
10000/10000 [==============================] - 3s 306us/step
Test acc: 0.2994
Test auc: 0.8496244666666668
Execute epoch: 12
Execute time: 50.73791527748108
