tr_x shape: (48000, 28, 28)
va_x shape: (12000, 28, 28)
te_x shape: (10000, 28, 28)
_________________________________________________________________
Layer (type)                 Output Shape              Param #   
=================================================================
lstm_1 (LSTM)                (None, None, 50)          15800     
_________________________________________________________________
lstm_2 (LSTM)                (None, 50)                20200     
_________________________________________________________________
dense_1 (Dense)              (None, 16)                816       
_________________________________________________________________
dense_2 (Dense)              (None, 10)                170       
=================================================================
Total params: 36,986
Trainable params: 36,986
Non-trainable params: 0
_________________________________________________________________
Train on 48000 samples, validate on 12000 samples
Epoch 1/1000

  128/48000 [..............................] - ETA: 9:04 - loss: 2.3099 - acc: 0.1094
 1024/48000 [..............................] - ETA: 1:09 - loss: 2.2930 - acc: 0.1309
 1920/48000 [>.............................] - ETA: 37s - loss: 2.2823 - acc: 0.1276 
 2816/48000 [>.............................] - ETA: 26s - loss: 2.2704 - acc: 0.1371
 3712/48000 [=>............................] - ETA: 20s - loss: 2.2559 - acc: 0.1509
 4608/48000 [=>............................] - ETA: 16s - loss: 2.2341 - acc: 0.1664
 5504/48000 [==>...........................] - ETA: 13s - loss: 2.2070 - acc: 0.1840
 6400/48000 [===>..........................] - ETA: 12s - loss: 2.1759 - acc: 0.1984
 7296/48000 [===>..........................] - ETA: 10s - loss: 2.1392 - acc: 0.2120
 8192/48000 [====>.........................] - ETA: 9s - loss: 2.1018 - acc: 0.2207 
 9088/48000 [====>.........................] - ETA: 8s - loss: 2.0662 - acc: 0.2306
 9984/48000 [=====>........................] - ETA: 7s - loss: 2.0322 - acc: 0.2399
10880/48000 [=====>........................] - ETA: 7s - loss: 1.9998 - acc: 0.2492
11776/48000 [======>.......................] - ETA: 6s - loss: 1.9700 - acc: 0.2575
12672/48000 [======>.......................] - ETA: 6s - loss: 1.9469 - acc: 0.2654
13568/48000 [=======>......................] - ETA: 5s - loss: 1.9214 - acc: 0.2745
14464/48000 [========>.....................] - ETA: 5s - loss: 1.9002 - acc: 0.2806
15360/48000 [========>.....................] - ETA: 5s - loss: 1.8797 - acc: 0.2857
16256/48000 [=========>....................] - ETA: 4s - loss: 1.8631 - acc: 0.2900
17152/48000 [=========>....................] - ETA: 4s - loss: 1.8411 - acc: 0.2968
18048/48000 [==========>...................] - ETA: 4s - loss: 1.8277 - acc: 0.3017
18944/48000 [==========>...................] - ETA: 4s - loss: 1.8122 - acc: 0.3065
19840/48000 [===========>..................] - ETA: 3s - loss: 1.8008 - acc: 0.3101
20736/48000 [===========>..................] - ETA: 3s - loss: 1.7877 - acc: 0.3142
21632/48000 [============>.................] - ETA: 3s - loss: 1.7723 - acc: 0.3183
22528/48000 [=============>................] - ETA: 3s - loss: 1.7597 - acc: 0.3217
23424/48000 [=============>................] - ETA: 3s - loss: 1.7467 - acc: 0.3249
24320/48000 [==============>...............] - ETA: 2s - loss: 1.7361 - acc: 0.3274
25216/48000 [==============>...............] - ETA: 2s - loss: 1.7244 - acc: 0.3308
26112/48000 [===============>..............] - ETA: 2s - loss: 1.7144 - acc: 0.3338
27008/48000 [===============>..............] - ETA: 2s - loss: 1.7057 - acc: 0.3365
27904/48000 [================>.............] - ETA: 2s - loss: 1.6954 - acc: 0.3390
28800/48000 [=================>............] - ETA: 2s - loss: 1.6877 - acc: 0.3407
29696/48000 [=================>............] - ETA: 2s - loss: 1.6798 - acc: 0.3442
30592/48000 [==================>...........] - ETA: 1s - loss: 1.6702 - acc: 0.3473
31488/48000 [==================>...........] - ETA: 1s - loss: 1.6626 - acc: 0.3495
32384/48000 [===================>..........] - ETA: 1s - loss: 1.6559 - acc: 0.3520
33280/48000 [===================>..........] - ETA: 1s - loss: 1.6472 - acc: 0.3554
34176/48000 [====================>.........] - ETA: 1s - loss: 1.6397 - acc: 0.3583
35072/48000 [====================>.........] - ETA: 1s - loss: 1.6341 - acc: 0.3599
35968/48000 [=====================>........] - ETA: 1s - loss: 1.6263 - acc: 0.3622
36864/48000 [======================>.......] - ETA: 1s - loss: 1.6192 - acc: 0.3647
37760/48000 [======================>.......] - ETA: 1s - loss: 1.6115 - acc: 0.3675
38656/48000 [=======================>......] - ETA: 0s - loss: 1.6051 - acc: 0.3700
39552/48000 [=======================>......] - ETA: 0s - loss: 1.5999 - acc: 0.3717
40448/48000 [========================>.....] - ETA: 0s - loss: 1.5941 - acc: 0.3739
41344/48000 [========================>.....] - ETA: 0s - loss: 1.5890 - acc: 0.3758
42240/48000 [=========================>....] - ETA: 0s - loss: 1.5836 - acc: 0.3776
43136/48000 [=========================>....] - ETA: 0s - loss: 1.5787 - acc: 0.3797
44032/48000 [==========================>...] - ETA: 0s - loss: 1.5730 - acc: 0.3814
44928/48000 [===========================>..] - ETA: 0s - loss: 1.5683 - acc: 0.3833
45824/48000 [===========================>..] - ETA: 0s - loss: 1.5645 - acc: 0.3847
46720/48000 [============================>.] - ETA: 0s - loss: 1.5604 - acc: 0.3859
47616/48000 [============================>.] - ETA: 0s - loss: 1.5551 - acc: 0.3879
48000/48000 [==============================] - 6s 116us/step - loss: 1.5534 - acc: 0.3882 - val_loss: 1.9716 - val_acc: 0.3621
Epoch 2/1000

  128/48000 [..............................] - ETA: 3s - loss: 1.1639 - acc: 0.5703
 1024/48000 [..............................] - ETA: 3s - loss: 1.3010 - acc: 0.4912
 1920/48000 [>.............................] - ETA: 3s - loss: 1.3134 - acc: 0.4865
 2816/48000 [>.............................] - ETA: 2s - loss: 1.3164 - acc: 0.4879
 3712/48000 [=>............................] - ETA: 2s - loss: 1.3211 - acc: 0.4784
 4608/48000 [=>............................] - ETA: 2s - loss: 1.3114 - acc: 0.4800
 5504/48000 [==>...........................] - ETA: 2s - loss: 1.3067 - acc: 0.4802
 6400/48000 [===>..........................] - ETA: 2s - loss: 1.3070 - acc: 0.4773
 7296/48000 [===>..........................] - ETA: 2s - loss: 1.2997 - acc: 0.4785
 8192/48000 [====>.........................] - ETA: 2s - loss: 1.3023 - acc: 0.4777
 9088/48000 [====>.........................] - ETA: 2s - loss: 1.3026 - acc: 0.4769
 9984/48000 [=====>........................] - ETA: 2s - loss: 1.3034 - acc: 0.4782
10880/48000 [=====>........................] - ETA: 2s - loss: 1.3037 - acc: 0.4782
11776/48000 [======>.......................] - ETA: 2s - loss: 1.3008 - acc: 0.4811
12672/48000 [======>.......................] - ETA: 2s - loss: 1.2960 - acc: 0.4833
13568/48000 [=======>......................] - ETA: 2s - loss: 1.2952 - acc: 0.4833
14464/48000 [========>.....................] - ETA: 2s - loss: 1.2959 - acc: 0.4836
15360/48000 [========>.....................] - ETA: 2s - loss: 1.2960 - acc: 0.4839
16256/48000 [=========>....................] - ETA: 2s - loss: 1.2928 - acc: 0.4845
17152/48000 [=========>....................] - ETA: 1s - loss: 1.2947 - acc: 0.4839
18048/48000 [==========>...................] - ETA: 1s - loss: 1.2936 - acc: 0.4837
18944/48000 [==========>...................] - ETA: 1s - loss: 1.2928 - acc: 0.4842
19840/48000 [===========>..................] - ETA: 1s - loss: 1.2917 - acc: 0.4846
20736/48000 [===========>..................] - ETA: 1s - loss: 1.2946 - acc: 0.4836
21632/48000 [============>.................] - ETA: 1s - loss: 1.2960 - acc: 0.4827
22528/48000 [=============>................] - ETA: 1s - loss: 1.2949 - acc: 0.4832
23424/48000 [=============>................] - ETA: 1s - loss: 1.2962 - acc: 0.4825
24320/48000 [==============>...............] - ETA: 1s - loss: 1.2940 - acc: 0.4837
25216/48000 [==============>...............] - ETA: 1s - loss: 1.2933 - acc: 0.4834
26112/48000 [===============>..............] - ETA: 1s - loss: 1.2926 - acc: 0.4832
27008/48000 [===============>..............] - ETA: 1s - loss: 1.2909 - acc: 0.4836
27904/48000 [================>.............] - ETA: 1s - loss: 1.2898 - acc: 0.4840
28800/48000 [=================>............] - ETA: 1s - loss: 1.2891 - acc: 0.4840
29696/48000 [=================>............] - ETA: 1s - loss: 1.2892 - acc: 0.4844
30592/48000 [==================>...........] - ETA: 1s - loss: 1.2869 - acc: 0.4858
31488/48000 [==================>...........] - ETA: 1s - loss: 1.2874 - acc: 0.4858
32384/48000 [===================>..........] - ETA: 1s - loss: 1.2870 - acc: 0.4858
33280/48000 [===================>..........] - ETA: 0s - loss: 1.2872 - acc: 0.4863
34176/48000 [====================>.........] - ETA: 0s - loss: 1.2871 - acc: 0.4864
35072/48000 [====================>.........] - ETA: 0s - loss: 1.2859 - acc: 0.4861
35968/48000 [=====================>........] - ETA: 0s - loss: 1.2847 - acc: 0.4864
36864/48000 [======================>.......] - ETA: 0s - loss: 1.2839 - acc: 0.4868
37760/48000 [======================>.......] - ETA: 0s - loss: 1.2836 - acc: 0.4868
38656/48000 [=======================>......] - ETA: 0s - loss: 1.2828 - acc: 0.4869
39552/48000 [=======================>......] - ETA: 0s - loss: 1.2836 - acc: 0.4860
40448/48000 [========================>.....] - ETA: 0s - loss: 1.2832 - acc: 0.4861
41344/48000 [========================>.....] - ETA: 0s - loss: 1.2830 - acc: 0.4865
42240/48000 [=========================>....] - ETA: 0s - loss: 1.2822 - acc: 0.4870
43008/48000 [=========================>....] - ETA: 0s - loss: 1.2812 - acc: 0.4874
43904/48000 [==========================>...] - ETA: 0s - loss: 1.2797 - acc: 0.4881
44800/48000 [===========================>..] - ETA: 0s - loss: 1.2778 - acc: 0.4888
45696/48000 [===========================>..] - ETA: 0s - loss: 1.2773 - acc: 0.4888
46592/48000 [============================>.] - ETA: 0s - loss: 1.2775 - acc: 0.4886
47488/48000 [============================>.] - ETA: 0s - loss: 1.2770 - acc: 0.4890
48000/48000 [==============================] - 4s 83us/step - loss: 1.2768 - acc: 0.4892 - val_loss: 2.2713 - val_acc: 0.2824
Epoch 3/1000

  128/48000 [..............................] - ETA: 3s - loss: 1.2871 - acc: 0.5625
 1024/48000 [..............................] - ETA: 3s - loss: 1.2524 - acc: 0.5049
 1920/48000 [>.............................] - ETA: 2s - loss: 1.2585 - acc: 0.4958
 2816/48000 [>.............................] - ETA: 2s - loss: 1.2525 - acc: 0.5032
 3712/48000 [=>............................] - ETA: 2s - loss: 1.2466 - acc: 0.5073
 4608/48000 [=>............................] - ETA: 2s - loss: 1.2393 - acc: 0.5093
 5504/48000 [==>...........................] - ETA: 2s - loss: 1.2350 - acc: 0.5089
 6400/48000 [===>..........................] - ETA: 2s - loss: 1.2352 - acc: 0.5089
 7296/48000 [===>..........................] - ETA: 2s - loss: 1.2292 - acc: 0.5117
 8192/48000 [====>.........................] - ETA: 2s - loss: 1.2312 - acc: 0.5114
 9088/48000 [====>.........................] - ETA: 2s - loss: 1.2285 - acc: 0.5112
 9984/48000 [=====>........................] - ETA: 2s - loss: 1.2256 - acc: 0.5136
10880/48000 [=====>........................] - ETA: 2s - loss: 1.2241 - acc: 0.5131
11776/48000 [======>.......................] - ETA: 2s - loss: 1.2278 - acc: 0.5128
12672/48000 [======>.......................] - ETA: 2s - loss: 1.2270 - acc: 0.5122
13568/48000 [=======>......................] - ETA: 2s - loss: 1.2269 - acc: 0.5112
14464/48000 [========>.....................] - ETA: 2s - loss: 1.2271 - acc: 0.5092
15360/48000 [========>.....................] - ETA: 2s - loss: 1.2283 - acc: 0.5090
16256/48000 [=========>....................] - ETA: 2s - loss: 1.2310 - acc: 0.5070
17152/48000 [=========>....................] - ETA: 1s - loss: 1.2316 - acc: 0.5080
18048/48000 [==========>...................] - ETA: 1s - loss: 1.2310 - acc: 0.5078
18944/48000 [==========>...................] - ETA: 1s - loss: 1.2299 - acc: 0.5080
19840/48000 [===========>..................] - ETA: 1s - loss: 1.2277 - acc: 0.5095
20736/48000 [===========>..................] - ETA: 1s - loss: 1.2277 - acc: 0.5093
21632/48000 [============>.................] - ETA: 1s - loss: 1.2277 - acc: 0.5094
22528/48000 [=============>................] - ETA: 1s - loss: 1.2268 - acc: 0.5101
23424/48000 [=============>................] - ETA: 1s - loss: 1.2274 - acc: 0.5092
24320/48000 [==============>...............] - ETA: 1s - loss: 1.2258 - acc: 0.5094
25216/48000 [==============>...............] - ETA: 1s - loss: 1.2245 - acc: 0.5101
26112/48000 [===============>..............] - ETA: 1s - loss: 1.2237 - acc: 0.5103
27008/48000 [===============>..............] - ETA: 1s - loss: 1.2225 - acc: 0.5110
27904/48000 [================>.............] - ETA: 1s - loss: 1.2225 - acc: 0.5108
28800/48000 [=================>............] - ETA: 1s - loss: 1.2212 - acc: 0.5115
29696/48000 [=================>............] - ETA: 1s - loss: 1.2193 - acc: 0.5126
30592/48000 [==================>...........] - ETA: 1s - loss: 1.2176 - acc: 0.5127
31488/48000 [==================>...........] - ETA: 1s - loss: 1.2172 - acc: 0.5129
32384/48000 [===================>..........] - ETA: 1s - loss: 1.2176 - acc: 0.5132
33280/48000 [===================>..........] - ETA: 0s - loss: 1.2173 - acc: 0.5133
34176/48000 [====================>.........] - ETA: 0s - loss: 1.2168 - acc: 0.5130
35072/48000 [====================>.........] - ETA: 0s - loss: 1.2159 - acc: 0.5132
35968/48000 [=====================>........] - ETA: 0s - loss: 1.2161 - acc: 0.5128
36864/48000 [======================>.......] - ETA: 0s - loss: 1.2165 - acc: 0.5125
37760/48000 [======================>.......] - ETA: 0s - loss: 1.2159 - acc: 0.5127
38656/48000 [=======================>......] - ETA: 0s - loss: 1.2168 - acc: 0.5120
39552/48000 [=======================>......] - ETA: 0s - loss: 1.2169 - acc: 0.5121
40448/48000 [========================>.....] - ETA: 0s - loss: 1.2163 - acc: 0.5118
41344/48000 [========================>.....] - ETA: 0s - loss: 1.2171 - acc: 0.5114
42240/48000 [=========================>....] - ETA: 0s - loss: 1.2171 - acc: 0.5119
43136/48000 [=========================>....] - ETA: 0s - loss: 1.2170 - acc: 0.5115
44032/48000 [==========================>...] - ETA: 0s - loss: 1.2171 - acc: 0.5115
44928/48000 [===========================>..] - ETA: 0s - loss: 1.2167 - acc: 0.5117
45824/48000 [===========================>..] - ETA: 0s - loss: 1.2159 - acc: 0.5122
46720/48000 [============================>.] - ETA: 0s - loss: 1.2158 - acc: 0.5123
47616/48000 [============================>.] - ETA: 0s - loss: 1.2155 - acc: 0.5127
48000/48000 [==============================] - 4s 83us/step - loss: 1.2150 - acc: 0.5126 - val_loss: 2.2534 - val_acc: 0.3574
Epoch 4/1000

  128/48000 [..............................] - ETA: 3s - loss: 1.2503 - acc: 0.5234
 1024/48000 [..............................] - ETA: 3s - loss: 1.1472 - acc: 0.5439
 1920/48000 [>.............................] - ETA: 2s - loss: 1.1648 - acc: 0.5469
 2816/48000 [>.............................] - ETA: 2s - loss: 1.1843 - acc: 0.5405
 3712/48000 [=>............................] - ETA: 2s - loss: 1.1764 - acc: 0.5348
 4608/48000 [=>............................] - ETA: 2s - loss: 1.1914 - acc: 0.5241
 5504/48000 [==>...........................] - ETA: 2s - loss: 1.1838 - acc: 0.5282
 6400/48000 [===>..........................] - ETA: 2s - loss: 1.1873 - acc: 0.5269
 7296/48000 [===>..........................] - ETA: 2s - loss: 1.1832 - acc: 0.5302
 8192/48000 [====>.........................] - ETA: 2s - loss: 1.1812 - acc: 0.5311
 9088/48000 [====>.........................] - ETA: 2s - loss: 1.1777 - acc: 0.5333
 9984/48000 [=====>........................] - ETA: 2s - loss: 1.1842 - acc: 0.5299
10880/48000 [=====>........................] - ETA: 2s - loss: 1.1836 - acc: 0.5307
11776/48000 [======>.......................] - ETA: 2s - loss: 1.1842 - acc: 0.5296
12672/48000 [======>.......................] - ETA: 2s - loss: 1.1873 - acc: 0.5283
13568/48000 [=======>......................] - ETA: 2s - loss: 1.1867 - acc: 0.5288
14464/48000 [========>.....................] - ETA: 2s - loss: 1.1857 - acc: 0.5284
15360/48000 [========>.....................] - ETA: 2s - loss: 1.1856 - acc: 0.5287
16256/48000 [=========>....................] - ETA: 2s - loss: 1.1845 - acc: 0.5292
17152/48000 [=========>....................] - ETA: 1s - loss: 1.1831 - acc: 0.5298
18048/48000 [==========>...................] - ETA: 1s - loss: 1.1847 - acc: 0.5288
18944/48000 [==========>...................] - ETA: 1s - loss: 1.1855 - acc: 0.5287
19840/48000 [===========>..................] - ETA: 1s - loss: 1.1848 - acc: 0.5290
20736/48000 [===========>..................] - ETA: 1s - loss: 1.1854 - acc: 0.5285
21632/48000 [============>.................] - ETA: 1s - loss: 1.1834 - acc: 0.5284
22528/48000 [=============>................] - ETA: 1s - loss: 1.1837 - acc: 0.5286
23296/48000 [=============>................] - ETA: 1s - loss: 1.1850 - acc: 0.5279
24192/48000 [==============>...............] - ETA: 1s - loss: 1.1842 - acc: 0.5290
25088/48000 [==============>...............] - ETA: 1s - loss: 1.1849 - acc: 0.5287
25984/48000 [===============>..............] - ETA: 1s - loss: 1.1850 - acc: 0.5284
26880/48000 [===============>..............] - ETA: 1s - loss: 1.1840 - acc: 0.5292
27776/48000 [================>.............] - ETA: 1s - loss: 1.1833 - acc: 0.5290
28672/48000 [================>.............] - ETA: 1s - loss: 1.1834 - acc: 0.5286
29568/48000 [=================>............] - ETA: 1s - loss: 1.1855 - acc: 0.5273
30464/48000 [==================>...........] - ETA: 1s - loss: 1.1863 - acc: 0.5272
31360/48000 [==================>...........] - ETA: 1s - loss: 1.1845 - acc: 0.5278
32256/48000 [===================>..........] - ETA: 1s - loss: 1.1848 - acc: 0.5275
33152/48000 [===================>..........] - ETA: 0s - loss: 1.1848 - acc: 0.5279
34048/48000 [====================>.........] - ETA: 0s - loss: 1.1853 - acc: 0.5273
34944/48000 [====================>.........] - ETA: 0s - loss: 1.1829 - acc: 0.5278
35840/48000 [=====================>........] - ETA: 0s - loss: 1.1824 - acc: 0.5280
36736/48000 [=====================>........] - ETA: 0s - loss: 1.1815 - acc: 0.5283
37632/48000 [======================>.......] - ETA: 0s - loss: 1.1803 - acc: 0.5290
38528/48000 [=======================>......] - ETA: 0s - loss: 1.1800 - acc: 0.5290
39424/48000 [=======================>......] - ETA: 0s - loss: 1.1798 - acc: 0.5289
40320/48000 [========================>.....] - ETA: 0s - loss: 1.1794 - acc: 0.5294
41216/48000 [========================>.....] - ETA: 0s - loss: 1.1802 - acc: 0.5288
42112/48000 [=========================>....] - ETA: 0s - loss: 1.1801 - acc: 0.5282
43008/48000 [=========================>....] - ETA: 0s - loss: 1.1800 - acc: 0.5285
43904/48000 [==========================>...] - ETA: 0s - loss: 1.1791 - acc: 0.5285
44800/48000 [===========================>..] - ETA: 0s - loss: 1.1796 - acc: 0.5284
45696/48000 [===========================>..] - ETA: 0s - loss: 1.1800 - acc: 0.5284
46592/48000 [============================>.] - ETA: 0s - loss: 1.1795 - acc: 0.5285
47488/48000 [============================>.] - ETA: 0s - loss: 1.1799 - acc: 0.5283
48000/48000 [==============================] - 4s 83us/step - loss: 1.1797 - acc: 0.5283 - val_loss: 2.4107 - val_acc: 0.3748
Epoch 5/1000

  128/48000 [..............................] - ETA: 3s - loss: 1.3249 - acc: 0.4453
 1024/48000 [..............................] - ETA: 3s - loss: 1.1971 - acc: 0.5322
 1920/48000 [>.............................] - ETA: 2s - loss: 1.1619 - acc: 0.5411
 2816/48000 [>.............................] - ETA: 2s - loss: 1.1781 - acc: 0.5312
 3712/48000 [=>............................] - ETA: 2s - loss: 1.1659 - acc: 0.5299
 4608/48000 [=>............................] - ETA: 2s - loss: 1.1649 - acc: 0.5258
 5504/48000 [==>...........................] - ETA: 2s - loss: 1.1614 - acc: 0.5276
 6400/48000 [===>..........................] - ETA: 2s - loss: 1.1625 - acc: 0.5281
 7296/48000 [===>..........................] - ETA: 2s - loss: 1.1629 - acc: 0.5302
 8192/48000 [====>.........................] - ETA: 2s - loss: 1.1605 - acc: 0.5295
 9088/48000 [====>.........................] - ETA: 2s - loss: 1.1652 - acc: 0.5279
 9984/48000 [=====>........................] - ETA: 2s - loss: 1.1643 - acc: 0.5286
10880/48000 [=====>........................] - ETA: 2s - loss: 1.1705 - acc: 0.5261
11776/48000 [======>.......................] - ETA: 2s - loss: 1.1694 - acc: 0.5282
12672/48000 [======>.......................] - ETA: 2s - loss: 1.1653 - acc: 0.5304
13568/48000 [=======>......................] - ETA: 2s - loss: 1.1642 - acc: 0.5309
14464/48000 [========>.....................] - ETA: 2s - loss: 1.1619 - acc: 0.5326
15360/48000 [========>.....................] - ETA: 2s - loss: 1.1632 - acc: 0.5320
16256/48000 [=========>....................] - ETA: 2s - loss: 1.1626 - acc: 0.5308
17152/48000 [=========>....................] - ETA: 1s - loss: 1.1623 - acc: 0.5310
18048/48000 [==========>...................] - ETA: 1s - loss: 1.1618 - acc: 0.5317
18944/48000 [==========>...................] - ETA: 1s - loss: 1.1605 - acc: 0.5330
19840/48000 [===========>..................] - ETA: 1s - loss: 1.1594 - acc: 0.5326
20736/48000 [===========>..................] - ETA: 1s - loss: 1.1591 - acc: 0.5333
21632/48000 [============>.................] - ETA: 1s - loss: 1.1573 - acc: 0.5342
22528/48000 [=============>................] - ETA: 1s - loss: 1.1538 - acc: 0.5359
23424/48000 [=============>................] - ETA: 1s - loss: 1.1551 - acc: 0.5350
24320/48000 [==============>...............] - ETA: 1s - loss: 1.1540 - acc: 0.5357
25216/48000 [==============>...............] - ETA: 1s - loss: 1.1532 - acc: 0.5356
26112/48000 [===============>..............] - ETA: 1s - loss: 1.1528 - acc: 0.5353
27008/48000 [===============>..............] - ETA: 1s - loss: 1.1524 - acc: 0.5345
27904/48000 [================>.............] - ETA: 1s - loss: 1.1512 - acc: 0.5354
28800/48000 [=================>............] - ETA: 1s - loss: 1.1506 - acc: 0.5365
29696/48000 [=================>............] - ETA: 1s - loss: 1.1517 - acc: 0.5361
30592/48000 [==================>...........] - ETA: 1s - loss: 1.1523 - acc: 0.5364
31488/48000 [==================>...........] - ETA: 1s - loss: 1.1518 - acc: 0.5373
32384/48000 [===================>..........] - ETA: 1s - loss: 1.1529 - acc: 0.5370
33280/48000 [===================>..........] - ETA: 0s - loss: 1.1522 - acc: 0.5378
34176/48000 [====================>.........] - ETA: 0s - loss: 1.1519 - acc: 0.5382
35072/48000 [====================>.........] - ETA: 0s - loss: 1.1517 - acc: 0.5383
35968/48000 [=====================>........] - ETA: 0s - loss: 1.1527 - acc: 0.5378
36864/48000 [======================>.......] - ETA: 0s - loss: 1.1518 - acc: 0.5381
37760/48000 [======================>.......] - ETA: 0s - loss: 1.1512 - acc: 0.5386
38656/48000 [=======================>......] - ETA: 0s - loss: 1.1523 - acc: 0.5381
39552/48000 [=======================>......] - ETA: 0s - loss: 1.1520 - acc: 0.5383
40448/48000 [========================>.....] - ETA: 0s - loss: 1.1503 - acc: 0.5389
41344/48000 [========================>.....] - ETA: 0s - loss: 1.1508 - acc: 0.5388
42240/48000 [=========================>....] - ETA: 0s - loss: 1.1512 - acc: 0.5388
43136/48000 [=========================>....] - ETA: 0s - loss: 1.1496 - acc: 0.5397
44032/48000 [==========================>...] - ETA: 0s - loss: 1.1488 - acc: 0.5400
44928/48000 [===========================>..] - ETA: 0s - loss: 1.1496 - acc: 0.5402
45824/48000 [===========================>..] - ETA: 0s - loss: 1.1493 - acc: 0.5405
46720/48000 [============================>.] - ETA: 0s - loss: 1.1480 - acc: 0.5412
47616/48000 [============================>.] - ETA: 0s - loss: 1.1477 - acc: 0.5414
48000/48000 [==============================] - 4s 83us/step - loss: 1.1478 - acc: 0.5416 - val_loss: 2.4830 - val_acc: 0.3432
Epoch 6/1000

  128/48000 [..............................] - ETA: 3s - loss: 1.2314 - acc: 0.5000
 1024/48000 [..............................] - ETA: 3s - loss: 1.1673 - acc: 0.5254
 1920/48000 [>.............................] - ETA: 2s - loss: 1.1754 - acc: 0.5255
 2816/48000 [>.............................] - ETA: 2s - loss: 1.1685 - acc: 0.5256
 3712/48000 [=>............................] - ETA: 2s - loss: 1.1544 - acc: 0.5294
 4608/48000 [=>............................] - ETA: 2s - loss: 1.1520 - acc: 0.5286
 5504/48000 [==>...........................] - ETA: 2s - loss: 1.1488 - acc: 0.5338
 6400/48000 [===>..........................] - ETA: 2s - loss: 1.1479 - acc: 0.5350
 7296/48000 [===>..........................] - ETA: 2s - loss: 1.1434 - acc: 0.5380
 8192/48000 [====>.........................] - ETA: 2s - loss: 1.1394 - acc: 0.5388
 9088/48000 [====>.........................] - ETA: 2s - loss: 1.1372 - acc: 0.5394
 9984/48000 [=====>........................] - ETA: 2s - loss: 1.1348 - acc: 0.5415
10880/48000 [=====>........................] - ETA: 2s - loss: 1.1354 - acc: 0.5414
11776/48000 [======>.......................] - ETA: 2s - loss: 1.1330 - acc: 0.5424
12672/48000 [======>.......................] - ETA: 2s - loss: 1.1353 - acc: 0.5430
13568/48000 [=======>......................] - ETA: 2s - loss: 1.1368 - acc: 0.5430
14464/48000 [========>.....................] - ETA: 2s - loss: 1.1365 - acc: 0.5433
15360/48000 [========>.....................] - ETA: 2s - loss: 1.1365 - acc: 0.5427
16256/48000 [=========>....................] - ETA: 2s - loss: 1.1376 - acc: 0.5417
17152/48000 [=========>....................] - ETA: 1s - loss: 1.1375 - acc: 0.5412
18048/48000 [==========>...................] - ETA: 1s - loss: 1.1359 - acc: 0.5422
18944/48000 [==========>...................] - ETA: 1s - loss: 1.1326 - acc: 0.5429
19840/48000 [===========>..................] - ETA: 1s - loss: 1.1325 - acc: 0.5430
20736/48000 [===========>..................] - ETA: 1s - loss: 1.1326 - acc: 0.5436
21504/48000 [============>.................] - ETA: 1s - loss: 1.1293 - acc: 0.5454
22400/48000 [=============>................] - ETA: 1s - loss: 1.1300 - acc: 0.5458
23296/48000 [=============>................] - ETA: 1s - loss: 1.1301 - acc: 0.5452
24192/48000 [==============>...............] - ETA: 1s - loss: 1.1290 - acc: 0.5462
25088/48000 [==============>...............] - ETA: 1s - loss: 1.1290 - acc: 0.5462
25984/48000 [===============>..............] - ETA: 1s - loss: 1.1298 - acc: 0.5456
26880/48000 [===============>..............] - ETA: 1s - loss: 1.1299 - acc: 0.5453
27776/48000 [================>.............] - ETA: 1s - loss: 1.1295 - acc: 0.5448
28672/48000 [================>.............] - ETA: 1s - loss: 1.1290 - acc: 0.5453
29568/48000 [=================>............] - ETA: 1s - loss: 1.1287 - acc: 0.5458
30464/48000 [==================>...........] - ETA: 1s - loss: 1.1291 - acc: 0.5457
31360/48000 [==================>...........] - ETA: 1s - loss: 1.1290 - acc: 0.5452
32256/48000 [===================>..........] - ETA: 1s - loss: 1.1289 - acc: 0.5452
33152/48000 [===================>..........] - ETA: 0s - loss: 1.1287 - acc: 0.5451
34048/48000 [====================>.........] - ETA: 0s - loss: 1.1277 - acc: 0.5456
34944/48000 [====================>.........] - ETA: 0s - loss: 1.1281 - acc: 0.5460
35840/48000 [=====================>........] - ETA: 0s - loss: 1.1281 - acc: 0.5454
36736/48000 [=====================>........] - ETA: 0s - loss: 1.1288 - acc: 0.5449
37632/48000 [======================>.......] - ETA: 0s - loss: 1.1287 - acc: 0.5454
38528/48000 [=======================>......] - ETA: 0s - loss: 1.1300 - acc: 0.5446
39424/48000 [=======================>......] - ETA: 0s - loss: 1.1296 - acc: 0.5449
40320/48000 [========================>.....] - ETA: 0s - loss: 1.1292 - acc: 0.5451
41216/48000 [========================>.....] - ETA: 0s - loss: 1.1288 - acc: 0.5451
42112/48000 [=========================>....] - ETA: 0s - loss: 1.1287 - acc: 0.5454
43008/48000 [=========================>....] - ETA: 0s - loss: 1.1281 - acc: 0.5458
43904/48000 [==========================>...] - ETA: 0s - loss: 1.1272 - acc: 0.5460
44800/48000 [===========================>..] - ETA: 0s - loss: 1.1266 - acc: 0.5466
45696/48000 [===========================>..] - ETA: 0s - loss: 1.1245 - acc: 0.5477
46592/48000 [============================>.] - ETA: 0s - loss: 1.1246 - acc: 0.5480
47488/48000 [============================>.] - ETA: 0s - loss: 1.1245 - acc: 0.5480
48000/48000 [==============================] - 4s 84us/step - loss: 1.1243 - acc: 0.5483 - val_loss: 2.0679 - val_acc: 0.3784
Epoch 7/1000

  128/48000 [..............................] - ETA: 3s - loss: 1.0847 - acc: 0.5859
  896/48000 [..............................] - ETA: 3s - loss: 1.0742 - acc: 0.5781
 1792/48000 [>.............................] - ETA: 3s - loss: 1.1066 - acc: 0.5508
 2688/48000 [>.............................] - ETA: 3s - loss: 1.1143 - acc: 0.5517
 3584/48000 [=>............................] - ETA: 2s - loss: 1.1077 - acc: 0.5547
 4352/48000 [=>............................] - ETA: 2s - loss: 1.1125 - acc: 0.5545
 5248/48000 [==>...........................] - ETA: 2s - loss: 1.1035 - acc: 0.5572
 6144/48000 [==>...........................] - ETA: 2s - loss: 1.1093 - acc: 0.5571
 7040/48000 [===>..........................] - ETA: 2s - loss: 1.1066 - acc: 0.5598
 7936/48000 [===>..........................] - ETA: 2s - loss: 1.1005 - acc: 0.5630
 8832/48000 [====>.........................] - ETA: 2s - loss: 1.1005 - acc: 0.5622
 9728/48000 [=====>........................] - ETA: 2s - loss: 1.1050 - acc: 0.5592
10624/48000 [=====>........................] - ETA: 2s - loss: 1.1051 - acc: 0.5612
11520/48000 [======>.......................] - ETA: 2s - loss: 1.1043 - acc: 0.5614
12416/48000 [======>.......................] - ETA: 2s - loss: 1.1043 - acc: 0.5613
13312/48000 [=======>......................] - ETA: 2s - loss: 1.1033 - acc: 0.5619
14208/48000 [=======>......................] - ETA: 2s - loss: 1.1035 - acc: 0.5619
15104/48000 [========>.....................] - ETA: 2s - loss: 1.1046 - acc: 0.5615
16000/48000 [=========>....................] - ETA: 2s - loss: 1.1040 - acc: 0.5624
16896/48000 [=========>....................] - ETA: 2s - loss: 1.1043 - acc: 0.5613
17792/48000 [==========>...................] - ETA: 1s - loss: 1.1048 - acc: 0.5623
18688/48000 [==========>...................] - ETA: 1s - loss: 1.1055 - acc: 0.5608
19584/48000 [===========>..................] - ETA: 1s - loss: 1.1055 - acc: 0.5606
20480/48000 [===========>..................] - ETA: 1s - loss: 1.1076 - acc: 0.5608
21376/48000 [============>.................] - ETA: 1s - loss: 1.1062 - acc: 0.5606
22272/48000 [============>.................] - ETA: 1s - loss: 1.1057 - acc: 0.5603
23168/48000 [=============>................] - ETA: 1s - loss: 1.1052 - acc: 0.5609
24064/48000 [==============>...............] - ETA: 1s - loss: 1.1061 - acc: 0.5607
24960/48000 [==============>...............] - ETA: 1s - loss: 1.1050 - acc: 0.5607
25856/48000 [===============>..............] - ETA: 1s - loss: 1.1067 - acc: 0.5596
26752/48000 [===============>..............] - ETA: 1s - loss: 1.1064 - acc: 0.5597
27648/48000 [================>.............] - ETA: 1s - loss: 1.1079 - acc: 0.5592
28544/48000 [================>.............] - ETA: 1s - loss: 1.1083 - acc: 0.5587
29440/48000 [=================>............] - ETA: 1s - loss: 1.1076 - acc: 0.5596
30336/48000 [=================>............] - ETA: 1s - loss: 1.1060 - acc: 0.5605
31232/48000 [==================>...........] - ETA: 1s - loss: 1.1049 - acc: 0.5606
32128/48000 [===================>..........] - ETA: 1s - loss: 1.1045 - acc: 0.5601
33024/48000 [===================>..........] - ETA: 0s - loss: 1.1046 - acc: 0.5598
33920/48000 [====================>.........] - ETA: 0s - loss: 1.1038 - acc: 0.5603
34816/48000 [====================>.........] - ETA: 0s - loss: 1.1036 - acc: 0.5597
35712/48000 [=====================>........] - ETA: 0s - loss: 1.1034 - acc: 0.5601
36608/48000 [=====================>........] - ETA: 0s - loss: 1.1024 - acc: 0.5608
37504/48000 [======================>.......] - ETA: 0s - loss: 1.1013 - acc: 0.5612
38400/48000 [=======================>......] - ETA: 0s - loss: 1.1006 - acc: 0.5613
39296/48000 [=======================>......] - ETA: 0s - loss: 1.1009 - acc: 0.5616
40192/48000 [========================>.....] - ETA: 0s - loss: 1.1018 - acc: 0.5610
41088/48000 [========================>.....] - ETA: 0s - loss: 1.1007 - acc: 0.5608
41984/48000 [=========================>....] - ETA: 0s - loss: 1.1019 - acc: 0.5605
42880/48000 [=========================>....] - ETA: 0s - loss: 1.1027 - acc: 0.5596
43776/48000 [==========================>...] - ETA: 0s - loss: 1.1023 - acc: 0.5597
44672/48000 [==========================>...] - ETA: 0s - loss: 1.1027 - acc: 0.5593
45568/48000 [===========================>..] - ETA: 0s - loss: 1.1024 - acc: 0.5595
46464/48000 [============================>.] - ETA: 0s - loss: 1.1022 - acc: 0.5595
47360/48000 [============================>.] - ETA: 0s - loss: 1.1013 - acc: 0.5599
48000/48000 [==============================] - 4s 84us/step - loss: 1.1011 - acc: 0.5598 - val_loss: 1.9899 - val_acc: 0.3916
Epoch 8/1000

  128/48000 [..............................] - ETA: 3s - loss: 1.0891 - acc: 0.5234
 1024/48000 [..............................] - ETA: 3s - loss: 1.1250 - acc: 0.5508
 1920/48000 [>.............................] - ETA: 2s - loss: 1.1134 - acc: 0.5620
 2816/48000 [>.............................] - ETA: 2s - loss: 1.0935 - acc: 0.5664
 3712/48000 [=>............................] - ETA: 2s - loss: 1.0800 - acc: 0.5754
 4608/48000 [=>............................] - ETA: 2s - loss: 1.0707 - acc: 0.5727
 5504/48000 [==>...........................] - ETA: 2s - loss: 1.0775 - acc: 0.5665
 6400/48000 [===>..........................] - ETA: 2s - loss: 1.0765 - acc: 0.5680
 7296/48000 [===>..........................] - ETA: 2s - loss: 1.0726 - acc: 0.5707
 8192/48000 [====>.........................] - ETA: 2s - loss: 1.0729 - acc: 0.5730
 9088/48000 [====>.........................] - ETA: 2s - loss: 1.0742 - acc: 0.5717
 9984/48000 [=====>........................] - ETA: 2s - loss: 1.0777 - acc: 0.5716
10880/48000 [=====>........................] - ETA: 2s - loss: 1.0790 - acc: 0.5705
11776/48000 [======>.......................] - ETA: 2s - loss: 1.0843 - acc: 0.5678
12672/48000 [======>.......................] - ETA: 2s - loss: 1.0855 - acc: 0.5687
13568/48000 [=======>......................] - ETA: 2s - loss: 1.0851 - acc: 0.5689
14464/48000 [========>.....................] - ETA: 2s - loss: 1.0852 - acc: 0.5680
15360/48000 [========>.....................] - ETA: 2s - loss: 1.0864 - acc: 0.5669
16256/48000 [=========>....................] - ETA: 2s - loss: 1.0860 - acc: 0.5675
17024/48000 [=========>....................] - ETA: 1s - loss: 1.0858 - acc: 0.5675
17920/48000 [==========>...................] - ETA: 1s - loss: 1.0850 - acc: 0.5666
18816/48000 [==========>...................] - ETA: 1s - loss: 1.0846 - acc: 0.5665
19712/48000 [===========>..................] - ETA: 1s - loss: 1.0848 - acc: 0.5664
20608/48000 [===========>..................] - ETA: 1s - loss: 1.0830 - acc: 0.5670
21504/48000 [============>.................] - ETA: 1s - loss: 1.0847 - acc: 0.5663
22400/48000 [=============>................] - ETA: 1s - loss: 1.0861 - acc: 0.5664
23296/48000 [=============>................] - ETA: 1s - loss: 1.0878 - acc: 0.5657
24192/48000 [==============>...............] - ETA: 1s - loss: 1.0880 - acc: 0.5654
25088/48000 [==============>...............] - ETA: 1s - loss: 1.0884 - acc: 0.5650
25984/48000 [===============>..............] - ETA: 1s - loss: 1.0881 - acc: 0.5652
26880/48000 [===============>..............] - ETA: 1s - loss: 1.0880 - acc: 0.5653
27776/48000 [================>.............] - ETA: 1s - loss: 1.0882 - acc: 0.5645
28672/48000 [================>.............] - ETA: 1s - loss: 1.0864 - acc: 0.5654
29568/48000 [=================>............] - ETA: 1s - loss: 1.0867 - acc: 0.5645
30464/48000 [==================>...........] - ETA: 1s - loss: 1.0861 - acc: 0.5653
31360/48000 [==================>...........] - ETA: 1s - loss: 1.0864 - acc: 0.5651
32256/48000 [===================>..........] - ETA: 1s - loss: 1.0851 - acc: 0.5657
33152/48000 [===================>..........] - ETA: 0s - loss: 1.0849 - acc: 0.5655
34048/48000 [====================>.........] - ETA: 0s - loss: 1.0836 - acc: 0.5661
34944/48000 [====================>.........] - ETA: 0s - loss: 1.0838 - acc: 0.5662
35840/48000 [=====================>........] - ETA: 0s - loss: 1.0829 - acc: 0.5664
36736/48000 [=====================>........] - ETA: 0s - loss: 1.0839 - acc: 0.5662
37632/48000 [======================>.......] - ETA: 0s - loss: 1.0839 - acc: 0.5665
38528/48000 [=======================>......] - ETA: 0s - loss: 1.0834 - acc: 0.5669
39168/48000 [=======================>......] - ETA: 0s - loss: 1.0825 - acc: 0.5675
40064/48000 [========================>.....] - ETA: 0s - loss: 1.0819 - acc: 0.5677
40960/48000 [========================>.....] - ETA: 0s - loss: 1.0814 - acc: 0.5676
41856/48000 [=========================>....] - ETA: 0s - loss: 1.0813 - acc: 0.5674
42752/48000 [=========================>....] - ETA: 0s - loss: 1.0813 - acc: 0.5673
43648/48000 [==========================>...] - ETA: 0s - loss: 1.0815 - acc: 0.5679
44544/48000 [==========================>...] - ETA: 0s - loss: 1.0807 - acc: 0.5684
45440/48000 [===========================>..] - ETA: 0s - loss: 1.0816 - acc: 0.5679
46336/48000 [===========================>..] - ETA: 0s - loss: 1.0808 - acc: 0.5678
47232/48000 [============================>.] - ETA: 0s - loss: 1.0816 - acc: 0.5673
48000/48000 [==============================] - 4s 84us/step - loss: 1.0817 - acc: 0.5677 - val_loss: 2.0259 - val_acc: 0.3839
Epoch 9/1000

  128/48000 [..............................] - ETA: 3s - loss: 0.8863 - acc: 0.6094
  896/48000 [..............................] - ETA: 3s - loss: 1.0215 - acc: 0.5882
 1792/48000 [>.............................] - ETA: 3s - loss: 1.0568 - acc: 0.5820
 2688/48000 [>.............................] - ETA: 2s - loss: 1.0692 - acc: 0.5744
 3584/48000 [=>............................] - ETA: 2s - loss: 1.0680 - acc: 0.5734
 4480/48000 [=>............................] - ETA: 2s - loss: 1.0700 - acc: 0.5676
 5376/48000 [==>...........................] - ETA: 2s - loss: 1.0636 - acc: 0.5738
 6272/48000 [==>...........................] - ETA: 2s - loss: 1.0688 - acc: 0.5732
 7168/48000 [===>..........................] - ETA: 2s - loss: 1.0640 - acc: 0.5781
 8064/48000 [====>.........................] - ETA: 2s - loss: 1.0619 - acc: 0.5799
 8960/48000 [====>.........................] - ETA: 2s - loss: 1.0622 - acc: 0.5780
 9856/48000 [=====>........................] - ETA: 2s - loss: 1.0603 - acc: 0.5780
10752/48000 [=====>........................] - ETA: 2s - loss: 1.0599 - acc: 0.5777
11648/48000 [======>.......................] - ETA: 2s - loss: 1.0615 - acc: 0.5772
12544/48000 [======>.......................] - ETA: 2s - loss: 1.0595 - acc: 0.5777
13440/48000 [=======>......................] - ETA: 2s - loss: 1.0620 - acc: 0.5764
14336/48000 [=======>......................] - ETA: 2s - loss: 1.0622 - acc: 0.5767
15232/48000 [========>.....................] - ETA: 2s - loss: 1.0625 - acc: 0.5763
16128/48000 [=========>....................] - ETA: 2s - loss: 1.0624 - acc: 0.5756
17024/48000 [=========>....................] - ETA: 1s - loss: 1.0632 - acc: 0.5756
17920/48000 [==========>...................] - ETA: 1s - loss: 1.0619 - acc: 0.5757
18816/48000 [==========>...................] - ETA: 1s - loss: 1.0621 - acc: 0.5750
19712/48000 [===========>..................] - ETA: 1s - loss: 1.0621 - acc: 0.5748
20608/48000 [===========>..................] - ETA: 1s - loss: 1.0627 - acc: 0.5743
21504/48000 [============>.................] - ETA: 1s - loss: 1.0621 - acc: 0.5741
22400/48000 [=============>................] - ETA: 1s - loss: 1.0616 - acc: 0.5738
23296/48000 [=============>................] - ETA: 1s - loss: 1.0613 - acc: 0.5737
24192/48000 [==============>...............] - ETA: 1s - loss: 1.0603 - acc: 0.5732
25088/48000 [==============>...............] - ETA: 1s - loss: 1.0604 - acc: 0.5741
25856/48000 [===============>..............] - ETA: 1s - loss: 1.0590 - acc: 0.5750
26752/48000 [===============>..............] - ETA: 1s - loss: 1.0588 - acc: 0.5754
27648/48000 [================>.............] - ETA: 1s - loss: 1.0606 - acc: 0.5749
28544/48000 [================>.............] - ETA: 1s - loss: 1.0602 - acc: 0.5752
29440/48000 [=================>............] - ETA: 1s - loss: 1.0616 - acc: 0.5742
30336/48000 [=================>............] - ETA: 1s - loss: 1.0612 - acc: 0.5749
31232/48000 [==================>...........] - ETA: 1s - loss: 1.0616 - acc: 0.5745
32128/48000 [===================>..........] - ETA: 1s - loss: 1.0616 - acc: 0.5748
33024/48000 [===================>..........] - ETA: 0s - loss: 1.0624 - acc: 0.5743
33920/48000 [====================>.........] - ETA: 0s - loss: 1.0615 - acc: 0.5745
34816/48000 [====================>.........] - ETA: 0s - loss: 1.0618 - acc: 0.5742
35712/48000 [=====================>........] - ETA: 0s - loss: 1.0621 - acc: 0.5740
36608/48000 [=====================>........] - ETA: 0s - loss: 1.0621 - acc: 0.5738
37504/48000 [======================>.......] - ETA: 0s - loss: 1.0624 - acc: 0.5736
38400/48000 [=======================>......] - ETA: 0s - loss: 1.0632 - acc: 0.5732
39296/48000 [=======================>......] - ETA: 0s - loss: 1.0637 - acc: 0.5731
40192/48000 [========================>.....] - ETA: 0s - loss: 1.0631 - acc: 0.5737
41088/48000 [========================>.....] - ETA: 0s - loss: 1.0626 - acc: 0.5738
41856/48000 [=========================>....] - ETA: 0s - loss: 1.0625 - acc: 0.5741
42752/48000 [=========================>....] - ETA: 0s - loss: 1.0614 - acc: 0.5748
43648/48000 [==========================>...] - ETA: 0s - loss: 1.0622 - acc: 0.5749
44544/48000 [==========================>...] - ETA: 0s - loss: 1.0622 - acc: 0.5751
45440/48000 [===========================>..] - ETA: 0s - loss: 1.0621 - acc: 0.5753
46336/48000 [===========================>..] - ETA: 0s - loss: 1.0623 - acc: 0.5750
47232/48000 [============================>.] - ETA: 0s - loss: 1.0630 - acc: 0.5747
48000/48000 [==============================] - 4s 84us/step - loss: 1.0623 - acc: 0.5749 - val_loss: 2.2593 - val_acc: 0.3792
Epoch 10/1000

  128/48000 [..............................] - ETA: 3s - loss: 0.9113 - acc: 0.6094
 1024/48000 [..............................] - ETA: 3s - loss: 1.0694 - acc: 0.5625
 1920/48000 [>.............................] - ETA: 2s - loss: 1.0752 - acc: 0.5740
 2816/48000 [>.............................] - ETA: 2s - loss: 1.0648 - acc: 0.5795
 3712/48000 [=>............................] - ETA: 2s - loss: 1.0612 - acc: 0.5787
 4608/48000 [=>............................] - ETA: 2s - loss: 1.0592 - acc: 0.5790
 5376/48000 [==>...........................] - ETA: 2s - loss: 1.0569 - acc: 0.5807
 6272/48000 [==>...........................] - ETA: 2s - loss: 1.0570 - acc: 0.5812
 7168/48000 [===>..........................] - ETA: 2s - loss: 1.0559 - acc: 0.5797
 8064/48000 [====>.........................] - ETA: 2s - loss: 1.0545 - acc: 0.5813
 8960/48000 [====>.........................] - ETA: 2s - loss: 1.0566 - acc: 0.5817
 9856/48000 [=====>........................] - ETA: 2s - loss: 1.0579 - acc: 0.5823
10752/48000 [=====>........................] - ETA: 2s - loss: 1.0599 - acc: 0.5812
11648/48000 [======>.......................] - ETA: 2s - loss: 1.0591 - acc: 0.5816
12544/48000 [======>.......................] - ETA: 2s - loss: 1.0600 - acc: 0.5800
13440/48000 [=======>......................] - ETA: 2s - loss: 1.0603 - acc: 0.5816
14336/48000 [=======>......................] - ETA: 2s - loss: 1.0596 - acc: 0.5797
15232/48000 [========>.....................] - ETA: 2s - loss: 1.0613 - acc: 0.5783
16128/48000 [=========>....................] - ETA: 2s - loss: 1.0590 - acc: 0.5793
17024/48000 [=========>....................] - ETA: 1s - loss: 1.0557 - acc: 0.5813
17920/48000 [==========>...................] - ETA: 1s - loss: 1.0549 - acc: 0.5817
18816/48000 [==========>...................] - ETA: 1s - loss: 1.0550 - acc: 0.5823
19712/48000 [===========>..................] - ETA: 1s - loss: 1.0552 - acc: 0.5810
20608/48000 [===========>..................] - ETA: 1s - loss: 1.0562 - acc: 0.5812
21504/48000 [============>.................] - ETA: 1s - loss: 1.0557 - acc: 0.5814
22400/48000 [=============>................] - ETA: 1s - loss: 1.0553 - acc: 0.5823
23296/48000 [=============>................] - ETA: 1s - loss: 1.0541 - acc: 0.5825
24192/48000 [==============>...............] - ETA: 1s - loss: 1.0549 - acc: 0.5821
25088/48000 [==============>...............] - ETA: 1s - loss: 1.0538 - acc: 0.5819
25984/48000 [===============>..............] - ETA: 1s - loss: 1.0540 - acc: 0.5816
26880/48000 [===============>..............] - ETA: 1s - loss: 1.0559 - acc: 0.5809
27776/48000 [================>.............] - ETA: 1s - loss: 1.0562 - acc: 0.5808
28672/48000 [================>.............] - ETA: 1s - loss: 1.0557 - acc: 0.5812
29568/48000 [=================>............] - ETA: 1s - loss: 1.0571 - acc: 0.5804
30464/48000 [==================>...........] - ETA: 1s - loss: 1.0541 - acc: 0.5816
31360/48000 [==================>...........] - ETA: 1s - loss: 1.0509 - acc: 0.5826
32256/48000 [===================>..........] - ETA: 1s - loss: 1.0503 - acc: 0.5827
33152/48000 [===================>..........] - ETA: 0s - loss: 1.0491 - acc: 0.5833
34048/48000 [====================>.........] - ETA: 0s - loss: 1.0486 - acc: 0.5837
34944/48000 [====================>.........] - ETA: 0s - loss: 1.0485 - acc: 0.5838
35840/48000 [=====================>........] - ETA: 0s - loss: 1.0497 - acc: 0.5831
36736/48000 [=====================>........] - ETA: 0s - loss: 1.0487 - acc: 0.5837
37632/48000 [======================>.......] - ETA: 0s - loss: 1.0488 - acc: 0.5833
38528/48000 [=======================>......] - ETA: 0s - loss: 1.0491 - acc: 0.5835
39424/48000 [=======================>......] - ETA: 0s - loss: 1.0492 - acc: 0.5832
40320/48000 [========================>.....] - ETA: 0s - loss: 1.0481 - acc: 0.5837
41216/48000 [========================>.....] - ETA: 0s - loss: 1.0479 - acc: 0.5836
42112/48000 [=========================>....] - ETA: 0s - loss: 1.0477 - acc: 0.5837
43008/48000 [=========================>....] - ETA: 0s - loss: 1.0469 - acc: 0.5835
43904/48000 [==========================>...] - ETA: 0s - loss: 1.0475 - acc: 0.5832
44800/48000 [===========================>..] - ETA: 0s - loss: 1.0473 - acc: 0.5834
45696/48000 [===========================>..] - ETA: 0s - loss: 1.0471 - acc: 0.5833
46592/48000 [============================>.] - ETA: 0s - loss: 1.0466 - acc: 0.5834
47488/48000 [============================>.] - ETA: 0s - loss: 1.0464 - acc: 0.5835
48000/48000 [==============================] - 4s 84us/step - loss: 1.0459 - acc: 0.5839 - val_loss: 2.2248 - val_acc: 0.3573
Epoch 11/1000

  128/48000 [..............................] - ETA: 3s - loss: 1.1194 - acc: 0.5703
  896/48000 [..............................] - ETA: 3s - loss: 1.0398 - acc: 0.5971
 1792/48000 [>.............................] - ETA: 3s - loss: 1.0299 - acc: 0.6049
 2688/48000 [>.............................] - ETA: 2s - loss: 1.0327 - acc: 0.5975
 3584/48000 [=>............................] - ETA: 2s - loss: 1.0405 - acc: 0.5915
 4480/48000 [=>............................] - ETA: 2s - loss: 1.0384 - acc: 0.5913
 5376/48000 [==>...........................] - ETA: 2s - loss: 1.0381 - acc: 0.5913
 6272/48000 [==>...........................] - ETA: 2s - loss: 1.0403 - acc: 0.5893
 7168/48000 [===>..........................] - ETA: 2s - loss: 1.0434 - acc: 0.5861
 8064/48000 [====>.........................] - ETA: 2s - loss: 1.0365 - acc: 0.5882
 8960/48000 [====>.........................] - ETA: 2s - loss: 1.0380 - acc: 0.5887
 9856/48000 [=====>........................] - ETA: 2s - loss: 1.0322 - acc: 0.5899
10752/48000 [=====>........................] - ETA: 2s - loss: 1.0323 - acc: 0.5910
11648/48000 [======>.......................] - ETA: 2s - loss: 1.0342 - acc: 0.5891
12544/48000 [======>.......................] - ETA: 2s - loss: 1.0406 - acc: 0.5859
13312/48000 [=======>......................] - ETA: 2s - loss: 1.0419 - acc: 0.5849
14208/48000 [=======>......................] - ETA: 2s - loss: 1.0402 - acc: 0.5847
15104/48000 [========>.....................] - ETA: 2s - loss: 1.0361 - acc: 0.5871
16000/48000 [=========>....................] - ETA: 2s - loss: 1.0343 - acc: 0.5879
16896/48000 [=========>....................] - ETA: 2s - loss: 1.0341 - acc: 0.5873
17792/48000 [==========>...................] - ETA: 1s - loss: 1.0334 - acc: 0.5876
18688/48000 [==========>...................] - ETA: 1s - loss: 1.0319 - acc: 0.5871
19584/48000 [===========>..................] - ETA: 1s - loss: 1.0307 - acc: 0.5877
20480/48000 [===========>..................] - ETA: 1s - loss: 1.0306 - acc: 0.5873
21376/48000 [============>.................] - ETA: 1s - loss: 1.0310 - acc: 0.5877
22272/48000 [============>.................] - ETA: 1s - loss: 1.0306 - acc: 0.5883
23168/48000 [=============>................] - ETA: 1s - loss: 1.0312 - acc: 0.5883
24064/48000 [==============>...............] - ETA: 1s - loss: 1.0311 - acc: 0.5882
24960/48000 [==============>...............] - ETA: 1s - loss: 1.0321 - acc: 0.5880
25856/48000 [===============>..............] - ETA: 1s - loss: 1.0319 - acc: 0.5881
26752/48000 [===============>..............] - ETA: 1s - loss: 1.0316 - acc: 0.5883
27648/48000 [================>.............] - ETA: 1s - loss: 1.0314 - acc: 0.5883
28544/48000 [================>.............] - ETA: 1s - loss: 1.0316 - acc: 0.5887
29440/48000 [=================>............] - ETA: 1s - loss: 1.0309 - acc: 0.5888
30336/48000 [=================>............] - ETA: 1s - loss: 1.0311 - acc: 0.5886
31232/48000 [==================>...........] - ETA: 1s - loss: 1.0306 - acc: 0.5881
32128/48000 [===================>..........] - ETA: 1s - loss: 1.0309 - acc: 0.5875
33024/48000 [===================>..........] - ETA: 0s - loss: 1.0297 - acc: 0.5883
33920/48000 [====================>.........] - ETA: 0s - loss: 1.0294 - acc: 0.5889
34816/48000 [====================>.........] - ETA: 0s - loss: 1.0295 - acc: 0.5890
35712/48000 [=====================>........] - ETA: 0s - loss: 1.0300 - acc: 0.5887
36608/48000 [=====================>........] - ETA: 0s - loss: 1.0289 - acc: 0.5894
37504/48000 [======================>.......] - ETA: 0s - loss: 1.0289 - acc: 0.5888
38400/48000 [=======================>......] - ETA: 0s - loss: 1.0289 - acc: 0.5891
39296/48000 [=======================>......] - ETA: 0s - loss: 1.0293 - acc: 0.5890
40192/48000 [========================>.....] - ETA: 0s - loss: 1.0292 - acc: 0.5892
41088/48000 [========================>.....] - ETA: 0s - loss: 1.0299 - acc: 0.5891
41984/48000 [=========================>....] - ETA: 0s - loss: 1.0294 - acc: 0.5892
42880/48000 [=========================>....] - ETA: 0s - loss: 1.0289 - acc: 0.5894
43776/48000 [==========================>...] - ETA: 0s - loss: 1.0280 - acc: 0.5896
44672/48000 [==========================>...] - ETA: 0s - loss: 1.0287 - acc: 0.5891
45568/48000 [===========================>..] - ETA: 0s - loss: 1.0296 - acc: 0.5889
46464/48000 [============================>.] - ETA: 0s - loss: 1.0290 - acc: 0.5890
47360/48000 [============================>.] - ETA: 0s - loss: 1.0291 - acc: 0.5892
48000/48000 [==============================] - 4s 83us/step - loss: 1.0288 - acc: 0.5891 - val_loss: 2.1038 - val_acc: 0.3568

   32/10000 [..............................] - ETA: 3s
  224/10000 [..............................] - ETA: 2s
  416/10000 [>.............................] - ETA: 2s
  608/10000 [>.............................] - ETA: 2s
  800/10000 [=>............................] - ETA: 2s
  992/10000 [=>............................] - ETA: 2s
 1184/10000 [==>...........................] - ETA: 2s
 1376/10000 [===>..........................] - ETA: 2s
 1568/10000 [===>..........................] - ETA: 2s
 1760/10000 [====>.........................] - ETA: 2s
 1920/10000 [====>.........................] - ETA: 2s
 2112/10000 [=====>........................] - ETA: 2s
 2304/10000 [=====>........................] - ETA: 2s
 2496/10000 [======>.......................] - ETA: 2s
 2688/10000 [=======>......................] - ETA: 2s
 2848/10000 [=======>......................] - ETA: 2s
 3040/10000 [========>.....................] - ETA: 2s
 3232/10000 [========>.....................] - ETA: 2s
 3424/10000 [=========>....................] - ETA: 2s
 3616/10000 [=========>....................] - ETA: 1s
 3808/10000 [==========>...................] - ETA: 1s
 4000/10000 [===========>..................] - ETA: 1s
 4192/10000 [===========>..................] - ETA: 1s
 4384/10000 [============>.................] - ETA: 1s
 4576/10000 [============>.................] - ETA: 1s
 4768/10000 [=============>................] - ETA: 1s
 4960/10000 [=============>................] - ETA: 1s
 5152/10000 [==============>...............] - ETA: 1s
 5344/10000 [===============>..............] - ETA: 1s
 5536/10000 [===============>..............] - ETA: 1s
 5728/10000 [================>.............] - ETA: 1s
 5920/10000 [================>.............] - ETA: 1s
 6112/10000 [=================>............] - ETA: 1s
 6304/10000 [=================>............] - ETA: 1s
 6496/10000 [==================>...........] - ETA: 1s
 6688/10000 [===================>..........] - ETA: 1s
 6880/10000 [===================>..........] - ETA: 0s
 7072/10000 [====================>.........] - ETA: 0s
 7264/10000 [====================>.........] - ETA: 0s
 7424/10000 [=====================>........] - ETA: 0s
 7616/10000 [=====================>........] - ETA: 0s
 7808/10000 [======================>.......] - ETA: 0s
 8000/10000 [=======================>......] - ETA: 0s
 8192/10000 [=======================>......] - ETA: 0s
 8384/10000 [========================>.....] - ETA: 0s
 8576/10000 [========================>.....] - ETA: 0s
 8768/10000 [=========================>....] - ETA: 0s
 8960/10000 [=========================>....] - ETA: 0s
 9152/10000 [==========================>...] - ETA: 0s
 9344/10000 [===========================>..] - ETA: 0s
 9536/10000 [===========================>..] - ETA: 0s
 9728/10000 [============================>.] - ETA: 0s
 9920/10000 [============================>.] - ETA: 0s
10000/10000 [==============================] - 3s 306us/step
Test acc: 0.3627
Test auc: 0.8329310555555557
Execute epoch: 11
Execute time: 46.76032328605652
