tr_x shape: (48000, 28, 28)
va_x shape: (12000, 28, 28)
te_x shape: (10000, 28, 28)
_________________________________________________________________
Layer (type)                 Output Shape              Param #   
=================================================================
lstm_1 (LSTM)                (None, None, 50)          15800     
_________________________________________________________________
lstm_2 (LSTM)                (None, 50)                20200     
_________________________________________________________________
dense_1 (Dense)              (None, 16)                816       
_________________________________________________________________
dense_2 (Dense)              (None, 10)                170       
=================================================================
Total params: 36,986
Trainable params: 36,986
Non-trainable params: 0
_________________________________________________________________
Train on 48000 samples, validate on 12000 samples
Epoch 1/1000

  128/48000 [..............................] - ETA: 9:01 - loss: 2.3208 - acc: 0.0703
  896/48000 [..............................] - ETA: 1:19 - loss: 2.2955 - acc: 0.1228
 1664/48000 [>.............................] - ETA: 43s - loss: 2.2853 - acc: 0.1136 
 2432/48000 [>.............................] - ETA: 30s - loss: 2.2774 - acc: 0.1127
 3200/48000 [=>............................] - ETA: 23s - loss: 2.2642 - acc: 0.1212
 3968/48000 [=>............................] - ETA: 19s - loss: 2.2528 - acc: 0.1290
 4736/48000 [=>............................] - ETA: 16s - loss: 2.2364 - acc: 0.1459
 5504/48000 [==>...........................] - ETA: 14s - loss: 2.2148 - acc: 0.1637
 6272/48000 [==>...........................] - ETA: 12s - loss: 2.1866 - acc: 0.1781
 7040/48000 [===>..........................] - ETA: 11s - loss: 2.1584 - acc: 0.1878
 7808/48000 [===>..........................] - ETA: 10s - loss: 2.1280 - acc: 0.1970
 8576/48000 [====>.........................] - ETA: 9s - loss: 2.0986 - acc: 0.2063 
 9344/48000 [====>.........................] - ETA: 8s - loss: 2.0660 - acc: 0.2173
10112/48000 [=====>........................] - ETA: 8s - loss: 2.0348 - acc: 0.2276
10880/48000 [=====>........................] - ETA: 7s - loss: 2.0060 - acc: 0.2370
11648/48000 [======>.......................] - ETA: 7s - loss: 1.9821 - acc: 0.2448
12416/48000 [======>.......................] - ETA: 6s - loss: 1.9578 - acc: 0.2527
13184/48000 [=======>......................] - ETA: 6s - loss: 1.9344 - acc: 0.2602
13952/48000 [=======>......................] - ETA: 6s - loss: 1.9134 - acc: 0.2683
14720/48000 [========>.....................] - ETA: 5s - loss: 1.8942 - acc: 0.2745
15488/48000 [========>.....................] - ETA: 5s - loss: 1.8749 - acc: 0.2802
16256/48000 [=========>....................] - ETA: 5s - loss: 1.8571 - acc: 0.2844
17024/48000 [=========>....................] - ETA: 4s - loss: 1.8397 - acc: 0.2906
17792/48000 [==========>...................] - ETA: 4s - loss: 1.8223 - acc: 0.2956
18560/48000 [==========>...................] - ETA: 4s - loss: 1.8065 - acc: 0.3015
19328/48000 [===========>..................] - ETA: 4s - loss: 1.7922 - acc: 0.3060
20096/48000 [===========>..................] - ETA: 4s - loss: 1.7774 - acc: 0.3109
20864/48000 [============>.................] - ETA: 3s - loss: 1.7642 - acc: 0.3151
21632/48000 [============>.................] - ETA: 3s - loss: 1.7513 - acc: 0.3187
22400/48000 [=============>................] - ETA: 3s - loss: 1.7402 - acc: 0.3222
23168/48000 [=============>................] - ETA: 3s - loss: 1.7288 - acc: 0.3254
23936/48000 [=============>................] - ETA: 3s - loss: 1.7171 - acc: 0.3295
24704/48000 [==============>...............] - ETA: 3s - loss: 1.7065 - acc: 0.3338
25472/48000 [==============>...............] - ETA: 2s - loss: 1.6971 - acc: 0.3362
26240/48000 [===============>..............] - ETA: 2s - loss: 1.6863 - acc: 0.3396
27008/48000 [===============>..............] - ETA: 2s - loss: 1.6775 - acc: 0.3433
27776/48000 [================>.............] - ETA: 2s - loss: 1.6669 - acc: 0.3473
28544/48000 [================>.............] - ETA: 2s - loss: 1.6577 - acc: 0.3505
29312/48000 [=================>............] - ETA: 2s - loss: 1.6506 - acc: 0.3523
30080/48000 [=================>............] - ETA: 2s - loss: 1.6429 - acc: 0.3547
30848/48000 [==================>...........] - ETA: 2s - loss: 1.6363 - acc: 0.3570
31616/48000 [==================>...........] - ETA: 1s - loss: 1.6295 - acc: 0.3599
32384/48000 [===================>..........] - ETA: 1s - loss: 1.6226 - acc: 0.3623
33152/48000 [===================>..........] - ETA: 1s - loss: 1.6169 - acc: 0.3641
33920/48000 [====================>.........] - ETA: 1s - loss: 1.6109 - acc: 0.3657
34688/48000 [====================>.........] - ETA: 1s - loss: 1.6059 - acc: 0.3670
35456/48000 [=====================>........] - ETA: 1s - loss: 1.5987 - acc: 0.3698
36224/48000 [=====================>........] - ETA: 1s - loss: 1.5926 - acc: 0.3718
36992/48000 [======================>.......] - ETA: 1s - loss: 1.5861 - acc: 0.3743
37760/48000 [======================>.......] - ETA: 1s - loss: 1.5799 - acc: 0.3763
38528/48000 [=======================>......] - ETA: 1s - loss: 1.5739 - acc: 0.3782
39296/48000 [=======================>......] - ETA: 0s - loss: 1.5685 - acc: 0.3798
40064/48000 [========================>.....] - ETA: 0s - loss: 1.5636 - acc: 0.3813
40832/48000 [========================>.....] - ETA: 0s - loss: 1.5585 - acc: 0.3831
41600/48000 [=========================>....] - ETA: 0s - loss: 1.5537 - acc: 0.3849
42368/48000 [=========================>....] - ETA: 0s - loss: 1.5487 - acc: 0.3867
43136/48000 [=========================>....] - ETA: 0s - loss: 1.5444 - acc: 0.3882
43904/48000 [==========================>...] - ETA: 0s - loss: 1.5398 - acc: 0.3902
44672/48000 [==========================>...] - ETA: 0s - loss: 1.5350 - acc: 0.3919
45440/48000 [===========================>..] - ETA: 0s - loss: 1.5304 - acc: 0.3935
46208/48000 [===========================>..] - ETA: 0s - loss: 1.5261 - acc: 0.3950
46976/48000 [============================>.] - ETA: 0s - loss: 1.5220 - acc: 0.3964
47744/48000 [============================>.] - ETA: 0s - loss: 1.5191 - acc: 0.3977
48000/48000 [==============================] - 6s 128us/step - loss: 1.5178 - acc: 0.3985 - val_loss: 1.5031 - val_acc: 0.4029
Epoch 2/1000

  128/48000 [..............................] - ETA: 4s - loss: 1.2549 - acc: 0.4688
  896/48000 [..............................] - ETA: 3s - loss: 1.2258 - acc: 0.5290
 1664/48000 [>.............................] - ETA: 3s - loss: 1.2426 - acc: 0.5162
 2432/48000 [>.............................] - ETA: 3s - loss: 1.2663 - acc: 0.5053
 3200/48000 [=>............................] - ETA: 3s - loss: 1.2751 - acc: 0.5000
 3968/48000 [=>............................] - ETA: 3s - loss: 1.2740 - acc: 0.4985
 4736/48000 [=>............................] - ETA: 3s - loss: 1.2762 - acc: 0.4973
 5504/48000 [==>...........................] - ETA: 3s - loss: 1.2768 - acc: 0.4980
 6272/48000 [==>...........................] - ETA: 3s - loss: 1.2738 - acc: 0.4978
 7040/48000 [===>..........................] - ETA: 3s - loss: 1.2721 - acc: 0.4972
 7808/48000 [===>..........................] - ETA: 3s - loss: 1.2699 - acc: 0.4967
 8576/48000 [====>.........................] - ETA: 2s - loss: 1.2599 - acc: 0.5008
 9344/48000 [====>.........................] - ETA: 2s - loss: 1.2596 - acc: 0.5005
10112/48000 [=====>........................] - ETA: 2s - loss: 1.2580 - acc: 0.5014
10880/48000 [=====>........................] - ETA: 2s - loss: 1.2567 - acc: 0.5006
11648/48000 [======>.......................] - ETA: 2s - loss: 1.2547 - acc: 0.5001
12416/48000 [======>.......................] - ETA: 2s - loss: 1.2516 - acc: 0.5010
13184/48000 [=======>......................] - ETA: 2s - loss: 1.2516 - acc: 0.5014
13952/48000 [=======>......................] - ETA: 2s - loss: 1.2532 - acc: 0.5011
14720/48000 [========>.....................] - ETA: 2s - loss: 1.2531 - acc: 0.5000
15488/48000 [========>.....................] - ETA: 2s - loss: 1.2547 - acc: 0.4992
16256/48000 [=========>....................] - ETA: 2s - loss: 1.2548 - acc: 0.4991
17024/48000 [=========>....................] - ETA: 2s - loss: 1.2494 - acc: 0.5011
17792/48000 [==========>...................] - ETA: 2s - loss: 1.2486 - acc: 0.5017
18560/48000 [==========>...................] - ETA: 2s - loss: 1.2469 - acc: 0.5026
19328/48000 [===========>..................] - ETA: 2s - loss: 1.2455 - acc: 0.5030
20096/48000 [===========>..................] - ETA: 2s - loss: 1.2439 - acc: 0.5029
20864/48000 [============>.................] - ETA: 2s - loss: 1.2422 - acc: 0.5048
21632/48000 [============>.................] - ETA: 2s - loss: 1.2419 - acc: 0.5054
22400/48000 [=============>................] - ETA: 1s - loss: 1.2402 - acc: 0.5058
23168/48000 [=============>................] - ETA: 1s - loss: 1.2383 - acc: 0.5057
23936/48000 [=============>................] - ETA: 1s - loss: 1.2352 - acc: 0.5066
24704/48000 [==============>...............] - ETA: 1s - loss: 1.2343 - acc: 0.5069
25472/48000 [==============>...............] - ETA: 1s - loss: 1.2325 - acc: 0.5077
26240/48000 [===============>..............] - ETA: 1s - loss: 1.2305 - acc: 0.5079
27008/48000 [===============>..............] - ETA: 1s - loss: 1.2310 - acc: 0.5076
27776/48000 [================>.............] - ETA: 1s - loss: 1.2314 - acc: 0.5075
28544/48000 [================>.............] - ETA: 1s - loss: 1.2302 - acc: 0.5077
29312/48000 [=================>............] - ETA: 1s - loss: 1.2297 - acc: 0.5077
30080/48000 [=================>............] - ETA: 1s - loss: 1.2285 - acc: 0.5085
30848/48000 [==================>...........] - ETA: 1s - loss: 1.2277 - acc: 0.5091
31616/48000 [==================>...........] - ETA: 1s - loss: 1.2260 - acc: 0.5097
32384/48000 [===================>..........] - ETA: 1s - loss: 1.2250 - acc: 0.5099
33152/48000 [===================>..........] - ETA: 1s - loss: 1.2228 - acc: 0.5107
33920/48000 [====================>.........] - ETA: 1s - loss: 1.2213 - acc: 0.5114
34688/48000 [====================>.........] - ETA: 1s - loss: 1.2205 - acc: 0.5113
35456/48000 [=====================>........] - ETA: 0s - loss: 1.2205 - acc: 0.5119
36224/48000 [=====================>........] - ETA: 0s - loss: 1.2206 - acc: 0.5121
36992/48000 [======================>.......] - ETA: 0s - loss: 1.2200 - acc: 0.5128
37760/48000 [======================>.......] - ETA: 0s - loss: 1.2200 - acc: 0.5127
38528/48000 [=======================>......] - ETA: 0s - loss: 1.2188 - acc: 0.5131
39296/48000 [=======================>......] - ETA: 0s - loss: 1.2184 - acc: 0.5130
40064/48000 [========================>.....] - ETA: 0s - loss: 1.2171 - acc: 0.5134
40832/48000 [========================>.....] - ETA: 0s - loss: 1.2177 - acc: 0.5130
41600/48000 [=========================>....] - ETA: 0s - loss: 1.2172 - acc: 0.5132
42368/48000 [=========================>....] - ETA: 0s - loss: 1.2172 - acc: 0.5137
43136/48000 [=========================>....] - ETA: 0s - loss: 1.2168 - acc: 0.5139
43904/48000 [==========================>...] - ETA: 0s - loss: 1.2172 - acc: 0.5141
44672/48000 [==========================>...] - ETA: 0s - loss: 1.2170 - acc: 0.5140
45440/48000 [===========================>..] - ETA: 0s - loss: 1.2169 - acc: 0.5141
46208/48000 [===========================>..] - ETA: 0s - loss: 1.2157 - acc: 0.5147
46976/48000 [============================>.] - ETA: 0s - loss: 1.2151 - acc: 0.5155
47744/48000 [============================>.] - ETA: 0s - loss: 1.2147 - acc: 0.5157
48000/48000 [==============================] - 5s 96us/step - loss: 1.2143 - acc: 0.5158 - val_loss: 1.7772 - val_acc: 0.3863
Epoch 3/1000

  128/48000 [..............................] - ETA: 3s - loss: 1.0908 - acc: 0.5625
  896/48000 [..............................] - ETA: 3s - loss: 1.1834 - acc: 0.5179
 1664/48000 [>.............................] - ETA: 3s - loss: 1.1860 - acc: 0.5294
 2432/48000 [>.............................] - ETA: 3s - loss: 1.1743 - acc: 0.5366
 3200/48000 [=>............................] - ETA: 3s - loss: 1.1918 - acc: 0.5269
 3968/48000 [=>............................] - ETA: 3s - loss: 1.1767 - acc: 0.5335
 4736/48000 [=>............................] - ETA: 3s - loss: 1.1701 - acc: 0.5344
 5504/48000 [==>...........................] - ETA: 3s - loss: 1.1636 - acc: 0.5369
 6272/48000 [==>...........................] - ETA: 3s - loss: 1.1599 - acc: 0.5360
 7040/48000 [===>..........................] - ETA: 3s - loss: 1.1600 - acc: 0.5358
 7808/48000 [===>..........................] - ETA: 3s - loss: 1.1594 - acc: 0.5361
 8576/48000 [====>.........................] - ETA: 2s - loss: 1.1602 - acc: 0.5351
 9344/48000 [====>.........................] - ETA: 2s - loss: 1.1614 - acc: 0.5349
10112/48000 [=====>........................] - ETA: 2s - loss: 1.1619 - acc: 0.5337
10880/48000 [=====>........................] - ETA: 2s - loss: 1.1638 - acc: 0.5350
11648/48000 [======>.......................] - ETA: 2s - loss: 1.1636 - acc: 0.5349
12416/48000 [======>.......................] - ETA: 2s - loss: 1.1594 - acc: 0.5355
13184/48000 [=======>......................] - ETA: 2s - loss: 1.1613 - acc: 0.5360
13952/48000 [=======>......................] - ETA: 2s - loss: 1.1610 - acc: 0.5359
14720/48000 [========>.....................] - ETA: 2s - loss: 1.1599 - acc: 0.5371
15488/48000 [========>.....................] - ETA: 2s - loss: 1.1602 - acc: 0.5367
16256/48000 [=========>....................] - ETA: 2s - loss: 1.1595 - acc: 0.5376
17024/48000 [=========>....................] - ETA: 2s - loss: 1.1578 - acc: 0.5374
17792/48000 [==========>...................] - ETA: 2s - loss: 1.1592 - acc: 0.5362
18560/48000 [==========>...................] - ETA: 2s - loss: 1.1590 - acc: 0.5369
19328/48000 [===========>..................] - ETA: 2s - loss: 1.1588 - acc: 0.5374
20096/48000 [===========>..................] - ETA: 2s - loss: 1.1601 - acc: 0.5361
20864/48000 [============>.................] - ETA: 2s - loss: 1.1607 - acc: 0.5363
21632/48000 [============>.................] - ETA: 2s - loss: 1.1606 - acc: 0.5362
22400/48000 [=============>................] - ETA: 1s - loss: 1.1603 - acc: 0.5365
23168/48000 [=============>................] - ETA: 1s - loss: 1.1599 - acc: 0.5364
23936/48000 [=============>................] - ETA: 1s - loss: 1.1605 - acc: 0.5362
24704/48000 [==============>...............] - ETA: 1s - loss: 1.1614 - acc: 0.5355
25472/48000 [==============>...............] - ETA: 1s - loss: 1.1616 - acc: 0.5359
26240/48000 [===============>..............] - ETA: 1s - loss: 1.1608 - acc: 0.5369
27008/48000 [===============>..............] - ETA: 1s - loss: 1.1597 - acc: 0.5382
27776/48000 [================>.............] - ETA: 1s - loss: 1.1584 - acc: 0.5386
28544/48000 [================>.............] - ETA: 1s - loss: 1.1601 - acc: 0.5377
29312/48000 [=================>............] - ETA: 1s - loss: 1.1588 - acc: 0.5385
30080/48000 [=================>............] - ETA: 1s - loss: 1.1587 - acc: 0.5389
30848/48000 [==================>...........] - ETA: 1s - loss: 1.1585 - acc: 0.5391
31616/48000 [==================>...........] - ETA: 1s - loss: 1.1580 - acc: 0.5393
32384/48000 [===================>..........] - ETA: 1s - loss: 1.1574 - acc: 0.5396
33152/48000 [===================>..........] - ETA: 1s - loss: 1.1577 - acc: 0.5401
33920/48000 [====================>.........] - ETA: 1s - loss: 1.1560 - acc: 0.5410
34688/48000 [====================>.........] - ETA: 1s - loss: 1.1560 - acc: 0.5415
35328/48000 [=====================>........] - ETA: 0s - loss: 1.1552 - acc: 0.5416
36096/48000 [=====================>........] - ETA: 0s - loss: 1.1544 - acc: 0.5418
36864/48000 [======================>.......] - ETA: 0s - loss: 1.1551 - acc: 0.5414
37632/48000 [======================>.......] - ETA: 0s - loss: 1.1556 - acc: 0.5414
38400/48000 [=======================>......] - ETA: 0s - loss: 1.1553 - acc: 0.5413
39168/48000 [=======================>......] - ETA: 0s - loss: 1.1564 - acc: 0.5408
39936/48000 [=======================>......] - ETA: 0s - loss: 1.1548 - acc: 0.5412
40704/48000 [========================>.....] - ETA: 0s - loss: 1.1553 - acc: 0.5409
41472/48000 [========================>.....] - ETA: 0s - loss: 1.1544 - acc: 0.5408
42240/48000 [=========================>....] - ETA: 0s - loss: 1.1542 - acc: 0.5409
43008/48000 [=========================>....] - ETA: 0s - loss: 1.1538 - acc: 0.5409
43776/48000 [==========================>...] - ETA: 0s - loss: 1.1527 - acc: 0.5415
44544/48000 [==========================>...] - ETA: 0s - loss: 1.1530 - acc: 0.5414
45312/48000 [===========================>..] - ETA: 0s - loss: 1.1517 - acc: 0.5418
46080/48000 [===========================>..] - ETA: 0s - loss: 1.1508 - acc: 0.5420
46848/48000 [============================>.] - ETA: 0s - loss: 1.1510 - acc: 0.5417
47616/48000 [============================>.] - ETA: 0s - loss: 1.1507 - acc: 0.5420
48000/48000 [==============================] - 5s 96us/step - loss: 1.1501 - acc: 0.5424 - val_loss: 1.5573 - val_acc: 0.4368
Epoch 4/1000

  128/48000 [..............................] - ETA: 3s - loss: 1.0081 - acc: 0.6094
  896/48000 [..............................] - ETA: 3s - loss: 1.0905 - acc: 0.5670
 1664/48000 [>.............................] - ETA: 3s - loss: 1.0896 - acc: 0.5769
 2432/48000 [>.............................] - ETA: 3s - loss: 1.0887 - acc: 0.5765
 3200/48000 [=>............................] - ETA: 3s - loss: 1.0944 - acc: 0.5750
 3968/48000 [=>............................] - ETA: 3s - loss: 1.0983 - acc: 0.5713
 4736/48000 [=>............................] - ETA: 3s - loss: 1.0916 - acc: 0.5716
 5504/48000 [==>...........................] - ETA: 3s - loss: 1.0934 - acc: 0.5699
 6272/48000 [==>...........................] - ETA: 3s - loss: 1.0993 - acc: 0.5676
 7040/48000 [===>..........................] - ETA: 3s - loss: 1.1025 - acc: 0.5670
 7808/48000 [===>..........................] - ETA: 3s - loss: 1.1131 - acc: 0.5621
 8576/48000 [====>.........................] - ETA: 2s - loss: 1.1114 - acc: 0.5635
 9344/48000 [====>.........................] - ETA: 2s - loss: 1.1143 - acc: 0.5612
10112/48000 [=====>........................] - ETA: 2s - loss: 1.1179 - acc: 0.5591
10880/48000 [=====>........................] - ETA: 2s - loss: 1.1167 - acc: 0.5577
11648/48000 [======>.......................] - ETA: 2s - loss: 1.1166 - acc: 0.5588
12416/48000 [======>.......................] - ETA: 2s - loss: 1.1175 - acc: 0.5583
13184/48000 [=======>......................] - ETA: 2s - loss: 1.1195 - acc: 0.5583
13952/48000 [=======>......................] - ETA: 2s - loss: 1.1177 - acc: 0.5596
14720/48000 [========>.....................] - ETA: 2s - loss: 1.1167 - acc: 0.5601
15488/48000 [========>.....................] - ETA: 2s - loss: 1.1165 - acc: 0.5599
16256/48000 [=========>....................] - ETA: 2s - loss: 1.1186 - acc: 0.5584
17024/48000 [=========>....................] - ETA: 2s - loss: 1.1191 - acc: 0.5583
17792/48000 [==========>...................] - ETA: 2s - loss: 1.1172 - acc: 0.5586
18560/48000 [==========>...................] - ETA: 2s - loss: 1.1169 - acc: 0.5584
19328/48000 [===========>..................] - ETA: 2s - loss: 1.1148 - acc: 0.5588
20096/48000 [===========>..................] - ETA: 2s - loss: 1.1165 - acc: 0.5576
20864/48000 [============>.................] - ETA: 2s - loss: 1.1179 - acc: 0.5570
21632/48000 [============>.................] - ETA: 2s - loss: 1.1179 - acc: 0.5570
22400/48000 [=============>................] - ETA: 1s - loss: 1.1178 - acc: 0.5570
23168/48000 [=============>................] - ETA: 1s - loss: 1.1183 - acc: 0.5574
23936/48000 [=============>................] - ETA: 1s - loss: 1.1184 - acc: 0.5575
24704/48000 [==============>...............] - ETA: 1s - loss: 1.1174 - acc: 0.5574
25472/48000 [==============>...............] - ETA: 1s - loss: 1.1169 - acc: 0.5574
26240/48000 [===============>..............] - ETA: 1s - loss: 1.1173 - acc: 0.5571
27008/48000 [===============>..............] - ETA: 1s - loss: 1.1183 - acc: 0.5563
27776/48000 [================>.............] - ETA: 1s - loss: 1.1181 - acc: 0.5558
28544/48000 [================>.............] - ETA: 1s - loss: 1.1170 - acc: 0.5566
29312/48000 [=================>............] - ETA: 1s - loss: 1.1154 - acc: 0.5571
30080/48000 [=================>............] - ETA: 1s - loss: 1.1139 - acc: 0.5581
30848/48000 [==================>...........] - ETA: 1s - loss: 1.1138 - acc: 0.5582
31616/48000 [==================>...........] - ETA: 1s - loss: 1.1131 - acc: 0.5590
32384/48000 [===================>..........] - ETA: 1s - loss: 1.1145 - acc: 0.5587
33152/48000 [===================>..........] - ETA: 1s - loss: 1.1128 - acc: 0.5595
33920/48000 [====================>.........] - ETA: 1s - loss: 1.1127 - acc: 0.5593
34688/48000 [====================>.........] - ETA: 1s - loss: 1.1120 - acc: 0.5593
35456/48000 [=====================>........] - ETA: 0s - loss: 1.1134 - acc: 0.5585
36224/48000 [=====================>........] - ETA: 0s - loss: 1.1118 - acc: 0.5594
36992/48000 [======================>.......] - ETA: 0s - loss: 1.1112 - acc: 0.5597
37760/48000 [======================>.......] - ETA: 0s - loss: 1.1102 - acc: 0.5597
38528/48000 [=======================>......] - ETA: 0s - loss: 1.1105 - acc: 0.5598
39296/48000 [=======================>......] - ETA: 0s - loss: 1.1108 - acc: 0.5595
40064/48000 [========================>.....] - ETA: 0s - loss: 1.1115 - acc: 0.5593
40832/48000 [========================>.....] - ETA: 0s - loss: 1.1119 - acc: 0.5590
41600/48000 [=========================>....] - ETA: 0s - loss: 1.1112 - acc: 0.5594
42368/48000 [=========================>....] - ETA: 0s - loss: 1.1115 - acc: 0.5594
43136/48000 [=========================>....] - ETA: 0s - loss: 1.1111 - acc: 0.5598
43904/48000 [==========================>...] - ETA: 0s - loss: 1.1105 - acc: 0.5598
44672/48000 [==========================>...] - ETA: 0s - loss: 1.1097 - acc: 0.5599
45440/48000 [===========================>..] - ETA: 0s - loss: 1.1106 - acc: 0.5598
46208/48000 [===========================>..] - ETA: 0s - loss: 1.1099 - acc: 0.5599
46976/48000 [============================>.] - ETA: 0s - loss: 1.1095 - acc: 0.5603
47744/48000 [============================>.] - ETA: 0s - loss: 1.1087 - acc: 0.5605
48000/48000 [==============================] - 5s 96us/step - loss: 1.1085 - acc: 0.5607 - val_loss: 1.8426 - val_acc: 0.4090
Epoch 5/1000

  128/48000 [..............................] - ETA: 4s - loss: 1.1481 - acc: 0.4922
  896/48000 [..............................] - ETA: 3s - loss: 1.0812 - acc: 0.5748
 1664/48000 [>.............................] - ETA: 3s - loss: 1.0780 - acc: 0.5709
 2432/48000 [>.............................] - ETA: 3s - loss: 1.0808 - acc: 0.5662
 3200/48000 [=>............................] - ETA: 3s - loss: 1.0781 - acc: 0.5659
 3968/48000 [=>............................] - ETA: 3s - loss: 1.0852 - acc: 0.5597
 4736/48000 [=>............................] - ETA: 3s - loss: 1.0885 - acc: 0.5591
 5504/48000 [==>...........................] - ETA: 3s - loss: 1.0977 - acc: 0.5567
 6272/48000 [==>...........................] - ETA: 3s - loss: 1.0961 - acc: 0.5564
 7040/48000 [===>..........................] - ETA: 3s - loss: 1.0960 - acc: 0.5565
 7808/48000 [===>..........................] - ETA: 3s - loss: 1.0923 - acc: 0.5596
 8576/48000 [====>.........................] - ETA: 2s - loss: 1.0875 - acc: 0.5617
 9344/48000 [====>.........................] - ETA: 2s - loss: 1.0820 - acc: 0.5625
10112/48000 [=====>........................] - ETA: 2s - loss: 1.0847 - acc: 0.5622
10880/48000 [=====>........................] - ETA: 2s - loss: 1.0853 - acc: 0.5635
11648/48000 [======>.......................] - ETA: 2s - loss: 1.0827 - acc: 0.5651
12416/48000 [======>.......................] - ETA: 2s - loss: 1.0837 - acc: 0.5648
13184/48000 [=======>......................] - ETA: 2s - loss: 1.0816 - acc: 0.5671
13952/48000 [=======>......................] - ETA: 2s - loss: 1.0821 - acc: 0.5664
14720/48000 [========>.....................] - ETA: 2s - loss: 1.0829 - acc: 0.5657
15488/48000 [========>.....................] - ETA: 2s - loss: 1.0834 - acc: 0.5656
16256/48000 [=========>....................] - ETA: 2s - loss: 1.0824 - acc: 0.5652
17024/48000 [=========>....................] - ETA: 2s - loss: 1.0834 - acc: 0.5653
17792/48000 [==========>...................] - ETA: 2s - loss: 1.0825 - acc: 0.5653
18560/48000 [==========>...................] - ETA: 2s - loss: 1.0824 - acc: 0.5656
19328/48000 [===========>..................] - ETA: 2s - loss: 1.0842 - acc: 0.5646
20096/48000 [===========>..................] - ETA: 2s - loss: 1.0836 - acc: 0.5649
20864/48000 [============>.................] - ETA: 2s - loss: 1.0819 - acc: 0.5655
21632/48000 [============>.................] - ETA: 2s - loss: 1.0819 - acc: 0.5656
22400/48000 [=============>................] - ETA: 1s - loss: 1.0827 - acc: 0.5655
23168/48000 [=============>................] - ETA: 1s - loss: 1.0823 - acc: 0.5660
23936/48000 [=============>................] - ETA: 1s - loss: 1.0822 - acc: 0.5672
24704/48000 [==============>...............] - ETA: 1s - loss: 1.0828 - acc: 0.5671
25472/48000 [==============>...............] - ETA: 1s - loss: 1.0826 - acc: 0.5673
26240/48000 [===============>..............] - ETA: 1s - loss: 1.0820 - acc: 0.5676
27008/48000 [===============>..............] - ETA: 1s - loss: 1.0818 - acc: 0.5677
27776/48000 [================>.............] - ETA: 1s - loss: 1.0824 - acc: 0.5673
28544/48000 [================>.............] - ETA: 1s - loss: 1.0826 - acc: 0.5672
29312/48000 [=================>............] - ETA: 1s - loss: 1.0819 - acc: 0.5670
30080/48000 [=================>............] - ETA: 1s - loss: 1.0808 - acc: 0.5674
30848/48000 [==================>...........] - ETA: 1s - loss: 1.0804 - acc: 0.5677
31616/48000 [==================>...........] - ETA: 1s - loss: 1.0803 - acc: 0.5680
32384/48000 [===================>..........] - ETA: 1s - loss: 1.0794 - acc: 0.5678
33152/48000 [===================>..........] - ETA: 1s - loss: 1.0789 - acc: 0.5682
33920/48000 [====================>.........] - ETA: 1s - loss: 1.0794 - acc: 0.5679
34688/48000 [====================>.........] - ETA: 1s - loss: 1.0796 - acc: 0.5679
35456/48000 [=====================>........] - ETA: 0s - loss: 1.0808 - acc: 0.5678
36224/48000 [=====================>........] - ETA: 0s - loss: 1.0798 - acc: 0.5681
36992/48000 [======================>.......] - ETA: 0s - loss: 1.0799 - acc: 0.5682
37760/48000 [======================>.......] - ETA: 0s - loss: 1.0788 - acc: 0.5690
38528/48000 [=======================>......] - ETA: 0s - loss: 1.0780 - acc: 0.5690
39296/48000 [=======================>......] - ETA: 0s - loss: 1.0776 - acc: 0.5691
40064/48000 [========================>.....] - ETA: 0s - loss: 1.0775 - acc: 0.5695
40832/48000 [========================>.....] - ETA: 0s - loss: 1.0773 - acc: 0.5697
41600/48000 [=========================>....] - ETA: 0s - loss: 1.0776 - acc: 0.5700
42368/48000 [=========================>....] - ETA: 0s - loss: 1.0764 - acc: 0.5703
43136/48000 [=========================>....] - ETA: 0s - loss: 1.0760 - acc: 0.5705
43904/48000 [==========================>...] - ETA: 0s - loss: 1.0761 - acc: 0.5704
44672/48000 [==========================>...] - ETA: 0s - loss: 1.0754 - acc: 0.5711
45440/48000 [===========================>..] - ETA: 0s - loss: 1.0763 - acc: 0.5708
46208/48000 [===========================>..] - ETA: 0s - loss: 1.0760 - acc: 0.5707
46976/48000 [============================>.] - ETA: 0s - loss: 1.0763 - acc: 0.5703
47744/48000 [============================>.] - ETA: 0s - loss: 1.0753 - acc: 0.5709
48000/48000 [==============================] - 5s 96us/step - loss: 1.0753 - acc: 0.5709 - val_loss: 1.6543 - val_acc: 0.4261
Epoch 6/1000

  128/48000 [..............................] - ETA: 3s - loss: 0.9275 - acc: 0.6484
  896/48000 [..............................] - ETA: 3s - loss: 1.0276 - acc: 0.5826
 1664/48000 [>.............................] - ETA: 3s - loss: 1.0365 - acc: 0.5787
 2432/48000 [>.............................] - ETA: 3s - loss: 1.0450 - acc: 0.5757
 3200/48000 [=>............................] - ETA: 3s - loss: 1.0423 - acc: 0.5819
 3968/48000 [=>............................] - ETA: 3s - loss: 1.0427 - acc: 0.5801
 4736/48000 [=>............................] - ETA: 3s - loss: 1.0412 - acc: 0.5794
 5504/48000 [==>...........................] - ETA: 3s - loss: 1.0434 - acc: 0.5787
 6272/48000 [==>...........................] - ETA: 3s - loss: 1.0468 - acc: 0.5805
 7040/48000 [===>..........................] - ETA: 3s - loss: 1.0536 - acc: 0.5770
 7808/48000 [===>..........................] - ETA: 3s - loss: 1.0510 - acc: 0.5780
 8576/48000 [====>.........................] - ETA: 2s - loss: 1.0518 - acc: 0.5768
 9344/48000 [====>.........................] - ETA: 2s - loss: 1.0570 - acc: 0.5736
10112/48000 [=====>........................] - ETA: 2s - loss: 1.0539 - acc: 0.5748
10880/48000 [=====>........................] - ETA: 2s - loss: 1.0522 - acc: 0.5769
11648/48000 [======>.......................] - ETA: 2s - loss: 1.0516 - acc: 0.5783
12416/48000 [======>.......................] - ETA: 2s - loss: 1.0528 - acc: 0.5768
13184/48000 [=======>......................] - ETA: 2s - loss: 1.0537 - acc: 0.5768
13952/48000 [=======>......................] - ETA: 2s - loss: 1.0552 - acc: 0.5757
14720/48000 [========>.....................] - ETA: 2s - loss: 1.0534 - acc: 0.5761
15488/48000 [========>.....................] - ETA: 2s - loss: 1.0525 - acc: 0.5759
16256/48000 [=========>....................] - ETA: 2s - loss: 1.0530 - acc: 0.5754
17024/48000 [=========>....................] - ETA: 2s - loss: 1.0500 - acc: 0.5768
17792/48000 [==========>...................] - ETA: 2s - loss: 1.0510 - acc: 0.5763
18560/48000 [==========>...................] - ETA: 2s - loss: 1.0512 - acc: 0.5773
19328/48000 [===========>..................] - ETA: 2s - loss: 1.0484 - acc: 0.5788
20096/48000 [===========>..................] - ETA: 2s - loss: 1.0476 - acc: 0.5792
20864/48000 [============>.................] - ETA: 2s - loss: 1.0492 - acc: 0.5786
21632/48000 [============>.................] - ETA: 2s - loss: 1.0498 - acc: 0.5787
22400/48000 [=============>................] - ETA: 1s - loss: 1.0483 - acc: 0.5794
23168/48000 [=============>................] - ETA: 1s - loss: 1.0480 - acc: 0.5799
23936/48000 [=============>................] - ETA: 1s - loss: 1.0465 - acc: 0.5805
24704/48000 [==============>...............] - ETA: 1s - loss: 1.0471 - acc: 0.5802
25472/48000 [==============>...............] - ETA: 1s - loss: 1.0456 - acc: 0.5812
26240/48000 [===============>..............] - ETA: 1s - loss: 1.0476 - acc: 0.5800
27008/48000 [===============>..............] - ETA: 1s - loss: 1.0472 - acc: 0.5801
27776/48000 [================>.............] - ETA: 1s - loss: 1.0466 - acc: 0.5805
28544/48000 [================>.............] - ETA: 1s - loss: 1.0478 - acc: 0.5804
29312/48000 [=================>............] - ETA: 1s - loss: 1.0475 - acc: 0.5803
30080/48000 [=================>............] - ETA: 1s - loss: 1.0464 - acc: 0.5807
30848/48000 [==================>...........] - ETA: 1s - loss: 1.0473 - acc: 0.5802
31616/48000 [==================>...........] - ETA: 1s - loss: 1.0465 - acc: 0.5805
32384/48000 [===================>..........] - ETA: 1s - loss: 1.0456 - acc: 0.5814
33152/48000 [===================>..........] - ETA: 1s - loss: 1.0446 - acc: 0.5817
33920/48000 [====================>.........] - ETA: 1s - loss: 1.0451 - acc: 0.5811
34688/48000 [====================>.........] - ETA: 1s - loss: 1.0446 - acc: 0.5815
35456/48000 [=====================>........] - ETA: 0s - loss: 1.0448 - acc: 0.5819
36224/48000 [=====================>........] - ETA: 0s - loss: 1.0444 - acc: 0.5825
36992/48000 [======================>.......] - ETA: 0s - loss: 1.0437 - acc: 0.5826
37760/48000 [======================>.......] - ETA: 0s - loss: 1.0442 - acc: 0.5829
38528/48000 [=======================>......] - ETA: 0s - loss: 1.0447 - acc: 0.5825
39296/48000 [=======================>......] - ETA: 0s - loss: 1.0452 - acc: 0.5822
40064/48000 [========================>.....] - ETA: 0s - loss: 1.0465 - acc: 0.5818
40832/48000 [========================>.....] - ETA: 0s - loss: 1.0462 - acc: 0.5820
41600/48000 [=========================>....] - ETA: 0s - loss: 1.0460 - acc: 0.5818
42368/48000 [=========================>....] - ETA: 0s - loss: 1.0462 - acc: 0.5822
43136/48000 [=========================>....] - ETA: 0s - loss: 1.0466 - acc: 0.5821
43904/48000 [==========================>...] - ETA: 0s - loss: 1.0460 - acc: 0.5822
44672/48000 [==========================>...] - ETA: 0s - loss: 1.0454 - acc: 0.5824
45440/48000 [===========================>..] - ETA: 0s - loss: 1.0461 - acc: 0.5821
46208/48000 [===========================>..] - ETA: 0s - loss: 1.0469 - acc: 0.5820
46976/48000 [============================>.] - ETA: 0s - loss: 1.0462 - acc: 0.5826
47744/48000 [============================>.] - ETA: 0s - loss: 1.0453 - acc: 0.5829
48000/48000 [==============================] - 5s 96us/step - loss: 1.0458 - acc: 0.5827 - val_loss: 1.9831 - val_acc: 0.4231
Epoch 7/1000

  128/48000 [..............................] - ETA: 4s - loss: 0.9801 - acc: 0.6328
  896/48000 [..............................] - ETA: 3s - loss: 1.0352 - acc: 0.6027
 1664/48000 [>.............................] - ETA: 3s - loss: 1.0233 - acc: 0.6052
 2432/48000 [>.............................] - ETA: 3s - loss: 1.0207 - acc: 0.6081
 3200/48000 [=>............................] - ETA: 3s - loss: 1.0258 - acc: 0.6059
 3968/48000 [=>............................] - ETA: 3s - loss: 1.0208 - acc: 0.6033
 4736/48000 [=>............................] - ETA: 3s - loss: 1.0226 - acc: 0.5980
 5504/48000 [==>...........................] - ETA: 3s - loss: 1.0182 - acc: 0.5990
 6272/48000 [==>...........................] - ETA: 3s - loss: 1.0255 - acc: 0.5955
 7040/48000 [===>..........................] - ETA: 3s - loss: 1.0277 - acc: 0.5939
 7808/48000 [===>..........................] - ETA: 3s - loss: 1.0271 - acc: 0.5940
 8576/48000 [====>.........................] - ETA: 2s - loss: 1.0311 - acc: 0.5935
 9344/48000 [====>.........................] - ETA: 2s - loss: 1.0296 - acc: 0.5933
10112/48000 [=====>........................] - ETA: 2s - loss: 1.0293 - acc: 0.5941
10880/48000 [=====>........................] - ETA: 2s - loss: 1.0302 - acc: 0.5947
11648/48000 [======>.......................] - ETA: 2s - loss: 1.0294 - acc: 0.5937
12416/48000 [======>.......................] - ETA: 2s - loss: 1.0300 - acc: 0.5931
13184/48000 [=======>......................] - ETA: 2s - loss: 1.0300 - acc: 0.5927
13952/48000 [=======>......................] - ETA: 2s - loss: 1.0288 - acc: 0.5920
14720/48000 [========>.....................] - ETA: 2s - loss: 1.0285 - acc: 0.5928
15488/48000 [========>.....................] - ETA: 2s - loss: 1.0287 - acc: 0.5932
16256/48000 [=========>....................] - ETA: 2s - loss: 1.0290 - acc: 0.5933
17024/48000 [=========>....................] - ETA: 2s - loss: 1.0310 - acc: 0.5919
17792/48000 [==========>...................] - ETA: 2s - loss: 1.0307 - acc: 0.5929
18560/48000 [==========>...................] - ETA: 2s - loss: 1.0313 - acc: 0.5928
19328/48000 [===========>..................] - ETA: 2s - loss: 1.0310 - acc: 0.5928
20096/48000 [===========>..................] - ETA: 2s - loss: 1.0309 - acc: 0.5928
20864/48000 [============>.................] - ETA: 2s - loss: 1.0297 - acc: 0.5935
21632/48000 [============>.................] - ETA: 2s - loss: 1.0303 - acc: 0.5929
22400/48000 [=============>................] - ETA: 1s - loss: 1.0294 - acc: 0.5920
23168/48000 [=============>................] - ETA: 1s - loss: 1.0272 - acc: 0.5926
23936/48000 [=============>................] - ETA: 1s - loss: 1.0287 - acc: 0.5910
24704/48000 [==============>...............] - ETA: 1s - loss: 1.0276 - acc: 0.5920
25472/48000 [==============>...............] - ETA: 1s - loss: 1.0278 - acc: 0.5923
26240/48000 [===============>..............] - ETA: 1s - loss: 1.0279 - acc: 0.5920
27008/48000 [===============>..............] - ETA: 1s - loss: 1.0268 - acc: 0.5915
27776/48000 [================>.............] - ETA: 1s - loss: 1.0273 - acc: 0.5913
28544/48000 [================>.............] - ETA: 1s - loss: 1.0271 - acc: 0.5914
29312/48000 [=================>............] - ETA: 1s - loss: 1.0281 - acc: 0.5913
30080/48000 [=================>............] - ETA: 1s - loss: 1.0272 - acc: 0.5922
30848/48000 [==================>...........] - ETA: 1s - loss: 1.0264 - acc: 0.5929
31616/48000 [==================>...........] - ETA: 1s - loss: 1.0245 - acc: 0.5935
32384/48000 [===================>..........] - ETA: 1s - loss: 1.0242 - acc: 0.5929
33152/48000 [===================>..........] - ETA: 1s - loss: 1.0237 - acc: 0.5929
33920/48000 [====================>.........] - ETA: 1s - loss: 1.0243 - acc: 0.5919
34688/48000 [====================>.........] - ETA: 1s - loss: 1.0248 - acc: 0.5918
35456/48000 [=====================>........] - ETA: 0s - loss: 1.0240 - acc: 0.5923
36224/48000 [=====================>........] - ETA: 0s - loss: 1.0230 - acc: 0.5926
36992/48000 [======================>.......] - ETA: 0s - loss: 1.0222 - acc: 0.5928
37760/48000 [======================>.......] - ETA: 0s - loss: 1.0228 - acc: 0.5925
38528/48000 [=======================>......] - ETA: 0s - loss: 1.0234 - acc: 0.5923
39296/48000 [=======================>......] - ETA: 0s - loss: 1.0229 - acc: 0.5928
40064/48000 [========================>.....] - ETA: 0s - loss: 1.0228 - acc: 0.5925
40832/48000 [========================>.....] - ETA: 0s - loss: 1.0220 - acc: 0.5931
41600/48000 [=========================>....] - ETA: 0s - loss: 1.0212 - acc: 0.5934
42368/48000 [=========================>....] - ETA: 0s - loss: 1.0205 - acc: 0.5939
43136/48000 [=========================>....] - ETA: 0s - loss: 1.0202 - acc: 0.5940
43904/48000 [==========================>...] - ETA: 0s - loss: 1.0204 - acc: 0.5938
44672/48000 [==========================>...] - ETA: 0s - loss: 1.0204 - acc: 0.5937
45440/48000 [===========================>..] - ETA: 0s - loss: 1.0201 - acc: 0.5938
46208/48000 [===========================>..] - ETA: 0s - loss: 1.0196 - acc: 0.5940
46976/48000 [============================>.] - ETA: 0s - loss: 1.0194 - acc: 0.5940
47744/48000 [============================>.] - ETA: 0s - loss: 1.0194 - acc: 0.5941
48000/48000 [==============================] - 5s 96us/step - loss: 1.0190 - acc: 0.5944 - val_loss: 1.7856 - val_acc: 0.4341
Epoch 8/1000

  128/48000 [..............................] - ETA: 4s - loss: 1.0713 - acc: 0.5391
  896/48000 [..............................] - ETA: 3s - loss: 1.0649 - acc: 0.5748
 1664/48000 [>.............................] - ETA: 3s - loss: 1.0376 - acc: 0.5805
 2432/48000 [>.............................] - ETA: 3s - loss: 1.0323 - acc: 0.5892
 3200/48000 [=>............................] - ETA: 3s - loss: 1.0171 - acc: 0.5994
 3968/48000 [=>............................] - ETA: 3s - loss: 1.0072 - acc: 0.6046
 4736/48000 [=>............................] - ETA: 3s - loss: 1.0094 - acc: 0.6045
 5504/48000 [==>...........................] - ETA: 3s - loss: 1.0090 - acc: 0.6056
 6272/48000 [==>...........................] - ETA: 3s - loss: 1.0054 - acc: 0.6065
 7040/48000 [===>..........................] - ETA: 3s - loss: 1.0035 - acc: 0.6081
 7808/48000 [===>..........................] - ETA: 3s - loss: 1.0034 - acc: 0.6076
 8576/48000 [====>.........................] - ETA: 3s - loss: 1.0034 - acc: 0.6067
 9344/48000 [====>.........................] - ETA: 2s - loss: 1.0062 - acc: 0.6048
10112/48000 [=====>........................] - ETA: 2s - loss: 1.0029 - acc: 0.6067
10880/48000 [=====>........................] - ETA: 2s - loss: 1.0031 - acc: 0.6062
11648/48000 [======>.......................] - ETA: 2s - loss: 1.0039 - acc: 0.6068
12416/48000 [======>.......................] - ETA: 2s - loss: 1.0020 - acc: 0.6070
13184/48000 [=======>......................] - ETA: 2s - loss: 1.0011 - acc: 0.6077
13952/48000 [=======>......................] - ETA: 2s - loss: 1.0027 - acc: 0.6054
14720/48000 [========>.....................] - ETA: 2s - loss: 1.0032 - acc: 0.6045
15488/48000 [========>.....................] - ETA: 2s - loss: 1.0033 - acc: 0.6043
16256/48000 [=========>....................] - ETA: 2s - loss: 1.0030 - acc: 0.6043
17024/48000 [=========>....................] - ETA: 2s - loss: 1.0041 - acc: 0.6047
17792/48000 [==========>...................] - ETA: 2s - loss: 1.0049 - acc: 0.6041
18560/48000 [==========>...................] - ETA: 2s - loss: 1.0036 - acc: 0.6039
19328/48000 [===========>..................] - ETA: 2s - loss: 1.0019 - acc: 0.6044
20096/48000 [===========>..................] - ETA: 2s - loss: 1.0004 - acc: 0.6050
20864/48000 [============>.................] - ETA: 2s - loss: 1.0001 - acc: 0.6051
21632/48000 [============>.................] - ETA: 2s - loss: 0.9992 - acc: 0.6048
22400/48000 [=============>................] - ETA: 1s - loss: 0.9986 - acc: 0.6044
23168/48000 [=============>................] - ETA: 1s - loss: 1.0000 - acc: 0.6033
23936/48000 [=============>................] - ETA: 1s - loss: 0.9983 - acc: 0.6038
24704/48000 [==============>...............] - ETA: 1s - loss: 0.9969 - acc: 0.6044
25472/48000 [==============>...............] - ETA: 1s - loss: 0.9968 - acc: 0.6039
26240/48000 [===============>..............] - ETA: 1s - loss: 0.9992 - acc: 0.6023
27008/48000 [===============>..............] - ETA: 1s - loss: 1.0003 - acc: 0.6022
27776/48000 [================>.............] - ETA: 1s - loss: 1.0001 - acc: 0.6023
28544/48000 [================>.............] - ETA: 1s - loss: 1.0018 - acc: 0.6010
29312/48000 [=================>............] - ETA: 1s - loss: 1.0019 - acc: 0.6009
30080/48000 [=================>............] - ETA: 1s - loss: 1.0001 - acc: 0.6020
30848/48000 [==================>...........] - ETA: 1s - loss: 0.9998 - acc: 0.6019
31616/48000 [==================>...........] - ETA: 1s - loss: 0.9993 - acc: 0.6027
32384/48000 [===================>..........] - ETA: 1s - loss: 0.9992 - acc: 0.6026
33152/48000 [===================>..........] - ETA: 1s - loss: 0.9983 - acc: 0.6031
33920/48000 [====================>.........] - ETA: 1s - loss: 0.9994 - acc: 0.6026
34688/48000 [====================>.........] - ETA: 1s - loss: 1.0002 - acc: 0.6023
35456/48000 [=====================>........] - ETA: 0s - loss: 0.9992 - acc: 0.6025
36224/48000 [=====================>........] - ETA: 0s - loss: 0.9989 - acc: 0.6027
36992/48000 [======================>.......] - ETA: 0s - loss: 0.9988 - acc: 0.6031
37760/48000 [======================>.......] - ETA: 0s - loss: 0.9998 - acc: 0.6032
38528/48000 [=======================>......] - ETA: 0s - loss: 0.9991 - acc: 0.6032
39296/48000 [=======================>......] - ETA: 0s - loss: 0.9991 - acc: 0.6030
40064/48000 [========================>.....] - ETA: 0s - loss: 0.9988 - acc: 0.6032
40832/48000 [========================>.....] - ETA: 0s - loss: 0.9978 - acc: 0.6037
41600/48000 [=========================>....] - ETA: 0s - loss: 0.9992 - acc: 0.6033
42368/48000 [=========================>....] - ETA: 0s - loss: 0.9983 - acc: 0.6043
43136/48000 [=========================>....] - ETA: 0s - loss: 0.9983 - acc: 0.6038
43904/48000 [==========================>...] - ETA: 0s - loss: 0.9986 - acc: 0.6036
44672/48000 [==========================>...] - ETA: 0s - loss: 0.9981 - acc: 0.6037
45440/48000 [===========================>..] - ETA: 0s - loss: 0.9979 - acc: 0.6036
46208/48000 [===========================>..] - ETA: 0s - loss: 0.9970 - acc: 0.6037
46976/48000 [============================>.] - ETA: 0s - loss: 0.9974 - acc: 0.6037
47744/48000 [============================>.] - ETA: 0s - loss: 0.9974 - acc: 0.6037
48000/48000 [==============================] - 5s 96us/step - loss: 0.9972 - acc: 0.6038 - val_loss: 1.7083 - val_acc: 0.4196
Epoch 9/1000

  128/48000 [..............................] - ETA: 4s - loss: 0.8994 - acc: 0.6328
  768/48000 [..............................] - ETA: 3s - loss: 0.9665 - acc: 0.6003
 1536/48000 [..............................] - ETA: 3s - loss: 0.9744 - acc: 0.5951
 2304/48000 [>.............................] - ETA: 3s - loss: 0.9925 - acc: 0.5998
 3072/48000 [>.............................] - ETA: 3s - loss: 1.0005 - acc: 0.5934
 3840/48000 [=>............................] - ETA: 3s - loss: 1.0044 - acc: 0.5917
 4608/48000 [=>............................] - ETA: 3s - loss: 0.9990 - acc: 0.5933
 5376/48000 [==>...........................] - ETA: 3s - loss: 0.9979 - acc: 0.5924
 6144/48000 [==>...........................] - ETA: 3s - loss: 0.9976 - acc: 0.5965
 6912/48000 [===>..........................] - ETA: 3s - loss: 0.9904 - acc: 0.5991
 7680/48000 [===>..........................] - ETA: 3s - loss: 0.9939 - acc: 0.5993
 8448/48000 [====>.........................] - ETA: 3s - loss: 0.9949 - acc: 0.6010
 9216/48000 [====>.........................] - ETA: 2s - loss: 0.9922 - acc: 0.6022
 9984/48000 [=====>........................] - ETA: 2s - loss: 0.9982 - acc: 0.6000
10752/48000 [=====>........................] - ETA: 2s - loss: 0.9966 - acc: 0.6002
11520/48000 [======>.......................] - ETA: 2s - loss: 0.9960 - acc: 0.6026
12288/48000 [======>.......................] - ETA: 2s - loss: 0.9967 - acc: 0.6042
13056/48000 [=======>......................] - ETA: 2s - loss: 0.9970 - acc: 0.6035
13824/48000 [=======>......................] - ETA: 2s - loss: 1.0006 - acc: 0.6005
14592/48000 [========>.....................] - ETA: 2s - loss: 0.9971 - acc: 0.6016
15360/48000 [========>.....................] - ETA: 2s - loss: 0.9953 - acc: 0.6015
16128/48000 [=========>....................] - ETA: 2s - loss: 0.9946 - acc: 0.6032
16896/48000 [=========>....................] - ETA: 2s - loss: 0.9947 - acc: 0.6025
17664/48000 [==========>...................] - ETA: 2s - loss: 0.9947 - acc: 0.6026
18432/48000 [==========>...................] - ETA: 2s - loss: 0.9952 - acc: 0.6032
19200/48000 [===========>..................] - ETA: 2s - loss: 0.9953 - acc: 0.6024
19968/48000 [===========>..................] - ETA: 2s - loss: 0.9928 - acc: 0.6035
20736/48000 [===========>..................] - ETA: 2s - loss: 0.9928 - acc: 0.6036
21504/48000 [============>.................] - ETA: 2s - loss: 0.9917 - acc: 0.6044
22272/48000 [============>.................] - ETA: 1s - loss: 0.9902 - acc: 0.6055
23040/48000 [=============>................] - ETA: 1s - loss: 0.9900 - acc: 0.6056
23808/48000 [=============>................] - ETA: 1s - loss: 0.9868 - acc: 0.6066
24576/48000 [==============>...............] - ETA: 1s - loss: 0.9866 - acc: 0.6071
25344/48000 [==============>...............] - ETA: 1s - loss: 0.9865 - acc: 0.6071
26112/48000 [===============>..............] - ETA: 1s - loss: 0.9861 - acc: 0.6075
26880/48000 [===============>..............] - ETA: 1s - loss: 0.9862 - acc: 0.6076
27648/48000 [================>.............] - ETA: 1s - loss: 0.9856 - acc: 0.6079
28416/48000 [================>.............] - ETA: 1s - loss: 0.9839 - acc: 0.6085
29184/48000 [=================>............] - ETA: 1s - loss: 0.9836 - acc: 0.6084
29952/48000 [=================>............] - ETA: 1s - loss: 0.9840 - acc: 0.6075
30720/48000 [==================>...........] - ETA: 1s - loss: 0.9835 - acc: 0.6079
31488/48000 [==================>...........] - ETA: 1s - loss: 0.9826 - acc: 0.6085
32256/48000 [===================>..........] - ETA: 1s - loss: 0.9834 - acc: 0.6083
33024/48000 [===================>..........] - ETA: 1s - loss: 0.9840 - acc: 0.6085
33792/48000 [====================>.........] - ETA: 1s - loss: 0.9824 - acc: 0.6090
34560/48000 [====================>.........] - ETA: 1s - loss: 0.9824 - acc: 0.6088
35328/48000 [=====================>........] - ETA: 0s - loss: 0.9814 - acc: 0.6095
36096/48000 [=====================>........] - ETA: 0s - loss: 0.9820 - acc: 0.6090
36864/48000 [======================>.......] - ETA: 0s - loss: 0.9827 - acc: 0.6086
37632/48000 [======================>.......] - ETA: 0s - loss: 0.9826 - acc: 0.6086
38400/48000 [=======================>......] - ETA: 0s - loss: 0.9830 - acc: 0.6083
39168/48000 [=======================>......] - ETA: 0s - loss: 0.9837 - acc: 0.6086
39936/48000 [=======================>......] - ETA: 0s - loss: 0.9839 - acc: 0.6089
40704/48000 [========================>.....] - ETA: 0s - loss: 0.9843 - acc: 0.6086
41472/48000 [========================>.....] - ETA: 0s - loss: 0.9844 - acc: 0.6084
42240/48000 [=========================>....] - ETA: 0s - loss: 0.9852 - acc: 0.6081
43008/48000 [=========================>....] - ETA: 0s - loss: 0.9843 - acc: 0.6088
43776/48000 [==========================>...] - ETA: 0s - loss: 0.9843 - acc: 0.6086
44544/48000 [==========================>...] - ETA: 0s - loss: 0.9837 - acc: 0.6086
45312/48000 [===========================>..] - ETA: 0s - loss: 0.9827 - acc: 0.6092
46080/48000 [===========================>..] - ETA: 0s - loss: 0.9826 - acc: 0.6092
46848/48000 [============================>.] - ETA: 0s - loss: 0.9826 - acc: 0.6094
47616/48000 [============================>.] - ETA: 0s - loss: 0.9821 - acc: 0.6097
48000/48000 [==============================] - 5s 96us/step - loss: 0.9820 - acc: 0.6097 - val_loss: 1.9566 - val_acc: 0.3612
Epoch 10/1000

  128/48000 [..............................] - ETA: 4s - loss: 1.0350 - acc: 0.6328
  896/48000 [..............................] - ETA: 3s - loss: 0.9932 - acc: 0.6217
 1664/48000 [>.............................] - ETA: 3s - loss: 0.9880 - acc: 0.6148
 2432/48000 [>.............................] - ETA: 3s - loss: 0.9871 - acc: 0.6164
 3200/48000 [=>............................] - ETA: 3s - loss: 0.9818 - acc: 0.6159
 3968/48000 [=>............................] - ETA: 3s - loss: 0.9817 - acc: 0.6164
 4736/48000 [=>............................] - ETA: 3s - loss: 0.9679 - acc: 0.6233
 5504/48000 [==>...........................] - ETA: 3s - loss: 0.9643 - acc: 0.6248
 6272/48000 [==>...........................] - ETA: 3s - loss: 0.9660 - acc: 0.6234
 7040/48000 [===>..........................] - ETA: 3s - loss: 0.9655 - acc: 0.6227
 7808/48000 [===>..........................] - ETA: 3s - loss: 0.9643 - acc: 0.6238
 8576/48000 [====>.........................] - ETA: 2s - loss: 0.9655 - acc: 0.6243
 9344/48000 [====>.........................] - ETA: 2s - loss: 0.9617 - acc: 0.6262
10112/48000 [=====>........................] - ETA: 2s - loss: 0.9637 - acc: 0.6236
10880/48000 [=====>........................] - ETA: 2s - loss: 0.9583 - acc: 0.6260
11648/48000 [======>.......................] - ETA: 2s - loss: 0.9616 - acc: 0.6229
12416/48000 [======>.......................] - ETA: 2s - loss: 0.9628 - acc: 0.6225
13184/48000 [=======>......................] - ETA: 2s - loss: 0.9614 - acc: 0.6230
13952/48000 [=======>......................] - ETA: 2s - loss: 0.9619 - acc: 0.6231
14720/48000 [========>.....................] - ETA: 2s - loss: 0.9600 - acc: 0.6240
15488/48000 [========>.....................] - ETA: 2s - loss: 0.9591 - acc: 0.6244
16256/48000 [=========>....................] - ETA: 2s - loss: 0.9607 - acc: 0.6230
17024/48000 [=========>....................] - ETA: 2s - loss: 0.9601 - acc: 0.6231
17792/48000 [==========>...................] - ETA: 2s - loss: 0.9616 - acc: 0.6232
18560/48000 [==========>...................] - ETA: 2s - loss: 0.9630 - acc: 0.6221
19328/48000 [===========>..................] - ETA: 2s - loss: 0.9643 - acc: 0.6205
20096/48000 [===========>..................] - ETA: 2s - loss: 0.9635 - acc: 0.6198
20864/48000 [============>.................] - ETA: 2s - loss: 0.9653 - acc: 0.6183
21632/48000 [============>.................] - ETA: 2s - loss: 0.9665 - acc: 0.6171
22400/48000 [=============>................] - ETA: 1s - loss: 0.9659 - acc: 0.6176
23168/48000 [=============>................] - ETA: 1s - loss: 0.9665 - acc: 0.6173
23936/48000 [=============>................] - ETA: 1s - loss: 0.9664 - acc: 0.6178
24704/48000 [==============>...............] - ETA: 1s - loss: 0.9651 - acc: 0.6179
25472/48000 [==============>...............] - ETA: 1s - loss: 0.9653 - acc: 0.6181
26240/48000 [===============>..............] - ETA: 1s - loss: 0.9652 - acc: 0.6175
27008/48000 [===============>..............] - ETA: 1s - loss: 0.9653 - acc: 0.6175
27648/48000 [================>.............] - ETA: 1s - loss: 0.9659 - acc: 0.6168
28416/48000 [================>.............] - ETA: 1s - loss: 0.9658 - acc: 0.6171
29184/48000 [=================>............] - ETA: 1s - loss: 0.9676 - acc: 0.6159
29952/48000 [=================>............] - ETA: 1s - loss: 0.9682 - acc: 0.6157
30720/48000 [==================>...........] - ETA: 1s - loss: 0.9689 - acc: 0.6155
31488/48000 [==================>...........] - ETA: 1s - loss: 0.9691 - acc: 0.6155
32256/48000 [===================>..........] - ETA: 1s - loss: 0.9671 - acc: 0.6159
33024/48000 [===================>..........] - ETA: 1s - loss: 0.9665 - acc: 0.6167
33792/48000 [====================>.........] - ETA: 1s - loss: 0.9661 - acc: 0.6169
34560/48000 [====================>.........] - ETA: 1s - loss: 0.9650 - acc: 0.6174
35328/48000 [=====================>........] - ETA: 0s - loss: 0.9657 - acc: 0.6171
36096/48000 [=====================>........] - ETA: 0s - loss: 0.9658 - acc: 0.6169
36864/48000 [======================>.......] - ETA: 0s - loss: 0.9662 - acc: 0.6169
37632/48000 [======================>.......] - ETA: 0s - loss: 0.9663 - acc: 0.6167
38400/48000 [=======================>......] - ETA: 0s - loss: 0.9657 - acc: 0.6172
39168/48000 [=======================>......] - ETA: 0s - loss: 0.9662 - acc: 0.6170
39936/48000 [=======================>......] - ETA: 0s - loss: 0.9652 - acc: 0.6175
40704/48000 [========================>.....] - ETA: 0s - loss: 0.9647 - acc: 0.6178
41472/48000 [========================>.....] - ETA: 0s - loss: 0.9642 - acc: 0.6184
42240/48000 [=========================>....] - ETA: 0s - loss: 0.9651 - acc: 0.6183
43008/48000 [=========================>....] - ETA: 0s - loss: 0.9646 - acc: 0.6186
43776/48000 [==========================>...] - ETA: 0s - loss: 0.9646 - acc: 0.6181
44544/48000 [==========================>...] - ETA: 0s - loss: 0.9638 - acc: 0.6186
45312/48000 [===========================>..] - ETA: 0s - loss: 0.9635 - acc: 0.6187
46080/48000 [===========================>..] - ETA: 0s - loss: 0.9632 - acc: 0.6189
46848/48000 [============================>.] - ETA: 0s - loss: 0.9626 - acc: 0.6194
47616/48000 [============================>.] - ETA: 0s - loss: 0.9621 - acc: 0.6194
48000/48000 [==============================] - 5s 96us/step - loss: 0.9618 - acc: 0.6196 - val_loss: 2.0486 - val_acc: 0.3514
Epoch 11/1000

  128/48000 [..............................] - ETA: 3s - loss: 0.8689 - acc: 0.6094
  896/48000 [..............................] - ETA: 3s - loss: 0.9499 - acc: 0.6116
 1664/48000 [>.............................] - ETA: 3s - loss: 0.9595 - acc: 0.6070
 2432/48000 [>.............................] - ETA: 3s - loss: 0.9653 - acc: 0.6040
 3200/48000 [=>............................] - ETA: 3s - loss: 0.9593 - acc: 0.6066
 3968/48000 [=>............................] - ETA: 3s - loss: 0.9541 - acc: 0.6076
 4736/48000 [=>............................] - ETA: 3s - loss: 0.9517 - acc: 0.6119
 5504/48000 [==>...........................] - ETA: 3s - loss: 0.9460 - acc: 0.6166
 6272/48000 [==>...........................] - ETA: 3s - loss: 0.9506 - acc: 0.6162
 7040/48000 [===>..........................] - ETA: 3s - loss: 0.9557 - acc: 0.6152
 7808/48000 [===>..........................] - ETA: 3s - loss: 0.9659 - acc: 0.6117
 8576/48000 [====>.........................] - ETA: 2s - loss: 0.9648 - acc: 0.6128
 9344/48000 [====>.........................] - ETA: 2s - loss: 0.9678 - acc: 0.6111
10112/48000 [=====>........................] - ETA: 2s - loss: 0.9697 - acc: 0.6121
10880/48000 [=====>........................] - ETA: 2s - loss: 0.9691 - acc: 0.6115
11648/48000 [======>.......................] - ETA: 2s - loss: 0.9646 - acc: 0.6135
12416/48000 [======>.......................] - ETA: 2s - loss: 0.9629 - acc: 0.6144
13184/48000 [=======>......................] - ETA: 2s - loss: 0.9624 - acc: 0.6144
13952/48000 [=======>......................] - ETA: 2s - loss: 0.9645 - acc: 0.6130
14720/48000 [========>.....................] - ETA: 2s - loss: 0.9641 - acc: 0.6132
15488/48000 [========>.....................] - ETA: 2s - loss: 0.9634 - acc: 0.6142
16256/48000 [=========>....................] - ETA: 2s - loss: 0.9628 - acc: 0.6155
17024/48000 [=========>....................] - ETA: 2s - loss: 0.9625 - acc: 0.6154
17792/48000 [==========>...................] - ETA: 2s - loss: 0.9627 - acc: 0.6153
18560/48000 [==========>...................] - ETA: 2s - loss: 0.9589 - acc: 0.6165
19328/48000 [===========>..................] - ETA: 2s - loss: 0.9572 - acc: 0.6161
20096/48000 [===========>..................] - ETA: 2s - loss: 0.9579 - acc: 0.6156
20864/48000 [============>.................] - ETA: 2s - loss: 0.9571 - acc: 0.6160
21632/48000 [============>.................] - ETA: 1s - loss: 0.9565 - acc: 0.6170
22400/48000 [=============>................] - ETA: 1s - loss: 0.9539 - acc: 0.6181
23168/48000 [=============>................] - ETA: 1s - loss: 0.9532 - acc: 0.6181
23936/48000 [=============>................] - ETA: 1s - loss: 0.9531 - acc: 0.6183
24704/48000 [==============>...............] - ETA: 1s - loss: 0.9533 - acc: 0.6190
25472/48000 [==============>...............] - ETA: 1s - loss: 0.9534 - acc: 0.6191
26240/48000 [===============>..............] - ETA: 1s - loss: 0.9550 - acc: 0.6184
27008/48000 [===============>..............] - ETA: 1s - loss: 0.9559 - acc: 0.6185
27776/48000 [================>.............] - ETA: 1s - loss: 0.9563 - acc: 0.6187
28544/48000 [================>.............] - ETA: 1s - loss: 0.9553 - acc: 0.6190
29312/48000 [=================>............] - ETA: 1s - loss: 0.9539 - acc: 0.6196
30080/48000 [=================>............] - ETA: 1s - loss: 0.9520 - acc: 0.6207
30848/48000 [==================>...........] - ETA: 1s - loss: 0.9523 - acc: 0.6204
31616/48000 [==================>...........] - ETA: 1s - loss: 0.9518 - acc: 0.6201
32384/48000 [===================>..........] - ETA: 1s - loss: 0.9515 - acc: 0.6202
33152/48000 [===================>..........] - ETA: 1s - loss: 0.9524 - acc: 0.6199
33920/48000 [====================>.........] - ETA: 1s - loss: 0.9518 - acc: 0.6208
34688/48000 [====================>.........] - ETA: 1s - loss: 0.9509 - acc: 0.6216
35456/48000 [=====================>........] - ETA: 0s - loss: 0.9507 - acc: 0.6220
36224/48000 [=====================>........] - ETA: 0s - loss: 0.9513 - acc: 0.6219
36992/48000 [======================>.......] - ETA: 0s - loss: 0.9504 - acc: 0.6223
37760/48000 [======================>.......] - ETA: 0s - loss: 0.9511 - acc: 0.6218
38528/48000 [=======================>......] - ETA: 0s - loss: 0.9517 - acc: 0.6215
39296/48000 [=======================>......] - ETA: 0s - loss: 0.9513 - acc: 0.6219
40064/48000 [========================>.....] - ETA: 0s - loss: 0.9523 - acc: 0.6218
40832/48000 [========================>.....] - ETA: 0s - loss: 0.9513 - acc: 0.6221
41600/48000 [=========================>....] - ETA: 0s - loss: 0.9519 - acc: 0.6220
42368/48000 [=========================>....] - ETA: 0s - loss: 0.9526 - acc: 0.6215
43136/48000 [=========================>....] - ETA: 0s - loss: 0.9521 - acc: 0.6215
43776/48000 [==========================>...] - ETA: 0s - loss: 0.9510 - acc: 0.6220
44544/48000 [==========================>...] - ETA: 0s - loss: 0.9514 - acc: 0.6217
45312/48000 [===========================>..] - ETA: 0s - loss: 0.9509 - acc: 0.6222
46080/48000 [===========================>..] - ETA: 0s - loss: 0.9509 - acc: 0.6221
46848/48000 [============================>.] - ETA: 0s - loss: 0.9512 - acc: 0.6222
47616/48000 [============================>.] - ETA: 0s - loss: 0.9508 - acc: 0.6221
48000/48000 [==============================] - 5s 96us/step - loss: 0.9507 - acc: 0.6222 - val_loss: 2.4418 - val_acc: 0.3478

   32/10000 [..............................] - ETA: 3s
  192/10000 [..............................] - ETA: 3s
  384/10000 [>.............................] - ETA: 3s
  544/10000 [>.............................] - ETA: 2s
  736/10000 [=>............................] - ETA: 2s
  928/10000 [=>............................] - ETA: 2s
 1088/10000 [==>...........................] - ETA: 2s
 1280/10000 [==>...........................] - ETA: 2s
 1440/10000 [===>..........................] - ETA: 2s
 1632/10000 [===>..........................] - ETA: 2s
 1792/10000 [====>.........................] - ETA: 2s
 1952/10000 [====>.........................] - ETA: 2s
 2144/10000 [=====>........................] - ETA: 2s
 2304/10000 [=====>........................] - ETA: 2s
 2496/10000 [======>.......................] - ETA: 2s
 2656/10000 [======>.......................] - ETA: 2s
 2848/10000 [=======>......................] - ETA: 2s
 3040/10000 [========>.....................] - ETA: 2s
 3200/10000 [========>.....................] - ETA: 2s
 3360/10000 [=========>....................] - ETA: 2s
 3520/10000 [=========>....................] - ETA: 2s
 3680/10000 [==========>...................] - ETA: 1s
 3840/10000 [==========>...................] - ETA: 1s
 4000/10000 [===========>..................] - ETA: 1s
 4160/10000 [===========>..................] - ETA: 1s
 4320/10000 [===========>..................] - ETA: 1s
 4512/10000 [============>.................] - ETA: 1s
 4704/10000 [=============>................] - ETA: 1s
 4896/10000 [=============>................] - ETA: 1s
 5088/10000 [==============>...............] - ETA: 1s
 5248/10000 [==============>...............] - ETA: 1s
 5440/10000 [===============>..............] - ETA: 1s
 5600/10000 [===============>..............] - ETA: 1s
 5760/10000 [================>.............] - ETA: 1s
 5920/10000 [================>.............] - ETA: 1s
 6080/10000 [=================>............] - ETA: 1s
 6240/10000 [=================>............] - ETA: 1s
 6400/10000 [==================>...........] - ETA: 1s
 6560/10000 [==================>...........] - ETA: 1s
 6720/10000 [===================>..........] - ETA: 1s
 6880/10000 [===================>..........] - ETA: 0s
 7040/10000 [====================>.........] - ETA: 0s
 7200/10000 [====================>.........] - ETA: 0s
 7392/10000 [=====================>........] - ETA: 0s
 7552/10000 [=====================>........] - ETA: 0s
 7712/10000 [======================>.......] - ETA: 0s
 7872/10000 [======================>.......] - ETA: 0s
 8032/10000 [=======================>......] - ETA: 0s
 8192/10000 [=======================>......] - ETA: 0s
 8384/10000 [========================>.....] - ETA: 0s
 8576/10000 [========================>.....] - ETA: 0s
 8736/10000 [=========================>....] - ETA: 0s
 8928/10000 [=========================>....] - ETA: 0s
 9088/10000 [==========================>...] - ETA: 0s
 9248/10000 [==========================>...] - ETA: 0s
 9440/10000 [===========================>..] - ETA: 0s
 9600/10000 [===========================>..] - ETA: 0s
 9760/10000 [============================>.] - ETA: 0s
 9952/10000 [============================>.] - ETA: 0s
10000/10000 [==============================] - 3s 318us/step
Test acc: 0.4034
Test auc: 0.8827470277777778
Execute epoch: 11
Execute time: 53.21055197715759
