tr_x shape: (48000, 28, 28)
va_x shape: (12000, 28, 28)
te_x shape: (10000, 28, 28)
_________________________________________________________________
Layer (type)                 Output Shape              Param #   
=================================================================
lstm_1 (LSTM)                (None, None, 50)          15800     
_________________________________________________________________
lstm_2 (LSTM)                (None, 50)                20200     
_________________________________________________________________
dense_1 (Dense)              (None, 16)                816       
_________________________________________________________________
dense_2 (Dense)              (None, 10)                170       
=================================================================
Total params: 36,986
Trainable params: 36,986
Non-trainable params: 0
_________________________________________________________________
Train on 48000 samples, validate on 12000 samples
Epoch 1/1000

  128/48000 [..............................] - ETA: 8:55 - loss: 2.3105 - acc: 0.0938
  896/48000 [..............................] - ETA: 1:18 - loss: 2.2924 - acc: 0.1585
 1664/48000 [>.............................] - ETA: 43s - loss: 2.2796 - acc: 0.1514 
 2432/48000 [>.............................] - ETA: 30s - loss: 2.2673 - acc: 0.1571
 3200/48000 [=>............................] - ETA: 23s - loss: 2.2524 - acc: 0.1753
 3968/48000 [=>............................] - ETA: 19s - loss: 2.2331 - acc: 0.1915
 4736/48000 [=>............................] - ETA: 16s - loss: 2.2071 - acc: 0.2059
 5504/48000 [==>...........................] - ETA: 14s - loss: 2.1780 - acc: 0.2137
 6272/48000 [==>...........................] - ETA: 12s - loss: 2.1436 - acc: 0.2226
 7040/48000 [===>..........................] - ETA: 11s - loss: 2.1074 - acc: 0.2301
 7808/48000 [===>..........................] - ETA: 10s - loss: 2.0705 - acc: 0.2395
 8576/48000 [====>.........................] - ETA: 9s - loss: 2.0369 - acc: 0.2479 
 9344/48000 [====>.........................] - ETA: 8s - loss: 2.0045 - acc: 0.2583
10112/48000 [=====>........................] - ETA: 8s - loss: 1.9765 - acc: 0.2656
10880/48000 [=====>........................] - ETA: 7s - loss: 1.9465 - acc: 0.2743
11648/48000 [======>.......................] - ETA: 7s - loss: 1.9214 - acc: 0.2812
12416/48000 [======>.......................] - ETA: 6s - loss: 1.8984 - acc: 0.2859
13184/48000 [=======>......................] - ETA: 6s - loss: 1.8772 - acc: 0.2927
13952/48000 [=======>......................] - ETA: 6s - loss: 1.8566 - acc: 0.2986
14720/48000 [========>.....................] - ETA: 5s - loss: 1.8380 - acc: 0.3031
15488/48000 [========>.....................] - ETA: 5s - loss: 1.8193 - acc: 0.3080
16256/48000 [=========>....................] - ETA: 5s - loss: 1.8024 - acc: 0.3141
17024/48000 [=========>....................] - ETA: 4s - loss: 1.7864 - acc: 0.3193
17792/48000 [==========>...................] - ETA: 4s - loss: 1.7710 - acc: 0.3244
18560/48000 [==========>...................] - ETA: 4s - loss: 1.7592 - acc: 0.3279
19328/48000 [===========>..................] - ETA: 4s - loss: 1.7462 - acc: 0.3320
20096/48000 [===========>..................] - ETA: 4s - loss: 1.7355 - acc: 0.3356
20864/48000 [============>.................] - ETA: 3s - loss: 1.7226 - acc: 0.3396
21632/48000 [============>.................] - ETA: 3s - loss: 1.7081 - acc: 0.3444
22400/48000 [=============>................] - ETA: 3s - loss: 1.6972 - acc: 0.3469
23168/48000 [=============>................] - ETA: 3s - loss: 1.6862 - acc: 0.3510
23936/48000 [=============>................] - ETA: 3s - loss: 1.6756 - acc: 0.3546
24704/48000 [==============>...............] - ETA: 3s - loss: 1.6660 - acc: 0.3571
25472/48000 [==============>...............] - ETA: 2s - loss: 1.6575 - acc: 0.3595
26240/48000 [===============>..............] - ETA: 2s - loss: 1.6489 - acc: 0.3618
27008/48000 [===============>..............] - ETA: 2s - loss: 1.6410 - acc: 0.3646
27776/48000 [================>.............] - ETA: 2s - loss: 1.6317 - acc: 0.3682
28544/48000 [================>.............] - ETA: 2s - loss: 1.6236 - acc: 0.3706
29312/48000 [=================>............] - ETA: 2s - loss: 1.6173 - acc: 0.3728
30080/48000 [=================>............] - ETA: 2s - loss: 1.6112 - acc: 0.3752
30848/48000 [==================>...........] - ETA: 2s - loss: 1.6046 - acc: 0.3768
31616/48000 [==================>...........] - ETA: 1s - loss: 1.5984 - acc: 0.3787
32384/48000 [===================>..........] - ETA: 1s - loss: 1.5918 - acc: 0.3809
33152/48000 [===================>..........] - ETA: 1s - loss: 1.5843 - acc: 0.3837
33920/48000 [====================>.........] - ETA: 1s - loss: 1.5787 - acc: 0.3852
34688/48000 [====================>.........] - ETA: 1s - loss: 1.5732 - acc: 0.3871
35456/48000 [=====================>........] - ETA: 1s - loss: 1.5671 - acc: 0.3890
36224/48000 [=====================>........] - ETA: 1s - loss: 1.5603 - acc: 0.3909
36992/48000 [======================>.......] - ETA: 1s - loss: 1.5546 - acc: 0.3926
37760/48000 [======================>.......] - ETA: 1s - loss: 1.5483 - acc: 0.3953
38528/48000 [=======================>......] - ETA: 1s - loss: 1.5433 - acc: 0.3966
39296/48000 [=======================>......] - ETA: 0s - loss: 1.5386 - acc: 0.3980
40064/48000 [========================>.....] - ETA: 0s - loss: 1.5346 - acc: 0.3994
40832/48000 [========================>.....] - ETA: 0s - loss: 1.5310 - acc: 0.4007
41600/48000 [=========================>....] - ETA: 0s - loss: 1.5269 - acc: 0.4021
42368/48000 [=========================>....] - ETA: 0s - loss: 1.5231 - acc: 0.4030
43136/48000 [=========================>....] - ETA: 0s - loss: 1.5195 - acc: 0.4042
43904/48000 [==========================>...] - ETA: 0s - loss: 1.5153 - acc: 0.4057
44672/48000 [==========================>...] - ETA: 0s - loss: 1.5109 - acc: 0.4074
45440/48000 [===========================>..] - ETA: 0s - loss: 1.5076 - acc: 0.4086
46208/48000 [===========================>..] - ETA: 0s - loss: 1.5041 - acc: 0.4096
46976/48000 [============================>.] - ETA: 0s - loss: 1.5004 - acc: 0.4109
47744/48000 [============================>.] - ETA: 0s - loss: 1.4966 - acc: 0.4123
48000/48000 [==============================] - 6s 126us/step - loss: 1.4948 - acc: 0.4129 - val_loss: 2.0736 - val_acc: 0.3169
Epoch 2/1000

  128/48000 [..............................] - ETA: 4s - loss: 1.2428 - acc: 0.4531
  896/48000 [..............................] - ETA: 3s - loss: 1.2734 - acc: 0.4855
 1664/48000 [>.............................] - ETA: 3s - loss: 1.2642 - acc: 0.4742
 2432/48000 [>.............................] - ETA: 3s - loss: 1.2482 - acc: 0.4881
 3200/48000 [=>............................] - ETA: 3s - loss: 1.2699 - acc: 0.4838
 3968/48000 [=>............................] - ETA: 3s - loss: 1.2626 - acc: 0.4894
 4736/48000 [=>............................] - ETA: 3s - loss: 1.2578 - acc: 0.4924
 5504/48000 [==>...........................] - ETA: 3s - loss: 1.2549 - acc: 0.4953
 6272/48000 [==>...........................] - ETA: 3s - loss: 1.2595 - acc: 0.4946
 7040/48000 [===>..........................] - ETA: 3s - loss: 1.2533 - acc: 0.4973
 7808/48000 [===>..........................] - ETA: 3s - loss: 1.2601 - acc: 0.4941
 8576/48000 [====>.........................] - ETA: 2s - loss: 1.2603 - acc: 0.4934
 9344/48000 [====>.........................] - ETA: 2s - loss: 1.2604 - acc: 0.4926
10112/48000 [=====>........................] - ETA: 2s - loss: 1.2572 - acc: 0.4951
10880/48000 [=====>........................] - ETA: 2s - loss: 1.2555 - acc: 0.4955
11648/48000 [======>.......................] - ETA: 2s - loss: 1.2525 - acc: 0.4953
12416/48000 [======>.......................] - ETA: 2s - loss: 1.2505 - acc: 0.4979
13184/48000 [=======>......................] - ETA: 2s - loss: 1.2508 - acc: 0.4989
13952/48000 [=======>......................] - ETA: 2s - loss: 1.2510 - acc: 0.4981
14720/48000 [========>.....................] - ETA: 2s - loss: 1.2528 - acc: 0.4977
15488/48000 [========>.....................] - ETA: 2s - loss: 1.2512 - acc: 0.4983
16256/48000 [=========>....................] - ETA: 2s - loss: 1.2492 - acc: 0.4995
17024/48000 [=========>....................] - ETA: 2s - loss: 1.2476 - acc: 0.5008
17792/48000 [==========>...................] - ETA: 2s - loss: 1.2479 - acc: 0.5010
18560/48000 [==========>...................] - ETA: 2s - loss: 1.2484 - acc: 0.5008
19328/48000 [===========>..................] - ETA: 2s - loss: 1.2476 - acc: 0.5021
20096/48000 [===========>..................] - ETA: 2s - loss: 1.2470 - acc: 0.5018
20864/48000 [============>.................] - ETA: 2s - loss: 1.2452 - acc: 0.5027
21632/48000 [============>.................] - ETA: 1s - loss: 1.2455 - acc: 0.5016
22400/48000 [=============>................] - ETA: 1s - loss: 1.2449 - acc: 0.5022
23168/48000 [=============>................] - ETA: 1s - loss: 1.2434 - acc: 0.5028
23936/48000 [=============>................] - ETA: 1s - loss: 1.2429 - acc: 0.5029
24704/48000 [==============>...............] - ETA: 1s - loss: 1.2431 - acc: 0.5028
25472/48000 [==============>...............] - ETA: 1s - loss: 1.2428 - acc: 0.5028
26240/48000 [===============>..............] - ETA: 1s - loss: 1.2424 - acc: 0.5022
27008/48000 [===============>..............] - ETA: 1s - loss: 1.2414 - acc: 0.5031
27776/48000 [================>.............] - ETA: 1s - loss: 1.2397 - acc: 0.5034
28544/48000 [================>.............] - ETA: 1s - loss: 1.2381 - acc: 0.5043
29312/48000 [=================>............] - ETA: 1s - loss: 1.2380 - acc: 0.5043
30080/48000 [=================>............] - ETA: 1s - loss: 1.2356 - acc: 0.5058
30848/48000 [==================>...........] - ETA: 1s - loss: 1.2339 - acc: 0.5065
31616/48000 [==================>...........] - ETA: 1s - loss: 1.2331 - acc: 0.5073
32384/48000 [===================>..........] - ETA: 1s - loss: 1.2321 - acc: 0.5077
33152/48000 [===================>..........] - ETA: 1s - loss: 1.2318 - acc: 0.5084
33920/48000 [====================>.........] - ETA: 1s - loss: 1.2298 - acc: 0.5094
34688/48000 [====================>.........] - ETA: 0s - loss: 1.2292 - acc: 0.5098
35456/48000 [=====================>........] - ETA: 0s - loss: 1.2294 - acc: 0.5096
36224/48000 [=====================>........] - ETA: 0s - loss: 1.2294 - acc: 0.5094
36992/48000 [======================>.......] - ETA: 0s - loss: 1.2291 - acc: 0.5096
37760/48000 [======================>.......] - ETA: 0s - loss: 1.2285 - acc: 0.5103
38528/48000 [=======================>......] - ETA: 0s - loss: 1.2277 - acc: 0.5098
39296/48000 [=======================>......] - ETA: 0s - loss: 1.2279 - acc: 0.5099
40064/48000 [========================>.....] - ETA: 0s - loss: 1.2267 - acc: 0.5105
40832/48000 [========================>.....] - ETA: 0s - loss: 1.2261 - acc: 0.5107
41600/48000 [=========================>....] - ETA: 0s - loss: 1.2253 - acc: 0.5110
42368/48000 [=========================>....] - ETA: 0s - loss: 1.2239 - acc: 0.5121
43136/48000 [=========================>....] - ETA: 0s - loss: 1.2229 - acc: 0.5122
43904/48000 [==========================>...] - ETA: 0s - loss: 1.2223 - acc: 0.5126
44672/48000 [==========================>...] - ETA: 0s - loss: 1.2210 - acc: 0.5132
45440/48000 [===========================>..] - ETA: 0s - loss: 1.2200 - acc: 0.5134
46208/48000 [===========================>..] - ETA: 0s - loss: 1.2193 - acc: 0.5135
46976/48000 [============================>.] - ETA: 0s - loss: 1.2188 - acc: 0.5135
47744/48000 [============================>.] - ETA: 0s - loss: 1.2179 - acc: 0.5139
48000/48000 [==============================] - 4s 94us/step - loss: 1.2172 - acc: 0.5140 - val_loss: 2.3322 - val_acc: 0.3242
Epoch 3/1000

  128/48000 [..............................] - ETA: 3s - loss: 1.2804 - acc: 0.5625
  896/48000 [..............................] - ETA: 3s - loss: 1.1905 - acc: 0.5391
 1664/48000 [>.............................] - ETA: 3s - loss: 1.2055 - acc: 0.5288
 2432/48000 [>.............................] - ETA: 3s - loss: 1.2043 - acc: 0.5312
 3200/48000 [=>............................] - ETA: 3s - loss: 1.1990 - acc: 0.5331
 3968/48000 [=>............................] - ETA: 3s - loss: 1.1922 - acc: 0.5328
 4736/48000 [=>............................] - ETA: 3s - loss: 1.1903 - acc: 0.5344
 5504/48000 [==>...........................] - ETA: 3s - loss: 1.1850 - acc: 0.5332
 6272/48000 [==>...........................] - ETA: 3s - loss: 1.1845 - acc: 0.5309
 7040/48000 [===>..........................] - ETA: 3s - loss: 1.1863 - acc: 0.5322
 7808/48000 [===>..........................] - ETA: 2s - loss: 1.1788 - acc: 0.5339
 8576/48000 [====>.........................] - ETA: 2s - loss: 1.1797 - acc: 0.5335
 9344/48000 [====>.........................] - ETA: 2s - loss: 1.1787 - acc: 0.5320
10112/48000 [=====>........................] - ETA: 2s - loss: 1.1791 - acc: 0.5329
10880/48000 [=====>........................] - ETA: 2s - loss: 1.1798 - acc: 0.5312
11648/48000 [======>.......................] - ETA: 2s - loss: 1.1827 - acc: 0.5318
12416/48000 [======>.......................] - ETA: 2s - loss: 1.1816 - acc: 0.5315
13184/48000 [=======>......................] - ETA: 2s - loss: 1.1802 - acc: 0.5311
13952/48000 [=======>......................] - ETA: 2s - loss: 1.1811 - acc: 0.5296
14720/48000 [========>.....................] - ETA: 2s - loss: 1.1836 - acc: 0.5279
15488/48000 [========>.....................] - ETA: 2s - loss: 1.1831 - acc: 0.5266
16256/48000 [=========>....................] - ETA: 2s - loss: 1.1834 - acc: 0.5278
17024/48000 [=========>....................] - ETA: 2s - loss: 1.1818 - acc: 0.5291
17792/48000 [==========>...................] - ETA: 2s - loss: 1.1786 - acc: 0.5301
18560/48000 [==========>...................] - ETA: 2s - loss: 1.1785 - acc: 0.5294
19328/48000 [===========>..................] - ETA: 2s - loss: 1.1742 - acc: 0.5312
20096/48000 [===========>..................] - ETA: 2s - loss: 1.1749 - acc: 0.5308
20864/48000 [============>.................] - ETA: 2s - loss: 1.1746 - acc: 0.5312
21632/48000 [============>.................] - ETA: 1s - loss: 1.1742 - acc: 0.5318
22400/48000 [=============>................] - ETA: 1s - loss: 1.1738 - acc: 0.5312
23168/48000 [=============>................] - ETA: 1s - loss: 1.1732 - acc: 0.5316
23936/48000 [=============>................] - ETA: 1s - loss: 1.1718 - acc: 0.5318
24704/48000 [==============>...............] - ETA: 1s - loss: 1.1703 - acc: 0.5330
25472/48000 [==============>...............] - ETA: 1s - loss: 1.1706 - acc: 0.5329
26240/48000 [===============>..............] - ETA: 1s - loss: 1.1703 - acc: 0.5330
27008/48000 [===============>..............] - ETA: 1s - loss: 1.1693 - acc: 0.5328
27776/48000 [================>.............] - ETA: 1s - loss: 1.1693 - acc: 0.5323
28544/48000 [================>.............] - ETA: 1s - loss: 1.1682 - acc: 0.5337
29312/48000 [=================>............] - ETA: 1s - loss: 1.1666 - acc: 0.5346
30080/48000 [=================>............] - ETA: 1s - loss: 1.1667 - acc: 0.5346
30848/48000 [==================>...........] - ETA: 1s - loss: 1.1663 - acc: 0.5343
31616/48000 [==================>...........] - ETA: 1s - loss: 1.1661 - acc: 0.5343
32384/48000 [===================>..........] - ETA: 1s - loss: 1.1660 - acc: 0.5348
33152/48000 [===================>..........] - ETA: 1s - loss: 1.1663 - acc: 0.5345
33920/48000 [====================>.........] - ETA: 1s - loss: 1.1655 - acc: 0.5350
34688/48000 [====================>.........] - ETA: 0s - loss: 1.1643 - acc: 0.5351
35456/48000 [=====================>........] - ETA: 0s - loss: 1.1640 - acc: 0.5353
36224/48000 [=====================>........] - ETA: 0s - loss: 1.1635 - acc: 0.5354
36992/48000 [======================>.......] - ETA: 0s - loss: 1.1636 - acc: 0.5351
37760/48000 [======================>.......] - ETA: 0s - loss: 1.1633 - acc: 0.5351
38528/48000 [=======================>......] - ETA: 0s - loss: 1.1628 - acc: 0.5355
39296/48000 [=======================>......] - ETA: 0s - loss: 1.1621 - acc: 0.5361
40064/48000 [========================>.....] - ETA: 0s - loss: 1.1612 - acc: 0.5362
40832/48000 [========================>.....] - ETA: 0s - loss: 1.1605 - acc: 0.5366
41600/48000 [=========================>....] - ETA: 0s - loss: 1.1608 - acc: 0.5366
42368/48000 [=========================>....] - ETA: 0s - loss: 1.1611 - acc: 0.5368
43136/48000 [=========================>....] - ETA: 0s - loss: 1.1608 - acc: 0.5371
43904/48000 [==========================>...] - ETA: 0s - loss: 1.1604 - acc: 0.5374
44672/48000 [==========================>...] - ETA: 0s - loss: 1.1598 - acc: 0.5376
45440/48000 [===========================>..] - ETA: 0s - loss: 1.1589 - acc: 0.5381
46208/48000 [===========================>..] - ETA: 0s - loss: 1.1590 - acc: 0.5381
46976/48000 [============================>.] - ETA: 0s - loss: 1.1579 - acc: 0.5386
47744/48000 [============================>.] - ETA: 0s - loss: 1.1578 - acc: 0.5387
48000/48000 [==============================] - 4s 94us/step - loss: 1.1571 - acc: 0.5391 - val_loss: 2.2539 - val_acc: 0.3435
Epoch 4/1000

  128/48000 [..............................] - ETA: 3s - loss: 1.0840 - acc: 0.5547
  896/48000 [..............................] - ETA: 3s - loss: 1.1052 - acc: 0.5569
 1664/48000 [>.............................] - ETA: 3s - loss: 1.1094 - acc: 0.5529
 2432/48000 [>.............................] - ETA: 3s - loss: 1.1090 - acc: 0.5465
 3200/48000 [=>............................] - ETA: 3s - loss: 1.1128 - acc: 0.5497
 3968/48000 [=>............................] - ETA: 3s - loss: 1.1145 - acc: 0.5522
 4736/48000 [=>............................] - ETA: 3s - loss: 1.1151 - acc: 0.5524
 5504/48000 [==>...........................] - ETA: 3s - loss: 1.1092 - acc: 0.5541
 6272/48000 [==>...........................] - ETA: 3s - loss: 1.1167 - acc: 0.5509
 7040/48000 [===>..........................] - ETA: 3s - loss: 1.1177 - acc: 0.5513
 7808/48000 [===>..........................] - ETA: 3s - loss: 1.1177 - acc: 0.5503
 8576/48000 [====>.........................] - ETA: 2s - loss: 1.1167 - acc: 0.5520
 9344/48000 [====>.........................] - ETA: 2s - loss: 1.1159 - acc: 0.5537
10112/48000 [=====>........................] - ETA: 2s - loss: 1.1160 - acc: 0.5543
10880/48000 [=====>........................] - ETA: 2s - loss: 1.1171 - acc: 0.5533
11648/48000 [======>.......................] - ETA: 2s - loss: 1.1184 - acc: 0.5517
12416/48000 [======>.......................] - ETA: 2s - loss: 1.1163 - acc: 0.5524
13184/48000 [=======>......................] - ETA: 2s - loss: 1.1154 - acc: 0.5526
13952/48000 [=======>......................] - ETA: 2s - loss: 1.1121 - acc: 0.5538
14720/48000 [========>.....................] - ETA: 2s - loss: 1.1113 - acc: 0.5535
15488/48000 [========>.....................] - ETA: 2s - loss: 1.1159 - acc: 0.5517
16256/48000 [=========>....................] - ETA: 2s - loss: 1.1174 - acc: 0.5513
17024/48000 [=========>....................] - ETA: 2s - loss: 1.1170 - acc: 0.5508
17792/48000 [==========>...................] - ETA: 2s - loss: 1.1177 - acc: 0.5499
18560/48000 [==========>...................] - ETA: 2s - loss: 1.1181 - acc: 0.5497
19328/48000 [===========>..................] - ETA: 2s - loss: 1.1169 - acc: 0.5513
20096/48000 [===========>..................] - ETA: 2s - loss: 1.1173 - acc: 0.5509
20864/48000 [============>.................] - ETA: 2s - loss: 1.1174 - acc: 0.5509
21632/48000 [============>.................] - ETA: 1s - loss: 1.1170 - acc: 0.5509
22400/48000 [=============>................] - ETA: 1s - loss: 1.1169 - acc: 0.5506
23168/48000 [=============>................] - ETA: 1s - loss: 1.1169 - acc: 0.5508
23936/48000 [=============>................] - ETA: 1s - loss: 1.1187 - acc: 0.5506
24704/48000 [==============>...............] - ETA: 1s - loss: 1.1197 - acc: 0.5500
25472/48000 [==============>...............] - ETA: 1s - loss: 1.1197 - acc: 0.5499
26240/48000 [===============>..............] - ETA: 1s - loss: 1.1181 - acc: 0.5510
27008/48000 [===============>..............] - ETA: 1s - loss: 1.1168 - acc: 0.5516
27776/48000 [================>.............] - ETA: 1s - loss: 1.1166 - acc: 0.5513
28544/48000 [================>.............] - ETA: 1s - loss: 1.1165 - acc: 0.5516
29312/48000 [=================>............] - ETA: 1s - loss: 1.1173 - acc: 0.5506
30080/48000 [=================>............] - ETA: 1s - loss: 1.1172 - acc: 0.5506
30848/48000 [==================>...........] - ETA: 1s - loss: 1.1161 - acc: 0.5511
31616/48000 [==================>...........] - ETA: 1s - loss: 1.1167 - acc: 0.5508
32384/48000 [===================>..........] - ETA: 1s - loss: 1.1174 - acc: 0.5508
33152/48000 [===================>..........] - ETA: 1s - loss: 1.1160 - acc: 0.5517
33920/48000 [====================>.........] - ETA: 1s - loss: 1.1156 - acc: 0.5518
34688/48000 [====================>.........] - ETA: 0s - loss: 1.1145 - acc: 0.5522
35456/48000 [=====================>........] - ETA: 0s - loss: 1.1143 - acc: 0.5523
36224/48000 [=====================>........] - ETA: 0s - loss: 1.1141 - acc: 0.5524
36992/48000 [======================>.......] - ETA: 0s - loss: 1.1138 - acc: 0.5525
37760/48000 [======================>.......] - ETA: 0s - loss: 1.1132 - acc: 0.5522
38528/48000 [=======================>......] - ETA: 0s - loss: 1.1143 - acc: 0.5524
39296/48000 [=======================>......] - ETA: 0s - loss: 1.1140 - acc: 0.5529
40064/48000 [========================>.....] - ETA: 0s - loss: 1.1138 - acc: 0.5533
40832/48000 [========================>.....] - ETA: 0s - loss: 1.1144 - acc: 0.5530
41600/48000 [=========================>....] - ETA: 0s - loss: 1.1148 - acc: 0.5527
42368/48000 [=========================>....] - ETA: 0s - loss: 1.1160 - acc: 0.5523
43136/48000 [=========================>....] - ETA: 0s - loss: 1.1155 - acc: 0.5525
43904/48000 [==========================>...] - ETA: 0s - loss: 1.1148 - acc: 0.5528
44672/48000 [==========================>...] - ETA: 0s - loss: 1.1154 - acc: 0.5528
45440/48000 [===========================>..] - ETA: 0s - loss: 1.1158 - acc: 0.5529
46208/48000 [===========================>..] - ETA: 0s - loss: 1.1154 - acc: 0.5532
46976/48000 [============================>.] - ETA: 0s - loss: 1.1150 - acc: 0.5534
47744/48000 [============================>.] - ETA: 0s - loss: 1.1143 - acc: 0.5539
48000/48000 [==============================] - 5s 94us/step - loss: 1.1139 - acc: 0.5539 - val_loss: 2.1926 - val_acc: 0.3542
Epoch 5/1000

  128/48000 [..............................] - ETA: 3s - loss: 1.3139 - acc: 0.4531
  896/48000 [..............................] - ETA: 3s - loss: 1.1132 - acc: 0.5658
 1664/48000 [>.............................] - ETA: 3s - loss: 1.1142 - acc: 0.5643
 2432/48000 [>.............................] - ETA: 3s - loss: 1.0962 - acc: 0.5687
 3200/48000 [=>............................] - ETA: 3s - loss: 1.0952 - acc: 0.5653
 3968/48000 [=>............................] - ETA: 3s - loss: 1.0904 - acc: 0.5668
 4736/48000 [=>............................] - ETA: 3s - loss: 1.0921 - acc: 0.5627
 5504/48000 [==>...........................] - ETA: 3s - loss: 1.0867 - acc: 0.5652
 6272/48000 [==>...........................] - ETA: 3s - loss: 1.0874 - acc: 0.5630
 7040/48000 [===>..........................] - ETA: 3s - loss: 1.0859 - acc: 0.5642
 7808/48000 [===>..........................] - ETA: 3s - loss: 1.0884 - acc: 0.5638
 8576/48000 [====>.........................] - ETA: 2s - loss: 1.0896 - acc: 0.5632
 9344/48000 [====>.........................] - ETA: 2s - loss: 1.0862 - acc: 0.5650
10112/48000 [=====>........................] - ETA: 2s - loss: 1.0878 - acc: 0.5640
10880/48000 [=====>........................] - ETA: 2s - loss: 1.0941 - acc: 0.5611
11648/48000 [======>.......................] - ETA: 2s - loss: 1.1000 - acc: 0.5600
12416/48000 [======>.......................] - ETA: 2s - loss: 1.0975 - acc: 0.5615
13184/48000 [=======>......................] - ETA: 2s - loss: 1.0971 - acc: 0.5617
13952/48000 [=======>......................] - ETA: 2s - loss: 1.0969 - acc: 0.5610
14720/48000 [========>.....................] - ETA: 2s - loss: 1.0950 - acc: 0.5612
15488/48000 [========>.....................] - ETA: 2s - loss: 1.0960 - acc: 0.5617
16256/48000 [=========>....................] - ETA: 2s - loss: 1.0967 - acc: 0.5610
17024/48000 [=========>....................] - ETA: 2s - loss: 1.0975 - acc: 0.5599
17792/48000 [==========>...................] - ETA: 2s - loss: 1.0985 - acc: 0.5601
18560/48000 [==========>...................] - ETA: 2s - loss: 1.0977 - acc: 0.5601
19328/48000 [===========>..................] - ETA: 2s - loss: 1.0970 - acc: 0.5601
20096/48000 [===========>..................] - ETA: 2s - loss: 1.0963 - acc: 0.5605
20864/48000 [============>.................] - ETA: 2s - loss: 1.0959 - acc: 0.5607
21632/48000 [============>.................] - ETA: 1s - loss: 1.0959 - acc: 0.5603
22400/48000 [=============>................] - ETA: 1s - loss: 1.0937 - acc: 0.5611
23168/48000 [=============>................] - ETA: 1s - loss: 1.0924 - acc: 0.5618
23936/48000 [=============>................] - ETA: 1s - loss: 1.0922 - acc: 0.5617
24704/48000 [==============>...............] - ETA: 1s - loss: 1.0918 - acc: 0.5625
25472/48000 [==============>...............] - ETA: 1s - loss: 1.0901 - acc: 0.5624
26240/48000 [===============>..............] - ETA: 1s - loss: 1.0895 - acc: 0.5626
27008/48000 [===============>..............] - ETA: 1s - loss: 1.0906 - acc: 0.5619
27776/48000 [================>.............] - ETA: 1s - loss: 1.0894 - acc: 0.5623
28544/48000 [================>.............] - ETA: 1s - loss: 1.0892 - acc: 0.5625
29312/48000 [=================>............] - ETA: 1s - loss: 1.0888 - acc: 0.5630
30080/48000 [=================>............] - ETA: 1s - loss: 1.0899 - acc: 0.5623
30848/48000 [==================>...........] - ETA: 1s - loss: 1.0904 - acc: 0.5621
31616/48000 [==================>...........] - ETA: 1s - loss: 1.0913 - acc: 0.5622
32384/48000 [===================>..........] - ETA: 1s - loss: 1.0926 - acc: 0.5616
33152/48000 [===================>..........] - ETA: 1s - loss: 1.0928 - acc: 0.5613
33920/48000 [====================>.........] - ETA: 1s - loss: 1.0931 - acc: 0.5617
34688/48000 [====================>.........] - ETA: 0s - loss: 1.0928 - acc: 0.5619
35456/48000 [=====================>........] - ETA: 0s - loss: 1.0936 - acc: 0.5611
36224/48000 [=====================>........] - ETA: 0s - loss: 1.0924 - acc: 0.5616
36992/48000 [======================>.......] - ETA: 0s - loss: 1.0927 - acc: 0.5614
37760/48000 [======================>.......] - ETA: 0s - loss: 1.0923 - acc: 0.5617
38528/48000 [=======================>......] - ETA: 0s - loss: 1.0926 - acc: 0.5615
39296/48000 [=======================>......] - ETA: 0s - loss: 1.0924 - acc: 0.5615
40064/48000 [========================>.....] - ETA: 0s - loss: 1.0912 - acc: 0.5620
40832/48000 [========================>.....] - ETA: 0s - loss: 1.0907 - acc: 0.5624
41600/48000 [=========================>....] - ETA: 0s - loss: 1.0909 - acc: 0.5624
42368/48000 [=========================>....] - ETA: 0s - loss: 1.0909 - acc: 0.5624
43136/48000 [=========================>....] - ETA: 0s - loss: 1.0894 - acc: 0.5632
43904/48000 [==========================>...] - ETA: 0s - loss: 1.0880 - acc: 0.5635
44672/48000 [==========================>...] - ETA: 0s - loss: 1.0884 - acc: 0.5634
45440/48000 [===========================>..] - ETA: 0s - loss: 1.0876 - acc: 0.5638
46208/48000 [===========================>..] - ETA: 0s - loss: 1.0866 - acc: 0.5641
46976/48000 [============================>.] - ETA: 0s - loss: 1.0860 - acc: 0.5640
47744/48000 [============================>.] - ETA: 0s - loss: 1.0857 - acc: 0.5640
48000/48000 [==============================] - 5s 94us/step - loss: 1.0855 - acc: 0.5642 - val_loss: 2.2577 - val_acc: 0.3480
Epoch 6/1000

  128/48000 [..............................] - ETA: 4s - loss: 1.1532 - acc: 0.5312
  768/48000 [..............................] - ETA: 3s - loss: 1.0597 - acc: 0.5846
 1536/48000 [..............................] - ETA: 3s - loss: 1.0776 - acc: 0.5768
 2304/48000 [>.............................] - ETA: 3s - loss: 1.0891 - acc: 0.5577
 3072/48000 [>.............................] - ETA: 3s - loss: 1.0890 - acc: 0.5615
 3840/48000 [=>............................] - ETA: 3s - loss: 1.0891 - acc: 0.5604
 4608/48000 [=>............................] - ETA: 3s - loss: 1.0917 - acc: 0.5632
 5376/48000 [==>...........................] - ETA: 3s - loss: 1.0951 - acc: 0.5631
 6144/48000 [==>...........................] - ETA: 3s - loss: 1.0866 - acc: 0.5656
 6912/48000 [===>..........................] - ETA: 3s - loss: 1.0906 - acc: 0.5641
 7680/48000 [===>..........................] - ETA: 3s - loss: 1.0838 - acc: 0.5651
 8448/48000 [====>.........................] - ETA: 2s - loss: 1.0738 - acc: 0.5687
 9216/48000 [====>.........................] - ETA: 2s - loss: 1.0676 - acc: 0.5726
 9984/48000 [=====>........................] - ETA: 2s - loss: 1.0689 - acc: 0.5714
10752/48000 [=====>........................] - ETA: 2s - loss: 1.0694 - acc: 0.5707
11520/48000 [======>.......................] - ETA: 2s - loss: 1.0680 - acc: 0.5724
12288/48000 [======>.......................] - ETA: 2s - loss: 1.0644 - acc: 0.5743
13056/48000 [=======>......................] - ETA: 2s - loss: 1.0660 - acc: 0.5731
13824/48000 [=======>......................] - ETA: 2s - loss: 1.0642 - acc: 0.5731
14592/48000 [========>.....................] - ETA: 2s - loss: 1.0659 - acc: 0.5738
15360/48000 [========>.....................] - ETA: 2s - loss: 1.0649 - acc: 0.5743
16128/48000 [=========>....................] - ETA: 2s - loss: 1.0643 - acc: 0.5753
16896/48000 [=========>....................] - ETA: 2s - loss: 1.0653 - acc: 0.5749
17664/48000 [==========>...................] - ETA: 2s - loss: 1.0630 - acc: 0.5759
18432/48000 [==========>...................] - ETA: 2s - loss: 1.0630 - acc: 0.5765
19200/48000 [===========>..................] - ETA: 2s - loss: 1.0628 - acc: 0.5763
19968/48000 [===========>..................] - ETA: 2s - loss: 1.0620 - acc: 0.5760
20736/48000 [===========>..................] - ETA: 2s - loss: 1.0611 - acc: 0.5763
21504/48000 [============>.................] - ETA: 1s - loss: 1.0586 - acc: 0.5769
22272/48000 [============>.................] - ETA: 1s - loss: 1.0578 - acc: 0.5771
23040/48000 [=============>................] - ETA: 1s - loss: 1.0580 - acc: 0.5767
23808/48000 [=============>................] - ETA: 1s - loss: 1.0597 - acc: 0.5759
24576/48000 [==============>...............] - ETA: 1s - loss: 1.0571 - acc: 0.5765
25344/48000 [==============>...............] - ETA: 1s - loss: 1.0575 - acc: 0.5762
26112/48000 [===============>..............] - ETA: 1s - loss: 1.0562 - acc: 0.5773
26880/48000 [===============>..............] - ETA: 1s - loss: 1.0566 - acc: 0.5770
27648/48000 [================>.............] - ETA: 1s - loss: 1.0560 - acc: 0.5773
28416/48000 [================>.............] - ETA: 1s - loss: 1.0558 - acc: 0.5773
29184/48000 [=================>............] - ETA: 1s - loss: 1.0562 - acc: 0.5772
29952/48000 [=================>............] - ETA: 1s - loss: 1.0556 - acc: 0.5773
30720/48000 [==================>...........] - ETA: 1s - loss: 1.0558 - acc: 0.5766
31488/48000 [==================>...........] - ETA: 1s - loss: 1.0550 - acc: 0.5768
32256/48000 [===================>..........] - ETA: 1s - loss: 1.0568 - acc: 0.5762
33024/48000 [===================>..........] - ETA: 1s - loss: 1.0568 - acc: 0.5763
33792/48000 [====================>.........] - ETA: 1s - loss: 1.0565 - acc: 0.5764
34560/48000 [====================>.........] - ETA: 1s - loss: 1.0575 - acc: 0.5758
35328/48000 [=====================>........] - ETA: 0s - loss: 1.0586 - acc: 0.5754
36096/48000 [=====================>........] - ETA: 0s - loss: 1.0595 - acc: 0.5750
36864/48000 [======================>.......] - ETA: 0s - loss: 1.0584 - acc: 0.5754
37632/48000 [======================>.......] - ETA: 0s - loss: 1.0569 - acc: 0.5759
38400/48000 [=======================>......] - ETA: 0s - loss: 1.0570 - acc: 0.5759
39168/48000 [=======================>......] - ETA: 0s - loss: 1.0572 - acc: 0.5759
39936/48000 [=======================>......] - ETA: 0s - loss: 1.0564 - acc: 0.5763
40704/48000 [========================>.....] - ETA: 0s - loss: 1.0562 - acc: 0.5760
41472/48000 [========================>.....] - ETA: 0s - loss: 1.0565 - acc: 0.5757
42240/48000 [=========================>....] - ETA: 0s - loss: 1.0562 - acc: 0.5757
43008/48000 [=========================>....] - ETA: 0s - loss: 1.0554 - acc: 0.5761
43776/48000 [==========================>...] - ETA: 0s - loss: 1.0548 - acc: 0.5761
44544/48000 [==========================>...] - ETA: 0s - loss: 1.0547 - acc: 0.5761
45312/48000 [===========================>..] - ETA: 0s - loss: 1.0547 - acc: 0.5764
46080/48000 [===========================>..] - ETA: 0s - loss: 1.0545 - acc: 0.5767
46848/48000 [============================>.] - ETA: 0s - loss: 1.0541 - acc: 0.5772
47616/48000 [============================>.] - ETA: 0s - loss: 1.0535 - acc: 0.5774
48000/48000 [==============================] - 5s 94us/step - loss: 1.0536 - acc: 0.5775 - val_loss: 1.8044 - val_acc: 0.3771
Epoch 7/1000

  128/48000 [..............................] - ETA: 3s - loss: 0.9502 - acc: 0.6016
  896/48000 [..............................] - ETA: 3s - loss: 1.0158 - acc: 0.5859
 1664/48000 [>.............................] - ETA: 3s - loss: 1.0299 - acc: 0.5938
 2432/48000 [>.............................] - ETA: 3s - loss: 1.0304 - acc: 0.5847
 3200/48000 [=>............................] - ETA: 3s - loss: 1.0307 - acc: 0.5866
 3968/48000 [=>............................] - ETA: 3s - loss: 1.0420 - acc: 0.5829
 4736/48000 [=>............................] - ETA: 3s - loss: 1.0366 - acc: 0.5874
 5504/48000 [==>...........................] - ETA: 3s - loss: 1.0391 - acc: 0.5828
 6272/48000 [==>...........................] - ETA: 3s - loss: 1.0370 - acc: 0.5843
 7040/48000 [===>..........................] - ETA: 3s - loss: 1.0356 - acc: 0.5869
 7808/48000 [===>..........................] - ETA: 2s - loss: 1.0314 - acc: 0.5890
 8576/48000 [====>.........................] - ETA: 2s - loss: 1.0295 - acc: 0.5910
 9344/48000 [====>.........................] - ETA: 2s - loss: 1.0284 - acc: 0.5900
10112/48000 [=====>........................] - ETA: 2s - loss: 1.0326 - acc: 0.5885
10880/48000 [=====>........................] - ETA: 2s - loss: 1.0328 - acc: 0.5889
11648/48000 [======>.......................] - ETA: 2s - loss: 1.0284 - acc: 0.5910
12416/48000 [======>.......................] - ETA: 2s - loss: 1.0296 - acc: 0.5911
13184/48000 [=======>......................] - ETA: 2s - loss: 1.0302 - acc: 0.5912
13952/48000 [=======>......................] - ETA: 2s - loss: 1.0311 - acc: 0.5905
14720/48000 [========>.....................] - ETA: 2s - loss: 1.0317 - acc: 0.5902
15488/48000 [========>.....................] - ETA: 2s - loss: 1.0315 - acc: 0.5896
16256/48000 [=========>....................] - ETA: 2s - loss: 1.0305 - acc: 0.5883
17024/48000 [=========>....................] - ETA: 2s - loss: 1.0306 - acc: 0.5888
17792/48000 [==========>...................] - ETA: 2s - loss: 1.0295 - acc: 0.5895
18560/48000 [==========>...................] - ETA: 2s - loss: 1.0316 - acc: 0.5891
19328/48000 [===========>..................] - ETA: 2s - loss: 1.0311 - acc: 0.5885
20096/48000 [===========>..................] - ETA: 2s - loss: 1.0313 - acc: 0.5880
20864/48000 [============>.................] - ETA: 2s - loss: 1.0325 - acc: 0.5882
21632/48000 [============>.................] - ETA: 1s - loss: 1.0333 - acc: 0.5876
22400/48000 [=============>................] - ETA: 1s - loss: 1.0320 - acc: 0.5889
23168/48000 [=============>................] - ETA: 1s - loss: 1.0334 - acc: 0.5880
23936/48000 [=============>................] - ETA: 1s - loss: 1.0343 - acc: 0.5880
24704/48000 [==============>...............] - ETA: 1s - loss: 1.0338 - acc: 0.5881
25472/48000 [==============>...............] - ETA: 1s - loss: 1.0338 - acc: 0.5876
26240/48000 [===============>..............] - ETA: 1s - loss: 1.0355 - acc: 0.5863
27008/48000 [===============>..............] - ETA: 1s - loss: 1.0352 - acc: 0.5858
27776/48000 [================>.............] - ETA: 1s - loss: 1.0364 - acc: 0.5854
28544/48000 [================>.............] - ETA: 1s - loss: 1.0368 - acc: 0.5855
29312/48000 [=================>............] - ETA: 1s - loss: 1.0360 - acc: 0.5859
30080/48000 [=================>............] - ETA: 1s - loss: 1.0363 - acc: 0.5859
30848/48000 [==================>...........] - ETA: 1s - loss: 1.0361 - acc: 0.5864
31616/48000 [==================>...........] - ETA: 1s - loss: 1.0353 - acc: 0.5868
32384/48000 [===================>..........] - ETA: 1s - loss: 1.0340 - acc: 0.5872
33152/48000 [===================>..........] - ETA: 1s - loss: 1.0338 - acc: 0.5870
33920/48000 [====================>.........] - ETA: 1s - loss: 1.0330 - acc: 0.5867
34688/48000 [====================>.........] - ETA: 0s - loss: 1.0324 - acc: 0.5866
35456/48000 [=====================>........] - ETA: 0s - loss: 1.0320 - acc: 0.5869
36224/48000 [=====================>........] - ETA: 0s - loss: 1.0311 - acc: 0.5870
36992/48000 [======================>.......] - ETA: 0s - loss: 1.0322 - acc: 0.5869
37760/48000 [======================>.......] - ETA: 0s - loss: 1.0313 - acc: 0.5876
38528/48000 [=======================>......] - ETA: 0s - loss: 1.0314 - acc: 0.5874
39296/48000 [=======================>......] - ETA: 0s - loss: 1.0316 - acc: 0.5877
40064/48000 [========================>.....] - ETA: 0s - loss: 1.0321 - acc: 0.5875
40832/48000 [========================>.....] - ETA: 0s - loss: 1.0317 - acc: 0.5876
41600/48000 [=========================>....] - ETA: 0s - loss: 1.0316 - acc: 0.5875
42368/48000 [=========================>....] - ETA: 0s - loss: 1.0327 - acc: 0.5871
43136/48000 [=========================>....] - ETA: 0s - loss: 1.0338 - acc: 0.5862
43904/48000 [==========================>...] - ETA: 0s - loss: 1.0338 - acc: 0.5862
44672/48000 [==========================>...] - ETA: 0s - loss: 1.0330 - acc: 0.5869
45440/48000 [===========================>..] - ETA: 0s - loss: 1.0318 - acc: 0.5872
46208/48000 [===========================>..] - ETA: 0s - loss: 1.0307 - acc: 0.5877
46976/48000 [============================>.] - ETA: 0s - loss: 1.0298 - acc: 0.5884
47744/48000 [============================>.] - ETA: 0s - loss: 1.0299 - acc: 0.5883
48000/48000 [==============================] - 4s 94us/step - loss: 1.0296 - acc: 0.5885 - val_loss: 1.9257 - val_acc: 0.3639
Epoch 8/1000

  128/48000 [..............................] - ETA: 3s - loss: 1.0653 - acc: 0.5469
  896/48000 [..............................] - ETA: 3s - loss: 1.0742 - acc: 0.5692
 1664/48000 [>.............................] - ETA: 3s - loss: 1.0518 - acc: 0.5721
 2432/48000 [>.............................] - ETA: 3s - loss: 1.0468 - acc: 0.5720
 3200/48000 [=>............................] - ETA: 3s - loss: 1.0376 - acc: 0.5759
 3968/48000 [=>............................] - ETA: 3s - loss: 1.0335 - acc: 0.5809
 4736/48000 [=>............................] - ETA: 3s - loss: 1.0338 - acc: 0.5771
 5504/48000 [==>...........................] - ETA: 3s - loss: 1.0353 - acc: 0.5761
 6272/48000 [==>...........................] - ETA: 3s - loss: 1.0328 - acc: 0.5786
 7040/48000 [===>..........................] - ETA: 3s - loss: 1.0263 - acc: 0.5822
 7808/48000 [===>..........................] - ETA: 2s - loss: 1.0237 - acc: 0.5831
 8576/48000 [====>.........................] - ETA: 2s - loss: 1.0265 - acc: 0.5827
 9344/48000 [====>.........................] - ETA: 2s - loss: 1.0263 - acc: 0.5832
10112/48000 [=====>........................] - ETA: 2s - loss: 1.0248 - acc: 0.5848
10880/48000 [=====>........................] - ETA: 2s - loss: 1.0242 - acc: 0.5852
11648/48000 [======>.......................] - ETA: 2s - loss: 1.0229 - acc: 0.5870
12416/48000 [======>.......................] - ETA: 2s - loss: 1.0214 - acc: 0.5884
13184/48000 [=======>......................] - ETA: 2s - loss: 1.0230 - acc: 0.5890
13952/48000 [=======>......................] - ETA: 2s - loss: 1.0225 - acc: 0.5905
14720/48000 [========>.....................] - ETA: 2s - loss: 1.0203 - acc: 0.5912
15488/48000 [========>.....................] - ETA: 2s - loss: 1.0200 - acc: 0.5908
16256/48000 [=========>....................] - ETA: 2s - loss: 1.0197 - acc: 0.5916
17024/48000 [=========>....................] - ETA: 2s - loss: 1.0199 - acc: 0.5914
17792/48000 [==========>...................] - ETA: 2s - loss: 1.0170 - acc: 0.5922
18560/48000 [==========>...................] - ETA: 2s - loss: 1.0167 - acc: 0.5916
19328/48000 [===========>..................] - ETA: 2s - loss: 1.0150 - acc: 0.5922
20096/48000 [===========>..................] - ETA: 2s - loss: 1.0155 - acc: 0.5914
20864/48000 [============>.................] - ETA: 2s - loss: 1.0130 - acc: 0.5919
21632/48000 [============>.................] - ETA: 1s - loss: 1.0139 - acc: 0.5915
22400/48000 [=============>................] - ETA: 1s - loss: 1.0137 - acc: 0.5916
23168/48000 [=============>................] - ETA: 1s - loss: 1.0144 - acc: 0.5919
23936/48000 [=============>................] - ETA: 1s - loss: 1.0145 - acc: 0.5922
24704/48000 [==============>...............] - ETA: 1s - loss: 1.0148 - acc: 0.5925
25472/48000 [==============>...............] - ETA: 1s - loss: 1.0127 - acc: 0.5935
26240/48000 [===============>..............] - ETA: 1s - loss: 1.0127 - acc: 0.5934
27008/48000 [===============>..............] - ETA: 1s - loss: 1.0127 - acc: 0.5939
27776/48000 [================>.............] - ETA: 1s - loss: 1.0137 - acc: 0.5927
28544/48000 [================>.............] - ETA: 1s - loss: 1.0126 - acc: 0.5932
29312/48000 [=================>............] - ETA: 1s - loss: 1.0130 - acc: 0.5935
30080/48000 [=================>............] - ETA: 1s - loss: 1.0128 - acc: 0.5933
30848/48000 [==================>...........] - ETA: 1s - loss: 1.0122 - acc: 0.5941
31616/48000 [==================>...........] - ETA: 1s - loss: 1.0123 - acc: 0.5939
32384/48000 [===================>..........] - ETA: 1s - loss: 1.0111 - acc: 0.5944
33152/48000 [===================>..........] - ETA: 1s - loss: 1.0110 - acc: 0.5941
33920/48000 [====================>.........] - ETA: 1s - loss: 1.0104 - acc: 0.5945
34688/48000 [====================>.........] - ETA: 0s - loss: 1.0111 - acc: 0.5943
35456/48000 [=====================>........] - ETA: 0s - loss: 1.0107 - acc: 0.5942
36224/48000 [=====================>........] - ETA: 0s - loss: 1.0101 - acc: 0.5946
36992/48000 [======================>.......] - ETA: 0s - loss: 1.0112 - acc: 0.5943
37760/48000 [======================>.......] - ETA: 0s - loss: 1.0114 - acc: 0.5940
38528/48000 [=======================>......] - ETA: 0s - loss: 1.0120 - acc: 0.5935
39296/48000 [=======================>......] - ETA: 0s - loss: 1.0122 - acc: 0.5933
40064/48000 [========================>.....] - ETA: 0s - loss: 1.0124 - acc: 0.5933
40832/48000 [========================>.....] - ETA: 0s - loss: 1.0124 - acc: 0.5930
41600/48000 [=========================>....] - ETA: 0s - loss: 1.0119 - acc: 0.5930
42368/48000 [=========================>....] - ETA: 0s - loss: 1.0118 - acc: 0.5929
43136/48000 [=========================>....] - ETA: 0s - loss: 1.0127 - acc: 0.5928
43904/48000 [==========================>...] - ETA: 0s - loss: 1.0118 - acc: 0.5937
44672/48000 [==========================>...] - ETA: 0s - loss: 1.0112 - acc: 0.5938
45440/48000 [===========================>..] - ETA: 0s - loss: 1.0113 - acc: 0.5938
46208/48000 [===========================>..] - ETA: 0s - loss: 1.0117 - acc: 0.5940
46976/48000 [============================>.] - ETA: 0s - loss: 1.0112 - acc: 0.5940
47744/48000 [============================>.] - ETA: 0s - loss: 1.0104 - acc: 0.5945
48000/48000 [==============================] - 5s 94us/step - loss: 1.0101 - acc: 0.5945 - val_loss: 2.1060 - val_acc: 0.3780
Epoch 9/1000

  128/48000 [..............................] - ETA: 3s - loss: 0.8812 - acc: 0.6172
  896/48000 [..............................] - ETA: 3s - loss: 0.9717 - acc: 0.5960
 1664/48000 [>.............................] - ETA: 3s - loss: 0.9813 - acc: 0.6004
 2432/48000 [>.............................] - ETA: 3s - loss: 0.9946 - acc: 0.5995
 3200/48000 [=>............................] - ETA: 3s - loss: 1.0014 - acc: 0.5941
 3968/48000 [=>............................] - ETA: 3s - loss: 0.9946 - acc: 0.5960
 4736/48000 [=>............................] - ETA: 3s - loss: 0.9945 - acc: 0.5967
 5504/48000 [==>...........................] - ETA: 3s - loss: 0.9955 - acc: 0.5967
 6272/48000 [==>...........................] - ETA: 3s - loss: 0.9967 - acc: 0.5982
 7040/48000 [===>..........................] - ETA: 3s - loss: 0.9990 - acc: 0.5980
 7808/48000 [===>..........................] - ETA: 2s - loss: 0.9989 - acc: 0.5980
 8576/48000 [====>.........................] - ETA: 2s - loss: 0.9984 - acc: 0.5988
 9344/48000 [====>.........................] - ETA: 2s - loss: 0.9969 - acc: 0.5987
10112/48000 [=====>........................] - ETA: 2s - loss: 0.9966 - acc: 0.6000
10880/48000 [=====>........................] - ETA: 2s - loss: 0.9937 - acc: 0.6003
11648/48000 [======>.......................] - ETA: 2s - loss: 0.9974 - acc: 0.5986
12416/48000 [======>.......................] - ETA: 2s - loss: 0.9950 - acc: 0.5991
13184/48000 [=======>......................] - ETA: 2s - loss: 0.9953 - acc: 0.5978
13952/48000 [=======>......................] - ETA: 2s - loss: 0.9956 - acc: 0.5986
14720/48000 [========>.....................] - ETA: 2s - loss: 0.9943 - acc: 0.5988
15488/48000 [========>.....................] - ETA: 2s - loss: 0.9955 - acc: 0.5987
16256/48000 [=========>....................] - ETA: 2s - loss: 0.9975 - acc: 0.5990
17024/48000 [=========>....................] - ETA: 2s - loss: 0.9966 - acc: 0.5997
17792/48000 [==========>...................] - ETA: 2s - loss: 0.9969 - acc: 0.5997
18560/48000 [==========>...................] - ETA: 2s - loss: 0.9954 - acc: 0.6009
19328/48000 [===========>..................] - ETA: 2s - loss: 0.9963 - acc: 0.6010
20096/48000 [===========>..................] - ETA: 2s - loss: 0.9965 - acc: 0.6007
20864/48000 [============>.................] - ETA: 2s - loss: 0.9960 - acc: 0.6004
21632/48000 [============>.................] - ETA: 1s - loss: 0.9959 - acc: 0.6005
22400/48000 [=============>................] - ETA: 1s - loss: 0.9930 - acc: 0.6021
23168/48000 [=============>................] - ETA: 1s - loss: 0.9909 - acc: 0.6031
23936/48000 [=============>................] - ETA: 1s - loss: 0.9906 - acc: 0.6033
24704/48000 [==============>...............] - ETA: 1s - loss: 0.9908 - acc: 0.6030
25472/48000 [==============>...............] - ETA: 1s - loss: 0.9902 - acc: 0.6032
26240/48000 [===============>..............] - ETA: 1s - loss: 0.9889 - acc: 0.6031
27008/48000 [===============>..............] - ETA: 1s - loss: 0.9885 - acc: 0.6035
27776/48000 [================>.............] - ETA: 1s - loss: 0.9880 - acc: 0.6038
28544/48000 [================>.............] - ETA: 1s - loss: 0.9876 - acc: 0.6036
29312/48000 [=================>............] - ETA: 1s - loss: 0.9889 - acc: 0.6028
30080/48000 [=================>............] - ETA: 1s - loss: 0.9886 - acc: 0.6029
30848/48000 [==================>...........] - ETA: 1s - loss: 0.9884 - acc: 0.6030
31616/48000 [==================>...........] - ETA: 1s - loss: 0.9873 - acc: 0.6038
32384/48000 [===================>..........] - ETA: 1s - loss: 0.9879 - acc: 0.6034
33152/48000 [===================>..........] - ETA: 1s - loss: 0.9895 - acc: 0.6029
33920/48000 [====================>.........] - ETA: 1s - loss: 0.9880 - acc: 0.6036
34688/48000 [====================>.........] - ETA: 0s - loss: 0.9887 - acc: 0.6032
35456/48000 [=====================>........] - ETA: 0s - loss: 0.9882 - acc: 0.6039
36224/48000 [=====================>........] - ETA: 0s - loss: 0.9873 - acc: 0.6044
36992/48000 [======================>.......] - ETA: 0s - loss: 0.9873 - acc: 0.6047
37760/48000 [======================>.......] - ETA: 0s - loss: 0.9877 - acc: 0.6042
38528/48000 [=======================>......] - ETA: 0s - loss: 0.9885 - acc: 0.6041
39296/48000 [=======================>......] - ETA: 0s - loss: 0.9891 - acc: 0.6037
40064/48000 [========================>.....] - ETA: 0s - loss: 0.9891 - acc: 0.6043
40832/48000 [========================>.....] - ETA: 0s - loss: 0.9895 - acc: 0.6047
41600/48000 [=========================>....] - ETA: 0s - loss: 0.9894 - acc: 0.6048
42368/48000 [=========================>....] - ETA: 0s - loss: 0.9888 - acc: 0.6052
43136/48000 [=========================>....] - ETA: 0s - loss: 0.9889 - acc: 0.6049
43904/48000 [==========================>...] - ETA: 0s - loss: 0.9896 - acc: 0.6046
44672/48000 [==========================>...] - ETA: 0s - loss: 0.9890 - acc: 0.6053
45440/48000 [===========================>..] - ETA: 0s - loss: 0.9884 - acc: 0.6058
46208/48000 [===========================>..] - ETA: 0s - loss: 0.9884 - acc: 0.6058
46976/48000 [============================>.] - ETA: 0s - loss: 0.9888 - acc: 0.6059
47744/48000 [============================>.] - ETA: 0s - loss: 0.9891 - acc: 0.6058
48000/48000 [==============================] - 4s 94us/step - loss: 0.9889 - acc: 0.6059 - val_loss: 2.0594 - val_acc: 0.3672
Epoch 10/1000

  128/48000 [..............................] - ETA: 3s - loss: 0.9648 - acc: 0.5391
  896/48000 [..............................] - ETA: 3s - loss: 0.9908 - acc: 0.5848
 1664/48000 [>.............................] - ETA: 3s - loss: 1.0010 - acc: 0.5853
 2432/48000 [>.............................] - ETA: 3s - loss: 0.9743 - acc: 0.6065
 3200/48000 [=>............................] - ETA: 3s - loss: 0.9753 - acc: 0.6062
 3968/48000 [=>............................] - ETA: 3s - loss: 0.9740 - acc: 0.6089
 4736/48000 [=>............................] - ETA: 3s - loss: 0.9720 - acc: 0.6081
 5504/48000 [==>...........................] - ETA: 3s - loss: 0.9708 - acc: 0.6092
 6272/48000 [==>...........................] - ETA: 3s - loss: 0.9730 - acc: 0.6118
 7040/48000 [===>..........................] - ETA: 3s - loss: 0.9755 - acc: 0.6089
 7808/48000 [===>..........................] - ETA: 3s - loss: 0.9708 - acc: 0.6116
 8576/48000 [====>.........................] - ETA: 2s - loss: 0.9707 - acc: 0.6133
 9344/48000 [====>.........................] - ETA: 2s - loss: 0.9712 - acc: 0.6126
10112/48000 [=====>........................] - ETA: 2s - loss: 0.9731 - acc: 0.6115
10880/48000 [=====>........................] - ETA: 2s - loss: 0.9750 - acc: 0.6100
11648/48000 [======>.......................] - ETA: 2s - loss: 0.9767 - acc: 0.6095
12416/48000 [======>.......................] - ETA: 2s - loss: 0.9773 - acc: 0.6098
13184/48000 [=======>......................] - ETA: 2s - loss: 0.9780 - acc: 0.6094
13952/48000 [=======>......................] - ETA: 2s - loss: 0.9795 - acc: 0.6087
14720/48000 [========>.....................] - ETA: 2s - loss: 0.9795 - acc: 0.6082
15488/48000 [========>.....................] - ETA: 2s - loss: 0.9775 - acc: 0.6088
16256/48000 [=========>....................] - ETA: 2s - loss: 0.9777 - acc: 0.6079
17024/48000 [=========>....................] - ETA: 2s - loss: 0.9768 - acc: 0.6081
17792/48000 [==========>...................] - ETA: 2s - loss: 0.9780 - acc: 0.6075
18560/48000 [==========>...................] - ETA: 2s - loss: 0.9780 - acc: 0.6073
19328/48000 [===========>..................] - ETA: 2s - loss: 0.9815 - acc: 0.6061
20096/48000 [===========>..................] - ETA: 2s - loss: 0.9817 - acc: 0.6056
20864/48000 [============>.................] - ETA: 2s - loss: 0.9836 - acc: 0.6060
21632/48000 [============>.................] - ETA: 1s - loss: 0.9832 - acc: 0.6060
22400/48000 [=============>................] - ETA: 1s - loss: 0.9842 - acc: 0.6058
23168/48000 [=============>................] - ETA: 1s - loss: 0.9844 - acc: 0.6053
23936/48000 [=============>................] - ETA: 1s - loss: 0.9848 - acc: 0.6056
24704/48000 [==============>...............] - ETA: 1s - loss: 0.9843 - acc: 0.6059
25472/48000 [==============>...............] - ETA: 1s - loss: 0.9833 - acc: 0.6058
26240/48000 [===============>..............] - ETA: 1s - loss: 0.9823 - acc: 0.6063
27008/48000 [===============>..............] - ETA: 1s - loss: 0.9828 - acc: 0.6065
27776/48000 [================>.............] - ETA: 1s - loss: 0.9830 - acc: 0.6064
28544/48000 [================>.............] - ETA: 1s - loss: 0.9835 - acc: 0.6068
29312/48000 [=================>............] - ETA: 1s - loss: 0.9838 - acc: 0.6061
30080/48000 [=================>............] - ETA: 1s - loss: 0.9824 - acc: 0.6066
30848/48000 [==================>...........] - ETA: 1s - loss: 0.9801 - acc: 0.6075
31616/48000 [==================>...........] - ETA: 1s - loss: 0.9787 - acc: 0.6080
32384/48000 [===================>..........] - ETA: 1s - loss: 0.9776 - acc: 0.6084
33152/48000 [===================>..........] - ETA: 1s - loss: 0.9773 - acc: 0.6085
33920/48000 [====================>.........] - ETA: 1s - loss: 0.9767 - acc: 0.6086
34688/48000 [====================>.........] - ETA: 0s - loss: 0.9766 - acc: 0.6090
35456/48000 [=====================>........] - ETA: 0s - loss: 0.9768 - acc: 0.6093
36224/48000 [=====================>........] - ETA: 0s - loss: 0.9762 - acc: 0.6095
36992/48000 [======================>.......] - ETA: 0s - loss: 0.9766 - acc: 0.6093
37760/48000 [======================>.......] - ETA: 0s - loss: 0.9759 - acc: 0.6097
38528/48000 [=======================>......] - ETA: 0s - loss: 0.9756 - acc: 0.6097
39296/48000 [=======================>......] - ETA: 0s - loss: 0.9769 - acc: 0.6092
40064/48000 [========================>.....] - ETA: 0s - loss: 0.9763 - acc: 0.6093
40832/48000 [========================>.....] - ETA: 0s - loss: 0.9757 - acc: 0.6093
41600/48000 [=========================>....] - ETA: 0s - loss: 0.9750 - acc: 0.6094
42368/48000 [=========================>....] - ETA: 0s - loss: 0.9753 - acc: 0.6094
43136/48000 [=========================>....] - ETA: 0s - loss: 0.9751 - acc: 0.6100
43904/48000 [==========================>...] - ETA: 0s - loss: 0.9750 - acc: 0.6101
44672/48000 [==========================>...] - ETA: 0s - loss: 0.9753 - acc: 0.6102
45440/48000 [===========================>..] - ETA: 0s - loss: 0.9760 - acc: 0.6097
46208/48000 [===========================>..] - ETA: 0s - loss: 0.9754 - acc: 0.6098
46976/48000 [============================>.] - ETA: 0s - loss: 0.9757 - acc: 0.6096
47744/48000 [============================>.] - ETA: 0s - loss: 0.9752 - acc: 0.6100
48000/48000 [==============================] - 5s 94us/step - loss: 0.9751 - acc: 0.6100 - val_loss: 1.9521 - val_acc: 0.3831
Epoch 11/1000

  128/48000 [..............................] - ETA: 3s - loss: 0.9597 - acc: 0.6094
  896/48000 [..............................] - ETA: 3s - loss: 0.9577 - acc: 0.6283
 1664/48000 [>.............................] - ETA: 3s - loss: 0.9709 - acc: 0.6178
 2432/48000 [>.............................] - ETA: 3s - loss: 0.9542 - acc: 0.6213
 3200/48000 [=>............................] - ETA: 3s - loss: 0.9508 - acc: 0.6197
 3968/48000 [=>............................] - ETA: 3s - loss: 0.9620 - acc: 0.6124
 4736/48000 [=>............................] - ETA: 3s - loss: 0.9608 - acc: 0.6147
 5504/48000 [==>...........................] - ETA: 3s - loss: 0.9623 - acc: 0.6156
 6272/48000 [==>...........................] - ETA: 3s - loss: 0.9636 - acc: 0.6181
 7040/48000 [===>..........................] - ETA: 3s - loss: 0.9629 - acc: 0.6168
 7808/48000 [===>..........................] - ETA: 3s - loss: 0.9598 - acc: 0.6178
 8576/48000 [====>.........................] - ETA: 2s - loss: 0.9633 - acc: 0.6174
 9344/48000 [====>.........................] - ETA: 2s - loss: 0.9638 - acc: 0.6183
10112/48000 [=====>........................] - ETA: 2s - loss: 0.9644 - acc: 0.6173
10880/48000 [=====>........................] - ETA: 2s - loss: 0.9590 - acc: 0.6193
11648/48000 [======>.......................] - ETA: 2s - loss: 0.9606 - acc: 0.6188
12416/48000 [======>.......................] - ETA: 2s - loss: 0.9618 - acc: 0.6181
13184/48000 [=======>......................] - ETA: 2s - loss: 0.9632 - acc: 0.6174
13952/48000 [=======>......................] - ETA: 2s - loss: 0.9647 - acc: 0.6164
14720/48000 [========>.....................] - ETA: 2s - loss: 0.9642 - acc: 0.6169
15488/48000 [========>.....................] - ETA: 2s - loss: 0.9627 - acc: 0.6182
16256/48000 [=========>....................] - ETA: 2s - loss: 0.9621 - acc: 0.6180
17024/48000 [=========>....................] - ETA: 2s - loss: 0.9613 - acc: 0.6182
17792/48000 [==========>...................] - ETA: 2s - loss: 0.9615 - acc: 0.6182
18560/48000 [==========>...................] - ETA: 2s - loss: 0.9616 - acc: 0.6179
19328/48000 [===========>..................] - ETA: 2s - loss: 0.9598 - acc: 0.6187
20096/48000 [===========>..................] - ETA: 2s - loss: 0.9584 - acc: 0.6192
20864/48000 [============>.................] - ETA: 2s - loss: 0.9586 - acc: 0.6190
21632/48000 [============>.................] - ETA: 1s - loss: 0.9582 - acc: 0.6186
22400/48000 [=============>................] - ETA: 1s - loss: 0.9576 - acc: 0.6189
23168/48000 [=============>................] - ETA: 1s - loss: 0.9582 - acc: 0.6185
23936/48000 [=============>................] - ETA: 1s - loss: 0.9584 - acc: 0.6186
24704/48000 [==============>...............] - ETA: 1s - loss: 0.9599 - acc: 0.6178
25472/48000 [==============>...............] - ETA: 1s - loss: 0.9588 - acc: 0.6180
26240/48000 [===============>..............] - ETA: 1s - loss: 0.9600 - acc: 0.6173
27008/48000 [===============>..............] - ETA: 1s - loss: 0.9610 - acc: 0.6168
27776/48000 [================>.............] - ETA: 1s - loss: 0.9607 - acc: 0.6166
28544/48000 [================>.............] - ETA: 1s - loss: 0.9606 - acc: 0.6166
29312/48000 [=================>............] - ETA: 1s - loss: 0.9596 - acc: 0.6178
30080/48000 [=================>............] - ETA: 1s - loss: 0.9582 - acc: 0.6185
30848/48000 [==================>...........] - ETA: 1s - loss: 0.9583 - acc: 0.6182
31616/48000 [==================>...........] - ETA: 1s - loss: 0.9592 - acc: 0.6179
32384/48000 [===================>..........] - ETA: 1s - loss: 0.9593 - acc: 0.6178
33152/48000 [===================>..........] - ETA: 1s - loss: 0.9579 - acc: 0.6182
33920/48000 [====================>.........] - ETA: 1s - loss: 0.9586 - acc: 0.6182
34688/48000 [====================>.........] - ETA: 0s - loss: 0.9586 - acc: 0.6181
35456/48000 [=====================>........] - ETA: 0s - loss: 0.9586 - acc: 0.6181
36224/48000 [=====================>........] - ETA: 0s - loss: 0.9589 - acc: 0.6184
36992/48000 [======================>.......] - ETA: 0s - loss: 0.9594 - acc: 0.6183
37760/48000 [======================>.......] - ETA: 0s - loss: 0.9590 - acc: 0.6184
38528/48000 [=======================>......] - ETA: 0s - loss: 0.9600 - acc: 0.6179
39296/48000 [=======================>......] - ETA: 0s - loss: 0.9614 - acc: 0.6177
40064/48000 [========================>.....] - ETA: 0s - loss: 0.9614 - acc: 0.6174
40832/48000 [========================>.....] - ETA: 0s - loss: 0.9606 - acc: 0.6177
41600/48000 [=========================>....] - ETA: 0s - loss: 0.9603 - acc: 0.6178
42368/48000 [=========================>....] - ETA: 0s - loss: 0.9602 - acc: 0.6180
43136/48000 [=========================>....] - ETA: 0s - loss: 0.9605 - acc: 0.6182
43904/48000 [==========================>...] - ETA: 0s - loss: 0.9601 - acc: 0.6184
44672/48000 [==========================>...] - ETA: 0s - loss: 0.9597 - acc: 0.6183
45440/48000 [===========================>..] - ETA: 0s - loss: 0.9591 - acc: 0.6185
46208/48000 [===========================>..] - ETA: 0s - loss: 0.9584 - acc: 0.6188
46976/48000 [============================>.] - ETA: 0s - loss: 0.9589 - acc: 0.6187
47744/48000 [============================>.] - ETA: 0s - loss: 0.9578 - acc: 0.6191
48000/48000 [==============================] - 5s 94us/step - loss: 0.9576 - acc: 0.6192 - val_loss: 2.0291 - val_acc: 0.3786
Epoch 12/1000

  128/48000 [..............................] - ETA: 3s - loss: 0.9557 - acc: 0.6328
  896/48000 [..............................] - ETA: 3s - loss: 0.9376 - acc: 0.6295
 1664/48000 [>.............................] - ETA: 3s - loss: 0.9198 - acc: 0.6304
 2432/48000 [>.............................] - ETA: 3s - loss: 0.9382 - acc: 0.6254
 3200/48000 [=>............................] - ETA: 3s - loss: 0.9424 - acc: 0.6238
 3968/48000 [=>............................] - ETA: 3s - loss: 0.9503 - acc: 0.6172
 4608/48000 [=>............................] - ETA: 3s - loss: 0.9548 - acc: 0.6163
 5376/48000 [==>...........................] - ETA: 3s - loss: 0.9467 - acc: 0.6235
 6144/48000 [==>...........................] - ETA: 3s - loss: 0.9518 - acc: 0.6208
 6912/48000 [===>..........................] - ETA: 3s - loss: 0.9535 - acc: 0.6217
 7680/48000 [===>..........................] - ETA: 3s - loss: 0.9566 - acc: 0.6193
 8448/48000 [====>.........................] - ETA: 3s - loss: 0.9543 - acc: 0.6211
 9088/48000 [====>.........................] - ETA: 2s - loss: 0.9494 - acc: 0.6222
 9856/48000 [=====>........................] - ETA: 2s - loss: 0.9515 - acc: 0.6209
10624/48000 [=====>........................] - ETA: 2s - loss: 0.9475 - acc: 0.6224
11392/48000 [======>.......................] - ETA: 2s - loss: 0.9461 - acc: 0.6245
12160/48000 [======>.......................] - ETA: 2s - loss: 0.9476 - acc: 0.6236
12928/48000 [=======>......................] - ETA: 2s - loss: 0.9476 - acc: 0.6248
13696/48000 [=======>......................] - ETA: 2s - loss: 0.9465 - acc: 0.6251
14464/48000 [========>.....................] - ETA: 2s - loss: 0.9501 - acc: 0.6235
15232/48000 [========>.....................] - ETA: 2s - loss: 0.9493 - acc: 0.6242
16000/48000 [=========>....................] - ETA: 2s - loss: 0.9498 - acc: 0.6238
16768/48000 [=========>....................] - ETA: 2s - loss: 0.9509 - acc: 0.6238
17536/48000 [=========>....................] - ETA: 2s - loss: 0.9499 - acc: 0.6237
18304/48000 [==========>...................] - ETA: 2s - loss: 0.9479 - acc: 0.6239
19072/48000 [==========>...................] - ETA: 2s - loss: 0.9450 - acc: 0.6247
19840/48000 [===========>..................] - ETA: 2s - loss: 0.9420 - acc: 0.6256
20608/48000 [===========>..................] - ETA: 2s - loss: 0.9421 - acc: 0.6259
21376/48000 [============>.................] - ETA: 2s - loss: 0.9422 - acc: 0.6260
22144/48000 [============>.................] - ETA: 1s - loss: 0.9417 - acc: 0.6260
22912/48000 [=============>................] - ETA: 1s - loss: 0.9438 - acc: 0.6254
23680/48000 [=============>................] - ETA: 1s - loss: 0.9448 - acc: 0.6250
24448/48000 [==============>...............] - ETA: 1s - loss: 0.9460 - acc: 0.6251
25216/48000 [==============>...............] - ETA: 1s - loss: 0.9455 - acc: 0.6250
25984/48000 [===============>..............] - ETA: 1s - loss: 0.9452 - acc: 0.6250
26752/48000 [===============>..............] - ETA: 1s - loss: 0.9434 - acc: 0.6254
27520/48000 [================>.............] - ETA: 1s - loss: 0.9432 - acc: 0.6249
28288/48000 [================>.............] - ETA: 1s - loss: 0.9432 - acc: 0.6242
29056/48000 [=================>............] - ETA: 1s - loss: 0.9441 - acc: 0.6240
29824/48000 [=================>............] - ETA: 1s - loss: 0.9447 - acc: 0.6235
30592/48000 [==================>...........] - ETA: 1s - loss: 0.9447 - acc: 0.6232
31360/48000 [==================>...........] - ETA: 1s - loss: 0.9456 - acc: 0.6225
32128/48000 [===================>..........] - ETA: 1s - loss: 0.9452 - acc: 0.6228
32896/48000 [===================>..........] - ETA: 1s - loss: 0.9440 - acc: 0.6231
33664/48000 [====================>.........] - ETA: 1s - loss: 0.9440 - acc: 0.6233
34432/48000 [====================>.........] - ETA: 1s - loss: 0.9433 - acc: 0.6236
35200/48000 [=====================>........] - ETA: 0s - loss: 0.9428 - acc: 0.6238
35968/48000 [=====================>........] - ETA: 0s - loss: 0.9424 - acc: 0.6237
36736/48000 [=====================>........] - ETA: 0s - loss: 0.9417 - acc: 0.6238
37504/48000 [======================>.......] - ETA: 0s - loss: 0.9407 - acc: 0.6244
38272/48000 [======================>.......] - ETA: 0s - loss: 0.9418 - acc: 0.6235
39040/48000 [=======================>......] - ETA: 0s - loss: 0.9419 - acc: 0.6234
39808/48000 [=======================>......] - ETA: 0s - loss: 0.9425 - acc: 0.6230
40576/48000 [========================>.....] - ETA: 0s - loss: 0.9421 - acc: 0.6233
41344/48000 [========================>.....] - ETA: 0s - loss: 0.9435 - acc: 0.6232
42112/48000 [=========================>....] - ETA: 0s - loss: 0.9442 - acc: 0.6230
42880/48000 [=========================>....] - ETA: 0s - loss: 0.9440 - acc: 0.6232
43648/48000 [==========================>...] - ETA: 0s - loss: 0.9440 - acc: 0.6230
44416/48000 [==========================>...] - ETA: 0s - loss: 0.9443 - acc: 0.6226
45184/48000 [===========================>..] - ETA: 0s - loss: 0.9448 - acc: 0.6225
45952/48000 [===========================>..] - ETA: 0s - loss: 0.9447 - acc: 0.6225
46720/48000 [============================>.] - ETA: 0s - loss: 0.9445 - acc: 0.6226
47488/48000 [============================>.] - ETA: 0s - loss: 0.9438 - acc: 0.6228
48000/48000 [==============================] - 5s 95us/step - loss: 0.9437 - acc: 0.6229 - val_loss: 2.1702 - val_acc: 0.4082
Epoch 13/1000

  128/48000 [..............................] - ETA: 3s - loss: 1.0814 - acc: 0.5469
  896/48000 [..............................] - ETA: 3s - loss: 0.9939 - acc: 0.5781
 1664/48000 [>.............................] - ETA: 3s - loss: 0.9653 - acc: 0.6076
 2432/48000 [>.............................] - ETA: 3s - loss: 0.9525 - acc: 0.6176
 3200/48000 [=>............................] - ETA: 3s - loss: 0.9444 - acc: 0.6225
 3968/48000 [=>............................] - ETA: 3s - loss: 0.9350 - acc: 0.6275
 4736/48000 [=>............................] - ETA: 3s - loss: 0.9428 - acc: 0.6258
 5504/48000 [==>...........................] - ETA: 3s - loss: 0.9437 - acc: 0.6234
 6272/48000 [==>...........................] - ETA: 3s - loss: 0.9410 - acc: 0.6247
 7040/48000 [===>..........................] - ETA: 3s - loss: 0.9409 - acc: 0.6237
 7808/48000 [===>..........................] - ETA: 2s - loss: 0.9412 - acc: 0.6238
 8576/48000 [====>.........................] - ETA: 2s - loss: 0.9348 - acc: 0.6277
 9344/48000 [====>.........................] - ETA: 2s - loss: 0.9381 - acc: 0.6267
10112/48000 [=====>........................] - ETA: 2s - loss: 0.9391 - acc: 0.6269
10880/48000 [=====>........................] - ETA: 2s - loss: 0.9391 - acc: 0.6278
11648/48000 [======>.......................] - ETA: 2s - loss: 0.9389 - acc: 0.6273
12416/48000 [======>.......................] - ETA: 2s - loss: 0.9400 - acc: 0.6264
13184/48000 [=======>......................] - ETA: 2s - loss: 0.9380 - acc: 0.6286
13952/48000 [=======>......................] - ETA: 2s - loss: 0.9360 - acc: 0.6292
14720/48000 [========>.....................] - ETA: 2s - loss: 0.9365 - acc: 0.6285
15488/48000 [========>.....................] - ETA: 2s - loss: 0.9384 - acc: 0.6270
16256/48000 [=========>....................] - ETA: 2s - loss: 0.9362 - acc: 0.6283
17024/48000 [=========>....................] - ETA: 2s - loss: 0.9362 - acc: 0.6277
17792/48000 [==========>...................] - ETA: 2s - loss: 0.9362 - acc: 0.6278
18560/48000 [==========>...................] - ETA: 2s - loss: 0.9354 - acc: 0.6276
19328/48000 [===========>..................] - ETA: 2s - loss: 0.9354 - acc: 0.6276
20096/48000 [===========>..................] - ETA: 2s - loss: 0.9357 - acc: 0.6266
20864/48000 [============>.................] - ETA: 2s - loss: 0.9382 - acc: 0.6260
21632/48000 [============>.................] - ETA: 1s - loss: 0.9362 - acc: 0.6271
22400/48000 [=============>................] - ETA: 1s - loss: 0.9360 - acc: 0.6272
23168/48000 [=============>................] - ETA: 1s - loss: 0.9365 - acc: 0.6276
23936/48000 [=============>................] - ETA: 1s - loss: 0.9356 - acc: 0.6278
24704/48000 [==============>...............] - ETA: 1s - loss: 0.9362 - acc: 0.6274
25472/48000 [==============>...............] - ETA: 1s - loss: 0.9366 - acc: 0.6271
26240/48000 [===============>..............] - ETA: 1s - loss: 0.9356 - acc: 0.6273
27008/48000 [===============>..............] - ETA: 1s - loss: 0.9340 - acc: 0.6277
27776/48000 [================>.............] - ETA: 1s - loss: 0.9340 - acc: 0.6278
28544/48000 [================>.............] - ETA: 1s - loss: 0.9343 - acc: 0.6277
29312/48000 [=================>............] - ETA: 1s - loss: 0.9347 - acc: 0.6271
30080/48000 [=================>............] - ETA: 1s - loss: 0.9364 - acc: 0.6267
30848/48000 [==================>...........] - ETA: 1s - loss: 0.9370 - acc: 0.6266
31616/48000 [==================>...........] - ETA: 1s - loss: 0.9364 - acc: 0.6268
32384/48000 [===================>..........] - ETA: 1s - loss: 0.9363 - acc: 0.6264
33152/48000 [===================>..........] - ETA: 1s - loss: 0.9366 - acc: 0.6266
33920/48000 [====================>.........] - ETA: 1s - loss: 0.9357 - acc: 0.6270
34688/48000 [====================>.........] - ETA: 0s - loss: 0.9356 - acc: 0.6271
35456/48000 [=====================>........] - ETA: 0s - loss: 0.9358 - acc: 0.6269
36224/48000 [=====================>........] - ETA: 0s - loss: 0.9356 - acc: 0.6271
36992/48000 [======================>.......] - ETA: 0s - loss: 0.9369 - acc: 0.6268
37760/48000 [======================>.......] - ETA: 0s - loss: 0.9372 - acc: 0.6265
38528/48000 [=======================>......] - ETA: 0s - loss: 0.9370 - acc: 0.6268
39296/48000 [=======================>......] - ETA: 0s - loss: 0.9362 - acc: 0.6273
40064/48000 [========================>.....] - ETA: 0s - loss: 0.9362 - acc: 0.6271
40832/48000 [========================>.....] - ETA: 0s - loss: 0.9367 - acc: 0.6273
41600/48000 [=========================>....] - ETA: 0s - loss: 0.9367 - acc: 0.6270
42368/48000 [=========================>....] - ETA: 0s - loss: 0.9372 - acc: 0.6266
43136/48000 [=========================>....] - ETA: 0s - loss: 0.9369 - acc: 0.6268
43904/48000 [==========================>...] - ETA: 0s - loss: 0.9376 - acc: 0.6264
44672/48000 [==========================>...] - ETA: 0s - loss: 0.9380 - acc: 0.6264
45440/48000 [===========================>..] - ETA: 0s - loss: 0.9374 - acc: 0.6268
46208/48000 [===========================>..] - ETA: 0s - loss: 0.9368 - acc: 0.6269
46976/48000 [============================>.] - ETA: 0s - loss: 0.9371 - acc: 0.6267
47744/48000 [============================>.] - ETA: 0s - loss: 0.9362 - acc: 0.6271
48000/48000 [==============================] - 4s 94us/step - loss: 0.9356 - acc: 0.6273 - val_loss: 1.9204 - val_acc: 0.4057
Epoch 14/1000

  128/48000 [..............................] - ETA: 3s - loss: 0.9665 - acc: 0.6094
  896/48000 [..............................] - ETA: 3s - loss: 0.9838 - acc: 0.6071
 1664/48000 [>.............................] - ETA: 3s - loss: 0.9583 - acc: 0.6148
 2432/48000 [>.............................] - ETA: 3s - loss: 0.9380 - acc: 0.6229
 3200/48000 [=>............................] - ETA: 3s - loss: 0.9323 - acc: 0.6262
 3968/48000 [=>............................] - ETA: 3s - loss: 0.9242 - acc: 0.6285
 4736/48000 [=>............................] - ETA: 3s - loss: 0.9227 - acc: 0.6311
 5504/48000 [==>...........................] - ETA: 3s - loss: 0.9230 - acc: 0.6301
 6272/48000 [==>...........................] - ETA: 3s - loss: 0.9197 - acc: 0.6327
 7040/48000 [===>..........................] - ETA: 3s - loss: 0.9334 - acc: 0.6268
 7808/48000 [===>..........................] - ETA: 3s - loss: 0.9332 - acc: 0.6273
 8576/48000 [====>.........................] - ETA: 2s - loss: 0.9310 - acc: 0.6262
 9344/48000 [====>.........................] - ETA: 2s - loss: 0.9262 - acc: 0.6283
10112/48000 [=====>........................] - ETA: 2s - loss: 0.9268 - acc: 0.6287
10880/48000 [=====>........................] - ETA: 2s - loss: 0.9246 - acc: 0.6278
11648/48000 [======>.......................] - ETA: 2s - loss: 0.9265 - acc: 0.6273
12416/48000 [======>.......................] - ETA: 2s - loss: 0.9274 - acc: 0.6274
13184/48000 [=======>......................] - ETA: 2s - loss: 0.9266 - acc: 0.6272
13952/48000 [=======>......................] - ETA: 2s - loss: 0.9271 - acc: 0.6275
14720/48000 [========>.....................] - ETA: 2s - loss: 0.9278 - acc: 0.6270
15360/48000 [========>.....................] - ETA: 2s - loss: 0.9288 - acc: 0.6257
16128/48000 [=========>....................] - ETA: 2s - loss: 0.9288 - acc: 0.6258
16896/48000 [=========>....................] - ETA: 2s - loss: 0.9268 - acc: 0.6267
17664/48000 [==========>...................] - ETA: 2s - loss: 0.9272 - acc: 0.6269
18432/48000 [==========>...................] - ETA: 2s - loss: 0.9265 - acc: 0.6259
19200/48000 [===========>..................] - ETA: 2s - loss: 0.9260 - acc: 0.6262
19968/48000 [===========>..................] - ETA: 2s - loss: 0.9285 - acc: 0.6259
20736/48000 [===========>..................] - ETA: 2s - loss: 0.9287 - acc: 0.6259
21504/48000 [============>.................] - ETA: 1s - loss: 0.9266 - acc: 0.6263
22272/48000 [============>.................] - ETA: 1s - loss: 0.9284 - acc: 0.6263
23040/48000 [=============>................] - ETA: 1s - loss: 0.9292 - acc: 0.6260
23808/48000 [=============>................] - ETA: 1s - loss: 0.9298 - acc: 0.6258
24576/48000 [==============>...............] - ETA: 1s - loss: 0.9298 - acc: 0.6259
25344/48000 [==============>...............] - ETA: 1s - loss: 0.9283 - acc: 0.6261
26112/48000 [===============>..............] - ETA: 1s - loss: 0.9268 - acc: 0.6266
26880/48000 [===============>..............] - ETA: 1s - loss: 0.9267 - acc: 0.6276
27648/48000 [================>.............] - ETA: 1s - loss: 0.9270 - acc: 0.6281
28416/48000 [================>.............] - ETA: 1s - loss: 0.9252 - acc: 0.6284
29184/48000 [=================>............] - ETA: 1s - loss: 0.9247 - acc: 0.6290
29952/48000 [=================>............] - ETA: 1s - loss: 0.9239 - acc: 0.6289
30720/48000 [==================>...........] - ETA: 1s - loss: 0.9245 - acc: 0.6288
31488/48000 [==================>...........] - ETA: 1s - loss: 0.9250 - acc: 0.6292
32256/48000 [===================>..........] - ETA: 1s - loss: 0.9251 - acc: 0.6292
33024/48000 [===================>..........] - ETA: 1s - loss: 0.9247 - acc: 0.6295
33792/48000 [====================>.........] - ETA: 1s - loss: 0.9243 - acc: 0.6296
34560/48000 [====================>.........] - ETA: 1s - loss: 0.9235 - acc: 0.6301
35328/48000 [=====================>........] - ETA: 0s - loss: 0.9247 - acc: 0.6293
36096/48000 [=====================>........] - ETA: 0s - loss: 0.9243 - acc: 0.6297
36864/48000 [======================>.......] - ETA: 0s - loss: 0.9258 - acc: 0.6290
37632/48000 [======================>.......] - ETA: 0s - loss: 0.9263 - acc: 0.6289
38400/48000 [=======================>......] - ETA: 0s - loss: 0.9261 - acc: 0.6288
39168/48000 [=======================>......] - ETA: 0s - loss: 0.9250 - acc: 0.6294
39936/48000 [=======================>......] - ETA: 0s - loss: 0.9257 - acc: 0.6294
40704/48000 [========================>.....] - ETA: 0s - loss: 0.9258 - acc: 0.6295
41472/48000 [========================>.....] - ETA: 0s - loss: 0.9257 - acc: 0.6293
42240/48000 [=========================>....] - ETA: 0s - loss: 0.9256 - acc: 0.6293
43008/48000 [=========================>....] - ETA: 0s - loss: 0.9252 - acc: 0.6293
43776/48000 [==========================>...] - ETA: 0s - loss: 0.9251 - acc: 0.6290
44544/48000 [==========================>...] - ETA: 0s - loss: 0.9248 - acc: 0.6294
45312/48000 [===========================>..] - ETA: 0s - loss: 0.9248 - acc: 0.6297
46080/48000 [===========================>..] - ETA: 0s - loss: 0.9245 - acc: 0.6302
46848/48000 [============================>.] - ETA: 0s - loss: 0.9242 - acc: 0.6304
47616/48000 [============================>.] - ETA: 0s - loss: 0.9238 - acc: 0.6308
48000/48000 [==============================] - 5s 94us/step - loss: 0.9241 - acc: 0.6307 - val_loss: 1.8855 - val_acc: 0.4133
Epoch 15/1000

  128/48000 [..............................] - ETA: 3s - loss: 0.8173 - acc: 0.6484
  896/48000 [..............................] - ETA: 3s - loss: 0.8928 - acc: 0.6384
 1664/48000 [>.............................] - ETA: 3s - loss: 0.8976 - acc: 0.6382
 2432/48000 [>.............................] - ETA: 3s - loss: 0.8979 - acc: 0.6406
 3200/48000 [=>............................] - ETA: 3s - loss: 0.8913 - acc: 0.6422
 3968/48000 [=>............................] - ETA: 3s - loss: 0.8952 - acc: 0.6414
 4736/48000 [=>............................] - ETA: 3s - loss: 0.8901 - acc: 0.6444
 5504/48000 [==>...........................] - ETA: 3s - loss: 0.8877 - acc: 0.6426
 6272/48000 [==>...........................] - ETA: 3s - loss: 0.8987 - acc: 0.6368
 7040/48000 [===>..........................] - ETA: 3s - loss: 0.8966 - acc: 0.6361
 7808/48000 [===>..........................] - ETA: 2s - loss: 0.9005 - acc: 0.6372
 8576/48000 [====>.........................] - ETA: 2s - loss: 0.9029 - acc: 0.6374
 9344/48000 [====>.........................] - ETA: 2s - loss: 0.9028 - acc: 0.6382
10112/48000 [=====>........................] - ETA: 2s - loss: 0.9034 - acc: 0.6389
10880/48000 [=====>........................] - ETA: 2s - loss: 0.9081 - acc: 0.6357
11648/48000 [======>.......................] - ETA: 2s - loss: 0.9090 - acc: 0.6366
12416/48000 [======>.......................] - ETA: 2s - loss: 0.9108 - acc: 0.6366
13184/48000 [=======>......................] - ETA: 2s - loss: 0.9138 - acc: 0.6349
13952/48000 [=======>......................] - ETA: 2s - loss: 0.9156 - acc: 0.6336
14720/48000 [========>.....................] - ETA: 2s - loss: 0.9151 - acc: 0.6336
15488/48000 [========>.....................] - ETA: 2s - loss: 0.9167 - acc: 0.6331
16256/48000 [=========>....................] - ETA: 2s - loss: 0.9171 - acc: 0.6322
17024/48000 [=========>....................] - ETA: 2s - loss: 0.9179 - acc: 0.6325
17792/48000 [==========>...................] - ETA: 2s - loss: 0.9177 - acc: 0.6322
18560/48000 [==========>...................] - ETA: 2s - loss: 0.9175 - acc: 0.6327
19328/48000 [===========>..................] - ETA: 2s - loss: 0.9190 - acc: 0.6329
20096/48000 [===========>..................] - ETA: 2s - loss: 0.9192 - acc: 0.6325
20864/48000 [============>.................] - ETA: 2s - loss: 0.9173 - acc: 0.6328
21632/48000 [============>.................] - ETA: 1s - loss: 0.9187 - acc: 0.6327
22400/48000 [=============>................] - ETA: 1s - loss: 0.9204 - acc: 0.6323
23168/48000 [=============>................] - ETA: 1s - loss: 0.9208 - acc: 0.6320
23936/48000 [=============>................] - ETA: 1s - loss: 0.9198 - acc: 0.6326
24576/48000 [==============>...............] - ETA: 1s - loss: 0.9181 - acc: 0.6327
25344/48000 [==============>...............] - ETA: 1s - loss: 0.9182 - acc: 0.6323
26112/48000 [===============>..............] - ETA: 1s - loss: 0.9182 - acc: 0.6322
26880/48000 [===============>..............] - ETA: 1s - loss: 0.9189 - acc: 0.6318
27648/48000 [================>.............] - ETA: 1s - loss: 0.9169 - acc: 0.6326
28416/48000 [================>.............] - ETA: 1s - loss: 0.9169 - acc: 0.6326
29184/48000 [=================>............] - ETA: 1s - loss: 0.9159 - acc: 0.6332
29952/48000 [=================>............] - ETA: 1s - loss: 0.9152 - acc: 0.6334
30720/48000 [==================>...........] - ETA: 1s - loss: 0.9153 - acc: 0.6338
31488/48000 [==================>...........] - ETA: 1s - loss: 0.9149 - acc: 0.6339
32256/48000 [===================>..........] - ETA: 1s - loss: 0.9145 - acc: 0.6341
33024/48000 [===================>..........] - ETA: 1s - loss: 0.9140 - acc: 0.6348
33792/48000 [====================>.........] - ETA: 1s - loss: 0.9140 - acc: 0.6347
34560/48000 [====================>.........] - ETA: 1s - loss: 0.9135 - acc: 0.6348
35328/48000 [=====================>........] - ETA: 0s - loss: 0.9145 - acc: 0.6343
36096/48000 [=====================>........] - ETA: 0s - loss: 0.9150 - acc: 0.6342
36864/48000 [======================>.......] - ETA: 0s - loss: 0.9139 - acc: 0.6348
37632/48000 [======================>.......] - ETA: 0s - loss: 0.9137 - acc: 0.6350
38400/48000 [=======================>......] - ETA: 0s - loss: 0.9119 - acc: 0.6359
39168/48000 [=======================>......] - ETA: 0s - loss: 0.9131 - acc: 0.6356
39936/48000 [=======================>......] - ETA: 0s - loss: 0.9121 - acc: 0.6355
40704/48000 [========================>.....] - ETA: 0s - loss: 0.9126 - acc: 0.6354
41472/48000 [========================>.....] - ETA: 0s - loss: 0.9122 - acc: 0.6352
42240/48000 [=========================>....] - ETA: 0s - loss: 0.9116 - acc: 0.6358
43008/48000 [=========================>....] - ETA: 0s - loss: 0.9111 - acc: 0.6357
43776/48000 [==========================>...] - ETA: 0s - loss: 0.9120 - acc: 0.6351
44544/48000 [==========================>...] - ETA: 0s - loss: 0.9123 - acc: 0.6350
45312/48000 [===========================>..] - ETA: 0s - loss: 0.9122 - acc: 0.6353
46080/48000 [===========================>..] - ETA: 0s - loss: 0.9113 - acc: 0.6358
46848/48000 [============================>.] - ETA: 0s - loss: 0.9113 - acc: 0.6358
47616/48000 [============================>.] - ETA: 0s - loss: 0.9107 - acc: 0.6363
48000/48000 [==============================] - 5s 94us/step - loss: 0.9100 - acc: 0.6363 - val_loss: 1.9467 - val_acc: 0.3962
Epoch 16/1000

  128/48000 [..............................] - ETA: 3s - loss: 0.9291 - acc: 0.6406
  896/48000 [..............................] - ETA: 3s - loss: 0.8612 - acc: 0.6596
 1664/48000 [>.............................] - ETA: 3s - loss: 0.8853 - acc: 0.6478
 2432/48000 [>.............................] - ETA: 3s - loss: 0.8862 - acc: 0.6476
 3200/48000 [=>............................] - ETA: 3s - loss: 0.9018 - acc: 0.6438
 3968/48000 [=>............................] - ETA: 3s - loss: 0.9007 - acc: 0.6401
 4736/48000 [=>............................] - ETA: 3s - loss: 0.8988 - acc: 0.6398
 5504/48000 [==>...........................] - ETA: 3s - loss: 0.9024 - acc: 0.6404
 6272/48000 [==>...........................] - ETA: 3s - loss: 0.9003 - acc: 0.6408
 7040/48000 [===>..........................] - ETA: 3s - loss: 0.9031 - acc: 0.6389
 7808/48000 [===>..........................] - ETA: 3s - loss: 0.9042 - acc: 0.6391
 8576/48000 [====>.........................] - ETA: 2s - loss: 0.9027 - acc: 0.6406
 9344/48000 [====>.........................] - ETA: 2s - loss: 0.9081 - acc: 0.6375
10112/48000 [=====>........................] - ETA: 2s - loss: 0.9083 - acc: 0.6372
10880/48000 [=====>........................] - ETA: 2s - loss: 0.9049 - acc: 0.6392
11648/48000 [======>.......................] - ETA: 2s - loss: 0.9067 - acc: 0.6385
12416/48000 [======>.......................] - ETA: 2s - loss: 0.9081 - acc: 0.6377
13184/48000 [=======>......................] - ETA: 2s - loss: 0.9100 - acc: 0.6371
13952/48000 [=======>......................] - ETA: 2s - loss: 0.9128 - acc: 0.6363
14720/48000 [========>.....................] - ETA: 2s - loss: 0.9107 - acc: 0.6365
15488/48000 [========>.....................] - ETA: 2s - loss: 0.9114 - acc: 0.6357
16256/48000 [=========>....................] - ETA: 2s - loss: 0.9102 - acc: 0.6363
17024/48000 [=========>....................] - ETA: 2s - loss: 0.9111 - acc: 0.6350
17792/48000 [==========>...................] - ETA: 2s - loss: 0.9109 - acc: 0.6352
18560/48000 [==========>...................] - ETA: 2s - loss: 0.9106 - acc: 0.6351
19328/48000 [===========>..................] - ETA: 2s - loss: 0.9111 - acc: 0.6350
20096/48000 [===========>..................] - ETA: 2s - loss: 0.9099 - acc: 0.6350
20864/48000 [============>.................] - ETA: 2s - loss: 0.9092 - acc: 0.6348
21632/48000 [============>.................] - ETA: 1s - loss: 0.9083 - acc: 0.6350
22400/48000 [=============>................] - ETA: 1s - loss: 0.9086 - acc: 0.6355
23168/48000 [=============>................] - ETA: 1s - loss: 0.9077 - acc: 0.6363
23936/48000 [=============>................] - ETA: 1s - loss: 0.9056 - acc: 0.6374
24704/48000 [==============>...............] - ETA: 1s - loss: 0.9048 - acc: 0.6375
25472/48000 [==============>...............] - ETA: 1s - loss: 0.9032 - acc: 0.6384
26240/48000 [===============>..............] - ETA: 1s - loss: 0.9037 - acc: 0.6389
27008/48000 [===============>..............] - ETA: 1s - loss: 0.9022 - acc: 0.6394
27776/48000 [================>.............] - ETA: 1s - loss: 0.9010 - acc: 0.6397
28544/48000 [================>.............] - ETA: 1s - loss: 0.9011 - acc: 0.6400
29312/48000 [=================>............] - ETA: 1s - loss: 0.8999 - acc: 0.6402
30080/48000 [=================>............] - ETA: 1s - loss: 0.9003 - acc: 0.6400
30848/48000 [==================>...........] - ETA: 1s - loss: 0.9005 - acc: 0.6397
31616/48000 [==================>...........] - ETA: 1s - loss: 0.9000 - acc: 0.6401
32384/48000 [===================>..........] - ETA: 1s - loss: 0.8986 - acc: 0.6406
33152/48000 [===================>..........] - ETA: 1s - loss: 0.8992 - acc: 0.6401
33920/48000 [====================>.........] - ETA: 1s - loss: 0.8993 - acc: 0.6398
34688/48000 [====================>.........] - ETA: 0s - loss: 0.9010 - acc: 0.6392
35456/48000 [=====================>........] - ETA: 0s - loss: 0.9005 - acc: 0.6394
36224/48000 [=====================>........] - ETA: 0s - loss: 0.9004 - acc: 0.6391
36992/48000 [======================>.......] - ETA: 0s - loss: 0.9004 - acc: 0.6395
37760/48000 [======================>.......] - ETA: 0s - loss: 0.8999 - acc: 0.6396
38528/48000 [=======================>......] - ETA: 0s - loss: 0.9001 - acc: 0.6397
39296/48000 [=======================>......] - ETA: 0s - loss: 0.8999 - acc: 0.6396
40064/48000 [========================>.....] - ETA: 0s - loss: 0.9011 - acc: 0.6395
40832/48000 [========================>.....] - ETA: 0s - loss: 0.9020 - acc: 0.6391
41600/48000 [=========================>....] - ETA: 0s - loss: 0.9025 - acc: 0.6388
42368/48000 [=========================>....] - ETA: 0s - loss: 0.9032 - acc: 0.6387
43136/48000 [=========================>....] - ETA: 0s - loss: 0.9028 - acc: 0.6388
43904/48000 [==========================>...] - ETA: 0s - loss: 0.9023 - acc: 0.6394
44672/48000 [==========================>...] - ETA: 0s - loss: 0.9016 - acc: 0.6397
45440/48000 [===========================>..] - ETA: 0s - loss: 0.9030 - acc: 0.6391
46208/48000 [===========================>..] - ETA: 0s - loss: 0.9028 - acc: 0.6394
46976/48000 [============================>.] - ETA: 0s - loss: 0.9019 - acc: 0.6396
47744/48000 [============================>.] - ETA: 0s - loss: 0.9026 - acc: 0.6392
48000/48000 [==============================] - 5s 94us/step - loss: 0.9021 - acc: 0.6396 - val_loss: 2.0583 - val_acc: 0.3602

   32/10000 [..............................] - ETA: 3s
  224/10000 [..............................] - ETA: 3s
  416/10000 [>.............................] - ETA: 2s
  608/10000 [>.............................] - ETA: 2s
  800/10000 [=>............................] - ETA: 2s
  992/10000 [=>............................] - ETA: 2s
 1184/10000 [==>...........................] - ETA: 2s
 1376/10000 [===>..........................] - ETA: 2s
 1568/10000 [===>..........................] - ETA: 2s
 1760/10000 [====>.........................] - ETA: 2s
 1952/10000 [====>.........................] - ETA: 2s
 2144/10000 [=====>........................] - ETA: 2s
 2336/10000 [======>.......................] - ETA: 2s
 2528/10000 [======>.......................] - ETA: 2s
 2688/10000 [=======>......................] - ETA: 2s
 2848/10000 [=======>......................] - ETA: 2s
 3040/10000 [========>.....................] - ETA: 2s
 3232/10000 [========>.....................] - ETA: 2s
 3424/10000 [=========>....................] - ETA: 2s
 3616/10000 [=========>....................] - ETA: 1s
 3808/10000 [==========>...................] - ETA: 1s
 4000/10000 [===========>..................] - ETA: 1s
 4192/10000 [===========>..................] - ETA: 1s
 4384/10000 [============>.................] - ETA: 1s
 4576/10000 [============>.................] - ETA: 1s
 4768/10000 [=============>................] - ETA: 1s
 4960/10000 [=============>................] - ETA: 1s
 5152/10000 [==============>...............] - ETA: 1s
 5344/10000 [===============>..............] - ETA: 1s
 5536/10000 [===============>..............] - ETA: 1s
 5728/10000 [================>.............] - ETA: 1s
 5920/10000 [================>.............] - ETA: 1s
 6112/10000 [=================>............] - ETA: 1s
 6304/10000 [=================>............] - ETA: 1s
 6496/10000 [==================>...........] - ETA: 1s
 6688/10000 [===================>..........] - ETA: 1s
 6880/10000 [===================>..........] - ETA: 0s
 7040/10000 [====================>.........] - ETA: 0s
 7232/10000 [====================>.........] - ETA: 0s
 7392/10000 [=====================>........] - ETA: 0s
 7584/10000 [=====================>........] - ETA: 0s
 7776/10000 [======================>.......] - ETA: 0s
 7968/10000 [======================>.......] - ETA: 0s
 8160/10000 [=======================>......] - ETA: 0s
 8352/10000 [========================>.....] - ETA: 0s
 8544/10000 [========================>.....] - ETA: 0s
 8736/10000 [=========================>....] - ETA: 0s
 8928/10000 [=========================>....] - ETA: 0s
 9120/10000 [==========================>...] - ETA: 0s
 9312/10000 [==========================>...] - ETA: 0s
 9504/10000 [===========================>..] - ETA: 0s
 9696/10000 [============================>.] - ETA: 0s
 9888/10000 [============================>.] - ETA: 0s
10000/10000 [==============================] - 3s 306us/step
Test acc: 0.3737
Test auc: 0.8667448333333333
Execute epoch: 16
Execute time: 74.78252863883972
