tr_x shape: (48000, 28, 28)
va_x shape: (12000, 28, 28)
te_x shape: (10000, 28, 28)
_________________________________________________________________
Layer (type)                 Output Shape              Param #   
=================================================================
lstm_1 (LSTM)                (None, None, 50)          15800     
_________________________________________________________________
lstm_2 (LSTM)                (None, 50)                20200     
_________________________________________________________________
dense_1 (Dense)              (None, 16)                816       
_________________________________________________________________
dense_2 (Dense)              (None, 10)                170       
=================================================================
Total params: 36,986
Trainable params: 36,986
Non-trainable params: 0
_________________________________________________________________
Train on 48000 samples, validate on 12000 samples
Epoch 1/1000

  128/48000 [..............................] - ETA: 8:54 - loss: 2.3137 - acc: 0.0938
  768/48000 [..............................] - ETA: 1:31 - loss: 2.2948 - acc: 0.1432
 1408/48000 [..............................] - ETA: 50s - loss: 2.2828 - acc: 0.1449 
 2048/48000 [>.............................] - ETA: 35s - loss: 2.2733 - acc: 0.1348
 2688/48000 [>.............................] - ETA: 27s - loss: 2.2626 - acc: 0.1399
 3328/48000 [=>............................] - ETA: 22s - loss: 2.2492 - acc: 0.1517
 3968/48000 [=>............................] - ETA: 19s - loss: 2.2311 - acc: 0.1701
 4608/48000 [=>............................] - ETA: 17s - loss: 2.2088 - acc: 0.1871
 5248/48000 [==>...........................] - ETA: 15s - loss: 2.1834 - acc: 0.2018
 5888/48000 [==>...........................] - ETA: 13s - loss: 2.1570 - acc: 0.2109
 6528/48000 [===>..........................] - ETA: 12s - loss: 2.1250 - acc: 0.2217
 7168/48000 [===>..........................] - ETA: 11s - loss: 2.0955 - acc: 0.2316
 7808/48000 [===>..........................] - ETA: 10s - loss: 2.0647 - acc: 0.2386
 8448/48000 [====>.........................] - ETA: 9s - loss: 2.0330 - acc: 0.2481 
 9088/48000 [====>.........................] - ETA: 9s - loss: 2.0023 - acc: 0.2590
 9728/48000 [=====>........................] - ETA: 8s - loss: 1.9771 - acc: 0.2676
10368/48000 [=====>........................] - ETA: 8s - loss: 1.9498 - acc: 0.2749
11008/48000 [=====>........................] - ETA: 7s - loss: 1.9248 - acc: 0.2822
11648/48000 [======>.......................] - ETA: 7s - loss: 1.9019 - acc: 0.2895
12288/48000 [======>.......................] - ETA: 7s - loss: 1.8799 - acc: 0.2954
12928/48000 [=======>......................] - ETA: 6s - loss: 1.8613 - acc: 0.3004
13568/48000 [=======>......................] - ETA: 6s - loss: 1.8418 - acc: 0.3054
14208/48000 [=======>......................] - ETA: 6s - loss: 1.8253 - acc: 0.3093
14848/48000 [========>.....................] - ETA: 5s - loss: 1.8104 - acc: 0.3112
15488/48000 [========>.....................] - ETA: 5s - loss: 1.7937 - acc: 0.3161
16128/48000 [=========>....................] - ETA: 5s - loss: 1.7802 - acc: 0.3212
16768/48000 [=========>....................] - ETA: 5s - loss: 1.7642 - acc: 0.3263
17408/48000 [=========>....................] - ETA: 5s - loss: 1.7516 - acc: 0.3306
18048/48000 [==========>...................] - ETA: 4s - loss: 1.7389 - acc: 0.3342
18688/48000 [==========>...................] - ETA: 4s - loss: 1.7281 - acc: 0.3372
19328/48000 [===========>..................] - ETA: 4s - loss: 1.7164 - acc: 0.3415
19968/48000 [===========>..................] - ETA: 4s - loss: 1.7073 - acc: 0.3448
20608/48000 [===========>..................] - ETA: 4s - loss: 1.6972 - acc: 0.3486
21248/48000 [============>.................] - ETA: 4s - loss: 1.6869 - acc: 0.3516
21888/48000 [============>.................] - ETA: 3s - loss: 1.6769 - acc: 0.3543
22528/48000 [=============>................] - ETA: 3s - loss: 1.6670 - acc: 0.3573
23168/48000 [=============>................] - ETA: 3s - loss: 1.6582 - acc: 0.3603
23808/48000 [=============>................] - ETA: 3s - loss: 1.6512 - acc: 0.3630
24448/48000 [==============>...............] - ETA: 3s - loss: 1.6425 - acc: 0.3669
25088/48000 [==============>...............] - ETA: 3s - loss: 1.6344 - acc: 0.3702
25728/48000 [===============>..............] - ETA: 3s - loss: 1.6258 - acc: 0.3735
26368/48000 [===============>..............] - ETA: 2s - loss: 1.6178 - acc: 0.3761
27008/48000 [===============>..............] - ETA: 2s - loss: 1.6115 - acc: 0.3784
27648/48000 [================>.............] - ETA: 2s - loss: 1.6040 - acc: 0.3806
28288/48000 [================>.............] - ETA: 2s - loss: 1.5962 - acc: 0.3838
28928/48000 [=================>............] - ETA: 2s - loss: 1.5904 - acc: 0.3858
29568/48000 [=================>............] - ETA: 2s - loss: 1.5854 - acc: 0.3872
30208/48000 [=================>............] - ETA: 2s - loss: 1.5796 - acc: 0.3890
30848/48000 [==================>...........] - ETA: 2s - loss: 1.5741 - acc: 0.3908
31488/48000 [==================>...........] - ETA: 2s - loss: 1.5693 - acc: 0.3921
32128/48000 [===================>..........] - ETA: 2s - loss: 1.5639 - acc: 0.3936
32768/48000 [===================>..........] - ETA: 1s - loss: 1.5578 - acc: 0.3953
33408/48000 [===================>..........] - ETA: 1s - loss: 1.5517 - acc: 0.3975
34048/48000 [====================>.........] - ETA: 1s - loss: 1.5457 - acc: 0.3995
34688/48000 [====================>.........] - ETA: 1s - loss: 1.5398 - acc: 0.4018
35328/48000 [=====================>........] - ETA: 1s - loss: 1.5349 - acc: 0.4036
35968/48000 [=====================>........] - ETA: 1s - loss: 1.5295 - acc: 0.4050
36608/48000 [=====================>........] - ETA: 1s - loss: 1.5236 - acc: 0.4074
37248/48000 [======================>.......] - ETA: 1s - loss: 1.5189 - acc: 0.4087
37888/48000 [======================>.......] - ETA: 1s - loss: 1.5129 - acc: 0.4109
38528/48000 [=======================>......] - ETA: 1s - loss: 1.5085 - acc: 0.4127
39168/48000 [=======================>......] - ETA: 1s - loss: 1.5033 - acc: 0.4146
39808/48000 [=======================>......] - ETA: 0s - loss: 1.4994 - acc: 0.4161
40448/48000 [========================>.....] - ETA: 0s - loss: 1.4943 - acc: 0.4185
41088/48000 [========================>.....] - ETA: 0s - loss: 1.4914 - acc: 0.4196
41728/48000 [=========================>....] - ETA: 0s - loss: 1.4875 - acc: 0.4209
42368/48000 [=========================>....] - ETA: 0s - loss: 1.4839 - acc: 0.4218
43008/48000 [=========================>....] - ETA: 0s - loss: 1.4812 - acc: 0.4232
43648/48000 [==========================>...] - ETA: 0s - loss: 1.4767 - acc: 0.4246
44288/48000 [==========================>...] - ETA: 0s - loss: 1.4734 - acc: 0.4256
44928/48000 [===========================>..] - ETA: 0s - loss: 1.4705 - acc: 0.4267
45568/48000 [===========================>..] - ETA: 0s - loss: 1.4678 - acc: 0.4276
46208/48000 [===========================>..] - ETA: 0s - loss: 1.4644 - acc: 0.4290
46848/48000 [============================>.] - ETA: 0s - loss: 1.4612 - acc: 0.4300
47488/48000 [============================>.] - ETA: 0s - loss: 1.4581 - acc: 0.4310
48000/48000 [==============================] - 6s 135us/step - loss: 1.4550 - acc: 0.4321 - val_loss: 1.4897 - val_acc: 0.4318
Epoch 2/1000

  128/48000 [..............................] - ETA: 4s - loss: 1.1481 - acc: 0.5938
  768/48000 [..............................] - ETA: 4s - loss: 1.1938 - acc: 0.5443
 1408/48000 [..............................] - ETA: 4s - loss: 1.1897 - acc: 0.5384
 2048/48000 [>.............................] - ETA: 3s - loss: 1.1989 - acc: 0.5269
 2688/48000 [>.............................] - ETA: 3s - loss: 1.1932 - acc: 0.5234
 3328/48000 [=>............................] - ETA: 3s - loss: 1.2091 - acc: 0.5186
 3968/48000 [=>............................] - ETA: 3s - loss: 1.2048 - acc: 0.5199
 4608/48000 [=>............................] - ETA: 3s - loss: 1.2000 - acc: 0.5204
 5248/48000 [==>...........................] - ETA: 3s - loss: 1.1975 - acc: 0.5246
 5888/48000 [==>...........................] - ETA: 3s - loss: 1.1874 - acc: 0.5292
 6528/48000 [===>..........................] - ETA: 3s - loss: 1.1931 - acc: 0.5247
 7168/48000 [===>..........................] - ETA: 3s - loss: 1.1911 - acc: 0.5254
 7808/48000 [===>..........................] - ETA: 3s - loss: 1.1952 - acc: 0.5234
 8448/48000 [====>.........................] - ETA: 3s - loss: 1.1994 - acc: 0.5208
 9088/48000 [====>.........................] - ETA: 3s - loss: 1.1997 - acc: 0.5212
 9728/48000 [=====>........................] - ETA: 3s - loss: 1.2007 - acc: 0.5220
10368/48000 [=====>........................] - ETA: 3s - loss: 1.2014 - acc: 0.5226
11008/48000 [=====>........................] - ETA: 3s - loss: 1.1979 - acc: 0.5233
11648/48000 [======>.......................] - ETA: 3s - loss: 1.1962 - acc: 0.5225
12288/48000 [======>.......................] - ETA: 3s - loss: 1.1944 - acc: 0.5232
12928/48000 [=======>......................] - ETA: 2s - loss: 1.1914 - acc: 0.5258
13568/48000 [=======>......................] - ETA: 2s - loss: 1.1920 - acc: 0.5262
14208/48000 [=======>......................] - ETA: 2s - loss: 1.1926 - acc: 0.5267
14848/48000 [========>.....................] - ETA: 2s - loss: 1.1927 - acc: 0.5271
15488/48000 [========>.....................] - ETA: 2s - loss: 1.1903 - acc: 0.5282
16128/48000 [=========>....................] - ETA: 2s - loss: 1.1890 - acc: 0.5285
16768/48000 [=========>....................] - ETA: 2s - loss: 1.1877 - acc: 0.5292
17408/48000 [=========>....................] - ETA: 2s - loss: 1.1861 - acc: 0.5303
18048/48000 [==========>...................] - ETA: 2s - loss: 1.1873 - acc: 0.5296
18688/48000 [==========>...................] - ETA: 2s - loss: 1.1884 - acc: 0.5289
19328/48000 [===========>..................] - ETA: 2s - loss: 1.1867 - acc: 0.5306
19968/48000 [===========>..................] - ETA: 2s - loss: 1.1848 - acc: 0.5315
20608/48000 [===========>..................] - ETA: 2s - loss: 1.1839 - acc: 0.5318
21248/48000 [============>.................] - ETA: 2s - loss: 1.1827 - acc: 0.5329
21888/48000 [============>.................] - ETA: 2s - loss: 1.1846 - acc: 0.5322
22528/48000 [=============>................] - ETA: 2s - loss: 1.1851 - acc: 0.5322
23168/48000 [=============>................] - ETA: 2s - loss: 1.1836 - acc: 0.5321
23808/48000 [=============>................] - ETA: 2s - loss: 1.1827 - acc: 0.5324
24448/48000 [==============>...............] - ETA: 1s - loss: 1.1813 - acc: 0.5324
25088/48000 [==============>...............] - ETA: 1s - loss: 1.1802 - acc: 0.5336
25728/48000 [===============>..............] - ETA: 1s - loss: 1.1794 - acc: 0.5332
26368/48000 [===============>..............] - ETA: 1s - loss: 1.1803 - acc: 0.5331
27008/48000 [===============>..............] - ETA: 1s - loss: 1.1779 - acc: 0.5342
27648/48000 [================>.............] - ETA: 1s - loss: 1.1764 - acc: 0.5346
28288/48000 [================>.............] - ETA: 1s - loss: 1.1754 - acc: 0.5349
28928/48000 [=================>............] - ETA: 1s - loss: 1.1748 - acc: 0.5356
29568/48000 [=================>............] - ETA: 1s - loss: 1.1752 - acc: 0.5355
30208/48000 [=================>............] - ETA: 1s - loss: 1.1747 - acc: 0.5356
30848/48000 [==================>...........] - ETA: 1s - loss: 1.1735 - acc: 0.5359
31488/48000 [==================>...........] - ETA: 1s - loss: 1.1738 - acc: 0.5363
32128/48000 [===================>..........] - ETA: 1s - loss: 1.1726 - acc: 0.5366
32768/48000 [===================>..........] - ETA: 1s - loss: 1.1729 - acc: 0.5366
33408/48000 [===================>..........] - ETA: 1s - loss: 1.1731 - acc: 0.5366
34048/48000 [====================>.........] - ETA: 1s - loss: 1.1712 - acc: 0.5370
34688/48000 [====================>.........] - ETA: 1s - loss: 1.1711 - acc: 0.5366
35328/48000 [=====================>........] - ETA: 1s - loss: 1.1702 - acc: 0.5368
35968/48000 [=====================>........] - ETA: 1s - loss: 1.1704 - acc: 0.5366
36608/48000 [=====================>........] - ETA: 0s - loss: 1.1700 - acc: 0.5370
37248/48000 [======================>.......] - ETA: 0s - loss: 1.1685 - acc: 0.5376
37888/48000 [======================>.......] - ETA: 0s - loss: 1.1685 - acc: 0.5374
38528/48000 [=======================>......] - ETA: 0s - loss: 1.1680 - acc: 0.5375
39168/48000 [=======================>......] - ETA: 0s - loss: 1.1676 - acc: 0.5377
39808/48000 [=======================>......] - ETA: 0s - loss: 1.1669 - acc: 0.5381
40448/48000 [========================>.....] - ETA: 0s - loss: 1.1662 - acc: 0.5385
41088/48000 [========================>.....] - ETA: 0s - loss: 1.1657 - acc: 0.5385
41728/48000 [=========================>....] - ETA: 0s - loss: 1.1655 - acc: 0.5386
42368/48000 [=========================>....] - ETA: 0s - loss: 1.1650 - acc: 0.5394
43008/48000 [=========================>....] - ETA: 0s - loss: 1.1650 - acc: 0.5390
43648/48000 [==========================>...] - ETA: 0s - loss: 1.1640 - acc: 0.5394
44288/48000 [==========================>...] - ETA: 0s - loss: 1.1624 - acc: 0.5399
44928/48000 [===========================>..] - ETA: 0s - loss: 1.1613 - acc: 0.5404
45568/48000 [===========================>..] - ETA: 0s - loss: 1.1616 - acc: 0.5399
46208/48000 [===========================>..] - ETA: 0s - loss: 1.1617 - acc: 0.5398
46848/48000 [============================>.] - ETA: 0s - loss: 1.1606 - acc: 0.5401
47488/48000 [============================>.] - ETA: 0s - loss: 1.1604 - acc: 0.5404
48000/48000 [==============================] - 5s 105us/step - loss: 1.1594 - acc: 0.5405 - val_loss: 2.1660 - val_acc: 0.3539
Epoch 3/1000

  128/48000 [..............................] - ETA: 4s - loss: 1.2985 - acc: 0.5547
  768/48000 [..............................] - ETA: 4s - loss: 1.1547 - acc: 0.5547
 1408/48000 [..............................] - ETA: 4s - loss: 1.1618 - acc: 0.5526
 2048/48000 [>.............................] - ETA: 4s - loss: 1.1557 - acc: 0.5591
 2688/48000 [>.............................] - ETA: 4s - loss: 1.1421 - acc: 0.5640
 3328/48000 [=>............................] - ETA: 4s - loss: 1.1334 - acc: 0.5649
 3968/48000 [=>............................] - ETA: 4s - loss: 1.1306 - acc: 0.5633
 4608/48000 [=>............................] - ETA: 3s - loss: 1.1245 - acc: 0.5651
 5248/48000 [==>...........................] - ETA: 3s - loss: 1.1220 - acc: 0.5640
 5888/48000 [==>...........................] - ETA: 3s - loss: 1.1192 - acc: 0.5623
 6528/48000 [===>..........................] - ETA: 3s - loss: 1.1179 - acc: 0.5633
 7168/48000 [===>..........................] - ETA: 3s - loss: 1.1144 - acc: 0.5653
 7808/48000 [===>..........................] - ETA: 3s - loss: 1.1129 - acc: 0.5643
 8448/48000 [====>.........................] - ETA: 3s - loss: 1.1156 - acc: 0.5617
 9088/48000 [====>.........................] - ETA: 3s - loss: 1.1114 - acc: 0.5626
 9728/48000 [=====>........................] - ETA: 3s - loss: 1.1130 - acc: 0.5629
10368/48000 [=====>........................] - ETA: 3s - loss: 1.1110 - acc: 0.5626
11008/48000 [=====>........................] - ETA: 3s - loss: 1.1102 - acc: 0.5631
11648/48000 [======>.......................] - ETA: 3s - loss: 1.1153 - acc: 0.5619
12288/48000 [======>.......................] - ETA: 3s - loss: 1.1160 - acc: 0.5611
12928/48000 [=======>......................] - ETA: 3s - loss: 1.1136 - acc: 0.5629
13568/48000 [=======>......................] - ETA: 2s - loss: 1.1123 - acc: 0.5632
14208/48000 [=======>......................] - ETA: 2s - loss: 1.1119 - acc: 0.5624
14848/48000 [========>.....................] - ETA: 2s - loss: 1.1118 - acc: 0.5620
15488/48000 [========>.....................] - ETA: 2s - loss: 1.1132 - acc: 0.5615
16128/48000 [=========>....................] - ETA: 2s - loss: 1.1137 - acc: 0.5618
16768/48000 [=========>....................] - ETA: 2s - loss: 1.1135 - acc: 0.5619
17408/48000 [=========>....................] - ETA: 2s - loss: 1.1128 - acc: 0.5622
18048/48000 [==========>...................] - ETA: 2s - loss: 1.1119 - acc: 0.5620
18688/48000 [==========>...................] - ETA: 2s - loss: 1.1114 - acc: 0.5625
19328/48000 [===========>..................] - ETA: 2s - loss: 1.1102 - acc: 0.5626
19968/48000 [===========>..................] - ETA: 2s - loss: 1.1090 - acc: 0.5634
20608/48000 [===========>..................] - ETA: 2s - loss: 1.1095 - acc: 0.5633
21248/48000 [============>.................] - ETA: 2s - loss: 1.1091 - acc: 0.5636
21888/48000 [============>.................] - ETA: 2s - loss: 1.1087 - acc: 0.5634
22528/48000 [=============>................] - ETA: 2s - loss: 1.1085 - acc: 0.5637
23168/48000 [=============>................] - ETA: 2s - loss: 1.1073 - acc: 0.5640
23808/48000 [=============>................] - ETA: 2s - loss: 1.1066 - acc: 0.5638
24448/48000 [==============>...............] - ETA: 2s - loss: 1.1055 - acc: 0.5641
25088/48000 [==============>...............] - ETA: 1s - loss: 1.1053 - acc: 0.5641
25728/48000 [===============>..............] - ETA: 1s - loss: 1.1064 - acc: 0.5637
26368/48000 [===============>..............] - ETA: 1s - loss: 1.1048 - acc: 0.5643
27008/48000 [===============>..............] - ETA: 1s - loss: 1.1057 - acc: 0.5638
27648/48000 [================>.............] - ETA: 1s - loss: 1.1053 - acc: 0.5638
28288/48000 [================>.............] - ETA: 1s - loss: 1.1044 - acc: 0.5644
28928/48000 [=================>............] - ETA: 1s - loss: 1.1046 - acc: 0.5644
29568/48000 [=================>............] - ETA: 1s - loss: 1.1042 - acc: 0.5648
30208/48000 [=================>............] - ETA: 1s - loss: 1.1031 - acc: 0.5654
30848/48000 [==================>...........] - ETA: 1s - loss: 1.1020 - acc: 0.5657
31488/48000 [==================>...........] - ETA: 1s - loss: 1.1012 - acc: 0.5658
32128/48000 [===================>..........] - ETA: 1s - loss: 1.1016 - acc: 0.5653
32768/48000 [===================>..........] - ETA: 1s - loss: 1.1010 - acc: 0.5652
33408/48000 [===================>..........] - ETA: 1s - loss: 1.1014 - acc: 0.5651
34048/48000 [====================>.........] - ETA: 1s - loss: 1.1010 - acc: 0.5650
34688/48000 [====================>.........] - ETA: 1s - loss: 1.1005 - acc: 0.5653
35328/48000 [=====================>........] - ETA: 1s - loss: 1.0993 - acc: 0.5656
35968/48000 [=====================>........] - ETA: 1s - loss: 1.0999 - acc: 0.5651
36608/48000 [=====================>........] - ETA: 0s - loss: 1.0999 - acc: 0.5651
37248/48000 [======================>.......] - ETA: 0s - loss: 1.0990 - acc: 0.5658
37888/48000 [======================>.......] - ETA: 0s - loss: 1.0995 - acc: 0.5656
38528/48000 [=======================>......] - ETA: 0s - loss: 1.0996 - acc: 0.5654
39168/48000 [=======================>......] - ETA: 0s - loss: 1.0998 - acc: 0.5653
39808/48000 [=======================>......] - ETA: 0s - loss: 1.0986 - acc: 0.5655
40448/48000 [========================>.....] - ETA: 0s - loss: 1.0968 - acc: 0.5659
41088/48000 [========================>.....] - ETA: 0s - loss: 1.0970 - acc: 0.5660
41728/48000 [=========================>....] - ETA: 0s - loss: 1.0977 - acc: 0.5661
42368/48000 [=========================>....] - ETA: 0s - loss: 1.0983 - acc: 0.5659
43008/48000 [=========================>....] - ETA: 0s - loss: 1.0970 - acc: 0.5666
43648/48000 [==========================>...] - ETA: 0s - loss: 1.0968 - acc: 0.5669
44288/48000 [==========================>...] - ETA: 0s - loss: 1.0964 - acc: 0.5669
44928/48000 [===========================>..] - ETA: 0s - loss: 1.0962 - acc: 0.5668
45568/48000 [===========================>..] - ETA: 0s - loss: 1.0946 - acc: 0.5675
46208/48000 [===========================>..] - ETA: 0s - loss: 1.0943 - acc: 0.5679
46848/48000 [============================>.] - ETA: 0s - loss: 1.0943 - acc: 0.5679
47488/48000 [============================>.] - ETA: 0s - loss: 1.0944 - acc: 0.5680
48000/48000 [==============================] - 5s 105us/step - loss: 1.0947 - acc: 0.5679 - val_loss: 2.5697 - val_acc: 0.3260
Epoch 4/1000

  128/48000 [..............................] - ETA: 4s - loss: 1.1125 - acc: 0.5469
  768/48000 [..............................] - ETA: 4s - loss: 1.0318 - acc: 0.5938
 1408/48000 [..............................] - ETA: 3s - loss: 1.0418 - acc: 0.5902
 2048/48000 [>.............................] - ETA: 3s - loss: 1.0518 - acc: 0.5854
 2688/48000 [>.............................] - ETA: 3s - loss: 1.0613 - acc: 0.5822
 3328/48000 [=>............................] - ETA: 3s - loss: 1.0651 - acc: 0.5853
 3968/48000 [=>............................] - ETA: 3s - loss: 1.0659 - acc: 0.5859
 4608/48000 [=>............................] - ETA: 3s - loss: 1.0633 - acc: 0.5844
 5248/48000 [==>...........................] - ETA: 3s - loss: 1.0568 - acc: 0.5846
 5888/48000 [==>...........................] - ETA: 3s - loss: 1.0628 - acc: 0.5812
 6528/48000 [===>..........................] - ETA: 3s - loss: 1.0637 - acc: 0.5801
 7168/48000 [===>..........................] - ETA: 3s - loss: 1.0615 - acc: 0.5837
 7808/48000 [===>..........................] - ETA: 3s - loss: 1.0599 - acc: 0.5825
 8448/48000 [====>.........................] - ETA: 3s - loss: 1.0602 - acc: 0.5849
 9088/48000 [====>.........................] - ETA: 3s - loss: 1.0646 - acc: 0.5842
 9728/48000 [=====>........................] - ETA: 3s - loss: 1.0610 - acc: 0.5860
10368/48000 [=====>........................] - ETA: 3s - loss: 1.0613 - acc: 0.5841
11008/48000 [=====>........................] - ETA: 3s - loss: 1.0596 - acc: 0.5857
11648/48000 [======>.......................] - ETA: 3s - loss: 1.0610 - acc: 0.5840
12288/48000 [======>.......................] - ETA: 3s - loss: 1.0591 - acc: 0.5839
12928/48000 [=======>......................] - ETA: 2s - loss: 1.0598 - acc: 0.5832
13568/48000 [=======>......................] - ETA: 2s - loss: 1.0604 - acc: 0.5833
14208/48000 [=======>......................] - ETA: 2s - loss: 1.0565 - acc: 0.5845
14848/48000 [========>.....................] - ETA: 2s - loss: 1.0572 - acc: 0.5838
15488/48000 [========>.....................] - ETA: 2s - loss: 1.0573 - acc: 0.5850
16128/48000 [=========>....................] - ETA: 2s - loss: 1.0576 - acc: 0.5844
16768/48000 [=========>....................] - ETA: 2s - loss: 1.0550 - acc: 0.5856
17408/48000 [=========>....................] - ETA: 2s - loss: 1.0555 - acc: 0.5850
18048/48000 [==========>...................] - ETA: 2s - loss: 1.0559 - acc: 0.5847
18688/48000 [==========>...................] - ETA: 2s - loss: 1.0574 - acc: 0.5840
19328/48000 [===========>..................] - ETA: 2s - loss: 1.0572 - acc: 0.5843
19968/48000 [===========>..................] - ETA: 2s - loss: 1.0582 - acc: 0.5836
20608/48000 [===========>..................] - ETA: 2s - loss: 1.0584 - acc: 0.5838
21248/48000 [============>.................] - ETA: 2s - loss: 1.0574 - acc: 0.5840
21888/48000 [============>.................] - ETA: 2s - loss: 1.0572 - acc: 0.5838
22528/48000 [=============>................] - ETA: 2s - loss: 1.0573 - acc: 0.5835
23168/48000 [=============>................] - ETA: 2s - loss: 1.0579 - acc: 0.5827
23808/48000 [=============>................] - ETA: 2s - loss: 1.0598 - acc: 0.5815
24448/48000 [==============>...............] - ETA: 1s - loss: 1.0608 - acc: 0.5814
25088/48000 [==============>...............] - ETA: 1s - loss: 1.0605 - acc: 0.5817
25728/48000 [===============>..............] - ETA: 1s - loss: 1.0596 - acc: 0.5819
26368/48000 [===============>..............] - ETA: 1s - loss: 1.0603 - acc: 0.5814
27008/48000 [===============>..............] - ETA: 1s - loss: 1.0600 - acc: 0.5809
27648/48000 [================>.............] - ETA: 1s - loss: 1.0592 - acc: 0.5809
28288/48000 [================>.............] - ETA: 1s - loss: 1.0578 - acc: 0.5814
28928/48000 [=================>............] - ETA: 1s - loss: 1.0582 - acc: 0.5811
29568/48000 [=================>............] - ETA: 1s - loss: 1.0580 - acc: 0.5807
30208/48000 [=================>............] - ETA: 1s - loss: 1.0583 - acc: 0.5808
30848/48000 [==================>...........] - ETA: 1s - loss: 1.0585 - acc: 0.5807
31488/48000 [==================>...........] - ETA: 1s - loss: 1.0576 - acc: 0.5811
32128/48000 [===================>..........] - ETA: 1s - loss: 1.0579 - acc: 0.5810
32768/48000 [===================>..........] - ETA: 1s - loss: 1.0577 - acc: 0.5813
33408/48000 [===================>..........] - ETA: 1s - loss: 1.0580 - acc: 0.5812
34048/48000 [====================>.........] - ETA: 1s - loss: 1.0585 - acc: 0.5808
34688/48000 [====================>.........] - ETA: 1s - loss: 1.0581 - acc: 0.5810
35328/48000 [=====================>........] - ETA: 1s - loss: 1.0571 - acc: 0.5813
35968/48000 [=====================>........] - ETA: 1s - loss: 1.0569 - acc: 0.5814
36608/48000 [=====================>........] - ETA: 0s - loss: 1.0552 - acc: 0.5821
37248/48000 [======================>.......] - ETA: 0s - loss: 1.0554 - acc: 0.5820
37888/48000 [======================>.......] - ETA: 0s - loss: 1.0549 - acc: 0.5818
38528/48000 [=======================>......] - ETA: 0s - loss: 1.0554 - acc: 0.5818
39168/48000 [=======================>......] - ETA: 0s - loss: 1.0544 - acc: 0.5823
39808/48000 [=======================>......] - ETA: 0s - loss: 1.0547 - acc: 0.5825
40448/48000 [========================>.....] - ETA: 0s - loss: 1.0551 - acc: 0.5821
41088/48000 [========================>.....] - ETA: 0s - loss: 1.0557 - acc: 0.5821
41728/48000 [=========================>....] - ETA: 0s - loss: 1.0560 - acc: 0.5818
42368/48000 [=========================>....] - ETA: 0s - loss: 1.0560 - acc: 0.5820
43008/48000 [=========================>....] - ETA: 0s - loss: 1.0559 - acc: 0.5820
43648/48000 [==========================>...] - ETA: 0s - loss: 1.0553 - acc: 0.5825
44288/48000 [==========================>...] - ETA: 0s - loss: 1.0548 - acc: 0.5824
44928/48000 [===========================>..] - ETA: 0s - loss: 1.0554 - acc: 0.5825
45568/48000 [===========================>..] - ETA: 0s - loss: 1.0550 - acc: 0.5832
46208/48000 [===========================>..] - ETA: 0s - loss: 1.0544 - acc: 0.5835
46848/48000 [============================>.] - ETA: 0s - loss: 1.0537 - acc: 0.5838
47488/48000 [============================>.] - ETA: 0s - loss: 1.0539 - acc: 0.5838
48000/48000 [==============================] - 5s 103us/step - loss: 1.0532 - acc: 0.5840 - val_loss: 2.1909 - val_acc: 0.3832
Epoch 5/1000

  128/48000 [..............................] - ETA: 4s - loss: 1.1611 - acc: 0.5156
  768/48000 [..............................] - ETA: 4s - loss: 1.0923 - acc: 0.5612
 1408/48000 [..............................] - ETA: 3s - loss: 1.0845 - acc: 0.5675
 2048/48000 [>.............................] - ETA: 3s - loss: 1.0705 - acc: 0.5742
 2688/48000 [>.............................] - ETA: 3s - loss: 1.0740 - acc: 0.5737
 3328/48000 [=>............................] - ETA: 3s - loss: 1.0812 - acc: 0.5694
 3968/48000 [=>............................] - ETA: 3s - loss: 1.0757 - acc: 0.5716
 4608/48000 [=>............................] - ETA: 3s - loss: 1.0636 - acc: 0.5740
 5248/48000 [==>...........................] - ETA: 3s - loss: 1.0585 - acc: 0.5766
 5888/48000 [==>...........................] - ETA: 3s - loss: 1.0492 - acc: 0.5815
 6528/48000 [===>..........................] - ETA: 3s - loss: 1.0412 - acc: 0.5847
 7168/48000 [===>..........................] - ETA: 3s - loss: 1.0384 - acc: 0.5852
 7808/48000 [===>..........................] - ETA: 3s - loss: 1.0351 - acc: 0.5875
 8448/48000 [====>.........................] - ETA: 3s - loss: 1.0368 - acc: 0.5870
 9088/48000 [====>.........................] - ETA: 3s - loss: 1.0355 - acc: 0.5874
 9728/48000 [=====>........................] - ETA: 3s - loss: 1.0335 - acc: 0.5870
10368/48000 [=====>........................] - ETA: 3s - loss: 1.0330 - acc: 0.5887
11008/48000 [=====>........................] - ETA: 3s - loss: 1.0352 - acc: 0.5886
11648/48000 [======>.......................] - ETA: 3s - loss: 1.0373 - acc: 0.5878
12288/48000 [======>.......................] - ETA: 3s - loss: 1.0333 - acc: 0.5900
12928/48000 [=======>......................] - ETA: 2s - loss: 1.0329 - acc: 0.5906
13568/48000 [=======>......................] - ETA: 2s - loss: 1.0291 - acc: 0.5918
14208/48000 [=======>......................] - ETA: 2s - loss: 1.0291 - acc: 0.5909
14848/48000 [========>.....................] - ETA: 2s - loss: 1.0277 - acc: 0.5909
15488/48000 [========>.....................] - ETA: 2s - loss: 1.0282 - acc: 0.5903
16128/48000 [=========>....................] - ETA: 2s - loss: 1.0270 - acc: 0.5903
16768/48000 [=========>....................] - ETA: 2s - loss: 1.0269 - acc: 0.5906
17408/48000 [=========>....................] - ETA: 2s - loss: 1.0254 - acc: 0.5915
18048/48000 [==========>...................] - ETA: 2s - loss: 1.0265 - acc: 0.5913
18688/48000 [==========>...................] - ETA: 2s - loss: 1.0257 - acc: 0.5913
19328/48000 [===========>..................] - ETA: 2s - loss: 1.0243 - acc: 0.5912
19968/48000 [===========>..................] - ETA: 2s - loss: 1.0232 - acc: 0.5918
20608/48000 [===========>..................] - ETA: 2s - loss: 1.0225 - acc: 0.5921
21248/48000 [============>.................] - ETA: 2s - loss: 1.0220 - acc: 0.5922
21888/48000 [============>.................] - ETA: 2s - loss: 1.0214 - acc: 0.5928
22528/48000 [=============>................] - ETA: 2s - loss: 1.0204 - acc: 0.5935
23168/48000 [=============>................] - ETA: 2s - loss: 1.0202 - acc: 0.5936
23808/48000 [=============>................] - ETA: 2s - loss: 1.0197 - acc: 0.5940
24448/48000 [==============>...............] - ETA: 1s - loss: 1.0195 - acc: 0.5942
25088/48000 [==============>...............] - ETA: 1s - loss: 1.0188 - acc: 0.5946
25728/48000 [===============>..............] - ETA: 1s - loss: 1.0194 - acc: 0.5948
26368/48000 [===============>..............] - ETA: 1s - loss: 1.0199 - acc: 0.5947
27008/48000 [===============>..............] - ETA: 1s - loss: 1.0213 - acc: 0.5947
27648/48000 [================>.............] - ETA: 1s - loss: 1.0203 - acc: 0.5954
28288/48000 [================>.............] - ETA: 1s - loss: 1.0195 - acc: 0.5965
28928/48000 [=================>............] - ETA: 1s - loss: 1.0206 - acc: 0.5962
29568/48000 [=================>............] - ETA: 1s - loss: 1.0199 - acc: 0.5968
30208/48000 [=================>............] - ETA: 1s - loss: 1.0210 - acc: 0.5962
30848/48000 [==================>...........] - ETA: 1s - loss: 1.0213 - acc: 0.5961
31488/48000 [==================>...........] - ETA: 1s - loss: 1.0217 - acc: 0.5960
32128/48000 [===================>..........] - ETA: 1s - loss: 1.0220 - acc: 0.5960
32768/48000 [===================>..........] - ETA: 1s - loss: 1.0226 - acc: 0.5962
33408/48000 [===================>..........] - ETA: 1s - loss: 1.0237 - acc: 0.5959
34048/48000 [====================>.........] - ETA: 1s - loss: 1.0231 - acc: 0.5962
34688/48000 [====================>.........] - ETA: 1s - loss: 1.0234 - acc: 0.5962
35328/48000 [=====================>........] - ETA: 1s - loss: 1.0233 - acc: 0.5960
35968/48000 [=====================>........] - ETA: 1s - loss: 1.0236 - acc: 0.5954
36608/48000 [=====================>........] - ETA: 0s - loss: 1.0227 - acc: 0.5959
37248/48000 [======================>.......] - ETA: 0s - loss: 1.0230 - acc: 0.5960
37888/48000 [======================>.......] - ETA: 0s - loss: 1.0225 - acc: 0.5963
38528/48000 [=======================>......] - ETA: 0s - loss: 1.0227 - acc: 0.5966
39168/48000 [=======================>......] - ETA: 0s - loss: 1.0232 - acc: 0.5964
39808/48000 [=======================>......] - ETA: 0s - loss: 1.0218 - acc: 0.5970
40448/48000 [========================>.....] - ETA: 0s - loss: 1.0217 - acc: 0.5970
41088/48000 [========================>.....] - ETA: 0s - loss: 1.0217 - acc: 0.5970
41728/48000 [=========================>....] - ETA: 0s - loss: 1.0215 - acc: 0.5974
42368/48000 [=========================>....] - ETA: 0s - loss: 1.0219 - acc: 0.5969
43008/48000 [=========================>....] - ETA: 0s - loss: 1.0206 - acc: 0.5975
43648/48000 [==========================>...] - ETA: 0s - loss: 1.0202 - acc: 0.5978
44288/48000 [==========================>...] - ETA: 0s - loss: 1.0201 - acc: 0.5975
44928/48000 [===========================>..] - ETA: 0s - loss: 1.0195 - acc: 0.5978
45568/48000 [===========================>..] - ETA: 0s - loss: 1.0194 - acc: 0.5980
46208/48000 [===========================>..] - ETA: 0s - loss: 1.0189 - acc: 0.5984
46848/48000 [============================>.] - ETA: 0s - loss: 1.0182 - acc: 0.5986
47488/48000 [============================>.] - ETA: 0s - loss: 1.0177 - acc: 0.5987
48000/48000 [==============================] - 5s 103us/step - loss: 1.0173 - acc: 0.5989 - val_loss: 2.4209 - val_acc: 0.3847
Epoch 6/1000

  128/48000 [..............................] - ETA: 4s - loss: 1.0998 - acc: 0.5859
  768/48000 [..............................] - ETA: 4s - loss: 1.0165 - acc: 0.6185
 1408/48000 [..............................] - ETA: 3s - loss: 1.0091 - acc: 0.6094
 2048/48000 [>.............................] - ETA: 3s - loss: 1.0192 - acc: 0.5967
 2688/48000 [>.............................] - ETA: 3s - loss: 1.0016 - acc: 0.6049
 3328/48000 [=>............................] - ETA: 3s - loss: 1.0024 - acc: 0.6040
 3968/48000 [=>............................] - ETA: 3s - loss: 0.9963 - acc: 0.6046
 4608/48000 [=>............................] - ETA: 3s - loss: 0.9973 - acc: 0.6066
 5248/48000 [==>...........................] - ETA: 3s - loss: 0.9976 - acc: 0.6025
 5888/48000 [==>...........................] - ETA: 3s - loss: 0.9952 - acc: 0.6034
 6528/48000 [===>..........................] - ETA: 3s - loss: 0.9984 - acc: 0.6028
 7168/48000 [===>..........................] - ETA: 3s - loss: 0.9918 - acc: 0.6073
 7808/48000 [===>..........................] - ETA: 3s - loss: 0.9912 - acc: 0.6071
 8448/48000 [====>.........................] - ETA: 3s - loss: 0.9898 - acc: 0.6072
 9088/48000 [====>.........................] - ETA: 3s - loss: 0.9882 - acc: 0.6088
 9728/48000 [=====>........................] - ETA: 3s - loss: 0.9851 - acc: 0.6093
10368/48000 [=====>........................] - ETA: 3s - loss: 0.9886 - acc: 0.6082
11008/48000 [=====>........................] - ETA: 3s - loss: 0.9886 - acc: 0.6096
11648/48000 [======>.......................] - ETA: 3s - loss: 0.9852 - acc: 0.6117
12288/48000 [======>.......................] - ETA: 3s - loss: 0.9850 - acc: 0.6105
12928/48000 [=======>......................] - ETA: 2s - loss: 0.9848 - acc: 0.6115
13568/48000 [=======>......................] - ETA: 2s - loss: 0.9850 - acc: 0.6120
14208/48000 [=======>......................] - ETA: 2s - loss: 0.9862 - acc: 0.6118
14848/48000 [========>.....................] - ETA: 2s - loss: 0.9865 - acc: 0.6125
15488/48000 [========>.....................] - ETA: 2s - loss: 0.9873 - acc: 0.6114
16128/48000 [=========>....................] - ETA: 2s - loss: 0.9887 - acc: 0.6110
16768/48000 [=========>....................] - ETA: 2s - loss: 0.9871 - acc: 0.6120
17408/48000 [=========>....................] - ETA: 2s - loss: 0.9864 - acc: 0.6133
18048/48000 [==========>...................] - ETA: 2s - loss: 0.9881 - acc: 0.6123
18688/48000 [==========>...................] - ETA: 2s - loss: 0.9870 - acc: 0.6127
19328/48000 [===========>..................] - ETA: 2s - loss: 0.9876 - acc: 0.6121
19968/48000 [===========>..................] - ETA: 2s - loss: 0.9864 - acc: 0.6122
20608/48000 [===========>..................] - ETA: 2s - loss: 0.9869 - acc: 0.6121
21248/48000 [============>.................] - ETA: 2s - loss: 0.9849 - acc: 0.6130
21888/48000 [============>.................] - ETA: 2s - loss: 0.9851 - acc: 0.6126
22528/48000 [=============>................] - ETA: 2s - loss: 0.9854 - acc: 0.6120
23168/48000 [=============>................] - ETA: 2s - loss: 0.9867 - acc: 0.6116
23808/48000 [=============>................] - ETA: 2s - loss: 0.9876 - acc: 0.6107
24448/48000 [==============>...............] - ETA: 1s - loss: 0.9867 - acc: 0.6108
25088/48000 [==============>...............] - ETA: 1s - loss: 0.9867 - acc: 0.6108
25728/48000 [===============>..............] - ETA: 1s - loss: 0.9865 - acc: 0.6111
26368/48000 [===============>..............] - ETA: 1s - loss: 0.9856 - acc: 0.6113
27008/48000 [===============>..............] - ETA: 1s - loss: 0.9863 - acc: 0.6116
27648/48000 [================>.............] - ETA: 1s - loss: 0.9860 - acc: 0.6113
28288/48000 [================>.............] - ETA: 1s - loss: 0.9861 - acc: 0.6114
28928/48000 [=================>............] - ETA: 1s - loss: 0.9868 - acc: 0.6115
29568/48000 [=================>............] - ETA: 1s - loss: 0.9884 - acc: 0.6107
30208/48000 [=================>............] - ETA: 1s - loss: 0.9881 - acc: 0.6107
30848/48000 [==================>...........] - ETA: 1s - loss: 0.9884 - acc: 0.6101
31488/48000 [==================>...........] - ETA: 1s - loss: 0.9873 - acc: 0.6106
32128/48000 [===================>..........] - ETA: 1s - loss: 0.9887 - acc: 0.6103
32768/48000 [===================>..........] - ETA: 1s - loss: 0.9889 - acc: 0.6101
33408/48000 [===================>..........] - ETA: 1s - loss: 0.9889 - acc: 0.6098
34048/48000 [====================>.........] - ETA: 1s - loss: 0.9875 - acc: 0.6105
34688/48000 [====================>.........] - ETA: 1s - loss: 0.9892 - acc: 0.6097
35328/48000 [=====================>........] - ETA: 1s - loss: 0.9894 - acc: 0.6098
35968/48000 [=====================>........] - ETA: 1s - loss: 0.9912 - acc: 0.6088
36608/48000 [=====================>........] - ETA: 0s - loss: 0.9923 - acc: 0.6082
37248/48000 [======================>.......] - ETA: 0s - loss: 0.9926 - acc: 0.6080
37888/48000 [======================>.......] - ETA: 0s - loss: 0.9919 - acc: 0.6082
38528/48000 [=======================>......] - ETA: 0s - loss: 0.9915 - acc: 0.6083
39168/48000 [=======================>......] - ETA: 0s - loss: 0.9920 - acc: 0.6085
39808/48000 [=======================>......] - ETA: 0s - loss: 0.9915 - acc: 0.6090
40448/48000 [========================>.....] - ETA: 0s - loss: 0.9917 - acc: 0.6091
41088/48000 [========================>.....] - ETA: 0s - loss: 0.9928 - acc: 0.6084
41728/48000 [=========================>....] - ETA: 0s - loss: 0.9929 - acc: 0.6088
42368/48000 [=========================>....] - ETA: 0s - loss: 0.9925 - acc: 0.6090
43008/48000 [=========================>....] - ETA: 0s - loss: 0.9920 - acc: 0.6091
43648/48000 [==========================>...] - ETA: 0s - loss: 0.9906 - acc: 0.6096
44288/48000 [==========================>...] - ETA: 0s - loss: 0.9901 - acc: 0.6099
44928/48000 [===========================>..] - ETA: 0s - loss: 0.9896 - acc: 0.6104
45568/48000 [===========================>..] - ETA: 0s - loss: 0.9895 - acc: 0.6105
46208/48000 [===========================>..] - ETA: 0s - loss: 0.9891 - acc: 0.6111
46848/48000 [============================>.] - ETA: 0s - loss: 0.9893 - acc: 0.6110
47488/48000 [============================>.] - ETA: 0s - loss: 0.9887 - acc: 0.6110
48000/48000 [==============================] - 5s 104us/step - loss: 0.9896 - acc: 0.6104 - val_loss: 2.2665 - val_acc: 0.3718
Epoch 7/1000

  128/48000 [..............................] - ETA: 4s - loss: 0.8983 - acc: 0.6406
  768/48000 [..............................] - ETA: 4s - loss: 0.9387 - acc: 0.6276
 1408/48000 [..............................] - ETA: 3s - loss: 0.9629 - acc: 0.6179
 2048/48000 [>.............................] - ETA: 3s - loss: 0.9705 - acc: 0.6172
 2688/48000 [>.............................] - ETA: 3s - loss: 0.9793 - acc: 0.6183
 3328/48000 [=>............................] - ETA: 3s - loss: 0.9725 - acc: 0.6208
 3968/48000 [=>............................] - ETA: 3s - loss: 0.9775 - acc: 0.6157
 4608/48000 [=>............................] - ETA: 3s - loss: 0.9712 - acc: 0.6200
 5248/48000 [==>...........................] - ETA: 3s - loss: 0.9627 - acc: 0.6204
 5888/48000 [==>...........................] - ETA: 3s - loss: 0.9691 - acc: 0.6191
 6528/48000 [===>..........................] - ETA: 3s - loss: 0.9697 - acc: 0.6196
 7168/48000 [===>..........................] - ETA: 3s - loss: 0.9697 - acc: 0.6210
 7808/48000 [===>..........................] - ETA: 3s - loss: 0.9674 - acc: 0.6226
 8448/48000 [====>.........................] - ETA: 3s - loss: 0.9698 - acc: 0.6222
 9088/48000 [====>.........................] - ETA: 3s - loss: 0.9704 - acc: 0.6224
 9728/48000 [=====>........................] - ETA: 3s - loss: 0.9732 - acc: 0.6193
10368/48000 [=====>........................] - ETA: 3s - loss: 0.9736 - acc: 0.6186
11008/48000 [=====>........................] - ETA: 3s - loss: 0.9709 - acc: 0.6186
11648/48000 [======>.......................] - ETA: 3s - loss: 0.9682 - acc: 0.6185
12288/48000 [======>.......................] - ETA: 3s - loss: 0.9685 - acc: 0.6180
12928/48000 [=======>......................] - ETA: 2s - loss: 0.9709 - acc: 0.6165
13568/48000 [=======>......................] - ETA: 2s - loss: 0.9691 - acc: 0.6166
14208/48000 [=======>......................] - ETA: 2s - loss: 0.9701 - acc: 0.6160
14848/48000 [========>.....................] - ETA: 2s - loss: 0.9714 - acc: 0.6148
15488/48000 [========>.....................] - ETA: 2s - loss: 0.9701 - acc: 0.6155
16128/48000 [=========>....................] - ETA: 2s - loss: 0.9707 - acc: 0.6156
16768/48000 [=========>....................] - ETA: 2s - loss: 0.9696 - acc: 0.6159
17408/48000 [=========>....................] - ETA: 2s - loss: 0.9679 - acc: 0.6162
18048/48000 [==========>...................] - ETA: 2s - loss: 0.9686 - acc: 0.6160
18688/48000 [==========>...................] - ETA: 2s - loss: 0.9666 - acc: 0.6172
19328/48000 [===========>..................] - ETA: 2s - loss: 0.9674 - acc: 0.6175
19968/48000 [===========>..................] - ETA: 2s - loss: 0.9674 - acc: 0.6180
20608/48000 [===========>..................] - ETA: 2s - loss: 0.9677 - acc: 0.6183
21248/48000 [============>.................] - ETA: 2s - loss: 0.9654 - acc: 0.6190
21888/48000 [============>.................] - ETA: 2s - loss: 0.9654 - acc: 0.6190
22528/48000 [=============>................] - ETA: 2s - loss: 0.9655 - acc: 0.6194
23168/48000 [=============>................] - ETA: 2s - loss: 0.9648 - acc: 0.6195
23808/48000 [=============>................] - ETA: 2s - loss: 0.9636 - acc: 0.6202
24448/48000 [==============>...............] - ETA: 1s - loss: 0.9649 - acc: 0.6195
25088/48000 [==============>...............] - ETA: 1s - loss: 0.9642 - acc: 0.6195
25728/48000 [===============>..............] - ETA: 1s - loss: 0.9648 - acc: 0.6192
26368/48000 [===============>..............] - ETA: 1s - loss: 0.9656 - acc: 0.6190
27008/48000 [===============>..............] - ETA: 1s - loss: 0.9658 - acc: 0.6186
27648/48000 [================>.............] - ETA: 1s - loss: 0.9673 - acc: 0.6173
28288/48000 [================>.............] - ETA: 1s - loss: 0.9681 - acc: 0.6173
28928/48000 [=================>............] - ETA: 1s - loss: 0.9678 - acc: 0.6171
29568/48000 [=================>............] - ETA: 1s - loss: 0.9686 - acc: 0.6168
30208/48000 [=================>............] - ETA: 1s - loss: 0.9693 - acc: 0.6170
30848/48000 [==================>...........] - ETA: 1s - loss: 0.9691 - acc: 0.6168
31488/48000 [==================>...........] - ETA: 1s - loss: 0.9687 - acc: 0.6171
32128/48000 [===================>..........] - ETA: 1s - loss: 0.9679 - acc: 0.6173
32768/48000 [===================>..........] - ETA: 1s - loss: 0.9686 - acc: 0.6169
33408/48000 [===================>..........] - ETA: 1s - loss: 0.9676 - acc: 0.6172
34048/48000 [====================>.........] - ETA: 1s - loss: 0.9670 - acc: 0.6177
34688/48000 [====================>.........] - ETA: 1s - loss: 0.9671 - acc: 0.6174
35328/48000 [=====================>........] - ETA: 1s - loss: 0.9670 - acc: 0.6177
35968/48000 [=====================>........] - ETA: 1s - loss: 0.9674 - acc: 0.6176
36608/48000 [=====================>........] - ETA: 0s - loss: 0.9675 - acc: 0.6175
37248/48000 [======================>.......] - ETA: 0s - loss: 0.9679 - acc: 0.6172
37888/48000 [======================>.......] - ETA: 0s - loss: 0.9671 - acc: 0.6174
38528/48000 [=======================>......] - ETA: 0s - loss: 0.9677 - acc: 0.6174
39168/48000 [=======================>......] - ETA: 0s - loss: 0.9674 - acc: 0.6176
39808/48000 [=======================>......] - ETA: 0s - loss: 0.9675 - acc: 0.6176
40448/48000 [========================>.....] - ETA: 0s - loss: 0.9679 - acc: 0.6171
41088/48000 [========================>.....] - ETA: 0s - loss: 0.9676 - acc: 0.6167
41728/48000 [=========================>....] - ETA: 0s - loss: 0.9674 - acc: 0.6168
42368/48000 [=========================>....] - ETA: 0s - loss: 0.9684 - acc: 0.6165
43008/48000 [=========================>....] - ETA: 0s - loss: 0.9684 - acc: 0.6167
43648/48000 [==========================>...] - ETA: 0s - loss: 0.9686 - acc: 0.6171
44288/48000 [==========================>...] - ETA: 0s - loss: 0.9686 - acc: 0.6174
44928/48000 [===========================>..] - ETA: 0s - loss: 0.9677 - acc: 0.6178
45568/48000 [===========================>..] - ETA: 0s - loss: 0.9672 - acc: 0.6182
46208/48000 [===========================>..] - ETA: 0s - loss: 0.9664 - acc: 0.6187
46848/48000 [============================>.] - ETA: 0s - loss: 0.9656 - acc: 0.6187
47488/48000 [============================>.] - ETA: 0s - loss: 0.9659 - acc: 0.6186
48000/48000 [==============================] - 5s 103us/step - loss: 0.9647 - acc: 0.6191 - val_loss: 2.3020 - val_acc: 0.3657
Epoch 8/1000

  128/48000 [..............................] - ETA: 4s - loss: 0.9326 - acc: 0.6406
  768/48000 [..............................] - ETA: 4s - loss: 1.0237 - acc: 0.6094
 1408/48000 [..............................] - ETA: 3s - loss: 0.9983 - acc: 0.6058
 2048/48000 [>.............................] - ETA: 3s - loss: 0.9816 - acc: 0.6172
 2688/48000 [>.............................] - ETA: 3s - loss: 0.9785 - acc: 0.6179
 3328/48000 [=>............................] - ETA: 3s - loss: 0.9638 - acc: 0.6232
 3968/48000 [=>............................] - ETA: 3s - loss: 0.9525 - acc: 0.6273
 4608/48000 [=>............................] - ETA: 3s - loss: 0.9454 - acc: 0.6287
 5248/48000 [==>...........................] - ETA: 3s - loss: 0.9469 - acc: 0.6288
 5888/48000 [==>...........................] - ETA: 3s - loss: 0.9527 - acc: 0.6265
 6528/48000 [===>..........................] - ETA: 3s - loss: 0.9529 - acc: 0.6259
 7168/48000 [===>..........................] - ETA: 3s - loss: 0.9552 - acc: 0.6256
 7808/48000 [===>..........................] - ETA: 3s - loss: 0.9519 - acc: 0.6274
 8448/48000 [====>.........................] - ETA: 3s - loss: 0.9565 - acc: 0.6256
 9088/48000 [====>.........................] - ETA: 3s - loss: 0.9545 - acc: 0.6254
 9728/48000 [=====>........................] - ETA: 3s - loss: 0.9580 - acc: 0.6241
10368/48000 [=====>........................] - ETA: 3s - loss: 0.9572 - acc: 0.6230
11008/48000 [=====>........................] - ETA: 3s - loss: 0.9581 - acc: 0.6219
11648/48000 [======>.......................] - ETA: 3s - loss: 0.9563 - acc: 0.6228
12288/48000 [======>.......................] - ETA: 3s - loss: 0.9581 - acc: 0.6226
12928/48000 [=======>......................] - ETA: 2s - loss: 0.9600 - acc: 0.6208
13568/48000 [=======>......................] - ETA: 2s - loss: 0.9605 - acc: 0.6209
14208/48000 [=======>......................] - ETA: 2s - loss: 0.9569 - acc: 0.6222
14848/48000 [========>.....................] - ETA: 2s - loss: 0.9552 - acc: 0.6233
15488/48000 [========>.....................] - ETA: 2s - loss: 0.9591 - acc: 0.6216
16128/48000 [=========>....................] - ETA: 2s - loss: 0.9592 - acc: 0.6224
16768/48000 [=========>....................] - ETA: 2s - loss: 0.9566 - acc: 0.6229
17408/48000 [=========>....................] - ETA: 2s - loss: 0.9546 - acc: 0.6237
18048/48000 [==========>...................] - ETA: 2s - loss: 0.9540 - acc: 0.6236
18688/48000 [==========>...................] - ETA: 2s - loss: 0.9515 - acc: 0.6239
19328/48000 [===========>..................] - ETA: 2s - loss: 0.9500 - acc: 0.6242
19968/48000 [===========>..................] - ETA: 2s - loss: 0.9481 - acc: 0.6251
20608/48000 [===========>..................] - ETA: 2s - loss: 0.9458 - acc: 0.6258
21248/48000 [============>.................] - ETA: 2s - loss: 0.9453 - acc: 0.6260
21888/48000 [============>.................] - ETA: 2s - loss: 0.9454 - acc: 0.6263
22528/48000 [=============>................] - ETA: 2s - loss: 0.9475 - acc: 0.6249
23168/48000 [=============>................] - ETA: 2s - loss: 0.9475 - acc: 0.6248
23808/48000 [=============>................] - ETA: 2s - loss: 0.9471 - acc: 0.6254
24448/48000 [==============>...............] - ETA: 1s - loss: 0.9485 - acc: 0.6245
25088/48000 [==============>...............] - ETA: 1s - loss: 0.9485 - acc: 0.6255
25728/48000 [===============>..............] - ETA: 1s - loss: 0.9481 - acc: 0.6257
26368/48000 [===============>..............] - ETA: 1s - loss: 0.9479 - acc: 0.6257
27008/48000 [===============>..............] - ETA: 1s - loss: 0.9474 - acc: 0.6257
27648/48000 [================>.............] - ETA: 1s - loss: 0.9493 - acc: 0.6245
28288/48000 [================>.............] - ETA: 1s - loss: 0.9486 - acc: 0.6246
28928/48000 [=================>............] - ETA: 1s - loss: 0.9479 - acc: 0.6253
29568/48000 [=================>............] - ETA: 1s - loss: 0.9493 - acc: 0.6246
30208/48000 [=================>............] - ETA: 1s - loss: 0.9481 - acc: 0.6252
30848/48000 [==================>...........] - ETA: 1s - loss: 0.9486 - acc: 0.6255
31488/48000 [==================>...........] - ETA: 1s - loss: 0.9493 - acc: 0.6254
32128/48000 [===================>..........] - ETA: 1s - loss: 0.9474 - acc: 0.6264
32768/48000 [===================>..........] - ETA: 1s - loss: 0.9476 - acc: 0.6263
33408/48000 [===================>..........] - ETA: 1s - loss: 0.9467 - acc: 0.6267
34048/48000 [====================>.........] - ETA: 1s - loss: 0.9465 - acc: 0.6270
34688/48000 [====================>.........] - ETA: 1s - loss: 0.9473 - acc: 0.6271
35328/48000 [=====================>........] - ETA: 1s - loss: 0.9456 - acc: 0.6277
35968/48000 [=====================>........] - ETA: 1s - loss: 0.9456 - acc: 0.6275
36608/48000 [=====================>........] - ETA: 0s - loss: 0.9450 - acc: 0.6281
37248/48000 [======================>.......] - ETA: 0s - loss: 0.9457 - acc: 0.6277
37888/48000 [======================>.......] - ETA: 0s - loss: 0.9450 - acc: 0.6282
38528/48000 [=======================>......] - ETA: 0s - loss: 0.9456 - acc: 0.6276
39168/48000 [=======================>......] - ETA: 0s - loss: 0.9453 - acc: 0.6278
39808/48000 [=======================>......] - ETA: 0s - loss: 0.9444 - acc: 0.6281
40448/48000 [========================>.....] - ETA: 0s - loss: 0.9449 - acc: 0.6277
41088/48000 [========================>.....] - ETA: 0s - loss: 0.9450 - acc: 0.6276
41728/48000 [=========================>....] - ETA: 0s - loss: 0.9451 - acc: 0.6277
42368/48000 [=========================>....] - ETA: 0s - loss: 0.9447 - acc: 0.6280
43008/48000 [=========================>....] - ETA: 0s - loss: 0.9453 - acc: 0.6279
43648/48000 [==========================>...] - ETA: 0s - loss: 0.9445 - acc: 0.6279
44288/48000 [==========================>...] - ETA: 0s - loss: 0.9448 - acc: 0.6279
44928/48000 [===========================>..] - ETA: 0s - loss: 0.9441 - acc: 0.6284
45568/48000 [===========================>..] - ETA: 0s - loss: 0.9442 - acc: 0.6284
46208/48000 [===========================>..] - ETA: 0s - loss: 0.9442 - acc: 0.6286
46848/48000 [============================>.] - ETA: 0s - loss: 0.9438 - acc: 0.6288
47488/48000 [============================>.] - ETA: 0s - loss: 0.9442 - acc: 0.6285
48000/48000 [==============================] - 5s 103us/step - loss: 0.9437 - acc: 0.6286 - val_loss: 2.6297 - val_acc: 0.3081
Epoch 9/1000

  128/48000 [..............................] - ETA: 4s - loss: 0.8369 - acc: 0.6719
  768/48000 [..............................] - ETA: 4s - loss: 0.9328 - acc: 0.6354
 1408/48000 [..............................] - ETA: 3s - loss: 0.9389 - acc: 0.6293
 2048/48000 [>.............................] - ETA: 3s - loss: 0.9418 - acc: 0.6284
 2688/48000 [>.............................] - ETA: 3s - loss: 0.9410 - acc: 0.6280
 3328/48000 [=>............................] - ETA: 3s - loss: 0.9566 - acc: 0.6220
 3968/48000 [=>............................] - ETA: 3s - loss: 0.9470 - acc: 0.6255
 4608/48000 [=>............................] - ETA: 3s - loss: 0.9349 - acc: 0.6311
 5248/48000 [==>...........................] - ETA: 3s - loss: 0.9227 - acc: 0.6340
 5888/48000 [==>...........................] - ETA: 3s - loss: 0.9299 - acc: 0.6342
 6528/48000 [===>..........................] - ETA: 3s - loss: 0.9260 - acc: 0.6351
 7168/48000 [===>..........................] - ETA: 3s - loss: 0.9216 - acc: 0.6356
 7808/48000 [===>..........................] - ETA: 3s - loss: 0.9259 - acc: 0.6326
 8448/48000 [====>.........................] - ETA: 3s - loss: 0.9233 - acc: 0.6326
 9088/48000 [====>.........................] - ETA: 3s - loss: 0.9231 - acc: 0.6344
 9728/48000 [=====>........................] - ETA: 3s - loss: 0.9212 - acc: 0.6344
10368/48000 [=====>........................] - ETA: 3s - loss: 0.9216 - acc: 0.6342
11008/48000 [=====>........................] - ETA: 3s - loss: 0.9228 - acc: 0.6338
11648/48000 [======>.......................] - ETA: 3s - loss: 0.9215 - acc: 0.6361
12288/48000 [======>.......................] - ETA: 3s - loss: 0.9217 - acc: 0.6350
12928/48000 [=======>......................] - ETA: 2s - loss: 0.9216 - acc: 0.6344
13568/48000 [=======>......................] - ETA: 2s - loss: 0.9221 - acc: 0.6355
14208/48000 [=======>......................] - ETA: 2s - loss: 0.9221 - acc: 0.6349
14848/48000 [========>.....................] - ETA: 2s - loss: 0.9223 - acc: 0.6343
15488/48000 [========>.....................] - ETA: 2s - loss: 0.9230 - acc: 0.6340
16128/48000 [=========>....................] - ETA: 2s - loss: 0.9239 - acc: 0.6341
16768/48000 [=========>....................] - ETA: 2s - loss: 0.9220 - acc: 0.6356
17408/48000 [=========>....................] - ETA: 2s - loss: 0.9224 - acc: 0.6355
18048/48000 [==========>...................] - ETA: 2s - loss: 0.9213 - acc: 0.6362
18688/48000 [==========>...................] - ETA: 2s - loss: 0.9214 - acc: 0.6362
19328/48000 [===========>..................] - ETA: 2s - loss: 0.9216 - acc: 0.6362
19968/48000 [===========>..................] - ETA: 2s - loss: 0.9194 - acc: 0.6370
20608/48000 [===========>..................] - ETA: 2s - loss: 0.9202 - acc: 0.6362
21248/48000 [============>.................] - ETA: 2s - loss: 0.9206 - acc: 0.6358
21888/48000 [============>.................] - ETA: 2s - loss: 0.9200 - acc: 0.6364
22528/48000 [=============>................] - ETA: 2s - loss: 0.9198 - acc: 0.6360
23168/48000 [=============>................] - ETA: 2s - loss: 0.9199 - acc: 0.6359
23808/48000 [=============>................] - ETA: 2s - loss: 0.9198 - acc: 0.6362
24448/48000 [==============>...............] - ETA: 1s - loss: 0.9204 - acc: 0.6362
25088/48000 [==============>...............] - ETA: 1s - loss: 0.9201 - acc: 0.6365
25728/48000 [===============>..............] - ETA: 1s - loss: 0.9189 - acc: 0.6374
26368/48000 [===============>..............] - ETA: 1s - loss: 0.9181 - acc: 0.6376
27008/48000 [===============>..............] - ETA: 1s - loss: 0.9182 - acc: 0.6381
27648/48000 [================>.............] - ETA: 1s - loss: 0.9196 - acc: 0.6378
28288/48000 [================>.............] - ETA: 1s - loss: 0.9197 - acc: 0.6375
28928/48000 [=================>............] - ETA: 1s - loss: 0.9193 - acc: 0.6378
29568/48000 [=================>............] - ETA: 1s - loss: 0.9214 - acc: 0.6371
30208/48000 [=================>............] - ETA: 1s - loss: 0.9208 - acc: 0.6376
30848/48000 [==================>...........] - ETA: 1s - loss: 0.9209 - acc: 0.6375
31488/48000 [==================>...........] - ETA: 1s - loss: 0.9205 - acc: 0.6375
32128/48000 [===================>..........] - ETA: 1s - loss: 0.9216 - acc: 0.6368
32768/48000 [===================>..........] - ETA: 1s - loss: 0.9220 - acc: 0.6367
33408/48000 [===================>..........] - ETA: 1s - loss: 0.9223 - acc: 0.6366
34048/48000 [====================>.........] - ETA: 1s - loss: 0.9224 - acc: 0.6365
34688/48000 [====================>.........] - ETA: 1s - loss: 0.9234 - acc: 0.6355
35328/48000 [=====================>........] - ETA: 1s - loss: 0.9227 - acc: 0.6359
35968/48000 [=====================>........] - ETA: 1s - loss: 0.9226 - acc: 0.6361
36608/48000 [=====================>........] - ETA: 0s - loss: 0.9231 - acc: 0.6361
37248/48000 [======================>.......] - ETA: 0s - loss: 0.9233 - acc: 0.6362
37888/48000 [======================>.......] - ETA: 0s - loss: 0.9237 - acc: 0.6363
38528/48000 [=======================>......] - ETA: 0s - loss: 0.9241 - acc: 0.6360
39168/48000 [=======================>......] - ETA: 0s - loss: 0.9243 - acc: 0.6363
39808/48000 [=======================>......] - ETA: 0s - loss: 0.9234 - acc: 0.6369
40448/48000 [========================>.....] - ETA: 0s - loss: 0.9224 - acc: 0.6372
41088/48000 [========================>.....] - ETA: 0s - loss: 0.9228 - acc: 0.6372
41728/48000 [=========================>....] - ETA: 0s - loss: 0.9230 - acc: 0.6374
42368/48000 [=========================>....] - ETA: 0s - loss: 0.9229 - acc: 0.6370
43008/48000 [=========================>....] - ETA: 0s - loss: 0.9228 - acc: 0.6368
43648/48000 [==========================>...] - ETA: 0s - loss: 0.9237 - acc: 0.6362
44288/48000 [==========================>...] - ETA: 0s - loss: 0.9245 - acc: 0.6359
44928/48000 [===========================>..] - ETA: 0s - loss: 0.9242 - acc: 0.6363
45568/48000 [===========================>..] - ETA: 0s - loss: 0.9243 - acc: 0.6363
46208/48000 [===========================>..] - ETA: 0s - loss: 0.9233 - acc: 0.6364
46848/48000 [============================>.] - ETA: 0s - loss: 0.9231 - acc: 0.6363
47488/48000 [============================>.] - ETA: 0s - loss: 0.9230 - acc: 0.6364
48000/48000 [==============================] - 5s 103us/step - loss: 0.9232 - acc: 0.6365 - val_loss: 2.3320 - val_acc: 0.3734
Epoch 10/1000

  128/48000 [..............................] - ETA: 4s - loss: 0.7530 - acc: 0.7188
  768/48000 [..............................] - ETA: 4s - loss: 0.9288 - acc: 0.6315
 1408/48000 [..............................] - ETA: 3s - loss: 0.9279 - acc: 0.6385
 2048/48000 [>.............................] - ETA: 3s - loss: 0.8972 - acc: 0.6523
 2688/48000 [>.............................] - ETA: 3s - loss: 0.8898 - acc: 0.6548
 3328/48000 [=>............................] - ETA: 3s - loss: 0.8918 - acc: 0.6493
 3968/48000 [=>............................] - ETA: 3s - loss: 0.8922 - acc: 0.6472
 4608/48000 [=>............................] - ETA: 3s - loss: 0.8947 - acc: 0.6450
 5248/48000 [==>...........................] - ETA: 3s - loss: 0.8905 - acc: 0.6465
 5888/48000 [==>...........................] - ETA: 3s - loss: 0.8952 - acc: 0.6452
 6528/48000 [===>..........................] - ETA: 3s - loss: 0.8907 - acc: 0.6460
 7168/48000 [===>..........................] - ETA: 3s - loss: 0.8942 - acc: 0.6429
 7808/48000 [===>..........................] - ETA: 3s - loss: 0.8942 - acc: 0.6433
 8448/48000 [====>.........................] - ETA: 3s - loss: 0.8904 - acc: 0.6454
 9088/48000 [====>.........................] - ETA: 3s - loss: 0.8933 - acc: 0.6446
 9728/48000 [=====>........................] - ETA: 3s - loss: 0.8945 - acc: 0.6446
10368/48000 [=====>........................] - ETA: 3s - loss: 0.8991 - acc: 0.6429
11008/48000 [=====>........................] - ETA: 3s - loss: 0.9043 - acc: 0.6400
11648/48000 [======>.......................] - ETA: 3s - loss: 0.9032 - acc: 0.6405
12288/48000 [======>.......................] - ETA: 3s - loss: 0.9072 - acc: 0.6389
12928/48000 [=======>......................] - ETA: 2s - loss: 0.9096 - acc: 0.6374
13568/48000 [=======>......................] - ETA: 2s - loss: 0.9097 - acc: 0.6383
14208/48000 [=======>......................] - ETA: 2s - loss: 0.9084 - acc: 0.6385
14848/48000 [========>.....................] - ETA: 2s - loss: 0.9100 - acc: 0.6377
15488/48000 [========>.....................] - ETA: 2s - loss: 0.9107 - acc: 0.6377
16128/48000 [=========>....................] - ETA: 2s - loss: 0.9100 - acc: 0.6381
16768/48000 [=========>....................] - ETA: 2s - loss: 0.9092 - acc: 0.6380
17408/48000 [=========>....................] - ETA: 2s - loss: 0.9105 - acc: 0.6375
18048/48000 [==========>...................] - ETA: 2s - loss: 0.9099 - acc: 0.6379
18688/48000 [==========>...................] - ETA: 2s - loss: 0.9087 - acc: 0.6388
19328/48000 [===========>..................] - ETA: 2s - loss: 0.9110 - acc: 0.6379
19968/48000 [===========>..................] - ETA: 2s - loss: 0.9130 - acc: 0.6368
20608/48000 [===========>..................] - ETA: 2s - loss: 0.9141 - acc: 0.6370
21248/48000 [============>.................] - ETA: 2s - loss: 0.9133 - acc: 0.6376
21888/48000 [============>.................] - ETA: 2s - loss: 0.9126 - acc: 0.6372
22528/48000 [=============>................] - ETA: 2s - loss: 0.9138 - acc: 0.6374
23168/48000 [=============>................] - ETA: 2s - loss: 0.9133 - acc: 0.6375
23808/48000 [=============>................] - ETA: 2s - loss: 0.9145 - acc: 0.6373
24448/48000 [==============>...............] - ETA: 1s - loss: 0.9144 - acc: 0.6369
25088/48000 [==============>...............] - ETA: 1s - loss: 0.9151 - acc: 0.6363
25728/48000 [===============>..............] - ETA: 1s - loss: 0.9146 - acc: 0.6363
26368/48000 [===============>..............] - ETA: 1s - loss: 0.9152 - acc: 0.6361
27008/48000 [===============>..............] - ETA: 1s - loss: 0.9159 - acc: 0.6361
27648/48000 [================>.............] - ETA: 1s - loss: 0.9155 - acc: 0.6367
28288/48000 [================>.............] - ETA: 1s - loss: 0.9161 - acc: 0.6367
28928/48000 [=================>............] - ETA: 1s - loss: 0.9156 - acc: 0.6370
29568/48000 [=================>............] - ETA: 1s - loss: 0.9160 - acc: 0.6367
30208/48000 [=================>............] - ETA: 1s - loss: 0.9149 - acc: 0.6373
30848/48000 [==================>...........] - ETA: 1s - loss: 0.9130 - acc: 0.6381
31488/48000 [==================>...........] - ETA: 1s - loss: 0.9131 - acc: 0.6382
32128/48000 [===================>..........] - ETA: 1s - loss: 0.9120 - acc: 0.6387
32768/48000 [===================>..........] - ETA: 1s - loss: 0.9124 - acc: 0.6385
33408/48000 [===================>..........] - ETA: 1s - loss: 0.9132 - acc: 0.6385
34048/48000 [====================>.........] - ETA: 1s - loss: 0.9133 - acc: 0.6383
34688/48000 [====================>.........] - ETA: 1s - loss: 0.9129 - acc: 0.6388
35328/48000 [=====================>........] - ETA: 1s - loss: 0.9121 - acc: 0.6388
35968/48000 [=====================>........] - ETA: 1s - loss: 0.9118 - acc: 0.6390
36608/48000 [=====================>........] - ETA: 0s - loss: 0.9110 - acc: 0.6393
37248/48000 [======================>.......] - ETA: 0s - loss: 0.9107 - acc: 0.6395
37888/48000 [======================>.......] - ETA: 0s - loss: 0.9101 - acc: 0.6399
38528/48000 [=======================>......] - ETA: 0s - loss: 0.9096 - acc: 0.6398
39168/48000 [=======================>......] - ETA: 0s - loss: 0.9097 - acc: 0.6400
39808/48000 [=======================>......] - ETA: 0s - loss: 0.9102 - acc: 0.6403
40448/48000 [========================>.....] - ETA: 0s - loss: 0.9097 - acc: 0.6404
41088/48000 [========================>.....] - ETA: 0s - loss: 0.9099 - acc: 0.6400
41728/48000 [=========================>....] - ETA: 0s - loss: 0.9102 - acc: 0.6399
42368/48000 [=========================>....] - ETA: 0s - loss: 0.9097 - acc: 0.6401
43008/48000 [=========================>....] - ETA: 0s - loss: 0.9100 - acc: 0.6402
43648/48000 [==========================>...] - ETA: 0s - loss: 0.9101 - acc: 0.6403
44288/48000 [==========================>...] - ETA: 0s - loss: 0.9108 - acc: 0.6401
44928/48000 [===========================>..] - ETA: 0s - loss: 0.9102 - acc: 0.6403
45568/48000 [===========================>..] - ETA: 0s - loss: 0.9100 - acc: 0.6401
46208/48000 [===========================>..] - ETA: 0s - loss: 0.9094 - acc: 0.6405
46848/48000 [============================>.] - ETA: 0s - loss: 0.9097 - acc: 0.6404
47488/48000 [============================>.] - ETA: 0s - loss: 0.9096 - acc: 0.6407
48000/48000 [==============================] - 5s 103us/step - loss: 0.9093 - acc: 0.6409 - val_loss: 2.3655 - val_acc: 0.3831
Epoch 11/1000

  128/48000 [..............................] - ETA: 4s - loss: 0.9175 - acc: 0.6719
  768/48000 [..............................] - ETA: 4s - loss: 0.9119 - acc: 0.6406
 1408/48000 [..............................] - ETA: 3s - loss: 0.9184 - acc: 0.6349
 2048/48000 [>.............................] - ETA: 3s - loss: 0.9048 - acc: 0.6450
 2688/48000 [>.............................] - ETA: 3s - loss: 0.8962 - acc: 0.6473
 3328/48000 [=>............................] - ETA: 3s - loss: 0.9036 - acc: 0.6484
 3968/48000 [=>............................] - ETA: 3s - loss: 0.9102 - acc: 0.6447
 4608/48000 [=>............................] - ETA: 3s - loss: 0.9099 - acc: 0.6434
 5248/48000 [==>...........................] - ETA: 3s - loss: 0.9044 - acc: 0.6442
 5888/48000 [==>...........................] - ETA: 3s - loss: 0.8972 - acc: 0.6467
 6528/48000 [===>..........................] - ETA: 3s - loss: 0.8984 - acc: 0.6475
 7168/48000 [===>..........................] - ETA: 3s - loss: 0.8970 - acc: 0.6473
 7808/48000 [===>..........................] - ETA: 3s - loss: 0.8914 - acc: 0.6481
 8448/48000 [====>.........................] - ETA: 3s - loss: 0.8908 - acc: 0.6488
 9088/48000 [====>.........................] - ETA: 3s - loss: 0.8914 - acc: 0.6460
 9728/48000 [=====>........................] - ETA: 3s - loss: 0.8914 - acc: 0.6460
10368/48000 [=====>........................] - ETA: 3s - loss: 0.8910 - acc: 0.6472
11008/48000 [=====>........................] - ETA: 3s - loss: 0.8908 - acc: 0.6479
11648/48000 [======>.......................] - ETA: 3s - loss: 0.8918 - acc: 0.6466
12288/48000 [======>.......................] - ETA: 3s - loss: 0.8903 - acc: 0.6464
12928/48000 [=======>......................] - ETA: 2s - loss: 0.8938 - acc: 0.6453
13568/48000 [=======>......................] - ETA: 2s - loss: 0.8951 - acc: 0.6449
14208/48000 [=======>......................] - ETA: 2s - loss: 0.8936 - acc: 0.6459
14848/48000 [========>.....................] - ETA: 2s - loss: 0.8918 - acc: 0.6461
15488/48000 [========>.....................] - ETA: 2s - loss: 0.8920 - acc: 0.6462
16128/48000 [=========>....................] - ETA: 2s - loss: 0.8911 - acc: 0.6464
16768/48000 [=========>....................] - ETA: 2s - loss: 0.8925 - acc: 0.6455
17408/48000 [=========>....................] - ETA: 2s - loss: 0.8920 - acc: 0.6455
18048/48000 [==========>...................] - ETA: 2s - loss: 0.8936 - acc: 0.6450
18688/48000 [==========>...................] - ETA: 2s - loss: 0.8941 - acc: 0.6443
19328/48000 [===========>..................] - ETA: 2s - loss: 0.8931 - acc: 0.6450
19968/48000 [===========>..................] - ETA: 2s - loss: 0.8925 - acc: 0.6452
20608/48000 [===========>..................] - ETA: 2s - loss: 0.8941 - acc: 0.6447
21248/48000 [============>.................] - ETA: 2s - loss: 0.8938 - acc: 0.6449
21888/48000 [============>.................] - ETA: 2s - loss: 0.8923 - acc: 0.6451
22528/48000 [=============>................] - ETA: 2s - loss: 0.8920 - acc: 0.6458
23168/48000 [=============>................] - ETA: 2s - loss: 0.8927 - acc: 0.6449
23808/48000 [=============>................] - ETA: 2s - loss: 0.8917 - acc: 0.6456
24448/48000 [==============>...............] - ETA: 1s - loss: 0.8924 - acc: 0.6454
25088/48000 [==============>...............] - ETA: 1s - loss: 0.8922 - acc: 0.6454
25728/48000 [===============>..............] - ETA: 1s - loss: 0.8915 - acc: 0.6460
26368/48000 [===============>..............] - ETA: 1s - loss: 0.8927 - acc: 0.6456
27008/48000 [===============>..............] - ETA: 1s - loss: 0.8933 - acc: 0.6457
27648/48000 [================>.............] - ETA: 1s - loss: 0.8927 - acc: 0.6458
28288/48000 [================>.............] - ETA: 1s - loss: 0.8932 - acc: 0.6459
28928/48000 [=================>............] - ETA: 1s - loss: 0.8939 - acc: 0.6457
29568/48000 [=================>............] - ETA: 1s - loss: 0.8937 - acc: 0.6459
30208/48000 [=================>............] - ETA: 1s - loss: 0.8929 - acc: 0.6465
30848/48000 [==================>...........] - ETA: 1s - loss: 0.8925 - acc: 0.6469
31488/48000 [==================>...........] - ETA: 1s - loss: 0.8926 - acc: 0.6467
32128/48000 [===================>..........] - ETA: 1s - loss: 0.8936 - acc: 0.6459
32768/48000 [===================>..........] - ETA: 1s - loss: 0.8924 - acc: 0.6464
33408/48000 [===================>..........] - ETA: 1s - loss: 0.8915 - acc: 0.6470
34048/48000 [====================>.........] - ETA: 1s - loss: 0.8914 - acc: 0.6473
34688/48000 [====================>.........] - ETA: 1s - loss: 0.8913 - acc: 0.6471
35328/48000 [=====================>........] - ETA: 1s - loss: 0.8917 - acc: 0.6471
35968/48000 [=====================>........] - ETA: 1s - loss: 0.8913 - acc: 0.6471
36608/48000 [=====================>........] - ETA: 0s - loss: 0.8920 - acc: 0.6467
37248/48000 [======================>.......] - ETA: 0s - loss: 0.8921 - acc: 0.6469
37888/48000 [======================>.......] - ETA: 0s - loss: 0.8926 - acc: 0.6471
38528/48000 [=======================>......] - ETA: 0s - loss: 0.8935 - acc: 0.6470
39168/48000 [=======================>......] - ETA: 0s - loss: 0.8943 - acc: 0.6464
39808/48000 [=======================>......] - ETA: 0s - loss: 0.8941 - acc: 0.6466
40448/48000 [========================>.....] - ETA: 0s - loss: 0.8933 - acc: 0.6469
41088/48000 [========================>.....] - ETA: 0s - loss: 0.8950 - acc: 0.6462
41728/48000 [=========================>....] - ETA: 0s - loss: 0.8946 - acc: 0.6464
42368/48000 [=========================>....] - ETA: 0s - loss: 0.8943 - acc: 0.6466
43008/48000 [=========================>....] - ETA: 0s - loss: 0.8938 - acc: 0.6469
43648/48000 [==========================>...] - ETA: 0s - loss: 0.8935 - acc: 0.6469
44288/48000 [==========================>...] - ETA: 0s - loss: 0.8934 - acc: 0.6469
44928/48000 [===========================>..] - ETA: 0s - loss: 0.8936 - acc: 0.6467
45568/48000 [===========================>..] - ETA: 0s - loss: 0.8941 - acc: 0.6464
46208/48000 [===========================>..] - ETA: 0s - loss: 0.8935 - acc: 0.6465
46848/48000 [============================>.] - ETA: 0s - loss: 0.8943 - acc: 0.6462
47488/48000 [============================>.] - ETA: 0s - loss: 0.8937 - acc: 0.6467
48000/48000 [==============================] - 5s 104us/step - loss: 0.8933 - acc: 0.6471 - val_loss: 2.3108 - val_acc: 0.3622

   32/10000 [..............................] - ETA: 3s
  224/10000 [..............................] - ETA: 2s
  416/10000 [>.............................] - ETA: 2s
  608/10000 [>.............................] - ETA: 2s
  800/10000 [=>............................] - ETA: 2s
  992/10000 [=>............................] - ETA: 2s
 1184/10000 [==>...........................] - ETA: 2s
 1376/10000 [===>..........................] - ETA: 2s
 1568/10000 [===>..........................] - ETA: 2s
 1760/10000 [====>.........................] - ETA: 2s
 1952/10000 [====>.........................] - ETA: 2s
 2144/10000 [=====>........................] - ETA: 2s
 2336/10000 [======>.......................] - ETA: 2s
 2528/10000 [======>.......................] - ETA: 2s
 2720/10000 [=======>......................] - ETA: 2s
 2912/10000 [=======>......................] - ETA: 2s
 3104/10000 [========>.....................] - ETA: 2s
 3296/10000 [========>.....................] - ETA: 2s
 3488/10000 [=========>....................] - ETA: 1s
 3680/10000 [==========>...................] - ETA: 1s
 3872/10000 [==========>...................] - ETA: 1s
 4032/10000 [===========>..................] - ETA: 1s
 4224/10000 [===========>..................] - ETA: 1s
 4416/10000 [============>.................] - ETA: 1s
 4608/10000 [============>.................] - ETA: 1s
 4800/10000 [=============>................] - ETA: 1s
 4992/10000 [=============>................] - ETA: 1s
 5184/10000 [==============>...............] - ETA: 1s
 5376/10000 [===============>..............] - ETA: 1s
 5568/10000 [===============>..............] - ETA: 1s
 5760/10000 [================>.............] - ETA: 1s
 5952/10000 [================>.............] - ETA: 1s
 6144/10000 [=================>............] - ETA: 1s
 6336/10000 [==================>...........] - ETA: 1s
 6528/10000 [==================>...........] - ETA: 1s
 6720/10000 [===================>..........] - ETA: 0s
 6912/10000 [===================>..........] - ETA: 0s
 7104/10000 [====================>.........] - ETA: 0s
 7296/10000 [====================>.........] - ETA: 0s
 7488/10000 [=====================>........] - ETA: 0s
 7680/10000 [======================>.......] - ETA: 0s
 7872/10000 [======================>.......] - ETA: 0s
 8064/10000 [=======================>......] - ETA: 0s
 8256/10000 [=======================>......] - ETA: 0s
 8448/10000 [========================>.....] - ETA: 0s
 8640/10000 [========================>.....] - ETA: 0s
 8832/10000 [=========================>....] - ETA: 0s
 9024/10000 [==========================>...] - ETA: 0s
 9216/10000 [==========================>...] - ETA: 0s
 9408/10000 [===========================>..] - ETA: 0s
 9600/10000 [===========================>..] - ETA: 0s
 9792/10000 [============================>.] - ETA: 0s
 9984/10000 [============================>.] - ETA: 0s
10000/10000 [==============================] - 3s 303us/step
Test acc: 0.4297
Test auc: 0.8983547722222222
Execute epoch: 11
Execute time: 57.37217402458191
