tr_x shape: (40000, 32, 96)
va_x shape: (10000, 32, 96)
te_x shape: (10000, 32, 96)
_________________________________________________________________
Layer (type)                 Output Shape              Param #   
=================================================================
lstm_1 (LSTM)                (None, None, 50)          29400     
_________________________________________________________________
lstm_2 (LSTM)                (None, None, 50)          20200     
_________________________________________________________________
lstm_3 (LSTM)                (None, 50)                20200     
_________________________________________________________________
dense_1 (Dense)              (None, 10)                510       
=================================================================
Total params: 70,310
Trainable params: 70,310
Non-trainable params: 0
_________________________________________________________________
Train on 40000 samples, validate on 10000 samples
Epoch 1/1000

  128/40000 [..............................] - ETA: 16:38 - loss: 2.3027 - acc: 0.0859
  768/40000 [..............................] - ETA: 2:46 - loss: 2.3027 - acc: 0.0885 
 1408/40000 [>.............................] - ETA: 1:30 - loss: 2.3028 - acc: 0.0831
 2048/40000 [>.............................] - ETA: 1:02 - loss: 2.3026 - acc: 0.0981
 2688/40000 [=>............................] - ETA: 47s - loss: 2.3026 - acc: 0.1038 
 3328/40000 [=>............................] - ETA: 38s - loss: 2.3026 - acc: 0.1049
 3968/40000 [=>............................] - ETA: 31s - loss: 2.3027 - acc: 0.1036
 4608/40000 [==>...........................] - ETA: 27s - loss: 2.3026 - acc: 0.1059
 5248/40000 [==>...........................] - ETA: 24s - loss: 2.3026 - acc: 0.1046
 5888/40000 [===>..........................] - ETA: 21s - loss: 2.3026 - acc: 0.1061
 6528/40000 [===>..........................] - ETA: 19s - loss: 2.3025 - acc: 0.1077
 7168/40000 [====>.........................] - ETA: 17s - loss: 2.3023 - acc: 0.1108
 7808/40000 [====>.........................] - ETA: 15s - loss: 2.3019 - acc: 0.1110
 8448/40000 [=====>........................] - ETA: 14s - loss: 2.3015 - acc: 0.1098
 9088/40000 [=====>........................] - ETA: 13s - loss: 2.3004 - acc: 0.1112
 9728/40000 [======>.......................] - ETA: 12s - loss: 2.2999 - acc: 0.1114
10368/40000 [======>.......................] - ETA: 11s - loss: 2.2993 - acc: 0.1127
11008/40000 [=======>......................] - ETA: 10s - loss: 2.2980 - acc: 0.1150
11648/40000 [=======>......................] - ETA: 10s - loss: 2.2960 - acc: 0.1166
12288/40000 [========>.....................] - ETA: 9s - loss: 2.2944 - acc: 0.1181 
12928/40000 [========>.....................] - ETA: 8s - loss: 2.2930 - acc: 0.1193
13568/40000 [=========>....................] - ETA: 8s - loss: 2.2915 - acc: 0.1209
14208/40000 [=========>....................] - ETA: 7s - loss: 2.2908 - acc: 0.1213
14848/40000 [==========>...................] - ETA: 7s - loss: 2.2891 - acc: 0.1232
15488/40000 [==========>...................] - ETA: 7s - loss: 2.2870 - acc: 0.1241
16128/40000 [===========>..................] - ETA: 6s - loss: 2.2850 - acc: 0.1244
16768/40000 [===========>..................] - ETA: 6s - loss: 2.2827 - acc: 0.1260
17408/40000 [============>.................] - ETA: 5s - loss: 2.2806 - acc: 0.1275
18048/40000 [============>.................] - ETA: 5s - loss: 2.2787 - acc: 0.1290
18688/40000 [=============>................] - ETA: 5s - loss: 2.2770 - acc: 0.1305
19328/40000 [=============>................] - ETA: 5s - loss: 2.2750 - acc: 0.1313
19968/40000 [=============>................] - ETA: 4s - loss: 2.2740 - acc: 0.1319
20608/40000 [==============>...............] - ETA: 4s - loss: 2.2724 - acc: 0.1329
21248/40000 [==============>...............] - ETA: 4s - loss: 2.2711 - acc: 0.1341
21888/40000 [===============>..............] - ETA: 4s - loss: 2.2701 - acc: 0.1345
22528/40000 [===============>..............] - ETA: 3s - loss: 2.2685 - acc: 0.1351
23168/40000 [================>.............] - ETA: 3s - loss: 2.2669 - acc: 0.1354
23808/40000 [================>.............] - ETA: 3s - loss: 2.2658 - acc: 0.1356
24448/40000 [=================>............] - ETA: 3s - loss: 2.2640 - acc: 0.1372
25088/40000 [=================>............] - ETA: 3s - loss: 2.2636 - acc: 0.1375
25728/40000 [==================>...........] - ETA: 2s - loss: 2.2619 - acc: 0.1382
26368/40000 [==================>...........] - ETA: 2s - loss: 2.2610 - acc: 0.1392
27008/40000 [===================>..........] - ETA: 2s - loss: 2.2597 - acc: 0.1398
27648/40000 [===================>..........] - ETA: 2s - loss: 2.2589 - acc: 0.1403
28288/40000 [====================>.........] - ETA: 2s - loss: 2.2573 - acc: 0.1418
28928/40000 [====================>.........] - ETA: 2s - loss: 2.2568 - acc: 0.1418
29568/40000 [=====================>........] - ETA: 1s - loss: 2.2555 - acc: 0.1428
30208/40000 [=====================>........] - ETA: 1s - loss: 2.2542 - acc: 0.1433
30848/40000 [======================>.......] - ETA: 1s - loss: 2.2532 - acc: 0.1437
31488/40000 [======================>.......] - ETA: 1s - loss: 2.2527 - acc: 0.1442
32128/40000 [=======================>......] - ETA: 1s - loss: 2.2515 - acc: 0.1443
32768/40000 [=======================>......] - ETA: 1s - loss: 2.2505 - acc: 0.1451
33408/40000 [========================>.....] - ETA: 1s - loss: 2.2490 - acc: 0.1464
34048/40000 [========================>.....] - ETA: 1s - loss: 2.2480 - acc: 0.1466
34688/40000 [=========================>....] - ETA: 0s - loss: 2.2467 - acc: 0.1474
35328/40000 [=========================>....] - ETA: 0s - loss: 2.2454 - acc: 0.1482
35968/40000 [=========================>....] - ETA: 0s - loss: 2.2448 - acc: 0.1488
36608/40000 [==========================>...] - ETA: 0s - loss: 2.2447 - acc: 0.1488
37248/40000 [==========================>...] - ETA: 0s - loss: 2.2442 - acc: 0.1491
37888/40000 [===========================>..] - ETA: 0s - loss: 2.2435 - acc: 0.1491
38528/40000 [===========================>..] - ETA: 0s - loss: 2.2426 - acc: 0.1495
39168/40000 [============================>.] - ETA: 0s - loss: 2.2419 - acc: 0.1501
39808/40000 [============================>.] - ETA: 0s - loss: 2.2411 - acc: 0.1504
40000/40000 [==============================] - 8s 212us/step - loss: 2.2410 - acc: 0.1504 - val_loss: 14.2903 - val_acc: 0.1134
Epoch 2/1000

  128/40000 [..............................] - ETA: 3s - loss: 2.1826 - acc: 0.1484
  768/40000 [..............................] - ETA: 3s - loss: 2.1869 - acc: 0.1953
 1408/40000 [>.............................] - ETA: 3s - loss: 2.1850 - acc: 0.1839
 2048/40000 [>.............................] - ETA: 3s - loss: 2.1877 - acc: 0.1812
 2688/40000 [=>............................] - ETA: 3s - loss: 2.1791 - acc: 0.1864
 3328/40000 [=>............................] - ETA: 3s - loss: 2.1768 - acc: 0.1902
 3968/40000 [=>............................] - ETA: 2s - loss: 2.1845 - acc: 0.1890
 4608/40000 [==>...........................] - ETA: 2s - loss: 2.1843 - acc: 0.1884
 5248/40000 [==>...........................] - ETA: 2s - loss: 2.1828 - acc: 0.1883
 5888/40000 [===>..........................] - ETA: 2s - loss: 2.1831 - acc: 0.1877
 6528/40000 [===>..........................] - ETA: 2s - loss: 2.1845 - acc: 0.1840
 7168/40000 [====>.........................] - ETA: 2s - loss: 2.1818 - acc: 0.1839
 7808/40000 [====>.........................] - ETA: 2s - loss: 2.1784 - acc: 0.1856
 8448/40000 [=====>........................] - ETA: 2s - loss: 2.1797 - acc: 0.1853
 9088/40000 [=====>........................] - ETA: 2s - loss: 2.1788 - acc: 0.1862
 9728/40000 [======>.......................] - ETA: 2s - loss: 2.1785 - acc: 0.1863
10368/40000 [======>.......................] - ETA: 2s - loss: 2.1780 - acc: 0.1857
11008/40000 [=======>......................] - ETA: 2s - loss: 2.1782 - acc: 0.1865
11648/40000 [=======>......................] - ETA: 2s - loss: 2.1791 - acc: 0.1871
12288/40000 [========>.....................] - ETA: 2s - loss: 2.1783 - acc: 0.1868
12928/40000 [========>.....................] - ETA: 2s - loss: 2.1767 - acc: 0.1873
13568/40000 [=========>....................] - ETA: 2s - loss: 2.1779 - acc: 0.1860
14208/40000 [=========>....................] - ETA: 2s - loss: 2.1776 - acc: 0.1863
14848/40000 [==========>...................] - ETA: 2s - loss: 2.1771 - acc: 0.1862
15488/40000 [==========>...................] - ETA: 2s - loss: 2.1762 - acc: 0.1855
16128/40000 [===========>..................] - ETA: 1s - loss: 2.1773 - acc: 0.1855
16768/40000 [===========>..................] - ETA: 1s - loss: 2.1777 - acc: 0.1849
17408/40000 [============>.................] - ETA: 1s - loss: 2.1783 - acc: 0.1839
18048/40000 [============>.................] - ETA: 1s - loss: 2.1781 - acc: 0.1842
18688/40000 [=============>................] - ETA: 1s - loss: 2.1783 - acc: 0.1843
19328/40000 [=============>................] - ETA: 1s - loss: 2.1782 - acc: 0.1850
19968/40000 [=============>................] - ETA: 1s - loss: 2.1787 - acc: 0.1847
20608/40000 [==============>...............] - ETA: 1s - loss: 2.1798 - acc: 0.1836
21248/40000 [==============>...............] - ETA: 1s - loss: 2.1800 - acc: 0.1831
21888/40000 [===============>..............] - ETA: 1s - loss: 2.1798 - acc: 0.1833
22528/40000 [===============>..............] - ETA: 1s - loss: 2.1797 - acc: 0.1836
23168/40000 [================>.............] - ETA: 1s - loss: 2.1799 - acc: 0.1834
23808/40000 [================>.............] - ETA: 1s - loss: 2.1786 - acc: 0.1842
24448/40000 [=================>............] - ETA: 1s - loss: 2.1784 - acc: 0.1847
25088/40000 [=================>............] - ETA: 1s - loss: 2.1777 - acc: 0.1851
25728/40000 [==================>...........] - ETA: 1s - loss: 2.1777 - acc: 0.1851
26368/40000 [==================>...........] - ETA: 1s - loss: 2.1781 - acc: 0.1852
27008/40000 [===================>..........] - ETA: 1s - loss: 2.1784 - acc: 0.1852
27648/40000 [===================>..........] - ETA: 1s - loss: 2.1784 - acc: 0.1851
28288/40000 [====================>.........] - ETA: 0s - loss: 2.1774 - acc: 0.1856
28928/40000 [====================>.........] - ETA: 0s - loss: 2.1765 - acc: 0.1864
29568/40000 [=====================>........] - ETA: 0s - loss: 2.1755 - acc: 0.1870
30208/40000 [=====================>........] - ETA: 0s - loss: 2.1745 - acc: 0.1871
30848/40000 [======================>.......] - ETA: 0s - loss: 2.1746 - acc: 0.1870
31488/40000 [======================>.......] - ETA: 0s - loss: 2.1744 - acc: 0.1871
32128/40000 [=======================>......] - ETA: 0s - loss: 2.1749 - acc: 0.1870
32768/40000 [=======================>......] - ETA: 0s - loss: 2.1747 - acc: 0.1872
33408/40000 [========================>.....] - ETA: 0s - loss: 2.1736 - acc: 0.1876
34048/40000 [========================>.....] - ETA: 0s - loss: 2.1727 - acc: 0.1878
34688/40000 [=========================>....] - ETA: 0s - loss: 2.1724 - acc: 0.1881
35328/40000 [=========================>....] - ETA: 0s - loss: 2.1727 - acc: 0.1880
35968/40000 [=========================>....] - ETA: 0s - loss: 2.1725 - acc: 0.1881
36608/40000 [==========================>...] - ETA: 0s - loss: 2.1715 - acc: 0.1883
37248/40000 [==========================>...] - ETA: 0s - loss: 2.1708 - acc: 0.1882
37888/40000 [===========================>..] - ETA: 0s - loss: 2.1707 - acc: 0.1876
38528/40000 [===========================>..] - ETA: 0s - loss: 2.1707 - acc: 0.1874
39168/40000 [============================>.] - ETA: 0s - loss: 2.1706 - acc: 0.1876
39808/40000 [============================>.] - ETA: 0s - loss: 2.1708 - acc: 0.1875
40000/40000 [==============================] - 5s 126us/step - loss: 2.1708 - acc: 0.1875 - val_loss: 14.4102 - val_acc: 0.0604
Epoch 3/1000

  128/40000 [..............................] - ETA: 3s - loss: 2.1504 - acc: 0.2266
  768/40000 [..............................] - ETA: 3s - loss: 2.1595 - acc: 0.1992
 1408/40000 [>.............................] - ETA: 3s - loss: 2.1740 - acc: 0.1960
 2048/40000 [>.............................] - ETA: 3s - loss: 2.1672 - acc: 0.1987
 2688/40000 [=>............................] - ETA: 3s - loss: 2.1720 - acc: 0.1961
 3328/40000 [=>............................] - ETA: 3s - loss: 2.1680 - acc: 0.1932
 3968/40000 [=>............................] - ETA: 2s - loss: 2.1644 - acc: 0.1925
 4608/40000 [==>...........................] - ETA: 2s - loss: 2.1611 - acc: 0.1944
 5248/40000 [==>...........................] - ETA: 2s - loss: 2.1574 - acc: 0.1947
 5888/40000 [===>..........................] - ETA: 2s - loss: 2.1561 - acc: 0.1984
 6528/40000 [===>..........................] - ETA: 2s - loss: 2.1531 - acc: 0.1998
 7168/40000 [====>.........................] - ETA: 2s - loss: 2.1522 - acc: 0.1994
 7808/40000 [====>.........................] - ETA: 2s - loss: 2.1504 - acc: 0.1984
 8448/40000 [=====>........................] - ETA: 2s - loss: 2.1502 - acc: 0.1983
 9088/40000 [=====>........................] - ETA: 2s - loss: 2.1518 - acc: 0.1963
 9728/40000 [======>.......................] - ETA: 2s - loss: 2.1519 - acc: 0.1970
10368/40000 [======>.......................] - ETA: 2s - loss: 2.1524 - acc: 0.1951
11008/40000 [=======>......................] - ETA: 2s - loss: 2.1546 - acc: 0.1933
11648/40000 [=======>......................] - ETA: 2s - loss: 2.1541 - acc: 0.1936
12288/40000 [========>.....................] - ETA: 2s - loss: 2.1537 - acc: 0.1936
12928/40000 [========>.....................] - ETA: 2s - loss: 2.1541 - acc: 0.1935
13568/40000 [=========>....................] - ETA: 2s - loss: 2.1534 - acc: 0.1936
14208/40000 [=========>....................] - ETA: 2s - loss: 2.1532 - acc: 0.1938
14848/40000 [==========>...................] - ETA: 2s - loss: 2.1525 - acc: 0.1944
15488/40000 [==========>...................] - ETA: 2s - loss: 2.1543 - acc: 0.1934
16128/40000 [===========>..................] - ETA: 1s - loss: 2.1548 - acc: 0.1922
16768/40000 [===========>..................] - ETA: 1s - loss: 2.1553 - acc: 0.1922
17408/40000 [============>.................] - ETA: 1s - loss: 2.1563 - acc: 0.1923
18048/40000 [============>.................] - ETA: 1s - loss: 2.1564 - acc: 0.1928
18688/40000 [=============>................] - ETA: 1s - loss: 2.1548 - acc: 0.1933
19328/40000 [=============>................] - ETA: 1s - loss: 2.1541 - acc: 0.1933
19968/40000 [=============>................] - ETA: 1s - loss: 2.1530 - acc: 0.1942
20608/40000 [==============>...............] - ETA: 1s - loss: 2.1526 - acc: 0.1944
21248/40000 [==============>...............] - ETA: 1s - loss: 2.1523 - acc: 0.1942
21888/40000 [===============>..............] - ETA: 1s - loss: 2.1519 - acc: 0.1939
22528/40000 [===============>..............] - ETA: 1s - loss: 2.1516 - acc: 0.1944
23168/40000 [================>.............] - ETA: 1s - loss: 2.1506 - acc: 0.1943
23808/40000 [================>.............] - ETA: 1s - loss: 2.1509 - acc: 0.1942
24448/40000 [=================>............] - ETA: 1s - loss: 2.1508 - acc: 0.1937
25088/40000 [=================>............] - ETA: 1s - loss: 2.1504 - acc: 0.1936
25728/40000 [==================>...........] - ETA: 1s - loss: 2.1501 - acc: 0.1934
26368/40000 [==================>...........] - ETA: 1s - loss: 2.1498 - acc: 0.1938
27008/40000 [===================>..........] - ETA: 1s - loss: 2.1493 - acc: 0.1939
27648/40000 [===================>..........] - ETA: 1s - loss: 2.1486 - acc: 0.1945
28288/40000 [====================>.........] - ETA: 0s - loss: 2.1480 - acc: 0.1947
28928/40000 [====================>.........] - ETA: 0s - loss: 2.1481 - acc: 0.1949
29568/40000 [=====================>........] - ETA: 0s - loss: 2.1474 - acc: 0.1956
30208/40000 [=====================>........] - ETA: 0s - loss: 2.1477 - acc: 0.1952
30848/40000 [======================>.......] - ETA: 0s - loss: 2.1487 - acc: 0.1949
31488/40000 [======================>.......] - ETA: 0s - loss: 2.1482 - acc: 0.1950
32128/40000 [=======================>......] - ETA: 0s - loss: 2.1484 - acc: 0.1955
32768/40000 [=======================>......] - ETA: 0s - loss: 2.1486 - acc: 0.1950
33408/40000 [========================>.....] - ETA: 0s - loss: 2.1486 - acc: 0.1956
34048/40000 [========================>.....] - ETA: 0s - loss: 2.1478 - acc: 0.1958
34688/40000 [=========================>....] - ETA: 0s - loss: 2.1472 - acc: 0.1962
35328/40000 [=========================>....] - ETA: 0s - loss: 2.1473 - acc: 0.1963
35968/40000 [=========================>....] - ETA: 0s - loss: 2.1469 - acc: 0.1962
36608/40000 [==========================>...] - ETA: 0s - loss: 2.1466 - acc: 0.1965
37248/40000 [==========================>...] - ETA: 0s - loss: 2.1470 - acc: 0.1961
37888/40000 [===========================>..] - ETA: 0s - loss: 2.1462 - acc: 0.1964
38528/40000 [===========================>..] - ETA: 0s - loss: 2.1464 - acc: 0.1963
39168/40000 [============================>.] - ETA: 0s - loss: 2.1456 - acc: 0.1964
39808/40000 [============================>.] - ETA: 0s - loss: 2.1452 - acc: 0.1963
40000/40000 [==============================] - 5s 126us/step - loss: 2.1451 - acc: 0.1964 - val_loss: 14.4740 - val_acc: 0.1020
Epoch 4/1000

  128/40000 [..............................] - ETA: 3s - loss: 2.1077 - acc: 0.1641
  768/40000 [..............................] - ETA: 3s - loss: 2.1061 - acc: 0.2174
 1408/40000 [>.............................] - ETA: 3s - loss: 2.1227 - acc: 0.2081
 2048/40000 [>.............................] - ETA: 3s - loss: 2.1344 - acc: 0.2070
 2688/40000 [=>............................] - ETA: 3s - loss: 2.1317 - acc: 0.2020
 3328/40000 [=>............................] - ETA: 3s - loss: 2.1327 - acc: 0.2037
 3968/40000 [=>............................] - ETA: 2s - loss: 2.1275 - acc: 0.2039
 4608/40000 [==>...........................] - ETA: 2s - loss: 2.1327 - acc: 0.1992
 5248/40000 [==>...........................] - ETA: 2s - loss: 2.1313 - acc: 0.2006
 5888/40000 [===>..........................] - ETA: 2s - loss: 2.1312 - acc: 0.2019
 6528/40000 [===>..........................] - ETA: 2s - loss: 2.1304 - acc: 0.2013
 7168/40000 [====>.........................] - ETA: 2s - loss: 2.1290 - acc: 0.2020
 7808/40000 [====>.........................] - ETA: 2s - loss: 2.1275 - acc: 0.2004
 8448/40000 [=====>........................] - ETA: 2s - loss: 2.1290 - acc: 0.2010
 9088/40000 [=====>........................] - ETA: 2s - loss: 2.1270 - acc: 0.2021
 9728/40000 [======>.......................] - ETA: 2s - loss: 2.1242 - acc: 0.2024
10368/40000 [======>.......................] - ETA: 2s - loss: 2.1221 - acc: 0.2034
11008/40000 [=======>......................] - ETA: 2s - loss: 2.1222 - acc: 0.2029
11648/40000 [=======>......................] - ETA: 2s - loss: 2.1235 - acc: 0.2016
12288/40000 [========>.....................] - ETA: 2s - loss: 2.1232 - acc: 0.2015
12928/40000 [========>.....................] - ETA: 2s - loss: 2.1220 - acc: 0.2032
13568/40000 [=========>....................] - ETA: 2s - loss: 2.1227 - acc: 0.2029
14208/40000 [=========>....................] - ETA: 2s - loss: 2.1214 - acc: 0.2030
14848/40000 [==========>...................] - ETA: 2s - loss: 2.1223 - acc: 0.2025
15488/40000 [==========>...................] - ETA: 2s - loss: 2.1228 - acc: 0.2024
16128/40000 [===========>..................] - ETA: 1s - loss: 2.1226 - acc: 0.2021
16768/40000 [===========>..................] - ETA: 1s - loss: 2.1223 - acc: 0.2032
17408/40000 [============>.................] - ETA: 1s - loss: 2.1222 - acc: 0.2023
18048/40000 [============>.................] - ETA: 1s - loss: 2.1218 - acc: 0.2019
18688/40000 [=============>................] - ETA: 1s - loss: 2.1224 - acc: 0.2020
19328/40000 [=============>................] - ETA: 1s - loss: 2.1231 - acc: 0.2008
19968/40000 [=============>................] - ETA: 1s - loss: 2.1242 - acc: 0.2009
20608/40000 [==============>...............] - ETA: 1s - loss: 2.1240 - acc: 0.2008
21248/40000 [==============>...............] - ETA: 1s - loss: 2.1248 - acc: 0.2009
21888/40000 [===============>..............] - ETA: 1s - loss: 2.1254 - acc: 0.2009
22528/40000 [===============>..............] - ETA: 1s - loss: 2.1259 - acc: 0.2017
23168/40000 [================>.............] - ETA: 1s - loss: 2.1264 - acc: 0.2015
23808/40000 [================>.............] - ETA: 1s - loss: 2.1270 - acc: 0.2014
24448/40000 [=================>............] - ETA: 1s - loss: 2.1271 - acc: 0.2013
25088/40000 [=================>............] - ETA: 1s - loss: 2.1278 - acc: 0.2010
25728/40000 [==================>...........] - ETA: 1s - loss: 2.1278 - acc: 0.2009
26368/40000 [==================>...........] - ETA: 1s - loss: 2.1284 - acc: 0.2010
27008/40000 [===================>..........] - ETA: 1s - loss: 2.1277 - acc: 0.2011
27648/40000 [===================>..........] - ETA: 1s - loss: 2.1278 - acc: 0.2016
28288/40000 [====================>.........] - ETA: 0s - loss: 2.1277 - acc: 0.2020
28928/40000 [====================>.........] - ETA: 0s - loss: 2.1278 - acc: 0.2022
29568/40000 [=====================>........] - ETA: 0s - loss: 2.1284 - acc: 0.2023
30208/40000 [=====================>........] - ETA: 0s - loss: 2.1280 - acc: 0.2021
30848/40000 [======================>.......] - ETA: 0s - loss: 2.1279 - acc: 0.2022
31488/40000 [======================>.......] - ETA: 0s - loss: 2.1281 - acc: 0.2025
32128/40000 [=======================>......] - ETA: 0s - loss: 2.1283 - acc: 0.2023
32768/40000 [=======================>......] - ETA: 0s - loss: 2.1285 - acc: 0.2024
33408/40000 [========================>.....] - ETA: 0s - loss: 2.1282 - acc: 0.2027
34048/40000 [========================>.....] - ETA: 0s - loss: 2.1285 - acc: 0.2031
34688/40000 [=========================>....] - ETA: 0s - loss: 2.1280 - acc: 0.2029
35328/40000 [=========================>....] - ETA: 0s - loss: 2.1277 - acc: 0.2030
35968/40000 [=========================>....] - ETA: 0s - loss: 2.1278 - acc: 0.2028
36608/40000 [==========================>...] - ETA: 0s - loss: 2.1278 - acc: 0.2029
37248/40000 [==========================>...] - ETA: 0s - loss: 2.1278 - acc: 0.2030
37888/40000 [===========================>..] - ETA: 0s - loss: 2.1276 - acc: 0.2034
38528/40000 [===========================>..] - ETA: 0s - loss: 2.1280 - acc: 0.2030
39168/40000 [============================>.] - ETA: 0s - loss: 2.1282 - acc: 0.2032
39808/40000 [============================>.] - ETA: 0s - loss: 2.1277 - acc: 0.2034
40000/40000 [==============================] - 5s 126us/step - loss: 2.1279 - acc: 0.2033 - val_loss: 14.4950 - val_acc: 0.1007
Epoch 5/1000

  128/40000 [..............................] - ETA: 3s - loss: 2.1892 - acc: 0.1797
  768/40000 [..............................] - ETA: 3s - loss: 2.1118 - acc: 0.2135
 1408/40000 [>.............................] - ETA: 3s - loss: 2.1248 - acc: 0.2138
 2048/40000 [>.............................] - ETA: 3s - loss: 2.1313 - acc: 0.2197
 2688/40000 [=>............................] - ETA: 3s - loss: 2.1372 - acc: 0.2165
 3328/40000 [=>............................] - ETA: 3s - loss: 2.1310 - acc: 0.2212
 3968/40000 [=>............................] - ETA: 2s - loss: 2.1256 - acc: 0.2233
 4608/40000 [==>...........................] - ETA: 2s - loss: 2.1272 - acc: 0.2194
 5248/40000 [==>...........................] - ETA: 2s - loss: 2.1237 - acc: 0.2188
 5888/40000 [===>..........................] - ETA: 2s - loss: 2.1218 - acc: 0.2177
 6528/40000 [===>..........................] - ETA: 2s - loss: 2.1269 - acc: 0.2143
 7168/40000 [====>.........................] - ETA: 2s - loss: 2.1261 - acc: 0.2139
 7808/40000 [====>.........................] - ETA: 2s - loss: 2.1264 - acc: 0.2135
 8448/40000 [=====>........................] - ETA: 2s - loss: 2.1281 - acc: 0.2129
 9088/40000 [=====>........................] - ETA: 2s - loss: 2.1259 - acc: 0.2131
 9728/40000 [======>.......................] - ETA: 2s - loss: 2.1244 - acc: 0.2137
10368/40000 [======>.......................] - ETA: 2s - loss: 2.1234 - acc: 0.2141
11008/40000 [=======>......................] - ETA: 2s - loss: 2.1241 - acc: 0.2136
11648/40000 [=======>......................] - ETA: 2s - loss: 2.1249 - acc: 0.2118
12288/40000 [========>.....................] - ETA: 2s - loss: 2.1222 - acc: 0.2125
12928/40000 [========>.....................] - ETA: 2s - loss: 2.1216 - acc: 0.2121
13568/40000 [=========>....................] - ETA: 2s - loss: 2.1202 - acc: 0.2120
14208/40000 [=========>....................] - ETA: 2s - loss: 2.1205 - acc: 0.2119
14848/40000 [==========>...................] - ETA: 2s - loss: 2.1213 - acc: 0.2121
15488/40000 [==========>...................] - ETA: 1s - loss: 2.1209 - acc: 0.2116
16128/40000 [===========>..................] - ETA: 1s - loss: 2.1210 - acc: 0.2122
16768/40000 [===========>..................] - ETA: 1s - loss: 2.1210 - acc: 0.2112
17408/40000 [============>.................] - ETA: 1s - loss: 2.1198 - acc: 0.2112
18048/40000 [============>.................] - ETA: 1s - loss: 2.1192 - acc: 0.2109
18688/40000 [=============>................] - ETA: 1s - loss: 2.1197 - acc: 0.2109
19328/40000 [=============>................] - ETA: 1s - loss: 2.1209 - acc: 0.2106
19968/40000 [=============>................] - ETA: 1s - loss: 2.1220 - acc: 0.2103
20608/40000 [==============>...............] - ETA: 1s - loss: 2.1216 - acc: 0.2105
21248/40000 [==============>...............] - ETA: 1s - loss: 2.1204 - acc: 0.2111
21888/40000 [===============>..............] - ETA: 1s - loss: 2.1203 - acc: 0.2115
22528/40000 [===============>..............] - ETA: 1s - loss: 2.1206 - acc: 0.2116
23168/40000 [================>.............] - ETA: 1s - loss: 2.1213 - acc: 0.2118
23808/40000 [================>.............] - ETA: 1s - loss: 2.1208 - acc: 0.2117
24448/40000 [=================>............] - ETA: 1s - loss: 2.1201 - acc: 0.2116
25088/40000 [=================>............] - ETA: 1s - loss: 2.1202 - acc: 0.2113
25728/40000 [==================>...........] - ETA: 1s - loss: 2.1196 - acc: 0.2108
26368/40000 [==================>...........] - ETA: 1s - loss: 2.1193 - acc: 0.2111
27008/40000 [===================>..........] - ETA: 1s - loss: 2.1194 - acc: 0.2111
27648/40000 [===================>..........] - ETA: 1s - loss: 2.1200 - acc: 0.2109
28288/40000 [====================>.........] - ETA: 0s - loss: 2.1202 - acc: 0.2105
28928/40000 [====================>.........] - ETA: 0s - loss: 2.1203 - acc: 0.2103
29568/40000 [=====================>........] - ETA: 0s - loss: 2.1203 - acc: 0.2104
30208/40000 [=====================>........] - ETA: 0s - loss: 2.1196 - acc: 0.2106
30848/40000 [======================>.......] - ETA: 0s - loss: 2.1200 - acc: 0.2104
31488/40000 [======================>.......] - ETA: 0s - loss: 2.1200 - acc: 0.2106
32128/40000 [=======================>......] - ETA: 0s - loss: 2.1197 - acc: 0.2106
32768/40000 [=======================>......] - ETA: 0s - loss: 2.1188 - acc: 0.2115
33408/40000 [========================>.....] - ETA: 0s - loss: 2.1186 - acc: 0.2118
34048/40000 [========================>.....] - ETA: 0s - loss: 2.1189 - acc: 0.2119
34688/40000 [=========================>....] - ETA: 0s - loss: 2.1187 - acc: 0.2121
35328/40000 [=========================>....] - ETA: 0s - loss: 2.1188 - acc: 0.2117
35968/40000 [=========================>....] - ETA: 0s - loss: 2.1186 - acc: 0.2114
36608/40000 [==========================>...] - ETA: 0s - loss: 2.1183 - acc: 0.2118
37248/40000 [==========================>...] - ETA: 0s - loss: 2.1186 - acc: 0.2118
37888/40000 [===========================>..] - ETA: 0s - loss: 2.1178 - acc: 0.2119
38528/40000 [===========================>..] - ETA: 0s - loss: 2.1176 - acc: 0.2117
39168/40000 [============================>.] - ETA: 0s - loss: 2.1175 - acc: 0.2120
39808/40000 [============================>.] - ETA: 0s - loss: 2.1178 - acc: 0.2118
40000/40000 [==============================] - 5s 126us/step - loss: 2.1177 - acc: 0.2118 - val_loss: 14.0582 - val_acc: 0.1278
Epoch 6/1000

  128/40000 [..............................] - ETA: 3s - loss: 2.0841 - acc: 0.1875
  768/40000 [..............................] - ETA: 3s - loss: 2.1154 - acc: 0.2005
 1408/40000 [>.............................] - ETA: 3s - loss: 2.1280 - acc: 0.2067
 2048/40000 [>.............................] - ETA: 3s - loss: 2.1267 - acc: 0.2012
 2688/40000 [=>............................] - ETA: 3s - loss: 2.1125 - acc: 0.2083
 3328/40000 [=>............................] - ETA: 3s - loss: 2.1106 - acc: 0.2076
 3968/40000 [=>............................] - ETA: 2s - loss: 2.1148 - acc: 0.2034
 4608/40000 [==>...........................] - ETA: 2s - loss: 2.1181 - acc: 0.2049
 5248/40000 [==>...........................] - ETA: 2s - loss: 2.1134 - acc: 0.2083
 5888/40000 [===>..........................] - ETA: 2s - loss: 2.1131 - acc: 0.2096
 6528/40000 [===>..........................] - ETA: 2s - loss: 2.1110 - acc: 0.2085
 7168/40000 [====>.........................] - ETA: 2s - loss: 2.1102 - acc: 0.2059
 7808/40000 [====>.........................] - ETA: 2s - loss: 2.1115 - acc: 0.2036
 8448/40000 [=====>........................] - ETA: 2s - loss: 2.1120 - acc: 0.2049
 9088/40000 [=====>........................] - ETA: 2s - loss: 2.1141 - acc: 0.2042
 9728/40000 [======>.......................] - ETA: 2s - loss: 2.1123 - acc: 0.2061
10368/40000 [======>.......................] - ETA: 2s - loss: 2.1100 - acc: 0.2067
11008/40000 [=======>......................] - ETA: 2s - loss: 2.1101 - acc: 0.2068
11648/40000 [=======>......................] - ETA: 2s - loss: 2.1100 - acc: 0.2064
12288/40000 [========>.....................] - ETA: 2s - loss: 2.1100 - acc: 0.2069
12928/40000 [========>.....................] - ETA: 2s - loss: 2.1103 - acc: 0.2068
13568/40000 [=========>....................] - ETA: 2s - loss: 2.1112 - acc: 0.2070
14208/40000 [=========>....................] - ETA: 2s - loss: 2.1111 - acc: 0.2079
14848/40000 [==========>...................] - ETA: 2s - loss: 2.1109 - acc: 0.2076
15488/40000 [==========>...................] - ETA: 1s - loss: 2.1107 - acc: 0.2080
16128/40000 [===========>..................] - ETA: 1s - loss: 2.1106 - acc: 0.2089
16768/40000 [===========>..................] - ETA: 1s - loss: 2.1098 - acc: 0.2093
17408/40000 [============>.................] - ETA: 1s - loss: 2.1102 - acc: 0.2090
18048/40000 [============>.................] - ETA: 1s - loss: 2.1107 - acc: 0.2083
18688/40000 [=============>................] - ETA: 1s - loss: 2.1096 - acc: 0.2088
19328/40000 [=============>................] - ETA: 1s - loss: 2.1082 - acc: 0.2099
19968/40000 [=============>................] - ETA: 1s - loss: 2.1080 - acc: 0.2103
20608/40000 [==============>...............] - ETA: 1s - loss: 2.1072 - acc: 0.2105
21248/40000 [==============>...............] - ETA: 1s - loss: 2.1084 - acc: 0.2101
21888/40000 [===============>..............] - ETA: 1s - loss: 2.1088 - acc: 0.2099
22528/40000 [===============>..............] - ETA: 1s - loss: 2.1094 - acc: 0.2098
23168/40000 [================>.............] - ETA: 1s - loss: 2.1092 - acc: 0.2097
23808/40000 [================>.............] - ETA: 1s - loss: 2.1088 - acc: 0.2102
24448/40000 [=================>............] - ETA: 1s - loss: 2.1096 - acc: 0.2099
25088/40000 [=================>............] - ETA: 1s - loss: 2.1101 - acc: 0.2101
25728/40000 [==================>...........] - ETA: 1s - loss: 2.1095 - acc: 0.2105
26368/40000 [==================>...........] - ETA: 1s - loss: 2.1099 - acc: 0.2104
27008/40000 [===================>..........] - ETA: 1s - loss: 2.1094 - acc: 0.2106
27648/40000 [===================>..........] - ETA: 1s - loss: 2.1100 - acc: 0.2108
28288/40000 [====================>.........] - ETA: 0s - loss: 2.1100 - acc: 0.2109
28928/40000 [====================>.........] - ETA: 0s - loss: 2.1100 - acc: 0.2107
29568/40000 [=====================>........] - ETA: 0s - loss: 2.1099 - acc: 0.2107
30208/40000 [=====================>........] - ETA: 0s - loss: 2.1093 - acc: 0.2106
30848/40000 [======================>.......] - ETA: 0s - loss: 2.1089 - acc: 0.2111
31488/40000 [======================>.......] - ETA: 0s - loss: 2.1092 - acc: 0.2114
32128/40000 [=======================>......] - ETA: 0s - loss: 2.1094 - acc: 0.2112
32768/40000 [=======================>......] - ETA: 0s - loss: 2.1094 - acc: 0.2115
33408/40000 [========================>.....] - ETA: 0s - loss: 2.1104 - acc: 0.2109
34048/40000 [========================>.....] - ETA: 0s - loss: 2.1103 - acc: 0.2114
34688/40000 [=========================>....] - ETA: 0s - loss: 2.1096 - acc: 0.2119
35328/40000 [=========================>....] - ETA: 0s - loss: 2.1099 - acc: 0.2116
35968/40000 [=========================>....] - ETA: 0s - loss: 2.1098 - acc: 0.2114
36608/40000 [==========================>...] - ETA: 0s - loss: 2.1097 - acc: 0.2114
37248/40000 [==========================>...] - ETA: 0s - loss: 2.1101 - acc: 0.2117
37888/40000 [===========================>..] - ETA: 0s - loss: 2.1100 - acc: 0.2114
38528/40000 [===========================>..] - ETA: 0s - loss: 2.1094 - acc: 0.2119
39168/40000 [============================>.] - ETA: 0s - loss: 2.1094 - acc: 0.2121
39808/40000 [============================>.] - ETA: 0s - loss: 2.1094 - acc: 0.2121
40000/40000 [==============================] - 5s 126us/step - loss: 2.1092 - acc: 0.2121 - val_loss: 14.5450 - val_acc: 0.0976
Epoch 7/1000

  128/40000 [..............................] - ETA: 3s - loss: 2.0666 - acc: 0.2656
  768/40000 [..............................] - ETA: 3s - loss: 2.0879 - acc: 0.2253
 1408/40000 [>.............................] - ETA: 3s - loss: 2.1205 - acc: 0.2152
 2048/40000 [>.............................] - ETA: 3s - loss: 2.1123 - acc: 0.2148
 2688/40000 [=>............................] - ETA: 3s - loss: 2.1083 - acc: 0.2113
 3328/40000 [=>............................] - ETA: 3s - loss: 2.1037 - acc: 0.2094
 3968/40000 [=>............................] - ETA: 2s - loss: 2.1053 - acc: 0.2109
 4608/40000 [==>...........................] - ETA: 2s - loss: 2.1037 - acc: 0.2107
 5248/40000 [==>...........................] - ETA: 2s - loss: 2.0999 - acc: 0.2138
 5888/40000 [===>..........................] - ETA: 2s - loss: 2.0982 - acc: 0.2162
 6528/40000 [===>..........................] - ETA: 2s - loss: 2.0982 - acc: 0.2168
 7168/40000 [====>.........................] - ETA: 2s - loss: 2.1013 - acc: 0.2160
 7808/40000 [====>.........................] - ETA: 2s - loss: 2.1015 - acc: 0.2173
 8448/40000 [=====>........................] - ETA: 2s - loss: 2.1013 - acc: 0.2170
 9088/40000 [=====>........................] - ETA: 2s - loss: 2.1001 - acc: 0.2167
 9728/40000 [======>.......................] - ETA: 2s - loss: 2.1000 - acc: 0.2167
10368/40000 [======>.......................] - ETA: 2s - loss: 2.1015 - acc: 0.2183
11008/40000 [=======>......................] - ETA: 2s - loss: 2.1002 - acc: 0.2188
11648/40000 [=======>......................] - ETA: 2s - loss: 2.1010 - acc: 0.2176
12288/40000 [========>.....................] - ETA: 2s - loss: 2.1020 - acc: 0.2181
12928/40000 [========>.....................] - ETA: 2s - loss: 2.1033 - acc: 0.2173
13568/40000 [=========>....................] - ETA: 2s - loss: 2.1048 - acc: 0.2164
14208/40000 [=========>....................] - ETA: 2s - loss: 2.1050 - acc: 0.2178
14848/40000 [==========>...................] - ETA: 2s - loss: 2.1047 - acc: 0.2196
15488/40000 [==========>...................] - ETA: 2s - loss: 2.1044 - acc: 0.2195
16128/40000 [===========>..................] - ETA: 1s - loss: 2.1032 - acc: 0.2208
16768/40000 [===========>..................] - ETA: 1s - loss: 2.1014 - acc: 0.2209
17408/40000 [============>.................] - ETA: 1s - loss: 2.1000 - acc: 0.2206
18048/40000 [============>.................] - ETA: 1s - loss: 2.1003 - acc: 0.2212
18688/40000 [=============>................] - ETA: 1s - loss: 2.1006 - acc: 0.2212
19328/40000 [=============>................] - ETA: 1s - loss: 2.0999 - acc: 0.2219
19968/40000 [=============>................] - ETA: 1s - loss: 2.1010 - acc: 0.2218
20608/40000 [==============>...............] - ETA: 1s - loss: 2.1010 - acc: 0.2220
21248/40000 [==============>...............] - ETA: 1s - loss: 2.1016 - acc: 0.2216
21888/40000 [===============>..............] - ETA: 1s - loss: 2.1019 - acc: 0.2216
22528/40000 [===============>..............] - ETA: 1s - loss: 2.1020 - acc: 0.2218
23168/40000 [================>.............] - ETA: 1s - loss: 2.1021 - acc: 0.2218
23808/40000 [================>.............] - ETA: 1s - loss: 2.1016 - acc: 0.2214
24448/40000 [=================>............] - ETA: 1s - loss: 2.1023 - acc: 0.2206
25088/40000 [=================>............] - ETA: 1s - loss: 2.1024 - acc: 0.2204
25728/40000 [==================>...........] - ETA: 1s - loss: 2.1033 - acc: 0.2203
26368/40000 [==================>...........] - ETA: 1s - loss: 2.1023 - acc: 0.2214
27008/40000 [===================>..........] - ETA: 1s - loss: 2.1023 - acc: 0.2216
27648/40000 [===================>..........] - ETA: 1s - loss: 2.1034 - acc: 0.2206
28288/40000 [====================>.........] - ETA: 0s - loss: 2.1027 - acc: 0.2210
28928/40000 [====================>.........] - ETA: 0s - loss: 2.1029 - acc: 0.2208
29568/40000 [=====================>........] - ETA: 0s - loss: 2.1026 - acc: 0.2213
30208/40000 [=====================>........] - ETA: 0s - loss: 2.1023 - acc: 0.2211
30848/40000 [======================>.......] - ETA: 0s - loss: 2.1028 - acc: 0.2210
31488/40000 [======================>.......] - ETA: 0s - loss: 2.1035 - acc: 0.2210
32128/40000 [=======================>......] - ETA: 0s - loss: 2.1038 - acc: 0.2206
32768/40000 [=======================>......] - ETA: 0s - loss: 2.1042 - acc: 0.2204
33408/40000 [========================>.....] - ETA: 0s - loss: 2.1042 - acc: 0.2209
34048/40000 [========================>.....] - ETA: 0s - loss: 2.1047 - acc: 0.2206
34688/40000 [=========================>....] - ETA: 0s - loss: 2.1047 - acc: 0.2206
35328/40000 [=========================>....] - ETA: 0s - loss: 2.1037 - acc: 0.2207
35968/40000 [=========================>....] - ETA: 0s - loss: 2.1037 - acc: 0.2206
36608/40000 [==========================>...] - ETA: 0s - loss: 2.1025 - acc: 0.2208
37248/40000 [==========================>...] - ETA: 0s - loss: 2.1032 - acc: 0.2206
37888/40000 [===========================>..] - ETA: 0s - loss: 2.1030 - acc: 0.2210
38528/40000 [===========================>..] - ETA: 0s - loss: 2.1033 - acc: 0.2205
39168/40000 [============================>.] - ETA: 0s - loss: 2.1032 - acc: 0.2205
39808/40000 [============================>.] - ETA: 0s - loss: 2.1036 - acc: 0.2200
40000/40000 [==============================] - 5s 126us/step - loss: 2.1036 - acc: 0.2200 - val_loss: 14.5079 - val_acc: 0.0999
Epoch 8/1000

  128/40000 [..............................] - ETA: 3s - loss: 2.0666 - acc: 0.1641
  768/40000 [..............................] - ETA: 3s - loss: 2.0728 - acc: 0.2305
 1408/40000 [>.............................] - ETA: 3s - loss: 2.0677 - acc: 0.2301
 2048/40000 [>.............................] - ETA: 3s - loss: 2.0903 - acc: 0.2236
 2688/40000 [=>............................] - ETA: 3s - loss: 2.1040 - acc: 0.2191
 3328/40000 [=>............................] - ETA: 2s - loss: 2.1009 - acc: 0.2215
 3968/40000 [=>............................] - ETA: 2s - loss: 2.1007 - acc: 0.2228
 4608/40000 [==>...........................] - ETA: 2s - loss: 2.0994 - acc: 0.2222
 5248/40000 [==>...........................] - ETA: 2s - loss: 2.0980 - acc: 0.2195
 5888/40000 [===>..........................] - ETA: 2s - loss: 2.0961 - acc: 0.2206
 6528/40000 [===>..........................] - ETA: 2s - loss: 2.0961 - acc: 0.2206
 7168/40000 [====>.........................] - ETA: 2s - loss: 2.0971 - acc: 0.2189
 7808/40000 [====>.........................] - ETA: 2s - loss: 2.0984 - acc: 0.2179
 8448/40000 [=====>........................] - ETA: 2s - loss: 2.1006 - acc: 0.2176
 9088/40000 [=====>........................] - ETA: 2s - loss: 2.1029 - acc: 0.2157
 9728/40000 [======>.......................] - ETA: 2s - loss: 2.1017 - acc: 0.2152
10368/40000 [======>.......................] - ETA: 2s - loss: 2.1017 - acc: 0.2155
11008/40000 [=======>......................] - ETA: 2s - loss: 2.1010 - acc: 0.2156
11648/40000 [=======>......................] - ETA: 2s - loss: 2.0989 - acc: 0.2168
12288/40000 [========>.....................] - ETA: 2s - loss: 2.0985 - acc: 0.2169
12928/40000 [========>.....................] - ETA: 2s - loss: 2.1018 - acc: 0.2173
13568/40000 [=========>....................] - ETA: 2s - loss: 2.1009 - acc: 0.2171
14208/40000 [=========>....................] - ETA: 2s - loss: 2.0996 - acc: 0.2180
14848/40000 [==========>...................] - ETA: 2s - loss: 2.1001 - acc: 0.2178
15488/40000 [==========>...................] - ETA: 1s - loss: 2.0998 - acc: 0.2180
16128/40000 [===========>..................] - ETA: 1s - loss: 2.0997 - acc: 0.2183
16768/40000 [===========>..................] - ETA: 1s - loss: 2.1005 - acc: 0.2183
17408/40000 [============>.................] - ETA: 1s - loss: 2.1005 - acc: 0.2186
18048/40000 [============>.................] - ETA: 1s - loss: 2.1003 - acc: 0.2183
18688/40000 [=============>................] - ETA: 1s - loss: 2.1009 - acc: 0.2176
19328/40000 [=============>................] - ETA: 1s - loss: 2.0996 - acc: 0.2185
19968/40000 [=============>................] - ETA: 1s - loss: 2.0998 - acc: 0.2185
20608/40000 [==============>...............] - ETA: 1s - loss: 2.0994 - acc: 0.2188
21248/40000 [==============>...............] - ETA: 1s - loss: 2.0998 - acc: 0.2183
21888/40000 [===============>..............] - ETA: 1s - loss: 2.1005 - acc: 0.2185
22528/40000 [===============>..............] - ETA: 1s - loss: 2.0989 - acc: 0.2203
23168/40000 [================>.............] - ETA: 1s - loss: 2.1002 - acc: 0.2192
23808/40000 [================>.............] - ETA: 1s - loss: 2.1000 - acc: 0.2195
24448/40000 [=================>............] - ETA: 1s - loss: 2.0999 - acc: 0.2203
25088/40000 [=================>............] - ETA: 1s - loss: 2.1004 - acc: 0.2206
25728/40000 [==================>...........] - ETA: 1s - loss: 2.1004 - acc: 0.2209
26368/40000 [==================>...........] - ETA: 1s - loss: 2.0997 - acc: 0.2212
27008/40000 [===================>..........] - ETA: 1s - loss: 2.1000 - acc: 0.2212
27648/40000 [===================>..........] - ETA: 1s - loss: 2.0991 - acc: 0.2209
28288/40000 [====================>.........] - ETA: 0s - loss: 2.0995 - acc: 0.2207
28928/40000 [====================>.........] - ETA: 0s - loss: 2.0993 - acc: 0.2210
29568/40000 [=====================>........] - ETA: 0s - loss: 2.0985 - acc: 0.2213
30208/40000 [=====================>........] - ETA: 0s - loss: 2.0977 - acc: 0.2219
30848/40000 [======================>.......] - ETA: 0s - loss: 2.0966 - acc: 0.2221
31488/40000 [======================>.......] - ETA: 0s - loss: 2.0966 - acc: 0.2219
32128/40000 [=======================>......] - ETA: 0s - loss: 2.0967 - acc: 0.2220
32768/40000 [=======================>......] - ETA: 0s - loss: 2.0967 - acc: 0.2216
33408/40000 [========================>.....] - ETA: 0s - loss: 2.0954 - acc: 0.2218
34048/40000 [========================>.....] - ETA: 0s - loss: 2.0956 - acc: 0.2220
34688/40000 [=========================>....] - ETA: 0s - loss: 2.0958 - acc: 0.2220
35328/40000 [=========================>....] - ETA: 0s - loss: 2.0958 - acc: 0.2221
35968/40000 [=========================>....] - ETA: 0s - loss: 2.0958 - acc: 0.2218
36608/40000 [==========================>...] - ETA: 0s - loss: 2.0963 - acc: 0.2218
37248/40000 [==========================>...] - ETA: 0s - loss: 2.0973 - acc: 0.2213
37888/40000 [===========================>..] - ETA: 0s - loss: 2.0973 - acc: 0.2210
38528/40000 [===========================>..] - ETA: 0s - loss: 2.0977 - acc: 0.2210
39168/40000 [============================>.] - ETA: 0s - loss: 2.0983 - acc: 0.2211
39808/40000 [============================>.] - ETA: 0s - loss: 2.0974 - acc: 0.2212
40000/40000 [==============================] - 5s 126us/step - loss: 2.0976 - acc: 0.2212 - val_loss: 14.4257 - val_acc: 0.1050
Epoch 9/1000

  128/40000 [..............................] - ETA: 3s - loss: 2.0588 - acc: 0.2734
  768/40000 [..............................] - ETA: 3s - loss: 2.0977 - acc: 0.2266
 1408/40000 [>.............................] - ETA: 3s - loss: 2.0849 - acc: 0.2287
 2048/40000 [>.............................] - ETA: 3s - loss: 2.0956 - acc: 0.2227
 2688/40000 [=>............................] - ETA: 3s - loss: 2.0949 - acc: 0.2273
 3328/40000 [=>............................] - ETA: 3s - loss: 2.0997 - acc: 0.2242
 3968/40000 [=>............................] - ETA: 2s - loss: 2.0990 - acc: 0.2215
 4608/40000 [==>...........................] - ETA: 2s - loss: 2.0937 - acc: 0.2224
 5248/40000 [==>...........................] - ETA: 2s - loss: 2.0936 - acc: 0.2239
 5888/40000 [===>..........................] - ETA: 2s - loss: 2.0944 - acc: 0.2223
 6528/40000 [===>..........................] - ETA: 2s - loss: 2.0925 - acc: 0.2220
 7168/40000 [====>.........................] - ETA: 2s - loss: 2.0918 - acc: 0.2210
 7808/40000 [====>.........................] - ETA: 2s - loss: 2.0923 - acc: 0.2214
 8448/40000 [=====>........................] - ETA: 2s - loss: 2.0941 - acc: 0.2218
 9088/40000 [=====>........................] - ETA: 2s - loss: 2.0929 - acc: 0.2229
 9728/40000 [======>.......................] - ETA: 2s - loss: 2.0927 - acc: 0.2239
10368/40000 [======>.......................] - ETA: 2s - loss: 2.0947 - acc: 0.2229
11008/40000 [=======>......................] - ETA: 2s - loss: 2.0945 - acc: 0.2249
11648/40000 [=======>......................] - ETA: 2s - loss: 2.0951 - acc: 0.2246
12288/40000 [========>.....................] - ETA: 2s - loss: 2.0943 - acc: 0.2240
12928/40000 [========>.....................] - ETA: 2s - loss: 2.0950 - acc: 0.2235
13568/40000 [=========>....................] - ETA: 2s - loss: 2.0943 - acc: 0.2241
14208/40000 [=========>....................] - ETA: 2s - loss: 2.0945 - acc: 0.2234
14848/40000 [==========>...................] - ETA: 2s - loss: 2.0943 - acc: 0.2231
15488/40000 [==========>...................] - ETA: 1s - loss: 2.0948 - acc: 0.2231
16128/40000 [===========>..................] - ETA: 1s - loss: 2.0953 - acc: 0.2236
16768/40000 [===========>..................] - ETA: 1s - loss: 2.0959 - acc: 0.2232
17408/40000 [============>.................] - ETA: 1s - loss: 2.0937 - acc: 0.2240
18048/40000 [============>.................] - ETA: 1s - loss: 2.0934 - acc: 0.2240
18688/40000 [=============>................] - ETA: 1s - loss: 2.0934 - acc: 0.2244
19328/40000 [=============>................] - ETA: 1s - loss: 2.0930 - acc: 0.2238
19968/40000 [=============>................] - ETA: 1s - loss: 2.0928 - acc: 0.2242
20608/40000 [==============>...............] - ETA: 1s - loss: 2.0926 - acc: 0.2245
21248/40000 [==============>...............] - ETA: 1s - loss: 2.0921 - acc: 0.2243
21888/40000 [===============>..............] - ETA: 1s - loss: 2.0921 - acc: 0.2240
22528/40000 [===============>..............] - ETA: 1s - loss: 2.0917 - acc: 0.2246
23168/40000 [================>.............] - ETA: 1s - loss: 2.0921 - acc: 0.2241
23808/40000 [================>.............] - ETA: 1s - loss: 2.0923 - acc: 0.2236
24448/40000 [=================>............] - ETA: 1s - loss: 2.0923 - acc: 0.2232
25088/40000 [=================>............] - ETA: 1s - loss: 2.0923 - acc: 0.2237
25728/40000 [==================>...........] - ETA: 1s - loss: 2.0912 - acc: 0.2243
26368/40000 [==================>...........] - ETA: 1s - loss: 2.0906 - acc: 0.2240
27008/40000 [===================>..........] - ETA: 1s - loss: 2.0914 - acc: 0.2239
27648/40000 [===================>..........] - ETA: 1s - loss: 2.0911 - acc: 0.2242
28288/40000 [====================>.........] - ETA: 0s - loss: 2.0915 - acc: 0.2238
28928/40000 [====================>.........] - ETA: 0s - loss: 2.0911 - acc: 0.2236
29568/40000 [=====================>........] - ETA: 0s - loss: 2.0908 - acc: 0.2237
30208/40000 [=====================>........] - ETA: 0s - loss: 2.0908 - acc: 0.2236
30848/40000 [======================>.......] - ETA: 0s - loss: 2.0905 - acc: 0.2237
31488/40000 [======================>.......] - ETA: 0s - loss: 2.0912 - acc: 0.2237
32128/40000 [=======================>......] - ETA: 0s - loss: 2.0911 - acc: 0.2235
32768/40000 [=======================>......] - ETA: 0s - loss: 2.0908 - acc: 0.2236
33408/40000 [========================>.....] - ETA: 0s - loss: 2.0906 - acc: 0.2243
34048/40000 [========================>.....] - ETA: 0s - loss: 2.0899 - acc: 0.2243
34688/40000 [=========================>....] - ETA: 0s - loss: 2.0897 - acc: 0.2242
35328/40000 [=========================>....] - ETA: 0s - loss: 2.0898 - acc: 0.2241
35968/40000 [=========================>....] - ETA: 0s - loss: 2.0898 - acc: 0.2244
36608/40000 [==========================>...] - ETA: 0s - loss: 2.0889 - acc: 0.2245
37248/40000 [==========================>...] - ETA: 0s - loss: 2.0893 - acc: 0.2244
37888/40000 [===========================>..] - ETA: 0s - loss: 2.0897 - acc: 0.2242
38528/40000 [===========================>..] - ETA: 0s - loss: 2.0898 - acc: 0.2238
39168/40000 [============================>.] - ETA: 0s - loss: 2.0898 - acc: 0.2242
39808/40000 [============================>.] - ETA: 0s - loss: 2.0901 - acc: 0.2238
40000/40000 [==============================] - 5s 126us/step - loss: 2.0902 - acc: 0.2237 - val_loss: 14.4676 - val_acc: 0.1024
Epoch 10/1000

  128/40000 [..............................] - ETA: 3s - loss: 2.1436 - acc: 0.2031
  768/40000 [..............................] - ETA: 3s - loss: 2.1047 - acc: 0.2357
 1408/40000 [>.............................] - ETA: 3s - loss: 2.1039 - acc: 0.2223
 2048/40000 [>.............................] - ETA: 3s - loss: 2.1024 - acc: 0.2295
 2688/40000 [=>............................] - ETA: 3s - loss: 2.0972 - acc: 0.2266
 3328/40000 [=>............................] - ETA: 2s - loss: 2.1011 - acc: 0.2221
 3968/40000 [=>............................] - ETA: 2s - loss: 2.0988 - acc: 0.2208
 4608/40000 [==>...........................] - ETA: 2s - loss: 2.0974 - acc: 0.2218
 5248/40000 [==>...........................] - ETA: 2s - loss: 2.0933 - acc: 0.2252
 5888/40000 [===>..........................] - ETA: 2s - loss: 2.0840 - acc: 0.2261
 6528/40000 [===>..........................] - ETA: 2s - loss: 2.0835 - acc: 0.2272
 7168/40000 [====>.........................] - ETA: 2s - loss: 2.0836 - acc: 0.2252
 7808/40000 [====>.........................] - ETA: 2s - loss: 2.0856 - acc: 0.2239
 8448/40000 [=====>........................] - ETA: 2s - loss: 2.0873 - acc: 0.2247
 9088/40000 [=====>........................] - ETA: 2s - loss: 2.0910 - acc: 0.2224
 9728/40000 [======>.......................] - ETA: 2s - loss: 2.0924 - acc: 0.2222
10368/40000 [======>.......................] - ETA: 2s - loss: 2.0943 - acc: 0.2215
11008/40000 [=======>......................] - ETA: 2s - loss: 2.0922 - acc: 0.2233
11648/40000 [=======>......................] - ETA: 2s - loss: 2.0929 - acc: 0.2236
12288/40000 [========>.....................] - ETA: 2s - loss: 2.0929 - acc: 0.2231
12928/40000 [========>.....................] - ETA: 2s - loss: 2.0951 - acc: 0.2219
13568/40000 [=========>....................] - ETA: 2s - loss: 2.0960 - acc: 0.2216
14208/40000 [=========>....................] - ETA: 2s - loss: 2.0962 - acc: 0.2223
14848/40000 [==========>...................] - ETA: 2s - loss: 2.0937 - acc: 0.2234
15488/40000 [==========>...................] - ETA: 2s - loss: 2.0929 - acc: 0.2241
16128/40000 [===========>..................] - ETA: 1s - loss: 2.0924 - acc: 0.2243
16768/40000 [===========>..................] - ETA: 1s - loss: 2.0935 - acc: 0.2239
17408/40000 [============>.................] - ETA: 1s - loss: 2.0924 - acc: 0.2232
18048/40000 [============>.................] - ETA: 1s - loss: 2.0920 - acc: 0.2234
18688/40000 [=============>................] - ETA: 1s - loss: 2.0917 - acc: 0.2237
19328/40000 [=============>................] - ETA: 1s - loss: 2.0911 - acc: 0.2240
19968/40000 [=============>................] - ETA: 1s - loss: 2.0916 - acc: 0.2239
20608/40000 [==============>...............] - ETA: 1s - loss: 2.0933 - acc: 0.2232
21248/40000 [==============>...............] - ETA: 1s - loss: 2.0936 - acc: 0.2226
21888/40000 [===============>..............] - ETA: 1s - loss: 2.0929 - acc: 0.2230
22528/40000 [===============>..............] - ETA: 1s - loss: 2.0930 - acc: 0.2233
23168/40000 [================>.............] - ETA: 1s - loss: 2.0924 - acc: 0.2235
23808/40000 [================>.............] - ETA: 1s - loss: 2.0919 - acc: 0.2237
24448/40000 [=================>............] - ETA: 1s - loss: 2.0914 - acc: 0.2238
25088/40000 [=================>............] - ETA: 1s - loss: 2.0918 - acc: 0.2235
25728/40000 [==================>...........] - ETA: 1s - loss: 2.0909 - acc: 0.2238
26368/40000 [==================>...........] - ETA: 1s - loss: 2.0910 - acc: 0.2231
27008/40000 [===================>..........] - ETA: 1s - loss: 2.0911 - acc: 0.2226
27648/40000 [===================>..........] - ETA: 1s - loss: 2.0911 - acc: 0.2228
28288/40000 [====================>.........] - ETA: 0s - loss: 2.0913 - acc: 0.2224
28928/40000 [====================>.........] - ETA: 0s - loss: 2.0912 - acc: 0.2231
29568/40000 [=====================>........] - ETA: 0s - loss: 2.0916 - acc: 0.2230
30208/40000 [=====================>........] - ETA: 0s - loss: 2.0914 - acc: 0.2231
30848/40000 [======================>.......] - ETA: 0s - loss: 2.0924 - acc: 0.2227
31488/40000 [======================>.......] - ETA: 0s - loss: 2.0928 - acc: 0.2226
32128/40000 [=======================>......] - ETA: 0s - loss: 2.0932 - acc: 0.2222
32768/40000 [=======================>......] - ETA: 0s - loss: 2.0937 - acc: 0.2219
33408/40000 [========================>.....] - ETA: 0s - loss: 2.0932 - acc: 0.2220
34048/40000 [========================>.....] - ETA: 0s - loss: 2.0932 - acc: 0.2220
34688/40000 [=========================>....] - ETA: 0s - loss: 2.0931 - acc: 0.2227
35328/40000 [=========================>....] - ETA: 0s - loss: 2.0929 - acc: 0.2227
35968/40000 [=========================>....] - ETA: 0s - loss: 2.0932 - acc: 0.2229
36608/40000 [==========================>...] - ETA: 0s - loss: 2.0928 - acc: 0.2231
37248/40000 [==========================>...] - ETA: 0s - loss: 2.0931 - acc: 0.2233
37888/40000 [===========================>..] - ETA: 0s - loss: 2.0924 - acc: 0.2236
38528/40000 [===========================>..] - ETA: 0s - loss: 2.0917 - acc: 0.2240
39168/40000 [============================>.] - ETA: 0s - loss: 2.0919 - acc: 0.2241
39808/40000 [============================>.] - ETA: 0s - loss: 2.0915 - acc: 0.2245
40000/40000 [==============================] - 5s 126us/step - loss: 2.0913 - acc: 0.2246 - val_loss: 14.7513 - val_acc: 0.0848
Epoch 11/1000

  128/40000 [..............................] - ETA: 3s - loss: 1.9794 - acc: 0.2891
  768/40000 [..............................] - ETA: 3s - loss: 2.0376 - acc: 0.2578
 1408/40000 [>.............................] - ETA: 3s - loss: 2.0784 - acc: 0.2401
 2048/40000 [>.............................] - ETA: 3s - loss: 2.0762 - acc: 0.2417
 2688/40000 [=>............................] - ETA: 3s - loss: 2.0756 - acc: 0.2463
 3328/40000 [=>............................] - ETA: 3s - loss: 2.0722 - acc: 0.2488
 3968/40000 [=>............................] - ETA: 2s - loss: 2.0788 - acc: 0.2432
 4608/40000 [==>...........................] - ETA: 2s - loss: 2.0778 - acc: 0.2426
 5248/40000 [==>...........................] - ETA: 2s - loss: 2.0778 - acc: 0.2403
 5888/40000 [===>..........................] - ETA: 2s - loss: 2.0756 - acc: 0.2425
 6528/40000 [===>..........................] - ETA: 2s - loss: 2.0736 - acc: 0.2422
 7168/40000 [====>.........................] - ETA: 2s - loss: 2.0752 - acc: 0.2393
 7808/40000 [====>.........................] - ETA: 2s - loss: 2.0796 - acc: 0.2368
 8448/40000 [=====>........................] - ETA: 2s - loss: 2.0780 - acc: 0.2360
 9088/40000 [=====>........................] - ETA: 2s - loss: 2.0772 - acc: 0.2347
 9728/40000 [======>.......................] - ETA: 2s - loss: 2.0752 - acc: 0.2369
10368/40000 [======>.......................] - ETA: 2s - loss: 2.0740 - acc: 0.2375
11008/40000 [=======>......................] - ETA: 2s - loss: 2.0770 - acc: 0.2368
11648/40000 [=======>......................] - ETA: 2s - loss: 2.0770 - acc: 0.2378
12288/40000 [========>.....................] - ETA: 2s - loss: 2.0768 - acc: 0.2374
12928/40000 [========>.....................] - ETA: 2s - loss: 2.0766 - acc: 0.2371
13568/40000 [=========>....................] - ETA: 2s - loss: 2.0778 - acc: 0.2373
14208/40000 [=========>....................] - ETA: 2s - loss: 2.0774 - acc: 0.2365
14848/40000 [==========>...................] - ETA: 2s - loss: 2.0774 - acc: 0.2370
15488/40000 [==========>...................] - ETA: 2s - loss: 2.0786 - acc: 0.2366
16128/40000 [===========>..................] - ETA: 1s - loss: 2.0795 - acc: 0.2367
16768/40000 [===========>..................] - ETA: 1s - loss: 2.0803 - acc: 0.2352
17408/40000 [============>.................] - ETA: 1s - loss: 2.0814 - acc: 0.2343
18048/40000 [============>.................] - ETA: 1s - loss: 2.0812 - acc: 0.2342
18688/40000 [=============>................] - ETA: 1s - loss: 2.0814 - acc: 0.2338
19328/40000 [=============>................] - ETA: 1s - loss: 2.0806 - acc: 0.2345
19968/40000 [=============>................] - ETA: 1s - loss: 2.0829 - acc: 0.2334
20608/40000 [==============>...............] - ETA: 1s - loss: 2.0830 - acc: 0.2334
21248/40000 [==============>...............] - ETA: 1s - loss: 2.0829 - acc: 0.2333
21888/40000 [===============>..............] - ETA: 1s - loss: 2.0821 - acc: 0.2334
22528/40000 [===============>..............] - ETA: 1s - loss: 2.0821 - acc: 0.2329
23168/40000 [================>.............] - ETA: 1s - loss: 2.0813 - acc: 0.2330
23808/40000 [================>.............] - ETA: 1s - loss: 2.0803 - acc: 0.2333
24448/40000 [=================>............] - ETA: 1s - loss: 2.0810 - acc: 0.2326
25088/40000 [=================>............] - ETA: 1s - loss: 2.0814 - acc: 0.2327
25728/40000 [==================>...........] - ETA: 1s - loss: 2.0804 - acc: 0.2333
26368/40000 [==================>...........] - ETA: 1s - loss: 2.0812 - acc: 0.2332
27008/40000 [===================>..........] - ETA: 1s - loss: 2.0815 - acc: 0.2329
27648/40000 [===================>..........] - ETA: 1s - loss: 2.0812 - acc: 0.2330
28288/40000 [====================>.........] - ETA: 0s - loss: 2.0808 - acc: 0.2328
28928/40000 [====================>.........] - ETA: 0s - loss: 2.0801 - acc: 0.2325
29568/40000 [=====================>........] - ETA: 0s - loss: 2.0806 - acc: 0.2322
30208/40000 [=====================>........] - ETA: 0s - loss: 2.0798 - acc: 0.2324
30848/40000 [======================>.......] - ETA: 0s - loss: 2.0803 - acc: 0.2324
31488/40000 [======================>.......] - ETA: 0s - loss: 2.0805 - acc: 0.2321
32128/40000 [=======================>......] - ETA: 0s - loss: 2.0815 - acc: 0.2318
32768/40000 [=======================>......] - ETA: 0s - loss: 2.0815 - acc: 0.2318
33408/40000 [========================>.....] - ETA: 0s - loss: 2.0813 - acc: 0.2317
34048/40000 [========================>.....] - ETA: 0s - loss: 2.0812 - acc: 0.2317
34688/40000 [=========================>....] - ETA: 0s - loss: 2.0807 - acc: 0.2315
35328/40000 [=========================>....] - ETA: 0s - loss: 2.0804 - acc: 0.2317
35968/40000 [=========================>....] - ETA: 0s - loss: 2.0807 - acc: 0.2317
36608/40000 [==========================>...] - ETA: 0s - loss: 2.0809 - acc: 0.2317
37248/40000 [==========================>...] - ETA: 0s - loss: 2.0804 - acc: 0.2320
37888/40000 [===========================>..] - ETA: 0s - loss: 2.0813 - acc: 0.2316
38528/40000 [===========================>..] - ETA: 0s - loss: 2.0809 - acc: 0.2317
39168/40000 [============================>.] - ETA: 0s - loss: 2.0819 - acc: 0.2311
39808/40000 [============================>.] - ETA: 0s - loss: 2.0816 - acc: 0.2313
40000/40000 [==============================] - 5s 126us/step - loss: 2.0817 - acc: 0.2312 - val_loss: 14.5980 - val_acc: 0.0939
Epoch 12/1000

  128/40000 [..............................] - ETA: 3s - loss: 1.9999 - acc: 0.2812
  768/40000 [..............................] - ETA: 3s - loss: 2.0916 - acc: 0.2135
 1408/40000 [>.............................] - ETA: 3s - loss: 2.0934 - acc: 0.2188
 2048/40000 [>.............................] - ETA: 3s - loss: 2.0941 - acc: 0.2246
 2688/40000 [=>............................] - ETA: 3s - loss: 2.0894 - acc: 0.2258
 3328/40000 [=>............................] - ETA: 2s - loss: 2.0928 - acc: 0.2257
 3968/40000 [=>............................] - ETA: 2s - loss: 2.0957 - acc: 0.2213
 4608/40000 [==>...........................] - ETA: 2s - loss: 2.0956 - acc: 0.2237
 5248/40000 [==>...........................] - ETA: 2s - loss: 2.0914 - acc: 0.2250
 5888/40000 [===>..........................] - ETA: 2s - loss: 2.0899 - acc: 0.2276
 6528/40000 [===>..........................] - ETA: 2s - loss: 2.0894 - acc: 0.2281
 7168/40000 [====>.........................] - ETA: 2s - loss: 2.0917 - acc: 0.2260
 7808/40000 [====>.........................] - ETA: 2s - loss: 2.0902 - acc: 0.2262
 8448/40000 [=====>........................] - ETA: 2s - loss: 2.0910 - acc: 0.2260
 9088/40000 [=====>........................] - ETA: 2s - loss: 2.0911 - acc: 0.2255
 9728/40000 [======>.......................] - ETA: 2s - loss: 2.0923 - acc: 0.2263
10368/40000 [======>.......................] - ETA: 2s - loss: 2.0941 - acc: 0.2251
11008/40000 [=======>......................] - ETA: 2s - loss: 2.0920 - acc: 0.2261
11648/40000 [=======>......................] - ETA: 2s - loss: 2.0892 - acc: 0.2263
12288/40000 [========>.....................] - ETA: 2s - loss: 2.0888 - acc: 0.2260
12928/40000 [========>.....................] - ETA: 2s - loss: 2.0868 - acc: 0.2262
13568/40000 [=========>....................] - ETA: 2s - loss: 2.0880 - acc: 0.2256
14208/40000 [=========>....................] - ETA: 2s - loss: 2.0855 - acc: 0.2265
14848/40000 [==========>...................] - ETA: 2s - loss: 2.0850 - acc: 0.2269
15488/40000 [==========>...................] - ETA: 2s - loss: 2.0852 - acc: 0.2266
16128/40000 [===========>..................] - ETA: 1s - loss: 2.0837 - acc: 0.2273
16768/40000 [===========>..................] - ETA: 1s - loss: 2.0840 - acc: 0.2274
17408/40000 [============>.................] - ETA: 1s - loss: 2.0851 - acc: 0.2274
18048/40000 [============>.................] - ETA: 1s - loss: 2.0837 - acc: 0.2282
18688/40000 [=============>................] - ETA: 1s - loss: 2.0839 - acc: 0.2276
19328/40000 [=============>................] - ETA: 1s - loss: 2.0845 - acc: 0.2280
19968/40000 [=============>................] - ETA: 1s - loss: 2.0848 - acc: 0.2275
20608/40000 [==============>...............] - ETA: 1s - loss: 2.0853 - acc: 0.2280
21248/40000 [==============>...............] - ETA: 1s - loss: 2.0847 - acc: 0.2282
21888/40000 [===============>..............] - ETA: 1s - loss: 2.0848 - acc: 0.2280
22528/40000 [===============>..............] - ETA: 1s - loss: 2.0850 - acc: 0.2285
23168/40000 [================>.............] - ETA: 1s - loss: 2.0850 - acc: 0.2285
23808/40000 [================>.............] - ETA: 1s - loss: 2.0850 - acc: 0.2289
24448/40000 [=================>............] - ETA: 1s - loss: 2.0859 - acc: 0.2297
25088/40000 [=================>............] - ETA: 1s - loss: 2.0867 - acc: 0.2296
25728/40000 [==================>...........] - ETA: 1s - loss: 2.0861 - acc: 0.2294
26368/40000 [==================>...........] - ETA: 1s - loss: 2.0860 - acc: 0.2294
27008/40000 [===================>..........] - ETA: 1s - loss: 2.0857 - acc: 0.2295
27648/40000 [===================>..........] - ETA: 1s - loss: 2.0850 - acc: 0.2292
28288/40000 [====================>.........] - ETA: 0s - loss: 2.0845 - acc: 0.2295
28928/40000 [====================>.........] - ETA: 0s - loss: 2.0847 - acc: 0.2298
29568/40000 [=====================>........] - ETA: 0s - loss: 2.0845 - acc: 0.2298
30208/40000 [=====================>........] - ETA: 0s - loss: 2.0843 - acc: 0.2300
30848/40000 [======================>.......] - ETA: 0s - loss: 2.0837 - acc: 0.2302
31488/40000 [======================>.......] - ETA: 0s - loss: 2.0831 - acc: 0.2299
32128/40000 [=======================>......] - ETA: 0s - loss: 2.0836 - acc: 0.2296
32768/40000 [=======================>......] - ETA: 0s - loss: 2.0842 - acc: 0.2294
33408/40000 [========================>.....] - ETA: 0s - loss: 2.0841 - acc: 0.2293
34048/40000 [========================>.....] - ETA: 0s - loss: 2.0835 - acc: 0.2294
34688/40000 [=========================>....] - ETA: 0s - loss: 2.0845 - acc: 0.2286
35328/40000 [=========================>....] - ETA: 0s - loss: 2.0847 - acc: 0.2282
35968/40000 [=========================>....] - ETA: 0s - loss: 2.0842 - acc: 0.2283
36608/40000 [==========================>...] - ETA: 0s - loss: 2.0845 - acc: 0.2285
37248/40000 [==========================>...] - ETA: 0s - loss: 2.0834 - acc: 0.2288
37888/40000 [===========================>..] - ETA: 0s - loss: 2.0834 - acc: 0.2284
38528/40000 [===========================>..] - ETA: 0s - loss: 2.0830 - acc: 0.2287
39168/40000 [============================>.] - ETA: 0s - loss: 2.0825 - acc: 0.2287
39808/40000 [============================>.] - ETA: 0s - loss: 2.0830 - acc: 0.2284
40000/40000 [==============================] - 5s 126us/step - loss: 2.0828 - acc: 0.2284 - val_loss: 14.6048 - val_acc: 0.0938
Epoch 13/1000

  128/40000 [..............................] - ETA: 3s - loss: 2.0528 - acc: 0.2109
  768/40000 [..............................] - ETA: 3s - loss: 2.0728 - acc: 0.2161
 1408/40000 [>.............................] - ETA: 3s - loss: 2.0774 - acc: 0.2180
 2048/40000 [>.............................] - ETA: 3s - loss: 2.0761 - acc: 0.2202
 2688/40000 [=>............................] - ETA: 3s - loss: 2.0687 - acc: 0.2288
 3328/40000 [=>............................] - ETA: 3s - loss: 2.0681 - acc: 0.2260
 3968/40000 [=>............................] - ETA: 2s - loss: 2.0663 - acc: 0.2286
 4608/40000 [==>...........................] - ETA: 2s - loss: 2.0668 - acc: 0.2316
 5248/40000 [==>...........................] - ETA: 2s - loss: 2.0634 - acc: 0.2309
 5888/40000 [===>..........................] - ETA: 2s - loss: 2.0620 - acc: 0.2317
 6528/40000 [===>..........................] - ETA: 2s - loss: 2.0667 - acc: 0.2302
 7168/40000 [====>.........................] - ETA: 2s - loss: 2.0663 - acc: 0.2328
 7808/40000 [====>.........................] - ETA: 2s - loss: 2.0665 - acc: 0.2330
 8448/40000 [=====>........................] - ETA: 2s - loss: 2.0679 - acc: 0.2321
 9088/40000 [=====>........................] - ETA: 2s - loss: 2.0681 - acc: 0.2326
 9728/40000 [======>.......................] - ETA: 2s - loss: 2.0695 - acc: 0.2317
10368/40000 [======>.......................] - ETA: 2s - loss: 2.0723 - acc: 0.2292
11008/40000 [=======>......................] - ETA: 2s - loss: 2.0701 - acc: 0.2310
11648/40000 [=======>......................] - ETA: 2s - loss: 2.0693 - acc: 0.2311
12288/40000 [========>.....................] - ETA: 2s - loss: 2.0681 - acc: 0.2334
12928/40000 [========>.....................] - ETA: 2s - loss: 2.0708 - acc: 0.2337
13568/40000 [=========>....................] - ETA: 2s - loss: 2.0704 - acc: 0.2342
14208/40000 [=========>....................] - ETA: 2s - loss: 2.0712 - acc: 0.2341
14848/40000 [==========>...................] - ETA: 2s - loss: 2.0720 - acc: 0.2332
15488/40000 [==========>...................] - ETA: 2s - loss: 2.0725 - acc: 0.2327
16128/40000 [===========>..................] - ETA: 1s - loss: 2.0725 - acc: 0.2336
16768/40000 [===========>..................] - ETA: 1s - loss: 2.0734 - acc: 0.2322
17408/40000 [============>.................] - ETA: 1s - loss: 2.0748 - acc: 0.2321
18048/40000 [============>.................] - ETA: 1s - loss: 2.0755 - acc: 0.2321
18688/40000 [=============>................] - ETA: 1s - loss: 2.0760 - acc: 0.2321
19328/40000 [=============>................] - ETA: 1s - loss: 2.0773 - acc: 0.2321
19968/40000 [=============>................] - ETA: 1s - loss: 2.0778 - acc: 0.2313
20608/40000 [==============>...............] - ETA: 1s - loss: 2.0780 - acc: 0.2315
21248/40000 [==============>...............] - ETA: 1s - loss: 2.0778 - acc: 0.2313
21888/40000 [===============>..............] - ETA: 1s - loss: 2.0768 - acc: 0.2318
22528/40000 [===============>..............] - ETA: 1s - loss: 2.0770 - acc: 0.2312
23168/40000 [================>.............] - ETA: 1s - loss: 2.0774 - acc: 0.2317
23808/40000 [================>.............] - ETA: 1s - loss: 2.0779 - acc: 0.2308
24192/40000 [=================>............] - ETA: 1s - loss: 2.0779 - acc: 0.2308
24704/40000 [=================>............] - ETA: 1s - loss: 2.0781 - acc: 0.2309
25344/40000 [==================>...........] - ETA: 1s - loss: 2.0771 - acc: 0.2310
25984/40000 [==================>...........] - ETA: 1s - loss: 2.0774 - acc: 0.2306
26496/40000 [==================>...........] - ETA: 1s - loss: 2.0769 - acc: 0.2308
27136/40000 [===================>..........] - ETA: 1s - loss: 2.0784 - acc: 0.2302
27776/40000 [===================>..........] - ETA: 1s - loss: 2.0781 - acc: 0.2301
28416/40000 [====================>.........] - ETA: 0s - loss: 2.0787 - acc: 0.2300
29056/40000 [====================>.........] - ETA: 0s - loss: 2.0782 - acc: 0.2296
29696/40000 [=====================>........] - ETA: 0s - loss: 2.0778 - acc: 0.2297
30336/40000 [=====================>........] - ETA: 0s - loss: 2.0784 - acc: 0.2296
30976/40000 [======================>.......] - ETA: 0s - loss: 2.0781 - acc: 0.2298
31616/40000 [======================>.......] - ETA: 0s - loss: 2.0777 - acc: 0.2299
32256/40000 [=======================>......] - ETA: 0s - loss: 2.0777 - acc: 0.2295
32896/40000 [=======================>......] - ETA: 0s - loss: 2.0775 - acc: 0.2291
33536/40000 [========================>.....] - ETA: 0s - loss: 2.0778 - acc: 0.2291
34176/40000 [========================>.....] - ETA: 0s - loss: 2.0779 - acc: 0.2288
34816/40000 [=========================>....] - ETA: 0s - loss: 2.0778 - acc: 0.2291
35456/40000 [=========================>....] - ETA: 0s - loss: 2.0777 - acc: 0.2287
36096/40000 [==========================>...] - ETA: 0s - loss: 2.0780 - acc: 0.2284
36736/40000 [==========================>...] - ETA: 0s - loss: 2.0787 - acc: 0.2287
37376/40000 [===========================>..] - ETA: 0s - loss: 2.0789 - acc: 0.2285
38016/40000 [===========================>..] - ETA: 0s - loss: 2.0787 - acc: 0.2289
38656/40000 [===========================>..] - ETA: 0s - loss: 2.0787 - acc: 0.2287
39296/40000 [============================>.] - ETA: 0s - loss: 2.0794 - acc: 0.2285
39936/40000 [============================>.] - ETA: 0s - loss: 2.0792 - acc: 0.2286
40000/40000 [==============================] - 5s 128us/step - loss: 2.0791 - acc: 0.2288 - val_loss: 14.5208 - val_acc: 0.0991
Epoch 14/1000

  128/40000 [..............................] - ETA: 3s - loss: 2.1432 - acc: 0.1719
  768/40000 [..............................] - ETA: 3s - loss: 2.1171 - acc: 0.2096
 1408/40000 [>.............................] - ETA: 3s - loss: 2.1009 - acc: 0.2266
 2048/40000 [>.............................] - ETA: 3s - loss: 2.1018 - acc: 0.2231
 2688/40000 [=>............................] - ETA: 3s - loss: 2.0872 - acc: 0.2254
 3328/40000 [=>............................] - ETA: 2s - loss: 2.0801 - acc: 0.2284
 3968/40000 [=>............................] - ETA: 2s - loss: 2.0827 - acc: 0.2288
 4608/40000 [==>...........................] - ETA: 2s - loss: 2.0877 - acc: 0.2229
 5248/40000 [==>...........................] - ETA: 2s - loss: 2.0893 - acc: 0.2228
 5888/40000 [===>..........................] - ETA: 2s - loss: 2.0861 - acc: 0.2221
 6528/40000 [===>..........................] - ETA: 2s - loss: 2.0867 - acc: 0.2221
 7168/40000 [====>.........................] - ETA: 2s - loss: 2.0836 - acc: 0.2247
 7808/40000 [====>.........................] - ETA: 2s - loss: 2.0824 - acc: 0.2239
 8448/40000 [=====>........................] - ETA: 2s - loss: 2.0812 - acc: 0.2254
 9088/40000 [=====>........................] - ETA: 2s - loss: 2.0791 - acc: 0.2259
 9728/40000 [======>.......................] - ETA: 2s - loss: 2.0760 - acc: 0.2263
10368/40000 [======>.......................] - ETA: 2s - loss: 2.0758 - acc: 0.2275
11008/40000 [=======>......................] - ETA: 2s - loss: 2.0739 - acc: 0.2289
11648/40000 [=======>......................] - ETA: 2s - loss: 2.0747 - acc: 0.2281
12288/40000 [========>.....................] - ETA: 2s - loss: 2.0731 - acc: 0.2295
12928/40000 [========>.....................] - ETA: 2s - loss: 2.0729 - acc: 0.2291
13568/40000 [=========>....................] - ETA: 2s - loss: 2.0727 - acc: 0.2294
14208/40000 [=========>....................] - ETA: 2s - loss: 2.0731 - acc: 0.2304
14848/40000 [==========>...................] - ETA: 2s - loss: 2.0745 - acc: 0.2311
15488/40000 [==========>...................] - ETA: 1s - loss: 2.0745 - acc: 0.2313
16128/40000 [===========>..................] - ETA: 1s - loss: 2.0741 - acc: 0.2315
16768/40000 [===========>..................] - ETA: 1s - loss: 2.0758 - acc: 0.2307
17408/40000 [============>.................] - ETA: 1s - loss: 2.0737 - acc: 0.2312
18048/40000 [============>.................] - ETA: 1s - loss: 2.0734 - acc: 0.2311
18688/40000 [=============>................] - ETA: 1s - loss: 2.0730 - acc: 0.2308
19328/40000 [=============>................] - ETA: 1s - loss: 2.0752 - acc: 0.2300
19968/40000 [=============>................] - ETA: 1s - loss: 2.0753 - acc: 0.2302
20608/40000 [==============>...............] - ETA: 1s - loss: 2.0750 - acc: 0.2289
21248/40000 [==============>...............] - ETA: 1s - loss: 2.0743 - acc: 0.2292
21888/40000 [===============>..............] - ETA: 1s - loss: 2.0738 - acc: 0.2294
22528/40000 [===============>..............] - ETA: 1s - loss: 2.0744 - acc: 0.2292
23168/40000 [================>.............] - ETA: 1s - loss: 2.0754 - acc: 0.2288
23808/40000 [================>.............] - ETA: 1s - loss: 2.0742 - acc: 0.2292
24448/40000 [=================>............] - ETA: 1s - loss: 2.0737 - acc: 0.2292
25088/40000 [=================>............] - ETA: 1s - loss: 2.0738 - acc: 0.2300
25728/40000 [==================>...........] - ETA: 1s - loss: 2.0735 - acc: 0.2303
26368/40000 [==================>...........] - ETA: 1s - loss: 2.0738 - acc: 0.2304
27008/40000 [===================>..........] - ETA: 1s - loss: 2.0741 - acc: 0.2307
27648/40000 [===================>..........] - ETA: 1s - loss: 2.0743 - acc: 0.2307
28288/40000 [====================>.........] - ETA: 0s - loss: 2.0740 - acc: 0.2309
28928/40000 [====================>.........] - ETA: 0s - loss: 2.0742 - acc: 0.2304
29568/40000 [=====================>........] - ETA: 0s - loss: 2.0742 - acc: 0.2310
30208/40000 [=====================>........] - ETA: 0s - loss: 2.0737 - acc: 0.2312
30848/40000 [======================>.......] - ETA: 0s - loss: 2.0742 - acc: 0.2312
31488/40000 [======================>.......] - ETA: 0s - loss: 2.0732 - acc: 0.2315
32128/40000 [=======================>......] - ETA: 0s - loss: 2.0737 - acc: 0.2316
32768/40000 [=======================>......] - ETA: 0s - loss: 2.0727 - acc: 0.2324
33408/40000 [========================>.....] - ETA: 0s - loss: 2.0727 - acc: 0.2323
34048/40000 [========================>.....] - ETA: 0s - loss: 2.0726 - acc: 0.2322
34688/40000 [=========================>....] - ETA: 0s - loss: 2.0728 - acc: 0.2320
35328/40000 [=========================>....] - ETA: 0s - loss: 2.0734 - acc: 0.2317
35968/40000 [=========================>....] - ETA: 0s - loss: 2.0739 - acc: 0.2319
36608/40000 [==========================>...] - ETA: 0s - loss: 2.0736 - acc: 0.2325
37248/40000 [==========================>...] - ETA: 0s - loss: 2.0735 - acc: 0.2328
37888/40000 [===========================>..] - ETA: 0s - loss: 2.0732 - acc: 0.2329
38528/40000 [===========================>..] - ETA: 0s - loss: 2.0736 - acc: 0.2325
39168/40000 [============================>.] - ETA: 0s - loss: 2.0729 - acc: 0.2329
39808/40000 [============================>.] - ETA: 0s - loss: 2.0731 - acc: 0.2332
40000/40000 [==============================] - 5s 126us/step - loss: 2.0727 - acc: 0.2335 - val_loss: 14.6965 - val_acc: 0.0879
Epoch 15/1000

  128/40000 [..............................] - ETA: 3s - loss: 1.9913 - acc: 0.2656
  768/40000 [..............................] - ETA: 3s - loss: 2.0743 - acc: 0.2357
 1408/40000 [>.............................] - ETA: 3s - loss: 2.0809 - acc: 0.2365
 2048/40000 [>.............................] - ETA: 3s - loss: 2.0939 - acc: 0.2324
 2688/40000 [=>............................] - ETA: 3s - loss: 2.0843 - acc: 0.2321
 3328/40000 [=>............................] - ETA: 2s - loss: 2.0877 - acc: 0.2341
 3968/40000 [=>............................] - ETA: 2s - loss: 2.0815 - acc: 0.2361
 4608/40000 [==>...........................] - ETA: 2s - loss: 2.0833 - acc: 0.2381
 5248/40000 [==>...........................] - ETA: 2s - loss: 2.0782 - acc: 0.2370
 5888/40000 [===>..........................] - ETA: 2s - loss: 2.0831 - acc: 0.2342
 6528/40000 [===>..........................] - ETA: 2s - loss: 2.0814 - acc: 0.2336
 7168/40000 [====>.........................] - ETA: 2s - loss: 2.0815 - acc: 0.2324
 7808/40000 [====>.........................] - ETA: 2s - loss: 2.0805 - acc: 0.2327
 8448/40000 [=====>........................] - ETA: 2s - loss: 2.0772 - acc: 0.2347
 9088/40000 [=====>........................] - ETA: 2s - loss: 2.0766 - acc: 0.2348
 9728/40000 [======>.......................] - ETA: 2s - loss: 2.0761 - acc: 0.2361
10368/40000 [======>.......................] - ETA: 2s - loss: 2.0767 - acc: 0.2355
11008/40000 [=======>......................] - ETA: 2s - loss: 2.0755 - acc: 0.2366
11648/40000 [=======>......................] - ETA: 2s - loss: 2.0748 - acc: 0.2370
12288/40000 [========>.....................] - ETA: 2s - loss: 2.0733 - acc: 0.2368
12928/40000 [========>.....................] - ETA: 2s - loss: 2.0718 - acc: 0.2379
13568/40000 [=========>....................] - ETA: 2s - loss: 2.0703 - acc: 0.2388
14208/40000 [=========>....................] - ETA: 2s - loss: 2.0694 - acc: 0.2394
14848/40000 [==========>...................] - ETA: 2s - loss: 2.0701 - acc: 0.2385
15488/40000 [==========>...................] - ETA: 1s - loss: 2.0701 - acc: 0.2382
16128/40000 [===========>..................] - ETA: 1s - loss: 2.0724 - acc: 0.2371
16768/40000 [===========>..................] - ETA: 1s - loss: 2.0731 - acc: 0.2363
17408/40000 [============>.................] - ETA: 1s - loss: 2.0732 - acc: 0.2360
18048/40000 [============>.................] - ETA: 1s - loss: 2.0717 - acc: 0.2367
18688/40000 [=============>................] - ETA: 1s - loss: 2.0710 - acc: 0.2373
19328/40000 [=============>................] - ETA: 1s - loss: 2.0704 - acc: 0.2372
19968/40000 [=============>................] - ETA: 1s - loss: 2.0713 - acc: 0.2375
20608/40000 [==============>...............] - ETA: 1s - loss: 2.0720 - acc: 0.2356
21248/40000 [==============>...............] - ETA: 1s - loss: 2.0711 - acc: 0.2358
21888/40000 [===============>..............] - ETA: 1s - loss: 2.0716 - acc: 0.2357
22528/40000 [===============>..............] - ETA: 1s - loss: 2.0722 - acc: 0.2352
23168/40000 [================>.............] - ETA: 1s - loss: 2.0732 - acc: 0.2350
23808/40000 [================>.............] - ETA: 1s - loss: 2.0726 - acc: 0.2351
24448/40000 [=================>............] - ETA: 1s - loss: 2.0725 - acc: 0.2356
25088/40000 [=================>............] - ETA: 1s - loss: 2.0713 - acc: 0.2360
25728/40000 [==================>...........] - ETA: 1s - loss: 2.0717 - acc: 0.2357
26368/40000 [==================>...........] - ETA: 1s - loss: 2.0728 - acc: 0.2355
27008/40000 [===================>..........] - ETA: 1s - loss: 2.0729 - acc: 0.2357
27648/40000 [===================>..........] - ETA: 1s - loss: 2.0740 - acc: 0.2351
28288/40000 [====================>.........] - ETA: 0s - loss: 2.0739 - acc: 0.2354
28928/40000 [====================>.........] - ETA: 0s - loss: 2.0733 - acc: 0.2351
29568/40000 [=====================>........] - ETA: 0s - loss: 2.0727 - acc: 0.2350
30208/40000 [=====================>........] - ETA: 0s - loss: 2.0728 - acc: 0.2342
30848/40000 [======================>.......] - ETA: 0s - loss: 2.0729 - acc: 0.2342
31488/40000 [======================>.......] - ETA: 0s - loss: 2.0721 - acc: 0.2351
32128/40000 [=======================>......] - ETA: 0s - loss: 2.0718 - acc: 0.2356
32768/40000 [=======================>......] - ETA: 0s - loss: 2.0720 - acc: 0.2359
33408/40000 [========================>.....] - ETA: 0s - loss: 2.0722 - acc: 0.2355
34048/40000 [========================>.....] - ETA: 0s - loss: 2.0719 - acc: 0.2356
34688/40000 [=========================>....] - ETA: 0s - loss: 2.0717 - acc: 0.2358
35328/40000 [=========================>....] - ETA: 0s - loss: 2.0711 - acc: 0.2355
35968/40000 [=========================>....] - ETA: 0s - loss: 2.0710 - acc: 0.2349
36608/40000 [==========================>...] - ETA: 0s - loss: 2.0705 - acc: 0.2351
37248/40000 [==========================>...] - ETA: 0s - loss: 2.0707 - acc: 0.2352
37888/40000 [===========================>..] - ETA: 0s - loss: 2.0698 - acc: 0.2351
38528/40000 [===========================>..] - ETA: 0s - loss: 2.0694 - acc: 0.2353
39168/40000 [============================>.] - ETA: 0s - loss: 2.0700 - acc: 0.2356
39808/40000 [============================>.] - ETA: 0s - loss: 2.0702 - acc: 0.2352
40000/40000 [==============================] - 5s 126us/step - loss: 2.0703 - acc: 0.2353 - val_loss: 14.5183 - val_acc: 0.0987

   32/10000 [..............................] - ETA: 7s
  128/10000 [..............................] - ETA: 7s
  224/10000 [..............................] - ETA: 6s
  320/10000 [..............................] - ETA: 6s
  416/10000 [>.............................] - ETA: 6s
  512/10000 [>.............................] - ETA: 6s
  608/10000 [>.............................] - ETA: 6s
  704/10000 [=>............................] - ETA: 6s
  800/10000 [=>............................] - ETA: 6s
  896/10000 [=>............................] - ETA: 6s
  992/10000 [=>............................] - ETA: 6s
 1088/10000 [==>...........................] - ETA: 6s
 1184/10000 [==>...........................] - ETA: 6s
 1280/10000 [==>...........................] - ETA: 6s
 1376/10000 [===>..........................] - ETA: 6s
 1472/10000 [===>..........................] - ETA: 5s
 1568/10000 [===>..........................] - ETA: 5s
 1664/10000 [===>..........................] - ETA: 5s
 1760/10000 [====>.........................] - ETA: 5s
 1856/10000 [====>.........................] - ETA: 5s
 1952/10000 [====>.........................] - ETA: 5s
 2048/10000 [=====>........................] - ETA: 5s
 2144/10000 [=====>........................] - ETA: 5s
 2240/10000 [=====>........................] - ETA: 5s
 2336/10000 [======>.......................] - ETA: 5s
 2432/10000 [======>.......................] - ETA: 5s
 2528/10000 [======>.......................] - ETA: 5s
 2624/10000 [======>.......................] - ETA: 5s
 2720/10000 [=======>......................] - ETA: 5s
 2816/10000 [=======>......................] - ETA: 4s
 2912/10000 [=======>......................] - ETA: 4s
 3008/10000 [========>.....................] - ETA: 4s
 3104/10000 [========>.....................] - ETA: 4s
 3200/10000 [========>.....................] - ETA: 4s
 3296/10000 [========>.....................] - ETA: 4s
 3392/10000 [=========>....................] - ETA: 4s
 3488/10000 [=========>....................] - ETA: 4s
 3584/10000 [=========>....................] - ETA: 4s
 3680/10000 [==========>...................] - ETA: 4s
 3776/10000 [==========>...................] - ETA: 4s
 3872/10000 [==========>...................] - ETA: 4s
 3968/10000 [==========>...................] - ETA: 4s
 4064/10000 [===========>..................] - ETA: 4s
 4160/10000 [===========>..................] - ETA: 4s
 4256/10000 [===========>..................] - ETA: 4s
 4352/10000 [============>.................] - ETA: 3s
 4448/10000 [============>.................] - ETA: 3s
 4544/10000 [============>.................] - ETA: 3s
 4640/10000 [============>.................] - ETA: 3s
 4736/10000 [=============>................] - ETA: 3s
 4832/10000 [=============>................] - ETA: 3s
 4928/10000 [=============>................] - ETA: 3s
 5024/10000 [==============>...............] - ETA: 3s
 5120/10000 [==============>...............] - ETA: 3s
 5216/10000 [==============>...............] - ETA: 3s
 5312/10000 [==============>...............] - ETA: 3s
 5408/10000 [===============>..............] - ETA: 3s
 5504/10000 [===============>..............] - ETA: 3s
 5600/10000 [===============>..............] - ETA: 3s
 5696/10000 [================>.............] - ETA: 3s
 5792/10000 [================>.............] - ETA: 2s
 5888/10000 [================>.............] - ETA: 2s
 5984/10000 [================>.............] - ETA: 2s
 6080/10000 [=================>............] - ETA: 2s
 6176/10000 [=================>............] - ETA: 2s
 6272/10000 [=================>............] - ETA: 2s
 6368/10000 [==================>...........] - ETA: 2s
 6464/10000 [==================>...........] - ETA: 2s
 6560/10000 [==================>...........] - ETA: 2s
 6656/10000 [==================>...........] - ETA: 2s
 6752/10000 [===================>..........] - ETA: 2s
 6848/10000 [===================>..........] - ETA: 2s
 6944/10000 [===================>..........] - ETA: 2s
 7040/10000 [====================>.........] - ETA: 2s
 7136/10000 [====================>.........] - ETA: 1s
 7232/10000 [====================>.........] - ETA: 1s
 7328/10000 [====================>.........] - ETA: 1s
 7424/10000 [=====================>........] - ETA: 1s
 7520/10000 [=====================>........] - ETA: 1s
 7616/10000 [=====================>........] - ETA: 1s
 7712/10000 [======================>.......] - ETA: 1s
 7808/10000 [======================>.......] - ETA: 1s
 7904/10000 [======================>.......] - ETA: 1s
 8000/10000 [=======================>......] - ETA: 1s
 8096/10000 [=======================>......] - ETA: 1s
 8192/10000 [=======================>......] - ETA: 1s
 8288/10000 [=======================>......] - ETA: 1s
 8384/10000 [========================>.....] - ETA: 1s
 8480/10000 [========================>.....] - ETA: 1s
 8576/10000 [========================>.....] - ETA: 0s
 8672/10000 [=========================>....] - ETA: 0s
 8768/10000 [=========================>....] - ETA: 0s
 8864/10000 [=========================>....] - ETA: 0s
 8960/10000 [=========================>....] - ETA: 0s
 9056/10000 [==========================>...] - ETA: 0s
 9152/10000 [==========================>...] - ETA: 0s
 9248/10000 [==========================>...] - ETA: 0s
 9344/10000 [===========================>..] - ETA: 0s
 9440/10000 [===========================>..] - ETA: 0s
 9536/10000 [===========================>..] - ETA: 0s
 9632/10000 [===========================>..] - ETA: 0s
 9728/10000 [============================>.] - ETA: 0s
 9824/10000 [============================>.] - ETA: 0s
 9920/10000 [============================>.] - ETA: 0s
10000/10000 [==============================] - 7s 699us/step
Test acc: 0.123
Test auc: 0.5127777777777778
Execute epoch: 15
Execute time: 81.22324538230896
