tr_x shape: (40000, 32, 96)
va_x shape: (10000, 32, 96)
te_x shape: (10000, 32, 96)
_________________________________________________________________
Layer (type)                 Output Shape              Param #   
=================================================================
lstm_1 (LSTM)                (None, None, 50)          29400     
_________________________________________________________________
lstm_2 (LSTM)                (None, None, 50)          20200     
_________________________________________________________________
lstm_3 (LSTM)                (None, 50)                20200     
_________________________________________________________________
dense_1 (Dense)              (None, 10)                510       
=================================================================
Total params: 70,310
Trainable params: 70,310
Non-trainable params: 0
_________________________________________________________________
Train on 40000 samples, validate on 10000 samples
Epoch 1/1000

  128/40000 [..............................] - ETA: 16:34 - loss: 2.3032 - acc: 0.0625
  768/40000 [..............................] - ETA: 2:45 - loss: 2.3028 - acc: 0.0846 
 1408/40000 [>.............................] - ETA: 1:30 - loss: 2.3028 - acc: 0.0845
 2048/40000 [>.............................] - ETA: 1:02 - loss: 2.3027 - acc: 0.0938
 2688/40000 [=>............................] - ETA: 47s - loss: 2.3027 - acc: 0.0926 
 3328/40000 [=>............................] - ETA: 38s - loss: 2.3026 - acc: 0.0944
 3968/40000 [=>............................] - ETA: 31s - loss: 2.3027 - acc: 0.0955
 4608/40000 [==>...........................] - ETA: 27s - loss: 2.3026 - acc: 0.0992
 5248/40000 [==>...........................] - ETA: 23s - loss: 2.3025 - acc: 0.1004
 5888/40000 [===>..........................] - ETA: 21s - loss: 2.3024 - acc: 0.1046
 6528/40000 [===>..........................] - ETA: 19s - loss: 2.3023 - acc: 0.1057
 7168/40000 [====>.........................] - ETA: 17s - loss: 2.3020 - acc: 0.1074
 7808/40000 [====>.........................] - ETA: 15s - loss: 2.3013 - acc: 0.1095
 8448/40000 [=====>........................] - ETA: 14s - loss: 2.3006 - acc: 0.1090
 9088/40000 [=====>........................] - ETA: 13s - loss: 2.2997 - acc: 0.1093
 9728/40000 [======>.......................] - ETA: 12s - loss: 2.2988 - acc: 0.1115
10368/40000 [======>.......................] - ETA: 11s - loss: 2.2973 - acc: 0.1147
11008/40000 [=======>......................] - ETA: 10s - loss: 2.2958 - acc: 0.1171
11648/40000 [=======>......................] - ETA: 10s - loss: 2.2935 - acc: 0.1192
12288/40000 [========>.....................] - ETA: 9s - loss: 2.2917 - acc: 0.1191 
12928/40000 [========>.....................] - ETA: 8s - loss: 2.2889 - acc: 0.1215
13568/40000 [=========>....................] - ETA: 8s - loss: 2.2870 - acc: 0.1224
14208/40000 [=========>....................] - ETA: 7s - loss: 2.2849 - acc: 0.1232
14848/40000 [==========>...................] - ETA: 7s - loss: 2.2826 - acc: 0.1234
15488/40000 [==========>...................] - ETA: 7s - loss: 2.2802 - acc: 0.1245
16128/40000 [===========>..................] - ETA: 6s - loss: 2.2780 - acc: 0.1254
16768/40000 [===========>..................] - ETA: 6s - loss: 2.2768 - acc: 0.1268
17408/40000 [============>.................] - ETA: 5s - loss: 2.2748 - acc: 0.1283
18048/40000 [============>.................] - ETA: 5s - loss: 2.2731 - acc: 0.1290
18688/40000 [=============>................] - ETA: 5s - loss: 2.2704 - acc: 0.1302
19328/40000 [=============>................] - ETA: 5s - loss: 2.2681 - acc: 0.1316
19968/40000 [=============>................] - ETA: 4s - loss: 2.2663 - acc: 0.1324
20608/40000 [==============>...............] - ETA: 4s - loss: 2.2652 - acc: 0.1334
21248/40000 [==============>...............] - ETA: 4s - loss: 2.2646 - acc: 0.1337
21888/40000 [===============>..............] - ETA: 4s - loss: 2.2634 - acc: 0.1341
22528/40000 [===============>..............] - ETA: 3s - loss: 2.2622 - acc: 0.1352
23168/40000 [================>.............] - ETA: 3s - loss: 2.2604 - acc: 0.1357
23808/40000 [================>.............] - ETA: 3s - loss: 2.2587 - acc: 0.1361
24448/40000 [=================>............] - ETA: 3s - loss: 2.2569 - acc: 0.1374
25088/40000 [=================>............] - ETA: 3s - loss: 2.2564 - acc: 0.1386
25728/40000 [==================>...........] - ETA: 2s - loss: 2.2549 - acc: 0.1397
26368/40000 [==================>...........] - ETA: 2s - loss: 2.2541 - acc: 0.1401
27008/40000 [===================>..........] - ETA: 2s - loss: 2.2543 - acc: 0.1402
27648/40000 [===================>..........] - ETA: 2s - loss: 2.2536 - acc: 0.1404
28288/40000 [====================>.........] - ETA: 2s - loss: 2.2524 - acc: 0.1415
28928/40000 [====================>.........] - ETA: 2s - loss: 2.2515 - acc: 0.1420
29568/40000 [=====================>........] - ETA: 1s - loss: 2.2502 - acc: 0.1426
30208/40000 [=====================>........] - ETA: 1s - loss: 2.2494 - acc: 0.1436
30848/40000 [======================>.......] - ETA: 1s - loss: 2.2479 - acc: 0.1447
31488/40000 [======================>.......] - ETA: 1s - loss: 2.2466 - acc: 0.1453
32128/40000 [=======================>......] - ETA: 1s - loss: 2.2455 - acc: 0.1459
32768/40000 [=======================>......] - ETA: 1s - loss: 2.2448 - acc: 0.1465
33408/40000 [========================>.....] - ETA: 1s - loss: 2.2436 - acc: 0.1471
34048/40000 [========================>.....] - ETA: 1s - loss: 2.2427 - acc: 0.1476
34688/40000 [=========================>....] - ETA: 0s - loss: 2.2419 - acc: 0.1477
35328/40000 [=========================>....] - ETA: 0s - loss: 2.2409 - acc: 0.1487
35968/40000 [=========================>....] - ETA: 0s - loss: 2.2402 - acc: 0.1494
36608/40000 [==========================>...] - ETA: 0s - loss: 2.2385 - acc: 0.1501
37248/40000 [==========================>...] - ETA: 0s - loss: 2.2379 - acc: 0.1506
37888/40000 [===========================>..] - ETA: 0s - loss: 2.2368 - acc: 0.1511
38528/40000 [===========================>..] - ETA: 0s - loss: 2.2356 - acc: 0.1516
39168/40000 [============================>.] - ETA: 0s - loss: 2.2349 - acc: 0.1519
39808/40000 [============================>.] - ETA: 0s - loss: 2.2337 - acc: 0.1528
40000/40000 [==============================] - 8s 210us/step - loss: 2.2332 - acc: 0.1531 - val_loss: 14.5837 - val_acc: 0.0952
Epoch 2/1000

  128/40000 [..............................] - ETA: 3s - loss: 2.2195 - acc: 0.1953
  768/40000 [..............................] - ETA: 3s - loss: 2.1880 - acc: 0.1914
 1408/40000 [>.............................] - ETA: 3s - loss: 2.1929 - acc: 0.1790
 2048/40000 [>.............................] - ETA: 3s - loss: 2.1980 - acc: 0.1748
 2688/40000 [=>............................] - ETA: 3s - loss: 2.1984 - acc: 0.1749
 3328/40000 [=>............................] - ETA: 2s - loss: 2.1916 - acc: 0.1797
 3968/40000 [=>............................] - ETA: 2s - loss: 2.1880 - acc: 0.1802
 4608/40000 [==>...........................] - ETA: 2s - loss: 2.1836 - acc: 0.1851
 5248/40000 [==>...........................] - ETA: 2s - loss: 2.1860 - acc: 0.1841
 5888/40000 [===>..........................] - ETA: 2s - loss: 2.1873 - acc: 0.1850
 6528/40000 [===>..........................] - ETA: 2s - loss: 2.1873 - acc: 0.1863
 7168/40000 [====>.........................] - ETA: 2s - loss: 2.1853 - acc: 0.1871
 7808/40000 [====>.........................] - ETA: 2s - loss: 2.1848 - acc: 0.1872
 8448/40000 [=====>........................] - ETA: 2s - loss: 2.1850 - acc: 0.1882
 9088/40000 [=====>........................] - ETA: 2s - loss: 2.1843 - acc: 0.1882
 9728/40000 [======>.......................] - ETA: 2s - loss: 2.1826 - acc: 0.1873
10368/40000 [======>.......................] - ETA: 2s - loss: 2.1804 - acc: 0.1881
11008/40000 [=======>......................] - ETA: 2s - loss: 2.1801 - acc: 0.1874
11648/40000 [=======>......................] - ETA: 2s - loss: 2.1804 - acc: 0.1873
12288/40000 [========>.....................] - ETA: 2s - loss: 2.1792 - acc: 0.1873
12928/40000 [========>.....................] - ETA: 2s - loss: 2.1794 - acc: 0.1879
13568/40000 [=========>....................] - ETA: 2s - loss: 2.1795 - acc: 0.1871
14208/40000 [=========>....................] - ETA: 2s - loss: 2.1774 - acc: 0.1878
14848/40000 [==========>...................] - ETA: 2s - loss: 2.1765 - acc: 0.1885
15488/40000 [==========>...................] - ETA: 1s - loss: 2.1765 - acc: 0.1890
16128/40000 [===========>..................] - ETA: 1s - loss: 2.1775 - acc: 0.1887
16768/40000 [===========>..................] - ETA: 1s - loss: 2.1767 - acc: 0.1880
17408/40000 [============>.................] - ETA: 1s - loss: 2.1765 - acc: 0.1869
18048/40000 [============>.................] - ETA: 1s - loss: 2.1773 - acc: 0.1858
18688/40000 [=============>................] - ETA: 1s - loss: 2.1783 - acc: 0.1849
19328/40000 [=============>................] - ETA: 1s - loss: 2.1774 - acc: 0.1853
19968/40000 [=============>................] - ETA: 1s - loss: 2.1781 - acc: 0.1852
20608/40000 [==============>...............] - ETA: 1s - loss: 2.1779 - acc: 0.1854
21248/40000 [==============>...............] - ETA: 1s - loss: 2.1779 - acc: 0.1848
21888/40000 [===============>..............] - ETA: 1s - loss: 2.1773 - acc: 0.1853
22528/40000 [===============>..............] - ETA: 1s - loss: 2.1776 - acc: 0.1846
23168/40000 [================>.............] - ETA: 1s - loss: 2.1775 - acc: 0.1850
23808/40000 [================>.............] - ETA: 1s - loss: 2.1777 - acc: 0.1854
24448/40000 [=================>............] - ETA: 1s - loss: 2.1772 - acc: 0.1859
25088/40000 [=================>............] - ETA: 1s - loss: 2.1760 - acc: 0.1867
25728/40000 [==================>...........] - ETA: 1s - loss: 2.1755 - acc: 0.1870
26368/40000 [==================>...........] - ETA: 1s - loss: 2.1751 - acc: 0.1869
27008/40000 [===================>..........] - ETA: 1s - loss: 2.1737 - acc: 0.1871
27648/40000 [===================>..........] - ETA: 1s - loss: 2.1734 - acc: 0.1867
28288/40000 [====================>.........] - ETA: 0s - loss: 2.1728 - acc: 0.1868
28928/40000 [====================>.........] - ETA: 0s - loss: 2.1726 - acc: 0.1871
29568/40000 [=====================>........] - ETA: 0s - loss: 2.1720 - acc: 0.1875
30208/40000 [=====================>........] - ETA: 0s - loss: 2.1714 - acc: 0.1872
30848/40000 [======================>.......] - ETA: 0s - loss: 2.1719 - acc: 0.1869
31488/40000 [======================>.......] - ETA: 0s - loss: 2.1718 - acc: 0.1869
32128/40000 [=======================>......] - ETA: 0s - loss: 2.1715 - acc: 0.1864
32768/40000 [=======================>......] - ETA: 0s - loss: 2.1707 - acc: 0.1865
33408/40000 [========================>.....] - ETA: 0s - loss: 2.1708 - acc: 0.1872
34048/40000 [========================>.....] - ETA: 0s - loss: 2.1702 - acc: 0.1874
34688/40000 [=========================>....] - ETA: 0s - loss: 2.1700 - acc: 0.1874
35328/40000 [=========================>....] - ETA: 0s - loss: 2.1701 - acc: 0.1872
35968/40000 [=========================>....] - ETA: 0s - loss: 2.1696 - acc: 0.1876
36608/40000 [==========================>...] - ETA: 0s - loss: 2.1700 - acc: 0.1873
37248/40000 [==========================>...] - ETA: 0s - loss: 2.1691 - acc: 0.1873
37888/40000 [===========================>..] - ETA: 0s - loss: 2.1694 - acc: 0.1870
38528/40000 [===========================>..] - ETA: 0s - loss: 2.1693 - acc: 0.1869
39168/40000 [============================>.] - ETA: 0s - loss: 2.1691 - acc: 0.1869
39808/40000 [============================>.] - ETA: 0s - loss: 2.1687 - acc: 0.1870
40000/40000 [==============================] - 5s 125us/step - loss: 2.1688 - acc: 0.1870 - val_loss: 13.6028 - val_acc: 0.1545
Epoch 3/1000

  128/40000 [..............................] - ETA: 3s - loss: 2.2037 - acc: 0.1562
  768/40000 [..............................] - ETA: 3s - loss: 2.1310 - acc: 0.1758
 1408/40000 [>.............................] - ETA: 3s - loss: 2.1446 - acc: 0.1875
 2048/40000 [>.............................] - ETA: 3s - loss: 2.1449 - acc: 0.1855
 2688/40000 [=>............................] - ETA: 3s - loss: 2.1423 - acc: 0.1868
 3328/40000 [=>............................] - ETA: 2s - loss: 2.1421 - acc: 0.1851
 3968/40000 [=>............................] - ETA: 2s - loss: 2.1412 - acc: 0.1883
 4608/40000 [==>...........................] - ETA: 2s - loss: 2.1407 - acc: 0.1890
 5248/40000 [==>...........................] - ETA: 2s - loss: 2.1467 - acc: 0.1867
 5888/40000 [===>..........................] - ETA: 2s - loss: 2.1462 - acc: 0.1890
 6528/40000 [===>..........................] - ETA: 2s - loss: 2.1464 - acc: 0.1886
 7168/40000 [====>.........................] - ETA: 2s - loss: 2.1446 - acc: 0.1925
 7808/40000 [====>.........................] - ETA: 2s - loss: 2.1455 - acc: 0.1924
 8448/40000 [=====>........................] - ETA: 2s - loss: 2.1477 - acc: 0.1915
 9088/40000 [=====>........................] - ETA: 2s - loss: 2.1477 - acc: 0.1915
 9728/40000 [======>.......................] - ETA: 2s - loss: 2.1467 - acc: 0.1931
10368/40000 [======>.......................] - ETA: 2s - loss: 2.1472 - acc: 0.1926
11008/40000 [=======>......................] - ETA: 2s - loss: 2.1473 - acc: 0.1941
11648/40000 [=======>......................] - ETA: 2s - loss: 2.1505 - acc: 0.1930
12288/40000 [========>.....................] - ETA: 2s - loss: 2.1503 - acc: 0.1919
12928/40000 [========>.....................] - ETA: 2s - loss: 2.1508 - acc: 0.1914
13568/40000 [=========>....................] - ETA: 2s - loss: 2.1500 - acc: 0.1910
14208/40000 [=========>....................] - ETA: 2s - loss: 2.1501 - acc: 0.1911
14848/40000 [==========>...................] - ETA: 2s - loss: 2.1497 - acc: 0.1925
15488/40000 [==========>...................] - ETA: 1s - loss: 2.1488 - acc: 0.1932
16128/40000 [===========>..................] - ETA: 1s - loss: 2.1494 - acc: 0.1923
16768/40000 [===========>..................] - ETA: 1s - loss: 2.1487 - acc: 0.1933
17408/40000 [============>.................] - ETA: 1s - loss: 2.1482 - acc: 0.1930
18048/40000 [============>.................] - ETA: 1s - loss: 2.1476 - acc: 0.1934
18688/40000 [=============>................] - ETA: 1s - loss: 2.1474 - acc: 0.1941
19328/40000 [=============>................] - ETA: 1s - loss: 2.1471 - acc: 0.1939
19968/40000 [=============>................] - ETA: 1s - loss: 2.1474 - acc: 0.1937
20608/40000 [==============>...............] - ETA: 1s - loss: 2.1480 - acc: 0.1926
21248/40000 [==============>...............] - ETA: 1s - loss: 2.1482 - acc: 0.1922
21888/40000 [===============>..............] - ETA: 1s - loss: 2.1483 - acc: 0.1923
22528/40000 [===============>..............] - ETA: 1s - loss: 2.1481 - acc: 0.1927
23168/40000 [================>.............] - ETA: 1s - loss: 2.1477 - acc: 0.1930
23808/40000 [================>.............] - ETA: 1s - loss: 2.1486 - acc: 0.1928
24448/40000 [=================>............] - ETA: 1s - loss: 2.1486 - acc: 0.1925
25088/40000 [=================>............] - ETA: 1s - loss: 2.1486 - acc: 0.1928
25728/40000 [==================>...........] - ETA: 1s - loss: 2.1478 - acc: 0.1927
26368/40000 [==================>...........] - ETA: 1s - loss: 2.1471 - acc: 0.1929
27008/40000 [===================>..........] - ETA: 1s - loss: 2.1484 - acc: 0.1922
27648/40000 [===================>..........] - ETA: 0s - loss: 2.1485 - acc: 0.1921
28288/40000 [====================>.........] - ETA: 0s - loss: 2.1485 - acc: 0.1921
28928/40000 [====================>.........] - ETA: 0s - loss: 2.1474 - acc: 0.1923
29568/40000 [=====================>........] - ETA: 0s - loss: 2.1475 - acc: 0.1926
30208/40000 [=====================>........] - ETA: 0s - loss: 2.1473 - acc: 0.1927
30848/40000 [======================>.......] - ETA: 0s - loss: 2.1475 - acc: 0.1928
31488/40000 [======================>.......] - ETA: 0s - loss: 2.1474 - acc: 0.1930
32128/40000 [=======================>......] - ETA: 0s - loss: 2.1474 - acc: 0.1929
32768/40000 [=======================>......] - ETA: 0s - loss: 2.1471 - acc: 0.1930
33408/40000 [========================>.....] - ETA: 0s - loss: 2.1467 - acc: 0.1936
34048/40000 [========================>.....] - ETA: 0s - loss: 2.1470 - acc: 0.1930
34688/40000 [=========================>....] - ETA: 0s - loss: 2.1471 - acc: 0.1933
35328/40000 [=========================>....] - ETA: 0s - loss: 2.1471 - acc: 0.1936
35968/40000 [=========================>....] - ETA: 0s - loss: 2.1473 - acc: 0.1942
36608/40000 [==========================>...] - ETA: 0s - loss: 2.1474 - acc: 0.1940
37248/40000 [==========================>...] - ETA: 0s - loss: 2.1468 - acc: 0.1941
37888/40000 [===========================>..] - ETA: 0s - loss: 2.1469 - acc: 0.1942
38528/40000 [===========================>..] - ETA: 0s - loss: 2.1466 - acc: 0.1943
39168/40000 [============================>.] - ETA: 0s - loss: 2.1464 - acc: 0.1941
39808/40000 [============================>.] - ETA: 0s - loss: 2.1467 - acc: 0.1945
40000/40000 [==============================] - 5s 125us/step - loss: 2.1466 - acc: 0.1945 - val_loss: 14.3839 - val_acc: 0.1075
Epoch 4/1000

  128/40000 [..............................] - ETA: 3s - loss: 2.0962 - acc: 0.2031
  768/40000 [..............................] - ETA: 3s - loss: 2.1220 - acc: 0.1966
 1408/40000 [>.............................] - ETA: 3s - loss: 2.1185 - acc: 0.2010
 2048/40000 [>.............................] - ETA: 3s - loss: 2.1252 - acc: 0.2046
 2688/40000 [=>............................] - ETA: 3s - loss: 2.1329 - acc: 0.2068
 3328/40000 [=>............................] - ETA: 2s - loss: 2.1351 - acc: 0.2085
 3968/40000 [=>............................] - ETA: 2s - loss: 2.1369 - acc: 0.2059
 4608/40000 [==>...........................] - ETA: 2s - loss: 2.1328 - acc: 0.2066
 5248/40000 [==>...........................] - ETA: 2s - loss: 2.1327 - acc: 0.2067
 5888/40000 [===>..........................] - ETA: 2s - loss: 2.1323 - acc: 0.2057
 6528/40000 [===>..........................] - ETA: 2s - loss: 2.1340 - acc: 0.2054
 7168/40000 [====>.........................] - ETA: 2s - loss: 2.1361 - acc: 0.2042
 7808/40000 [====>.........................] - ETA: 2s - loss: 2.1359 - acc: 0.2031
 8448/40000 [=====>........................] - ETA: 2s - loss: 2.1345 - acc: 0.2027
 9088/40000 [=====>........................] - ETA: 2s - loss: 2.1331 - acc: 0.2026
 9728/40000 [======>.......................] - ETA: 2s - loss: 2.1349 - acc: 0.2026
10368/40000 [======>.......................] - ETA: 2s - loss: 2.1332 - acc: 0.2034
11008/40000 [=======>......................] - ETA: 2s - loss: 2.1351 - acc: 0.2025
11648/40000 [=======>......................] - ETA: 2s - loss: 2.1362 - acc: 0.2018
12288/40000 [========>.....................] - ETA: 2s - loss: 2.1378 - acc: 0.2004
12928/40000 [========>.....................] - ETA: 2s - loss: 2.1381 - acc: 0.2006
13568/40000 [=========>....................] - ETA: 2s - loss: 2.1377 - acc: 0.2012
14208/40000 [=========>....................] - ETA: 2s - loss: 2.1373 - acc: 0.2011
14848/40000 [==========>...................] - ETA: 2s - loss: 2.1366 - acc: 0.2002
15488/40000 [==========>...................] - ETA: 1s - loss: 2.1358 - acc: 0.1999
16128/40000 [===========>..................] - ETA: 1s - loss: 2.1357 - acc: 0.1997
16768/40000 [===========>..................] - ETA: 1s - loss: 2.1357 - acc: 0.1998
17408/40000 [============>.................] - ETA: 1s - loss: 2.1359 - acc: 0.2002
18048/40000 [============>.................] - ETA: 1s - loss: 2.1356 - acc: 0.2004
18688/40000 [=============>................] - ETA: 1s - loss: 2.1351 - acc: 0.1988
19328/40000 [=============>................] - ETA: 1s - loss: 2.1355 - acc: 0.1992
19968/40000 [=============>................] - ETA: 1s - loss: 2.1355 - acc: 0.1994
20608/40000 [==============>...............] - ETA: 1s - loss: 2.1355 - acc: 0.1991
21248/40000 [==============>...............] - ETA: 1s - loss: 2.1350 - acc: 0.1989
21888/40000 [===============>..............] - ETA: 1s - loss: 2.1353 - acc: 0.1986
22528/40000 [===============>..............] - ETA: 1s - loss: 2.1352 - acc: 0.1980
23168/40000 [================>.............] - ETA: 1s - loss: 2.1345 - acc: 0.1981
23808/40000 [================>.............] - ETA: 1s - loss: 2.1339 - acc: 0.1981
24448/40000 [=================>............] - ETA: 1s - loss: 2.1333 - acc: 0.1992
25088/40000 [=================>............] - ETA: 1s - loss: 2.1323 - acc: 0.1996
25728/40000 [==================>...........] - ETA: 1s - loss: 2.1328 - acc: 0.1996
26368/40000 [==================>...........] - ETA: 1s - loss: 2.1322 - acc: 0.2004
27008/40000 [===================>..........] - ETA: 1s - loss: 2.1318 - acc: 0.2003
27648/40000 [===================>..........] - ETA: 1s - loss: 2.1313 - acc: 0.2008
28288/40000 [====================>.........] - ETA: 0s - loss: 2.1309 - acc: 0.2009
28928/40000 [====================>.........] - ETA: 0s - loss: 2.1313 - acc: 0.2011
29568/40000 [=====================>........] - ETA: 0s - loss: 2.1309 - acc: 0.2010
30208/40000 [=====================>........] - ETA: 0s - loss: 2.1308 - acc: 0.2015
30848/40000 [======================>.......] - ETA: 0s - loss: 2.1305 - acc: 0.2017
31488/40000 [======================>.......] - ETA: 0s - loss: 2.1304 - acc: 0.2020
32128/40000 [=======================>......] - ETA: 0s - loss: 2.1305 - acc: 0.2028
32768/40000 [=======================>......] - ETA: 0s - loss: 2.1304 - acc: 0.2026
33408/40000 [========================>.....] - ETA: 0s - loss: 2.1296 - acc: 0.2029
34048/40000 [========================>.....] - ETA: 0s - loss: 2.1300 - acc: 0.2030
34688/40000 [=========================>....] - ETA: 0s - loss: 2.1300 - acc: 0.2031
35328/40000 [=========================>....] - ETA: 0s - loss: 2.1300 - acc: 0.2024
35968/40000 [=========================>....] - ETA: 0s - loss: 2.1297 - acc: 0.2027
36608/40000 [==========================>...] - ETA: 0s - loss: 2.1296 - acc: 0.2025
37248/40000 [==========================>...] - ETA: 0s - loss: 2.1286 - acc: 0.2028
37888/40000 [===========================>..] - ETA: 0s - loss: 2.1285 - acc: 0.2028
38528/40000 [===========================>..] - ETA: 0s - loss: 2.1281 - acc: 0.2032
39168/40000 [============================>.] - ETA: 0s - loss: 2.1283 - acc: 0.2029
39808/40000 [============================>.] - ETA: 0s - loss: 2.1278 - acc: 0.2031
40000/40000 [==============================] - 5s 125us/step - loss: 2.1276 - acc: 0.2032 - val_loss: 13.8454 - val_acc: 0.1410
Epoch 5/1000

  128/40000 [..............................] - ETA: 3s - loss: 2.1151 - acc: 0.2656
  768/40000 [..............................] - ETA: 3s - loss: 2.0959 - acc: 0.2357
 1408/40000 [>.............................] - ETA: 3s - loss: 2.1065 - acc: 0.2138
 2048/40000 [>.............................] - ETA: 3s - loss: 2.1140 - acc: 0.2148
 2688/40000 [=>............................] - ETA: 3s - loss: 2.1110 - acc: 0.2173
 3328/40000 [=>............................] - ETA: 2s - loss: 2.1152 - acc: 0.2115
 3968/40000 [=>............................] - ETA: 2s - loss: 2.1150 - acc: 0.2104
 4608/40000 [==>...........................] - ETA: 2s - loss: 2.1133 - acc: 0.2109
 5248/40000 [==>...........................] - ETA: 2s - loss: 2.1116 - acc: 0.2088
 5888/40000 [===>..........................] - ETA: 2s - loss: 2.1126 - acc: 0.2099
 6528/40000 [===>..........................] - ETA: 2s - loss: 2.1118 - acc: 0.2108
 7168/40000 [====>.........................] - ETA: 2s - loss: 2.1130 - acc: 0.2095
 7808/40000 [====>.........................] - ETA: 2s - loss: 2.1168 - acc: 0.2081
 8448/40000 [=====>........................] - ETA: 2s - loss: 2.1177 - acc: 0.2066
 9088/40000 [=====>........................] - ETA: 2s - loss: 2.1184 - acc: 0.2076
 9728/40000 [======>.......................] - ETA: 2s - loss: 2.1180 - acc: 0.2076
10368/40000 [======>.......................] - ETA: 2s - loss: 2.1174 - acc: 0.2078
11008/40000 [=======>......................] - ETA: 2s - loss: 2.1147 - acc: 0.2083
11648/40000 [=======>......................] - ETA: 2s - loss: 2.1142 - acc: 0.2104
12288/40000 [========>.....................] - ETA: 2s - loss: 2.1158 - acc: 0.2109
12928/40000 [========>.....................] - ETA: 2s - loss: 2.1157 - acc: 0.2109
13568/40000 [=========>....................] - ETA: 2s - loss: 2.1141 - acc: 0.2112
14208/40000 [=========>....................] - ETA: 2s - loss: 2.1122 - acc: 0.2121
14848/40000 [==========>...................] - ETA: 2s - loss: 2.1118 - acc: 0.2118
15488/40000 [==========>...................] - ETA: 1s - loss: 2.1117 - acc: 0.2123
16128/40000 [===========>..................] - ETA: 1s - loss: 2.1124 - acc: 0.2122
16768/40000 [===========>..................] - ETA: 1s - loss: 2.1123 - acc: 0.2128
17408/40000 [============>.................] - ETA: 1s - loss: 2.1121 - acc: 0.2125
18048/40000 [============>.................] - ETA: 1s - loss: 2.1122 - acc: 0.2125
18688/40000 [=============>................] - ETA: 1s - loss: 2.1129 - acc: 0.2128
19328/40000 [=============>................] - ETA: 1s - loss: 2.1143 - acc: 0.2126
19968/40000 [=============>................] - ETA: 1s - loss: 2.1141 - acc: 0.2137
20608/40000 [==============>...............] - ETA: 1s - loss: 2.1148 - acc: 0.2133
21248/40000 [==============>...............] - ETA: 1s - loss: 2.1150 - acc: 0.2130
21888/40000 [===============>..............] - ETA: 1s - loss: 2.1141 - acc: 0.2136
22528/40000 [===============>..............] - ETA: 1s - loss: 2.1152 - acc: 0.2136
23168/40000 [================>.............] - ETA: 1s - loss: 2.1145 - acc: 0.2139
23808/40000 [================>.............] - ETA: 1s - loss: 2.1144 - acc: 0.2143
24448/40000 [=================>............] - ETA: 1s - loss: 2.1145 - acc: 0.2145
25088/40000 [=================>............] - ETA: 1s - loss: 2.1138 - acc: 0.2150
25728/40000 [==================>...........] - ETA: 1s - loss: 2.1138 - acc: 0.2147
26368/40000 [==================>...........] - ETA: 1s - loss: 2.1147 - acc: 0.2142
27008/40000 [===================>..........] - ETA: 1s - loss: 2.1140 - acc: 0.2147
27648/40000 [===================>..........] - ETA: 0s - loss: 2.1127 - acc: 0.2150
28288/40000 [====================>.........] - ETA: 0s - loss: 2.1132 - acc: 0.2148
28928/40000 [====================>.........] - ETA: 0s - loss: 2.1130 - acc: 0.2145
29568/40000 [=====================>........] - ETA: 0s - loss: 2.1126 - acc: 0.2146
30208/40000 [=====================>........] - ETA: 0s - loss: 2.1131 - acc: 0.2140
30848/40000 [======================>.......] - ETA: 0s - loss: 2.1131 - acc: 0.2140
31488/40000 [======================>.......] - ETA: 0s - loss: 2.1141 - acc: 0.2135
32128/40000 [=======================>......] - ETA: 0s - loss: 2.1138 - acc: 0.2136
32768/40000 [=======================>......] - ETA: 0s - loss: 2.1141 - acc: 0.2134
33408/40000 [========================>.....] - ETA: 0s - loss: 2.1141 - acc: 0.2135
34048/40000 [========================>.....] - ETA: 0s - loss: 2.1136 - acc: 0.2136
34688/40000 [=========================>....] - ETA: 0s - loss: 2.1141 - acc: 0.2134
35328/40000 [=========================>....] - ETA: 0s - loss: 2.1138 - acc: 0.2138
35968/40000 [=========================>....] - ETA: 0s - loss: 2.1144 - acc: 0.2139
36608/40000 [==========================>...] - ETA: 0s - loss: 2.1151 - acc: 0.2138
37248/40000 [==========================>...] - ETA: 0s - loss: 2.1156 - acc: 0.2136
37888/40000 [===========================>..] - ETA: 0s - loss: 2.1152 - acc: 0.2137
38528/40000 [===========================>..] - ETA: 0s - loss: 2.1156 - acc: 0.2131
39168/40000 [============================>.] - ETA: 0s - loss: 2.1162 - acc: 0.2128
39808/40000 [============================>.] - ETA: 0s - loss: 2.1159 - acc: 0.2128
40000/40000 [==============================] - 5s 125us/step - loss: 2.1160 - acc: 0.2125 - val_loss: 14.4692 - val_acc: 0.1023
Epoch 6/1000

  128/40000 [..............................] - ETA: 3s - loss: 2.0253 - acc: 0.2812
  768/40000 [..............................] - ETA: 3s - loss: 2.1169 - acc: 0.2422
 1408/40000 [>.............................] - ETA: 3s - loss: 2.1041 - acc: 0.2415
 2048/40000 [>.............................] - ETA: 3s - loss: 2.1101 - acc: 0.2295
 2688/40000 [=>............................] - ETA: 3s - loss: 2.1155 - acc: 0.2258
 3328/40000 [=>............................] - ETA: 2s - loss: 2.1141 - acc: 0.2242
 3968/40000 [=>............................] - ETA: 2s - loss: 2.1122 - acc: 0.2218
 4608/40000 [==>...........................] - ETA: 2s - loss: 2.1076 - acc: 0.2192
 5248/40000 [==>...........................] - ETA: 2s - loss: 2.1088 - acc: 0.2184
 5888/40000 [===>..........................] - ETA: 2s - loss: 2.1083 - acc: 0.2169
 6528/40000 [===>..........................] - ETA: 2s - loss: 2.1157 - acc: 0.2132
 7168/40000 [====>.........................] - ETA: 2s - loss: 2.1104 - acc: 0.2167
 7808/40000 [====>.........................] - ETA: 2s - loss: 2.1127 - acc: 0.2150
 8448/40000 [=====>........................] - ETA: 2s - loss: 2.1114 - acc: 0.2166
 9088/40000 [=====>........................] - ETA: 2s - loss: 2.1109 - acc: 0.2172
 9728/40000 [======>.......................] - ETA: 2s - loss: 2.1090 - acc: 0.2178
10368/40000 [======>.......................] - ETA: 2s - loss: 2.1089 - acc: 0.2180
11008/40000 [=======>......................] - ETA: 2s - loss: 2.1109 - acc: 0.2161
11648/40000 [=======>......................] - ETA: 2s - loss: 2.1111 - acc: 0.2163
12288/40000 [========>.....................] - ETA: 2s - loss: 2.1113 - acc: 0.2154
12928/40000 [========>.....................] - ETA: 2s - loss: 2.1113 - acc: 0.2152
13568/40000 [=========>....................] - ETA: 2s - loss: 2.1107 - acc: 0.2155
14208/40000 [=========>....................] - ETA: 2s - loss: 2.1092 - acc: 0.2163
14848/40000 [==========>...................] - ETA: 2s - loss: 2.1097 - acc: 0.2169
15488/40000 [==========>...................] - ETA: 1s - loss: 2.1098 - acc: 0.2178
16128/40000 [===========>..................] - ETA: 1s - loss: 2.1097 - acc: 0.2181
16768/40000 [===========>..................] - ETA: 1s - loss: 2.1089 - acc: 0.2185
17408/40000 [============>.................] - ETA: 1s - loss: 2.1096 - acc: 0.2179
18048/40000 [============>.................] - ETA: 1s - loss: 2.1089 - acc: 0.2178
18688/40000 [=============>................] - ETA: 1s - loss: 2.1099 - acc: 0.2179
19328/40000 [=============>................] - ETA: 1s - loss: 2.1093 - acc: 0.2177
19968/40000 [=============>................] - ETA: 1s - loss: 2.1101 - acc: 0.2163
20608/40000 [==============>...............] - ETA: 1s - loss: 2.1109 - acc: 0.2162
21248/40000 [==============>...............] - ETA: 1s - loss: 2.1110 - acc: 0.2158
21888/40000 [===============>..............] - ETA: 1s - loss: 2.1109 - acc: 0.2152
22528/40000 [===============>..............] - ETA: 1s - loss: 2.1103 - acc: 0.2155
23168/40000 [================>.............] - ETA: 1s - loss: 2.1105 - acc: 0.2160
23808/40000 [================>.............] - ETA: 1s - loss: 2.1110 - acc: 0.2156
24448/40000 [=================>............] - ETA: 1s - loss: 2.1107 - acc: 0.2152
25088/40000 [=================>............] - ETA: 1s - loss: 2.1107 - acc: 0.2150
25728/40000 [==================>...........] - ETA: 1s - loss: 2.1115 - acc: 0.2147
26368/40000 [==================>...........] - ETA: 1s - loss: 2.1114 - acc: 0.2154
27008/40000 [===================>..........] - ETA: 1s - loss: 2.1123 - acc: 0.2151
27648/40000 [===================>..........] - ETA: 0s - loss: 2.1124 - acc: 0.2153
28288/40000 [====================>.........] - ETA: 0s - loss: 2.1119 - acc: 0.2155
28928/40000 [====================>.........] - ETA: 0s - loss: 2.1115 - acc: 0.2155
29568/40000 [=====================>........] - ETA: 0s - loss: 2.1117 - acc: 0.2154
30208/40000 [=====================>........] - ETA: 0s - loss: 2.1122 - acc: 0.2152
30848/40000 [======================>.......] - ETA: 0s - loss: 2.1121 - acc: 0.2145
31488/40000 [======================>.......] - ETA: 0s - loss: 2.1122 - acc: 0.2142
32128/40000 [=======================>......] - ETA: 0s - loss: 2.1127 - acc: 0.2139
32768/40000 [=======================>......] - ETA: 0s - loss: 2.1121 - acc: 0.2143
33408/40000 [========================>.....] - ETA: 0s - loss: 2.1124 - acc: 0.2140
34048/40000 [========================>.....] - ETA: 0s - loss: 2.1126 - acc: 0.2141
34688/40000 [=========================>....] - ETA: 0s - loss: 2.1125 - acc: 0.2143
35328/40000 [=========================>....] - ETA: 0s - loss: 2.1119 - acc: 0.2146
35968/40000 [=========================>....] - ETA: 0s - loss: 2.1123 - acc: 0.2147
36608/40000 [==========================>...] - ETA: 0s - loss: 2.1121 - acc: 0.2149
37248/40000 [==========================>...] - ETA: 0s - loss: 2.1118 - acc: 0.2151
37888/40000 [===========================>..] - ETA: 0s - loss: 2.1116 - acc: 0.2150
38528/40000 [===========================>..] - ETA: 0s - loss: 2.1116 - acc: 0.2154
39168/40000 [============================>.] - ETA: 0s - loss: 2.1107 - acc: 0.2153
39808/40000 [============================>.] - ETA: 0s - loss: 2.1107 - acc: 0.2154
40000/40000 [==============================] - 5s 125us/step - loss: 2.1105 - acc: 0.2156 - val_loss: 14.4966 - val_acc: 0.1006
Epoch 7/1000

  128/40000 [..............................] - ETA: 3s - loss: 2.1111 - acc: 0.2656
  768/40000 [..............................] - ETA: 3s - loss: 2.1002 - acc: 0.2435
 1408/40000 [>.............................] - ETA: 3s - loss: 2.1205 - acc: 0.2216
 2048/40000 [>.............................] - ETA: 3s - loss: 2.1151 - acc: 0.2207
 2688/40000 [=>............................] - ETA: 3s - loss: 2.1027 - acc: 0.2251
 3328/40000 [=>............................] - ETA: 2s - loss: 2.1051 - acc: 0.2248
 3968/40000 [=>............................] - ETA: 2s - loss: 2.1077 - acc: 0.2200
 4608/40000 [==>...........................] - ETA: 2s - loss: 2.1085 - acc: 0.2192
 5248/40000 [==>...........................] - ETA: 2s - loss: 2.1060 - acc: 0.2174
 5888/40000 [===>..........................] - ETA: 2s - loss: 2.1070 - acc: 0.2155
 6528/40000 [===>..........................] - ETA: 2s - loss: 2.1078 - acc: 0.2145
 7168/40000 [====>.........................] - ETA: 2s - loss: 2.1058 - acc: 0.2179
 7808/40000 [====>.........................] - ETA: 2s - loss: 2.1056 - acc: 0.2196
 8448/40000 [=====>........................] - ETA: 2s - loss: 2.1034 - acc: 0.2212
 9088/40000 [=====>........................] - ETA: 2s - loss: 2.1044 - acc: 0.2201
 9728/40000 [======>.......................] - ETA: 2s - loss: 2.1030 - acc: 0.2198
 9856/40000 [======>.......................] - ETA: 2s - loss: 2.1032 - acc: 0.2194
10112/40000 [======>.......................] - ETA: 2s - loss: 2.1046 - acc: 0.2183
10752/40000 [=======>......................] - ETA: 2s - loss: 2.1052 - acc: 0.2179
11392/40000 [=======>......................] - ETA: 2s - loss: 2.1055 - acc: 0.2188
12032/40000 [========>.....................] - ETA: 2s - loss: 2.1049 - acc: 0.2178
12672/40000 [========>.....................] - ETA: 2s - loss: 2.1051 - acc: 0.2184
13312/40000 [========>.....................] - ETA: 2s - loss: 2.1050 - acc: 0.2182
13952/40000 [=========>....................] - ETA: 2s - loss: 2.1040 - acc: 0.2185
14592/40000 [=========>....................] - ETA: 2s - loss: 2.1047 - acc: 0.2183
15232/40000 [==========>...................] - ETA: 2s - loss: 2.1043 - acc: 0.2188
15872/40000 [==========>...................] - ETA: 2s - loss: 2.1047 - acc: 0.2186
16512/40000 [===========>..................] - ETA: 2s - loss: 2.1047 - acc: 0.2202
17152/40000 [===========>..................] - ETA: 2s - loss: 2.1054 - acc: 0.2188
17792/40000 [============>.................] - ETA: 2s - loss: 2.1052 - acc: 0.2187
18432/40000 [============>.................] - ETA: 2s - loss: 2.1049 - acc: 0.2184
19072/40000 [=============>................] - ETA: 1s - loss: 2.1047 - acc: 0.2182
19712/40000 [=============>................] - ETA: 1s - loss: 2.1048 - acc: 0.2177
20352/40000 [==============>...............] - ETA: 1s - loss: 2.1056 - acc: 0.2172
20992/40000 [==============>...............] - ETA: 1s - loss: 2.1055 - acc: 0.2177
21632/40000 [===============>..............] - ETA: 1s - loss: 2.1043 - acc: 0.2181
22272/40000 [===============>..............] - ETA: 1s - loss: 2.1039 - acc: 0.2186
22912/40000 [================>.............] - ETA: 1s - loss: 2.1024 - acc: 0.2197
23552/40000 [================>.............] - ETA: 1s - loss: 2.1034 - acc: 0.2196
24192/40000 [=================>............] - ETA: 1s - loss: 2.1034 - acc: 0.2199
24832/40000 [=================>............] - ETA: 1s - loss: 2.1025 - acc: 0.2196
25472/40000 [==================>...........] - ETA: 1s - loss: 2.1038 - acc: 0.2185
26112/40000 [==================>...........] - ETA: 1s - loss: 2.1049 - acc: 0.2181
26752/40000 [===================>..........] - ETA: 1s - loss: 2.1057 - acc: 0.2177
27392/40000 [===================>..........] - ETA: 1s - loss: 2.1058 - acc: 0.2173
28032/40000 [====================>.........] - ETA: 1s - loss: 2.1059 - acc: 0.2172
28672/40000 [====================>.........] - ETA: 1s - loss: 2.1049 - acc: 0.2181
29312/40000 [====================>.........] - ETA: 0s - loss: 2.1052 - acc: 0.2176
29952/40000 [=====================>........] - ETA: 0s - loss: 2.1055 - acc: 0.2169
30592/40000 [=====================>........] - ETA: 0s - loss: 2.1056 - acc: 0.2173
31232/40000 [======================>.......] - ETA: 0s - loss: 2.1048 - acc: 0.2176
31872/40000 [======================>.......] - ETA: 0s - loss: 2.1049 - acc: 0.2180
32512/40000 [=======================>......] - ETA: 0s - loss: 2.1045 - acc: 0.2183
33152/40000 [=======================>......] - ETA: 0s - loss: 2.1047 - acc: 0.2181
33792/40000 [========================>.....] - ETA: 0s - loss: 2.1044 - acc: 0.2182
34432/40000 [========================>.....] - ETA: 0s - loss: 2.1042 - acc: 0.2184
35072/40000 [=========================>....] - ETA: 0s - loss: 2.1039 - acc: 0.2184
35712/40000 [=========================>....] - ETA: 0s - loss: 2.1035 - acc: 0.2186
36352/40000 [==========================>...] - ETA: 0s - loss: 2.1030 - acc: 0.2185
36992/40000 [==========================>...] - ETA: 0s - loss: 2.1032 - acc: 0.2184
37632/40000 [===========================>..] - ETA: 0s - loss: 2.1026 - acc: 0.2180
38272/40000 [===========================>..] - ETA: 0s - loss: 2.1035 - acc: 0.2181
38912/40000 [============================>.] - ETA: 0s - loss: 2.1032 - acc: 0.2182
39552/40000 [============================>.] - ETA: 0s - loss: 2.1036 - acc: 0.2180
40000/40000 [==============================] - 5s 132us/step - loss: 2.1033 - acc: 0.2182 - val_loss: 14.4450 - val_acc: 0.1038
Epoch 8/1000

  128/40000 [..............................] - ETA: 3s - loss: 2.1370 - acc: 0.2422
  768/40000 [..............................] - ETA: 3s - loss: 2.1335 - acc: 0.2005
 1408/40000 [>.............................] - ETA: 3s - loss: 2.1283 - acc: 0.2074
 2048/40000 [>.............................] - ETA: 3s - loss: 2.1159 - acc: 0.2085
 2688/40000 [=>............................] - ETA: 3s - loss: 2.1209 - acc: 0.2035
 3328/40000 [=>............................] - ETA: 2s - loss: 2.1125 - acc: 0.2049
 3968/40000 [=>............................] - ETA: 2s - loss: 2.1135 - acc: 0.2074
 4608/40000 [==>...........................] - ETA: 2s - loss: 2.1080 - acc: 0.2103
 5248/40000 [==>...........................] - ETA: 2s - loss: 2.1046 - acc: 0.2115
 5888/40000 [===>..........................] - ETA: 2s - loss: 2.1023 - acc: 0.2126
 6528/40000 [===>..........................] - ETA: 2s - loss: 2.1009 - acc: 0.2132
 7168/40000 [====>.........................] - ETA: 2s - loss: 2.0986 - acc: 0.2137
 7808/40000 [====>.........................] - ETA: 2s - loss: 2.0978 - acc: 0.2116
 8448/40000 [=====>........................] - ETA: 2s - loss: 2.0967 - acc: 0.2095
 9088/40000 [=====>........................] - ETA: 2s - loss: 2.0965 - acc: 0.2102
 9728/40000 [======>.......................] - ETA: 2s - loss: 2.0950 - acc: 0.2112
10368/40000 [======>.......................] - ETA: 2s - loss: 2.0931 - acc: 0.2129
11008/40000 [=======>......................] - ETA: 2s - loss: 2.0926 - acc: 0.2136
11648/40000 [=======>......................] - ETA: 2s - loss: 2.0926 - acc: 0.2139
12288/40000 [========>.....................] - ETA: 2s - loss: 2.0942 - acc: 0.2135
12928/40000 [========>.....................] - ETA: 2s - loss: 2.0948 - acc: 0.2152
13568/40000 [=========>....................] - ETA: 2s - loss: 2.0973 - acc: 0.2158
14208/40000 [=========>....................] - ETA: 2s - loss: 2.0965 - acc: 0.2164
14848/40000 [==========>...................] - ETA: 2s - loss: 2.0972 - acc: 0.2159
15488/40000 [==========>...................] - ETA: 1s - loss: 2.0987 - acc: 0.2144
16128/40000 [===========>..................] - ETA: 1s - loss: 2.0987 - acc: 0.2153
16768/40000 [===========>..................] - ETA: 1s - loss: 2.0980 - acc: 0.2165
17408/40000 [============>.................] - ETA: 1s - loss: 2.0954 - acc: 0.2171
18048/40000 [============>.................] - ETA: 1s - loss: 2.0971 - acc: 0.2164
18688/40000 [=============>................] - ETA: 1s - loss: 2.0984 - acc: 0.2156
19328/40000 [=============>................] - ETA: 1s - loss: 2.0983 - acc: 0.2167
19968/40000 [=============>................] - ETA: 1s - loss: 2.0975 - acc: 0.2183
20608/40000 [==============>...............] - ETA: 1s - loss: 2.0978 - acc: 0.2191
21248/40000 [==============>...............] - ETA: 1s - loss: 2.0977 - acc: 0.2200
21888/40000 [===============>..............] - ETA: 1s - loss: 2.0983 - acc: 0.2205
22528/40000 [===============>..............] - ETA: 1s - loss: 2.0976 - acc: 0.2204
23168/40000 [================>.............] - ETA: 1s - loss: 2.0990 - acc: 0.2202
23808/40000 [================>.............] - ETA: 1s - loss: 2.0995 - acc: 0.2201
24448/40000 [=================>............] - ETA: 1s - loss: 2.0999 - acc: 0.2202
25088/40000 [=================>............] - ETA: 1s - loss: 2.1003 - acc: 0.2204
25728/40000 [==================>...........] - ETA: 1s - loss: 2.1001 - acc: 0.2208
26368/40000 [==================>...........] - ETA: 1s - loss: 2.1004 - acc: 0.2206
27008/40000 [===================>..........] - ETA: 1s - loss: 2.0992 - acc: 0.2207
27648/40000 [===================>..........] - ETA: 1s - loss: 2.0991 - acc: 0.2211
28288/40000 [====================>.........] - ETA: 0s - loss: 2.0985 - acc: 0.2216
28928/40000 [====================>.........] - ETA: 0s - loss: 2.0989 - acc: 0.2215
29568/40000 [=====================>........] - ETA: 0s - loss: 2.0994 - acc: 0.2215
30208/40000 [=====================>........] - ETA: 0s - loss: 2.0995 - acc: 0.2212
30848/40000 [======================>.......] - ETA: 0s - loss: 2.0990 - acc: 0.2211
31488/40000 [======================>.......] - ETA: 0s - loss: 2.0986 - acc: 0.2210
32128/40000 [=======================>......] - ETA: 0s - loss: 2.0989 - acc: 0.2206
32768/40000 [=======================>......] - ETA: 0s - loss: 2.0990 - acc: 0.2207
33408/40000 [========================>.....] - ETA: 0s - loss: 2.0983 - acc: 0.2208
34048/40000 [========================>.....] - ETA: 0s - loss: 2.0987 - acc: 0.2209
34688/40000 [=========================>....] - ETA: 0s - loss: 2.0990 - acc: 0.2212
35328/40000 [=========================>....] - ETA: 0s - loss: 2.0988 - acc: 0.2209
35968/40000 [=========================>....] - ETA: 0s - loss: 2.0985 - acc: 0.2210
36608/40000 [==========================>...] - ETA: 0s - loss: 2.0979 - acc: 0.2211
37248/40000 [==========================>...] - ETA: 0s - loss: 2.0983 - acc: 0.2205
37888/40000 [===========================>..] - ETA: 0s - loss: 2.0980 - acc: 0.2207
38528/40000 [===========================>..] - ETA: 0s - loss: 2.0980 - acc: 0.2207
39168/40000 [============================>.] - ETA: 0s - loss: 2.0977 - acc: 0.2208
39808/40000 [============================>.] - ETA: 0s - loss: 2.0974 - acc: 0.2209
40000/40000 [==============================] - 5s 125us/step - loss: 2.0972 - acc: 0.2210 - val_loss: 14.4386 - val_acc: 0.1042
Epoch 9/1000

  128/40000 [..............................] - ETA: 3s - loss: 2.0422 - acc: 0.2578
  768/40000 [..............................] - ETA: 3s - loss: 2.0785 - acc: 0.2435
 1408/40000 [>.............................] - ETA: 3s - loss: 2.0791 - acc: 0.2422
 2048/40000 [>.............................] - ETA: 3s - loss: 2.0854 - acc: 0.2407
 2688/40000 [=>............................] - ETA: 3s - loss: 2.0802 - acc: 0.2411
 3328/40000 [=>............................] - ETA: 2s - loss: 2.0836 - acc: 0.2398
 3968/40000 [=>............................] - ETA: 2s - loss: 2.0854 - acc: 0.2394
 4608/40000 [==>...........................] - ETA: 2s - loss: 2.0914 - acc: 0.2370
 5248/40000 [==>...........................] - ETA: 2s - loss: 2.0925 - acc: 0.2351
 5888/40000 [===>..........................] - ETA: 2s - loss: 2.0918 - acc: 0.2349
 6528/40000 [===>..........................] - ETA: 2s - loss: 2.0917 - acc: 0.2330
 7168/40000 [====>.........................] - ETA: 2s - loss: 2.0919 - acc: 0.2320
 7808/40000 [====>.........................] - ETA: 2s - loss: 2.0959 - acc: 0.2291
 8448/40000 [=====>........................] - ETA: 2s - loss: 2.0933 - acc: 0.2301
 9088/40000 [=====>........................] - ETA: 2s - loss: 2.0958 - acc: 0.2283
 9728/40000 [======>.......................] - ETA: 2s - loss: 2.0976 - acc: 0.2253
10368/40000 [======>.......................] - ETA: 2s - loss: 2.0991 - acc: 0.2241
11008/40000 [=======>......................] - ETA: 2s - loss: 2.0998 - acc: 0.2230
11648/40000 [=======>......................] - ETA: 2s - loss: 2.0980 - acc: 0.2225
12288/40000 [========>.....................] - ETA: 2s - loss: 2.0970 - acc: 0.2234
12928/40000 [========>.....................] - ETA: 2s - loss: 2.0976 - acc: 0.2227
13568/40000 [=========>....................] - ETA: 2s - loss: 2.0988 - acc: 0.2214
14208/40000 [=========>....................] - ETA: 2s - loss: 2.0980 - acc: 0.2215
14848/40000 [==========>...................] - ETA: 2s - loss: 2.0960 - acc: 0.2222
15488/40000 [==========>...................] - ETA: 1s - loss: 2.0971 - acc: 0.2210
16128/40000 [===========>..................] - ETA: 1s - loss: 2.0965 - acc: 0.2211
16768/40000 [===========>..................] - ETA: 1s - loss: 2.0966 - acc: 0.2202
17408/40000 [============>.................] - ETA: 1s - loss: 2.0967 - acc: 0.2213
18048/40000 [============>.................] - ETA: 1s - loss: 2.0973 - acc: 0.2207
18688/40000 [=============>................] - ETA: 1s - loss: 2.0960 - acc: 0.2208
19328/40000 [=============>................] - ETA: 1s - loss: 2.0963 - acc: 0.2200
19968/40000 [=============>................] - ETA: 1s - loss: 2.0964 - acc: 0.2214
20608/40000 [==============>...............] - ETA: 1s - loss: 2.0954 - acc: 0.2213
21248/40000 [==============>...............] - ETA: 1s - loss: 2.0944 - acc: 0.2219
21888/40000 [===============>..............] - ETA: 1s - loss: 2.0951 - acc: 0.2215
22528/40000 [===============>..............] - ETA: 1s - loss: 2.0967 - acc: 0.2215
23168/40000 [================>.............] - ETA: 1s - loss: 2.0967 - acc: 0.2211
23808/40000 [================>.............] - ETA: 1s - loss: 2.0966 - acc: 0.2211
24448/40000 [=================>............] - ETA: 1s - loss: 2.0962 - acc: 0.2210
25088/40000 [=================>............] - ETA: 1s - loss: 2.0969 - acc: 0.2206
25728/40000 [==================>...........] - ETA: 1s - loss: 2.0978 - acc: 0.2201
26368/40000 [==================>...........] - ETA: 1s - loss: 2.0964 - acc: 0.2210
27008/40000 [===================>..........] - ETA: 1s - loss: 2.0964 - acc: 0.2213
27648/40000 [===================>..........] - ETA: 1s - loss: 2.0970 - acc: 0.2209
28288/40000 [====================>.........] - ETA: 0s - loss: 2.0960 - acc: 0.2210
28928/40000 [====================>.........] - ETA: 0s - loss: 2.0954 - acc: 0.2213
29568/40000 [=====================>........] - ETA: 0s - loss: 2.0951 - acc: 0.2210
30208/40000 [=====================>........] - ETA: 0s - loss: 2.0944 - acc: 0.2213
30848/40000 [======================>.......] - ETA: 0s - loss: 2.0943 - acc: 0.2211
31488/40000 [======================>.......] - ETA: 0s - loss: 2.0945 - acc: 0.2216
32128/40000 [=======================>......] - ETA: 0s - loss: 2.0939 - acc: 0.2218
32768/40000 [=======================>......] - ETA: 0s - loss: 2.0944 - acc: 0.2216
33408/40000 [========================>.....] - ETA: 0s - loss: 2.0947 - acc: 0.2215
34048/40000 [========================>.....] - ETA: 0s - loss: 2.0955 - acc: 0.2215
34688/40000 [=========================>....] - ETA: 0s - loss: 2.0954 - acc: 0.2216
35328/40000 [=========================>....] - ETA: 0s - loss: 2.0953 - acc: 0.2209
35968/40000 [=========================>....] - ETA: 0s - loss: 2.0947 - acc: 0.2212
36608/40000 [==========================>...] - ETA: 0s - loss: 2.0943 - acc: 0.2215
37248/40000 [==========================>...] - ETA: 0s - loss: 2.0945 - acc: 0.2219
37888/40000 [===========================>..] - ETA: 0s - loss: 2.0939 - acc: 0.2219
38528/40000 [===========================>..] - ETA: 0s - loss: 2.0929 - acc: 0.2220
39168/40000 [============================>.] - ETA: 0s - loss: 2.0929 - acc: 0.2218
39808/40000 [============================>.] - ETA: 0s - loss: 2.0934 - acc: 0.2213
40000/40000 [==============================] - 5s 125us/step - loss: 2.0934 - acc: 0.2213 - val_loss: 14.4966 - val_acc: 0.1006
Epoch 10/1000

  128/40000 [..............................] - ETA: 3s - loss: 2.1633 - acc: 0.2188
  768/40000 [..............................] - ETA: 3s - loss: 2.0731 - acc: 0.2383
 1408/40000 [>.............................] - ETA: 3s - loss: 2.0690 - acc: 0.2308
 2048/40000 [>.............................] - ETA: 3s - loss: 2.0762 - acc: 0.2305
 2688/40000 [=>............................] - ETA: 3s - loss: 2.0889 - acc: 0.2251
 3328/40000 [=>............................] - ETA: 2s - loss: 2.0951 - acc: 0.2218
 3968/40000 [=>............................] - ETA: 2s - loss: 2.0940 - acc: 0.2180
 4608/40000 [==>...........................] - ETA: 2s - loss: 2.0953 - acc: 0.2166
 5248/40000 [==>...........................] - ETA: 2s - loss: 2.0927 - acc: 0.2186
 5888/40000 [===>..........................] - ETA: 2s - loss: 2.0963 - acc: 0.2179
 6528/40000 [===>..........................] - ETA: 2s - loss: 2.0963 - acc: 0.2206
 7168/40000 [====>.........................] - ETA: 2s - loss: 2.0938 - acc: 0.2229
 7808/40000 [====>.........................] - ETA: 2s - loss: 2.0921 - acc: 0.2228
 8448/40000 [=====>........................] - ETA: 2s - loss: 2.0921 - acc: 0.2224
 9088/40000 [=====>........................] - ETA: 2s - loss: 2.0912 - acc: 0.2223
 9728/40000 [======>.......................] - ETA: 2s - loss: 2.0908 - acc: 0.2232
10368/40000 [======>.......................] - ETA: 2s - loss: 2.0909 - acc: 0.2227
11008/40000 [=======>......................] - ETA: 2s - loss: 2.0902 - acc: 0.2229
11648/40000 [=======>......................] - ETA: 2s - loss: 2.0902 - acc: 0.2236
12288/40000 [========>.....................] - ETA: 2s - loss: 2.0938 - acc: 0.2222
12928/40000 [========>.....................] - ETA: 2s - loss: 2.0941 - acc: 0.2222
13568/40000 [=========>....................] - ETA: 2s - loss: 2.0937 - acc: 0.2223
14208/40000 [=========>....................] - ETA: 2s - loss: 2.0928 - acc: 0.2227
14848/40000 [==========>...................] - ETA: 2s - loss: 2.0924 - acc: 0.2220
15488/40000 [==========>...................] - ETA: 1s - loss: 2.0909 - acc: 0.2215
16128/40000 [===========>..................] - ETA: 1s - loss: 2.0898 - acc: 0.2218
16768/40000 [===========>..................] - ETA: 1s - loss: 2.0898 - acc: 0.2211
17408/40000 [============>.................] - ETA: 1s - loss: 2.0895 - acc: 0.2219
18048/40000 [============>.................] - ETA: 1s - loss: 2.0895 - acc: 0.2226
18688/40000 [=============>................] - ETA: 1s - loss: 2.0885 - acc: 0.2235
19328/40000 [=============>................] - ETA: 1s - loss: 2.0864 - acc: 0.2240
19968/40000 [=============>................] - ETA: 1s - loss: 2.0857 - acc: 0.2242
20608/40000 [==============>...............] - ETA: 1s - loss: 2.0855 - acc: 0.2240
21248/40000 [==============>...............] - ETA: 1s - loss: 2.0861 - acc: 0.2234
21888/40000 [===============>..............] - ETA: 1s - loss: 2.0863 - acc: 0.2235
22528/40000 [===============>..............] - ETA: 1s - loss: 2.0870 - acc: 0.2235
23168/40000 [================>.............] - ETA: 1s - loss: 2.0878 - acc: 0.2232
23808/40000 [================>.............] - ETA: 1s - loss: 2.0872 - acc: 0.2236
24448/40000 [=================>............] - ETA: 1s - loss: 2.0883 - acc: 0.2232
25088/40000 [=================>............] - ETA: 1s - loss: 2.0885 - acc: 0.2237
25728/40000 [==================>...........] - ETA: 1s - loss: 2.0883 - acc: 0.2245
26368/40000 [==================>...........] - ETA: 1s - loss: 2.0885 - acc: 0.2246
27008/40000 [===================>..........] - ETA: 1s - loss: 2.0886 - acc: 0.2242
27648/40000 [===================>..........] - ETA: 1s - loss: 2.0887 - acc: 0.2240
28288/40000 [====================>.........] - ETA: 0s - loss: 2.0888 - acc: 0.2236
28928/40000 [====================>.........] - ETA: 0s - loss: 2.0897 - acc: 0.2231
29568/40000 [=====================>........] - ETA: 0s - loss: 2.0902 - acc: 0.2230
30208/40000 [=====================>........] - ETA: 0s - loss: 2.0906 - acc: 0.2230
30848/40000 [======================>.......] - ETA: 0s - loss: 2.0904 - acc: 0.2229
31488/40000 [======================>.......] - ETA: 0s - loss: 2.0904 - acc: 0.2225
32128/40000 [=======================>......] - ETA: 0s - loss: 2.0906 - acc: 0.2224
32768/40000 [=======================>......] - ETA: 0s - loss: 2.0907 - acc: 0.2222
33408/40000 [========================>.....] - ETA: 0s - loss: 2.0905 - acc: 0.2225
34048/40000 [========================>.....] - ETA: 0s - loss: 2.0900 - acc: 0.2228
34688/40000 [=========================>....] - ETA: 0s - loss: 2.0902 - acc: 0.2223
35328/40000 [=========================>....] - ETA: 0s - loss: 2.0908 - acc: 0.2222
35968/40000 [=========================>....] - ETA: 0s - loss: 2.0909 - acc: 0.2224
36608/40000 [==========================>...] - ETA: 0s - loss: 2.0908 - acc: 0.2229
37248/40000 [==========================>...] - ETA: 0s - loss: 2.0907 - acc: 0.2230
37888/40000 [===========================>..] - ETA: 0s - loss: 2.0910 - acc: 0.2226
38528/40000 [===========================>..] - ETA: 0s - loss: 2.0903 - acc: 0.2230
39168/40000 [============================>.] - ETA: 0s - loss: 2.0907 - acc: 0.2227
39808/40000 [============================>.] - ETA: 0s - loss: 2.0903 - acc: 0.2231
40000/40000 [==============================] - 5s 125us/step - loss: 2.0899 - acc: 0.2232 - val_loss: 14.5160 - val_acc: 0.0994
Epoch 11/1000

  128/40000 [..............................] - ETA: 3s - loss: 2.0543 - acc: 0.2812
  768/40000 [..............................] - ETA: 3s - loss: 2.0789 - acc: 0.2422
 1408/40000 [>.............................] - ETA: 3s - loss: 2.0959 - acc: 0.2280
 2048/40000 [>.............................] - ETA: 3s - loss: 2.0906 - acc: 0.2256
 2688/40000 [=>............................] - ETA: 3s - loss: 2.0796 - acc: 0.2269
 3328/40000 [=>............................] - ETA: 2s - loss: 2.0859 - acc: 0.2245
 3968/40000 [=>............................] - ETA: 2s - loss: 2.0891 - acc: 0.2215
 4608/40000 [==>...........................] - ETA: 2s - loss: 2.0937 - acc: 0.2148
 5248/40000 [==>...........................] - ETA: 2s - loss: 2.0934 - acc: 0.2159
 5888/40000 [===>..........................] - ETA: 2s - loss: 2.0962 - acc: 0.2157
 6528/40000 [===>..........................] - ETA: 2s - loss: 2.0972 - acc: 0.2128
 7168/40000 [====>.........................] - ETA: 2s - loss: 2.0926 - acc: 0.2140
 7808/40000 [====>.........................] - ETA: 2s - loss: 2.0884 - acc: 0.2172
 8448/40000 [=====>........................] - ETA: 2s - loss: 2.0865 - acc: 0.2209
 9088/40000 [=====>........................] - ETA: 2s - loss: 2.0844 - acc: 0.2222
 9728/40000 [======>.......................] - ETA: 2s - loss: 2.0887 - acc: 0.2201
10368/40000 [======>.......................] - ETA: 2s - loss: 2.0885 - acc: 0.2206
11008/40000 [=======>......................] - ETA: 2s - loss: 2.0889 - acc: 0.2210
11648/40000 [=======>......................] - ETA: 2s - loss: 2.0878 - acc: 0.2212
12288/40000 [========>.....................] - ETA: 2s - loss: 2.0873 - acc: 0.2209
12928/40000 [========>.....................] - ETA: 2s - loss: 2.0880 - acc: 0.2208
13568/40000 [=========>....................] - ETA: 2s - loss: 2.0876 - acc: 0.2206
14208/40000 [=========>....................] - ETA: 2s - loss: 2.0899 - acc: 0.2195
14848/40000 [==========>...................] - ETA: 2s - loss: 2.0898 - acc: 0.2188
15488/40000 [==========>...................] - ETA: 1s - loss: 2.0911 - acc: 0.2182
16128/40000 [===========>..................] - ETA: 1s - loss: 2.0907 - acc: 0.2188
16768/40000 [===========>..................] - ETA: 1s - loss: 2.0886 - acc: 0.2196
17408/40000 [============>.................] - ETA: 1s - loss: 2.0877 - acc: 0.2202
18048/40000 [============>.................] - ETA: 1s - loss: 2.0883 - acc: 0.2205
18688/40000 [=============>................] - ETA: 1s - loss: 2.0874 - acc: 0.2218
19328/40000 [=============>................] - ETA: 1s - loss: 2.0865 - acc: 0.2228
19968/40000 [=============>................] - ETA: 1s - loss: 2.0859 - acc: 0.2233
20608/40000 [==============>...............] - ETA: 1s - loss: 2.0861 - acc: 0.2237
21248/40000 [==============>...............] - ETA: 1s - loss: 2.0842 - acc: 0.2244
21888/40000 [===============>..............] - ETA: 1s - loss: 2.0836 - acc: 0.2250
22528/40000 [===============>..............] - ETA: 1s - loss: 2.0838 - acc: 0.2249
23168/40000 [================>.............] - ETA: 1s - loss: 2.0845 - acc: 0.2251
23808/40000 [================>.............] - ETA: 1s - loss: 2.0838 - acc: 0.2261
24448/40000 [=================>............] - ETA: 1s - loss: 2.0843 - acc: 0.2254
25088/40000 [=================>............] - ETA: 1s - loss: 2.0848 - acc: 0.2254
25728/40000 [==================>...........] - ETA: 1s - loss: 2.0837 - acc: 0.2264
26368/40000 [==================>...........] - ETA: 1s - loss: 2.0837 - acc: 0.2268
27008/40000 [===================>..........] - ETA: 1s - loss: 2.0836 - acc: 0.2265
27648/40000 [===================>..........] - ETA: 0s - loss: 2.0831 - acc: 0.2266
28288/40000 [====================>.........] - ETA: 0s - loss: 2.0825 - acc: 0.2263
28928/40000 [====================>.........] - ETA: 0s - loss: 2.0819 - acc: 0.2261
29568/40000 [=====================>........] - ETA: 0s - loss: 2.0821 - acc: 0.2258
30208/40000 [=====================>........] - ETA: 0s - loss: 2.0816 - acc: 0.2266
30848/40000 [======================>.......] - ETA: 0s - loss: 2.0817 - acc: 0.2268
31488/40000 [======================>.......] - ETA: 0s - loss: 2.0823 - acc: 0.2265
32128/40000 [=======================>......] - ETA: 0s - loss: 2.0824 - acc: 0.2265
32768/40000 [=======================>......] - ETA: 0s - loss: 2.0829 - acc: 0.2263
33408/40000 [========================>.....] - ETA: 0s - loss: 2.0836 - acc: 0.2261
34048/40000 [========================>.....] - ETA: 0s - loss: 2.0835 - acc: 0.2259
34688/40000 [=========================>....] - ETA: 0s - loss: 2.0832 - acc: 0.2261
35328/40000 [=========================>....] - ETA: 0s - loss: 2.0830 - acc: 0.2266
35968/40000 [=========================>....] - ETA: 0s - loss: 2.0831 - acc: 0.2263
36608/40000 [==========================>...] - ETA: 0s - loss: 2.0829 - acc: 0.2266
37248/40000 [==========================>...] - ETA: 0s - loss: 2.0832 - acc: 0.2265
37888/40000 [===========================>..] - ETA: 0s - loss: 2.0827 - acc: 0.2267
38528/40000 [===========================>..] - ETA: 0s - loss: 2.0831 - acc: 0.2270
39168/40000 [============================>.] - ETA: 0s - loss: 2.0827 - acc: 0.2270
39808/40000 [============================>.] - ETA: 0s - loss: 2.0829 - acc: 0.2275
40000/40000 [==============================] - 5s 125us/step - loss: 2.0830 - acc: 0.2275 - val_loss: 14.5579 - val_acc: 0.0968
Epoch 12/1000

  128/40000 [..............................] - ETA: 3s - loss: 2.0427 - acc: 0.2734
  768/40000 [..............................] - ETA: 3s - loss: 2.0859 - acc: 0.2487
 1408/40000 [>.............................] - ETA: 3s - loss: 2.0790 - acc: 0.2429
 2048/40000 [>.............................] - ETA: 3s - loss: 2.0879 - acc: 0.2373
 2688/40000 [=>............................] - ETA: 3s - loss: 2.0863 - acc: 0.2362
 3328/40000 [=>............................] - ETA: 2s - loss: 2.0892 - acc: 0.2314
 3968/40000 [=>............................] - ETA: 2s - loss: 2.0887 - acc: 0.2326
 4608/40000 [==>...........................] - ETA: 2s - loss: 2.0903 - acc: 0.2296
 5248/40000 [==>...........................] - ETA: 2s - loss: 2.0848 - acc: 0.2313
 5888/40000 [===>..........................] - ETA: 2s - loss: 2.0878 - acc: 0.2291
 6528/40000 [===>..........................] - ETA: 2s - loss: 2.0902 - acc: 0.2304
 7168/40000 [====>.........................] - ETA: 2s - loss: 2.0883 - acc: 0.2331
 7808/40000 [====>.........................] - ETA: 2s - loss: 2.0899 - acc: 0.2313
 8448/40000 [=====>........................] - ETA: 2s - loss: 2.0890 - acc: 0.2313
 9088/40000 [=====>........................] - ETA: 2s - loss: 2.0852 - acc: 0.2325
 9728/40000 [======>.......................] - ETA: 2s - loss: 2.0861 - acc: 0.2327
10368/40000 [======>.......................] - ETA: 2s - loss: 2.0870 - acc: 0.2327
11008/40000 [=======>......................] - ETA: 2s - loss: 2.0884 - acc: 0.2326
11648/40000 [=======>......................] - ETA: 2s - loss: 2.0879 - acc: 0.2323
12288/40000 [========>.....................] - ETA: 2s - loss: 2.0900 - acc: 0.2302
12928/40000 [========>.....................] - ETA: 2s - loss: 2.0870 - acc: 0.2313
13568/40000 [=========>....................] - ETA: 2s - loss: 2.0856 - acc: 0.2303
14208/40000 [=========>....................] - ETA: 2s - loss: 2.0851 - acc: 0.2294
14848/40000 [==========>...................] - ETA: 2s - loss: 2.0852 - acc: 0.2288
15488/40000 [==========>...................] - ETA: 1s - loss: 2.0859 - acc: 0.2281
16128/40000 [===========>..................] - ETA: 1s - loss: 2.0850 - acc: 0.2282
16768/40000 [===========>..................] - ETA: 1s - loss: 2.0868 - acc: 0.2275
17408/40000 [============>.................] - ETA: 1s - loss: 2.0874 - acc: 0.2271
18048/40000 [============>.................] - ETA: 1s - loss: 2.0876 - acc: 0.2270
18688/40000 [=============>................] - ETA: 1s - loss: 2.0859 - acc: 0.2270
19328/40000 [=============>................] - ETA: 1s - loss: 2.0857 - acc: 0.2268
19968/40000 [=============>................] - ETA: 1s - loss: 2.0863 - acc: 0.2262
20608/40000 [==============>...............] - ETA: 1s - loss: 2.0851 - acc: 0.2268
21248/40000 [==============>...............] - ETA: 1s - loss: 2.0862 - acc: 0.2264
21888/40000 [===============>..............] - ETA: 1s - loss: 2.0854 - acc: 0.2262
22528/40000 [===============>..............] - ETA: 1s - loss: 2.0849 - acc: 0.2258
23168/40000 [================>.............] - ETA: 1s - loss: 2.0850 - acc: 0.2250
23808/40000 [================>.............] - ETA: 1s - loss: 2.0835 - acc: 0.2258
24448/40000 [=================>............] - ETA: 1s - loss: 2.0832 - acc: 0.2261
25088/40000 [=================>............] - ETA: 1s - loss: 2.0826 - acc: 0.2261
25728/40000 [==================>...........] - ETA: 1s - loss: 2.0838 - acc: 0.2263
26368/40000 [==================>...........] - ETA: 1s - loss: 2.0852 - acc: 0.2258
27008/40000 [===================>..........] - ETA: 1s - loss: 2.0853 - acc: 0.2256
27648/40000 [===================>..........] - ETA: 0s - loss: 2.0841 - acc: 0.2257
28288/40000 [====================>.........] - ETA: 0s - loss: 2.0846 - acc: 0.2251
28928/40000 [====================>.........] - ETA: 0s - loss: 2.0843 - acc: 0.2253
29568/40000 [=====================>........] - ETA: 0s - loss: 2.0844 - acc: 0.2249
30208/40000 [=====================>........] - ETA: 0s - loss: 2.0844 - acc: 0.2247
30848/40000 [======================>.......] - ETA: 0s - loss: 2.0839 - acc: 0.2255
31488/40000 [======================>.......] - ETA: 0s - loss: 2.0835 - acc: 0.2255
32128/40000 [=======================>......] - ETA: 0s - loss: 2.0833 - acc: 0.2258
32768/40000 [=======================>......] - ETA: 0s - loss: 2.0835 - acc: 0.2259
33408/40000 [========================>.....] - ETA: 0s - loss: 2.0836 - acc: 0.2257
34048/40000 [========================>.....] - ETA: 0s - loss: 2.0828 - acc: 0.2263
34688/40000 [=========================>....] - ETA: 0s - loss: 2.0833 - acc: 0.2258
35328/40000 [=========================>....] - ETA: 0s - loss: 2.0833 - acc: 0.2260
35968/40000 [=========================>....] - ETA: 0s - loss: 2.0828 - acc: 0.2259
36608/40000 [==========================>...] - ETA: 0s - loss: 2.0828 - acc: 0.2260
37248/40000 [==========================>...] - ETA: 0s - loss: 2.0829 - acc: 0.2258
37888/40000 [===========================>..] - ETA: 0s - loss: 2.0826 - acc: 0.2259
38528/40000 [===========================>..] - ETA: 0s - loss: 2.0831 - acc: 0.2256
39168/40000 [============================>.] - ETA: 0s - loss: 2.0824 - acc: 0.2259
39808/40000 [============================>.] - ETA: 0s - loss: 2.0828 - acc: 0.2255
40000/40000 [==============================] - 5s 125us/step - loss: 2.0829 - acc: 0.2256 - val_loss: 14.4902 - val_acc: 0.1010

   32/10000 [..............................] - ETA: 6s
  128/10000 [..............................] - ETA: 6s
  224/10000 [..............................] - ETA: 6s
  320/10000 [..............................] - ETA: 6s
  416/10000 [>.............................] - ETA: 6s
  512/10000 [>.............................] - ETA: 6s
  608/10000 [>.............................] - ETA: 6s
  704/10000 [=>............................] - ETA: 6s
  800/10000 [=>............................] - ETA: 6s
  896/10000 [=>............................] - ETA: 6s
  992/10000 [=>............................] - ETA: 6s
 1088/10000 [==>...........................] - ETA: 6s
 1184/10000 [==>...........................] - ETA: 6s
 1280/10000 [==>...........................] - ETA: 6s
 1376/10000 [===>..........................] - ETA: 5s
 1472/10000 [===>..........................] - ETA: 5s
 1568/10000 [===>..........................] - ETA: 5s
 1664/10000 [===>..........................] - ETA: 5s
 1760/10000 [====>.........................] - ETA: 5s
 1856/10000 [====>.........................] - ETA: 5s
 1952/10000 [====>.........................] - ETA: 5s
 2048/10000 [=====>........................] - ETA: 5s
 2144/10000 [=====>........................] - ETA: 5s
 2240/10000 [=====>........................] - ETA: 5s
 2336/10000 [======>.......................] - ETA: 5s
 2432/10000 [======>.......................] - ETA: 5s
 2528/10000 [======>.......................] - ETA: 5s
 2624/10000 [======>.......................] - ETA: 5s
 2720/10000 [=======>......................] - ETA: 5s
 2816/10000 [=======>......................] - ETA: 4s
 2912/10000 [=======>......................] - ETA: 4s
 3008/10000 [========>.....................] - ETA: 4s
 3104/10000 [========>.....................] - ETA: 4s
 3200/10000 [========>.....................] - ETA: 4s
 3296/10000 [========>.....................] - ETA: 4s
 3392/10000 [=========>....................] - ETA: 4s
 3488/10000 [=========>....................] - ETA: 4s
 3584/10000 [=========>....................] - ETA: 4s
 3680/10000 [==========>...................] - ETA: 4s
 3776/10000 [==========>...................] - ETA: 4s
 3872/10000 [==========>...................] - ETA: 4s
 3968/10000 [==========>...................] - ETA: 4s
 4064/10000 [===========>..................] - ETA: 4s
 4160/10000 [===========>..................] - ETA: 4s
 4256/10000 [===========>..................] - ETA: 3s
 4352/10000 [============>.................] - ETA: 3s
 4448/10000 [============>.................] - ETA: 3s
 4544/10000 [============>.................] - ETA: 3s
 4640/10000 [============>.................] - ETA: 3s
 4736/10000 [=============>................] - ETA: 3s
 4832/10000 [=============>................] - ETA: 3s
 4928/10000 [=============>................] - ETA: 3s
 5024/10000 [==============>...............] - ETA: 3s
 5120/10000 [==============>...............] - ETA: 3s
 5216/10000 [==============>...............] - ETA: 3s
 5312/10000 [==============>...............] - ETA: 3s
 5408/10000 [===============>..............] - ETA: 3s
 5504/10000 [===============>..............] - ETA: 3s
 5600/10000 [===============>..............] - ETA: 3s
 5696/10000 [================>.............] - ETA: 2s
 5792/10000 [================>.............] - ETA: 2s
 5888/10000 [================>.............] - ETA: 2s
 5984/10000 [================>.............] - ETA: 2s
 6080/10000 [=================>............] - ETA: 2s
 6176/10000 [=================>............] - ETA: 2s
 6272/10000 [=================>............] - ETA: 2s
 6368/10000 [==================>...........] - ETA: 2s
 6464/10000 [==================>...........] - ETA: 2s
 6560/10000 [==================>...........] - ETA: 2s
 6656/10000 [==================>...........] - ETA: 2s
 6752/10000 [===================>..........] - ETA: 2s
 6848/10000 [===================>..........] - ETA: 2s
 6944/10000 [===================>..........] - ETA: 2s
 7040/10000 [====================>.........] - ETA: 2s
 7136/10000 [====================>.........] - ETA: 1s
 7232/10000 [====================>.........] - ETA: 1s
 7328/10000 [====================>.........] - ETA: 1s
 7424/10000 [=====================>........] - ETA: 1s
 7520/10000 [=====================>........] - ETA: 1s
 7616/10000 [=====================>........] - ETA: 1s
 7712/10000 [======================>.......] - ETA: 1s
 7808/10000 [======================>.......] - ETA: 1s
 7904/10000 [======================>.......] - ETA: 1s
 8000/10000 [=======================>......] - ETA: 1s
 8096/10000 [=======================>......] - ETA: 1s
 8192/10000 [=======================>......] - ETA: 1s
 8288/10000 [=======================>......] - ETA: 1s
 8384/10000 [========================>.....] - ETA: 1s
 8480/10000 [========================>.....] - ETA: 1s
 8576/10000 [========================>.....] - ETA: 0s
 8672/10000 [=========================>....] - ETA: 0s
 8768/10000 [=========================>....] - ETA: 0s
 8864/10000 [=========================>....] - ETA: 0s
 8960/10000 [=========================>....] - ETA: 0s
 9056/10000 [==========================>...] - ETA: 0s
 9152/10000 [==========================>...] - ETA: 0s
 9248/10000 [==========================>...] - ETA: 0s
 9344/10000 [===========================>..] - ETA: 0s
 9440/10000 [===========================>..] - ETA: 0s
 9536/10000 [===========================>..] - ETA: 0s
 9632/10000 [===========================>..] - ETA: 0s
 9728/10000 [============================>.] - ETA: 0s
 9824/10000 [============================>.] - ETA: 0s
 9920/10000 [============================>.] - ETA: 0s
10000/10000 [==============================] - 7s 695us/step
Test acc: 0.1531
Test auc: 0.5296964666666667
Execute epoch: 12
Execute time: 65.7561559677124
