_________________________________________________________________
Layer (type)                 Output Shape              Param #   
=================================================================
embedding_1 (Embedding)      (None, None, 128)         2688      
_________________________________________________________________
lstm_1 (LSTM)                (None, None, 64)          49408     
_________________________________________________________________
lstm_2 (LSTM)                (None, None, 64)          33024     
_________________________________________________________________
lstm_3 (LSTM)                (None, 64)                33024     
_________________________________________________________________
dense_1 (Dense)              (None, 16)                1040      
_________________________________________________________________
dense_2 (Dense)              (None, 1)                 17        
=================================================================
Total params: 119,201
Trainable params: 119,201
Non-trainable params: 0
_________________________________________________________________
Train on 1424 samples, validate on 708 samples
Epoch 1/1000

  32/1424 [..............................] - ETA: 2:40 - loss: 0.6932 - acc: 0.5000
  64/1424 [>.............................] - ETA: 1:30 - loss: 0.6931 - acc: 0.5469
  96/1424 [=>............................] - ETA: 1:06 - loss: 0.6928 - acc: 0.5729
 128/1424 [=>............................] - ETA: 54s - loss: 0.6930 - acc: 0.5469 
 160/1424 [==>...........................] - ETA: 47s - loss: 0.6924 - acc: 0.5687
 192/1424 [===>..........................] - ETA: 42s - loss: 0.6922 - acc: 0.5677
 224/1424 [===>..........................] - ETA: 38s - loss: 0.6920 - acc: 0.5670
 256/1424 [====>.........................] - ETA: 35s - loss: 0.6920 - acc: 0.5625
 288/1424 [=====>........................] - ETA: 32s - loss: 0.6928 - acc: 0.5417
 320/1424 [=====>........................] - ETA: 30s - loss: 0.6930 - acc: 0.5344
 352/1424 [======>.......................] - ETA: 28s - loss: 0.6937 - acc: 0.5170
 384/1424 [=======>......................] - ETA: 27s - loss: 0.6933 - acc: 0.5208
 416/1424 [=======>......................] - ETA: 25s - loss: 0.6930 - acc: 0.5240
 448/1424 [========>.....................] - ETA: 24s - loss: 0.6932 - acc: 0.5179
 480/1424 [=========>....................] - ETA: 23s - loss: 0.6928 - acc: 0.5229
 512/1424 [=========>....................] - ETA: 21s - loss: 0.6931 - acc: 0.5176
 544/1424 [==========>...................] - ETA: 20s - loss: 0.6930 - acc: 0.5165
 576/1424 [===========>..................] - ETA: 19s - loss: 0.6931 - acc: 0.5122
 608/1424 [===========>..................] - ETA: 18s - loss: 0.6929 - acc: 0.5132
 640/1424 [============>.................] - ETA: 17s - loss: 0.6928 - acc: 0.5156
 672/1424 [=============>................] - ETA: 17s - loss: 0.6927 - acc: 0.5134
 704/1424 [=============>................] - ETA: 16s - loss: 0.6925 - acc: 0.5128
 736/1424 [==============>...............] - ETA: 15s - loss: 0.6925 - acc: 0.5109
 768/1424 [===============>..............] - ETA: 14s - loss: 0.6924 - acc: 0.5104
 800/1424 [===============>..............] - ETA: 13s - loss: 0.6921 - acc: 0.5100
 832/1424 [================>.............] - ETA: 12s - loss: 0.6920 - acc: 0.5084
 864/1424 [=================>............] - ETA: 12s - loss: 0.6917 - acc: 0.5104
 896/1424 [=================>............] - ETA: 11s - loss: 0.6914 - acc: 0.5089
 928/1424 [==================>...........] - ETA: 10s - loss: 0.6913 - acc: 0.5075
 960/1424 [===================>..........] - ETA: 9s - loss: 0.6910 - acc: 0.5052 
 992/1424 [===================>..........] - ETA: 9s - loss: 0.6907 - acc: 0.5020
1024/1424 [====================>.........] - ETA: 8s - loss: 0.6900 - acc: 0.5029
1056/1424 [=====================>........] - ETA: 7s - loss: 0.6897 - acc: 0.4972
1088/1424 [=====================>........] - ETA: 7s - loss: 0.6884 - acc: 0.4991
1120/1424 [======================>.......] - ETA: 6s - loss: 0.6871 - acc: 0.5018
1152/1424 [=======================>......] - ETA: 5s - loss: 0.6850 - acc: 0.5043
1184/1424 [=======================>......] - ETA: 4s - loss: 0.6810 - acc: 0.5068
1216/1424 [========================>.....] - ETA: 4s - loss: 0.6826 - acc: 0.5082
1248/1424 [=========================>....] - ETA: 3s - loss: 0.6829 - acc: 0.5096
1280/1424 [=========================>....] - ETA: 2s - loss: 0.6818 - acc: 0.5141
1312/1424 [==========================>...] - ETA: 2s - loss: 0.6804 - acc: 0.5198
1344/1424 [===========================>..] - ETA: 1s - loss: 0.6804 - acc: 0.5231
1376/1424 [===========================>..] - ETA: 0s - loss: 0.6793 - acc: 0.5283
1408/1424 [============================>.] - ETA: 0s - loss: 0.6786 - acc: 0.5334
1424/1424 [==============================] - 32s 22ms/step - loss: 0.6785 - acc: 0.5351 - val_loss: 0.6608 - val_acc: 0.7669
Epoch 2/1000

  32/1424 [..............................] - ETA: 25s - loss: 0.6826 - acc: 0.6875
  64/1424 [>.............................] - ETA: 24s - loss: 0.6658 - acc: 0.6875
  96/1424 [=>............................] - ETA: 23s - loss: 0.6704 - acc: 0.6979
 128/1424 [=>............................] - ETA: 23s - loss: 0.6588 - acc: 0.7266
 160/1424 [==>...........................] - ETA: 22s - loss: 0.6638 - acc: 0.7250
 192/1424 [===>..........................] - ETA: 22s - loss: 0.6553 - acc: 0.7604
 224/1424 [===>..........................] - ETA: 21s - loss: 0.6490 - acc: 0.7768
 256/1424 [====>.........................] - ETA: 21s - loss: 0.6442 - acc: 0.7578
 288/1424 [=====>........................] - ETA: 20s - loss: 0.6364 - acc: 0.7465
 320/1424 [=====>........................] - ETA: 19s - loss: 0.6300 - acc: 0.7344
 352/1424 [======>.......................] - ETA: 19s - loss: 0.6722 - acc: 0.7159
 384/1424 [=======>......................] - ETA: 18s - loss: 0.7072 - acc: 0.6953
 416/1424 [=======>......................] - ETA: 18s - loss: 0.7344 - acc: 0.6827
 448/1424 [========>.....................] - ETA: 17s - loss: 0.7572 - acc: 0.6741
 480/1424 [=========>....................] - ETA: 17s - loss: 0.7495 - acc: 0.6625
 512/1424 [=========>....................] - ETA: 16s - loss: 0.7614 - acc: 0.6641
 544/1424 [==========>...................] - ETA: 15s - loss: 0.7456 - acc: 0.6746
 576/1424 [===========>..................] - ETA: 15s - loss: 0.7380 - acc: 0.6736
 608/1424 [===========>..................] - ETA: 14s - loss: 0.7521 - acc: 0.6776
 640/1424 [============>.................] - ETA: 14s - loss: 0.7434 - acc: 0.6875
 672/1424 [=============>................] - ETA: 13s - loss: 0.7347 - acc: 0.6890
 704/1424 [=============>................] - ETA: 12s - loss: 0.7474 - acc: 0.6974
 736/1424 [==============>...............] - ETA: 12s - loss: 0.7370 - acc: 0.7065
 768/1424 [===============>..............] - ETA: 11s - loss: 0.7311 - acc: 0.7044
 800/1424 [===============>..............] - ETA: 11s - loss: 0.7237 - acc: 0.7075
 832/1424 [================>.............] - ETA: 10s - loss: 0.7169 - acc: 0.7079
 864/1424 [=================>............] - ETA: 10s - loss: 0.7053 - acc: 0.7106
 896/1424 [=================>............] - ETA: 9s - loss: 0.7133 - acc: 0.7087 
 928/1424 [==================>...........] - ETA: 8s - loss: 0.7193 - acc: 0.7112
 960/1424 [===================>..........] - ETA: 8s - loss: 0.7260 - acc: 0.7146
 992/1424 [===================>..........] - ETA: 7s - loss: 0.7304 - acc: 0.7157
1024/1424 [====================>.........] - ETA: 7s - loss: 0.7626 - acc: 0.7188
1056/1424 [=====================>........] - ETA: 6s - loss: 0.7528 - acc: 0.7206
1088/1424 [=====================>........] - ETA: 6s - loss: 0.7721 - acc: 0.7197
1120/1424 [======================>.......] - ETA: 5s - loss: 0.8277 - acc: 0.7205
1152/1424 [=======================>......] - ETA: 4s - loss: 0.8405 - acc: 0.7240
1184/1424 [=======================>......] - ETA: 4s - loss: 0.8601 - acc: 0.7247
1216/1424 [========================>.....] - ETA: 3s - loss: 0.8821 - acc: 0.7278
1248/1424 [=========================>....] - ETA: 3s - loss: 0.9027 - acc: 0.7292
1280/1424 [=========================>....] - ETA: 2s - loss: 0.9419 - acc: 0.7289
1312/1424 [==========================>...] - ETA: 2s - loss: 0.9612 - acc: 0.7294
1344/1424 [===========================>..] - ETA: 1s - loss: 0.9796 - acc: 0.7292
1376/1424 [===========================>..] - ETA: 0s - loss: 1.0156 - acc: 0.7282
1408/1424 [============================>.] - ETA: 0s - loss: 1.0350 - acc: 0.7294
1424/1424 [==============================] - 29s 20ms/step - loss: 1.0390 - acc: 0.7296 - val_loss: 0.7000 - val_acc: 0.8220
Epoch 3/1000

  32/1424 [..............................] - ETA: 25s - loss: 2.0538 - acc: 0.7500
  64/1424 [>.............................] - ETA: 24s - loss: 1.4600 - acc: 0.7344
  96/1424 [=>............................] - ETA: 23s - loss: 1.3522 - acc: 0.7292
 128/1424 [=>............................] - ETA: 23s - loss: 1.2599 - acc: 0.7344
 160/1424 [==>...........................] - ETA: 22s - loss: 1.2663 - acc: 0.7188
 192/1424 [===>..........................] - ETA: 22s - loss: 1.1450 - acc: 0.7292
 224/1424 [===>..........................] - ETA: 21s - loss: 1.0507 - acc: 0.7321
 256/1424 [====>.........................] - ETA: 21s - loss: 0.9913 - acc: 0.7266
 288/1424 [=====>........................] - ETA: 20s - loss: 0.9449 - acc: 0.7222
 320/1424 [=====>........................] - ETA: 19s - loss: 0.9517 - acc: 0.7344
 352/1424 [======>.......................] - ETA: 19s - loss: 0.9172 - acc: 0.7472
 384/1424 [=======>......................] - ETA: 18s - loss: 0.8857 - acc: 0.7552
 416/1424 [=======>......................] - ETA: 18s - loss: 0.8993 - acc: 0.7644
 448/1424 [========>.....................] - ETA: 17s - loss: 0.8764 - acc: 0.7723
 480/1424 [=========>....................] - ETA: 17s - loss: 0.8577 - acc: 0.7792
 512/1424 [=========>....................] - ETA: 16s - loss: 0.8406 - acc: 0.7852
 544/1424 [==========>...................] - ETA: 15s - loss: 0.8253 - acc: 0.7904
 576/1424 [===========>..................] - ETA: 15s - loss: 0.8146 - acc: 0.7865
 608/1424 [===========>..................] - ETA: 14s - loss: 0.8043 - acc: 0.7845
 640/1424 [============>.................] - ETA: 14s - loss: 0.7946 - acc: 0.7875
 672/1424 [=============>................] - ETA: 13s - loss: 0.7871 - acc: 0.7857
 704/1424 [=============>................] - ETA: 12s - loss: 0.7793 - acc: 0.7841
 736/1424 [==============>...............] - ETA: 12s - loss: 0.7697 - acc: 0.7921
 768/1424 [===============>..............] - ETA: 11s - loss: 0.7600 - acc: 0.7969
 800/1424 [===============>..............] - ETA: 11s - loss: 0.7537 - acc: 0.7975
 832/1424 [================>.............] - ETA: 10s - loss: 0.7473 - acc: 0.8005
 864/1424 [=================>............] - ETA: 10s - loss: 0.7407 - acc: 0.8032
 896/1424 [=================>............] - ETA: 9s - loss: 0.7515 - acc: 0.8080 
 928/1424 [==================>...........] - ETA: 8s - loss: 0.7443 - acc: 0.8103
 960/1424 [===================>..........] - ETA: 8s - loss: 0.7377 - acc: 0.8135
 992/1424 [===================>..........] - ETA: 7s - loss: 0.7339 - acc: 0.8115
1024/1424 [====================>.........] - ETA: 7s - loss: 0.7293 - acc: 0.8115
1056/1424 [=====================>........] - ETA: 6s - loss: 0.7259 - acc: 0.8134
1088/1424 [=====================>........] - ETA: 6s - loss: 0.7211 - acc: 0.8143
1120/1424 [======================>.......] - ETA: 5s - loss: 0.7169 - acc: 0.8134
1152/1424 [=======================>......] - ETA: 4s - loss: 0.7136 - acc: 0.8125
1184/1424 [=======================>......] - ETA: 4s - loss: 0.7083 - acc: 0.8167
1216/1424 [========================>.....] - ETA: 3s - loss: 0.7055 - acc: 0.8166
1248/1424 [=========================>....] - ETA: 3s - loss: 0.7005 - acc: 0.8157
1280/1424 [=========================>....] - ETA: 2s - loss: 0.6945 - acc: 0.8172
1312/1424 [==========================>...] - ETA: 2s - loss: 0.6893 - acc: 0.8171
1344/1424 [===========================>..] - ETA: 1s - loss: 0.6970 - acc: 0.8162
1376/1424 [===========================>..] - ETA: 0s - loss: 0.6912 - acc: 0.8176
1408/1424 [============================>.] - ETA: 0s - loss: 0.6865 - acc: 0.8175
1424/1424 [==============================] - 29s 20ms/step - loss: 0.6837 - acc: 0.8188 - val_loss: 0.5024 - val_acc: 0.8249
Epoch 4/1000

  32/1424 [..............................] - ETA: 25s - loss: 0.5143 - acc: 0.7812
  64/1424 [>.............................] - ETA: 24s - loss: 0.4760 - acc: 0.7969
  96/1424 [=>............................] - ETA: 23s - loss: 0.4782 - acc: 0.8125
 128/1424 [=>............................] - ETA: 23s - loss: 0.4886 - acc: 0.8125
 160/1424 [==>...........................] - ETA: 22s - loss: 0.4939 - acc: 0.8063
 192/1424 [===>..........................] - ETA: 22s - loss: 0.5587 - acc: 0.8229
 224/1424 [===>..........................] - ETA: 21s - loss: 0.5340 - acc: 0.8348
 256/1424 [====>.........................] - ETA: 21s - loss: 0.5812 - acc: 0.8320
 288/1424 [=====>........................] - ETA: 20s - loss: 0.5732 - acc: 0.8333
 320/1424 [=====>........................] - ETA: 19s - loss: 0.5584 - acc: 0.8281
 352/1424 [======>.......................] - ETA: 19s - loss: 0.5861 - acc: 0.8295
 384/1424 [=======>......................] - ETA: 18s - loss: 0.5713 - acc: 0.8333
 416/1424 [=======>......................] - ETA: 18s - loss: 0.5552 - acc: 0.8389
 448/1424 [========>.....................] - ETA: 17s - loss: 0.5761 - acc: 0.8415
 480/1424 [=========>....................] - ETA: 17s - loss: 0.5975 - acc: 0.8396
 512/1424 [=========>....................] - ETA: 16s - loss: 0.6512 - acc: 0.8320
 544/1424 [==========>...................] - ETA: 15s - loss: 0.7504 - acc: 0.8235
 576/1424 [===========>..................] - ETA: 15s - loss: 0.7356 - acc: 0.8160
 608/1424 [===========>..................] - ETA: 14s - loss: 0.8074 - acc: 0.8059
 640/1424 [============>.................] - ETA: 14s - loss: 0.8267 - acc: 0.8031
 672/1424 [=============>................] - ETA: 13s - loss: 0.8770 - acc: 0.7961
 704/1424 [=============>................] - ETA: 12s - loss: 0.8736 - acc: 0.7997
 736/1424 [==============>...............] - ETA: 12s - loss: 0.8538 - acc: 0.8030
 768/1424 [===============>..............] - ETA: 11s - loss: 0.8345 - acc: 0.8034
 800/1424 [===============>..............] - ETA: 11s - loss: 0.8324 - acc: 0.8050
 832/1424 [================>.............] - ETA: 10s - loss: 0.8448 - acc: 0.8041
 864/1424 [=================>............] - ETA: 10s - loss: 0.8686 - acc: 0.8032
 896/1424 [=================>............] - ETA: 9s - loss: 0.8670 - acc: 0.8058 
 928/1424 [==================>...........] - ETA: 8s - loss: 0.9040 - acc: 0.8028
 960/1424 [===================>..........] - ETA: 8s - loss: 0.9294 - acc: 0.7958
 992/1424 [===================>..........] - ETA: 7s - loss: 0.9342 - acc: 0.7974
1024/1424 [====================>.........] - ETA: 7s - loss: 0.9185 - acc: 0.7949
1056/1424 [=====================>........] - ETA: 6s - loss: 0.9352 - acc: 0.7945
1088/1424 [=====================>........] - ETA: 6s - loss: 0.9425 - acc: 0.7904
1120/1424 [======================>.......] - ETA: 5s - loss: 0.9292 - acc: 0.7911
1152/1424 [=======================>......] - ETA: 4s - loss: 0.9172 - acc: 0.7899
1184/1424 [=======================>......] - ETA: 4s - loss: 0.9190 - acc: 0.7897
1216/1424 [========================>.....] - ETA: 3s - loss: 0.9047 - acc: 0.7928
1248/1424 [=========================>....] - ETA: 3s - loss: 0.9004 - acc: 0.7893
1280/1424 [=========================>....] - ETA: 2s - loss: 0.9022 - acc: 0.7906
1312/1424 [==========================>...] - ETA: 2s - loss: 0.8950 - acc: 0.7904
1344/1424 [===========================>..] - ETA: 1s - loss: 0.8866 - acc: 0.7887
1376/1424 [===========================>..] - ETA: 0s - loss: 0.8785 - acc: 0.7863
1408/1424 [============================>.] - ETA: 0s - loss: 0.8714 - acc: 0.7848
1424/1424 [==============================] - 29s 20ms/step - loss: 0.8678 - acc: 0.7851 - val_loss: 0.5257 - val_acc: 0.8362
Epoch 5/1000

  32/1424 [..............................] - ETA: 24s - loss: 0.4730 - acc: 0.9062
  64/1424 [>.............................] - ETA: 24s - loss: 0.4913 - acc: 0.8594
  96/1424 [=>............................] - ETA: 23s - loss: 0.6506 - acc: 0.8646
 128/1424 [=>............................] - ETA: 23s - loss: 0.5973 - acc: 0.8672
 160/1424 [==>...........................] - ETA: 22s - loss: 0.5839 - acc: 0.8375
 192/1424 [===>..........................] - ETA: 22s - loss: 0.5781 - acc: 0.8229
 224/1424 [===>..........................] - ETA: 21s - loss: 0.5684 - acc: 0.8348
 256/1424 [====>.........................] - ETA: 21s - loss: 0.5607 - acc: 0.8320
 288/1424 [=====>........................] - ETA: 20s - loss: 0.5572 - acc: 0.8299
 320/1424 [=====>........................] - ETA: 19s - loss: 0.5647 - acc: 0.8156
 352/1424 [======>.......................] - ETA: 19s - loss: 0.5660 - acc: 0.8153
 384/1424 [=======>......................] - ETA: 18s - loss: 0.5700 - acc: 0.8151
 416/1424 [=======>......................] - ETA: 18s - loss: 0.5670 - acc: 0.8125
 448/1424 [========>.....................] - ETA: 17s - loss: 0.5617 - acc: 0.8103
 480/1424 [=========>....................] - ETA: 17s - loss: 0.5576 - acc: 0.8104
 512/1424 [=========>....................] - ETA: 16s - loss: 0.5536 - acc: 0.8086
 544/1424 [==========>...................] - ETA: 15s - loss: 0.5504 - acc: 0.8070
 576/1424 [===========>..................] - ETA: 15s - loss: 0.5468 - acc: 0.8056
 608/1424 [===========>..................] - ETA: 14s - loss: 0.5447 - acc: 0.8026
 640/1424 [============>.................] - ETA: 14s - loss: 0.5569 - acc: 0.7969
 672/1424 [=============>................] - ETA: 13s - loss: 0.5750 - acc: 0.7976
 704/1424 [=============>................] - ETA: 12s - loss: 0.5935 - acc: 0.7940
 736/1424 [==============>...............] - ETA: 12s - loss: 0.5852 - acc: 0.7962
 768/1424 [===============>..............] - ETA: 11s - loss: 0.5800 - acc: 0.7982
 800/1424 [===============>..............] - ETA: 11s - loss: 0.5740 - acc: 0.8025
 832/1424 [================>.............] - ETA: 10s - loss: 0.5875 - acc: 0.8029
 864/1424 [=================>............] - ETA: 10s - loss: 0.5968 - acc: 0.8056
 896/1424 [=================>............] - ETA: 9s - loss: 0.6074 - acc: 0.8025 
 928/1424 [==================>...........] - ETA: 8s - loss: 0.6230 - acc: 0.7996
 960/1424 [===================>..........] - ETA: 8s - loss: 0.6445 - acc: 0.8031
 992/1424 [===================>..........] - ETA: 7s - loss: 0.6437 - acc: 0.7994
1024/1424 [====================>.........] - ETA: 7s - loss: 0.6528 - acc: 0.7998
1056/1424 [=====================>........] - ETA: 6s - loss: 0.6660 - acc: 0.7983
1088/1424 [=====================>........] - ETA: 6s - loss: 0.6616 - acc: 0.7950
1120/1424 [======================>.......] - ETA: 5s - loss: 0.6545 - acc: 0.7955
1152/1424 [=======================>......] - ETA: 4s - loss: 0.6513 - acc: 0.7943
1184/1424 [=======================>......] - ETA: 4s - loss: 0.6464 - acc: 0.7948
1216/1424 [========================>.....] - ETA: 3s - loss: 0.6429 - acc: 0.7936
1248/1424 [=========================>....] - ETA: 3s - loss: 0.6374 - acc: 0.7941
1280/1424 [=========================>....] - ETA: 2s - loss: 0.6329 - acc: 0.7937
1312/1424 [==========================>...] - ETA: 2s - loss: 0.6271 - acc: 0.7957
1344/1424 [===========================>..] - ETA: 1s - loss: 0.6247 - acc: 0.7946
1376/1424 [===========================>..] - ETA: 0s - loss: 0.6227 - acc: 0.7936
1408/1424 [============================>.] - ETA: 0s - loss: 0.6202 - acc: 0.7933
1424/1424 [==============================] - 29s 20ms/step - loss: 0.6194 - acc: 0.7921 - val_loss: 0.5346 - val_acc: 0.7161
Epoch 6/1000

  32/1424 [..............................] - ETA: 25s - loss: 0.5319 - acc: 0.6875
  64/1424 [>.............................] - ETA: 24s - loss: 0.5126 - acc: 0.7188
  96/1424 [=>............................] - ETA: 23s - loss: 0.5356 - acc: 0.6875
 128/1424 [=>............................] - ETA: 23s - loss: 0.6165 - acc: 0.6562
 160/1424 [==>...........................] - ETA: 22s - loss: 0.5970 - acc: 0.6687
 192/1424 [===>..........................] - ETA: 22s - loss: 0.6020 - acc: 0.6510
 224/1424 [===>..........................] - ETA: 21s - loss: 0.5882 - acc: 0.6652
 256/1424 [====>.........................] - ETA: 21s - loss: 0.5835 - acc: 0.6719
 288/1424 [=====>........................] - ETA: 20s - loss: 0.5708 - acc: 0.6806
 320/1424 [=====>........................] - ETA: 19s - loss: 0.5935 - acc: 0.6656
 352/1424 [======>.......................] - ETA: 19s - loss: 0.5896 - acc: 0.6676
 384/1424 [=======>......................] - ETA: 18s - loss: 0.5824 - acc: 0.6719
 416/1424 [=======>......................] - ETA: 18s - loss: 0.5786 - acc: 0.6755
 448/1424 [========>.....................] - ETA: 17s - loss: 0.5914 - acc: 0.6696
 480/1424 [=========>....................] - ETA: 17s - loss: 0.5952 - acc: 0.6667
 512/1424 [=========>....................] - ETA: 16s - loss: 0.5988 - acc: 0.6582
 544/1424 [==========>...................] - ETA: 15s - loss: 0.5926 - acc: 0.6673
 576/1424 [===========>..................] - ETA: 15s - loss: 0.5863 - acc: 0.6719
 608/1424 [===========>..................] - ETA: 14s - loss: 0.5784 - acc: 0.6793
 640/1424 [============>.................] - ETA: 14s - loss: 0.5754 - acc: 0.6844
 672/1424 [=============>................] - ETA: 13s - loss: 0.5783 - acc: 0.6860
 704/1424 [=============>................] - ETA: 13s - loss: 0.5845 - acc: 0.6818
 736/1424 [==============>...............] - ETA: 12s - loss: 0.5849 - acc: 0.6848
 768/1424 [===============>..............] - ETA: 11s - loss: 0.5820 - acc: 0.6875
 800/1424 [===============>..............] - ETA: 11s - loss: 0.5812 - acc: 0.6913
 832/1424 [================>.............] - ETA: 10s - loss: 0.5766 - acc: 0.6995
 864/1424 [=================>............] - ETA: 10s - loss: 0.5762 - acc: 0.7025
 896/1424 [=================>............] - ETA: 9s - loss: 0.5764 - acc: 0.6998 
 928/1424 [==================>...........] - ETA: 8s - loss: 0.5761 - acc: 0.7004
 960/1424 [===================>..........] - ETA: 8s - loss: 0.5758 - acc: 0.7021
 992/1424 [===================>..........] - ETA: 7s - loss: 0.5774 - acc: 0.6996
1024/1424 [====================>.........] - ETA: 7s - loss: 0.5748 - acc: 0.7041
1056/1424 [=====================>........] - ETA: 6s - loss: 0.5742 - acc: 0.7055
1088/1424 [=====================>........] - ETA: 6s - loss: 0.5726 - acc: 0.7096
1120/1424 [======================>.......] - ETA: 5s - loss: 0.5700 - acc: 0.7134
1152/1424 [=======================>......] - ETA: 4s - loss: 0.5841 - acc: 0.7118
1184/1424 [=======================>......] - ETA: 4s - loss: 0.5833 - acc: 0.7137
1216/1424 [========================>.....] - ETA: 3s - loss: 0.5810 - acc: 0.7171
1248/1424 [=========================>....] - ETA: 3s - loss: 0.5787 - acc: 0.7204
1280/1424 [=========================>....] - ETA: 2s - loss: 0.5767 - acc: 0.7219
1312/1424 [==========================>...] - ETA: 2s - loss: 0.5753 - acc: 0.7248
1344/1424 [===========================>..] - ETA: 1s - loss: 0.5722 - acc: 0.7299
1376/1424 [===========================>..] - ETA: 0s - loss: 0.5708 - acc: 0.7333
1408/1424 [============================>.] - ETA: 0s - loss: 0.5692 - acc: 0.7344
1424/1424 [==============================] - 29s 20ms/step - loss: 0.5688 - acc: 0.7353 - val_loss: 0.4880 - val_acc: 0.8192
Epoch 7/1000

  32/1424 [..............................] - ETA: 25s - loss: 0.5106 - acc: 0.7812
  64/1424 [>.............................] - ETA: 24s - loss: 0.5066 - acc: 0.7969
  96/1424 [=>............................] - ETA: 23s - loss: 0.5129 - acc: 0.8333
 128/1424 [=>............................] - ETA: 23s - loss: 0.4783 - acc: 0.8516
 160/1424 [==>...........................] - ETA: 22s - loss: 0.4578 - acc: 0.8562
 192/1424 [===>..........................] - ETA: 22s - loss: 0.4579 - acc: 0.8490
 224/1424 [===>..........................] - ETA: 21s - loss: 0.4557 - acc: 0.8482
 256/1424 [====>.........................] - ETA: 21s - loss: 0.4471 - acc: 0.8477
 288/1424 [=====>........................] - ETA: 20s - loss: 0.4405 - acc: 0.8438
 320/1424 [=====>........................] - ETA: 19s - loss: 0.6803 - acc: 0.8250
 352/1424 [======>.......................] - ETA: 19s - loss: 0.7376 - acc: 0.8210
 384/1424 [=======>......................] - ETA: 18s - loss: 0.8350 - acc: 0.8099
 416/1424 [=======>......................] - ETA: 18s - loss: 0.9124 - acc: 0.8053
 448/1424 [========>.....................] - ETA: 17s - loss: 0.9780 - acc: 0.8058
 480/1424 [=========>....................] - ETA: 17s - loss: 1.3778 - acc: 0.7896
 512/1424 [=========>....................] - ETA: 16s - loss: 1.6964 - acc: 0.7773
 544/1424 [==========>...................] - ETA: 15s - loss: 2.0948 - acc: 0.7592
 576/1424 [===========>..................] - ETA: 15s - loss: 2.5043 - acc: 0.7396
 608/1424 [===========>..................] - ETA: 14s - loss: 2.9232 - acc: 0.7188
 640/1424 [============>.................] - ETA: 14s - loss: 3.2503 - acc: 0.7031
 672/1424 [=============>................] - ETA: 13s - loss: 3.5463 - acc: 0.6890
 704/1424 [=============>................] - ETA: 12s - loss: 3.7474 - acc: 0.6804
 736/1424 [==============>...............] - ETA: 12s - loss: 3.8877 - acc: 0.6753
 768/1424 [===============>..............] - ETA: 11s - loss: 3.9956 - acc: 0.6719
 800/1424 [===============>..............] - ETA: 11s - loss: 4.0749 - acc: 0.6700
 832/1424 [================>.............] - ETA: 10s - loss: 4.3014 - acc: 0.6587
 864/1424 [=================>............] - ETA: 10s - loss: 4.4373 - acc: 0.6528
 896/1424 [=================>............] - ETA: 9s - loss: 4.5458 - acc: 0.6484 
 928/1424 [==================>...........] - ETA: 8s - loss: 4.6123 - acc: 0.6466
 960/1424 [===================>..........] - ETA: 8s - loss: 4.6579 - acc: 0.6458
 992/1424 [===================>..........] - ETA: 7s - loss: 4.7647 - acc: 0.6411
1024/1424 [====================>.........] - ETA: 7s - loss: 4.8805 - acc: 0.6357
1056/1424 [=====================>........] - ETA: 6s - loss: 4.9138 - acc: 0.6354
1088/1424 [=====================>........] - ETA: 6s - loss: 4.9891 - acc: 0.6324
1120/1424 [======================>.......] - ETA: 5s - loss: 5.1170 - acc: 0.6259
1152/1424 [=======================>......] - ETA: 4s - loss: 5.2101 - acc: 0.6215
1184/1424 [=======================>......] - ETA: 4s - loss: 5.2578 - acc: 0.6199
1216/1424 [========================>.....] - ETA: 3s - loss: 5.3292 - acc: 0.6168
1248/1424 [=========================>....] - ETA: 3s - loss: 5.4097 - acc: 0.6130
1280/1424 [=========================>....] - ETA: 2s - loss: 5.4488 - acc: 0.6117
1312/1424 [==========================>...] - ETA: 2s - loss: 5.5711 - acc: 0.6052
1344/1424 [===========================>..] - ETA: 1s - loss: 5.6164 - acc: 0.6034
1376/1424 [===========================>..] - ETA: 0s - loss: 5.6248 - acc: 0.6039
1408/1424 [============================>.] - ETA: 0s - loss: 5.6555 - acc: 0.6030
1424/1424 [==============================] - 29s 20ms/step - loss: 5.6815 - acc: 0.6018 - val_loss: 7.9712 - val_acc: 0.5000
Epoch 8/1000

  32/1424 [..............................] - ETA: 25s - loss: 7.9712 - acc: 0.5000
  64/1424 [>.............................] - ETA: 24s - loss: 9.2167 - acc: 0.4219
  96/1424 [=>............................] - ETA: 23s - loss: 9.2997 - acc: 0.4167
 128/1424 [=>............................] - ETA: 23s - loss: 8.7185 - acc: 0.4531
 160/1424 [==>...........................] - ETA: 22s - loss: 8.4694 - acc: 0.4688
 192/1424 [===>..........................] - ETA: 22s - loss: 8.1373 - acc: 0.4896
 224/1424 [===>..........................] - ETA: 21s - loss: 8.1135 - acc: 0.4911
 256/1424 [====>.........................] - ETA: 21s - loss: 8.2826 - acc: 0.4805
 288/1424 [=====>........................] - ETA: 20s - loss: 8.3033 - acc: 0.4792
 320/1424 [=====>........................] - ETA: 19s - loss: 8.4196 - acc: 0.4719
 352/1424 [======>.......................] - ETA: 19s - loss: 8.3335 - acc: 0.4773
 384/1424 [=======>......................] - ETA: 18s - loss: 8.2203 - acc: 0.4844
 416/1424 [=======>......................] - ETA: 18s - loss: 8.1628 - acc: 0.4880
 448/1424 [========>.....................] - ETA: 17s - loss: 8.4338 - acc: 0.4710
 480/1424 [=========>....................] - ETA: 17s - loss: 8.3698 - acc: 0.4750
 512/1424 [=========>....................] - ETA: 16s - loss: 8.2826 - acc: 0.4805
 544/1424 [==========>...................] - ETA: 15s - loss: 8.2643 - acc: 0.4816
 576/1424 [===========>..................] - ETA: 15s - loss: 8.2480 - acc: 0.4826
 608/1424 [===========>..................] - ETA: 14s - loss: 8.3383 - acc: 0.4770
 640/1424 [============>.................] - ETA: 14s - loss: 8.2950 - acc: 0.4797
 672/1424 [=============>................] - ETA: 13s - loss: 8.3033 - acc: 0.4792
 704/1424 [=============>................] - ETA: 12s - loss: 8.2882 - acc: 0.4801
 736/1424 [==============>...............] - ETA: 12s - loss: 8.2095 - acc: 0.4851
 768/1424 [===============>..............] - ETA: 11s - loss: 8.1580 - acc: 0.4883
 800/1424 [===============>..............] - ETA: 11s - loss: 8.2103 - acc: 0.4850
 832/1424 [================>.............] - ETA: 10s - loss: 8.2203 - acc: 0.4844
 864/1424 [=================>............] - ETA: 10s - loss: 8.2480 - acc: 0.4826
 896/1424 [=================>............] - ETA: 9s - loss: 8.2025 - acc: 0.4855 
 928/1424 [==================>...........] - ETA: 8s - loss: 8.1773 - acc: 0.4871
 960/1424 [===================>..........] - ETA: 8s - loss: 8.1871 - acc: 0.4865
 992/1424 [===================>..........] - ETA: 7s - loss: 8.1640 - acc: 0.4879
1024/1424 [====================>.........] - ETA: 7s - loss: 8.1580 - acc: 0.4883
1056/1424 [=====================>........] - ETA: 6s - loss: 8.1675 - acc: 0.4877
1088/1424 [=====================>........] - ETA: 6s - loss: 8.1470 - acc: 0.4890
1120/1424 [======================>.......] - ETA: 5s - loss: 8.0566 - acc: 0.4946
1152/1424 [=======================>......] - ETA: 4s - loss: 8.0265 - acc: 0.4965
1184/1424 [=======================>......] - ETA: 4s - loss: 7.9981 - acc: 0.4983
1216/1424 [========================>.....] - ETA: 3s - loss: 7.9581 - acc: 0.5008
1248/1424 [=========================>....] - ETA: 3s - loss: 7.9201 - acc: 0.5032
1280/1424 [=========================>....] - ETA: 2s - loss: 7.9463 - acc: 0.5016
1312/1424 [==========================>...] - ETA: 2s - loss: 7.9347 - acc: 0.5023
1344/1424 [===========================>..] - ETA: 1s - loss: 7.9475 - acc: 0.5015
1376/1424 [===========================>..] - ETA: 0s - loss: 7.9480 - acc: 0.5015
1408/1424 [============================>.] - ETA: 0s - loss: 7.9599 - acc: 0.5007
1424/1424 [==============================] - 29s 20ms/step - loss: 7.9712 - acc: 0.5000 - val_loss: 7.9712 - val_acc: 0.5000
Epoch 9/1000

  32/1424 [..............................] - ETA: 25s - loss: 10.9604 - acc: 0.3125
  64/1424 [>.............................] - ETA: 24s - loss: 9.2167 - acc: 0.4219 
  96/1424 [=>............................] - ETA: 23s - loss: 8.3033 - acc: 0.4792
 128/1424 [=>............................] - ETA: 23s - loss: 8.3448 - acc: 0.4766
 160/1424 [==>...........................] - ETA: 22s - loss: 7.7719 - acc: 0.5125
 192/1424 [===>..........................] - ETA: 22s - loss: 7.9712 - acc: 0.5000
 224/1424 [===>..........................] - ETA: 21s - loss: 8.0424 - acc: 0.4955
 256/1424 [====>.........................] - ETA: 21s - loss: 7.9089 - acc: 0.5039
 288/1424 [=====>........................] - ETA: 20s - loss: 7.8051 - acc: 0.5104
 320/1424 [=====>........................] - ETA: 19s - loss: 7.7719 - acc: 0.5125
 352/1424 [======>.......................] - ETA: 19s - loss: 8.0165 - acc: 0.4972
 384/1424 [=======>......................] - ETA: 18s - loss: 7.8882 - acc: 0.5052
 416/1424 [=======>......................] - ETA: 18s - loss: 7.7796 - acc: 0.5120
 448/1424 [========>.....................] - ETA: 17s - loss: 7.7933 - acc: 0.5112
 480/1424 [=========>....................] - ETA: 17s - loss: 7.6723 - acc: 0.5188
 512/1424 [=========>....................] - ETA: 16s - loss: 7.8155 - acc: 0.5098
 544/1424 [==========>...................] - ETA: 15s - loss: 7.9419 - acc: 0.5018
 576/1424 [===========>..................] - ETA: 15s - loss: 8.0542 - acc: 0.4948
 608/1424 [===========>..................] - ETA: 14s - loss: 8.1023 - acc: 0.4918
 640/1424 [============>.................] - ETA: 14s - loss: 8.0957 - acc: 0.4922
 672/1424 [=============>................] - ETA: 13s - loss: 8.0661 - acc: 0.4940
 704/1424 [=============>................] - ETA: 12s - loss: 8.0844 - acc: 0.4929
 736/1424 [==============>...............] - ETA: 12s - loss: 8.0362 - acc: 0.4959
 768/1424 [===============>..............] - ETA: 11s - loss: 8.0542 - acc: 0.4948
 800/1424 [===============>..............] - ETA: 11s - loss: 8.0908 - acc: 0.4925
 832/1424 [================>.............] - ETA: 10s - loss: 8.0095 - acc: 0.4976
 864/1424 [=================>............] - ETA: 10s - loss: 8.0265 - acc: 0.4965
 896/1424 [=================>............] - ETA: 9s - loss: 7.9890 - acc: 0.4989 
 928/1424 [==================>...........] - ETA: 8s - loss: 7.9712 - acc: 0.5000
 960/1424 [===================>..........] - ETA: 8s - loss: 7.9712 - acc: 0.5000
 992/1424 [===================>..........] - ETA: 7s - loss: 7.9873 - acc: 0.4990
1024/1424 [====================>.........] - ETA: 7s - loss: 7.9712 - acc: 0.5000
1056/1424 [=====================>........] - ETA: 6s - loss: 8.0165 - acc: 0.4972
1088/1424 [=====================>........] - ETA: 6s - loss: 8.0005 - acc: 0.4982
1120/1424 [======================>.......] - ETA: 5s - loss: 8.0281 - acc: 0.4964
1152/1424 [=======================>......] - ETA: 4s - loss: 8.0404 - acc: 0.4957
1184/1424 [=======================>......] - ETA: 4s - loss: 8.0385 - acc: 0.4958
1216/1424 [========================>.....] - ETA: 3s - loss: 8.0236 - acc: 0.4967
1248/1424 [=========================>....] - ETA: 3s - loss: 8.0734 - acc: 0.4936
1280/1424 [=========================>....] - ETA: 2s - loss: 8.0708 - acc: 0.4938
1312/1424 [==========================>...] - ETA: 2s - loss: 8.1049 - acc: 0.4916
1344/1424 [===========================>..] - ETA: 1s - loss: 8.0779 - acc: 0.4933
1376/1424 [===========================>..] - ETA: 0s - loss: 8.0523 - acc: 0.4949
1408/1424 [============================>.] - ETA: 0s - loss: 7.9599 - acc: 0.5007
1424/1424 [==============================] - 29s 20ms/step - loss: 7.9712 - acc: 0.5000 - val_loss: 7.9712 - val_acc: 0.5000
Epoch 10/1000

  32/1424 [..............................] - ETA: 25s - loss: 6.9748 - acc: 0.5625
  64/1424 [>.............................] - ETA: 24s - loss: 6.4766 - acc: 0.5938
  96/1424 [=>............................] - ETA: 23s - loss: 7.3069 - acc: 0.5417
 128/1424 [=>............................] - ETA: 23s - loss: 7.7221 - acc: 0.5156
 160/1424 [==>...........................] - ETA: 22s - loss: 8.1705 - acc: 0.4875
 192/1424 [===>..........................] - ETA: 22s - loss: 7.9712 - acc: 0.5000
 224/1424 [===>..........................] - ETA: 21s - loss: 8.0424 - acc: 0.4955
 256/1424 [====>.........................] - ETA: 20s - loss: 7.8466 - acc: 0.5078
 288/1424 [=====>........................] - ETA: 20s - loss: 7.8051 - acc: 0.5104
 320/1424 [=====>........................] - ETA: 19s - loss: 7.8716 - acc: 0.5062
 352/1424 [======>.......................] - ETA: 19s - loss: 7.9712 - acc: 0.5000
 384/1424 [=======>......................] - ETA: 18s - loss: 7.8051 - acc: 0.5104
 416/1424 [=======>......................] - ETA: 18s - loss: 8.0862 - acc: 0.4928
 448/1424 [========>.....................] - ETA: 17s - loss: 8.0068 - acc: 0.4978
 480/1424 [=========>....................] - ETA: 16s - loss: 8.0376 - acc: 0.4958
 512/1424 [=========>....................] - ETA: 16s - loss: 8.0023 - acc: 0.4980
 544/1424 [==========>...................] - ETA: 15s - loss: 8.1470 - acc: 0.4890
 576/1424 [===========>..................] - ETA: 15s - loss: 8.1373 - acc: 0.4896
 608/1424 [===========>..................] - ETA: 14s - loss: 8.1810 - acc: 0.4868
 640/1424 [============>.................] - ETA: 14s - loss: 8.2452 - acc: 0.4828
 672/1424 [=============>................] - ETA: 13s - loss: 8.2559 - acc: 0.4821
 704/1424 [=============>................] - ETA: 12s - loss: 8.3335 - acc: 0.4773
 736/1424 [==============>...............] - ETA: 12s - loss: 8.3178 - acc: 0.4783
 768/1424 [===============>..............] - ETA: 11s - loss: 8.3448 - acc: 0.4766
 800/1424 [===============>..............] - ETA: 11s - loss: 8.3698 - acc: 0.4750
 832/1424 [================>.............] - ETA: 10s - loss: 8.2395 - acc: 0.4832
 864/1424 [=================>............] - ETA: 10s - loss: 8.2480 - acc: 0.4826
 896/1424 [=================>............] - ETA: 9s - loss: 8.3093 - acc: 0.4788 
 928/1424 [==================>...........] - ETA: 8s - loss: 8.2804 - acc: 0.4806
 960/1424 [===================>..........] - ETA: 8s - loss: 8.2369 - acc: 0.4833
 992/1424 [===================>..........] - ETA: 7s - loss: 8.2605 - acc: 0.4819
1024/1424 [====================>.........] - ETA: 7s - loss: 8.1892 - acc: 0.4863
1056/1424 [=====================>........] - ETA: 6s - loss: 8.2278 - acc: 0.4839
1088/1424 [=====================>........] - ETA: 6s - loss: 8.1910 - acc: 0.4862
1120/1424 [======================>.......] - ETA: 5s - loss: 8.1989 - acc: 0.4857
1152/1424 [=======================>......] - ETA: 4s - loss: 8.1649 - acc: 0.4878
1184/1424 [=======================>......] - ETA: 4s - loss: 8.1732 - acc: 0.4873
1216/1424 [========================>.....] - ETA: 3s - loss: 8.1547 - acc: 0.4885
1248/1424 [=========================>....] - ETA: 3s - loss: 8.2011 - acc: 0.4856
1280/1424 [=========================>....] - ETA: 2s - loss: 8.1207 - acc: 0.4906
1312/1424 [==========================>...] - ETA: 2s - loss: 8.1413 - acc: 0.4893
1344/1424 [===========================>..] - ETA: 1s - loss: 8.0898 - acc: 0.4926
1376/1424 [===========================>..] - ETA: 0s - loss: 8.0523 - acc: 0.4949
1408/1424 [============================>.] - ETA: 0s - loss: 8.0165 - acc: 0.4972
1424/1424 [==============================] - 29s 20ms/step - loss: 7.9712 - acc: 0.5000 - val_loss: 7.9712 - val_acc: 0.5000
Epoch 11/1000

  32/1424 [..............................] - ETA: 24s - loss: 5.4802 - acc: 0.6562
  64/1424 [>.............................] - ETA: 24s - loss: 6.4766 - acc: 0.5938
  96/1424 [=>............................] - ETA: 23s - loss: 6.8087 - acc: 0.5729
 128/1424 [=>............................] - ETA: 23s - loss: 6.8502 - acc: 0.5703
 160/1424 [==>...........................] - ETA: 22s - loss: 6.6759 - acc: 0.5813
 192/1424 [===>..........................] - ETA: 22s - loss: 7.0578 - acc: 0.5573
 224/1424 [===>..........................] - ETA: 21s - loss: 7.2595 - acc: 0.5446
 256/1424 [====>.........................] - ETA: 21s - loss: 7.1616 - acc: 0.5508
 288/1424 [=====>........................] - ETA: 20s - loss: 7.0855 - acc: 0.5556
 320/1424 [=====>........................] - ETA: 19s - loss: 7.3734 - acc: 0.5375
 352/1424 [======>.......................] - ETA: 19s - loss: 7.3824 - acc: 0.5369
 384/1424 [=======>......................] - ETA: 18s - loss: 7.5145 - acc: 0.5286
 416/1424 [=======>......................] - ETA: 18s - loss: 7.7029 - acc: 0.5168
 448/1424 [========>.....................] - ETA: 17s - loss: 7.6509 - acc: 0.5201
 480/1424 [=========>....................] - ETA: 17s - loss: 7.8051 - acc: 0.5104
 512/1424 [=========>....................] - ETA: 16s - loss: 7.7532 - acc: 0.5137
 544/1424 [==========>...................] - ETA: 15s - loss: 7.7367 - acc: 0.5147
 576/1424 [===========>..................] - ETA: 15s - loss: 7.8051 - acc: 0.5104
 608/1424 [===========>..................] - ETA: 14s - loss: 7.8139 - acc: 0.5099
 640/1424 [============>.................] - ETA: 14s - loss: 7.7221 - acc: 0.5156
 672/1424 [=============>................] - ETA: 13s - loss: 7.8051 - acc: 0.5104
 704/1424 [=============>................] - ETA: 13s - loss: 7.7900 - acc: 0.5114
 736/1424 [==============>...............] - ETA: 12s - loss: 7.7979 - acc: 0.5109
 768/1424 [===============>..............] - ETA: 11s - loss: 7.7429 - acc: 0.5143
 800/1424 [===============>..............] - ETA: 11s - loss: 7.7321 - acc: 0.5150
 832/1424 [================>.............] - ETA: 10s - loss: 7.7221 - acc: 0.5156
 864/1424 [=================>............] - ETA: 10s - loss: 7.7682 - acc: 0.5127
 896/1424 [=================>............] - ETA: 9s - loss: 7.7577 - acc: 0.5134 
 928/1424 [==================>...........] - ETA: 8s - loss: 7.7994 - acc: 0.5108
 960/1424 [===================>..........] - ETA: 8s - loss: 7.8383 - acc: 0.5083
 992/1424 [===================>..........] - ETA: 7s - loss: 7.8908 - acc: 0.5050
1024/1424 [====================>.........] - ETA: 7s - loss: 7.8933 - acc: 0.5049
1056/1424 [=====================>........] - ETA: 6s - loss: 7.8504 - acc: 0.5076
1088/1424 [=====================>........] - ETA: 6s - loss: 7.9126 - acc: 0.5037
1120/1424 [======================>.......] - ETA: 5s - loss: 7.9427 - acc: 0.5018
1152/1424 [=======================>......] - ETA: 4s - loss: 7.9435 - acc: 0.5017
1184/1424 [=======================>......] - ETA: 4s - loss: 7.9577 - acc: 0.5008
1216/1424 [========================>.....] - ETA: 3s - loss: 7.9712 - acc: 0.5000
1248/1424 [=========================>....] - ETA: 3s - loss: 7.9712 - acc: 0.5000
1280/1424 [=========================>....] - ETA: 2s - loss: 7.9587 - acc: 0.5008
1312/1424 [==========================>...] - ETA: 2s - loss: 7.9955 - acc: 0.4985
1344/1424 [===========================>..] - ETA: 1s - loss: 7.9593 - acc: 0.5007
1376/1424 [===========================>..] - ETA: 0s - loss: 8.0060 - acc: 0.4978
1408/1424 [============================>.] - ETA: 0s - loss: 7.9485 - acc: 0.5014
1424/1424 [==============================] - 29s 20ms/step - loss: 7.9712 - acc: 0.5000 - val_loss: 7.9712 - val_acc: 0.5000
Epoch 12/1000

  32/1424 [..............................] - ETA: 24s - loss: 7.9712 - acc: 0.5000
  64/1424 [>.............................] - ETA: 24s - loss: 8.7185 - acc: 0.4531
  96/1424 [=>............................] - ETA: 23s - loss: 8.8015 - acc: 0.4479
 128/1424 [=>............................] - ETA: 23s - loss: 8.8430 - acc: 0.4453
 160/1424 [==>...........................] - ETA: 22s - loss: 8.2701 - acc: 0.4813
 192/1424 [===>..........................] - ETA: 22s - loss: 8.4694 - acc: 0.4688
 224/1424 [===>..........................] - ETA: 21s - loss: 8.7541 - acc: 0.4509
 256/1424 [====>.........................] - ETA: 21s - loss: 8.8430 - acc: 0.4453
 288/1424 [=====>........................] - ETA: 20s - loss: 8.8015 - acc: 0.4479
 320/1424 [=====>........................] - ETA: 19s - loss: 8.6687 - acc: 0.4562
 352/1424 [======>.......................] - ETA: 19s - loss: 8.7411 - acc: 0.4517
 384/1424 [=======>......................] - ETA: 18s - loss: 8.7600 - acc: 0.4505
 416/1424 [=======>......................] - ETA: 18s - loss: 8.6610 - acc: 0.4567
 448/1424 [========>.....................] - ETA: 17s - loss: 8.6117 - acc: 0.4598
 480/1424 [=========>....................] - ETA: 16s - loss: 8.5026 - acc: 0.4667
 512/1424 [=========>....................] - ETA: 16s - loss: 8.5628 - acc: 0.4629
 544/1424 [==========>...................] - ETA: 15s - loss: 8.3522 - acc: 0.4761
 576/1424 [===========>..................] - ETA: 15s - loss: 8.2756 - acc: 0.4809
 608/1424 [===========>..................] - ETA: 14s - loss: 8.3645 - acc: 0.4753
 640/1424 [============>.................] - ETA: 14s - loss: 8.3947 - acc: 0.4734
 672/1424 [=============>................] - ETA: 13s - loss: 8.1847 - acc: 0.4866
 704/1424 [=============>................] - ETA: 12s - loss: 8.1750 - acc: 0.4872
 736/1424 [==============>...............] - ETA: 12s - loss: 8.1878 - acc: 0.4864
 768/1424 [===============>..............] - ETA: 11s - loss: 8.1580 - acc: 0.4883
 800/1424 [===============>..............] - ETA: 11s - loss: 8.0708 - acc: 0.4938
 832/1424 [================>.............] - ETA: 10s - loss: 8.0478 - acc: 0.4952
 864/1424 [=================>............] - ETA: 10s - loss: 8.0450 - acc: 0.4954
 896/1424 [=================>............] - ETA: 9s - loss: 8.0424 - acc: 0.4955 
 928/1424 [==================>...........] - ETA: 8s - loss: 7.9712 - acc: 0.5000
 960/1424 [===================>..........] - ETA: 8s - loss: 8.0708 - acc: 0.4938
 992/1424 [===================>..........] - ETA: 7s - loss: 8.0194 - acc: 0.4970
1024/1424 [====================>.........] - ETA: 7s - loss: 8.0646 - acc: 0.4941
1056/1424 [=====================>........] - ETA: 6s - loss: 8.0618 - acc: 0.4943
1088/1424 [=====================>........] - ETA: 6s - loss: 7.9858 - acc: 0.4991
1120/1424 [======================>.......] - ETA: 5s - loss: 7.9712 - acc: 0.5000
1152/1424 [=======================>......] - ETA: 4s - loss: 7.9712 - acc: 0.5000
1184/1424 [=======================>......] - ETA: 4s - loss: 7.9443 - acc: 0.5017
1216/1424 [========================>.....] - ETA: 3s - loss: 7.9188 - acc: 0.5033
1248/1424 [=========================>....] - ETA: 3s - loss: 7.9329 - acc: 0.5024
1280/1424 [=========================>....] - ETA: 2s - loss: 7.9214 - acc: 0.5031
1312/1424 [==========================>...] - ETA: 2s - loss: 7.9104 - acc: 0.5038
1344/1424 [===========================>..] - ETA: 1s - loss: 7.9237 - acc: 0.5030
1376/1424 [===========================>..] - ETA: 0s - loss: 7.8901 - acc: 0.5051
1408/1424 [============================>.] - ETA: 0s - loss: 7.9259 - acc: 0.5028
1424/1424 [==============================] - 29s 20ms/step - loss: 7.9712 - acc: 0.5000 - val_loss: 7.9712 - val_acc: 0.5000
Epoch 13/1000

  32/1424 [..............................] - ETA: 25s - loss: 7.9712 - acc: 0.5000
  64/1424 [>.............................] - ETA: 24s - loss: 8.2203 - acc: 0.4844
  96/1424 [=>............................] - ETA: 23s - loss: 7.9712 - acc: 0.5000
 128/1424 [=>............................] - ETA: 23s - loss: 7.5975 - acc: 0.5234
 160/1424 [==>...........................] - ETA: 22s - loss: 7.3734 - acc: 0.5375
 192/1424 [===>..........................] - ETA: 22s - loss: 7.4730 - acc: 0.5312
 224/1424 [===>..........................] - ETA: 21s - loss: 7.6153 - acc: 0.5223
 256/1424 [====>.........................] - ETA: 20s - loss: 7.8466 - acc: 0.5078
 288/1424 [=====>........................] - ETA: 20s - loss: 7.9712 - acc: 0.5000
 320/1424 [=====>........................] - ETA: 19s - loss: 7.8716 - acc: 0.5062
 352/1424 [======>.......................] - ETA: 19s - loss: 7.8806 - acc: 0.5057
 384/1424 [=======>......................] - ETA: 18s - loss: 7.9712 - acc: 0.5000
 416/1424 [=======>......................] - ETA: 18s - loss: 7.9329 - acc: 0.5024
 448/1424 [========>.....................] - ETA: 17s - loss: 7.9000 - acc: 0.5045
 480/1424 [=========>....................] - ETA: 16s - loss: 7.8051 - acc: 0.5104
 512/1424 [=========>....................] - ETA: 16s - loss: 7.6598 - acc: 0.5195
 544/1424 [==========>...................] - ETA: 15s - loss: 7.6488 - acc: 0.5202
 576/1424 [===========>..................] - ETA: 15s - loss: 7.6114 - acc: 0.5226
 608/1424 [===========>..................] - ETA: 14s - loss: 7.7614 - acc: 0.5132
 640/1424 [============>.................] - ETA: 14s - loss: 7.8217 - acc: 0.5094
 672/1424 [=============>................] - ETA: 13s - loss: 7.8051 - acc: 0.5104
 704/1424 [=============>................] - ETA: 12s - loss: 7.8353 - acc: 0.5085
 736/1424 [==============>...............] - ETA: 12s - loss: 7.9062 - acc: 0.5041
 768/1424 [===============>..............] - ETA: 11s - loss: 7.8882 - acc: 0.5052
 800/1424 [===============>..............] - ETA: 11s - loss: 7.9114 - acc: 0.5038
 832/1424 [================>.............] - ETA: 10s - loss: 8.0095 - acc: 0.4976
 864/1424 [=================>............] - ETA: 10s - loss: 7.8974 - acc: 0.5046
 896/1424 [=================>............] - ETA: 9s - loss: 7.9534 - acc: 0.5011 
 928/1424 [==================>...........] - ETA: 8s - loss: 7.9197 - acc: 0.5032
 960/1424 [===================>..........] - ETA: 8s - loss: 7.9048 - acc: 0.5042
 992/1424 [===================>..........] - ETA: 7s - loss: 7.9391 - acc: 0.5020
1024/1424 [====================>.........] - ETA: 7s - loss: 7.8778 - acc: 0.5059
1056/1424 [=====================>........] - ETA: 6s - loss: 7.8655 - acc: 0.5066
1088/1424 [=====================>........] - ETA: 6s - loss: 7.8247 - acc: 0.5092
1120/1424 [======================>.......] - ETA: 5s - loss: 7.8431 - acc: 0.5080
1152/1424 [=======================>......] - ETA: 4s - loss: 7.8743 - acc: 0.5061
1184/1424 [=======================>......] - ETA: 4s - loss: 7.9443 - acc: 0.5017
1216/1424 [========================>.....] - ETA: 3s - loss: 7.9056 - acc: 0.5041
1248/1424 [=========================>....] - ETA: 3s - loss: 7.8945 - acc: 0.5048
1280/1424 [=========================>....] - ETA: 2s - loss: 7.8591 - acc: 0.5070
1312/1424 [==========================>...] - ETA: 2s - loss: 7.8861 - acc: 0.5053
1344/1424 [===========================>..] - ETA: 1s - loss: 7.9000 - acc: 0.5045
1376/1424 [===========================>..] - ETA: 0s - loss: 7.9480 - acc: 0.5015
1408/1424 [============================>.] - ETA: 0s - loss: 7.9712 - acc: 0.5000
1424/1424 [==============================] - 29s 20ms/step - loss: 7.9712 - acc: 0.5000 - val_loss: 7.9712 - val_acc: 0.5000
Epoch 14/1000

  32/1424 [..............................] - ETA: 25s - loss: 8.9676 - acc: 0.4375
  64/1424 [>.............................] - ETA: 24s - loss: 8.4694 - acc: 0.4688
  96/1424 [=>............................] - ETA: 23s - loss: 8.4694 - acc: 0.4688
 128/1424 [=>............................] - ETA: 23s - loss: 8.2203 - acc: 0.4844
 160/1424 [==>...........................] - ETA: 22s - loss: 7.8716 - acc: 0.5062
 192/1424 [===>..........................] - ETA: 22s - loss: 7.8882 - acc: 0.5052
 224/1424 [===>..........................] - ETA: 21s - loss: 7.8289 - acc: 0.5089
 256/1424 [====>.........................] - ETA: 21s - loss: 7.7221 - acc: 0.5156
 288/1424 [=====>........................] - ETA: 20s - loss: 7.6944 - acc: 0.5174
 320/1424 [=====>........................] - ETA: 19s - loss: 7.7221 - acc: 0.5156
 352/1424 [======>.......................] - ETA: 19s - loss: 7.8353 - acc: 0.5085
 384/1424 [=======>......................] - ETA: 18s - loss: 8.0127 - acc: 0.4974
 416/1424 [=======>......................] - ETA: 18s - loss: 7.9712 - acc: 0.5000
 448/1424 [========>.....................] - ETA: 17s - loss: 7.9356 - acc: 0.5022
 480/1424 [=========>....................] - ETA: 17s - loss: 8.0708 - acc: 0.4938
 512/1424 [=========>....................] - ETA: 16s - loss: 7.9712 - acc: 0.5000
 544/1424 [==========>...................] - ETA: 15s - loss: 7.9126 - acc: 0.5037
 576/1424 [===========>..................] - ETA: 15s - loss: 7.8605 - acc: 0.5069
 608/1424 [===========>..................] - ETA: 14s - loss: 7.9188 - acc: 0.5033
 640/1424 [============>.................] - ETA: 14s - loss: 7.9961 - acc: 0.4984
 672/1424 [=============>................] - ETA: 13s - loss: 7.9237 - acc: 0.5030
 704/1424 [=============>................] - ETA: 12s - loss: 7.9033 - acc: 0.5043
 736/1424 [==============>...............] - ETA: 12s - loss: 7.9279 - acc: 0.5027
 768/1424 [===============>..............] - ETA: 11s - loss: 7.9712 - acc: 0.5000
 800/1424 [===============>..............] - ETA: 11s - loss: 7.9712 - acc: 0.5000
 832/1424 [================>.............] - ETA: 10s - loss: 7.9137 - acc: 0.5036
 864/1424 [=================>............] - ETA: 10s - loss: 7.9343 - acc: 0.5023
 896/1424 [=================>............] - ETA: 9s - loss: 7.8822 - acc: 0.5056 
 928/1424 [==================>...........] - ETA: 8s - loss: 7.9368 - acc: 0.5022
 960/1424 [===================>..........] - ETA: 8s - loss: 7.9546 - acc: 0.5010
 992/1424 [===================>..........] - ETA: 7s - loss: 7.9230 - acc: 0.5030
1024/1424 [====================>.........] - ETA: 7s - loss: 8.0023 - acc: 0.4980
1056/1424 [=====================>........] - ETA: 6s - loss: 8.0316 - acc: 0.4962
1088/1424 [=====================>........] - ETA: 6s - loss: 8.1031 - acc: 0.4917
1120/1424 [======================>.......] - ETA: 5s - loss: 8.1135 - acc: 0.4911
1152/1424 [=======================>......] - ETA: 4s - loss: 7.9850 - acc: 0.4991
1184/1424 [=======================>......] - ETA: 4s - loss: 7.9712 - acc: 0.5000
1216/1424 [========================>.....] - ETA: 3s - loss: 7.9974 - acc: 0.4984
1248/1424 [=========================>....] - ETA: 3s - loss: 7.9967 - acc: 0.4984
1280/1424 [=========================>....] - ETA: 2s - loss: 8.0210 - acc: 0.4969
1312/1424 [==========================>...] - ETA: 2s - loss: 7.9833 - acc: 0.4992
1344/1424 [===========================>..] - ETA: 1s - loss: 7.9831 - acc: 0.4993
1376/1424 [===========================>..] - ETA: 0s - loss: 7.9828 - acc: 0.4993
1408/1424 [============================>.] - ETA: 0s - loss: 7.9825 - acc: 0.4993
1424/1424 [==============================] - 29s 20ms/step - loss: 7.9712 - acc: 0.5000 - val_loss: 7.9712 - val_acc: 0.5000
Epoch 15/1000

  32/1424 [..............................] - ETA: 25s - loss: 7.9712 - acc: 0.5000
  64/1424 [>.............................] - ETA: 24s - loss: 8.2203 - acc: 0.4844
  96/1424 [=>............................] - ETA: 23s - loss: 7.9712 - acc: 0.5000
 128/1424 [=>............................] - ETA: 23s - loss: 7.7221 - acc: 0.5156
 160/1424 [==>...........................] - ETA: 22s - loss: 7.5726 - acc: 0.5250
 192/1424 [===>..........................] - ETA: 22s - loss: 7.6391 - acc: 0.5208
 224/1424 [===>..........................] - ETA: 21s - loss: 7.4730 - acc: 0.5312
 256/1424 [====>.........................] - ETA: 21s - loss: 7.6598 - acc: 0.5195
 288/1424 [=====>........................] - ETA: 20s - loss: 7.6391 - acc: 0.5208
 320/1424 [=====>........................] - ETA: 19s - loss: 7.5228 - acc: 0.5281
 352/1424 [======>.......................] - ETA: 19s - loss: 7.4730 - acc: 0.5312
 384/1424 [=======>......................] - ETA: 18s - loss: 7.5560 - acc: 0.5260
 416/1424 [=======>......................] - ETA: 18s - loss: 7.7413 - acc: 0.5144
 448/1424 [========>.....................] - ETA: 17s - loss: 7.6509 - acc: 0.5201
 480/1424 [=========>....................] - ETA: 16s - loss: 7.7055 - acc: 0.5167
 512/1424 [=========>....................] - ETA: 16s - loss: 7.7532 - acc: 0.5137
 544/1424 [==========>...................] - ETA: 15s - loss: 7.6195 - acc: 0.5221
 576/1424 [===========>..................] - ETA: 15s - loss: 7.6667 - acc: 0.5191
 608/1424 [===========>..................] - ETA: 14s - loss: 7.5779 - acc: 0.5247
 640/1424 [============>.................] - ETA: 14s - loss: 7.7470 - acc: 0.5141
 672/1424 [=============>................] - ETA: 13s - loss: 7.7814 - acc: 0.5119
 704/1424 [=============>................] - ETA: 12s - loss: 7.8353 - acc: 0.5085
 736/1424 [==============>...............] - ETA: 12s - loss: 7.8629 - acc: 0.5068
 768/1424 [===============>..............] - ETA: 11s - loss: 7.8674 - acc: 0.5065
 800/1424 [===============>..............] - ETA: 11s - loss: 7.8516 - acc: 0.5075
 832/1424 [================>.............] - ETA: 10s - loss: 7.8754 - acc: 0.5060
 864/1424 [=================>............] - ETA: 10s - loss: 7.8236 - acc: 0.5093
 896/1424 [=================>............] - ETA: 9s - loss: 7.8822 - acc: 0.5056 
 928/1424 [==================>...........] - ETA: 8s - loss: 7.9025 - acc: 0.5043
 960/1424 [===================>..........] - ETA: 8s - loss: 7.9048 - acc: 0.5042
 992/1424 [===================>..........] - ETA: 7s - loss: 7.9551 - acc: 0.5010
1024/1424 [====================>.........] - ETA: 7s - loss: 8.0023 - acc: 0.4980
1056/1424 [=====================>........] - ETA: 6s - loss: 8.0014 - acc: 0.4981
1088/1424 [=====================>........] - ETA: 6s - loss: 7.9712 - acc: 0.5000
1120/1424 [======================>.......] - ETA: 5s - loss: 7.9143 - acc: 0.5036
1152/1424 [=======================>......] - ETA: 4s - loss: 7.9297 - acc: 0.5026
1184/1424 [=======================>......] - ETA: 4s - loss: 7.8904 - acc: 0.5051
1216/1424 [========================>.....] - ETA: 3s - loss: 7.9712 - acc: 0.5000
1248/1424 [=========================>....] - ETA: 3s - loss: 8.0095 - acc: 0.4976
1280/1424 [=========================>....] - ETA: 2s - loss: 8.0459 - acc: 0.4953
1312/1424 [==========================>...] - ETA: 2s - loss: 7.9712 - acc: 0.5000
1344/1424 [===========================>..] - ETA: 1s - loss: 7.9356 - acc: 0.5022
1376/1424 [===========================>..] - ETA: 0s - loss: 7.9480 - acc: 0.5015
1408/1424 [============================>.] - ETA: 0s - loss: 7.9599 - acc: 0.5007
1424/1424 [==============================] - 29s 20ms/step - loss: 7.9712 - acc: 0.5000 - val_loss: 7.9712 - val_acc: 0.5000
Epoch 16/1000

  32/1424 [..............................] - ETA: 25s - loss: 6.4766 - acc: 0.5938
  64/1424 [>.............................] - ETA: 24s - loss: 8.2203 - acc: 0.4844
  96/1424 [=>............................] - ETA: 23s - loss: 7.6391 - acc: 0.5208
 128/1424 [=>............................] - ETA: 23s - loss: 7.7221 - acc: 0.5156
 160/1424 [==>...........................] - ETA: 22s - loss: 8.2701 - acc: 0.4813
 192/1424 [===>..........................] - ETA: 22s - loss: 7.9712 - acc: 0.5000
 224/1424 [===>..........................] - ETA: 21s - loss: 8.1135 - acc: 0.4911
 256/1424 [====>.........................] - ETA: 20s - loss: 8.1580 - acc: 0.4883
 288/1424 [=====>........................] - ETA: 20s - loss: 8.1373 - acc: 0.4896
 320/1424 [=====>........................] - ETA: 19s - loss: 7.9712 - acc: 0.5000
 352/1424 [======>.......................] - ETA: 19s - loss: 8.0618 - acc: 0.4943
 384/1424 [=======>......................] - ETA: 18s - loss: 7.9712 - acc: 0.5000
 416/1424 [=======>......................] - ETA: 18s - loss: 7.9712 - acc: 0.5000
 448/1424 [========>.....................] - ETA: 17s - loss: 7.9712 - acc: 0.5000
 480/1424 [=========>....................] - ETA: 16s - loss: 8.0044 - acc: 0.4979
 512/1424 [=========>....................] - ETA: 16s - loss: 8.0023 - acc: 0.4980
 544/1424 [==========>...................] - ETA: 15s - loss: 8.1177 - acc: 0.4908
 576/1424 [===========>..................] - ETA: 15s - loss: 8.3033 - acc: 0.4792
 608/1424 [===========>..................] - ETA: 14s - loss: 8.3645 - acc: 0.4753
 640/1424 [============>.................] - ETA: 14s - loss: 8.2452 - acc: 0.4828
 672/1424 [=============>................] - ETA: 13s - loss: 8.2796 - acc: 0.4807
 704/1424 [=============>................] - ETA: 12s - loss: 8.2429 - acc: 0.4830
 736/1424 [==============>...............] - ETA: 12s - loss: 8.1878 - acc: 0.4864
 768/1424 [===============>..............] - ETA: 11s - loss: 8.2411 - acc: 0.4831
 800/1424 [===============>..............] - ETA: 11s - loss: 8.2303 - acc: 0.4838
 832/1424 [================>.............] - ETA: 10s - loss: 8.1628 - acc: 0.4880
 864/1424 [=================>............] - ETA: 10s - loss: 8.1188 - acc: 0.4907
 896/1424 [=================>............] - ETA: 9s - loss: 8.1669 - acc: 0.4877 
 928/1424 [==================>...........] - ETA: 8s - loss: 8.2289 - acc: 0.4838
 960/1424 [===================>..........] - ETA: 8s - loss: 8.2037 - acc: 0.4854
 992/1424 [===================>..........] - ETA: 7s - loss: 8.1158 - acc: 0.4909
1024/1424 [====================>.........] - ETA: 7s - loss: 8.0490 - acc: 0.4951
1056/1424 [=====================>........] - ETA: 6s - loss: 8.0316 - acc: 0.4962
1088/1424 [=====================>........] - ETA: 6s - loss: 8.0738 - acc: 0.4936
1120/1424 [======================>.......] - ETA: 5s - loss: 8.0424 - acc: 0.4955
1152/1424 [=======================>......] - ETA: 4s - loss: 7.9989 - acc: 0.4983
1184/1424 [=======================>......] - ETA: 4s - loss: 7.9577 - acc: 0.5008
1216/1424 [========================>.....] - ETA: 3s - loss: 7.9450 - acc: 0.5016
1248/1424 [=========================>....] - ETA: 3s - loss: 7.9073 - acc: 0.5040
1280/1424 [=========================>....] - ETA: 2s - loss: 7.9338 - acc: 0.5023
1312/1424 [==========================>...] - ETA: 2s - loss: 7.9469 - acc: 0.5015
1344/1424 [===========================>..] - ETA: 1s - loss: 7.9593 - acc: 0.5007
1376/1424 [===========================>..] - ETA: 0s - loss: 7.9828 - acc: 0.4993
1408/1424 [============================>.] - ETA: 0s - loss: 7.9825 - acc: 0.4993
1424/1424 [==============================] - 29s 20ms/step - loss: 7.9712 - acc: 0.5000 - val_loss: 7.9712 - val_acc: 0.5000

  32/1424 [..............................] - ETA: 5s
  64/1424 [>.............................] - ETA: 4s
  96/1424 [=>............................] - ETA: 4s
 128/1424 [=>............................] - ETA: 4s
 160/1424 [==>...........................] - ETA: 4s
 192/1424 [===>..........................] - ETA: 4s
 224/1424 [===>..........................] - ETA: 4s
 256/1424 [====>.........................] - ETA: 4s
 288/1424 [=====>........................] - ETA: 4s
 320/1424 [=====>........................] - ETA: 3s
 352/1424 [======>.......................] - ETA: 3s
 384/1424 [=======>......................] - ETA: 3s
 416/1424 [=======>......................] - ETA: 3s
 448/1424 [========>.....................] - ETA: 3s
 480/1424 [=========>....................] - ETA: 3s
 512/1424 [=========>....................] - ETA: 3s
 544/1424 [==========>...................] - ETA: 3s
 576/1424 [===========>..................] - ETA: 3s
 608/1424 [===========>..................] - ETA: 2s
 640/1424 [============>.................] - ETA: 2s
 672/1424 [=============>................] - ETA: 2s
 704/1424 [=============>................] - ETA: 2s
 736/1424 [==============>...............] - ETA: 2s
 768/1424 [===============>..............] - ETA: 2s
 800/1424 [===============>..............] - ETA: 2s
 832/1424 [================>.............] - ETA: 2s
 864/1424 [=================>............] - ETA: 2s
 896/1424 [=================>............] - ETA: 1s
 928/1424 [==================>...........] - ETA: 1s
 960/1424 [===================>..........] - ETA: 1s
 992/1424 [===================>..........] - ETA: 1s
1024/1424 [====================>.........] - ETA: 1s
1056/1424 [=====================>........] - ETA: 1s
1088/1424 [=====================>........] - ETA: 1s
1120/1424 [======================>.......] - ETA: 1s
1152/1424 [=======================>......] - ETA: 0s
1184/1424 [=======================>......] - ETA: 0s
1216/1424 [========================>.....] - ETA: 0s
1248/1424 [=========================>....] - ETA: 0s
1280/1424 [=========================>....] - ETA: 0s
1312/1424 [==========================>...] - ETA: 0s
1344/1424 [===========================>..] - ETA: 0s
1376/1424 [===========================>..] - ETA: 0s
1408/1424 [============================>.] - ETA: 0s
1424/1424 [==============================] - 5s 4ms/step
Test acc: 0.8167134831460674
Test auc: 0.8909149728569624
Test mcc: 0.6344797908271829
Execute epoch: 16
Execute time: 463.60233068466187
