_________________________________________________________________
Layer (type)                 Output Shape              Param #   
=================================================================
embedding_1 (Embedding)      (None, None, 128)         2688      
_________________________________________________________________
lstm_1 (LSTM)                (None, None, 64)          49408     
_________________________________________________________________
lstm_2 (LSTM)                (None, None, 64)          33024     
_________________________________________________________________
lstm_3 (LSTM)                (None, 64)                33024     
_________________________________________________________________
dense_1 (Dense)              (None, 16)                1040      
_________________________________________________________________
dense_2 (Dense)              (None, 1)                 17        
=================================================================
Total params: 119,201
Trainable params: 119,201
Non-trainable params: 0
_________________________________________________________________
Train on 1424 samples, validate on 708 samples
Epoch 1/1000

  32/1424 [..............................] - ETA: 2:38 - loss: 0.6932 - acc: 0.5000
  64/1424 [>.............................] - ETA: 1:29 - loss: 0.6931 - acc: 0.5469
  96/1424 [=>............................] - ETA: 1:05 - loss: 0.6928 - acc: 0.5729
 128/1424 [=>............................] - ETA: 53s - loss: 0.6930 - acc: 0.5469 
 160/1424 [==>...........................] - ETA: 46s - loss: 0.6924 - acc: 0.5687
 192/1424 [===>..........................] - ETA: 41s - loss: 0.6922 - acc: 0.5677
 224/1424 [===>..........................] - ETA: 37s - loss: 0.6920 - acc: 0.5670
 256/1424 [====>.........................] - ETA: 34s - loss: 0.6920 - acc: 0.5625
 288/1424 [=====>........................] - ETA: 32s - loss: 0.6928 - acc: 0.5417
 320/1424 [=====>........................] - ETA: 30s - loss: 0.6930 - acc: 0.5344
 352/1424 [======>.......................] - ETA: 28s - loss: 0.6937 - acc: 0.5170
 384/1424 [=======>......................] - ETA: 26s - loss: 0.6933 - acc: 0.5208
 416/1424 [=======>......................] - ETA: 25s - loss: 0.6930 - acc: 0.5240
 448/1424 [========>.....................] - ETA: 24s - loss: 0.6932 - acc: 0.5179
 480/1424 [=========>....................] - ETA: 22s - loss: 0.6928 - acc: 0.5229
 512/1424 [=========>....................] - ETA: 21s - loss: 0.6931 - acc: 0.5176
 544/1424 [==========>...................] - ETA: 20s - loss: 0.6930 - acc: 0.5165
 576/1424 [===========>..................] - ETA: 19s - loss: 0.6931 - acc: 0.5122
 608/1424 [===========>..................] - ETA: 18s - loss: 0.6929 - acc: 0.5132
 640/1424 [============>.................] - ETA: 17s - loss: 0.6928 - acc: 0.5156
 672/1424 [=============>................] - ETA: 16s - loss: 0.6927 - acc: 0.5134
 704/1424 [=============>................] - ETA: 15s - loss: 0.6925 - acc: 0.5128
 736/1424 [==============>...............] - ETA: 15s - loss: 0.6925 - acc: 0.5109
 768/1424 [===============>..............] - ETA: 14s - loss: 0.6924 - acc: 0.5104
 800/1424 [===============>..............] - ETA: 13s - loss: 0.6921 - acc: 0.5100
 832/1424 [================>.............] - ETA: 12s - loss: 0.6920 - acc: 0.5084
 864/1424 [=================>............] - ETA: 11s - loss: 0.6917 - acc: 0.5104
 896/1424 [=================>............] - ETA: 11s - loss: 0.6914 - acc: 0.5089
 928/1424 [==================>...........] - ETA: 10s - loss: 0.6913 - acc: 0.5075
 960/1424 [===================>..........] - ETA: 9s - loss: 0.6910 - acc: 0.5052 
 992/1424 [===================>..........] - ETA: 9s - loss: 0.6907 - acc: 0.5020
1024/1424 [====================>.........] - ETA: 8s - loss: 0.6900 - acc: 0.5029
1056/1424 [=====================>........] - ETA: 7s - loss: 0.6897 - acc: 0.4972
1088/1424 [=====================>........] - ETA: 6s - loss: 0.6884 - acc: 0.4991
1120/1424 [======================>.......] - ETA: 6s - loss: 0.6871 - acc: 0.5018
1152/1424 [=======================>......] - ETA: 5s - loss: 0.6850 - acc: 0.5043
1184/1424 [=======================>......] - ETA: 4s - loss: 0.6810 - acc: 0.5068
1216/1424 [========================>.....] - ETA: 4s - loss: 0.6826 - acc: 0.5082
1248/1424 [=========================>....] - ETA: 3s - loss: 0.6829 - acc: 0.5096
1280/1424 [=========================>....] - ETA: 2s - loss: 0.6818 - acc: 0.5141
1312/1424 [==========================>...] - ETA: 2s - loss: 0.6804 - acc: 0.5198
1344/1424 [===========================>..] - ETA: 1s - loss: 0.6804 - acc: 0.5231
1376/1424 [===========================>..] - ETA: 0s - loss: 0.6793 - acc: 0.5283
1408/1424 [============================>.] - ETA: 0s - loss: 0.6786 - acc: 0.5334
1424/1424 [==============================] - 32s 22ms/step - loss: 0.6785 - acc: 0.5351 - val_loss: 0.6608 - val_acc: 0.7669
Epoch 2/1000

  32/1424 [..............................] - ETA: 24s - loss: 0.6826 - acc: 0.6875
  64/1424 [>.............................] - ETA: 24s - loss: 0.6658 - acc: 0.6875
  96/1424 [=>............................] - ETA: 23s - loss: 0.6704 - acc: 0.6979
 128/1424 [=>............................] - ETA: 22s - loss: 0.6588 - acc: 0.7266
 160/1424 [==>...........................] - ETA: 22s - loss: 0.6638 - acc: 0.7250
 192/1424 [===>..........................] - ETA: 21s - loss: 0.6552 - acc: 0.7604
 224/1424 [===>..........................] - ETA: 21s - loss: 0.6490 - acc: 0.7768
 256/1424 [====>.........................] - ETA: 20s - loss: 0.6442 - acc: 0.7578
 288/1424 [=====>........................] - ETA: 20s - loss: 0.6364 - acc: 0.7465
 320/1424 [=====>........................] - ETA: 19s - loss: 0.6300 - acc: 0.7344
 352/1424 [======>.......................] - ETA: 19s - loss: 0.6722 - acc: 0.7159
 384/1424 [=======>......................] - ETA: 18s - loss: 0.7072 - acc: 0.6953
 416/1424 [=======>......................] - ETA: 17s - loss: 0.7344 - acc: 0.6827
 448/1424 [========>.....................] - ETA: 17s - loss: 0.7572 - acc: 0.6741
 480/1424 [=========>....................] - ETA: 16s - loss: 0.7495 - acc: 0.6625
 512/1424 [=========>....................] - ETA: 16s - loss: 0.7614 - acc: 0.6641
 544/1424 [==========>...................] - ETA: 15s - loss: 0.7456 - acc: 0.6746
 576/1424 [===========>..................] - ETA: 15s - loss: 0.7380 - acc: 0.6736
 608/1424 [===========>..................] - ETA: 14s - loss: 0.7521 - acc: 0.6776
 640/1424 [============>.................] - ETA: 13s - loss: 0.7433 - acc: 0.6875
 672/1424 [=============>................] - ETA: 13s - loss: 0.7347 - acc: 0.6890
 704/1424 [=============>................] - ETA: 12s - loss: 0.7474 - acc: 0.6974
 736/1424 [==============>...............] - ETA: 12s - loss: 0.7370 - acc: 0.7065
 768/1424 [===============>..............] - ETA: 11s - loss: 0.7311 - acc: 0.7044
 800/1424 [===============>..............] - ETA: 11s - loss: 0.7237 - acc: 0.7075
 832/1424 [================>.............] - ETA: 10s - loss: 0.7169 - acc: 0.7079
 864/1424 [=================>............] - ETA: 9s - loss: 0.7053 - acc: 0.7106 
 896/1424 [=================>............] - ETA: 9s - loss: 0.7133 - acc: 0.7087
 928/1424 [==================>...........] - ETA: 8s - loss: 0.7193 - acc: 0.7112
 960/1424 [===================>..........] - ETA: 8s - loss: 0.7260 - acc: 0.7146
 992/1424 [===================>..........] - ETA: 7s - loss: 0.7304 - acc: 0.7157
1024/1424 [====================>.........] - ETA: 7s - loss: 0.7626 - acc: 0.7188
1056/1424 [=====================>........] - ETA: 6s - loss: 0.7528 - acc: 0.7206
1088/1424 [=====================>........] - ETA: 5s - loss: 0.7721 - acc: 0.7197
1120/1424 [======================>.......] - ETA: 5s - loss: 0.8277 - acc: 0.7205
1152/1424 [=======================>......] - ETA: 4s - loss: 0.8405 - acc: 0.7240
1184/1424 [=======================>......] - ETA: 4s - loss: 0.8469 - acc: 0.7255
1216/1424 [========================>.....] - ETA: 3s - loss: 0.8692 - acc: 0.7286
1248/1424 [=========================>....] - ETA: 3s - loss: 0.8902 - acc: 0.7300
1280/1424 [=========================>....] - ETA: 2s - loss: 0.9295 - acc: 0.7297
1312/1424 [==========================>...] - ETA: 1s - loss: 0.9492 - acc: 0.7302
1344/1424 [===========================>..] - ETA: 1s - loss: 0.9662 - acc: 0.7299
1376/1424 [===========================>..] - ETA: 0s - loss: 1.0023 - acc: 0.7289
1408/1424 [============================>.] - ETA: 0s - loss: 1.0249 - acc: 0.7294
1424/1424 [==============================] - 28s 20ms/step - loss: 1.0290 - acc: 0.7296 - val_loss: 0.7037 - val_acc: 0.7994
Epoch 3/1000

  32/1424 [..............................] - ETA: 24s - loss: 2.1027 - acc: 0.6875
  64/1424 [>.............................] - ETA: 24s - loss: 1.6032 - acc: 0.7031
  96/1424 [=>............................] - ETA: 23s - loss: 1.4404 - acc: 0.6875
 128/1424 [=>............................] - ETA: 23s - loss: 1.3262 - acc: 0.6875
 160/1424 [==>...........................] - ETA: 22s - loss: 1.2719 - acc: 0.6687
 192/1424 [===>..........................] - ETA: 21s - loss: 1.1530 - acc: 0.6875
 224/1424 [===>..........................] - ETA: 21s - loss: 1.0620 - acc: 0.7009
 256/1424 [====>.........................] - ETA: 20s - loss: 1.0037 - acc: 0.6953
 288/1424 [=====>........................] - ETA: 20s - loss: 0.9578 - acc: 0.6910
 320/1424 [=====>........................] - ETA: 19s - loss: 0.9395 - acc: 0.7063
 352/1424 [======>.......................] - ETA: 19s - loss: 0.9086 - acc: 0.7216
 384/1424 [=======>......................] - ETA: 18s - loss: 0.8799 - acc: 0.7318
 416/1424 [=======>......................] - ETA: 17s - loss: 0.8583 - acc: 0.7452
 448/1424 [========>.....................] - ETA: 17s - loss: 0.8402 - acc: 0.7545
 480/1424 [=========>....................] - ETA: 16s - loss: 0.8258 - acc: 0.7583
 512/1424 [=========>....................] - ETA: 16s - loss: 0.8126 - acc: 0.7656
 544/1424 [==========>...................] - ETA: 15s - loss: 0.8008 - acc: 0.7702
 576/1424 [===========>..................] - ETA: 15s - loss: 0.7922 - acc: 0.7708
 608/1424 [===========>..................] - ETA: 14s - loss: 0.7849 - acc: 0.7681
 640/1424 [============>.................] - ETA: 13s - loss: 0.7776 - acc: 0.7688
 672/1424 [=============>................] - ETA: 13s - loss: 0.7715 - acc: 0.7693
 704/1424 [=============>................] - ETA: 12s - loss: 0.7657 - acc: 0.7713
 736/1424 [==============>...............] - ETA: 12s - loss: 0.7588 - acc: 0.7799
 768/1424 [===============>..............] - ETA: 11s - loss: 0.7524 - acc: 0.7839
 800/1424 [===============>..............] - ETA: 11s - loss: 0.7478 - acc: 0.7837
 832/1424 [================>.............] - ETA: 10s - loss: 0.7434 - acc: 0.7849
 864/1424 [=================>............] - ETA: 9s - loss: 0.7390 - acc: 0.7870 
 896/1424 [=================>............] - ETA: 9s - loss: 0.7351 - acc: 0.7924
 928/1424 [==================>...........] - ETA: 8s - loss: 0.7310 - acc: 0.7931
 960/1424 [===================>..........] - ETA: 8s - loss: 0.7271 - acc: 0.7969
 992/1424 [===================>..........] - ETA: 7s - loss: 0.7249 - acc: 0.7933
1024/1424 [====================>.........] - ETA: 7s - loss: 0.7222 - acc: 0.7939
1056/1424 [=====================>........] - ETA: 6s - loss: 0.7198 - acc: 0.7955
1088/1424 [=====================>........] - ETA: 5s - loss: 0.7172 - acc: 0.7978
1120/1424 [======================>.......] - ETA: 5s - loss: 0.7150 - acc: 0.7973
1152/1424 [=======================>......] - ETA: 4s - loss: 0.7132 - acc: 0.7951
1184/1424 [=======================>......] - ETA: 4s - loss: 0.7108 - acc: 0.7956
1216/1424 [========================>.....] - ETA: 3s - loss: 0.7091 - acc: 0.7952
1248/1424 [=========================>....] - ETA: 3s - loss: 0.7068 - acc: 0.7925
1280/1424 [=========================>....] - ETA: 2s - loss: 0.7044 - acc: 0.7937
1312/1424 [==========================>...] - ETA: 1s - loss: 0.7020 - acc: 0.7927
1344/1424 [===========================>..] - ETA: 1s - loss: 0.7007 - acc: 0.7924
1376/1424 [===========================>..] - ETA: 0s - loss: 0.6984 - acc: 0.7922
1408/1424 [============================>.] - ETA: 0s - loss: 0.6964 - acc: 0.7919
1424/1424 [==============================] - 28s 20ms/step - loss: 0.6953 - acc: 0.7921 - val_loss: 0.6133 - val_acc: 0.7825
Epoch 4/1000

  32/1424 [..............................] - ETA: 24s - loss: 0.6391 - acc: 0.5938
  64/1424 [>.............................] - ETA: 24s - loss: 0.6078 - acc: 0.6562
  96/1424 [=>............................] - ETA: 23s - loss: 0.6143 - acc: 0.6667
 128/1424 [=>............................] - ETA: 23s - loss: 0.6073 - acc: 0.6875
 160/1424 [==>...........................] - ETA: 22s - loss: 0.6064 - acc: 0.7063
 192/1424 [===>..........................] - ETA: 21s - loss: 0.6091 - acc: 0.7135
 224/1424 [===>..........................] - ETA: 21s - loss: 0.5987 - acc: 0.7277
 256/1424 [====>.........................] - ETA: 20s - loss: 0.6018 - acc: 0.7188
 288/1424 [=====>........................] - ETA: 20s - loss: 0.6035 - acc: 0.7118
 320/1424 [=====>........................] - ETA: 19s - loss: 0.5990 - acc: 0.7156
 352/1424 [======>.......................] - ETA: 19s - loss: 0.5971 - acc: 0.7159
 384/1424 [=======>......................] - ETA: 18s - loss: 0.5895 - acc: 0.7266
 416/1424 [=======>......................] - ETA: 17s - loss: 0.5866 - acc: 0.7260
 448/1424 [========>.....................] - ETA: 17s - loss: 0.5875 - acc: 0.7210
 480/1424 [=========>....................] - ETA: 16s - loss: 0.5830 - acc: 0.7250
 512/1424 [=========>....................] - ETA: 16s - loss: 0.5785 - acc: 0.7285
 544/1424 [==========>...................] - ETA: 15s - loss: 0.6068 - acc: 0.7261
 576/1424 [===========>..................] - ETA: 15s - loss: 0.6007 - acc: 0.7309
 608/1424 [===========>..................] - ETA: 14s - loss: 0.5967 - acc: 0.7319
 640/1424 [============>.................] - ETA: 13s - loss: 0.5899 - acc: 0.7328
 672/1424 [=============>................] - ETA: 13s - loss: 0.6295 - acc: 0.7381
 704/1424 [=============>................] - ETA: 12s - loss: 0.6504 - acc: 0.7330
 736/1424 [==============>...............] - ETA: 12s - loss: 0.6443 - acc: 0.7296
 768/1424 [===============>..............] - ETA: 11s - loss: 0.6617 - acc: 0.7266
 800/1424 [===============>..............] - ETA: 11s - loss: 0.6539 - acc: 0.7312
 832/1424 [================>.............] - ETA: 10s - loss: 0.6505 - acc: 0.7308
 864/1424 [=================>............] - ETA: 9s - loss: 0.6446 - acc: 0.7338 
 896/1424 [=================>............] - ETA: 9s - loss: 0.6392 - acc: 0.7377
 928/1424 [==================>...........] - ETA: 8s - loss: 0.6423 - acc: 0.7392
 960/1424 [===================>..........] - ETA: 8s - loss: 0.6555 - acc: 0.7396
 992/1424 [===================>..........] - ETA: 7s - loss: 0.6680 - acc: 0.7419
1024/1424 [====================>.........] - ETA: 7s - loss: 0.6624 - acc: 0.7441
1056/1424 [=====================>........] - ETA: 6s - loss: 0.6617 - acc: 0.7472
1088/1424 [=====================>........] - ETA: 5s - loss: 0.6584 - acc: 0.7509
1120/1424 [======================>.......] - ETA: 5s - loss: 0.6556 - acc: 0.7509
1152/1424 [=======================>......] - ETA: 4s - loss: 0.6656 - acc: 0.7543
1184/1424 [=======================>......] - ETA: 4s - loss: 0.6886 - acc: 0.7542
1216/1424 [========================>.....] - ETA: 3s - loss: 0.6956 - acc: 0.7549
1248/1424 [=========================>....] - ETA: 3s - loss: 0.6945 - acc: 0.7548
1280/1424 [=========================>....] - ETA: 2s - loss: 0.7027 - acc: 0.7562
1312/1424 [==========================>...] - ETA: 1s - loss: 0.6999 - acc: 0.7546
1344/1424 [===========================>..] - ETA: 1s - loss: 0.6962 - acc: 0.7560
1376/1424 [===========================>..] - ETA: 0s - loss: 0.6924 - acc: 0.7544
1408/1424 [============================>.] - ETA: 0s - loss: 0.6893 - acc: 0.7536
1424/1424 [==============================] - 28s 20ms/step - loss: 0.6871 - acc: 0.7549 - val_loss: 0.5076 - val_acc: 0.8107
Epoch 5/1000

  32/1424 [..............................] - ETA: 24s - loss: 0.4669 - acc: 0.7812
  64/1424 [>.............................] - ETA: 24s - loss: 0.4745 - acc: 0.7969
  96/1424 [=>............................] - ETA: 23s - loss: 0.4516 - acc: 0.8021
 128/1424 [=>............................] - ETA: 23s - loss: 0.4384 - acc: 0.8203
 160/1424 [==>...........................] - ETA: 22s - loss: 0.4390 - acc: 0.8125
 192/1424 [===>..........................] - ETA: 21s - loss: 0.4470 - acc: 0.7969
 224/1424 [===>..........................] - ETA: 21s - loss: 0.4403 - acc: 0.8036
 256/1424 [====>.........................] - ETA: 20s - loss: 0.5039 - acc: 0.8047
 288/1424 [=====>........................] - ETA: 20s - loss: 0.5544 - acc: 0.7986
 320/1424 [=====>........................] - ETA: 19s - loss: 0.5472 - acc: 0.7969
 352/1424 [======>.......................] - ETA: 19s - loss: 0.5476 - acc: 0.7926
 384/1424 [=======>......................] - ETA: 18s - loss: 0.5510 - acc: 0.7943
 416/1424 [=======>......................] - ETA: 17s - loss: 0.5436 - acc: 0.7933
 448/1424 [========>.....................] - ETA: 17s - loss: 0.5278 - acc: 0.8036
 480/1424 [=========>....................] - ETA: 16s - loss: 0.5230 - acc: 0.7979
 512/1424 [=========>....................] - ETA: 16s - loss: 0.5186 - acc: 0.8027
 544/1424 [==========>...................] - ETA: 15s - loss: 0.5387 - acc: 0.8051
 576/1424 [===========>..................] - ETA: 15s - loss: 0.5344 - acc: 0.8021
 608/1424 [===========>..................] - ETA: 14s - loss: 0.5514 - acc: 0.8026
 640/1424 [============>.................] - ETA: 13s - loss: 0.6026 - acc: 0.7922
 672/1424 [=============>................] - ETA: 13s - loss: 0.6206 - acc: 0.7917
 704/1424 [=============>................] - ETA: 12s - loss: 0.6129 - acc: 0.7884
 736/1424 [==============>...............] - ETA: 12s - loss: 0.6022 - acc: 0.7935
 768/1424 [===============>..............] - ETA: 11s - loss: 0.6046 - acc: 0.7891
 800/1424 [===============>..............] - ETA: 11s - loss: 0.5975 - acc: 0.7925
 832/1424 [================>.............] - ETA: 10s - loss: 0.6067 - acc: 0.7921
 864/1424 [=================>............] - ETA: 9s - loss: 0.5982 - acc: 0.7951 
 896/1424 [=================>............] - ETA: 9s - loss: 0.6123 - acc: 0.7946
 928/1424 [==================>...........] - ETA: 8s - loss: 0.6103 - acc: 0.7909
 960/1424 [===================>..........] - ETA: 8s - loss: 0.6168 - acc: 0.7917
 992/1424 [===================>..........] - ETA: 7s - loss: 0.6300 - acc: 0.7903
1024/1424 [====================>.........] - ETA: 7s - loss: 0.6247 - acc: 0.7881
1056/1424 [=====================>........] - ETA: 6s - loss: 0.6478 - acc: 0.7888
1088/1424 [=====================>........] - ETA: 5s - loss: 0.6424 - acc: 0.7877
1120/1424 [======================>.......] - ETA: 5s - loss: 0.6359 - acc: 0.7866
1152/1424 [=======================>......] - ETA: 4s - loss: 0.6599 - acc: 0.7839
1184/1424 [=======================>......] - ETA: 4s - loss: 0.6847 - acc: 0.7796
1216/1424 [========================>.....] - ETA: 3s - loss: 0.6769 - acc: 0.7804
1248/1424 [=========================>....] - ETA: 3s - loss: 0.6691 - acc: 0.7812
1280/1424 [=========================>....] - ETA: 2s - loss: 0.6735 - acc: 0.7820
1312/1424 [==========================>...] - ETA: 1s - loss: 0.6707 - acc: 0.7843
1344/1424 [===========================>..] - ETA: 1s - loss: 0.6778 - acc: 0.7835
1376/1424 [===========================>..] - ETA: 0s - loss: 0.6708 - acc: 0.7863
1408/1424 [============================>.] - ETA: 0s - loss: 0.6669 - acc: 0.7869
1424/1424 [==============================] - 28s 20ms/step - loss: 0.6653 - acc: 0.7872 - val_loss: 0.4951 - val_acc: 0.8263
Epoch 6/1000

  32/1424 [..............................] - ETA: 24s - loss: 0.5016 - acc: 0.7500
  64/1424 [>.............................] - ETA: 24s - loss: 0.4627 - acc: 0.7656
  96/1424 [=>............................] - ETA: 23s - loss: 0.4619 - acc: 0.7812
 128/1424 [=>............................] - ETA: 23s - loss: 0.5462 - acc: 0.7500
 160/1424 [==>...........................] - ETA: 22s - loss: 0.5398 - acc: 0.7625
 192/1424 [===>..........................] - ETA: 21s - loss: 0.5391 - acc: 0.7552
 224/1424 [===>..........................] - ETA: 21s - loss: 0.5292 - acc: 0.7634
 256/1424 [====>.........................] - ETA: 20s - loss: 0.5303 - acc: 0.7656
 288/1424 [=====>........................] - ETA: 20s - loss: 0.5184 - acc: 0.7708
 320/1424 [=====>........................] - ETA: 19s - loss: 0.5324 - acc: 0.7562
 352/1424 [======>.......................] - ETA: 19s - loss: 0.5292 - acc: 0.7614
 384/1424 [=======>......................] - ETA: 18s - loss: 0.5265 - acc: 0.7630
 416/1424 [=======>......................] - ETA: 17s - loss: 0.5640 - acc: 0.7596
 448/1424 [========>.....................] - ETA: 17s - loss: 0.5730 - acc: 0.7589
 480/1424 [=========>....................] - ETA: 16s - loss: 0.5749 - acc: 0.7562
 512/1424 [=========>....................] - ETA: 16s - loss: 0.5754 - acc: 0.7500
 544/1424 [==========>...................] - ETA: 15s - loss: 0.5709 - acc: 0.7555
 576/1424 [===========>..................] - ETA: 15s - loss: 0.5658 - acc: 0.7552
 608/1424 [===========>..................] - ETA: 14s - loss: 0.5581 - acc: 0.7599
 640/1424 [============>.................] - ETA: 13s - loss: 0.5561 - acc: 0.7594
 672/1424 [=============>................] - ETA: 13s - loss: 0.5587 - acc: 0.7589
 704/1424 [=============>................] - ETA: 12s - loss: 0.5634 - acc: 0.7543
 736/1424 [==============>...............] - ETA: 12s - loss: 0.5639 - acc: 0.7568
 768/1424 [===============>..............] - ETA: 11s - loss: 0.5617 - acc: 0.7578
 800/1424 [===============>..............] - ETA: 11s - loss: 0.5606 - acc: 0.7562
 832/1424 [================>.............] - ETA: 10s - loss: 0.5560 - acc: 0.7608
 864/1424 [=================>............] - ETA: 9s - loss: 0.5559 - acc: 0.7604 
 896/1424 [=================>............] - ETA: 9s - loss: 0.5554 - acc: 0.7612
 928/1424 [==================>...........] - ETA: 8s - loss: 0.5559 - acc: 0.7597
 960/1424 [===================>..........] - ETA: 8s - loss: 0.5561 - acc: 0.7583
 992/1424 [===================>..........] - ETA: 7s - loss: 0.5570 - acc: 0.7560
1024/1424 [====================>.........] - ETA: 7s - loss: 0.5556 - acc: 0.7578
1056/1424 [=====================>........] - ETA: 6s - loss: 0.5549 - acc: 0.7566
1088/1424 [=====================>........] - ETA: 5s - loss: 0.5530 - acc: 0.7583
1120/1424 [======================>.......] - ETA: 5s - loss: 0.5508 - acc: 0.7598
1152/1424 [=======================>......] - ETA: 4s - loss: 0.5516 - acc: 0.7587
1184/1424 [=======================>......] - ETA: 4s - loss: 0.5511 - acc: 0.7610
1216/1424 [========================>.....] - ETA: 3s - loss: 0.5495 - acc: 0.7640
1248/1424 [=========================>....] - ETA: 3s - loss: 0.5463 - acc: 0.7676
1280/1424 [=========================>....] - ETA: 2s - loss: 0.5456 - acc: 0.7664
1312/1424 [==========================>...] - ETA: 1s - loss: 0.5448 - acc: 0.7660
1344/1424 [===========================>..] - ETA: 1s - loss: 0.5427 - acc: 0.7693
1376/1424 [===========================>..] - ETA: 0s - loss: 0.5419 - acc: 0.7718
1408/1424 [============================>.] - ETA: 0s - loss: 0.5412 - acc: 0.7713
1424/1424 [==============================] - 28s 20ms/step - loss: 0.5408 - acc: 0.7718 - val_loss: 0.5148 - val_acc: 0.8446
Epoch 7/1000

  32/1424 [..............................] - ETA: 24s - loss: 0.5092 - acc: 0.8125
  64/1424 [>.............................] - ETA: 24s - loss: 0.5014 - acc: 0.8125
  96/1424 [=>............................] - ETA: 23s - loss: 0.4999 - acc: 0.8229
 128/1424 [=>............................] - ETA: 22s - loss: 0.4649 - acc: 0.8516
 160/1424 [==>...........................] - ETA: 22s - loss: 0.4475 - acc: 0.8625
 192/1424 [===>..........................] - ETA: 21s - loss: 0.4619 - acc: 0.8333
 224/1424 [===>..........................] - ETA: 21s - loss: 0.4651 - acc: 0.8304
 256/1424 [====>.........................] - ETA: 20s - loss: 0.4633 - acc: 0.8242
 288/1424 [=====>........................] - ETA: 20s - loss: 0.4615 - acc: 0.8264
 320/1424 [=====>........................] - ETA: 19s - loss: 0.4685 - acc: 0.8187
 352/1424 [======>.......................] - ETA: 19s - loss: 0.4959 - acc: 0.8125
 384/1424 [=======>......................] - ETA: 18s - loss: 0.4947 - acc: 0.8099
 416/1424 [=======>......................] - ETA: 17s - loss: 0.4949 - acc: 0.8125
 448/1424 [========>.....................] - ETA: 17s - loss: 0.4921 - acc: 0.8125
 480/1424 [=========>....................] - ETA: 16s - loss: 0.4943 - acc: 0.8083
 512/1424 [=========>....................] - ETA: 16s - loss: 0.4925 - acc: 0.8105
 544/1424 [==========>...................] - ETA: 15s - loss: 0.4942 - acc: 0.8070
 576/1424 [===========>..................] - ETA: 15s - loss: 0.4891 - acc: 0.8125
 608/1424 [===========>..................] - ETA: 14s - loss: 0.4886 - acc: 0.8158
 640/1424 [============>.................] - ETA: 13s - loss: 0.4872 - acc: 0.8156
 672/1424 [=============>................] - ETA: 13s - loss: 0.4866 - acc: 0.8155
 704/1424 [=============>................] - ETA: 12s - loss: 0.4843 - acc: 0.8153
 736/1424 [==============>...............] - ETA: 12s - loss: 0.4810 - acc: 0.8193
 768/1424 [===============>..............] - ETA: 11s - loss: 0.4795 - acc: 0.8177
 800/1424 [===============>..............] - ETA: 11s - loss: 0.4768 - acc: 0.8175
 832/1424 [================>.............] - ETA: 10s - loss: 0.4790 - acc: 0.8113
 864/1424 [=================>............] - ETA: 9s - loss: 0.4974 - acc: 0.8079 
 896/1424 [=================>............] - ETA: 9s - loss: 0.4895 - acc: 0.8114
 928/1424 [==================>...........] - ETA: 8s - loss: 0.5039 - acc: 0.8103
 960/1424 [===================>..........] - ETA: 8s - loss: 0.5190 - acc: 0.8094
 992/1424 [===================>..........] - ETA: 7s - loss: 0.5169 - acc: 0.8105
1024/1424 [====================>.........] - ETA: 7s - loss: 0.5183 - acc: 0.8076
1056/1424 [=====================>........] - ETA: 6s - loss: 0.5107 - acc: 0.8125
1088/1424 [=====================>........] - ETA: 5s - loss: 0.5059 - acc: 0.8153
1120/1424 [======================>.......] - ETA: 5s - loss: 0.5025 - acc: 0.8161
1152/1424 [=======================>......] - ETA: 4s - loss: 0.4968 - acc: 0.8168
1184/1424 [=======================>......] - ETA: 4s - loss: 0.4972 - acc: 0.8133
1216/1424 [========================>.....] - ETA: 3s - loss: 0.5222 - acc: 0.8109
1248/1424 [=========================>....] - ETA: 3s - loss: 0.5177 - acc: 0.8109
1280/1424 [=========================>....] - ETA: 2s - loss: 0.5358 - acc: 0.8125
1312/1424 [==========================>...] - ETA: 1s - loss: 0.5435 - acc: 0.8125
1344/1424 [===========================>..] - ETA: 1s - loss: 0.5431 - acc: 0.8132
1376/1424 [===========================>..] - ETA: 0s - loss: 0.5376 - acc: 0.8154
1408/1424 [============================>.] - ETA: 0s - loss: 0.5337 - acc: 0.8153
1424/1424 [==============================] - 28s 20ms/step - loss: 0.5431 - acc: 0.8139 - val_loss: 0.5484 - val_acc: 0.8630
Epoch 8/1000

  32/1424 [..............................] - ETA: 24s - loss: 1.2670 - acc: 0.8438
  64/1424 [>.............................] - ETA: 24s - loss: 2.1114 - acc: 0.7188
  96/1424 [=>............................] - ETA: 23s - loss: 3.1186 - acc: 0.6875
 128/1424 [=>............................] - ETA: 23s - loss: 2.5109 - acc: 0.6562
 160/1424 [==>...........................] - ETA: 22s - loss: 2.1470 - acc: 0.6312
 192/1424 [===>..........................] - ETA: 21s - loss: 1.9032 - acc: 0.6250
 224/1424 [===>..........................] - ETA: 21s - loss: 1.7305 - acc: 0.6071
 256/1424 [====>.........................] - ETA: 20s - loss: 1.6024 - acc: 0.5820
 288/1424 [=====>........................] - ETA: 20s - loss: 1.5019 - acc: 0.5694
 320/1424 [=====>........................] - ETA: 19s - loss: 1.4223 - acc: 0.5531
 352/1424 [======>.......................] - ETA: 19s - loss: 1.3558 - acc: 0.5511
 384/1424 [=======>......................] - ETA: 18s - loss: 1.3001 - acc: 0.5521
 416/1424 [=======>......................] - ETA: 17s - loss: 1.2533 - acc: 0.5505
 448/1424 [========>.....................] - ETA: 17s - loss: 1.2154 - acc: 0.5290
 480/1424 [=========>....................] - ETA: 16s - loss: 1.1804 - acc: 0.5292
 512/1424 [=========>....................] - ETA: 16s - loss: 1.1496 - acc: 0.5312
 544/1424 [==========>...................] - ETA: 15s - loss: 1.1229 - acc: 0.5294
 576/1424 [===========>..................] - ETA: 15s - loss: 1.0991 - acc: 0.5278
 608/1424 [===========>..................] - ETA: 14s - loss: 1.0785 - acc: 0.5197
 640/1424 [============>.................] - ETA: 13s - loss: 1.0592 - acc: 0.5203
 672/1424 [=============>................] - ETA: 13s - loss: 1.0420 - acc: 0.5179
 704/1424 [=============>................] - ETA: 12s - loss: 1.0262 - acc: 0.5170
 736/1424 [==============>...............] - ETA: 12s - loss: 1.0113 - acc: 0.5204
 768/1424 [===============>..............] - ETA: 11s - loss: 0.9979 - acc: 0.5221
 800/1424 [===============>..............] - ETA: 11s - loss: 0.9861 - acc: 0.5175
 832/1424 [================>.............] - ETA: 10s - loss: 0.9750 - acc: 0.5156
 864/1424 [=================>............] - ETA: 9s - loss: 0.9649 - acc: 0.5127 
 896/1424 [=================>............] - ETA: 9s - loss: 0.9550 - acc: 0.5145
 928/1424 [==================>...........] - ETA: 8s - loss: 0.9459 - acc: 0.5151
 960/1424 [===================>..........] - ETA: 8s - loss: 0.9377 - acc: 0.5135
 992/1424 [===================>..........] - ETA: 7s - loss: 0.9297 - acc: 0.5141
1024/1424 [====================>.........] - ETA: 7s - loss: 0.9224 - acc: 0.5137
1056/1424 [=====================>........] - ETA: 6s - loss: 0.9156 - acc: 0.5123
1088/1424 [=====================>........] - ETA: 5s - loss: 0.9090 - acc: 0.5129
1120/1424 [======================>.......] - ETA: 5s - loss: 0.9023 - acc: 0.5179
1152/1424 [=======================>......] - ETA: 4s - loss: 0.8963 - acc: 0.5191
1184/1424 [=======================>......] - ETA: 4s - loss: 0.8907 - acc: 0.5203
1216/1424 [========================>.....] - ETA: 3s - loss: 0.8853 - acc: 0.5222
1248/1424 [=========================>....] - ETA: 3s - loss: 0.8801 - acc: 0.5240
1280/1424 [=========================>....] - ETA: 2s - loss: 0.8756 - acc: 0.5219
1312/1424 [==========================>...] - ETA: 1s - loss: 0.8711 - acc: 0.5221
1344/1424 [===========================>..] - ETA: 1s - loss: 0.8670 - acc: 0.5208
1376/1424 [===========================>..] - ETA: 0s - loss: 0.8630 - acc: 0.5203
1408/1424 [============================>.] - ETA: 0s - loss: 0.8593 - acc: 0.5192
1424/1424 [==============================] - 28s 20ms/step - loss: 0.8575 - acc: 0.5183 - val_loss: 0.6945 - val_acc: 0.5000
Epoch 9/1000

  32/1424 [..............................] - ETA: 24s - loss: 0.7143 - acc: 0.3125
  64/1424 [>.............................] - ETA: 24s - loss: 0.7028 - acc: 0.4219
  96/1424 [=>............................] - ETA: 23s - loss: 0.6968 - acc: 0.4792
 128/1424 [=>............................] - ETA: 22s - loss: 0.6970 - acc: 0.4766
 160/1424 [==>...........................] - ETA: 22s - loss: 0.6933 - acc: 0.5125
 192/1424 [===>..........................] - ETA: 21s - loss: 0.6945 - acc: 0.5000
 224/1424 [===>..........................] - ETA: 21s - loss: 0.6950 - acc: 0.4955
 256/1424 [====>.........................] - ETA: 20s - loss: 0.6941 - acc: 0.5039
 288/1424 [=====>........................] - ETA: 20s - loss: 0.6934 - acc: 0.5104
 320/1424 [=====>........................] - ETA: 19s - loss: 0.6932 - acc: 0.5125
 352/1424 [======>.......................] - ETA: 19s - loss: 0.6948 - acc: 0.4972
 384/1424 [=======>......................] - ETA: 18s - loss: 0.6940 - acc: 0.5052
 416/1424 [=======>......................] - ETA: 17s - loss: 0.6933 - acc: 0.5120
 448/1424 [========>.....................] - ETA: 17s - loss: 0.6934 - acc: 0.5112
 480/1424 [=========>....................] - ETA: 16s - loss: 0.6926 - acc: 0.5188
 512/1424 [=========>....................] - ETA: 16s - loss: 0.6935 - acc: 0.5098
 544/1424 [==========>...................] - ETA: 15s - loss: 0.6943 - acc: 0.5018
 576/1424 [===========>..................] - ETA: 15s - loss: 0.6950 - acc: 0.4948
 608/1424 [===========>..................] - ETA: 14s - loss: 0.6953 - acc: 0.4918
 640/1424 [============>.................] - ETA: 13s - loss: 0.6953 - acc: 0.4922
 672/1424 [=============>................] - ETA: 13s - loss: 0.6951 - acc: 0.4940
 704/1424 [=============>................] - ETA: 12s - loss: 0.6952 - acc: 0.4929
 736/1424 [==============>...............] - ETA: 12s - loss: 0.6949 - acc: 0.4959
 768/1424 [===============>..............] - ETA: 11s - loss: 0.6950 - acc: 0.4948
 800/1424 [===============>..............] - ETA: 11s - loss: 0.6952 - acc: 0.4925
 832/1424 [================>.............] - ETA: 10s - loss: 0.6947 - acc: 0.4976
 864/1424 [=================>............] - ETA: 9s - loss: 0.6948 - acc: 0.4965 
 896/1424 [=================>............] - ETA: 9s - loss: 0.6946 - acc: 0.4989
 928/1424 [==================>...........] - ETA: 8s - loss: 0.6945 - acc: 0.5000
 960/1424 [===================>..........] - ETA: 8s - loss: 0.6945 - acc: 0.5000
 992/1424 [===================>..........] - ETA: 7s - loss: 0.6946 - acc: 0.4990
1024/1424 [====================>.........] - ETA: 7s - loss: 0.6945 - acc: 0.5000
1056/1424 [=====================>........] - ETA: 6s - loss: 0.6947 - acc: 0.4972
1088/1424 [=====================>........] - ETA: 5s - loss: 0.6946 - acc: 0.4982
1120/1424 [======================>.......] - ETA: 5s - loss: 0.6948 - acc: 0.4964
1152/1424 [=======================>......] - ETA: 4s - loss: 0.6949 - acc: 0.4957
1184/1424 [=======================>......] - ETA: 4s - loss: 0.6949 - acc: 0.4958
1216/1424 [========================>.....] - ETA: 3s - loss: 0.6948 - acc: 0.4967
1248/1424 [=========================>....] - ETA: 3s - loss: 0.6951 - acc: 0.4936
1280/1424 [=========================>....] - ETA: 2s - loss: 0.6950 - acc: 0.4938
1312/1424 [==========================>...] - ETA: 1s - loss: 0.6952 - acc: 0.4916
1344/1424 [===========================>..] - ETA: 1s - loss: 0.6951 - acc: 0.4933
1376/1424 [===========================>..] - ETA: 0s - loss: 0.6949 - acc: 0.4949
1408/1424 [============================>.] - ETA: 0s - loss: 0.6944 - acc: 0.5007
1424/1424 [==============================] - 28s 20ms/step - loss: 0.6944 - acc: 0.5000 - val_loss: 0.6942 - val_acc: 0.5000
Epoch 10/1000

  32/1424 [..............................] - ETA: 24s - loss: 0.6884 - acc: 0.5625
  64/1424 [>.............................] - ETA: 24s - loss: 0.6855 - acc: 0.5938
  96/1424 [=>............................] - ETA: 23s - loss: 0.6903 - acc: 0.5417
 128/1424 [=>............................] - ETA: 23s - loss: 0.6928 - acc: 0.5156
 160/1424 [==>...........................] - ETA: 22s - loss: 0.6954 - acc: 0.4875
 192/1424 [===>..........................] - ETA: 21s - loss: 0.6942 - acc: 0.5000
 224/1424 [===>..........................] - ETA: 21s - loss: 0.6946 - acc: 0.4955
 256/1424 [====>.........................] - ETA: 20s - loss: 0.6935 - acc: 0.5078
 288/1424 [=====>........................] - ETA: 20s - loss: 0.6933 - acc: 0.5104
 320/1424 [=====>........................] - ETA: 19s - loss: 0.6936 - acc: 0.5062
 352/1424 [======>.......................] - ETA: 19s - loss: 0.6942 - acc: 0.5000
 384/1424 [=======>......................] - ETA: 18s - loss: 0.6933 - acc: 0.5104
 416/1424 [=======>......................] - ETA: 17s - loss: 0.6949 - acc: 0.4928
 448/1424 [========>.....................] - ETA: 17s - loss: 0.6944 - acc: 0.4978
 480/1424 [=========>....................] - ETA: 16s - loss: 0.6946 - acc: 0.4958
 512/1424 [=========>....................] - ETA: 16s - loss: 0.6944 - acc: 0.4980
 544/1424 [==========>...................] - ETA: 15s - loss: 0.6952 - acc: 0.4890
 576/1424 [===========>..................] - ETA: 15s - loss: 0.6952 - acc: 0.4896
 608/1424 [===========>..................] - ETA: 14s - loss: 0.6954 - acc: 0.4868
 640/1424 [============>.................] - ETA: 13s - loss: 0.6958 - acc: 0.4828
 672/1424 [=============>................] - ETA: 13s - loss: 0.6958 - acc: 0.4821
 704/1424 [=============>................] - ETA: 12s - loss: 0.6962 - acc: 0.4773
 736/1424 [==============>...............] - ETA: 12s - loss: 0.6961 - acc: 0.4783
 768/1424 [===============>..............] - ETA: 11s - loss: 0.6963 - acc: 0.4766
 800/1424 [===============>..............] - ETA: 11s - loss: 0.6964 - acc: 0.4750
 832/1424 [================>.............] - ETA: 10s - loss: 0.6957 - acc: 0.4832
 864/1424 [=================>............] - ETA: 9s - loss: 0.6957 - acc: 0.4826 
 896/1424 [=================>............] - ETA: 9s - loss: 0.6961 - acc: 0.4788
 928/1424 [==================>...........] - ETA: 8s - loss: 0.6959 - acc: 0.4806
 960/1424 [===================>..........] - ETA: 8s - loss: 0.6957 - acc: 0.4833
 992/1424 [===================>..........] - ETA: 7s - loss: 0.6958 - acc: 0.4819
1024/1424 [====================>.........] - ETA: 7s - loss: 0.6954 - acc: 0.4863
1056/1424 [=====================>........] - ETA: 6s - loss: 0.6956 - acc: 0.4839
1088/1424 [=====================>........] - ETA: 5s - loss: 0.6954 - acc: 0.4862
1120/1424 [======================>.......] - ETA: 5s - loss: 0.6954 - acc: 0.4857
1152/1424 [=======================>......] - ETA: 4s - loss: 0.6952 - acc: 0.4878
1184/1424 [=======================>......] - ETA: 4s - loss: 0.6953 - acc: 0.4873
1216/1424 [========================>.....] - ETA: 3s - loss: 0.6952 - acc: 0.4885
1248/1424 [=========================>....] - ETA: 3s - loss: 0.6954 - acc: 0.4856
1280/1424 [=========================>....] - ETA: 2s - loss: 0.6950 - acc: 0.4906
1312/1424 [==========================>...] - ETA: 1s - loss: 0.6951 - acc: 0.4893
1344/1424 [===========================>..] - ETA: 1s - loss: 0.6948 - acc: 0.4926
1376/1424 [===========================>..] - ETA: 0s - loss: 0.6946 - acc: 0.4949
1408/1424 [============================>.] - ETA: 0s - loss: 0.6944 - acc: 0.4972
1424/1424 [==============================] - 28s 20ms/step - loss: 0.6942 - acc: 0.5000 - val_loss: 0.6940 - val_acc: 0.5000
Epoch 11/1000

  32/1424 [..............................] - ETA: 24s - loss: 0.6813 - acc: 0.6562
  64/1424 [>.............................] - ETA: 24s - loss: 0.6864 - acc: 0.5938
  96/1424 [=>............................] - ETA: 23s - loss: 0.6881 - acc: 0.5729
 128/1424 [=>............................] - ETA: 22s - loss: 0.6883 - acc: 0.5703
 160/1424 [==>...........................] - ETA: 22s - loss: 0.6874 - acc: 0.5813
 192/1424 [===>..........................] - ETA: 21s - loss: 0.6893 - acc: 0.5573
 224/1424 [===>..........................] - ETA: 21s - loss: 0.6904 - acc: 0.5446
 256/1424 [====>.........................] - ETA: 20s - loss: 0.6898 - acc: 0.5508
 288/1424 [=====>........................] - ETA: 20s - loss: 0.6894 - acc: 0.5556
 320/1424 [=====>........................] - ETA: 19s - loss: 0.6909 - acc: 0.5375
 352/1424 [======>.......................] - ETA: 19s - loss: 0.6910 - acc: 0.5369
 384/1424 [=======>......................] - ETA: 18s - loss: 0.6917 - acc: 0.5286
 416/1424 [=======>......................] - ETA: 17s - loss: 0.6927 - acc: 0.5168
 448/1424 [========>.....................] - ETA: 17s - loss: 0.6924 - acc: 0.5201
 480/1424 [=========>....................] - ETA: 16s - loss: 0.6932 - acc: 0.5104
 512/1424 [=========>....................] - ETA: 16s - loss: 0.6929 - acc: 0.5137
 544/1424 [==========>...................] - ETA: 15s - loss: 0.6928 - acc: 0.5147
 576/1424 [===========>..................] - ETA: 15s - loss: 0.6932 - acc: 0.5104
 608/1424 [===========>..................] - ETA: 14s - loss: 0.6932 - acc: 0.5099
 640/1424 [============>.................] - ETA: 13s - loss: 0.6928 - acc: 0.5156
 672/1424 [=============>................] - ETA: 13s - loss: 0.6932 - acc: 0.5104
 704/1424 [=============>................] - ETA: 12s - loss: 0.6931 - acc: 0.5114
 736/1424 [==============>...............] - ETA: 12s - loss: 0.6931 - acc: 0.5109
 768/1424 [===============>..............] - ETA: 11s - loss: 0.6929 - acc: 0.5143
 800/1424 [===============>..............] - ETA: 11s - loss: 0.6928 - acc: 0.5150
 832/1424 [================>.............] - ETA: 10s - loss: 0.6927 - acc: 0.5156
 864/1424 [=================>............] - ETA: 9s - loss: 0.6930 - acc: 0.5127 
 896/1424 [=================>............] - ETA: 9s - loss: 0.6929 - acc: 0.5134
 928/1424 [==================>...........] - ETA: 8s - loss: 0.6931 - acc: 0.5108
 960/1424 [===================>..........] - ETA: 8s - loss: 0.6933 - acc: 0.5083
 992/1424 [===================>..........] - ETA: 7s - loss: 0.6936 - acc: 0.5050
1024/1424 [====================>.........] - ETA: 7s - loss: 0.6936 - acc: 0.5049
1056/1424 [=====================>........] - ETA: 6s - loss: 0.6934 - acc: 0.5076
1088/1424 [=====================>........] - ETA: 5s - loss: 0.6937 - acc: 0.5037
1120/1424 [======================>.......] - ETA: 5s - loss: 0.6939 - acc: 0.5018
1152/1424 [=======================>......] - ETA: 4s - loss: 0.6939 - acc: 0.5017
1184/1424 [=======================>......] - ETA: 4s - loss: 0.6939 - acc: 0.5008
1216/1424 [========================>.....] - ETA: 3s - loss: 0.6940 - acc: 0.5000
1248/1424 [=========================>....] - ETA: 3s - loss: 0.6940 - acc: 0.5000
1280/1424 [=========================>....] - ETA: 2s - loss: 0.6939 - acc: 0.5008
1312/1424 [==========================>...] - ETA: 1s - loss: 0.6941 - acc: 0.4985
1344/1424 [===========================>..] - ETA: 1s - loss: 0.6939 - acc: 0.5007
1376/1424 [===========================>..] - ETA: 0s - loss: 0.6942 - acc: 0.4978
1408/1424 [============================>.] - ETA: 0s - loss: 0.6939 - acc: 0.5014
1424/1424 [==============================] - 28s 20ms/step - loss: 0.6940 - acc: 0.5000 - val_loss: 0.6939 - val_acc: 0.5000
Epoch 12/1000

  32/1424 [..............................] - ETA: 24s - loss: 0.6939 - acc: 0.5000
  64/1424 [>.............................] - ETA: 24s - loss: 0.6975 - acc: 0.4531
  96/1424 [=>............................] - ETA: 23s - loss: 0.6978 - acc: 0.4479
 128/1424 [=>............................] - ETA: 23s - loss: 0.6980 - acc: 0.4453
 160/1424 [==>...........................] - ETA: 22s - loss: 0.6953 - acc: 0.4813
 192/1424 [===>..........................] - ETA: 21s - loss: 0.6962 - acc: 0.4688
 224/1424 [===>..........................] - ETA: 21s - loss: 0.6975 - acc: 0.4509
 256/1424 [====>.........................] - ETA: 20s - loss: 0.6979 - acc: 0.4453
 288/1424 [=====>........................] - ETA: 20s - loss: 0.6977 - acc: 0.4479
 320/1424 [=====>........................] - ETA: 19s - loss: 0.6971 - acc: 0.4562
 352/1424 [======>.......................] - ETA: 19s - loss: 0.6974 - acc: 0.4517
 384/1424 [=======>......................] - ETA: 18s - loss: 0.6975 - acc: 0.4505
 416/1424 [=======>......................] - ETA: 17s - loss: 0.6970 - acc: 0.4567
 448/1424 [========>.....................] - ETA: 17s - loss: 0.6968 - acc: 0.4598
 480/1424 [=========>....................] - ETA: 16s - loss: 0.6963 - acc: 0.4667
 512/1424 [=========>....................] - ETA: 16s - loss: 0.6966 - acc: 0.4629
 544/1424 [==========>...................] - ETA: 15s - loss: 0.6956 - acc: 0.4761
 576/1424 [===========>..................] - ETA: 15s - loss: 0.6953 - acc: 0.4809
 608/1424 [===========>..................] - ETA: 14s - loss: 0.6957 - acc: 0.4753
 640/1424 [============>.................] - ETA: 13s - loss: 0.6958 - acc: 0.4734
 672/1424 [=============>................] - ETA: 13s - loss: 0.6949 - acc: 0.4866
 704/1424 [=============>................] - ETA: 12s - loss: 0.6948 - acc: 0.4872
 736/1424 [==============>...............] - ETA: 12s - loss: 0.6949 - acc: 0.4864
 768/1424 [===============>..............] - ETA: 11s - loss: 0.6947 - acc: 0.4883
 800/1424 [===============>..............] - ETA: 11s - loss: 0.6944 - acc: 0.4938
 832/1424 [================>.............] - ETA: 10s - loss: 0.6942 - acc: 0.4952
 864/1424 [=================>............] - ETA: 9s - loss: 0.6942 - acc: 0.4954 
 896/1424 [=================>............] - ETA: 9s - loss: 0.6942 - acc: 0.4955
 928/1424 [==================>...........] - ETA: 8s - loss: 0.6939 - acc: 0.5000
 960/1424 [===================>..........] - ETA: 8s - loss: 0.6943 - acc: 0.4938
 992/1424 [===================>..........] - ETA: 7s - loss: 0.6941 - acc: 0.4970
1024/1424 [====================>.........] - ETA: 7s - loss: 0.6943 - acc: 0.4941
1056/1424 [=====================>........] - ETA: 6s - loss: 0.6943 - acc: 0.4943
1088/1424 [=====================>........] - ETA: 5s - loss: 0.6939 - acc: 0.4991
1120/1424 [======================>.......] - ETA: 5s - loss: 0.6939 - acc: 0.5000
1152/1424 [=======================>......] - ETA: 4s - loss: 0.6939 - acc: 0.5000
1184/1424 [=======================>......] - ETA: 4s - loss: 0.6937 - acc: 0.5017
1216/1424 [========================>.....] - ETA: 3s - loss: 0.6936 - acc: 0.5033
1248/1424 [=========================>....] - ETA: 3s - loss: 0.6937 - acc: 0.5024
1280/1424 [=========================>....] - ETA: 2s - loss: 0.6936 - acc: 0.5031
1312/1424 [==========================>...] - ETA: 1s - loss: 0.6936 - acc: 0.5038
1344/1424 [===========================>..] - ETA: 1s - loss: 0.6936 - acc: 0.5030
1376/1424 [===========================>..] - ETA: 0s - loss: 0.6935 - acc: 0.5051
1408/1424 [============================>.] - ETA: 0s - loss: 0.6936 - acc: 0.5028
1424/1424 [==============================] - 28s 20ms/step - loss: 0.6938 - acc: 0.5000 - val_loss: 0.6937 - val_acc: 0.5000
Epoch 13/1000

  32/1424 [..............................] - ETA: 24s - loss: 0.6937 - acc: 0.5000
  64/1424 [>.............................] - ETA: 24s - loss: 0.6947 - acc: 0.4844
  96/1424 [=>............................] - ETA: 23s - loss: 0.6937 - acc: 0.5000
 128/1424 [=>............................] - ETA: 23s - loss: 0.6922 - acc: 0.5234
 160/1424 [==>...........................] - ETA: 22s - loss: 0.6912 - acc: 0.5375
 192/1424 [===>..........................] - ETA: 21s - loss: 0.6916 - acc: 0.5312
 224/1424 [===>..........................] - ETA: 21s - loss: 0.6922 - acc: 0.5223
 256/1424 [====>.........................] - ETA: 20s - loss: 0.6932 - acc: 0.5078
 288/1424 [=====>........................] - ETA: 20s - loss: 0.6937 - acc: 0.5000
 320/1424 [=====>........................] - ETA: 19s - loss: 0.6933 - acc: 0.5062
 352/1424 [======>.......................] - ETA: 19s - loss: 0.6933 - acc: 0.5057
 384/1424 [=======>......................] - ETA: 18s - loss: 0.6937 - acc: 0.5000
 416/1424 [=======>......................] - ETA: 17s - loss: 0.6935 - acc: 0.5024
 448/1424 [========>.....................] - ETA: 17s - loss: 0.6934 - acc: 0.5045
 480/1424 [=========>....................] - ETA: 16s - loss: 0.6930 - acc: 0.5104
 512/1424 [=========>....................] - ETA: 16s - loss: 0.6924 - acc: 0.5195
 544/1424 [==========>...................] - ETA: 15s - loss: 0.6924 - acc: 0.5202
 576/1424 [===========>..................] - ETA: 15s - loss: 0.6922 - acc: 0.5226
 608/1424 [===========>..................] - ETA: 14s - loss: 0.6928 - acc: 0.5132
 640/1424 [============>.................] - ETA: 13s - loss: 0.6931 - acc: 0.5094
 672/1424 [=============>................] - ETA: 13s - loss: 0.6930 - acc: 0.5104
 704/1424 [=============>................] - ETA: 12s - loss: 0.6931 - acc: 0.5085
 736/1424 [==============>...............] - ETA: 12s - loss: 0.6934 - acc: 0.5041
 768/1424 [===============>..............] - ETA: 11s - loss: 0.6933 - acc: 0.5052
 800/1424 [===============>..............] - ETA: 11s - loss: 0.6934 - acc: 0.5038
 832/1424 [================>.............] - ETA: 10s - loss: 0.6938 - acc: 0.4976
 864/1424 [=================>............] - ETA: 9s - loss: 0.6934 - acc: 0.5046 
 896/1424 [=================>............] - ETA: 9s - loss: 0.6936 - acc: 0.5011
 928/1424 [==================>...........] - ETA: 8s - loss: 0.6935 - acc: 0.5032
 960/1424 [===================>..........] - ETA: 8s - loss: 0.6934 - acc: 0.5042
 992/1424 [===================>..........] - ETA: 7s - loss: 0.6935 - acc: 0.5020
1024/1424 [====================>.........] - ETA: 7s - loss: 0.6933 - acc: 0.5059
1056/1424 [=====================>........] - ETA: 6s - loss: 0.6932 - acc: 0.5066
1088/1424 [=====================>........] - ETA: 5s - loss: 0.6931 - acc: 0.5092
1120/1424 [======================>.......] - ETA: 5s - loss: 0.6932 - acc: 0.5080
1152/1424 [=======================>......] - ETA: 4s - loss: 0.6933 - acc: 0.5061
1184/1424 [=======================>......] - ETA: 4s - loss: 0.6935 - acc: 0.5017
1216/1424 [========================>.....] - ETA: 3s - loss: 0.6934 - acc: 0.5041
1248/1424 [=========================>....] - ETA: 3s - loss: 0.6934 - acc: 0.5048
1280/1424 [=========================>....] - ETA: 2s - loss: 0.6932 - acc: 0.5070
1312/1424 [==========================>...] - ETA: 1s - loss: 0.6933 - acc: 0.5053
1344/1424 [===========================>..] - ETA: 1s - loss: 0.6934 - acc: 0.5045
1376/1424 [===========================>..] - ETA: 0s - loss: 0.6936 - acc: 0.5015
1408/1424 [============================>.] - ETA: 0s - loss: 0.6936 - acc: 0.5000
1424/1424 [==============================] - 28s 20ms/step - loss: 0.6936 - acc: 0.5000 - val_loss: 0.6936 - val_acc: 0.5000
Epoch 14/1000

  32/1424 [..............................] - ETA: 24s - loss: 0.6973 - acc: 0.4375
  64/1424 [>.............................] - ETA: 24s - loss: 0.6955 - acc: 0.4688
  96/1424 [=>............................] - ETA: 23s - loss: 0.6954 - acc: 0.4688
 128/1424 [=>............................] - ETA: 23s - loss: 0.6945 - acc: 0.4844
 160/1424 [==>...........................] - ETA: 22s - loss: 0.6932 - acc: 0.5062
 192/1424 [===>..........................] - ETA: 21s - loss: 0.6933 - acc: 0.5052
 224/1424 [===>..........................] - ETA: 21s - loss: 0.6931 - acc: 0.5089
 256/1424 [====>.........................] - ETA: 20s - loss: 0.6927 - acc: 0.5156
 288/1424 [=====>........................] - ETA: 20s - loss: 0.6926 - acc: 0.5174
 320/1424 [=====>........................] - ETA: 19s - loss: 0.6927 - acc: 0.5156
 352/1424 [======>.......................] - ETA: 19s - loss: 0.6931 - acc: 0.5085
 384/1424 [=======>......................] - ETA: 18s - loss: 0.6937 - acc: 0.4974
 416/1424 [=======>......................] - ETA: 17s - loss: 0.6936 - acc: 0.5000
 448/1424 [========>.....................] - ETA: 17s - loss: 0.6934 - acc: 0.5022
 480/1424 [=========>....................] - ETA: 16s - loss: 0.6939 - acc: 0.4938
 512/1424 [=========>....................] - ETA: 16s - loss: 0.6936 - acc: 0.5000
 544/1424 [==========>...................] - ETA: 15s - loss: 0.6934 - acc: 0.5037
 576/1424 [===========>..................] - ETA: 15s - loss: 0.6932 - acc: 0.5069
 608/1424 [===========>..................] - ETA: 14s - loss: 0.6934 - acc: 0.5033
 640/1424 [============>.................] - ETA: 13s - loss: 0.6936 - acc: 0.4984
 672/1424 [=============>................] - ETA: 13s - loss: 0.6934 - acc: 0.5030
 704/1424 [=============>................] - ETA: 12s - loss: 0.6933 - acc: 0.5043
 736/1424 [==============>...............] - ETA: 12s - loss: 0.6934 - acc: 0.5027
 768/1424 [===============>..............] - ETA: 11s - loss: 0.6936 - acc: 0.5000
 800/1424 [===============>..............] - ETA: 11s - loss: 0.6936 - acc: 0.5000
 832/1424 [================>.............] - ETA: 10s - loss: 0.6934 - acc: 0.5036
 864/1424 [=================>............] - ETA: 9s - loss: 0.6934 - acc: 0.5023 
 896/1424 [=================>............] - ETA: 9s - loss: 0.6932 - acc: 0.5056
 928/1424 [==================>...........] - ETA: 8s - loss: 0.6934 - acc: 0.5022
 960/1424 [===================>..........] - ETA: 8s - loss: 0.6935 - acc: 0.5010
 992/1424 [===================>..........] - ETA: 7s - loss: 0.6934 - acc: 0.5030
1024/1424 [====================>.........] - ETA: 7s - loss: 0.6937 - acc: 0.4980
1056/1424 [=====================>........] - ETA: 6s - loss: 0.6937 - acc: 0.4962
1088/1424 [=====================>........] - ETA: 5s - loss: 0.6940 - acc: 0.4917
1120/1424 [======================>.......] - ETA: 5s - loss: 0.6940 - acc: 0.4911
1152/1424 [=======================>......] - ETA: 4s - loss: 0.6936 - acc: 0.4991
1184/1424 [=======================>......] - ETA: 4s - loss: 0.6935 - acc: 0.5000
1216/1424 [========================>.....] - ETA: 3s - loss: 0.6936 - acc: 0.4984
1248/1424 [=========================>....] - ETA: 3s - loss: 0.6936 - acc: 0.4984
1280/1424 [=========================>....] - ETA: 2s - loss: 0.6937 - acc: 0.4969
1312/1424 [==========================>...] - ETA: 1s - loss: 0.6936 - acc: 0.4992
1344/1424 [===========================>..] - ETA: 1s - loss: 0.6936 - acc: 0.4993
1376/1424 [===========================>..] - ETA: 0s - loss: 0.6936 - acc: 0.4993
1408/1424 [============================>.] - ETA: 0s - loss: 0.6936 - acc: 0.4993
1424/1424 [==============================] - 28s 20ms/step - loss: 0.6935 - acc: 0.5000 - val_loss: 0.6935 - val_acc: 0.5000
Epoch 15/1000

  32/1424 [..............................] - ETA: 24s - loss: 0.6935 - acc: 0.5000
  64/1424 [>.............................] - ETA: 24s - loss: 0.6943 - acc: 0.4844
  96/1424 [=>............................] - ETA: 23s - loss: 0.6935 - acc: 0.5000
 128/1424 [=>............................] - ETA: 22s - loss: 0.6927 - acc: 0.5156
 160/1424 [==>...........................] - ETA: 22s - loss: 0.6922 - acc: 0.5250
 192/1424 [===>..........................] - ETA: 21s - loss: 0.6924 - acc: 0.5208
 224/1424 [===>..........................] - ETA: 21s - loss: 0.6919 - acc: 0.5312
 256/1424 [====>.........................] - ETA: 20s - loss: 0.6925 - acc: 0.5195
 288/1424 [=====>........................] - ETA: 20s - loss: 0.6924 - acc: 0.5208
 320/1424 [=====>........................] - ETA: 19s - loss: 0.6920 - acc: 0.5281
 352/1424 [======>.......................] - ETA: 19s - loss: 0.6919 - acc: 0.5312
 384/1424 [=======>......................] - ETA: 18s - loss: 0.6921 - acc: 0.5260
 416/1424 [=======>......................] - ETA: 17s - loss: 0.6927 - acc: 0.5144
 448/1424 [========>.....................] - ETA: 17s - loss: 0.6925 - acc: 0.5201
 480/1424 [=========>....................] - ETA: 16s - loss: 0.6926 - acc: 0.5167
 512/1424 [=========>....................] - ETA: 16s - loss: 0.6928 - acc: 0.5137
 544/1424 [==========>...................] - ETA: 15s - loss: 0.6924 - acc: 0.5221
 576/1424 [===========>..................] - ETA: 15s - loss: 0.6925 - acc: 0.5191
 608/1424 [===========>..................] - ETA: 14s - loss: 0.6922 - acc: 0.5247
 640/1424 [============>.................] - ETA: 13s - loss: 0.6928 - acc: 0.5141
 672/1424 [=============>................] - ETA: 13s - loss: 0.6929 - acc: 0.5119
 704/1424 [=============>................] - ETA: 12s - loss: 0.6930 - acc: 0.5085
 736/1424 [==============>...............] - ETA: 12s - loss: 0.6931 - acc: 0.5068
 768/1424 [===============>..............] - ETA: 11s - loss: 0.6931 - acc: 0.5065
 800/1424 [===============>..............] - ETA: 11s - loss: 0.6931 - acc: 0.5075
 832/1424 [================>.............] - ETA: 10s - loss: 0.6932 - acc: 0.5060
 864/1424 [=================>............] - ETA: 9s - loss: 0.6930 - acc: 0.5093 
 896/1424 [=================>............] - ETA: 9s - loss: 0.6932 - acc: 0.5056
 928/1424 [==================>...........] - ETA: 8s - loss: 0.6933 - acc: 0.5043
 960/1424 [===================>..........] - ETA: 8s - loss: 0.6933 - acc: 0.5042
 992/1424 [===================>..........] - ETA: 7s - loss: 0.6934 - acc: 0.5010
1024/1424 [====================>.........] - ETA: 7s - loss: 0.6936 - acc: 0.4980
1056/1424 [=====================>........] - ETA: 6s - loss: 0.6936 - acc: 0.4981
1088/1424 [=====================>........] - ETA: 5s - loss: 0.6935 - acc: 0.5000
1120/1424 [======================>.......] - ETA: 5s - loss: 0.6933 - acc: 0.5036
1152/1424 [=======================>......] - ETA: 4s - loss: 0.6933 - acc: 0.5026
1184/1424 [=======================>......] - ETA: 4s - loss: 0.6932 - acc: 0.5051
1216/1424 [========================>.....] - ETA: 3s - loss: 0.6935 - acc: 0.5000
1248/1424 [=========================>....] - ETA: 3s - loss: 0.6936 - acc: 0.4976
1280/1424 [=========================>....] - ETA: 2s - loss: 0.6937 - acc: 0.4953
1312/1424 [==========================>...] - ETA: 1s - loss: 0.6935 - acc: 0.5000
1344/1424 [===========================>..] - ETA: 1s - loss: 0.6934 - acc: 0.5022
1376/1424 [===========================>..] - ETA: 0s - loss: 0.6934 - acc: 0.5015
1408/1424 [============================>.] - ETA: 0s - loss: 0.6934 - acc: 0.5007
1424/1424 [==============================] - 28s 20ms/step - loss: 0.6935 - acc: 0.5000 - val_loss: 0.6934 - val_acc: 0.5000

  32/1424 [..............................] - ETA: 5s
  64/1424 [>.............................] - ETA: 4s
  96/1424 [=>............................] - ETA: 4s
 128/1424 [=>............................] - ETA: 4s
 160/1424 [==>...........................] - ETA: 4s
 192/1424 [===>..........................] - ETA: 4s
 224/1424 [===>..........................] - ETA: 4s
 256/1424 [====>.........................] - ETA: 4s
 288/1424 [=====>........................] - ETA: 4s
 320/1424 [=====>........................] - ETA: 3s
 352/1424 [======>.......................] - ETA: 3s
 384/1424 [=======>......................] - ETA: 3s
 416/1424 [=======>......................] - ETA: 3s
 448/1424 [========>.....................] - ETA: 3s
 480/1424 [=========>....................] - ETA: 3s
 512/1424 [=========>....................] - ETA: 3s
 544/1424 [==========>...................] - ETA: 3s
 576/1424 [===========>..................] - ETA: 3s
 608/1424 [===========>..................] - ETA: 2s
 640/1424 [============>.................] - ETA: 2s
 672/1424 [=============>................] - ETA: 2s
 704/1424 [=============>................] - ETA: 2s
 736/1424 [==============>...............] - ETA: 2s
 768/1424 [===============>..............] - ETA: 2s
 800/1424 [===============>..............] - ETA: 2s
 832/1424 [================>.............] - ETA: 2s
 864/1424 [=================>............] - ETA: 2s
 896/1424 [=================>............] - ETA: 1s
 928/1424 [==================>...........] - ETA: 1s
 960/1424 [===================>..........] - ETA: 1s
 992/1424 [===================>..........] - ETA: 1s
1024/1424 [====================>.........] - ETA: 1s
1056/1424 [=====================>........] - ETA: 1s
1088/1424 [=====================>........] - ETA: 1s
1120/1424 [======================>.......] - ETA: 1s
1152/1424 [=======================>......] - ETA: 0s
1184/1424 [=======================>......] - ETA: 0s
1216/1424 [========================>.....] - ETA: 0s
1248/1424 [=========================>....] - ETA: 0s
1280/1424 [=========================>....] - ETA: 0s
1312/1424 [==========================>...] - ETA: 0s
1344/1424 [===========================>..] - ETA: 0s
1376/1424 [===========================>..] - ETA: 0s
1408/1424 [============================>.] - ETA: 0s
1424/1424 [==============================] - 5s 4ms/step
Test acc: 0.8139044943820225
Test auc: 0.907268850208307
Test mcc: 0.6458249729858878
Execute epoch: 15
Execute time: 429.2025969028473
